
  Memory set to  55.879 GiB by Python driver.
  Threads set to 1 by Python driver.
Settings:
	LOT = CCSD-S2-U22
	wc = 20.0 eV
	lambda = [0.727454 0.       0.      ] a.u.
	Equivalent A0 = LAMBDA / sqrt(2 wc) = [0.6 0.  0. ])
doing QED-CCSD-Full (or QED-CCSD-22)
Number of occupied orbitals:   1
Number of basis functions:  60
SCF Iteration   1: Energy = 3.7100018014733309 dE =  3.71000E+00
SCF Iteration   2: Energy = 4.0515486416487168 dE =  3.41547E-01
SCF Iteration   3: Energy = 3.8746593916172474 dE = -1.76889E-01
SCF Iteration   4: Energy = 4.0489820372182450 dE =  1.74323E-01
SCF Iteration   5: Energy = 3.9622361406765321 dE = -8.67459E-02
SCF Iteration   6: Energy = 4.0612733854080236 dE =  9.90372E-02
SCF Iteration   7: Energy = 4.0048308499767105 dE = -5.64425E-02
SCF Iteration   8: Energy = 4.0697595247073171 dE =  6.49287E-02
SCF Iteration   9: Energy = 4.0252972104366425 dE = -4.44623E-02
SCF Iteration  10: Energy = 4.0734849098966741 dE =  4.81877E-02
SCF Iteration  11: Energy = 4.0343172115397925 dE = -3.91677E-02
SCF Iteration  12: Energy = 4.0737214441955114 dE =  3.94042E-02
SCF Iteration  13: Energy = 4.0371405129727256 dE = -3.65809E-02
SCF Iteration  14: Energy = 4.0717687296217573 dE =  3.46282E-02
SCF Iteration  15: Energy = 4.0365976277566373 dE = -3.51711E-02
SCF Iteration  16: Energy = 4.0686220111331162 dE =  3.20244E-02
SCF Iteration  17: Energy = 4.0343131379185646 dE = -3.43089E-02
SCF Iteration  18: Energy = 4.0649653056565231 dE =  3.06522E-02
SCF Iteration  19: Energy = 4.0312414677917063 dE = -3.37238E-02
SCF Iteration  20: Energy = 4.0612333468116955 dE =  2.99919E-02
SCF Iteration  21: Energy = 4.0279388106102809 dE = -3.32945E-02
SCF Iteration  22: Energy = 4.0576808733654763 dE =  2.97421E-02
SCF Iteration  23: Energy = 4.0247178030161281 dE = -3.29631E-02
SCF Iteration  24: Energy = 4.0544410380276217 dE =  2.97232E-02
SCF Iteration  25: Energy = 4.0217415991311141 dE = -3.26994E-02
SCF Iteration  26: Energy = 4.0515691867693411 dE =  2.98276E-02
SCF Iteration  27: Energy = 4.0190828191237484 dE = -3.24864E-02
SCF Iteration  28: Energy = 4.0490735106048641 dE =  2.99907E-02
SCF Iteration  29: Energy = 4.0167607661285274 dE = -3.23127E-02
SCF Iteration  30: Energy = 4.0469355105392042 dE =  3.01747E-02
SCF Iteration  31: Energy = 4.0147648002199192 dE = -3.21707E-02
SCF Iteration  32: Energy = 4.0451231377185941 dE =  3.03583E-02
SCF Iteration  33: Energy = 4.0130688173085183 dE = -3.20543E-02
SCF Iteration  34: Energy = 4.0435989126812881 dE =  3.05301E-02
SCF Iteration  35: Energy = 4.0116400236756240 dE = -3.19589E-02
SCF Iteration  36: Energy = 4.0423247196026111 dE =  3.06847E-02
SCF Iteration  37: Energy = 4.0104440815726505 dE = -3.18806E-02
SCF Iteration  38: Energy = 4.0412644609039248 dE =  3.08204E-02
SCF Iteration  39: Energy = 4.0094479748005689 dE = -3.18165E-02
SCF Iteration  40: Energy = 4.0403853729558952 dE =  3.09374E-02
SCF Iteration  41: Energy = 4.0086214662063622 dE = -3.17639E-02
SCF Iteration  42: Energy = 4.0396585302501773 dE =  3.10371E-02
SCF Iteration  43: Energy = 4.0079377060811829 dE = -3.17208E-02
SCF Iteration  44: Energy = 4.0390588780277401 dE =  3.11212E-02
SCF Iteration  45: Energy = 4.0073733460204606 dE = -3.16855E-02
SCF Iteration  46: Energy = 4.0385650080356958 dE =  3.11917E-02
SCF Iteration  47: Energy = 4.0069083801098406 dE = -3.16566E-02
SCF Iteration  48: Energy = 4.0381588098436438 dE =  3.12504E-02
SCF Iteration  49: Energy = 4.0065258498106218 dE = -3.16330E-02
SCF Iteration  50: Energy = 4.0378250770418092 dE =  3.12992E-02
SCF Iteration  51: Energy = 4.0062114943259743 dE = -3.16136E-02
SCF Iteration  52: Energy = 4.0375511138837972 dE =  3.13396E-02
SCF Iteration  53: Energy = 4.0059533937433587 dE = -3.15977E-02
SCF Iteration  54: Energy = 4.0373263668467878 dE =  3.13730E-02
SCF Iteration  55: Energy = 4.0057416307568090 dE = -3.15847E-02
SCF Iteration  56: Energy = 4.0371420926861816 dE =  3.14005E-02
SCF Iteration  57: Energy = 4.0055679836230365 dE = -3.15741E-02
SCF Iteration  58: Energy = 4.0369910669018889 dE =  3.14231E-02
SCF Iteration  59: Energy = 4.0054256551596898 dE = -3.15654E-02
SCF Iteration  60: Energy = 4.0368673321753485 dE =  3.14417E-02
SCF Iteration  61: Energy = 4.0053090380900427 dE = -3.15583E-02
SCF Iteration  62: Energy = 4.0367659840272188 dE =  3.14569E-02
SCF Iteration  63: Energy = 4.0052135146076830 dE = -3.15525E-02
SCF Iteration  64: Energy = 4.0366829898814069 dE =  3.14695E-02
SCF Iteration  65: Energy = 4.0051352868678727 dE = -3.15477E-02
SCF Iteration  66: Energy = 4.0366150373910976 dE =  3.14798E-02
SCF Iteration  67: Energy = 4.0050712346956896 dE = -3.15438E-02
SCF Iteration  68: Energy = 4.0365594079672880 dE =  3.14882E-02
SCF Iteration  69: Energy = 4.0050187968120756 dE = -3.15406E-02
SCF Iteration  70: Energy = 4.0365138717509081 dE =  3.14951E-02
SCF Iteration  71: Energy = 4.0049758721179405 dE = -3.15380E-02
SCF Iteration  72: Energy = 4.0364766006675827 dE =  3.15007E-02
SCF Iteration  73: Energy = 4.0049407379224062 dE = -3.15359E-02
SCF Iteration  74: Energy = 4.0364460966285280 dE =  3.15054E-02
SCF Iteration  75: Energy = 4.0049119823825103 dE = -3.15341E-02
SCF Iteration  76: Energy = 4.0364211323530785 dE =  3.15091E-02
SCF Iteration  77: Energy = 4.0048884487978471 dE = -3.15327E-02
SCF Iteration  78: Energy = 4.0364007026680708 dE =  3.15123E-02
SCF Iteration  79: Energy = 4.0048691897531485 dE = -3.15315E-02
SCF Iteration  80: Energy = 4.0363839844767053 dE =  3.15148E-02
SCF Iteration  81: Energy = 4.0048534294152924 dE = -3.15306E-02
SCF Iteration  82: Energy = 4.0363703038850209 dE =  3.15169E-02
SCF Iteration  83: Energy = 4.0048405325655114 dE = -3.15298E-02
SCF Iteration  84: Energy = 4.0363591092259465 dE =  3.15186E-02
SCF Iteration  85: Energy = 4.0048299791835831 dE = -3.15291E-02
SCF Iteration  86: Energy = 4.0363499489363051 dE =  3.15200E-02
SCF Iteration  87: Energy = 4.0048213436016677 dE = -3.15286E-02
SCF Iteration  88: Energy = 4.0363424534221632 dE =  3.15211E-02
SCF Iteration  89: Energy = 4.0048142774146465 dE = -3.15282E-02
SCF Iteration  90: Energy = 4.0363363201988749 dE =  3.15220E-02
SCF Iteration  91: Energy = 4.0048084954755439 dE = -3.15278E-02
SCF Iteration  92: Energy = 4.0363313017184570 dE =  3.15228E-02
SCF Iteration  93: Energy = 4.0048037644226788 dE = -3.15275E-02
SCF Iteration  94: Energy = 4.0363271954003954 dE =  3.15234E-02
SCF Iteration  95: Energy = 4.0047998932832050 dE = -3.15273E-02
SCF Iteration  96: Energy = 4.0363238354685995 dE =  3.15239E-02
SCF Iteration  97: Energy = 4.0047967257788182 dE = -3.15271E-02
SCF Iteration  98: Energy = 4.0363210862684769 dE =  3.15244E-02
SCF Iteration  99: Energy = 4.0047941340261914 dE = -3.15270E-02
SCF Iteration 100: Energy = 4.0363188367960614 dE =  3.15247E-02
SCF Iteration 101: Energy = 4.0047920133800350 dE = -3.15268E-02
SCF Iteration 102: Energy = 4.0363169962201599 dE =  3.15250E-02
SCF Iteration 103: Energy = 4.0047902782120053 dE = -3.15267E-02
SCF Iteration 104: Energy = 4.0363154902173539 dE =  3.15252E-02
SCF Iteration 105: Energy = 4.0047888584556981 dE = -3.15266E-02
SCF Iteration 106: Energy = 4.0363142579724638 dE =  3.15254E-02
SCF Iteration 107: Energy = 4.0047876967791263 dE = -3.15266E-02
SCF Iteration 108: Energy = 4.0363132497238485 dE =  3.15256E-02
SCF Iteration 109: Energy = 4.0047867462706828 dE = -3.15265E-02
SCF Iteration 110: Energy = 4.0363124247546596 dE =  3.15257E-02
SCF Iteration 111: Energy = 4.0047859685454634 dE = -3.15265E-02
SCF Iteration 112: Energy = 4.0363117497489993 dE =  3.15258E-02
SCF Iteration 113: Energy = 4.0047853321955849 dE = -3.15264E-02
SCF Iteration 114: Energy = 4.0363111974467971 dE =  3.15259E-02
SCF Iteration 115: Energy = 4.0047848115221871 dE = -3.15264E-02
SCF Iteration 116: Energy = 4.0363107455431306 dE =  3.15259E-02
SCF Iteration 117: Energy = 4.0047843854977048 dE = -3.15264E-02
SCF Iteration 118: Energy = 4.0363103757875347 dE =  3.15260E-02
SCF Iteration 119: Energy = 4.0047840369168952 dE = -3.15263E-02
SCF Iteration 120: Energy = 4.0363100732470549 dE =  3.15260E-02
SCF Iteration 121: Energy = 4.0047837517019671 dE = -3.15263E-02
SCF Iteration 122: Energy = 4.0363098257032526 dE =  3.15261E-02
SCF Iteration 123: Energy = 4.0047835183341993 dE = -3.15263E-02
SCF Iteration 124: Energy = 4.0363096231586955 dE =  3.15261E-02
SCF Iteration 125: Energy = 4.0047833273887283 dE = -3.15263E-02
SCF Iteration 126: Energy = 4.0363094574333456 dE =  3.15261E-02
SCF Iteration 127: Energy = 4.0047831711539255 dE = -3.15263E-02
SCF Iteration 128: Energy = 4.0363093218340964 dE =  3.15262E-02
SCF Iteration 129: Energy = 4.0047830433199918 dE = -3.15263E-02
SCF Iteration 130: Energy = 4.0363092108845429 dE =  3.15262E-02
SCF Iteration 131: Energy = 4.0047829387241469 dE = -3.15263E-02
SCF Iteration 132: Energy = 4.0363091201037902 dE =  3.15262E-02
SCF Iteration 133: Energy = 4.0047828531421077 dE = -3.15263E-02
SCF Iteration 134: Energy = 4.0363090458254902 dE =  3.15262E-02
SCF Iteration 135: Energy = 4.0047827831174647 dE = -3.15263E-02
SCF Iteration 136: Energy = 4.0363089850497538 dE =  3.15262E-02
SCF Iteration 137: Energy = 4.0047827258221602 dE = -3.15263E-02
SCF Iteration 138: Energy = 4.0363089353220616 dE =  3.15262E-02
SCF Iteration 139: Energy = 4.0047826789421945 dE = -3.15263E-02
SCF Iteration 140: Energy = 4.0363088946340469 dE =  3.15262E-02
SCF Iteration 141: Energy = 4.0047826405842537 dE = -3.15263E-02
SCF Iteration 142: Energy = 4.0363088613424587 dE =  3.15262E-02
SCF Iteration 143: Energy = 4.0047826091991574 dE = -3.15263E-02
SCF Iteration 144: Energy = 4.0363088341027442 dE =  3.15262E-02
SCF Iteration 145: Energy = 4.0047825835193622 dE = -3.15263E-02
SCF Iteration 146: Energy = 4.0363088118147523 dE =  3.15262E-02
SCF Iteration 147: Energy = 4.0047825625077484 dE = -3.15262E-02
SCF Iteration 148: Energy = 4.0363087935783755 dE =  3.15262E-02
SCF Iteration 149: Energy = 4.0047825453156927 dE = -3.15262E-02
SCF Iteration 150: Energy = 4.0363087786570544 dE =  3.15262E-02
SCF Iteration 151: Energy = 4.0047825312488641 dE = -3.15262E-02
SCF Iteration 152: Energy = 4.0363087664481956 dE =  3.15262E-02
SCF Iteration 153: Energy = 4.0047825197391589 dE = -3.15262E-02
SCF Iteration 154: Energy = 4.0363087564587117 dE =  3.15262E-02
SCF Iteration 155: Energy = 4.0047825103217471 dE = -3.15262E-02
SCF Iteration 156: Energy = 4.0363087482851592 dE =  3.15262E-02
SCF Iteration 157: Energy = 4.0047825026162647 dE = -3.15262E-02
SCF Iteration 158: Energy = 4.0363087415974288 dE =  3.15262E-02
SCF Iteration 159: Energy = 4.0047824963115088 dE = -3.15262E-02
SCF Iteration 160: Energy = 4.0363087361254086 dE =  3.15262E-02
SCF Iteration 161: Energy = 4.0047824911528549 dE = -3.15262E-02
SCF Iteration 162: Energy = 4.0363087316481092 dE =  3.15262E-02
SCF Iteration 163: Energy = 4.0047824869319628 dE = -3.15262E-02
SCF Iteration 164: Energy = 4.0363087279847232 dE =  3.15262E-02
SCF Iteration 165: Energy = 4.0047824834783583 dE = -3.15262E-02
SCF Iteration 166: Energy = 4.0363087249872747 dE =  3.15262E-02
SCF Iteration 167: Energy = 4.0047824806525636 dE = -3.15262E-02
SCF Iteration 168: Energy = 4.0363087225347147 dE =  3.15262E-02
SCF Iteration 169: Energy = 4.0047824783404558 dE = -3.15262E-02
SCF Iteration 170: Energy = 4.0363087205279990 dE =  3.15262E-02
SCF Iteration 171: Energy = 4.0047824764486490 dE = -3.15262E-02
SCF Iteration 172: Energy = 4.0363087188860618 dE =  3.15262E-02
SCF Iteration 173: Energy = 4.0047824749007477 dE = -3.15262E-02
SCF Iteration 174: Energy = 4.0363087175425987 dE =  3.15262E-02
SCF Iteration 175: Energy = 4.0047824736342248 dE = -3.15262E-02
SCF Iteration 176: Energy = 4.0363087164433598 dE =  3.15262E-02
SCF Iteration 177: Energy = 4.0047824725979391 dE = -3.15262E-02
SCF Iteration 178: Energy = 4.0363087155439512 dE =  3.15262E-02
SCF Iteration 179: Energy = 4.0047824717500244 dE = -3.15262E-02
SCF Iteration 180: Energy = 4.0363087148080359 dE =  3.15262E-02
SCF Iteration 181: Energy = 4.0047824710562505 dE = -3.15262E-02
SCF Iteration 182: Energy = 4.0363087142058900 dE =  3.15262E-02
SCF Iteration 183: Energy = 4.0047824704885953 dE = -3.15262E-02
SCF Iteration 184: Energy = 4.0363087137132156 dE =  3.15262E-02
SCF Iteration 185: Energy = 4.0047824700241250 dE = -3.15262E-02
SCF Iteration 186: Energy = 4.0363087133100972 dE =  3.15262E-02
SCF Iteration 187: Energy = 4.0047824696441001 dE = -3.15262E-02
SCF Iteration 188: Energy = 4.0363087129802553 dE =  3.15262E-02
SCF Iteration 189: Energy = 4.0047824693331471 dE = -3.15262E-02
SCF Iteration 190: Energy = 4.0363087127103823 dE =  3.15262E-02
SCF Iteration 191: Energy = 4.0047824690787284 dE = -3.15262E-02
SCF Iteration 192: Energy = 4.0363087124895616 dE =  3.15262E-02
SCF Iteration 193: Energy = 4.0047824688705491 dE = -3.15262E-02
SCF Iteration 194: Energy = 4.0363087123088892 dE =  3.15262E-02
SCF Iteration 195: Energy = 4.0047824687002187 dE = -3.15262E-02
SCF Iteration 196: Energy = 4.0363087121610564 dE =  3.15262E-02
SCF Iteration 197: Energy = 4.0047824685608591 dE = -3.15262E-02
SCF Iteration 198: Energy = 4.0363087120400918 dE =  3.15262E-02
SCF Iteration 199: Energy = 4.0047824684468285 dE = -3.15262E-02
SCF Iteration 200: Energy = 4.0363087119411221 dE =  3.15262E-02
SCF Iteration 201: Energy = 4.0047824683535245 dE = -3.15262E-02
SCF Iteration 202: Energy = 4.0363087118601468 dE =  3.15262E-02
SCF Iteration 203: Energy = 4.0047824682771713 dE = -3.15262E-02
SCF Iteration 204: Energy = 4.0363087117938834 dE =  3.15262E-02
SCF Iteration 205: Energy = 4.0047824682147120 dE = -3.15262E-02
SCF Iteration 206: Energy = 4.0363087117396663 dE =  3.15262E-02
SCF Iteration 207: Energy = 4.0047824681636079 dE = -3.15262E-02
SCF Iteration 208: Energy = 4.0363087116953142 dE =  3.15262E-02
SCF Iteration 209: Energy = 4.0047824681217845 dE = -3.15262E-02
SCF Iteration 210: Energy = 4.0363087116590126 dE =  3.15262E-02
SCF Iteration 211: Energy = 4.0047824680875701 dE = -3.15262E-02
SCF Iteration 212: Energy = 4.0363087116293217 dE =  3.15262E-02
SCF Iteration 213: Energy = 4.0047824680595765 dE = -3.15262E-02
SCF Iteration 214: Energy = 4.0363087116050229 dE =  3.15262E-02
SCF Iteration 215: Energy = 4.0047824680366650 dE = -3.15262E-02
SCF Iteration 216: Energy = 4.0363087115851375 dE =  3.15262E-02
SCF Iteration 217: Energy = 4.0047824680179236 dE = -3.15262E-02
SCF Iteration 218: Energy = 4.0363087115688669 dE =  3.15262E-02
SCF Iteration 219: Energy = 4.0047824680025821 dE = -3.15262E-02
SCF Iteration 220: Energy = 4.0363087115555611 dE =  3.15262E-02
SCF Iteration 221: Energy = 4.0047824679900410 dE = -3.15262E-02
SCF Iteration 222: Energy = 4.0363087115446694 dE =  3.15262E-02
SCF Iteration 223: Energy = 4.0047824679797674 dE = -3.15262E-02
SCF Iteration 224: Energy = 4.0363087115357592 dE =  3.15262E-02
SCF Iteration 225: Energy = 4.0047824679713635 dE = -3.15262E-02
SCF Iteration 226: Energy = 4.0363087115284610 dE =  3.15262E-02
SCF Iteration 227: Energy = 4.0047824679644926 dE = -3.15262E-02
SCF Iteration 228: Energy = 4.0363087115224978 dE =  3.15262E-02
SCF Iteration 229: Energy = 4.0047824679588704 dE = -3.15262E-02
SCF Iteration 230: Energy = 4.0363087115176253 dE =  3.15262E-02
SCF Iteration 231: Energy = 4.0047824679542705 dE = -3.15262E-02
SCF Iteration 232: Energy = 4.0363087115136311 dE =  3.15262E-02
SCF Iteration 233: Energy = 4.0047824679505020 dE = -3.15262E-02
SCF Iteration 234: Energy = 4.0363087115103511 dE =  3.15262E-02
SCF Iteration 235: Energy = 4.0047824679474227 dE = -3.15262E-02
SCF Iteration 236: Energy = 4.0363087115076777 dE =  3.15262E-02
SCF Iteration 237: Energy = 4.0047824679448993 dE = -3.15262E-02
SCF Iteration 238: Energy = 4.0363087115054981 dE =  3.15262E-02
SCF Iteration 239: Energy = 4.0047824679428388 dE = -3.15262E-02
SCF Iteration 240: Energy = 4.0363087115037057 dE =  3.15262E-02
SCF Iteration 241: Energy = 4.0047824679411619 dE = -3.15262E-02
SCF Iteration 242: Energy = 4.0363087115022456 dE =  3.15262E-02
SCF Iteration 243: Energy = 4.0047824679397728 dE = -3.15262E-02
SCF Iteration 244: Energy = 4.0363087115010456 dE =  3.15262E-02
SCF Iteration 245: Energy = 4.0047824679386448 dE = -3.15262E-02
SCF Iteration 246: Energy = 4.0363087115000607 dE =  3.15262E-02
SCF Iteration 247: Energy = 4.0047824679377149 dE = -3.15262E-02
SCF Iteration 248: Energy = 4.0363087114992640 dE =  3.15262E-02
SCF Iteration 249: Energy = 4.0047824679369599 dE = -3.15262E-02
SCF Iteration 250: Energy = 4.0363087114986120 dE =  3.15262E-02
SCF Iteration 251: Energy = 4.0047824679363524 dE = -3.15262E-02
SCF Iteration 252: Energy = 4.0363087114980765 dE =  3.15262E-02
SCF Iteration 253: Energy = 4.0047824679358426 dE = -3.15262E-02
SCF Iteration 254: Energy = 4.0363087114976333 dE =  3.15262E-02
SCF Iteration 255: Energy = 4.0047824679354314 dE = -3.15262E-02
SCF Iteration 256: Energy = 4.0363087114972691 dE =  3.15262E-02
SCF Iteration 257: Energy = 4.0047824679350903 dE = -3.15262E-02
SCF Iteration 258: Energy = 4.0363087114969769 dE =  3.15262E-02
SCF Iteration 259: Energy = 4.0047824679348132 dE = -3.15262E-02
SCF Iteration 260: Energy = 4.0363087114967318 dE =  3.15262E-02
SCF Iteration 261: Energy = 4.0047824679345840 dE = -3.15262E-02
SCF Iteration 262: Energy = 4.0363087114965470 dE =  3.15262E-02
SCF Iteration 263: Energy = 4.0047824679343984 dE = -3.15262E-02
SCF Iteration 264: Energy = 4.0363087114963792 dE =  3.15262E-02
SCF Iteration 265: Energy = 4.0047824679342572 dE = -3.15262E-02
SCF Iteration 266: Energy = 4.0363087114962424 dE =  3.15262E-02
SCF Iteration 267: Energy = 4.0047824679341151 dE = -3.15262E-02
SCF Iteration 268: Energy = 4.0363087114961349 dE =  3.15262E-02
SCF Iteration 269: Energy = 4.0047824679340085 dE = -3.15262E-02
SCF Iteration 270: Energy = 4.0363087114960443 dE =  3.15262E-02
SCF Iteration 271: Energy = 4.0047824679339303 dE = -3.15262E-02
SCF Iteration 272: Energy = 4.0363087114959733 dE =  3.15262E-02
SCF Iteration 273: Energy = 4.0047824679338619 dE = -3.15262E-02
SCF Iteration 274: Energy = 4.0363087114959137 dE =  3.15262E-02
SCF Iteration 275: Energy = 4.0047824679338078 dE = -3.15262E-02
SCF Iteration 276: Energy = 4.0363087114958640 dE =  3.15262E-02
SCF Iteration 277: Energy = 4.0047824679337607 dE = -3.15262E-02
SCF Iteration 278: Energy = 4.0363087114958205 dE =  3.15262E-02
SCF Iteration 279: Energy = 4.0047824679337207 dE = -3.15262E-02
SCF Iteration 280: Energy = 4.0363087114957912 dE =  3.15262E-02
SCF Iteration 281: Energy = 4.0047824679336923 dE = -3.15262E-02
SCF Iteration 282: Energy = 4.0363087114957654 dE =  3.15262E-02
SCF Iteration 283: Energy = 4.0047824679336701 dE = -3.15262E-02
SCF Iteration 284: Energy = 4.0363087114957494 dE =  3.15262E-02
SCF Iteration 285: Energy = 4.0047824679336461 dE = -3.15262E-02
SCF Iteration 286: Energy = 4.0363087114957263 dE =  3.15262E-02
SCF Iteration 287: Energy = 4.0047824679336337 dE = -3.15262E-02
SCF Iteration 288: Energy = 4.0363087114957112 dE =  3.15262E-02
SCF Iteration 289: Energy = 4.0047824679336230 dE = -3.15262E-02
SCF Iteration 290: Energy = 4.0363087114957050 dE =  3.15262E-02
SCF Iteration 291: Energy = 4.0047824679336097 dE = -3.15262E-02
SCF Iteration 292: Energy = 4.0363087114957015 dE =  3.15262E-02
SCF Iteration 293: Energy = 4.0047824679336088 dE = -3.15262E-02
SCF Iteration 294: Energy = 4.0363087114956890 dE =  3.15262E-02
SCF Iteration 295: Energy = 4.0047824679335964 dE = -3.15262E-02
SCF Iteration 296: Energy = 4.0363087114956802 dE =  3.15262E-02
SCF Iteration 297: Energy = 4.0047824679335902 dE = -3.15262E-02
SCF Iteration 298: Energy = 4.0363087114956686 dE =  3.15262E-02
SCF Iteration 299: Energy = 4.0047824679335795 dE = -3.15262E-02
SCF Iteration 300: Energy = 4.0363087114956677 dE =  3.15262E-02
SCF Iteration 301: Energy = 4.0047824679335760 dE = -3.15262E-02
SCF Iteration 302: Energy = 4.0363087114956668 dE =  3.15262E-02
SCF Iteration 303: Energy = 4.0047824679335751 dE = -3.15262E-02
SCF Iteration 304: Energy = 4.0363087114956588 dE =  3.15262E-02
SCF Iteration 305: Energy = 4.0047824679335733 dE = -3.15262E-02
SCF Iteration 306: Energy = 4.0363087114956624 dE =  3.15262E-02
SCF Iteration 307: Energy = 4.0047824679335688 dE = -3.15262E-02
SCF Iteration 308: Energy = 4.0363087114956659 dE =  3.15262E-02
SCF Iteration 309: Energy = 4.0047824679335715 dE = -3.15262E-02
SCF Iteration 310: Energy = 4.0363087114956508 dE =  3.15262E-02
SCF Iteration 311: Energy = 4.0047824679335644 dE = -3.15262E-02
SCF Iteration 312: Energy = 4.0363087114956526 dE =  3.15262E-02
SCF Iteration 313: Energy = 4.0047824679335582 dE = -3.15262E-02
SCF Iteration 314: Energy = 4.0363087114956482 dE =  3.15262E-02
SCF Iteration 315: Energy = 4.0047824679335573 dE = -3.15262E-02
SCF Iteration 316: Energy = 4.0363087114956437 dE =  3.15262E-02
SCF Iteration 317: Energy = 4.0047824679335582 dE = -3.15262E-02
SCF Iteration 318: Energy = 4.0363087114956508 dE =  3.15262E-02
SCF Iteration 319: Energy = 4.0047824679335635 dE = -3.15262E-02
SCF Iteration 320: Energy = 4.0363087114956553 dE =  3.15262E-02
SCF Iteration 321: Energy = 4.0047824679335626 dE = -3.15262E-02
SCF Iteration 322: Energy = 4.0363087114956500 dE =  3.15262E-02
SCF Iteration 323: Energy = 4.0047824679335609 dE = -3.15262E-02
SCF Iteration 324: Energy = 4.0363087114956553 dE =  3.15262E-02
SCF Iteration 325: Energy = 4.0047824679335600 dE = -3.15262E-02
SCF Iteration 326: Energy = 4.0363087114956500 dE =  3.15262E-02
SCF Iteration 327: Energy = 4.0047824679335600 dE = -3.15262E-02
SCF Iteration 328: Energy = 4.0363087114956482 dE =  3.15262E-02
SCF Iteration 329: Energy = 4.0047824679335564 dE = -3.15262E-02
SCF Iteration 330: Energy = 4.0363087114956446 dE =  3.15262E-02
SCF Iteration 331: Energy = 4.0047824679335591 dE = -3.15262E-02
SCF Iteration 332: Energy = 4.0363087114956535 dE =  3.15262E-02
SCF Iteration 333: Energy = 4.0047824679335617 dE = -3.15262E-02
SCF Iteration 334: Energy = 4.0363087114956526 dE =  3.15262E-02
SCF Iteration 335: Energy = 4.0047824679335591 dE = -3.15262E-02
SCF Iteration 336: Energy = 4.0363087114956535 dE =  3.15262E-02
SCF Iteration 337: Energy = 4.0047824679335546 dE = -3.15262E-02
SCF Iteration 338: Energy = 4.0363087114956535 dE =  3.15262E-02
SCF Iteration 339: Energy = 4.0047824679335564 dE = -3.15262E-02
SCF Iteration 340: Energy = 4.0363087114956500 dE =  3.15262E-02
SCF Iteration 341: Energy = 4.0047824679335600 dE = -3.15262E-02
SCF Iteration 342: Energy = 4.0363087114956473 dE =  3.15262E-02
SCF Iteration 343: Energy = 4.0047824679335520 dE = -3.15262E-02
SCF Iteration 344: Energy = 4.0363087114956535 dE =  3.15262E-02
SCF Iteration 345: Energy = 4.0047824679335609 dE = -3.15262E-02
SCF Iteration 346: Energy = 4.0363087114956508 dE =  3.15262E-02
SCF Iteration 347: Energy = 4.0047824679335582 dE = -3.15262E-02
SCF Iteration 348: Energy = 4.0363087114956500 dE =  3.15262E-02
SCF Iteration 349: Energy = 4.0047824679335537 dE = -3.15262E-02
SCF Iteration 350: Energy = 4.0363087114956535 dE =  3.15262E-02
SCF Iteration 351: Energy = 4.0047824679335600 dE = -3.15262E-02
SCF Iteration 352: Energy = 4.0363087114956571 dE =  3.15262E-02
SCF Iteration 353: Energy = 4.0047824679335626 dE = -3.15262E-02
SCF Iteration 354: Energy = 4.0363087114956517 dE =  3.15262E-02
SCF Iteration 355: Energy = 4.0047824679335546 dE = -3.15262E-02
SCF Iteration 356: Energy = 4.0363087114956571 dE =  3.15262E-02
SCF Iteration 357: Energy = 4.0047824679335635 dE = -3.15262E-02
SCF Iteration 358: Energy = 4.0363087114956544 dE =  3.15262E-02
SCF Iteration 359: Energy = 4.0047824679335653 dE = -3.15262E-02
SCF Iteration 360: Energy = 4.0363087114956526 dE =  3.15262E-02
SCF Iteration 361: Energy = 4.0047824679335635 dE = -3.15262E-02
SCF Iteration 362: Energy = 4.0363087114956526 dE =  3.15262E-02
SCF Iteration 363: Energy = 4.0047824679335635 dE = -3.15262E-02
SCF Iteration 364: Energy = 4.0363087114956464 dE =  3.15262E-02
SCF Iteration 365: Energy = 4.0047824679335600 dE = -3.15262E-02
SCF Iteration 366: Energy = 4.0363087114956517 dE =  3.15262E-02
SCF Iteration 367: Energy = 4.0047824679335591 dE = -3.15262E-02
SCF Iteration 368: Energy = 4.0363087114956491 dE =  3.15262E-02
SCF Iteration 369: Energy = 4.0047824679335582 dE = -3.15262E-02
SCF Iteration 370: Energy = 4.0363087114956571 dE =  3.15262E-02
SCF Iteration 371: Energy = 4.0047824679335644 dE = -3.15262E-02
SCF Iteration 372: Energy = 4.0363087114956517 dE =  3.15262E-02
SCF Iteration 373: Energy = 4.0047824679335600 dE = -3.15262E-02
SCF Iteration 374: Energy = 4.0363087114956473 dE =  3.15262E-02
SCF Iteration 375: Energy = 4.0047824679335600 dE = -3.15262E-02
SCF Iteration 376: Energy = 4.0363087114956473 dE =  3.15262E-02
SCF Iteration 377: Energy = 4.0047824679335662 dE = -3.15262E-02
SCF Iteration 378: Energy = 4.0363087114956544 dE =  3.15262E-02
SCF Iteration 379: Energy = 4.0047824679335617 dE = -3.15262E-02
SCF Iteration 380: Energy = 4.0363087114956535 dE =  3.15262E-02
SCF Iteration 381: Energy = 4.0047824679335626 dE = -3.15262E-02
SCF Iteration 382: Energy = 4.0363087114956606 dE =  3.15262E-02
SCF Iteration 383: Energy = 4.0047824679335626 dE = -3.15262E-02
SCF Iteration 384: Energy = 4.0363087114956526 dE =  3.15262E-02
SCF Iteration 385: Energy = 4.0047824679335644 dE = -3.15262E-02
SCF Iteration 386: Energy = 4.0363087114956500 dE =  3.15262E-02
SCF Iteration 387: Energy = 4.0047824679335671 dE = -3.15262E-02
SCF Iteration 388: Energy = 4.0363087114956526 dE =  3.15262E-02
SCF Iteration 389: Energy = 4.0047824679335582 dE = -3.15262E-02
SCF Iteration 390: Energy = 4.0363087114956473 dE =  3.15262E-02
SCF Iteration 391: Energy = 4.0047824679335662 dE = -3.15262E-02
SCF Iteration 392: Energy = 4.0363087114956517 dE =  3.15262E-02
SCF Iteration 393: Energy = 4.0047824679335644 dE = -3.15262E-02
SCF Iteration 394: Energy = 4.0363087114956526 dE =  3.15262E-02
SCF Iteration 395: Energy = 4.0047824679335546 dE = -3.15262E-02
SCF Iteration 396: Energy = 4.0363087114956491 dE =  3.15262E-02
SCF Iteration 397: Energy = 4.0047824679335546 dE = -3.15262E-02
SCF Iteration 398: Energy = 4.0363087114956526 dE =  3.15262E-02
SCF Iteration 399: Energy = 4.0047824679335617 dE = -3.15262E-02
SCF Iteration 400: Energy = 4.0363087114956482 dE =  3.15262E-02
SCF Iteration 401: Energy = 4.0047824679335635 dE = -3.15262E-02
SCF Iteration 402: Energy = 4.0363087114956455 dE =  3.15262E-02
SCF Iteration 403: Energy = 4.0047824679335582 dE = -3.15262E-02
SCF Iteration 404: Energy = 4.0363087114956500 dE =  3.15262E-02
SCF Iteration 405: Energy = 4.0047824679335582 dE = -3.15262E-02
SCF Iteration 406: Energy = 4.0363087114956429 dE =  3.15262E-02
SCF Iteration 407: Energy = 4.0047824679335591 dE = -3.15262E-02
SCF Iteration 408: Energy = 4.0363087114956473 dE =  3.15262E-02
SCF Iteration 409: Energy = 4.0047824679335600 dE = -3.15262E-02
SCF Iteration 410: Energy = 4.0363087114956500 dE =  3.15262E-02
SCF Iteration 411: Energy = 4.0047824679335573 dE = -3.15262E-02
SCF Iteration 412: Energy = 4.0363087114956482 dE =  3.15262E-02
SCF Iteration 413: Energy = 4.0047824679335609 dE = -3.15262E-02
SCF Iteration 414: Energy = 4.0363087114956420 dE =  3.15262E-02
SCF Iteration 415: Energy = 4.0047824679335555 dE = -3.15262E-02
SCF Iteration 416: Energy = 4.0363087114956437 dE =  3.15262E-02
SCF Iteration 417: Energy = 4.0047824679335502 dE = -3.15262E-02
SCF Iteration 418: Energy = 4.0363087114956437 dE =  3.15262E-02
SCF Iteration 419: Energy = 4.0047824679335582 dE = -3.15262E-02
SCF Iteration 420: Energy = 4.0363087114956455 dE =  3.15262E-02
SCF Iteration 421: Energy = 4.0047824679335582 dE = -3.15262E-02
SCF Iteration 422: Energy = 4.0363087114956464 dE =  3.15262E-02
SCF Iteration 423: Energy = 4.0047824679335546 dE = -3.15262E-02
SCF Iteration 424: Energy = 4.0363087114956473 dE =  3.15262E-02
SCF Iteration 425: Energy = 4.0047824679335609 dE = -3.15262E-02
SCF Iteration 426: Energy = 4.0363087114956473 dE =  3.15262E-02
SCF Iteration 427: Energy = 4.0047824679335564 dE = -3.15262E-02
SCF Iteration 428: Energy = 4.0363087114956491 dE =  3.15262E-02
SCF Iteration 429: Energy = 4.0047824679335555 dE = -3.15262E-02
SCF Iteration 430: Energy = 4.0363087114956464 dE =  3.15262E-02
SCF Iteration 431: Energy = 4.0047824679335609 dE = -3.15262E-02
SCF Iteration 432: Energy = 4.0363087114956464 dE =  3.15262E-02
SCF Iteration 433: Energy = 4.0047824679335546 dE = -3.15262E-02
SCF Iteration 434: Energy = 4.0363087114956455 dE =  3.15262E-02
SCF Iteration 435: Energy = 4.0047824679335466 dE = -3.15262E-02
SCF Iteration 436: Energy = 4.0363087114956473 dE =  3.15262E-02
SCF Iteration 437: Energy = 4.0047824679335555 dE = -3.15262E-02
SCF Iteration 438: Energy = 4.0363087114956517 dE =  3.15262E-02
SCF Iteration 439: Energy = 4.0047824679335617 dE = -3.15262E-02
SCF Iteration 440: Energy = 4.0363087114956508 dE =  3.15262E-02
SCF Iteration 441: Energy = 4.0047824679335573 dE = -3.15262E-02
SCF Iteration 442: Energy = 4.0363087114956464 dE =  3.15262E-02
SCF Iteration 443: Energy = 4.0047824679335564 dE = -3.15262E-02
SCF Iteration 444: Energy = 4.0363087114956535 dE =  3.15262E-02
SCF Iteration 445: Energy = 4.0047824679335635 dE = -3.15262E-02
SCF Iteration 446: Energy = 4.0363087114956508 dE =  3.15262E-02
SCF Iteration 447: Energy = 4.0047824679335662 dE = -3.15262E-02
SCF Iteration 448: Energy = 4.0363087114956544 dE =  3.15262E-02
SCF Iteration 449: Energy = 4.0047824679335573 dE = -3.15262E-02
SCF Iteration 450: Energy = 4.0363087114956500 dE =  3.15262E-02
SCF Iteration 451: Energy = 4.0047824679335609 dE = -3.15262E-02
SCF Iteration 452: Energy = 4.0363087114956571 dE =  3.15262E-02
SCF Iteration 453: Energy = 4.0047824679335635 dE = -3.15262E-02
SCF Iteration 454: Energy = 4.0363087114956508 dE =  3.15262E-02
SCF Iteration 455: Energy = 4.0047824679335617 dE = -3.15262E-02
SCF Iteration 456: Energy = 4.0363087114956535 dE =  3.15262E-02
SCF Iteration 457: Energy = 4.0047824679335653 dE = -3.15262E-02
SCF Iteration 458: Energy = 4.0363087114956562 dE =  3.15262E-02
SCF Iteration 459: Energy = 4.0047824679335626 dE = -3.15262E-02
SCF Iteration 460: Energy = 4.0363087114956544 dE =  3.15262E-02
SCF Iteration 461: Energy = 4.0047824679335591 dE = -3.15262E-02
SCF Iteration 462: Energy = 4.0363087114956615 dE =  3.15262E-02
SCF Iteration 463: Energy = 4.0047824679335644 dE = -3.15262E-02
SCF Iteration 464: Energy = 4.0363087114956588 dE =  3.15262E-02
SCF Iteration 465: Energy = 4.0047824679335600 dE = -3.15262E-02
SCF Iteration 466: Energy = 4.0363087114956571 dE =  3.15262E-02
SCF Iteration 467: Energy = 4.0047824679335635 dE = -3.15262E-02
SCF Iteration 468: Energy = 4.0363087114956544 dE =  3.15262E-02
SCF Iteration 469: Energy = 4.0047824679335617 dE = -3.15262E-02
SCF Iteration 470: Energy = 4.0363087114956508 dE =  3.15262E-02
SCF Iteration 471: Energy = 4.0047824679335626 dE = -3.15262E-02
SCF Iteration 472: Energy = 4.0363087114956517 dE =  3.15262E-02
SCF Iteration 473: Energy = 4.0047824679335573 dE = -3.15262E-02
SCF Iteration 474: Energy = 4.0363087114956491 dE =  3.15262E-02
SCF Iteration 475: Energy = 4.0047824679335555 dE = -3.15262E-02
SCF Iteration 476: Energy = 4.0363087114956482 dE =  3.15262E-02
SCF Iteration 477: Energy = 4.0047824679335546 dE = -3.15262E-02
SCF Iteration 478: Energy = 4.0363087114956482 dE =  3.15262E-02
SCF Iteration 479: Energy = 4.0047824679335617 dE = -3.15262E-02
SCF Iteration 480: Energy = 4.0363087114956464 dE =  3.15262E-02
SCF Iteration 481: Energy = 4.0047824679335564 dE = -3.15262E-02
SCF Iteration 482: Energy = 4.0363087114956473 dE =  3.15262E-02
SCF Iteration 483: Energy = 4.0047824679335573 dE = -3.15262E-02
SCF Iteration 484: Energy = 4.0363087114956473 dE =  3.15262E-02
SCF Iteration 485: Energy = 4.0047824679335609 dE = -3.15262E-02
SCF Iteration 486: Energy = 4.0363087114956446 dE =  3.15262E-02
SCF Iteration 487: Energy = 4.0047824679335600 dE = -3.15262E-02
SCF Iteration 488: Energy = 4.0363087114956464 dE =  3.15262E-02
SCF Iteration 489: Energy = 4.0047824679335511 dE = -3.15262E-02
SCF Iteration 490: Energy = 4.0363087114956402 dE =  3.15262E-02
SCF Iteration 491: Energy = 4.0047824679335582 dE = -3.15262E-02
SCF Iteration 492: Energy = 4.0363087114956526 dE =  3.15262E-02
SCF Iteration 493: Energy = 4.0047824679335591 dE = -3.15262E-02
SCF Iteration 494: Energy = 4.0363087114956535 dE =  3.15262E-02
SCF Iteration 495: Energy = 4.0047824679335635 dE = -3.15262E-02
SCF Iteration 496: Energy = 4.0363087114956580 dE =  3.15262E-02
SCF Iteration 497: Energy = 4.0047824679335635 dE = -3.15262E-02
SCF Iteration 498: Energy = 4.0363087114956500 dE =  3.15262E-02
SCF Iteration 499: Energy = 4.0047824679335591 dE = -3.15262E-02
SCF Iteration 500: Energy = 4.0363087114956508 dE =  3.15262E-02
