
  Memory set to  55.879 GiB by Python driver.
  Threads set to 1 by Python driver.
Settings:
	LOT = CCSD-S2-U22
	wc = 20.0 eV
	lambda = [0.727454 0.       0.      ] a.u.
	Equivalent A0 = LAMBDA / sqrt(2 wc) = [0.6 0.  0. ])
doing QED-CCSD-Full (or QED-CCSD-22)
Number of occupied orbitals:   1
Number of basis functions:  60
SCF Iteration   1: Energy = 0.3140405126894221 dE =  3.14041E-01
SCF Iteration   2: Energy = 1.1333476017632749 dE =  8.19307E-01
SCF Iteration   3: Energy = 0.4730543647433422 dE = -6.60293E-01
SCF Iteration   4: Energy = 1.1296489081798904 dE =  6.56595E-01
SCF Iteration   5: Energy = 0.4929323999448952 dE = -6.36717E-01
SCF Iteration   6: Energy = 1.1278393635649169 dE =  6.34907E-01
SCF Iteration   7: Energy = 0.4964789549797276 dE = -6.31360E-01
SCF Iteration   8: Energy = 1.1265463639740274 dE =  6.30067E-01
SCF Iteration   9: Energy = 0.4967287806927075 dE = -6.29818E-01
SCF Iteration  10: Energy = 1.1256201543023783 dE =  6.28891E-01
SCF Iteration  11: Energy = 0.4962763613356652 dE = -6.29344E-01
SCF Iteration  12: Energy = 1.1250078372017982 dE =  6.28731E-01
SCF Iteration  13: Energy = 0.4958068413737898 dE = -6.29201E-01
SCF Iteration  14: Energy = 1.1246293526725237 dE =  6.28823E-01
SCF Iteration  15: Energy = 0.4954660787387027 dE = -6.29163E-01
SCF Iteration  16: Energy = 1.1244054664334546 dE =  6.28939E-01
SCF Iteration  17: Energy = 0.4952481274781049 dE = -6.29157E-01
SCF Iteration  18: Energy = 1.1242766550783216 dE =  6.29029E-01
SCF Iteration  19: Energy = 0.4951171070240725 dE = -6.29160E-01
SCF Iteration  20: Energy = 1.1242038446962588 dE =  6.29087E-01
SCF Iteration  21: Energy = 0.4950410488028852 dE = -6.29163E-01
SCF Iteration  22: Energy = 1.1241631594467858 dE =  6.29122E-01
SCF Iteration  23: Energy = 0.4949978231026887 dE = -6.29165E-01
SCF Iteration  24: Energy = 1.1241405973629082 dE =  6.29143E-01
SCF Iteration  25: Energy = 0.4949735854363936 dE = -6.29167E-01
SCF Iteration  26: Energy = 1.1241281490406883 dE =  6.29155E-01
SCF Iteration  27: Energy = 0.4949601137506640 dE = -6.29168E-01
SCF Iteration  28: Energy = 1.1241213044401392 dE =  6.29161E-01
SCF Iteration  29: Energy = 0.4949526696124847 dE = -6.29169E-01
SCF Iteration  30: Energy = 1.1241175497985261 dE =  6.29165E-01
SCF Iteration  31: Energy = 0.4949485723094126 dE = -6.29169E-01
SCF Iteration  32: Energy = 1.1241154934646118 dE =  6.29167E-01
SCF Iteration  33: Energy = 0.4949463231404513 dE = -6.29169E-01
SCF Iteration  34: Energy = 1.1241143684919912 dE =  6.29168E-01
SCF Iteration  35: Energy = 0.4949450907318905 dE = -6.29169E-01
SCF Iteration  36: Energy = 1.1241137535098580 dE =  6.29169E-01
SCF Iteration  37: Energy = 0.4949444162888977 dE = -6.29169E-01
SCF Iteration  38: Energy = 1.1241134174958212 dE =  6.29169E-01
SCF Iteration  39: Energy = 0.4949440475121512 dE = -6.29169E-01
SCF Iteration  40: Energy = 1.1241132339701390 dE =  6.29169E-01
SCF Iteration  41: Energy = 0.4949438459886484 dE = -6.29169E-01
SCF Iteration  42: Energy = 1.1241131337559656 dE =  6.29169E-01
SCF Iteration  43: Energy = 0.4949437359078657 dE = -6.29169E-01
SCF Iteration  44: Energy = 1.1241130790432126 dE =  6.29169E-01
SCF Iteration  45: Energy = 0.4949436757937403 dE = -6.29169E-01
SCF Iteration  46: Energy = 1.1241130491750277 dE =  6.29169E-01
SCF Iteration  47: Energy = 0.4949436429716605 dE = -6.29169E-01
SCF Iteration  48: Energy = 1.1241130328662310 dE =  6.29169E-01
SCF Iteration  49: Energy = 0.4949436250495318 dE = -6.29169E-01
SCF Iteration  50: Energy = 1.1241130239332966 dE =  6.29169E-01
SCF Iteration  51: Energy = 0.4949436152419225 dE = -6.29169E-01
SCF Iteration  52: Energy = 1.1241130188730366 dE =  6.29169E-01
SCF Iteration  53: Energy = 0.4949436097434616 dE = -6.29169E-01
SCF Iteration  54: Energy = 1.1241130150215568 dE =  6.29169E-01
SCF Iteration  55: Energy = 0.4949436058856692 dE = -6.29169E-01
SCF Iteration  56: Energy = 1.1241130064904588 dE =  6.29169E-01
SCF Iteration  57: Energy = 0.4949435987255353 dE = -6.29169E-01
SCF Iteration  58: Energy = 1.1241129639032179 dE =  6.29169E-01
SCF Iteration  59: Energy = 0.4949435649957312 dE = -6.29169E-01
SCF Iteration  60: Energy = 1.1241127168682443 dE =  6.29169E-01
SCF Iteration  61: Energy = 0.4949433706388376 dE = -6.29169E-01
SCF Iteration  62: Energy = 1.1241112616839919 dE =  6.29168E-01
SCF Iteration  63: Energy = 0.4949422264815748 dE = -6.29169E-01
SCF Iteration  64: Energy = 1.1241026774970173 dE =  6.29160E-01
SCF Iteration  65: Energy = 0.4949354774640911 dE = -6.29167E-01
SCF Iteration  66: Energy = 1.1240520341542843 dE =  6.29117E-01
SCF Iteration  67: Energy = 0.4948956616520875 dE = -6.29156E-01
SCF Iteration  68: Energy = 1.1237533186665551 dE =  6.28858E-01
SCF Iteration  69: Energy = 0.4946608301370047 dE = -6.29092E-01
SCF Iteration  70: Energy = 1.1219935952590219 dE =  6.27333E-01
SCF Iteration  71: Energy = 0.4932780898879115 dE = -6.28716E-01
SCF Iteration  72: Energy = 1.1117037871694244 dE =  6.18426E-01
SCF Iteration  73: Energy = 0.4852146809335426 dE = -6.26489E-01
SCF Iteration  74: Energy = 1.0540406098161674 dE =  5.68826E-01
SCF Iteration  75: Energy = 0.4407174414329029 dE = -6.13323E-01
SCF Iteration  76: Energy = 0.7934587744260164 dE =  3.52741E-01
SCF Iteration  77: Energy = 0.2535909377524505 dE = -5.39868E-01
SCF Iteration  78: Energy = 0.2138274934701072 dE = -3.97634E-02
SCF Iteration  79: Energy = -0.0891753991215665 dE = -3.03003E-01
SCF Iteration  80: Energy = -0.1971686525700422 dE = -1.07993E-01
SCF Iteration  81: Energy = -0.2776399193543286 dE = -8.04713E-02
SCF Iteration  82: Energy = -0.3072384987355745 dE = -2.95986E-02
SCF Iteration  83: Energy = -0.3204506808758278 dE = -1.32122E-02
SCF Iteration  84: Energy = -0.3252951940806932 dE = -4.84451E-03
SCF Iteration  85: Energy = -0.3272118196760354 dE = -1.91663E-03
SCF Iteration  86: Energy = -0.3279705009937302 dE = -7.58681E-04
SCF Iteration  87: Energy = -0.3282971044517538 dE = -3.26603E-04
SCF Iteration  88: Energy = -0.3284491513604360 dE = -1.52047E-04
SCF Iteration  89: Energy = -0.3285257422926615 dE = -7.65909E-05
SCF Iteration  90: Energy = -0.3285666595756376 dE = -4.09173E-05
SCF Iteration  91: Energy = -0.3285893533344202 dE = -2.26938E-05
SCF Iteration  92: Energy = -0.3286022237083017 dE = -1.28704E-05
SCF Iteration  93: Energy = -0.3286096088101924 dE = -7.38510E-06
SCF Iteration  94: Energy = -0.3286138730964265 dE = -4.26429E-06
SCF Iteration  95: Energy = -0.3286163427773521 dE = -2.46968E-06
SCF Iteration  96: Energy = -0.3286177752809323 dE = -1.43250E-06
SCF Iteration  97: Energy = -0.3286186067397920 dE = -8.31459E-07
SCF Iteration  98: Energy = -0.3286190894880074 dE = -4.82748E-07
SCF Iteration  99: Energy = -0.3286193698041802 dE = -2.80316E-07
SCF Iteration 100: Energy = -0.3286195325802754 dE = -1.62776E-07
SCF Iteration 101: Energy = -0.3286196271017563 dE = -9.45215E-08
SCF Iteration 102: Energy = -0.3286196819879907 dE = -5.48862E-08
SCF Iteration 103: Energy = -0.3286197138583744 dE = -3.18704E-08
SCF Iteration 104: Energy = -0.3286197323639888 dE = -1.85056E-08
SCF Iteration 105: Energy = -0.3286197431091369 dE = -1.07451E-08
SCF Iteration 106: Energy = -0.3286197493481477 dE = -6.23901E-09
SCF Iteration 107: Energy = -0.3286197529707047 dE = -3.62256E-09
SCF Iteration 108: Energy = -0.3286197550740453 dE = -2.10334E-09
SCF Iteration 109: Energy = -0.3286197562952915 dE = -1.22125E-09
SCF Iteration 110: Energy = -0.3286197570043690 dE = -7.09077E-10
SCF Iteration 111: Energy = -0.3286197574160721 dE = -4.11703E-10
SCF Iteration 112: Energy = -0.3286197576551109 dE = -2.39039E-10
SCF Iteration 113: Energy = -0.3286197577939045 dE = -1.38794E-10
SCF Iteration 114: Energy = -0.3286197578744876 dE = -8.05831E-11

SCF converged.
E_QED_HF          = -0.328619757874488
HF  (psi4)        = -1.003385002738555
Starting with the CCSD calculation:

Iter  Energy(CCSD)      E_diff    time(sec)
  1:  -0.1991385564  1.99139E-01   19.075
  2:  -0.3076690986  1.08531E-01   19.079
  3:  -0.3576809946  5.00119E-02   19.075
  4:  -0.4282710696  7.05901E-02   19.076
  5:  -0.4579161008  2.96450E-02   19.077
  6:  -0.4800238103  2.21077E-02   19.067
  7:  -0.4926790848  1.26553E-02   19.088
  8:  -0.5013516424  8.67256E-03   19.073
  9:  -0.5104026787  9.05104E-03   19.065
 10:  -0.5143387206  3.93604E-03   19.064
 11:  -0.5129549720  1.38375E-03   19.068
 12:  -0.5111653124  1.78966E-03   19.063
 13:  -0.5110876475  7.76649E-05   19.086
 14:  -0.5136214518  2.53380E-03   19.063
 15:  -0.5156226608  2.00121E-03   19.079
 16:  -0.5161143000  4.91639E-04   19.067
 17:  -0.5158209240  2.93376E-04   19.069
 18:  -0.5153039783  5.16946E-04   19.065
 19:  -0.5150408518  2.63126E-04   19.072
 20:  -0.5150464763  5.62451E-06   19.075
 21:  -0.5152243528  1.77876E-04   19.087
 22:  -0.5153711884  1.46836E-04   19.084
 23:  -0.5154341967  6.30083E-05   19.091
 24:  -0.5154421624  7.96569E-06   19.084
 25:  -0.5154138500  2.83124E-05   19.080
 26:  -0.5153905262  2.33238E-05   19.071
 27:  -0.5153753698  1.51564E-05   19.074
 28:  -0.5153603358  1.50340E-05   19.071
 29:  -0.5153607559  4.20199E-07   19.073
 30:  -0.5153640517  3.29575E-06   19.075
 31:  -0.5153655377  1.48605E-06   19.071
 32:  -0.5153681740  2.63622E-06   19.074
 33:  -0.5153769947  8.82073E-06   19.068
 34:  -0.5153808162  3.82155E-06   19.071
 35:  -0.5153826421  1.82583E-06   19.075
 36:  -0.5153843028  1.66068E-06   19.070
 37:  -0.5153829268  1.37594E-06   19.071
 38:  -0.5153819695  9.57329E-07   19.073
 39:  -0.5153809732  9.96290E-07   19.070
 40:  -0.5153800785  8.94670E-07   19.069
 41:  -0.5153789009  1.17766E-06   19.072
 42:  -0.5153787024  1.98488E-07   19.080
 43:  -0.5153779163  7.86044E-07   19.066
 44:  -0.5153774907  4.25603E-07   19.064
 45:  -0.5153773435  1.47247E-07   19.080
 46:  -0.5153780633  7.19827E-07   19.073
 47:  -0.5153784846  4.21254E-07   19.067
 48:  -0.5153791018  6.17264E-07   19.069
 49:  -0.5153797955  6.93686E-07   19.069
 50:  -0.5153802696  4.74080E-07   19.064
E_QED_CCSD  (Corr.)  = -0.515380269602401
E_QED_CCSD tot       = -0.844000027476889
E_CCSD_psi4 (Corr.)  = -0.063119840117841
E_CCSD_psi4 tot      = -1.066504842856396
