
  Memory set to  55.879 GiB by Python driver.
  Threads set to 1 by Python driver.
Settings:
	LOT = CCSD-S2-U22
	wc = 20.0 eV
	lambda = [0.727454 0.       0.      ] a.u.
	Equivalent A0 = LAMBDA / sqrt(2 wc) = [0.6 0.  0. ])
doing QED-CCSD-Full (or QED-CCSD-22)
Number of occupied orbitals:   1
Number of basis functions:  60
SCF Iteration   1: Energy = 0.8389044264677907 dE =  8.38904E-01
SCF Iteration   2: Energy = 1.4714884420253629 dE =  6.32584E-01
SCF Iteration   3: Energy = 1.0212887088793716 dE = -4.50200E-01
SCF Iteration   4: Energy = 1.4614814060490975 dE =  4.40193E-01
SCF Iteration   5: Energy = 1.0527886258617707 dE = -4.08693E-01
SCF Iteration   6: Energy = 1.4571282368924927 dE =  4.04340E-01
SCF Iteration   7: Energy = 1.0593391892795037 dE = -3.97789E-01
SCF Iteration   8: Energy = 1.4540657218642612 dE =  3.94727E-01
SCF Iteration   9: Energy = 1.0599436233106154 dE = -3.94122E-01
SCF Iteration  10: Energy = 1.4517119357383059 dE =  3.91768E-01
SCF Iteration  11: Energy = 1.0589274061769200 dE = -3.92785E-01
SCF Iteration  12: Energy = 1.4499479085343068 dE =  3.91021E-01
SCF Iteration  13: Energy = 1.0576643021490746 dE = -3.92284E-01
SCF Iteration  14: Energy = 1.4486880434352019 dE =  3.91024E-01
SCF Iteration  15: Energy = 1.0565866290715737 dE = -3.92101E-01
SCF Iteration  16: Energy = 1.4478230403891805 dE =  3.91236E-01
SCF Iteration  17: Energy = 1.0557807973797724 dE = -3.92042E-01
SCF Iteration  18: Energy = 1.4472453998174311 dE =  3.91465E-01
SCF Iteration  19: Energy = 1.0552164152690047 dE = -3.92029E-01
SCF Iteration  20: Energy = 1.4468668648851155 dE =  3.91650E-01
SCF Iteration  21: Energy = 1.0548356783586303 dE = -3.92031E-01
SCF Iteration  22: Energy = 1.4466219586024609 dE =  3.91786E-01
SCF Iteration  23: Energy = 1.0545847111521898 dE = -3.92037E-01
SCF Iteration  24: Energy = 1.4464648858930282 dE =  3.91880E-01
SCF Iteration  25: Energy = 1.0544217446404562 dE = -3.92043E-01
SCF Iteration  26: Energy = 1.4463647504282371 dE =  3.91943E-01
SCF Iteration  27: Energy = 1.0543169741420952 dE = -3.92048E-01
SCF Iteration  28: Energy = 1.4463011793362721 dE =  3.91984E-01
SCF Iteration  29: Energy = 1.0542500739353688 dE = -3.92051E-01
SCF Iteration  30: Energy = 1.4462609389422831 dE =  3.92011E-01
SCF Iteration  31: Energy = 1.0542075551719277 dE = -3.92053E-01
SCF Iteration  32: Energy = 1.4462355190881306 dE =  3.92028E-01
SCF Iteration  33: Energy = 1.0541806201477584 dE = -3.92055E-01
SCF Iteration  34: Energy = 1.4462194846010390 dE =  3.92039E-01
SCF Iteration  35: Energy = 1.0541635961372324 dE = -3.92056E-01
SCF Iteration  36: Energy = 1.4462093806207803 dE =  3.92046E-01
SCF Iteration  37: Energy = 1.0541528535697327 dE = -3.92057E-01
SCF Iteration  38: Energy = 1.4462030183090262 dE =  3.92050E-01
SCF Iteration  39: Energy = 1.0541460824379698 dE = -3.92057E-01
SCF Iteration  40: Energy = 1.4461990141254852 dE =  3.92053E-01
SCF Iteration  41: Energy = 1.0541418179634432 dE = -3.92057E-01
SCF Iteration  42: Energy = 1.4461964949735746 dE =  3.92055E-01
SCF Iteration  43: Energy = 1.0541391337165449 dE = -3.92057E-01
SCF Iteration  44: Energy = 1.4461949105109255 dE =  3.92056E-01
SCF Iteration  45: Energy = 1.0541374448167666 dE = -3.92057E-01
SCF Iteration  46: Energy = 1.4461939141205775 dE =  3.92056E-01
SCF Iteration  47: Energy = 1.0541363824838497 dE = -3.92058E-01
SCF Iteration  48: Energy = 1.4461932876220875 dE =  3.92057E-01
SCF Iteration  49: Energy = 1.0541357144033201 dE = -3.92058E-01
SCF Iteration  50: Energy = 1.4461928937365842 dE =  3.92057E-01
SCF Iteration  51: Energy = 1.0541352943213913 dE = -3.92058E-01
SCF Iteration  52: Energy = 1.4461926461135031 dE =  3.92057E-01
SCF Iteration  53: Energy = 1.0541350302055832 dE = -3.92058E-01
SCF Iteration  54: Energy = 1.4461924904482339 dE =  3.92057E-01
SCF Iteration  55: Energy = 1.0541348641616777 dE = -3.92058E-01
SCF Iteration  56: Energy = 1.4461923925944298 dE =  3.92058E-01
SCF Iteration  57: Energy = 1.0541347597789117 dE = -3.92058E-01
SCF Iteration  58: Energy = 1.4461923310833513 dE =  3.92058E-01
SCF Iteration  59: Energy = 1.0541346941615826 dE = -3.92058E-01
SCF Iteration  60: Energy = 1.4461922924180357 dE =  3.92058E-01
SCF Iteration  61: Energy = 1.0541346529141589 dE = -3.92058E-01
SCF Iteration  62: Energy = 1.4461922681136548 dE =  3.92058E-01
SCF Iteration  63: Energy = 1.0541346269862804 dE = -3.92058E-01
SCF Iteration  64: Energy = 1.4461922528364568 dE =  3.92058E-01
SCF Iteration  65: Energy = 1.0541346106883958 dE = -3.92058E-01
SCF Iteration  66: Energy = 1.4461922432335999 dE =  3.92058E-01
SCF Iteration  67: Energy = 1.0541346004438763 dE = -3.92058E-01
SCF Iteration  68: Energy = 1.4461922371975251 dE =  3.92058E-01
SCF Iteration  69: Energy = 1.0541345940044313 dE = -3.92058E-01
SCF Iteration  70: Energy = 1.4461922334034309 dE =  3.92058E-01
SCF Iteration  71: Energy = 1.0541345899567782 dE = -3.92058E-01
SCF Iteration  72: Energy = 1.4461922310185840 dE =  3.92058E-01
SCF Iteration  73: Energy = 1.0541345874125370 dE = -3.92058E-01
SCF Iteration  74: Energy = 1.4461922295195460 dE =  3.92058E-01
SCF Iteration  75: Energy = 1.0541345858133124 dE = -3.92058E-01
SCF Iteration  76: Energy = 1.4461922285773050 dE =  3.92058E-01
SCF Iteration  77: Energy = 1.0541345848080952 dE = -3.92058E-01
SCF Iteration  78: Energy = 1.4461922279850441 dE =  3.92058E-01
SCF Iteration  79: Energy = 1.0541345841762464 dE = -3.92058E-01
SCF Iteration  80: Energy = 1.4461922276127677 dE =  3.92058E-01
SCF Iteration  81: Energy = 1.0541345837790859 dE = -3.92058E-01
SCF Iteration  82: Energy = 1.4461922273787682 dE =  3.92058E-01
SCF Iteration  83: Energy = 1.0541345835294449 dE = -3.92058E-01
SCF Iteration  84: Energy = 1.4461922272316823 dE =  3.92058E-01
SCF Iteration  85: Energy = 1.0541345833725300 dE = -3.92058E-01
SCF Iteration  86: Energy = 1.4461922271392322 dE =  3.92058E-01
SCF Iteration  87: Energy = 1.0541345832738980 dE = -3.92058E-01
SCF Iteration  88: Energy = 1.4461922270811181 dE =  3.92058E-01
SCF Iteration  89: Energy = 1.0541345832119022 dE = -3.92058E-01
SCF Iteration  90: Energy = 1.4461922270445917 dE =  3.92058E-01
SCF Iteration  91: Energy = 1.0541345831729343 dE = -3.92058E-01
SCF Iteration  92: Energy = 1.4461922270216354 dE =  3.92058E-01
SCF Iteration  93: Energy = 1.0541345831484437 dE = -3.92058E-01
SCF Iteration  94: Energy = 1.4461922270072058 dE =  3.92058E-01
SCF Iteration  95: Energy = 1.0541345831330466 dE = -3.92058E-01
SCF Iteration  96: Energy = 1.4461922269981313 dE =  3.92058E-01
SCF Iteration  97: Energy = 1.0541345831233688 dE = -3.92058E-01
SCF Iteration  98: Energy = 1.4461922269924297 dE =  3.92058E-01
SCF Iteration  99: Energy = 1.0541345831172844 dE = -3.92058E-01
SCF Iteration 100: Energy = 1.4461922269888476 dE =  3.92058E-01
SCF Iteration 101: Energy = 1.0541345831134628 dE = -3.92058E-01
SCF Iteration 102: Energy = 1.4461922269865926 dE =  3.92058E-01
SCF Iteration 103: Energy = 1.0541345831110616 dE = -3.92058E-01
SCF Iteration 104: Energy = 1.4461922269851779 dE =  3.92058E-01
SCF Iteration 105: Energy = 1.0541345831095488 dE = -3.92058E-01
SCF Iteration 106: Energy = 1.4461922269842840 dE =  3.92058E-01
SCF Iteration 107: Energy = 1.0541345831085958 dE = -3.92058E-01
SCF Iteration 108: Energy = 1.4461922269837237 dE =  3.92058E-01
SCF Iteration 109: Energy = 1.0541345831079967 dE = -3.92058E-01
SCF Iteration 110: Energy = 1.4461922269833702 dE =  3.92058E-01
SCF Iteration 111: Energy = 1.0541345831076205 dE = -3.92058E-01
SCF Iteration 112: Energy = 1.4461922269831518 dE =  3.92058E-01
SCF Iteration 113: Energy = 1.0541345831073858 dE = -3.92058E-01
SCF Iteration 114: Energy = 1.4461922269830110 dE =  3.92058E-01
SCF Iteration 115: Energy = 1.0541345831072388 dE = -3.92058E-01
SCF Iteration 116: Energy = 1.4461922269829248 dE =  3.92058E-01
SCF Iteration 117: Energy = 1.0541345831071449 dE = -3.92058E-01
SCF Iteration 118: Energy = 1.4461922269828709 dE =  3.92058E-01
SCF Iteration 119: Energy = 1.0541345831070819 dE = -3.92058E-01
SCF Iteration 120: Energy = 1.4461922269828282 dE =  3.92058E-01
SCF Iteration 121: Energy = 1.0541345831070423 dE = -3.92058E-01
SCF Iteration 122: Energy = 1.4461922269828082 dE =  3.92058E-01
SCF Iteration 123: Energy = 1.0541345831070221 dE = -3.92058E-01
SCF Iteration 124: Energy = 1.4461922269827876 dE =  3.92058E-01
SCF Iteration 125: Energy = 1.0541345831070006 dE = -3.92058E-01
SCF Iteration 126: Energy = 1.4461922269827718 dE =  3.92058E-01
SCF Iteration 127: Energy = 1.0541345831069866 dE = -3.92058E-01
SCF Iteration 128: Energy = 1.4461922269827558 dE =  3.92058E-01
SCF Iteration 129: Energy = 1.0541345831069693 dE = -3.92058E-01
SCF Iteration 130: Energy = 1.4461922269827272 dE =  3.92058E-01
SCF Iteration 131: Energy = 1.0541345831069400 dE = -3.92058E-01
SCF Iteration 132: Energy = 1.4461922269826868 dE =  3.92058E-01
SCF Iteration 133: Energy = 1.0541345831069073 dE = -3.92058E-01
SCF Iteration 134: Energy = 1.4461922269826271 dE =  3.92058E-01
SCF Iteration 135: Energy = 1.0541345831068567 dE = -3.92058E-01
SCF Iteration 136: Energy = 1.4461922269825251 dE =  3.92058E-01
SCF Iteration 137: Energy = 1.0541345831067666 dE = -3.92058E-01
SCF Iteration 138: Energy = 1.4461922269823546 dE =  3.92058E-01
SCF Iteration 139: Energy = 1.0541345831066171 dE = -3.92058E-01
SCF Iteration 140: Energy = 1.4461922269820731 dE =  3.92058E-01
SCF Iteration 141: Energy = 1.0541345831063715 dE = -3.92058E-01
SCF Iteration 142: Energy = 1.4461922269816070 dE =  3.92058E-01
SCF Iteration 143: Energy = 1.0541345831059610 dE = -3.92058E-01
SCF Iteration 144: Energy = 1.4461922269808329 dE =  3.92058E-01
SCF Iteration 145: Energy = 1.0541345831052822 dE = -3.92058E-01
SCF Iteration 146: Energy = 1.4461922269795506 dE =  3.92058E-01
SCF Iteration 147: Energy = 1.0541345831041591 dE = -3.92058E-01
SCF Iteration 148: Energy = 1.4461922269774157 dE =  3.92058E-01
SCF Iteration 149: Energy = 1.0541345831022877 dE = -3.92058E-01
SCF Iteration 150: Energy = 1.4461922269738665 dE =  3.92058E-01
SCF Iteration 151: Energy = 1.0541345830991755 dE = -3.92058E-01
SCF Iteration 152: Energy = 1.4461922269679730 dE =  3.92058E-01
SCF Iteration 153: Energy = 1.0541345830940112 dE = -3.92058E-01
SCF Iteration 154: Energy = 1.4461922269581926 dE =  3.92058E-01
SCF Iteration 155: Energy = 1.0541345830854325 dE = -3.92058E-01
SCF Iteration 156: Energy = 1.4461922269419409 dE =  3.92058E-01
SCF Iteration 157: Energy = 1.0541345830711883 dE = -3.92058E-01
SCF Iteration 158: Energy = 1.4461922269149521 dE =  3.92058E-01
SCF Iteration 159: Energy = 1.0541345830475277 dE = -3.92058E-01
SCF Iteration 160: Energy = 1.4461922268701173 dE =  3.92058E-01
SCF Iteration 161: Energy = 1.0541345830082256 dE = -3.92058E-01
SCF Iteration 162: Energy = 1.4461922267956513 dE =  3.92058E-01
SCF Iteration 163: Energy = 1.0541345829429432 dE = -3.92058E-01
SCF Iteration 164: Energy = 1.4461922266719685 dE =  3.92058E-01
SCF Iteration 165: Energy = 1.0541345828345170 dE = -3.92058E-01
SCF Iteration 166: Energy = 1.4461922264665212 dE =  3.92058E-01
SCF Iteration 167: Energy = 1.0541345826544126 dE = -3.92058E-01
SCF Iteration 168: Energy = 1.4461922261252795 dE =  3.92058E-01
SCF Iteration 169: Energy = 1.0541345823552692 dE = -3.92058E-01
SCF Iteration 170: Energy = 1.4461922255584869 dE =  3.92058E-01
SCF Iteration 171: Energy = 1.0541345818583903 dE = -3.92058E-01
SCF Iteration 172: Energy = 1.4461922246170462 dE =  3.92058E-01
SCF Iteration 173: Energy = 1.0541345810330764 dE = -3.92058E-01
SCF Iteration 174: Energy = 1.4461922230533228 dE =  3.92058E-01
SCF Iteration 175: Energy = 1.0541345796622459 dE = -3.92058E-01
SCF Iteration 176: Energy = 1.4461922204559938 dE =  3.92058E-01
SCF Iteration 177: Energy = 1.0541345773853077 dE = -3.92058E-01
SCF Iteration 178: Energy = 1.4461922161418588 dE =  3.92058E-01
SCF Iteration 179: Energy = 1.0541345736033365 dE = -3.92058E-01
SCF Iteration 180: Energy = 1.4461922089761330 dE =  3.92058E-01
SCF Iteration 181: Energy = 1.0541345673215330 dE = -3.92058E-01
SCF Iteration 182: Energy = 1.4461921970739378 dE =  3.92058E-01
SCF Iteration 183: Energy = 1.0541345568875191 dE = -3.92058E-01
SCF Iteration 184: Energy = 1.4461921773045276 dE =  3.92058E-01
SCF Iteration 185: Energy = 1.0541345395567407 dE = -3.92058E-01
SCF Iteration 186: Energy = 1.4461921444677532 dE =  3.92058E-01
SCF Iteration 187: Energy = 1.0541345107705118 dE = -3.92058E-01
SCF Iteration 188: Energy = 1.4461920899262373 dE =  3.92058E-01
SCF Iteration 189: Energy = 1.0541344629568969 dE = -3.92058E-01
SCF Iteration 190: Energy = 1.4461919993333840 dE =  3.92058E-01
SCF Iteration 191: Energy = 1.0541343835390198 dE = -3.92058E-01
SCF Iteration 192: Energy = 1.4461918488596708 dE =  3.92057E-01
SCF Iteration 193: Energy = 1.0541342516268226 dE = -3.92058E-01
SCF Iteration 194: Energy = 1.4461915989245391 dE =  3.92057E-01
SCF Iteration 195: Energy = 1.0541340325221609 dE = -3.92058E-01
SCF Iteration 196: Energy = 1.4461911837851809 dE =  3.92057E-01
SCF Iteration 197: Energy = 1.0541336685918772 dE = -3.92058E-01
SCF Iteration 198: Energy = 1.4461904942436397 dE =  3.92057E-01
SCF Iteration 199: Energy = 1.0541330641080451 dE = -3.92057E-01
SCF Iteration 200: Energy = 1.4461893489237450 dE =  3.92056E-01
SCF Iteration 201: Energy = 1.0541320600680741 dE = -3.92057E-01
SCF Iteration 202: Energy = 1.4461874465627822 dE =  3.92055E-01
SCF Iteration 203: Energy = 1.0541303923715126 dE = -3.92057E-01
SCF Iteration 204: Energy = 1.4461842867697643 dE =  3.92054E-01
SCF Iteration 205: Energy = 1.0541276223535414 dE = -3.92057E-01
SCF Iteration 206: Energy = 1.4461790384092841 dE =  3.92051E-01
SCF Iteration 207: Energy = 1.0541230214052197 dE = -3.92056E-01
SCF Iteration 208: Energy = 1.4461703209979855 dE =  3.92047E-01
SCF Iteration 209: Energy = 1.0541153793387232 dE = -3.92055E-01
SCF Iteration 210: Energy = 1.4461558416327513 dE =  3.92040E-01
SCF Iteration 211: Energy = 1.0541026861102909 dE = -3.92053E-01
SCF Iteration 212: Energy = 1.4461317920048373 dE =  3.92029E-01
SCF Iteration 213: Energy = 1.0540816032385283 dE = -3.92050E-01
SCF Iteration 214: Energy = 1.4460918470465154 dE =  3.92010E-01
SCF Iteration 215: Energy = 1.0540465860366834 dE = -3.92045E-01
SCF Iteration 216: Energy = 1.4460255022448438 dE =  3.91979E-01
SCF Iteration 217: Energy = 1.0539884262040957 dE = -3.92037E-01
SCF Iteration 218: Energy = 1.4459153134568012 dE =  3.91927E-01
SCF Iteration 219: Energy = 1.0538918326142974 dE = -3.92023E-01
SCF Iteration 220: Energy = 1.4457323164610352 dE =  3.91840E-01
SCF Iteration 221: Energy = 1.0537314172436814 dE = -3.92001E-01
SCF Iteration 222: Energy = 1.4454284304323513 dE =  3.91697E-01
SCF Iteration 223: Energy = 1.0534650394586578 dE = -3.91963E-01
SCF Iteration 224: Energy = 1.4449238720265498 dE =  3.91459E-01
SCF Iteration 225: Energy = 1.0530227829595891 dE = -3.91901E-01
SCF Iteration 226: Energy = 1.4440863379881026 dE =  3.91064E-01
SCF Iteration 227: Energy = 1.0522887347541159 dE = -3.91798E-01
SCF Iteration 228: Energy = 1.4426966689272021 dE =  3.90408E-01
SCF Iteration 229: Energy = 1.0510709626768970 dE = -3.91626E-01
SCF Iteration 230: Energy = 1.4403924798228784 dE =  3.89322E-01
SCF Iteration 231: Energy = 1.0490523138526875 dE = -3.91340E-01
SCF Iteration 232: Energy = 1.4365763454670437 dE =  3.87524E-01
SCF Iteration 233: Energy = 1.0457105119416488 dE = -3.90866E-01
SCF Iteration 234: Energy = 1.4302682425314286 dE =  3.84558E-01
SCF Iteration 235: Energy = 1.0401903916313626 dE = -3.90078E-01
SCF Iteration 236: Energy = 1.4198738241827145 dE =  3.79683E-01
SCF Iteration 237: Energy = 1.0311050267319801 dE = -3.88769E-01
SCF Iteration 238: Energy = 1.4028351689866456 dE =  3.71730E-01
SCF Iteration 239: Energy = 1.0162408105213481 dE = -3.86594E-01
SCF Iteration 240: Energy = 1.3751435729061603 dE =  3.58903E-01
SCF Iteration 241: Energy = 0.9921590851799009 dE = -3.82984E-01
SCF Iteration 242: Energy = 1.3307632546807151 dE =  3.38604E-01
SCF Iteration 243: Energy = 0.9537605560151230 dE = -3.77003E-01
SCF Iteration 244: Energy = 1.2612209511287382 dE =  3.07460E-01
SCF Iteration 245: Energy = 0.8940791869796305 dE = -3.67142E-01
SCF Iteration 246: Energy = 1.1560658617749926 dE =  2.61987E-01
SCF Iteration 247: Energy = 0.8049704950909795 dE = -3.51095E-01
SCF Iteration 248: Energy = 1.0055337201848904 dE =  2.00563E-01
SCF Iteration 249: Energy = 0.6798044699690162 dE = -3.25729E-01
SCF Iteration 250: Energy = 0.8067177089581361 dE =  1.26913E-01
SCF Iteration 251: Energy = 0.5188573405616033 dE = -2.87860E-01
SCF Iteration 252: Energy = 0.5717741339196545 dE =  5.29168E-02
SCF Iteration 253: Energy = 0.3351651457858194 dE = -2.36609E-01
SCF Iteration 254: Energy = 0.3306997790681308 dE = -4.46537E-03
SCF Iteration 255: Energy = 0.1541439589180122 dE = -1.76556E-01
SCF Iteration 256: Energy = 0.1201980002421816 dE = -3.39460E-02
SCF Iteration 257: Energy = 0.0023991659981555 dE = -1.17799E-01
SCF Iteration 258: Energy = -0.0358765330327859 dE = -3.82757E-02
SCF Iteration 259: Energy = -0.1062469682675520 dE = -7.03704E-02
SCF Iteration 260: Energy = -0.1358538209478319 dE = -2.96069E-02
SCF Iteration 261: Energy = -0.1741338172131748 dE = -3.82800E-02
SCF Iteration 262: Energy = -0.1928749512753010 dE = -1.87411E-02
SCF Iteration 263: Energy = -0.2123027633126626 dE = -1.94278E-02
SCF Iteration 264: Energy = -0.2227937529867323 dE = -1.04910E-02
SCF Iteration 265: Energy = -0.2322078582516061 dE = -9.41411E-03
SCF Iteration 266: Energy = -0.2376434480420242 dE = -5.43559E-03
SCF Iteration 267: Energy = -0.2420764003710949 dE = -4.43295E-03
SCF Iteration 268: Energy = -0.2447585131740020 dE = -2.68211E-03
SCF Iteration 269: Energy = -0.2468109344013940 dE = -2.05242E-03
SCF Iteration 270: Energy = -0.2480941668449970 dE = -1.28323E-03
SCF Iteration 271: Energy = -0.2490352496994634 dE = -9.41083E-04
SCF Iteration 272: Energy = -0.2496372941445317 dE = -6.02044E-04
SCF Iteration 273: Energy = -0.2500664423562995 dE = -4.29148E-04
SCF Iteration 274: Energy = -0.2503453924777426 dE = -2.78950E-04
SCF Iteration 275: Energy = -0.2505404892262892 dE = -1.95097E-04
SCF Iteration 276: Energy = -0.2506687063897668 dE = -1.28217E-04
SCF Iteration 277: Energy = -0.2507572479671087 dE = -8.85416E-05
SCF Iteration 278: Energy = -0.2508158788218826 dE = -5.86309E-05
SCF Iteration 279: Energy = -0.2508560239492930 dE = -4.01451E-05
SCF Iteration 280: Energy = -0.2508827454170026 dE = -2.67215E-05
SCF Iteration 281: Energy = -0.2509009380508225 dE = -1.81926E-05
SCF Iteration 282: Energy = -0.2509130903845458 dE = -1.21523E-05
SCF Iteration 283: Energy = -0.2509213325685087 dE = -8.24218E-06
SCF Iteration 284: Energy = -0.2509268515032463 dE = -5.51893E-06
SCF Iteration 285: Energy = -0.2509305851507846 dE = -3.73365E-06
SCF Iteration 286: Energy = -0.2509330893096444 dE = -2.50416E-06
SCF Iteration 287: Energy = -0.2509347805384263 dE = -1.69123E-06
SCF Iteration 288: Energy = -0.2509359161226232 dE = -1.13558E-06
SCF Iteration 289: Energy = -0.2509366821917554 dE = -7.66069E-07
SCF Iteration 290: Energy = -0.2509371969682208 dE = -5.14776E-07
SCF Iteration 291: Energy = -0.2509375439765953 dE = -3.47008E-07
SCF Iteration 292: Energy = -0.2509377772789798 dE = -2.33302E-07
SCF Iteration 293: Energy = -0.2509379344683587 dE = -1.57189E-07
SCF Iteration 294: Energy = -0.2509380401888972 dE = -1.05721E-07
SCF Iteration 295: Energy = -0.2509381113954166 dE = -7.12065E-08
SCF Iteration 296: Energy = -0.2509381592985842 dE = -4.79032E-08
SCF Iteration 297: Energy = -0.2509381915560409 dE = -3.22575E-08
SCF Iteration 298: Energy = -0.2509382132605418 dE = -2.17045E-08
SCF Iteration 299: Energy = -0.2509382278740406 dE = -1.46135E-08
SCF Iteration 300: Energy = -0.2509382377079517 dE = -9.83391E-09
SCF Iteration 301: Energy = -0.2509382443284567 dE = -6.62051E-09
SCF Iteration 302: Energy = -0.2509382487840015 dE = -4.45554E-09
SCF Iteration 303: Energy = -0.2509382517834364 dE = -2.99943E-09
SCF Iteration 304: Energy = -0.2509382538021638 dE = -2.01873E-09
SCF Iteration 305: Energy = -0.2509382551610981 dE = -1.35893E-09
SCF Iteration 306: Energy = -0.2509382560757509 dE = -9.14653E-10
SCF Iteration 307: Energy = -0.2509382566914526 dE = -6.15702E-10
SCF Iteration 308: Energy = -0.2509382571058736 dE = -4.14421E-10
SCF Iteration 309: Energy = -0.2509382573848367 dE = -2.78963E-10
SCF Iteration 310: Energy = -0.2509382575726140 dE = -1.87777E-10
SCF Iteration 311: Energy = -0.2509382576990062 dE = -1.26392E-10
SCF Iteration 312: Energy = -0.2509382577840849 dE = -8.50786E-11

SCF converged.
E_QED_HF          = -0.250938257784085
HF  (psi4)        = -0.950584906050995
Starting with the CCSD calculation:

Iter  Energy(CCSD)      E_diff    time(sec)
  1:  -0.1397604465  1.39760E-01   19.035
  2:  -0.2128516822  7.30912E-02   19.035
  3:  -0.2461509225  3.32992E-02   19.034
  4:  -0.2780314161  3.18805E-02   19.035
  5:  -0.3103618643  3.23304E-02   19.037
  6:  -0.3401306872  2.97688E-02   19.033
  7:  -0.3547102817  1.45796E-02   19.023
  8:  -0.3701979057  1.54876E-02   19.027
  9:  -0.3837593332  1.35614E-02   19.034
 10:  -0.4033436536  1.95843E-02   19.025
 11:  -0.4163706780  1.30270E-02   19.034
 12:  -0.4383751642  2.20045E-02   19.024
 13:  -0.4348957066  3.47946E-03   19.035
 14:  -0.4411033062  6.20760E-03   19.029
 15:  -0.4420742865  9.70980E-04   19.029
 16:  -0.4451081842  3.03390E-03   19.026
 17:  -0.4467915631  1.68338E-03   19.030
 18:  -0.4524683089  5.67675E-03   19.025
 19:  -0.4572860887  4.81778E-03   19.032
 20:  -0.4619349790  4.64889E-03   19.033
 21:  -0.4655524835  3.61750E-03   19.035
 22:  -0.4679306387  2.37816E-03   19.034
 23:  -0.4703388017  2.40816E-03   19.034
 24:  -0.4715223681  1.18357E-03   19.035
 25:  -0.4719054709  3.83103E-04   19.040
 26:  -0.4721187092  2.13238E-04   19.030
 27:  -0.4716076931  5.11016E-04   19.034
 28:  -0.4715303869  7.73062E-05   19.032
 29:  -0.4713895166  1.40870E-04   19.027
 30:  -0.4713429913  4.65253E-05   19.031
 31:  -0.4713304693  1.25220E-05   19.037
 32:  -0.4713014178  2.90515E-05   19.028
 33:  -0.4712376148  6.38030E-05   19.036
 34:  -0.4711934734  4.41414E-05   19.031
 35:  -0.4711705938  2.28796E-05   19.029
 36:  -0.4711174604  5.31334E-05   19.033
 37:  -0.4710725605  4.48998E-05   19.034
 38:  -0.4710437924  2.87681E-05   19.037
 39:  -0.4710329281  1.08643E-05   19.032
 40:  -0.4710104275  2.25006E-05   19.038
 41:  -0.4709903080  2.01195E-05   19.034
 42:  -0.4709803825  9.92551E-06   19.035
 43:  -0.4709668762  1.35062E-05   19.032
 44:  -0.4709470303  1.98459E-05   19.035
 45:  -0.4709376260  9.40426E-06   19.036
 46:  -0.4709292149  8.41117E-06   19.039
 47:  -0.4709219046  7.31028E-06   19.035
 48:  -0.4709176534  4.25117E-06   19.031
 49:  -0.4709138022  3.85125E-06   19.030
 50:  -0.4709103330  3.46918E-06   19.040
E_QED_CCSD  (Corr.)  = -0.470910332988610
E_QED_CCSD tot       = -0.721848590772695
E_CCSD_psi4 (Corr.)  = -0.082621967226075
E_CCSD_psi4 tot      = -1.033206873277070
