
  Memory set to  55.879 GiB by Python driver.
  Threads set to 1 by Python driver.
Settings:
	LOT = CCSD-S2-U22
	wc = 20.0 eV
	lambda = [0.727454 0.       0.      ] a.u.
	Equivalent A0 = LAMBDA / sqrt(2 wc) = [0.6 0.  0. ])
doing QED-CCSD-Full (or QED-CCSD-22)
Number of occupied orbitals:   1
Number of basis functions:  60
SCF Iteration   1: Energy = 0.1582818873955339 dE =  1.58282E-01
SCF Iteration   2: Energy = -0.3268960014906890 dE = -4.85178E-01
SCF Iteration   3: Energy = -0.3332616782306702 dE = -6.36568E-03
SCF Iteration   4: Energy = -0.3334125100755423 dE = -1.50832E-04
SCF Iteration   5: Energy = -0.3334173268904761 dE = -4.81681E-06
SCF Iteration   6: Energy = -0.3334175080389439 dE = -1.81148E-07
SCF Iteration   7: Energy = -0.3334175153925163 dE = -7.35357E-09
SCF Iteration   8: Energy = -0.3334175157011317 dE = -3.08615E-10
SCF Iteration   9: Energy = -0.3334175157142705 dE = -1.31388E-11

SCF converged.
E_QED_HF          = -0.333417515714270
HF  (psi4)        = -1.023229678594614
Starting with the CCSD calculation:

Iter  Energy(CCSD)      E_diff    time(sec)
  1:  -0.5146478173  5.14648E-01   19.088
  2:  -0.5093478920  5.29993E-03   19.089
  3:  -0.4894130326  1.99349E-02   19.086
  4:  -0.5052380688  1.58250E-02   19.080
  5:  -0.5337349649  2.84969E-02   19.086
  6:  -0.5309771430  2.75782E-03   19.070
  7:  -0.5291795875  1.79756E-03   19.069
  8:  -0.5326483803  3.46879E-03   19.072
  9:  -0.5332424202  5.94040E-04   19.068
 10:  -0.5338564635  6.14043E-04   19.084
 11:  -0.5340194960  1.63033E-04   19.074
 12:  -0.5340395776  2.00816E-05   19.072
 13:  -0.5340452907  5.71311E-06   19.079
 14:  -0.5340404920  4.79866E-06   19.080
 15:  -0.5340446111  4.11911E-06   19.070
 16:  -0.5340397583  4.85288E-06   19.077
 17:  -0.5340389299  8.28355E-07   19.074
 18:  -0.5340383020  6.27961E-07   19.077
 19:  -0.5340383223  2.03910E-08   19.076
 20:  -0.5340383069  1.54781E-08   19.072
 21:  -0.5340383177  1.08479E-08   19.088
 22:  -0.5340383111  6.61909E-09   19.084
E_QED_CCSD  (Corr.)  = -0.534038311095190
E_QED_CCSD tot       = -0.867455826809461
E_CCSD_psi4 (Corr.)  = -0.057989650473480
E_CCSD_psi4 tot      = -1.081219329068094
