
  Memory set to  55.879 GiB by Python driver.
  Threads set to 1 by Python driver.
Settings:
	LOT = CCSD-S2-U22
	wc = 20.0 eV
	lambda = [0.727454 0.       0.      ] a.u.
	Equivalent A0 = LAMBDA / sqrt(2 wc) = [0.6 0.  0. ])
doing QED-CCSD-Full (or QED-CCSD-22)
Number of occupied orbitals:   1
Number of basis functions:  60
SCF Iteration   1: Energy = 4.1237897720972532 dE =  4.12379E+00
SCF Iteration   2: Energy = 4.4497068723556064 dE =  3.25917E-01
SCF Iteration   3: Energy = 4.2736969155127928 dE = -1.76010E-01
SCF Iteration   4: Energy = 4.4426323592439756 dE =  1.68935E-01
SCF Iteration   5: Energy = 4.3592547743662964 dE = -8.33776E-02
SCF Iteration   6: Energy = 4.4538523814664561 dE =  9.45976E-02
SCF Iteration   7: Energy = 4.4029251358253125 dE = -5.09272E-02
SCF Iteration   8: Energy = 4.4624943770646341 dE =  5.95692E-02
SCF Iteration   9: Energy = 4.4245437814778192 dE = -3.79506E-02
SCF Iteration  10: Energy = 4.4664825693534906 dE =  4.19388E-02
SCF Iteration  11: Energy = 4.4342752474125842 dE = -3.22073E-02
SCF Iteration  12: Energy = 4.4667841695347290 dE =  3.25089E-02
SCF Iteration  13: Energy = 4.4373783101413551 dE = -2.94059E-02
SCF Iteration  14: Energy = 4.4646553610249553 dE =  2.72771E-02
SCF Iteration  15: Energy = 4.4367761700072439 dE = -2.78792E-02
SCF Iteration  16: Energy = 4.4611258035775041 dE =  2.43496E-02
SCF Iteration  17: Energy = 4.4341866241173351 dE = -2.69392E-02
SCF Iteration  18: Energy = 4.4569347432381878 dE =  2.27481E-02
SCF Iteration  19: Energy = 4.4306440312476347 dE = -2.62907E-02
SCF Iteration  20: Energy = 4.4525723961794874 dE =  2.19284E-02
SCF Iteration  21: Energy = 4.4267694418939687 dE = -2.58030E-02
SCF Iteration  22: Energy = 4.4483411910288817 dE =  2.15717E-02
SCF Iteration  23: Energy = 4.4229258875396367 dE = -2.54153E-02
SCF Iteration  24: Energy = 4.4444116383775993 dE =  2.14858E-02
SCF Iteration  25: Energy = 4.4193139716991627 dE = -2.50977E-02
SCF Iteration  26: Energy = 4.4408662505366765 dE =  2.15523E-02
SCF Iteration  27: Energy = 4.4160327917269599 dE = -2.48335E-02
SCF Iteration  28: Energy = 4.4377315426358255 dE =  2.16988E-02
SCF Iteration  29: Energy = 4.4131192617242725 dE = -2.46123E-02
SCF Iteration  30: Energy = 4.4350002426653914 dE =  2.18810E-02
SCF Iteration  31: Energy = 4.4105734863192572 dE = -2.44268E-02
SCF Iteration  32: Energy = 4.4326461480333803 dE =  2.20727E-02
SCF Iteration  33: Energy = 4.4083749934410852 dE = -2.42712E-02
SCF Iteration  34: Energy = 4.4306337403331817 dE =  2.22587E-02
SCF Iteration  35: Energy = 4.4064929607083743 dE = -2.41408E-02
SCF Iteration  36: Energy = 4.4289241929105447 dE =  2.24312E-02
SCF Iteration  37: Energy = 4.4048925106815302 dE = -2.40317E-02
SCF Iteration  38: Energy = 4.4274789624945425 dE =  2.25865E-02
SCF Iteration  39: Energy = 4.4035384544147957 dE = -2.39405E-02
SCF Iteration  40: Energy = 4.4262618011442783 dE =  2.27233E-02
SCF Iteration  41: Energy = 4.4023973985307228 dE = -2.38644E-02
SCF Iteration  42: Energy = 4.4252397604341596 dE =  2.28424E-02
SCF Iteration  43: Energy = 4.4014388199476526 dE = -2.38009E-02
SCF Iteration  44: Energy = 4.4243835711566222 dE =  2.29448E-02
SCF Iteration  45: Energy = 4.4006355041160985 dE = -2.37481E-02
SCF Iteration  46: Energy = 4.4236676508481194 dE =  2.30321E-02
SCF Iteration  47: Energy = 4.3999636036912255 dE = -2.37040E-02
SCF Iteration  48: Energy = 4.4230699022769864 dE =  2.31063E-02
SCF Iteration  49: Energy = 4.3994024823749376 dE = -2.36674E-02
SCF Iteration  50: Energy = 4.4225714062577088 dE =  2.31689E-02
SCF Iteration  51: Energy = 4.3989344478655665 dE = -2.36370E-02
SCF Iteration  52: Energy = 4.4221560726244906 dE =  2.32216E-02
SCF Iteration  53: Energy = 4.3985444380665095 dE = -2.36116E-02
SCF Iteration  54: Energy = 4.4218102874006133 dE =  2.32658E-02
SCF Iteration  55: Energy = 4.3982196989056996 dE = -2.35906E-02
SCF Iteration  56: Energy = 4.4215225776117588 dE =  2.33029E-02
SCF Iteration  57: Energy = 4.3979494755842508 dE = -2.35731E-02
SCF Iteration  58: Energy = 4.4212833047147191 dE =  2.33338E-02
SCF Iteration  59: Energy = 4.3977247286378907 dE = -2.35586E-02
SCF Iteration  60: Energy = 4.4210843911479891 dE =  2.33597E-02
SCF Iteration  61: Energy = 4.3975378797476177 dE = -2.35465E-02
SCF Iteration  62: Energy = 4.4209190806547811 dE =  2.33812E-02
SCF Iteration  63: Energy = 4.3973825883711326 dE = -2.35365E-02
SCF Iteration  64: Energy = 4.4207817308437249 dE =  2.33991E-02
SCF Iteration  65: Energy = 4.3972535580581118 dE = -2.35282E-02
SCF Iteration  66: Energy = 4.4206676353230963 dE =  2.34141E-02
SCF Iteration  67: Energy = 4.3971463701478015 dE = -2.35213E-02
SCF Iteration  68: Energy = 4.4205728722658302 dE =  2.34265E-02
SCF Iteration  69: Energy = 4.3970573420302301 dE = -2.35155E-02
SCF Iteration  70: Energy = 4.4204941761727516 dE =  2.34368E-02
SCF Iteration  71: Energy = 4.3969834070236109 dE = -2.35108E-02
SCF Iteration  72: Energy = 4.4204288297336527 dE =  2.34454E-02
SCF Iteration  73: Energy = 4.3969220130144633 dE = -2.35068E-02
SCF Iteration  74: Energy = 4.4203745729336630 dE =  2.34526E-02
SCF Iteration  75: Energy = 4.3968710372201496 dE = -2.35035E-02
SCF Iteration  76: Energy = 4.4203295268504172 dE =  2.34585E-02
SCF Iteration  77: Energy = 4.3968287147003471 dE = -2.35008E-02
SCF Iteration  78: Energy = 4.4202921298965396 dE =  2.34634E-02
SCF Iteration  79: Energy = 4.3967935785257710 dE = -2.34986E-02
SCF Iteration  80: Energy = 4.4202610845606687 dE =  2.34675E-02
SCF Iteration  81: Energy = 4.3967644097865941 dE = -2.34967E-02
SCF Iteration  82: Energy = 4.4202353129747642 dE =  2.34709E-02
SCF Iteration  83: Energy = 4.3967401958776691 dE = -2.34951E-02
SCF Iteration  84: Energy = 4.4202139198827837 dE =  2.34737E-02
SCF Iteration  85: Energy = 4.3967200957269252 dE = -2.34938E-02
SCF Iteration  86: Energy = 4.4201961618027976 dE =  2.34761E-02
SCF Iteration  87: Energy = 4.3967034108356806 dE = -2.34928E-02
SCF Iteration  88: Energy = 4.4201814213634645 dE =  2.34780E-02
SCF Iteration  89: Energy = 4.3966895611757861 dE = -2.34919E-02
SCF Iteration  90: Energy = 4.4201691859576862 dE =  2.34796E-02
SCF Iteration  91: Energy = 4.3966780651396942 dE = -2.34911E-02
SCF Iteration  92: Energy = 4.4201590299946902 dE =  2.34810E-02
SCF Iteration  93: Energy = 4.3966685228694811 dE = -2.34905E-02
SCF Iteration  94: Energy = 4.4201506001487125 dE =  2.34821E-02
SCF Iteration  95: Energy = 4.3966606023997956 dE = -2.34900E-02
SCF Iteration  96: Energy = 4.4201436031019048 dE =  2.34830E-02
SCF Iteration  97: Energy = 4.3966540281433444 dE = -2.34896E-02
SCF Iteration  98: Energy = 4.4201377953616179 dE =  2.34838E-02
SCF Iteration  99: Energy = 4.3966485713248753 dE = -2.34892E-02
SCF Iteration 100: Energy = 4.4201329748027414 dE =  2.34844E-02
SCF Iteration 101: Energy = 4.3966440420353665 dE = -2.34889E-02
SCF Iteration 102: Energy = 4.4201289736436467 dE =  2.34849E-02
SCF Iteration 103: Energy = 4.3966402826329949 dE = -2.34887E-02
SCF Iteration 104: Energy = 4.4201256526135273 dE =  2.34854E-02
SCF Iteration 105: Energy = 4.3966371622633105 dE = -2.34885E-02
SCF Iteration 106: Energy = 4.4201228961093655 dE =  2.34857E-02
SCF Iteration 107: Energy = 4.3966345723091029 dE = -2.34883E-02
SCF Iteration 108: Energy = 4.4201206081750088 dE =  2.34860E-02
SCF Iteration 109: Energy = 4.3966324226125746 dE = -2.34882E-02
SCF Iteration 110: Energy = 4.4201187091629928 dE =  2.34863E-02
SCF Iteration 111: Energy = 4.3966306383390146 dE = -2.34881E-02
SCF Iteration 112: Energy = 4.4201171329632070 dE =  2.34865E-02
SCF Iteration 113: Energy = 4.3966291573730016 dE = -2.34880E-02
SCF Iteration 114: Energy = 4.4201158247024379 dE =  2.34867E-02
SCF Iteration 115: Energy = 4.3966279281569198 dE = -2.34879E-02
SCF Iteration 116: Energy = 4.4201147388345783 dE =  2.34868E-02
SCF Iteration 117: Energy = 4.3966269078966693 dE = -2.34878E-02
SCF Iteration 118: Energy = 4.4201138375554336 dE =  2.34869E-02
SCF Iteration 119: Energy = 4.3966260610722516 dE = -2.34878E-02
SCF Iteration 120: Energy = 4.4201130894868461 dE =  2.34870E-02
SCF Iteration 121: Energy = 4.3966253582014518 dE = -2.34877E-02
SCF Iteration 122: Energy = 4.4201124685845317 dE =  2.34871E-02
SCF Iteration 123: Energy = 4.3966247748135538 dE = -2.34877E-02
SCF Iteration 124: Energy = 4.4201119532313022 dE =  2.34872E-02
SCF Iteration 125: Energy = 4.3966242905975257 dE = -2.34877E-02
SCF Iteration 126: Energy = 4.4201115254847005 dE =  2.34872E-02
SCF Iteration 127: Energy = 4.3966238886949975 dE = -2.34876E-02
SCF Iteration 128: Energy = 4.4201111704522704 dE =  2.34873E-02
SCF Iteration 129: Energy = 4.3966235551132646 dE = -2.34876E-02
SCF Iteration 130: Energy = 4.4201108757731058 dE =  2.34873E-02
SCF Iteration 131: Energy = 4.3966232782383416 dE = -2.34876E-02
SCF Iteration 132: Energy = 4.4201106311876037 dE =  2.34874E-02
SCF Iteration 133: Energy = 4.3966230484304463 dE = -2.34876E-02
SCF Iteration 134: Energy = 4.4201104281801600 dE =  2.34874E-02
SCF Iteration 135: Energy = 4.3966228576885023 dE = -2.34876E-02
SCF Iteration 136: Energy = 4.4201102596827733 dE =  2.34874E-02
SCF Iteration 137: Energy = 4.3966226993715471 dE = -2.34876E-02
SCF Iteration 138: Energy = 4.4201101198289559 dE =  2.34874E-02
SCF Iteration 139: Energy = 4.3966225679675413 dE = -2.34876E-02
SCF Iteration 140: Energy = 4.4201100037494765 dE =  2.34874E-02
SCF Iteration 141: Energy = 4.3966224589014562 dE = -2.34875E-02
SCF Iteration 142: Energy = 4.4201099074028303 dE =  2.34874E-02
SCF Iteration 143: Energy = 4.3966223683759811 dE = -2.34875E-02
SCF Iteration 144: Energy = 4.4201098274345680 dE =  2.34875E-02
SCF Iteration 145: Energy = 4.3966222932393029 dE = -2.34875E-02
SCF Iteration 146: Energy = 4.4201097610604565 dE =  2.34875E-02
SCF Iteration 147: Energy = 4.3966222308754448 dE = -2.34875E-02
SCF Iteration 148: Energy = 4.4201097059695629 dE =  2.34875E-02
SCF Iteration 149: Energy = 4.3966221791130833 dE = -2.34875E-02
SCF Iteration 150: Energy = 4.4201096602438215 dE =  2.34875E-02
SCF Iteration 151: Energy = 4.3966221361500324 dE = -2.34875E-02
SCF Iteration 152: Energy = 4.4201096222911920 dE =  2.34875E-02
SCF Iteration 153: Energy = 4.3966221004904638 dE = -2.34875E-02
SCF Iteration 154: Energy = 4.4201095907902950 dE =  2.34875E-02
SCF Iteration 155: Energy = 4.3966220708928194 dE = -2.34875E-02
SCF Iteration 156: Energy = 4.4201095646443749 dE =  2.34875E-02
SCF Iteration 157: Energy = 4.3966220463266001 dE = -2.34875E-02
SCF Iteration 158: Energy = 4.4201095429431136 dE =  2.34875E-02
SCF Iteration 159: Energy = 4.3966220259365123 dE = -2.34875E-02
SCF Iteration 160: Energy = 4.4201095249309388 dE =  2.34875E-02
SCF Iteration 161: Energy = 4.3966220090126074 dE = -2.34875E-02
SCF Iteration 162: Energy = 4.4201095099807439 dE =  2.34875E-02
SCF Iteration 163: Energy = 4.3966219949656802 dE = -2.34875E-02
SCF Iteration 164: Energy = 4.4201094975719917 dE =  2.34875E-02
SCF Iteration 165: Energy = 4.3966219833066518 dE = -2.34875E-02
SCF Iteration 166: Energy = 4.4201094872726596 dE =  2.34875E-02
SCF Iteration 167: Energy = 4.3966219736296006 dE = -2.34875E-02
SCF Iteration 168: Energy = 4.4201094787241475 dE =  2.34875E-02
SCF Iteration 169: Energy = 4.3966219655975776 dE = -2.34875E-02
SCF Iteration 170: Energy = 4.4201094716288534 dE =  2.34875E-02
SCF Iteration 171: Energy = 4.3966219589309778 dE = -2.34875E-02
SCF Iteration 172: Energy = 4.4201094657397091 dE =  2.34875E-02
SCF Iteration 173: Energy = 4.3966219533976458 dE = -2.34875E-02
SCF Iteration 174: Energy = 4.4201094608516973 dE =  2.34875E-02
SCF Iteration 175: Energy = 4.3966219488049552 dE = -2.34875E-02
SCF Iteration 176: Energy = 4.4201094567946084 dE =  2.34875E-02
SCF Iteration 177: Energy = 4.3966219449929875 dE = -2.34875E-02
SCF Iteration 178: Energy = 4.4201094534272007 dE =  2.34875E-02
SCF Iteration 179: Energy = 4.3966219418290473 dE = -2.34875E-02
SCF Iteration 180: Energy = 4.4201094506322347 dE =  2.34875E-02
SCF Iteration 181: Energy = 4.3966219392029542 dE = -2.34875E-02
SCF Iteration 182: Energy = 4.4201094483124193 dE =  2.34875E-02
SCF Iteration 183: Energy = 4.3966219370232880 dE = -2.34875E-02
SCF Iteration 184: Energy = 4.4201094463869435 dE =  2.34875E-02
SCF Iteration 185: Energy = 4.3966219352141449 dE = -2.34875E-02
SCF Iteration 186: Energy = 4.4201094447887810 dE =  2.34875E-02
SCF Iteration 187: Energy = 4.3966219337125469 dE = -2.34875E-02
SCF Iteration 188: Energy = 4.4201094434623069 dE =  2.34875E-02
SCF Iteration 189: Energy = 4.3966219324662141 dE = -2.34875E-02
SCF Iteration 190: Energy = 4.4201094423613192 dE =  2.34875E-02
SCF Iteration 191: Energy = 4.3966219314317518 dE = -2.34875E-02
SCF Iteration 192: Energy = 4.4201094414475035 dE =  2.34875E-02
SCF Iteration 193: Energy = 4.3966219305731427 dE = -2.34875E-02
SCF Iteration 194: Energy = 4.4201094406890160 dE =  2.34875E-02
SCF Iteration 195: Energy = 4.3966219298604843 dE = -2.34875E-02
SCF Iteration 196: Energy = 4.4201094400594707 dE =  2.34875E-02
SCF Iteration 197: Energy = 4.3966219292689743 dE = -2.34875E-02
SCF Iteration 198: Energy = 4.4201094395369482 dE =  2.34875E-02
SCF Iteration 199: Energy = 4.3966219287780293 dE = -2.34875E-02
SCF Iteration 200: Energy = 4.4201094391032472 dE =  2.34875E-02
SCF Iteration 201: Energy = 4.3966219283705330 dE = -2.34875E-02
SCF Iteration 202: Energy = 4.4201094387432756 dE =  2.34875E-02
SCF Iteration 203: Energy = 4.3966219280323076 dE = -2.34875E-02
SCF Iteration 204: Energy = 4.4201094384445012 dE =  2.34875E-02
SCF Iteration 205: Energy = 4.3966219277515881 dE = -2.34875E-02
SCF Iteration 206: Energy = 4.4201094381965147 dE =  2.34875E-02
SCF Iteration 207: Energy = 4.3966219275185834 dE = -2.34875E-02
SCF Iteration 208: Energy = 4.4201094379906793 dE =  2.34875E-02
SCF Iteration 209: Energy = 4.3966219273251825 dE = -2.34875E-02
SCF Iteration 210: Energy = 4.4201094378198453 dE =  2.34875E-02
SCF Iteration 211: Energy = 4.3966219271646656 dE = -2.34875E-02
SCF Iteration 212: Energy = 4.4201094376780450 dE =  2.34875E-02
SCF Iteration 213: Energy = 4.3966219270314353 dE = -2.34875E-02
SCF Iteration 214: Energy = 4.4201094375603542 dE =  2.34875E-02
SCF Iteration 215: Energy = 4.3966219269208553 dE = -2.34875E-02
SCF Iteration 216: Energy = 4.4201094374626750 dE =  2.34875E-02
SCF Iteration 217: Energy = 4.3966219268290763 dE = -2.34875E-02
SCF Iteration 218: Energy = 4.4201094373815994 dE =  2.34875E-02
SCF Iteration 219: Energy = 4.3966219267528919 dE = -2.34875E-02
SCF Iteration 220: Energy = 4.4201094373142800 dE =  2.34875E-02
SCF Iteration 221: Energy = 4.3966219266896536 dE = -2.34875E-02
SCF Iteration 222: Energy = 4.4201094372584402 dE =  2.34875E-02
SCF Iteration 223: Energy = 4.3966219266371747 dE = -2.34875E-02
SCF Iteration 224: Energy = 4.4201094372120835 dE =  2.34875E-02
SCF Iteration 225: Energy = 4.3966219265936255 dE = -2.34875E-02
SCF Iteration 226: Energy = 4.4201094371736067 dE =  2.34875E-02
SCF Iteration 227: Energy = 4.3966219265574722 dE = -2.34875E-02
SCF Iteration 228: Energy = 4.4201094371416696 dE =  2.34875E-02
SCF Iteration 229: Energy = 4.3966219265274624 dE = -2.34875E-02
SCF Iteration 230: Energy = 4.4201094371151566 dE =  2.34875E-02
SCF Iteration 231: Energy = 4.3966219265025499 dE = -2.34875E-02
SCF Iteration 232: Energy = 4.4201094370931466 dE =  2.34875E-02
SCF Iteration 233: Energy = 4.3966219264818713 dE = -2.34875E-02
SCF Iteration 234: Energy = 4.4201094370748848 dE =  2.34875E-02
SCF Iteration 235: Energy = 4.3966219264647082 dE = -2.34875E-02
SCF Iteration 236: Energy = 4.4201094370597227 dE =  2.34875E-02
SCF Iteration 237: Energy = 4.3966219264504751 dE = -2.34875E-02
SCF Iteration 238: Energy = 4.4201094370471363 dE =  2.34875E-02
SCF Iteration 239: Energy = 4.3966219264386428 dE = -2.34875E-02
SCF Iteration 240: Energy = 4.4201094370366976 dE =  2.34875E-02
SCF Iteration 241: Energy = 4.3966219264288435 dE = -2.34875E-02
SCF Iteration 242: Energy = 4.4201094370280334 dE =  2.34875E-02
SCF Iteration 243: Energy = 4.3966219264206954 dE = -2.34875E-02
SCF Iteration 244: Energy = 4.4201094370208400 dE =  2.34875E-02
SCF Iteration 245: Energy = 4.3966219264139283 dE = -2.34875E-02
SCF Iteration 246: Energy = 4.4201094370148688 dE =  2.34875E-02
SCF Iteration 247: Energy = 4.3966219264083302 dE = -2.34875E-02
SCF Iteration 248: Energy = 4.4201094370099154 dE =  2.34875E-02
SCF Iteration 249: Energy = 4.3966219264036699 dE = -2.34875E-02
SCF Iteration 250: Energy = 4.4201094370058058 dE =  2.34875E-02
SCF Iteration 251: Energy = 4.3966219263998045 dE = -2.34875E-02
SCF Iteration 252: Energy = 4.4201094370023943 dE =  2.34875E-02
SCF Iteration 253: Energy = 4.3966219263966035 dE = -2.34875E-02
SCF Iteration 254: Energy = 4.4201094369995504 dE =  2.34875E-02
SCF Iteration 255: Energy = 4.3966219263939417 dE = -2.34875E-02
SCF Iteration 256: Energy = 4.4201094369972056 dE =  2.34875E-02
SCF Iteration 257: Energy = 4.3966219263917283 dE = -2.34875E-02
SCF Iteration 258: Energy = 4.4201094369952552 dE =  2.34875E-02
SCF Iteration 259: Energy = 4.3966219263898951 dE = -2.34875E-02
SCF Iteration 260: Energy = 4.4201094369936360 dE =  2.34875E-02
SCF Iteration 261: Energy = 4.3966219263883772 dE = -2.34875E-02
SCF Iteration 262: Energy = 4.4201094369922780 dE =  2.34875E-02
SCF Iteration 263: Energy = 4.3966219263871045 dE = -2.34875E-02
SCF Iteration 264: Energy = 4.4201094369911669 dE =  2.34875E-02
SCF Iteration 265: Energy = 4.3966219263860600 dE = -2.34875E-02
SCF Iteration 266: Energy = 4.4201094369902396 dE =  2.34875E-02
SCF Iteration 267: Energy = 4.3966219263851842 dE = -2.34875E-02
SCF Iteration 268: Energy = 4.4201094369894731 dE =  2.34875E-02
SCF Iteration 269: Energy = 4.3966219263844692 dE = -2.34875E-02
SCF Iteration 270: Energy = 4.4201094369888301 dE =  2.34875E-02
SCF Iteration 271: Energy = 4.3966219263838608 dE = -2.34875E-02
SCF Iteration 272: Energy = 4.4201094369883043 dE =  2.34875E-02
SCF Iteration 273: Energy = 4.3966219263833670 dE = -2.34875E-02
SCF Iteration 274: Energy = 4.4201094369878664 dE =  2.34875E-02
SCF Iteration 275: Energy = 4.3966219263829531 dE = -2.34875E-02
SCF Iteration 276: Energy = 4.4201094369874907 dE =  2.34875E-02
SCF Iteration 277: Energy = 4.3966219263826014 dE = -2.34875E-02
SCF Iteration 278: Energy = 4.4201094369871869 dE =  2.34875E-02
SCF Iteration 279: Energy = 4.3966219263823190 dE = -2.34875E-02
SCF Iteration 280: Energy = 4.4201094369869436 dE =  2.34875E-02
SCF Iteration 281: Energy = 4.3966219263820827 dE = -2.34875E-02
SCF Iteration 282: Energy = 4.4201094369867411 dE =  2.34875E-02
SCF Iteration 283: Energy = 4.3966219263818802 dE = -2.34875E-02
SCF Iteration 284: Energy = 4.4201094369865563 dE =  2.34875E-02
SCF Iteration 285: Energy = 4.3966219263817239 dE = -2.34875E-02
SCF Iteration 286: Energy = 4.4201094369864107 dE =  2.34875E-02
SCF Iteration 287: Energy = 4.3966219263815800 dE = -2.34875E-02
SCF Iteration 288: Energy = 4.4201094369862872 dE =  2.34875E-02
SCF Iteration 289: Energy = 4.3966219263814734 dE = -2.34875E-02
SCF Iteration 290: Energy = 4.4201094369861940 dE =  2.34875E-02
SCF Iteration 291: Energy = 4.3966219263813784 dE = -2.34875E-02
SCF Iteration 292: Energy = 4.4201094369861087 dE =  2.34875E-02
SCF Iteration 293: Energy = 4.3966219263812993 dE = -2.34875E-02
SCF Iteration 294: Energy = 4.4201094369860510 dE =  2.34875E-02
SCF Iteration 295: Energy = 4.3966219263812372 dE = -2.34875E-02
SCF Iteration 296: Energy = 4.4201094369859879 dE =  2.34875E-02
SCF Iteration 297: Energy = 4.3966219263811874 dE = -2.34875E-02
SCF Iteration 298: Energy = 4.4201094369859391 dE =  2.34875E-02
SCF Iteration 299: Energy = 4.3966219263811466 dE = -2.34875E-02
SCF Iteration 300: Energy = 4.4201094369859089 dE =  2.34875E-02
SCF Iteration 301: Energy = 4.3966219263811110 dE = -2.34875E-02
SCF Iteration 302: Energy = 4.4201094369858760 dE =  2.34875E-02
SCF Iteration 303: Energy = 4.3966219263810755 dE = -2.34875E-02
SCF Iteration 304: Energy = 4.4201094369858476 dE =  2.34875E-02
SCF Iteration 305: Energy = 4.3966219263810542 dE = -2.34875E-02
SCF Iteration 306: Energy = 4.4201094369858334 dE =  2.34875E-02
SCF Iteration 307: Energy = 4.3966219263810364 dE = -2.34875E-02
SCF Iteration 308: Energy = 4.4201094369858103 dE =  2.34875E-02
SCF Iteration 309: Energy = 4.3966219263810205 dE = -2.34875E-02
SCF Iteration 310: Energy = 4.4201094369857943 dE =  2.34875E-02
SCF Iteration 311: Energy = 4.3966219263810018 dE = -2.34875E-02
SCF Iteration 312: Energy = 4.4201094369857801 dE =  2.34875E-02
SCF Iteration 313: Energy = 4.3966219263809938 dE = -2.34875E-02
SCF Iteration 314: Energy = 4.4201094369857765 dE =  2.34875E-02
SCF Iteration 315: Energy = 4.3966219263809867 dE = -2.34875E-02
SCF Iteration 316: Energy = 4.4201094369857623 dE =  2.34875E-02
SCF Iteration 317: Energy = 4.3966219263809743 dE = -2.34875E-02
SCF Iteration 318: Energy = 4.4201094369857534 dE =  2.34875E-02
SCF Iteration 319: Energy = 4.3966219263809636 dE = -2.34875E-02
SCF Iteration 320: Energy = 4.4201094369857454 dE =  2.34875E-02
SCF Iteration 321: Energy = 4.3966219263809654 dE = -2.34875E-02
SCF Iteration 322: Energy = 4.4201094369857357 dE =  2.34875E-02
SCF Iteration 323: Energy = 4.3966219263809636 dE = -2.34875E-02
SCF Iteration 324: Energy = 4.4201094369857339 dE =  2.34875E-02
SCF Iteration 325: Energy = 4.3966219263809450 dE = -2.34875E-02
SCF Iteration 326: Energy = 4.4201094369857330 dE =  2.34875E-02
SCF Iteration 327: Energy = 4.3966219263809476 dE = -2.34875E-02
SCF Iteration 328: Energy = 4.4201094369857303 dE =  2.34875E-02
SCF Iteration 329: Energy = 4.3966219263809601 dE = -2.34875E-02
SCF Iteration 330: Energy = 4.4201094369857303 dE =  2.34875E-02
SCF Iteration 331: Energy = 4.3966219263809494 dE = -2.34875E-02
SCF Iteration 332: Energy = 4.4201094369857303 dE =  2.34875E-02
SCF Iteration 333: Energy = 4.3966219263809503 dE = -2.34875E-02
SCF Iteration 334: Energy = 4.4201094369857250 dE =  2.34875E-02
SCF Iteration 335: Energy = 4.3966219263809485 dE = -2.34875E-02
SCF Iteration 336: Energy = 4.4201094369857286 dE =  2.34875E-02
SCF Iteration 337: Energy = 4.3966219263809458 dE = -2.34875E-02
SCF Iteration 338: Energy = 4.4201094369857179 dE =  2.34875E-02
SCF Iteration 339: Energy = 4.3966219263809405 dE = -2.34875E-02
SCF Iteration 340: Energy = 4.4201094369857179 dE =  2.34875E-02
SCF Iteration 341: Energy = 4.3966219263809405 dE = -2.34875E-02
SCF Iteration 342: Energy = 4.4201094369857197 dE =  2.34875E-02
SCF Iteration 343: Energy = 4.3966219263809361 dE = -2.34875E-02
SCF Iteration 344: Energy = 4.4201094369857197 dE =  2.34875E-02
SCF Iteration 345: Energy = 4.3966219263809334 dE = -2.34875E-02
SCF Iteration 346: Energy = 4.4201094369857108 dE =  2.34875E-02
SCF Iteration 347: Energy = 4.3966219263809316 dE = -2.34875E-02
SCF Iteration 348: Energy = 4.4201094369857152 dE =  2.34875E-02
SCF Iteration 349: Energy = 4.3966219263809352 dE = -2.34875E-02
SCF Iteration 350: Energy = 4.4201094369857055 dE =  2.34875E-02
SCF Iteration 351: Energy = 4.3966219263809290 dE = -2.34875E-02
SCF Iteration 352: Energy = 4.4201094369857090 dE =  2.34875E-02
SCF Iteration 353: Energy = 4.3966219263809281 dE = -2.34875E-02
SCF Iteration 354: Energy = 4.4201094369857108 dE =  2.34875E-02
SCF Iteration 355: Energy = 4.3966219263809316 dE = -2.34875E-02
SCF Iteration 356: Energy = 4.4201094369857179 dE =  2.34875E-02
SCF Iteration 357: Energy = 4.3966219263809316 dE = -2.34875E-02
SCF Iteration 358: Energy = 4.4201094369857143 dE =  2.34875E-02
SCF Iteration 359: Energy = 4.3966219263809316 dE = -2.34875E-02
SCF Iteration 360: Energy = 4.4201094369857037 dE =  2.34875E-02
SCF Iteration 361: Energy = 4.3966219263809201 dE = -2.34875E-02
SCF Iteration 362: Energy = 4.4201094369857090 dE =  2.34875E-02
SCF Iteration 363: Energy = 4.3966219263809334 dE = -2.34875E-02
SCF Iteration 364: Energy = 4.4201094369857126 dE =  2.34875E-02
SCF Iteration 365: Energy = 4.3966219263809290 dE = -2.34875E-02
SCF Iteration 366: Energy = 4.4201094369857055 dE =  2.34875E-02
SCF Iteration 367: Energy = 4.3966219263809334 dE = -2.34875E-02
SCF Iteration 368: Energy = 4.4201094369857108 dE =  2.34875E-02
SCF Iteration 369: Energy = 4.3966219263809263 dE = -2.34875E-02
SCF Iteration 370: Energy = 4.4201094369857099 dE =  2.34875E-02
SCF Iteration 371: Energy = 4.3966219263809290 dE = -2.34875E-02
SCF Iteration 372: Energy = 4.4201094369857108 dE =  2.34875E-02
SCF Iteration 373: Energy = 4.3966219263809219 dE = -2.34875E-02
SCF Iteration 374: Energy = 4.4201094369857143 dE =  2.34875E-02
SCF Iteration 375: Energy = 4.3966219263809299 dE = -2.34875E-02
SCF Iteration 376: Energy = 4.4201094369857108 dE =  2.34875E-02
SCF Iteration 377: Energy = 4.3966219263809352 dE = -2.34875E-02
SCF Iteration 378: Energy = 4.4201094369857143 dE =  2.34875E-02
SCF Iteration 379: Energy = 4.3966219263809352 dE = -2.34875E-02
SCF Iteration 380: Energy = 4.4201094369857108 dE =  2.34875E-02
SCF Iteration 381: Energy = 4.3966219263809387 dE = -2.34875E-02
SCF Iteration 382: Energy = 4.4201094369857223 dE =  2.34875E-02
SCF Iteration 383: Energy = 4.3966219263809334 dE = -2.34875E-02
SCF Iteration 384: Energy = 4.4201094369857197 dE =  2.34875E-02
SCF Iteration 385: Energy = 4.3966219263809343 dE = -2.34875E-02
SCF Iteration 386: Energy = 4.4201094369857108 dE =  2.34875E-02
SCF Iteration 387: Energy = 4.3966219263809370 dE = -2.34875E-02
SCF Iteration 388: Energy = 4.4201094369857268 dE =  2.34875E-02
SCF Iteration 389: Energy = 4.3966219263809387 dE = -2.34875E-02
SCF Iteration 390: Energy = 4.4201094369857232 dE =  2.34875E-02
SCF Iteration 391: Energy = 4.3966219263809405 dE = -2.34875E-02
SCF Iteration 392: Energy = 4.4201094369857179 dE =  2.34875E-02
SCF Iteration 393: Energy = 4.3966219263809263 dE = -2.34875E-02
SCF Iteration 394: Energy = 4.4201094369857197 dE =  2.34875E-02
SCF Iteration 395: Energy = 4.3966219263809405 dE = -2.34875E-02
SCF Iteration 396: Energy = 4.4201094369857161 dE =  2.34875E-02
SCF Iteration 397: Energy = 4.3966219263809361 dE = -2.34875E-02
SCF Iteration 398: Energy = 4.4201094369857223 dE =  2.34875E-02
SCF Iteration 399: Energy = 4.3966219263809396 dE = -2.34875E-02
SCF Iteration 400: Energy = 4.4201094369857259 dE =  2.34875E-02
SCF Iteration 401: Energy = 4.3966219263809450 dE = -2.34875E-02
SCF Iteration 402: Energy = 4.4201094369857232 dE =  2.34875E-02
SCF Iteration 403: Energy = 4.3966219263809379 dE = -2.34875E-02
SCF Iteration 404: Energy = 4.4201094369857206 dE =  2.34875E-02
SCF Iteration 405: Energy = 4.3966219263809396 dE = -2.34875E-02
SCF Iteration 406: Energy = 4.4201094369857268 dE =  2.34875E-02
SCF Iteration 407: Energy = 4.3966219263809441 dE = -2.34875E-02
SCF Iteration 408: Energy = 4.4201094369857206 dE =  2.34875E-02
SCF Iteration 409: Energy = 4.3966219263809316 dE = -2.34875E-02
SCF Iteration 410: Energy = 4.4201094369857143 dE =  2.34875E-02
SCF Iteration 411: Energy = 4.3966219263809405 dE = -2.34875E-02
SCF Iteration 412: Energy = 4.4201094369857215 dE =  2.34875E-02
SCF Iteration 413: Energy = 4.3966219263809361 dE = -2.34875E-02
SCF Iteration 414: Energy = 4.4201094369857170 dE =  2.34875E-02
SCF Iteration 415: Energy = 4.3966219263809343 dE = -2.34875E-02
SCF Iteration 416: Energy = 4.4201094369857161 dE =  2.34875E-02
SCF Iteration 417: Energy = 4.3966219263809387 dE = -2.34875E-02
SCF Iteration 418: Energy = 4.4201094369857250 dE =  2.34875E-02
SCF Iteration 419: Energy = 4.3966219263809352 dE = -2.34875E-02
SCF Iteration 420: Energy = 4.4201094369857143 dE =  2.34875E-02
SCF Iteration 421: Energy = 4.3966219263809299 dE = -2.34875E-02
SCF Iteration 422: Energy = 4.4201094369857241 dE =  2.34875E-02
SCF Iteration 423: Energy = 4.3966219263809387 dE = -2.34875E-02
SCF Iteration 424: Energy = 4.4201094369857126 dE =  2.34875E-02
SCF Iteration 425: Energy = 4.3966219263809325 dE = -2.34875E-02
SCF Iteration 426: Energy = 4.4201094369857179 dE =  2.34875E-02
SCF Iteration 427: Energy = 4.3966219263809361 dE = -2.34875E-02
SCF Iteration 428: Energy = 4.4201094369857197 dE =  2.34875E-02
SCF Iteration 429: Energy = 4.3966219263809423 dE = -2.34875E-02
SCF Iteration 430: Energy = 4.4201094369857161 dE =  2.34875E-02
SCF Iteration 431: Energy = 4.3966219263809352 dE = -2.34875E-02
SCF Iteration 432: Energy = 4.4201094369857161 dE =  2.34875E-02
SCF Iteration 433: Energy = 4.3966219263809405 dE = -2.34875E-02
SCF Iteration 434: Energy = 4.4201094369857232 dE =  2.34875E-02
SCF Iteration 435: Energy = 4.3966219263809405 dE = -2.34875E-02
SCF Iteration 436: Energy = 4.4201094369857179 dE =  2.34875E-02
SCF Iteration 437: Energy = 4.3966219263809370 dE = -2.34875E-02
SCF Iteration 438: Energy = 4.4201094369857223 dE =  2.34875E-02
SCF Iteration 439: Energy = 4.3966219263809307 dE = -2.34875E-02
SCF Iteration 440: Energy = 4.4201094369857161 dE =  2.34875E-02
SCF Iteration 441: Energy = 4.3966219263809361 dE = -2.34875E-02
SCF Iteration 442: Energy = 4.4201094369857215 dE =  2.34875E-02
SCF Iteration 443: Energy = 4.3966219263809387 dE = -2.34875E-02
SCF Iteration 444: Energy = 4.4201094369857179 dE =  2.34875E-02
SCF Iteration 445: Energy = 4.3966219263809334 dE = -2.34875E-02
SCF Iteration 446: Energy = 4.4201094369857170 dE =  2.34875E-02
SCF Iteration 447: Energy = 4.3966219263809299 dE = -2.34875E-02
SCF Iteration 448: Energy = 4.4201094369857215 dE =  2.34875E-02
SCF Iteration 449: Energy = 4.3966219263809281 dE = -2.34875E-02
SCF Iteration 450: Energy = 4.4201094369857117 dE =  2.34875E-02
SCF Iteration 451: Energy = 4.3966219263809299 dE = -2.34875E-02
SCF Iteration 452: Energy = 4.4201094369857143 dE =  2.34875E-02
SCF Iteration 453: Energy = 4.3966219263809316 dE = -2.34875E-02
SCF Iteration 454: Energy = 4.4201094369857188 dE =  2.34875E-02
SCF Iteration 455: Energy = 4.3966219263809352 dE = -2.34875E-02
SCF Iteration 456: Energy = 4.4201094369857197 dE =  2.34875E-02
SCF Iteration 457: Energy = 4.3966219263809352 dE = -2.34875E-02
SCF Iteration 458: Energy = 4.4201094369857179 dE =  2.34875E-02
SCF Iteration 459: Energy = 4.3966219263809334 dE = -2.34875E-02
SCF Iteration 460: Energy = 4.4201094369857241 dE =  2.34875E-02
SCF Iteration 461: Energy = 4.3966219263809352 dE = -2.34875E-02
SCF Iteration 462: Energy = 4.4201094369857161 dE =  2.34875E-02
SCF Iteration 463: Energy = 4.3966219263809316 dE = -2.34875E-02
SCF Iteration 464: Energy = 4.4201094369857161 dE =  2.34875E-02
SCF Iteration 465: Energy = 4.3966219263809387 dE = -2.34875E-02
SCF Iteration 466: Energy = 4.4201094369857161 dE =  2.34875E-02
SCF Iteration 467: Energy = 4.3966219263809370 dE = -2.34875E-02
SCF Iteration 468: Energy = 4.4201094369857143 dE =  2.34875E-02
SCF Iteration 469: Energy = 4.3966219263809334 dE = -2.34875E-02
SCF Iteration 470: Energy = 4.4201094369857117 dE =  2.34875E-02
SCF Iteration 471: Energy = 4.3966219263809334 dE = -2.34875E-02
SCF Iteration 472: Energy = 4.4201094369857161 dE =  2.34875E-02
SCF Iteration 473: Energy = 4.3966219263809334 dE = -2.34875E-02
SCF Iteration 474: Energy = 4.4201094369857161 dE =  2.34875E-02
SCF Iteration 475: Energy = 4.3966219263809299 dE = -2.34875E-02
SCF Iteration 476: Energy = 4.4201094369857143 dE =  2.34875E-02
SCF Iteration 477: Energy = 4.3966219263809254 dE = -2.34875E-02
SCF Iteration 478: Energy = 4.4201094369857161 dE =  2.34875E-02
SCF Iteration 479: Energy = 4.3966219263809352 dE = -2.34875E-02
SCF Iteration 480: Energy = 4.4201094369857126 dE =  2.34875E-02
SCF Iteration 481: Energy = 4.3966219263809334 dE = -2.34875E-02
SCF Iteration 482: Energy = 4.4201094369857126 dE =  2.34875E-02
SCF Iteration 483: Energy = 4.3966219263809379 dE = -2.34875E-02
SCF Iteration 484: Energy = 4.4201094369857072 dE =  2.34875E-02
SCF Iteration 485: Energy = 4.3966219263809299 dE = -2.34875E-02
SCF Iteration 486: Energy = 4.4201094369857126 dE =  2.34875E-02
SCF Iteration 487: Energy = 4.3966219263809290 dE = -2.34875E-02
SCF Iteration 488: Energy = 4.4201094369857170 dE =  2.34875E-02
SCF Iteration 489: Energy = 4.3966219263809334 dE = -2.34875E-02
SCF Iteration 490: Energy = 4.4201094369857108 dE =  2.34875E-02
SCF Iteration 491: Energy = 4.3966219263809432 dE = -2.34875E-02
SCF Iteration 492: Energy = 4.4201094369857215 dE =  2.34875E-02
SCF Iteration 493: Energy = 4.3966219263809414 dE = -2.34875E-02
SCF Iteration 494: Energy = 4.4201094369857206 dE =  2.34875E-02
SCF Iteration 495: Energy = 4.3966219263809343 dE = -2.34875E-02
SCF Iteration 496: Energy = 4.4201094369857206 dE =  2.34875E-02
SCF Iteration 497: Energy = 4.3966219263809352 dE = -2.34875E-02
SCF Iteration 498: Energy = 4.4201094369857143 dE =  2.34875E-02
SCF Iteration 499: Energy = 4.3966219263809396 dE = -2.34875E-02
SCF Iteration 500: Energy = 4.4201094369857179 dE =  2.34875E-02
