
  Memory set to  55.879 GiB by Python driver.
  Threads set to 1 by Python driver.
Settings:
	LOT = CCSD-S2-U22
	wc = 20.0 eV
	lambda = [0.727454 0.       0.      ] a.u.
	Equivalent A0 = LAMBDA / sqrt(2 wc) = [0.6 0.  0. ])
doing QED-CCSD-Full (or QED-CCSD-22)
Number of occupied orbitals:   1
Number of basis functions:  60
SCF Iteration   1: Energy = 3.3923975761137739 dE =  3.39240E+00
SCF Iteration   2: Energy = 3.7471857385275444 dE =  3.54788E-01
SCF Iteration   3: Energy = 3.5683946679706238 dE = -1.78791E-01
SCF Iteration   4: Energy = 3.7477345761190346 dE =  1.79340E-01
SCF Iteration   5: Energy = 3.6563295376245395 dE = -9.14050E-02
SCF Iteration   6: Energy = 3.7602580169289532 dE =  1.03928E-01
SCF Iteration   7: Energy = 3.6973676038919359 dE = -6.28904E-02
SCF Iteration   8: Energy = 3.7682658065434125 dE =  7.08982E-02
SCF Iteration   9: Energy = 3.7165990949862002 dE = -5.16667E-02
SCF Iteration  10: Energy = 3.7716210495947542 dE =  5.50220E-02
SCF Iteration  11: Energy = 3.7249210598982407 dE = -4.67000E-02
SCF Iteration  12: Energy = 3.7717468779693868 dE =  4.68258E-02
SCF Iteration  13: Energy = 3.7274767394327881 dE = -4.42701E-02
SCF Iteration  14: Energy = 3.7699235530411292 dE =  4.24468E-02
SCF Iteration  15: Energy = 3.7269745082895347 dE = -4.29490E-02
SCF Iteration  16: Energy = 3.7670888753516674 dE =  4.01144E-02
SCF Iteration  17: Energy = 3.7249395322286012 dE = -4.21493E-02
SCF Iteration  18: Energy = 3.7638662730574723 dE =  3.89267E-02
SCF Iteration  19: Energy = 3.7222491298801472 dE = -4.16171E-02
SCF Iteration  20: Energy = 3.7606377863296956 dE =  3.83887E-02
SCF Iteration  21: Energy = 3.7194011403083889 dE = -4.12366E-02
SCF Iteration  22: Energy = 3.7576167117988639 dE =  3.82156E-02
SCF Iteration  23: Energy = 3.7166654661815461 dE = -4.09512E-02
SCF Iteration  24: Energy = 3.7549060336801250 dE =  3.82406E-02
SCF Iteration  25: Energy = 3.7141752917641768 dE = -4.07307E-02
SCF Iteration  26: Energy = 3.7525407266690269 dE =  3.83654E-02
SCF Iteration  27: Energy = 3.7119833593391678 dE = -4.05574E-02
SCF Iteration  28: Energy = 3.7505164262093804 dE =  3.85331E-02
SCF Iteration  29: Energy = 3.7100967780511120 dE = -4.04196E-02
SCF Iteration  30: Energy = 3.7488079355710537 dE =  3.87112E-02
SCF Iteration  31: Energy = 3.7084983425571978 dE = -4.03096E-02
SCF Iteration  32: Energy = 3.7473806725474055 dE =  3.88823E-02
SCF Iteration  33: Energy = 3.7071593447253544 dE = -4.02213E-02
SCF Iteration  34: Energy = 3.7461974339909019 dE =  3.90381E-02
SCF Iteration  35: Energy = 3.7060470533721626 dE = -4.01504E-02
SCF Iteration  36: Energy = 3.7452221631247897 dE =  3.91751E-02
SCF Iteration  37: Energy = 3.7051288910867588 dE = -4.00933E-02
SCF Iteration  38: Energy = 3.7444218577988888 dE =  3.92930E-02
SCF Iteration  39: Energy = 3.7043745988347938 dE = -4.00473E-02
SCF Iteration  40: Energy = 3.7437673636448490 dE =  3.93928E-02
SCF Iteration  41: Energy = 3.7037572024405354 dE = -4.00102E-02
SCF Iteration  42: Energy = 3.7432335259901097 dE =  3.94763E-02
SCF Iteration  43: Energy = 3.7032532887588068 dE = -3.99802E-02
SCF Iteration  44: Energy = 3.7427989953060665 dE =  3.95457E-02
SCF Iteration  45: Energy = 3.7028429038844619 dE = -3.99561E-02
SCF Iteration  46: Energy = 3.7424458649980274 dE =  3.96030E-02
SCF Iteration  47: Energy = 3.7025092620496367 dE = -3.99366E-02
SCF Iteration  48: Energy = 3.7421592466773492 dE =  3.96500E-02
SCF Iteration  49: Energy = 3.7022383763348237 dE = -3.99209E-02
SCF Iteration  50: Energy = 3.7419268420930805 dE =  3.96885E-02
SCF Iteration  51: Energy = 3.7020186742942518 dE = -3.99082E-02
SCF Iteration  52: Energy = 3.7417385427718024 dE =  3.97199E-02
SCF Iteration  53: Energy = 3.7018406322765043 dE = -3.98979E-02
SCF Iteration  54: Energy = 3.7415860716012652 dE =  3.97454E-02
SCF Iteration  55: Energy = 3.7016964446647722 dE = -3.98896E-02
SCF Iteration  56: Energy = 3.7414626708602161 dE =  3.97662E-02
SCF Iteration  57: Energy = 3.7015797340340693 dE = -3.98829E-02
SCF Iteration  58: Energy = 3.7413628358289737 dE =  3.97831E-02
SCF Iteration  59: Energy = 3.7014853025059158 dE = -3.98775E-02
SCF Iteration  60: Energy = 3.7412820903884541 dE =  3.97968E-02
SCF Iteration  61: Energy = 3.7014089216007577 dE = -3.98732E-02
SCF Iteration  62: Energy = 3.7412167998489427 dE =  3.98079E-02
SCF Iteration  63: Energy = 3.7013471565304914 dE = -3.98696E-02
SCF Iteration  64: Energy = 3.7411640159745705 dE =  3.98169E-02
SCF Iteration  65: Energy = 3.7012972204517802 dE = -3.98668E-02
SCF Iteration  66: Energy = 3.7411213493737239 dE =  3.98241E-02
SCF Iteration  67: Energy = 3.7012568542917919 dE = -3.98645E-02
SCF Iteration  68: Energy = 3.7410868648656690 dE =  3.98300E-02
SCF Iteration  69: Energy = 3.7012242281083463 dE = -3.98626E-02
SCF Iteration  70: Energy = 3.7410589959642082 dE =  3.98348E-02
SCF Iteration  71: Energy = 3.7011978604072913 dE = -3.98611E-02
SCF Iteration  72: Energy = 3.7410364751607004 dE =  3.98386E-02
SCF Iteration  73: Energy = 3.7011765523251681 dE = -3.98599E-02
SCF Iteration  74: Energy = 3.7410182771982856 dE =  3.98417E-02
SCF Iteration  75: Energy = 3.7011593340503270 dE = -3.98589E-02
SCF Iteration  76: Energy = 3.7410035729866822 dE =  3.98442E-02
SCF Iteration  77: Energy = 3.7011454212778796 dE = -3.98582E-02
SCF Iteration  78: Energy = 3.7409916922061952 dE =  3.98463E-02
SCF Iteration  79: Energy = 3.7011341798642832 dE = -3.98575E-02
SCF Iteration  80: Energy = 3.7409820929909090 dE =  3.98479E-02
SCF Iteration  81: Energy = 3.7011250971663343 dE = -3.98570E-02
SCF Iteration  82: Energy = 3.7409743373690927 dE =  3.98492E-02
SCF Iteration  83: Energy = 3.7011177588185924 dE = -3.98566E-02
SCF Iteration  84: Energy = 3.7409680713790667 dE =  3.98503E-02
SCF Iteration  85: Energy = 3.7011118299289421 dE = -3.98562E-02
SCF Iteration  86: Energy = 3.7409630089775159 dE =  3.98512E-02
SCF Iteration  87: Energy = 3.7011070398590729 dE = -3.98560E-02
SCF Iteration  88: Energy = 3.7409589190219803 dE =  3.98519E-02
SCF Iteration  89: Energy = 3.7011031699113208 dE = -3.98557E-02
SCF Iteration  90: Energy = 3.7409556147430498 dE =  3.98524E-02
SCF Iteration  91: Energy = 3.7011000433696757 dE = -3.98556E-02
SCF Iteration  92: Energy = 3.7409529452318497 dE =  3.98529E-02
SCF Iteration  93: Energy = 3.7010975174469793 dE = -3.98554E-02
SCF Iteration  94: Energy = 3.7409507885585600 dE =  3.98533E-02
SCF Iteration  95: Energy = 3.7010954767745354 dE = -3.98553E-02
SCF Iteration  96: Energy = 3.7409490462099728 dE =  3.98536E-02
SCF Iteration  97: Energy = 3.7010938281396535 dE = -3.98552E-02
SCF Iteration  98: Energy = 3.7409476385939016 dE =  3.98538E-02
SCF Iteration  99: Energy = 3.7010924962322012 dE = -3.98551E-02
SCF Iteration 100: Energy = 3.7409465014061687 dE =  3.98540E-02
SCF Iteration 101: Energy = 3.7010914202073075 dE = -3.98551E-02
SCF Iteration 102: Energy = 3.7409455826946352 dE =  3.98542E-02
SCF Iteration 103: Energy = 3.7010905509075371 dE = -3.98550E-02
SCF Iteration 104: Energy = 3.7409448404870065 dE =  3.98543E-02
SCF Iteration 105: Energy = 3.7010898486183117 dE = -3.98550E-02
SCF Iteration 106: Energy = 3.7409442408739939 dE =  3.98544E-02
SCF Iteration 107: Energy = 3.7010892812542711 dE = -3.98550E-02
SCF Iteration 108: Energy = 3.7409437564605028 dE =  3.98545E-02
SCF Iteration 109: Energy = 3.7010888228938592 dE = -3.98549E-02
SCF Iteration 110: Energy = 3.7409433651144099 dE =  3.98545E-02
SCF Iteration 111: Energy = 3.7010884525953327 dE = -3.98549E-02
SCF Iteration 112: Energy = 3.7409430489554416 dE =  3.98546E-02
SCF Iteration 113: Energy = 3.7010881534401254 dE = -3.98549E-02
SCF Iteration 114: Energy = 3.7409427935384598 dE =  3.98546E-02
SCF Iteration 115: Energy = 3.7010879117600290 dE = -3.98549E-02
SCF Iteration 116: Energy = 3.7409425871935231 dE =  3.98547E-02
SCF Iteration 117: Energy = 3.7010877165127600 dE = -3.98549E-02
SCF Iteration 118: Energy = 3.7409424204926904 dE =  3.98547E-02
SCF Iteration 119: Energy = 3.7010875587774299 dE = -3.98549E-02
SCF Iteration 120: Energy = 3.7409422858193708 dE =  3.98547E-02
SCF Iteration 121: Energy = 3.7010874313471107 dE = -3.98549E-02
SCF Iteration 122: Energy = 3.7409421770202873 dE =  3.98547E-02
SCF Iteration 123: Energy = 3.7010873283994363 dE = -3.98548E-02
SCF Iteration 124: Energy = 3.7409420891243292 dE =  3.98548E-02
SCF Iteration 125: Energy = 3.7010872452306800 dE = -3.98548E-02
SCF Iteration 126: Energy = 3.7409420181154780 dE =  3.98548E-02
SCF Iteration 127: Energy = 3.7010871780408223 dE = -3.98548E-02
SCF Iteration 128: Energy = 3.7409419607492942 dE =  3.98548E-02
SCF Iteration 129: Energy = 3.7010871237598884 dE = -3.98548E-02
SCF Iteration 130: Energy = 3.7409419144046527 dE =  3.98548E-02
SCF Iteration 131: Energy = 3.7010870799077371 dE = -3.98548E-02
SCF Iteration 132: Energy = 3.7409418769640377 dE =  3.98548E-02
SCF Iteration 133: Energy = 3.7010870444807518 dE = -3.98548E-02
SCF Iteration 134: Energy = 3.7409418467167534 dE =  3.98548E-02
SCF Iteration 135: Energy = 3.7010870158602120 dE = -3.98548E-02
SCF Iteration 136: Energy = 3.7409418222807678 dE =  3.98548E-02
SCF Iteration 137: Energy = 3.7010869927384280 dE = -3.98548E-02
SCF Iteration 138: Energy = 3.7409418025395813 dE =  3.98548E-02
SCF Iteration 139: Energy = 3.7010869740589740 dE = -3.98548E-02
SCF Iteration 140: Energy = 3.7409417865912027 dE =  3.98548E-02
SCF Iteration 141: Energy = 3.7010869589683186 dE = -3.98548E-02
SCF Iteration 142: Energy = 3.7409417737069246 dE =  3.98548E-02
SCF Iteration 143: Energy = 3.7010869467769774 dE = -3.98548E-02
SCF Iteration 144: Energy = 3.7409417632980566 dE =  3.98548E-02
SCF Iteration 145: Energy = 3.7010869369279180 dE = -3.98548E-02
SCF Iteration 146: Energy = 3.7409417548890138 dE =  3.98548E-02
SCF Iteration 147: Energy = 3.7010869289711290 dE = -3.98548E-02
SCF Iteration 148: Energy = 3.7409417480955649 dE =  3.98548E-02
SCF Iteration 149: Energy = 3.7010869225430425 dE = -3.98548E-02
SCF Iteration 150: Energy = 3.7409417426073257 dE =  3.98548E-02
SCF Iteration 151: Energy = 3.7010869173499641 dE = -3.98548E-02
SCF Iteration 152: Energy = 3.7409417381735186 dE =  3.98548E-02
SCF Iteration 153: Energy = 3.7010869131546156 dE = -3.98548E-02
SCF Iteration 154: Energy = 3.7409417345915572 dE =  3.98548E-02
SCF Iteration 155: Energy = 3.7010869097653001 dE = -3.98548E-02
SCF Iteration 156: Energy = 3.7409417316977929 dE =  3.98548E-02
SCF Iteration 157: Energy = 3.7010869070271708 dE = -3.98548E-02
SCF Iteration 158: Energy = 3.7409417293599883 dE =  3.98548E-02
SCF Iteration 159: Energy = 3.7010869048151034 dE = -3.98548E-02
SCF Iteration 160: Energy = 3.7409417274713386 dE =  3.98548E-02
SCF Iteration 161: Energy = 3.7010869030280258 dE = -3.98548E-02
SCF Iteration 162: Energy = 3.7409417259455551 dE =  3.98548E-02
SCF Iteration 163: Energy = 3.7010869015842931 dE = -3.98548E-02
SCF Iteration 164: Energy = 3.7409417247129211 dE =  3.98548E-02
SCF Iteration 165: Energy = 3.7010869004179505 dE = -3.98548E-02
SCF Iteration 166: Energy = 3.7409417237170972 dE =  3.98548E-02
SCF Iteration 167: Energy = 3.7010868994756820 dE = -3.98548E-02
SCF Iteration 168: Energy = 3.7409417229125967 dE =  3.98548E-02
SCF Iteration 169: Energy = 3.7010868987144590 dE = -3.98548E-02
SCF Iteration 170: Energy = 3.7409417222626682 dE =  3.98548E-02
SCF Iteration 171: Energy = 3.7010868980994736 dE = -3.98548E-02
SCF Iteration 172: Energy = 3.7409417217376095 dE =  3.98548E-02
SCF Iteration 173: Energy = 3.7010868976026496 dE = -3.98548E-02
SCF Iteration 174: Energy = 3.7409417213134191 dE =  3.98548E-02
SCF Iteration 175: Energy = 3.7010868972012818 dE = -3.98548E-02
SCF Iteration 176: Energy = 3.7409417209707376 dE =  3.98548E-02
SCF Iteration 177: Energy = 3.7010868968770310 dE = -3.98548E-02
SCF Iteration 178: Energy = 3.7409417206938893 dE =  3.98548E-02
SCF Iteration 179: Energy = 3.7010868966150698 dE = -3.98548E-02
SCF Iteration 180: Energy = 3.7409417204702358 dE =  3.98548E-02
SCF Iteration 181: Energy = 3.7010868964034391 dE = -3.98548E-02
SCF Iteration 182: Energy = 3.7409417202895452 dE =  3.98548E-02
SCF Iteration 183: Energy = 3.7010868962324639 dE = -3.98548E-02
SCF Iteration 184: Energy = 3.7409417201435695 dE =  3.98548E-02
SCF Iteration 185: Energy = 3.7010868960943517 dE = -3.98548E-02
SCF Iteration 186: Energy = 3.7409417200256390 dE =  3.98548E-02
SCF Iteration 187: Energy = 3.7010868959827730 dE = -3.98548E-02
SCF Iteration 188: Energy = 3.7409417199303694 dE =  3.98548E-02
SCF Iteration 189: Energy = 3.7010868958926166 dE = -3.98548E-02
SCF Iteration 190: Energy = 3.7409417198534087 dE =  3.98548E-02
SCF Iteration 191: Energy = 3.7010868958197931 dE = -3.98548E-02
SCF Iteration 192: Energy = 3.7409417197912229 dE =  3.98548E-02
SCF Iteration 193: Energy = 3.7010868957609593 dE = -3.98548E-02
SCF Iteration 194: Energy = 3.7409417197409911 dE =  3.98548E-02
SCF Iteration 195: Energy = 3.7010868957134302 dE = -3.98548E-02
SCF Iteration 196: Energy = 3.7409417197004147 dE =  3.98548E-02
SCF Iteration 197: Energy = 3.7010868956750249 dE = -3.98548E-02
SCF Iteration 198: Energy = 3.7409417196676271 dE =  3.98548E-02
SCF Iteration 199: Energy = 3.7010868956439968 dE = -3.98548E-02
SCF Iteration 200: Energy = 3.7409417196411372 dE =  3.98548E-02
SCF Iteration 201: Energy = 3.7010868956189324 dE = -3.98548E-02
SCF Iteration 202: Energy = 3.7409417196197441 dE =  3.98548E-02
SCF Iteration 203: Energy = 3.7010868955986900 dE = -3.98548E-02
SCF Iteration 204: Energy = 3.7409417196024601 dE =  3.98548E-02
SCF Iteration 205: Energy = 3.7010868955823404 dE = -3.98548E-02
SCF Iteration 206: Energy = 3.7409417195884878 dE =  3.98548E-02
SCF Iteration 207: Energy = 3.7010868955691238 dE = -3.98548E-02
SCF Iteration 208: Energy = 3.7409417195772119 dE =  3.98548E-02
SCF Iteration 209: Energy = 3.7010868955584519 dE = -3.98548E-02
SCF Iteration 210: Energy = 3.7409417195680970 dE =  3.98548E-02
SCF Iteration 211: Energy = 3.7010868955498326 dE = -3.98548E-02
SCF Iteration 212: Energy = 3.7409417195607415 dE =  3.98548E-02
SCF Iteration 213: Energy = 3.7010868955428586 dE = -3.98548E-02
SCF Iteration 214: Energy = 3.7409417195547898 dE =  3.98548E-02
SCF Iteration 215: Energy = 3.7010868955372311 dE = -3.98548E-02
SCF Iteration 216: Energy = 3.7409417195499777 dE =  3.98548E-02
SCF Iteration 217: Energy = 3.7010868955326841 dE = -3.98548E-02
SCF Iteration 218: Energy = 3.7409417195460910 dE =  3.98548E-02
SCF Iteration 219: Energy = 3.7010868955290062 dE = -3.98548E-02
SCF Iteration 220: Energy = 3.7409417195429517 dE =  3.98548E-02
SCF Iteration 221: Energy = 3.7010868955260405 dE = -3.98548E-02
SCF Iteration 222: Energy = 3.7409417195404293 dE =  3.98548E-02
SCF Iteration 223: Energy = 3.7010868955236469 dE = -3.98548E-02
SCF Iteration 224: Energy = 3.7409417195383852 dE =  3.98548E-02
SCF Iteration 225: Energy = 3.7010868955217098 dE = -3.98548E-02
SCF Iteration 226: Energy = 3.7409417195367278 dE =  3.98548E-02
SCF Iteration 227: Energy = 3.7010868955201439 dE = -3.98548E-02
SCF Iteration 228: Energy = 3.7409417195353885 dE =  3.98548E-02
SCF Iteration 229: Energy = 3.7010868955188720 dE = -3.98548E-02
SCF Iteration 230: Energy = 3.7409417195343124 dE =  3.98548E-02
SCF Iteration 231: Energy = 3.7010868955178595 dE = -3.98548E-02
SCF Iteration 232: Energy = 3.7409417195334411 dE =  3.98548E-02
SCF Iteration 233: Energy = 3.7010868955170353 dE = -3.98548E-02
SCF Iteration 234: Energy = 3.7409417195327390 dE =  3.98548E-02
SCF Iteration 235: Energy = 3.7010868955163643 dE = -3.98548E-02
SCF Iteration 236: Energy = 3.7409417195321586 dE =  3.98548E-02
SCF Iteration 237: Energy = 3.7010868955158203 dE = -3.98548E-02
SCF Iteration 238: Energy = 3.7409417195317007 dE =  3.98548E-02
SCF Iteration 239: Energy = 3.7010868955153913 dE = -3.98548E-02
SCF Iteration 240: Energy = 3.7409417195313401 dE =  3.98548E-02
SCF Iteration 241: Energy = 3.7010868955150360 dE = -3.98548E-02
SCF Iteration 242: Energy = 3.7409417195310390 dE =  3.98548E-02
SCF Iteration 243: Energy = 3.7010868955147589 dE = -3.98548E-02
SCF Iteration 244: Energy = 3.7409417195307904 dE =  3.98548E-02
SCF Iteration 245: Energy = 3.7010868955145262 dE = -3.98548E-02
SCF Iteration 246: Energy = 3.7409417195305941 dE =  3.98548E-02
SCF Iteration 247: Energy = 3.7010868955143335 dE = -3.98548E-02
SCF Iteration 248: Energy = 3.7409417195304342 dE =  3.98548E-02
SCF Iteration 249: Energy = 3.7010868955141887 dE = -3.98548E-02
SCF Iteration 250: Energy = 3.7409417195303076 dE =  3.98548E-02
SCF Iteration 251: Energy = 3.7010868955140634 dE = -3.98548E-02
SCF Iteration 252: Energy = 3.7409417195302073 dE =  3.98548E-02
SCF Iteration 253: Energy = 3.7010868955139702 dE = -3.98548E-02
SCF Iteration 254: Energy = 3.7409417195301171 dE =  3.98548E-02
SCF Iteration 255: Energy = 3.7010868955138920 dE = -3.98548E-02
SCF Iteration 256: Energy = 3.7409417195300532 dE =  3.98548E-02
SCF Iteration 257: Energy = 3.7010868955138223 dE = -3.98548E-02
SCF Iteration 258: Energy = 3.7409417195300008 dE =  3.98548E-02
SCF Iteration 259: Energy = 3.7010868955137810 dE = -3.98548E-02
SCF Iteration 260: Energy = 3.7409417195299555 dE =  3.98548E-02
SCF Iteration 261: Energy = 3.7010868955137410 dE = -3.98548E-02
SCF Iteration 262: Energy = 3.7409417195299244 dE =  3.98548E-02
SCF Iteration 263: Energy = 3.7010868955137064 dE = -3.98548E-02
SCF Iteration 264: Energy = 3.7409417195298964 dE =  3.98548E-02
SCF Iteration 265: Energy = 3.7010868955136829 dE = -3.98548E-02
SCF Iteration 266: Energy = 3.7409417195298826 dE =  3.98548E-02
SCF Iteration 267: Energy = 3.7010868955136624 dE = -3.98548E-02
SCF Iteration 268: Energy = 3.7409417195298582 dE =  3.98548E-02
SCF Iteration 269: Energy = 3.7010868955136460 dE = -3.98548E-02
SCF Iteration 270: Energy = 3.7409417195298449 dE =  3.98548E-02
SCF Iteration 271: Energy = 3.7010868955136256 dE = -3.98548E-02
SCF Iteration 272: Energy = 3.7409417195298373 dE =  3.98548E-02
SCF Iteration 273: Energy = 3.7010868955136256 dE = -3.98548E-02
SCF Iteration 274: Energy = 3.7409417195298302 dE =  3.98548E-02
SCF Iteration 275: Energy = 3.7010868955136158 dE = -3.98548E-02
SCF Iteration 276: Energy = 3.7409417195298200 dE =  3.98548E-02
SCF Iteration 277: Energy = 3.7010868955136060 dE = -3.98548E-02
SCF Iteration 278: Energy = 3.7409417195298063 dE =  3.98548E-02
SCF Iteration 279: Energy = 3.7010868955135994 dE = -3.98548E-02
SCF Iteration 280: Energy = 3.7409417195297991 dE =  3.98548E-02
SCF Iteration 281: Energy = 3.7010868955136007 dE = -3.98548E-02
SCF Iteration 282: Energy = 3.7409417195297965 dE =  3.98548E-02
SCF Iteration 283: Energy = 3.7010868955135874 dE = -3.98548E-02
SCF Iteration 284: Energy = 3.7409417195297947 dE =  3.98548E-02
SCF Iteration 285: Energy = 3.7010868955135865 dE = -3.98548E-02
SCF Iteration 286: Energy = 3.7409417195297938 dE =  3.98548E-02
SCF Iteration 287: Energy = 3.7010868955135834 dE = -3.98548E-02
SCF Iteration 288: Energy = 3.7409417195297889 dE =  3.98548E-02
SCF Iteration 289: Energy = 3.7010868955135869 dE = -3.98548E-02
SCF Iteration 290: Energy = 3.7409417195297938 dE =  3.98548E-02
SCF Iteration 291: Energy = 3.7010868955135785 dE = -3.98548E-02
SCF Iteration 292: Energy = 3.7409417195297814 dE =  3.98548E-02
SCF Iteration 293: Energy = 3.7010868955135772 dE = -3.98548E-02
SCF Iteration 294: Energy = 3.7409417195297858 dE =  3.98548E-02
SCF Iteration 295: Energy = 3.7010868955135763 dE = -3.98548E-02
SCF Iteration 296: Energy = 3.7409417195297840 dE =  3.98548E-02
SCF Iteration 297: Energy = 3.7010868955135732 dE = -3.98548E-02
SCF Iteration 298: Energy = 3.7409417195297796 dE =  3.98548E-02
SCF Iteration 299: Energy = 3.7010868955135656 dE = -3.98548E-02
SCF Iteration 300: Energy = 3.7409417195297796 dE =  3.98548E-02
SCF Iteration 301: Energy = 3.7010868955135741 dE = -3.98548E-02
SCF Iteration 302: Energy = 3.7409417195297845 dE =  3.98548E-02
SCF Iteration 303: Energy = 3.7010868955135767 dE = -3.98548E-02
SCF Iteration 304: Energy = 3.7409417195297849 dE =  3.98548E-02
SCF Iteration 305: Energy = 3.7010868955135785 dE = -3.98548E-02
SCF Iteration 306: Energy = 3.7409417195297778 dE =  3.98548E-02
SCF Iteration 307: Energy = 3.7010868955135692 dE = -3.98548E-02
SCF Iteration 308: Energy = 3.7409417195297765 dE =  3.98548E-02
SCF Iteration 309: Energy = 3.7010868955135661 dE = -3.98548E-02
SCF Iteration 310: Energy = 3.7409417195297721 dE =  3.98548E-02
SCF Iteration 311: Energy = 3.7010868955135723 dE = -3.98548E-02
SCF Iteration 312: Energy = 3.7409417195297738 dE =  3.98548E-02
SCF Iteration 313: Energy = 3.7010868955135696 dE = -3.98548E-02
SCF Iteration 314: Energy = 3.7409417195297801 dE =  3.98548E-02
SCF Iteration 315: Energy = 3.7010868955135647 dE = -3.98548E-02
SCF Iteration 316: Energy = 3.7409417195297761 dE =  3.98548E-02
SCF Iteration 317: Energy = 3.7010868955135683 dE = -3.98548E-02
SCF Iteration 318: Energy = 3.7409417195297823 dE =  3.98548E-02
SCF Iteration 319: Energy = 3.7010868955135696 dE = -3.98548E-02
SCF Iteration 320: Energy = 3.7409417195297752 dE =  3.98548E-02
SCF Iteration 321: Energy = 3.7010868955135727 dE = -3.98548E-02
SCF Iteration 322: Energy = 3.7409417195297787 dE =  3.98548E-02
SCF Iteration 323: Energy = 3.7010868955135630 dE = -3.98548E-02
SCF Iteration 324: Energy = 3.7409417195297685 dE =  3.98548E-02
SCF Iteration 325: Energy = 3.7010868955135678 dE = -3.98548E-02
SCF Iteration 326: Energy = 3.7409417195297769 dE =  3.98548E-02
SCF Iteration 327: Energy = 3.7010868955135705 dE = -3.98548E-02
SCF Iteration 328: Energy = 3.7409417195297792 dE =  3.98548E-02
SCF Iteration 329: Energy = 3.7010868955135687 dE = -3.98548E-02
SCF Iteration 330: Energy = 3.7409417195297689 dE =  3.98548E-02
SCF Iteration 331: Energy = 3.7010868955135567 dE = -3.98548E-02
SCF Iteration 332: Energy = 3.7409417195297698 dE =  3.98548E-02
SCF Iteration 333: Energy = 3.7010868955135634 dE = -3.98548E-02
SCF Iteration 334: Energy = 3.7409417195297778 dE =  3.98548E-02
SCF Iteration 335: Energy = 3.7010868955135634 dE = -3.98548E-02
SCF Iteration 336: Energy = 3.7409417195297752 dE =  3.98548E-02
SCF Iteration 337: Energy = 3.7010868955135674 dE = -3.98548E-02
SCF Iteration 338: Energy = 3.7409417195297725 dE =  3.98548E-02
SCF Iteration 339: Energy = 3.7010868955135634 dE = -3.98548E-02
SCF Iteration 340: Energy = 3.7409417195297707 dE =  3.98548E-02
SCF Iteration 341: Energy = 3.7010868955135612 dE = -3.98548E-02
SCF Iteration 342: Energy = 3.7409417195297721 dE =  3.98548E-02
SCF Iteration 343: Energy = 3.7010868955135607 dE = -3.98548E-02
SCF Iteration 344: Energy = 3.7409417195297721 dE =  3.98548E-02
SCF Iteration 345: Energy = 3.7010868955135643 dE = -3.98548E-02
SCF Iteration 346: Energy = 3.7409417195297769 dE =  3.98548E-02
SCF Iteration 347: Energy = 3.7010868955135670 dE = -3.98548E-02
SCF Iteration 348: Energy = 3.7409417195297796 dE =  3.98548E-02
SCF Iteration 349: Energy = 3.7010868955135732 dE = -3.98548E-02
SCF Iteration 350: Energy = 3.7409417195297783 dE =  3.98548E-02
SCF Iteration 351: Energy = 3.7010868955135741 dE = -3.98548E-02
SCF Iteration 352: Energy = 3.7409417195297743 dE =  3.98548E-02
SCF Iteration 353: Energy = 3.7010868955135687 dE = -3.98548E-02
SCF Iteration 354: Energy = 3.7409417195297778 dE =  3.98548E-02
SCF Iteration 355: Energy = 3.7010868955135696 dE = -3.98548E-02
SCF Iteration 356: Energy = 3.7409417195297721 dE =  3.98548E-02
SCF Iteration 357: Energy = 3.7010868955135687 dE = -3.98548E-02
SCF Iteration 358: Energy = 3.7409417195297787 dE =  3.98548E-02
SCF Iteration 359: Energy = 3.7010868955135634 dE = -3.98548E-02
SCF Iteration 360: Energy = 3.7409417195297787 dE =  3.98548E-02
SCF Iteration 361: Energy = 3.7010868955135670 dE = -3.98548E-02
SCF Iteration 362: Energy = 3.7409417195297725 dE =  3.98548E-02
SCF Iteration 363: Energy = 3.7010868955135687 dE = -3.98548E-02
SCF Iteration 364: Energy = 3.7409417195297840 dE =  3.98548E-02
SCF Iteration 365: Energy = 3.7010868955135692 dE = -3.98548E-02
SCF Iteration 366: Energy = 3.7409417195297814 dE =  3.98548E-02
SCF Iteration 367: Energy = 3.7010868955135647 dE = -3.98548E-02
SCF Iteration 368: Energy = 3.7409417195297725 dE =  3.98548E-02
SCF Iteration 369: Energy = 3.7010868955135652 dE = -3.98548E-02
SCF Iteration 370: Energy = 3.7409417195297783 dE =  3.98548E-02
SCF Iteration 371: Energy = 3.7010868955135634 dE = -3.98548E-02
SCF Iteration 372: Energy = 3.7409417195297694 dE =  3.98548E-02
SCF Iteration 373: Energy = 3.7010868955135643 dE = -3.98548E-02
SCF Iteration 374: Energy = 3.7409417195297716 dE =  3.98548E-02
SCF Iteration 375: Energy = 3.7010868955135652 dE = -3.98548E-02
SCF Iteration 376: Energy = 3.7409417195297801 dE =  3.98548E-02
SCF Iteration 377: Energy = 3.7010868955135652 dE = -3.98548E-02
SCF Iteration 378: Energy = 3.7409417195297747 dE =  3.98548E-02
SCF Iteration 379: Energy = 3.7010868955135625 dE = -3.98548E-02
SCF Iteration 380: Energy = 3.7409417195297716 dE =  3.98548E-02
SCF Iteration 381: Energy = 3.7010868955135687 dE = -3.98548E-02
SCF Iteration 382: Energy = 3.7409417195297756 dE =  3.98548E-02
SCF Iteration 383: Energy = 3.7010868955135612 dE = -3.98548E-02
SCF Iteration 384: Energy = 3.7409417195297774 dE =  3.98548E-02
SCF Iteration 385: Energy = 3.7010868955135616 dE = -3.98548E-02
SCF Iteration 386: Energy = 3.7409417195297778 dE =  3.98548E-02
SCF Iteration 387: Energy = 3.7010868955135661 dE = -3.98548E-02
SCF Iteration 388: Energy = 3.7409417195297774 dE =  3.98548E-02
SCF Iteration 389: Energy = 3.7010868955135665 dE = -3.98548E-02
SCF Iteration 390: Energy = 3.7409417195297698 dE =  3.98548E-02
SCF Iteration 391: Energy = 3.7010868955135554 dE = -3.98548E-02
SCF Iteration 392: Energy = 3.7409417195297650 dE =  3.98548E-02
SCF Iteration 393: Energy = 3.7010868955135678 dE = -3.98548E-02
SCF Iteration 394: Energy = 3.7409417195297752 dE =  3.98548E-02
SCF Iteration 395: Energy = 3.7010868955135661 dE = -3.98548E-02
SCF Iteration 396: Energy = 3.7409417195297689 dE =  3.98548E-02
SCF Iteration 397: Energy = 3.7010868955135643 dE = -3.98548E-02
SCF Iteration 398: Energy = 3.7409417195297650 dE =  3.98548E-02
SCF Iteration 399: Energy = 3.7010868955135634 dE = -3.98548E-02
SCF Iteration 400: Energy = 3.7409417195297716 dE =  3.98548E-02
SCF Iteration 401: Energy = 3.7010868955135625 dE = -3.98548E-02
SCF Iteration 402: Energy = 3.7409417195297712 dE =  3.98548E-02
SCF Iteration 403: Energy = 3.7010868955135647 dE = -3.98548E-02
SCF Iteration 404: Energy = 3.7409417195297743 dE =  3.98548E-02
SCF Iteration 405: Energy = 3.7010868955135656 dE = -3.98548E-02
SCF Iteration 406: Energy = 3.7409417195297734 dE =  3.98548E-02
SCF Iteration 407: Energy = 3.7010868955135621 dE = -3.98548E-02
SCF Iteration 408: Energy = 3.7409417195297707 dE =  3.98548E-02
SCF Iteration 409: Energy = 3.7010868955135652 dE = -3.98548E-02
SCF Iteration 410: Energy = 3.7409417195297778 dE =  3.98548E-02
SCF Iteration 411: Energy = 3.7010868955135687 dE = -3.98548E-02
SCF Iteration 412: Energy = 3.7409417195297765 dE =  3.98548E-02
SCF Iteration 413: Energy = 3.7010868955135634 dE = -3.98548E-02
SCF Iteration 414: Energy = 3.7409417195297814 dE =  3.98548E-02
SCF Iteration 415: Energy = 3.7010868955135687 dE = -3.98548E-02
SCF Iteration 416: Energy = 3.7409417195297743 dE =  3.98548E-02
SCF Iteration 417: Energy = 3.7010868955135643 dE = -3.98548E-02
SCF Iteration 418: Energy = 3.7409417195297827 dE =  3.98548E-02
SCF Iteration 419: Energy = 3.7010868955135705 dE = -3.98548E-02
SCF Iteration 420: Energy = 3.7409417195297743 dE =  3.98548E-02
SCF Iteration 421: Energy = 3.7010868955135723 dE = -3.98548E-02
SCF Iteration 422: Energy = 3.7409417195297725 dE =  3.98548E-02
SCF Iteration 423: Energy = 3.7010868955135687 dE = -3.98548E-02
SCF Iteration 424: Energy = 3.7409417195297681 dE =  3.98548E-02
SCF Iteration 425: Energy = 3.7010868955135683 dE = -3.98548E-02
SCF Iteration 426: Energy = 3.7409417195297783 dE =  3.98548E-02
SCF Iteration 427: Energy = 3.7010868955135634 dE = -3.98548E-02
SCF Iteration 428: Energy = 3.7409417195297769 dE =  3.98548E-02
SCF Iteration 429: Energy = 3.7010868955135634 dE = -3.98548E-02
SCF Iteration 430: Energy = 3.7409417195297809 dE =  3.98548E-02
SCF Iteration 431: Energy = 3.7010868955135670 dE = -3.98548E-02
SCF Iteration 432: Energy = 3.7409417195297747 dE =  3.98548E-02
SCF Iteration 433: Energy = 3.7010868955135661 dE = -3.98548E-02
SCF Iteration 434: Energy = 3.7409417195297729 dE =  3.98548E-02
SCF Iteration 435: Energy = 3.7010868955135598 dE = -3.98548E-02
SCF Iteration 436: Energy = 3.7409417195297840 dE =  3.98548E-02
SCF Iteration 437: Energy = 3.7010868955135678 dE = -3.98548E-02
SCF Iteration 438: Energy = 3.7409417195297814 dE =  3.98548E-02
SCF Iteration 439: Energy = 3.7010868955135638 dE = -3.98548E-02
SCF Iteration 440: Energy = 3.7409417195297712 dE =  3.98548E-02
SCF Iteration 441: Energy = 3.7010868955135652 dE = -3.98548E-02
SCF Iteration 442: Energy = 3.7409417195297729 dE =  3.98548E-02
SCF Iteration 443: Energy = 3.7010868955135714 dE = -3.98548E-02
SCF Iteration 444: Energy = 3.7409417195297752 dE =  3.98548E-02
SCF Iteration 445: Energy = 3.7010868955135656 dE = -3.98548E-02
SCF Iteration 446: Energy = 3.7409417195297761 dE =  3.98548E-02
SCF Iteration 447: Energy = 3.7010868955135714 dE = -3.98548E-02
SCF Iteration 448: Energy = 3.7409417195297743 dE =  3.98548E-02
SCF Iteration 449: Energy = 3.7010868955135701 dE = -3.98548E-02
SCF Iteration 450: Energy = 3.7409417195297796 dE =  3.98548E-02
SCF Iteration 451: Energy = 3.7010868955135705 dE = -3.98548E-02
SCF Iteration 452: Energy = 3.7409417195297774 dE =  3.98548E-02
SCF Iteration 453: Energy = 3.7010868955135683 dE = -3.98548E-02
SCF Iteration 454: Energy = 3.7409417195297787 dE =  3.98548E-02
SCF Iteration 455: Energy = 3.7010868955135687 dE = -3.98548E-02
SCF Iteration 456: Energy = 3.7409417195297734 dE =  3.98548E-02
SCF Iteration 457: Energy = 3.7010868955135594 dE = -3.98548E-02
SCF Iteration 458: Energy = 3.7409417195297787 dE =  3.98548E-02
SCF Iteration 459: Energy = 3.7010868955135656 dE = -3.98548E-02
SCF Iteration 460: Energy = 3.7409417195297721 dE =  3.98548E-02
SCF Iteration 461: Energy = 3.7010868955135670 dE = -3.98548E-02
SCF Iteration 462: Energy = 3.7409417195297756 dE =  3.98548E-02
SCF Iteration 463: Energy = 3.7010868955135638 dE = -3.98548E-02
SCF Iteration 464: Energy = 3.7409417195297796 dE =  3.98548E-02
SCF Iteration 465: Energy = 3.7010868955135696 dE = -3.98548E-02
SCF Iteration 466: Energy = 3.7409417195297743 dE =  3.98548E-02
SCF Iteration 467: Energy = 3.7010868955135696 dE = -3.98548E-02
SCF Iteration 468: Energy = 3.7409417195297761 dE =  3.98548E-02
SCF Iteration 469: Energy = 3.7010868955135692 dE = -3.98548E-02
SCF Iteration 470: Energy = 3.7409417195297787 dE =  3.98548E-02
SCF Iteration 471: Energy = 3.7010868955135732 dE = -3.98548E-02
SCF Iteration 472: Energy = 3.7409417195297778 dE =  3.98548E-02
SCF Iteration 473: Energy = 3.7010868955135670 dE = -3.98548E-02
SCF Iteration 474: Energy = 3.7409417195297725 dE =  3.98548E-02
SCF Iteration 475: Energy = 3.7010868955135661 dE = -3.98548E-02
SCF Iteration 476: Energy = 3.7409417195297765 dE =  3.98548E-02
SCF Iteration 477: Energy = 3.7010868955135687 dE = -3.98548E-02
SCF Iteration 478: Energy = 3.7409417195297814 dE =  3.98548E-02
SCF Iteration 479: Energy = 3.7010868955135670 dE = -3.98548E-02
SCF Iteration 480: Energy = 3.7409417195297769 dE =  3.98548E-02
SCF Iteration 481: Energy = 3.7010868955135736 dE = -3.98548E-02
SCF Iteration 482: Energy = 3.7409417195297778 dE =  3.98548E-02
SCF Iteration 483: Energy = 3.7010868955135772 dE = -3.98548E-02
SCF Iteration 484: Energy = 3.7409417195297778 dE =  3.98548E-02
SCF Iteration 485: Energy = 3.7010868955135638 dE = -3.98548E-02
SCF Iteration 486: Energy = 3.7409417195297778 dE =  3.98548E-02
SCF Iteration 487: Energy = 3.7010868955135652 dE = -3.98548E-02
SCF Iteration 488: Energy = 3.7409417195297721 dE =  3.98548E-02
SCF Iteration 489: Energy = 3.7010868955135696 dE = -3.98548E-02
SCF Iteration 490: Energy = 3.7409417195297729 dE =  3.98548E-02
SCF Iteration 491: Energy = 3.7010868955135603 dE = -3.98548E-02
SCF Iteration 492: Energy = 3.7409417195297774 dE =  3.98548E-02
SCF Iteration 493: Energy = 3.7010868955135616 dE = -3.98548E-02
SCF Iteration 494: Energy = 3.7409417195297743 dE =  3.98548E-02
SCF Iteration 495: Energy = 3.7010868955135536 dE = -3.98548E-02
SCF Iteration 496: Energy = 3.7409417195297738 dE =  3.98548E-02
SCF Iteration 497: Energy = 3.7010868955135545 dE = -3.98548E-02
SCF Iteration 498: Energy = 3.7409417195297743 dE =  3.98548E-02
SCF Iteration 499: Energy = 3.7010868955135670 dE = -3.98548E-02
SCF Iteration 500: Energy = 3.7409417195297743 dE =  3.98548E-02
