
  Memory set to  55.879 GiB by Python driver.
  Threads set to 1 by Python driver.
Settings:
	LOT = CCSD-S2-U22
	wc = 20.0 eV
	lambda = [0.727454 0.       0.      ] a.u.
	Equivalent A0 = LAMBDA / sqrt(2 wc) = [0.6 0.  0. ])
doing QED-CCSD-Full (or QED-CCSD-22)
Number of occupied orbitals:   1
Number of basis functions:  60
SCF Iteration   1: Energy = 1.5710680149196576 dE =  1.57107E+00
SCF Iteration   2: Energy = 2.0636711959885741 dE =  4.92603E-01
SCF Iteration   3: Energy = 1.7777147156954853 dE = -2.85956E-01
SCF Iteration   4: Energy = 2.0593937146351067 dE =  2.81679E-01
SCF Iteration   5: Energy = 1.8337886014116636 dE = -2.25605E-01
SCF Iteration   6: Energy = 2.0591424307018995 dE =  2.25354E-01
SCF Iteration   7: Energy = 1.8513049779376018 dE = -2.07837E-01
SCF Iteration   8: Energy = 2.0579786616375682 dE =  2.06674E-01
SCF Iteration   9: Energy = 1.8570076682738630 dE = -2.00971E-01
SCF Iteration  10: Energy = 2.0562144048195652 dE =  1.99207E-01
SCF Iteration  11: Energy = 1.8581837948355515 dE = -1.98031E-01
SCF Iteration  12: Energy = 2.0542491852607059 dE =  1.96065E-01
SCF Iteration  13: Energy = 1.8575693499205228 dE = -1.96680E-01
SCF Iteration  14: Energy = 2.0523937425609837 dE =  1.94824E-01
SCF Iteration  15: Energy = 1.8563651403371793 dE = -1.96029E-01
SCF Iteration  16: Energy = 2.0508059617594752 dE =  1.94441E-01
SCF Iteration  17: Energy = 1.8551006263182241 dE = -1.95705E-01
SCF Iteration  18: Energy = 2.0495279232371191 dE =  1.94427E-01
SCF Iteration  19: Energy = 1.8539854099917072 dE = -1.95543E-01
SCF Iteration  20: Energy = 2.0485390889657911 dE =  1.94554E-01
SCF Iteration  21: Energy = 1.8530789178256373 dE = -1.95460E-01
SCF Iteration  22: Energy = 2.0477938892665017 dE =  1.94715E-01
SCF Iteration  23: Energy = 1.8523751914449476 dE = -1.95419E-01
SCF Iteration  24: Energy = 2.0472422884778112 dE =  1.94867E-01
SCF Iteration  25: Energy = 1.8518442384207894 dE = -1.95398E-01
SCF Iteration  26: Energy = 2.0468390592414289 dE =  1.94995E-01
SCF Iteration  27: Energy = 1.8514510780249720 dE = -1.95388E-01
SCF Iteration  28: Energy = 2.0465468834223186 dE =  1.95096E-01
SCF Iteration  29: Energy = 1.8511636456812861 dE = -1.95383E-01
SCF Iteration  30: Energy = 2.0463365095374275 dE =  1.95173E-01
SCF Iteration  31: Energy = 1.8509553768279214 dE = -1.95381E-01
SCF Iteration  32: Energy = 2.0461857253191305 dE =  1.95230E-01
SCF Iteration  33: Energy = 1.8508054235999880 dE = -1.95380E-01
SCF Iteration  34: Energy = 2.0460780103976770 dE =  1.95273E-01
SCF Iteration  35: Energy = 1.8506979499182801 dE = -1.95380E-01
SCF Iteration  36: Energy = 2.0460012497702937 dE =  1.95303E-01
SCF Iteration  37: Energy = 1.8506211773174110 dE = -1.95380E-01
SCF Iteration  38: Energy = 2.0459466458695887 dE =  1.95325E-01
SCF Iteration  39: Energy = 1.8505664686891918 dE = -1.95380E-01
SCF Iteration  40: Energy = 2.0459078544879823 dE =  1.95341E-01
SCF Iteration  41: Energy = 1.8505275524747928 dE = -1.95380E-01
SCF Iteration  42: Energy = 2.0458803234452914 dE =  1.95353E-01
SCF Iteration  43: Energy = 1.8504999063624075 dE = -1.95380E-01
SCF Iteration  44: Energy = 2.0458607982305561 dE =  1.95361E-01
SCF Iteration  45: Energy = 1.8504802856288838 dE = -1.95381E-01
SCF Iteration  46: Energy = 2.0458469582385272 dE =  1.95367E-01
SCF Iteration  47: Energy = 1.8504663706157665 dE = -1.95381E-01
SCF Iteration  48: Energy = 2.0458371519938883 dE =  1.95371E-01
SCF Iteration  49: Energy = 1.8504565073667487 dE = -1.95381E-01
SCF Iteration  50: Energy = 2.0458302058954851 dE =  1.95374E-01
SCF Iteration  51: Energy = 1.8504495188644319 dE = -1.95381E-01
SCF Iteration  52: Energy = 2.0458252868203841 dE =  1.95376E-01
SCF Iteration  53: Energy = 1.8504445686932007 dE = -1.95381E-01
SCF Iteration  54: Energy = 2.0458218038098268 dE =  1.95377E-01
SCF Iteration  55: Energy = 1.8504410631029393 dE = -1.95381E-01
SCF Iteration  56: Energy = 2.0458193379229170 dE =  1.95378E-01
SCF Iteration  57: Energy = 1.8504385809342692 dE = -1.95381E-01
SCF Iteration  58: Energy = 2.0458175922933521 dE =  1.95379E-01
SCF Iteration  59: Energy = 1.8504368236227913 dE = -1.95381E-01
SCF Iteration  60: Energy = 2.0458163566257221 dE =  1.95380E-01
SCF Iteration  61: Energy = 1.8504355796038456 dE = -1.95381E-01
SCF Iteration  62: Energy = 2.0458154819856076 dE =  1.95380E-01
SCF Iteration  63: Energy = 1.8504346990091614 dE = -1.95381E-01
SCF Iteration  64: Energy = 2.0458148629140611 dE =  1.95380E-01
SCF Iteration  65: Energy = 1.8504340757001698 dE = -1.95381E-01
SCF Iteration  66: Energy = 2.0458144247465455 dE =  1.95380E-01
SCF Iteration  67: Energy = 1.8504336345214563 dE = -1.95381E-01
SCF Iteration  68: Energy = 2.0458141146260473 dE =  1.95380E-01
SCF Iteration  69: Energy = 1.8504333222633951 dE = -1.95381E-01
SCF Iteration  70: Energy = 2.0458138951363907 dE =  1.95381E-01
SCF Iteration  71: Energy = 1.8504331012575241 dE = -1.95381E-01
SCF Iteration  72: Energy = 2.0458137397930489 dE =  1.95381E-01
SCF Iteration  73: Energy = 1.8504329448393328 dE = -1.95381E-01
SCF Iteration  74: Energy = 2.0458136298500724 dE =  1.95381E-01
SCF Iteration  75: Energy = 1.8504328341347145 dE = -1.95381E-01
SCF Iteration  76: Energy = 2.0458135520393315 dE =  1.95381E-01
SCF Iteration  77: Energy = 1.8504327557844393 dE = -1.95381E-01
SCF Iteration  78: Energy = 2.0458134969700295 dE =  1.95381E-01
SCF Iteration  79: Energy = 1.8504327003330381 dE = -1.95381E-01
SCF Iteration  80: Energy = 2.0458134579957568 dE =  1.95381E-01
SCF Iteration  81: Energy = 1.8504326610882009 dE = -1.95381E-01
SCF Iteration  82: Energy = 2.0458134304125117 dE =  1.95381E-01
SCF Iteration  83: Energy = 1.8504326333134056 dE = -1.95381E-01
SCF Iteration  84: Energy = 2.0458134108910748 dE =  1.95381E-01
SCF Iteration  85: Energy = 1.8504326136563560 dE = -1.95381E-01
SCF Iteration  86: Energy = 2.0458133970752264 dE =  1.95381E-01
SCF Iteration  87: Energy = 1.8504325997445126 dE = -1.95381E-01
SCF Iteration  88: Energy = 2.0458133872973856 dE =  1.95381E-01
SCF Iteration  89: Energy = 1.8504325898987297 dE = -1.95381E-01
SCF Iteration  90: Energy = 2.0458133803773499 dE =  1.95381E-01
SCF Iteration  91: Energy = 1.8504325829305976 dE = -1.95381E-01
SCF Iteration  92: Energy = 2.0458133754798720 dE =  1.95381E-01
SCF Iteration  93: Energy = 1.8504325779990813 dE = -1.95381E-01
SCF Iteration  94: Energy = 2.0458133720138036 dE =  1.95381E-01
SCF Iteration  95: Energy = 1.8504325745089212 dE = -1.95381E-01
SCF Iteration  96: Energy = 2.0458133695607783 dE =  1.95381E-01
SCF Iteration  97: Energy = 1.8504325720388448 dE = -1.95381E-01
SCF Iteration  98: Energy = 2.0458133678247163 dE =  1.95381E-01
SCF Iteration  99: Energy = 1.8504325702907136 dE = -1.95381E-01
SCF Iteration 100: Energy = 2.0458133665960583 dE =  1.95381E-01
SCF Iteration 101: Energy = 1.8504325690535148 dE = -1.95381E-01
SCF Iteration 102: Energy = 2.0458133657265147 dE =  1.95381E-01
SCF Iteration 103: Energy = 1.8504325681779221 dE = -1.95381E-01
SCF Iteration 104: Energy = 2.0458133651111092 dE =  1.95381E-01
SCF Iteration 105: Energy = 1.8504325675582383 dE = -1.95381E-01
SCF Iteration 106: Energy = 2.0458133646755758 dE =  1.95381E-01
SCF Iteration 107: Energy = 1.8504325671196760 dE = -1.95381E-01
SCF Iteration 108: Energy = 2.0458133643673344 dE =  1.95381E-01
SCF Iteration 109: Energy = 1.8504325668092980 dE = -1.95381E-01
SCF Iteration 110: Energy = 2.0458133641491916 dE =  1.95381E-01
SCF Iteration 111: Energy = 1.8504325665896364 dE = -1.95381E-01
SCF Iteration 112: Energy = 2.0458133639948022 dE =  1.95381E-01
SCF Iteration 113: Energy = 1.8504325664341701 dE = -1.95381E-01
SCF Iteration 114: Energy = 2.0458133638855296 dE =  1.95381E-01
SCF Iteration 115: Energy = 1.8504325663241439 dE = -1.95381E-01
SCF Iteration 116: Energy = 2.0458133638082039 dE =  1.95381E-01
SCF Iteration 117: Energy = 1.8504325662462766 dE = -1.95381E-01
SCF Iteration 118: Energy = 2.0458133637534823 dE =  1.95381E-01
SCF Iteration 119: Energy = 1.8504325661911747 dE = -1.95381E-01
SCF Iteration 120: Energy = 2.0458133637147435 dE =  1.95381E-01
SCF Iteration 121: Energy = 1.8504325661521719 dE = -1.95381E-01
SCF Iteration 122: Energy = 2.0458133636873352 dE =  1.95381E-01
SCF Iteration 123: Energy = 1.8504325661245697 dE = -1.95381E-01
SCF Iteration 124: Energy = 2.0458133636679383 dE =  1.95381E-01
SCF Iteration 125: Energy = 1.8504325661050374 dE = -1.95381E-01
SCF Iteration 126: Energy = 2.0458133636542062 dE =  1.95381E-01
SCF Iteration 127: Energy = 1.8504325660912115 dE = -1.95381E-01
SCF Iteration 128: Energy = 2.0458133636444922 dE =  1.95381E-01
SCF Iteration 129: Energy = 1.8504325660814285 dE = -1.95381E-01
SCF Iteration 130: Energy = 2.0458133636376150 dE =  1.95381E-01
SCF Iteration 131: Energy = 1.8504325660745038 dE = -1.95381E-01
SCF Iteration 132: Energy = 2.0458133636327420 dE =  1.95381E-01
SCF Iteration 133: Energy = 1.8504325660695971 dE = -1.95381E-01
SCF Iteration 134: Energy = 2.0458133636292994 dE =  1.95381E-01
SCF Iteration 135: Energy = 1.8504325660661298 dE = -1.95381E-01
SCF Iteration 136: Energy = 2.0458133636268609 dE =  1.95381E-01
SCF Iteration 137: Energy = 1.8504325660636740 dE = -1.95381E-01
SCF Iteration 138: Energy = 2.0458133636251392 dE =  1.95381E-01
SCF Iteration 139: Energy = 1.8504325660619412 dE = -1.95381E-01
SCF Iteration 140: Energy = 2.0458133636239157 dE =  1.95381E-01
SCF Iteration 141: Energy = 1.8504325660607088 dE = -1.95381E-01
SCF Iteration 142: Energy = 2.0458133636230524 dE =  1.95381E-01
SCF Iteration 143: Energy = 1.8504325660598355 dE = -1.95381E-01
SCF Iteration 144: Energy = 2.0458133636224431 dE =  1.95381E-01
SCF Iteration 145: Energy = 1.8504325660592251 dE = -1.95381E-01
SCF Iteration 146: Energy = 2.0458133636220044 dE =  1.95381E-01
SCF Iteration 147: Energy = 1.8504325660587884 dE = -1.95381E-01
SCF Iteration 148: Energy = 2.0458133636216997 dE =  1.95381E-01
SCF Iteration 149: Energy = 1.8504325660584844 dE = -1.95381E-01
SCF Iteration 150: Energy = 2.0458133636214875 dE =  1.95381E-01
SCF Iteration 151: Energy = 1.8504325660582639 dE = -1.95381E-01
SCF Iteration 152: Energy = 2.0458133636213329 dE =  1.95381E-01
SCF Iteration 153: Energy = 1.8504325660581076 dE = -1.95381E-01
SCF Iteration 154: Energy = 2.0458133636212241 dE =  1.95381E-01
SCF Iteration 155: Energy = 1.8504325660579950 dE = -1.95381E-01
SCF Iteration 156: Energy = 2.0458133636211508 dE =  1.95381E-01
SCF Iteration 157: Energy = 1.8504325660579208 dE = -1.95381E-01
SCF Iteration 158: Energy = 2.0458133636210953 dE =  1.95381E-01
SCF Iteration 159: Energy = 1.8504325660578698 dE = -1.95381E-01
SCF Iteration 160: Energy = 2.0458133636210594 dE =  1.95381E-01
SCF Iteration 161: Energy = 1.8504325660578320 dE = -1.95381E-01
SCF Iteration 162: Energy = 2.0458133636210345 dE =  1.95381E-01
SCF Iteration 163: Energy = 1.8504325660578083 dE = -1.95381E-01
SCF Iteration 164: Energy = 2.0458133636210141 dE =  1.95381E-01
SCF Iteration 165: Energy = 1.8504325660577854 dE = -1.95381E-01
SCF Iteration 166: Energy = 2.0458133636209945 dE =  1.95381E-01
SCF Iteration 167: Energy = 1.8504325660577690 dE = -1.95381E-01
SCF Iteration 168: Energy = 2.0458133636209865 dE =  1.95381E-01
SCF Iteration 169: Energy = 1.8504325660577579 dE = -1.95381E-01
SCF Iteration 170: Energy = 2.0458133636209759 dE =  1.95381E-01
SCF Iteration 171: Energy = 1.8504325660577485 dE = -1.95381E-01
SCF Iteration 172: Energy = 2.0458133636209705 dE =  1.95381E-01
SCF Iteration 173: Energy = 1.8504325660577470 dE = -1.95381E-01
SCF Iteration 174: Energy = 2.0458133636209683 dE =  1.95381E-01
SCF Iteration 175: Energy = 1.8504325660577459 dE = -1.95381E-01
SCF Iteration 176: Energy = 2.0458133636209679 dE =  1.95381E-01
SCF Iteration 177: Energy = 1.8504325660577432 dE = -1.95381E-01
SCF Iteration 178: Energy = 2.0458133636209697 dE =  1.95381E-01
SCF Iteration 179: Energy = 1.8504325660577410 dE = -1.95381E-01
SCF Iteration 180: Energy = 2.0458133636209674 dE =  1.95381E-01
SCF Iteration 181: Energy = 1.8504325660577423 dE = -1.95381E-01
SCF Iteration 182: Energy = 2.0458133636209679 dE =  1.95381E-01
SCF Iteration 183: Energy = 1.8504325660577381 dE = -1.95381E-01
SCF Iteration 184: Energy = 2.0458133636209688 dE =  1.95381E-01
SCF Iteration 185: Energy = 1.8504325660577396 dE = -1.95381E-01
SCF Iteration 186: Energy = 2.0458133636209670 dE =  1.95381E-01
SCF Iteration 187: Energy = 1.8504325660577399 dE = -1.95381E-01
SCF Iteration 188: Energy = 2.0458133636209599 dE =  1.95381E-01
SCF Iteration 189: Energy = 1.8504325660577317 dE = -1.95381E-01
SCF Iteration 190: Energy = 2.0458133636209626 dE =  1.95381E-01
SCF Iteration 191: Energy = 1.8504325660577314 dE = -1.95381E-01
SCF Iteration 192: Energy = 2.0458133636209652 dE =  1.95381E-01
SCF Iteration 193: Energy = 1.8504325660577390 dE = -1.95381E-01
SCF Iteration 194: Energy = 2.0458133636209634 dE =  1.95381E-01
SCF Iteration 195: Energy = 1.8504325660577352 dE = -1.95381E-01
SCF Iteration 196: Energy = 2.0458133636209599 dE =  1.95381E-01
SCF Iteration 197: Energy = 1.8504325660577330 dE = -1.95381E-01
SCF Iteration 198: Energy = 2.0458133636209634 dE =  1.95381E-01
SCF Iteration 199: Energy = 1.8504325660577348 dE = -1.95381E-01
SCF Iteration 200: Energy = 2.0458133636209599 dE =  1.95381E-01
SCF Iteration 201: Energy = 1.8504325660577343 dE = -1.95381E-01
SCF Iteration 202: Energy = 2.0458133636209634 dE =  1.95381E-01
SCF Iteration 203: Energy = 1.8504325660577357 dE = -1.95381E-01
SCF Iteration 204: Energy = 2.0458133636209643 dE =  1.95381E-01
SCF Iteration 205: Energy = 1.8504325660577321 dE = -1.95381E-01
SCF Iteration 206: Energy = 2.0458133636209617 dE =  1.95381E-01
SCF Iteration 207: Energy = 1.8504325660577325 dE = -1.95381E-01
SCF Iteration 208: Energy = 2.0458133636209617 dE =  1.95381E-01
SCF Iteration 209: Energy = 1.8504325660577312 dE = -1.95381E-01
SCF Iteration 210: Energy = 2.0458133636209599 dE =  1.95381E-01
SCF Iteration 211: Energy = 1.8504325660577394 dE = -1.95381E-01
SCF Iteration 212: Energy = 2.0458133636209648 dE =  1.95381E-01
SCF Iteration 213: Energy = 1.8504325660577388 dE = -1.95381E-01
SCF Iteration 214: Energy = 2.0458133636209590 dE =  1.95381E-01
SCF Iteration 215: Energy = 1.8504325660577350 dE = -1.95381E-01
SCF Iteration 216: Energy = 2.0458133636209608 dE =  1.95381E-01
SCF Iteration 217: Energy = 1.8504325660577319 dE = -1.95381E-01
SCF Iteration 218: Energy = 2.0458133636209617 dE =  1.95381E-01
SCF Iteration 219: Energy = 1.8504325660577374 dE = -1.95381E-01
SCF Iteration 220: Energy = 2.0458133636209634 dE =  1.95381E-01
SCF Iteration 221: Energy = 1.8504325660577352 dE = -1.95381E-01
SCF Iteration 222: Energy = 2.0458133636209634 dE =  1.95381E-01
SCF Iteration 223: Energy = 1.8504325660577383 dE = -1.95381E-01
SCF Iteration 224: Energy = 2.0458133636209599 dE =  1.95381E-01
SCF Iteration 225: Energy = 1.8504325660577341 dE = -1.95381E-01
SCF Iteration 226: Energy = 2.0458133636209626 dE =  1.95381E-01
SCF Iteration 227: Energy = 1.8504325660577330 dE = -1.95381E-01
SCF Iteration 228: Energy = 2.0458133636209608 dE =  1.95381E-01
SCF Iteration 229: Energy = 1.8504325660577339 dE = -1.95381E-01
SCF Iteration 230: Energy = 2.0458133636209608 dE =  1.95381E-01
SCF Iteration 231: Energy = 1.8504325660577357 dE = -1.95381E-01
SCF Iteration 232: Energy = 2.0458133636209688 dE =  1.95381E-01
SCF Iteration 233: Energy = 1.8504325660577359 dE = -1.95381E-01
SCF Iteration 234: Energy = 2.0458133636209652 dE =  1.95381E-01
SCF Iteration 235: Energy = 1.8504325660577392 dE = -1.95381E-01
SCF Iteration 236: Energy = 2.0458133636209643 dE =  1.95381E-01
SCF Iteration 237: Energy = 1.8504325660577390 dE = -1.95381E-01
SCF Iteration 238: Energy = 2.0458133636209608 dE =  1.95381E-01
SCF Iteration 239: Energy = 1.8504325660577339 dE = -1.95381E-01
SCF Iteration 240: Energy = 2.0458133636209634 dE =  1.95381E-01
SCF Iteration 241: Energy = 1.8504325660577321 dE = -1.95381E-01
SCF Iteration 242: Energy = 2.0458133636209612 dE =  1.95381E-01
SCF Iteration 243: Energy = 1.8504325660577345 dE = -1.95381E-01
SCF Iteration 244: Energy = 2.0458133636209652 dE =  1.95381E-01
SCF Iteration 245: Energy = 1.8504325660577368 dE = -1.95381E-01
SCF Iteration 246: Energy = 2.0458133636209705 dE =  1.95381E-01
SCF Iteration 247: Energy = 1.8504325660577383 dE = -1.95381E-01
SCF Iteration 248: Energy = 2.0458133636209648 dE =  1.95381E-01
SCF Iteration 249: Energy = 1.8504325660577392 dE = -1.95381E-01
SCF Iteration 250: Energy = 2.0458133636209661 dE =  1.95381E-01
SCF Iteration 251: Energy = 1.8504325660577376 dE = -1.95381E-01
SCF Iteration 252: Energy = 2.0458133636209661 dE =  1.95381E-01
SCF Iteration 253: Energy = 1.8504325660577383 dE = -1.95381E-01
SCF Iteration 254: Energy = 2.0458133636209643 dE =  1.95381E-01
SCF Iteration 255: Energy = 1.8504325660577330 dE = -1.95381E-01
SCF Iteration 256: Energy = 2.0458133636209626 dE =  1.95381E-01
SCF Iteration 257: Energy = 1.8504325660577321 dE = -1.95381E-01
SCF Iteration 258: Energy = 2.0458133636209626 dE =  1.95381E-01
SCF Iteration 259: Energy = 1.8504325660577368 dE = -1.95381E-01
SCF Iteration 260: Energy = 2.0458133636209626 dE =  1.95381E-01
SCF Iteration 261: Energy = 1.8504325660577321 dE = -1.95381E-01
SCF Iteration 262: Energy = 2.0458133636209608 dE =  1.95381E-01
SCF Iteration 263: Energy = 1.8504325660577330 dE = -1.95381E-01
SCF Iteration 264: Energy = 2.0458133636209626 dE =  1.95381E-01
SCF Iteration 265: Energy = 1.8504325660577337 dE = -1.95381E-01
SCF Iteration 266: Energy = 2.0458133636209626 dE =  1.95381E-01
SCF Iteration 267: Energy = 1.8504325660577361 dE = -1.95381E-01
SCF Iteration 268: Energy = 2.0458133636209603 dE =  1.95381E-01
SCF Iteration 269: Energy = 1.8504325660577332 dE = -1.95381E-01
SCF Iteration 270: Energy = 2.0458133636209603 dE =  1.95381E-01
SCF Iteration 271: Energy = 1.8504325660577359 dE = -1.95381E-01
SCF Iteration 272: Energy = 2.0458133636209657 dE =  1.95381E-01
SCF Iteration 273: Energy = 1.8504325660577392 dE = -1.95381E-01
SCF Iteration 274: Energy = 2.0458133636209626 dE =  1.95381E-01
SCF Iteration 275: Energy = 1.8504325660577323 dE = -1.95381E-01
SCF Iteration 276: Energy = 2.0458133636209617 dE =  1.95381E-01
SCF Iteration 277: Energy = 1.8504325660577374 dE = -1.95381E-01
SCF Iteration 278: Energy = 2.0458133636209626 dE =  1.95381E-01
SCF Iteration 279: Energy = 1.8504325660577365 dE = -1.95381E-01
SCF Iteration 280: Energy = 2.0458133636209617 dE =  1.95381E-01
SCF Iteration 281: Energy = 1.8504325660577339 dE = -1.95381E-01
SCF Iteration 282: Energy = 2.0458133636209599 dE =  1.95381E-01
SCF Iteration 283: Energy = 1.8504325660577321 dE = -1.95381E-01
SCF Iteration 284: Energy = 2.0458133636209652 dE =  1.95381E-01
SCF Iteration 285: Energy = 1.8504325660577325 dE = -1.95381E-01
SCF Iteration 286: Energy = 2.0458133636209652 dE =  1.95381E-01
SCF Iteration 287: Energy = 1.8504325660577337 dE = -1.95381E-01
SCF Iteration 288: Energy = 2.0458133636209617 dE =  1.95381E-01
SCF Iteration 289: Energy = 1.8504325660577337 dE = -1.95381E-01
SCF Iteration 290: Energy = 2.0458133636209674 dE =  1.95381E-01
SCF Iteration 291: Energy = 1.8504325660577312 dE = -1.95381E-01
SCF Iteration 292: Energy = 2.0458133636209643 dE =  1.95381E-01
SCF Iteration 293: Energy = 1.8504325660577388 dE = -1.95381E-01
SCF Iteration 294: Energy = 2.0458133636209643 dE =  1.95381E-01
SCF Iteration 295: Energy = 1.8504325660577370 dE = -1.95381E-01
SCF Iteration 296: Energy = 2.0458133636209608 dE =  1.95381E-01
SCF Iteration 297: Energy = 1.8504325660577334 dE = -1.95381E-01
SCF Iteration 298: Energy = 2.0458133636209590 dE =  1.95381E-01
SCF Iteration 299: Energy = 1.8504325660577305 dE = -1.95381E-01
SCF Iteration 300: Energy = 2.0458133636209626 dE =  1.95381E-01
SCF Iteration 301: Energy = 1.8504325660577312 dE = -1.95381E-01
SCF Iteration 302: Energy = 2.0458133636209590 dE =  1.95381E-01
SCF Iteration 303: Energy = 1.8504325660577308 dE = -1.95381E-01
SCF Iteration 304: Energy = 2.0458133636209590 dE =  1.95381E-01
SCF Iteration 305: Energy = 1.8504325660577305 dE = -1.95381E-01
SCF Iteration 306: Energy = 2.0458133636209643 dE =  1.95381E-01
SCF Iteration 307: Energy = 1.8504325660577325 dE = -1.95381E-01
SCF Iteration 308: Energy = 2.0458133636209634 dE =  1.95381E-01
SCF Iteration 309: Energy = 1.8504325660577405 dE = -1.95381E-01
SCF Iteration 310: Energy = 2.0458133636209648 dE =  1.95381E-01
SCF Iteration 311: Energy = 1.8504325660577388 dE = -1.95381E-01
SCF Iteration 312: Energy = 2.0458133636209590 dE =  1.95381E-01
SCF Iteration 313: Energy = 1.8504325660577321 dE = -1.95381E-01
SCF Iteration 314: Energy = 2.0458133636209617 dE =  1.95381E-01
SCF Iteration 315: Energy = 1.8504325660577334 dE = -1.95381E-01
SCF Iteration 316: Energy = 2.0458133636209643 dE =  1.95381E-01
SCF Iteration 317: Energy = 1.8504325660577354 dE = -1.95381E-01
SCF Iteration 318: Energy = 2.0458133636209661 dE =  1.95381E-01
SCF Iteration 319: Energy = 1.8504325660577357 dE = -1.95381E-01
SCF Iteration 320: Energy = 2.0458133636209652 dE =  1.95381E-01
SCF Iteration 321: Energy = 1.8504325660577388 dE = -1.95381E-01
SCF Iteration 322: Energy = 2.0458133636209670 dE =  1.95381E-01
SCF Iteration 323: Energy = 1.8504325660577392 dE = -1.95381E-01
SCF Iteration 324: Energy = 2.0458133636209652 dE =  1.95381E-01
SCF Iteration 325: Energy = 1.8504325660577350 dE = -1.95381E-01
SCF Iteration 326: Energy = 2.0458133636209643 dE =  1.95381E-01
SCF Iteration 327: Energy = 1.8504325660577343 dE = -1.95381E-01
SCF Iteration 328: Energy = 2.0458133636209661 dE =  1.95381E-01
SCF Iteration 329: Energy = 1.8504325660577383 dE = -1.95381E-01
SCF Iteration 330: Energy = 2.0458133636209643 dE =  1.95381E-01
SCF Iteration 331: Energy = 1.8504325660577361 dE = -1.95381E-01
SCF Iteration 332: Energy = 2.0458133636209599 dE =  1.95381E-01
SCF Iteration 333: Energy = 1.8504325660577317 dE = -1.95381E-01
SCF Iteration 334: Energy = 2.0458133636209590 dE =  1.95381E-01
SCF Iteration 335: Energy = 1.8504325660577339 dE = -1.95381E-01
SCF Iteration 336: Energy = 2.0458133636209617 dE =  1.95381E-01
SCF Iteration 337: Energy = 1.8504325660577343 dE = -1.95381E-01
SCF Iteration 338: Energy = 2.0458133636209643 dE =  1.95381E-01
SCF Iteration 339: Energy = 1.8504325660577370 dE = -1.95381E-01
SCF Iteration 340: Energy = 2.0458133636209643 dE =  1.95381E-01
SCF Iteration 341: Energy = 1.8504325660577414 dE = -1.95381E-01
SCF Iteration 342: Energy = 2.0458133636209612 dE =  1.95381E-01
SCF Iteration 343: Energy = 1.8504325660577348 dE = -1.95381E-01
SCF Iteration 344: Energy = 2.0458133636209599 dE =  1.95381E-01
SCF Iteration 345: Energy = 1.8504325660577299 dE = -1.95381E-01
SCF Iteration 346: Energy = 2.0458133636209608 dE =  1.95381E-01
SCF Iteration 347: Energy = 1.8504325660577352 dE = -1.95381E-01
SCF Iteration 348: Energy = 2.0458133636209608 dE =  1.95381E-01
SCF Iteration 349: Energy = 1.8504325660577383 dE = -1.95381E-01
SCF Iteration 350: Energy = 2.0458133636209626 dE =  1.95381E-01
SCF Iteration 351: Energy = 1.8504325660577325 dE = -1.95381E-01
SCF Iteration 352: Energy = 2.0458133636209599 dE =  1.95381E-01
SCF Iteration 353: Energy = 1.8504325660577350 dE = -1.95381E-01
SCF Iteration 354: Energy = 2.0458133636209577 dE =  1.95381E-01
SCF Iteration 355: Energy = 1.8504325660577343 dE = -1.95381E-01
SCF Iteration 356: Energy = 2.0458133636209608 dE =  1.95381E-01
SCF Iteration 357: Energy = 1.8504325660577357 dE = -1.95381E-01
SCF Iteration 358: Energy = 2.0458133636209581 dE =  1.95381E-01
SCF Iteration 359: Energy = 1.8504325660577297 dE = -1.95381E-01
SCF Iteration 360: Energy = 2.0458133636209599 dE =  1.95381E-01
SCF Iteration 361: Energy = 1.8504325660577359 dE = -1.95381E-01
SCF Iteration 362: Energy = 2.0458133636209652 dE =  1.95381E-01
SCF Iteration 363: Energy = 1.8504325660577408 dE = -1.95381E-01
SCF Iteration 364: Energy = 2.0458133636209688 dE =  1.95381E-01
SCF Iteration 365: Energy = 1.8504325660577388 dE = -1.95381E-01
SCF Iteration 366: Energy = 2.0458133636209634 dE =  1.95381E-01
SCF Iteration 367: Energy = 1.8504325660577354 dE = -1.95381E-01
SCF Iteration 368: Energy = 2.0458133636209670 dE =  1.95381E-01
SCF Iteration 369: Energy = 1.8504325660577405 dE = -1.95381E-01
SCF Iteration 370: Energy = 2.0458133636209652 dE =  1.95381E-01
SCF Iteration 371: Energy = 1.8504325660577312 dE = -1.95381E-01
SCF Iteration 372: Energy = 2.0458133636209617 dE =  1.95381E-01
SCF Iteration 373: Energy = 1.8504325660577325 dE = -1.95381E-01
SCF Iteration 374: Energy = 2.0458133636209670 dE =  1.95381E-01
SCF Iteration 375: Energy = 1.8504325660577392 dE = -1.95381E-01
SCF Iteration 376: Energy = 2.0458133636209643 dE =  1.95381E-01
SCF Iteration 377: Energy = 1.8504325660577348 dE = -1.95381E-01
SCF Iteration 378: Energy = 2.0458133636209643 dE =  1.95381E-01
SCF Iteration 379: Energy = 1.8504325660577359 dE = -1.95381E-01
SCF Iteration 380: Energy = 2.0458133636209648 dE =  1.95381E-01
SCF Iteration 381: Energy = 1.8504325660577379 dE = -1.95381E-01
SCF Iteration 382: Energy = 2.0458133636209657 dE =  1.95381E-01
SCF Iteration 383: Energy = 1.8504325660577381 dE = -1.95381E-01
SCF Iteration 384: Energy = 2.0458133636209626 dE =  1.95381E-01
SCF Iteration 385: Energy = 1.8504325660577343 dE = -1.95381E-01
SCF Iteration 386: Energy = 2.0458133636209617 dE =  1.95381E-01
SCF Iteration 387: Energy = 1.8504325660577343 dE = -1.95381E-01
SCF Iteration 388: Energy = 2.0458133636209563 dE =  1.95381E-01
SCF Iteration 389: Energy = 1.8504325660577325 dE = -1.95381E-01
SCF Iteration 390: Energy = 2.0458133636209572 dE =  1.95381E-01
SCF Iteration 391: Energy = 1.8504325660577317 dE = -1.95381E-01
SCF Iteration 392: Energy = 2.0458133636209590 dE =  1.95381E-01
SCF Iteration 393: Energy = 1.8504325660577361 dE = -1.95381E-01
SCF Iteration 394: Energy = 2.0458133636209608 dE =  1.95381E-01
SCF Iteration 395: Energy = 1.8504325660577305 dE = -1.95381E-01
SCF Iteration 396: Energy = 2.0458133636209572 dE =  1.95381E-01
SCF Iteration 397: Energy = 1.8504325660577325 dE = -1.95381E-01
SCF Iteration 398: Energy = 2.0458133636209586 dE =  1.95381E-01
SCF Iteration 399: Energy = 1.8504325660577334 dE = -1.95381E-01
SCF Iteration 400: Energy = 2.0458133636209643 dE =  1.95381E-01
SCF Iteration 401: Energy = 1.8504325660577361 dE = -1.95381E-01
SCF Iteration 402: Energy = 2.0458133636209661 dE =  1.95381E-01
SCF Iteration 403: Energy = 1.8504325660577343 dE = -1.95381E-01
SCF Iteration 404: Energy = 2.0458133636209643 dE =  1.95381E-01
SCF Iteration 405: Energy = 1.8504325660577330 dE = -1.95381E-01
SCF Iteration 406: Energy = 2.0458133636209643 dE =  1.95381E-01
SCF Iteration 407: Energy = 1.8504325660577365 dE = -1.95381E-01
SCF Iteration 408: Energy = 2.0458133636209634 dE =  1.95381E-01
SCF Iteration 409: Energy = 1.8504325660577314 dE = -1.95381E-01
SCF Iteration 410: Energy = 2.0458133636209643 dE =  1.95381E-01
SCF Iteration 411: Energy = 1.8504325660577392 dE = -1.95381E-01
SCF Iteration 412: Energy = 2.0458133636209617 dE =  1.95381E-01
SCF Iteration 413: Energy = 1.8504325660577370 dE = -1.95381E-01
SCF Iteration 414: Energy = 2.0458133636209670 dE =  1.95381E-01
SCF Iteration 415: Energy = 1.8504325660577401 dE = -1.95381E-01
SCF Iteration 416: Energy = 2.0458133636209626 dE =  1.95381E-01
SCF Iteration 417: Energy = 1.8504325660577352 dE = -1.95381E-01
SCF Iteration 418: Energy = 2.0458133636209590 dE =  1.95381E-01
SCF Iteration 419: Energy = 1.8504325660577325 dE = -1.95381E-01
SCF Iteration 420: Energy = 2.0458133636209617 dE =  1.95381E-01
SCF Iteration 421: Energy = 1.8504325660577332 dE = -1.95381E-01
SCF Iteration 422: Energy = 2.0458133636209626 dE =  1.95381E-01
SCF Iteration 423: Energy = 1.8504325660577383 dE = -1.95381E-01
SCF Iteration 424: Energy = 2.0458133636209608 dE =  1.95381E-01
SCF Iteration 425: Energy = 1.8504325660577348 dE = -1.95381E-01
SCF Iteration 426: Energy = 2.0458133636209652 dE =  1.95381E-01
SCF Iteration 427: Energy = 1.8504325660577350 dE = -1.95381E-01
SCF Iteration 428: Energy = 2.0458133636209626 dE =  1.95381E-01
SCF Iteration 429: Energy = 1.8504325660577352 dE = -1.95381E-01
SCF Iteration 430: Energy = 2.0458133636209608 dE =  1.95381E-01
SCF Iteration 431: Energy = 1.8504325660577350 dE = -1.95381E-01
SCF Iteration 432: Energy = 2.0458133636209572 dE =  1.95381E-01
SCF Iteration 433: Energy = 1.8504325660577277 dE = -1.95381E-01
SCF Iteration 434: Energy = 2.0458133636209572 dE =  1.95381E-01
SCF Iteration 435: Energy = 1.8504325660577332 dE = -1.95381E-01
SCF Iteration 436: Energy = 2.0458133636209590 dE =  1.95381E-01
SCF Iteration 437: Energy = 1.8504325660577321 dE = -1.95381E-01
SCF Iteration 438: Energy = 2.0458133636209590 dE =  1.95381E-01
SCF Iteration 439: Energy = 1.8504325660577285 dE = -1.95381E-01
SCF Iteration 440: Energy = 2.0458133636209661 dE =  1.95381E-01
SCF Iteration 441: Energy = 1.8504325660577388 dE = -1.95381E-01
SCF Iteration 442: Energy = 2.0458133636209626 dE =  1.95381E-01
SCF Iteration 443: Energy = 1.8504325660577361 dE = -1.95381E-01
SCF Iteration 444: Energy = 2.0458133636209630 dE =  1.95381E-01
SCF Iteration 445: Energy = 1.8504325660577383 dE = -1.95381E-01
SCF Iteration 446: Energy = 2.0458133636209626 dE =  1.95381E-01
SCF Iteration 447: Energy = 1.8504325660577370 dE = -1.95381E-01
SCF Iteration 448: Energy = 2.0458133636209643 dE =  1.95381E-01
SCF Iteration 449: Energy = 1.8504325660577348 dE = -1.95381E-01
SCF Iteration 450: Energy = 2.0458133636209626 dE =  1.95381E-01
SCF Iteration 451: Energy = 1.8504325660577372 dE = -1.95381E-01
SCF Iteration 452: Energy = 2.0458133636209608 dE =  1.95381E-01
SCF Iteration 453: Energy = 1.8504325660577339 dE = -1.95381E-01
SCF Iteration 454: Energy = 2.0458133636209617 dE =  1.95381E-01
SCF Iteration 455: Energy = 1.8504325660577328 dE = -1.95381E-01
SCF Iteration 456: Energy = 2.0458133636209626 dE =  1.95381E-01
SCF Iteration 457: Energy = 1.8504325660577319 dE = -1.95381E-01
SCF Iteration 458: Energy = 2.0458133636209643 dE =  1.95381E-01
SCF Iteration 459: Energy = 1.8504325660577405 dE = -1.95381E-01
SCF Iteration 460: Energy = 2.0458133636209652 dE =  1.95381E-01
SCF Iteration 461: Energy = 1.8504325660577374 dE = -1.95381E-01
SCF Iteration 462: Energy = 2.0458133636209626 dE =  1.95381E-01
SCF Iteration 463: Energy = 1.8504325660577328 dE = -1.95381E-01
SCF Iteration 464: Energy = 2.0458133636209599 dE =  1.95381E-01
SCF Iteration 465: Energy = 1.8504325660577321 dE = -1.95381E-01
SCF Iteration 466: Energy = 2.0458133636209643 dE =  1.95381E-01
SCF Iteration 467: Energy = 1.8504325660577337 dE = -1.95381E-01
SCF Iteration 468: Energy = 2.0458133636209599 dE =  1.95381E-01
SCF Iteration 469: Energy = 1.8504325660577348 dE = -1.95381E-01
SCF Iteration 470: Energy = 2.0458133636209634 dE =  1.95381E-01
SCF Iteration 471: Energy = 1.8504325660577339 dE = -1.95381E-01
SCF Iteration 472: Energy = 2.0458133636209581 dE =  1.95381E-01
SCF Iteration 473: Energy = 1.8504325660577365 dE = -1.95381E-01
SCF Iteration 474: Energy = 2.0458133636209626 dE =  1.95381E-01
SCF Iteration 475: Energy = 1.8504325660577350 dE = -1.95381E-01
SCF Iteration 476: Energy = 2.0458133636209626 dE =  1.95381E-01
SCF Iteration 477: Energy = 1.8504325660577330 dE = -1.95381E-01
SCF Iteration 478: Energy = 2.0458133636209617 dE =  1.95381E-01
SCF Iteration 479: Energy = 1.8504325660577334 dE = -1.95381E-01
SCF Iteration 480: Energy = 2.0458133636209581 dE =  1.95381E-01
SCF Iteration 481: Energy = 1.8504325660577290 dE = -1.95381E-01
SCF Iteration 482: Energy = 2.0458133636209634 dE =  1.95381E-01
SCF Iteration 483: Energy = 1.8504325660577348 dE = -1.95381E-01
SCF Iteration 484: Energy = 2.0458133636209617 dE =  1.95381E-01
SCF Iteration 485: Energy = 1.8504325660577328 dE = -1.95381E-01
SCF Iteration 486: Energy = 2.0458133636209563 dE =  1.95381E-01
SCF Iteration 487: Energy = 1.8504325660577305 dE = -1.95381E-01
SCF Iteration 488: Energy = 2.0458133636209581 dE =  1.95381E-01
SCF Iteration 489: Energy = 1.8504325660577323 dE = -1.95381E-01
SCF Iteration 490: Energy = 2.0458133636209599 dE =  1.95381E-01
SCF Iteration 491: Energy = 1.8504325660577354 dE = -1.95381E-01
SCF Iteration 492: Energy = 2.0458133636209608 dE =  1.95381E-01
SCF Iteration 493: Energy = 1.8504325660577419 dE = -1.95381E-01
SCF Iteration 494: Energy = 2.0458133636209674 dE =  1.95381E-01
SCF Iteration 495: Energy = 1.8504325660577428 dE = -1.95381E-01
SCF Iteration 496: Energy = 2.0458133636209670 dE =  1.95381E-01
SCF Iteration 497: Energy = 1.8504325660577423 dE = -1.95381E-01
SCF Iteration 498: Energy = 2.0458133636209705 dE =  1.95381E-01
SCF Iteration 499: Energy = 1.8504325660577454 dE = -1.95381E-01
SCF Iteration 500: Energy = 2.0458133636209634 dE =  1.95381E-01
