
  Memory set to  55.879 GiB by Python driver.
  Threads set to 1 by Python driver.
Settings:
	LOT = CCSD-S2-U22
	wc = 20.0 eV
	lambda = [0.727454 0.       0.      ] a.u.
	Equivalent A0 = LAMBDA / sqrt(2 wc) = [0.6 0.  0. ])
doing QED-CCSD-Full (or QED-CCSD-22)
Number of occupied orbitals:   1
Number of basis functions:  60
SCF Iteration   1: Energy = 1.9896030390119672 dE =  1.98960E+00
SCF Iteration   2: Energy = 2.4342484511167810 dE =  4.44645E-01
SCF Iteration   3: Energy = 2.1992321987599945 dE = -2.35016E-01
SCF Iteration   4: Energy = 2.4351967985033331 dE =  2.35965E-01
SCF Iteration   5: Energy = 2.2683524694972430 dE = -1.66844E-01
SCF Iteration   6: Energy = 2.4394650808230458 dE =  1.71113E-01
SCF Iteration   7: Energy = 2.2931156645362076 dE = -1.46349E-01
SCF Iteration   8: Energy = 2.4408997964259047 dE =  1.47784E-01
SCF Iteration   9: Energy = 2.3026612505526192 dE = -1.38239E-01
SCF Iteration  10: Energy = 2.4404955346182899 dE =  1.37834E-01
SCF Iteration  11: Energy = 2.3058432370200590 dE = -1.34652E-01
SCF Iteration  12: Energy = 2.4390944276020399 dE =  1.33251E-01
SCF Iteration  13: Energy = 2.3061620033319894 dE = -1.32932E-01
SCF Iteration  14: Energy = 2.4373094800694508 dE =  1.31147E-01
SCF Iteration  15: Energy = 2.3052586942129056 dE = -1.32051E-01
SCF Iteration  16: Energy = 2.4355167990680311 dE =  1.30258E-01
SCF Iteration  17: Energy = 2.3039419817326219 dE = -1.31575E-01
SCF Iteration  18: Energy = 2.4339060380479705 dE =  1.29964E-01
SCF Iteration  19: Energy = 2.3025983519976934 dE = -1.31308E-01
SCF Iteration  20: Energy = 2.4325476131140080 dE =  1.29949E-01
SCF Iteration  21: Energy = 2.3013943560505545 dE = -1.31153E-01
SCF Iteration  22: Energy = 2.4314464967708922 dE =  1.30052E-01
SCF Iteration  23: Energy = 2.3003846946386330 dE = -1.31062E-01
SCF Iteration  24: Energy = 2.4305770072001636 dE =  1.30192E-01
SCF Iteration  25: Energy = 2.2995705368901680 dE = -1.31006E-01
SCF Iteration  26: Energy = 2.4299026200638916 dE =  1.30332E-01
SCF Iteration  27: Energy = 2.2989303140494530 dE = -1.30972E-01
SCF Iteration  28: Energy = 2.4293861065056528 dE =  1.30456E-01
SCF Iteration  29: Energy = 2.2984353220407918 dE = -1.30951E-01
SCF Iteration  30: Energy = 2.4289940624473787 dE =  1.30559E-01
SCF Iteration  31: Energy = 2.2980571074762404 dE = -1.30937E-01
SCF Iteration  32: Energy = 2.4286984373865925 dE =  1.30641E-01
SCF Iteration  33: Energy = 2.2977705434843791 dE = -1.30928E-01
SCF Iteration  34: Energy = 2.4284765882713621 dE =  1.30706E-01
SCF Iteration  35: Energy = 2.2975547422273883 dE = -1.30922E-01
SCF Iteration  36: Energy = 2.4283106955296532 dE =  1.30756E-01
SCF Iteration  37: Energy = 2.2973929560158748 dE = -1.30918E-01
SCF Iteration  38: Energy = 2.4281869740251558 dE =  1.30794E-01
SCF Iteration  39: Energy = 2.2972720661647479 dE = -1.30915E-01
SCF Iteration  40: Energy = 2.4280948864261633 dE =  1.30823E-01
SCF Iteration  41: Energy = 2.2971819575606127 dE = -1.30913E-01
SCF Iteration  42: Energy = 2.4280264464362400 dE =  1.30844E-01
SCF Iteration  43: Energy = 2.2971149165633875 dE = -1.30912E-01
SCF Iteration  44: Energy = 2.4279756385148952 dE =  1.30861E-01
SCF Iteration  45: Energy = 2.2970651070695807 dE = -1.30911E-01
SCF Iteration  46: Energy = 2.4279379520644886 dE =  1.30873E-01
SCF Iteration  47: Energy = 2.2970281387257092 dE = -1.30910E-01
SCF Iteration  48: Energy = 2.4279100162608191 dE =  1.30882E-01
SCF Iteration  49: Energy = 2.2970007226435420 dE = -1.30909E-01
SCF Iteration  50: Energy = 2.4278893183336394 dE =  1.30889E-01
SCF Iteration  51: Energy = 2.2969804027261898 dE = -1.30909E-01
SCF Iteration  52: Energy = 2.4278739886459402 dE =  1.30894E-01
SCF Iteration  53: Energy = 2.2969653490489743 dE = -1.30909E-01
SCF Iteration  54: Energy = 2.4278626380390298 dE =  1.30897E-01
SCF Iteration  55: Energy = 2.2969542005884080 dE = -1.30908E-01
SCF Iteration  56: Energy = 2.4278542354455412 dE =  1.30900E-01
SCF Iteration  57: Energy = 2.2969459463927180 dE = -1.30908E-01
SCF Iteration  58: Energy = 2.4278480161927503 dE =  1.30902E-01
SCF Iteration  59: Energy = 2.2969398362781082 dE = -1.30908E-01
SCF Iteration  60: Energy = 2.4278434135168627 dE =  1.30904E-01
SCF Iteration  61: Energy = 2.2969353139791222 dE = -1.30908E-01
SCF Iteration  62: Energy = 2.4278400075328763 dE =  1.30905E-01
SCF Iteration  63: Energy = 2.2969319672534985 dE = -1.30908E-01
SCF Iteration  64: Energy = 2.4278374872780053 dE =  1.30906E-01
SCF Iteration  65: Energy = 2.2969294907229161 dE = -1.30908E-01
SCF Iteration  66: Energy = 2.4278356225165529 dE =  1.30906E-01
SCF Iteration  67: Energy = 2.2969276582439093 dE = -1.30908E-01
SCF Iteration  68: Energy = 2.4278342428167217 dE =  1.30907E-01
SCF Iteration  69: Energy = 2.2969263023901365 dE = -1.30908E-01
SCF Iteration  70: Energy = 2.4278332220355363 dE =  1.30907E-01
SCF Iteration  71: Energy = 2.2969252992296831 dE = -1.30908E-01
SCF Iteration  72: Energy = 2.4278324668205258 dE =  1.30907E-01
SCF Iteration  73: Energy = 2.2969245570388717 dE = -1.30908E-01
SCF Iteration  74: Energy = 2.4278319080919157 dE =  1.30907E-01
SCF Iteration  75: Energy = 2.2969240079389968 dE = -1.30908E-01
SCF Iteration  76: Energy = 2.4278314947348347 dE =  1.30907E-01
SCF Iteration  77: Energy = 2.2969236017015251 dE = -1.30908E-01
SCF Iteration  78: Energy = 2.4278311889292254 dE =  1.30908E-01
SCF Iteration  79: Energy = 2.2969233011608958 dE = -1.30908E-01
SCF Iteration  80: Energy = 2.4278309626929966 dE =  1.30908E-01
SCF Iteration  81: Energy = 2.2969230788184833 dE = -1.30908E-01
SCF Iteration  82: Energy = 2.4278307953234965 dE =  1.30908E-01
SCF Iteration  83: Energy = 2.2969229143289449 dE = -1.30908E-01
SCF Iteration  84: Energy = 2.4278306715041493 dE =  1.30908E-01
SCF Iteration  85: Energy = 2.2969227926397879 dE = -1.30908E-01
SCF Iteration  86: Energy = 2.4278305799033415 dE =  1.30908E-01
SCF Iteration  87: Energy = 2.2969227026146664 dE = -1.30908E-01
SCF Iteration  88: Energy = 2.4278305121377963 dE =  1.30908E-01
SCF Iteration  89: Energy = 2.2969226360146844 dE = -1.30908E-01
SCF Iteration  90: Energy = 2.4278304620054909 dE =  1.30908E-01
SCF Iteration  91: Energy = 2.2969225867445768 dE = -1.30908E-01
SCF Iteration  92: Energy = 2.4278304249181382 dE =  1.30908E-01
SCF Iteration  93: Energy = 2.2969225502950326 dE = -1.30908E-01
SCF Iteration  94: Energy = 2.4278303974813387 dE =  1.30908E-01
SCF Iteration  95: Energy = 2.2969225233300592 dE = -1.30908E-01
SCF Iteration  96: Energy = 2.4278303771839251 dE =  1.30908E-01
SCF Iteration  97: Energy = 2.2969225033816785 dE = -1.30908E-01
SCF Iteration  98: Energy = 2.4278303621681436 dE =  1.30908E-01
SCF Iteration  99: Energy = 2.2969224886241033 dE = -1.30908E-01
SCF Iteration 100: Energy = 2.4278303510596695 dE =  1.30908E-01
SCF Iteration 101: Energy = 2.2969224777066426 dE = -1.30908E-01
SCF Iteration 102: Energy = 2.4278303428417622 dE =  1.30908E-01
SCF Iteration 103: Energy = 2.2969224696300463 dE = -1.30908E-01
SCF Iteration 104: Energy = 2.4278303367622680 dE =  1.30908E-01
SCF Iteration 105: Energy = 2.2969224636550871 dE = -1.30908E-01
SCF Iteration 106: Energy = 2.4278303322647306 dE =  1.30908E-01
SCF Iteration 107: Energy = 2.2969224592348834 dE = -1.30908E-01
SCF Iteration 108: Energy = 2.4278303289375192 dE =  1.30908E-01
SCF Iteration 109: Energy = 2.2969224559648831 dE = -1.30908E-01
SCF Iteration 110: Energy = 2.4278303264760925 dE =  1.30908E-01
SCF Iteration 111: Energy = 2.2969224535457751 dE = -1.30908E-01
SCF Iteration 112: Energy = 2.4278303246551660 dE =  1.30908E-01
SCF Iteration 113: Energy = 2.2969224517561595 dE = -1.30908E-01
SCF Iteration 114: Energy = 2.4278303233080685 dE =  1.30908E-01
SCF Iteration 115: Energy = 2.2969224504322248 dE = -1.30908E-01
SCF Iteration 116: Energy = 2.4278303223114976 dE =  1.30908E-01
SCF Iteration 117: Energy = 2.2969224494527865 dE = -1.30908E-01
SCF Iteration 118: Energy = 2.4278303215742572 dE =  1.30908E-01
SCF Iteration 119: Energy = 2.2969224487282212 dE = -1.30908E-01
SCF Iteration 120: Energy = 2.4278303210288543 dE =  1.30908E-01
SCF Iteration 121: Energy = 2.2969224481921984 dE = -1.30908E-01
SCF Iteration 122: Energy = 2.4278303206253740 dE =  1.30908E-01
SCF Iteration 123: Energy = 2.2969224477956569 dE = -1.30908E-01
SCF Iteration 124: Energy = 2.4278303203268834 dE =  1.30908E-01
SCF Iteration 125: Energy = 2.2969224475023027 dE = -1.30908E-01
SCF Iteration 126: Energy = 2.4278303201060676 dE =  1.30908E-01
SCF Iteration 127: Energy = 2.2969224472852736 dE = -1.30908E-01
SCF Iteration 128: Energy = 2.4278303199427027 dE =  1.30908E-01
SCF Iteration 129: Energy = 2.2969224471247252 dE = -1.30908E-01
SCF Iteration 130: Energy = 2.4278303198218505 dE =  1.30908E-01
SCF Iteration 131: Energy = 2.2969224470059468 dE = -1.30908E-01
SCF Iteration 132: Energy = 2.4278303197324473 dE =  1.30908E-01
SCF Iteration 133: Energy = 2.2969224469180802 dE = -1.30908E-01
SCF Iteration 134: Energy = 2.4278303196663082 dE =  1.30908E-01
SCF Iteration 135: Energy = 2.2969224468530780 dE = -1.30908E-01
SCF Iteration 136: Energy = 2.4278303196173754 dE =  1.30908E-01
SCF Iteration 137: Energy = 2.2969224468049925 dE = -1.30908E-01
SCF Iteration 138: Energy = 2.4278303195811786 dE =  1.30908E-01
SCF Iteration 139: Energy = 2.2969224467694160 dE = -1.30908E-01
SCF Iteration 140: Energy = 2.4278303195544080 dE =  1.30908E-01
SCF Iteration 141: Energy = 2.2969224467431064 dE = -1.30908E-01
SCF Iteration 142: Energy = 2.4278303195345989 dE =  1.30908E-01
SCF Iteration 143: Energy = 2.2969224467236398 dE = -1.30908E-01
SCF Iteration 144: Energy = 2.4278303195199427 dE =  1.30908E-01
SCF Iteration 145: Energy = 2.2969224467092335 dE = -1.30908E-01
SCF Iteration 146: Energy = 2.4278303195091038 dE =  1.30908E-01
SCF Iteration 147: Energy = 2.2969224466985825 dE = -1.30908E-01
SCF Iteration 148: Energy = 2.4278303195010817 dE =  1.30908E-01
SCF Iteration 149: Energy = 2.2969224466907021 dE = -1.30908E-01
SCF Iteration 150: Energy = 2.4278303194951443 dE =  1.30908E-01
SCF Iteration 151: Energy = 2.2969224466848606 dE = -1.30908E-01
SCF Iteration 152: Energy = 2.4278303194907620 dE =  1.30908E-01
SCF Iteration 153: Energy = 2.2969224466805480 dE = -1.30908E-01
SCF Iteration 154: Energy = 2.4278303194875126 dE =  1.30908E-01
SCF Iteration 155: Energy = 2.2969224466773621 dE = -1.30908E-01
SCF Iteration 156: Energy = 2.4278303194851110 dE =  1.30908E-01
SCF Iteration 157: Energy = 2.2969224466749987 dE = -1.30908E-01
SCF Iteration 158: Energy = 2.4278303194833231 dE =  1.30908E-01
SCF Iteration 159: Energy = 2.2969224466732481 dE = -1.30908E-01
SCF Iteration 160: Energy = 2.4278303194820121 dE =  1.30908E-01
SCF Iteration 161: Energy = 2.2969224466719513 dE = -1.30908E-01
SCF Iteration 162: Energy = 2.4278303194810382 dE =  1.30908E-01
SCF Iteration 163: Energy = 2.2969224466709957 dE = -1.30908E-01
SCF Iteration 164: Energy = 2.4278303194803170 dE =  1.30908E-01
SCF Iteration 165: Energy = 2.2969224466702891 dE = -1.30908E-01
SCF Iteration 166: Energy = 2.4278303194797859 dE =  1.30908E-01
SCF Iteration 167: Energy = 2.2969224466697691 dE = -1.30908E-01
SCF Iteration 168: Energy = 2.4278303194793942 dE =  1.30908E-01
SCF Iteration 169: Energy = 2.2969224466693832 dE = -1.30908E-01
SCF Iteration 170: Energy = 2.4278303194791011 dE =  1.30908E-01
SCF Iteration 171: Energy = 2.2969224466690923 dE = -1.30908E-01
SCF Iteration 172: Energy = 2.4278303194788831 dE =  1.30908E-01
SCF Iteration 173: Energy = 2.2969224466688827 dE = -1.30908E-01
SCF Iteration 174: Energy = 2.4278303194787281 dE =  1.30908E-01
SCF Iteration 175: Energy = 2.2969224466687308 dE = -1.30908E-01
SCF Iteration 176: Energy = 2.4278303194786091 dE =  1.30908E-01
SCF Iteration 177: Energy = 2.2969224466686118 dE = -1.30908E-01
SCF Iteration 178: Energy = 2.4278303194785167 dE =  1.30908E-01
SCF Iteration 179: Energy = 2.2969224466685230 dE = -1.30908E-01
SCF Iteration 180: Energy = 2.4278303194784514 dE =  1.30908E-01
SCF Iteration 181: Energy = 2.2969224466684630 dE = -1.30908E-01
SCF Iteration 182: Energy = 2.4278303194784137 dE =  1.30908E-01
SCF Iteration 183: Energy = 2.2969224466684155 dE = -1.30908E-01
SCF Iteration 184: Energy = 2.4278303194783755 dE =  1.30908E-01
SCF Iteration 185: Energy = 2.2969224466683831 dE = -1.30908E-01
SCF Iteration 186: Energy = 2.4278303194783457 dE =  1.30908E-01
SCF Iteration 187: Energy = 2.2969224466683533 dE = -1.30908E-01
SCF Iteration 188: Energy = 2.4278303194783217 dE =  1.30908E-01
SCF Iteration 189: Energy = 2.2969224466683258 dE = -1.30908E-01
SCF Iteration 190: Energy = 2.4278303194783089 dE =  1.30908E-01
SCF Iteration 191: Energy = 2.2969224466683160 dE = -1.30908E-01
SCF Iteration 192: Energy = 2.4278303194783000 dE =  1.30908E-01
SCF Iteration 193: Energy = 2.2969224466683080 dE = -1.30908E-01
SCF Iteration 194: Energy = 2.4278303194782938 dE =  1.30908E-01
SCF Iteration 195: Energy = 2.2969224466683054 dE = -1.30908E-01
SCF Iteration 196: Energy = 2.4278303194782902 dE =  1.30908E-01
SCF Iteration 197: Energy = 2.2969224466682965 dE = -1.30908E-01
SCF Iteration 198: Energy = 2.4278303194782835 dE =  1.30908E-01
SCF Iteration 199: Energy = 2.2969224466682947 dE = -1.30908E-01
SCF Iteration 200: Energy = 2.4278303194782858 dE =  1.30908E-01
SCF Iteration 201: Energy = 2.2969224466682947 dE = -1.30908E-01
SCF Iteration 202: Energy = 2.4278303194782840 dE =  1.30908E-01
SCF Iteration 203: Energy = 2.2969224466682916 dE = -1.30908E-01
SCF Iteration 204: Energy = 2.4278303194782787 dE =  1.30908E-01
SCF Iteration 205: Energy = 2.2969224466682858 dE = -1.30908E-01
SCF Iteration 206: Energy = 2.4278303194782733 dE =  1.30908E-01
SCF Iteration 207: Energy = 2.2969224466682805 dE = -1.30908E-01
SCF Iteration 208: Energy = 2.4278303194782742 dE =  1.30908E-01
SCF Iteration 209: Energy = 2.2969224466682787 dE = -1.30908E-01
SCF Iteration 210: Energy = 2.4278303194782764 dE =  1.30908E-01
SCF Iteration 211: Energy = 2.2969224466682832 dE = -1.30908E-01
SCF Iteration 212: Energy = 2.4278303194782764 dE =  1.30908E-01
SCF Iteration 213: Energy = 2.2969224466682867 dE = -1.30908E-01
SCF Iteration 214: Energy = 2.4278303194782751 dE =  1.30908E-01
SCF Iteration 215: Energy = 2.2969224466682823 dE = -1.30908E-01
SCF Iteration 216: Energy = 2.4278303194782769 dE =  1.30908E-01
SCF Iteration 217: Energy = 2.2969224466682832 dE = -1.30908E-01
SCF Iteration 218: Energy = 2.4278303194782689 dE =  1.30908E-01
SCF Iteration 219: Energy = 2.2969224466682836 dE = -1.30908E-01
SCF Iteration 220: Energy = 2.4278303194782707 dE =  1.30908E-01
SCF Iteration 221: Energy = 2.2969224466682756 dE = -1.30908E-01
SCF Iteration 222: Energy = 2.4278303194782707 dE =  1.30908E-01
SCF Iteration 223: Energy = 2.2969224466682752 dE = -1.30908E-01
SCF Iteration 224: Energy = 2.4278303194782689 dE =  1.30908E-01
SCF Iteration 225: Energy = 2.2969224466682769 dE = -1.30908E-01
SCF Iteration 226: Energy = 2.4278303194782689 dE =  1.30908E-01
SCF Iteration 227: Energy = 2.2969224466682805 dE = -1.30908E-01
SCF Iteration 228: Energy = 2.4278303194782715 dE =  1.30908E-01
SCF Iteration 229: Energy = 2.2969224466682796 dE = -1.30908E-01
SCF Iteration 230: Energy = 2.4278303194782662 dE =  1.30908E-01
SCF Iteration 231: Energy = 2.2969224466682769 dE = -1.30908E-01
SCF Iteration 232: Energy = 2.4278303194782684 dE =  1.30908E-01
SCF Iteration 233: Energy = 2.2969224466682787 dE = -1.30908E-01
SCF Iteration 234: Energy = 2.4278303194782715 dE =  1.30908E-01
SCF Iteration 235: Energy = 2.2969224466682858 dE = -1.30908E-01
SCF Iteration 236: Energy = 2.4278303194782707 dE =  1.30908E-01
SCF Iteration 237: Energy = 2.2969224466682814 dE = -1.30908E-01
SCF Iteration 238: Energy = 2.4278303194782720 dE =  1.30908E-01
SCF Iteration 239: Energy = 2.2969224466682832 dE = -1.30908E-01
SCF Iteration 240: Energy = 2.4278303194782747 dE =  1.30908E-01
SCF Iteration 241: Energy = 2.2969224466682814 dE = -1.30908E-01
SCF Iteration 242: Energy = 2.4278303194782769 dE =  1.30908E-01
SCF Iteration 243: Energy = 2.2969224466682880 dE = -1.30908E-01
SCF Iteration 244: Energy = 2.4278303194782809 dE =  1.30908E-01
SCF Iteration 245: Energy = 2.2969224466682836 dE = -1.30908E-01
SCF Iteration 246: Energy = 2.4278303194782787 dE =  1.30908E-01
SCF Iteration 247: Energy = 2.2969224466682858 dE = -1.30908E-01
SCF Iteration 248: Energy = 2.4278303194782711 dE =  1.30908E-01
SCF Iteration 249: Energy = 2.2969224466682832 dE = -1.30908E-01
SCF Iteration 250: Energy = 2.4278303194782742 dE =  1.30908E-01
SCF Iteration 251: Energy = 2.2969224466682787 dE = -1.30908E-01
SCF Iteration 252: Energy = 2.4278303194782751 dE =  1.30908E-01
SCF Iteration 253: Energy = 2.2969224466682840 dE = -1.30908E-01
SCF Iteration 254: Energy = 2.4278303194782760 dE =  1.30908E-01
SCF Iteration 255: Energy = 2.2969224466682800 dE = -1.30908E-01
SCF Iteration 256: Energy = 2.4278303194782711 dE =  1.30908E-01
SCF Iteration 257: Energy = 2.2969224466682832 dE = -1.30908E-01
SCF Iteration 258: Energy = 2.4278303194782715 dE =  1.30908E-01
SCF Iteration 259: Energy = 2.2969224466682814 dE = -1.30908E-01
SCF Iteration 260: Energy = 2.4278303194782809 dE =  1.30908E-01
SCF Iteration 261: Energy = 2.2969224466682836 dE = -1.30908E-01
SCF Iteration 262: Energy = 2.4278303194782751 dE =  1.30908E-01
SCF Iteration 263: Energy = 2.2969224466682876 dE = -1.30908E-01
SCF Iteration 264: Energy = 2.4278303194782809 dE =  1.30908E-01
SCF Iteration 265: Energy = 2.2969224466682894 dE = -1.30908E-01
SCF Iteration 266: Energy = 2.4278303194782791 dE =  1.30908E-01
SCF Iteration 267: Energy = 2.2969224466682867 dE = -1.30908E-01
SCF Iteration 268: Energy = 2.4278303194782769 dE =  1.30908E-01
SCF Iteration 269: Energy = 2.2969224466682840 dE = -1.30908E-01
SCF Iteration 270: Energy = 2.4278303194782769 dE =  1.30908E-01
SCF Iteration 271: Energy = 2.2969224466682840 dE = -1.30908E-01
SCF Iteration 272: Energy = 2.4278303194782707 dE =  1.30908E-01
SCF Iteration 273: Energy = 2.2969224466682836 dE = -1.30908E-01
SCF Iteration 274: Energy = 2.4278303194782720 dE =  1.30908E-01
SCF Iteration 275: Energy = 2.2969224466682805 dE = -1.30908E-01
SCF Iteration 276: Energy = 2.4278303194782755 dE =  1.30908E-01
SCF Iteration 277: Energy = 2.2969224466682858 dE = -1.30908E-01
SCF Iteration 278: Energy = 2.4278303194782751 dE =  1.30908E-01
SCF Iteration 279: Energy = 2.2969224466682840 dE = -1.30908E-01
SCF Iteration 280: Energy = 2.4278303194782715 dE =  1.30908E-01
SCF Iteration 281: Energy = 2.2969224466682840 dE = -1.30908E-01
SCF Iteration 282: Energy = 2.4278303194782751 dE =  1.30908E-01
SCF Iteration 283: Energy = 2.2969224466682885 dE = -1.30908E-01
SCF Iteration 284: Energy = 2.4278303194782729 dE =  1.30908E-01
SCF Iteration 285: Energy = 2.2969224466682854 dE = -1.30908E-01
SCF Iteration 286: Energy = 2.4278303194782764 dE =  1.30908E-01
SCF Iteration 287: Energy = 2.2969224466682876 dE = -1.30908E-01
SCF Iteration 288: Energy = 2.4278303194782787 dE =  1.30908E-01
SCF Iteration 289: Energy = 2.2969224466682885 dE = -1.30908E-01
SCF Iteration 290: Energy = 2.4278303194782769 dE =  1.30908E-01
SCF Iteration 291: Energy = 2.2969224466682849 dE = -1.30908E-01
SCF Iteration 292: Energy = 2.4278303194782760 dE =  1.30908E-01
SCF Iteration 293: Energy = 2.2969224466682805 dE = -1.30908E-01
SCF Iteration 294: Energy = 2.4278303194782769 dE =  1.30908E-01
SCF Iteration 295: Energy = 2.2969224466682849 dE = -1.30908E-01
SCF Iteration 296: Energy = 2.4278303194782715 dE =  1.30908E-01
SCF Iteration 297: Energy = 2.2969224466682792 dE = -1.30908E-01
SCF Iteration 298: Energy = 2.4278303194782676 dE =  1.30908E-01
SCF Iteration 299: Energy = 2.2969224466682858 dE = -1.30908E-01
SCF Iteration 300: Energy = 2.4278303194782751 dE =  1.30908E-01
SCF Iteration 301: Energy = 2.2969224466682796 dE = -1.30908E-01
SCF Iteration 302: Energy = 2.4278303194782764 dE =  1.30908E-01
SCF Iteration 303: Energy = 2.2969224466682854 dE = -1.30908E-01
SCF Iteration 304: Energy = 2.4278303194782715 dE =  1.30908E-01
SCF Iteration 305: Energy = 2.2969224466682809 dE = -1.30908E-01
SCF Iteration 306: Energy = 2.4278303194782711 dE =  1.30908E-01
SCF Iteration 307: Energy = 2.2969224466682818 dE = -1.30908E-01
SCF Iteration 308: Energy = 2.4278303194782676 dE =  1.30908E-01
SCF Iteration 309: Energy = 2.2969224466682796 dE = -1.30908E-01
SCF Iteration 310: Energy = 2.4278303194782671 dE =  1.30908E-01
SCF Iteration 311: Energy = 2.2969224466682769 dE = -1.30908E-01
SCF Iteration 312: Energy = 2.4278303194782733 dE =  1.30908E-01
SCF Iteration 313: Energy = 2.2969224466682716 dE = -1.30908E-01
SCF Iteration 314: Energy = 2.4278303194782671 dE =  1.30908E-01
SCF Iteration 315: Energy = 2.2969224466682761 dE = -1.30908E-01
SCF Iteration 316: Energy = 2.4278303194782755 dE =  1.30908E-01
SCF Iteration 317: Energy = 2.2969224466682796 dE = -1.30908E-01
SCF Iteration 318: Energy = 2.4278303194782729 dE =  1.30908E-01
SCF Iteration 319: Energy = 2.2969224466682814 dE = -1.30908E-01
SCF Iteration 320: Energy = 2.4278303194782693 dE =  1.30908E-01
SCF Iteration 321: Energy = 2.2969224466682761 dE = -1.30908E-01
SCF Iteration 322: Energy = 2.4278303194782738 dE =  1.30908E-01
SCF Iteration 323: Energy = 2.2969224466682761 dE = -1.30908E-01
SCF Iteration 324: Energy = 2.4278303194782724 dE =  1.30908E-01
SCF Iteration 325: Energy = 2.2969224466682836 dE = -1.30908E-01
SCF Iteration 326: Energy = 2.4278303194782698 dE =  1.30908E-01
SCF Iteration 327: Energy = 2.2969224466682796 dE = -1.30908E-01
SCF Iteration 328: Energy = 2.4278303194782724 dE =  1.30908E-01
SCF Iteration 329: Energy = 2.2969224466682840 dE = -1.30908E-01
SCF Iteration 330: Energy = 2.4278303194782747 dE =  1.30908E-01
SCF Iteration 331: Energy = 2.2969224466682827 dE = -1.30908E-01
SCF Iteration 332: Energy = 2.4278303194782724 dE =  1.30908E-01
SCF Iteration 333: Energy = 2.2969224466682805 dE = -1.30908E-01
SCF Iteration 334: Energy = 2.4278303194782671 dE =  1.30908E-01
SCF Iteration 335: Energy = 2.2969224466682805 dE = -1.30908E-01
SCF Iteration 336: Energy = 2.4278303194782715 dE =  1.30908E-01
SCF Iteration 337: Energy = 2.2969224466682752 dE = -1.30908E-01
SCF Iteration 338: Energy = 2.4278303194782724 dE =  1.30908E-01
SCF Iteration 339: Energy = 2.2969224466682800 dE = -1.30908E-01
SCF Iteration 340: Energy = 2.4278303194782707 dE =  1.30908E-01
SCF Iteration 341: Energy = 2.2969224466682814 dE = -1.30908E-01
SCF Iteration 342: Energy = 2.4278303194782680 dE =  1.30908E-01
SCF Iteration 343: Energy = 2.2969224466682805 dE = -1.30908E-01
SCF Iteration 344: Energy = 2.4278303194782649 dE =  1.30908E-01
SCF Iteration 345: Energy = 2.2969224466682769 dE = -1.30908E-01
SCF Iteration 346: Energy = 2.4278303194782644 dE =  1.30908E-01
SCF Iteration 347: Energy = 2.2969224466682734 dE = -1.30908E-01
SCF Iteration 348: Energy = 2.4278303194782680 dE =  1.30908E-01
SCF Iteration 349: Energy = 2.2969224466682787 dE = -1.30908E-01
SCF Iteration 350: Energy = 2.4278303194782751 dE =  1.30908E-01
SCF Iteration 351: Energy = 2.2969224466682796 dE = -1.30908E-01
SCF Iteration 352: Energy = 2.4278303194782724 dE =  1.30908E-01
SCF Iteration 353: Energy = 2.2969224466682805 dE = -1.30908E-01
SCF Iteration 354: Energy = 2.4278303194782653 dE =  1.30908E-01
SCF Iteration 355: Energy = 2.2969224466682796 dE = -1.30908E-01
SCF Iteration 356: Energy = 2.4278303194782662 dE =  1.30908E-01
SCF Iteration 357: Energy = 2.2969224466682832 dE = -1.30908E-01
SCF Iteration 358: Energy = 2.4278303194782738 dE =  1.30908E-01
SCF Iteration 359: Energy = 2.2969224466682823 dE = -1.30908E-01
SCF Iteration 360: Energy = 2.4278303194782715 dE =  1.30908E-01
SCF Iteration 361: Energy = 2.2969224466682778 dE = -1.30908E-01
SCF Iteration 362: Energy = 2.4278303194782809 dE =  1.30908E-01
SCF Iteration 363: Energy = 2.2969224466682849 dE = -1.30908E-01
SCF Iteration 364: Energy = 2.4278303194782773 dE =  1.30908E-01
SCF Iteration 365: Energy = 2.2969224466682845 dE = -1.30908E-01
SCF Iteration 366: Energy = 2.4278303194782778 dE =  1.30908E-01
SCF Iteration 367: Energy = 2.2969224466682823 dE = -1.30908E-01
SCF Iteration 368: Energy = 2.4278303194782764 dE =  1.30908E-01
SCF Iteration 369: Energy = 2.2969224466682867 dE = -1.30908E-01
SCF Iteration 370: Energy = 2.4278303194782818 dE =  1.30908E-01
SCF Iteration 371: Energy = 2.2969224466682929 dE = -1.30908E-01
SCF Iteration 372: Energy = 2.4278303194782795 dE =  1.30908E-01
SCF Iteration 373: Energy = 2.2969224466682858 dE = -1.30908E-01
SCF Iteration 374: Energy = 2.4278303194782760 dE =  1.30908E-01
SCF Iteration 375: Energy = 2.2969224466682818 dE = -1.30908E-01
SCF Iteration 376: Energy = 2.4278303194782742 dE =  1.30908E-01
SCF Iteration 377: Energy = 2.2969224466682840 dE = -1.30908E-01
SCF Iteration 378: Energy = 2.4278303194782769 dE =  1.30908E-01
SCF Iteration 379: Energy = 2.2969224466682836 dE = -1.30908E-01
SCF Iteration 380: Energy = 2.4278303194782795 dE =  1.30908E-01
SCF Iteration 381: Energy = 2.2969224466682805 dE = -1.30908E-01
SCF Iteration 382: Energy = 2.4278303194782698 dE =  1.30908E-01
SCF Iteration 383: Energy = 2.2969224466682792 dE = -1.30908E-01
SCF Iteration 384: Energy = 2.4278303194782747 dE =  1.30908E-01
SCF Iteration 385: Energy = 2.2969224466682805 dE = -1.30908E-01
SCF Iteration 386: Energy = 2.4278303194782742 dE =  1.30908E-01
SCF Iteration 387: Energy = 2.2969224466682805 dE = -1.30908E-01
SCF Iteration 388: Energy = 2.4278303194782693 dE =  1.30908E-01
SCF Iteration 389: Energy = 2.2969224466682787 dE = -1.30908E-01
SCF Iteration 390: Energy = 2.4278303194782693 dE =  1.30908E-01
SCF Iteration 391: Energy = 2.2969224466682805 dE = -1.30908E-01
SCF Iteration 392: Energy = 2.4278303194782747 dE =  1.30908E-01
SCF Iteration 393: Energy = 2.2969224466682814 dE = -1.30908E-01
SCF Iteration 394: Energy = 2.4278303194782742 dE =  1.30908E-01
SCF Iteration 395: Energy = 2.2969224466682818 dE = -1.30908E-01
SCF Iteration 396: Energy = 2.4278303194782747 dE =  1.30908E-01
SCF Iteration 397: Energy = 2.2969224466682863 dE = -1.30908E-01
SCF Iteration 398: Energy = 2.4278303194782742 dE =  1.30908E-01
SCF Iteration 399: Energy = 2.2969224466682858 dE = -1.30908E-01
SCF Iteration 400: Energy = 2.4278303194782751 dE =  1.30908E-01
SCF Iteration 401: Energy = 2.2969224466682792 dE = -1.30908E-01
SCF Iteration 402: Energy = 2.4278303194782684 dE =  1.30908E-01
SCF Iteration 403: Energy = 2.2969224466682778 dE = -1.30908E-01
SCF Iteration 404: Energy = 2.4278303194782751 dE =  1.30908E-01
SCF Iteration 405: Energy = 2.2969224466682787 dE = -1.30908E-01
SCF Iteration 406: Energy = 2.4278303194782693 dE =  1.30908E-01
SCF Iteration 407: Energy = 2.2969224466682792 dE = -1.30908E-01
SCF Iteration 408: Energy = 2.4278303194782707 dE =  1.30908E-01
SCF Iteration 409: Energy = 2.2969224466682796 dE = -1.30908E-01
SCF Iteration 410: Energy = 2.4278303194782733 dE =  1.30908E-01
SCF Iteration 411: Energy = 2.2969224466682747 dE = -1.30908E-01
SCF Iteration 412: Energy = 2.4278303194782702 dE =  1.30908E-01
SCF Iteration 413: Energy = 2.2969224466682778 dE = -1.30908E-01
SCF Iteration 414: Energy = 2.4278303194782738 dE =  1.30908E-01
SCF Iteration 415: Energy = 2.2969224466682783 dE = -1.30908E-01
SCF Iteration 416: Energy = 2.4278303194782702 dE =  1.30908E-01
SCF Iteration 417: Energy = 2.2969224466682796 dE = -1.30908E-01
SCF Iteration 418: Energy = 2.4278303194782693 dE =  1.30908E-01
SCF Iteration 419: Energy = 2.2969224466682783 dE = -1.30908E-01
SCF Iteration 420: Energy = 2.4278303194782724 dE =  1.30908E-01
SCF Iteration 421: Energy = 2.2969224466682840 dE = -1.30908E-01
SCF Iteration 422: Energy = 2.4278303194782769 dE =  1.30908E-01
SCF Iteration 423: Energy = 2.2969224466682792 dE = -1.30908E-01
SCF Iteration 424: Energy = 2.4278303194782742 dE =  1.30908E-01
SCF Iteration 425: Energy = 2.2969224466682800 dE = -1.30908E-01
SCF Iteration 426: Energy = 2.4278303194782760 dE =  1.30908E-01
SCF Iteration 427: Energy = 2.2969224466682823 dE = -1.30908E-01
SCF Iteration 428: Energy = 2.4278303194782724 dE =  1.30908E-01
SCF Iteration 429: Energy = 2.2969224466682832 dE = -1.30908E-01
SCF Iteration 430: Energy = 2.4278303194782742 dE =  1.30908E-01
SCF Iteration 431: Energy = 2.2969224466682814 dE = -1.30908E-01
SCF Iteration 432: Energy = 2.4278303194782760 dE =  1.30908E-01
SCF Iteration 433: Energy = 2.2969224466682836 dE = -1.30908E-01
SCF Iteration 434: Energy = 2.4278303194782738 dE =  1.30908E-01
SCF Iteration 435: Energy = 2.2969224466682836 dE = -1.30908E-01
SCF Iteration 436: Energy = 2.4278303194782707 dE =  1.30908E-01
SCF Iteration 437: Energy = 2.2969224466682761 dE = -1.30908E-01
SCF Iteration 438: Energy = 2.4278303194782698 dE =  1.30908E-01
SCF Iteration 439: Energy = 2.2969224466682796 dE = -1.30908E-01
SCF Iteration 440: Energy = 2.4278303194782715 dE =  1.30908E-01
SCF Iteration 441: Energy = 2.2969224466682858 dE = -1.30908E-01
SCF Iteration 442: Energy = 2.4278303194782720 dE =  1.30908E-01
SCF Iteration 443: Energy = 2.2969224466682778 dE = -1.30908E-01
SCF Iteration 444: Energy = 2.4278303194782724 dE =  1.30908E-01
SCF Iteration 445: Energy = 2.2969224466682840 dE = -1.30908E-01
SCF Iteration 446: Energy = 2.4278303194782751 dE =  1.30908E-01
SCF Iteration 447: Energy = 2.2969224466682854 dE = -1.30908E-01
SCF Iteration 448: Energy = 2.4278303194782760 dE =  1.30908E-01
SCF Iteration 449: Energy = 2.2969224466682787 dE = -1.30908E-01
SCF Iteration 450: Energy = 2.4278303194782738 dE =  1.30908E-01
SCF Iteration 451: Energy = 2.2969224466682814 dE = -1.30908E-01
SCF Iteration 452: Energy = 2.4278303194782702 dE =  1.30908E-01
SCF Iteration 453: Energy = 2.2969224466682796 dE = -1.30908E-01
SCF Iteration 454: Energy = 2.4278303194782760 dE =  1.30908E-01
SCF Iteration 455: Energy = 2.2969224466682840 dE = -1.30908E-01
SCF Iteration 456: Energy = 2.4278303194782778 dE =  1.30908E-01
SCF Iteration 457: Energy = 2.2969224466682809 dE = -1.30908E-01
SCF Iteration 458: Energy = 2.4278303194782795 dE =  1.30908E-01
SCF Iteration 459: Energy = 2.2969224466682867 dE = -1.30908E-01
SCF Iteration 460: Energy = 2.4278303194782782 dE =  1.30908E-01
SCF Iteration 461: Energy = 2.2969224466682840 dE = -1.30908E-01
SCF Iteration 462: Energy = 2.4278303194782769 dE =  1.30908E-01
SCF Iteration 463: Energy = 2.2969224466682814 dE = -1.30908E-01
SCF Iteration 464: Energy = 2.4278303194782724 dE =  1.30908E-01
SCF Iteration 465: Energy = 2.2969224466682832 dE = -1.30908E-01
SCF Iteration 466: Energy = 2.4278303194782769 dE =  1.30908E-01
SCF Iteration 467: Energy = 2.2969224466682845 dE = -1.30908E-01
SCF Iteration 468: Energy = 2.4278303194782760 dE =  1.30908E-01
SCF Iteration 469: Energy = 2.2969224466682858 dE = -1.30908E-01
SCF Iteration 470: Energy = 2.4278303194782751 dE =  1.30908E-01
SCF Iteration 471: Energy = 2.2969224466682832 dE = -1.30908E-01
SCF Iteration 472: Energy = 2.4278303194782769 dE =  1.30908E-01
SCF Iteration 473: Energy = 2.2969224466682840 dE = -1.30908E-01
SCF Iteration 474: Energy = 2.4278303194782671 dE =  1.30908E-01
SCF Iteration 475: Energy = 2.2969224466682823 dE = -1.30908E-01
SCF Iteration 476: Energy = 2.4278303194782751 dE =  1.30908E-01
SCF Iteration 477: Energy = 2.2969224466682849 dE = -1.30908E-01
SCF Iteration 478: Energy = 2.4278303194782724 dE =  1.30908E-01
SCF Iteration 479: Energy = 2.2969224466682867 dE = -1.30908E-01
SCF Iteration 480: Energy = 2.4278303194782769 dE =  1.30908E-01
SCF Iteration 481: Energy = 2.2969224466682858 dE = -1.30908E-01
SCF Iteration 482: Energy = 2.4278303194782693 dE =  1.30908E-01
SCF Iteration 483: Energy = 2.2969224466682836 dE = -1.30908E-01
SCF Iteration 484: Energy = 2.4278303194782684 dE =  1.30908E-01
SCF Iteration 485: Energy = 2.2969224466682787 dE = -1.30908E-01
SCF Iteration 486: Energy = 2.4278303194782715 dE =  1.30908E-01
SCF Iteration 487: Energy = 2.2969224466682778 dE = -1.30908E-01
SCF Iteration 488: Energy = 2.4278303194782742 dE =  1.30908E-01
SCF Iteration 489: Energy = 2.2969224466682787 dE = -1.30908E-01
SCF Iteration 490: Energy = 2.4278303194782684 dE =  1.30908E-01
SCF Iteration 491: Energy = 2.2969224466682792 dE = -1.30908E-01
SCF Iteration 492: Energy = 2.4278303194782747 dE =  1.30908E-01
SCF Iteration 493: Energy = 2.2969224466682814 dE = -1.30908E-01
SCF Iteration 494: Energy = 2.4278303194782778 dE =  1.30908E-01
SCF Iteration 495: Energy = 2.2969224466682800 dE = -1.30908E-01
SCF Iteration 496: Energy = 2.4278303194782747 dE =  1.30908E-01
SCF Iteration 497: Energy = 2.2969224466682840 dE = -1.30908E-01
SCF Iteration 498: Energy = 2.4278303194782773 dE =  1.30908E-01
SCF Iteration 499: Energy = 2.2969224466682814 dE = -1.30908E-01
SCF Iteration 500: Energy = 2.4278303194782707 dE =  1.30908E-01
