
  Memory set to  55.879 GiB by Python driver.
  Threads set to 1 by Python driver.
Settings:
	LOT = CCSD-S2-U22
	wc = 20.0 eV
	lambda = [0.727454 0.       0.      ] a.u.
	Equivalent A0 = LAMBDA / sqrt(2 wc) = [0.6 0.  0. ])
doing QED-CCSD-Full (or QED-CCSD-22)
Number of occupied orbitals:   1
Number of basis functions:  60
SCF Iteration   1: Energy = 3.7912805888246646 dE =  3.79128E+00
SCF Iteration   2: Energy = 4.1296364423443794 dE =  3.38356E-01
SCF Iteration   3: Energy = 3.9530194636461573 dE = -1.76617E-01
SCF Iteration   4: Energy = 4.1262064829866505 dE =  1.73187E-01
SCF Iteration   5: Energy = 4.0403222519896662 dE = -8.58842E-02
SCF Iteration   6: Energy = 4.1383470808931255 dE =  9.80248E-02
SCF Iteration   7: Energy = 4.0832077297891747 dE = -5.51394E-02
SCF Iteration   8: Energy = 4.1469022625563525 dE =  6.36945E-02
SCF Iteration   9: Energy = 4.1039391677325430 dE = -4.29631E-02
SCF Iteration  10: Energy = 4.1506973793699382 dE =  4.67582E-02
SCF Iteration  11: Energy = 4.1131155062696836 dE = -3.75819E-02
SCF Iteration  12: Energy = 4.1509527517047342 dE =  3.78372E-02
SCF Iteration  13: Energy = 4.1159990549052115 dE = -3.49537E-02
SCF Iteration  14: Energy = 4.1489652017457157 dE =  3.29661E-02
SCF Iteration  15: Energy = 4.1154442724499791 dE = -3.35209E-02
SCF Iteration  16: Energy = 4.1457402371398357 dE =  3.02960E-02
SCF Iteration  17: Energy = 4.1130972369291872 dE = -3.26430E-02
SCF Iteration  18: Energy = 4.1419748173097828 dE =  2.88776E-02
SCF Iteration  19: Energy = 4.1099298969343820 dE = -3.20449E-02
SCF Iteration  20: Energy = 4.1381157619206457 dE =  2.81859E-02
SCF Iteration  21: Energy = 4.1065121949059815 dE = -3.16036E-02
SCF Iteration  22: Energy = 4.1344277672842997 dE =  2.79156E-02
SCF Iteration  23: Energy = 4.1031671603528910 dE = -3.12606E-02
SCF Iteration  24: Energy = 4.1310515287883742 dE =  2.78844E-02
SCF Iteration  25: Energy = 4.1000654709188984 dE = -3.09861E-02
SCF Iteration  26: Energy = 4.1280476998790645 dE =  2.79822E-02
SCF Iteration  27: Energy = 4.0972849180050064 dE = -3.07628E-02
SCF Iteration  28: Energy = 4.1254279154357283 dE =  2.81430E-02
SCF Iteration  29: Energy = 4.0948481266760375 dE = -3.05798E-02
SCF Iteration  30: Energy = 4.1231756705877771 dE =  2.83275E-02
SCF Iteration  31: Energy = 4.0927463821491257 dE = -3.04293E-02
SCF Iteration  32: Energy = 4.1212598424673867 dE =  2.85135E-02
SCF Iteration  33: Energy = 4.0909544909656113 dE = -3.03054E-02
SCF Iteration  34: Energy = 4.1196431287166497 dE =  2.86886E-02
SCF Iteration  35: Energy = 4.0894398627670254 dE = -3.02033E-02
SCF Iteration  36: Energy = 4.1182870927973712 dE =  2.88472E-02
SCF Iteration  37: Energy = 4.0881678930365686 dE = -3.01192E-02
SCF Iteration  38: Energy = 4.1171550072911414 dE =  2.89871E-02
SCF Iteration  39: Energy = 4.0871050055003506 dE = -3.00500E-02
SCF Iteration  40: Energy = 4.1162133061978414 dE =  2.91083E-02
SCF Iteration  41: Energy = 4.0862202373629390 dE = -2.99931E-02
SCF Iteration  42: Energy = 4.1154321845760435 dE =  2.92119E-02
SCF Iteration  43: Energy = 4.0854859371113639 dE = -2.99462E-02
SCF Iteration  44: Energy = 4.1147856954350583 dE =  2.92998E-02
SCF Iteration  45: Energy = 4.0848779387913208 dE = -2.99078E-02
SCF Iteration  46: Energy = 4.1142515668007329 dE =  2.93736E-02
SCF Iteration  47: Energy = 4.0843754422717042 dE = -2.98761E-02
SCF Iteration  48: Energy = 4.1138108779009421 dE =  2.94354E-02
SCF Iteration  49: Energy = 4.0839607418848329 dE = -2.98501E-02
SCF Iteration  50: Energy = 4.1134476787582823 dE =  2.94869E-02
SCF Iteration  51: Energy = 4.0836188898085091 dE = -2.98288E-02
SCF Iteration  52: Energy = 4.1131486024367279 dE =  2.95297E-02
SCF Iteration  53: Energy = 4.0833373448949155 dE = -2.98113E-02
SCF Iteration  54: Energy = 4.1129024970891024 dE =  2.95652E-02
SCF Iteration  55: Energy = 4.0831056352351274 dE = -2.97969E-02
SCF Iteration  56: Energy = 4.1127000912850278 dE =  2.95945E-02
SCF Iteration  57: Energy = 4.0829150488885544 dE = -2.97850E-02
SCF Iteration  58: Energy = 4.1125336978647864 dE =  2.96186E-02
SCF Iteration  59: Energy = 4.0827583588316330 dE = -2.97753E-02
SCF Iteration  60: Energy = 4.1123969567862844 dE =  2.96386E-02
SCF Iteration  61: Energy = 4.0826295832860851 dE = -2.97674E-02
SCF Iteration  62: Energy = 4.1122846148199983 dE =  2.96550E-02
SCF Iteration  63: Energy = 4.0825237798742364 dE = -2.97608E-02
SCF Iteration  64: Energy = 4.1121923386688364 dE =  2.96686E-02
SCF Iteration  65: Energy = 4.0824368706818337 dE = -2.97555E-02
SCF Iteration  66: Energy = 4.1121165576096566 dE =  2.96797E-02
SCF Iteration  67: Energy = 4.0823654947510741 dE = -2.97511E-02
SCF Iteration  68: Energy = 4.1120543317350027 dE =  2.96888E-02
SCF Iteration  69: Energy = 4.0823068844402393 dE = -2.97474E-02
SCF Iteration  70: Energy = 4.1120032421048975 dE =  2.96964E-02
SCF Iteration  71: Energy = 4.0822587622593129 dE = -2.97445E-02
SCF Iteration  72: Energy = 4.1119612994706181 dE =  2.97025E-02
SCF Iteration  73: Energy = 4.0822192550932215 dE = -2.97420E-02
SCF Iteration  74: Energy = 4.1119268686277000 dE =  2.97076E-02
SCF Iteration  75: Energy = 4.0821868230774161 dE = -2.97400E-02
SCF Iteration  76: Energy = 4.1118986058497935 dE =  2.97118E-02
SCF Iteration  77: Energy = 4.0821602007492332 dE = -2.97384E-02
SCF Iteration  78: Energy = 4.1118754072243853 dE =  2.97152E-02
SCF Iteration  79: Energy = 4.0821383484385594 dE = -2.97371E-02
SCF Iteration  80: Energy = 4.1118563660447789 dE =  2.97180E-02
SCF Iteration  81: Energy = 4.0821204121694414 dE = -2.97360E-02
SCF Iteration  82: Energy = 4.1118407377061885 dE =  2.97203E-02
SCF Iteration  83: Energy = 4.0821056906174205 dE = -2.97350E-02
SCF Iteration  84: Energy = 4.1118279108072207 dE =  2.97222E-02
SCF Iteration  85: Energy = 4.0820936079037251 dE = -2.97343E-02
SCF Iteration  86: Energy = 4.1118173833747589 dE =  2.97238E-02
SCF Iteration  87: Energy = 4.0820836912100420 dE = -2.97337E-02
SCF Iteration  88: Energy = 4.1118087433139365 dE =  2.97251E-02
SCF Iteration  89: Energy = 4.0820755523695471 dE = -2.97332E-02
SCF Iteration  90: Energy = 4.1118016523385759 dE =  2.97261E-02
SCF Iteration  91: Energy = 4.0820688727341299 dE = -2.97328E-02
SCF Iteration  92: Energy = 4.1117958327668518 dE =  2.97270E-02
SCF Iteration  93: Energy = 4.0820633907389769 dE = -2.97324E-02
SCF Iteration  94: Energy = 4.1117910566738320 dE =  2.97277E-02
SCF Iteration  95: Energy = 4.0820588916863647 dE = -2.97322E-02
SCF Iteration  96: Energy = 4.1117871369823140 dE =  2.97282E-02
SCF Iteration  97: Energy = 4.0820551993545324 dE = -2.97319E-02
SCF Iteration  98: Energy = 4.1117839201465305 dE =  2.97287E-02
SCF Iteration  99: Energy = 4.0820521691066212 dE = -2.97318E-02
SCF Iteration 100: Energy = 4.1117812801448332 dE =  2.97291E-02
SCF Iteration 101: Energy = 4.0820496822323760 dE = -2.97316E-02
SCF Iteration 102: Energy = 4.1117791135476622 dE =  2.97294E-02
SCF Iteration 103: Energy = 4.0820476413025597 dE = -2.97315E-02
SCF Iteration 104: Energy = 4.1117773354686458 dE =  2.97297E-02
SCF Iteration 105: Energy = 4.0820459663551381 dE = -2.97314E-02
SCF Iteration 106: Energy = 4.1117758762408982 dE =  2.97299E-02
SCF Iteration 107: Energy = 4.0820445917644985 dE = -2.97313E-02
SCF Iteration 108: Energy = 4.1117746786888318 dE =  2.97301E-02
SCF Iteration 109: Energy = 4.0820434636716261 dE = -2.97312E-02
SCF Iteration 110: Energy = 4.1117736958887328 dE =  2.97302E-02
SCF Iteration 111: Energy = 4.0820425378746608 dE = -2.97312E-02
SCF Iteration 112: Energy = 4.1117728893308971 dE =  2.97304E-02
SCF Iteration 113: Energy = 4.0820417780976044 dE = -2.97311E-02
SCF Iteration 114: Energy = 4.1117722274108992 dE =  2.97304E-02
SCF Iteration 115: Energy = 4.0820411545692092 dE = -2.97311E-02
SCF Iteration 116: Energy = 4.1117716841915986 dE =  2.97305E-02
SCF Iteration 117: Energy = 4.0820406428567590 dE = -2.97310E-02
SCF Iteration 118: Energy = 4.1117712383868765 dE =  2.97306E-02
SCF Iteration 119: Energy = 4.0820402229087573 dE = -2.97310E-02
SCF Iteration 120: Energy = 4.1117708725277007 dE =  2.97306E-02
SCF Iteration 121: Energy = 4.0820398782694243 dE = -2.97310E-02
SCF Iteration 122: Energy = 4.1117705722776385 dE =  2.97307E-02
SCF Iteration 123: Energy = 4.0820395954338702 dE = -2.97310E-02
SCF Iteration 124: Energy = 4.1117703258711682 dE =  2.97307E-02
SCF Iteration 125: Energy = 4.0820393633189429 dE = -2.97310E-02
SCF Iteration 126: Energy = 4.1117701236525743 dE =  2.97308E-02
SCF Iteration 127: Energy = 4.0820391728290160 dE = -2.97310E-02
SCF Iteration 128: Energy = 4.1117699576977422 dE =  2.97308E-02
SCF Iteration 129: Energy = 4.0820390164995306 dE = -2.97309E-02
SCF Iteration 130: Energy = 4.1117698215035103 dE =  2.97308E-02
SCF Iteration 131: Energy = 4.0820388882045426 dE = -2.97309E-02
SCF Iteration 132: Energy = 4.1117697097329344 dE =  2.97308E-02
SCF Iteration 133: Energy = 4.0820387829166371 dE = -2.97309E-02
SCF Iteration 134: Energy = 4.1117696180061545 dE =  2.97308E-02
SCF Iteration 135: Energy = 4.0820386965099891 dE = -2.97309E-02
SCF Iteration 136: Energy = 4.1117695427287231 dE =  2.97308E-02
SCF Iteration 137: Energy = 4.0820386255986145 dE = -2.97309E-02
SCF Iteration 138: Energy = 4.1117694809507608 dE =  2.97309E-02
SCF Iteration 139: Energy = 4.0820385674037647 dE = -2.97309E-02
SCF Iteration 140: Energy = 4.1117694302514352 dE =  2.97309E-02
SCF Iteration 141: Energy = 4.0820385196449891 dE = -2.97309E-02
SCF Iteration 142: Energy = 4.1117693886440110 dE =  2.97309E-02
SCF Iteration 143: Energy = 4.0820384804507981 dE = -2.97309E-02
SCF Iteration 144: Energy = 4.1117693544980520 dE =  2.97309E-02
SCF Iteration 145: Energy = 4.0820384482852807 dE = -2.97309E-02
SCF Iteration 146: Energy = 4.1117693264754740 dE =  2.97309E-02
SCF Iteration 147: Energy = 4.0820384218880097 dE = -2.97309E-02
SCF Iteration 148: Energy = 4.1117693034781988 dE =  2.97309E-02
SCF Iteration 149: Energy = 4.0820384002245635 dE = -2.97309E-02
SCF Iteration 150: Energy = 4.1117692846050158 dE =  2.97309E-02
SCF Iteration 151: Energy = 4.0820383824460196 dE = -2.97309E-02
SCF Iteration 152: Energy = 4.1117692691163512 dE =  2.97309E-02
SCF Iteration 153: Energy = 4.0820383678556968 dE = -2.97309E-02
SCF Iteration 154: Energy = 4.1117692564052764 dE =  2.97309E-02
SCF Iteration 155: Energy = 4.0820383558818589 dE = -2.97309E-02
SCF Iteration 156: Energy = 4.1117692459736714 dE =  2.97309E-02
SCF Iteration 157: Energy = 4.0820383460552874 dE = -2.97309E-02
SCF Iteration 158: Energy = 4.1117692374127746 dE =  2.97309E-02
SCF Iteration 159: Energy = 4.0820383379909178 dE = -2.97309E-02
SCF Iteration 160: Energy = 4.1117692303870976 dE =  2.97309E-02
SCF Iteration 161: Energy = 4.0820383313727229 dE = -2.97309E-02
SCF Iteration 162: Energy = 4.1117692246213302 dE =  2.97309E-02
SCF Iteration 163: Energy = 4.0820383259413688 dE = -2.97309E-02
SCF Iteration 164: Energy = 4.1117692198895517 dE =  2.97309E-02
SCF Iteration 165: Energy = 4.0820383214840303 dE = -2.97309E-02
SCF Iteration 166: Energy = 4.1117692160063131 dE =  2.97309E-02
SCF Iteration 167: Energy = 4.0820383178260302 dE = -2.97309E-02
SCF Iteration 168: Energy = 4.1117692128194578 dE =  2.97309E-02
SCF Iteration 169: Energy = 4.0820383148240085 dE = -2.97309E-02
SCF Iteration 170: Energy = 4.1117692102041055 dE =  2.97309E-02
SCF Iteration 171: Energy = 4.0820383123603365 dE = -2.97309E-02
SCF Iteration 172: Energy = 4.1117692080577593 dE =  2.97309E-02
SCF Iteration 173: Energy = 4.0820383103384739 dE = -2.97309E-02
SCF Iteration 174: Energy = 4.1117692062963220 dE =  2.97309E-02
SCF Iteration 175: Energy = 4.0820383086792100 dE = -2.97309E-02
SCF Iteration 176: Energy = 4.1117692048507530 dE =  2.97309E-02
SCF Iteration 177: Energy = 4.0820383073174913 dE = -2.97309E-02
SCF Iteration 178: Energy = 4.1117692036644371 dE =  2.97309E-02
SCF Iteration 179: Energy = 4.0820383061999657 dE = -2.97309E-02
SCF Iteration 180: Energy = 4.1117692026908452 dE =  2.97309E-02
SCF Iteration 181: Energy = 4.0820383052828451 dE = -2.97309E-02
SCF Iteration 182: Energy = 4.1117692018918559 dE =  2.97309E-02
SCF Iteration 183: Energy = 4.0820383045302018 dE = -2.97309E-02
SCF Iteration 184: Energy = 4.1117692012361458 dE =  2.97309E-02
SCF Iteration 185: Energy = 4.0820383039125225 dE = -2.97309E-02
SCF Iteration 186: Energy = 4.1117692006980215 dE =  2.97309E-02
SCF Iteration 187: Energy = 4.0820383034056080 dE = -2.97309E-02
SCF Iteration 188: Energy = 4.1117692002564006 dE =  2.97309E-02
SCF Iteration 189: Energy = 4.0820383029896057 dE = -2.97309E-02
SCF Iteration 190: Energy = 4.1117691998939803 dE =  2.97309E-02
SCF Iteration 191: Energy = 4.0820383026481952 dE = -2.97309E-02
SCF Iteration 192: Energy = 4.1117691995965506 dE =  2.97309E-02
SCF Iteration 193: Energy = 4.0820383023680167 dE = -2.97309E-02
SCF Iteration 194: Energy = 4.1117691993524588 dE =  2.97309E-02
SCF Iteration 195: Energy = 4.0820383021380824 dE = -2.97309E-02
SCF Iteration 196: Energy = 4.1117691991521337 dE =  2.97309E-02
SCF Iteration 197: Energy = 4.0820383019493827 dE = -2.97309E-02
SCF Iteration 198: Energy = 4.1117691989877381 dE =  2.97309E-02
SCF Iteration 199: Energy = 4.0820383017945217 dE = -2.97309E-02
SCF Iteration 200: Energy = 4.1117691988528300 dE =  2.97309E-02
SCF Iteration 201: Energy = 4.0820383016674331 dE = -2.97309E-02
SCF Iteration 202: Energy = 4.1117691987421008 dE =  2.97309E-02
SCF Iteration 203: Energy = 4.0820383015631334 dE = -2.97309E-02
SCF Iteration 204: Energy = 4.1117691986512401 dE =  2.97309E-02
SCF Iteration 205: Energy = 4.0820383014775414 dE = -2.97309E-02
SCF Iteration 206: Energy = 4.1117691985766696 dE =  2.97309E-02
SCF Iteration 207: Energy = 4.0820383014072990 dE = -2.97309E-02
SCF Iteration 208: Energy = 4.1117691985154714 dE =  2.97309E-02
SCF Iteration 209: Energy = 4.0820383013496508 dE = -2.97309E-02
SCF Iteration 210: Energy = 4.1117691984652529 dE =  2.97309E-02
SCF Iteration 211: Energy = 4.0820383013023331 dE = -2.97309E-02
SCF Iteration 212: Energy = 4.1117691984240361 dE =  2.97309E-02
SCF Iteration 213: Energy = 4.0820383012635091 dE = -2.97309E-02
SCF Iteration 214: Energy = 4.1117691983902134 dE =  2.97309E-02
SCF Iteration 215: Energy = 4.0820383012316501 dE = -2.97309E-02
SCF Iteration 216: Energy = 4.1117691983624569 dE =  2.97309E-02
SCF Iteration 217: Energy = 4.0820383012055004 dE = -2.97309E-02
SCF Iteration 218: Energy = 4.1117691983396716 dE =  2.97309E-02
SCF Iteration 219: Energy = 4.0820383011840411 dE = -2.97309E-02
SCF Iteration 220: Energy = 4.1117691983209754 dE =  2.97309E-02
SCF Iteration 221: Energy = 4.0820383011664338 dE = -2.97309E-02
SCF Iteration 222: Energy = 4.1117691983056339 dE =  2.97309E-02
SCF Iteration 223: Energy = 4.0820383011519681 dE = -2.97309E-02
SCF Iteration 224: Energy = 4.1117691982930431 dE =  2.97309E-02
SCF Iteration 225: Energy = 4.0820383011401233 dE = -2.97309E-02
SCF Iteration 226: Energy = 4.1117691982827083 dE =  2.97309E-02
SCF Iteration 227: Energy = 4.0820383011303765 dE = -2.97309E-02
SCF Iteration 228: Energy = 4.1117691982742279 dE =  2.97309E-02
SCF Iteration 229: Energy = 4.0820383011223926 dE = -2.97309E-02
SCF Iteration 230: Energy = 4.1117691982672602 dE =  2.97309E-02
SCF Iteration 231: Energy = 4.0820383011158343 dE = -2.97309E-02
SCF Iteration 232: Energy = 4.1117691982615536 dE =  2.97309E-02
SCF Iteration 233: Energy = 4.0820383011104537 dE = -2.97309E-02
SCF Iteration 234: Energy = 4.1117691982568703 dE =  2.97309E-02
SCF Iteration 235: Energy = 4.0820383011060395 dE = -2.97309E-02
SCF Iteration 236: Energy = 4.1117691982530191 dE =  2.97309E-02
SCF Iteration 237: Energy = 4.0820383011024166 dE = -2.97309E-02
SCF Iteration 238: Energy = 4.1117691982498705 dE =  2.97309E-02
SCF Iteration 239: Energy = 4.0820383010994368 dE = -2.97309E-02
SCF Iteration 240: Energy = 4.1117691982472779 dE =  2.97309E-02
SCF Iteration 241: Energy = 4.0820383010970014 dE = -2.97309E-02
SCF Iteration 242: Energy = 4.1117691982451472 dE =  2.97309E-02
SCF Iteration 243: Energy = 4.0820383010950048 dE = -2.97309E-02
SCF Iteration 244: Energy = 4.1117691982434055 dE =  2.97309E-02
SCF Iteration 245: Energy = 4.0820383010933599 dE = -2.97309E-02
SCF Iteration 246: Energy = 4.1117691982419737 dE =  2.97309E-02
SCF Iteration 247: Energy = 4.0820383010920036 dE = -2.97309E-02
SCF Iteration 248: Energy = 4.1117691982408013 dE =  2.97309E-02
SCF Iteration 249: Energy = 4.0820383010909049 dE = -2.97309E-02
SCF Iteration 250: Energy = 4.1117691982398403 dE =  2.97309E-02
SCF Iteration 251: Energy = 4.0820383010899928 dE = -2.97309E-02
SCF Iteration 252: Energy = 4.1117691982390454 dE =  2.97309E-02
SCF Iteration 253: Energy = 4.0820383010892547 dE = -2.97309E-02
SCF Iteration 254: Energy = 4.1117691982384006 dE =  2.97309E-02
SCF Iteration 255: Energy = 4.0820383010886365 dE = -2.97309E-02
SCF Iteration 256: Energy = 4.1117691982378615 dE =  2.97309E-02
SCF Iteration 257: Energy = 4.0820383010881374 dE = -2.97309E-02
SCF Iteration 258: Energy = 4.1117691982374245 dE =  2.97309E-02
SCF Iteration 259: Energy = 4.0820383010877190 dE = -2.97309E-02
SCF Iteration 260: Energy = 4.1117691982370568 dE =  2.97309E-02
SCF Iteration 261: Energy = 4.0820383010873780 dE = -2.97309E-02
SCF Iteration 262: Energy = 4.1117691982367646 dE =  2.97309E-02
SCF Iteration 263: Energy = 4.0820383010871053 dE = -2.97309E-02
SCF Iteration 264: Energy = 4.1117691982365283 dE =  2.97309E-02
SCF Iteration 265: Energy = 4.0820383010868850 dE = -2.97309E-02
SCF Iteration 266: Energy = 4.1117691982363347 dE =  2.97309E-02
SCF Iteration 267: Energy = 4.0820383010866959 dE = -2.97309E-02
SCF Iteration 268: Energy = 4.1117691982361722 dE =  2.97309E-02
SCF Iteration 269: Energy = 4.0820383010865395 dE = -2.97309E-02
SCF Iteration 270: Energy = 4.1117691982360363 dE =  2.97309E-02
SCF Iteration 271: Energy = 4.0820383010864152 dE = -2.97309E-02
SCF Iteration 272: Energy = 4.1117691982359235 dE =  2.97309E-02
SCF Iteration 273: Energy = 4.0820383010863113 dE = -2.97309E-02
SCF Iteration 274: Energy = 4.1117691982358293 dE =  2.97309E-02
SCF Iteration 275: Energy = 4.0820383010862127 dE = -2.97309E-02
SCF Iteration 276: Energy = 4.1117691982357476 dE =  2.97309E-02
SCF Iteration 277: Energy = 4.0820383010861443 dE = -2.97309E-02
SCF Iteration 278: Energy = 4.1117691982356863 dE =  2.97309E-02
SCF Iteration 279: Energy = 4.0820383010860839 dE = -2.97309E-02
SCF Iteration 280: Energy = 4.1117691982356384 dE =  2.97309E-02
SCF Iteration 281: Energy = 4.0820383010860448 dE = -2.97309E-02
SCF Iteration 282: Energy = 4.1117691982355957 dE =  2.97309E-02
SCF Iteration 283: Energy = 4.0820383010860102 dE = -2.97309E-02
SCF Iteration 284: Energy = 4.1117691982355629 dE =  2.97309E-02
SCF Iteration 285: Energy = 4.0820383010859702 dE = -2.97309E-02
SCF Iteration 286: Energy = 4.1117691982355344 dE =  2.97309E-02
SCF Iteration 287: Energy = 4.0820383010859480 dE = -2.97309E-02
SCF Iteration 288: Energy = 4.1117691982355211 dE =  2.97309E-02
SCF Iteration 289: Energy = 4.0820383010859285 dE = -2.97309E-02
SCF Iteration 290: Energy = 4.1117691982355016 dE =  2.97309E-02
SCF Iteration 291: Energy = 4.0820383010859018 dE = -2.97309E-02
SCF Iteration 292: Energy = 4.1117691982354874 dE =  2.97309E-02
SCF Iteration 293: Energy = 4.0820383010858903 dE = -2.97309E-02
SCF Iteration 294: Energy = 4.1117691982354714 dE =  2.97309E-02
SCF Iteration 295: Energy = 4.0820383010858849 dE = -2.97309E-02
SCF Iteration 296: Energy = 4.1117691982354634 dE =  2.97309E-02
SCF Iteration 297: Energy = 4.0820383010858707 dE = -2.97309E-02
SCF Iteration 298: Energy = 4.1117691982354563 dE =  2.97309E-02
SCF Iteration 299: Energy = 4.0820383010858601 dE = -2.97309E-02
SCF Iteration 300: Energy = 4.1117691982354421 dE =  2.97309E-02
SCF Iteration 301: Energy = 4.0820383010858565 dE = -2.97309E-02
SCF Iteration 302: Energy = 4.1117691982354474 dE =  2.97309E-02
SCF Iteration 303: Energy = 4.0820383010858556 dE = -2.97309E-02
SCF Iteration 304: Energy = 4.1117691982354376 dE =  2.97309E-02
SCF Iteration 305: Energy = 4.0820383010858476 dE = -2.97309E-02
SCF Iteration 306: Energy = 4.1117691982354296 dE =  2.97309E-02
SCF Iteration 307: Energy = 4.0820383010858485 dE = -2.97309E-02
SCF Iteration 308: Energy = 4.1117691982354359 dE =  2.97309E-02
SCF Iteration 309: Energy = 4.0820383010858459 dE = -2.97309E-02
SCF Iteration 310: Energy = 4.1117691982354261 dE =  2.97309E-02
SCF Iteration 311: Energy = 4.0820383010858414 dE = -2.97309E-02
SCF Iteration 312: Energy = 4.1117691982354270 dE =  2.97309E-02
SCF Iteration 313: Energy = 4.0820383010858361 dE = -2.97309E-02
SCF Iteration 314: Energy = 4.1117691982354234 dE =  2.97309E-02
SCF Iteration 315: Energy = 4.0820383010858317 dE = -2.97309E-02
SCF Iteration 316: Energy = 4.1117691982354128 dE =  2.97309E-02
SCF Iteration 317: Energy = 4.0820383010858299 dE = -2.97309E-02
SCF Iteration 318: Energy = 4.1117691982354119 dE =  2.97309E-02
SCF Iteration 319: Energy = 4.0820383010858290 dE = -2.97309E-02
SCF Iteration 320: Energy = 4.1117691982354145 dE =  2.97309E-02
SCF Iteration 321: Energy = 4.0820383010858245 dE = -2.97309E-02
SCF Iteration 322: Energy = 4.1117691982354083 dE =  2.97309E-02
SCF Iteration 323: Energy = 4.0820383010858219 dE = -2.97309E-02
SCF Iteration 324: Energy = 4.1117691982354048 dE =  2.97309E-02
SCF Iteration 325: Energy = 4.0820383010858228 dE = -2.97309E-02
SCF Iteration 326: Energy = 4.1117691982354101 dE =  2.97309E-02
SCF Iteration 327: Energy = 4.0820383010858237 dE = -2.97309E-02
SCF Iteration 328: Energy = 4.1117691982354074 dE =  2.97309E-02
SCF Iteration 329: Energy = 4.0820383010858183 dE = -2.97309E-02
SCF Iteration 330: Energy = 4.1117691982354048 dE =  2.97309E-02
SCF Iteration 331: Energy = 4.0820383010858237 dE = -2.97309E-02
SCF Iteration 332: Energy = 4.1117691982354065 dE =  2.97309E-02
SCF Iteration 333: Energy = 4.0820383010858192 dE = -2.97309E-02
SCF Iteration 334: Energy = 4.1117691982354136 dE =  2.97309E-02
SCF Iteration 335: Energy = 4.0820383010858237 dE = -2.97309E-02
SCF Iteration 336: Energy = 4.1117691982354119 dE =  2.97309E-02
SCF Iteration 337: Energy = 4.0820383010858174 dE = -2.97309E-02
SCF Iteration 338: Energy = 4.1117691982354021 dE =  2.97309E-02
SCF Iteration 339: Energy = 4.0820383010858210 dE = -2.97309E-02
SCF Iteration 340: Energy = 4.1117691982354057 dE =  2.97309E-02
SCF Iteration 341: Energy = 4.0820383010858219 dE = -2.97309E-02
SCF Iteration 342: Energy = 4.1117691982354092 dE =  2.97309E-02
SCF Iteration 343: Energy = 4.0820383010858166 dE = -2.97309E-02
SCF Iteration 344: Energy = 4.1117691982354092 dE =  2.97309E-02
SCF Iteration 345: Energy = 4.0820383010858210 dE = -2.97309E-02
SCF Iteration 346: Energy = 4.1117691982354083 dE =  2.97309E-02
SCF Iteration 347: Energy = 4.0820383010858219 dE = -2.97309E-02
SCF Iteration 348: Energy = 4.1117691982354057 dE =  2.97309E-02
SCF Iteration 349: Energy = 4.0820383010858166 dE = -2.97309E-02
SCF Iteration 350: Energy = 4.1117691982354039 dE =  2.97309E-02
SCF Iteration 351: Energy = 4.0820383010858245 dE = -2.97309E-02
SCF Iteration 352: Energy = 4.1117691982354065 dE =  2.97309E-02
SCF Iteration 353: Energy = 4.0820383010858139 dE = -2.97309E-02
SCF Iteration 354: Energy = 4.1117691982353994 dE =  2.97309E-02
SCF Iteration 355: Energy = 4.0820383010858148 dE = -2.97309E-02
SCF Iteration 356: Energy = 4.1117691982354092 dE =  2.97309E-02
SCF Iteration 357: Energy = 4.0820383010858263 dE = -2.97309E-02
SCF Iteration 358: Energy = 4.1117691982354021 dE =  2.97309E-02
SCF Iteration 359: Energy = 4.0820383010858254 dE = -2.97309E-02
SCF Iteration 360: Energy = 4.1117691982354083 dE =  2.97309E-02
SCF Iteration 361: Energy = 4.0820383010858263 dE = -2.97309E-02
SCF Iteration 362: Energy = 4.1117691982354119 dE =  2.97309E-02
SCF Iteration 363: Energy = 4.0820383010858201 dE = -2.97309E-02
SCF Iteration 364: Energy = 4.1117691982354083 dE =  2.97309E-02
SCF Iteration 365: Energy = 4.0820383010858228 dE = -2.97309E-02
SCF Iteration 366: Energy = 4.1117691982354119 dE =  2.97309E-02
SCF Iteration 367: Energy = 4.0820383010858272 dE = -2.97309E-02
SCF Iteration 368: Energy = 4.1117691982354065 dE =  2.97309E-02
SCF Iteration 369: Energy = 4.0820383010858237 dE = -2.97309E-02
SCF Iteration 370: Energy = 4.1117691982354048 dE =  2.97309E-02
SCF Iteration 371: Energy = 4.0820383010858228 dE = -2.97309E-02
SCF Iteration 372: Energy = 4.1117691982354128 dE =  2.97309E-02
SCF Iteration 373: Energy = 4.0820383010858263 dE = -2.97309E-02
SCF Iteration 374: Energy = 4.1117691982354083 dE =  2.97309E-02
SCF Iteration 375: Energy = 4.0820383010858281 dE = -2.97309E-02
SCF Iteration 376: Energy = 4.1117691982354074 dE =  2.97309E-02
SCF Iteration 377: Energy = 4.0820383010858245 dE = -2.97309E-02
SCF Iteration 378: Energy = 4.1117691982354092 dE =  2.97309E-02
SCF Iteration 379: Energy = 4.0820383010858210 dE = -2.97309E-02
SCF Iteration 380: Energy = 4.1117691982354074 dE =  2.97309E-02
SCF Iteration 381: Energy = 4.0820383010858263 dE = -2.97309E-02
SCF Iteration 382: Energy = 4.1117691982354119 dE =  2.97309E-02
SCF Iteration 383: Energy = 4.0820383010858272 dE = -2.97309E-02
SCF Iteration 384: Energy = 4.1117691982354110 dE =  2.97309E-02
SCF Iteration 385: Energy = 4.0820383010858245 dE = -2.97309E-02
SCF Iteration 386: Energy = 4.1117691982353985 dE =  2.97309E-02
SCF Iteration 387: Energy = 4.0820383010858219 dE = -2.97309E-02
SCF Iteration 388: Energy = 4.1117691982354030 dE =  2.97309E-02
SCF Iteration 389: Energy = 4.0820383010858192 dE = -2.97309E-02
SCF Iteration 390: Energy = 4.1117691982354092 dE =  2.97309E-02
SCF Iteration 391: Energy = 4.0820383010858201 dE = -2.97309E-02
SCF Iteration 392: Energy = 4.1117691982354110 dE =  2.97309E-02
SCF Iteration 393: Energy = 4.0820383010858139 dE = -2.97309E-02
SCF Iteration 394: Energy = 4.1117691982354074 dE =  2.97309E-02
SCF Iteration 395: Energy = 4.0820383010858166 dE = -2.97309E-02
SCF Iteration 396: Energy = 4.1117691982354128 dE =  2.97309E-02
SCF Iteration 397: Energy = 4.0820383010858192 dE = -2.97309E-02
SCF Iteration 398: Energy = 4.1117691982354039 dE =  2.97309E-02
SCF Iteration 399: Energy = 4.0820383010858166 dE = -2.97309E-02
SCF Iteration 400: Energy = 4.1117691982353985 dE =  2.97309E-02
SCF Iteration 401: Energy = 4.0820383010858157 dE = -2.97309E-02
SCF Iteration 402: Energy = 4.1117691982354065 dE =  2.97309E-02
SCF Iteration 403: Energy = 4.0820383010858263 dE = -2.97309E-02
SCF Iteration 404: Energy = 4.1117691982354083 dE =  2.97309E-02
SCF Iteration 405: Energy = 4.0820383010858245 dE = -2.97309E-02
SCF Iteration 406: Energy = 4.1117691982354057 dE =  2.97309E-02
SCF Iteration 407: Energy = 4.0820383010858254 dE = -2.97309E-02
SCF Iteration 408: Energy = 4.1117691982354119 dE =  2.97309E-02
SCF Iteration 409: Energy = 4.0820383010858272 dE = -2.97309E-02
SCF Iteration 410: Energy = 4.1117691982354057 dE =  2.97309E-02
SCF Iteration 411: Energy = 4.0820383010858237 dE = -2.97309E-02
SCF Iteration 412: Energy = 4.1117691982354057 dE =  2.97309E-02
SCF Iteration 413: Energy = 4.0820383010858281 dE = -2.97309E-02
SCF Iteration 414: Energy = 4.1117691982354136 dE =  2.97309E-02
SCF Iteration 415: Energy = 4.0820383010858272 dE = -2.97309E-02
SCF Iteration 416: Energy = 4.1117691982354136 dE =  2.97309E-02
SCF Iteration 417: Energy = 4.0820383010858237 dE = -2.97309E-02
SCF Iteration 418: Energy = 4.1117691982354048 dE =  2.97309E-02
SCF Iteration 419: Energy = 4.0820383010858290 dE = -2.97309E-02
SCF Iteration 420: Energy = 4.1117691982354154 dE =  2.97309E-02
SCF Iteration 421: Energy = 4.0820383010858201 dE = -2.97309E-02
SCF Iteration 422: Energy = 4.1117691982354065 dE =  2.97309E-02
SCF Iteration 423: Energy = 4.0820383010858228 dE = -2.97309E-02
SCF Iteration 424: Energy = 4.1117691982354057 dE =  2.97309E-02
SCF Iteration 425: Energy = 4.0820383010858210 dE = -2.97309E-02
SCF Iteration 426: Energy = 4.1117691982354101 dE =  2.97309E-02
SCF Iteration 427: Energy = 4.0820383010858219 dE = -2.97309E-02
SCF Iteration 428: Energy = 4.1117691982354119 dE =  2.97309E-02
SCF Iteration 429: Energy = 4.0820383010858281 dE = -2.97309E-02
SCF Iteration 430: Energy = 4.1117691982354030 dE =  2.97309E-02
SCF Iteration 431: Energy = 4.0820383010858254 dE = -2.97309E-02
SCF Iteration 432: Energy = 4.1117691982354101 dE =  2.97309E-02
SCF Iteration 433: Energy = 4.0820383010858281 dE = -2.97309E-02
SCF Iteration 434: Energy = 4.1117691982354101 dE =  2.97309E-02
SCF Iteration 435: Energy = 4.0820383010858281 dE = -2.97309E-02
SCF Iteration 436: Energy = 4.1117691982354101 dE =  2.97309E-02
SCF Iteration 437: Energy = 4.0820383010858272 dE = -2.97309E-02
SCF Iteration 438: Energy = 4.1117691982354136 dE =  2.97309E-02
SCF Iteration 439: Energy = 4.0820383010858245 dE = -2.97309E-02
SCF Iteration 440: Energy = 4.1117691982354172 dE =  2.97309E-02
SCF Iteration 441: Energy = 4.0820383010858343 dE = -2.97309E-02
SCF Iteration 442: Energy = 4.1117691982354128 dE =  2.97309E-02
SCF Iteration 443: Energy = 4.0820383010858254 dE = -2.97309E-02
SCF Iteration 444: Energy = 4.1117691982354145 dE =  2.97309E-02
SCF Iteration 445: Energy = 4.0820383010858201 dE = -2.97309E-02
SCF Iteration 446: Energy = 4.1117691982354101 dE =  2.97309E-02
SCF Iteration 447: Energy = 4.0820383010858290 dE = -2.97309E-02
SCF Iteration 448: Energy = 4.1117691982354092 dE =  2.97309E-02
SCF Iteration 449: Energy = 4.0820383010858245 dE = -2.97309E-02
SCF Iteration 450: Energy = 4.1117691982354110 dE =  2.97309E-02
SCF Iteration 451: Energy = 4.0820383010858272 dE = -2.97309E-02
SCF Iteration 452: Energy = 4.1117691982354057 dE =  2.97309E-02
SCF Iteration 453: Energy = 4.0820383010858228 dE = -2.97309E-02
SCF Iteration 454: Energy = 4.1117691982354048 dE =  2.97309E-02
SCF Iteration 455: Energy = 4.0820383010858228 dE = -2.97309E-02
SCF Iteration 456: Energy = 4.1117691982354145 dE =  2.97309E-02
SCF Iteration 457: Energy = 4.0820383010858281 dE = -2.97309E-02
SCF Iteration 458: Energy = 4.1117691982354190 dE =  2.97309E-02
SCF Iteration 459: Energy = 4.0820383010858317 dE = -2.97309E-02
SCF Iteration 460: Energy = 4.1117691982354163 dE =  2.97309E-02
SCF Iteration 461: Energy = 4.0820383010858237 dE = -2.97309E-02
SCF Iteration 462: Energy = 4.1117691982354119 dE =  2.97309E-02
SCF Iteration 463: Energy = 4.0820383010858281 dE = -2.97309E-02
SCF Iteration 464: Energy = 4.1117691982354119 dE =  2.97309E-02
SCF Iteration 465: Energy = 4.0820383010858183 dE = -2.97309E-02
SCF Iteration 466: Energy = 4.1117691982354110 dE =  2.97309E-02
SCF Iteration 467: Energy = 4.0820383010858210 dE = -2.97309E-02
SCF Iteration 468: Energy = 4.1117691982354101 dE =  2.97309E-02
SCF Iteration 469: Energy = 4.0820383010858201 dE = -2.97309E-02
SCF Iteration 470: Energy = 4.1117691982354190 dE =  2.97309E-02
SCF Iteration 471: Energy = 4.0820383010858308 dE = -2.97309E-02
SCF Iteration 472: Energy = 4.1117691982354145 dE =  2.97309E-02
SCF Iteration 473: Energy = 4.0820383010858334 dE = -2.97309E-02
SCF Iteration 474: Energy = 4.1117691982354145 dE =  2.97309E-02
SCF Iteration 475: Energy = 4.0820383010858299 dE = -2.97309E-02
SCF Iteration 476: Energy = 4.1117691982354110 dE =  2.97309E-02
SCF Iteration 477: Energy = 4.0820383010858254 dE = -2.97309E-02
SCF Iteration 478: Energy = 4.1117691982354128 dE =  2.97309E-02
SCF Iteration 479: Energy = 4.0820383010858299 dE = -2.97309E-02
SCF Iteration 480: Energy = 4.1117691982354190 dE =  2.97309E-02
SCF Iteration 481: Energy = 4.0820383010858228 dE = -2.97309E-02
SCF Iteration 482: Energy = 4.1117691982354136 dE =  2.97309E-02
SCF Iteration 483: Energy = 4.0820383010858245 dE = -2.97309E-02
SCF Iteration 484: Energy = 4.1117691982354057 dE =  2.97309E-02
SCF Iteration 485: Energy = 4.0820383010858201 dE = -2.97309E-02
SCF Iteration 486: Energy = 4.1117691982354057 dE =  2.97309E-02
SCF Iteration 487: Energy = 4.0820383010858245 dE = -2.97309E-02
SCF Iteration 488: Energy = 4.1117691982354119 dE =  2.97309E-02
SCF Iteration 489: Energy = 4.0820383010858166 dE = -2.97309E-02
SCF Iteration 490: Energy = 4.1117691982354057 dE =  2.97309E-02
SCF Iteration 491: Energy = 4.0820383010858174 dE = -2.97309E-02
SCF Iteration 492: Energy = 4.1117691982354057 dE =  2.97309E-02
SCF Iteration 493: Energy = 4.0820383010858245 dE = -2.97309E-02
SCF Iteration 494: Energy = 4.1117691982354048 dE =  2.97309E-02
SCF Iteration 495: Energy = 4.0820383010858210 dE = -2.97309E-02
SCF Iteration 496: Energy = 4.1117691982354154 dE =  2.97309E-02
SCF Iteration 497: Energy = 4.0820383010858263 dE = -2.97309E-02
SCF Iteration 498: Energy = 4.1117691982354172 dE =  2.97309E-02
SCF Iteration 499: Energy = 4.0820383010858237 dE = -2.97309E-02
SCF Iteration 500: Energy = 4.1117691982354057 dE =  2.97309E-02
