
  Memory set to  55.879 GiB by Python driver.
  Threads set to 1 by Python driver.
Settings:
	LOT = CCSD-S2-U22
	wc = 20.0 eV
	lambda = [0.727454 0.       0.      ] a.u.
	Equivalent A0 = LAMBDA / sqrt(2 wc) = [0.6 0.  0. ])
doing QED-CCSD-Full (or QED-CCSD-22)
Number of occupied orbitals:   1
Number of basis functions:  60
SCF Iteration   1: Energy = 3.6294702881133052 dE =  3.62947E+00
SCF Iteration   2: Energy = 3.9742505426659220 dE =  3.44780E-01
SCF Iteration   3: Energy = 3.7970195696949327 dE = -1.77231E-01
SCF Iteration   4: Energy = 3.9725184547018921 dE =  1.75499E-01
SCF Iteration   5: Energy = 3.8847993594523471 dE = -8.77191E-02
SCF Iteration   6: Energy = 3.9849250759079871 dE =  1.00126E-01
SCF Iteration   7: Energy = 3.9270643138452712 dE = -5.78608E-02
SCF Iteration   8: Energy = 3.9933222787450515 dE =  6.62580E-02
SCF Iteration   9: Energy = 3.9472481338781007 dE = -4.60741E-02
SCF Iteration  10: Energy = 3.9969689595591125 dE =  4.97208E-02
SCF Iteration  11: Energy = 3.9561046070994967 dE = -4.08644E-02
SCF Iteration  12: Energy = 3.9971833327732673 dE =  4.10787E-02
SCF Iteration  13: Energy = 3.9588651872215772 dE = -3.83181E-02
SCF Iteration  14: Energy = 3.9952647424837564 dE =  3.63996E-02
SCF Iteration  15: Energy = 3.9583337676308568 dE = -3.69310E-02
SCF Iteration  16: Energy = 3.9921965045476533 dE =  3.38627E-02
SCF Iteration  17: Energy = 3.9561120564453871 dE = -3.60844E-02
SCF Iteration  18: Energy = 3.9886487850405716 dE =  3.25367E-02
SCF Iteration  19: Energy = 3.9531362273495043 dE = -3.55126E-02
SCF Iteration  20: Energy = 3.9850437749105989 dE =  3.19075E-02
SCF Iteration  21: Energy = 3.9499483698645173 dE = -3.50954E-02
SCF Iteration  22: Energy = 3.9816260775225114 dE =  3.16777E-02
SCF Iteration  23: Energy = 3.9468505978366153 dE = -3.47755E-02
SCF Iteration  24: Energy = 3.9785212914841832 dE =  3.16707E-02
SCF Iteration  25: Energy = 3.9439985449681578 dE = -3.45227E-02
SCF Iteration  26: Energy = 3.9757795342082156 dE =  3.17810E-02
SCF Iteration  27: Energy = 3.9414597354345471 dE = -3.43198E-02
SCF Iteration  28: Energy = 3.9734056719123174 dE =  3.19459E-02
SCF Iteration  29: Energy = 3.9392502576098876 dE = -3.41554E-02
SCF Iteration  30: Energy = 3.9713793395662464 dE =  3.21291E-02
SCF Iteration  31: Energy = 3.9373576602928084 dE = -3.40217E-02
SCF Iteration  32: Energy = 3.9696676818082599 dE =  3.23100E-02
SCF Iteration  33: Energy = 3.9357550347856654 dE = -3.39126E-02
SCF Iteration  34: Energy = 3.9682331443401542 dE =  3.24781E-02
SCF Iteration  35: Energy = 3.9344094749384126 dE = -3.38237E-02
SCF Iteration  36: Energy = 3.9670380141711221 dE =  3.26285E-02
SCF Iteration  37: Energy = 3.9332869830365857 dE = -3.37510E-02
SCF Iteration  38: Energy = 3.9660468858815223 dE =  3.27599E-02
SCF Iteration  39: Energy = 3.9323551587748504 dE = -3.36917E-02
SCF Iteration  40: Energy = 3.9652278427758221 dE =  3.28727E-02
SCF Iteration  41: Energy = 3.9315845307184625 dE = -3.36433E-02
SCF Iteration  42: Energy = 3.9645528683366011 dE =  3.29683E-02
SCF Iteration  43: Energy = 3.9309490776498803 dE = -3.36038E-02
SCF Iteration  44: Energy = 3.9639978174619537 dE =  3.30487E-02
SCF Iteration  45: Energy = 3.9304262845100251 dE = -3.35715E-02
SCF Iteration  46: Energy = 3.9635421535937230 dE =  3.31159E-02
SCF Iteration  47: Energy = 3.9299969468630529 dE = -3.35452E-02
SCF Iteration  48: Energy = 3.9631685775068264 dE =  3.31716E-02
SCF Iteration  49: Energy = 3.9296448541062974 dE = -3.35237E-02
SCF Iteration  50: Energy = 3.9628626220710093 dE =  3.32178E-02
SCF Iteration  51: Energy = 3.9293564285735649 dE = -3.35062E-02
SCF Iteration  52: Energy = 3.9626122548738905 dE =  3.32558E-02
SCF Iteration  53: Energy = 3.9291203644187869 dE = -3.34919E-02
SCF Iteration  54: Energy = 3.9624075105411642 dE =  3.32871E-02
SCF Iteration  55: Energy = 3.9289272896274903 dE = -3.34802E-02
SCF Iteration  56: Energy = 3.9622401624765127 dE =  3.33129E-02
SCF Iteration  57: Energy = 3.9287694620736966 dE = -3.34707E-02
SCF Iteration  58: Energy = 3.9621034366595720 dE =  3.33340E-02
SCF Iteration  59: Energy = 3.9286405032272098 dE = -3.34629E-02
SCF Iteration  60: Energy = 3.9619917661993518 dE =  3.33513E-02
SCF Iteration  61: Energy = 3.9285351689996850 dE = -3.34566E-02
SCF Iteration  62: Energy = 3.9619005833278891 dE =  3.33654E-02
SCF Iteration  63: Energy = 3.9284491550643112 dE = -3.34514E-02
SCF Iteration  64: Energy = 3.9618261446629344 dE =  3.33770E-02
SCF Iteration  65: Energy = 3.9283789330129188 dE = -3.34472E-02
SCF Iteration  66: Energy = 3.9617653853822952 dE =  3.33865E-02
SCF Iteration  67: Energy = 3.9283216134327685 dE = -3.34438E-02
SCF Iteration  68: Energy = 3.9617157981345854 dE =  3.33942E-02
SCF Iteration  69: Energy = 3.9282748320896768 dE = -3.34410E-02
SCF Iteration  70: Energy = 3.9616753328768040 dE =  3.34005E-02
SCF Iteration  71: Energy = 3.9282366557045676 dE = -3.34387E-02
SCF Iteration  72: Energy = 3.9616423142688877 dE =  3.34057E-02
SCF Iteration  73: Energy = 3.9282055041966766 dE = -3.34368E-02
SCF Iteration  74: Energy = 3.9616153737055311 dE =  3.34099E-02
SCF Iteration  75: Energy = 3.9281800866735779 dE = -3.34353E-02
SCF Iteration  76: Energy = 3.9615933934934819 dE =  3.34133E-02
SCF Iteration  77: Energy = 3.9281593488388094 dE = -3.34340E-02
SCF Iteration  78: Energy = 3.9615754610691347 dE =  3.34161E-02
SCF Iteration  79: Energy = 3.9281424298457619 dE = -3.34330E-02
SCF Iteration  80: Energy = 3.9615608314928439 dE =  3.34184E-02
SCF Iteration  81: Energy = 3.9281286269431837 dE = -3.34322E-02
SCF Iteration  82: Energy = 3.9615488967508981 dE =  3.34203E-02
SCF Iteration  83: Energy = 3.9281173665322897 dE = -3.34315E-02
SCF Iteration  84: Energy = 3.9615391606470567 dE =  3.34218E-02
SCF Iteration  85: Energy = 3.9281081804903493 dE = -3.34310E-02
SCF Iteration  86: Energy = 3.9615312182773632 dE =  3.34230E-02
SCF Iteration  87: Energy = 3.9281006868139059 dE = -3.34305E-02
SCF Iteration  88: Energy = 3.9615247392589068 dE =  3.34241E-02
SCF Iteration  89: Energy = 3.9280945738005526 dE = -3.34302E-02
SCF Iteration  90: Energy = 3.9615194540308920 dE =  3.34249E-02
SCF Iteration  91: Energy = 3.9280895871276069 dE = -3.34299E-02
SCF Iteration  92: Energy = 3.9615151426680839 dE =  3.34256E-02
SCF Iteration  93: Energy = 3.9280855192999020 dE = -3.34296E-02
SCF Iteration  94: Energy = 3.9615116257480301 dE =  3.34261E-02
SCF Iteration  95: Energy = 3.9280822010344147 dE = -3.34294E-02
SCF Iteration  96: Energy = 3.9615087568964018 dE =  3.34266E-02
SCF Iteration  97: Energy = 3.9280794942276795 dE = -3.34293E-02
SCF Iteration  98: Energy = 3.9615064167025724 dE =  3.34269E-02
SCF Iteration  99: Energy = 3.9280772862157796 dE = -3.34291E-02
SCF Iteration 100: Energy = 3.9615045077545954 dE =  3.34272E-02
SCF Iteration 101: Energy = 3.9280754850901443 dE = -3.34290E-02
SCF Iteration 102: Energy = 3.9615029505876329 dE =  3.34275E-02
SCF Iteration 103: Energy = 3.9280740158751213 dE = -3.34289E-02
SCF Iteration 104: Energy = 3.9615016803782162 dE =  3.34277E-02
SCF Iteration 105: Energy = 3.9280728174091029 dE = -3.34289E-02
SCF Iteration 106: Energy = 3.9615006442470615 dE =  3.34278E-02
SCF Iteration 107: Energy = 3.9280718397998591 dE = -3.34288E-02
SCF Iteration 108: Energy = 3.9614997990586427 dE =  3.34280E-02
SCF Iteration 109: Energy = 3.9280710423484226 dE = -3.34288E-02
SCF Iteration 110: Energy = 3.9614991096259540 dE =  3.34281E-02
SCF Iteration 111: Energy = 3.9280703918553419 dE = -3.34287E-02
SCF Iteration 112: Energy = 3.9614985472460003 dE =  3.34282E-02
SCF Iteration 113: Energy = 3.9280698612388720 dE = -3.34287E-02
SCF Iteration 114: Energy = 3.9614980885050937 dE =  3.34282E-02
SCF Iteration 115: Energy = 3.9280694284077842 dE = -3.34287E-02
SCF Iteration 116: Energy = 3.9614977143041274 dE =  3.34283E-02
SCF Iteration 117: Energy = 3.9280690753417562 dE = -3.34286E-02
SCF Iteration 118: Energy = 3.9614974090636661 dE =  3.34283E-02
SCF Iteration 119: Energy = 3.9280687873412998 dE = -3.34286E-02
SCF Iteration 120: Energy = 3.9614971600752211 dE =  3.34284E-02
SCF Iteration 121: Energy = 3.9280685524157306 dE = -3.34286E-02
SCF Iteration 122: Energy = 3.9614969569723231 dE =  3.34284E-02
SCF Iteration 123: Energy = 3.9280683607840610 dE = -3.34286E-02
SCF Iteration 124: Energy = 3.9614967912988401 dE =  3.34284E-02
SCF Iteration 125: Energy = 3.9280682044678139 dE = -3.34286E-02
SCF Iteration 126: Energy = 3.9614966561570357 dE =  3.34285E-02
SCF Iteration 127: Energy = 3.9280680769587857 dE = -3.34286E-02
SCF Iteration 128: Energy = 3.9614965459202622 dE =  3.34285E-02
SCF Iteration 129: Energy = 3.9280679729481665 dE = -3.34286E-02
SCF Iteration 130: Energy = 3.9614964559988408 dE =  3.34285E-02
SCF Iteration 131: Energy = 3.9280678881054958 dE = -3.34286E-02
SCF Iteration 132: Energy = 3.9614963826489049 dE =  3.34285E-02
SCF Iteration 133: Energy = 3.9280678188983478 dE = -3.34286E-02
SCF Iteration 134: Energy = 3.9614963228165125 dE =  3.34285E-02
SCF Iteration 135: Energy = 3.9280677624452736 dE = -3.34286E-02
SCF Iteration 136: Energy = 3.9614962740105364 dE =  3.34285E-02
SCF Iteration 137: Energy = 3.9280677163958604 dE = -3.34286E-02
SCF Iteration 138: Energy = 3.9614962341989646 dE =  3.34285E-02
SCF Iteration 139: Energy = 3.9280676788328215 dE = -3.34286E-02
SCF Iteration 140: Energy = 3.9614962017241986 dE =  3.34285E-02
SCF Iteration 141: Energy = 3.9280676481922194 dE = -3.34286E-02
SCF Iteration 142: Energy = 3.9614961752341600 dE =  3.34285E-02
SCF Iteration 143: Energy = 3.9280676231983387 dE = -3.34286E-02
SCF Iteration 144: Energy = 3.9614961536259417 dE =  3.34285E-02
SCF Iteration 145: Energy = 3.9280676028105468 dE = -3.34286E-02
SCF Iteration 146: Energy = 3.9614961359998753 dE =  3.34285E-02
SCF Iteration 147: Energy = 3.9280675861799916 dE = -3.34285E-02
SCF Iteration 148: Energy = 3.9614961216220843 dE =  3.34285E-02
SCF Iteration 149: Energy = 3.9280675726142520 dE = -3.34285E-02
SCF Iteration 150: Energy = 3.9614961098939601 dE =  3.34285E-02
SCF Iteration 151: Energy = 3.9280675615485294 dE = -3.34285E-02
SCF Iteration 152: Energy = 3.9614961003272020 dE =  3.34285E-02
SCF Iteration 153: Energy = 3.9280675525220903 dE = -3.34285E-02
SCF Iteration 154: Energy = 3.9614960925234799 dE =  3.34285E-02
SCF Iteration 155: Energy = 3.9280675451591258 dE = -3.34285E-02
SCF Iteration 156: Energy = 3.9614960861579078 dE =  3.34285E-02
SCF Iteration 157: Energy = 3.9280675391530746 dE = -3.34285E-02
SCF Iteration 158: Energy = 3.9614960809654258 dE =  3.34285E-02
SCF Iteration 159: Energy = 3.9280675342538682 dE = -3.34285E-02
SCF Iteration 160: Energy = 3.9614960767298664 dE =  3.34285E-02
SCF Iteration 161: Energy = 3.9280675302575334 dE = -3.34285E-02
SCF Iteration 162: Energy = 3.9614960732748736 dE =  3.34285E-02
SCF Iteration 163: Energy = 3.9280675269976775 dE = -3.34285E-02
SCF Iteration 164: Energy = 3.9614960704565911 dE =  3.34285E-02
SCF Iteration 165: Energy = 3.9280675243385694 dE = -3.34285E-02
SCF Iteration 166: Energy = 3.9614960681576852 dE =  3.34285E-02
SCF Iteration 167: Energy = 3.9280675221695054 dE = -3.34285E-02
SCF Iteration 168: Energy = 3.9614960662824510 dE =  3.34285E-02
SCF Iteration 169: Energy = 3.9280675204001829 dE = -3.34285E-02
SCF Iteration 170: Energy = 3.9614960647527973 dE =  3.34285E-02
SCF Iteration 171: Energy = 3.9280675189569312 dE = -3.34285E-02
SCF Iteration 172: Energy = 3.9614960635050451 dE =  3.34285E-02
SCF Iteration 173: Energy = 3.9280675177796507 dE = -3.34285E-02
SCF Iteration 174: Energy = 3.9614960624872375 dE =  3.34285E-02
SCF Iteration 175: Energy = 3.9280675168193246 dE = -3.34285E-02
SCF Iteration 176: Energy = 3.9614960616570070 dE =  3.34285E-02
SCF Iteration 177: Energy = 3.9280675160359753 dE = -3.34285E-02
SCF Iteration 178: Energy = 3.9614960609797683 dE =  3.34285E-02
SCF Iteration 179: Energy = 3.9280675153969988 dE = -3.34285E-02
SCF Iteration 180: Energy = 3.9614960604273382 dE =  3.34285E-02
SCF Iteration 181: Energy = 3.9280675148757664 dE = -3.34285E-02
SCF Iteration 182: Energy = 3.9614960599767164 dE =  3.34285E-02
SCF Iteration 183: Energy = 3.9280675144505923 dE = -3.34285E-02
SCF Iteration 184: Energy = 3.9614960596091415 dE =  3.34285E-02
SCF Iteration 185: Energy = 3.9280675141037742 dE = -3.34285E-02
SCF Iteration 186: Energy = 3.9614960593093054 dE =  3.34285E-02
SCF Iteration 187: Energy = 3.9280675138208672 dE = -3.34285E-02
SCF Iteration 188: Energy = 3.9614960590647277 dE =  3.34285E-02
SCF Iteration 189: Energy = 3.9280675135901095 dE = -3.34285E-02
SCF Iteration 190: Energy = 3.9614960588652179 dE =  3.34285E-02
SCF Iteration 191: Energy = 3.9280675134018708 dE = -3.34285E-02
SCF Iteration 192: Energy = 3.9614960587024743 dE =  3.34285E-02
SCF Iteration 193: Energy = 3.9280675132483220 dE = -3.34285E-02
SCF Iteration 194: Energy = 3.9614960585697254 dE =  3.34285E-02
SCF Iteration 195: Energy = 3.9280675131230751 dE = -3.34285E-02
SCF Iteration 196: Energy = 3.9614960584614423 dE =  3.34285E-02
SCF Iteration 197: Energy = 3.9280675130209017 dE = -3.34285E-02
SCF Iteration 198: Energy = 3.9614960583731138 dE =  3.34285E-02
SCF Iteration 199: Energy = 3.9280675129375675 dE = -3.34285E-02
SCF Iteration 200: Energy = 3.9614960583010648 dE =  3.34285E-02
SCF Iteration 201: Energy = 3.9280675128695908 dE = -3.34285E-02
SCF Iteration 202: Energy = 3.9614960582422936 dE =  3.34285E-02
SCF Iteration 203: Energy = 3.9280675128141320 dE = -3.34285E-02
SCF Iteration 204: Energy = 3.9614960581943484 dE =  3.34285E-02
SCF Iteration 205: Energy = 3.9280675127688935 dE = -3.34285E-02
SCF Iteration 206: Energy = 3.9614960581552445 dE =  3.34285E-02
SCF Iteration 207: Energy = 3.9280675127319991 dE = -3.34285E-02
SCF Iteration 208: Energy = 3.9614960581233429 dE =  3.34285E-02
SCF Iteration 209: Energy = 3.9280675127019036 dE = -3.34285E-02
SCF Iteration 210: Energy = 3.9614960580973166 dE =  3.34285E-02
SCF Iteration 211: Energy = 3.9280675126773463 dE = -3.34285E-02
SCF Iteration 212: Energy = 3.9614960580760918 dE =  3.34285E-02
SCF Iteration 213: Energy = 3.9280675126573223 dE = -3.34285E-02
SCF Iteration 214: Energy = 3.9614960580587848 dE =  3.34285E-02
SCF Iteration 215: Energy = 3.9280675126409754 dE = -3.34285E-02
SCF Iteration 216: Energy = 3.9614960580446597 dE =  3.34285E-02
SCF Iteration 217: Energy = 3.9280675126276607 dE = -3.34285E-02
SCF Iteration 218: Energy = 3.9614960580331431 dE =  3.34285E-02
SCF Iteration 219: Energy = 3.9280675126167903 dE = -3.34285E-02
SCF Iteration 220: Energy = 3.9614960580237319 dE =  3.34285E-02
SCF Iteration 221: Energy = 3.9280675126079188 dE = -3.34285E-02
SCF Iteration 222: Energy = 3.9614960580160696 dE =  3.34285E-02
SCF Iteration 223: Energy = 3.9280675126006837 dE = -3.34285E-02
SCF Iteration 224: Energy = 3.9614960580098177 dE =  3.34285E-02
SCF Iteration 225: Energy = 3.9280675125947839 dE = -3.34285E-02
SCF Iteration 226: Energy = 3.9614960580047214 dE =  3.34285E-02
SCF Iteration 227: Energy = 3.9280675125899669 dE = -3.34285E-02
SCF Iteration 228: Energy = 3.9614960580005558 dE =  3.34285E-02
SCF Iteration 229: Energy = 3.9280675125860478 dE = -3.34285E-02
SCF Iteration 230: Energy = 3.9614960579971576 dE =  3.34285E-02
SCF Iteration 231: Energy = 3.9280675125828441 dE = -3.34285E-02
SCF Iteration 232: Energy = 3.9614960579943936 dE =  3.34285E-02
SCF Iteration 233: Energy = 3.9280675125802333 dE = -3.34285E-02
SCF Iteration 234: Energy = 3.9614960579921377 dE =  3.34285E-02
SCF Iteration 235: Energy = 3.9280675125781066 dE = -3.34285E-02
SCF Iteration 236: Energy = 3.9614960579903000 dE =  3.34285E-02
SCF Iteration 237: Energy = 3.9280675125763693 dE = -3.34285E-02
SCF Iteration 238: Energy = 3.9614960579887919 dE =  3.34285E-02
SCF Iteration 239: Energy = 3.9280675125749420 dE = -3.34285E-02
SCF Iteration 240: Energy = 3.9614960579875649 dE =  3.34285E-02
SCF Iteration 241: Energy = 3.9280675125737892 dE = -3.34285E-02
SCF Iteration 242: Energy = 3.9614960579865675 dE =  3.34285E-02
SCF Iteration 243: Energy = 3.9280675125728521 dE = -3.34285E-02
SCF Iteration 244: Energy = 3.9614960579857592 dE =  3.34285E-02
SCF Iteration 245: Energy = 3.9280675125720821 dE = -3.34285E-02
SCF Iteration 246: Energy = 3.9614960579850949 dE =  3.34285E-02
SCF Iteration 247: Energy = 3.9280675125714586 dE = -3.34285E-02
SCF Iteration 248: Energy = 3.9614960579845451 dE =  3.34285E-02
SCF Iteration 249: Energy = 3.9280675125709452 dE = -3.34285E-02
SCF Iteration 250: Energy = 3.9614960579841072 dE =  3.34285E-02
SCF Iteration 251: Energy = 3.9280675125705269 dE = -3.34285E-02
SCF Iteration 252: Energy = 3.9614960579837475 dE =  3.34285E-02
SCF Iteration 253: Energy = 3.9280675125701849 dE = -3.34285E-02
SCF Iteration 254: Energy = 3.9614960579834486 dE =  3.34285E-02
SCF Iteration 255: Energy = 3.9280675125699092 dE = -3.34285E-02
SCF Iteration 256: Energy = 3.9614960579832101 dE =  3.34285E-02
SCF Iteration 257: Energy = 3.9280675125696800 dE = -3.34285E-02
SCF Iteration 258: Energy = 3.9614960579830152 dE =  3.34285E-02
SCF Iteration 259: Energy = 3.9280675125694913 dE = -3.34285E-02
SCF Iteration 260: Energy = 3.9614960579828447 dE =  3.34285E-02
SCF Iteration 261: Energy = 3.9280675125693394 dE = -3.34285E-02
SCF Iteration 262: Energy = 3.9614960579827141 dE =  3.34285E-02
SCF Iteration 263: Energy = 3.9280675125692088 dE = -3.34285E-02
SCF Iteration 264: Energy = 3.9614960579826182 dE =  3.34285E-02
SCF Iteration 265: Energy = 3.9280675125691120 dE = -3.34285E-02
SCF Iteration 266: Energy = 3.9614960579825231 dE =  3.34285E-02
SCF Iteration 267: Energy = 3.9280675125690241 dE = -3.34285E-02
SCF Iteration 268: Energy = 3.9614960579824476 dE =  3.34285E-02
SCF Iteration 269: Energy = 3.9280675125689619 dE = -3.34285E-02
SCF Iteration 270: Energy = 3.9614960579823970 dE =  3.34285E-02
SCF Iteration 271: Energy = 3.9280675125689104 dE = -3.34285E-02
SCF Iteration 272: Energy = 3.9614960579823473 dE =  3.34285E-02
SCF Iteration 273: Energy = 3.9280675125688673 dE = -3.34285E-02
SCF Iteration 274: Energy = 3.9614960579823020 dE =  3.34285E-02
SCF Iteration 275: Energy = 3.9280675125688251 dE = -3.34285E-02
SCF Iteration 276: Energy = 3.9614960579822802 dE =  3.34285E-02
SCF Iteration 277: Energy = 3.9280675125688003 dE = -3.34285E-02
SCF Iteration 278: Energy = 3.9614960579822522 dE =  3.34285E-02
SCF Iteration 279: Energy = 3.9280675125687701 dE = -3.34285E-02
SCF Iteration 280: Energy = 3.9614960579822327 dE =  3.34285E-02
SCF Iteration 281: Energy = 3.9280675125687532 dE = -3.34285E-02
SCF Iteration 282: Energy = 3.9614960579822123 dE =  3.34285E-02
SCF Iteration 283: Energy = 3.9280675125687354 dE = -3.34285E-02
SCF Iteration 284: Energy = 3.9614960579822061 dE =  3.34285E-02
SCF Iteration 285: Energy = 3.9280675125687265 dE = -3.34285E-02
SCF Iteration 286: Energy = 3.9614960579821910 dE =  3.34285E-02
SCF Iteration 287: Energy = 3.9280675125687177 dE = -3.34285E-02
SCF Iteration 288: Energy = 3.9614960579821861 dE =  3.34285E-02
SCF Iteration 289: Energy = 3.9280675125687079 dE = -3.34285E-02
SCF Iteration 290: Energy = 3.9614960579821723 dE =  3.34285E-02
SCF Iteration 291: Energy = 3.9280675125687048 dE = -3.34285E-02
SCF Iteration 292: Energy = 3.9614960579821688 dE =  3.34285E-02
SCF Iteration 293: Energy = 3.9280675125686972 dE = -3.34285E-02
SCF Iteration 294: Energy = 3.9614960579821576 dE =  3.34285E-02
SCF Iteration 295: Energy = 3.9280675125686897 dE = -3.34285E-02
SCF Iteration 296: Energy = 3.9614960579821581 dE =  3.34285E-02
SCF Iteration 297: Energy = 3.9280675125686852 dE = -3.34285E-02
SCF Iteration 298: Energy = 3.9614960579821501 dE =  3.34285E-02
SCF Iteration 299: Energy = 3.9280675125686910 dE = -3.34285E-02
SCF Iteration 300: Energy = 3.9614960579821554 dE =  3.34285E-02
SCF Iteration 301: Energy = 3.9280675125686804 dE = -3.34285E-02
SCF Iteration 302: Energy = 3.9614960579821572 dE =  3.34285E-02
SCF Iteration 303: Energy = 3.9280675125686804 dE = -3.34285E-02
SCF Iteration 304: Energy = 3.9614960579821550 dE =  3.34285E-02
SCF Iteration 305: Energy = 3.9280675125686826 dE = -3.34285E-02
SCF Iteration 306: Energy = 3.9614960579821537 dE =  3.34285E-02
SCF Iteration 307: Energy = 3.9280675125686768 dE = -3.34285E-02
SCF Iteration 308: Energy = 3.9614960579821483 dE =  3.34285E-02
SCF Iteration 309: Energy = 3.9280675125686764 dE = -3.34285E-02
SCF Iteration 310: Energy = 3.9614960579821537 dE =  3.34285E-02
SCF Iteration 311: Energy = 3.9280675125686804 dE = -3.34285E-02
SCF Iteration 312: Energy = 3.9614960579821505 dE =  3.34285E-02
SCF Iteration 313: Energy = 3.9280675125686799 dE = -3.34285E-02
SCF Iteration 314: Energy = 3.9614960579821563 dE =  3.34285E-02
SCF Iteration 315: Energy = 3.9280675125686830 dE = -3.34285E-02
SCF Iteration 316: Energy = 3.9614960579821492 dE =  3.34285E-02
SCF Iteration 317: Energy = 3.9280675125686786 dE = -3.34285E-02
SCF Iteration 318: Energy = 3.9614960579821483 dE =  3.34285E-02
SCF Iteration 319: Energy = 3.9280675125686777 dE = -3.34285E-02
SCF Iteration 320: Energy = 3.9614960579821408 dE =  3.34285E-02
SCF Iteration 321: Energy = 3.9280675125686750 dE = -3.34285E-02
SCF Iteration 322: Energy = 3.9614960579821470 dE =  3.34285E-02
SCF Iteration 323: Energy = 3.9280675125686737 dE = -3.34285E-02
SCF Iteration 324: Energy = 3.9614960579821412 dE =  3.34285E-02
SCF Iteration 325: Energy = 3.9280675125686715 dE = -3.34285E-02
SCF Iteration 326: Energy = 3.9614960579821448 dE =  3.34285E-02
SCF Iteration 327: Energy = 3.9280675125686741 dE = -3.34285E-02
SCF Iteration 328: Energy = 3.9614960579821457 dE =  3.34285E-02
SCF Iteration 329: Energy = 3.9280675125686715 dE = -3.34285E-02
SCF Iteration 330: Energy = 3.9614960579821479 dE =  3.34285E-02
SCF Iteration 331: Energy = 3.9280675125686688 dE = -3.34285E-02
SCF Iteration 332: Energy = 3.9614960579821470 dE =  3.34285E-02
SCF Iteration 333: Energy = 3.9280675125686750 dE = -3.34285E-02
SCF Iteration 334: Energy = 3.9614960579821448 dE =  3.34285E-02
SCF Iteration 335: Energy = 3.9280675125686750 dE = -3.34285E-02
SCF Iteration 336: Energy = 3.9614960579821501 dE =  3.34285E-02
SCF Iteration 337: Energy = 3.9280675125686759 dE = -3.34285E-02
SCF Iteration 338: Energy = 3.9614960579821403 dE =  3.34285E-02
SCF Iteration 339: Energy = 3.9280675125686715 dE = -3.34285E-02
SCF Iteration 340: Energy = 3.9614960579821528 dE =  3.34285E-02
SCF Iteration 341: Energy = 3.9280675125686764 dE = -3.34285E-02
SCF Iteration 342: Energy = 3.9614960579821465 dE =  3.34285E-02
SCF Iteration 343: Energy = 3.9280675125686733 dE = -3.34285E-02
SCF Iteration 344: Energy = 3.9614960579821474 dE =  3.34285E-02
SCF Iteration 345: Energy = 3.9280675125686750 dE = -3.34285E-02
SCF Iteration 346: Energy = 3.9614960579821483 dE =  3.34285E-02
SCF Iteration 347: Energy = 3.9280675125686733 dE = -3.34285E-02
SCF Iteration 348: Energy = 3.9614960579821554 dE =  3.34285E-02
SCF Iteration 349: Energy = 3.9280675125686746 dE = -3.34285E-02
SCF Iteration 350: Energy = 3.9614960579821465 dE =  3.34285E-02
SCF Iteration 351: Energy = 3.9280675125686724 dE = -3.34285E-02
SCF Iteration 352: Energy = 3.9614960579821501 dE =  3.34285E-02
SCF Iteration 353: Energy = 3.9280675125686724 dE = -3.34285E-02
SCF Iteration 354: Energy = 3.9614960579821439 dE =  3.34285E-02
SCF Iteration 355: Energy = 3.9280675125686719 dE = -3.34285E-02
SCF Iteration 356: Energy = 3.9614960579821492 dE =  3.34285E-02
SCF Iteration 357: Energy = 3.9280675125686817 dE = -3.34285E-02
SCF Iteration 358: Energy = 3.9614960579821474 dE =  3.34285E-02
SCF Iteration 359: Energy = 3.9280675125686697 dE = -3.34285E-02
SCF Iteration 360: Energy = 3.9614960579821488 dE =  3.34285E-02
SCF Iteration 361: Energy = 3.9280675125686768 dE = -3.34285E-02
SCF Iteration 362: Energy = 3.9614960579821399 dE =  3.34285E-02
SCF Iteration 363: Energy = 3.9280675125686710 dE = -3.34285E-02
SCF Iteration 364: Energy = 3.9614960579821457 dE =  3.34285E-02
SCF Iteration 365: Energy = 3.9280675125686728 dE = -3.34285E-02
SCF Iteration 366: Energy = 3.9614960579821346 dE =  3.34285E-02
SCF Iteration 367: Energy = 3.9280675125686839 dE = -3.34285E-02
SCF Iteration 368: Energy = 3.9614960579821465 dE =  3.34285E-02
SCF Iteration 369: Energy = 3.9280675125686777 dE = -3.34285E-02
SCF Iteration 370: Energy = 3.9614960579821541 dE =  3.34285E-02
SCF Iteration 371: Energy = 3.9280675125686804 dE = -3.34285E-02
SCF Iteration 372: Energy = 3.9614960579821465 dE =  3.34285E-02
SCF Iteration 373: Energy = 3.9280675125686781 dE = -3.34285E-02
SCF Iteration 374: Energy = 3.9614960579821408 dE =  3.34285E-02
SCF Iteration 375: Energy = 3.9280675125686795 dE = -3.34285E-02
SCF Iteration 376: Energy = 3.9614960579821403 dE =  3.34285E-02
SCF Iteration 377: Energy = 3.9280675125686804 dE = -3.34285E-02
SCF Iteration 378: Energy = 3.9614960579821461 dE =  3.34285E-02
SCF Iteration 379: Energy = 3.9280675125686697 dE = -3.34285E-02
SCF Iteration 380: Energy = 3.9614960579821443 dE =  3.34285E-02
SCF Iteration 381: Energy = 3.9280675125686795 dE = -3.34285E-02
SCF Iteration 382: Energy = 3.9614960579821537 dE =  3.34285E-02
SCF Iteration 383: Energy = 3.9280675125686733 dE = -3.34285E-02
SCF Iteration 384: Energy = 3.9614960579821412 dE =  3.34285E-02
SCF Iteration 385: Energy = 3.9280675125686830 dE = -3.34285E-02
SCF Iteration 386: Energy = 3.9614960579821439 dE =  3.34285E-02
SCF Iteration 387: Energy = 3.9280675125686777 dE = -3.34285E-02
SCF Iteration 388: Energy = 3.9614960579821497 dE =  3.34285E-02
SCF Iteration 389: Energy = 3.9280675125686786 dE = -3.34285E-02
SCF Iteration 390: Energy = 3.9614960579821457 dE =  3.34285E-02
SCF Iteration 391: Energy = 3.9280675125686759 dE = -3.34285E-02
SCF Iteration 392: Energy = 3.9614960579821501 dE =  3.34285E-02
SCF Iteration 393: Energy = 3.9280675125686750 dE = -3.34285E-02
SCF Iteration 394: Energy = 3.9614960579821572 dE =  3.34285E-02
SCF Iteration 395: Energy = 3.9280675125686746 dE = -3.34285E-02
SCF Iteration 396: Energy = 3.9614960579821519 dE =  3.34285E-02
SCF Iteration 397: Energy = 3.9280675125686799 dE = -3.34285E-02
SCF Iteration 398: Energy = 3.9614960579821576 dE =  3.34285E-02
SCF Iteration 399: Energy = 3.9280675125686786 dE = -3.34285E-02
SCF Iteration 400: Energy = 3.9614960579821537 dE =  3.34285E-02
SCF Iteration 401: Energy = 3.9280675125686773 dE = -3.34285E-02
SCF Iteration 402: Energy = 3.9614960579821452 dE =  3.34285E-02
SCF Iteration 403: Energy = 3.9280675125686777 dE = -3.34285E-02
SCF Iteration 404: Energy = 3.9614960579821492 dE =  3.34285E-02
SCF Iteration 405: Energy = 3.9280675125686750 dE = -3.34285E-02
SCF Iteration 406: Energy = 3.9614960579821425 dE =  3.34285E-02
SCF Iteration 407: Energy = 3.9280675125686795 dE = -3.34285E-02
SCF Iteration 408: Energy = 3.9614960579821386 dE =  3.34285E-02
SCF Iteration 409: Energy = 3.9280675125686724 dE = -3.34285E-02
SCF Iteration 410: Energy = 3.9614960579821430 dE =  3.34285E-02
SCF Iteration 411: Energy = 3.9280675125686719 dE = -3.34285E-02
SCF Iteration 412: Energy = 3.9614960579821434 dE =  3.34285E-02
SCF Iteration 413: Energy = 3.9280675125686795 dE = -3.34285E-02
SCF Iteration 414: Energy = 3.9614960579821488 dE =  3.34285E-02
SCF Iteration 415: Energy = 3.9280675125686755 dE = -3.34285E-02
SCF Iteration 416: Energy = 3.9614960579821532 dE =  3.34285E-02
SCF Iteration 417: Energy = 3.9280675125686781 dE = -3.34285E-02
SCF Iteration 418: Energy = 3.9614960579821537 dE =  3.34285E-02
SCF Iteration 419: Energy = 3.9280675125686804 dE = -3.34285E-02
SCF Iteration 420: Energy = 3.9614960579821461 dE =  3.34285E-02
SCF Iteration 421: Energy = 3.9280675125686764 dE = -3.34285E-02
SCF Iteration 422: Energy = 3.9614960579821505 dE =  3.34285E-02
SCF Iteration 423: Energy = 3.9280675125686715 dE = -3.34285E-02
SCF Iteration 424: Energy = 3.9614960579821430 dE =  3.34285E-02
SCF Iteration 425: Energy = 3.9280675125686688 dE = -3.34285E-02
SCF Iteration 426: Energy = 3.9614960579821465 dE =  3.34285E-02
SCF Iteration 427: Energy = 3.9280675125686715 dE = -3.34285E-02
SCF Iteration 428: Energy = 3.9614960579821377 dE =  3.34285E-02
SCF Iteration 429: Energy = 3.9280675125686804 dE = -3.34285E-02
SCF Iteration 430: Energy = 3.9614960579821510 dE =  3.34285E-02
SCF Iteration 431: Energy = 3.9280675125686795 dE = -3.34285E-02
SCF Iteration 432: Energy = 3.9614960579821465 dE =  3.34285E-02
SCF Iteration 433: Energy = 3.9280675125686755 dE = -3.34285E-02
SCF Iteration 434: Energy = 3.9614960579821457 dE =  3.34285E-02
SCF Iteration 435: Energy = 3.9280675125686764 dE = -3.34285E-02
SCF Iteration 436: Energy = 3.9614960579821505 dE =  3.34285E-02
SCF Iteration 437: Energy = 3.9280675125686768 dE = -3.34285E-02
SCF Iteration 438: Energy = 3.9614960579821528 dE =  3.34285E-02
SCF Iteration 439: Energy = 3.9280675125686777 dE = -3.34285E-02
SCF Iteration 440: Energy = 3.9614960579821519 dE =  3.34285E-02
SCF Iteration 441: Energy = 3.9280675125686777 dE = -3.34285E-02
SCF Iteration 442: Energy = 3.9614960579821554 dE =  3.34285E-02
SCF Iteration 443: Energy = 3.9280675125686764 dE = -3.34285E-02
SCF Iteration 444: Energy = 3.9614960579821545 dE =  3.34285E-02
SCF Iteration 445: Energy = 3.9280675125686768 dE = -3.34285E-02
SCF Iteration 446: Energy = 3.9614960579821563 dE =  3.34285E-02
SCF Iteration 447: Energy = 3.9280675125686813 dE = -3.34285E-02
SCF Iteration 448: Energy = 3.9614960579821545 dE =  3.34285E-02
SCF Iteration 449: Energy = 3.9280675125686795 dE = -3.34285E-02
SCF Iteration 450: Energy = 3.9614960579821563 dE =  3.34285E-02
SCF Iteration 451: Energy = 3.9280675125686786 dE = -3.34285E-02
SCF Iteration 452: Energy = 3.9614960579821501 dE =  3.34285E-02
SCF Iteration 453: Energy = 3.9280675125686830 dE = -3.34285E-02
SCF Iteration 454: Energy = 3.9614960579821461 dE =  3.34285E-02
SCF Iteration 455: Energy = 3.9280675125686781 dE = -3.34285E-02
SCF Iteration 456: Energy = 3.9614960579821479 dE =  3.34285E-02
SCF Iteration 457: Energy = 3.9280675125686795 dE = -3.34285E-02
SCF Iteration 458: Energy = 3.9614960579821519 dE =  3.34285E-02
SCF Iteration 459: Energy = 3.9280675125686741 dE = -3.34285E-02
SCF Iteration 460: Energy = 3.9614960579821541 dE =  3.34285E-02
SCF Iteration 461: Energy = 3.9280675125686795 dE = -3.34285E-02
SCF Iteration 462: Energy = 3.9614960579821514 dE =  3.34285E-02
SCF Iteration 463: Energy = 3.9280675125686777 dE = -3.34285E-02
SCF Iteration 464: Energy = 3.9614960579821572 dE =  3.34285E-02
SCF Iteration 465: Energy = 3.9280675125686777 dE = -3.34285E-02
SCF Iteration 466: Energy = 3.9614960579821488 dE =  3.34285E-02
SCF Iteration 467: Energy = 3.9280675125686777 dE = -3.34285E-02
SCF Iteration 468: Energy = 3.9614960579821483 dE =  3.34285E-02
SCF Iteration 469: Energy = 3.9280675125686741 dE = -3.34285E-02
SCF Iteration 470: Energy = 3.9614960579821519 dE =  3.34285E-02
SCF Iteration 471: Energy = 3.9280675125686759 dE = -3.34285E-02
SCF Iteration 472: Energy = 3.9614960579821537 dE =  3.34285E-02
SCF Iteration 473: Energy = 3.9280675125686781 dE = -3.34285E-02
SCF Iteration 474: Energy = 3.9614960579821483 dE =  3.34285E-02
SCF Iteration 475: Energy = 3.9280675125686724 dE = -3.34285E-02
SCF Iteration 476: Energy = 3.9614960579821417 dE =  3.34285E-02
SCF Iteration 477: Energy = 3.9280675125686764 dE = -3.34285E-02
SCF Iteration 478: Energy = 3.9614960579821488 dE =  3.34285E-02
SCF Iteration 479: Energy = 3.9280675125686701 dE = -3.34285E-02
SCF Iteration 480: Energy = 3.9614960579821510 dE =  3.34285E-02
SCF Iteration 481: Energy = 3.9280675125686733 dE = -3.34285E-02
SCF Iteration 482: Energy = 3.9614960579821443 dE =  3.34285E-02
SCF Iteration 483: Energy = 3.9280675125686768 dE = -3.34285E-02
SCF Iteration 484: Energy = 3.9614960579821474 dE =  3.34285E-02
SCF Iteration 485: Energy = 3.9280675125686741 dE = -3.34285E-02
SCF Iteration 486: Energy = 3.9614960579821501 dE =  3.34285E-02
SCF Iteration 487: Energy = 3.9280675125686759 dE = -3.34285E-02
SCF Iteration 488: Energy = 3.9614960579821479 dE =  3.34285E-02
SCF Iteration 489: Energy = 3.9280675125686741 dE = -3.34285E-02
SCF Iteration 490: Energy = 3.9614960579821483 dE =  3.34285E-02
SCF Iteration 491: Energy = 3.9280675125686724 dE = -3.34285E-02
SCF Iteration 492: Energy = 3.9614960579821386 dE =  3.34285E-02
SCF Iteration 493: Energy = 3.9280675125686750 dE = -3.34285E-02
SCF Iteration 494: Energy = 3.9614960579821386 dE =  3.34285E-02
SCF Iteration 495: Energy = 3.9280675125686719 dE = -3.34285E-02
SCF Iteration 496: Energy = 3.9614960579821430 dE =  3.34285E-02
SCF Iteration 497: Energy = 3.9280675125686706 dE = -3.34285E-02
SCF Iteration 498: Energy = 3.9614960579821412 dE =  3.34285E-02
SCF Iteration 499: Energy = 3.9280675125686741 dE = -3.34285E-02
SCF Iteration 500: Energy = 3.9614960579821430 dE =  3.34285E-02
