
  Memory set to  55.879 GiB by Python driver.
  Threads set to 1 by Python driver.
Settings:
	LOT = CCSD-S2-U22
	wc = 20.0 eV
	lambda = [0.727454 0.       0.      ] a.u.
	Equivalent A0 = LAMBDA / sqrt(2 wc) = [0.6 0.  0. ])
doing QED-CCSD-Full (or QED-CCSD-22)
Number of occupied orbitals:   1
Number of basis functions:  60
SCF Iteration   1: Energy = -0.6792665980192842 dE = -6.79267E-01
SCF Iteration   2: Energy = -0.7837900125957442 dE = -1.04523E-01
SCF Iteration   3: Energy = -0.7855292955757369 dE = -1.73928E-03
SCF Iteration   4: Energy = -0.7855684768544824 dE = -3.91813E-05
SCF Iteration   5: Energy = -0.7855694565519629 dE = -9.79697E-07
SCF Iteration   6: Energy = -0.7855694828309669 dE = -2.62790E-08
SCF Iteration   7: Energy = -0.7855694835848295 dE = -7.53863E-10
SCF Iteration   8: Energy = -0.7855694836080127 dE = -2.31832E-11

SCF converged.
E_QED_HF          = -0.785569483608013
HF  (psi4)        = -1.084788994813081
Starting with the CCSD calculation:

Iter  Energy(CCSD)      E_diff    time(sec)
  1:  -0.1523390931  1.52339E-01   19.068
  2:  -0.1675494085  1.52103E-02   19.052
  3:  -0.1739397602  6.39035E-03   19.057
  4:  -0.1771371677  3.19741E-03   19.051
  5:  -0.1779432569  8.06089E-04   19.059
  6:  -0.1781029218  1.59665E-04   19.050
  7:  -0.1781434713  4.05495E-05   19.049
  8:  -0.1781548234  1.13521E-05   19.038
  9:  -0.1781541808  6.42562E-07   19.036
 10:  -0.1781541823  1.48891E-09   19.038
E_QED_CCSD  (Corr.)  = -0.178154182306351
E_QED_CCSD tot       = -0.963723665914364
E_CCSD_psi4 (Corr.)  = -0.038779840833551
E_CCSD_psi4 tot      = -1.123568835646633
