
  Memory set to  55.879 GiB by Python driver.
  Threads set to 1 by Python driver.
Settings:
	LOT = CCSD-S1-U21
	wc = 20.0 eV
	lambda = [0.363727 0.       0.      ] a.u.
	Equivalent A0 = LAMBDA / sqrt(2 wc) = [0.3 0.  0. ])
doing QED-CCSD-1 (or QED-CCSD-21)
Number of occupied orbitals:   1
Number of basis functions:  60
SCF Iteration   1: Energy = -0.1465846122127094 dE = -1.46585E-01
SCF Iteration   2: Energy = 0.1529904387222538 dE =  2.99575E-01
SCF Iteration   3: Energy = -0.0392100891869640 dE = -1.92201E-01
SCF Iteration   4: Energy = 0.1707880913944168 dE =  2.09998E-01
SCF Iteration   5: Energy = -0.0181740668360079 dE = -1.88962E-01
SCF Iteration   6: Energy = 0.1757252897990934 dE =  1.93899E-01
SCF Iteration   7: Energy = -0.0126765942435970 dE = -1.88402E-01
SCF Iteration   8: Energy = 0.1770690287319484 dE =  1.89746E-01
SCF Iteration   9: Energy = -0.0111760475685956 dE = -1.88245E-01
SCF Iteration  10: Energy = 0.1774131839933609 dE =  1.88589E-01
SCF Iteration  11: Energy = -0.0107753197817246 dE = -1.88189E-01
SCF Iteration  12: Energy = 0.1774927467789523 dE =  1.88268E-01
SCF Iteration  13: Energy = -0.0106733875872140 dE = -1.88166E-01
SCF Iteration  14: Energy = 0.1775073028803533 dE =  1.88181E-01
SCF Iteration  15: Energy = -0.0106497584745979 dE = -1.88157E-01
SCF Iteration  16: Energy = 0.1775079924766738 dE =  1.88158E-01
SCF Iteration  17: Energy = -0.0106453612406552 dE = -1.88153E-01
SCF Iteration  18: Energy = 0.1775067337940514 dE =  1.88152E-01
SCF Iteration  19: Energy = -0.0106451004194361 dE = -1.88152E-01
SCF Iteration  20: Energy = 0.1775057670987354 dE =  1.88151E-01
SCF Iteration  21: Energy = -0.0106454434205155 dE = -1.88151E-01
SCF Iteration  22: Energy = 0.1775052387223158 dE =  1.88151E-01
SCF Iteration  23: Energy = -0.0106457155467961 dE = -1.88151E-01
SCF Iteration  24: Energy = 0.1775049832793896 dE =  1.88151E-01
SCF Iteration  25: Energy = -0.0106458656372607 dE = -1.88151E-01
SCF Iteration  26: Energy = 0.1775048670889607 dE =  1.88151E-01
SCF Iteration  27: Energy = -0.0106459384939094 dE = -1.88151E-01
SCF Iteration  28: Energy = 0.1775048160464079 dE =  1.88151E-01
SCF Iteration  29: Energy = -0.0106459717065162 dE = -1.88151E-01
SCF Iteration  30: Energy = 0.1775047940989201 dE =  1.88151E-01
SCF Iteration  31: Energy = -0.0106459863160735 dE = -1.88151E-01
SCF Iteration  32: Energy = 0.1775047847913843 dE =  1.88151E-01
SCF Iteration  33: Energy = -0.0106459926031909 dE = -1.88151E-01
SCF Iteration  34: Energy = 0.1775047808802723 dE =  1.88151E-01
SCF Iteration  35: Energy = -0.0106459952709005 dE = -1.88151E-01
SCF Iteration  36: Energy = 0.1775047792469606 dE =  1.88151E-01
SCF Iteration  37: Energy = -0.0106459963923086 dE = -1.88151E-01
SCF Iteration  38: Energy = 0.1775047785677713 dE =  1.88151E-01
SCF Iteration  39: Energy = -0.0106459968607343 dE = -1.88151E-01
SCF Iteration  40: Energy = 0.1775047782861711 dE =  1.88151E-01
SCF Iteration  41: Energy = -0.0106459970555561 dE = -1.88151E-01
SCF Iteration  42: Energy = 0.1775047781696556 dE =  1.88151E-01
SCF Iteration  43: Energy = -0.0106459971363407 dE = -1.88151E-01
SCF Iteration  44: Energy = 0.1775047781215134 dE =  1.88151E-01
SCF Iteration  45: Energy = -0.0106459971697703 dE = -1.88151E-01
SCF Iteration  46: Energy = 0.1775047781016413 dE =  1.88151E-01
SCF Iteration  47: Energy = -0.0106459971835844 dE = -1.88151E-01
SCF Iteration  48: Energy = 0.1775047780934462 dE =  1.88151E-01
SCF Iteration  49: Energy = -0.0106459971892859 dE = -1.88151E-01
SCF Iteration  50: Energy = 0.1775047780900677 dE =  1.88151E-01
SCF Iteration  51: Energy = -0.0106459971916366 dE = -1.88151E-01
SCF Iteration  52: Energy = 0.1775047780886756 dE =  1.88151E-01
SCF Iteration  53: Energy = -0.0106459971926057 dE = -1.88151E-01
SCF Iteration  54: Energy = 0.1775047780881008 dE =  1.88151E-01
SCF Iteration  55: Energy = -0.0106459971930065 dE = -1.88151E-01
SCF Iteration  56: Energy = 0.1775047780878642 dE =  1.88151E-01
SCF Iteration  57: Energy = -0.0106459971931710 dE = -1.88151E-01
SCF Iteration  58: Energy = 0.1775047780877672 dE =  1.88151E-01
SCF Iteration  59: Energy = -0.0106459971932381 dE = -1.88151E-01
SCF Iteration  60: Energy = 0.1775047780877279 dE =  1.88151E-01
SCF Iteration  61: Energy = -0.0106459971932659 dE = -1.88151E-01
SCF Iteration  62: Energy = 0.1775047780877095 dE =  1.88151E-01
SCF Iteration  63: Energy = -0.0106459971932781 dE = -1.88151E-01
SCF Iteration  64: Energy = 0.1775047780877027 dE =  1.88151E-01
SCF Iteration  65: Energy = -0.0106459971932830 dE = -1.88151E-01
SCF Iteration  66: Energy = 0.1775047780876999 dE =  1.88151E-01
SCF Iteration  67: Energy = -0.0106459971932852 dE = -1.88151E-01
SCF Iteration  68: Energy = 0.1775047780876990 dE =  1.88151E-01
SCF Iteration  69: Energy = -0.0106459971932849 dE = -1.88151E-01
SCF Iteration  70: Energy = 0.1775047780876992 dE =  1.88151E-01
SCF Iteration  71: Energy = -0.0106459971932848 dE = -1.88151E-01
SCF Iteration  72: Energy = 0.1775047780877000 dE =  1.88151E-01
SCF Iteration  73: Energy = -0.0106459971932848 dE = -1.88151E-01
SCF Iteration  74: Energy = 0.1775047780876997 dE =  1.88151E-01
SCF Iteration  75: Energy = -0.0106459971932856 dE = -1.88151E-01
SCF Iteration  76: Energy = 0.1775047780876982 dE =  1.88151E-01
SCF Iteration  77: Energy = -0.0106459971932867 dE = -1.88151E-01
SCF Iteration  78: Energy = 0.1775047780876987 dE =  1.88151E-01
SCF Iteration  79: Energy = -0.0106459971932852 dE = -1.88151E-01
SCF Iteration  80: Energy = 0.1775047780876996 dE =  1.88151E-01
SCF Iteration  81: Energy = -0.0106459971932840 dE = -1.88151E-01
SCF Iteration  82: Energy = 0.1775047780876999 dE =  1.88151E-01
SCF Iteration  83: Energy = -0.0106459971932858 dE = -1.88151E-01
SCF Iteration  84: Energy = 0.1775047780876998 dE =  1.88151E-01
SCF Iteration  85: Energy = -0.0106459971932853 dE = -1.88151E-01
SCF Iteration  86: Energy = 0.1775047780876986 dE =  1.88151E-01
SCF Iteration  87: Energy = -0.0106459971932861 dE = -1.88151E-01
SCF Iteration  88: Energy = 0.1775047780876990 dE =  1.88151E-01
SCF Iteration  89: Energy = -0.0106459971932852 dE = -1.88151E-01
SCF Iteration  90: Energy = 0.1775047780876989 dE =  1.88151E-01
SCF Iteration  91: Energy = -0.0106459971932854 dE = -1.88151E-01
SCF Iteration  92: Energy = 0.1775047780876982 dE =  1.88151E-01
SCF Iteration  93: Energy = -0.0106459971932860 dE = -1.88151E-01
SCF Iteration  94: Energy = 0.1775047780876980 dE =  1.88151E-01
SCF Iteration  95: Energy = -0.0106459971932863 dE = -1.88151E-01
SCF Iteration  96: Energy = 0.1775047780876979 dE =  1.88151E-01
SCF Iteration  97: Energy = -0.0106459971932866 dE = -1.88151E-01
SCF Iteration  98: Energy = 0.1775047780876984 dE =  1.88151E-01
SCF Iteration  99: Energy = -0.0106459971932864 dE = -1.88151E-01
SCF Iteration 100: Energy = 0.1775047780876986 dE =  1.88151E-01
SCF Iteration 101: Energy = -0.0106459971932852 dE = -1.88151E-01
SCF Iteration 102: Energy = 0.1775047780876992 dE =  1.88151E-01
SCF Iteration 103: Energy = -0.0106459971932849 dE = -1.88151E-01
SCF Iteration 104: Energy = 0.1775047780876982 dE =  1.88151E-01
SCF Iteration 105: Energy = -0.0106459971932854 dE = -1.88151E-01
SCF Iteration 106: Energy = 0.1775047780876985 dE =  1.88151E-01
SCF Iteration 107: Energy = -0.0106459971932865 dE = -1.88151E-01
SCF Iteration 108: Energy = 0.1775047780876968 dE =  1.88151E-01
SCF Iteration 109: Energy = -0.0106459971932874 dE = -1.88151E-01
SCF Iteration 110: Energy = 0.1775047780876959 dE =  1.88151E-01
SCF Iteration 111: Energy = -0.0106459971932876 dE = -1.88151E-01
SCF Iteration 112: Energy = 0.1775047780876952 dE =  1.88151E-01
SCF Iteration 113: Energy = -0.0106459971932893 dE = -1.88151E-01
SCF Iteration 114: Energy = 0.1775047780876921 dE =  1.88151E-01
SCF Iteration 115: Energy = -0.0106459971932917 dE = -1.88151E-01
SCF Iteration 116: Energy = 0.1775047780876888 dE =  1.88151E-01
SCF Iteration 117: Energy = -0.0106459971932945 dE = -1.88151E-01
SCF Iteration 118: Energy = 0.1775047780876816 dE =  1.88151E-01
SCF Iteration 119: Energy = -0.0106459971932995 dE = -1.88151E-01
SCF Iteration 120: Energy = 0.1775047780876688 dE =  1.88151E-01
SCF Iteration 121: Energy = -0.0106459971933101 dE = -1.88151E-01
SCF Iteration 122: Energy = 0.1775047780876473 dE =  1.88151E-01
SCF Iteration 123: Energy = -0.0106459971933266 dE = -1.88151E-01
SCF Iteration 124: Energy = 0.1775047780876116 dE =  1.88151E-01
SCF Iteration 125: Energy = -0.0106459971933554 dE = -1.88151E-01
SCF Iteration 126: Energy = 0.1775047780875521 dE =  1.88151E-01
SCF Iteration 127: Energy = -0.0106459971934034 dE = -1.88151E-01
SCF Iteration 128: Energy = 0.1775047780874494 dE =  1.88151E-01
SCF Iteration 129: Energy = -0.0106459971934868 dE = -1.88151E-01
SCF Iteration 130: Energy = 0.1775047780872744 dE =  1.88151E-01
SCF Iteration 131: Energy = -0.0106459971936273 dE = -1.88151E-01
SCF Iteration 132: Energy = 0.1775047780869780 dE =  1.88151E-01
SCF Iteration 133: Energy = -0.0106459971938655 dE = -1.88151E-01
SCF Iteration 134: Energy = 0.1775047780864743 dE =  1.88151E-01
SCF Iteration 135: Energy = -0.0106459971942720 dE = -1.88151E-01
SCF Iteration 136: Energy = 0.1775047780856177 dE =  1.88151E-01
SCF Iteration 137: Energy = -0.0106459971949619 dE = -1.88151E-01
SCF Iteration 138: Energy = 0.1775047780841631 dE =  1.88151E-01
SCF Iteration 139: Energy = -0.0106459971961335 dE = -1.88151E-01
SCF Iteration 140: Energy = 0.1775047780816929 dE =  1.88151E-01
SCF Iteration 141: Energy = -0.0106459971981229 dE = -1.88151E-01
SCF Iteration 142: Energy = 0.1775047780774933 dE =  1.88151E-01
SCF Iteration 143: Energy = -0.0106459972015041 dE = -1.88151E-01
SCF Iteration 144: Energy = 0.1775047780703607 dE =  1.88151E-01
SCF Iteration 145: Energy = -0.0106459972072473 dE = -1.88151E-01
SCF Iteration 146: Energy = 0.1775047780582417 dE =  1.88151E-01
SCF Iteration 147: Energy = -0.0106459972170077 dE = -1.88151E-01
SCF Iteration 148: Energy = 0.1775047780376526 dE =  1.88151E-01
SCF Iteration 149: Energy = -0.0106459972335896 dE = -1.88151E-01
SCF Iteration 150: Energy = 0.1775047780026734 dE =  1.88151E-01
SCF Iteration 151: Energy = -0.0106459972617597 dE = -1.88151E-01
SCF Iteration 152: Energy = 0.1775047779432433 dE =  1.88151E-01
SCF Iteration 153: Energy = -0.0106459973096206 dE = -1.88151E-01
SCF Iteration 154: Energy = 0.1775047778422720 dE =  1.88151E-01
SCF Iteration 155: Energy = -0.0106459973909366 dE = -1.88151E-01
SCF Iteration 156: Energy = 0.1775047776707272 dE =  1.88151E-01
SCF Iteration 157: Energy = -0.0106459975290882 dE = -1.88151E-01
SCF Iteration 158: Energy = 0.1775047773792752 dE =  1.88151E-01
SCF Iteration 159: Energy = -0.0106459977638061 dE = -1.88151E-01
SCF Iteration 160: Energy = 0.1775047768841096 dE =  1.88151E-01
SCF Iteration 161: Energy = -0.0106459981625794 dE = -1.88151E-01
SCF Iteration 162: Energy = 0.1775047760428391 dE =  1.88151E-01
SCF Iteration 163: Energy = -0.0106459988400852 dE = -1.88151E-01
SCF Iteration 164: Energy = 0.1775047746135490 dE =  1.88151E-01
SCF Iteration 165: Energy = -0.0106459999911431 dE = -1.88151E-01
SCF Iteration 166: Energy = 0.1775047721852309 dE =  1.88151E-01
SCF Iteration 167: Energy = -0.0106460019467550 dE = -1.88151E-01
SCF Iteration 168: Energy = 0.1775047680595979 dE =  1.88151E-01
SCF Iteration 169: Energy = -0.0106460052692744 dE = -1.88151E-01
SCF Iteration 170: Energy = 0.1775047610502777 dE =  1.88151E-01
SCF Iteration 171: Energy = -0.0106460109141312 dE = -1.88151E-01
SCF Iteration 172: Energy = 0.1775047491416723 dE =  1.88151E-01
SCF Iteration 173: Energy = -0.0106460205045596 dE = -1.88151E-01
SCF Iteration 174: Energy = 0.1775047289093374 dE =  1.88151E-01
SCF Iteration 175: Energy = -0.0106460367983822 dE = -1.88151E-01
SCF Iteration 176: Energy = 0.1775046945352583 dE =  1.88151E-01
SCF Iteration 177: Energy = -0.0106460644810587 dE = -1.88151E-01
SCF Iteration 178: Energy = 0.1775046361348168 dE =  1.88151E-01
SCF Iteration 179: Energy = -0.0106461115130250 dE = -1.88151E-01
SCF Iteration 180: Energy = 0.1775045369143746 dE =  1.88151E-01
SCF Iteration 181: Energy = -0.0106461914187981 dE = -1.88151E-01
SCF Iteration 182: Energy = 0.1775043683421064 dE =  1.88151E-01
SCF Iteration 183: Energy = -0.0106463271760727 dE = -1.88151E-01
SCF Iteration 184: Energy = 0.1775040819434328 dE =  1.88150E-01
SCF Iteration 185: Energy = -0.0106465578231518 dE = -1.88151E-01
SCF Iteration 186: Energy = 0.1775035953617933 dE =  1.88150E-01
SCF Iteration 187: Energy = -0.0106469496846745 dE = -1.88151E-01
SCF Iteration 188: Energy = 0.1775027686766043 dE =  1.88150E-01
SCF Iteration 189: Energy = -0.0106476154435767 dE = -1.88150E-01
SCF Iteration 190: Energy = 0.1775013641688797 dE =  1.88149E-01
SCF Iteration 191: Energy = -0.0106487465431013 dE = -1.88150E-01
SCF Iteration 192: Energy = 0.1774989779662596 dE =  1.88148E-01
SCF Iteration 193: Energy = -0.0106506682350616 dE = -1.88150E-01
SCF Iteration 194: Energy = 0.1774949239156735 dE =  1.88146E-01
SCF Iteration 195: Energy = -0.0106539331000198 dE = -1.88149E-01
SCF Iteration 196: Energy = 0.1774880363027730 dE =  1.88142E-01
SCF Iteration 197: Energy = -0.0106594799205832 dE = -1.88148E-01
SCF Iteration 198: Energy = 0.1774763347248933 dE =  1.88136E-01
SCF Iteration 199: Energy = -0.0106689035602246 dE = -1.88145E-01
SCF Iteration 200: Energy = 0.1774564548545250 dE =  1.88125E-01
SCF Iteration 201: Energy = -0.0106849133581059 dE = -1.88141E-01
SCF Iteration 202: Energy = 0.1774226817100999 dE =  1.88108E-01
SCF Iteration 203: Energy = -0.0107121115791392 dE = -1.88135E-01
SCF Iteration 204: Energy = 0.1773653083260190 dE =  1.88077E-01
SCF Iteration 205: Energy = -0.0107583149714672 dE = -1.88124E-01
SCF Iteration 206: Energy = 0.1772678503935498 dE =  1.88026E-01
SCF Iteration 207: Energy = -0.0108367971533497 dE = -1.88105E-01
SCF Iteration 208: Energy = 0.1771023232770994 dE =  1.87939E-01
SCF Iteration 209: Energy = -0.0109700900020249 dE = -1.88072E-01
SCF Iteration 210: Energy = 0.1768212444878614 dE =  1.87791E-01
SCF Iteration 211: Energy = -0.0111964180108472 dE = -1.88018E-01
SCF Iteration 212: Energy = 0.1763441229639484 dE =  1.87541E-01
SCF Iteration 213: Energy = -0.0115805607142246 dE = -1.87925E-01
SCF Iteration 214: Energy = 0.1755347257264661 dE =  1.87115E-01
SCF Iteration 215: Energy = -0.0122321082582459 dE = -1.87767E-01
SCF Iteration 216: Energy = 0.1741630884548496 dE =  1.86395E-01
SCF Iteration 217: Energy = -0.0133359055920562 dE = -1.87499E-01
SCF Iteration 218: Energy = 0.1718427829994302 dE =  1.85179E-01
SCF Iteration 219: Energy = -0.0152021459650221 dE = -1.87045E-01
SCF Iteration 220: Energy = 0.1679294697974231 dE =  1.83132E-01
SCF Iteration 221: Energy = -0.0183468656349322 dE = -1.86276E-01
SCF Iteration 222: Energy = 0.1613629132847304 dE =  1.79710E-01
SCF Iteration 223: Energy = -0.0236158333858830 dE = -1.84979E-01
SCF Iteration 224: Energy = 0.1504379523223179 dE =  1.74054E-01
SCF Iteration 225: Energy = -0.0323599901128060 dE = -1.82798E-01
SCF Iteration 226: Energy = 0.1325193615742525 dE =  1.64879E-01
SCF Iteration 227: Energy = -0.0466419823580448 dE = -1.79161E-01
SCF Iteration 228: Energy = 0.1038146483687181 dE =  1.50457E-01
SCF Iteration 229: Energy = -0.0693649334829226 dE = -1.73180E-01
SCF Iteration 230: Energy = 0.0595539517014477 dE =  1.28919E-01
SCF Iteration 231: Energy = -0.1040201086760686 dE = -1.63574E-01
SCF Iteration 232: Energy = -0.0047158744156878 dE =  9.93042E-02
SCF Iteration 233: Energy = -0.1534991864898057 dE = -1.48783E-01
SCF Iteration 234: Energy = -0.0899985106691542 dE =  6.35007E-02
SCF Iteration 235: Energy = -0.2175683093774331 dE = -1.27570E-01
SCF Iteration 236: Energy = -0.1897381530100331 dE =  2.78302E-02
SCF Iteration 237: Energy = -0.2901183884366330 dE = -1.00380E-01
SCF Iteration 238: Energy = -0.2890366140826630 dE =  1.08177E-03
SCF Iteration 239: Energy = -0.3597102684119241 dE = -7.06737E-02
SCF Iteration 240: Energy = -0.3714510337310288 dE = -1.17408E-02
SCF Iteration 241: Energy = -0.4154485671749356 dE = -4.39975E-02
SCF Iteration 242: Energy = -0.4286834459802256 dE = -1.32349E-02
SCF Iteration 243: Energy = -0.4531419522987232 dE = -2.44585E-02
SCF Iteration 244: Energy = -0.4628997482813242 dE = -9.75780E-03
SCF Iteration 245: Energy = -0.4753753015756270 dE = -1.24756E-02
SCF Iteration 246: Energy = -0.4812578624741997 dE = -5.88256E-03
SCF Iteration 247: Energy = -0.4872832638412199 dE = -6.02540E-03
SCF Iteration 248: Energy = -0.4904565541834596 dE = -3.17329E-03
SCF Iteration 249: Energy = -0.4932828665341491 dE = -2.82631E-03
SCF Iteration 250: Energy = -0.4948905768626799 dE = -1.60771E-03
SCF Iteration 251: Energy = -0.4961991511835431 dE = -1.30857E-03
SCF Iteration 252: Energy = -0.4969852604870661 dE = -7.86109E-04
SCF Iteration 253: Energy = -0.4975885305971637 dE = -6.03270E-04
SCF Iteration 254: Energy = -0.4979652009176865 dE = -3.76670E-04
SCF Iteration 255: Energy = -0.4982432442546909 dE = -2.78043E-04
SCF Iteration 256: Energy = -0.4984216239645332 dE = -1.78380E-04
SCF Iteration 257: Energy = -0.4985499343449820 dE = -1.28310E-04
SCF Iteration 258: Energy = -0.4986338256936378 dE = -8.38913E-05
SCF Iteration 259: Energy = -0.4986931329779860 dE = -5.93073E-05
SCF Iteration 260: Energy = -0.4987324215039033 dE = -3.92885E-05
SCF Iteration 261: Energy = -0.4987598746189659 dE = -2.74531E-05
SCF Iteration 262: Energy = -0.4987782266883281 dE = -1.83521E-05
SCF Iteration 263: Energy = -0.4987909496959855 dE = -1.27230E-05
SCF Iteration 264: Energy = -0.4987995080451906 dE = -8.55835E-06
SCF Iteration 265: Energy = -0.4988054097543502 dE = -5.90171E-06
SCF Iteration 266: Energy = -0.4988093966499663 dE = -3.98690E-06
SCF Iteration 267: Energy = -0.4988121360187034 dE = -2.73937E-06
SCF Iteration 268: Energy = -0.4988139920231613 dE = -1.85600E-06
SCF Iteration 269: Energy = -0.4988152641380872 dE = -1.27211E-06
SCF Iteration 270: Energy = -0.4988161277614116 dE = -8.63623E-07
SCF Iteration 271: Energy = -0.4988167187036747 dE = -5.90942E-07
SCF Iteration 272: Energy = -0.4988171204363283 dE = -4.01733E-07
SCF Iteration 273: Energy = -0.4988173950127344 dE = -2.74576E-07
SCF Iteration 274: Energy = -0.4988175818488962 dE = -1.86836E-07
SCF Iteration 275: Energy = -0.4988177094487494 dE = -1.27600E-07
SCF Iteration 276: Energy = -0.4988177963297304 dE = -8.68810E-08
SCF Iteration 277: Energy = -0.4988178556337994 dE = -5.93041E-08
SCF Iteration 278: Energy = -0.4988178960306877 dE = -4.03969E-08
SCF Iteration 279: Energy = -0.4988179235952663 dE = -2.75646E-08
SCF Iteration 280: Energy = -0.4988179423773418 dE = -1.87821E-08
SCF Iteration 281: Energy = -0.4988179551900318 dE = -1.28127E-08
SCF Iteration 282: Energy = -0.4988179639221721 dE = -8.73214E-09
SCF Iteration 283: Energy = -0.4988179698780359 dE = -5.95586E-09
SCF Iteration 284: Energy = -0.4988179739376482 dE = -4.05961E-09
SCF Iteration 285: Energy = -0.4988179767062451 dE = -2.76860E-09
SCF Iteration 286: Energy = -0.4988179785935412 dE = -1.88730E-09
SCF Iteration 287: Energy = -0.4988179798805503 dE = -1.28701E-09
SCF Iteration 288: Energy = -0.4988179807579332 dE = -8.77383E-10
SCF Iteration 289: Energy = -0.4988179813562195 dE = -5.98286E-10
SCF Iteration 290: Energy = -0.4988179817641047 dE = -4.07885E-10
SCF Iteration 291: Energy = -0.4988179820422276 dE = -2.78123E-10
SCF Iteration 292: Energy = -0.4988179822318446 dE = -1.89617E-10
SCF Iteration 293: Energy = -0.4988179823611354 dE = -1.29291E-10
SCF Iteration 294: Energy = -0.4988179824492864 dE = -8.81510E-11

SCF converged.
E_QED_HF          = -0.498817982449286
HF  (psi4)        = -0.879575148035847
Starting with the CCSD calculation:

Iter  Energy(CCSD)      E_diff    time(sec)
  1:  -0.0887300704  8.87301E-02   10.102
  2:  -0.1284792341  3.97492E-02   10.104
  3:  -0.1343593659  5.88013E-03   10.105
  4:  -0.1425733203  8.21395E-03   10.106
  5:  -0.1517618993  9.18858E-03   10.103
  6:  -0.1589069708  7.14507E-03   10.108
  7:  -0.1603944671  1.48750E-03   10.105
  8:  -0.1611195716  7.25105E-04   10.103
  9:  -0.1625888648  1.46929E-03   10.097
 10:  -0.1637434700  1.15461E-03   10.103
 11:  -0.1646136446  8.70175E-04   10.101
 12:  -0.1653763601  7.62715E-04   10.097
 13:  -0.1658702867  4.93927E-04   10.101
 14:  -0.1660698393  1.99553E-04   10.102
 15:  -0.1661997773  1.29938E-04   10.100
 16:  -0.1663083792  1.08602E-04   10.097
 17:  -0.1663737666  6.53874E-05   10.098
 18:  -0.1664150052  4.12386E-05   10.099
 19:  -0.1664442581  2.92529E-05   10.103
 20:  -0.1664504646  6.20644E-06   10.101
 21:  -0.1664595941  9.12954E-06   10.101
 22:  -0.1664624024  2.80827E-06   10.103
 23:  -0.1664655438  3.14139E-06   10.099
 24:  -0.1664670537  1.50990E-06   10.102
 25:  -0.1664678685  8.14798E-07   10.104
 26:  -0.1664687544  8.85934E-07   10.101
 27:  -0.1664692164  4.61946E-07   10.101
 28:  -0.1664693793  1.62893E-07   10.104
 29:  -0.1664694458  6.65143E-08   10.101
 30:  -0.1664695010  5.52192E-08   10.101
 31:  -0.1664695017  6.96710E-10   10.107
E_QED_CCSD  (Corr.)  = -0.166469501694955
E_QED_CCSD tot       = -0.665287484144242
E_CCSD_psi4 (Corr.)  = -0.127346727445552
E_CCSD_psi4 tot      = -1.006921875481399
