
  Memory set to  55.879 GiB by Python driver.
  Threads set to 1 by Python driver.
Settings:
	LOT = CCSD-S1-U21
	wc = 20.0 eV
	lambda = [0.363727 0.       0.      ] a.u.
	Equivalent A0 = LAMBDA / sqrt(2 wc) = [0.3 0.  0. ])
doing QED-CCSD-1 (or QED-CCSD-21)
Number of occupied orbitals:   1
Number of basis functions:  60
SCF Iteration   1: Energy = 0.4123734241941200 dE =  4.12373E-01
SCF Iteration   2: Energy = 0.5881416266360253 dE =  1.75768E-01
SCF Iteration   3: Energy = 0.4918075171744715 dE = -9.63341E-02
SCF Iteration   4: Energy = 0.6021934476408908 dE =  1.10386E-01
SCF Iteration   5: Energy = 0.5184216957826311 dE = -8.37718E-02
SCF Iteration   6: Energy = 0.6076795707286835 dE =  8.92579E-02
SCF Iteration   7: Energy = 0.5277533515215795 dE = -7.99262E-02
SCF Iteration   8: Energy = 0.6092501696526516 dE =  8.14968E-02
SCF Iteration   9: Energy = 0.5308840906052674 dE = -7.83661E-02
SCF Iteration  10: Energy = 0.6094101080854768 dE =  7.85260E-02
SCF Iteration  11: Energy = 0.5317804200019267 dE = -7.76297E-02
SCF Iteration  12: Energy = 0.6091850394415330 dE =  7.74046E-02
SCF Iteration  13: Energy = 0.5319297588153156 dE = -7.72553E-02
SCF Iteration  14: Energy = 0.6089285216646976 dE =  7.69988E-02
SCF Iteration  15: Energy = 0.5318697771810821 dE = -7.70587E-02
SCF Iteration  16: Energy = 0.6087326850868731 dE =  7.68629E-02
SCF Iteration  17: Energy = 0.5317785043857988 dE = -7.69542E-02
SCF Iteration  18: Energy = 0.6086028268669399 dE =  7.68243E-02
SCF Iteration  19: Energy = 0.5317046154710874 dE = -7.68982E-02
SCF Iteration  20: Energy = 0.6085226096412315 dE =  7.68180E-02
SCF Iteration  21: Energy = 0.5316544486829897 dE = -7.68682E-02
SCF Iteration  22: Energy = 0.6084750743630327 dE =  7.68206E-02
SCF Iteration  23: Energy = 0.5316230763671725 dE = -7.68520E-02
SCF Iteration  24: Energy = 0.6084476441358415 dE =  7.68246E-02
SCF Iteration  25: Energy = 0.5316043494895650 dE = -7.68433E-02
SCF Iteration  26: Energy = 0.6084320965778900 dE =  7.68277E-02
SCF Iteration  27: Energy = 0.5315934921736540 dE = -7.68386E-02
SCF Iteration  28: Energy = 0.6084233938926717 dE =  7.68299E-02
SCF Iteration  29: Energy = 0.5315873185121684 dE = -7.68361E-02
SCF Iteration  30: Energy = 0.6084185661844626 dE =  7.68312E-02
SCF Iteration  31: Energy = 0.5315838550587193 dE = -7.68347E-02
SCF Iteration  32: Energy = 0.6084159055965026 dE =  7.68321E-02
SCF Iteration  33: Energy = 0.5315819306396540 dE = -7.68340E-02
SCF Iteration  34: Energy = 0.6084144464331624 dE =  7.68325E-02
SCF Iteration  35: Energy = 0.5315808688191890 dE = -7.68336E-02
SCF Iteration  36: Energy = 0.6084136490761596 dE =  7.68328E-02
SCF Iteration  37: Energy = 0.5315802859656733 dE = -7.68334E-02
SCF Iteration  38: Energy = 0.6084132145519197 dE =  7.68329E-02
SCF Iteration  39: Energy = 0.5315799672565718 dE = -7.68332E-02
SCF Iteration  40: Energy = 0.6084129782452647 dE =  7.68330E-02
SCF Iteration  41: Energy = 0.5315797934879098 dE = -7.68332E-02
SCF Iteration  42: Energy = 0.6084128499371267 dE =  7.68331E-02
SCF Iteration  43: Energy = 0.5315796989519606 dE = -7.68332E-02
SCF Iteration  44: Energy = 0.6084127803528714 dE =  7.68331E-02
SCF Iteration  45: Energy = 0.5315796476067691 dE = -7.68331E-02
SCF Iteration  46: Energy = 0.6084127426504684 dE =  7.68331E-02
SCF Iteration  47: Energy = 0.5315796197550766 dE = -7.68331E-02
SCF Iteration  48: Energy = 0.6084127222367653 dE =  7.68331E-02
SCF Iteration  49: Energy = 0.5315796046618406 dE = -7.68331E-02
SCF Iteration  50: Energy = 0.6084127111898738 dE =  7.68331E-02
SCF Iteration  51: Energy = 0.5315795964886664 dE = -7.68331E-02
SCF Iteration  52: Energy = 0.6084127052143147 dE =  7.68331E-02
SCF Iteration  53: Energy = 0.5315795920653111 dE = -7.68331E-02
SCF Iteration  54: Energy = 0.6084127019830023 dE =  7.68331E-02
SCF Iteration  55: Energy = 0.5315795896724196 dE = -7.68331E-02
SCF Iteration  56: Energy = 0.6084127002360835 dE =  7.68331E-02
SCF Iteration  57: Energy = 0.5315795883783747 dE = -7.68331E-02
SCF Iteration  58: Energy = 0.6084126992918366 dE =  7.68331E-02
SCF Iteration  59: Energy = 0.5315795876787530 dE = -7.68331E-02
SCF Iteration  60: Energy = 0.6084126987815279 dE =  7.68331E-02
SCF Iteration  61: Energy = 0.5315795873005826 dE = -7.68331E-02
SCF Iteration  62: Energy = 0.6084126985057663 dE =  7.68331E-02
SCF Iteration  63: Energy = 0.5315795870961966 dE = -7.68331E-02
SCF Iteration  64: Energy = 0.6084126983567626 dE =  7.68331E-02
SCF Iteration  65: Energy = 0.5315795869857495 dE = -7.68331E-02
SCF Iteration  66: Energy = 0.6084126982762552 dE =  7.68331E-02
SCF Iteration  67: Energy = 0.5315795869260707 dE = -7.68331E-02
SCF Iteration  68: Energy = 0.6084126982327593 dE =  7.68331E-02
SCF Iteration  69: Energy = 0.5315795868938233 dE = -7.68331E-02
SCF Iteration  70: Energy = 0.6084126982092615 dE =  7.68331E-02
SCF Iteration  71: Energy = 0.5315795868764037 dE = -7.68331E-02
SCF Iteration  72: Energy = 0.6084126981965657 dE =  7.68331E-02
SCF Iteration  73: Energy = 0.5315795868669904 dE = -7.68331E-02
SCF Iteration  74: Energy = 0.6084126981897099 dE =  7.68331E-02
SCF Iteration  75: Energy = 0.5315795868619064 dE = -7.68331E-02
SCF Iteration  76: Energy = 0.6084126981860047 dE =  7.68331E-02
SCF Iteration  77: Energy = 0.5315795868591590 dE = -7.68331E-02
SCF Iteration  78: Energy = 0.6084126981840012 dE =  7.68331E-02
SCF Iteration  79: Energy = 0.5315795868576744 dE = -7.68331E-02
SCF Iteration  80: Energy = 0.6084126981829201 dE =  7.68331E-02
SCF Iteration  81: Energy = 0.5315795868568731 dE = -7.68331E-02
SCF Iteration  82: Energy = 0.6084126981823370 dE =  7.68331E-02
SCF Iteration  83: Energy = 0.5315795868564408 dE = -7.68331E-02
SCF Iteration  84: Energy = 0.6084126981820217 dE =  7.68331E-02
SCF Iteration  85: Energy = 0.5315795868562059 dE = -7.68331E-02
SCF Iteration  86: Energy = 0.6084126981818497 dE =  7.68331E-02
SCF Iteration  87: Energy = 0.5315795868560791 dE = -7.68331E-02
SCF Iteration  88: Energy = 0.6084126981817568 dE =  7.68331E-02
SCF Iteration  89: Energy = 0.5315795868560100 dE = -7.68331E-02
SCF Iteration  90: Energy = 0.6084126981817076 dE =  7.68331E-02
SCF Iteration  91: Energy = 0.5315795868559727 dE = -7.68331E-02
SCF Iteration  92: Energy = 0.6084126981816811 dE =  7.68331E-02
SCF Iteration  93: Energy = 0.5315795868559541 dE = -7.68331E-02
SCF Iteration  94: Energy = 0.6084126981816668 dE =  7.68331E-02
SCF Iteration  95: Energy = 0.5315795868559441 dE = -7.68331E-02
SCF Iteration  96: Energy = 0.6084126981816596 dE =  7.68331E-02
SCF Iteration  97: Energy = 0.5315795868559381 dE = -7.68331E-02
SCF Iteration  98: Energy = 0.6084126981816556 dE =  7.68331E-02
SCF Iteration  99: Energy = 0.5315795868559354 dE = -7.68331E-02
SCF Iteration 100: Energy = 0.6084126981816522 dE =  7.68331E-02
SCF Iteration 101: Energy = 0.5315795868559323 dE = -7.68331E-02
SCF Iteration 102: Energy = 0.6084126981816518 dE =  7.68331E-02
SCF Iteration 103: Energy = 0.5315795868559328 dE = -7.68331E-02
SCF Iteration 104: Energy = 0.6084126981816509 dE =  7.68331E-02
SCF Iteration 105: Energy = 0.5315795868559317 dE = -7.68331E-02
SCF Iteration 106: Energy = 0.6084126981816488 dE =  7.68331E-02
SCF Iteration 107: Energy = 0.5315795868559300 dE = -7.68331E-02
SCF Iteration 108: Energy = 0.6084126981816496 dE =  7.68331E-02
SCF Iteration 109: Energy = 0.5315795868559303 dE = -7.68331E-02
SCF Iteration 110: Energy = 0.6084126981816509 dE =  7.68331E-02
SCF Iteration 111: Energy = 0.5315795868559310 dE = -7.68331E-02
SCF Iteration 112: Energy = 0.6084126981816517 dE =  7.68331E-02
SCF Iteration 113: Energy = 0.5315795868559312 dE = -7.68331E-02
SCF Iteration 114: Energy = 0.6084126981816491 dE =  7.68331E-02
SCF Iteration 115: Energy = 0.5315795868559303 dE = -7.68331E-02
SCF Iteration 116: Energy = 0.6084126981816491 dE =  7.68331E-02
SCF Iteration 117: Energy = 0.5315795868559308 dE = -7.68331E-02
SCF Iteration 118: Energy = 0.6084126981816510 dE =  7.68331E-02
SCF Iteration 119: Energy = 0.5315795868559304 dE = -7.68331E-02
SCF Iteration 120: Energy = 0.6084126981816508 dE =  7.68331E-02
SCF Iteration 121: Energy = 0.5315795868559308 dE = -7.68331E-02
SCF Iteration 122: Energy = 0.6084126981816509 dE =  7.68331E-02
SCF Iteration 123: Energy = 0.5315795868559303 dE = -7.68331E-02
SCF Iteration 124: Energy = 0.6084126981816492 dE =  7.68331E-02
SCF Iteration 125: Energy = 0.5315795868559310 dE = -7.68331E-02
SCF Iteration 126: Energy = 0.6084126981816511 dE =  7.68331E-02
SCF Iteration 127: Energy = 0.5315795868559311 dE = -7.68331E-02
SCF Iteration 128: Energy = 0.6084126981816504 dE =  7.68331E-02
SCF Iteration 129: Energy = 0.5315795868559319 dE = -7.68331E-02
SCF Iteration 130: Energy = 0.6084126981816509 dE =  7.68331E-02
SCF Iteration 131: Energy = 0.5315795868559322 dE = -7.68331E-02
SCF Iteration 132: Energy = 0.6084126981816512 dE =  7.68331E-02
SCF Iteration 133: Energy = 0.5315795868559317 dE = -7.68331E-02
SCF Iteration 134: Energy = 0.6084126981816509 dE =  7.68331E-02
SCF Iteration 135: Energy = 0.5315795868559310 dE = -7.68331E-02
SCF Iteration 136: Energy = 0.6084126981816500 dE =  7.68331E-02
SCF Iteration 137: Energy = 0.5315795868559303 dE = -7.68331E-02
SCF Iteration 138: Energy = 0.6084126981816516 dE =  7.68331E-02
SCF Iteration 139: Energy = 0.5315795868559312 dE = -7.68331E-02
SCF Iteration 140: Energy = 0.6084126981816491 dE =  7.68331E-02
SCF Iteration 141: Energy = 0.5315795868559303 dE = -7.68331E-02
SCF Iteration 142: Energy = 0.6084126981816510 dE =  7.68331E-02
SCF Iteration 143: Energy = 0.5315795868559310 dE = -7.68331E-02
SCF Iteration 144: Energy = 0.6084126981816507 dE =  7.68331E-02
SCF Iteration 145: Energy = 0.5315795868559301 dE = -7.68331E-02
SCF Iteration 146: Energy = 0.6084126981816488 dE =  7.68331E-02
SCF Iteration 147: Energy = 0.5315795868559298 dE = -7.68331E-02
SCF Iteration 148: Energy = 0.6084126981816503 dE =  7.68331E-02
SCF Iteration 149: Energy = 0.5315795868559303 dE = -7.68331E-02
SCF Iteration 150: Energy = 0.6084126981816502 dE =  7.68331E-02
SCF Iteration 151: Energy = 0.5315795868559312 dE = -7.68331E-02
SCF Iteration 152: Energy = 0.6084126981816516 dE =  7.68331E-02
SCF Iteration 153: Energy = 0.5315795868559312 dE = -7.68331E-02
SCF Iteration 154: Energy = 0.6084126981816502 dE =  7.68331E-02
SCF Iteration 155: Energy = 0.5315795868559328 dE = -7.68331E-02
SCF Iteration 156: Energy = 0.6084126981816516 dE =  7.68331E-02
SCF Iteration 157: Energy = 0.5315795868559301 dE = -7.68331E-02
SCF Iteration 158: Energy = 0.6084126981816483 dE =  7.68331E-02
SCF Iteration 159: Energy = 0.5315795868559294 dE = -7.68331E-02
SCF Iteration 160: Energy = 0.6084126981816493 dE =  7.68331E-02
SCF Iteration 161: Energy = 0.5315795868559308 dE = -7.68331E-02
SCF Iteration 162: Energy = 0.6084126981816509 dE =  7.68331E-02
SCF Iteration 163: Energy = 0.5315795868559314 dE = -7.68331E-02
SCF Iteration 164: Energy = 0.6084126981816504 dE =  7.68331E-02
SCF Iteration 165: Energy = 0.5315795868559314 dE = -7.68331E-02
SCF Iteration 166: Energy = 0.6084126981816511 dE =  7.68331E-02
SCF Iteration 167: Energy = 0.5315795868559319 dE = -7.68331E-02
SCF Iteration 168: Energy = 0.6084126981816487 dE =  7.68331E-02
SCF Iteration 169: Energy = 0.5315795868559299 dE = -7.68331E-02
SCF Iteration 170: Energy = 0.6084126981816492 dE =  7.68331E-02
SCF Iteration 171: Energy = 0.5315795868559299 dE = -7.68331E-02
SCF Iteration 172: Energy = 0.6084126981816498 dE =  7.68331E-02
SCF Iteration 173: Energy = 0.5315795868559297 dE = -7.68331E-02
SCF Iteration 174: Energy = 0.6084126981816478 dE =  7.68331E-02
SCF Iteration 175: Energy = 0.5315795868559283 dE = -7.68331E-02
SCF Iteration 176: Energy = 0.6084126981816482 dE =  7.68331E-02
SCF Iteration 177: Energy = 0.5315795868559292 dE = -7.68331E-02
SCF Iteration 178: Energy = 0.6084126981816479 dE =  7.68331E-02
SCF Iteration 179: Energy = 0.5315795868559290 dE = -7.68331E-02
SCF Iteration 180: Energy = 0.6084126981816502 dE =  7.68331E-02
SCF Iteration 181: Energy = 0.5315795868559307 dE = -7.68331E-02
SCF Iteration 182: Energy = 0.6084126981816489 dE =  7.68331E-02
SCF Iteration 183: Energy = 0.5315795868559292 dE = -7.68331E-02
SCF Iteration 184: Energy = 0.6084126981816480 dE =  7.68331E-02
SCF Iteration 185: Energy = 0.5315795868559285 dE = -7.68331E-02
SCF Iteration 186: Energy = 0.6084126981816482 dE =  7.68331E-02
SCF Iteration 187: Energy = 0.5315795868559299 dE = -7.68331E-02
SCF Iteration 188: Energy = 0.6084126981816504 dE =  7.68331E-02
SCF Iteration 189: Energy = 0.5315795868559297 dE = -7.68331E-02
SCF Iteration 190: Energy = 0.6084126981816504 dE =  7.68331E-02
SCF Iteration 191: Energy = 0.5315795868559302 dE = -7.68331E-02
SCF Iteration 192: Energy = 0.6084126981816491 dE =  7.68331E-02
SCF Iteration 193: Energy = 0.5315795868559303 dE = -7.68331E-02
SCF Iteration 194: Energy = 0.6084126981816487 dE =  7.68331E-02
SCF Iteration 195: Energy = 0.5315795868559294 dE = -7.68331E-02
SCF Iteration 196: Energy = 0.6084126981816502 dE =  7.68331E-02
SCF Iteration 197: Energy = 0.5315795868559308 dE = -7.68331E-02
SCF Iteration 198: Energy = 0.6084126981816489 dE =  7.68331E-02
SCF Iteration 199: Energy = 0.5315795868559288 dE = -7.68331E-02
SCF Iteration 200: Energy = 0.6084126981816493 dE =  7.68331E-02
SCF Iteration 201: Energy = 0.5315795868559305 dE = -7.68331E-02
SCF Iteration 202: Energy = 0.6084126981816491 dE =  7.68331E-02
SCF Iteration 203: Energy = 0.5315795868559308 dE = -7.68331E-02
SCF Iteration 204: Energy = 0.6084126981816487 dE =  7.68331E-02
SCF Iteration 205: Energy = 0.5315795868559305 dE = -7.68331E-02
SCF Iteration 206: Energy = 0.6084126981816502 dE =  7.68331E-02
SCF Iteration 207: Energy = 0.5315795868559301 dE = -7.68331E-02
SCF Iteration 208: Energy = 0.6084126981816502 dE =  7.68331E-02
SCF Iteration 209: Energy = 0.5315795868559299 dE = -7.68331E-02
SCF Iteration 210: Energy = 0.6084126981816502 dE =  7.68331E-02
SCF Iteration 211: Energy = 0.5315795868559317 dE = -7.68331E-02
SCF Iteration 212: Energy = 0.6084126981816507 dE =  7.68331E-02
SCF Iteration 213: Energy = 0.5315795868559318 dE = -7.68331E-02
SCF Iteration 214: Energy = 0.6084126981816509 dE =  7.68331E-02
SCF Iteration 215: Energy = 0.5315795868559332 dE = -7.68331E-02
SCF Iteration 216: Energy = 0.6084126981816496 dE =  7.68331E-02
SCF Iteration 217: Energy = 0.5315795868559308 dE = -7.68331E-02
SCF Iteration 218: Energy = 0.6084126981816510 dE =  7.68331E-02
SCF Iteration 219: Energy = 0.5315795868559308 dE = -7.68331E-02
SCF Iteration 220: Energy = 0.6084126981816504 dE =  7.68331E-02
SCF Iteration 221: Energy = 0.5315795868559312 dE = -7.68331E-02
SCF Iteration 222: Energy = 0.6084126981816502 dE =  7.68331E-02
SCF Iteration 223: Energy = 0.5315795868559297 dE = -7.68331E-02
SCF Iteration 224: Energy = 0.6084126981816497 dE =  7.68331E-02
SCF Iteration 225: Energy = 0.5315795868559301 dE = -7.68331E-02
SCF Iteration 226: Energy = 0.6084126981816508 dE =  7.68331E-02
SCF Iteration 227: Energy = 0.5315795868559325 dE = -7.68331E-02
SCF Iteration 228: Energy = 0.6084126981816500 dE =  7.68331E-02
SCF Iteration 229: Energy = 0.5315795868559305 dE = -7.68331E-02
SCF Iteration 230: Energy = 0.6084126981816496 dE =  7.68331E-02
SCF Iteration 231: Energy = 0.5315795868559310 dE = -7.68331E-02
SCF Iteration 232: Energy = 0.6084126981816493 dE =  7.68331E-02
SCF Iteration 233: Energy = 0.5315795868559291 dE = -7.68331E-02
SCF Iteration 234: Energy = 0.6084126981816484 dE =  7.68331E-02
SCF Iteration 235: Energy = 0.5315795868559292 dE = -7.68331E-02
SCF Iteration 236: Energy = 0.6084126981816499 dE =  7.68331E-02
SCF Iteration 237: Energy = 0.5315795868559323 dE = -7.68331E-02
SCF Iteration 238: Energy = 0.6084126981816496 dE =  7.68331E-02
SCF Iteration 239: Energy = 0.5315795868559308 dE = -7.68331E-02
SCF Iteration 240: Energy = 0.6084126981816507 dE =  7.68331E-02
SCF Iteration 241: Energy = 0.5315795868559314 dE = -7.68331E-02
SCF Iteration 242: Energy = 0.6084126981816499 dE =  7.68331E-02
SCF Iteration 243: Energy = 0.5315795868559312 dE = -7.68331E-02
SCF Iteration 244: Energy = 0.6084126981816510 dE =  7.68331E-02
SCF Iteration 245: Energy = 0.5315795868559319 dE = -7.68331E-02
SCF Iteration 246: Energy = 0.6084126981816509 dE =  7.68331E-02
SCF Iteration 247: Energy = 0.5315795868559312 dE = -7.68331E-02
SCF Iteration 248: Energy = 0.6084126981816498 dE =  7.68331E-02
SCF Iteration 249: Energy = 0.5315795868559318 dE = -7.68331E-02
SCF Iteration 250: Energy = 0.6084126981816500 dE =  7.68331E-02
SCF Iteration 251: Energy = 0.5315795868559308 dE = -7.68331E-02
SCF Iteration 252: Energy = 0.6084126981816509 dE =  7.68331E-02
SCF Iteration 253: Energy = 0.5315795868559308 dE = -7.68331E-02
SCF Iteration 254: Energy = 0.6084126981816518 dE =  7.68331E-02
SCF Iteration 255: Energy = 0.5315795868559325 dE = -7.68331E-02
SCF Iteration 256: Energy = 0.6084126981816503 dE =  7.68331E-02
SCF Iteration 257: Energy = 0.5315795868559314 dE = -7.68331E-02
SCF Iteration 258: Energy = 0.6084126981816490 dE =  7.68331E-02
SCF Iteration 259: Energy = 0.5315795868559300 dE = -7.68331E-02
SCF Iteration 260: Energy = 0.6084126981816498 dE =  7.68331E-02
SCF Iteration 261: Energy = 0.5315795868559308 dE = -7.68331E-02
SCF Iteration 262: Energy = 0.6084126981816487 dE =  7.68331E-02
SCF Iteration 263: Energy = 0.5315795868559308 dE = -7.68331E-02
SCF Iteration 264: Energy = 0.6084126981816506 dE =  7.68331E-02
SCF Iteration 265: Energy = 0.5315795868559302 dE = -7.68331E-02
SCF Iteration 266: Energy = 0.6084126981816496 dE =  7.68331E-02
SCF Iteration 267: Energy = 0.5315795868559302 dE = -7.68331E-02
SCF Iteration 268: Energy = 0.6084126981816513 dE =  7.68331E-02
SCF Iteration 269: Energy = 0.5315795868559312 dE = -7.68331E-02
SCF Iteration 270: Energy = 0.6084126981816507 dE =  7.68331E-02
SCF Iteration 271: Energy = 0.5315795868559310 dE = -7.68331E-02
SCF Iteration 272: Energy = 0.6084126981816493 dE =  7.68331E-02
SCF Iteration 273: Energy = 0.5315795868559298 dE = -7.68331E-02
SCF Iteration 274: Energy = 0.6084126981816497 dE =  7.68331E-02
SCF Iteration 275: Energy = 0.5315795868559318 dE = -7.68331E-02
SCF Iteration 276: Energy = 0.6084126981816512 dE =  7.68331E-02
SCF Iteration 277: Energy = 0.5315795868559305 dE = -7.68331E-02
SCF Iteration 278: Energy = 0.6084126981816502 dE =  7.68331E-02
SCF Iteration 279: Energy = 0.5315795868559308 dE = -7.68331E-02
SCF Iteration 280: Energy = 0.6084126981816496 dE =  7.68331E-02
SCF Iteration 281: Energy = 0.5315795868559303 dE = -7.68331E-02
SCF Iteration 282: Energy = 0.6084126981816491 dE =  7.68331E-02
SCF Iteration 283: Energy = 0.5315795868559295 dE = -7.68331E-02
SCF Iteration 284: Energy = 0.6084126981816498 dE =  7.68331E-02
SCF Iteration 285: Energy = 0.5315795868559294 dE = -7.68331E-02
SCF Iteration 286: Energy = 0.6084126981816489 dE =  7.68331E-02
SCF Iteration 287: Energy = 0.5315795868559297 dE = -7.68331E-02
SCF Iteration 288: Energy = 0.6084126981816487 dE =  7.68331E-02
SCF Iteration 289: Energy = 0.5315795868559302 dE = -7.68331E-02
SCF Iteration 290: Energy = 0.6084126981816509 dE =  7.68331E-02
SCF Iteration 291: Energy = 0.5315795868559299 dE = -7.68331E-02
SCF Iteration 292: Energy = 0.6084126981816511 dE =  7.68331E-02
SCF Iteration 293: Energy = 0.5315795868559309 dE = -7.68331E-02
SCF Iteration 294: Energy = 0.6084126981816498 dE =  7.68331E-02
SCF Iteration 295: Energy = 0.5315795868559322 dE = -7.68331E-02
SCF Iteration 296: Energy = 0.6084126981816507 dE =  7.68331E-02
SCF Iteration 297: Energy = 0.5315795868559311 dE = -7.68331E-02
SCF Iteration 298: Energy = 0.6084126981816504 dE =  7.68331E-02
SCF Iteration 299: Energy = 0.5315795868559314 dE = -7.68331E-02
SCF Iteration 300: Energy = 0.6084126981816503 dE =  7.68331E-02
SCF Iteration 301: Energy = 0.5315795868559308 dE = -7.68331E-02
SCF Iteration 302: Energy = 0.6084126981816504 dE =  7.68331E-02
SCF Iteration 303: Energy = 0.5315795868559309 dE = -7.68331E-02
SCF Iteration 304: Energy = 0.6084126981816498 dE =  7.68331E-02
SCF Iteration 305: Energy = 0.5315795868559303 dE = -7.68331E-02
SCF Iteration 306: Energy = 0.6084126981816504 dE =  7.68331E-02
SCF Iteration 307: Energy = 0.5315795868559298 dE = -7.68331E-02
SCF Iteration 308: Energy = 0.6084126981816507 dE =  7.68331E-02
SCF Iteration 309: Energy = 0.5315795868559328 dE = -7.68331E-02
SCF Iteration 310: Energy = 0.6084126981816522 dE =  7.68331E-02
SCF Iteration 311: Energy = 0.5315795868559323 dE = -7.68331E-02
SCF Iteration 312: Energy = 0.6084126981816516 dE =  7.68331E-02
SCF Iteration 313: Energy = 0.5315795868559325 dE = -7.68331E-02
SCF Iteration 314: Energy = 0.6084126981816516 dE =  7.68331E-02
SCF Iteration 315: Energy = 0.5315795868559299 dE = -7.68331E-02
SCF Iteration 316: Energy = 0.6084126981816493 dE =  7.68331E-02
SCF Iteration 317: Energy = 0.5315795868559312 dE = -7.68331E-02
SCF Iteration 318: Energy = 0.6084126981816509 dE =  7.68331E-02
SCF Iteration 319: Energy = 0.5315795868559312 dE = -7.68331E-02
SCF Iteration 320: Energy = 0.6084126981816513 dE =  7.68331E-02
SCF Iteration 321: Energy = 0.5315795868559319 dE = -7.68331E-02
SCF Iteration 322: Energy = 0.6084126981816507 dE =  7.68331E-02
SCF Iteration 323: Energy = 0.5315795868559308 dE = -7.68331E-02
SCF Iteration 324: Energy = 0.6084126981816502 dE =  7.68331E-02
SCF Iteration 325: Energy = 0.5315795868559307 dE = -7.68331E-02
SCF Iteration 326: Energy = 0.6084126981816504 dE =  7.68331E-02
SCF Iteration 327: Energy = 0.5315795868559317 dE = -7.68331E-02
SCF Iteration 328: Energy = 0.6084126981816512 dE =  7.68331E-02
SCF Iteration 329: Energy = 0.5315795868559319 dE = -7.68331E-02
SCF Iteration 330: Energy = 0.6084126981816500 dE =  7.68331E-02
SCF Iteration 331: Energy = 0.5315795868559317 dE = -7.68331E-02
SCF Iteration 332: Energy = 0.6084126981816504 dE =  7.68331E-02
SCF Iteration 333: Energy = 0.5315795868559312 dE = -7.68331E-02
SCF Iteration 334: Energy = 0.6084126981816496 dE =  7.68331E-02
SCF Iteration 335: Energy = 0.5315795868559317 dE = -7.68331E-02
SCF Iteration 336: Energy = 0.6084126981816507 dE =  7.68331E-02
SCF Iteration 337: Energy = 0.5315795868559317 dE = -7.68331E-02
SCF Iteration 338: Energy = 0.6084126981816516 dE =  7.68331E-02
SCF Iteration 339: Energy = 0.5315795868559317 dE = -7.68331E-02
SCF Iteration 340: Energy = 0.6084126981816490 dE =  7.68331E-02
SCF Iteration 341: Energy = 0.5315795868559305 dE = -7.68331E-02
SCF Iteration 342: Energy = 0.6084126981816491 dE =  7.68331E-02
SCF Iteration 343: Energy = 0.5315795868559312 dE = -7.68331E-02
SCF Iteration 344: Energy = 0.6084126981816496 dE =  7.68331E-02
SCF Iteration 345: Energy = 0.5315795868559288 dE = -7.68331E-02
SCF Iteration 346: Energy = 0.6084126981816507 dE =  7.68331E-02
SCF Iteration 347: Energy = 0.5315795868559308 dE = -7.68331E-02
SCF Iteration 348: Energy = 0.6084126981816509 dE =  7.68331E-02
SCF Iteration 349: Energy = 0.5315795868559303 dE = -7.68331E-02
SCF Iteration 350: Energy = 0.6084126981816489 dE =  7.68331E-02
SCF Iteration 351: Energy = 0.5315795868559298 dE = -7.68331E-02
SCF Iteration 352: Energy = 0.6084126981816502 dE =  7.68331E-02
SCF Iteration 353: Energy = 0.5315795868559294 dE = -7.68331E-02
SCF Iteration 354: Energy = 0.6084126981816487 dE =  7.68331E-02
SCF Iteration 355: Energy = 0.5315795868559292 dE = -7.68331E-02
SCF Iteration 356: Energy = 0.6084126981816502 dE =  7.68331E-02
SCF Iteration 357: Energy = 0.5315795868559312 dE = -7.68331E-02
SCF Iteration 358: Energy = 0.6084126981816503 dE =  7.68331E-02
SCF Iteration 359: Energy = 0.5315795868559328 dE = -7.68331E-02
SCF Iteration 360: Energy = 0.6084126981816509 dE =  7.68331E-02
SCF Iteration 361: Energy = 0.5315795868559308 dE = -7.68331E-02
SCF Iteration 362: Energy = 0.6084126981816502 dE =  7.68331E-02
SCF Iteration 363: Energy = 0.5315795868559309 dE = -7.68331E-02
SCF Iteration 364: Energy = 0.6084126981816502 dE =  7.68331E-02
SCF Iteration 365: Energy = 0.5315795868559305 dE = -7.68331E-02
SCF Iteration 366: Energy = 0.6084126981816502 dE =  7.68331E-02
SCF Iteration 367: Energy = 0.5315795868559310 dE = -7.68331E-02
SCF Iteration 368: Energy = 0.6084126981816502 dE =  7.68331E-02
SCF Iteration 369: Energy = 0.5315795868559312 dE = -7.68331E-02
SCF Iteration 370: Energy = 0.6084126981816510 dE =  7.68331E-02
SCF Iteration 371: Energy = 0.5315795868559321 dE = -7.68331E-02
SCF Iteration 372: Energy = 0.6084126981816508 dE =  7.68331E-02
SCF Iteration 373: Energy = 0.5315795868559319 dE = -7.68331E-02
SCF Iteration 374: Energy = 0.6084126981816513 dE =  7.68331E-02
SCF Iteration 375: Energy = 0.5315795868559321 dE = -7.68331E-02
SCF Iteration 376: Energy = 0.6084126981816520 dE =  7.68331E-02
SCF Iteration 377: Energy = 0.5315795868559303 dE = -7.68331E-02
SCF Iteration 378: Energy = 0.6084126981816489 dE =  7.68331E-02
SCF Iteration 379: Energy = 0.5315795868559301 dE = -7.68331E-02
SCF Iteration 380: Energy = 0.6084126981816497 dE =  7.68331E-02
SCF Iteration 381: Energy = 0.5315795868559299 dE = -7.68331E-02
SCF Iteration 382: Energy = 0.6084126981816496 dE =  7.68331E-02
SCF Iteration 383: Energy = 0.5315795868559311 dE = -7.68331E-02
SCF Iteration 384: Energy = 0.6084126981816504 dE =  7.68331E-02
SCF Iteration 385: Energy = 0.5315795868559308 dE = -7.68331E-02
SCF Iteration 386: Energy = 0.6084126981816527 dE =  7.68331E-02
SCF Iteration 387: Energy = 0.5315795868559312 dE = -7.68331E-02
SCF Iteration 388: Energy = 0.6084126981816489 dE =  7.68331E-02
SCF Iteration 389: Energy = 0.5315795868559294 dE = -7.68331E-02
SCF Iteration 390: Energy = 0.6084126981816513 dE =  7.68331E-02
SCF Iteration 391: Energy = 0.5315795868559314 dE = -7.68331E-02
SCF Iteration 392: Energy = 0.6084126981816502 dE =  7.68331E-02
SCF Iteration 393: Energy = 0.5315795868559305 dE = -7.68331E-02
SCF Iteration 394: Energy = 0.6084126981816493 dE =  7.68331E-02
SCF Iteration 395: Energy = 0.5315795868559294 dE = -7.68331E-02
SCF Iteration 396: Energy = 0.6084126981816491 dE =  7.68331E-02
SCF Iteration 397: Energy = 0.5315795868559310 dE = -7.68331E-02
SCF Iteration 398: Energy = 0.6084126981816507 dE =  7.68331E-02
SCF Iteration 399: Energy = 0.5315795868559312 dE = -7.68331E-02
SCF Iteration 400: Energy = 0.6084126981816496 dE =  7.68331E-02
SCF Iteration 401: Energy = 0.5315795868559303 dE = -7.68331E-02
SCF Iteration 402: Energy = 0.6084126981816504 dE =  7.68331E-02
SCF Iteration 403: Energy = 0.5315795868559313 dE = -7.68331E-02
SCF Iteration 404: Energy = 0.6084126981816493 dE =  7.68331E-02
SCF Iteration 405: Energy = 0.5315795868559298 dE = -7.68331E-02
SCF Iteration 406: Energy = 0.6084126981816499 dE =  7.68331E-02
SCF Iteration 407: Energy = 0.5315795868559310 dE = -7.68331E-02
SCF Iteration 408: Energy = 0.6084126981816504 dE =  7.68331E-02
SCF Iteration 409: Energy = 0.5315795868559303 dE = -7.68331E-02
SCF Iteration 410: Energy = 0.6084126981816489 dE =  7.68331E-02
SCF Iteration 411: Energy = 0.5315795868559293 dE = -7.68331E-02
SCF Iteration 412: Energy = 0.6084126981816484 dE =  7.68331E-02
SCF Iteration 413: Energy = 0.5315795868559294 dE = -7.68331E-02
SCF Iteration 414: Energy = 0.6084126981816484 dE =  7.68331E-02
SCF Iteration 415: Energy = 0.5315795868559294 dE = -7.68331E-02
SCF Iteration 416: Energy = 0.6084126981816489 dE =  7.68331E-02
SCF Iteration 417: Energy = 0.5315795868559299 dE = -7.68331E-02
SCF Iteration 418: Energy = 0.6084126981816488 dE =  7.68331E-02
SCF Iteration 419: Energy = 0.5315795868559317 dE = -7.68331E-02
SCF Iteration 420: Energy = 0.6084126981816502 dE =  7.68331E-02
SCF Iteration 421: Energy = 0.5315795868559308 dE = -7.68331E-02
SCF Iteration 422: Energy = 0.6084126981816493 dE =  7.68331E-02
SCF Iteration 423: Energy = 0.5315795868559305 dE = -7.68331E-02
SCF Iteration 424: Energy = 0.6084126981816507 dE =  7.68331E-02
SCF Iteration 425: Energy = 0.5315795868559303 dE = -7.68331E-02
SCF Iteration 426: Energy = 0.6084126981816511 dE =  7.68331E-02
SCF Iteration 427: Energy = 0.5315795868559308 dE = -7.68331E-02
SCF Iteration 428: Energy = 0.6084126981816503 dE =  7.68331E-02
SCF Iteration 429: Energy = 0.5315795868559303 dE = -7.68331E-02
SCF Iteration 430: Energy = 0.6084126981816512 dE =  7.68331E-02
SCF Iteration 431: Energy = 0.5315795868559308 dE = -7.68331E-02
SCF Iteration 432: Energy = 0.6084126981816498 dE =  7.68331E-02
SCF Iteration 433: Energy = 0.5315795868559299 dE = -7.68331E-02
SCF Iteration 434: Energy = 0.6084126981816504 dE =  7.68331E-02
SCF Iteration 435: Energy = 0.5315795868559309 dE = -7.68331E-02
SCF Iteration 436: Energy = 0.6084126981816487 dE =  7.68331E-02
SCF Iteration 437: Energy = 0.5315795868559294 dE = -7.68331E-02
SCF Iteration 438: Energy = 0.6084126981816496 dE =  7.68331E-02
SCF Iteration 439: Energy = 0.5315795868559292 dE = -7.68331E-02
SCF Iteration 440: Energy = 0.6084126981816484 dE =  7.68331E-02
SCF Iteration 441: Energy = 0.5315795868559297 dE = -7.68331E-02
SCF Iteration 442: Energy = 0.6084126981816494 dE =  7.68331E-02
SCF Iteration 443: Energy = 0.5315795868559315 dE = -7.68331E-02
SCF Iteration 444: Energy = 0.6084126981816498 dE =  7.68331E-02
SCF Iteration 445: Energy = 0.5315795868559303 dE = -7.68331E-02
SCF Iteration 446: Energy = 0.6084126981816502 dE =  7.68331E-02
SCF Iteration 447: Energy = 0.5315795868559332 dE = -7.68331E-02
SCF Iteration 448: Energy = 0.6084126981816498 dE =  7.68331E-02
SCF Iteration 449: Energy = 0.5315795868559311 dE = -7.68331E-02
SCF Iteration 450: Energy = 0.6084126981816512 dE =  7.68331E-02
SCF Iteration 451: Energy = 0.5315795868559303 dE = -7.68331E-02
SCF Iteration 452: Energy = 0.6084126981816513 dE =  7.68331E-02
SCF Iteration 453: Energy = 0.5315795868559317 dE = -7.68331E-02
SCF Iteration 454: Energy = 0.6084126981816496 dE =  7.68331E-02
SCF Iteration 455: Energy = 0.5315795868559305 dE = -7.68331E-02
SCF Iteration 456: Energy = 0.6084126981816509 dE =  7.68331E-02
SCF Iteration 457: Energy = 0.5315795868559310 dE = -7.68331E-02
SCF Iteration 458: Energy = 0.6084126981816498 dE =  7.68331E-02
SCF Iteration 459: Energy = 0.5315795868559301 dE = -7.68331E-02
SCF Iteration 460: Energy = 0.6084126981816499 dE =  7.68331E-02
SCF Iteration 461: Energy = 0.5315795868559305 dE = -7.68331E-02
SCF Iteration 462: Energy = 0.6084126981816502 dE =  7.68331E-02
SCF Iteration 463: Energy = 0.5315795868559298 dE = -7.68331E-02
SCF Iteration 464: Energy = 0.6084126981816504 dE =  7.68331E-02
SCF Iteration 465: Energy = 0.5315795868559300 dE = -7.68331E-02
SCF Iteration 466: Energy = 0.6084126981816502 dE =  7.68331E-02
SCF Iteration 467: Energy = 0.5315795868559313 dE = -7.68331E-02
SCF Iteration 468: Energy = 0.6084126981816509 dE =  7.68331E-02
SCF Iteration 469: Energy = 0.5315795868559312 dE = -7.68331E-02
SCF Iteration 470: Energy = 0.6084126981816493 dE =  7.68331E-02
SCF Iteration 471: Energy = 0.5315795868559303 dE = -7.68331E-02
SCF Iteration 472: Energy = 0.6084126981816498 dE =  7.68331E-02
SCF Iteration 473: Energy = 0.5315795868559294 dE = -7.68331E-02
SCF Iteration 474: Energy = 0.6084126981816507 dE =  7.68331E-02
SCF Iteration 475: Energy = 0.5315795868559301 dE = -7.68331E-02
SCF Iteration 476: Energy = 0.6084126981816509 dE =  7.68331E-02
SCF Iteration 477: Energy = 0.5315795868559312 dE = -7.68331E-02
SCF Iteration 478: Energy = 0.6084126981816494 dE =  7.68331E-02
SCF Iteration 479: Energy = 0.5315795868559308 dE = -7.68331E-02
SCF Iteration 480: Energy = 0.6084126981816502 dE =  7.68331E-02
SCF Iteration 481: Energy = 0.5315795868559300 dE = -7.68331E-02
SCF Iteration 482: Energy = 0.6084126981816493 dE =  7.68331E-02
SCF Iteration 483: Energy = 0.5315795868559299 dE = -7.68331E-02
SCF Iteration 484: Energy = 0.6084126981816486 dE =  7.68331E-02
SCF Iteration 485: Energy = 0.5315795868559310 dE = -7.68331E-02
SCF Iteration 486: Energy = 0.6084126981816510 dE =  7.68331E-02
SCF Iteration 487: Energy = 0.5315795868559314 dE = -7.68331E-02
SCF Iteration 488: Energy = 0.6084126981816498 dE =  7.68331E-02
SCF Iteration 489: Energy = 0.5315795868559312 dE = -7.68331E-02
SCF Iteration 490: Energy = 0.6084126981816493 dE =  7.68331E-02
SCF Iteration 491: Energy = 0.5315795868559312 dE = -7.68331E-02
SCF Iteration 492: Energy = 0.6084126981816516 dE =  7.68331E-02
SCF Iteration 493: Energy = 0.5315795868559323 dE = -7.68331E-02
SCF Iteration 494: Energy = 0.6084126981816516 dE =  7.68331E-02
SCF Iteration 495: Energy = 0.5315795868559318 dE = -7.68331E-02
SCF Iteration 496: Energy = 0.6084126981816511 dE =  7.68331E-02
SCF Iteration 497: Energy = 0.5315795868559333 dE = -7.68331E-02
SCF Iteration 498: Energy = 0.6084126981816502 dE =  7.68331E-02
SCF Iteration 499: Energy = 0.5315795868559308 dE = -7.68331E-02
SCF Iteration 500: Energy = 0.6084126981816496 dE =  7.68331E-02
