
  Memory set to  55.879 GiB by Python driver.
  Threads set to 1 by Python driver.
Settings:
	LOT = CCSD-S1-U21
	wc = 20.0 eV
	lambda = [0.363727 0.       0.      ] a.u.
	Equivalent A0 = LAMBDA / sqrt(2 wc) = [0.3 0.  0. ])
doing QED-CCSD-1 (or QED-CCSD-21)
Number of occupied orbitals:   1
Number of basis functions:  60
SCF Iteration   1: Energy = -0.3165354224353586 dE = -3.16535E-01
SCF Iteration   2: Energy = 0.0489712167825136 dE =  3.65507E-01
SCF Iteration   3: Energy = -0.2106207795392912 dE = -2.59592E-01
SCF Iteration   4: Energy = 0.0659611217565713 dE =  2.76582E-01
SCF Iteration   5: Energy = -0.1932886779223343 dE = -2.59250E-01
SCF Iteration   6: Energy = 0.0703285535021878 dE =  2.63617E-01
SCF Iteration   7: Energy = -0.1891161485792050 dE = -2.59445E-01
SCF Iteration   8: Energy = 0.0714912050700567 dE =  2.60607E-01
SCF Iteration   9: Energy = -0.1880445032224019 dE = -2.59536E-01
SCF Iteration  10: Energy = 0.0718057472583756 dE =  2.59850E-01
SCF Iteration  11: Energy = -0.1877628347891891 dE = -2.59569E-01
SCF Iteration  12: Energy = 0.0718930826154255 dE =  2.59656E-01
SCF Iteration  13: Energy = -0.1876869689487508 dE = -2.59580E-01
SCF Iteration  14: Energy = 0.0719181312966760 dE =  2.59605E-01
SCF Iteration  15: Energy = -0.1876659278939799 dE = -2.59584E-01
SCF Iteration  16: Energy = 0.0719255730310568 dE =  2.59592E-01
SCF Iteration  17: Energy = -0.1876598947487987 dE = -2.59585E-01
SCF Iteration  18: Energy = 0.0719278628411864 dE =  2.59588E-01
SCF Iteration  19: Energy = -0.1876581025046503 dE = -2.59586E-01
SCF Iteration  20: Energy = 0.0719285906885837 dE =  2.59587E-01
SCF Iteration  21: Energy = -0.1876575510571925 dE = -2.59586E-01
SCF Iteration  22: Energy = 0.0719288286668185 dE =  2.59586E-01
SCF Iteration  23: Energy = -0.1876573757775295 dE = -2.59586E-01
SCF Iteration  24: Energy = 0.0719289083000105 dE =  2.59586E-01
SCF Iteration  25: Energy = -0.1876573184692077 dE = -2.59586E-01
SCF Iteration  26: Energy = 0.0719289354352806 dE =  2.59586E-01
SCF Iteration  27: Energy = -0.1876572992928496 dE = -2.59586E-01
SCF Iteration  28: Energy = 0.0719289448093781 dE =  2.59586E-01
SCF Iteration  29: Energy = -0.1876572927585392 dE = -2.59586E-01
SCF Iteration  30: Energy = 0.0719289480805293 dE =  2.59586E-01
SCF Iteration  31: Energy = -0.1876572905012336 dE = -2.59586E-01
SCF Iteration  32: Energy = 0.0719289492303244 dE =  2.59586E-01
SCF Iteration  33: Energy = -0.1876572897135388 dE = -2.59586E-01
SCF Iteration  34: Energy = 0.0719289496365557 dE =  2.59586E-01
SCF Iteration  35: Energy = -0.1876572894366704 dE = -2.59586E-01
SCF Iteration  36: Energy = 0.0719289497805901 dE =  2.59586E-01
SCF Iteration  37: Energy = -0.1876572893388572 dE = -2.59586E-01
SCF Iteration  38: Energy = 0.0719289498317477 dE =  2.59586E-01
SCF Iteration  39: Energy = -0.1876572893042099 dE = -2.59586E-01
SCF Iteration  40: Energy = 0.0719289498497279 dE =  2.59586E-01
SCF Iteration  41: Energy = -0.1876572892920828 dE = -2.59586E-01
SCF Iteration  42: Energy = 0.0719289498548452 dE =  2.59586E-01
SCF Iteration  43: Energy = -0.1876572892887967 dE = -2.59586E-01
SCF Iteration  44: Energy = 0.0719289498496215 dE =  2.59586E-01
SCF Iteration  45: Energy = -0.1876572892932579 dE = -2.59586E-01
SCF Iteration  46: Energy = 0.0719289498093036 dE =  2.59586E-01
SCF Iteration  47: Energy = -0.1876572893255666 dE = -2.59586E-01
SCF Iteration  48: Energy = 0.0719289495851708 dE =  2.59586E-01
SCF Iteration  49: Energy = -0.1876572895046424 dE = -2.59586E-01
SCF Iteration  50: Energy = 0.0719289483611443 dE =  2.59586E-01
SCF Iteration  51: Energy = -0.1876572904824151 dE = -2.59586E-01
SCF Iteration  52: Energy = 0.0719289416842520 dE =  2.59586E-01
SCF Iteration  53: Energy = -0.1876572958159582 dE = -2.59586E-01
SCF Iteration  54: Energy = 0.0719289052654474 dE =  2.59586E-01
SCF Iteration  55: Energy = -0.1876573249075064 dE = -2.59586E-01
SCF Iteration  56: Energy = 0.0719287066217917 dE =  2.59586E-01
SCF Iteration  57: Energy = -0.1876574835851527 dE = -2.59586E-01
SCF Iteration  58: Energy = 0.0719276231370838 dE =  2.59585E-01
SCF Iteration  59: Energy = -0.1876583490781011 dE = -2.59586E-01
SCF Iteration  60: Energy = 0.0719217134205588 dE =  2.59580E-01
SCF Iteration  61: Energy = -0.1876630697709289 dE = -2.59585E-01
SCF Iteration  62: Energy = 0.0718894814011249 dE =  2.59553E-01
SCF Iteration  63: Energy = -0.1876888162343504 dE = -2.59578E-01
SCF Iteration  64: Energy = 0.0717137364008100 dE =  2.59403E-01
SCF Iteration  65: Energy = -0.1878291828479483 dE = -2.59543E-01
SCF Iteration  66: Energy = 0.0707569936887016 dE =  2.58586E-01
SCF Iteration  67: Energy = -0.1885928567992771 dE = -2.59350E-01
SCF Iteration  68: Energy = 0.0655928063489518 dE =  2.54186E-01
SCF Iteration  69: Energy = -0.1927011939152937 dE = -2.58294E-01
SCF Iteration  70: Energy = 0.0389479840318442 dE =  2.31649E-01
SCF Iteration  71: Energy = -0.2135338732877186 dE = -2.52482E-01
SCF Iteration  72: Energy = -0.0722923742178924 dE =  1.41241E-01
SCF Iteration  73: Energy = -0.2941800575454901 dE = -2.21888E-01
SCF Iteration  74: Energy = -0.3097822531686235 dE = -1.56022E-02
SCF Iteration  75: Energy = -0.4352302857050185 dE = -1.25448E-01
SCF Iteration  76: Energy = -0.4786113125685668 dE = -4.33810E-02
SCF Iteration  77: Energy = -0.5118591337158913 dE = -3.32478E-02
SCF Iteration  78: Energy = -0.5236052876110070 dE = -1.17462E-02
SCF Iteration  79: Energy = -0.5288818179859034 dE = -5.27653E-03
SCF Iteration  80: Energy = -0.5307161086979523 dE = -1.83429E-03
SCF Iteration  81: Energy = -0.5314104436546754 dE = -6.94335E-04
SCF Iteration  82: Energy = -0.5316524704062690 dE = -2.42027E-04
SCF Iteration  83: Energy = -0.5317396312055563 dE = -8.71608E-05
SCF Iteration  84: Energy = -0.5317703592085093 dE = -3.07280E-05
SCF Iteration  85: Energy = -0.5317813912367160 dE = -1.10320E-05
SCF Iteration  86: Energy = -0.5317853660699225 dE = -3.97483E-06
SCF Iteration  87: Energy = -0.5317868247521986 dE = -1.45868E-06
SCF Iteration  88: Energy = -0.5317873689456319 dE = -5.44193E-07
SCF Iteration  89: Energy = -0.5317875766447334 dE = -2.07699E-07
SCF Iteration  90: Energy = -0.5317876578051849 dE = -8.11605E-08
SCF Iteration  91: Energy = -0.5317876903377363 dE = -3.25326E-08
SCF Iteration  92: Energy = -0.5317877037069105 dE = -1.33692E-08
SCF Iteration  93: Energy = -0.5317877093321574 dE = -5.62525E-09
SCF Iteration  94: Energy = -0.5317877117495449 dE = -2.41739E-09
SCF Iteration  95: Energy = -0.5317877128074370 dE = -1.05789E-09
SCF Iteration  96: Energy = -0.5317877132774079 dE = -4.69971E-10
SCF Iteration  97: Energy = -0.5317877134887325 dE = -2.11325E-10
SCF Iteration  98: Energy = -0.5317877135846593 dE = -9.59267E-11

SCF converged.
E_QED_HF          = -0.531787713584659
HF  (psi4)        = -0.908073228253390
Starting with the CCSD calculation:

Iter  Energy(CCSD)      E_diff    time(sec)
  1:  -0.1156038491  1.15604E-01   10.096
  2:  -0.1886586882  7.30548E-02   10.098
  3:  -0.1769130428  1.17456E-02   10.100
  4:  -0.2130252422  3.61122E-02   10.098
  5:  -0.2328608559  1.98356E-02   10.096
  6:  -0.2598182166  2.69574E-02   10.100
  7:  -0.2405333370  1.92849E-02   10.098
  8:  -0.2372295067  3.30383E-03   10.096
  9:  -0.2491205969  1.18911E-02   10.089
 10:  -0.2578911184  8.77052E-03   10.098
 11:  -0.2604509359  2.55982E-03   10.097
 12:  -0.2597813321  6.69604E-04   10.090
 13:  -0.2583836281  1.39770E-03   10.096
 14:  -0.2584355053  5.18772E-05   10.095
 15:  -0.2588694406  4.33935E-04   10.092
 16:  -0.2591855777  3.16137E-04   10.092
 17:  -0.2589103941  2.75184E-04   10.093
 18:  -0.2585724161  3.37978E-04   10.099
 19:  -0.2585728557  4.39654E-07   10.096
 20:  -0.2585945513  2.16956E-05   10.092
 21:  -0.2586372264  4.26751E-05   10.099
 22:  -0.2586661071  2.88806E-05   10.103
 23:  -0.2586672505  1.14349E-06   10.099
 24:  -0.2586645514  2.69917E-06   10.098
 25:  -0.2586632557  1.29564E-06   10.101
 26:  -0.2586628424  4.13307E-07   10.098
 27:  -0.2586632937  4.51250E-07   10.099
 28:  -0.2586628043  4.89349E-07   10.104
 29:  -0.2586625932  2.11093E-07   10.096
 30:  -0.2586620645  5.28715E-07   10.101
 31:  -0.2586618736  1.90935E-07   10.100
 32:  -0.2586618108  6.27616E-08   10.099
 33:  -0.2586617396  7.12603E-08   10.098
 34:  -0.2586618264  8.68063E-08   10.100
 35:  -0.2586618397  1.33269E-08   10.096
 36:  -0.2586618342  5.49758E-09   10.099
E_QED_CCSD  (Corr.)  = -0.258661834187589
E_QED_CCSD tot       = -0.790449547772248
E_CCSD_psi4 (Corr.)  = -0.106586697215728
E_CCSD_psi4 tot      = -1.014659925469118
