
  Memory set to  55.879 GiB by Python driver.
  Threads set to 1 by Python driver.
Settings:
	LOT = CCSD-S1-U21
	wc = 20.0 eV
	lambda = [0.363727 0.       0.      ] a.u.
	Equivalent A0 = LAMBDA / sqrt(2 wc) = [0.3 0.  0. ])
doing QED-CCSD-1 (or QED-CCSD-21)
Number of occupied orbitals:   1
Number of basis functions:  60
SCF Iteration   1: Energy = -0.7541719994066078 dE = -7.54172E-01
SCF Iteration   2: Energy = -0.8050400463866227 dE = -5.08680E-02
SCF Iteration   3: Energy = -0.8067036255932265 dE = -1.66358E-03
SCF Iteration   4: Energy = -0.8067664306251305 dE = -6.28050E-05
SCF Iteration   5: Energy = -0.8067688887570905 dE = -2.45813E-06
SCF Iteration   6: Energy = -0.8067689873747159 dE = -9.86176E-08
SCF Iteration   7: Energy = -0.8067689914432272 dE = -4.06851E-09
SCF Iteration   8: Energy = -0.8067689916168732 dE = -1.73646E-10
SCF Iteration   9: Energy = -0.8067689916245846 dE = -7.71139E-12

SCF converged.
E_QED_HF          = -0.806768991624585
HF  (psi4)        = -1.033503877962519
Starting with the CCSD calculation:

Iter  Energy(CCSD)      E_diff    time(sec)
  1:  -0.1982743966  1.98274E-01   10.097
  2:  -0.2006385176  2.36412E-03   10.103
  3:  -0.2055865305  4.94801E-03   10.098
  4:  -0.2096037537  4.01722E-03   10.101
  5:  -0.2094330051  1.70749E-04   10.097
  6:  -0.2094502068  1.72018E-05   10.095
  7:  -0.2094883281  3.81213E-05   10.092
  8:  -0.2095012785  1.29504E-05   10.088
  9:  -0.2095026141  1.33561E-06   10.087
 10:  -0.2095021405  4.73641E-07   10.088
 11:  -0.2095019843  1.56160E-07   10.088
 12:  -0.2095020054  2.11205E-08   10.090
 13:  -0.2095020157  1.02385E-08   10.093
 14:  -0.2095020172  1.57776E-09   10.091
E_QED_CCSD  (Corr.)  = -0.209502017247873
E_QED_CCSD tot       = -1.016271008872458
E_CCSD_psi4 (Corr.)  = -0.055690841673376
E_CCSD_psi4 tot      = -1.089194719635894
