
  Memory set to  55.879 GiB by Python driver.
  Threads set to 1 by Python driver.
Settings:
	LOT = CCSD-S1-U21
	wc = 20.0 eV
	lambda = [1.212424 0.       0.      ] a.u.
	Equivalent A0 = LAMBDA / sqrt(2 wc) = [1. 0. 0.])
doing QED-CCSD-1 (or QED-CCSD-21)
Number of occupied orbitals:   1
Number of basis functions:  60
SCF Iteration   1: Energy = 5.8149641874328148 dE =  5.81496E+00
SCF Iteration   2: Energy = 6.3914923213400838 dE =  5.76528E-01
SCF Iteration   3: Energy = 6.0038397312881973 dE = -3.87653E-01
SCF Iteration   4: Energy = 6.2765276348716794 dE =  2.72688E-01
SCF Iteration   5: Energy = 6.0957974133495094 dE = -1.80730E-01
SCF Iteration   6: Energy = 6.2581369509552109 dE =  1.62340E-01
SCF Iteration   7: Energy = 6.1301854338269237 dE = -1.27952E-01
SCF Iteration   8: Energy = 6.2535145699838477 dE =  1.23329E-01
SCF Iteration   9: Energy = 6.1421091319414778 dE = -1.11405E-01
SCF Iteration  10: Energy = 6.2496271453971595 dE =  1.07518E-01
SCF Iteration  11: Energy = 6.1440813618486017 dE = -1.05546E-01
SCF Iteration  12: Energy = 6.2447122270351718 dE =  1.00631E-01
SCF Iteration  13: Energy = 6.1414915176383476 dE = -1.03221E-01
SCF Iteration  14: Energy = 6.2391113254778112 dE =  9.76198E-02
SCF Iteration  15: Energy = 6.1369345178638008 dE = -1.02177E-01
SCF Iteration  16: Energy = 6.2333615033608307 dE =  9.64270E-02
SCF Iteration  17: Energy = 6.1317210241055768 dE = -1.01640E-01
SCF Iteration  18: Energy = 6.2278451903700471 dE =  9.61242E-02
SCF Iteration  19: Energy = 6.1265192374723085 dE = -1.01326E-01
SCF Iteration  20: Energy = 6.2227785762055703 dE =  9.62593E-02
SCF Iteration  21: Energy = 6.1216586462031319 dE = -1.01120E-01
SCF Iteration  22: Energy = 6.2182584388212838 dE =  9.65998E-02
SCF Iteration  23: Energy = 6.1172845890711409 dE = -1.00974E-01
SCF Iteration  24: Energy = 6.2143063028095735 dE =  9.70217E-02
SCF Iteration  25: Energy = 6.1134414294270165 dE = -1.00865E-01
SCF Iteration  26: Energy = 6.2109001971056346 dE =  9.74588E-02
SCF Iteration  27: Energy = 6.1101191583873806 dE = -1.00781E-01
SCF Iteration  28: Energy = 6.2079954714515688 dE =  9.78763E-02
SCF Iteration  29: Energy = 6.1072801268782868 dE = -1.00715E-01
SCF Iteration  30: Energy = 6.2055377478011380 dE =  9.82576E-02
SCF Iteration  31: Energy = 6.1048744747328394 dE = -1.00663E-01
SCF Iteration  32: Energy = 6.2034706177918402 dE =  9.85961E-02
SCF Iteration  33: Energy = 6.1028489317500050 dE = -1.00622E-01
SCF Iteration  34: Energy = 6.2017399627208913 dE =  9.88910E-02
SCF Iteration  35: Energy = 6.1011516697293828 dE = -1.00588E-01
SCF Iteration  36: Energy = 6.2002961629489048 dE =  9.91445E-02
SCF Iteration  37: Energy = 6.0997347941036111 dE = -1.00561E-01
SCF Iteration  38: Energy = 6.1990950253190444 dE =  9.93602E-02
SCF Iteration  39: Energy = 6.0985554368263459 dE = -1.00540E-01
SCF Iteration  40: Energy = 6.1980979591786722 dE =  9.95425E-02
SCF Iteration  41: Energy = 6.0975760383829289 dE = -1.00522E-01
SCF Iteration  42: Energy = 6.1972717347399318 dE =  9.96957E-02
SCF Iteration  43: Energy = 6.0967641787371072 dE = -1.00508E-01
SCF Iteration  44: Energy = 6.1965880297902380 dE =  9.98239E-02
SCF Iteration  45: Energy = 6.0960921760471800 dE = -1.00496E-01
SCF Iteration  46: Energy = 6.1960228889825926 dE =  9.99307E-02
SCF Iteration  47: Energy = 6.0955365843049139 dE = -1.00486E-01
SCF Iteration  48: Energy = 6.1955561681867648 dE =  1.00020E-01
SCF Iteration  49: Energy = 6.0950776664915072 dE = -1.00479E-01
SCF Iteration  50: Energy = 6.1951710040456422 dE =  1.00093E-01
SCF Iteration  51: Energy = 6.0946988860460047 dE = -1.00472E-01
SCF Iteration  52: Energy = 6.1948533289869143 dE =  1.00154E-01
SCF Iteration  53: Energy = 6.0943864387051097 dE = -1.00467E-01
SCF Iteration  54: Energy = 6.1945914399600399 dE =  1.00205E-01
SCF Iteration  55: Energy = 6.0941288342679183 dE = -1.00463E-01
SCF Iteration  56: Energy = 6.1943756221824895 dE =  1.00247E-01
SCF Iteration  57: Energy = 6.0939165304998557 dE = -1.00459E-01
SCF Iteration  58: Energy = 6.1941978253110257 dE =  1.00281E-01
SCF Iteration  59: Energy = 6.0937416172755468 dE = -1.00456E-01
SCF Iteration  60: Energy = 6.1940513875058283 dE =  1.00310E-01
SCF Iteration  61: Energy = 6.0935975469374810 dE = -1.00454E-01
SCF Iteration  62: Energy = 6.1939308020645507 dE =  1.00333E-01
SCF Iteration  63: Energy = 6.0934789059279169 dE = -1.00452E-01
SCF Iteration  64: Energy = 6.1938315211899475 dE =  1.00353E-01
SCF Iteration  65: Energy = 6.0933812225450019 dE = -1.00450E-01
SCF Iteration  66: Energy = 6.1937497917143673 dE =  1.00369E-01
SCF Iteration  67: Energy = 6.0933008058650007 dE = -1.00449E-01
SCF Iteration  68: Energy = 6.1936825180551880 dE =  1.00382E-01
SCF Iteration  69: Energy = 6.0932346112714892 dE = -1.00448E-01
SCF Iteration  70: Energy = 6.1936271482002292 dE =  1.00393E-01
SCF Iteration  71: Energy = 6.0931801285198377 dE = -1.00447E-01
SCF Iteration  72: Energy = 6.1935815790593702 dE =  1.00401E-01
SCF Iteration  73: Energy = 6.0931352887732171 dE = -1.00446E-01
SCF Iteration  74: Energy = 6.1935440780292472 dE =  1.00409E-01
SCF Iteration  75: Energy = 6.0930983875355551 dE = -1.00446E-01
SCF Iteration  76: Energy = 6.1935132180838233 dE =  1.00415E-01
SCF Iteration  77: Energy = 6.0930680208558741 dE = -1.00445E-01
SCF Iteration  78: Energy = 6.1934878241183640 dE =  1.00420E-01
SCF Iteration  79: Energy = 6.0930430325807183 dE = -1.00445E-01
SCF Iteration  80: Energy = 6.1934669286355444 dE =  1.00424E-01
SCF Iteration  81: Energy = 6.0930224707822109 dE = -1.00444E-01
SCF Iteration  82: Energy = 6.1934497351735640 dE =  1.00427E-01
SCF Iteration  83: Energy = 6.0930055517931674 dE = -1.00444E-01
SCF Iteration  84: Energy = 6.1934355881414911 dE =  1.00430E-01
SCF Iteration  85: Energy = 6.0929916305390170 dE = -1.00444E-01
SCF Iteration  86: Energy = 6.1934239479508468 dE =  1.00432E-01
SCF Iteration  87: Energy = 6.0929801760768463 dE = -1.00444E-01
SCF Iteration  88: Energy = 6.1934143705216247 dE =  1.00434E-01
SCF Iteration  89: Energy = 6.0929707514350646 dE = -1.00444E-01
SCF Iteration  90: Energy = 6.1934064903982904 dE =  1.00436E-01
SCF Iteration  91: Energy = 6.0929629970034842 dE = -1.00443E-01
SCF Iteration  92: Energy = 6.1934000068436408 dE =  1.00437E-01
SCF Iteration  93: Energy = 6.0929566168520477 dE = -1.00443E-01
SCF Iteration  94: Energy = 6.1933946723872886 dE =  1.00438E-01
SCF Iteration  95: Energy = 6.0929513674640079 dE = -1.00443E-01
SCF Iteration  96: Energy = 6.1933902833974273 dE =  1.00439E-01
SCF Iteration  97: Energy = 6.0929470484595356 dE = -1.00443E-01
SCF Iteration  98: Energy = 6.1933866723193010 dE =  1.00440E-01
SCF Iteration  99: Energy = 6.0929434949586359 dE = -1.00443E-01
SCF Iteration 100: Energy = 6.1933837012861872 dE =  1.00440E-01
SCF Iteration 101: Energy = 6.0929405712949603 dE = -1.00443E-01
SCF Iteration 102: Energy = 6.1933812568612607 dE =  1.00441E-01
SCF Iteration 103: Energy = 6.0929381658416357 dE = -1.00443E-01
SCF Iteration 104: Energy = 6.1933792457097336 dE =  1.00441E-01
SCF Iteration 105: Energy = 6.0929361867528717 dE = -1.00443E-01
SCF Iteration 106: Energy = 6.1933775910375921 dE =  1.00441E-01
SCF Iteration 107: Energy = 6.0929345584595547 dE = -1.00443E-01
SCF Iteration 108: Energy = 6.1933762296606858 dE =  1.00442E-01
SCF Iteration 109: Energy = 6.0929332187852481 dE = -1.00443E-01
SCF Iteration 110: Energy = 6.1933751095932053 dE =  1.00442E-01
SCF Iteration 111: Energy = 6.0929321165731469 dE = -1.00443E-01
SCF Iteration 112: Energy = 6.1933741880631592 dE =  1.00442E-01
SCF Iteration 113: Energy = 6.0929312097332735 dE = -1.00443E-01
SCF Iteration 114: Energy = 6.1933734298795065 dE =  1.00442E-01
SCF Iteration 115: Energy = 6.0929304636357458 dE = -1.00443E-01
SCF Iteration 116: Energy = 6.1933728060886377 dE =  1.00442E-01
SCF Iteration 117: Energy = 6.0929298497885540 dE = -1.00443E-01
SCF Iteration 118: Energy = 6.1933722928689328 dE =  1.00442E-01
SCF Iteration 119: Energy = 6.0929293447498694 dE = -1.00443E-01
SCF Iteration 120: Energy = 6.1933718706210907 dE =  1.00443E-01
SCF Iteration 121: Energy = 6.0929289292328619 dE = -1.00443E-01
SCF Iteration 122: Energy = 6.1933715232198470 dE =  1.00443E-01
SCF Iteration 123: Energy = 6.0929285873693289 dE = -1.00443E-01
SCF Iteration 124: Energy = 6.1933712373981855 dE =  1.00443E-01
SCF Iteration 125: Energy = 6.0929283061037527 dE = -1.00443E-01
SCF Iteration 126: Energy = 6.1933710022406956 dE =  1.00443E-01
SCF Iteration 127: Energy = 6.0929280746947283 dE = -1.00443E-01
SCF Iteration 128: Energy = 6.1933708087667974 dE =  1.00443E-01
SCF Iteration 129: Energy = 6.0929278843048413 dE = -1.00443E-01
SCF Iteration 130: Energy = 6.1933706495877630 dE =  1.00443E-01
SCF Iteration 131: Energy = 6.0929277276631497 dE = -1.00443E-01
SCF Iteration 132: Energy = 6.1933705186245520 dE =  1.00443E-01
SCF Iteration 133: Energy = 6.0929275987875133 dE = -1.00443E-01
SCF Iteration 134: Energy = 6.1933704108756924 dE =  1.00443E-01
SCF Iteration 135: Energy = 6.0929274927561581 dE = -1.00443E-01
SCF Iteration 136: Energy = 6.1933703222262348 dE =  1.00443E-01
SCF Iteration 137: Energy = 6.0929274055198004 dE = -1.00443E-01
SCF Iteration 138: Energy = 6.1933702492906662 dE =  1.00443E-01
SCF Iteration 139: Energy = 6.0929273337468430 dE = -1.00443E-01
SCF Iteration 140: Energy = 6.1933701892835682 dE =  1.00443E-01
SCF Iteration 141: Energy = 6.0929272746962528 dE = -1.00443E-01
SCF Iteration 142: Energy = 6.1933701399132621 dE =  1.00443E-01
SCF Iteration 143: Energy = 6.0929272261129093 dE = -1.00443E-01
SCF Iteration 144: Energy = 6.1933700992942757 dE =  1.00443E-01
SCF Iteration 145: Energy = 6.0929271861413818 dE = -1.00443E-01
SCF Iteration 146: Energy = 6.1933700658753530 dE =  1.00443E-01
SCF Iteration 147: Energy = 6.0929271532551663 dE = -1.00443E-01
SCF Iteration 148: Energy = 6.1933700383802375 dE =  1.00443E-01
SCF Iteration 149: Energy = 6.0929271261983322 dE = -1.00443E-01
SCF Iteration 150: Energy = 6.1933700157588758 dE =  1.00443E-01
SCF Iteration 151: Energy = 6.0929271039375461 dE = -1.00443E-01
SCF Iteration 152: Energy = 6.1933699971473644 dE =  1.00443E-01
SCF Iteration 153: Energy = 6.0929270856226969 dE = -1.00443E-01
SCF Iteration 154: Energy = 6.1933699818348913 dE =  1.00443E-01
SCF Iteration 155: Energy = 6.0929270705543201 dE = -1.00443E-01
SCF Iteration 156: Energy = 6.1933699692367057 dE =  1.00443E-01
SCF Iteration 157: Energy = 6.0929270581569472 dE = -1.00443E-01
SCF Iteration 158: Energy = 6.1933699588716609 dE =  1.00443E-01
SCF Iteration 159: Energy = 6.0929270479571027 dE = -1.00443E-01
SCF Iteration 160: Energy = 6.1933699503439108 dE =  1.00443E-01
SCF Iteration 161: Energy = 6.0929270395652928 dE = -1.00443E-01
SCF Iteration 162: Energy = 6.1933699433277738 dE =  1.00443E-01
SCF Iteration 163: Energy = 6.0929270326609988 dE = -1.00443E-01
SCF Iteration 164: Energy = 6.1933699375553299 dE =  1.00443E-01
SCF Iteration 165: Energy = 6.0929270269805533 dE = -1.00443E-01
SCF Iteration 166: Energy = 6.1933699328060783 dE =  1.00443E-01
SCF Iteration 167: Energy = 6.0929270223070064 dE = -1.00443E-01
SCF Iteration 168: Energy = 6.1933699288986857 dE =  1.00443E-01
SCF Iteration 169: Energy = 6.0929270184619018 dE = -1.00443E-01
SCF Iteration 170: Energy = 6.1933699256839008 dE =  1.00443E-01
SCF Iteration 171: Energy = 6.0929270152983559 dE = -1.00443E-01
SCF Iteration 172: Energy = 6.1933699230389818 dE =  1.00443E-01
SCF Iteration 173: Energy = 6.0929270126955970 dE = -1.00443E-01
SCF Iteration 174: Energy = 6.1933699208628834 dE =  1.00443E-01
SCF Iteration 175: Energy = 6.0929270105542006 dE = -1.00443E-01
SCF Iteration 176: Energy = 6.1933699190725386 dE =  1.00443E-01
SCF Iteration 177: Energy = 6.0929270087923779 dE = -1.00443E-01
SCF Iteration 178: Energy = 6.1933699175995383 dE =  1.00443E-01
SCF Iteration 179: Energy = 6.0929270073428485 dE = -1.00443E-01
SCF Iteration 180: Energy = 6.1933699163876419 dE =  1.00443E-01
SCF Iteration 181: Energy = 6.0929270061502718 dE = -1.00443E-01
SCF Iteration 182: Energy = 6.1933699153905550 dE =  1.00443E-01
SCF Iteration 183: Energy = 6.0929270051690860 dE = -1.00443E-01
SCF Iteration 184: Energy = 6.1933699145702050 dE =  1.00443E-01
SCF Iteration 185: Energy = 6.0929270043618207 dE = -1.00443E-01
SCF Iteration 186: Energy = 6.1933699138952694 dE =  1.00443E-01
SCF Iteration 187: Energy = 6.0929270036976302 dE = -1.00443E-01
SCF Iteration 188: Energy = 6.1933699133399767 dE =  1.00443E-01
SCF Iteration 189: Energy = 6.0929270031511873 dE = -1.00443E-01
SCF Iteration 190: Energy = 6.1933699128831048 dE =  1.00443E-01
SCF Iteration 191: Energy = 6.0929270027016145 dE = -1.00443E-01
SCF Iteration 192: Energy = 6.1933699125072437 dE =  1.00443E-01
SCF Iteration 193: Energy = 6.0929270023317228 dE = -1.00443E-01
SCF Iteration 194: Energy = 6.1933699121980030 dE =  1.00443E-01
SCF Iteration 195: Energy = 6.0929270020274302 dE = -1.00443E-01
SCF Iteration 196: Energy = 6.1933699119435683 dE =  1.00443E-01
SCF Iteration 197: Energy = 6.0929270017770616 dE = -1.00443E-01
SCF Iteration 198: Energy = 6.1933699117342451 dE =  1.00443E-01
SCF Iteration 199: Energy = 6.0929270015710530 dE = -1.00443E-01
SCF Iteration 200: Energy = 6.1933699115620193 dE =  1.00443E-01
SCF Iteration 201: Energy = 6.0929270014015824 dE = -1.00443E-01
SCF Iteration 202: Energy = 6.1933699114203229 dE =  1.00443E-01
SCF Iteration 203: Energy = 6.0929270012621410 dE = -1.00443E-01
SCF Iteration 204: Energy = 6.1933699113037459 dE =  1.00443E-01
SCF Iteration 205: Energy = 6.0929270011474124 dE = -1.00443E-01
SCF Iteration 206: Energy = 6.1933699112078227 dE =  1.00443E-01
SCF Iteration 207: Energy = 6.0929270010530381 dE = -1.00443E-01
SCF Iteration 208: Energy = 6.1933699111289169 dE =  1.00443E-01
SCF Iteration 209: Energy = 6.0929270009753829 dE = -1.00443E-01
SCF Iteration 210: Energy = 6.1933699110639866 dE =  1.00443E-01
SCF Iteration 211: Energy = 6.0929270009114926 dE = -1.00443E-01
SCF Iteration 212: Energy = 6.1933699110105795 dE =  1.00443E-01
SCF Iteration 213: Energy = 6.0929270008589285 dE = -1.00443E-01
SCF Iteration 214: Energy = 6.1933699109666271 dE =  1.00443E-01
SCF Iteration 215: Energy = 6.0929270008156662 dE = -1.00443E-01
SCF Iteration 216: Energy = 6.1933699109304703 dE =  1.00443E-01
SCF Iteration 217: Energy = 6.0929270007800929 dE = -1.00443E-01
SCF Iteration 218: Energy = 6.1933699109007128 dE =  1.00443E-01
SCF Iteration 219: Energy = 6.0929270007508247 dE = -1.00443E-01
SCF Iteration 220: Energy = 6.1933699108762488 dE =  1.00443E-01
SCF Iteration 221: Energy = 6.0929270007267444 dE = -1.00443E-01
SCF Iteration 222: Energy = 6.1933699108560942 dE =  1.00443E-01
SCF Iteration 223: Energy = 6.0929270007069150 dE = -1.00443E-01
SCF Iteration 224: Energy = 6.1933699108395306 dE =  1.00443E-01
SCF Iteration 225: Energy = 6.0929270006906115 dE = -1.00443E-01
SCF Iteration 226: Energy = 6.1933699108259095 dE =  1.00443E-01
SCF Iteration 227: Energy = 6.0929270006772063 dE = -1.00443E-01
SCF Iteration 228: Energy = 6.1933699108146927 dE =  1.00443E-01
SCF Iteration 229: Energy = 6.0929270006661653 dE = -1.00443E-01
SCF Iteration 230: Energy = 6.1933699108054521 dE =  1.00443E-01
SCF Iteration 231: Energy = 6.0929270006570828 dE = -1.00443E-01
SCF Iteration 232: Energy = 6.1933699107978653 dE =  1.00443E-01
SCF Iteration 233: Energy = 6.0929270006496150 dE = -1.00443E-01
SCF Iteration 234: Energy = 6.1933699107916205 dE =  1.00443E-01
SCF Iteration 235: Energy = 6.0929270006434626 dE = -1.00443E-01
SCF Iteration 236: Energy = 6.1933699107864930 dE =  1.00443E-01
SCF Iteration 237: Energy = 6.0929270006384240 dE = -1.00443E-01
SCF Iteration 238: Energy = 6.1933699107822644 dE =  1.00443E-01
SCF Iteration 239: Energy = 6.0929270006342486 dE = -1.00443E-01
SCF Iteration 240: Energy = 6.1933699107787676 dE =  1.00443E-01
SCF Iteration 241: Energy = 6.0929270006308212 dE = -1.00443E-01
SCF Iteration 242: Energy = 6.1933699107759104 dE =  1.00443E-01
SCF Iteration 243: Energy = 6.0929270006280065 dE = -1.00443E-01
SCF Iteration 244: Energy = 6.1933699107735531 dE =  1.00443E-01
SCF Iteration 245: Energy = 6.0929270006256981 dE = -1.00443E-01
SCF Iteration 246: Energy = 6.1933699107716231 dE =  1.00443E-01
SCF Iteration 247: Energy = 6.0929270006237903 dE = -1.00443E-01
SCF Iteration 248: Energy = 6.1933699107700173 dE =  1.00443E-01
SCF Iteration 249: Energy = 6.0929270006222112 dE = -1.00443E-01
SCF Iteration 250: Energy = 6.1933699107687135 dE =  1.00443E-01
SCF Iteration 251: Energy = 6.0929270006209144 dE = -1.00443E-01
SCF Iteration 252: Energy = 6.1933699107676334 dE =  1.00443E-01
SCF Iteration 253: Energy = 6.0929270006198522 dE = -1.00443E-01
SCF Iteration 254: Energy = 6.1933699107667541 dE =  1.00443E-01
SCF Iteration 255: Energy = 6.0929270006189853 dE = -1.00443E-01
SCF Iteration 256: Energy = 6.1933699107660072 dE =  1.00443E-01
SCF Iteration 257: Energy = 6.0929270006182685 dE = -1.00443E-01
SCF Iteration 258: Energy = 6.1933699107654130 dE =  1.00443E-01
SCF Iteration 259: Energy = 6.0929270006176921 dE = -1.00443E-01
SCF Iteration 260: Energy = 6.1933699107649200 dE =  1.00443E-01
SCF Iteration 261: Energy = 6.0929270006171929 dE = -1.00443E-01
SCF Iteration 262: Energy = 6.1933699107645124 dE =  1.00443E-01
SCF Iteration 263: Energy = 6.0929270006167862 dE = -1.00443E-01
SCF Iteration 264: Energy = 6.1933699107641758 dE =  1.00443E-01
SCF Iteration 265: Energy = 6.0929270006164522 dE = -1.00443E-01
SCF Iteration 266: Energy = 6.1933699107639022 dE =  1.00443E-01
SCF Iteration 267: Energy = 6.0929270006161929 dE = -1.00443E-01
SCF Iteration 268: Energy = 6.1933699107636828 dE =  1.00443E-01
SCF Iteration 269: Energy = 6.0929270006159619 dE = -1.00443E-01
SCF Iteration 270: Energy = 6.1933699107634990 dE =  1.00443E-01
SCF Iteration 271: Energy = 6.0929270006157941 dE = -1.00443E-01
SCF Iteration 272: Energy = 6.1933699107633426 dE =  1.00443E-01
SCF Iteration 273: Energy = 6.0929270006156413 dE = -1.00443E-01
SCF Iteration 274: Energy = 6.1933699107632254 dE =  1.00443E-01
SCF Iteration 275: Energy = 6.0929270006155178 dE = -1.00443E-01
SCF Iteration 276: Energy = 6.1933699107631242 dE =  1.00443E-01
SCF Iteration 277: Energy = 6.0929270006154361 dE = -1.00443E-01
SCF Iteration 278: Energy = 6.1933699107630398 dE =  1.00443E-01
SCF Iteration 279: Energy = 6.0929270006153402 dE = -1.00443E-01
SCF Iteration 280: Energy = 6.1933699107629661 dE =  1.00443E-01
SCF Iteration 281: Energy = 6.0929270006152727 dE = -1.00443E-01
SCF Iteration 282: Energy = 6.1933699107629110 dE =  1.00443E-01
SCF Iteration 283: Energy = 6.0929270006152141 dE = -1.00443E-01
SCF Iteration 284: Energy = 6.1933699107628613 dE =  1.00443E-01
SCF Iteration 285: Energy = 6.0929270006151599 dE = -1.00443E-01
SCF Iteration 286: Energy = 6.1933699107628124 dE =  1.00443E-01
SCF Iteration 287: Energy = 6.0929270006151235 dE = -1.00443E-01
SCF Iteration 288: Energy = 6.1933699107627795 dE =  1.00443E-01
SCF Iteration 289: Energy = 6.0929270006150942 dE = -1.00443E-01
SCF Iteration 290: Energy = 6.1933699107627689 dE =  1.00443E-01
SCF Iteration 291: Energy = 6.0929270006150675 dE = -1.00443E-01
SCF Iteration 292: Energy = 6.1933699107627378 dE =  1.00443E-01
SCF Iteration 293: Energy = 6.0929270006150391 dE = -1.00443E-01
SCF Iteration 294: Energy = 6.1933699107627271 dE =  1.00443E-01
SCF Iteration 295: Energy = 6.0929270006150293 dE = -1.00443E-01
SCF Iteration 296: Energy = 6.1933699107626961 dE =  1.00443E-01
SCF Iteration 297: Energy = 6.0929270006150240 dE = -1.00443E-01
SCF Iteration 298: Energy = 6.1933699107626801 dE =  1.00443E-01
SCF Iteration 299: Energy = 6.0929270006149991 dE = -1.00443E-01
SCF Iteration 300: Energy = 6.1933699107626818 dE =  1.00443E-01
SCF Iteration 301: Energy = 6.0929270006149974 dE = -1.00443E-01
SCF Iteration 302: Energy = 6.1933699107626694 dE =  1.00443E-01
SCF Iteration 303: Energy = 6.0929270006149832 dE = -1.00443E-01
SCF Iteration 304: Energy = 6.1933699107626570 dE =  1.00443E-01
SCF Iteration 305: Energy = 6.0929270006149654 dE = -1.00443E-01
SCF Iteration 306: Energy = 6.1933699107626570 dE =  1.00443E-01
SCF Iteration 307: Energy = 6.0929270006149592 dE = -1.00443E-01
SCF Iteration 308: Energy = 6.1933699107626552 dE =  1.00443E-01
SCF Iteration 309: Energy = 6.0929270006149601 dE = -1.00443E-01
SCF Iteration 310: Energy = 6.1933699107626525 dE =  1.00443E-01
SCF Iteration 311: Energy = 6.0929270006149681 dE = -1.00443E-01
SCF Iteration 312: Energy = 6.1933699107626508 dE =  1.00443E-01
SCF Iteration 313: Energy = 6.0929270006149610 dE = -1.00443E-01
SCF Iteration 314: Energy = 6.1933699107626534 dE =  1.00443E-01
SCF Iteration 315: Energy = 6.0929270006149547 dE = -1.00443E-01
SCF Iteration 316: Energy = 6.1933699107626667 dE =  1.00443E-01
SCF Iteration 317: Energy = 6.0929270006149485 dE = -1.00443E-01
SCF Iteration 318: Energy = 6.1933699107626445 dE =  1.00443E-01
SCF Iteration 319: Energy = 6.0929270006149476 dE = -1.00443E-01
SCF Iteration 320: Energy = 6.1933699107626392 dE =  1.00443E-01
SCF Iteration 321: Energy = 6.0929270006149485 dE = -1.00443E-01
SCF Iteration 322: Energy = 6.1933699107626481 dE =  1.00443E-01
SCF Iteration 323: Energy = 6.0929270006149512 dE = -1.00443E-01
SCF Iteration 324: Energy = 6.1933699107626428 dE =  1.00443E-01
SCF Iteration 325: Energy = 6.0929270006149618 dE = -1.00443E-01
SCF Iteration 326: Energy = 6.1933699107626392 dE =  1.00443E-01
SCF Iteration 327: Energy = 6.0929270006149530 dE = -1.00443E-01
SCF Iteration 328: Energy = 6.1933699107626445 dE =  1.00443E-01
SCF Iteration 329: Energy = 6.0929270006149592 dE = -1.00443E-01
SCF Iteration 330: Energy = 6.1933699107626410 dE =  1.00443E-01
SCF Iteration 331: Energy = 6.0929270006149405 dE = -1.00443E-01
SCF Iteration 332: Energy = 6.1933699107626339 dE =  1.00443E-01
SCF Iteration 333: Energy = 6.0929270006149432 dE = -1.00443E-01
SCF Iteration 334: Energy = 6.1933699107626303 dE =  1.00443E-01
SCF Iteration 335: Energy = 6.0929270006149387 dE = -1.00443E-01
SCF Iteration 336: Energy = 6.1933699107626214 dE =  1.00443E-01
SCF Iteration 337: Energy = 6.0929270006149467 dE = -1.00443E-01
SCF Iteration 338: Energy = 6.1933699107626303 dE =  1.00443E-01
SCF Iteration 339: Energy = 6.0929270006149467 dE = -1.00443E-01
SCF Iteration 340: Energy = 6.1933699107626410 dE =  1.00443E-01
SCF Iteration 341: Energy = 6.0929270006149494 dE = -1.00443E-01
SCF Iteration 342: Energy = 6.1933699107626392 dE =  1.00443E-01
SCF Iteration 343: Energy = 6.0929270006149423 dE = -1.00443E-01
SCF Iteration 344: Energy = 6.1933699107626339 dE =  1.00443E-01
SCF Iteration 345: Energy = 6.0929270006149547 dE = -1.00443E-01
SCF Iteration 346: Energy = 6.1933699107626321 dE =  1.00443E-01
SCF Iteration 347: Energy = 6.0929270006149361 dE = -1.00443E-01
SCF Iteration 348: Energy = 6.1933699107626374 dE =  1.00443E-01
SCF Iteration 349: Energy = 6.0929270006149414 dE = -1.00443E-01
SCF Iteration 350: Energy = 6.1933699107626321 dE =  1.00443E-01
SCF Iteration 351: Energy = 6.0929270006149459 dE = -1.00443E-01
SCF Iteration 352: Energy = 6.1933699107626374 dE =  1.00443E-01
SCF Iteration 353: Energy = 6.0929270006149565 dE = -1.00443E-01
SCF Iteration 354: Energy = 6.1933699107626383 dE =  1.00443E-01
SCF Iteration 355: Energy = 6.0929270006149530 dE = -1.00443E-01
SCF Iteration 356: Energy = 6.1933699107626463 dE =  1.00443E-01
SCF Iteration 357: Energy = 6.0929270006149547 dE = -1.00443E-01
SCF Iteration 358: Energy = 6.1933699107626348 dE =  1.00443E-01
SCF Iteration 359: Energy = 6.0929270006149405 dE = -1.00443E-01
SCF Iteration 360: Energy = 6.1933699107626303 dE =  1.00443E-01
SCF Iteration 361: Energy = 6.0929270006149459 dE = -1.00443E-01
SCF Iteration 362: Energy = 6.1933699107626339 dE =  1.00443E-01
SCF Iteration 363: Energy = 6.0929270006149405 dE = -1.00443E-01
SCF Iteration 364: Energy = 6.1933699107626410 dE =  1.00443E-01
SCF Iteration 365: Energy = 6.0929270006149565 dE = -1.00443E-01
SCF Iteration 366: Energy = 6.1933699107626445 dE =  1.00443E-01
SCF Iteration 367: Energy = 6.0929270006149450 dE = -1.00443E-01
SCF Iteration 368: Energy = 6.1933699107626392 dE =  1.00443E-01
SCF Iteration 369: Energy = 6.0929270006149459 dE = -1.00443E-01
SCF Iteration 370: Energy = 6.1933699107626392 dE =  1.00443E-01
SCF Iteration 371: Energy = 6.0929270006149467 dE = -1.00443E-01
SCF Iteration 372: Energy = 6.1933699107626374 dE =  1.00443E-01
SCF Iteration 373: Energy = 6.0929270006149494 dE = -1.00443E-01
SCF Iteration 374: Energy = 6.1933699107626285 dE =  1.00443E-01
SCF Iteration 375: Energy = 6.0929270006149441 dE = -1.00443E-01
SCF Iteration 376: Energy = 6.1933699107626294 dE =  1.00443E-01
SCF Iteration 377: Energy = 6.0929270006149423 dE = -1.00443E-01
SCF Iteration 378: Energy = 6.1933699107626374 dE =  1.00443E-01
SCF Iteration 379: Energy = 6.0929270006149405 dE = -1.00443E-01
SCF Iteration 380: Energy = 6.1933699107626392 dE =  1.00443E-01
SCF Iteration 381: Energy = 6.0929270006149459 dE = -1.00443E-01
SCF Iteration 382: Energy = 6.1933699107626357 dE =  1.00443E-01
SCF Iteration 383: Energy = 6.0929270006149263 dE = -1.00443E-01
SCF Iteration 384: Energy = 6.1933699107626454 dE =  1.00443E-01
SCF Iteration 385: Energy = 6.0929270006149370 dE = -1.00443E-01
SCF Iteration 386: Energy = 6.1933699107626312 dE =  1.00443E-01
SCF Iteration 387: Energy = 6.0929270006149538 dE = -1.00443E-01
SCF Iteration 388: Energy = 6.1933699107626428 dE =  1.00443E-01
SCF Iteration 389: Energy = 6.0929270006149476 dE = -1.00443E-01
SCF Iteration 390: Energy = 6.1933699107626232 dE =  1.00443E-01
SCF Iteration 391: Energy = 6.0929270006149343 dE = -1.00443E-01
SCF Iteration 392: Energy = 6.1933699107626321 dE =  1.00443E-01
SCF Iteration 393: Energy = 6.0929270006149370 dE = -1.00443E-01
SCF Iteration 394: Energy = 6.1933699107626303 dE =  1.00443E-01
SCF Iteration 395: Energy = 6.0929270006149281 dE = -1.00443E-01
SCF Iteration 396: Energy = 6.1933699107626339 dE =  1.00443E-01
SCF Iteration 397: Energy = 6.0929270006149352 dE = -1.00443E-01
SCF Iteration 398: Energy = 6.1933699107626357 dE =  1.00443E-01
SCF Iteration 399: Energy = 6.0929270006149370 dE = -1.00443E-01
SCF Iteration 400: Energy = 6.1933699107626321 dE =  1.00443E-01
SCF Iteration 401: Energy = 6.0929270006149467 dE = -1.00443E-01
SCF Iteration 402: Energy = 6.1933699107626445 dE =  1.00443E-01
SCF Iteration 403: Energy = 6.0929270006149494 dE = -1.00443E-01
SCF Iteration 404: Energy = 6.1933699107626294 dE =  1.00443E-01
SCF Iteration 405: Energy = 6.0929270006149343 dE = -1.00443E-01
SCF Iteration 406: Energy = 6.1933699107626223 dE =  1.00443E-01
SCF Iteration 407: Energy = 6.0929270006149343 dE = -1.00443E-01
SCF Iteration 408: Energy = 6.1933699107626410 dE =  1.00443E-01
SCF Iteration 409: Energy = 6.0929270006149467 dE = -1.00443E-01
SCF Iteration 410: Energy = 6.1933699107626365 dE =  1.00443E-01
SCF Iteration 411: Energy = 6.0929270006149405 dE = -1.00443E-01
SCF Iteration 412: Energy = 6.1933699107626401 dE =  1.00443E-01
SCF Iteration 413: Energy = 6.0929270006149334 dE = -1.00443E-01
SCF Iteration 414: Energy = 6.1933699107626445 dE =  1.00443E-01
SCF Iteration 415: Energy = 6.0929270006149361 dE = -1.00443E-01
SCF Iteration 416: Energy = 6.1933699107626463 dE =  1.00443E-01
SCF Iteration 417: Energy = 6.0929270006149405 dE = -1.00443E-01
SCF Iteration 418: Energy = 6.1933699107626357 dE =  1.00443E-01
SCF Iteration 419: Energy = 6.0929270006149441 dE = -1.00443E-01
SCF Iteration 420: Energy = 6.1933699107626348 dE =  1.00443E-01
SCF Iteration 421: Energy = 6.0929270006149405 dE = -1.00443E-01
SCF Iteration 422: Energy = 6.1933699107626294 dE =  1.00443E-01
SCF Iteration 423: Energy = 6.0929270006149316 dE = -1.00443E-01
SCF Iteration 424: Energy = 6.1933699107626197 dE =  1.00443E-01
SCF Iteration 425: Energy = 6.0929270006149459 dE = -1.00443E-01
SCF Iteration 426: Energy = 6.1933699107626250 dE =  1.00443E-01
SCF Iteration 427: Energy = 6.0929270006149352 dE = -1.00443E-01
SCF Iteration 428: Energy = 6.1933699107626321 dE =  1.00443E-01
SCF Iteration 429: Energy = 6.0929270006149512 dE = -1.00443E-01
SCF Iteration 430: Energy = 6.1933699107626428 dE =  1.00443E-01
SCF Iteration 431: Energy = 6.0929270006149476 dE = -1.00443E-01
SCF Iteration 432: Energy = 6.1933699107626499 dE =  1.00443E-01
SCF Iteration 433: Energy = 6.0929270006149627 dE = -1.00443E-01
SCF Iteration 434: Energy = 6.1933699107626383 dE =  1.00443E-01
SCF Iteration 435: Energy = 6.0929270006149476 dE = -1.00443E-01
SCF Iteration 436: Energy = 6.1933699107626410 dE =  1.00443E-01
SCF Iteration 437: Energy = 6.0929270006149583 dE = -1.00443E-01
SCF Iteration 438: Energy = 6.1933699107626419 dE =  1.00443E-01
SCF Iteration 439: Energy = 6.0929270006149538 dE = -1.00443E-01
SCF Iteration 440: Energy = 6.1933699107626445 dE =  1.00443E-01
SCF Iteration 441: Energy = 6.0929270006149512 dE = -1.00443E-01
SCF Iteration 442: Energy = 6.1933699107626294 dE =  1.00443E-01
SCF Iteration 443: Energy = 6.0929270006149423 dE = -1.00443E-01
SCF Iteration 444: Energy = 6.1933699107626348 dE =  1.00443E-01
SCF Iteration 445: Energy = 6.0929270006149476 dE = -1.00443E-01
SCF Iteration 446: Energy = 6.1933699107626312 dE =  1.00443E-01
SCF Iteration 447: Energy = 6.0929270006149405 dE = -1.00443E-01
SCF Iteration 448: Energy = 6.1933699107626321 dE =  1.00443E-01
SCF Iteration 449: Energy = 6.0929270006149245 dE = -1.00443E-01
SCF Iteration 450: Energy = 6.1933699107626285 dE =  1.00443E-01
SCF Iteration 451: Energy = 6.0929270006149370 dE = -1.00443E-01
SCF Iteration 452: Energy = 6.1933699107626285 dE =  1.00443E-01
SCF Iteration 453: Energy = 6.0929270006149352 dE = -1.00443E-01
SCF Iteration 454: Energy = 6.1933699107626268 dE =  1.00443E-01
SCF Iteration 455: Energy = 6.0929270006149450 dE = -1.00443E-01
SCF Iteration 456: Energy = 6.1933699107626401 dE =  1.00443E-01
SCF Iteration 457: Energy = 6.0929270006149503 dE = -1.00443E-01
SCF Iteration 458: Energy = 6.1933699107626330 dE =  1.00443E-01
SCF Iteration 459: Energy = 6.0929270006149494 dE = -1.00443E-01
SCF Iteration 460: Energy = 6.1933699107626312 dE =  1.00443E-01
SCF Iteration 461: Energy = 6.0929270006149601 dE = -1.00443E-01
SCF Iteration 462: Energy = 6.1933699107626374 dE =  1.00443E-01
SCF Iteration 463: Energy = 6.0929270006149387 dE = -1.00443E-01
SCF Iteration 464: Energy = 6.1933699107626481 dE =  1.00443E-01
SCF Iteration 465: Energy = 6.0929270006149512 dE = -1.00443E-01
SCF Iteration 466: Energy = 6.1933699107626490 dE =  1.00443E-01
SCF Iteration 467: Energy = 6.0929270006149476 dE = -1.00443E-01
SCF Iteration 468: Energy = 6.1933699107626339 dE =  1.00443E-01
SCF Iteration 469: Energy = 6.0929270006149512 dE = -1.00443E-01
SCF Iteration 470: Energy = 6.1933699107626303 dE =  1.00443E-01
SCF Iteration 471: Energy = 6.0929270006149512 dE = -1.00443E-01
SCF Iteration 472: Energy = 6.1933699107626445 dE =  1.00443E-01
SCF Iteration 473: Energy = 6.0929270006149547 dE = -1.00443E-01
SCF Iteration 474: Energy = 6.1933699107626410 dE =  1.00443E-01
SCF Iteration 475: Energy = 6.0929270006149512 dE = -1.00443E-01
SCF Iteration 476: Energy = 6.1933699107626188 dE =  1.00443E-01
SCF Iteration 477: Energy = 6.0929270006149228 dE = -1.00443E-01
SCF Iteration 478: Energy = 6.1933699107626454 dE =  1.00443E-01
SCF Iteration 479: Energy = 6.0929270006149361 dE = -1.00443E-01
SCF Iteration 480: Energy = 6.1933699107626348 dE =  1.00443E-01
SCF Iteration 481: Energy = 6.0929270006149476 dE = -1.00443E-01
SCF Iteration 482: Energy = 6.1933699107626392 dE =  1.00443E-01
SCF Iteration 483: Energy = 6.0929270006149396 dE = -1.00443E-01
SCF Iteration 484: Energy = 6.1933699107626481 dE =  1.00443E-01
SCF Iteration 485: Energy = 6.0929270006149530 dE = -1.00443E-01
SCF Iteration 486: Energy = 6.1933699107626357 dE =  1.00443E-01
SCF Iteration 487: Energy = 6.0929270006149414 dE = -1.00443E-01
SCF Iteration 488: Energy = 6.1933699107626339 dE =  1.00443E-01
SCF Iteration 489: Energy = 6.0929270006149547 dE = -1.00443E-01
SCF Iteration 490: Energy = 6.1933699107626481 dE =  1.00443E-01
SCF Iteration 491: Energy = 6.0929270006149512 dE = -1.00443E-01
SCF Iteration 492: Energy = 6.1933699107626392 dE =  1.00443E-01
SCF Iteration 493: Energy = 6.0929270006149521 dE = -1.00443E-01
SCF Iteration 494: Energy = 6.1933699107626436 dE =  1.00443E-01
SCF Iteration 495: Energy = 6.0929270006149476 dE = -1.00443E-01
SCF Iteration 496: Energy = 6.1933699107626374 dE =  1.00443E-01
SCF Iteration 497: Energy = 6.0929270006149334 dE = -1.00443E-01
SCF Iteration 498: Energy = 6.1933699107626285 dE =  1.00443E-01
SCF Iteration 499: Energy = 6.0929270006149414 dE = -1.00443E-01
SCF Iteration 500: Energy = 6.1933699107626214 dE =  1.00443E-01
