
  Memory set to  55.879 GiB by Python driver.
  Threads set to 1 by Python driver.
Settings:
	LOT = CCSD-S1-U21
	wc = 20.0 eV
	lambda = [1.212424 0.       0.      ] a.u.
	Equivalent A0 = LAMBDA / sqrt(2 wc) = [1. 0. 0.])
doing QED-CCSD-1 (or QED-CCSD-21)
Number of occupied orbitals:   1
Number of basis functions:  60
SCF Iteration   1: Energy = 11.5645619878415804 dE =  1.15646E+01
SCF Iteration   2: Energy = 12.1629592963656918 dE =  5.98397E-01
SCF Iteration   3: Energy = 11.8031738169852627 dE = -3.59785E-01
SCF Iteration   4: Energy = 12.0776422076482675 dE =  2.74468E-01
SCF Iteration   5: Energy = 11.9751783931032509 dE = -1.02464E-01
SCF Iteration   6: Energy = 12.0815226905550031 dE =  1.06344E-01
SCF Iteration   7: Energy = 12.0541441816451496 dE = -2.73785E-02
SCF Iteration   8: Energy = 12.0900079170138124 dE =  3.58637E-02
SCF Iteration   9: Energy = 12.0845763291166257 dE = -5.43159E-03
SCF Iteration  10: Energy = 12.0920106754900640 dE =  7.43435E-03
SCF Iteration  11: Energy = 12.0924883941936052 dE =  4.77719E-04
SCF Iteration  12: Energy = 12.0882059062801712 dE = -4.28249E-03
SCF Iteration  13: Energy = 12.0896444866246995 dE =  1.43858E-03
SCF Iteration  14: Energy = 12.0804326603048899 dE = -9.21183E-03
SCF Iteration  15: Energy = 12.0814179357901210 dE =  9.85275E-04
SCF Iteration  16: Energy = 12.0701865934166932 dE = -1.12313E-02
SCF Iteration  17: Energy = 12.0704625855634884 dE =  2.75992E-04
SCF Iteration  18: Energy = 12.0585368237069357 dE = -1.19258E-02
SCF Iteration  19: Energy = 12.0582099808301404 dE = -3.26843E-04
SCF Iteration  20: Energy = 12.0462273709989969 dE = -1.19826E-02
SCF Iteration  21: Energy = 12.0454916399291800 dE = -7.35731E-04
SCF Iteration  22: Energy = 12.0337714801851572 dE = -1.17202E-02
SCF Iteration  23: Energy = 12.0328150268060696 dE = -9.56453E-04
SCF Iteration  24: Energy = 12.0215190889718908 dE = -1.12959E-02
SCF Iteration  25: Energy = 12.0204966001784772 dE = -1.02249E-03
SCF Iteration  26: Energy = 12.0097034184972085 dE = -1.07932E-02
SCF Iteration  27: Energy = 12.0087321290394033 dE = -9.71289E-04
SCF Iteration  28: Energy = 11.9984736014745224 dE = -1.02585E-02
SCF Iteration  29: Energy = 11.9976373726466772 dE = -8.36229E-04
SCF Iteration  30: Energy = 11.9879180540042629 dE = -9.71932E-03
SCF Iteration  31: Energy = 11.9872735455491135 dE = -6.44508E-04
SCF Iteration  32: Energy = 11.9780815283316198 dE = -9.19202E-03
SCF Iteration  33: Energy = 11.9776642549556840 dE = -4.17273E-04
SCF Iteration  34: Energy = 11.9689776986997654 dE = -8.68656E-03
SCF Iteration  35: Energy = 11.9688072443868130 dE = -1.70454E-04
SCF Iteration  36: Energy = 11.9605984989515495 dE = -8.20875E-03
SCF Iteration  37: Energy = 11.9606827457229432 dE =  8.42468E-05
SCF Iteration  38: Energy = 11.9529210526143448 dE = -7.76169E-03
SCF Iteration  39: Energy = 11.9532594979687339 dE =  3.38445E-04
SCF Iteration  40: Energy = 11.9459127987625973 dE = -7.34670E-03
SCF Iteration  41: Energy = 11.9464991032110124 dE =  5.86304E-04
SCF Iteration  42: Energy = 11.9395352587051828 dE = -6.96384E-03
SCF Iteration  43: Energy = 11.9403591715046336 dE =  8.23913E-04
SCF Iteration  44: Energy = 11.9337467774736474 dE = -6.61239E-03
SCF Iteration  45: Energy = 11.9347955729843722 dE =  1.04880E-03
SCF Iteration  46: Energy = 11.9285044930872477 dE = -6.29108E-03
SCF Iteration  47: Energy = 11.9297640282595570 dE =  1.25954E-03
SCF Iteration  48: Energy = 11.9237657260098171 dE = -5.99830E-03
SCF Iteration  49: Energy = 11.9252212079062634 dE =  1.45548E-03
SCF Iteration  50: Energy = 11.9194889352865996 dE = -5.73227E-03
SCF Iteration  51: Energy = 11.9211254686419821 dE =  1.63653E-03
SCF Iteration  52: Energy = 11.9156343527720079 dE = -5.49112E-03
SCF Iteration  53: Energy = 11.9174373219585856 dE =  1.80297E-03
SCF Iteration  54: Energy = 11.9121643800003856 dE = -5.27294E-03
SCF Iteration  55: Energy = 11.9141197072333682 dE =  1.95533E-03
SCF Iteration  56: Energy = 11.9090438116873170 dE = -5.07590E-03
SCF Iteration  57: Energy = 11.9111381234486604 dE =  2.09431E-03
SCF Iteration  58: Energy = 11.9062399341256260 dE = -4.89819E-03
SCF Iteration  59: Energy = 11.9084606601233158 dE =  2.22073E-03
SCF Iteration  60: Energy = 11.9037225347403233 dE = -4.73813E-03
SCF Iteration  61: Energy = 11.9060579578163033 dE =  2.33542E-03
SCF Iteration  62: Energy = 11.9014638499320409 dE = -4.59411E-03
SCF Iteration  63: Energy = 11.9039031208037880 dE =  2.43927E-03
SCF Iteration  64: Energy = 11.8994384713974650 dE = -4.46465E-03
SCF Iteration  65: Energy = 11.9019715986618699 dE =  2.53313E-03
SCF Iteration  66: Energy = 11.8976232258548063 dE = -4.34837E-03
SCF Iteration  67: Energy = 11.9002410490484714 dE =  2.61782E-03
SCF Iteration  68: Energy = 11.8959970391227561 dE = -4.24401E-03
SCF Iteration  69: Energy = 11.8986911906335724 dE =  2.69415E-03
SCF Iteration  70: Energy = 11.8945407925007753 dE = -4.15040E-03
SCF Iteration  71: Energy = 11.8973036526065901 dE =  2.76286E-03
SCF Iteration  72: Energy = 11.8932371771390404 dE = -4.06648E-03
SCF Iteration  73: Energy = 11.8960618253015387 dE =  2.82465E-03
SCF Iteration  74: Energy = 11.8920705503923365 dE = -3.99127E-03
SCF Iteration  75: Energy = 11.8949507150670861 dE =  2.88016E-03
SCF Iteration  76: Energy = 11.8910267968891485 dE = -3.92392E-03
SCF Iteration  77: Energy = 11.8939568054577425 dE =  2.93001E-03
SCF Iteration  78: Energy = 11.8900931961042851 dE = -3.86361E-03
SCF Iteration  79: Energy = 11.8930679260464398 dE =  2.97473E-03
SCF Iteration  80: Energy = 11.8892582975329528 dE = -3.80963E-03
SCF Iteration  81: Energy = 11.8922731295878652 dE =  3.01483E-03
SCF Iteration  82: Energy = 11.8885118040548807 dE = -3.76133E-03
SCF Iteration  83: Energy = 11.8915625778502676 dE =  3.05077E-03
SCF Iteration  84: Energy = 11.8878444637114580 dE = -3.71811E-03
SCF Iteration  85: Energy = 11.8909274361381474 dE =  3.08297E-03
SCF Iteration  86: Energy = 11.8872479698591071 dE = -3.67947E-03
SCF Iteration  87: Energy = 11.8903597763217714 dE =  3.11181E-03
SCF Iteration  88: Energy = 11.8867148694795617 dE = -3.64491E-03
SCF Iteration  89: Energy = 11.8898524880503640 dE =  3.13762E-03
SCF Iteration  90: Energy = 11.8862384793085614 dE = -3.61401E-03
SCF Iteration  91: Energy = 11.8893991977357718 dE =  3.16072E-03
SCF Iteration  92: Energy = 11.8858128093659499 dE = -3.58639E-03
SCF Iteration  93: Energy = 11.8889941948384656 dE =  3.18139E-03
SCF Iteration  94: Energy = 11.8854324934261104 dE = -3.56170E-03
SCF Iteration  95: Energy = 11.8886323649626373 dE =  3.19987E-03
SCF Iteration  96: Energy = 11.8850927259474783 dE = -3.53964E-03
SCF Iteration  97: Energy = 11.8883091292576264 dE =  3.21640E-03
SCF Iteration  98: Energy = 11.8847892049760144 dE = -3.51992E-03
SCF Iteration  99: Energy = 11.8880203896301833 dE =  3.23118E-03
SCF Iteration 100: Energy = 11.8845180805460284 dE = -3.50231E-03
SCF Iteration 101: Energy = 11.8877624792873480 dE =  3.24440E-03
SCF Iteration 102: Energy = 11.8842759081184202 dE = -3.48657E-03
SCF Iteration 103: Energy = 11.8875321181505011 dE =  3.25621E-03
SCF Iteration 104: Energy = 11.8840596066193669 dE = -3.47251E-03
SCF Iteration 105: Energy = 11.8873263727086407 dE =  3.26677E-03
SCF Iteration 106: Energy = 11.8838664206671236 dE = -3.45995E-03
SCF Iteration 107: Energy = 11.8871426199047381 dE =  3.27620E-03
SCF Iteration 108: Energy = 11.8836938866022468 dE = -3.44873E-03
SCF Iteration 109: Energy = 11.8869785146795177 dE =  3.28463E-03
SCF Iteration 110: Energy = 11.8835398019645684 dE = -3.43871E-03
SCF Iteration 111: Energy = 11.8868319608242512 dE =  3.29216E-03
SCF Iteration 112: Energy = 11.8834021980876763 dE = -3.42976E-03
SCF Iteration 113: Energy = 11.8867010848235992 dE =  3.29889E-03
SCF Iteration 114: Energy = 11.8832793155087213 dE = -3.42177E-03
SCF Iteration 115: Energy = 11.8865842123955527 dE =  3.30490E-03
SCF Iteration 116: Energy = 11.8831695819169987 dE = -3.41463E-03
SCF Iteration 117: Energy = 11.8864798474614002 dE =  3.31027E-03
SCF Iteration 118: Energy = 11.8830715923892747 dE = -3.40826E-03
SCF Iteration 119: Energy = 11.8863866533027807 dE =  3.31506E-03
SCF Iteration 120: Energy = 11.8829840916827241 dE = -3.40256E-03
SCF Iteration 121: Energy = 11.8863034356851127 dE =  3.31934E-03
SCF Iteration 122: Energy = 11.8829059583774548 dE = -3.39748E-03
SCF Iteration 123: Energy = 11.8862291277481642 dE =  3.32317E-03
SCF Iteration 124: Energy = 11.8828361906804130 dE = -3.39294E-03
SCF Iteration 125: Energy = 11.8861627764822089 dE =  3.32659E-03
SCF Iteration 126: Energy = 11.8827738937202891 dE = -3.38888E-03
SCF Iteration 127: Energy = 11.8861035306274569 dE =  3.32964E-03
SCF Iteration 128: Energy = 11.8827182681802679 dE = -3.38526E-03
SCF Iteration 129: Energy = 11.8860506298493664 dE =  3.33236E-03
SCF Iteration 130: Energy = 11.8826686001300938 dE = -3.38203E-03
SCF Iteration 131: Energy = 11.8860033950574415 dE =  3.33479E-03
SCF Iteration 132: Energy = 11.8826242519325564 dE = -3.37914E-03
SCF Iteration 133: Energy = 11.8859612197484807 dE =  3.33697E-03
SCF Iteration 134: Energy = 11.8825846541126889 dE = -3.37657E-03
SCF Iteration 135: Energy = 11.8859235622670365 dE =  3.33891E-03
SCF Iteration 136: Energy = 11.8825492980890086 dE = -3.37426E-03
SCF Iteration 137: Energy = 11.8858899388872956 dE =  3.34064E-03
SCF Iteration 138: Energy = 11.8825177296761506 dE = -3.37221E-03
SCF Iteration 139: Energy = 11.8858599176296895 dE =  3.34219E-03
SCF Iteration 140: Energy = 11.8824895432777549 dE = -3.37037E-03
SCF Iteration 141: Energy = 11.8858331127348880 dE =  3.34357E-03
SCF Iteration 142: Energy = 11.8824643766973459 dE = -3.36874E-03
SCF Iteration 143: Energy = 11.8858091797262322 dE =  3.34480E-03
SCF Iteration 144: Energy = 11.8824419065011995 dE = -3.36727E-03
SCF Iteration 145: Energy = 11.8857878109976678 dE =  3.34590E-03
SCF Iteration 146: Energy = 11.8824218438755143 dE = -3.36597E-03
SCF Iteration 147: Energy = 11.8857687318723109 dE =  3.34689E-03
SCF Iteration 148: Energy = 11.8824039309250189 dE = -3.36480E-03
SCF Iteration 149: Energy = 11.8857516970810995 dE =  3.34777E-03
SCF Iteration 150: Energy = 11.8823879373665537 dE = -3.36376E-03
SCF Iteration 151: Energy = 11.8857364876173666 dE =  3.34855E-03
SCF Iteration 152: Energy = 11.8823736575755294 dE = -3.36283E-03
SCF Iteration 153: Energy = 11.8857229079271303 dE =  3.34925E-03
SCF Iteration 154: Energy = 11.8823609079474437 dE = -3.36200E-03
SCF Iteration 155: Energy = 11.8857107833995741 dE =  3.34988E-03
SCF Iteration 156: Energy = 11.8823495245417625 dE = -3.36126E-03
SCF Iteration 157: Energy = 11.8856999581255049 dE =  3.35043E-03
SCF Iteration 158: Energy = 11.8823393609771752 dE = -3.36060E-03
SCF Iteration 159: Energy = 11.8856902928956458 dE =  3.35093E-03
SCF Iteration 160: Energy = 11.8823302865519000 dE = -3.36001E-03
SCF Iteration 161: Energy = 11.8856816634127842 dE =  3.35138E-03
SCF Iteration 162: Energy = 11.8823221845652238 dE = -3.35948E-03
SCF Iteration 163: Energy = 11.8856739586949978 dE =  3.35177E-03
SCF Iteration 164: Energy = 11.8823149508180688 dE = -3.35901E-03
SCF Iteration 165: Energy = 11.8856670796501014 dE =  3.35213E-03
SCF Iteration 166: Energy = 11.8823084922746087 dE = -3.35859E-03
SCF Iteration 167: Energy = 11.8856609378021201 dE =  3.35245E-03
SCF Iteration 168: Energy = 11.8823027258665483 dE = -3.35821E-03
SCF Iteration 169: Energy = 11.8856554541543940 dE =  3.35273E-03
SCF Iteration 170: Energy = 11.8822975774255664 dE = -3.35788E-03
SCF Iteration 171: Energy = 11.8856505581743210 dE =  3.35298E-03
SCF Iteration 172: Energy = 11.8822929807301119 dE = -3.35758E-03
SCF Iteration 173: Energy = 11.8856461868866408 dE =  3.35321E-03
SCF Iteration 174: Energy = 11.8822888766541634 dE = -3.35731E-03
SCF Iteration 175: Energy = 11.8856422840637794 dE =  3.35341E-03
SCF Iteration 176: Energy = 11.8822852124070835 dE = -3.35707E-03
SCF Iteration 177: Energy = 11.8856387995032993 dE =  3.35359E-03
SCF Iteration 178: Energy = 11.8822819408549094 dE = -3.35686E-03
SCF Iteration 179: Energy = 11.8856356883820009 dE =  3.35375E-03
SCF Iteration 180: Energy = 11.8822790199143622 dE = -3.35667E-03
SCF Iteration 181: Energy = 11.8856329106799468 dE =  3.35389E-03
SCF Iteration 182: Energy = 11.8822764120117323 dE = -3.35650E-03
SCF Iteration 183: Energy = 11.8856304306656675 dE =  3.35402E-03
SCF Iteration 184: Energy = 11.8822740835995813 dE = -3.35635E-03
SCF Iteration 185: Energy = 11.8856282164366114 dE =  3.35413E-03
SCF Iteration 186: Energy = 11.8822720047256212 dE = -3.35621E-03
SCF Iteration 187: Energy = 11.8856262395090919 dE =  3.35423E-03
SCF Iteration 188: Energy = 11.8822701486471427 dE = -3.35609E-03
SCF Iteration 189: Energy = 11.8856244744517507 dE =  3.35433E-03
SCF Iteration 190: Energy = 11.8822684914874568 dE = -3.35598E-03
SCF Iteration 191: Energy = 11.8856228985585641 dE =  3.35441E-03
SCF Iteration 192: Energy = 11.8822670119284588 dE = -3.35589E-03
SCF Iteration 193: Energy = 11.8856214915568579 dE =  3.35448E-03
SCF Iteration 194: Energy = 11.8822656909366930 dE = -3.35580E-03
SCF Iteration 195: Energy = 11.8856202353464884 dE =  3.35454E-03
SCF Iteration 196: Energy = 11.8822645115184571 dE = -3.35572E-03
SCF Iteration 197: Energy = 11.8856191137670191 dE =  3.35460E-03
SCF Iteration 198: Energy = 11.8822634585012263 dE = -3.35566E-03
SCF Iteration 199: Energy = 11.8856181123899258 dE =  3.35465E-03
SCF Iteration 200: Energy = 11.8822625183383952 dE = -3.35559E-03
SCF Iteration 201: Energy = 11.8856172183329694 dE =  3.35470E-03
SCF Iteration 202: Energy = 11.8822616789352882 dE = -3.35554E-03
SCF Iteration 203: Energy = 11.8856164200945127 dE =  3.35474E-03
SCF Iteration 204: Energy = 11.8822609294932793 dE = -3.35549E-03
SCF Iteration 205: Energy = 11.8856157074054902 dE =  3.35478E-03
SCF Iteration 206: Energy = 11.8822602603710710 dE = -3.35545E-03
SCF Iteration 207: Energy = 11.8856150710973729 dE =  3.35481E-03
SCF Iteration 208: Energy = 11.8822596629606405 dE = -3.35541E-03
SCF Iteration 209: Energy = 11.8856145029842732 dE =  3.35484E-03
SCF Iteration 210: Energy = 11.8822591295764628 dE = -3.35537E-03
SCF Iteration 211: Energy = 11.8856139957576215 dE =  3.35487E-03
SCF Iteration 212: Energy = 11.8822586533566898 dE = -3.35534E-03
SCF Iteration 213: Energy = 11.8856135428919973 dE =  3.35489E-03
SCF Iteration 214: Energy = 11.8822582281748943 dE = -3.35531E-03
SCF Iteration 215: Energy = 11.8856131385614106 dE =  3.35491E-03
SCF Iteration 216: Energy = 11.8822578485611867 dE = -3.35529E-03
SCF Iteration 217: Energy = 11.8856127775642531 dE =  3.35493E-03
SCF Iteration 218: Energy = 11.8822575096318666 dE = -3.35527E-03
SCF Iteration 219: Energy = 11.8856124552563163 dE =  3.35495E-03
SCF Iteration 220: Energy = 11.8822572070267416 dE = -3.35525E-03
SCF Iteration 221: Energy = 11.8856121674912032 dE =  3.35496E-03
SCF Iteration 222: Energy = 11.8822569368528033 dE = -3.35523E-03
SCF Iteration 223: Energy = 11.8856119105668316 dE =  3.35497E-03
SCF Iteration 224: Energy = 11.8822566956343199 dE = -3.35521E-03
SCF Iteration 225: Energy = 11.8856116811778865 dE =  3.35499E-03
SCF Iteration 226: Energy = 11.8822564802679960 dE = -3.35520E-03
SCF Iteration 227: Energy = 11.8856114763733718 dE =  3.35500E-03
SCF Iteration 228: Energy = 11.8822562879832834 dE = -3.35519E-03
SCF Iteration 229: Energy = 11.8856112935184566 dE =  3.35501E-03
SCF Iteration 230: Energy = 11.8822561163063352 dE = -3.35518E-03
SCF Iteration 231: Energy = 11.8856111302606990 dE =  3.35501E-03
SCF Iteration 232: Energy = 11.8822559630286104 dE = -3.35517E-03
SCF Iteration 233: Energy = 11.8856109844998716 dE =  3.35502E-03
SCF Iteration 234: Energy = 11.8822558261781648 dE = -3.35516E-03
SCF Iteration 235: Energy = 11.8856108543607260 dE =  3.35503E-03
SCF Iteration 236: Energy = 11.8822557039944900 dE = -3.35515E-03
SCF Iteration 237: Energy = 11.8856107381690546 dE =  3.35503E-03
SCF Iteration 238: Energy = 11.8822555949056721 dE = -3.35514E-03
SCF Iteration 239: Energy = 11.8856106344300372 dE =  3.35504E-03
SCF Iteration 240: Energy = 11.8822554975082877 dE = -3.35514E-03
SCF Iteration 241: Energy = 11.8856105418091396 dE =  3.35504E-03
SCF Iteration 242: Energy = 11.8822554105493108 dE = -3.35513E-03
SCF Iteration 243: Energy = 11.8856104591147105 dE =  3.35505E-03
SCF Iteration 244: Energy = 11.8822553329100504 dE = -3.35513E-03
SCF Iteration 245: Energy = 11.8856103852829680 dE =  3.35505E-03
SCF Iteration 246: Energy = 11.8822552635916612 dE = -3.35512E-03
SCF Iteration 247: Energy = 11.8856103193640212 dE =  3.35506E-03
SCF Iteration 248: Energy = 11.8822552017023657 dE = -3.35512E-03
SCF Iteration 249: Energy = 11.8856102605098570 dE =  3.35506E-03
SCF Iteration 250: Energy = 11.8822551464459476 dE = -3.35511E-03
SCF Iteration 251: Energy = 11.8856102079632553 dE =  3.35506E-03
SCF Iteration 252: Energy = 11.8822550971115799 dE = -3.35511E-03
SCF Iteration 253: Energy = 11.8856101610482927 dE =  3.35506E-03
SCF Iteration 254: Energy = 11.8822550530645525 dE = -3.35511E-03
SCF Iteration 255: Energy = 11.8856101191613739 dE =  3.35507E-03
SCF Iteration 256: Energy = 11.8822550137382184 dE = -3.35511E-03
SCF Iteration 257: Energy = 11.8856100817636392 dE =  3.35507E-03
SCF Iteration 258: Energy = 11.8822549786266300 dE = -3.35510E-03
SCF Iteration 259: Energy = 11.8856100483739215 dE =  3.35507E-03
SCF Iteration 260: Energy = 11.8822549472780530 dE = -3.35510E-03
SCF Iteration 261: Energy = 11.8856100185627245 dE =  3.35507E-03
SCF Iteration 262: Energy = 11.8822549192892168 dE = -3.35510E-03
SCF Iteration 263: Energy = 11.8856099919465326 dE =  3.35507E-03
SCF Iteration 264: Energy = 11.8822548943000381 dE = -3.35510E-03
SCF Iteration 265: Energy = 11.8856099681828251 dE =  3.35507E-03
SCF Iteration 266: Energy = 11.8822548719890495 dE = -3.35510E-03
SCF Iteration 267: Energy = 11.8856099469660119 dE =  3.35507E-03
SCF Iteration 268: Energy = 11.8822548520692060 dE = -3.35509E-03
SCF Iteration 269: Energy = 11.8856099280230545 dE =  3.35508E-03
SCF Iteration 270: Energy = 11.8822548342842556 dE = -3.35509E-03
SCF Iteration 271: Energy = 11.8856099111103060 dE =  3.35508E-03
SCF Iteration 272: Energy = 11.8822548184053716 dE = -3.35509E-03
SCF Iteration 273: Energy = 11.8856098960101111 dE =  3.35508E-03
SCF Iteration 274: Energy = 11.8822548042282943 dE = -3.35509E-03
SCF Iteration 275: Energy = 11.8856098825283087 dE =  3.35508E-03
SCF Iteration 276: Energy = 11.8822547915706256 dE = -3.35509E-03
SCF Iteration 277: Energy = 11.8856098704913720 dE =  3.35508E-03
SCF Iteration 278: Energy = 11.8822547802695215 dE = -3.35509E-03
SCF Iteration 279: Energy = 11.8856098597445214 dE =  3.35508E-03
SCF Iteration 280: Energy = 11.8822547701796122 dE = -3.35509E-03
SCF Iteration 281: Energy = 11.8856098501494056 dE =  3.35508E-03
SCF Iteration 282: Energy = 11.8822547611710565 dE = -3.35509E-03
SCF Iteration 283: Energy = 11.8856098415826441 dE =  3.35508E-03
SCF Iteration 284: Energy = 11.8822547531279721 dE = -3.35509E-03
SCF Iteration 285: Energy = 11.8856098339340068 dE =  3.35508E-03
SCF Iteration 286: Energy = 11.8822547459469270 dE = -3.35509E-03
SCF Iteration 287: Energy = 11.8856098271050943 dE =  3.35508E-03
SCF Iteration 288: Energy = 11.8822547395354672 dE = -3.35509E-03
SCF Iteration 289: Energy = 11.8856098210080869 dE =  3.35508E-03
SCF Iteration 290: Energy = 11.8822547338111715 dE = -3.35509E-03
SCF Iteration 291: Energy = 11.8856098155645125 dE =  3.35508E-03
SCF Iteration 292: Energy = 11.8822547287003442 dE = -3.35509E-03
SCF Iteration 293: Energy = 11.8856098107043273 dE =  3.35508E-03
SCF Iteration 294: Energy = 11.8822547241372689 dE = -3.35509E-03
SCF Iteration 295: Energy = 11.8856098063650197 dE =  3.35508E-03
SCF Iteration 296: Energy = 11.8822547200632567 dE = -3.35509E-03
SCF Iteration 297: Energy = 11.8856098024908174 dE =  3.35508E-03
SCF Iteration 298: Energy = 11.8822547164258463 dE = -3.35509E-03
SCF Iteration 299: Energy = 11.8856097990317906 dE =  3.35508E-03
SCF Iteration 300: Energy = 11.8822547131782681 dE = -3.35509E-03
SCF Iteration 301: Energy = 11.8856097959434894 dE =  3.35508E-03
SCF Iteration 302: Energy = 11.8822547102787670 dE = -3.35509E-03
SCF Iteration 303: Energy = 11.8856097931861608 dE =  3.35508E-03
SCF Iteration 304: Energy = 11.8822547076899969 dE = -3.35509E-03
SCF Iteration 305: Energy = 11.8856097907243452 dE =  3.35508E-03
SCF Iteration 306: Energy = 11.8822547053786938 dE = -3.35509E-03
SCF Iteration 307: Energy = 11.8856097885263949 dE =  3.35508E-03
SCF Iteration 308: Energy = 11.8822547033151071 dE = -3.35509E-03
SCF Iteration 309: Energy = 11.8856097865639985 dE =  3.35508E-03
SCF Iteration 310: Energy = 11.8822547014726592 dE = -3.35509E-03
SCF Iteration 311: Energy = 11.8856097848119138 dE =  3.35508E-03
SCF Iteration 312: Energy = 11.8822546998276959 dE = -3.35508E-03
SCF Iteration 313: Energy = 11.8856097832476220 dE =  3.35508E-03
SCF Iteration 314: Energy = 11.8822546983589845 dE = -3.35508E-03
SCF Iteration 315: Energy = 11.8856097818509649 dE =  3.35508E-03
SCF Iteration 316: Energy = 11.8822546970477365 dE = -3.35508E-03
SCF Iteration 317: Energy = 11.8856097806039802 dE =  3.35508E-03
SCF Iteration 318: Energy = 11.8822546958769859 dE = -3.35508E-03
SCF Iteration 319: Energy = 11.8856097794906468 dE =  3.35508E-03
SCF Iteration 320: Energy = 11.8822546948317136 dE = -3.35508E-03
SCF Iteration 321: Energy = 11.8856097784966313 dE =  3.35508E-03
SCF Iteration 322: Energy = 11.8822546938984654 dE = -3.35508E-03
SCF Iteration 323: Energy = 11.8856097776091723 dE =  3.35508E-03
SCF Iteration 324: Energy = 11.8822546930652297 dE = -3.35508E-03
SCF Iteration 325: Energy = 11.8856097768168016 dE =  3.35508E-03
SCF Iteration 326: Energy = 11.8822546923213110 dE = -3.35508E-03
SCF Iteration 327: Energy = 11.8856097761093604 dE =  3.35508E-03
SCF Iteration 328: Energy = 11.8822546916571206 dE = -3.35508E-03
SCF Iteration 329: Energy = 11.8856097754777412 dE =  3.35508E-03
SCF Iteration 330: Energy = 11.8822546910641123 dE = -3.35508E-03
SCF Iteration 331: Energy = 11.8856097749138208 dE =  3.35508E-03
SCF Iteration 332: Energy = 11.8822546905346567 dE = -3.35508E-03
SCF Iteration 333: Energy = 11.8856097744103426 dE =  3.35508E-03
SCF Iteration 334: Energy = 11.8822546900619574 dE = -3.35508E-03
SCF Iteration 335: Energy = 11.8856097739607964 dE =  3.35508E-03
SCF Iteration 336: Energy = 11.8822546896398933 dE = -3.35508E-03
SCF Iteration 337: Energy = 11.8856097735594357 dE =  3.35508E-03
SCF Iteration 338: Energy = 11.8822546892630765 dE = -3.35508E-03
SCF Iteration 339: Energy = 11.8856097732010859 dE =  3.35508E-03
SCF Iteration 340: Energy = 11.8822546889266381 dE = -3.35508E-03
SCF Iteration 341: Energy = 11.8856097728811694 dE =  3.35508E-03
SCF Iteration 342: Energy = 11.8822546886262614 dE = -3.35508E-03
SCF Iteration 343: Energy = 11.8856097725955223 dE =  3.35508E-03
SCF Iteration 344: Energy = 11.8822546883580831 dE = -3.35508E-03
SCF Iteration 345: Energy = 11.8856097723404819 dE =  3.35508E-03
SCF Iteration 346: Energy = 11.8822546881186355 dE = -3.35508E-03
SCF Iteration 347: Energy = 11.8856097721127725 dE =  3.35508E-03
SCF Iteration 348: Energy = 11.8822546879048563 dE = -3.35508E-03
SCF Iteration 349: Energy = 11.8856097719094880 dE =  3.35508E-03
SCF Iteration 350: Energy = 11.8822546877139672 dE = -3.35508E-03
SCF Iteration 351: Energy = 11.8856097717279781 dE =  3.35508E-03
SCF Iteration 352: Energy = 11.8822546875435702 dE = -3.35508E-03
SCF Iteration 353: Energy = 11.8856097715659228 dE =  3.35508E-03
SCF Iteration 354: Energy = 11.8822546873914039 dE = -3.35508E-03
SCF Iteration 355: Energy = 11.8856097714212368 dE =  3.35508E-03
SCF Iteration 356: Energy = 11.8822546872555712 dE = -3.35508E-03
SCF Iteration 357: Energy = 11.8856097712920263 dE =  3.35508E-03
SCF Iteration 358: Energy = 11.8822546871342887 dE = -3.35508E-03
SCF Iteration 359: Energy = 11.8856097711767195 dE =  3.35508E-03
SCF Iteration 360: Energy = 11.8822546870260179 dE = -3.35508E-03
SCF Iteration 361: Energy = 11.8856097710737405 dE =  3.35508E-03
SCF Iteration 362: Energy = 11.8822546869293237 dE = -3.35508E-03
SCF Iteration 363: Energy = 11.8856097709818034 dE =  3.35508E-03
SCF Iteration 364: Energy = 11.8822546868430052 dE = -3.35508E-03
SCF Iteration 365: Energy = 11.8856097708997090 dE =  3.35508E-03
SCF Iteration 366: Energy = 11.8822546867659380 dE = -3.35508E-03
SCF Iteration 367: Energy = 11.8856097708264041 dE =  3.35508E-03
SCF Iteration 368: Energy = 11.8822546866971432 dE = -3.35508E-03
SCF Iteration 369: Energy = 11.8856097707610022 dE =  3.35508E-03
SCF Iteration 370: Energy = 11.8822546866356813 dE = -3.35508E-03
SCF Iteration 371: Energy = 11.8856097707025707 dE =  3.35508E-03
SCF Iteration 372: Energy = 11.8822546865808576 dE = -3.35508E-03
SCF Iteration 373: Energy = 11.8856097706504027 dE =  3.35508E-03
SCF Iteration 374: Energy = 11.8822546865318870 dE = -3.35508E-03
SCF Iteration 375: Energy = 11.8856097706038444 dE =  3.35508E-03
SCF Iteration 376: Energy = 11.8822546864881655 dE = -3.35508E-03
SCF Iteration 377: Energy = 11.8856097705622936 dE =  3.35508E-03
SCF Iteration 378: Energy = 11.8822546864491052 dE = -3.35508E-03
SCF Iteration 379: Energy = 11.8856097705251624 dE =  3.35508E-03
SCF Iteration 380: Energy = 11.8822546864142762 dE = -3.35508E-03
SCF Iteration 381: Energy = 11.8856097704920263 dE =  3.35508E-03
SCF Iteration 382: Energy = 11.8822546863831722 dE = -3.35508E-03
SCF Iteration 383: Energy = 11.8856097704624251 dE =  3.35508E-03
SCF Iteration 384: Energy = 11.8822546863553722 dE = -3.35508E-03
SCF Iteration 385: Energy = 11.8856097704359804 dE =  3.35508E-03
SCF Iteration 386: Energy = 11.8822546863305583 dE = -3.35508E-03
SCF Iteration 387: Energy = 11.8856097704124029 dE =  3.35508E-03
SCF Iteration 388: Energy = 11.8822546863083964 dE = -3.35508E-03
SCF Iteration 389: Energy = 11.8856097703913424 dE =  3.35508E-03
SCF Iteration 390: Energy = 11.8822546862886345 dE = -3.35508E-03
SCF Iteration 391: Energy = 11.8856097703725414 dE =  3.35508E-03
SCF Iteration 392: Energy = 11.8822546862710059 dE = -3.35508E-03
SCF Iteration 393: Energy = 11.8856097703557548 dE =  3.35508E-03
SCF Iteration 394: Energy = 11.8822546862552514 dE = -3.35508E-03
SCF Iteration 395: Energy = 11.8856097703407695 dE =  3.35508E-03
SCF Iteration 396: Energy = 11.8822546862411684 dE = -3.35508E-03
SCF Iteration 397: Energy = 11.8856097703273740 dE =  3.35508E-03
SCF Iteration 398: Energy = 11.8822546862285936 dE = -3.35508E-03
SCF Iteration 399: Energy = 11.8856097703154440 dE =  3.35508E-03
SCF Iteration 400: Energy = 11.8822546862173457 dE = -3.35508E-03
SCF Iteration 401: Energy = 11.8856097703047592 dE =  3.35508E-03
SCF Iteration 402: Energy = 11.8822546862073590 dE = -3.35508E-03
SCF Iteration 403: Energy = 11.8856097702952432 dE =  3.35508E-03
SCF Iteration 404: Energy = 11.8822546861984097 dE = -3.35508E-03
SCF Iteration 405: Energy = 11.8856097702867398 dE =  3.35508E-03
SCF Iteration 406: Energy = 11.8822546861904375 dE = -3.35508E-03
SCF Iteration 407: Energy = 11.8856097702791406 dE =  3.35508E-03
SCF Iteration 408: Energy = 11.8822546861833036 dE = -3.35508E-03
SCF Iteration 409: Energy = 11.8856097702723620 dE =  3.35508E-03
SCF Iteration 410: Energy = 11.8822546861769478 dE = -3.35508E-03
SCF Iteration 411: Energy = 11.8856097702663082 dE =  3.35508E-03
SCF Iteration 412: Energy = 11.8822546861712741 dE = -3.35508E-03
SCF Iteration 413: Energy = 11.8856097702609205 dE =  3.35508E-03
SCF Iteration 414: Energy = 11.8822546861661902 dE = -3.35508E-03
SCF Iteration 415: Energy = 11.8856097702560657 dE =  3.35508E-03
SCF Iteration 416: Energy = 11.8822546861616605 dE = -3.35508E-03
SCF Iteration 417: Energy = 11.8856097702517793 dE =  3.35508E-03
SCF Iteration 418: Energy = 11.8822546861576210 dE = -3.35508E-03
SCF Iteration 419: Energy = 11.8856097702479371 dE =  3.35508E-03
SCF Iteration 420: Energy = 11.8822546861540186 dE = -3.35508E-03
SCF Iteration 421: Energy = 11.8856097702444981 dE =  3.35508E-03
SCF Iteration 422: Energy = 11.8822546861507803 dE = -3.35508E-03
SCF Iteration 423: Energy = 11.8856097702414161 dE =  3.35508E-03
SCF Iteration 424: Energy = 11.8822546861479008 dE = -3.35508E-03
SCF Iteration 425: Energy = 11.8856097702387071 dE =  3.35508E-03
SCF Iteration 426: Energy = 11.8822546861453429 dE = -3.35508E-03
SCF Iteration 427: Energy = 11.8856097702362380 dE =  3.35508E-03
SCF Iteration 428: Energy = 11.8822546861430407 dE = -3.35508E-03
SCF Iteration 429: Energy = 11.8856097702340673 dE =  3.35508E-03
SCF Iteration 430: Energy = 11.8822546861409517 dE = -3.35508E-03
SCF Iteration 431: Energy = 11.8856097702321293 dE =  3.35508E-03
SCF Iteration 432: Energy = 11.8822546861391523 dE = -3.35508E-03
SCF Iteration 433: Energy = 11.8856097702303742 dE =  3.35508E-03
SCF Iteration 434: Energy = 11.8822546861374914 dE = -3.35508E-03
SCF Iteration 435: Energy = 11.8856097702288199 dE =  3.35508E-03
SCF Iteration 436: Energy = 11.8822546861360347 dE = -3.35508E-03
SCF Iteration 437: Energy = 11.8856097702274326 dE =  3.35508E-03
SCF Iteration 438: Energy = 11.8822546861347327 dE = -3.35508E-03
SCF Iteration 439: Energy = 11.8856097702262051 dE =  3.35508E-03
SCF Iteration 440: Energy = 11.8822546861335905 dE = -3.35508E-03
SCF Iteration 441: Energy = 11.8856097702251002 dE =  3.35508E-03
SCF Iteration 442: Energy = 11.8822546861325424 dE = -3.35508E-03
SCF Iteration 443: Energy = 11.8856097702240984 dE =  3.35508E-03
SCF Iteration 444: Energy = 11.8822546861316187 dE = -3.35508E-03
SCF Iteration 445: Energy = 11.8856097702232315 dE =  3.35508E-03
SCF Iteration 446: Energy = 11.8822546861307838 dE = -3.35508E-03
SCF Iteration 447: Energy = 11.8856097702224375 dE =  3.35508E-03
SCF Iteration 448: Energy = 11.8822546861300591 dE = -3.35508E-03
SCF Iteration 449: Energy = 11.8856097702217376 dE =  3.35508E-03
SCF Iteration 450: Energy = 11.8822546861293858 dE = -3.35508E-03
SCF Iteration 451: Energy = 11.8856097702211194 dE =  3.35508E-03
SCF Iteration 452: Energy = 11.8822546861288014 dE = -3.35508E-03
SCF Iteration 453: Energy = 11.8856097702205439 dE =  3.35508E-03
SCF Iteration 454: Energy = 11.8822546861282810 dE = -3.35508E-03
SCF Iteration 455: Energy = 11.8856097702200589 dE =  3.35508E-03
SCF Iteration 456: Energy = 11.8822546861278422 dE = -3.35508E-03
SCF Iteration 457: Energy = 11.8856097702196131 dE =  3.35508E-03
SCF Iteration 458: Energy = 11.8822546861274052 dE = -3.35508E-03
SCF Iteration 459: Energy = 11.8856097702191992 dE =  3.35508E-03
SCF Iteration 460: Energy = 11.8822546861270357 dE = -3.35508E-03
SCF Iteration 461: Energy = 11.8856097702188581 dE =  3.35508E-03
SCF Iteration 462: Energy = 11.8822546861266805 dE = -3.35508E-03
SCF Iteration 463: Energy = 11.8856097702185348 dE =  3.35508E-03
SCF Iteration 464: Energy = 11.8822546861264051 dE = -3.35508E-03
SCF Iteration 465: Energy = 11.8856097702182506 dE =  3.35508E-03
SCF Iteration 466: Energy = 11.8822546861261298 dE = -3.35508E-03
SCF Iteration 467: Energy = 11.8856097702180197 dE =  3.35508E-03
SCF Iteration 468: Energy = 11.8822546861258900 dE = -3.35508E-03
SCF Iteration 469: Energy = 11.8856097702177745 dE =  3.35508E-03
SCF Iteration 470: Energy = 11.8822546861256786 dE = -3.35508E-03
SCF Iteration 471: Energy = 11.8856097702175791 dE =  3.35508E-03
SCF Iteration 472: Energy = 11.8822546861254796 dE = -3.35508E-03
SCF Iteration 473: Energy = 11.8856097702173837 dE =  3.35508E-03
SCF Iteration 474: Energy = 11.8822546861253198 dE = -3.35508E-03
SCF Iteration 475: Energy = 11.8856097702172310 dE =  3.35508E-03
SCF Iteration 476: Energy = 11.8822546861251599 dE = -3.35508E-03
SCF Iteration 477: Energy = 11.8856097702170889 dE =  3.35508E-03
SCF Iteration 478: Energy = 11.8822546861250107 dE = -3.35508E-03
SCF Iteration 479: Energy = 11.8856097702169503 dE =  3.35508E-03
SCF Iteration 480: Energy = 11.8822546861249112 dE = -3.35508E-03
SCF Iteration 481: Energy = 11.8856097702168260 dE =  3.35508E-03
SCF Iteration 482: Energy = 11.8822546861248011 dE = -3.35508E-03
SCF Iteration 483: Energy = 11.8856097702167283 dE =  3.35508E-03
SCF Iteration 484: Energy = 11.8822546861247105 dE = -3.35508E-03
SCF Iteration 485: Energy = 11.8856097702166554 dE =  3.35508E-03
SCF Iteration 486: Energy = 11.8822546861246163 dE = -3.35508E-03
SCF Iteration 487: Energy = 11.8856097702165773 dE =  3.35508E-03
SCF Iteration 488: Energy = 11.8822546861245275 dE = -3.35508E-03
SCF Iteration 489: Energy = 11.8856097702164849 dE =  3.35508E-03
SCF Iteration 490: Energy = 11.8822546861244849 dE = -3.35508E-03
SCF Iteration 491: Energy = 11.8856097702164316 dE =  3.35508E-03
SCF Iteration 492: Energy = 11.8822546861244227 dE = -3.35508E-03
SCF Iteration 493: Energy = 11.8856097702163712 dE =  3.35508E-03
SCF Iteration 494: Energy = 11.8822546861243570 dE = -3.35508E-03
SCF Iteration 495: Energy = 11.8856097702163197 dE =  3.35508E-03
SCF Iteration 496: Energy = 11.8822546861243143 dE = -3.35508E-03
SCF Iteration 497: Energy = 11.8856097702162753 dE =  3.35508E-03
SCF Iteration 498: Energy = 11.8822546861242824 dE = -3.35508E-03
SCF Iteration 499: Energy = 11.8856097702162273 dE =  3.35508E-03
SCF Iteration 500: Energy = 11.8822546861242504 dE = -3.35508E-03
