
  Memory set to  55.879 GiB by Python driver.
  Threads set to 1 by Python driver.
Settings:
	LOT = CCSD-S1-U21
	wc = 20.0 eV
	lambda = [1.212424 0.       0.      ] a.u.
	Equivalent A0 = LAMBDA / sqrt(2 wc) = [1. 0. 0.])
doing QED-CCSD-1 (or QED-CCSD-21)
Number of occupied orbitals:   1
Number of basis functions:  60
SCF Iteration   1: Energy = 9.8762439708484067 dE =  9.87624E+00
SCF Iteration   2: Energy = 10.4550155883135609 dE =  5.78772E-01
SCF Iteration   3: Energy = 10.1236671300853054 dE = -3.31348E-01
SCF Iteration   4: Energy = 10.3771748224270262 dE =  2.53508E-01
SCF Iteration   5: Energy = 10.2889588484726637 dE = -8.82160E-02
SCF Iteration   6: Energy = 10.3838407105189070 dE =  9.48819E-02
SCF Iteration   7: Energy = 10.3608736116794020 dE = -2.29671E-02
SCF Iteration   8: Energy = 10.3935650657933465 dE =  3.26915E-02
SCF Iteration   9: Energy = 10.3890362807833299 dE = -4.52879E-03
SCF Iteration  10: Energy = 10.3973413430130712 dE =  8.30506E-03
SCF Iteration  11: Energy = 10.3976631033696059 dE =  3.21760E-04
SCF Iteration  12: Energy = 10.3959203018882604 dE = -1.74280E-03
SCF Iteration  13: Energy = 10.3969549175227431 dE =  1.03462E-03
SCF Iteration  14: Energy = 10.3909345416258230 dE = -6.02038E-03
SCF Iteration  15: Energy = 10.3915186179164358 dE =  5.84076E-04
SCF Iteration  16: Energy = 10.3837244810011917 dE = -7.79414E-03
SCF Iteration  17: Energy = 10.3836664522117719 dE = -5.80288E-05
SCF Iteration  18: Energy = 10.3752626891513700 dE = -8.40376E-03
SCF Iteration  19: Energy = 10.3746711523755000 dE = -5.91537E-04
SCF Iteration  20: Energy = 10.3662289088108679 dE = -8.44224E-03
SCF Iteration  21: Energy = 10.3652796317298375 dE = -9.49277E-04
SCF Iteration  22: Energy = 10.3570874993270579 dE = -8.19213E-03
SCF Iteration  23: Energy = 10.3559450429518964 dE = -1.14246E-03
SCF Iteration  24: Energy = 10.3481474545112171 dE = -7.79759E-03
SCF Iteration  25: Energy = 10.3469431505517164 dE = -1.20430E-03
SCF Iteration  26: Energy = 10.3396065217175810 dE = -7.33663E-03
SCF Iteration  27: Energy = 10.3384367572706868 dE = -1.16976E-03
SCF Iteration  28: Energy = 10.3315833517041504 dE = -6.85341E-03
SCF Iteration  29: Energy = 10.3305144788315726 dE = -1.06887E-03
SCF Iteration  30: Energy = 10.3241409225407423 dE = -6.37356E-03
SCF Iteration  31: Energy = 10.3232155913673367 dE = -9.25331E-04
SCF Iteration  32: Energy = 10.3173035989911437 dE = -5.91199E-03
SCF Iteration  33: Energy = 10.3165466404387836 dE = -7.56959E-04
SCF Iteration  34: Energy = 10.3110695245413488 dE = -5.47712E-03
SCF Iteration  35: Energy = 10.3104928272017773 dE = -5.76697E-04
SCF Iteration  36: Energy = 10.3054195781850559 dE = -5.07325E-03
SCF Iteration  37: Energy = 10.3050259124069505 dE = -3.93666E-04
SCF Iteration  38: Energy = 10.3003238006188589 dE = -4.70211E-03
SCF Iteration  39: Energy = 10.3001097200863576 dE = -2.14081E-04
SCF Iteration  40: Energy = 10.2957459590233213 dE = -4.36376E-03
SCF Iteration  41: Energy = 10.2957039530776182 dE = -4.20059E-05
SCF Iteration  42: Energy = 10.2916467470856077 dE = -4.05721E-03
SCF Iteration  43: Energy = 10.2917668085402898 dE =  1.20061E-04
SCF Iteration  44: Energy = 10.2879859889887797 dE = -3.78082E-03
SCF Iteration  45: Energy = 10.2882567369568498 dE =  2.70748E-04
SCF Iteration  46: Energy = 10.2847241206561808 dE = -3.53262E-03
SCF Iteration  47: Energy = 10.2851335901395498 dE =  4.09469E-04
SCF Iteration  48: Energy = 10.2818231502298403 dE = -3.31044E-03
SCF Iteration  49: Energy = 10.2823593352298914 dE =  5.36185E-04
SCF Iteration  50: Energy = 10.2792472465377074 dE = -3.11209E-03
SCF Iteration  51: Energy = 10.2798984627607712 dE =  6.51216E-04
SCF Iteration  52: Energy = 10.2769630646778136 dE = -2.93540E-03
SCF Iteration  53: Energy = 10.2777181815191021 dE =  7.55117E-04
SCF Iteration  54: Energy = 10.2749398884367480 dE = -2.77829E-03
SCF Iteration  55: Energy = 10.2757884672609840 dE =  8.48579E-04
SCF Iteration  56: Energy = 10.2731496474973802 dE = -2.63882E-03
SCF Iteration  57: Energy = 10.2740820136034454 dE =  9.32366E-04
SCF Iteration  58: Energy = 10.2715668513398413 dE = -2.51516E-03
SCF Iteration  59: Energy = 10.2725741197462614 dE =  1.00727E-03
SCF Iteration  60: Energy = 10.2701684699310771 dE = -2.40565E-03
SCF Iteration  61: Energy = 10.2712425397003670 dE =  1.07407E-03
SCF Iteration  62: Energy = 10.2689337826383440 dE = -2.30876E-03
SCF Iteration  63: Energy = 10.2700673104281268 dE =  1.13353E-03
SCF Iteration  64: Energy = 10.2678442104666416 dE = -2.22310E-03
SCF Iteration  65: Energy = 10.2690305710102692 dE =  1.18636E-03
SCF Iteration  66: Energy = 10.2668831421021203 dE = -2.14743E-03
SCF Iteration  67: Energy = 10.2681163811176397 dE =  1.23324E-03
SCF Iteration  68: Energy = 10.2660357608893396 dE = -2.08062E-03
SCF Iteration  69: Energy = 10.2673105442939026 dE =  1.27478E-03
SCF Iteration  70: Energy = 10.2652888774450020 dE = -2.02167E-03
SCF Iteration  71: Energy = 10.2666004395641295 dE =  1.31156E-03
SCF Iteration  72: Energy = 10.2646307708713422 dE = -1.96967E-03
SCF Iteration  73: Energy = 10.2659748634639438 dE =  1.34409E-03
SCF Iteration  74: Energy = 10.2640510402914131 dE = -1.92382E-03
SCF Iteration  75: Energy = 10.2654238835827947 dE =  1.37284E-03
SCF Iteration  76: Energy = 10.2635404675560356 dE = -1.88342E-03
SCF Iteration  77: Energy = 10.2649387040175668 dE =  1.39824E-03
SCF Iteration  78: Energy = 10.2630908913677317 dE = -1.84781E-03
SCF Iteration  79: Energy = 10.2645115426583793 dE =  1.42065E-03
SCF Iteration  80: Energy = 10.2626950926573244 dE = -1.81645E-03
SCF Iteration  81: Energy = 10.2641355199142552 dE =  1.44043E-03
SCF Iteration  82: Energy = 10.2623466907798608 dE = -1.78883E-03
SCF Iteration  83: Energy = 10.2638045582879514 dE =  1.45787E-03
SCF Iteration  84: Energy = 10.2620400499307678 dE = -1.76451E-03
SCF Iteration  85: Energy = 10.2635132920949488 dE =  1.47324E-03
SCF Iteration  86: Energy = 10.2617701950884346 dE = -1.74310E-03
SCF Iteration  87: Energy = 10.2632569865630892 dE =  1.48679E-03
SCF Iteration  88: Energy = 10.2615327367460658 dE = -1.72425E-03
SCF Iteration  89: Energy = 10.2630314655345156 dE =  1.49873E-03
SCF Iteration  90: Energy = 10.2613238036882297 dE = -1.70766E-03
SCF Iteration  91: Energy = 10.2628330470018767 dE =  1.50924E-03
SCF Iteration  92: Energy = 10.2611399830828951 dE = -1.69306E-03
SCF Iteration  93: Energy = 10.2626584857404914 dE =  1.51850E-03
SCF Iteration  94: Energy = 10.2609782671915557 dE = -1.68022E-03
SCF Iteration  95: Energy = 10.2625049223390903 dE =  1.52666E-03
SCF Iteration  96: Energy = 10.2608360060411279 dE = -1.66892E-03
SCF Iteration  97: Energy = 10.2623698379788522 dE =  1.53383E-03
SCF Iteration  98: Energy = 10.2607108654467734 dE = -1.65897E-03
SCF Iteration  99: Energy = 10.2622510143599790 dE =  1.54015E-03
SCF Iteration 100: Energy = 10.2606007898237639 dE = -1.65022E-03
SCF Iteration 101: Energy = 10.2621464982269579 dE =  1.54571E-03
SCF Iteration 102: Energy = 10.2605039692743691 dE = -1.64253E-03
SCF Iteration 103: Energy = 10.2620545699921131 dE =  1.55060E-03
SCF Iteration 104: Energy = 10.2604188104835394 dE = -1.63576E-03
SCF Iteration 105: Energy = 10.2619737160053894 dE =  1.55491E-03
SCF Iteration 106: Energy = 10.2603439110011045 dE = -1.62981E-03
SCF Iteration 107: Energy = 10.2619026040625432 dE =  1.55869E-03
SCF Iteration 108: Energy = 10.2602780365311403 dE = -1.62457E-03
SCF Iteration 109: Energy = 10.2618400617863568 dE =  1.56203E-03
SCF Iteration 110: Energy = 10.2602201008876897 dE = -1.61996E-03
SCF Iteration 111: Energy = 10.2617850575526006 dE =  1.56496E-03
SCF Iteration 112: Energy = 10.2601691483125919 dE = -1.61591E-03
SCF Iteration 113: Energy = 10.2617366836691524 dE =  1.56754E-03
SCF Iteration 114: Energy = 10.2601243378830276 dE = -1.61235E-03
SCF Iteration 115: Energy = 10.2616941415469274 dE =  1.56980E-03
SCF Iteration 116: Energy = 10.2600849297671495 dE = -1.60921E-03
SCF Iteration 117: Energy = 10.2616567286317366 dE =  1.57180E-03
SCF Iteration 118: Energy = 10.2600502731121530 dE = -1.60646E-03
SCF Iteration 119: Energy = 10.2616238268904070 dE =  1.57355E-03
SCF Iteration 120: Energy = 10.2600197953743582 dE = -1.60403E-03
SCF Iteration 121: Energy = 10.2615948926693861 dE =  1.57510E-03
SCF Iteration 122: Energy = 10.2599929929211307 dE = -1.60190E-03
SCF Iteration 123: Energy = 10.2615694477639359 dE =  1.57645E-03
SCF Iteration 124: Energy = 10.2599694227552831 dE = -1.60003E-03
SCF Iteration 125: Energy = 10.2615470715547232 dE =  1.57765E-03
SCF Iteration 126: Energy = 10.2599486952290313 dE = -1.59838E-03
SCF Iteration 127: Energy = 10.2615273940856948 dE =  1.57870E-03
SCF Iteration 128: Energy = 10.2599304676300243 dE = -1.59693E-03
SCF Iteration 129: Energy = 10.2615100899709581 dE =  1.57962E-03
SCF Iteration 130: Energy = 10.2599144385360788 dE = -1.59565E-03
SCF Iteration 131: Energy = 10.2614948730325573 dE =  1.58043E-03
SCF Iteration 132: Energy = 10.2599003428469722 dE = -1.59453E-03
SCF Iteration 133: Energy = 10.2614814915812929 dE =  1.58115E-03
SCF Iteration 134: Energy = 10.2598879474124374 dE = -1.59354E-03
SCF Iteration 135: Energy = 10.2614697242648809 dE =  1.58178E-03
SCF Iteration 136: Energy = 10.2598770471854408 dE = -1.59268E-03
SCF Iteration 137: Energy = 10.2614593764143098 dE =  1.58233E-03
SCF Iteration 138: Energy = 10.2598674618374837 dE = -1.59191E-03
SCF Iteration 139: Energy = 10.2614502768300184 dE =  1.58281E-03
SCF Iteration 140: Energy = 10.2598590327810761 dE = -1.59124E-03
SCF Iteration 141: Energy = 10.2614422749540815 dE =  1.58324E-03
SCF Iteration 142: Energy = 10.2598516205502861 dE = -1.59065E-03
SCF Iteration 143: Energy = 10.2614352383830685 dE =  1.58362E-03
SCF Iteration 144: Energy = 10.2598451024964490 dE = -1.59014E-03
SCF Iteration 145: Energy = 10.2614290506800874 dE =  1.58395E-03
SCF Iteration 146: Energy = 10.2598393707613589 dE = -1.58968E-03
SCF Iteration 147: Energy = 10.2614236094501159 dE =  1.58424E-03
SCF Iteration 148: Energy = 10.2598343304944386 dE = -1.58928E-03
SCF Iteration 149: Energy = 10.2614188246473788 dE =  1.58449E-03
SCF Iteration 150: Energy = 10.2598298982844494 dE = -1.58893E-03
SCF Iteration 151: Energy = 10.2614146170864835 dE =  1.58472E-03
SCF Iteration 152: Energy = 10.2598260007805955 dE = -1.58862E-03
SCF Iteration 153: Energy = 10.2614109171328938 dE =  1.58492E-03
SCF Iteration 154: Energy = 10.2598225734792763 dE = -1.58834E-03
SCF Iteration 155: Energy = 10.2614076635513758 dE =  1.58509E-03
SCF Iteration 156: Energy = 10.2598195596573163 dE = -1.58810E-03
SCF Iteration 157: Energy = 10.2614048024929616 dE =  1.58524E-03
SCF Iteration 158: Energy = 10.2598169094336864 dE = -1.58789E-03
SCF Iteration 159: Energy = 10.2614022866043175 dE =  1.58538E-03
SCF Iteration 160: Energy = 10.2598145789442938 dE = -1.58771E-03
SCF Iteration 161: Energy = 10.2614000742442641 dE =  1.58550E-03
SCF Iteration 162: Energy = 10.2598125296164113 dE = -1.58754E-03
SCF Iteration 163: Energy = 10.2613981287948413 dE =  1.58560E-03
SCF Iteration 164: Energy = 10.2598107275303931 dE = -1.58740E-03
SCF Iteration 165: Energy = 10.2613964180554724 dE =  1.58569E-03
SCF Iteration 166: Energy = 10.2598091428584333 dE = -1.58728E-03
SCF Iteration 167: Energy = 10.2613949137100704 dE =  1.58577E-03
SCF Iteration 168: Energy = 10.2598077493711166 dE = -1.58716E-03
SCF Iteration 169: Energy = 10.2613935908585354 dE =  1.58584E-03
SCF Iteration 170: Energy = 10.2598065240031815 dE = -1.58707E-03
SCF Iteration 171: Energy = 10.2613924276047221 dE =  1.58590E-03
SCF Iteration 172: Energy = 10.2598054464719226 dE = -1.58698E-03
SCF Iteration 173: Energy = 10.2613914046939918 dE =  1.58596E-03
SCF Iteration 174: Energy = 10.2598044989416568 dE = -1.58691E-03
SCF Iteration 175: Energy = 10.2613905051945871 dE =  1.58601E-03
SCF Iteration 176: Energy = 10.2598036657283522 dE = -1.58684E-03
SCF Iteration 177: Energy = 10.2613897142174508 dE =  1.58605E-03
SCF Iteration 178: Energy = 10.2598029330401328 dE = -1.58678E-03
SCF Iteration 179: Energy = 10.2613890186698384 dE =  1.58609E-03
SCF Iteration 180: Energy = 10.2598022887490128 dE = -1.58673E-03
SCF Iteration 181: Energy = 10.2613884070385062 dE =  1.58612E-03
SCF Iteration 182: Energy = 10.2598017221902253 dE = -1.58668E-03
SCF Iteration 183: Energy = 10.2613878691991722 dE =  1.58615E-03
SCF Iteration 184: Energy = 10.2598012239855727 dE = -1.58665E-03
SCF Iteration 185: Energy = 10.2613873962490914 dE =  1.58617E-03
SCF Iteration 186: Energy = 10.2598007858883307 dE = -1.58661E-03
SCF Iteration 187: Energy = 10.2613869803595676 dE =  1.58619E-03
SCF Iteration 188: Energy = 10.2598004006467001 dE = -1.58658E-03
SCF Iteration 189: Energy = 10.2613866146463764 dE =  1.58621E-03
SCF Iteration 190: Energy = 10.2598000618838441 dE = -1.58655E-03
SCF Iteration 191: Energy = 10.2613862930558373 dE =  1.58623E-03
SCF Iteration 192: Energy = 10.2597997639921097 dE = -1.58653E-03
SCF Iteration 193: Energy = 10.2613860102646779 dE =  1.58625E-03
SCF Iteration 194: Energy = 10.2597995020405310 dE = -1.58651E-03
SCF Iteration 195: Energy = 10.2613857615918498 dE =  1.58626E-03
SCF Iteration 196: Energy = 10.2597992716930264 dE = -1.58649E-03
SCF Iteration 197: Energy = 10.2613855429209835 dE =  1.58627E-03
SCF Iteration 198: Energy = 10.2597990691365908 dE = -1.58647E-03
SCF Iteration 199: Energy = 10.2613853506324624 dE =  1.58628E-03
SCF Iteration 200: Energy = 10.2597988910182849 dE = -1.58646E-03
SCF Iteration 201: Energy = 10.2613851815432469 dE =  1.58629E-03
SCF Iteration 202: Energy = 10.2597987343897188 dE = -1.58645E-03
SCF Iteration 203: Energy = 10.2613850328544363 dE =  1.58630E-03
SCF Iteration 204: Energy = 10.2597985966581593 dE = -1.58644E-03
SCF Iteration 205: Energy = 10.2613849021046892 dE =  1.58631E-03
SCF Iteration 206: Energy = 10.2597984755437110 dE = -1.58643E-03
SCF Iteration 207: Energy = 10.2613847871297743 dE =  1.58631E-03
SCF Iteration 208: Energy = 10.2597983690415777 dE = -1.58642E-03
SCF Iteration 209: Energy = 10.2613846860263997 dE =  1.58632E-03
SCF Iteration 210: Energy = 10.2597982753887802 dE = -1.58641E-03
SCF Iteration 211: Energy = 10.2613845971210189 dE =  1.58632E-03
SCF Iteration 212: Energy = 10.2597981930350564 dE = -1.58640E-03
SCF Iteration 213: Energy = 10.2613845189419681 dE =  1.58633E-03
SCF Iteration 214: Energy = 10.2597981206172175 dE = -1.58640E-03
SCF Iteration 215: Energy = 10.2613844501950968 dE =  1.58633E-03
SCF Iteration 216: Energy = 10.2597980569364928 dE = -1.58639E-03
SCF Iteration 217: Energy = 10.2613843897424513 dE =  1.58633E-03
SCF Iteration 218: Energy = 10.2597980009387548 dE = -1.58639E-03
SCF Iteration 219: Energy = 10.2613843365833617 dE =  1.58634E-03
SCF Iteration 220: Energy = 10.2597979516971041 dE = -1.58638E-03
SCF Iteration 221: Energy = 10.2613842898378529 dE =  1.58634E-03
SCF Iteration 222: Energy = 10.2597979083964130 dE = -1.58638E-03
SCF Iteration 223: Energy = 10.2613842487321012 dE =  1.58634E-03
SCF Iteration 224: Energy = 10.2597978703198525 dE = -1.58638E-03
SCF Iteration 225: Energy = 10.2613842125857389 dE =  1.58634E-03
SCF Iteration 226: Energy = 10.2597978368371852 dE = -1.58638E-03
SCF Iteration 227: Energy = 10.2613841808003663 dE =  1.58634E-03
SCF Iteration 228: Energy = 10.2597978073941718 dE = -1.58637E-03
SCF Iteration 229: Energy = 10.2613841528499030 dE =  1.58635E-03
SCF Iteration 230: Energy = 10.2597977815034369 dE = -1.58637E-03
SCF Iteration 231: Energy = 10.2613841282716063 dE =  1.58635E-03
SCF Iteration 232: Energy = 10.2597977587363989 dE = -1.58637E-03
SCF Iteration 233: Energy = 10.2613841066586637 dE =  1.58635E-03
SCF Iteration 234: Energy = 10.2597977387161521 dE = -1.58637E-03
SCF Iteration 235: Energy = 10.2613840876532763 dE =  1.58635E-03
SCF Iteration 236: Energy = 10.2597977211113367 dE = -1.58637E-03
SCF Iteration 237: Energy = 10.2613840709408635 dE =  1.58635E-03
SCF Iteration 238: Energy = 10.2597977056305254 dE = -1.58637E-03
SCF Iteration 239: Energy = 10.2613840562447916 dE =  1.58635E-03
SCF Iteration 240: Energy = 10.2597976920174361 dE = -1.58636E-03
SCF Iteration 241: Energy = 10.2613840433218062 dE =  1.58635E-03
SCF Iteration 242: Energy = 10.2597976800467769 dE = -1.58636E-03
SCF Iteration 243: Energy = 10.2613840319579381 dE =  1.58635E-03
SCF Iteration 244: Energy = 10.2597976695203457 dE = -1.58636E-03
SCF Iteration 245: Energy = 10.2613840219651102 dE =  1.58635E-03
SCF Iteration 246: Energy = 10.2597976602639207 dE = -1.58636E-03
SCF Iteration 247: Energy = 10.2613840131779099 dE =  1.58635E-03
SCF Iteration 248: Energy = 10.2597976521242629 dE = -1.58636E-03
SCF Iteration 249: Energy = 10.2613840054508962 dE =  1.58635E-03
SCF Iteration 250: Energy = 10.2597976449666586 dE = -1.58636E-03
SCF Iteration 251: Energy = 10.2613839986561111 dE =  1.58635E-03
SCF Iteration 252: Energy = 10.2597976386726106 dE = -1.58636E-03
SCF Iteration 253: Energy = 10.2613839926810950 dE =  1.58635E-03
SCF Iteration 254: Energy = 10.2597976331379250 dE = -1.58636E-03
SCF Iteration 255: Energy = 10.2613839874269956 dE =  1.58635E-03
SCF Iteration 256: Energy = 10.2597976282709986 dE = -1.58636E-03
SCF Iteration 257: Energy = 10.2613839828067590 dE =  1.58635E-03
SCF Iteration 258: Energy = 10.2597976239912292 dE = -1.58636E-03
SCF Iteration 259: Energy = 10.2613839787439911 dE =  1.58635E-03
SCF Iteration 260: Energy = 10.2597976202278609 dE = -1.58636E-03
SCF Iteration 261: Energy = 10.2613839751713485 dE =  1.58635E-03
SCF Iteration 262: Energy = 10.2597976169185046 dE = -1.58636E-03
SCF Iteration 263: Energy = 10.2613839720297584 dE =  1.58636E-03
SCF Iteration 264: Energy = 10.2597976140084288 dE = -1.58636E-03
SCF Iteration 265: Energy = 10.2613839692672109 dE =  1.58636E-03
SCF Iteration 266: Energy = 10.2597976114494447 dE = -1.58636E-03
SCF Iteration 267: Energy = 10.2613839668379399 dE =  1.58636E-03
SCF Iteration 268: Energy = 10.2597976091992074 dE = -1.58636E-03
SCF Iteration 269: Energy = 10.2613839647017677 dE =  1.58636E-03
SCF Iteration 270: Energy = 10.2597976072204418 dE = -1.58636E-03
SCF Iteration 271: Energy = 10.2613839628233237 dE =  1.58636E-03
SCF Iteration 272: Energy = 10.2597976054804505 dE = -1.58636E-03
SCF Iteration 273: Energy = 10.2613839611715214 dE =  1.58636E-03
SCF Iteration 274: Energy = 10.2597976039503340 dE = -1.58636E-03
SCF Iteration 275: Energy = 10.2613839597189891 dE =  1.58636E-03
SCF Iteration 276: Energy = 10.2597976026048876 dE = -1.58636E-03
SCF Iteration 277: Energy = 10.2613839584417050 dE =  1.58636E-03
SCF Iteration 278: Energy = 10.2597976014216936 dE = -1.58636E-03
SCF Iteration 279: Energy = 10.2613839573185146 dE =  1.58636E-03
SCF Iteration 280: Energy = 10.2597976003812974 dE = -1.58636E-03
SCF Iteration 281: Energy = 10.2613839563308442 dE =  1.58636E-03
SCF Iteration 282: Energy = 10.2597975994664168 dE = -1.58636E-03
SCF Iteration 283: Energy = 10.2613839554623372 dE =  1.58636E-03
SCF Iteration 284: Energy = 10.2597975986619243 dE = -1.58636E-03
SCF Iteration 285: Energy = 10.2613839546986370 dE =  1.58636E-03
SCF Iteration 286: Energy = 10.2597975979544760 dE = -1.58636E-03
SCF Iteration 287: Energy = 10.2613839540270355 dE =  1.58636E-03
SCF Iteration 288: Energy = 10.2597975973323905 dE = -1.58636E-03
SCF Iteration 289: Energy = 10.2613839534365106 dE =  1.58636E-03
SCF Iteration 290: Energy = 10.2597975967853543 dE = -1.58636E-03
SCF Iteration 291: Energy = 10.2613839529171855 dE =  1.58636E-03
SCF Iteration 292: Energy = 10.2597975963043062 dE = -1.58636E-03
SCF Iteration 293: Energy = 10.2613839524605410 dE =  1.58636E-03
SCF Iteration 294: Energy = 10.2597975958813237 dE = -1.58636E-03
SCF Iteration 295: Energy = 10.2613839520589849 dE =  1.58636E-03
SCF Iteration 296: Energy = 10.2597975955093581 dE = -1.58636E-03
SCF Iteration 297: Energy = 10.2613839517058718 dE =  1.58636E-03
SCF Iteration 298: Energy = 10.2597975951822562 dE = -1.58636E-03
SCF Iteration 299: Energy = 10.2613839513953629 dE =  1.58636E-03
SCF Iteration 300: Energy = 10.2597975948946463 dE = -1.58636E-03
SCF Iteration 301: Energy = 10.2613839511223084 dE =  1.58636E-03
SCF Iteration 302: Energy = 10.2597975946417073 dE = -1.58636E-03
SCF Iteration 303: Energy = 10.2613839508822231 dE =  1.58636E-03
SCF Iteration 304: Energy = 10.2597975944192861 dE = -1.58636E-03
SCF Iteration 305: Energy = 10.2613839506710800 dE =  1.58636E-03
SCF Iteration 306: Energy = 10.2597975942237039 dE = -1.58636E-03
SCF Iteration 307: Energy = 10.2613839504854347 dE =  1.58636E-03
SCF Iteration 308: Energy = 10.2597975940517436 dE = -1.58636E-03
SCF Iteration 309: Energy = 10.2613839503221556 dE =  1.58636E-03
SCF Iteration 310: Energy = 10.2597975939005135 dE = -1.58636E-03
SCF Iteration 311: Energy = 10.2613839501785904 dE =  1.58636E-03
SCF Iteration 312: Energy = 10.2597975937675372 dE = -1.58636E-03
SCF Iteration 313: Energy = 10.2613839500523483 dE =  1.58636E-03
SCF Iteration 314: Energy = 10.2597975936505925 dE = -1.58636E-03
SCF Iteration 315: Energy = 10.2613839499413366 dE =  1.58636E-03
SCF Iteration 316: Energy = 10.2597975935477486 dE = -1.58636E-03
SCF Iteration 317: Energy = 10.2613839498437063 dE =  1.58636E-03
SCF Iteration 318: Energy = 10.2597975934573480 dE = -1.58636E-03
SCF Iteration 319: Energy = 10.2613839497578603 dE =  1.58636E-03
SCF Iteration 320: Energy = 10.2597975933778294 dE = -1.58636E-03
SCF Iteration 321: Energy = 10.2613839496824202 dE =  1.58636E-03
SCF Iteration 322: Energy = 10.2597975933079049 dE = -1.58636E-03
SCF Iteration 323: Energy = 10.2613839496160217 dE =  1.58636E-03
SCF Iteration 324: Energy = 10.2597975932464109 dE = -1.58636E-03
SCF Iteration 325: Energy = 10.2613839495576507 dE =  1.58636E-03
SCF Iteration 326: Energy = 10.2597975931923528 dE = -1.58636E-03
SCF Iteration 327: Energy = 10.2613839495063317 dE =  1.58636E-03
SCF Iteration 328: Energy = 10.2597975931448158 dE = -1.58636E-03
SCF Iteration 329: Energy = 10.2613839494612069 dE =  1.58636E-03
SCF Iteration 330: Energy = 10.2597975931030181 dE = -1.58636E-03
SCF Iteration 331: Energy = 10.2613839494215142 dE =  1.58636E-03
SCF Iteration 332: Energy = 10.2597975930662422 dE = -1.58636E-03
SCF Iteration 333: Energy = 10.2613839493866070 dE =  1.58636E-03
SCF Iteration 334: Energy = 10.2597975930339018 dE = -1.58636E-03
SCF Iteration 335: Energy = 10.2613839493558885 dE =  1.58636E-03
SCF Iteration 336: Energy = 10.2597975930054908 dE = -1.58636E-03
SCF Iteration 337: Energy = 10.2613839493289198 dE =  1.58636E-03
SCF Iteration 338: Energy = 10.2597975929804903 dE = -1.58636E-03
SCF Iteration 339: Energy = 10.2613839493052001 dE =  1.58636E-03
SCF Iteration 340: Energy = 10.2597975929584884 dE = -1.58636E-03
SCF Iteration 341: Energy = 10.2613839492843315 dE =  1.58636E-03
SCF Iteration 342: Energy = 10.2597975929391581 dE = -1.58636E-03
SCF Iteration 343: Energy = 10.2613839492659835 dE =  1.58636E-03
SCF Iteration 344: Energy = 10.2597975929221743 dE = -1.58636E-03
SCF Iteration 345: Energy = 10.2613839492498329 dE =  1.58636E-03
SCF Iteration 346: Energy = 10.2597975929072174 dE = -1.58636E-03
SCF Iteration 347: Energy = 10.2613839492356540 dE =  1.58636E-03
SCF Iteration 348: Energy = 10.2597975928940794 dE = -1.58636E-03
SCF Iteration 349: Energy = 10.2613839492231715 dE =  1.58636E-03
SCF Iteration 350: Energy = 10.2597975928825083 dE = -1.58636E-03
SCF Iteration 351: Energy = 10.2613839492121954 dE =  1.58636E-03
SCF Iteration 352: Energy = 10.2597975928723564 dE = -1.58636E-03
SCF Iteration 353: Energy = 10.2613839492025676 dE =  1.58636E-03
SCF Iteration 354: Energy = 10.2597975928634249 dE = -1.58636E-03
SCF Iteration 355: Energy = 10.2613839491940873 dE =  1.58636E-03
SCF Iteration 356: Energy = 10.2597975928555698 dE = -1.58636E-03
SCF Iteration 357: Energy = 10.2613839491865981 dE =  1.58636E-03
SCF Iteration 358: Energy = 10.2597975928486491 dE = -1.58636E-03
SCF Iteration 359: Energy = 10.2613839491800451 dE =  1.58636E-03
SCF Iteration 360: Energy = 10.2597975928425686 dE = -1.58636E-03
SCF Iteration 361: Energy = 10.2613839491742649 dE =  1.58636E-03
SCF Iteration 362: Energy = 10.2597975928372271 dE = -1.58636E-03
SCF Iteration 363: Energy = 10.2613839491692005 dE =  1.58636E-03
SCF Iteration 364: Energy = 10.2597975928325305 dE = -1.58636E-03
SCF Iteration 365: Energy = 10.2613839491647543 dE =  1.58636E-03
SCF Iteration 366: Energy = 10.2597975928283969 dE = -1.58636E-03
SCF Iteration 367: Energy = 10.2613839491608232 dE =  1.58636E-03
SCF Iteration 368: Energy = 10.2597975928247536 dE = -1.58636E-03
SCF Iteration 369: Energy = 10.2613839491573735 dE =  1.58636E-03
SCF Iteration 370: Energy = 10.2597975928215703 dE = -1.58636E-03
SCF Iteration 371: Energy = 10.2613839491543324 dE =  1.58636E-03
SCF Iteration 372: Energy = 10.2597975928187548 dE = -1.58636E-03
SCF Iteration 373: Energy = 10.2613839491516465 dE =  1.58636E-03
SCF Iteration 374: Energy = 10.2597975928162715 dE = -1.58636E-03
SCF Iteration 375: Energy = 10.2613839491493266 dE =  1.58636E-03
SCF Iteration 376: Energy = 10.2597975928141185 dE = -1.58636E-03
SCF Iteration 377: Energy = 10.2613839491472625 dE =  1.58636E-03
SCF Iteration 378: Energy = 10.2597975928122054 dE = -1.58636E-03
SCF Iteration 379: Energy = 10.2613839491454470 dE =  1.58636E-03
SCF Iteration 380: Energy = 10.2597975928105249 dE = -1.58636E-03
SCF Iteration 381: Energy = 10.2613839491438537 dE =  1.58636E-03
SCF Iteration 382: Energy = 10.2597975928090364 dE = -1.58636E-03
SCF Iteration 383: Energy = 10.2613839491424592 dE =  1.58636E-03
SCF Iteration 384: Energy = 10.2597975928077396 dE = -1.58636E-03
SCF Iteration 385: Energy = 10.2613839491412087 dE =  1.58636E-03
SCF Iteration 386: Energy = 10.2597975928065992 dE = -1.58636E-03
SCF Iteration 387: Energy = 10.2613839491401286 dE =  1.58636E-03
SCF Iteration 388: Energy = 10.2597975928055902 dE = -1.58636E-03
SCF Iteration 389: Energy = 10.2613839491391765 dE =  1.58636E-03
SCF Iteration 390: Energy = 10.2597975928046967 dE = -1.58636E-03
SCF Iteration 391: Energy = 10.2613839491383239 dE =  1.58636E-03
SCF Iteration 392: Energy = 10.2597975928039293 dE = -1.58636E-03
SCF Iteration 393: Energy = 10.2613839491375849 dE =  1.58636E-03
SCF Iteration 394: Energy = 10.2597975928032454 dE = -1.58636E-03
SCF Iteration 395: Energy = 10.2613839491369525 dE =  1.58636E-03
SCF Iteration 396: Energy = 10.2597975928026592 dE = -1.58636E-03
SCF Iteration 397: Energy = 10.2613839491363734 dE =  1.58636E-03
SCF Iteration 398: Energy = 10.2597975928021263 dE = -1.58636E-03
SCF Iteration 399: Energy = 10.2613839491358743 dE =  1.58636E-03
SCF Iteration 400: Energy = 10.2597975928016432 dE = -1.58636E-03
SCF Iteration 401: Energy = 10.2613839491354319 dE =  1.58636E-03
SCF Iteration 402: Energy = 10.2597975928012453 dE = -1.58636E-03
SCF Iteration 403: Energy = 10.2613839491350589 dE =  1.58636E-03
SCF Iteration 404: Energy = 10.2597975928009078 dE = -1.58636E-03
SCF Iteration 405: Energy = 10.2613839491347250 dE =  1.58636E-03
SCF Iteration 406: Energy = 10.2597975928006004 dE = -1.58636E-03
SCF Iteration 407: Energy = 10.2613839491344212 dE =  1.58636E-03
SCF Iteration 408: Energy = 10.2597975928003233 dE = -1.58636E-03
SCF Iteration 409: Energy = 10.2613839491341547 dE =  1.58636E-03
SCF Iteration 410: Energy = 10.2597975928000604 dE = -1.58636E-03
SCF Iteration 411: Energy = 10.2613839491339114 dE =  1.58636E-03
SCF Iteration 412: Energy = 10.2597975927998419 dE = -1.58636E-03
SCF Iteration 413: Energy = 10.2613839491337426 dE =  1.58636E-03
SCF Iteration 414: Energy = 10.2597975927996785 dE = -1.58636E-03
SCF Iteration 415: Energy = 10.2613839491335579 dE =  1.58636E-03
SCF Iteration 416: Energy = 10.2597975927995044 dE = -1.58636E-03
SCF Iteration 417: Energy = 10.2613839491333767 dE =  1.58636E-03
SCF Iteration 418: Energy = 10.2597975927993446 dE = -1.58636E-03
SCF Iteration 419: Energy = 10.2613839491332541 dE =  1.58636E-03
SCF Iteration 420: Energy = 10.2597975927992309 dE = -1.58636E-03
SCF Iteration 421: Energy = 10.2613839491331387 dE =  1.58636E-03
SCF Iteration 422: Energy = 10.2597975927991278 dE = -1.58636E-03
SCF Iteration 423: Energy = 10.2613839491330268 dE =  1.58636E-03
SCF Iteration 424: Energy = 10.2597975927990088 dE = -1.58636E-03
SCF Iteration 425: Energy = 10.2613839491329344 dE =  1.58636E-03
SCF Iteration 426: Energy = 10.2597975927989147 dE = -1.58636E-03
SCF Iteration 427: Energy = 10.2613839491328314 dE =  1.58636E-03
SCF Iteration 428: Energy = 10.2597975927988454 dE = -1.58636E-03
SCF Iteration 429: Energy = 10.2613839491327674 dE =  1.58636E-03
SCF Iteration 430: Energy = 10.2597975927987726 dE = -1.58636E-03
SCF Iteration 431: Energy = 10.2613839491327052 dE =  1.58636E-03
SCF Iteration 432: Energy = 10.2597975927987193 dE = -1.58636E-03
SCF Iteration 433: Energy = 10.2613839491326519 dE =  1.58636E-03
SCF Iteration 434: Energy = 10.2597975927986482 dE = -1.58636E-03
SCF Iteration 435: Energy = 10.2613839491325844 dE =  1.58636E-03
SCF Iteration 436: Energy = 10.2597975927986163 dE = -1.58636E-03
SCF Iteration 437: Energy = 10.2613839491325507 dE =  1.58636E-03
SCF Iteration 438: Energy = 10.2597975927985647 dE = -1.58636E-03
SCF Iteration 439: Energy = 10.2613839491325081 dE =  1.58636E-03
SCF Iteration 440: Energy = 10.2597975927985416 dE = -1.58636E-03
SCF Iteration 441: Energy = 10.2613839491324761 dE =  1.58636E-03
SCF Iteration 442: Energy = 10.2597975927985061 dE = -1.58636E-03
SCF Iteration 443: Energy = 10.2613839491324370 dE =  1.58636E-03
SCF Iteration 444: Energy = 10.2597975927984884 dE = -1.58636E-03
SCF Iteration 445: Energy = 10.2613839491324317 dE =  1.58636E-03
SCF Iteration 446: Energy = 10.2597975927984510 dE = -1.58636E-03
SCF Iteration 447: Energy = 10.2613839491323944 dE =  1.58636E-03
SCF Iteration 448: Energy = 10.2597975927984368 dE = -1.58636E-03
SCF Iteration 449: Energy = 10.2613839491323660 dE =  1.58636E-03
SCF Iteration 450: Energy = 10.2597975927984137 dE = -1.58636E-03
SCF Iteration 451: Energy = 10.2613839491323571 dE =  1.58636E-03
SCF Iteration 452: Energy = 10.2597975927983995 dE = -1.58636E-03
SCF Iteration 453: Energy = 10.2613839491323624 dE =  1.58636E-03
SCF Iteration 454: Energy = 10.2597975927983853 dE = -1.58636E-03
SCF Iteration 455: Energy = 10.2613839491323411 dE =  1.58636E-03
SCF Iteration 456: Energy = 10.2597975927983729 dE = -1.58636E-03
SCF Iteration 457: Energy = 10.2613839491323322 dE =  1.58636E-03
SCF Iteration 458: Energy = 10.2597975927983658 dE = -1.58636E-03
SCF Iteration 459: Energy = 10.2613839491323091 dE =  1.58636E-03
SCF Iteration 460: Energy = 10.2597975927983640 dE = -1.58636E-03
SCF Iteration 461: Energy = 10.2613839491323002 dE =  1.58636E-03
SCF Iteration 462: Energy = 10.2597975927983462 dE = -1.58636E-03
SCF Iteration 463: Energy = 10.2613839491322949 dE =  1.58636E-03
SCF Iteration 464: Energy = 10.2597975927983391 dE = -1.58636E-03
SCF Iteration 465: Energy = 10.2613839491322949 dE =  1.58636E-03
SCF Iteration 466: Energy = 10.2597975927983356 dE = -1.58636E-03
SCF Iteration 467: Energy = 10.2613839491323020 dE =  1.58636E-03
SCF Iteration 468: Energy = 10.2597975927983427 dE = -1.58636E-03
SCF Iteration 469: Energy = 10.2613839491322807 dE =  1.58636E-03
SCF Iteration 470: Energy = 10.2597975927983391 dE = -1.58636E-03
SCF Iteration 471: Energy = 10.2613839491322594 dE =  1.58636E-03
SCF Iteration 472: Energy = 10.2597975927983089 dE = -1.58636E-03
SCF Iteration 473: Energy = 10.2613839491322665 dE =  1.58636E-03
SCF Iteration 474: Energy = 10.2597975927983196 dE = -1.58636E-03
SCF Iteration 475: Energy = 10.2613839491322594 dE =  1.58636E-03
SCF Iteration 476: Energy = 10.2597975927983285 dE = -1.58636E-03
SCF Iteration 477: Energy = 10.2613839491322629 dE =  1.58636E-03
SCF Iteration 478: Energy = 10.2597975927983160 dE = -1.58636E-03
SCF Iteration 479: Energy = 10.2613839491322771 dE =  1.58636E-03
SCF Iteration 480: Energy = 10.2597975927983143 dE = -1.58636E-03
SCF Iteration 481: Energy = 10.2613839491322754 dE =  1.58636E-03
SCF Iteration 482: Energy = 10.2597975927983356 dE = -1.58636E-03
SCF Iteration 483: Energy = 10.2613839491322452 dE =  1.58636E-03
SCF Iteration 484: Energy = 10.2597975927983072 dE = -1.58636E-03
SCF Iteration 485: Energy = 10.2613839491322558 dE =  1.58636E-03
SCF Iteration 486: Energy = 10.2597975927983125 dE = -1.58636E-03
SCF Iteration 487: Energy = 10.2613839491322452 dE =  1.58636E-03
SCF Iteration 488: Energy = 10.2597975927982965 dE = -1.58636E-03
SCF Iteration 489: Energy = 10.2613839491322363 dE =  1.58636E-03
SCF Iteration 490: Energy = 10.2597975927983001 dE = -1.58636E-03
SCF Iteration 491: Energy = 10.2613839491322452 dE =  1.58636E-03
SCF Iteration 492: Energy = 10.2597975927982787 dE = -1.58636E-03
SCF Iteration 493: Energy = 10.2613839491322434 dE =  1.58636E-03
SCF Iteration 494: Energy = 10.2597975927983001 dE = -1.58636E-03
SCF Iteration 495: Energy = 10.2613839491322416 dE =  1.58636E-03
SCF Iteration 496: Energy = 10.2597975927982876 dE = -1.58636E-03
SCF Iteration 497: Energy = 10.2613839491322238 dE =  1.58636E-03
SCF Iteration 498: Energy = 10.2597975927982983 dE = -1.58636E-03
SCF Iteration 499: Energy = 10.2613839491322452 dE =  1.58636E-03
SCF Iteration 500: Energy = 10.2597975927982930 dE = -1.58636E-03
