
  Memory set to  55.879 GiB by Python driver.
  Threads set to 1 by Python driver.
Settings:
	LOT = CCSD-S1-U21
	wc = 20.0 eV
	lambda = [1.212424 0.       0.      ] a.u.
	Equivalent A0 = LAMBDA / sqrt(2 wc) = [1. 0. 0.])
doing QED-CCSD-1 (or QED-CCSD-21)
Number of occupied orbitals:   1
Number of basis functions:  60
SCF Iteration   1: Energy = 9.2796139250101088 dE =  9.27961E+00
SCF Iteration   2: Energy = 9.8508667502790050 dE =  5.71253E-01
SCF Iteration   3: Energy = 9.5266977436345996 dE = -3.24169E-01
SCF Iteration   4: Energy = 9.7733930492885790 dE =  2.46695E-01
SCF Iteration   5: Energy = 9.6867137595928803 dE = -8.66793E-02
SCF Iteration   6: Energy = 9.7796040019810171 dE =  9.28902E-02
SCF Iteration   7: Energy = 9.7551706356369934 dE = -2.44334E-02
SCF Iteration   8: Energy = 9.7891077828880881 dE =  3.39371E-02
SCF Iteration   9: Energy = 9.7822479613286575 dE = -6.85982E-03
SCF Iteration  10: Energy = 9.7931613522555949 dE =  1.09134E-02
SCF Iteration  11: Energy = 9.7909793722075591 dE = -2.18198E-03
SCF Iteration  12: Energy = 9.7923439316643481 dE =  1.36456E-03
SCF Iteration  13: Energy = 9.7909045567633406 dE = -1.43937E-03
SCF Iteration  14: Energy = 9.7881589310422594 dE = -2.74563E-03
SCF Iteration  15: Energy = 9.7863492681956075 dE = -1.80966E-03
SCF Iteration  16: Energy = 9.7818755176369123 dE = -4.47375E-03
SCF Iteration  17: Energy = 9.7795056264581248 dE = -2.36989E-03
SCF Iteration  18: Energy = 9.7744235957783445 dE = -5.08203E-03
SCF Iteration  19: Energy = 9.7715880736594762 dE = -2.83552E-03
SCF Iteration  20: Energy = 9.7664524645017909 dE = -5.13561E-03
SCF Iteration  21: Energy = 9.7633091585788989 dE = -3.14331E-03
SCF Iteration  22: Energy = 9.7584018315575456 dE = -4.90733E-03
SCF Iteration  23: Energy = 9.7550978887263256 dE = -3.30394E-03
SCF Iteration  24: Energy = 9.7505598195485561 dE = -4.53807E-03
SCF Iteration  25: Energy = 9.7472113319768994 dE = -3.34849E-03
SCF Iteration  26: Energy = 9.7431066149595473 dE = -4.10472E-03
SCF Iteration  27: Energy = 9.7397974064669075 dE = -3.30921E-03
SCF Iteration  28: Energy = 9.7361465135061103 dE = -3.65089E-03
SCF Iteration  29: Energy = 9.7329330268532992 dE = -3.21349E-03
SCF Iteration  30: Energy = 9.7297312140647385 dE = -3.20181E-03
SCF Iteration  31: Energy = 9.7266485908395719 dE = -3.08262E-03
SCF Iteration  32: Energy = 9.7238766414503957 dE = -2.77195E-03
SCF Iteration  33: Energy = 9.7209442651658051 dE = -2.93238E-03
SCF Iteration  34: Energy = 9.7185750164227365 dE = -2.36925E-03
SCF Iteration  35: Energy = 9.7158010363900598 dE = -2.77398E-03
SCF Iteration  36: Energy = 9.7138034479750974 dE = -1.99759E-03
SCF Iteration  37: Energy = 9.7111882729012464 dE = -2.61518E-03
SCF Iteration  38: Energy = 9.7095299900967156 dE = -1.65828E-03
SCF Iteration  39: Energy = 9.7070688974478152 dE = -2.46109E-03
SCF Iteration  40: Energy = 9.7057178578923988 dE = -1.35104E-03
SCF Iteration  41: Energy = 9.7034028971156765 dE = -2.31496E-03
SCF Iteration  42: Energy = 9.7023283143951993 dE = -1.07458E-03
SCF Iteration  43: Energy = 9.7001496678166959 dE = -2.17865E-03
SCF Iteration  44: Energy = 9.6993226031931599 dE = -8.27065E-04
SCF Iteration  45: Energy = 9.6972695403533198 dE = -2.05306E-03
SCF Iteration  46: Energy = 9.6966632010494713 dE = -6.06339E-04
SCF Iteration  47: Energy = 9.6947247333288917 dE = -1.93847E-03
SCF Iteration  48: Energy = 9.6943145901007242 dE = -4.10143E-04
SCF Iteration  49: Energy = 9.6924799072911867 dE = -1.83468E-03
SCF Iteration  50: Energy = 9.6922436942883401 dE = -2.36213E-04
SCF Iteration  51: Energy = 9.6905024443649665 dE = -1.74125E-03
SCF Iteration  52: Energy = 9.6904200843848756 dE = -8.23600E-05
SCF Iteration  53: Energy = 9.6887625418570984 dE = -1.65754E-03
SCF Iteration  54: Energy = 9.6888160265279026 dE =  5.34847E-05
SCF Iteration  55: Energy = 9.6872331826726850 dE = -1.58284E-03
SCF Iteration  56: Energy = 9.6874064277257403 dE =  1.73245E-04
SCF Iteration  57: Energy = 9.6858900269581945 dE = -1.51640E-03
SCF Iteration  58: Energy = 9.6861687162266215 dE =  2.78689E-04
SCF Iteration  59: Energy = 9.6847112561491002 dE = -1.45746E-03
SCF Iteration  60: Energy = 9.6850826833702417 dE =  3.71427E-04
SCF Iteration  61: Energy = 9.6836773910925515 dE = -1.40529E-03
SCF Iteration  62: Energy = 9.6841303054078001 dE =  4.52914E-04
SCF Iteration  63: Energy = 9.6827710991026290 dE = -1.35921E-03
SCF Iteration  64: Energy = 9.6832955579264137 dE =  5.24459E-04
SCF Iteration  65: Energy = 9.6819769999368113 dE = -1.31856E-03
SCF Iteration  66: Energy = 9.6825642313269036 dE =  5.87231E-04
SCF Iteration  67: Energy = 9.6812814772159363 dE = -1.28275E-03
SCF Iteration  68: Energy = 9.6819237528207758 dE =  6.42276E-04
SCF Iteration  69: Energy = 9.6806724993611439 dE = -1.25125E-03
SCF Iteration  70: Energy = 9.6813630183029495 dE =  6.90519E-04
SCF Iteration  71: Energy = 9.6801394524001569 dE = -1.22357E-03
SCF Iteration  72: Energy = 9.6808722359797823 dE =  7.32784E-04
SCF Iteration  73: Energy = 9.6796729858053965 dE = -1.19925E-03
SCF Iteration  74: Energy = 9.6804427826103208 dE =  7.69797E-04
SCF Iteration  75: Energy = 9.6792648717126575 dE = -1.17791E-03
SCF Iteration  76: Energy = 9.6800670725263931 dE =  8.02201E-04
SCF Iteration  77: Energy = 9.6789078773289852 dE = -1.15920E-03
SCF Iteration  78: Energy = 9.6797384391391006 dE =  8.30562E-04
SCF Iteration  79: Energy = 9.6785956499902710 dE = -1.14279E-03
SCF Iteration  80: Energy = 9.6794510283491206 dE =  8.55378E-04
SCF Iteration  81: Energy = 9.6783226141197538 dE = -1.12841E-03
SCF Iteration  82: Energy = 9.6791997031068142 dE =  8.77089E-04
SCF Iteration  83: Energy = 9.6780838792238733 dE = -1.11582E-03
SCF Iteration  84: Energy = 9.6789799582785641 dE =  8.96079E-04
SCF Iteration  85: Energy = 9.6778751580133644 dE = -1.10480E-03
SCF Iteration  86: Energy = 9.6787878449444236 dE =  9.12687E-04
SCF Iteration  87: Energy = 9.6776926937359633 dE = -1.09515E-03
SCF Iteration  88: Energy = 9.6786199032577613 dE =  9.27210E-04
SCF Iteration  89: Energy = 9.6775331958315718 dE = -1.08671E-03
SCF Iteration  90: Energy = 9.6784731030286864 dE =  9.39907E-04
SCF Iteration  91: Energy = 9.6773937830674850 dE = -1.07932E-03
SCF Iteration  92: Energy = 9.6783447912395939 dE =  9.51008E-04
SCF Iteration  93: Energy = 9.6772719333657520 dE = -1.07286E-03
SCF Iteration  94: Energy = 9.6782326457569710 dE =  9.60712E-04
SCF Iteration  95: Energy = 9.6771654395969868 dE = -1.06721E-03
SCF Iteration  96: Energy = 9.6781346345612818 dE =  9.69195E-04
SCF Iteration  97: Energy = 9.6770723706764983 dE = -1.06226E-03
SCF Iteration  98: Energy = 9.6780489798783211 dE =  9.76609E-04
SCF Iteration  99: Energy = 9.6769910373615478 dE = -1.05794E-03
SCF Iteration 100: Energy = 9.6779741266527530 dE =  9.83089E-04
SCF Iteration 101: Energy = 9.6769199622079167 dE = -1.05416E-03
SCF Iteration 102: Energy = 9.6779087148614131 dE =  9.88753E-04
SCF Iteration 103: Energy = 9.6768578531985909 dE = -1.05086E-03
SCF Iteration 104: Energy = 9.6778515552156446 dE =  9.93702E-04
SCF Iteration 105: Energy = 9.6768035806114341 dE = -1.04797E-03
SCF Iteration 106: Energy = 9.6778016078510483 dE =  9.98027E-04
SCF Iteration 107: Energy = 9.6767561567382074 dE = -1.04545E-03
SCF Iteration 108: Energy = 9.6777579636468651 dE =  1.00181E-03
SCF Iteration 109: Energy = 9.6767147181126916 dE = -1.04325E-03
SCF Iteration 110: Energy = 9.6777198278581018 dE =  1.00511E-03
SCF Iteration 111: Energy = 9.6766785099428354 dE = -1.04132E-03
SCF Iteration 112: Energy = 9.6776865057795671 dE =  1.00800E-03
SCF Iteration 113: Energy = 9.6766468724791981 dE = -1.03963E-03
SCF Iteration 114: Energy = 9.6776573901936942 dE =  1.01052E-03
SCF Iteration 115: Energy = 9.6766192290821760 dE = -1.03816E-03
SCF Iteration 116: Energy = 9.6776319503835087 dE =  1.01272E-03
SCF Iteration 117: Energy = 9.6765950757786072 dE = -1.03687E-03
SCF Iteration 118: Energy = 9.6776097225178965 dE =  1.01465E-03
SCF Iteration 119: Energy = 9.6765739721246078 dE = -1.03575E-03
SCF Iteration 120: Energy = 9.6775903012396878 dE =  1.01633E-03
SCF Iteration 121: Energy = 9.6765555332124151 dE = -1.03477E-03
SCF Iteration 122: Energy = 9.6775733323073130 dE =  1.01780E-03
SCF Iteration 123: Energy = 9.6765394226790136 dE = -1.03391E-03
SCF Iteration 124: Energy = 9.6775585061592508 dE =  1.01908E-03
SCF Iteration 125: Energy = 9.6765253465926193 dE = -1.03316E-03
SCF Iteration 126: Energy = 9.6775455522862117 dE =  1.02021E-03
SCF Iteration 127: Energy = 9.6765130481063757 dE = -1.03250E-03
SCF Iteration 128: Energy = 9.6775342343103894 dE =  1.02119E-03
SCF Iteration 129: Energy = 9.6765023027845913 dE = -1.03193E-03
SCF Iteration 130: Energy = 9.6775243456833007 dE =  1.02204E-03
SCF Iteration 131: Energy = 9.6764929145164924 dE = -1.03143E-03
SCF Iteration 132: Energy = 9.6775157059249377 dE =  1.02279E-03
SCF Iteration 133: Energy = 9.6764847119443225 dE = -1.03099E-03
SCF Iteration 134: Energy = 9.6775081573360566 dE =  1.02345E-03
SCF Iteration 135: Energy = 9.6764775453412710 dE = -1.03061E-03
SCF Iteration 136: Energy = 9.6775015621247000 dE =  1.02402E-03
SCF Iteration 137: Energy = 9.6764712838824600 dE = -1.03028E-03
SCF Iteration 138: Energy = 9.6774957998946434 dE =  1.02452E-03
SCF Iteration 139: Energy = 9.6764658132600907 dE = -1.02999E-03
SCF Iteration 140: Energy = 9.6774907654503473 dE =  1.02495E-03
SCF Iteration 141: Energy = 9.6764610335989509 dE = -1.02973E-03
SCF Iteration 142: Energy = 9.6774863668785720 dE =  1.02533E-03
SCF Iteration 143: Energy = 9.6764568576349212 dE = -1.02951E-03
SCF Iteration 144: Energy = 9.6774825238719870 dE =  1.02567E-03
SCF Iteration 145: Energy = 9.6764532091230606 dE = -1.02931E-03
SCF Iteration 146: Energy = 9.6774791662641633 dE =  1.02596E-03
SCF Iteration 147: Energy = 9.6764500214466818 dE = -1.02914E-03
SCF Iteration 148: Energy = 9.6774762327493900 dE =  1.02621E-03
SCF Iteration 149: Energy = 9.6764472364017102 dE = -1.02900E-03
SCF Iteration 150: Energy = 9.6774736697639518 dE =  1.02643E-03
SCF Iteration 151: Energy = 9.6764448031345900 dE = -1.02887E-03
SCF Iteration 152: Energy = 9.6774714305086817 dE =  1.02663E-03
SCF Iteration 153: Energy = 9.6764426772141299 dE = -1.02875E-03
SCF Iteration 154: Energy = 9.6774694740948242 dE =  1.02680E-03
SCF Iteration 155: Energy = 9.6764408198206180 dE = -1.02865E-03
SCF Iteration 156: Energy = 9.6774677647977647 dE =  1.02694E-03
SCF Iteration 157: Energy = 9.6764391970372543 dE = -1.02857E-03
SCF Iteration 158: Energy = 9.6774662714047608 dE =  1.02707E-03
SCF Iteration 159: Energy = 9.6764377792307723 dE = -1.02849E-03
SCF Iteration 160: Energy = 9.6774649666453012 dE =  1.02719E-03
SCF Iteration 161: Energy = 9.6764365405107533 dE = -1.02843E-03
SCF Iteration 162: Energy = 9.6774638266932058 dE =  1.02729E-03
SCF Iteration 163: Energy = 9.6764354582567602 dE = -1.02837E-03
SCF Iteration 164: Energy = 9.6774628307316455 dE =  1.02737E-03
SCF Iteration 165: Energy = 9.6764345127055265 dE = -1.02832E-03
SCF Iteration 166: Energy = 9.6774619605730354 dE =  1.02745E-03
SCF Iteration 167: Energy = 9.6764336865899416 dE = -1.02827E-03
SCF Iteration 168: Energy = 9.6774612003270875 dE =  1.02751E-03
SCF Iteration 169: Energy = 9.6764329648239151 dE = -1.02824E-03
SCF Iteration 170: Energy = 9.6774605361104911 dE =  1.02757E-03
SCF Iteration 171: Energy = 9.6764323342268348 dE = -1.02820E-03
SCF Iteration 172: Energy = 9.6774599557935961 dE =  1.02762E-03
SCF Iteration 173: Energy = 9.6764317832829008 dE = -1.02817E-03
SCF Iteration 174: Energy = 9.6774594487787979 dE =  1.02767E-03
SCF Iteration 175: Energy = 9.6764313019309149 dE = -1.02815E-03
SCF Iteration 176: Energy = 9.6774590058071119 dE =  1.02770E-03
SCF Iteration 177: Energy = 9.6764308813804831 dE = -1.02812E-03
SCF Iteration 178: Energy = 9.6774586187890215 dE =  1.02774E-03
SCF Iteration 179: Energy = 9.6764305139515692 dE = -1.02810E-03
SCF Iteration 180: Energy = 9.6774582806568432 dE =  1.02777E-03
SCF Iteration 181: Energy = 9.6764301929342267 dE = -1.02809E-03
SCF Iteration 182: Energy = 9.6774579852356375 dE =  1.02779E-03
SCF Iteration 183: Energy = 9.6764299124659843 dE = -1.02807E-03
SCF Iteration 184: Energy = 9.6774577271303883 dE =  1.02781E-03
SCF Iteration 185: Energy = 9.6764296674249781 dE = -1.02806E-03
SCF Iteration 186: Energy = 9.6774575016276039 dE =  1.02783E-03
SCF Iteration 187: Energy = 9.6764294533362136 dE = -1.02805E-03
SCF Iteration 188: Energy = 9.6774573046091241 dE =  1.02785E-03
SCF Iteration 189: Energy = 9.6764292662899951 dE = -1.02804E-03
SCF Iteration 190: Energy = 9.6774571324769543 dE =  1.02787E-03
SCF Iteration 191: Energy = 9.6764291028704683 dE = -1.02803E-03
SCF Iteration 192: Energy = 9.6774569820876071 dE =  1.02788E-03
SCF Iteration 193: Energy = 9.6764289600932116 dE = -1.02802E-03
SCF Iteration 194: Energy = 9.6774568506946395 dE =  1.02789E-03
SCF Iteration 195: Energy = 9.6764288353508547 dE = -1.02802E-03
SCF Iteration 196: Energy = 9.6774567358985522 dE =  1.02790E-03
SCF Iteration 197: Energy = 9.6764287263653053 dE = -1.02801E-03
SCF Iteration 198: Energy = 9.6774566356029172 dE =  1.02791E-03
SCF Iteration 199: Energy = 9.6764286311462477 dE = -1.02800E-03
SCF Iteration 200: Energy = 9.6774565479761083 dE =  1.02792E-03
SCF Iteration 201: Energy = 9.6764285479547532 dE = -1.02800E-03
SCF Iteration 202: Energy = 9.6774564714178446 dE =  1.02792E-03
SCF Iteration 203: Energy = 9.6764284752715959 dE = -1.02800E-03
SCF Iteration 204: Energy = 9.6774564045300657 dE =  1.02793E-03
SCF Iteration 205: Energy = 9.6764284117694004 dE = -1.02799E-03
SCF Iteration 206: Energy = 9.6774563460911818 dE =  1.02793E-03
SCF Iteration 207: Energy = 9.6764283562884579 dE = -1.02799E-03
SCF Iteration 208: Energy = 9.6774562950340162 dE =  1.02794E-03
SCF Iteration 209: Energy = 9.6764283078156286 dE = -1.02799E-03
SCF Iteration 210: Energy = 9.6774562504261326 dE =  1.02794E-03
SCF Iteration 211: Energy = 9.6764282654656029 dE = -1.02798E-03
SCF Iteration 212: Energy = 9.6774562114528884 dE =  1.02795E-03
SCF Iteration 213: Energy = 9.6764282284650243 dE = -1.02798E-03
SCF Iteration 214: Energy = 9.6774561774025400 dE =  1.02795E-03
SCF Iteration 215: Energy = 9.6764281961381968 dE = -1.02798E-03
SCF Iteration 216: Energy = 9.6774561476532650 dE =  1.02795E-03
SCF Iteration 217: Energy = 9.6764281678947253 dE = -1.02798E-03
SCF Iteration 218: Energy = 9.6774561216617627 dE =  1.02795E-03
SCF Iteration 219: Energy = 9.6764281432188248 dE = -1.02798E-03
SCF Iteration 220: Energy = 9.6774560989533782 dE =  1.02796E-03
SCF Iteration 221: Energy = 9.6764281216598391 dE = -1.02798E-03
SCF Iteration 222: Energy = 9.6774560791134245 dE =  1.02796E-03
SCF Iteration 223: Energy = 9.6764281028241044 dE = -1.02798E-03
SCF Iteration 224: Energy = 9.6774560617795267 dE =  1.02796E-03
SCF Iteration 225: Energy = 9.6764280863675936 dE = -1.02798E-03
SCF Iteration 226: Energy = 9.6774560466351716 dE =  1.02796E-03
SCF Iteration 227: Energy = 9.6764280719897755 dE = -1.02797E-03
SCF Iteration 228: Energy = 9.6774560334037680 dE =  1.02796E-03
SCF Iteration 229: Energy = 9.6764280594281118 dE = -1.02797E-03
SCF Iteration 230: Energy = 9.6774560218436960 dE =  1.02796E-03
SCF Iteration 231: Energy = 9.6764280484531504 dE = -1.02797E-03
SCF Iteration 232: Energy = 9.6774560117438391 dE =  1.02796E-03
SCF Iteration 233: Energy = 9.6764280388645023 dE = -1.02797E-03
SCF Iteration 234: Energy = 9.6774560029197403 dE =  1.02796E-03
SCF Iteration 235: Energy = 9.6764280304870631 dE = -1.02797E-03
SCF Iteration 236: Energy = 9.6774559952102592 dE =  1.02796E-03
SCF Iteration 237: Energy = 9.6764280231677979 dE = -1.02797E-03
SCF Iteration 238: Energy = 9.6774559884746054 dE =  1.02797E-03
SCF Iteration 239: Energy = 9.6764280167730803 dE = -1.02797E-03
SCF Iteration 240: Energy = 9.6774559825897555 dE =  1.02797E-03
SCF Iteration 241: Energy = 9.6764280111860934 dE = -1.02797E-03
SCF Iteration 242: Energy = 9.6774559774482363 dE =  1.02797E-03
SCF Iteration 243: Energy = 9.6764280063048371 dE = -1.02797E-03
SCF Iteration 244: Energy = 9.6774559729561993 dE =  1.02797E-03
SCF Iteration 245: Energy = 9.6764280020401543 dE = -1.02797E-03
SCF Iteration 246: Energy = 9.6774559690315503 dE =  1.02797E-03
SCF Iteration 247: Energy = 9.6764279983141730 dE = -1.02797E-03
SCF Iteration 248: Energy = 9.6774559656026380 dE =  1.02797E-03
SCF Iteration 249: Energy = 9.6764279950588339 dE = -1.02797E-03
SCF Iteration 250: Energy = 9.6774559626068886 dE =  1.02797E-03
SCF Iteration 251: Energy = 9.6764279922146947 dE = -1.02797E-03
SCF Iteration 252: Energy = 9.6774559599895014 dE =  1.02797E-03
SCF Iteration 253: Energy = 9.6764279897297971 dE = -1.02797E-03
SCF Iteration 254: Energy = 9.6774559577027706 dE =  1.02797E-03
SCF Iteration 255: Energy = 9.6764279875588173 dE = -1.02797E-03
SCF Iteration 256: Energy = 9.6774559557048487 dE =  1.02797E-03
SCF Iteration 257: Energy = 9.6764279856620217 dE = -1.02797E-03
SCF Iteration 258: Energy = 9.6774559539593135 dE =  1.02797E-03
SCF Iteration 259: Energy = 9.6764279840048353 dE = -1.02797E-03
SCF Iteration 260: Energy = 9.6774559524342756 dE =  1.02797E-03
SCF Iteration 261: Energy = 9.6764279825569748 dE = -1.02797E-03
SCF Iteration 262: Energy = 9.6774559511018694 dE =  1.02797E-03
SCF Iteration 263: Energy = 9.6764279812920115 dE = -1.02797E-03
SCF Iteration 264: Energy = 9.6774559499377588 dE =  1.02797E-03
SCF Iteration 265: Energy = 9.6764279801867943 dE = -1.02797E-03
SCF Iteration 266: Energy = 9.6774559489206879 dE =  1.02797E-03
SCF Iteration 267: Energy = 9.6764279792212218 dE = -1.02797E-03
SCF Iteration 268: Energy = 9.6774559480320796 dE =  1.02797E-03
SCF Iteration 269: Energy = 9.6764279783776352 dE = -1.02797E-03
SCF Iteration 270: Energy = 9.6774559472557531 dE =  1.02797E-03
SCF Iteration 271: Energy = 9.6764279776405626 dE = -1.02797E-03
SCF Iteration 272: Energy = 9.6774559465774495 dE =  1.02797E-03
SCF Iteration 273: Energy = 9.6764279769965960 dE = -1.02797E-03
SCF Iteration 274: Energy = 9.6774559459848462 dE =  1.02797E-03
SCF Iteration 275: Energy = 9.6764279764339971 dE = -1.02797E-03
SCF Iteration 276: Energy = 9.6774559454670950 dE =  1.02797E-03
SCF Iteration 277: Energy = 9.6764279759424490 dE = -1.02797E-03
SCF Iteration 278: Energy = 9.6774559450147315 dE =  1.02797E-03
SCF Iteration 279: Energy = 9.6764279755129987 dE = -1.02797E-03
SCF Iteration 280: Energy = 9.6774559446195330 dE =  1.02797E-03
SCF Iteration 281: Energy = 9.6764279751377806 dE = -1.02797E-03
SCF Iteration 282: Energy = 9.6774559442742252 dE =  1.02797E-03
SCF Iteration 283: Energy = 9.6764279748099611 dE = -1.02797E-03
SCF Iteration 284: Energy = 9.6774559439725572 dE =  1.02797E-03
SCF Iteration 285: Energy = 9.6764279745235662 dE = -1.02797E-03
SCF Iteration 286: Energy = 9.6774559437089920 dE =  1.02797E-03
SCF Iteration 287: Energy = 9.6764279742733272 dE = -1.02797E-03
SCF Iteration 288: Energy = 9.6774559434787157 dE =  1.02797E-03
SCF Iteration 289: Energy = 9.6764279740547217 dE = -1.02797E-03
SCF Iteration 290: Energy = 9.6774559432775185 dE =  1.02797E-03
SCF Iteration 291: Energy = 9.6764279738637029 dE = -1.02797E-03
SCF Iteration 292: Energy = 9.6774559431017444 dE =  1.02797E-03
SCF Iteration 293: Energy = 9.6764279736968142 dE = -1.02797E-03
SCF Iteration 294: Energy = 9.6774559429481712 dE =  1.02797E-03
SCF Iteration 295: Energy = 9.6764279735510392 dE = -1.02797E-03
SCF Iteration 296: Energy = 9.6774559428139924 dE =  1.02797E-03
SCF Iteration 297: Energy = 9.6764279734236478 dE = -1.02797E-03
SCF Iteration 298: Energy = 9.6774559426967635 dE =  1.02797E-03
SCF Iteration 299: Energy = 9.6764279733123217 dE = -1.02797E-03
SCF Iteration 300: Energy = 9.6774559425943352 dE =  1.02797E-03
SCF Iteration 301: Energy = 9.6764279732151071 dE = -1.02797E-03
SCF Iteration 302: Energy = 9.6774559425048494 dE =  1.02797E-03
SCF Iteration 303: Energy = 9.6764279731301688 dE = -1.02797E-03
SCF Iteration 304: Energy = 9.6774559424266862 dE =  1.02797E-03
SCF Iteration 305: Energy = 9.6764279730559331 dE = -1.02797E-03
SCF Iteration 306: Energy = 9.6774559423583746 dE =  1.02797E-03
SCF Iteration 307: Energy = 9.6764279729910996 dE = -1.02797E-03
SCF Iteration 308: Energy = 9.6774559422987085 dE =  1.02797E-03
SCF Iteration 309: Energy = 9.6764279729344409 dE = -1.02797E-03
SCF Iteration 310: Energy = 9.6774559422465671 dE =  1.02797E-03
SCF Iteration 311: Energy = 9.6764279728849232 dE = -1.02797E-03
SCF Iteration 312: Energy = 9.6774559422010054 dE =  1.02797E-03
SCF Iteration 313: Energy = 9.6764279728416831 dE = -1.02797E-03
SCF Iteration 314: Energy = 9.6774559421612167 dE =  1.02797E-03
SCF Iteration 315: Energy = 9.6764279728039071 dE = -1.02797E-03
SCF Iteration 316: Energy = 9.6774559421264534 dE =  1.02797E-03
SCF Iteration 317: Energy = 9.6764279727709077 dE = -1.02797E-03
SCF Iteration 318: Energy = 9.6774559420960724 dE =  1.02797E-03
SCF Iteration 319: Energy = 9.6764279727420472 dE = -1.02797E-03
SCF Iteration 320: Energy = 9.6774559420695248 dE =  1.02797E-03
SCF Iteration 321: Energy = 9.6764279727168478 dE = -1.02797E-03
SCF Iteration 322: Energy = 9.6774559420463255 dE =  1.02797E-03
SCF Iteration 323: Energy = 9.6764279726948335 dE = -1.02797E-03
SCF Iteration 324: Energy = 9.6774559420260822 dE =  1.02797E-03
SCF Iteration 325: Energy = 9.6764279726755866 dE = -1.02797E-03
SCF Iteration 326: Energy = 9.6774559420083772 dE =  1.02797E-03
SCF Iteration 327: Energy = 9.6764279726587841 dE = -1.02797E-03
SCF Iteration 328: Energy = 9.6774559419929069 dE =  1.02797E-03
SCF Iteration 329: Energy = 9.6764279726441167 dE = -1.02797E-03
SCF Iteration 330: Energy = 9.6774559419794031 dE =  1.02797E-03
SCF Iteration 331: Energy = 9.6764279726312878 dE = -1.02797E-03
SCF Iteration 332: Energy = 9.6774559419675850 dE =  1.02797E-03
SCF Iteration 333: Energy = 9.6764279726200702 dE = -1.02797E-03
SCF Iteration 334: Energy = 9.6774559419572839 dE =  1.02797E-03
SCF Iteration 335: Energy = 9.6764279726102771 dE = -1.02797E-03
SCF Iteration 336: Energy = 9.6774559419482653 dE =  1.02797E-03
SCF Iteration 337: Energy = 9.6764279726017488 dE = -1.02797E-03
SCF Iteration 338: Energy = 9.6774559419404049 dE =  1.02797E-03
SCF Iteration 339: Energy = 9.6764279725942615 dE = -1.02797E-03
SCF Iteration 340: Energy = 9.6774559419335127 dE =  1.02797E-03
SCF Iteration 341: Energy = 9.6764279725877369 dE = -1.02797E-03
SCF Iteration 342: Energy = 9.6774559419274997 dE =  1.02797E-03
SCF Iteration 343: Energy = 9.6764279725820366 dE = -1.02797E-03
SCF Iteration 344: Energy = 9.6774559419222541 dE =  1.02797E-03
SCF Iteration 345: Energy = 9.6764279725770415 dE = -1.02797E-03
SCF Iteration 346: Energy = 9.6774559419176782 dE =  1.02797E-03
SCF Iteration 347: Energy = 9.6764279725726894 dE = -1.02797E-03
SCF Iteration 348: Energy = 9.6774559419136619 dE =  1.02797E-03
SCF Iteration 349: Energy = 9.6764279725688880 dE = -1.02797E-03
SCF Iteration 350: Energy = 9.6774559419101536 dE =  1.02797E-03
SCF Iteration 351: Energy = 9.6764279725655520 dE = -1.02797E-03
SCF Iteration 352: Energy = 9.6774559419070929 dE =  1.02797E-03
SCF Iteration 353: Energy = 9.6764279725626530 dE = -1.02797E-03
SCF Iteration 354: Energy = 9.6774559419044248 dE =  1.02797E-03
SCF Iteration 355: Energy = 9.6764279725601039 dE = -1.02797E-03
SCF Iteration 356: Energy = 9.6774559419020836 dE =  1.02797E-03
SCF Iteration 357: Energy = 9.6764279725578923 dE = -1.02797E-03
SCF Iteration 358: Energy = 9.6774559419000532 dE =  1.02797E-03
SCF Iteration 359: Energy = 9.6764279725559472 dE = -1.02797E-03
SCF Iteration 360: Energy = 9.6774559418982555 dE =  1.02797E-03
SCF Iteration 361: Energy = 9.6764279725542579 dE = -1.02797E-03
SCF Iteration 362: Energy = 9.6774559418966977 dE =  1.02797E-03
SCF Iteration 363: Energy = 9.6764279725528013 dE = -1.02797E-03
SCF Iteration 364: Energy = 9.6774559418953441 dE =  1.02797E-03
SCF Iteration 365: Energy = 9.6764279725514886 dE = -1.02797E-03
SCF Iteration 366: Energy = 9.6774559418941557 dE =  1.02797E-03
SCF Iteration 367: Energy = 9.6764279725503606 dE = -1.02797E-03
SCF Iteration 368: Energy = 9.6774559418931272 dE =  1.02797E-03
SCF Iteration 369: Energy = 9.6764279725493907 dE = -1.02797E-03
SCF Iteration 370: Energy = 9.6774559418922141 dE =  1.02797E-03
SCF Iteration 371: Energy = 9.6764279725485185 dE = -1.02797E-03
SCF Iteration 372: Energy = 9.6774559418914450 dE =  1.02797E-03
SCF Iteration 373: Energy = 9.6764279725477742 dE = -1.02797E-03
SCF Iteration 374: Energy = 9.6774559418907309 dE =  1.02797E-03
SCF Iteration 375: Energy = 9.6764279725470992 dE = -1.02797E-03
SCF Iteration 376: Energy = 9.6774559418901340 dE =  1.02797E-03
SCF Iteration 377: Energy = 9.6764279725465308 dE = -1.02797E-03
SCF Iteration 378: Energy = 9.6774559418895976 dE =  1.02797E-03
SCF Iteration 379: Energy = 9.6764279725460298 dE = -1.02797E-03
SCF Iteration 380: Energy = 9.6774559418891410 dE =  1.02797E-03
SCF Iteration 381: Energy = 9.6764279725455964 dE = -1.02797E-03
SCF Iteration 382: Energy = 9.6774559418887378 dE =  1.02797E-03
SCF Iteration 383: Energy = 9.6764279725452305 dE = -1.02797E-03
SCF Iteration 384: Energy = 9.6774559418883825 dE =  1.02797E-03
SCF Iteration 385: Energy = 9.6764279725448823 dE = -1.02797E-03
SCF Iteration 386: Energy = 9.6774559418880735 dE =  1.02797E-03
SCF Iteration 387: Energy = 9.6764279725446158 dE = -1.02797E-03
SCF Iteration 388: Energy = 9.6774559418878070 dE =  1.02797E-03
SCF Iteration 389: Energy = 9.6764279725443405 dE = -1.02797E-03
SCF Iteration 390: Energy = 9.6774559418875761 dE =  1.02797E-03
SCF Iteration 391: Energy = 9.6764279725441309 dE = -1.02797E-03
SCF Iteration 392: Energy = 9.6774559418873753 dE =  1.02797E-03
SCF Iteration 393: Energy = 9.6764279725439213 dE = -1.02797E-03
SCF Iteration 394: Energy = 9.6774559418871853 dE =  1.02797E-03
SCF Iteration 395: Energy = 9.6764279725437472 dE = -1.02797E-03
SCF Iteration 396: Energy = 9.6774559418870219 dE =  1.02797E-03
SCF Iteration 397: Energy = 9.6764279725435944 dE = -1.02797E-03
SCF Iteration 398: Energy = 9.6774559418869028 dE =  1.02797E-03
SCF Iteration 399: Energy = 9.6764279725434541 dE = -1.02797E-03
SCF Iteration 400: Energy = 9.6774559418867714 dE =  1.02797E-03
SCF Iteration 401: Energy = 9.6764279725433529 dE = -1.02797E-03
SCF Iteration 402: Energy = 9.6774559418866701 dE =  1.02797E-03
SCF Iteration 403: Energy = 9.6764279725432587 dE = -1.02797E-03
SCF Iteration 404: Energy = 9.6774559418865902 dE =  1.02797E-03
SCF Iteration 405: Energy = 9.6764279725431841 dE = -1.02797E-03
SCF Iteration 406: Energy = 9.6774559418865067 dE =  1.02797E-03
SCF Iteration 407: Energy = 9.6764279725430917 dE = -1.02797E-03
SCF Iteration 408: Energy = 9.6774559418864268 dE =  1.02797E-03
SCF Iteration 409: Energy = 9.6764279725430313 dE = -1.02797E-03
SCF Iteration 410: Energy = 9.6774559418863717 dE =  1.02797E-03
SCF Iteration 411: Energy = 9.6764279725429851 dE = -1.02797E-03
SCF Iteration 412: Energy = 9.6774559418863149 dE =  1.02797E-03
SCF Iteration 413: Energy = 9.6764279725429159 dE = -1.02797E-03
SCF Iteration 414: Energy = 9.6774559418862793 dE =  1.02797E-03
SCF Iteration 415: Energy = 9.6764279725428786 dE = -1.02797E-03
SCF Iteration 416: Energy = 9.6774559418862296 dE =  1.02797E-03
SCF Iteration 417: Energy = 9.6764279725428395 dE = -1.02797E-03
SCF Iteration 418: Energy = 9.6774559418861905 dE =  1.02797E-03
SCF Iteration 419: Energy = 9.6764279725427986 dE = -1.02797E-03
SCF Iteration 420: Energy = 9.6774559418861443 dE =  1.02797E-03
SCF Iteration 421: Energy = 9.6764279725427702 dE = -1.02797E-03
SCF Iteration 422: Energy = 9.6774559418861266 dE =  1.02797E-03
SCF Iteration 423: Energy = 9.6764279725427293 dE = -1.02797E-03
SCF Iteration 424: Energy = 9.6774559418860875 dE =  1.02797E-03
SCF Iteration 425: Energy = 9.6764279725427276 dE = -1.02797E-03
SCF Iteration 426: Energy = 9.6774559418860839 dE =  1.02797E-03
SCF Iteration 427: Energy = 9.6764279725427009 dE = -1.02797E-03
SCF Iteration 428: Energy = 9.6774559418860662 dE =  1.02797E-03
SCF Iteration 429: Energy = 9.6764279725426974 dE = -1.02797E-03
SCF Iteration 430: Energy = 9.6774559418860431 dE =  1.02797E-03
SCF Iteration 431: Energy = 9.6764279725426778 dE = -1.02797E-03
SCF Iteration 432: Energy = 9.6774559418860342 dE =  1.02797E-03
SCF Iteration 433: Energy = 9.6764279725426512 dE = -1.02797E-03
SCF Iteration 434: Energy = 9.6774559418860218 dE =  1.02797E-03
SCF Iteration 435: Energy = 9.6764279725426512 dE = -1.02797E-03
SCF Iteration 436: Energy = 9.6774559418860235 dE =  1.02797E-03
SCF Iteration 437: Energy = 9.6764279725426352 dE = -1.02797E-03
SCF Iteration 438: Energy = 9.6774559418860040 dE =  1.02797E-03
SCF Iteration 439: Energy = 9.6764279725426228 dE = -1.02797E-03
SCF Iteration 440: Energy = 9.6774559418859987 dE =  1.02797E-03
SCF Iteration 441: Energy = 9.6764279725426192 dE = -1.02797E-03
SCF Iteration 442: Energy = 9.6774559418859845 dE =  1.02797E-03
SCF Iteration 443: Energy = 9.6764279725426032 dE = -1.02797E-03
SCF Iteration 444: Energy = 9.6774559418859791 dE =  1.02797E-03
SCF Iteration 445: Energy = 9.6764279725426032 dE = -1.02797E-03
SCF Iteration 446: Energy = 9.6774559418859791 dE =  1.02797E-03
SCF Iteration 447: Energy = 9.6764279725425801 dE = -1.02797E-03
SCF Iteration 448: Energy = 9.6774559418859667 dE =  1.02797E-03
SCF Iteration 449: Energy = 9.6764279725425979 dE = -1.02797E-03
SCF Iteration 450: Energy = 9.6774559418859596 dE =  1.02797E-03
SCF Iteration 451: Energy = 9.6764279725425837 dE = -1.02797E-03
SCF Iteration 452: Energy = 9.6774559418859507 dE =  1.02797E-03
SCF Iteration 453: Energy = 9.6764279725425766 dE = -1.02797E-03
SCF Iteration 454: Energy = 9.6774559418859489 dE =  1.02797E-03
SCF Iteration 455: Energy = 9.6764279725425766 dE = -1.02797E-03
SCF Iteration 456: Energy = 9.6774559418859525 dE =  1.02797E-03
SCF Iteration 457: Energy = 9.6764279725425730 dE = -1.02797E-03
SCF Iteration 458: Energy = 9.6774559418859454 dE =  1.02797E-03
SCF Iteration 459: Energy = 9.6764279725425659 dE = -1.02797E-03
SCF Iteration 460: Energy = 9.6774559418859454 dE =  1.02797E-03
SCF Iteration 461: Energy = 9.6764279725425730 dE = -1.02797E-03
SCF Iteration 462: Energy = 9.6774559418859525 dE =  1.02797E-03
SCF Iteration 463: Energy = 9.6764279725425766 dE = -1.02797E-03
SCF Iteration 464: Energy = 9.6774559418859418 dE =  1.02797E-03
SCF Iteration 465: Energy = 9.6764279725425748 dE = -1.02797E-03
SCF Iteration 466: Energy = 9.6774559418859418 dE =  1.02797E-03
SCF Iteration 467: Energy = 9.6764279725425588 dE = -1.02797E-03
SCF Iteration 468: Energy = 9.6774559418859347 dE =  1.02797E-03
SCF Iteration 469: Energy = 9.6764279725425553 dE = -1.02797E-03
SCF Iteration 470: Energy = 9.6774559418859347 dE =  1.02797E-03
SCF Iteration 471: Energy = 9.6764279725425695 dE = -1.02797E-03
SCF Iteration 472: Energy = 9.6774559418859312 dE =  1.02797E-03
SCF Iteration 473: Energy = 9.6764279725425713 dE = -1.02797E-03
SCF Iteration 474: Energy = 9.6774559418859383 dE =  1.02797E-03
SCF Iteration 475: Energy = 9.6764279725425588 dE = -1.02797E-03
SCF Iteration 476: Energy = 9.6774559418859347 dE =  1.02797E-03
SCF Iteration 477: Energy = 9.6764279725425748 dE = -1.02797E-03
SCF Iteration 478: Energy = 9.6774559418859472 dE =  1.02797E-03
SCF Iteration 479: Energy = 9.6764279725425659 dE = -1.02797E-03
SCF Iteration 480: Energy = 9.6774559418859418 dE =  1.02797E-03
SCF Iteration 481: Energy = 9.6764279725425801 dE = -1.02797E-03
SCF Iteration 482: Energy = 9.6774559418859418 dE =  1.02797E-03
SCF Iteration 483: Energy = 9.6764279725425553 dE = -1.02797E-03
SCF Iteration 484: Energy = 9.6774559418859454 dE =  1.02797E-03
SCF Iteration 485: Energy = 9.6764279725425677 dE = -1.02797E-03
SCF Iteration 486: Energy = 9.6774559418859418 dE =  1.02797E-03
SCF Iteration 487: Energy = 9.6764279725425624 dE = -1.02797E-03
SCF Iteration 488: Energy = 9.6774559418859454 dE =  1.02797E-03
SCF Iteration 489: Energy = 9.6764279725425659 dE = -1.02797E-03
SCF Iteration 490: Energy = 9.6774559418859454 dE =  1.02797E-03
SCF Iteration 491: Energy = 9.6764279725425730 dE = -1.02797E-03
SCF Iteration 492: Energy = 9.6774559418859454 dE =  1.02797E-03
SCF Iteration 493: Energy = 9.6764279725425695 dE = -1.02797E-03
SCF Iteration 494: Energy = 9.6774559418859365 dE =  1.02797E-03
SCF Iteration 495: Energy = 9.6764279725425588 dE = -1.02797E-03
SCF Iteration 496: Energy = 9.6774559418859347 dE =  1.02797E-03
SCF Iteration 497: Energy = 9.6764279725425730 dE = -1.02797E-03
SCF Iteration 498: Energy = 9.6774559418859365 dE =  1.02797E-03
SCF Iteration 499: Energy = 9.6764279725425624 dE = -1.02797E-03
SCF Iteration 500: Energy = 9.6774559418859329 dE =  1.02797E-03
