
  Memory set to  55.879 GiB by Python driver.
  Threads set to 1 by Python driver.
Settings:
	LOT = CCSD-S1-U21
	wc = 20.0 eV
	lambda = [1.212424 0.       0.      ] a.u.
	Equivalent A0 = LAMBDA / sqrt(2 wc) = [1. 0. 0.])
doing QED-CCSD-1 (or QED-CCSD-21)
Number of occupied orbitals:   1
Number of basis functions:  60
SCF Iteration   1: Energy = 6.4377390048437180 dE =  6.43774E+00
SCF Iteration   2: Energy = 7.0000044646419788 dE =  5.62265E-01
SCF Iteration   3: Energy = 6.6446459706543788 dE = -3.55358E-01
SCF Iteration   4: Energy = 6.8963874424766844 dE =  2.51741E-01
SCF Iteration   5: Energy = 6.7533962627606323 dE = -1.42991E-01
SCF Iteration   6: Energy = 6.8851167370515380 dE =  1.31720E-01
SCF Iteration   7: Energy = 6.7959976247884288 dE = -8.91191E-02
SCF Iteration   8: Energy = 6.8849818520835946 dE =  8.89842E-02
SCF Iteration   9: Energy = 6.8123489299241626 dE = -7.26329E-02
SCF Iteration  10: Energy = 6.8841116813405483 dE =  7.17628E-02
SCF Iteration  11: Energy = 6.8169872080785936 dE = -6.71245E-02
SCF Iteration  12: Energy = 6.8811898669412379 dE =  6.42027E-02
SCF Iteration  13: Energy = 6.8160297136815089 dE = -6.51602E-02
SCF Iteration  14: Energy = 6.8768141765755839 dE =  6.07845E-02
SCF Iteration  15: Energy = 6.8124162386355636 dE = -6.43979E-02
SCF Iteration  16: Energy = 6.8717211638783562 dE =  5.93049E-02
SCF Iteration  17: Energy = 6.8076681371093120 dE = -6.40530E-02
SCF Iteration  18: Energy = 6.8664542137283862 dE =  5.87861E-02
SCF Iteration  19: Energy = 6.8025998614458096 dE = -6.38544E-02
SCF Iteration  20: Energy = 6.8613557237135669 dE =  5.87559E-02
SCF Iteration  21: Energy = 6.7976473034283282 dE = -6.37084E-02
SCF Iteration  22: Energy = 6.8566183803919891 dE =  5.89711E-02
SCF Iteration  23: Energy = 6.7930340635006417 dE = -6.35843E-02
SCF Iteration  24: Energy = 6.8523346325876613 dE =  5.93006E-02
SCF Iteration  25: Energy = 6.7888617612875501 dE = -6.34729E-02
SCF Iteration  26: Energy = 6.8485336522753713 dE =  5.96719E-02
SCF Iteration  27: Energy = 6.7851616889525435 dE = -6.33720E-02
SCF Iteration  28: Energy = 6.8452067225198920 dE =  6.00450E-02
SCF Iteration  29: Energy = 6.7819253816846672 dE = -6.32813E-02
SCF Iteration  30: Energy = 6.8423239683863830 dE =  6.03986E-02
SCF Iteration  31: Energy = 6.7791230396115534 dE = -6.32009E-02
SCF Iteration  32: Energy = 6.8398450605641887 dE =  6.07220E-02
SCF Iteration  33: Energy = 6.7767146675936978 dE = -6.31304E-02
SCF Iteration  34: Energy = 6.8377258620323413 dE =  6.10112E-02
SCF Iteration  35: Energy = 6.7746567404410101 dE = -6.30691E-02
SCF Iteration  36: Energy = 6.8359224014898352 dE =  6.12657E-02
SCF Iteration  37: Energy = 6.7729060841368813 dE = -6.30163E-02
SCF Iteration  38: Energy = 6.8343931163387044 dE =  6.14870E-02
SCF Iteration  39: Energy = 6.7714220205908422 dE = -6.29711E-02
SCF Iteration  40: Energy = 6.8330999961930230 dE =  6.16780E-02
SCF Iteration  41: Energy = 6.7701674361061768 dE = -6.29326E-02
SCF Iteration  42: Energy = 6.8320090437018184 dE =  6.18416E-02
SCF Iteration  43: Energy = 6.7691091931100420 dE = -6.28999E-02
SCF Iteration  44: Energy = 6.8310903248157180 dE =  6.19811E-02
SCF Iteration  45: Energy = 6.7682181522423868 dE = -6.28722E-02
SCF Iteration  46: Energy = 6.8303177840297966 dE =  6.20996E-02
SCF Iteration  47: Energy = 6.7674689742125285 dE = -6.28488E-02
SCF Iteration  48: Energy = 6.8296689361954011 dE =  6.22000E-02
SCF Iteration  49: Energy = 6.7668398078750229 dE = -6.28291E-02
SCF Iteration  50: Energy = 6.8291245044906166 dE =  6.22847E-02
SCF Iteration  51: Energy = 6.7663119303369150 dE = -6.28126E-02
SCF Iteration  52: Energy = 6.8286680467649035 dE =  6.23561E-02
SCF Iteration  53: Energy = 6.7658693787229716 dE = -6.27987E-02
SCF Iteration  54: Energy = 6.8282855947929253 dE =  6.24162E-02
SCF Iteration  55: Energy = 6.7654985964441732 dE = -6.27870E-02
SCF Iteration  56: Energy = 6.8279653196892118 dE =  6.24667E-02
SCF Iteration  57: Energy = 6.7651881061631993 dE = -6.27772E-02
SCF Iteration  58: Energy = 6.8276972296524612 dE =  6.25091E-02
SCF Iteration  59: Energy = 6.7649282149935441 dE = -6.27690E-02
SCF Iteration  60: Energy = 6.8274729018681688 dE =  6.25447E-02
SCF Iteration  61: Energy = 6.7647107534080018 dE = -6.27621E-02
SCF Iteration  62: Energy = 6.8272852478364694 dE =  6.25745E-02
SCF Iteration  63: Energy = 6.7645288469470204 dE = -6.27564E-02
SCF Iteration  64: Energy = 6.8271283099730748 dE =  6.25995E-02
SCF Iteration  65: Energy = 6.7643767185087560 dE = -6.27516E-02
SCF Iteration  66: Energy = 6.8269970866329004 dE =  6.26204E-02
SCF Iteration  67: Energy = 6.7642495183691072 dE = -6.27476E-02
SCF Iteration  68: Energy = 6.8268873824551255 dE =  6.26379E-02
SCF Iteration  69: Energy = 6.7641431788678776 dE = -6.27442E-02
SCF Iteration  70: Energy = 6.8267956809467654 dE =  6.26525E-02
SCF Iteration  71: Energy = 6.7640542907318544 dE = -6.27414E-02
SCF Iteration  72: Energy = 6.8267190363893047 dE =  6.26647E-02
SCF Iteration  73: Energy = 6.7639799981835580 dE = -6.27390E-02
SCF Iteration  74: Energy = 6.8266549824017062 dE =  6.26750E-02
SCF Iteration  75: Energy = 6.7639179102322107 dE = -6.27371E-02
SCF Iteration  76: Energy = 6.8266014547712768 dE =  6.26835E-02
SCF Iteration  77: Energy = 6.7638660258200520 dE = -6.27354E-02
SCF Iteration  78: Energy = 6.8265567264474161 dE =  6.26907E-02
SCF Iteration  79: Energy = 6.7638226707753972 dE = -6.27341E-02
SCF Iteration  80: Energy = 6.8265193528641115 dE =  6.26967E-02
SCF Iteration  81: Energy = 6.7637864447889875 dE = -6.27329E-02
SCF Iteration  82: Energy = 6.8264881260063834 dE =  6.27017E-02
SCF Iteration  83: Energy = 6.7637561768738923 dE = -6.27319E-02
SCF Iteration  84: Energy = 6.8264620358611641 dE =  6.27059E-02
SCF Iteration  85: Energy = 6.7637308879886984 dE = -6.27311E-02
SCF Iteration  86: Energy = 6.8264402380922178 dE =  6.27094E-02
SCF Iteration  87: Energy = 6.7637097596970026 dE = -6.27305E-02
SCF Iteration  88: Energy = 6.8264220269521783 dE =  6.27123E-02
SCF Iteration  89: Energy = 6.7636921079060466 dE = -6.27299E-02
SCF Iteration  90: Energy = 6.8264068125958435 dE =  6.27147E-02
SCF Iteration  91: Energy = 6.7636773608729843 dE = -6.27295E-02
SCF Iteration  92: Energy = 6.8263941020881234 dE =  6.27167E-02
SCF Iteration  93: Energy = 6.7636650407938532 dE = -6.27291E-02
SCF Iteration  94: Energy = 6.8263834835111643 dE =  6.27184E-02
SCF Iteration  95: Energy = 6.7636547483968137 dE = -6.27287E-02
SCF Iteration  96: Energy = 6.8263746126686211 dE =  6.27199E-02
SCF Iteration  97: Energy = 6.7636461500538410 dE = -6.27285E-02
SCF Iteration  98: Energy = 6.8263672019657875 dE =  6.27211E-02
SCF Iteration  99: Energy = 6.7636389670014783 dE = -6.27282E-02
SCF Iteration 100: Energy = 6.8263610111111852 dE =  6.27220E-02
SCF Iteration 101: Energy = 6.7636329663276138 dE = -6.27280E-02
SCF Iteration 102: Energy = 6.8263558393428525 dE =  6.27229E-02
SCF Iteration 103: Energy = 6.7636279534360790 dE = -6.27279E-02
SCF Iteration 104: Energy = 6.8263515189299255 dE =  6.27236E-02
SCF Iteration 105: Energy = 6.7636237657477256 dE = -6.27278E-02
SCF Iteration 106: Energy = 6.8263479097413651 dE =  6.27241E-02
SCF Iteration 107: Energy = 6.7636202674356145 dE = -6.27276E-02
SCF Iteration 108: Energy = 6.8263448947064607 dE =  6.27246E-02
SCF Iteration 109: Energy = 6.7636173450250840 dE = -6.27275E-02
SCF Iteration 110: Energy = 6.8263423760215929 dE =  6.27250E-02
SCF Iteration 111: Energy = 6.7636149037167250 dE = -6.27275E-02
SCF Iteration 112: Energy = 6.8263402719802508 dE =  6.27254E-02
SCF Iteration 113: Energy = 6.7636128643139468 dE = -6.27274E-02
SCF Iteration 114: Energy = 6.8263385143244548 dE =  6.27257E-02
SCF Iteration 115: Energy = 6.7636111606555858 dE = -6.27274E-02
SCF Iteration 116: Energy = 6.8263370460316715 dE =  6.27259E-02
SCF Iteration 117: Energy = 6.7636097374707642 dE = -6.27273E-02
SCF Iteration 118: Energy = 6.8263358194657142 dE =  6.27261E-02
SCF Iteration 119: Energy = 6.7636085485866824 dE = -6.27273E-02
SCF Iteration 120: Energy = 6.8263347948319648 dE =  6.27262E-02
SCF Iteration 121: Energy = 6.7636075554312471 dE = -6.27272E-02
SCF Iteration 122: Energy = 6.8263339388866822 dE =  6.27264E-02
SCF Iteration 123: Energy = 6.7636067257819423 dE = -6.27272E-02
SCF Iteration 124: Energy = 6.8263332238587591 dE =  6.27265E-02
SCF Iteration 125: Energy = 6.7636060327208272 dE = -6.27272E-02
SCF Iteration 126: Energy = 6.8263326265488127 dE =  6.27266E-02
SCF Iteration 127: Energy = 6.7636054537612296 dE = -6.27272E-02
SCF Iteration 128: Energy = 6.8263321275767312 dE =  6.27267E-02
SCF Iteration 129: Energy = 6.7636049701184247 dE = -6.27272E-02
SCF Iteration 130: Energy = 6.8263317107528971 dE =  6.27267E-02
SCF Iteration 131: Energy = 6.7636045661001214 dE = -6.27271E-02
SCF Iteration 132: Energy = 6.8263313625529678 dE =  6.27268E-02
SCF Iteration 133: Energy = 6.7636042285974884 dE = -6.27271E-02
SCF Iteration 134: Energy = 6.8263310716790819 dE =  6.27268E-02
SCF Iteration 135: Energy = 6.7636039466597540 dE = -6.27271E-02
SCF Iteration 136: Energy = 6.8263308286934175 dE =  6.27269E-02
SCF Iteration 137: Energy = 6.7636037111390372 dE = -6.27271E-02
SCF Iteration 138: Energy = 6.8263306257119059 dE =  6.27269E-02
SCF Iteration 139: Energy = 6.7636035143934938 dE = -6.27271E-02
SCF Iteration 140: Energy = 6.8263304561484697 dE =  6.27269E-02
SCF Iteration 141: Energy = 6.7636033500393431 dE = -6.27271E-02
SCF Iteration 142: Energy = 6.8263303145013090 dE =  6.27270E-02
SCF Iteration 143: Energy = 6.7636032127438206 dE = -6.27271E-02
SCF Iteration 144: Energy = 6.8263301961743785 dE =  6.27270E-02
SCF Iteration 145: Energy = 6.7636030980521209 dE = -6.27271E-02
SCF Iteration 146: Energy = 6.8263300973283680 dE =  6.27270E-02
SCF Iteration 147: Energy = 6.7636030022428315 dE = -6.27271E-02
SCF Iteration 148: Energy = 6.8263300147560031 dE =  6.27270E-02
SCF Iteration 149: Energy = 6.7636029222072418 dE = -6.27271E-02
SCF Iteration 150: Energy = 6.8263299457780509 dE =  6.27270E-02
SCF Iteration 151: Energy = 6.7636028553484220 dE = -6.27271E-02
SCF Iteration 152: Energy = 6.8263298881564056 dE =  6.27270E-02
SCF Iteration 153: Energy = 6.7636027994969981 dE = -6.27271E-02
SCF Iteration 154: Energy = 6.8263298400213639 dE =  6.27270E-02
SCF Iteration 155: Energy = 6.7636027528407503 dE = -6.27271E-02
SCF Iteration 156: Energy = 6.8263297998111057 dE =  6.27270E-02
SCF Iteration 157: Energy = 6.7636027138658417 dE = -6.27271E-02
SCF Iteration 158: Energy = 6.8263297662209546 dE =  6.27271E-02
SCF Iteration 159: Energy = 6.7636026813076278 dE = -6.27271E-02
SCF Iteration 160: Energy = 6.8263297381609540 dE =  6.27271E-02
SCF Iteration 161: Energy = 6.7636026541096932 dE = -6.27271E-02
SCF Iteration 162: Energy = 6.8263297147206341 dE =  6.27271E-02
SCF Iteration 163: Energy = 6.7636026313895083 dE = -6.27271E-02
SCF Iteration 164: Energy = 6.8263296951394796 dE =  6.27271E-02
SCF Iteration 165: Energy = 6.7636026124099251 dE = -6.27271E-02
SCF Iteration 166: Energy = 6.8263296787820948 dE =  6.27271E-02
SCF Iteration 167: Energy = 6.7636025965550397 dE = -6.27271E-02
SCF Iteration 168: Energy = 6.8263296651177257 dE =  6.27271E-02
SCF Iteration 169: Energy = 6.7636025833104760 dE = -6.27271E-02
SCF Iteration 170: Energy = 6.8263296537030005 dE =  6.27271E-02
SCF Iteration 171: Energy = 6.7636025722464588 dE = -6.27271E-02
SCF Iteration 172: Energy = 6.8263296441675969 dE =  6.27271E-02
SCF Iteration 173: Energy = 6.7636025630039684 dE = -6.27271E-02
SCF Iteration 174: Energy = 6.8263296362020389 dE =  6.27271E-02
SCF Iteration 175: Energy = 6.7636025552831391 dE = -6.27271E-02
SCF Iteration 176: Energy = 6.8263296295479057 dE =  6.27271E-02
SCF Iteration 177: Energy = 6.7636025488334433 dE = -6.27271E-02
SCF Iteration 178: Energy = 6.8263296239892846 dE =  6.27271E-02
SCF Iteration 179: Energy = 6.7636025434455895 dE = -6.27271E-02
SCF Iteration 180: Energy = 6.8263296193458256 dE =  6.27271E-02
SCF Iteration 181: Energy = 6.7636025389447791 dE = -6.27271E-02
SCF Iteration 182: Energy = 6.8263296154668440 dE =  6.27271E-02
SCF Iteration 183: Energy = 6.7636025351849813 dE = -6.27271E-02
SCF Iteration 184: Energy = 6.8263296122265009 dE =  6.27271E-02
SCF Iteration 185: Energy = 6.7636025320441648 dE = -6.27271E-02
SCF Iteration 186: Energy = 6.8263296095196324 dE =  6.27271E-02
SCF Iteration 187: Energy = 6.7636025294204556 dE = -6.27271E-02
SCF Iteration 188: Energy = 6.8263296072583959 dE =  6.27271E-02
SCF Iteration 189: Energy = 6.7636025272287075 dE = -6.27271E-02
SCF Iteration 190: Energy = 6.8263296053694438 dE =  6.27271E-02
SCF Iteration 191: Energy = 6.7636025253977810 dE = -6.27271E-02
SCF Iteration 192: Energy = 6.8263296037915140 dE =  6.27271E-02
SCF Iteration 193: Energy = 6.7636025238683146 dE = -6.27271E-02
SCF Iteration 194: Energy = 6.8263296024733373 dE =  6.27271E-02
SCF Iteration 195: Energy = 6.7636025225906486 dE = -6.27271E-02
SCF Iteration 196: Energy = 6.8263296013721906 dE =  6.27271E-02
SCF Iteration 197: Energy = 6.7636025215233371 dE = -6.27271E-02
SCF Iteration 198: Energy = 6.8263296004523415 dE =  6.27271E-02
SCF Iteration 199: Energy = 6.7636025206317392 dE = -6.27271E-02
SCF Iteration 200: Energy = 6.8263295996839357 dE =  6.27271E-02
SCF Iteration 201: Energy = 6.7636025198869412 dE = -6.27271E-02
SCF Iteration 202: Energy = 6.8263295990420279 dE =  6.27271E-02
SCF Iteration 203: Energy = 6.7636025192647464 dE = -6.27271E-02
SCF Iteration 204: Energy = 6.8263295985057759 dE =  6.27271E-02
SCF Iteration 205: Energy = 6.7636025187449764 dE = -6.27271E-02
SCF Iteration 206: Energy = 6.8263295980578302 dE =  6.27271E-02
SCF Iteration 207: Energy = 6.7636025183107984 dE = -6.27271E-02
SCF Iteration 208: Energy = 6.8263295976836478 dE =  6.27271E-02
SCF Iteration 209: Energy = 6.7636025179481134 dE = -6.27271E-02
SCF Iteration 210: Energy = 6.8263295973710552 dE =  6.27271E-02
SCF Iteration 211: Energy = 6.7636025176451291 dE = -6.27271E-02
SCF Iteration 212: Energy = 6.8263295971099289 dE =  6.27271E-02
SCF Iteration 213: Energy = 6.7636025173920151 dE = -6.27271E-02
SCF Iteration 214: Energy = 6.8263295968918012 dE =  6.27271E-02
SCF Iteration 215: Energy = 6.7636025171805922 dE = -6.27271E-02
SCF Iteration 216: Energy = 6.8263295967095630 dE =  6.27271E-02
SCF Iteration 217: Energy = 6.7636025170039495 dE = -6.27271E-02
SCF Iteration 218: Energy = 6.8263295965573523 dE =  6.27271E-02
SCF Iteration 219: Energy = 6.7636025168564053 dE = -6.27271E-02
SCF Iteration 220: Energy = 6.8263295964301900 dE =  6.27271E-02
SCF Iteration 221: Energy = 6.7636025167331599 dE = -6.27271E-02
SCF Iteration 222: Energy = 6.8263295963239639 dE =  6.27271E-02
SCF Iteration 223: Energy = 6.7636025166301934 dE = -6.27271E-02
SCF Iteration 224: Energy = 6.8263295962352455 dE =  6.27271E-02
SCF Iteration 225: Energy = 6.7636025165441831 dE = -6.27271E-02
SCF Iteration 226: Energy = 6.8263295961611021 dE =  6.27271E-02
SCF Iteration 227: Energy = 6.7636025164723392 dE = -6.27271E-02
SCF Iteration 228: Energy = 6.8263295960991979 dE =  6.27271E-02
SCF Iteration 229: Energy = 6.7636025164123286 dE = -6.27271E-02
SCF Iteration 230: Energy = 6.8263295960474615 dE =  6.27271E-02
SCF Iteration 231: Energy = 6.7636025163621838 dE = -6.27271E-02
SCF Iteration 232: Energy = 6.8263295960042658 dE =  6.27271E-02
SCF Iteration 233: Energy = 6.7636025163203026 dE = -6.27271E-02
SCF Iteration 234: Energy = 6.8263295959681560 dE =  6.27271E-02
SCF Iteration 235: Energy = 6.7636025162853226 dE = -6.27271E-02
SCF Iteration 236: Energy = 6.8263295959380166 dE =  6.27271E-02
SCF Iteration 237: Energy = 6.7636025162560944 dE = -6.27271E-02
SCF Iteration 238: Energy = 6.8263295959128163 dE =  6.27271E-02
SCF Iteration 239: Energy = 6.7636025162316766 dE = -6.27271E-02
SCF Iteration 240: Energy = 6.8263295958917709 dE =  6.27271E-02
SCF Iteration 241: Energy = 6.7636025162112734 dE = -6.27271E-02
SCF Iteration 242: Energy = 6.8263295958741921 dE =  6.27271E-02
SCF Iteration 243: Energy = 6.7636025161942470 dE = -6.27271E-02
SCF Iteration 244: Energy = 6.8263295958595069 dE =  6.27271E-02
SCF Iteration 245: Energy = 6.7636025161800166 dE = -6.27271E-02
SCF Iteration 246: Energy = 6.8263295958472572 dE =  6.27271E-02
SCF Iteration 247: Energy = 6.7636025161681186 dE = -6.27271E-02
SCF Iteration 248: Energy = 6.8263295958370067 dE =  6.27271E-02
SCF Iteration 249: Energy = 6.7636025161581959 dE = -6.27271E-02
SCF Iteration 250: Energy = 6.8263295958284305 dE =  6.27271E-02
SCF Iteration 251: Energy = 6.7636025161498932 dE = -6.27271E-02
SCF Iteration 252: Energy = 6.8263295958212922 dE =  6.27271E-02
SCF Iteration 253: Energy = 6.7636025161429654 dE = -6.27271E-02
SCF Iteration 254: Energy = 6.8263295958153076 dE =  6.27271E-02
SCF Iteration 255: Energy = 6.7636025161371762 dE = -6.27271E-02
SCF Iteration 256: Energy = 6.8263295958103400 dE =  6.27271E-02
SCF Iteration 257: Energy = 6.7636025161323285 dE = -6.27271E-02
SCF Iteration 258: Energy = 6.8263295958061576 dE =  6.27271E-02
SCF Iteration 259: Energy = 6.7636025161282962 dE = -6.27271E-02
SCF Iteration 260: Energy = 6.8263295958026742 dE =  6.27271E-02
SCF Iteration 261: Energy = 6.7636025161249131 dE = -6.27271E-02
SCF Iteration 262: Energy = 6.8263295957997627 dE =  6.27271E-02
SCF Iteration 263: Energy = 6.7636025161220905 dE = -6.27271E-02
SCF Iteration 264: Energy = 6.8263295957973389 dE =  6.27271E-02
SCF Iteration 265: Energy = 6.7636025161197590 dE = -6.27271E-02
SCF Iteration 266: Energy = 6.8263295957953005 dE =  6.27271E-02
SCF Iteration 267: Energy = 6.7636025161177757 dE = -6.27271E-02
SCF Iteration 268: Energy = 6.8263295957935970 dE =  6.27271E-02
SCF Iteration 269: Energy = 6.7636025161161299 dE = -6.27271E-02
SCF Iteration 270: Energy = 6.8263295957921875 dE =  6.27271E-02
SCF Iteration 271: Energy = 6.7636025161147471 dE = -6.27271E-02
SCF Iteration 272: Energy = 6.8263295957910000 dE =  6.27271E-02
SCF Iteration 273: Energy = 6.7636025161135960 dE = -6.27271E-02
SCF Iteration 274: Energy = 6.8263295957900212 dE =  6.27271E-02
SCF Iteration 275: Energy = 6.7636025161126501 dE = -6.27271E-02
SCF Iteration 276: Energy = 6.8263295957891916 dE =  6.27271E-02
SCF Iteration 277: Energy = 6.7636025161118516 dE = -6.27271E-02
SCF Iteration 278: Energy = 6.8263295957885184 dE =  6.27271E-02
SCF Iteration 279: Energy = 6.7636025161111766 dE = -6.27271E-02
SCF Iteration 280: Energy = 6.8263295957879340 dE =  6.27271E-02
SCF Iteration 281: Energy = 6.7636025161106286 dE = -6.27271E-02
SCF Iteration 282: Energy = 6.8263295957874686 dE =  6.27271E-02
SCF Iteration 283: Energy = 6.7636025161101712 dE = -6.27271E-02
SCF Iteration 284: Energy = 6.8263295957870644 dE =  6.27271E-02
SCF Iteration 285: Energy = 6.7636025161097884 dE = -6.27271E-02
SCF Iteration 286: Energy = 6.8263295957867207 dE =  6.27271E-02
SCF Iteration 287: Energy = 6.7636025161094491 dE = -6.27271E-02
SCF Iteration 288: Energy = 6.8263295957864383 dE =  6.27271E-02
SCF Iteration 289: Energy = 6.7636025161091791 dE = -6.27271E-02
SCF Iteration 290: Energy = 6.8263295957861878 dE =  6.27271E-02
SCF Iteration 291: Energy = 6.7636025161089375 dE = -6.27271E-02
SCF Iteration 292: Energy = 6.8263295957860013 dE =  6.27271E-02
SCF Iteration 293: Energy = 6.7636025161087723 dE = -6.27271E-02
SCF Iteration 294: Energy = 6.8263295957858467 dE =  6.27271E-02
SCF Iteration 295: Energy = 6.7636025161085955 dE = -6.27271E-02
SCF Iteration 296: Energy = 6.8263295957856922 dE =  6.27271E-02
SCF Iteration 297: Energy = 6.7636025161084703 dE = -6.27271E-02
SCF Iteration 298: Energy = 6.8263295957855936 dE =  6.27271E-02
SCF Iteration 299: Energy = 6.7636025161083611 dE = -6.27271E-02
SCF Iteration 300: Energy = 6.8263295957854897 dE =  6.27271E-02
SCF Iteration 301: Energy = 6.7636025161082589 dE = -6.27271E-02
SCF Iteration 302: Energy = 6.8263295957854169 dE =  6.27271E-02
SCF Iteration 303: Energy = 6.7636025161081772 dE = -6.27271E-02
SCF Iteration 304: Energy = 6.8263295957853334 dE =  6.27271E-02
SCF Iteration 305: Energy = 6.7636025161081150 dE = -6.27271E-02
SCF Iteration 306: Energy = 6.8263295957852845 dE =  6.27271E-02
SCF Iteration 307: Energy = 6.7636025161080546 dE = -6.27271E-02
SCF Iteration 308: Energy = 6.8263295957852304 dE =  6.27271E-02
SCF Iteration 309: Energy = 6.7636025161080049 dE = -6.27271E-02
SCF Iteration 310: Energy = 6.8263295957851948 dE =  6.27271E-02
SCF Iteration 311: Energy = 6.7636025161079729 dE = -6.27271E-02
SCF Iteration 312: Energy = 6.8263295957851557 dE =  6.27271E-02
SCF Iteration 313: Energy = 6.7636025161079498 dE = -6.27271E-02
SCF Iteration 314: Energy = 6.8263295957851309 dE =  6.27271E-02
SCF Iteration 315: Energy = 6.7636025161079107 dE = -6.27271E-02
SCF Iteration 316: Energy = 6.8263295957851060 dE =  6.27271E-02
SCF Iteration 317: Energy = 6.7636025161078779 dE = -6.27271E-02
SCF Iteration 318: Energy = 6.8263295957850900 dE =  6.27271E-02
SCF Iteration 319: Energy = 6.7636025161078690 dE = -6.27271E-02
SCF Iteration 320: Energy = 6.8263295957850776 dE =  6.27271E-02
SCF Iteration 321: Energy = 6.7636025161078592 dE = -6.27271E-02
SCF Iteration 322: Energy = 6.8263295957850652 dE =  6.27271E-02
SCF Iteration 323: Energy = 6.7636025161078690 dE = -6.27271E-02
SCF Iteration 324: Energy = 6.8263295957850580 dE =  6.27271E-02
SCF Iteration 325: Energy = 6.7636025161078424 dE = -6.27271E-02
SCF Iteration 326: Energy = 6.8263295957850474 dE =  6.27271E-02
SCF Iteration 327: Energy = 6.7636025161078344 dE = -6.27271E-02
SCF Iteration 328: Energy = 6.8263295957850367 dE =  6.27271E-02
SCF Iteration 329: Energy = 6.7636025161078148 dE = -6.27271E-02
SCF Iteration 330: Energy = 6.8263295957850225 dE =  6.27271E-02
SCF Iteration 331: Energy = 6.7636025161078130 dE = -6.27271E-02
SCF Iteration 332: Energy = 6.8263295957850101 dE =  6.27271E-02
SCF Iteration 333: Energy = 6.7636025161077971 dE = -6.27271E-02
SCF Iteration 334: Energy = 6.8263295957850030 dE =  6.27271E-02
SCF Iteration 335: Energy = 6.7636025161077864 dE = -6.27271E-02
SCF Iteration 336: Energy = 6.8263295957850065 dE =  6.27271E-02
SCF Iteration 337: Energy = 6.7636025161078006 dE = -6.27271E-02
SCF Iteration 338: Energy = 6.8263295957850065 dE =  6.27271E-02
SCF Iteration 339: Energy = 6.7636025161077944 dE = -6.27271E-02
SCF Iteration 340: Energy = 6.8263295957850083 dE =  6.27271E-02
SCF Iteration 341: Energy = 6.7636025161077962 dE = -6.27271E-02
SCF Iteration 342: Energy = 6.8263295957850101 dE =  6.27271E-02
SCF Iteration 343: Energy = 6.7636025161077908 dE = -6.27271E-02
SCF Iteration 344: Energy = 6.8263295957849923 dE =  6.27271E-02
SCF Iteration 345: Energy = 6.7636025161078104 dE = -6.27271E-02
SCF Iteration 346: Energy = 6.8263295957850181 dE =  6.27271E-02
SCF Iteration 347: Energy = 6.7636025161077900 dE = -6.27271E-02
SCF Iteration 348: Energy = 6.8263295957850074 dE =  6.27271E-02
SCF Iteration 349: Energy = 6.7636025161077900 dE = -6.27271E-02
SCF Iteration 350: Energy = 6.8263295957849905 dE =  6.27271E-02
SCF Iteration 351: Energy = 6.7636025161077944 dE = -6.27271E-02
SCF Iteration 352: Energy = 6.8263295957849950 dE =  6.27271E-02
SCF Iteration 353: Energy = 6.7636025161077908 dE = -6.27271E-02
SCF Iteration 354: Energy = 6.8263295957849923 dE =  6.27271E-02
SCF Iteration 355: Energy = 6.7636025161077855 dE = -6.27271E-02
SCF Iteration 356: Energy = 6.8263295957850030 dE =  6.27271E-02
SCF Iteration 357: Energy = 6.7636025161077882 dE = -6.27271E-02
SCF Iteration 358: Energy = 6.8263295957849888 dE =  6.27271E-02
SCF Iteration 359: Energy = 6.7636025161077917 dE = -6.27271E-02
SCF Iteration 360: Energy = 6.8263295957849905 dE =  6.27271E-02
SCF Iteration 361: Energy = 6.7636025161077811 dE = -6.27271E-02
SCF Iteration 362: Energy = 6.8263295957850092 dE =  6.27271E-02
SCF Iteration 363: Energy = 6.7636025161077882 dE = -6.27271E-02
SCF Iteration 364: Energy = 6.8263295957849905 dE =  6.27271E-02
SCF Iteration 365: Energy = 6.7636025161077988 dE = -6.27271E-02
SCF Iteration 366: Energy = 6.8263295957850003 dE =  6.27271E-02
SCF Iteration 367: Energy = 6.7636025161077873 dE = -6.27271E-02
SCF Iteration 368: Energy = 6.8263295957850003 dE =  6.27271E-02
SCF Iteration 369: Energy = 6.7636025161077811 dE = -6.27271E-02
SCF Iteration 370: Energy = 6.8263295957849941 dE =  6.27271E-02
SCF Iteration 371: Energy = 6.7636025161077900 dE = -6.27271E-02
SCF Iteration 372: Energy = 6.8263295957849932 dE =  6.27271E-02
SCF Iteration 373: Energy = 6.7636025161077864 dE = -6.27271E-02
SCF Iteration 374: Energy = 6.8263295957849985 dE =  6.27271E-02
SCF Iteration 375: Energy = 6.7636025161077953 dE = -6.27271E-02
SCF Iteration 376: Energy = 6.8263295957849977 dE =  6.27271E-02
SCF Iteration 377: Energy = 6.7636025161077855 dE = -6.27271E-02
SCF Iteration 378: Energy = 6.8263295957850021 dE =  6.27271E-02
SCF Iteration 379: Energy = 6.7636025161077757 dE = -6.27271E-02
SCF Iteration 380: Energy = 6.8263295957850012 dE =  6.27271E-02
SCF Iteration 381: Energy = 6.7636025161077864 dE = -6.27271E-02
SCF Iteration 382: Energy = 6.8263295957849879 dE =  6.27271E-02
SCF Iteration 383: Energy = 6.7636025161077828 dE = -6.27271E-02
SCF Iteration 384: Energy = 6.8263295957849923 dE =  6.27271E-02
SCF Iteration 385: Energy = 6.7636025161077811 dE = -6.27271E-02
SCF Iteration 386: Energy = 6.8263295957849968 dE =  6.27271E-02
SCF Iteration 387: Energy = 6.7636025161077722 dE = -6.27271E-02
SCF Iteration 388: Energy = 6.8263295957849977 dE =  6.27271E-02
SCF Iteration 389: Energy = 6.7636025161077837 dE = -6.27271E-02
SCF Iteration 390: Energy = 6.8263295957849834 dE =  6.27271E-02
SCF Iteration 391: Energy = 6.7636025161077828 dE = -6.27271E-02
SCF Iteration 392: Energy = 6.8263295957849843 dE =  6.27271E-02
SCF Iteration 393: Energy = 6.7636025161077731 dE = -6.27271E-02
SCF Iteration 394: Energy = 6.8263295957849817 dE =  6.27271E-02
SCF Iteration 395: Energy = 6.7636025161077802 dE = -6.27271E-02
SCF Iteration 396: Energy = 6.8263295957849905 dE =  6.27271E-02
SCF Iteration 397: Energy = 6.7636025161077864 dE = -6.27271E-02
SCF Iteration 398: Energy = 6.8263295957850012 dE =  6.27271E-02
SCF Iteration 399: Energy = 6.7636025161077784 dE = -6.27271E-02
SCF Iteration 400: Energy = 6.8263295957849985 dE =  6.27271E-02
SCF Iteration 401: Energy = 6.7636025161077846 dE = -6.27271E-02
SCF Iteration 402: Energy = 6.8263295957850012 dE =  6.27271E-02
SCF Iteration 403: Energy = 6.7636025161077828 dE = -6.27271E-02
SCF Iteration 404: Energy = 6.8263295957850083 dE =  6.27271E-02
SCF Iteration 405: Energy = 6.7636025161077953 dE = -6.27271E-02
SCF Iteration 406: Energy = 6.8263295957850065 dE =  6.27271E-02
SCF Iteration 407: Energy = 6.7636025161078015 dE = -6.27271E-02
SCF Iteration 408: Energy = 6.8263295957850056 dE =  6.27271E-02
SCF Iteration 409: Energy = 6.7636025161077882 dE = -6.27271E-02
SCF Iteration 410: Energy = 6.8263295957850021 dE =  6.27271E-02
SCF Iteration 411: Energy = 6.7636025161077900 dE = -6.27271E-02
SCF Iteration 412: Energy = 6.8263295957850030 dE =  6.27271E-02
SCF Iteration 413: Energy = 6.7636025161077997 dE = -6.27271E-02
SCF Iteration 414: Energy = 6.8263295957850039 dE =  6.27271E-02
SCF Iteration 415: Energy = 6.7636025161077926 dE = -6.27271E-02
SCF Iteration 416: Energy = 6.8263295957849994 dE =  6.27271E-02
SCF Iteration 417: Energy = 6.7636025161077837 dE = -6.27271E-02
SCF Iteration 418: Energy = 6.8263295957850048 dE =  6.27271E-02
SCF Iteration 419: Energy = 6.7636025161077873 dE = -6.27271E-02
SCF Iteration 420: Energy = 6.8263295957849994 dE =  6.27271E-02
SCF Iteration 421: Energy = 6.7636025161077864 dE = -6.27271E-02
SCF Iteration 422: Energy = 6.8263295957849888 dE =  6.27271E-02
SCF Iteration 423: Energy = 6.7636025161077846 dE = -6.27271E-02
SCF Iteration 424: Energy = 6.8263295957850030 dE =  6.27271E-02
SCF Iteration 425: Energy = 6.7636025161077891 dE = -6.27271E-02
SCF Iteration 426: Energy = 6.8263295957849897 dE =  6.27271E-02
SCF Iteration 427: Energy = 6.7636025161077873 dE = -6.27271E-02
SCF Iteration 428: Energy = 6.8263295957849897 dE =  6.27271E-02
SCF Iteration 429: Energy = 6.7636025161077811 dE = -6.27271E-02
SCF Iteration 430: Energy = 6.8263295957850003 dE =  6.27271E-02
SCF Iteration 431: Energy = 6.7636025161077722 dE = -6.27271E-02
SCF Iteration 432: Energy = 6.8263295957849932 dE =  6.27271E-02
SCF Iteration 433: Energy = 6.7636025161077846 dE = -6.27271E-02
SCF Iteration 434: Energy = 6.8263295957849808 dE =  6.27271E-02
SCF Iteration 435: Energy = 6.7636025161077740 dE = -6.27271E-02
SCF Iteration 436: Energy = 6.8263295957849834 dE =  6.27271E-02
SCF Iteration 437: Energy = 6.7636025161077828 dE = -6.27271E-02
SCF Iteration 438: Energy = 6.8263295957849888 dE =  6.27271E-02
SCF Iteration 439: Energy = 6.7636025161077900 dE = -6.27271E-02
SCF Iteration 440: Energy = 6.8263295957850048 dE =  6.27271E-02
SCF Iteration 441: Energy = 6.7636025161077864 dE = -6.27271E-02
SCF Iteration 442: Energy = 6.8263295957849914 dE =  6.27271E-02
SCF Iteration 443: Energy = 6.7636025161077988 dE = -6.27271E-02
SCF Iteration 444: Energy = 6.8263295957849959 dE =  6.27271E-02
SCF Iteration 445: Energy = 6.7636025161077846 dE = -6.27271E-02
SCF Iteration 446: Energy = 6.8263295957849968 dE =  6.27271E-02
SCF Iteration 447: Energy = 6.7636025161077820 dE = -6.27271E-02
SCF Iteration 448: Energy = 6.8263295957850012 dE =  6.27271E-02
SCF Iteration 449: Energy = 6.7636025161077864 dE = -6.27271E-02
SCF Iteration 450: Energy = 6.8263295957850012 dE =  6.27271E-02
SCF Iteration 451: Energy = 6.7636025161077917 dE = -6.27271E-02
SCF Iteration 452: Energy = 6.8263295957849905 dE =  6.27271E-02
SCF Iteration 453: Energy = 6.7636025161077891 dE = -6.27271E-02
SCF Iteration 454: Energy = 6.8263295957849977 dE =  6.27271E-02
SCF Iteration 455: Energy = 6.7636025161077900 dE = -6.27271E-02
SCF Iteration 456: Energy = 6.8263295957849994 dE =  6.27271E-02
SCF Iteration 457: Energy = 6.7636025161077793 dE = -6.27271E-02
SCF Iteration 458: Energy = 6.8263295957849914 dE =  6.27271E-02
SCF Iteration 459: Energy = 6.7636025161077811 dE = -6.27271E-02
SCF Iteration 460: Energy = 6.8263295957849905 dE =  6.27271E-02
SCF Iteration 461: Energy = 6.7636025161077837 dE = -6.27271E-02
SCF Iteration 462: Energy = 6.8263295957849941 dE =  6.27271E-02
SCF Iteration 463: Energy = 6.7636025161077757 dE = -6.27271E-02
SCF Iteration 464: Energy = 6.8263295957849879 dE =  6.27271E-02
SCF Iteration 465: Energy = 6.7636025161077793 dE = -6.27271E-02
SCF Iteration 466: Energy = 6.8263295957849799 dE =  6.27271E-02
SCF Iteration 467: Energy = 6.7636025161077882 dE = -6.27271E-02
SCF Iteration 468: Energy = 6.8263295957849879 dE =  6.27271E-02
SCF Iteration 469: Energy = 6.7636025161077793 dE = -6.27271E-02
SCF Iteration 470: Energy = 6.8263295957849852 dE =  6.27271E-02
SCF Iteration 471: Energy = 6.7636025161077873 dE = -6.27271E-02
SCF Iteration 472: Energy = 6.8263295957849959 dE =  6.27271E-02
SCF Iteration 473: Energy = 6.7636025161077900 dE = -6.27271E-02
SCF Iteration 474: Energy = 6.8263295957850039 dE =  6.27271E-02
SCF Iteration 475: Energy = 6.7636025161077793 dE = -6.27271E-02
SCF Iteration 476: Energy = 6.8263295957849923 dE =  6.27271E-02
SCF Iteration 477: Energy = 6.7636025161077837 dE = -6.27271E-02
SCF Iteration 478: Energy = 6.8263295957849950 dE =  6.27271E-02
SCF Iteration 479: Energy = 6.7636025161077926 dE = -6.27271E-02
SCF Iteration 480: Energy = 6.8263295957849923 dE =  6.27271E-02
SCF Iteration 481: Energy = 6.7636025161077828 dE = -6.27271E-02
SCF Iteration 482: Energy = 6.8263295957849959 dE =  6.27271E-02
SCF Iteration 483: Energy = 6.7636025161077802 dE = -6.27271E-02
SCF Iteration 484: Energy = 6.8263295957849977 dE =  6.27271E-02
SCF Iteration 485: Energy = 6.7636025161077811 dE = -6.27271E-02
SCF Iteration 486: Energy = 6.8263295957849870 dE =  6.27271E-02
SCF Iteration 487: Energy = 6.7636025161077757 dE = -6.27271E-02
SCF Iteration 488: Energy = 6.8263295957849941 dE =  6.27271E-02
SCF Iteration 489: Energy = 6.7636025161077846 dE = -6.27271E-02
SCF Iteration 490: Energy = 6.8263295957849941 dE =  6.27271E-02
SCF Iteration 491: Energy = 6.7636025161077935 dE = -6.27271E-02
SCF Iteration 492: Energy = 6.8263295957849781 dE =  6.27271E-02
SCF Iteration 493: Energy = 6.7636025161077900 dE = -6.27271E-02
SCF Iteration 494: Energy = 6.8263295957849994 dE =  6.27271E-02
SCF Iteration 495: Energy = 6.7636025161077900 dE = -6.27271E-02
SCF Iteration 496: Energy = 6.8263295957849879 dE =  6.27271E-02
SCF Iteration 497: Energy = 6.7636025161077935 dE = -6.27271E-02
SCF Iteration 498: Energy = 6.8263295957849941 dE =  6.27271E-02
SCF Iteration 499: Energy = 6.7636025161077757 dE = -6.27271E-02
SCF Iteration 500: Energy = 6.8263295957849826 dE =  6.27271E-02
