
  Memory set to  55.879 GiB by Python driver.
  Threads set to 1 by Python driver.
Settings:
	LOT = CCSD-S1-U21
	wc = 20.0 eV
	lambda = [1.212424 0.       0.      ] a.u.
	Equivalent A0 = LAMBDA / sqrt(2 wc) = [1. 0. 0.])
doing QED-CCSD-1 (or QED-CCSD-21)
Number of occupied orbitals:   1
Number of basis functions:  60
SCF Iteration   1: Energy = 0.6641881708979853 dE =  6.64188E-01
SCF Iteration   2: Energy = -0.1797081126238494 dE = -8.43896E-01
SCF Iteration   3: Energy = -0.1854868522036263 dE = -5.77874E-03
SCF Iteration   4: Energy = -0.1855816635952594 dE = -9.48114E-05
SCF Iteration   5: Energy = -0.1855838974345384 dE = -2.23384E-06
SCF Iteration   6: Energy = -0.1855839613484830 dE = -6.39139E-08
SCF Iteration   7: Energy = -0.1855839633781285 dE = -2.02965E-09
SCF Iteration   8: Energy = -0.1855839634459321 dE = -6.78035E-11

SCF converged.
E_QED_HF          = -0.185583963445932
HF  (psi4)        = -1.122945619527302
Starting with the CCSD calculation:

Iter  Energy(CCSD)      E_diff    time(sec)
  1:  -0.5159974142  5.15997E-01   10.111
  2:  -0.4236899061  9.23075E-02   10.121
  3:  -0.4330406380  9.35073E-03   10.115
  4:  -0.4715636574  3.85230E-02   10.111
  5:  -0.4664066092  5.15705E-03   10.112
  6:  -0.4683241733  1.91756E-03   10.111
  7:  -0.4712856010  2.96143E-03   10.109
  8:  -0.4728844508  1.59885E-03   10.110
  9:  -0.4735082279  6.23777E-04   10.118
 10:  -0.4735738814  6.56535E-05   10.108
 11:  -0.4736525782  7.86968E-05   10.105
 12:  -0.4737687084  1.16130E-04   10.106
 13:  -0.4737816288  1.29204E-05   10.105
 14:  -0.4737765818  5.04704E-06   10.108
 15:  -0.4737704108  6.17094E-06   10.104
 16:  -0.4737721416  1.73079E-06   10.104
 17:  -0.4737727679  6.26270E-07   10.108
 18:  -0.4737727565  1.14184E-08   10.106
 19:  -0.4737727005  5.59387E-08   10.102
 20:  -0.4737727439  4.33492E-08   10.104
 21:  -0.4737727521  8.19577E-09   10.113
E_QED_CCSD  (Corr.)  = -0.473772752081921
E_QED_CCSD tot       = -0.659356715527853
E_CCSD_psi4 (Corr.)  = -0.042171113387949
E_CCSD_psi4 tot      = -1.165116732915251
