
  Memory set to  55.879 GiB by Python driver.
  Threads set to 1 by Python driver.
Settings:
	LOT = CCSD-S1-U21
	wc = 20.0 eV
	lambda = [1.212424 0.       0.      ] a.u.
	Equivalent A0 = LAMBDA / sqrt(2 wc) = [1. 0. 0.])
doing QED-CCSD-1 (or QED-CCSD-21)
Number of occupied orbitals:   1
Number of basis functions:  60
SCF Iteration   1: Energy = 7.0949825446855961 dE =  7.09498E+00
SCF Iteration   2: Energy = 7.6513753740496435 dE =  5.56393E-01
SCF Iteration   3: Energy = 7.3175653894492294 dE = -3.33810E-01
SCF Iteration   4: Energy = 7.5581605726361465 dE =  2.40595E-01
SCF Iteration   5: Energy = 7.4421061684540382 dE = -1.16054E-01
SCF Iteration   6: Energy = 7.5533311187854348 dE =  1.11225E-01
SCF Iteration   7: Energy = 7.4922933353690313 dE = -6.10378E-02
SCF Iteration   8: Energy = 7.5569794314615120 dE =  6.46861E-02
SCF Iteration   9: Energy = 7.5123242421006227 dE = -4.46552E-02
SCF Iteration  10: Energy = 7.5584795740694668 dE =  4.61553E-02
SCF Iteration  11: Energy = 7.5189359289400777 dE = -3.95436E-02
SCF Iteration  12: Energy = 7.5570313876794071 dE =  3.80955E-02
SCF Iteration  13: Energy = 7.5190359810551923 dE = -3.79954E-02
SCF Iteration  14: Energy = 7.5534787541792197 dE =  3.44428E-02
SCF Iteration  15: Energy = 7.5159008268250380 dE = -3.75779E-02
SCF Iteration  16: Energy = 7.5487259253038284 dE =  3.28251E-02
SCF Iteration  17: Energy = 7.5112378929366370 dE = -3.74880E-02
SCF Iteration  18: Energy = 7.5434487589256838 dE =  3.22109E-02
SCF Iteration  19: Energy = 7.5059852453858502 dE = -3.74635E-02
SCF Iteration  20: Energy = 7.5380957245252818 dE =  3.21105E-02
SCF Iteration  21: Energy = 7.5006682132917204 dE = -3.74275E-02
SCF Iteration  22: Energy = 7.5329426032777418 dE =  3.22744E-02
SCF Iteration  23: Energy = 7.4955768617329817 dE = -3.73657E-02
SCF Iteration  24: Energy = 7.5281451811541560 dE =  3.25683E-02
SCF Iteration  25: Energy = 7.4908621488603639 dE = -3.72830E-02
SCF Iteration  26: Energy = 7.5237795887681465 dE =  3.29174E-02
SCF Iteration  27: Energy = 7.4865914499726793 dE = -3.71881E-02
SCF Iteration  28: Energy = 7.5198709318283177 dE =  3.32795E-02
SCF Iteration  29: Energy = 7.4827820654247903 dE = -3.70889E-02
SCF Iteration  30: Energy = 7.5164129069409382 dE =  3.36308E-02
SCF Iteration  31: Energy = 7.4794219945544915 dE = -3.69909E-02
SCF Iteration  32: Energy = 7.5133809409794017 dE =  3.39589E-02
SCF Iteration  33: Energy = 7.4764829776792423 dE = -3.68980E-02
SCF Iteration  34: Energy = 7.5107408190205058 dE =  3.42578E-02
SCF Iteration  35: Energy = 7.4739286870899404 dE = -3.68121E-02
SCF Iteration  36: Energy = 7.5084542250662238 dE =  3.45255E-02
SCF Iteration  37: Energy = 7.4717198146223671 dE = -3.67344E-02
SCF Iteration  38: Energy = 7.5064821980983947 dE =  3.47624E-02
SCF Iteration  39: Energy = 7.4698171554421329 dE = -3.66650E-02
SCF Iteration  40: Energy = 7.5047871978727709 dE =  3.49700E-02
SCF Iteration  41: Energy = 7.4681833964647906 dE = -3.66038E-02
SCF Iteration  42: Energy = 7.5033342561658225 dE =  3.51509E-02
SCF Iteration  43: Energy = 7.4667840720823149 dE = -3.65502E-02
SCF Iteration  44: Energy = 7.5020915364831149 dE =  3.53075E-02
SCF Iteration  45: Energy = 7.4655879913738374 dE = -3.65035E-02
SCF Iteration  46: Energy = 7.5010305197403655 dE =  3.54425E-02
SCF Iteration  47: Energy = 7.4645673370732961 dE = -3.64632E-02
SCF Iteration  48: Energy = 7.5001259611141080 dE =  3.55586E-02
SCF Iteration  49: Energy = 7.4636975677985147 dE = -3.64284E-02
SCF Iteration  50: Energy = 7.4993557139979936 dE =  3.56581E-02
SCF Iteration  51: Energy = 7.4629572093063219 dE = -3.63985E-02
SCF Iteration  52: Energy = 7.4987004836307722 dE =  3.57433E-02
SCF Iteration  53: Energy = 7.4623275900634658 dE = -3.63729E-02
SCF Iteration  54: Energy = 7.4981435504766427 dE =  3.58160E-02
SCF Iteration  55: Energy = 7.4617925561338465 dE = -3.63510E-02
SCF Iteration  56: Energy = 7.4976704883827798 dE =  3.58779E-02
SCF Iteration  57: Energy = 7.4613381869202113 dE = -3.63323E-02
SCF Iteration  58: Energy = 7.4972688925310926 dE =  3.59307E-02
SCF Iteration  59: Energy = 7.4609525244208639 dE = -3.63164E-02
SCF Iteration  60: Energy = 7.4969281256186919 dE =  3.59756E-02
SCF Iteration  61: Energy = 7.4606253228637174 dE = -3.63028E-02
SCF Iteration  62: Energy = 7.4966390864303145 dE =  3.60138E-02
SCF Iteration  63: Energy = 7.4603478218504717 dE = -3.62913E-02
SCF Iteration  64: Energy = 7.4963940022525941 dE =  3.60462E-02
SCF Iteration  65: Energy = 7.4601125437979308 dE = -3.62815E-02
SCF Iteration  66: Energy = 7.4961862449058634 dE =  3.60737E-02
SCF Iteration  67: Energy = 7.4599131150386002 dE = -3.62731E-02
SCF Iteration  68: Energy = 7.4960101691884349 dE =  3.60971E-02
SCF Iteration  69: Energy = 7.4597441091280237 dE = -3.62661E-02
SCF Iteration  70: Energy = 7.4958609719994724 dE =  3.61169E-02
SCF Iteration  71: Energy = 7.4596009104871657 dE = -3.62601E-02
SCF Iteration  72: Energy = 7.4957345701706446 dE =  3.61337E-02
SCF Iteration  73: Energy = 7.4594795963441118 dE = -3.62550E-02
SCF Iteration  74: Energy = 7.4956274949864028 dE =  3.61479E-02
SCF Iteration  75: Energy = 7.4593768349338374 dE = -3.62507E-02
SCF Iteration  76: Energy = 7.4955368014328210 dE =  3.61600E-02
SCF Iteration  77: Energy = 7.4592897980037050 dE = -3.62470E-02
SCF Iteration  78: Energy = 7.4954599903407395 dE =  3.61702E-02
SCF Iteration  79: Energy = 7.4592160858128311 dE = -3.62439E-02
SCF Iteration  80: Energy = 7.4953949417448191 dE =  3.61789E-02
SCF Iteration  81: Energy = 7.4591536629805288 dE = -3.62413E-02
SCF Iteration  82: Energy = 7.4953398579513673 dE =  3.61862E-02
SCF Iteration  83: Energy = 7.4591008037106494 dE = -3.62391E-02
SCF Iteration  84: Energy = 7.4952932149754306 dE =  3.61924E-02
SCF Iteration  85: Energy = 7.4590560450901249 dE = -3.62372E-02
SCF Iteration  86: Energy = 7.4952537211701822 dE =  3.61977E-02
SCF Iteration  87: Energy = 7.4590181473189574 dE = -3.62356E-02
SCF Iteration  88: Energy = 7.4952202820204192 dE =  3.62021E-02
SCF Iteration  89: Energy = 7.4589860598765041 dE = -3.62342E-02
SCF Iteration  90: Energy = 7.4951919702083876 dE =  3.62059E-02
SCF Iteration  91: Energy = 7.4589588927617063 dE = -3.62331E-02
SCF Iteration  92: Energy = 7.4951680001803167 dE =  3.62091E-02
SCF Iteration  93: Energy = 7.4589358920631899 dE = -3.62321E-02
SCF Iteration  94: Energy = 7.4951477065505943 dE =  3.62118E-02
SCF Iteration  95: Energy = 7.4589164192186068 dE = -3.62313E-02
SCF Iteration  96: Energy = 7.4951305257733738 dE =  3.62141E-02
SCF Iteration  97: Energy = 7.4588999334153110 dE = -3.62306E-02
SCF Iteration  98: Energy = 7.4951159805939840 dE =  3.62160E-02
SCF Iteration  99: Energy = 7.4588859766615752 dE = -3.62300E-02
SCF Iteration 100: Energy = 7.4951036668630158 dE =  3.62177E-02
SCF Iteration 101: Energy = 7.4588741611278593 dE = -3.62295E-02
SCF Iteration 102: Energy = 7.4950932423574006 dE =  3.62191E-02
SCF Iteration 103: Energy = 7.4588641584157447 dE = -3.62291E-02
SCF Iteration 104: Energy = 7.4950844173053275 dE =  3.62203E-02
SCF Iteration 105: Energy = 7.4588556904630989 dE = -3.62287E-02
SCF Iteration 106: Energy = 7.4950769463569804 dE =  3.62213E-02
SCF Iteration 107: Energy = 7.4588485218373144 dE = -3.62284E-02
SCF Iteration 108: Energy = 7.4950706217814380 dE =  3.62221E-02
SCF Iteration 109: Energy = 7.4588424532060111 dE = -3.62282E-02
SCF Iteration 110: Energy = 7.4950652677035654 dE =  3.62228E-02
SCF Iteration 111: Energy = 7.4588373158061287 dE = -3.62280E-02
SCF Iteration 112: Energy = 7.4950607352223946 dE =  3.62234E-02
SCF Iteration 113: Energy = 7.4588329667588082 dE = -3.62278E-02
SCF Iteration 114: Energy = 7.4950568982764212 dE =  3.62239E-02
SCF Iteration 115: Energy = 7.4588292851017561 dE = -3.62276E-02
SCF Iteration 116: Energy = 7.4950536501421388 dE =  3.62244E-02
SCF Iteration 117: Energy = 7.4588261684288719 dE = -3.62275E-02
SCF Iteration 118: Energy = 7.4950509004687786 dE =  3.62247E-02
SCF Iteration 119: Energy = 7.4588235300447439 dE = -3.62274E-02
SCF Iteration 120: Energy = 7.4950485727673977 dE =  3.62250E-02
SCF Iteration 121: Energy = 7.4588212965553291 dE = -3.62273E-02
SCF Iteration 122: Energy = 7.4950466022847797 dE =  3.62253E-02
SCF Iteration 123: Energy = 7.4588194058275095 dE = -3.62272E-02
SCF Iteration 124: Energy = 7.4950449342032641 dE =  3.62255E-02
SCF Iteration 125: Energy = 7.4588178052618801 dE = -3.62271E-02
SCF Iteration 126: Energy = 7.4950435221165774 dE =  3.62257E-02
SCF Iteration 127: Energy = 7.4588164503301746 dE = -3.62271E-02
SCF Iteration 128: Energy = 7.4950423267393740 dE =  3.62259E-02
SCF Iteration 129: Energy = 7.4588153033368805 dE = -3.62270E-02
SCF Iteration 130: Energy = 7.4950413148147232 dE =  3.62260E-02
SCF Iteration 131: Energy = 7.4588143323710003 dE = -3.62270E-02
SCF Iteration 132: Energy = 7.4950404581891243 dE =  3.62261E-02
SCF Iteration 133: Energy = 7.4588135104184454 dE = -3.62269E-02
SCF Iteration 134: Energy = 7.4950397330294658 dE =  3.62262E-02
SCF Iteration 135: Energy = 7.4588128146106891 dE = -3.62269E-02
SCF Iteration 136: Energy = 7.4950391191600394 dE =  3.62263E-02
SCF Iteration 137: Energy = 7.4588122255886509 dE = -3.62269E-02
SCF Iteration 138: Energy = 7.4950385995014148 dE =  3.62264E-02
SCF Iteration 139: Energy = 7.4588117269641074 dE = -3.62269E-02
SCF Iteration 140: Energy = 7.4950381595951532 dE =  3.62264E-02
SCF Iteration 141: Energy = 7.4588113048638887 dE = -3.62269E-02
SCF Iteration 142: Energy = 7.4950377872017624 dE =  3.62265E-02
SCF Iteration 143: Energy = 7.4588109475438360 dE = -3.62268E-02
SCF Iteration 144: Energy = 7.4950374719600328 dE =  3.62265E-02
SCF Iteration 145: Energy = 7.4588106450621323 dE = -3.62268E-02
SCF Iteration 146: Energy = 7.4950372050988774 dE =  3.62266E-02
SCF Iteration 147: Energy = 7.4588103890027577 dE = -3.62268E-02
SCF Iteration 148: Energy = 7.4950369791933431 dE =  3.62266E-02
SCF Iteration 149: Energy = 7.4588101722412148 dE = -3.62268E-02
SCF Iteration 150: Energy = 7.4950367879579209 dE =  3.62266E-02
SCF Iteration 151: Energy = 7.4588099887464674 dE = -3.62268E-02
SCF Iteration 152: Energy = 7.4950366260717152 dE =  3.62266E-02
SCF Iteration 153: Energy = 7.4588098334129693 dE = -3.62268E-02
SCF Iteration 154: Energy = 7.4950364890305057 dE =  3.62267E-02
SCF Iteration 155: Energy = 7.4588097019188089 dE = -3.62268E-02
SCF Iteration 156: Energy = 7.4950363730212839 dE =  3.62267E-02
SCF Iteration 157: Energy = 7.4588095906053082 dE = -3.62268E-02
SCF Iteration 158: Energy = 7.4950362748162149 dE =  3.62267E-02
SCF Iteration 159: Energy = 7.4588094963753342 dE = -3.62268E-02
SCF Iteration 160: Energy = 7.4950361916828987 dE =  3.62267E-02
SCF Iteration 161: Energy = 7.4588094166070187 dE = -3.62268E-02
SCF Iteration 162: Energy = 7.4950361213082184 dE =  3.62267E-02
SCF Iteration 163: Energy = 7.4588093490809309 dE = -3.62268E-02
SCF Iteration 164: Energy = 7.4950360617340968 dE =  3.62267E-02
SCF Iteration 165: Energy = 7.4588092919182252 dE = -3.62268E-02
SCF Iteration 166: Energy = 7.4950360113029753 dE =  3.62267E-02
SCF Iteration 167: Energy = 7.4588092435284121 dE = -3.62268E-02
SCF Iteration 168: Energy = 7.4950359686115986 dE =  3.62267E-02
SCF Iteration 169: Energy = 7.4588092025650825 dE = -3.62268E-02
SCF Iteration 170: Energy = 7.4950359324721818 dE =  3.62267E-02
SCF Iteration 171: Energy = 7.4588091678884787 dE = -3.62268E-02
SCF Iteration 172: Energy = 7.4950359018791559 dE =  3.62267E-02
SCF Iteration 173: Energy = 7.4588091385337805 dE = -3.62268E-02
SCF Iteration 174: Energy = 7.4950358759813227 dE =  3.62267E-02
SCF Iteration 175: Energy = 7.4588091136842261 dE = -3.62268E-02
SCF Iteration 176: Energy = 7.4950358540581012 dE =  3.62267E-02
SCF Iteration 177: Energy = 7.4588090926483632 dE = -3.62268E-02
SCF Iteration 178: Energy = 7.4950358354994586 dE =  3.62267E-02
SCF Iteration 179: Energy = 7.4588090748409455 dE = -3.62268E-02
SCF Iteration 180: Energy = 7.4950358197890532 dE =  3.62267E-02
SCF Iteration 181: Energy = 7.4588090597664713 dE = -3.62268E-02
SCF Iteration 182: Energy = 7.4950358064897769 dE =  3.62267E-02
SCF Iteration 183: Energy = 7.4588090470055031 dE = -3.62268E-02
SCF Iteration 184: Energy = 7.4950357952315665 dE =  3.62267E-02
SCF Iteration 185: Energy = 7.4588090362030046 dE = -3.62268E-02
SCF Iteration 186: Energy = 7.4950357857011847 dE =  3.62267E-02
SCF Iteration 187: Energy = 7.4588090270583782 dE = -3.62268E-02
SCF Iteration 188: Energy = 7.4950357776334551 dE =  3.62268E-02
SCF Iteration 189: Energy = 7.4588090193172087 dE = -3.62268E-02
SCF Iteration 190: Energy = 7.4950357708038924 dE =  3.62268E-02
SCF Iteration 191: Energy = 7.4588090127640871 dE = -3.62268E-02
SCF Iteration 192: Energy = 7.4950357650224850 dE =  3.62268E-02
SCF Iteration 193: Energy = 7.4588090072167024 dE = -3.62268E-02
SCF Iteration 194: Energy = 7.4950357601283555 dE =  3.62268E-02
SCF Iteration 195: Energy = 7.4588090025206766 dE = -3.62268E-02
SCF Iteration 196: Energy = 7.4950357559853691 dE =  3.62268E-02
SCF Iteration 197: Energy = 7.4588089985453649 dE = -3.62268E-02
SCF Iteration 198: Energy = 7.4950357524781692 dE =  3.62268E-02
SCF Iteration 199: Energy = 7.4588089951801608 dE = -3.62268E-02
SCF Iteration 200: Energy = 7.4950357495092588 dE =  3.62268E-02
SCF Iteration 201: Energy = 7.4588089923314191 dE = -3.62268E-02
SCF Iteration 202: Energy = 7.4950357469959847 dE =  3.62268E-02
SCF Iteration 203: Energy = 7.4588089899198708 dE = -3.62268E-02
SCF Iteration 204: Energy = 7.4950357448684217 dE =  3.62268E-02
SCF Iteration 205: Energy = 7.4588089878784345 dE = -3.62268E-02
SCF Iteration 206: Energy = 7.4950357430673966 dE =  3.62268E-02
SCF Iteration 207: Energy = 7.4588089861502933 dE = -3.62268E-02
SCF Iteration 208: Energy = 7.4950357415427593 dE =  3.62268E-02
SCF Iteration 209: Energy = 7.4588089846873897 dE = -3.62268E-02
SCF Iteration 210: Energy = 7.4950357402521384 dE =  3.62268E-02
SCF Iteration 211: Energy = 7.4588089834489884 dE = -3.62268E-02
SCF Iteration 212: Energy = 7.4950357391595777 dE =  3.62268E-02
SCF Iteration 213: Energy = 7.4588089824006483 dE = -3.62268E-02
SCF Iteration 214: Energy = 7.4950357382346953 dE =  3.62268E-02
SCF Iteration 215: Energy = 7.4588089815132070 dE = -3.62268E-02
SCF Iteration 216: Energy = 7.4950357374517571 dE =  3.62268E-02
SCF Iteration 217: Energy = 7.4588089807619538 dE = -3.62268E-02
SCF Iteration 218: Energy = 7.4950357367889620 dE =  3.62268E-02
SCF Iteration 219: Energy = 7.4588089801260127 dE = -3.62268E-02
SCF Iteration 220: Energy = 7.4950357362279165 dE =  3.62268E-02
SCF Iteration 221: Energy = 7.4588089795876504 dE = -3.62268E-02
SCF Iteration 222: Energy = 7.4950357357529631 dE =  3.62268E-02
SCF Iteration 223: Energy = 7.4588089791319243 dE = -3.62268E-02
SCF Iteration 224: Energy = 7.4950357353508990 dE =  3.62268E-02
SCF Iteration 225: Energy = 7.4588089787461458 dE = -3.62268E-02
SCF Iteration 226: Energy = 7.4950357350105383 dE =  3.62268E-02
SCF Iteration 227: Energy = 7.4588089784195448 dE = -3.62268E-02
SCF Iteration 228: Energy = 7.4950357347224204 dE =  3.62268E-02
SCF Iteration 229: Energy = 7.4588089781431011 dE = -3.62268E-02
SCF Iteration 230: Energy = 7.4950357344785150 dE =  3.62268E-02
SCF Iteration 231: Energy = 7.4588089779090767 dE = -3.62268E-02
SCF Iteration 232: Energy = 7.4950357342720526 dE =  3.62268E-02
SCF Iteration 233: Energy = 7.4588089777109579 dE = -3.62268E-02
SCF Iteration 234: Energy = 7.4950357340972582 dE =  3.62268E-02
SCF Iteration 235: Energy = 7.4588089775432449 dE = -3.62268E-02
SCF Iteration 236: Energy = 7.4950357339493090 dE =  3.62268E-02
SCF Iteration 237: Energy = 7.4588089774012793 dE = -3.62268E-02
SCF Iteration 238: Energy = 7.4950357338240474 dE =  3.62268E-02
SCF Iteration 239: Energy = 7.4588089772810937 dE = -3.62268E-02
SCF Iteration 240: Energy = 7.4950357337180167 dE =  3.62268E-02
SCF Iteration 241: Energy = 7.4588089771793635 dE = -3.62268E-02
SCF Iteration 242: Energy = 7.4950357336282787 dE =  3.62268E-02
SCF Iteration 243: Energy = 7.4588089770932333 dE = -3.62268E-02
SCF Iteration 244: Energy = 7.4950357335522932 dE =  3.62268E-02
SCF Iteration 245: Energy = 7.4588089770203281 dE = -3.62268E-02
SCF Iteration 246: Energy = 7.4950357334879891 dE =  3.62268E-02
SCF Iteration 247: Energy = 7.4588089769586139 dE = -3.62268E-02
SCF Iteration 248: Energy = 7.4950357334335349 dE =  3.62268E-02
SCF Iteration 249: Energy = 7.4588089769063783 dE = -3.62268E-02
SCF Iteration 250: Energy = 7.4950357333874420 dE =  3.62268E-02
SCF Iteration 251: Energy = 7.4588089768621408 dE = -3.62268E-02
SCF Iteration 252: Energy = 7.4950357333484154 dE =  3.62268E-02
SCF Iteration 253: Energy = 7.4588089768247121 dE = -3.62268E-02
SCF Iteration 254: Energy = 7.4950357333153814 dE =  3.62268E-02
SCF Iteration 255: Energy = 7.4588089767930184 dE = -3.62268E-02
SCF Iteration 256: Energy = 7.4950357332874207 dE =  3.62268E-02
SCF Iteration 257: Energy = 7.4588089767661785 dE = -3.62268E-02
SCF Iteration 258: Energy = 7.4950357332637454 dE =  3.62268E-02
SCF Iteration 259: Energy = 7.4588089767434651 dE = -3.62268E-02
SCF Iteration 260: Energy = 7.4950357332437099 dE =  3.62268E-02
SCF Iteration 261: Energy = 7.4588089767242467 dE = -3.62268E-02
SCF Iteration 262: Energy = 7.4950357332267492 dE =  3.62268E-02
SCF Iteration 263: Energy = 7.4588089767079611 dE = -3.62268E-02
SCF Iteration 264: Energy = 7.4950357332123874 dE =  3.62268E-02
SCF Iteration 265: Energy = 7.4588089766941854 dE = -3.62268E-02
SCF Iteration 266: Energy = 7.4950357332002406 dE =  3.62268E-02
SCF Iteration 267: Energy = 7.4588089766825290 dE = -3.62268E-02
SCF Iteration 268: Energy = 7.4950357331899671 dE =  3.62268E-02
SCF Iteration 269: Energy = 7.4588089766726586 dE = -3.62268E-02
SCF Iteration 270: Energy = 7.4950357331812230 dE =  3.62268E-02
SCF Iteration 271: Energy = 7.4588089766642982 dE = -3.62268E-02
SCF Iteration 272: Energy = 7.4950357331738546 dE =  3.62268E-02
SCF Iteration 273: Energy = 7.4588089766572159 dE = -3.62268E-02
SCF Iteration 274: Energy = 7.4950357331676436 dE =  3.62268E-02
SCF Iteration 275: Energy = 7.4588089766512420 dE = -3.62268E-02
SCF Iteration 276: Energy = 7.4950357331623323 dE =  3.62268E-02
SCF Iteration 277: Energy = 7.4588089766461803 dE = -3.62268E-02
SCF Iteration 278: Energy = 7.4950357331578683 dE =  3.62268E-02
SCF Iteration 279: Energy = 7.4588089766418797 dE = -3.62268E-02
SCF Iteration 280: Energy = 7.4950357331540891 dE =  3.62268E-02
SCF Iteration 281: Energy = 7.4588089766382462 dE = -3.62268E-02
SCF Iteration 282: Energy = 7.4950357331508739 dE =  3.62268E-02
SCF Iteration 283: Energy = 7.4588089766351828 dE = -3.62268E-02
SCF Iteration 284: Energy = 7.4950357331481658 dE =  3.62268E-02
SCF Iteration 285: Energy = 7.4588089766325538 dE = -3.62268E-02
SCF Iteration 286: Energy = 7.4950357331458681 dE =  3.62268E-02
SCF Iteration 287: Energy = 7.4588089766303574 dE = -3.62268E-02
SCF Iteration 288: Energy = 7.4950357331439283 dE =  3.62268E-02
SCF Iteration 289: Energy = 7.4588089766284957 dE = -3.62268E-02
SCF Iteration 290: Energy = 7.4950357331422719 dE =  3.62268E-02
SCF Iteration 291: Energy = 7.4588089766269059 dE = -3.62268E-02
SCF Iteration 292: Energy = 7.4950357331408783 dE =  3.62268E-02
SCF Iteration 293: Energy = 7.4588089766255736 dE = -3.62268E-02
SCF Iteration 294: Energy = 7.4950357331397033 dE =  3.62268E-02
SCF Iteration 295: Energy = 7.4588089766244501 dE = -3.62268E-02
SCF Iteration 296: Energy = 7.4950357331387094 dE =  3.62268E-02
SCF Iteration 297: Energy = 7.4588089766234971 dE = -3.62268E-02
SCF Iteration 298: Energy = 7.4950357331378630 dE =  3.62268E-02
SCF Iteration 299: Energy = 7.4588089766226711 dE = -3.62268E-02
SCF Iteration 300: Energy = 7.4950357331371498 dE =  3.62268E-02
SCF Iteration 301: Energy = 7.4588089766219712 dE = -3.62268E-02
SCF Iteration 302: Energy = 7.4950357331365218 dE =  3.62268E-02
SCF Iteration 303: Energy = 7.4588089766214205 dE = -3.62268E-02
SCF Iteration 304: Energy = 7.4950357331360395 dE =  3.62268E-02
SCF Iteration 305: Energy = 7.4588089766209293 dE = -3.62268E-02
SCF Iteration 306: Energy = 7.4950357331356132 dE =  3.62268E-02
SCF Iteration 307: Energy = 7.4588089766205075 dE = -3.62268E-02
SCF Iteration 308: Energy = 7.4950357331352331 dE =  3.62268E-02
SCF Iteration 309: Energy = 7.4588089766201424 dE = -3.62268E-02
SCF Iteration 310: Energy = 7.4950357331349240 dE =  3.62268E-02
SCF Iteration 311: Energy = 7.4588089766198520 dE = -3.62268E-02
SCF Iteration 312: Energy = 7.4950357331346655 dE =  3.62268E-02
SCF Iteration 313: Energy = 7.4588089766195944 dE = -3.62268E-02
SCF Iteration 314: Energy = 7.4950357331344355 dE =  3.62268E-02
SCF Iteration 315: Energy = 7.4588089766193901 dE = -3.62268E-02
SCF Iteration 316: Energy = 7.4950357331342472 dE =  3.62268E-02
SCF Iteration 317: Energy = 7.4588089766192063 dE = -3.62268E-02
SCF Iteration 318: Energy = 7.4950357331340660 dE =  3.62268E-02
SCF Iteration 319: Energy = 7.4588089766190384 dE = -3.62268E-02
SCF Iteration 320: Energy = 7.4950357331339346 dE =  3.62268E-02
SCF Iteration 321: Energy = 7.4588089766189061 dE = -3.62268E-02
SCF Iteration 322: Energy = 7.4950357331338076 dE =  3.62268E-02
SCF Iteration 323: Energy = 7.4588089766187995 dE = -3.62268E-02
SCF Iteration 324: Energy = 7.4950357331337356 dE =  3.62268E-02
SCF Iteration 325: Energy = 7.4588089766186902 dE = -3.62268E-02
SCF Iteration 326: Energy = 7.4950357331336512 dE =  3.62268E-02
SCF Iteration 327: Energy = 7.4588089766186361 dE = -3.62268E-02
SCF Iteration 328: Energy = 7.4950357331335864 dE =  3.62268E-02
SCF Iteration 329: Energy = 7.4588089766185641 dE = -3.62268E-02
SCF Iteration 330: Energy = 7.4950357331335224 dE =  3.62268E-02
SCF Iteration 331: Energy = 7.4588089766184966 dE = -3.62268E-02
SCF Iteration 332: Energy = 7.4950357331334683 dE =  3.62268E-02
SCF Iteration 333: Energy = 7.4588089766184664 dE = -3.62268E-02
SCF Iteration 334: Energy = 7.4950357331334194 dE =  3.62268E-02
SCF Iteration 335: Energy = 7.4588089766184140 dE = -3.62268E-02
SCF Iteration 336: Energy = 7.4950357331334052 dE =  3.62268E-02
SCF Iteration 337: Energy = 7.4588089766183812 dE = -3.62268E-02
SCF Iteration 338: Energy = 7.4950357331333519 dE =  3.62268E-02
SCF Iteration 339: Energy = 7.4588089766183527 dE = -3.62268E-02
SCF Iteration 340: Energy = 7.4950357331333279 dE =  3.62268E-02
SCF Iteration 341: Energy = 7.4588089766183439 dE = -3.62268E-02
SCF Iteration 342: Energy = 7.4950357331333057 dE =  3.62268E-02
SCF Iteration 343: Energy = 7.4588089766182986 dE = -3.62268E-02
SCF Iteration 344: Energy = 7.4950357331332951 dE =  3.62268E-02
SCF Iteration 345: Energy = 7.4588089766182852 dE = -3.62268E-02
SCF Iteration 346: Energy = 7.4950357331332826 dE =  3.62268E-02
SCF Iteration 347: Energy = 7.4588089766182746 dE = -3.62268E-02
SCF Iteration 348: Energy = 7.4950357331332684 dE =  3.62268E-02
SCF Iteration 349: Energy = 7.4588089766182613 dE = -3.62268E-02
SCF Iteration 350: Energy = 7.4950357331332507 dE =  3.62268E-02
SCF Iteration 351: Energy = 7.4588089766182630 dE = -3.62268E-02
SCF Iteration 352: Energy = 7.4950357331332507 dE =  3.62268E-02
SCF Iteration 353: Energy = 7.4588089766182391 dE = -3.62268E-02
SCF Iteration 354: Energy = 7.4950357331332320 dE =  3.62268E-02
SCF Iteration 355: Energy = 7.4588089766182408 dE = -3.62268E-02
SCF Iteration 356: Energy = 7.4950357331332258 dE =  3.62268E-02
SCF Iteration 357: Energy = 7.4588089766182231 dE = -3.62268E-02
SCF Iteration 358: Energy = 7.4950357331332293 dE =  3.62268E-02
SCF Iteration 359: Energy = 7.4588089766182302 dE = -3.62268E-02
SCF Iteration 360: Energy = 7.4950357331332205 dE =  3.62268E-02
SCF Iteration 361: Energy = 7.4588089766182248 dE = -3.62268E-02
SCF Iteration 362: Energy = 7.4950357331332063 dE =  3.62268E-02
SCF Iteration 363: Energy = 7.4588089766182222 dE = -3.62268E-02
SCF Iteration 364: Energy = 7.4950357331332071 dE =  3.62268E-02
SCF Iteration 365: Energy = 7.4588089766182177 dE = -3.62268E-02
SCF Iteration 366: Energy = 7.4950357331332089 dE =  3.62268E-02
SCF Iteration 367: Energy = 7.4588089766182160 dE = -3.62268E-02
SCF Iteration 368: Energy = 7.4950357331332009 dE =  3.62268E-02
SCF Iteration 369: Energy = 7.4588089766182231 dE = -3.62268E-02
SCF Iteration 370: Energy = 7.4950357331332098 dE =  3.62268E-02
SCF Iteration 371: Energy = 7.4588089766182106 dE = -3.62268E-02
SCF Iteration 372: Energy = 7.4950357331332151 dE =  3.62268E-02
SCF Iteration 373: Energy = 7.4588089766182080 dE = -3.62268E-02
SCF Iteration 374: Energy = 7.4950357331332151 dE =  3.62268E-02
SCF Iteration 375: Energy = 7.4588089766182124 dE = -3.62268E-02
SCF Iteration 376: Energy = 7.4950357331332063 dE =  3.62268E-02
SCF Iteration 377: Energy = 7.4588089766182071 dE = -3.62268E-02
SCF Iteration 378: Energy = 7.4950357331332063 dE =  3.62268E-02
SCF Iteration 379: Energy = 7.4588089766182115 dE = -3.62268E-02
SCF Iteration 380: Energy = 7.4950357331332160 dE =  3.62268E-02
SCF Iteration 381: Energy = 7.4588089766182009 dE = -3.62268E-02
SCF Iteration 382: Energy = 7.4950357331332098 dE =  3.62268E-02
SCF Iteration 383: Energy = 7.4588089766182017 dE = -3.62268E-02
SCF Iteration 384: Energy = 7.4950357331332098 dE =  3.62268E-02
SCF Iteration 385: Energy = 7.4588089766182106 dE = -3.62268E-02
SCF Iteration 386: Energy = 7.4950357331332009 dE =  3.62268E-02
SCF Iteration 387: Energy = 7.4588089766181982 dE = -3.62268E-02
SCF Iteration 388: Energy = 7.4950357331332018 dE =  3.62268E-02
SCF Iteration 389: Energy = 7.4588089766181982 dE = -3.62268E-02
SCF Iteration 390: Energy = 7.4950357331331938 dE =  3.62268E-02
SCF Iteration 391: Energy = 7.4588089766181973 dE = -3.62268E-02
SCF Iteration 392: Energy = 7.4950357331332000 dE =  3.62268E-02
SCF Iteration 393: Energy = 7.4588089766182017 dE = -3.62268E-02
SCF Iteration 394: Energy = 7.4950357331331965 dE =  3.62268E-02
SCF Iteration 395: Energy = 7.4588089766181849 dE = -3.62268E-02
SCF Iteration 396: Energy = 7.4950357331331974 dE =  3.62268E-02
SCF Iteration 397: Energy = 7.4588089766181946 dE = -3.62268E-02
SCF Iteration 398: Energy = 7.4950357331331974 dE =  3.62268E-02
SCF Iteration 399: Energy = 7.4588089766182044 dE = -3.62268E-02
SCF Iteration 400: Energy = 7.4950357331331947 dE =  3.62268E-02
SCF Iteration 401: Energy = 7.4588089766181991 dE = -3.62268E-02
SCF Iteration 402: Energy = 7.4950357331332009 dE =  3.62268E-02
SCF Iteration 403: Energy = 7.4588089766181920 dE = -3.62268E-02
SCF Iteration 404: Energy = 7.4950357331332000 dE =  3.62268E-02
SCF Iteration 405: Energy = 7.4588089766182035 dE = -3.62268E-02
SCF Iteration 406: Energy = 7.4950357331331974 dE =  3.62268E-02
SCF Iteration 407: Energy = 7.4588089766181938 dE = -3.62268E-02
SCF Iteration 408: Energy = 7.4950357331331974 dE =  3.62268E-02
SCF Iteration 409: Energy = 7.4588089766181982 dE = -3.62268E-02
SCF Iteration 410: Energy = 7.4950357331331956 dE =  3.62268E-02
SCF Iteration 411: Energy = 7.4588089766181946 dE = -3.62268E-02
SCF Iteration 412: Energy = 7.4950357331332027 dE =  3.62268E-02
SCF Iteration 413: Energy = 7.4588089766181920 dE = -3.62268E-02
SCF Iteration 414: Energy = 7.4950357331331903 dE =  3.62268E-02
SCF Iteration 415: Energy = 7.4588089766181911 dE = -3.62268E-02
SCF Iteration 416: Energy = 7.4950357331331929 dE =  3.62268E-02
SCF Iteration 417: Energy = 7.4588089766182000 dE = -3.62268E-02
SCF Iteration 418: Energy = 7.4950357331331992 dE =  3.62268E-02
SCF Iteration 419: Energy = 7.4588089766181991 dE = -3.62268E-02
SCF Iteration 420: Energy = 7.4950357331332027 dE =  3.62268E-02
SCF Iteration 421: Energy = 7.4588089766181955 dE = -3.62268E-02
SCF Iteration 422: Energy = 7.4950357331331920 dE =  3.62268E-02
SCF Iteration 423: Energy = 7.4588089766182000 dE = -3.62268E-02
SCF Iteration 424: Energy = 7.4950357331332009 dE =  3.62268E-02
SCF Iteration 425: Energy = 7.4588089766182089 dE = -3.62268E-02
SCF Iteration 426: Energy = 7.4950357331332036 dE =  3.62268E-02
SCF Iteration 427: Energy = 7.4588089766182106 dE = -3.62268E-02
SCF Iteration 428: Energy = 7.4950357331332054 dE =  3.62268E-02
SCF Iteration 429: Energy = 7.4588089766182071 dE = -3.62268E-02
SCF Iteration 430: Energy = 7.4950357331332151 dE =  3.62268E-02
SCF Iteration 431: Energy = 7.4588089766182089 dE = -3.62268E-02
SCF Iteration 432: Energy = 7.4950357331332080 dE =  3.62268E-02
SCF Iteration 433: Energy = 7.4588089766182044 dE = -3.62268E-02
SCF Iteration 434: Energy = 7.4950357331332027 dE =  3.62268E-02
SCF Iteration 435: Energy = 7.4588089766182177 dE = -3.62268E-02
SCF Iteration 436: Energy = 7.4950357331331956 dE =  3.62268E-02
SCF Iteration 437: Energy = 7.4588089766181778 dE = -3.62268E-02
SCF Iteration 438: Energy = 7.4950357331331920 dE =  3.62268E-02
SCF Iteration 439: Energy = 7.4588089766182026 dE = -3.62268E-02
SCF Iteration 440: Energy = 7.4950357331332169 dE =  3.62268E-02
SCF Iteration 441: Energy = 7.4588089766182142 dE = -3.62268E-02
SCF Iteration 442: Energy = 7.4950357331332071 dE =  3.62268E-02
SCF Iteration 443: Energy = 7.4588089766182080 dE = -3.62268E-02
SCF Iteration 444: Energy = 7.4950357331332027 dE =  3.62268E-02
SCF Iteration 445: Energy = 7.4588089766182026 dE = -3.62268E-02
SCF Iteration 446: Energy = 7.4950357331332134 dE =  3.62268E-02
SCF Iteration 447: Energy = 7.4588089766182071 dE = -3.62268E-02
SCF Iteration 448: Energy = 7.4950357331332027 dE =  3.62268E-02
SCF Iteration 449: Energy = 7.4588089766181946 dE = -3.62268E-02
SCF Iteration 450: Energy = 7.4950357331331983 dE =  3.62268E-02
SCF Iteration 451: Energy = 7.4588089766182044 dE = -3.62268E-02
SCF Iteration 452: Energy = 7.4950357331331885 dE =  3.62268E-02
SCF Iteration 453: Energy = 7.4588089766182017 dE = -3.62268E-02
SCF Iteration 454: Energy = 7.4950357331331920 dE =  3.62268E-02
SCF Iteration 455: Energy = 7.4588089766182035 dE = -3.62268E-02
SCF Iteration 456: Energy = 7.4950357331331938 dE =  3.62268E-02
SCF Iteration 457: Energy = 7.4588089766181964 dE = -3.62268E-02
SCF Iteration 458: Energy = 7.4950357331331938 dE =  3.62268E-02
SCF Iteration 459: Energy = 7.4588089766182035 dE = -3.62268E-02
SCF Iteration 460: Energy = 7.4950357331332071 dE =  3.62268E-02
SCF Iteration 461: Energy = 7.4588089766182035 dE = -3.62268E-02
SCF Iteration 462: Energy = 7.4950357331331974 dE =  3.62268E-02
SCF Iteration 463: Energy = 7.4588089766182089 dE = -3.62268E-02
SCF Iteration 464: Energy = 7.4950357331331947 dE =  3.62268E-02
SCF Iteration 465: Energy = 7.4588089766182000 dE = -3.62268E-02
SCF Iteration 466: Energy = 7.4950357331331956 dE =  3.62268E-02
SCF Iteration 467: Energy = 7.4588089766182089 dE = -3.62268E-02
SCF Iteration 468: Energy = 7.4950357331332009 dE =  3.62268E-02
SCF Iteration 469: Energy = 7.4588089766181938 dE = -3.62268E-02
SCF Iteration 470: Energy = 7.4950357331331956 dE =  3.62268E-02
SCF Iteration 471: Energy = 7.4588089766181946 dE = -3.62268E-02
SCF Iteration 472: Energy = 7.4950357331331956 dE =  3.62268E-02
SCF Iteration 473: Energy = 7.4588089766181991 dE = -3.62268E-02
SCF Iteration 474: Energy = 7.4950357331331983 dE =  3.62268E-02
SCF Iteration 475: Energy = 7.4588089766182053 dE = -3.62268E-02
SCF Iteration 476: Energy = 7.4950357331331956 dE =  3.62268E-02
SCF Iteration 477: Energy = 7.4588089766182089 dE = -3.62268E-02
SCF Iteration 478: Energy = 7.4950357331332009 dE =  3.62268E-02
SCF Iteration 479: Energy = 7.4588089766181858 dE = -3.62268E-02
SCF Iteration 480: Energy = 7.4950357331331894 dE =  3.62268E-02
SCF Iteration 481: Energy = 7.4588089766182035 dE = -3.62268E-02
SCF Iteration 482: Energy = 7.4950357331332071 dE =  3.62268E-02
SCF Iteration 483: Energy = 7.4588089766181982 dE = -3.62268E-02
SCF Iteration 484: Energy = 7.4950357331331956 dE =  3.62268E-02
SCF Iteration 485: Energy = 7.4588089766181893 dE = -3.62268E-02
SCF Iteration 486: Energy = 7.4950357331332045 dE =  3.62268E-02
SCF Iteration 487: Energy = 7.4588089766181982 dE = -3.62268E-02
SCF Iteration 488: Energy = 7.4950357331331965 dE =  3.62268E-02
SCF Iteration 489: Energy = 7.4588089766181991 dE = -3.62268E-02
SCF Iteration 490: Energy = 7.4950357331332027 dE =  3.62268E-02
SCF Iteration 491: Energy = 7.4588089766181964 dE = -3.62268E-02
SCF Iteration 492: Energy = 7.4950357331331974 dE =  3.62268E-02
SCF Iteration 493: Energy = 7.4588089766182053 dE = -3.62268E-02
SCF Iteration 494: Energy = 7.4950357331332071 dE =  3.62268E-02
SCF Iteration 495: Energy = 7.4588089766182035 dE = -3.62268E-02
SCF Iteration 496: Energy = 7.4950357331332000 dE =  3.62268E-02
SCF Iteration 497: Energy = 7.4588089766181964 dE = -3.62268E-02
SCF Iteration 498: Energy = 7.4950357331332116 dE =  3.62268E-02
SCF Iteration 499: Energy = 7.4588089766182035 dE = -3.62268E-02
SCF Iteration 500: Energy = 7.4950357331331912 dE =  3.62268E-02
