
  Memory set to  55.879 GiB by Python driver.
  Threads set to 1 by Python driver.
Settings:
	LOT = CCSD-S1-U21
	wc = 20.0 eV
	lambda = [1.212424 0.       0.      ] a.u.
	Equivalent A0 = LAMBDA / sqrt(2 wc) = [1. 0. 0.])
doing QED-CCSD-1 (or QED-CCSD-21)
Number of occupied orbitals:   1
Number of basis functions:  60
SCF Iteration   1: Energy = 0.2718744939437632 dE =  2.71874E-01
SCF Iteration   2: Energy = -0.3318132519253746 dE = -6.03688E-01
SCF Iteration   3: Energy = -0.3362293887182782 dE = -4.41614E-03
SCF Iteration   4: Energy = -0.3362949004828618 dE = -6.55118E-05
SCF Iteration   5: Energy = -0.3362961735963000 dE = -1.27311E-06
SCF Iteration   6: Energy = -0.3362962034737783 dE = -2.98775E-08
SCF Iteration   7: Energy = -0.3362962042933703 dE = -8.19592E-10
SCF Iteration   8: Energy = -0.3362962043185261 dE = -2.51559E-11

SCF converged.
E_QED_HF          = -0.336296204318526
HF  (psi4)        = -1.131821768949304
Starting with the CCSD calculation:

Iter  Energy(CCSD)      E_diff    time(sec)
  1:  -0.3934957674  3.93496E-01   10.114
  2:  -0.3374002118  5.60956E-02   10.119
  3:  -0.3500418807  1.26417E-02   10.116
  4:  -0.3645864003  1.45445E-02   10.114
  5:  -0.3627044826  1.88192E-03   10.115
  6:  -0.3641550405  1.45056E-03   10.108
  7:  -0.3654022183  1.24718E-03   10.107
  8:  -0.3660553589  6.53141E-04   10.106
  9:  -0.3663036492  2.48290E-04   10.115
 10:  -0.3663295959  2.59467E-05   10.109
 11:  -0.3663481817  1.85857E-05   10.103
 12:  -0.3663658678  1.76861E-05   10.106
 13:  -0.3663741908  8.32302E-06   10.102
 14:  -0.3663725291  1.66170E-06   10.103
 15:  -0.3663712897  1.23938E-06   10.108
 16:  -0.3663713995  1.09736E-07   10.104
 17:  -0.3663716288  2.29357E-07   10.102
 18:  -0.3663718044  1.75607E-07   10.103
 19:  -0.3663717754  2.90309E-08   10.101
 20:  -0.3663717517  2.36669E-08   10.106
 21:  -0.3663717570  5.25101E-09   10.107
E_QED_CCSD  (Corr.)  = -0.366371756975855
E_QED_CCSD tot       = -0.702667961294382
E_CCSD_psi4 (Corr.)  = -0.039790887188427
E_CCSD_psi4 tot      = -1.171612656137732
