
  Memory set to  55.879 GiB by Python driver.
  Threads set to 1 by Python driver.
Settings:
	LOT = CCSD-S1-U21
	wc = 20.0 eV
	lambda = [1.212424 0.       0.      ] a.u.
	Equivalent A0 = LAMBDA / sqrt(2 wc) = [1. 0. 0.])
doing QED-CCSD-1 (or QED-CCSD-21)
Number of occupied orbitals:   1
Number of basis functions:  60
SCF Iteration   1: Energy = 2.5542122687545379 dE =  2.55421E+00
SCF Iteration   2: Energy = 3.5253477379481253 dE =  9.71135E-01
SCF Iteration   3: Energy = 2.6689822014566382 dE = -8.56366E-01
SCF Iteration   4: Energy = 3.4029377379076431 dE =  7.33956E-01
SCF Iteration   5: Energy = 2.6701171580779612 dE = -7.32821E-01
SCF Iteration   6: Energy = 3.3584544556756333 dE =  6.88337E-01
SCF Iteration   7: Energy = 2.6496390442807245 dE = -7.08815E-01
SCF Iteration   8: Energy = 3.3318840184746237 dE =  6.82245E-01
SCF Iteration   9: Energy = 2.6283569699641589 dE = -7.03527E-01
SCF Iteration  10: Energy = 3.3138811720203809 dE =  6.85524E-01
SCF Iteration  11: Energy = 2.6110101025233461 dE = -7.02871E-01
SCF Iteration  12: Energy = 3.3013974593795994 dE =  6.90387E-01
SCF Iteration  13: Energy = 2.5979672333047557 dE = -7.03430E-01
SCF Iteration  14: Energy = 3.2927352715184912 dE =  6.94768E-01
SCF Iteration  15: Energy = 2.5885179798013929 dE = -7.04217E-01
SCF Iteration  16: Energy = 3.2867479461492173 dE =  6.98230E-01
SCF Iteration  17: Energy = 2.5818134704599895 dE = -7.04934E-01
SCF Iteration  18: Energy = 3.2826266410084251 dE =  7.00813E-01
SCF Iteration  19: Energy = 2.5771187900694961 dE = -7.05508E-01
SCF Iteration  20: Energy = 3.2797996616743794 dE =  7.02681E-01
SCF Iteration  21: Energy = 2.5738606131570809 dE = -7.05939E-01
SCF Iteration  22: Energy = 3.2778657739868695 dE =  7.04005E-01
SCF Iteration  23: Energy = 2.5716134259721222 dE = -7.06252E-01
SCF Iteration  24: Energy = 3.2765455465022715 dE =  7.04932E-01
SCF Iteration  25: Energy = 2.5700703731759247 dE = -7.06475E-01
SCF Iteration  26: Energy = 3.2756456298041359 dE =  7.05575E-01
SCF Iteration  27: Energy = 2.5690141849955577 dE = -7.06631E-01
SCF Iteration  28: Energy = 3.2750329061745034 dE =  7.06019E-01
SCF Iteration  29: Energy = 2.5682929040869431 dE = -7.06740E-01
SCF Iteration  30: Energy = 3.2746160703996883 dE =  7.06323E-01
SCF Iteration  31: Energy = 2.5678011536583236 dE = -7.06815E-01
SCF Iteration  32: Energy = 3.2743326707771074 dE =  7.06532E-01
SCF Iteration  33: Energy = 2.5674662961594135 dE = -7.06866E-01
SCF Iteration  34: Energy = 3.2741400787660999 dE =  7.06674E-01
SCF Iteration  35: Energy = 2.5672384753621773 dE = -7.06902E-01
SCF Iteration  36: Energy = 3.2740092407066901 dE =  7.06771E-01
SCF Iteration  37: Energy = 2.5670835763854800 dE = -7.06926E-01
SCF Iteration  38: Energy = 3.2739203768768843 dE =  7.06837E-01
SCF Iteration  39: Energy = 2.5669783072645944 dE = -7.06942E-01
SCF Iteration  40: Energy = 3.2738600321745301 dE =  7.06882E-01
SCF Iteration  41: Energy = 2.5669067908732486 dE = -7.06953E-01
SCF Iteration  42: Energy = 3.2738190592418897 dE =  7.06912E-01
SCF Iteration  43: Energy = 2.5668582170473040 dE = -7.06961E-01
SCF Iteration  44: Energy = 3.2737912420167228 dE =  7.06933E-01
SCF Iteration  45: Energy = 2.5668252317582119 dE = -7.06966E-01
SCF Iteration  46: Energy = 3.2737723577355244 dE =  7.06947E-01
SCF Iteration  47: Energy = 2.5668028352254173 dE = -7.06970E-01
SCF Iteration  48: Energy = 3.2737595384125893 dE =  7.06957E-01
SCF Iteration  49: Energy = 2.5667876297744217 dE = -7.06972E-01
SCF Iteration  50: Energy = 3.2737508365222223 dE =  7.06963E-01
SCF Iteration  51: Energy = 2.5667773072205642 dE = -7.06974E-01
SCF Iteration  52: Energy = 3.2737449297483909 dE =  7.06968E-01
SCF Iteration  53: Energy = 2.5667702998899529 dE = -7.06975E-01
SCF Iteration  54: Energy = 3.2737409203569467 dE =  7.06971E-01
SCF Iteration  55: Energy = 2.5667655432345078 dE = -7.06975E-01
SCF Iteration  56: Energy = 3.2737381989075138 dE =  7.06973E-01
SCF Iteration  57: Energy = 2.5667623144517999 dE = -7.06976E-01
SCF Iteration  58: Energy = 3.2737363516924201 dE =  7.06974E-01
SCF Iteration  59: Energy = 2.5667601228219610 dE = -7.06976E-01
SCF Iteration  60: Energy = 3.2737350978836721 dE =  7.06975E-01
SCF Iteration  61: Energy = 2.5667586352115586 dE = -7.06976E-01
SCF Iteration  62: Energy = 3.2737342468580071 dE =  7.06976E-01
SCF Iteration  63: Energy = 2.5667576254785902 dE = -7.06977E-01
SCF Iteration  64: Energy = 3.2737336692247063 dE =  7.06976E-01
SCF Iteration  65: Energy = 2.5667569401158969 dE = -7.06977E-01
SCF Iteration  66: Energy = 3.2737332771575698 dE =  7.06976E-01
SCF Iteration  67: Energy = 2.5667564749242846 dE = -7.06977E-01
SCF Iteration  68: Energy = 3.2737330110435656 dE =  7.06977E-01
SCF Iteration  69: Energy = 2.5667561591756543 dE = -7.06977E-01
SCF Iteration  70: Energy = 3.2737328304200575 dE =  7.06977E-01
SCF Iteration  71: Energy = 2.5667559448620492 dE = -7.06977E-01
SCF Iteration  72: Energy = 3.2737327078229126 dE =  7.06977E-01
SCF Iteration  73: Energy = 2.5667557993975296 dE = -7.06977E-01
SCF Iteration  74: Energy = 3.2737326246108975 dE =  7.06977E-01
SCF Iteration  75: Energy = 2.5667557006642285 dE = -7.06977E-01
SCF Iteration  76: Energy = 3.2737325681313156 dE =  7.06977E-01
SCF Iteration  77: Energy = 2.5667556336495845 dE = -7.06977E-01
SCF Iteration  78: Energy = 3.2737325297962201 dE =  7.06977E-01
SCF Iteration  79: Energy = 2.5667555881638271 dE = -7.06977E-01
SCF Iteration  80: Energy = 3.2737325037765626 dE =  7.06977E-01
SCF Iteration  81: Energy = 2.5667555572906990 dE = -7.06977E-01
SCF Iteration  82: Energy = 3.2737324861159220 dE =  7.06977E-01
SCF Iteration  83: Energy = 2.5667555363357839 dE = -7.06977E-01
SCF Iteration  84: Energy = 3.2737324741288920 dE =  7.06977E-01
SCF Iteration  85: Energy = 2.5667555221127905 dE = -7.06977E-01
SCF Iteration  86: Energy = 3.2737324659927851 dE =  7.06977E-01
SCF Iteration  87: Energy = 2.5667555124590433 dE = -7.06977E-01
SCF Iteration  88: Energy = 3.2737324604704789 dE =  7.06977E-01
SCF Iteration  89: Energy = 2.5667555059066340 dE = -7.06977E-01
SCF Iteration  90: Energy = 3.2737324567222541 dE =  7.06977E-01
SCF Iteration  91: Energy = 2.5667555014592387 dE = -7.06977E-01
SCF Iteration  92: Energy = 3.2737324541781745 dE =  7.06977E-01
SCF Iteration  93: Energy = 2.5667554984406098 dE = -7.06977E-01
SCF Iteration  94: Energy = 3.2737324524514015 dE =  7.06977E-01
SCF Iteration  95: Energy = 2.5667554963917358 dE = -7.06977E-01
SCF Iteration  96: Energy = 3.2737324512793706 dE =  7.06977E-01
SCF Iteration  97: Energy = 2.5667554950010767 dE = -7.06977E-01
SCF Iteration  98: Energy = 3.2737324504838643 dE =  7.06977E-01
SCF Iteration  99: Energy = 2.5667554940571855 dE = -7.06977E-01
SCF Iteration 100: Energy = 3.2737324499439167 dE =  7.06977E-01
SCF Iteration 101: Energy = 2.5667554934165100 dE = -7.06977E-01
SCF Iteration 102: Energy = 3.2737324495774254 dE =  7.06977E-01
SCF Iteration 103: Energy = 2.5667554929816703 dE = -7.06977E-01
SCF Iteration 104: Energy = 3.2737324493286808 dE =  7.06977E-01
SCF Iteration 105: Energy = 2.5667554926865193 dE = -7.06977E-01
SCF Iteration 106: Energy = 3.2737324491598527 dE =  7.06977E-01
SCF Iteration 107: Energy = 2.5667554924862022 dE = -7.06977E-01
SCF Iteration 108: Energy = 3.2737324490452662 dE =  7.06977E-01
SCF Iteration 109: Energy = 2.5667554923502363 dE = -7.06977E-01
SCF Iteration 110: Energy = 3.2737324489674808 dE =  7.06977E-01
SCF Iteration 111: Energy = 2.5667554922579421 dE = -7.06977E-01
SCF Iteration 112: Energy = 3.2737324489146862 dE =  7.06977E-01
SCF Iteration 113: Energy = 2.5667554921953015 dE = -7.06977E-01
SCF Iteration 114: Energy = 3.2737324488788526 dE =  7.06977E-01
SCF Iteration 115: Energy = 2.5667554921527835 dE = -7.06977E-01
SCF Iteration 116: Energy = 3.2737324488545307 dE =  7.06977E-01
SCF Iteration 117: Energy = 2.5667554921239177 dE = -7.06977E-01
SCF Iteration 118: Energy = 3.2737324488380151 dE =  7.06977E-01
SCF Iteration 119: Energy = 2.5667554921043259 dE = -7.06977E-01
SCF Iteration 120: Energy = 3.2737324488268151 dE =  7.06977E-01
SCF Iteration 121: Energy = 2.5667554920910400 dE = -7.06977E-01
SCF Iteration 122: Energy = 3.2737324488192141 dE =  7.06977E-01
SCF Iteration 123: Energy = 2.5667554920820193 dE = -7.06977E-01
SCF Iteration 124: Energy = 3.2737324488140525 dE =  7.06977E-01
SCF Iteration 125: Energy = 2.5667554920758899 dE = -7.06977E-01
SCF Iteration 126: Energy = 3.2737324488105410 dE =  7.06977E-01
SCF Iteration 127: Energy = 2.5667554920717337 dE = -7.06977E-01
SCF Iteration 128: Energy = 3.2737324488081696 dE =  7.06977E-01
SCF Iteration 129: Energy = 2.5667554920689106 dE = -7.06977E-01
SCF Iteration 130: Energy = 3.2737324488065522 dE =  7.06977E-01
SCF Iteration 131: Energy = 2.5667554920670033 dE = -7.06977E-01
SCF Iteration 132: Energy = 3.2737324488054629 dE =  7.06977E-01
SCF Iteration 133: Energy = 2.5667554920657047 dE = -7.06977E-01
SCF Iteration 134: Energy = 3.2737324488047093 dE =  7.06977E-01
SCF Iteration 135: Energy = 2.5667554920648068 dE = -7.06977E-01
SCF Iteration 136: Energy = 3.2737324488042154 dE =  7.06977E-01
SCF Iteration 137: Energy = 2.5667554920642197 dE = -7.06977E-01
SCF Iteration 138: Energy = 3.2737324488038642 dE =  7.06977E-01
SCF Iteration 139: Energy = 2.5667554920638138 dE = -7.06977E-01
SCF Iteration 140: Energy = 3.2737324488036359 dE =  7.06977E-01
SCF Iteration 141: Energy = 2.5667554920635394 dE = -7.06977E-01
SCF Iteration 142: Energy = 3.2737324488034791 dE =  7.06977E-01
SCF Iteration 143: Energy = 2.5667554920633577 dE = -7.06977E-01
SCF Iteration 144: Energy = 3.2737324488033686 dE =  7.06977E-01
SCF Iteration 145: Energy = 2.5667554920632241 dE = -7.06977E-01
SCF Iteration 146: Energy = 3.2737324488032882 dE =  7.06977E-01
SCF Iteration 147: Energy = 2.5667554920631268 dE = -7.06977E-01
SCF Iteration 148: Energy = 3.2737324488032455 dE =  7.06977E-01
SCF Iteration 149: Energy = 2.5667554920630775 dE = -7.06977E-01
SCF Iteration 150: Energy = 3.2737324488032180 dE =  7.06977E-01
SCF Iteration 151: Energy = 2.5667554920630420 dE = -7.06977E-01
SCF Iteration 152: Energy = 3.2737324488031923 dE =  7.06977E-01
SCF Iteration 153: Energy = 2.5667554920630065 dE = -7.06977E-01
SCF Iteration 154: Energy = 3.2737324488031820 dE =  7.06977E-01
SCF Iteration 155: Energy = 2.5667554920629940 dE = -7.06977E-01
SCF Iteration 156: Energy = 3.2737324488031585 dE =  7.06977E-01
SCF Iteration 157: Energy = 2.5667554920629749 dE = -7.06977E-01
SCF Iteration 158: Energy = 3.2737324488031549 dE =  7.06977E-01
SCF Iteration 159: Energy = 2.5667554920629727 dE = -7.06977E-01
SCF Iteration 160: Energy = 3.2737324488031470 dE =  7.06977E-01
SCF Iteration 161: Energy = 2.5667554920629634 dE = -7.06977E-01
SCF Iteration 162: Energy = 3.2737324488031398 dE =  7.06977E-01
SCF Iteration 163: Energy = 2.5667554920629541 dE = -7.06977E-01
SCF Iteration 164: Energy = 3.2737324488031296 dE =  7.06977E-01
SCF Iteration 165: Energy = 2.5667554920629438 dE = -7.06977E-01
SCF Iteration 166: Energy = 3.2737324488031208 dE =  7.06977E-01
SCF Iteration 167: Energy = 2.5667554920629363 dE = -7.06977E-01
SCF Iteration 168: Energy = 3.2737324488031021 dE =  7.06977E-01
SCF Iteration 169: Energy = 2.5667554920629176 dE = -7.06977E-01
SCF Iteration 170: Energy = 3.2737324488030732 dE =  7.06977E-01
SCF Iteration 171: Energy = 2.5667554920628919 dE = -7.06977E-01
SCF Iteration 172: Energy = 3.2737324488030324 dE =  7.06977E-01
SCF Iteration 173: Energy = 2.5667554920628635 dE = -7.06977E-01
SCF Iteration 174: Energy = 3.2737324488029804 dE =  7.06977E-01
SCF Iteration 175: Energy = 2.5667554920628044 dE = -7.06977E-01
SCF Iteration 176: Energy = 3.2737324488028738 dE =  7.06977E-01
SCF Iteration 177: Energy = 2.5667554920627280 dE = -7.06977E-01
SCF Iteration 178: Energy = 3.2737324488027477 dE =  7.06977E-01
SCF Iteration 179: Energy = 2.5667554920626086 dE = -7.06977E-01
SCF Iteration 180: Energy = 3.2737324488025323 dE =  7.06977E-01
SCF Iteration 181: Energy = 2.5667554920624238 dE = -7.06977E-01
SCF Iteration 182: Energy = 3.2737324488022010 dE =  7.06977E-01
SCF Iteration 183: Energy = 2.5667554920621467 dE = -7.06977E-01
SCF Iteration 184: Energy = 3.2737324488016863 dE =  7.06977E-01
SCF Iteration 185: Energy = 2.5667554920617048 dE = -7.06977E-01
SCF Iteration 186: Energy = 3.2737324488009123 dE =  7.06977E-01
SCF Iteration 187: Energy = 2.5667554920610383 dE = -7.06977E-01
SCF Iteration 188: Energy = 3.2737324487997177 dE =  7.06977E-01
SCF Iteration 189: Energy = 2.5667554920600217 dE = -7.06977E-01
SCF Iteration 190: Energy = 3.2737324487978738 dE =  7.06977E-01
SCF Iteration 191: Energy = 2.5667554920584434 dE = -7.06977E-01
SCF Iteration 192: Energy = 3.2737324487950423 dE =  7.06977E-01
SCF Iteration 193: Energy = 2.5667554920560236 dE = -7.06977E-01
SCF Iteration 194: Energy = 3.2737324487906854 dE =  7.06977E-01
SCF Iteration 195: Energy = 2.5667554920522848 dE = -7.06977E-01
SCF Iteration 196: Energy = 3.2737324487840032 dE =  7.06977E-01
SCF Iteration 197: Energy = 2.5667554920465743 dE = -7.06977E-01
SCF Iteration 198: Energy = 3.2737324487737367 dE =  7.06977E-01
SCF Iteration 199: Energy = 2.5667554920377746 dE = -7.06977E-01
SCF Iteration 200: Energy = 3.2737324487579484 dE =  7.06977E-01
SCF Iteration 201: Energy = 2.5667554920242659 dE = -7.06977E-01
SCF Iteration 202: Energy = 3.2737324487336954 dE =  7.06977E-01
SCF Iteration 203: Energy = 2.5667554920035172 dE = -7.06977E-01
SCF Iteration 204: Energy = 3.2737324486964163 dE =  7.06977E-01
SCF Iteration 205: Energy = 2.5667554919716036 dE = -7.06977E-01
SCF Iteration 206: Energy = 3.2737324486391342 dE =  7.06977E-01
SCF Iteration 207: Energy = 2.5667554919225823 dE = -7.06977E-01
SCF Iteration 208: Energy = 3.2737324485511072 dE =  7.06977E-01
SCF Iteration 209: Energy = 2.5667554918472359 dE = -7.06977E-01
SCF Iteration 210: Energy = 3.2737324484158230 dE =  7.06977E-01
SCF Iteration 211: Energy = 2.5667554917314495 dE = -7.06977E-01
SCF Iteration 212: Energy = 3.2737324482079377 dE =  7.06977E-01
SCF Iteration 213: Energy = 2.5667554915535158 dE = -7.06977E-01
SCF Iteration 214: Energy = 3.2737324478884626 dE =  7.06977E-01
SCF Iteration 215: Energy = 2.5667554912800896 dE = -7.06977E-01
SCF Iteration 216: Energy = 3.2737324473975016 dE =  7.06977E-01
SCF Iteration 217: Energy = 2.5667554908598795 dE = -7.06977E-01
SCF Iteration 218: Energy = 3.2737324466430411 dE =  7.06977E-01
SCF Iteration 219: Energy = 2.5667554902141472 dE = -7.06977E-01
SCF Iteration 220: Energy = 3.2737324454836036 dE =  7.06977E-01
SCF Iteration 221: Energy = 2.5667554892217868 dE = -7.06977E-01
SCF Iteration 222: Energy = 3.2737324437018369 dE =  7.06977E-01
SCF Iteration 223: Energy = 2.5667554876967769 dE = -7.06977E-01
SCF Iteration 224: Energy = 3.2737324409637414 dE =  7.06977E-01
SCF Iteration 225: Energy = 2.5667554853532577 dE = -7.06977E-01
SCF Iteration 226: Energy = 3.2737324367559664 dE =  7.06977E-01
SCF Iteration 227: Energy = 2.5667554817518519 dE = -7.06977E-01
SCF Iteration 228: Energy = 3.2737324302896775 dE =  7.06977E-01
SCF Iteration 229: Energy = 2.5667554762174092 dE = -7.06977E-01
SCF Iteration 230: Energy = 3.2737324203526526 dE =  7.06977E-01
SCF Iteration 231: Energy = 2.5667554677123721 dE = -7.06977E-01
SCF Iteration 232: Energy = 3.2737324050819665 dE =  7.06977E-01
SCF Iteration 233: Energy = 2.5667554546422893 dE = -7.06977E-01
SCF Iteration 234: Energy = 3.2737323816147872 dE =  7.06977E-01
SCF Iteration 235: Energy = 2.5667554345568782 dE = -7.06977E-01
SCF Iteration 236: Energy = 3.2737323455516942 dE =  7.06977E-01
SCF Iteration 237: Energy = 2.5667554036907183 dE = -7.06977E-01
SCF Iteration 238: Energy = 3.2737322901318806 dE =  7.06977E-01
SCF Iteration 239: Energy = 2.5667553562572558 dE = -7.06977E-01
SCF Iteration 240: Energy = 3.2737322049656923 dE =  7.06977E-01
SCF Iteration 241: Energy = 2.5667552833640728 dE = -7.06977E-01
SCF Iteration 242: Energy = 3.2737320740868943 dE =  7.06977E-01
SCF Iteration 243: Energy = 2.5667551713457750 dE = -7.06977E-01
SCF Iteration 244: Energy = 3.2737318729594151 dE =  7.06977E-01
SCF Iteration 245: Energy = 2.5667549992020784 dE = -7.06977E-01
SCF Iteration 246: Energy = 3.2737315638775710 dE =  7.06977E-01
SCF Iteration 247: Energy = 2.5667547346609654 dE = -7.06977E-01
SCF Iteration 248: Energy = 3.2737310888973399 dE =  7.06976E-01
SCF Iteration 249: Energy = 2.5667543281285137 dE = -7.06977E-01
SCF Iteration 250: Energy = 3.2737303589735345 dE =  7.06976E-01
SCF Iteration 251: Energy = 2.5667537033915582 dE = -7.06977E-01
SCF Iteration 252: Energy = 3.2737292372664575 dE =  7.06976E-01
SCF Iteration 253: Energy = 2.5667527433299506 dE = -7.06976E-01
SCF Iteration 254: Energy = 3.2737275134887014 dE =  7.06975E-01
SCF Iteration 255: Energy = 2.5667512679601892 dE = -7.06976E-01
SCF Iteration 256: Energy = 3.2737248644828831 dE =  7.06974E-01
SCF Iteration 257: Energy = 2.5667490006942542 dE = -7.06976E-01
SCF Iteration 258: Energy = 3.2737207936404831 dE =  7.06972E-01
SCF Iteration 259: Energy = 2.5667455164888215 dE = -7.06975E-01
SCF Iteration 260: Energy = 3.2737145378058261 dE =  7.06969E-01
SCF Iteration 261: Energy = 2.5667401621654857 dE = -7.06974E-01
SCF Iteration 262: Energy = 3.2737049242155631 dE =  7.06965E-01
SCF Iteration 263: Energy = 2.5667319339674233 dE = -7.06973E-01
SCF Iteration 264: Energy = 3.2736901506611096 dE =  7.06958E-01
SCF Iteration 265: Energy = 2.5667192894047632 dE = -7.06971E-01
SCF Iteration 266: Energy = 3.2736674476787728 dE =  7.06948E-01
SCF Iteration 267: Energy = 2.5666998581320573 dE = -7.06968E-01
SCF Iteration 268: Energy = 3.2736325594789641 dE =  7.06933E-01
SCF Iteration 269: Energy = 2.5666699976951257 dE = -7.06963E-01
SCF Iteration 270: Energy = 3.2735789464023566 dE =  7.06909E-01
SCF Iteration 271: Energy = 2.5666241109563583 dE = -7.06955E-01
SCF Iteration 272: Energy = 3.2734965596182279 dE =  7.06872E-01
SCF Iteration 273: Energy = 2.5665535974565832 dE = -7.06943E-01
SCF Iteration 274: Energy = 3.2733699589048615 dE =  7.06816E-01
SCF Iteration 275: Energy = 2.5664452426470135 dE = -7.06925E-01
SCF Iteration 276: Energy = 3.2731754219448455 dE =  7.06730E-01
SCF Iteration 277: Energy = 2.5662787442530930 dE = -7.06897E-01
SCF Iteration 278: Energy = 3.2728765062699234 dE =  7.06598E-01
SCF Iteration 279: Energy = 2.5660229149501532 dE = -7.06854E-01
SCF Iteration 280: Energy = 3.2724172390662725 dE =  7.06394E-01
SCF Iteration 281: Energy = 2.5656298563423903 dE = -7.06787E-01
SCF Iteration 282: Energy = 3.2717116751573099 dE =  7.06082E-01
SCF Iteration 283: Energy = 2.5650260282666797 dE = -7.06686E-01
SCF Iteration 284: Energy = 3.2706279057519145 dE =  7.05602E-01
SCF Iteration 285: Energy = 2.5640985774451628 dE = -7.06529E-01
SCF Iteration 286: Energy = 3.2689636146953420 dE =  7.04865E-01
SCF Iteration 287: Energy = 2.5626744526539929 dE = -7.06289E-01
SCF Iteration 288: Energy = 3.2664088224196424 dE =  7.03734E-01
SCF Iteration 289: Energy = 2.5604886031552896 dE = -7.05920E-01
SCF Iteration 290: Energy = 3.2624893561798753 dE =  7.02001E-01
SCF Iteration 291: Energy = 2.5571357962152477 dE = -7.05354E-01
SCF Iteration 292: Energy = 3.2564816735734929 dE =  6.99346E-01
SCF Iteration 293: Energy = 2.5519981851282134 dE = -7.04483E-01
SCF Iteration 294: Energy = 3.2472859257752256 dE =  6.95288E-01
SCF Iteration 295: Energy = 2.5441377583370151 dE = -7.03148E-01
SCF Iteration 296: Energy = 3.2332400699152908 dE =  6.89102E-01
SCF Iteration 297: Energy = 2.5321397627574393 dE = -7.01100E-01
SCF Iteration 298: Energy = 3.2118553041827873 dE =  6.79716E-01
SCF Iteration 299: Energy = 2.5138920145784240 dE = -6.97963E-01
SCF Iteration 300: Energy = 3.1794572547405551 dE =  6.65565E-01
SCF Iteration 301: Energy = 2.4862906431134544 dE = -6.93167E-01
SCF Iteration 302: Energy = 3.1307401869840632 dE =  6.44450E-01
SCF Iteration 303: Energy = 2.4448863895591222 dE = -6.85854E-01
SCF Iteration 304: Energy = 3.0583071329999196 dE =  6.13421E-01
SCF Iteration 305: Energy = 2.3835484733352525 dE = -6.74759E-01
SCF Iteration 306: Energy = 2.9524160742750860 dE =  5.68868E-01
SCF Iteration 307: Energy = 2.2943568362044604 dE = -6.58059E-01
SCF Iteration 308: Energy = 2.8014167963004581 dE =  5.07060E-01
SCF Iteration 309: Energy = 2.1681575748321085 dE = -6.33259E-01
SCF Iteration 310: Energy = 2.5936926127077955 dE =  4.25535E-01
SCF Iteration 311: Energy = 1.9964522288302136 dE = -5.97240E-01
SCF Iteration 312: Energy = 2.3219750292058046 dE =  3.25523E-01
SCF Iteration 313: Energy = 1.7751922186802127 dE = -5.46783E-01
SCF Iteration 314: Energy = 1.9898738763609884 dE =  2.14682E-01
SCF Iteration 315: Energy = 1.5099418756728080 dE = -4.79932E-01
SCF Iteration 316: Energy = 1.6176872124287294 dE =  1.07745E-01
SCF Iteration 317: Energy = 1.2195041023374875 dE = -3.98183E-01
SCF Iteration 318: Energy = 1.2416570816950721 dE =  2.21530E-02
SCF Iteration 319: Energy = 0.9334619828636437 dE = -3.08195E-01
SCF Iteration 320: Energy = 0.9028907370184003 dE = -3.05712E-02
SCF Iteration 321: Energy = 0.6821626031458585 dE = -2.20728E-01
SCF Iteration 322: Energy = 0.6311929656790678 dE = -5.09696E-02
SCF Iteration 323: Energy = 0.4849592940067833 dE = -1.46234E-01
SCF Iteration 324: Energy = 0.4355758865025492 dE = -4.93834E-02
SCF Iteration 325: Energy = 0.3452714334268228 dE = -9.03045E-02
SCF Iteration 326: Energy = 0.3071203054612104 dE = -3.81511E-02
SCF Iteration 327: Energy = 0.2544702140946487 dE = -5.26501E-02
SCF Iteration 328: Energy = 0.2286969724838359 dE = -2.57732E-02
SCF Iteration 329: Energy = 0.1993011232675657 dE = -2.93958E-02
SCF Iteration 330: Energy = 0.1833516640108241 dE = -1.59495E-02
SCF Iteration 331: Energy = 0.1674329317563452 dE = -1.59187E-02
SCF Iteration 332: Energy = 0.1581299568460022 dE = -9.30297E-03
SCF Iteration 333: Energy = 0.1496847836097213 dE = -8.44517E-03
SCF Iteration 334: Energy = 0.1444735081631645 dE = -5.21128E-03
SCF Iteration 335: Energy = 0.1400527762967498 dE = -4.42073E-03
SCF Iteration 336: Energy = 0.1372135472786535 dE = -2.83923E-03
SCF Iteration 337: Energy = 0.1349191958518747 dE = -2.29435E-03
SCF Iteration 338: Energy = 0.1334017177514086 dE = -1.51748E-03
SCF Iteration 339: Energy = 0.1322174075375604 dE = -1.18431E-03
SCF Iteration 340: Energy = 0.1314170902458045 dE = -8.00317E-04
SCF Iteration 341: Energy = 0.1308078689367620 dE = -6.09221E-04
SCF Iteration 342: Energy = 0.1303896779221461 dE = -4.18191E-04
SCF Iteration 343: Energy = 0.1300769739194405 dE = -3.12704E-04
SCF Iteration 344: Energy = 0.1298598673503673 dE = -2.17107E-04
SCF Iteration 345: Energy = 0.1296995857588263 dE = -1.60282E-04
SCF Iteration 346: Energy = 0.1295873840540667 dE = -1.12202E-04
SCF Iteration 347: Energy = 0.1295053030085573 dE = -8.20810E-05
SCF Iteration 348: Energy = 0.1294475011673768 dE = -5.78018E-05
SCF Iteration 349: Energy = 0.1294054914613025 dE = -4.20097E-05
SCF Iteration 350: Energy = 0.1293757809091112 dE = -2.97106E-05
SCF Iteration 351: Energy = 0.1293542881087473 dE = -2.14928E-05
SCF Iteration 352: Energy = 0.1293390407340671 dE = -1.52474E-05
SCF Iteration 353: Energy = 0.1293280473677743 dE = -1.09934E-05
SCF Iteration 354: Energy = 0.1293202311337152 dE = -7.81623E-06
SCF Iteration 355: Energy = 0.1293146090099602 dE = -5.62212E-06
SCF Iteration 356: Energy = 0.1293106053145565 dE = -4.00370E-06
SCF Iteration 357: Energy = 0.1293077303875516 dE = -2.87493E-06
SCF Iteration 358: Energy = 0.1293056807067967 dE = -2.04968E-06
SCF Iteration 359: Energy = 0.1293042106767053 dE = -1.47003E-06
SCF Iteration 360: Energy = 0.1293031617522291 dE = -1.04892E-06
SCF Iteration 361: Energy = 0.1293024101131937 dE = -7.51639E-07
SCF Iteration 362: Energy = 0.1293018734705114 dE = -5.36643E-07
SCF Iteration 363: Energy = 0.1293014891591908 dE = -3.84311E-07
SCF Iteration 364: Energy = 0.1293012146577461 dE = -2.74501E-07
SCF Iteration 365: Energy = 0.1293010181623218 dE = -1.96495E-07
SCF Iteration 366: Energy = 0.1293008777686526 dE = -1.40394E-07
SCF Iteration 367: Energy = 0.1293007773024342 dE = -1.00466E-07
SCF Iteration 368: Energy = 0.1293007055045607 dE = -7.17979E-08
SCF Iteration 369: Energy = 0.1293006541371047 dE = -5.13675E-08
SCF Iteration 370: Energy = 0.1293006174216207 dE = -3.67155E-08
SCF Iteration 371: Energy = 0.1293005911578082 dE = -2.62638E-08
SCF Iteration 372: Energy = 0.1293005723832725 dE = -1.87745E-08
SCF Iteration 373: Energy = 0.1293005589547032 dE = -1.34286E-08
SCF Iteration 374: Energy = 0.1293005493545549 dE = -9.60015E-09
SCF Iteration 375: Energy = 0.1293005424885458 dE = -6.86601E-09
SCF Iteration 376: Energy = 0.1293005375796983 dE = -4.90885E-09
SCF Iteration 377: Energy = 0.1293005340690834 dE = -3.51061E-09
SCF Iteration 378: Energy = 0.1293005315590636 dE = -2.51002E-09
SCF Iteration 379: Energy = 0.1293005297640710 dE = -1.79499E-09
SCF Iteration 380: Energy = 0.1293005284806354 dE = -1.28344E-09
SCF Iteration 381: Energy = 0.1293005275628389 dE = -9.17797E-10
SCF Iteration 382: Energy = 0.1293005269065879 dE = -6.56251E-10
SCF Iteration 383: Energy = 0.1293005264373055 dE = -4.69282E-10
SCF Iteration 384: Energy = 0.1293005261017526 dE = -3.35553E-10
SCF Iteration 385: Energy = 0.1293005258618032 dE = -2.39949E-10
SCF Iteration 386: Energy = 0.1293005256902151 dE = -1.71588E-10
SCF Iteration 387: Energy = 0.1293005255675266 dE = -1.22689E-10
SCF Iteration 388: Energy = 0.1293005254797941 dE = -8.77325E-11

SCF converged.
E_QED_HF          = 0.129300525479794
HF  (psi4)        = -1.008250158157383
Starting with the CCSD calculation:

Iter  Energy(CCSD)      E_diff    time(sec)
  1:  -0.1879789146  1.87979E-01   10.118
  2:  -0.2658728265  7.78939E-02   10.115
  3:  -0.2795868317  1.37140E-02   10.115
  4:  -0.2926503384  1.30635E-02   10.112
  5:  -0.3032496301  1.05993E-02   10.114
  6:  -0.3099339731  6.68434E-03   10.114
  7:  -0.3207616722  1.08277E-02   10.112
  8:  -0.3292241241  8.46245E-03   10.115
  9:  -0.3367804666  7.55634E-03   10.109
 10:  -0.3476698844  1.08894E-02   10.108
 11:  -0.3554813898  7.81151E-03   10.114
 12:  -0.3614277460  5.94636E-03   10.109
 13:  -0.3656335972  4.20585E-03   10.111
 14:  -0.3696586135  4.02502E-03   10.116
 15:  -0.3732728100  3.61420E-03   10.117
 16:  -0.3752859935  2.01318E-03   10.112
 17:  -0.3765464218  1.26043E-03   10.109
 18:  -0.3774478430  9.01421E-04   10.111
 19:  -0.3781800485  7.32205E-04   10.114
 20:  -0.3785941641  4.14116E-04   10.111
 21:  -0.3788893122  2.95148E-04   10.118
 22:  -0.3789823396  9.30274E-05   10.117
 23:  -0.3790841680  1.01828E-04   10.114
 24:  -0.3791362078  5.20398E-05   10.115
 25:  -0.3791634816  2.72738E-05   10.118
 26:  -0.3791797841  1.63025E-05   10.115
 27:  -0.3792033150  2.35309E-05   10.115
 28:  -0.3791815591  2.17559E-05   10.115
 29:  -0.3791913362  9.77715E-06   10.114
 30:  -0.3791726806  1.86557E-05   10.115
 31:  -0.3791835816  1.09010E-05   10.116
 32:  -0.3791895173  5.93576E-06   10.116
 33:  -0.3791870502  2.46715E-06   10.120
 34:  -0.3791867278  3.22356E-07   10.116
 35:  -0.3791901305  3.40269E-06   10.115
 36:  -0.3791932152  3.08469E-06   10.112
 37:  -0.3791941901  9.74837E-07   10.117
 38:  -0.3791940672  1.22817E-07   10.115
 39:  -0.3791956723  1.60505E-06   10.116
 40:  -0.3791977799  2.10760E-06   10.113
 41:  -0.3791978206  4.07416E-08   10.110
 42:  -0.3791996728  1.85212E-06   10.115
 43:  -0.3792008905  1.21779E-06   10.118
 44:  -0.3792006830  2.07562E-07   10.115
 45:  -0.3792014066  7.23635E-07   10.116
 46:  -0.3792023554  9.48818E-07   10.116
 47:  -0.3792024724  1.17014E-07   10.113
 48:  -0.3792029550  4.82523E-07   10.114
 49:  -0.3792035946  6.39604E-07   10.118
 50:  -0.3792039283  3.33746E-07   10.117
E_QED_CCSD  (Corr.)  = -0.379203928322773
E_QED_CCSD tot       = -0.249903402842979
E_CCSD_psi4 (Corr.)  = -0.061770342642150
E_CCSD_psi4 tot      = -1.070020500799533
