
  Memory set to  55.879 GiB by Python driver.
  Threads set to 1 by Python driver.
Settings:
	LOT = CCSD-S1-U21
	wc = 20.0 eV
	lambda = [1.212424 0.       0.      ] a.u.
	Equivalent A0 = LAMBDA / sqrt(2 wc) = [1. 0. 0.])
doing QED-CCSD-1 (or QED-CCSD-21)
Number of occupied orbitals:   1
Number of basis functions:  60
SCF Iteration   1: Energy = 1.1487090807332132 dE =  1.14871E+00
SCF Iteration   2: Energy = 2.6894827206271592 dE =  1.54077E+00
SCF Iteration   3: Energy = 1.2929870527037495 dE = -1.39650E+00
SCF Iteration   4: Energy = 2.6246554069823045 dE =  1.33167E+00
SCF Iteration   5: Energy = 1.2741907705974356 dE = -1.35046E+00
SCF Iteration   6: Energy = 2.5949796125977649 dE =  1.32079E+00
SCF Iteration   7: Energy = 1.2492542701406371 dE = -1.34573E+00
SCF Iteration   8: Energy = 2.5786056881723072 dE =  1.32935E+00
SCF Iteration   9: Energy = 1.2325767465249258 dE = -1.34603E+00
SCF Iteration  10: Energy = 2.5694408974511624 dE =  1.33686E+00
SCF Iteration  11: Energy = 1.2224743588978413 dE = -1.34697E+00
SCF Iteration  12: Energy = 2.5642974774874983 dE =  1.34182E+00
SCF Iteration  13: Energy = 1.2165539203872928 dE = -1.34774E+00
SCF Iteration  14: Energy = 2.5614138374016644 dE =  1.34486E+00
SCF Iteration  15: Energy = 1.2131446670016270 dE = -1.34827E+00
SCF Iteration  16: Energy = 2.5598003345161002 dE =  1.34666E+00
SCF Iteration  17: Energy = 1.2112034937051268 dE = -1.34860E+00
SCF Iteration  18: Energy = 2.5588992452317600 dE =  1.34770E+00
SCF Iteration  19: Energy = 1.2101066706611006 dE = -1.34879E+00
SCF Iteration  20: Energy = 2.5583968009250855 dE =  1.34829E+00
SCF Iteration  21: Energy = 1.2094902097984863 dE = -1.34891E+00
SCF Iteration  22: Energy = 2.5581169735971314 dE =  1.34863E+00
SCF Iteration  23: Energy = 1.2091450075391681 dE = -1.34897E+00
SCF Iteration  24: Energy = 2.5579612662580398 dE =  1.34882E+00
SCF Iteration  25: Energy = 1.2089521991318113 dE = -1.34901E+00
SCF Iteration  26: Energy = 2.5578746799238430 dE =  1.34892E+00
SCF Iteration  27: Energy = 1.2088447014578643 dE = -1.34903E+00
SCF Iteration  28: Energy = 2.5578265528912558 dE =  1.34898E+00
SCF Iteration  29: Energy = 1.2087848427777212 dE = -1.34904E+00
SCF Iteration  30: Energy = 2.5577998114015346 dE =  1.34901E+00
SCF Iteration  31: Energy = 1.2087515405268150 dE = -1.34905E+00
SCF Iteration  32: Energy = 2.5577849560565382 dE =  1.34903E+00
SCF Iteration  33: Energy = 1.2087330242413286 dE = -1.34905E+00
SCF Iteration  34: Energy = 2.5577767039804065 dE =  1.34904E+00
SCF Iteration  35: Energy = 1.2087227328153918 dE = -1.34905E+00
SCF Iteration  36: Energy = 2.5577721080495501 dE =  1.34905E+00
SCF Iteration  37: Energy = 1.2087170064043928 dE = -1.34906E+00
SCF Iteration  38: Energy = 2.5577694013753898 dE =  1.34905E+00
SCF Iteration  39: Energy = 1.2087137248581195 dE = -1.34906E+00
SCF Iteration  40: Energy = 2.5577660755846199 dE =  1.34905E+00
SCF Iteration  41: Energy = 1.2087107148912573 dE = -1.34906E+00
SCF Iteration  42: Energy = 2.5577427244050930 dE =  1.34903E+00
SCF Iteration  43: Energy = 1.2086950351173922 dE = -1.34905E+00
SCF Iteration  44: Energy = 2.5574760965610603 dE =  1.34878E+00
SCF Iteration  45: Energy = 1.2085210954799073 dE = -1.34896E+00
SCF Iteration  46: Energy = 2.5543404776629646 dE =  1.34582E+00
SCF Iteration  47: Energy = 1.2064791919951512 dE = -1.34786E+00
SCF Iteration  48: Energy = 2.5180343615167646 dE =  1.31156E+00
SCF Iteration  49: Energy = 1.1829403032712706 dE = -1.33509E+00
SCF Iteration  50: Energy = 2.1665855579131481 dE =  9.83645E-01
SCF Iteration  51: Energy = 0.9646509984528584 dE = -1.20193E+00
SCF Iteration  52: Energy = 0.9135963237490928 dE = -5.10547E-02
SCF Iteration  53: Energy = 0.3211839102430687 dE = -5.92412E-01
SCF Iteration  54: Energy = 0.1227565425783461 dE = -1.98427E-01
SCF Iteration  55: Energy = 0.0190621926947288 dE = -1.03694E-01
SCF Iteration  56: Energy = -0.0140648871373192 dE = -3.31271E-02
SCF Iteration  57: Energy = -0.0258116298278777 dE = -1.17467E-02
SCF Iteration  58: Energy = -0.0302915675755828 dE = -4.47994E-03
SCF Iteration  59: Energy = -0.0323867071712454 dE = -2.09514E-03
SCF Iteration  60: Energy = -0.0335583894142635 dE = -1.17168E-03
SCF Iteration  61: Energy = -0.0342780893602779 dE = -7.19700E-04
SCF Iteration  62: Energy = -0.0347403909089112 dE = -4.62302E-04
SCF Iteration  63: Energy = -0.0350424530183362 dE = -3.02062E-04
SCF Iteration  64: Energy = -0.0352416979606183 dE = -1.99245E-04
SCF Iteration  65: Energy = -0.0353738601006395 dE = -1.32162E-04
SCF Iteration  66: Energy = -0.0354619184645681 dE = -8.80584E-05
SCF Iteration  67: Energy = -0.0355208006009677 dE = -5.88821E-05
SCF Iteration  68: Energy = -0.0355602927323762 dE = -3.94921E-05
SCF Iteration  69: Energy = -0.0355868470173597 dE = -2.65543E-05
SCF Iteration  70: Energy = -0.0356047399475652 dE = -1.78929E-05
SCF Iteration  71: Energy = -0.0356168180646390 dE = -1.20781E-05
SCF Iteration  72: Energy = -0.0356249831499102 dE = -8.16509E-06
SCF Iteration  73: Energy = -0.0356305097509968 dE = -5.52660E-06
SCF Iteration  74: Energy = -0.0356342543135790 dE = -3.74456E-06
SCF Iteration  75: Energy = -0.0356367936133399 dE = -2.53930E-06
SCF Iteration  76: Energy = -0.0356385168051250 dE = -1.72319E-06
SCF Iteration  77: Energy = -0.0356396868632023 dE = -1.17006E-06
SCF Iteration  78: Energy = -0.0356404817250595 dE = -7.94862E-07
SCF Iteration  79: Energy = -0.0356410219193790 dE = -5.40194E-07
SCF Iteration  80: Energy = -0.0356413891613960 dE = -3.67242E-07
SCF Iteration  81: Energy = -0.0356416388931504 dE = -2.49732E-07
SCF Iteration  82: Energy = -0.0356418087540913 dE = -1.69861E-07
SCF Iteration  83: Energy = -0.0356419243106572 dE = -1.15557E-07
SCF Iteration  84: Energy = -0.0356420029360489 dE = -7.86254E-08
SCF Iteration  85: Energy = -0.0356420564400817 dE = -5.35040E-08
SCF Iteration  86: Energy = -0.0356420928530325 dE = -3.64130E-08
SCF Iteration  87: Energy = -0.0356421176365678 dE = -2.47835E-08
SCF Iteration  88: Energy = -0.0356421345060445 dE = -1.68695E-08
SCF Iteration  89: Energy = -0.0356421459893248 dE = -1.14833E-08
SCF Iteration  90: Energy = -0.0356421538065186 dE = -7.81719E-09
SCF Iteration  91: Energy = -0.0356421591282770 dE = -5.32176E-09
SCF Iteration  92: Energy = -0.0356421627513039 dE = -3.62303E-09
SCF Iteration  93: Energy = -0.0356421652179153 dE = -2.46661E-09
SCF Iteration  94: Energy = -0.0356421668972693 dE = -1.67935E-09
SCF Iteration  95: Energy = -0.0356421680406387 dE = -1.14337E-09
SCF Iteration  96: Energy = -0.0356421688191118 dE = -7.78473E-10
SCF Iteration  97: Energy = -0.0356421693491487 dE = -5.30037E-10
SCF Iteration  98: Energy = -0.0356421697100258 dE = -3.60877E-10
SCF Iteration  99: Energy = -0.0356421699557454 dE = -2.45720E-10
SCF Iteration 100: Energy = -0.0356421701230487 dE = -1.67303E-10
SCF Iteration 101: Energy = -0.0356421702369629 dE = -1.13914E-10
SCF Iteration 102: Energy = -0.0356421703145224 dE = -7.75595E-11

SCF converged.
E_QED_HF          = -0.035642170314522
HF  (psi4)        = -1.091544540159979
Starting with the CCSD calculation:

Iter  Energy(CCSD)      E_diff    time(sec)
  1:  -0.3711959378  3.71196E-01   10.127
  2:  -0.4769546701  1.05759E-01   10.127
  3:  -0.4461923185  3.07624E-02   10.126
  4:  -0.4166233328  2.95690E-02   10.122
  5:  -0.4223560813  5.73275E-03   10.121
  6:  -0.4417353703  1.93793E-02   10.125
  7:  -0.4466415550  4.90618E-03   10.116
  8:  -0.4609516143  1.43101E-02   10.112
  9:  -0.4673905774  6.43896E-03   10.114
 10:  -0.4724375923  5.04701E-03   10.115
 11:  -0.4760930012  3.65541E-03   10.111
 12:  -0.4782259814  2.13298E-03   10.115
 13:  -0.4788071957  5.81214E-04   10.117
 14:  -0.4793666949  5.59499E-04   10.113
 15:  -0.4792430376  1.23657E-04   10.119
 16:  -0.4794405202  1.97483E-04   10.117
 17:  -0.4794895727  4.90525E-05   10.114
 18:  -0.4795819216  9.23489E-05   10.111
 19:  -0.4795987441  1.68226E-05   10.115
 20:  -0.4795936700  5.07411E-06   10.115
 21:  -0.4795845399  9.13007E-06   10.123
 22:  -0.4796193196  3.47796E-05   10.123
 23:  -0.4796192857  3.39027E-08   10.127
 24:  -0.4796242508  4.96515E-06   10.122
 25:  -0.4796274330  3.18215E-06   10.123
 26:  -0.4796296775  2.24456E-06   10.122
 27:  -0.4796313555  1.67798E-06   10.125
 28:  -0.4796335948  2.23928E-06   10.126
 29:  -0.4796326140  9.80783E-07   10.125
 30:  -0.4796294743  3.13971E-06   10.120
 31:  -0.4796287480  7.26281E-07   10.124
 32:  -0.4796270453  1.70270E-06   10.122
 33:  -0.4796274754  4.30106E-07   10.121
 34:  -0.4796289873  1.51192E-06   10.122
 35:  -0.4796291412  1.53839E-07   10.125
 36:  -0.4796292759  1.34693E-07   10.122
 37:  -0.4796293554  7.95826E-08   10.128
 38:  -0.4796294156  6.01169E-08   10.123
 39:  -0.4796294981  8.25746E-08   10.120
 40:  -0.4796296615  1.63343E-07   10.120
 41:  -0.4796296838  2.22970E-08   10.115
 42:  -0.4796297171  3.33021E-08   10.118
 43:  -0.4796297777  6.05678E-08   10.120
 44:  -0.4796297858  8.13265E-09   10.124
E_QED_CCSD  (Corr.)  = -0.479629785783739
E_QED_CCSD tot       = -0.515271956098262
E_CCSD_psi4 (Corr.)  = -0.046022660296657
E_CCSD_psi4 tot      = -1.137567200456636
