
  Memory set to  55.879 GiB by Python driver.
  Threads set to 1 by Python driver.
Settings:
	LOT = CCSD-S1-U21
	wc = 20.0 eV
	lambda = [1.212424 0.       0.      ] a.u.
	Equivalent A0 = LAMBDA / sqrt(2 wc) = [1. 0. 0.])
doing QED-CCSD-1 (or QED-CCSD-21)
Number of occupied orbitals:   1
Number of basis functions:  60
SCF Iteration   1: Energy = 3.6539671070027437 dE =  3.65397E+00
SCF Iteration   2: Energy = 4.4023188273878020 dE =  7.48352E-01
SCF Iteration   3: Energy = 3.7777926781362345 dE = -6.24526E-01
SCF Iteration   4: Energy = 4.2628283125444062 dE =  4.85036E-01
SCF Iteration   5: Energy = 3.8069806577359375 dE = -4.55848E-01
SCF Iteration   6: Energy = 4.2215654820389990 dE =  4.14585E-01
SCF Iteration   7: Energy = 3.8058631771390297 dE = -4.15702E-01
SCF Iteration   8: Energy = 4.1990973900248170 dE =  3.93234E-01
SCF Iteration   9: Energy = 3.7953994446874453 dE = -4.03698E-01
SCF Iteration  10: Energy = 4.1827234376259161 dE =  3.87324E-01
SCF Iteration  11: Energy = 3.7830229594871532 dE = -3.99700E-01
SCF Iteration  12: Energy = 4.1699016889628338 dE =  3.86879E-01
SCF Iteration  13: Energy = 3.7715006656453665 dE = -3.98401E-01
SCF Iteration  14: Energy = 4.1598062159246210 dE =  3.88306E-01
SCF Iteration  15: Energy = 3.7616958672654870 dE = -3.98110E-01
SCF Iteration  16: Energy = 4.1519224505362295 dE =  3.90227E-01
SCF Iteration  17: Energy = 3.7537160369369365 dE = -3.98206E-01
SCF Iteration  18: Energy = 4.1458227554000544 dE =  3.92107E-01
SCF Iteration  19: Energy = 3.7473865050871873 dE = -3.98436E-01
SCF Iteration  20: Energy = 4.1411398785049363 dE =  3.93753E-01
SCF Iteration  21: Energy = 3.7424474964075527 dE = -3.98692E-01
SCF Iteration  22: Energy = 4.1375662722960627 dE =  3.95119E-01
SCF Iteration  23: Energy = 3.7386359330819254 dE = -3.98930E-01
SCF Iteration  24: Energy = 4.1348515409432114 dE =  3.96216E-01
SCF Iteration  25: Energy = 3.7357172083543468 dE = -3.99134E-01
SCF Iteration  26: Energy = 4.1327962844296771 dE =  3.97079E-01
SCF Iteration  27: Energy = 3.7334946328430711 dE = -3.99302E-01
SCF Iteration  28: Energy = 4.1312442710187751 dE =  3.97750E-01
SCF Iteration  29: Energy = 3.7318090642068049 dE = -3.99435E-01
SCF Iteration  30: Energy = 4.1300745224263498 dE =  3.98265E-01
SCF Iteration  31: Energy = 3.7305346036192288 dE = -3.99540E-01
SCF Iteration  32: Energy = 4.1291941545505981 dE =  3.98660E-01
SCF Iteration  33: Energy = 3.7295731424490515 dE = -3.99621E-01
SCF Iteration  34: Energy = 4.1285322961088911 dE =  3.98959E-01
SCF Iteration  35: Energy = 3.7288490262538700 dE = -3.99683E-01
SCF Iteration  36: Energy = 4.1280351189402120 dE =  3.99186E-01
SCF Iteration  37: Energy = 3.7283043508160576 dE = -3.99731E-01
SCF Iteration  38: Energy = 4.1276618779038481 dE =  3.99358E-01
SCF Iteration  39: Energy = 3.7278950376098905 dE = -3.99767E-01
SCF Iteration  40: Energy = 4.1273818087925491 dE =  3.99487E-01
SCF Iteration  41: Energy = 3.7275876661980218 dE = -3.99794E-01
SCF Iteration  42: Energy = 4.1271717271967647 dE =  3.99584E-01
SCF Iteration  43: Energy = 3.7273569718301678 dE = -3.99815E-01
SCF Iteration  44: Energy = 4.1270141856810101 dE =  3.99657E-01
SCF Iteration  45: Energy = 3.7271838971443256 dE = -3.99830E-01
SCF Iteration  46: Energy = 4.1268960681407378 dE =  3.99712E-01
SCF Iteration  47: Energy = 3.7270540906856398 dE = -3.99842E-01
SCF Iteration  48: Energy = 4.1268075224532046 dE =  3.99753E-01
SCF Iteration  49: Energy = 3.7269567581998380 dE = -3.99851E-01
SCF Iteration  50: Energy = 4.1267411527031808 dE =  3.99784E-01
SCF Iteration  51: Energy = 3.7268837884756194 dE = -3.99857E-01
SCF Iteration  52: Energy = 4.1266914093697755 dE =  3.99808E-01
SCF Iteration  53: Energy = 3.7268290907103281 dE = -3.99862E-01
SCF Iteration  54: Energy = 4.1266541298120103 dE =  3.99825E-01
SCF Iteration  55: Energy = 3.7267880936674840 dE = -3.99866E-01
SCF Iteration  56: Energy = 4.1266261924900975 dE =  3.99838E-01
SCF Iteration  57: Energy = 3.7267573679376098 dE = -3.99869E-01
SCF Iteration  58: Energy = 4.1266052570430318 dE =  3.99848E-01
SCF Iteration  59: Energy = 3.7267343415038403 dE = -3.99871E-01
SCF Iteration  60: Energy = 4.1265895690580781 dE =  3.99855E-01
SCF Iteration  61: Energy = 3.7267170858244714 dE = -3.99872E-01
SCF Iteration  62: Energy = 4.1265778135180398 dE =  3.99861E-01
SCF Iteration  63: Energy = 3.7267041550963924 dE = -3.99874E-01
SCF Iteration  64: Energy = 4.1265690048386050 dE =  3.99865E-01
SCF Iteration  65: Energy = 3.7266944655613661 dE = -3.99875E-01
SCF Iteration  66: Energy = 4.1265624043882854 dE =  3.99868E-01
SCF Iteration  67: Energy = 3.7266872049266007 dE = -3.99875E-01
SCF Iteration  68: Energy = 4.1265574586378992 dE =  3.99870E-01
SCF Iteration  69: Energy = 3.7266817644123216 dE = -3.99876E-01
SCF Iteration  70: Energy = 4.1265537527891674 dE =  3.99872E-01
SCF Iteration  71: Energy = 3.7266776877893162 dE = -3.99876E-01
SCF Iteration  72: Energy = 4.1265509760134362 dE =  3.99873E-01
SCF Iteration  73: Energy = 3.7266746331668927 dE = -3.99876E-01
SCF Iteration  74: Energy = 4.1265488953965201 dE =  3.99874E-01
SCF Iteration  75: Energy = 3.7266723443461260 dE = -3.99877E-01
SCF Iteration  76: Energy = 4.1265473364109981 dE =  3.99875E-01
SCF Iteration  77: Energy = 3.7266706293467826 dE = -3.99877E-01
SCF Iteration  78: Energy = 4.1265461682814806 dE =  3.99876E-01
SCF Iteration  79: Energy = 3.7266693443129655 dE = -3.99877E-01
SCF Iteration  80: Energy = 4.1265452930173314 dE =  3.99876E-01
SCF Iteration  81: Energy = 3.7266683814511308 dE = -3.99877E-01
SCF Iteration  82: Energy = 4.1265446371942600 dE =  3.99876E-01
SCF Iteration  83: Energy = 3.7266676599907433 dE = -3.99877E-01
SCF Iteration  84: Energy = 4.1265441457958092 dE =  3.99876E-01
SCF Iteration  85: Energy = 3.7266671194103265 dE = -3.99877E-01
SCF Iteration  86: Energy = 4.1265437775985667 dE =  3.99877E-01
SCF Iteration  87: Energy = 3.7266667143612771 dE = -3.99877E-01
SCF Iteration  88: Energy = 4.1265435017142398 dE =  3.99877E-01
SCF Iteration  89: Energy = 3.7266664108641723 dE = -3.99877E-01
SCF Iteration  90: Energy = 4.1265432949985943 dE =  3.99877E-01
SCF Iteration  91: Energy = 3.7266661834585721 dE = -3.99877E-01
SCF Iteration  92: Energy = 4.1265431401099733 dE =  3.99877E-01
SCF Iteration  93: Energy = 3.7266660130672142 dE = -3.99877E-01
SCF Iteration  94: Energy = 4.1265430240545262 dE =  3.99877E-01
SCF Iteration  95: Energy = 3.7266658853957764 dE = -3.99877E-01
SCF Iteration  96: Energy = 4.1265429370961444 dE =  3.99877E-01
SCF Iteration  97: Energy = 3.7266657897336892 dE = -3.99877E-01
SCF Iteration  98: Energy = 4.1265428719396970 dE =  3.99877E-01
SCF Iteration  99: Energy = 3.7266657180556879 dE = -3.99877E-01
SCF Iteration 100: Energy = 4.1265428231190917 dE =  3.99877E-01
SCF Iteration 101: Energy = 3.7266656643485909 dE = -3.99877E-01
SCF Iteration 102: Energy = 4.1265427865386375 dE =  3.99877E-01
SCF Iteration 103: Energy = 3.7266656241067575 dE = -3.99877E-01
SCF Iteration 104: Energy = 4.1265427591295500 dE =  3.99877E-01
SCF Iteration 105: Energy = 3.7266655939542530 dE = -3.99877E-01
SCF Iteration 106: Energy = 4.1265427385923701 dE =  3.99877E-01
SCF Iteration 107: Energy = 3.7266655713614925 dE = -3.99877E-01
SCF Iteration 108: Energy = 4.1265427232042287 dE =  3.99877E-01
SCF Iteration 109: Energy = 3.7266655544331204 dE = -3.99877E-01
SCF Iteration 110: Energy = 4.1265427116741495 dE =  3.99877E-01
SCF Iteration 111: Energy = 3.7266655417489902 dE = -3.99877E-01
SCF Iteration 112: Energy = 4.1265427030348674 dE =  3.99877E-01
SCF Iteration 113: Energy = 3.7266655322449878 dE = -3.99877E-01
SCF Iteration 114: Energy = 4.1265426965616054 dE =  3.99877E-01
SCF Iteration 115: Energy = 3.7266655251238068 dE = -3.99877E-01
SCF Iteration 116: Energy = 4.1265426917112995 dE =  3.99877E-01
SCF Iteration 117: Energy = 3.7266655197880301 dE = -3.99877E-01
SCF Iteration 118: Energy = 4.1265426880770484 dE =  3.99877E-01
SCF Iteration 119: Energy = 3.7266655157900215 dE = -3.99877E-01
SCF Iteration 120: Energy = 4.1265426853539742 dE =  3.99877E-01
SCF Iteration 121: Energy = 3.7266655127943848 dE = -3.99877E-01
SCF Iteration 122: Energy = 4.1265426833136143 dE =  3.99877E-01
SCF Iteration 123: Energy = 3.7266655105498092 dE = -3.99877E-01
SCF Iteration 124: Energy = 4.1265426817848141 dE =  3.99877E-01
SCF Iteration 125: Energy = 3.7266655088679843 dE = -3.99877E-01
SCF Iteration 126: Energy = 4.1265426806392966 dE =  3.99877E-01
SCF Iteration 127: Energy = 3.7266655076078039 dE = -3.99877E-01
SCF Iteration 128: Energy = 4.1265426797809912 dE =  3.99877E-01
SCF Iteration 129: Energy = 3.7266655066635925 dE = -3.99877E-01
SCF Iteration 130: Energy = 4.1265426791378736 dE =  3.99877E-01
SCF Iteration 131: Energy = 3.7266655059561073 dE = -3.99877E-01
SCF Iteration 132: Energy = 4.1265426786560111 dE =  3.99877E-01
SCF Iteration 133: Energy = 3.7266655054260167 dE = -3.99877E-01
SCF Iteration 134: Energy = 4.1265426782949373 dE =  3.99877E-01
SCF Iteration 135: Energy = 3.7266655050287949 dE = -3.99877E-01
SCF Iteration 136: Energy = 4.1265426780244088 dE =  3.99877E-01
SCF Iteration 137: Energy = 3.7266655047311859 dE = -3.99877E-01
SCF Iteration 138: Energy = 4.1265426778216945 dE =  3.99877E-01
SCF Iteration 139: Energy = 3.7266655045081927 dE = -3.99877E-01
SCF Iteration 140: Energy = 4.1265426776698115 dE =  3.99877E-01
SCF Iteration 141: Energy = 3.7266655043411037 dE = -3.99877E-01
SCF Iteration 142: Energy = 4.1265426775560075 dE =  3.99877E-01
SCF Iteration 143: Energy = 3.7266655042159100 dE = -3.99877E-01
SCF Iteration 144: Energy = 4.1265426774707450 dE =  3.99877E-01
SCF Iteration 145: Energy = 3.7266655041221148 dE = -3.99877E-01
SCF Iteration 146: Energy = 4.1265426774068459 dE =  3.99877E-01
SCF Iteration 147: Energy = 3.7266655040518231 dE = -3.99877E-01
SCF Iteration 148: Energy = 4.1265426773589811 dE =  3.99877E-01
SCF Iteration 149: Energy = 3.7266655039991590 dE = -3.99877E-01
SCF Iteration 150: Energy = 4.1265426773231004 dE =  3.99877E-01
SCF Iteration 151: Energy = 3.7266655039596936 dE = -3.99877E-01
SCF Iteration 152: Energy = 4.1265426772962224 dE =  3.99877E-01
SCF Iteration 153: Energy = 3.7266655039301204 dE = -3.99877E-01
SCF Iteration 154: Energy = 4.1265426772760838 dE =  3.99877E-01
SCF Iteration 155: Energy = 3.7266655039079577 dE = -3.99877E-01
SCF Iteration 156: Energy = 4.1265426772609928 dE =  3.99877E-01
SCF Iteration 157: Energy = 3.7266655038913696 dE = -3.99877E-01
SCF Iteration 158: Energy = 4.1265426772496854 dE =  3.99877E-01
SCF Iteration 159: Energy = 3.7266655038789183 dE = -3.99877E-01
SCF Iteration 160: Energy = 4.1265426772412130 dE =  3.99877E-01
SCF Iteration 161: Energy = 3.7266655038696084 dE = -3.99877E-01
SCF Iteration 162: Energy = 4.1265426772348688 dE =  3.99877E-01
SCF Iteration 163: Energy = 3.7266655038626264 dE = -3.99877E-01
SCF Iteration 164: Energy = 4.1265426772301046 dE =  3.99877E-01
SCF Iteration 165: Energy = 3.7266655038573817 dE = -3.99877E-01
SCF Iteration 166: Energy = 4.1265426772265359 dE =  3.99877E-01
SCF Iteration 167: Energy = 3.7266655038534706 dE = -3.99877E-01
SCF Iteration 168: Energy = 4.1265426772238749 dE =  3.99877E-01
SCF Iteration 169: Energy = 3.7266655038505418 dE = -3.99877E-01
SCF Iteration 170: Energy = 4.1265426772218783 dE =  3.99877E-01
SCF Iteration 171: Energy = 3.7266655038483329 dE = -3.99877E-01
SCF Iteration 172: Energy = 4.1265426772203755 dE =  3.99877E-01
SCF Iteration 173: Energy = 3.7266655038466805 dE = -3.99877E-01
SCF Iteration 174: Energy = 4.1265426772192573 dE =  3.99877E-01
SCF Iteration 175: Energy = 3.7266655038454415 dE = -3.99877E-01
SCF Iteration 176: Energy = 4.1265426772184055 dE =  3.99877E-01
SCF Iteration 177: Energy = 3.7266655038445160 dE = -3.99877E-01
SCF Iteration 178: Energy = 4.1265426772177713 dE =  3.99877E-01
SCF Iteration 179: Energy = 3.7266655038438135 dE = -3.99877E-01
SCF Iteration 180: Energy = 4.1265426772172944 dE =  3.99877E-01
SCF Iteration 181: Energy = 3.7266655038432979 dE = -3.99877E-01
SCF Iteration 182: Energy = 4.1265426772169480 dE =  3.99877E-01
SCF Iteration 183: Energy = 3.7266655038429128 dE = -3.99877E-01
SCF Iteration 184: Energy = 4.1265426772166860 dE =  3.99877E-01
SCF Iteration 185: Energy = 3.7266655038426233 dE = -3.99877E-01
SCF Iteration 186: Energy = 4.1265426772164897 dE =  3.99877E-01
SCF Iteration 187: Energy = 3.7266655038424061 dE = -3.99877E-01
SCF Iteration 188: Energy = 4.1265426772163414 dE =  3.99877E-01
SCF Iteration 189: Energy = 3.7266655038422463 dE = -3.99877E-01
SCF Iteration 190: Energy = 4.1265426772162233 dE =  3.99877E-01
SCF Iteration 191: Energy = 3.7266655038421184 dE = -3.99877E-01
SCF Iteration 192: Energy = 4.1265426772161424 dE =  3.99877E-01
SCF Iteration 193: Energy = 3.7266655038420251 dE = -3.99877E-01
SCF Iteration 194: Energy = 4.1265426772160874 dE =  3.99877E-01
SCF Iteration 195: Energy = 3.7266655038419674 dE = -3.99877E-01
SCF Iteration 196: Energy = 4.1265426772160358 dE =  3.99877E-01
SCF Iteration 197: Energy = 3.7266655038419061 dE = -3.99877E-01
SCF Iteration 198: Energy = 4.1265426772160048 dE =  3.99877E-01
SCF Iteration 199: Energy = 3.7266655038418803 dE = -3.99877E-01
SCF Iteration 200: Energy = 4.1265426772159701 dE =  3.99877E-01
SCF Iteration 201: Energy = 3.7266655038418404 dE = -3.99877E-01
SCF Iteration 202: Energy = 4.1265426772159586 dE =  3.99877E-01
SCF Iteration 203: Energy = 3.7266655038418226 dE = -3.99877E-01
SCF Iteration 204: Energy = 4.1265426772159453 dE =  3.99877E-01
SCF Iteration 205: Energy = 3.7266655038418031 dE = -3.99877E-01
SCF Iteration 206: Energy = 4.1265426772159293 dE =  3.99877E-01
SCF Iteration 207: Energy = 3.7266655038417884 dE = -3.99877E-01
SCF Iteration 208: Energy = 4.1265426772159230 dE =  3.99877E-01
SCF Iteration 209: Energy = 3.7266655038417897 dE = -3.99877E-01
SCF Iteration 210: Energy = 4.1265426772159195 dE =  3.99877E-01
SCF Iteration 211: Energy = 3.7266655038417835 dE = -3.99877E-01
SCF Iteration 212: Energy = 4.1265426772159097 dE =  3.99877E-01
SCF Iteration 213: Energy = 3.7266655038417675 dE = -3.99877E-01
SCF Iteration 214: Energy = 4.1265426772159035 dE =  3.99877E-01
SCF Iteration 215: Energy = 3.7266655038417631 dE = -3.99877E-01
SCF Iteration 216: Energy = 4.1265426772158982 dE =  3.99877E-01
SCF Iteration 217: Energy = 3.7266655038417555 dE = -3.99877E-01
SCF Iteration 218: Energy = 4.1265426772158911 dE =  3.99877E-01
SCF Iteration 219: Energy = 3.7266655038417480 dE = -3.99877E-01
SCF Iteration 220: Energy = 4.1265426772158946 dE =  3.99877E-01
SCF Iteration 221: Energy = 3.7266655038417489 dE = -3.99877E-01
SCF Iteration 222: Energy = 4.1265426772158964 dE =  3.99877E-01
SCF Iteration 223: Energy = 3.7266655038417542 dE = -3.99877E-01
SCF Iteration 224: Energy = 4.1265426772158920 dE =  3.99877E-01
SCF Iteration 225: Energy = 3.7266655038417462 dE = -3.99877E-01
SCF Iteration 226: Energy = 4.1265426772158937 dE =  3.99877E-01
SCF Iteration 227: Energy = 3.7266655038417613 dE = -3.99877E-01
SCF Iteration 228: Energy = 4.1265426772158955 dE =  3.99877E-01
SCF Iteration 229: Energy = 3.7266655038417418 dE = -3.99877E-01
SCF Iteration 230: Energy = 4.1265426772158973 dE =  3.99877E-01
SCF Iteration 231: Energy = 3.7266655038417578 dE = -3.99877E-01
SCF Iteration 232: Energy = 4.1265426772158973 dE =  3.99877E-01
SCF Iteration 233: Energy = 3.7266655038417560 dE = -3.99877E-01
SCF Iteration 234: Energy = 4.1265426772158991 dE =  3.99877E-01
SCF Iteration 235: Energy = 3.7266655038417595 dE = -3.99877E-01
SCF Iteration 236: Energy = 4.1265426772158937 dE =  3.99877E-01
SCF Iteration 237: Energy = 3.7266655038417533 dE = -3.99877E-01
SCF Iteration 238: Energy = 4.1265426772159044 dE =  3.99877E-01
SCF Iteration 239: Energy = 3.7266655038417587 dE = -3.99877E-01
SCF Iteration 240: Energy = 4.1265426772158973 dE =  3.99877E-01
SCF Iteration 241: Energy = 3.7266655038417693 dE = -3.99877E-01
SCF Iteration 242: Energy = 4.1265426772159062 dE =  3.99877E-01
SCF Iteration 243: Energy = 3.7266655038417587 dE = -3.99877E-01
SCF Iteration 244: Energy = 4.1265426772159008 dE =  3.99877E-01
SCF Iteration 245: Energy = 3.7266655038417600 dE = -3.99877E-01
SCF Iteration 246: Energy = 4.1265426772158946 dE =  3.99877E-01
SCF Iteration 247: Energy = 3.7266655038417560 dE = -3.99877E-01
SCF Iteration 248: Energy = 4.1265426772158884 dE =  3.99877E-01
SCF Iteration 249: Energy = 3.7266655038417569 dE = -3.99877E-01
SCF Iteration 250: Energy = 4.1265426772158893 dE =  3.99877E-01
SCF Iteration 251: Energy = 3.7266655038417569 dE = -3.99877E-01
SCF Iteration 252: Energy = 4.1265426772158902 dE =  3.99877E-01
SCF Iteration 253: Energy = 3.7266655038417520 dE = -3.99877E-01
SCF Iteration 254: Energy = 4.1265426772158857 dE =  3.99877E-01
SCF Iteration 255: Energy = 3.7266655038417480 dE = -3.99877E-01
SCF Iteration 256: Energy = 4.1265426772158937 dE =  3.99877E-01
SCF Iteration 257: Energy = 3.7266655038417511 dE = -3.99877E-01
SCF Iteration 258: Energy = 4.1265426772158884 dE =  3.99877E-01
SCF Iteration 259: Energy = 3.7266655038417533 dE = -3.99877E-01
SCF Iteration 260: Energy = 4.1265426772158991 dE =  3.99877E-01
SCF Iteration 261: Energy = 3.7266655038417538 dE = -3.99877E-01
SCF Iteration 262: Energy = 4.1265426772158955 dE =  3.99877E-01
SCF Iteration 263: Energy = 3.7266655038417542 dE = -3.99877E-01
SCF Iteration 264: Energy = 4.1265426772158982 dE =  3.99877E-01
SCF Iteration 265: Energy = 3.7266655038417591 dE = -3.99877E-01
SCF Iteration 266: Energy = 4.1265426772158929 dE =  3.99877E-01
SCF Iteration 267: Energy = 3.7266655038417396 dE = -3.99877E-01
SCF Iteration 268: Energy = 4.1265426772158840 dE =  3.99877E-01
SCF Iteration 269: Energy = 3.7266655038417298 dE = -3.99877E-01
SCF Iteration 270: Energy = 4.1265426772158795 dE =  3.99877E-01
SCF Iteration 271: Energy = 3.7266655038417333 dE = -3.99877E-01
SCF Iteration 272: Energy = 4.1265426772158831 dE =  3.99877E-01
SCF Iteration 273: Energy = 3.7266655038417391 dE = -3.99877E-01
SCF Iteration 274: Energy = 4.1265426772158875 dE =  3.99877E-01
SCF Iteration 275: Energy = 3.7266655038417453 dE = -3.99877E-01
SCF Iteration 276: Energy = 4.1265426772158973 dE =  3.99877E-01
SCF Iteration 277: Energy = 3.7266655038417480 dE = -3.99877E-01
SCF Iteration 278: Energy = 4.1265426772158884 dE =  3.99877E-01
SCF Iteration 279: Energy = 3.7266655038417462 dE = -3.99877E-01
SCF Iteration 280: Energy = 4.1265426772158831 dE =  3.99877E-01
SCF Iteration 281: Energy = 3.7266655038417453 dE = -3.99877E-01
SCF Iteration 282: Energy = 4.1265426772158804 dE =  3.99877E-01
SCF Iteration 283: Energy = 3.7266655038417462 dE = -3.99877E-01
SCF Iteration 284: Energy = 4.1265426772158982 dE =  3.99877E-01
SCF Iteration 285: Energy = 3.7266655038417444 dE = -3.99877E-01
SCF Iteration 286: Energy = 4.1265426772159088 dE =  3.99877E-01
SCF Iteration 287: Energy = 3.7266655038417675 dE = -3.99877E-01
SCF Iteration 288: Energy = 4.1265426772158991 dE =  3.99877E-01
SCF Iteration 289: Energy = 3.7266655038417493 dE = -3.99877E-01
SCF Iteration 290: Energy = 4.1265426772158946 dE =  3.99877E-01
SCF Iteration 291: Energy = 3.7266655038417551 dE = -3.99877E-01
SCF Iteration 292: Energy = 4.1265426772159044 dE =  3.99877E-01
SCF Iteration 293: Energy = 3.7266655038417693 dE = -3.99877E-01
SCF Iteration 294: Energy = 4.1265426772159071 dE =  3.99877E-01
SCF Iteration 295: Energy = 3.7266655038417626 dE = -3.99877E-01
SCF Iteration 296: Energy = 4.1265426772158955 dE =  3.99877E-01
SCF Iteration 297: Energy = 3.7266655038417582 dE = -3.99877E-01
SCF Iteration 298: Energy = 4.1265426772159026 dE =  3.99877E-01
SCF Iteration 299: Energy = 3.7266655038417622 dE = -3.99877E-01
SCF Iteration 300: Energy = 4.1265426772159088 dE =  3.99877E-01
SCF Iteration 301: Energy = 3.7266655038417658 dE = -3.99877E-01
SCF Iteration 302: Energy = 4.1265426772159097 dE =  3.99877E-01
SCF Iteration 303: Energy = 3.7266655038417640 dE = -3.99877E-01
SCF Iteration 304: Energy = 4.1265426772159044 dE =  3.99877E-01
SCF Iteration 305: Energy = 3.7266655038417680 dE = -3.99877E-01
SCF Iteration 306: Energy = 4.1265426772159035 dE =  3.99877E-01
SCF Iteration 307: Energy = 3.7266655038417640 dE = -3.99877E-01
SCF Iteration 308: Energy = 4.1265426772159035 dE =  3.99877E-01
SCF Iteration 309: Energy = 3.7266655038417658 dE = -3.99877E-01
SCF Iteration 310: Energy = 4.1265426772158946 dE =  3.99877E-01
SCF Iteration 311: Energy = 3.7266655038417591 dE = -3.99877E-01
SCF Iteration 312: Energy = 4.1265426772158946 dE =  3.99877E-01
SCF Iteration 313: Energy = 3.7266655038417587 dE = -3.99877E-01
SCF Iteration 314: Energy = 4.1265426772158920 dE =  3.99877E-01
SCF Iteration 315: Energy = 3.7266655038417489 dE = -3.99877E-01
SCF Iteration 316: Energy = 4.1265426772158955 dE =  3.99877E-01
SCF Iteration 317: Energy = 3.7266655038417489 dE = -3.99877E-01
SCF Iteration 318: Energy = 4.1265426772158893 dE =  3.99877E-01
SCF Iteration 319: Energy = 3.7266655038417542 dE = -3.99877E-01
SCF Iteration 320: Energy = 4.1265426772158911 dE =  3.99877E-01
SCF Iteration 321: Energy = 3.7266655038417515 dE = -3.99877E-01
SCF Iteration 322: Energy = 4.1265426772158920 dE =  3.99877E-01
SCF Iteration 323: Energy = 3.7266655038417520 dE = -3.99877E-01
SCF Iteration 324: Energy = 4.1265426772158955 dE =  3.99877E-01
SCF Iteration 325: Energy = 3.7266655038417560 dE = -3.99877E-01
SCF Iteration 326: Energy = 4.1265426772159008 dE =  3.99877E-01
SCF Iteration 327: Energy = 3.7266655038417524 dE = -3.99877E-01
SCF Iteration 328: Energy = 4.1265426772158929 dE =  3.99877E-01
SCF Iteration 329: Energy = 3.7266655038417400 dE = -3.99877E-01
SCF Iteration 330: Energy = 4.1265426772158831 dE =  3.99877E-01
SCF Iteration 331: Energy = 3.7266655038417364 dE = -3.99877E-01
SCF Iteration 332: Energy = 4.1265426772158822 dE =  3.99877E-01
SCF Iteration 333: Energy = 3.7266655038417409 dE = -3.99877E-01
SCF Iteration 334: Energy = 4.1265426772158866 dE =  3.99877E-01
SCF Iteration 335: Energy = 3.7266655038417364 dE = -3.99877E-01
SCF Iteration 336: Energy = 4.1265426772158795 dE =  3.99877E-01
SCF Iteration 337: Energy = 3.7266655038417387 dE = -3.99877E-01
SCF Iteration 338: Energy = 4.1265426772158929 dE =  3.99877E-01
SCF Iteration 339: Energy = 3.7266655038417378 dE = -3.99877E-01
SCF Iteration 340: Energy = 4.1265426772158902 dE =  3.99877E-01
SCF Iteration 341: Energy = 3.7266655038417480 dE = -3.99877E-01
SCF Iteration 342: Energy = 4.1265426772158902 dE =  3.99877E-01
SCF Iteration 343: Energy = 3.7266655038417400 dE = -3.99877E-01
SCF Iteration 344: Energy = 4.1265426772158875 dE =  3.99877E-01
SCF Iteration 345: Energy = 3.7266655038417538 dE = -3.99877E-01
SCF Iteration 346: Energy = 4.1265426772158955 dE =  3.99877E-01
SCF Iteration 347: Energy = 3.7266655038417511 dE = -3.99877E-01
SCF Iteration 348: Energy = 4.1265426772158946 dE =  3.99877E-01
SCF Iteration 349: Energy = 3.7266655038417458 dE = -3.99877E-01
SCF Iteration 350: Energy = 4.1265426772158929 dE =  3.99877E-01
SCF Iteration 351: Energy = 3.7266655038417462 dE = -3.99877E-01
SCF Iteration 352: Energy = 4.1265426772158911 dE =  3.99877E-01
SCF Iteration 353: Energy = 3.7266655038417524 dE = -3.99877E-01
SCF Iteration 354: Energy = 4.1265426772158875 dE =  3.99877E-01
SCF Iteration 355: Energy = 3.7266655038417587 dE = -3.99877E-01
SCF Iteration 356: Energy = 4.1265426772158955 dE =  3.99877E-01
SCF Iteration 357: Energy = 3.7266655038417480 dE = -3.99877E-01
SCF Iteration 358: Energy = 4.1265426772158840 dE =  3.99877E-01
SCF Iteration 359: Energy = 3.7266655038417418 dE = -3.99877E-01
SCF Iteration 360: Energy = 4.1265426772158778 dE =  3.99877E-01
SCF Iteration 361: Energy = 3.7266655038417449 dE = -3.99877E-01
SCF Iteration 362: Energy = 4.1265426772158911 dE =  3.99877E-01
SCF Iteration 363: Energy = 3.7266655038417431 dE = -3.99877E-01
SCF Iteration 364: Energy = 4.1265426772158840 dE =  3.99877E-01
SCF Iteration 365: Energy = 3.7266655038417476 dE = -3.99877E-01
SCF Iteration 366: Energy = 4.1265426772158884 dE =  3.99877E-01
SCF Iteration 367: Energy = 3.7266655038417476 dE = -3.99877E-01
SCF Iteration 368: Energy = 4.1265426772158893 dE =  3.99877E-01
SCF Iteration 369: Energy = 3.7266655038417515 dE = -3.99877E-01
SCF Iteration 370: Energy = 4.1265426772159035 dE =  3.99877E-01
SCF Iteration 371: Energy = 3.7266655038417604 dE = -3.99877E-01
SCF Iteration 372: Energy = 4.1265426772159008 dE =  3.99877E-01
SCF Iteration 373: Energy = 3.7266655038417484 dE = -3.99877E-01
SCF Iteration 374: Energy = 4.1265426772158991 dE =  3.99877E-01
SCF Iteration 375: Energy = 3.7266655038417533 dE = -3.99877E-01
SCF Iteration 376: Energy = 4.1265426772158893 dE =  3.99877E-01
SCF Iteration 377: Energy = 3.7266655038417529 dE = -3.99877E-01
SCF Iteration 378: Energy = 4.1265426772158893 dE =  3.99877E-01
SCF Iteration 379: Energy = 3.7266655038417436 dE = -3.99877E-01
SCF Iteration 380: Energy = 4.1265426772158991 dE =  3.99877E-01
SCF Iteration 381: Energy = 3.7266655038417467 dE = -3.99877E-01
SCF Iteration 382: Energy = 4.1265426772158893 dE =  3.99877E-01
SCF Iteration 383: Energy = 3.7266655038417462 dE = -3.99877E-01
SCF Iteration 384: Energy = 4.1265426772158884 dE =  3.99877E-01
SCF Iteration 385: Energy = 3.7266655038417293 dE = -3.99877E-01
SCF Iteration 386: Energy = 4.1265426772158857 dE =  3.99877E-01
SCF Iteration 387: Energy = 3.7266655038417476 dE = -3.99877E-01
SCF Iteration 388: Energy = 4.1265426772158893 dE =  3.99877E-01
SCF Iteration 389: Energy = 3.7266655038417378 dE = -3.99877E-01
SCF Iteration 390: Energy = 4.1265426772158840 dE =  3.99877E-01
SCF Iteration 391: Energy = 3.7266655038417347 dE = -3.99877E-01
SCF Iteration 392: Energy = 4.1265426772158786 dE =  3.99877E-01
SCF Iteration 393: Energy = 3.7266655038417387 dE = -3.99877E-01
SCF Iteration 394: Energy = 4.1265426772158786 dE =  3.99877E-01
SCF Iteration 395: Energy = 3.7266655038417373 dE = -3.99877E-01
SCF Iteration 396: Energy = 4.1265426772158804 dE =  3.99877E-01
SCF Iteration 397: Energy = 3.7266655038417369 dE = -3.99877E-01
SCF Iteration 398: Energy = 4.1265426772158769 dE =  3.99877E-01
SCF Iteration 399: Energy = 3.7266655038417293 dE = -3.99877E-01
SCF Iteration 400: Energy = 4.1265426772158786 dE =  3.99877E-01
SCF Iteration 401: Energy = 3.7266655038417453 dE = -3.99877E-01
SCF Iteration 402: Energy = 4.1265426772158840 dE =  3.99877E-01
SCF Iteration 403: Energy = 3.7266655038417409 dE = -3.99877E-01
SCF Iteration 404: Energy = 4.1265426772158813 dE =  3.99877E-01
SCF Iteration 405: Energy = 3.7266655038417404 dE = -3.99877E-01
SCF Iteration 406: Energy = 4.1265426772158804 dE =  3.99877E-01
SCF Iteration 407: Energy = 3.7266655038417356 dE = -3.99877E-01
SCF Iteration 408: Energy = 4.1265426772158786 dE =  3.99877E-01
SCF Iteration 409: Energy = 3.7266655038417462 dE = -3.99877E-01
SCF Iteration 410: Energy = 4.1265426772158831 dE =  3.99877E-01
SCF Iteration 411: Energy = 3.7266655038417462 dE = -3.99877E-01
SCF Iteration 412: Energy = 4.1265426772158893 dE =  3.99877E-01
SCF Iteration 413: Energy = 3.7266655038417493 dE = -3.99877E-01
SCF Iteration 414: Energy = 4.1265426772158902 dE =  3.99877E-01
SCF Iteration 415: Energy = 3.7266655038417480 dE = -3.99877E-01
SCF Iteration 416: Energy = 4.1265426772158929 dE =  3.99877E-01
SCF Iteration 417: Energy = 3.7266655038417453 dE = -3.99877E-01
SCF Iteration 418: Energy = 4.1265426772158902 dE =  3.99877E-01
SCF Iteration 419: Energy = 3.7266655038417413 dE = -3.99877E-01
SCF Iteration 420: Energy = 4.1265426772158795 dE =  3.99877E-01
SCF Iteration 421: Energy = 3.7266655038417436 dE = -3.99877E-01
SCF Iteration 422: Energy = 4.1265426772158840 dE =  3.99877E-01
SCF Iteration 423: Energy = 3.7266655038417409 dE = -3.99877E-01
SCF Iteration 424: Energy = 4.1265426772158849 dE =  3.99877E-01
SCF Iteration 425: Energy = 3.7266655038417422 dE = -3.99877E-01
SCF Iteration 426: Energy = 4.1265426772158733 dE =  3.99877E-01
SCF Iteration 427: Energy = 3.7266655038417382 dE = -3.99877E-01
SCF Iteration 428: Energy = 4.1265426772158786 dE =  3.99877E-01
SCF Iteration 429: Energy = 3.7266655038417382 dE = -3.99877E-01
SCF Iteration 430: Energy = 4.1265426772158840 dE =  3.99877E-01
SCF Iteration 431: Energy = 3.7266655038417391 dE = -3.99877E-01
SCF Iteration 432: Energy = 4.1265426772158813 dE =  3.99877E-01
SCF Iteration 433: Energy = 3.7266655038417422 dE = -3.99877E-01
SCF Iteration 434: Energy = 4.1265426772158795 dE =  3.99877E-01
SCF Iteration 435: Energy = 3.7266655038417413 dE = -3.99877E-01
SCF Iteration 436: Energy = 4.1265426772158698 dE =  3.99877E-01
SCF Iteration 437: Energy = 3.7266655038417382 dE = -3.99877E-01
SCF Iteration 438: Energy = 4.1265426772158760 dE =  3.99877E-01
SCF Iteration 439: Energy = 3.7266655038417373 dE = -3.99877E-01
SCF Iteration 440: Energy = 4.1265426772158742 dE =  3.99877E-01
SCF Iteration 441: Energy = 3.7266655038417342 dE = -3.99877E-01
SCF Iteration 442: Energy = 4.1265426772158653 dE =  3.99877E-01
SCF Iteration 443: Energy = 3.7266655038417271 dE = -3.99877E-01
SCF Iteration 444: Energy = 4.1265426772158609 dE =  3.99877E-01
SCF Iteration 445: Energy = 3.7266655038417231 dE = -3.99877E-01
SCF Iteration 446: Energy = 4.1265426772158600 dE =  3.99877E-01
SCF Iteration 447: Energy = 3.7266655038417156 dE = -3.99877E-01
SCF Iteration 448: Energy = 4.1265426772158573 dE =  3.99877E-01
SCF Iteration 449: Energy = 3.7266655038417253 dE = -3.99877E-01
SCF Iteration 450: Energy = 4.1265426772158564 dE =  3.99877E-01
SCF Iteration 451: Energy = 3.7266655038417134 dE = -3.99877E-01
SCF Iteration 452: Energy = 4.1265426772158511 dE =  3.99877E-01
SCF Iteration 453: Energy = 3.7266655038417129 dE = -3.99877E-01
SCF Iteration 454: Energy = 4.1265426772158502 dE =  3.99877E-01
SCF Iteration 455: Energy = 3.7266655038416991 dE = -3.99877E-01
SCF Iteration 456: Energy = 4.1265426772158316 dE =  3.99877E-01
SCF Iteration 457: Energy = 3.7266655038416876 dE = -3.99877E-01
SCF Iteration 458: Energy = 4.1265426772158262 dE =  3.99877E-01
SCF Iteration 459: Energy = 3.7266655038416818 dE = -3.99877E-01
SCF Iteration 460: Energy = 4.1265426772158191 dE =  3.99877E-01
SCF Iteration 461: Energy = 3.7266655038416747 dE = -3.99877E-01
SCF Iteration 462: Energy = 4.1265426772158040 dE =  3.99877E-01
SCF Iteration 463: Energy = 3.7266655038416761 dE = -3.99877E-01
SCF Iteration 464: Energy = 4.1265426772158023 dE =  3.99877E-01
SCF Iteration 465: Energy = 3.7266655038416738 dE = -3.99877E-01
SCF Iteration 466: Energy = 4.1265426772157969 dE =  3.99877E-01
SCF Iteration 467: Energy = 3.7266655038416627 dE = -3.99877E-01
SCF Iteration 468: Energy = 4.1265426772157774 dE =  3.99877E-01
SCF Iteration 469: Energy = 3.7266655038416427 dE = -3.99877E-01
SCF Iteration 470: Energy = 4.1265426772157623 dE =  3.99877E-01
SCF Iteration 471: Energy = 3.7266655038416254 dE = -3.99877E-01
SCF Iteration 472: Energy = 4.1265426772157348 dE =  3.99877E-01
SCF Iteration 473: Energy = 3.7266655038415988 dE = -3.99877E-01
SCF Iteration 474: Energy = 4.1265426772157205 dE =  3.99877E-01
SCF Iteration 475: Energy = 3.7266655038415828 dE = -3.99877E-01
SCF Iteration 476: Energy = 4.1265426772156966 dE =  3.99877E-01
SCF Iteration 477: Energy = 3.7266655038415641 dE = -3.99877E-01
SCF Iteration 478: Energy = 4.1265426772156690 dE =  3.99877E-01
SCF Iteration 479: Energy = 3.7266655038415477 dE = -3.99877E-01
SCF Iteration 480: Energy = 4.1265426772156397 dE =  3.99877E-01
SCF Iteration 481: Energy = 3.7266655038415162 dE = -3.99877E-01
SCF Iteration 482: Energy = 4.1265426772156104 dE =  3.99877E-01
SCF Iteration 483: Energy = 3.7266655038414913 dE = -3.99877E-01
SCF Iteration 484: Energy = 4.1265426772155740 dE =  3.99877E-01
SCF Iteration 485: Energy = 3.7266655038414562 dE = -3.99877E-01
SCF Iteration 486: Energy = 4.1265426772155305 dE =  3.99877E-01
SCF Iteration 487: Energy = 3.7266655038414158 dE = -3.99877E-01
SCF Iteration 488: Energy = 4.1265426772154852 dE =  3.99877E-01
SCF Iteration 489: Energy = 3.7266655038413790 dE = -3.99877E-01
SCF Iteration 490: Energy = 4.1265426772154319 dE =  3.99877E-01
SCF Iteration 491: Energy = 3.7266655038413221 dE = -3.99877E-01
SCF Iteration 492: Energy = 4.1265426772153715 dE =  3.99877E-01
SCF Iteration 493: Energy = 3.7266655038412644 dE = -3.99877E-01
SCF Iteration 494: Energy = 4.1265426772152978 dE =  3.99877E-01
SCF Iteration 495: Energy = 3.7266655038411987 dE = -3.99877E-01
SCF Iteration 496: Energy = 4.1265426772152294 dE =  3.99877E-01
SCF Iteration 497: Energy = 3.7266655038411285 dE = -3.99877E-01
SCF Iteration 498: Energy = 4.1265426772151290 dE =  3.99877E-01
SCF Iteration 499: Energy = 3.7266655038410441 dE = -3.99877E-01
SCF Iteration 500: Energy = 4.1265426772150331 dE =  3.99877E-01
