
  Memory set to  55.879 GiB by Python driver.
  Threads set to 1 by Python driver.
Settings:
	LOT = CCSD-S1-U21
	wc = 20.0 eV
	lambda = [1.212424 0.       0.      ] a.u.
	Equivalent A0 = LAMBDA / sqrt(2 wc) = [1. 0. 0.])
doing QED-CCSD-1 (or QED-CCSD-21)
Number of occupied orbitals:   1
Number of basis functions:  60
SCF Iteration   1: Energy = 4.6698985977948126 dE =  4.66990E+00
SCF Iteration   2: Energy = 5.3067384031252169 dE =  6.36840E-01
SCF Iteration   3: Energy = 4.8216028625148288 dE = -4.85136E-01
SCF Iteration   4: Energy = 5.1725141139487691 dE =  3.50911E-01
SCF Iteration   5: Energy = 4.8799611914356680 dE = -2.92553E-01
SCF Iteration   6: Energy = 5.1404404459394462 dE =  2.60479E-01
SCF Iteration   7: Energy = 4.8966855756416905 dE = -2.43755E-01
SCF Iteration   8: Energy = 5.1260645099979669 dE =  2.29379E-01
SCF Iteration   9: Energy = 4.8978708100838437 dE = -2.28194E-01
SCF Iteration  10: Energy = 5.1152852274730352 dE =  2.17414E-01
SCF Iteration  11: Energy = 4.8928744102077992 dE = -2.22411E-01
SCF Iteration  12: Energy = 5.1057798205588636 dE =  2.12905E-01
SCF Iteration  13: Energy = 4.8857859157359007 dE = -2.19994E-01
SCF Iteration  14: Energy = 5.0973413899809694 dE =  2.11555E-01
SCF Iteration  15: Energy = 4.8784377509531405 dE = -2.18904E-01
SCF Iteration  16: Energy = 5.0900183448183940 dE =  2.11581E-01
SCF Iteration  17: Energy = 4.8716207890826748 dE = -2.18398E-01
SCF Iteration  18: Energy = 5.0838030880546121 dE =  2.12182E-01
SCF Iteration  19: Energy = 4.8656328888282223 dE = -2.18170E-01
SCF Iteration  20: Energy = 5.0786188128684762 dE =  2.12986E-01
SCF Iteration  21: Energy = 4.8605367596760534 dE = -2.18082E-01
SCF Iteration  22: Energy = 5.0743500179447318 dE =  2.13813E-01
SCF Iteration  23: Energy = 4.8562859392799416 dE = -2.18064E-01
SCF Iteration  24: Energy = 5.0708684708872891 dE =  2.14583E-01
SCF Iteration  25: Energy = 4.8527881845000467 dE = -2.18080E-01
SCF Iteration  26: Energy = 5.0680490789424120 dE =  2.15261E-01
SCF Iteration  27: Energy = 4.8499376254469819 dE = -2.18111E-01
SCF Iteration  28: Energy = 5.0657780127925269 dE =  2.15840E-01
SCF Iteration  29: Energy = 4.8476306749310583 dE = -2.18147E-01
SCF Iteration  30: Energy = 5.0639559564411218 dE =  2.16325E-01
SCF Iteration  31: Energy = 4.8457732981241284 dE = -2.18183E-01
SCF Iteration  32: Energy = 5.0624985875179540 dE =  2.16725E-01
SCF Iteration  33: Energy = 4.8442836855713294 dE = -2.18215E-01
SCF Iteration  34: Energy = 5.0613356289754154 dE =  2.17052E-01
SCF Iteration  35: Energy = 4.8430925421235385 dE = -2.18243E-01
SCF Iteration  36: Energy = 5.0604092685269793 dE =  2.17317E-01
SCF Iteration  37: Energy = 4.8421422157508864 dE = -2.18267E-01
SCF Iteration  38: Energy = 5.0596723930107013 dE =  2.17530E-01
SCF Iteration  39: Energy = 4.8413853391859130 dE = -2.18287E-01
SCF Iteration  40: Energy = 5.0590868728113456 dE =  2.17702E-01
SCF Iteration  41: Energy = 4.8407833454096796 dE = -2.18304E-01
SCF Iteration  42: Energy = 5.0586220075509898 dE =  2.17839E-01
SCF Iteration  43: Energy = 4.8403050409477197 dE = -2.18317E-01
SCF Iteration  44: Energy = 5.0582531745077022 dE =  2.17948E-01
SCF Iteration  45: Energy = 4.8399253213661959 dE = -2.18328E-01
SCF Iteration  46: Energy = 5.0579606838108697 dE =  2.18035E-01
SCF Iteration  47: Energy = 4.8396240585866694 dE = -2.18337E-01
SCF Iteration  48: Energy = 5.0577288258891704 dE =  2.18105E-01
SCF Iteration  49: Energy = 4.8393851607367742 dE = -2.18344E-01
SCF Iteration  50: Energy = 5.0575450887506737 dE =  2.18160E-01
SCF Iteration  51: Energy = 4.8391957911477741 dE = -2.18349E-01
SCF Iteration  52: Energy = 5.0573995206127584 dE =  2.18204E-01
SCF Iteration  53: Energy = 4.8390457273001104 dE = -2.18354E-01
SCF Iteration  54: Energy = 5.0572842143438947 dE =  2.18238E-01
SCF Iteration  55: Energy = 4.8389268392074678 dE = -2.18357E-01
SCF Iteration  56: Energy = 5.0571928925155909 dE =  2.18266E-01
SCF Iteration  57: Energy = 4.8388326677166988 dE = -2.18360E-01
SCF Iteration  58: Energy = 5.0571205746907708 dE =  2.18288E-01
SCF Iteration  59: Energy = 4.8387580852329846 dE = -2.18362E-01
SCF Iteration  60: Energy = 5.0570633114193457 dE =  2.18305E-01
SCF Iteration  61: Energy = 4.8386990237613210 dE = -2.18364E-01
SCF Iteration  62: Energy = 5.0570179720374417 dE =  2.18319E-01
SCF Iteration  63: Energy = 4.8386522575201845 dE = -2.18366E-01
SCF Iteration  64: Energy = 5.0569820756770865 dE =  2.18330E-01
SCF Iteration  65: Energy = 4.8386152295526275 dE = -2.18367E-01
SCF Iteration  66: Energy = 5.0569536568658027 dE =  2.18338E-01
SCF Iteration  67: Energy = 4.8385859136608245 dE = -2.18368E-01
SCF Iteration  68: Energy = 5.0569311587461110 dE =  2.18345E-01
SCF Iteration  69: Energy = 4.8385627046108572 dE = -2.18368E-01
SCF Iteration  70: Energy = 5.0569133483073339 dE =  2.18351E-01
SCF Iteration  71: Energy = 4.8385443309070935 dE = -2.18369E-01
SCF Iteration  72: Energy = 5.0568992491338314 dE =  2.18355E-01
SCF Iteration  73: Energy = 4.8385297855513150 dE = -2.18369E-01
SCF Iteration  74: Energy = 5.0568880880765184 dE =  2.18358E-01
SCF Iteration  75: Energy = 4.8385182711120995 dE = -2.18370E-01
SCF Iteration  76: Energy = 5.0568792529810169 dE =  2.18361E-01
SCF Iteration  77: Energy = 4.8385091561679596 dE = -2.18370E-01
SCF Iteration  78: Energy = 5.0568722591904427 dE =  2.18363E-01
SCF Iteration  79: Energy = 4.8385019407821197 dE = -2.18370E-01
SCF Iteration  80: Energy = 5.0568667230074684 dE =  2.18365E-01
SCF Iteration  81: Energy = 4.8384962291444262 dE = -2.18370E-01
SCF Iteration  82: Energy = 5.0568623406737210 dE =  2.18366E-01
SCF Iteration  83: Energy = 4.8384917078973624 dE = -2.18371E-01
SCF Iteration  84: Energy = 5.0568588717219152 dE =  2.18367E-01
SCF Iteration  85: Energy = 4.8384881289683683 dE = -2.18371E-01
SCF Iteration  86: Energy = 5.0568561257925841 dE =  2.18368E-01
SCF Iteration  87: Energy = 4.8384852959736717 dE = -2.18371E-01
SCF Iteration  88: Energy = 5.0568539521952802 dE =  2.18369E-01
SCF Iteration  89: Energy = 4.8384830534515064 dE = -2.18371E-01
SCF Iteration  90: Energy = 5.0568522316434636 dE =  2.18369E-01
SCF Iteration  91: Energy = 4.8384812783369124 dE = -2.18371E-01
SCF Iteration  92: Energy = 5.0568508697109502 dE =  2.18370E-01
SCF Iteration  93: Energy = 4.8384798732117842 dE = -2.18371E-01
SCF Iteration  94: Energy = 5.0568497916513904 dE =  2.18370E-01
SCF Iteration  95: Energy = 4.8384787609608759 dE = -2.18371E-01
SCF Iteration  96: Energy = 5.0568489382970192 dE =  2.18370E-01
SCF Iteration  97: Energy = 4.8384778805408448 dE = -2.18371E-01
SCF Iteration  98: Energy = 5.0568482628120881 dE =  2.18370E-01
SCF Iteration  99: Energy = 4.8384771836311051 dE = -2.18371E-01
SCF Iteration 100: Energy = 5.0568477281226594 dE =  2.18371E-01
SCF Iteration 101: Energy = 4.8384766319822008 dE = -2.18371E-01
SCF Iteration 102: Energy = 5.0568473048821012 dE =  2.18371E-01
SCF Iteration 103: Energy = 4.8384761953169111 dE = -2.18371E-01
SCF Iteration 104: Energy = 5.0568469698605396 dE =  2.18371E-01
SCF Iteration 105: Energy = 4.8384758496686802 dE = -2.18371E-01
SCF Iteration 106: Energy = 5.0568467046699572 dE =  2.18371E-01
SCF Iteration 107: Energy = 4.8384755760663385 dE = -2.18371E-01
SCF Iteration 108: Energy = 5.0568464947550407 dE =  2.18371E-01
SCF Iteration 109: Energy = 4.8384753594929313 dE = -2.18371E-01
SCF Iteration 110: Energy = 5.0568463285943093 dE =  2.18371E-01
SCF Iteration 111: Energy = 4.8384751880615546 dE = -2.18371E-01
SCF Iteration 112: Energy = 5.0568461970677463 dE =  2.18371E-01
SCF Iteration 113: Energy = 4.8384750523629387 dE = -2.18371E-01
SCF Iteration 114: Energy = 5.0568460929563219 dE =  2.18371E-01
SCF Iteration 115: Energy = 4.8384749449490334 dE = -2.18371E-01
SCF Iteration 116: Energy = 5.0568460105456561 dE =  2.18371E-01
SCF Iteration 117: Energy = 4.8384748599242711 dE = -2.18371E-01
SCF Iteration 118: Energy = 5.0568459453125172 dE =  2.18371E-01
SCF Iteration 119: Energy = 4.8384747926218798 dE = -2.18371E-01
SCF Iteration 120: Energy = 5.0568458936764502 dE =  2.18371E-01
SCF Iteration 121: Energy = 4.8384747393478857 dE = -2.18371E-01
SCF Iteration 122: Energy = 5.0568458528033151 dE =  2.18371E-01
SCF Iteration 123: Energy = 4.8384746971782260 dE = -2.18371E-01
SCF Iteration 124: Energy = 5.0568458204497038 dE =  2.18371E-01
SCF Iteration 125: Energy = 4.8384746637983298 dE = -2.18371E-01
SCF Iteration 126: Energy = 5.0568457948398295 dE =  2.18371E-01
SCF Iteration 127: Energy = 4.8384746373760885 dE = -2.18371E-01
SCF Iteration 128: Energy = 5.0568457745680169 dE =  2.18371E-01
SCF Iteration 129: Energy = 4.8384746164612471 dE = -2.18371E-01
SCF Iteration 130: Energy = 5.0568457585216349 dE =  2.18371E-01
SCF Iteration 131: Energy = 4.8384745999058527 dE = -2.18371E-01
SCF Iteration 132: Energy = 5.0568457458199427 dE =  2.18371E-01
SCF Iteration 133: Energy = 4.8384745868012411 dE = -2.18371E-01
SCF Iteration 134: Energy = 5.0568457357657470 dE =  2.18371E-01
SCF Iteration 135: Energy = 4.8384745764281289 dE = -2.18371E-01
SCF Iteration 136: Energy = 5.0568457278072350 dE =  2.18371E-01
SCF Iteration 137: Energy = 4.8384745682171566 dE = -2.18371E-01
SCF Iteration 138: Energy = 5.0568457215075879 dE =  2.18371E-01
SCF Iteration 139: Energy = 4.8384745617176863 dE = -2.18371E-01
SCF Iteration 140: Energy = 5.0568457165210239 dE =  2.18371E-01
SCF Iteration 141: Energy = 4.8384745565729395 dE = -2.18371E-01
SCF Iteration 142: Energy = 5.0568457125738648 dE =  2.18371E-01
SCF Iteration 143: Energy = 4.8384745525005854 dE = -2.18371E-01
SCF Iteration 144: Energy = 5.0568457094494361 dE =  2.18371E-01
SCF Iteration 145: Energy = 4.8384745492770405 dE = -2.18371E-01
SCF Iteration 146: Energy = 5.0568457069762651 dE =  2.18371E-01
SCF Iteration 147: Energy = 4.8384745467254069 dE = -2.18371E-01
SCF Iteration 148: Energy = 5.0568457050185929 dE =  2.18371E-01
SCF Iteration 149: Energy = 4.8384745447056412 dE = -2.18371E-01
SCF Iteration 150: Energy = 5.0568457034689720 dE =  2.18371E-01
SCF Iteration 151: Energy = 4.8384745431068650 dE = -2.18371E-01
SCF Iteration 152: Energy = 5.0568457022423461 dE =  2.18371E-01
SCF Iteration 153: Energy = 4.8384745418413289 dE = -2.18371E-01
SCF Iteration 154: Energy = 5.0568457012714099 dE =  2.18371E-01
SCF Iteration 155: Energy = 4.8384745408395879 dE = -2.18371E-01
SCF Iteration 156: Energy = 5.0568457005028442 dE =  2.18371E-01
SCF Iteration 157: Energy = 4.8384745400466498 dE = -2.18371E-01
SCF Iteration 158: Energy = 5.0568456998944820 dE =  2.18371E-01
SCF Iteration 159: Energy = 4.8384745394189848 dE = -2.18371E-01
SCF Iteration 160: Energy = 5.0568456994129125 dE =  2.18371E-01
SCF Iteration 161: Energy = 4.8384745389221475 dE = -2.18371E-01
SCF Iteration 162: Energy = 5.0568456990317268 dE =  2.18371E-01
SCF Iteration 163: Energy = 4.8384745385288808 dE = -2.18371E-01
SCF Iteration 164: Energy = 5.0568456987300108 dE =  2.18371E-01
SCF Iteration 165: Energy = 4.8384745382175733 dE = -2.18371E-01
SCF Iteration 166: Energy = 5.0568456984911672 dE =  2.18371E-01
SCF Iteration 167: Energy = 4.8384745379711545 dE = -2.18371E-01
SCF Iteration 168: Energy = 5.0568456983021095 dE =  2.18371E-01
SCF Iteration 169: Energy = 4.8384745377760972 dE = -2.18371E-01
SCF Iteration 170: Energy = 5.0568456981524568 dE =  2.18371E-01
SCF Iteration 171: Energy = 4.8384745376217078 dE = -2.18371E-01
SCF Iteration 172: Energy = 5.0568456980340040 dE =  2.18371E-01
SCF Iteration 173: Energy = 4.8384745374994891 dE = -2.18371E-01
SCF Iteration 174: Energy = 5.0568456979402354 dE =  2.18371E-01
SCF Iteration 175: Energy = 4.8384745374027505 dE = -2.18371E-01
SCF Iteration 176: Energy = 5.0568456978660130 dE =  2.18371E-01
SCF Iteration 177: Energy = 4.8384745373261753 dE = -2.18371E-01
SCF Iteration 178: Energy = 5.0568456978072573 dE =  2.18371E-01
SCF Iteration 179: Energy = 4.8384745372655624 dE = -2.18371E-01
SCF Iteration 180: Energy = 5.0568456977607612 dE =  2.18371E-01
SCF Iteration 181: Energy = 4.8384745372175857 dE = -2.18371E-01
SCF Iteration 182: Energy = 5.0568456977239489 dE =  2.18371E-01
SCF Iteration 183: Energy = 4.8384745371796063 dE = -2.18371E-01
SCF Iteration 184: Energy = 5.0568456976948086 dE =  2.18371E-01
SCF Iteration 185: Energy = 4.8384745371495379 dE = -2.18371E-01
SCF Iteration 186: Energy = 5.0568456976717409 dE =  2.18371E-01
SCF Iteration 187: Energy = 4.8384745371257383 dE = -2.18371E-01
SCF Iteration 188: Energy = 5.0568456976534852 dE =  2.18371E-01
SCF Iteration 189: Energy = 4.8384745371069151 dE = -2.18371E-01
SCF Iteration 190: Energy = 5.0568456976390355 dE =  2.18371E-01
SCF Iteration 191: Energy = 4.8384745370919946 dE = -2.18371E-01
SCF Iteration 192: Energy = 5.0568456976275966 dE =  2.18371E-01
SCF Iteration 193: Energy = 4.8384745370801960 dE = -2.18371E-01
SCF Iteration 194: Energy = 5.0568456976185354 dE =  2.18371E-01
SCF Iteration 195: Energy = 4.8384745370708488 dE = -2.18371E-01
SCF Iteration 196: Energy = 5.0568456976113652 dE =  2.18371E-01
SCF Iteration 197: Energy = 4.8384745370634521 dE = -2.18371E-01
SCF Iteration 198: Energy = 5.0568456976056995 dE =  2.18371E-01
SCF Iteration 199: Energy = 4.8384745370576061 dE = -2.18371E-01
SCF Iteration 200: Energy = 5.0568456976012204 dE =  2.18371E-01
SCF Iteration 201: Energy = 4.8384745370529840 dE = -2.18371E-01
SCF Iteration 202: Energy = 5.0568456975976570 dE =  2.18371E-01
SCF Iteration 203: Energy = 4.8384745370493061 dE = -2.18371E-01
SCF Iteration 204: Energy = 5.0568456975948353 dE =  2.18371E-01
SCF Iteration 205: Energy = 4.8384745370464062 dE = -2.18371E-01
SCF Iteration 206: Energy = 5.0568456975926193 dE =  2.18371E-01
SCF Iteration 207: Energy = 4.8384745370441031 dE = -2.18371E-01
SCF Iteration 208: Energy = 5.0568456975908509 dE =  2.18371E-01
SCF Iteration 209: Energy = 4.8384745370422850 dE = -2.18371E-01
SCF Iteration 210: Energy = 5.0568456975894565 dE =  2.18371E-01
SCF Iteration 211: Energy = 4.8384745370408515 dE = -2.18371E-01
SCF Iteration 212: Energy = 5.0568456975883462 dE =  2.18371E-01
SCF Iteration 213: Energy = 4.8384745370397040 dE = -2.18371E-01
SCF Iteration 214: Energy = 5.0568456975874758 dE =  2.18371E-01
SCF Iteration 215: Energy = 4.8384745370388069 dE = -2.18371E-01
SCF Iteration 216: Energy = 5.0568456975867919 dE =  2.18371E-01
SCF Iteration 217: Energy = 4.8384745370381035 dE = -2.18371E-01
SCF Iteration 218: Energy = 5.0568456975862359 dE =  2.18371E-01
SCF Iteration 219: Energy = 4.8384745370375306 dE = -2.18371E-01
SCF Iteration 220: Energy = 5.0568456975858105 dE =  2.18371E-01
SCF Iteration 221: Energy = 4.8384745370370785 dE = -2.18371E-01
SCF Iteration 222: Energy = 5.0568456975854739 dE =  2.18371E-01
SCF Iteration 223: Energy = 4.8384745370367286 dE = -2.18371E-01
SCF Iteration 224: Energy = 5.0568456975851941 dE =  2.18371E-01
SCF Iteration 225: Energy = 4.8384745370364355 dE = -2.18371E-01
SCF Iteration 226: Energy = 5.0568456975849783 dE =  2.18371E-01
SCF Iteration 227: Energy = 4.8384745370362188 dE = -2.18371E-01
SCF Iteration 228: Energy = 5.0568456975847944 dE =  2.18371E-01
SCF Iteration 229: Energy = 4.8384745370360500 dE = -2.18371E-01
SCF Iteration 230: Energy = 5.0568456975846710 dE =  2.18371E-01
SCF Iteration 231: Energy = 4.8384745370359061 dE = -2.18371E-01
SCF Iteration 232: Energy = 5.0568456975845555 dE =  2.18371E-01
SCF Iteration 233: Energy = 4.8384745370357924 dE = -2.18371E-01
SCF Iteration 234: Energy = 5.0568456975844800 dE =  2.18371E-01
SCF Iteration 235: Energy = 4.8384745370357036 dE = -2.18371E-01
SCF Iteration 236: Energy = 5.0568456975844098 dE =  2.18371E-01
SCF Iteration 237: Energy = 4.8384745370356441 dE = -2.18371E-01
SCF Iteration 238: Energy = 5.0568456975843548 dE =  2.18371E-01
SCF Iteration 239: Energy = 4.8384745370355899 dE = -2.18371E-01
SCF Iteration 240: Energy = 5.0568456975843130 dE =  2.18371E-01
SCF Iteration 241: Energy = 4.8384745370355491 dE = -2.18371E-01
SCF Iteration 242: Energy = 5.0568456975842873 dE =  2.18371E-01
SCF Iteration 243: Energy = 4.8384745370355215 dE = -2.18371E-01
SCF Iteration 244: Energy = 5.0568456975842651 dE =  2.18371E-01
SCF Iteration 245: Energy = 4.8384745370354869 dE = -2.18371E-01
SCF Iteration 246: Energy = 5.0568456975842411 dE =  2.18371E-01
SCF Iteration 247: Energy = 4.8384745370354656 dE = -2.18371E-01
SCF Iteration 248: Energy = 5.0568456975842251 dE =  2.18371E-01
SCF Iteration 249: Energy = 4.8384745370354496 dE = -2.18371E-01
SCF Iteration 250: Energy = 5.0568456975842109 dE =  2.18371E-01
SCF Iteration 251: Energy = 4.8384745370354336 dE = -2.18371E-01
SCF Iteration 252: Energy = 5.0568456975842020 dE =  2.18371E-01
SCF Iteration 253: Energy = 4.8384745370354301 dE = -2.18371E-01
SCF Iteration 254: Energy = 5.0568456975841976 dE =  2.18371E-01
SCF Iteration 255: Energy = 4.8384745370354176 dE = -2.18371E-01
SCF Iteration 256: Energy = 5.0568456975841869 dE =  2.18371E-01
SCF Iteration 257: Energy = 4.8384745370354034 dE = -2.18371E-01
SCF Iteration 258: Energy = 5.0568456975841753 dE =  2.18371E-01
SCF Iteration 259: Energy = 4.8384745370354008 dE = -2.18371E-01
SCF Iteration 260: Energy = 5.0568456975841753 dE =  2.18371E-01
SCF Iteration 261: Energy = 4.8384745370353972 dE = -2.18371E-01
SCF Iteration 262: Energy = 5.0568456975841700 dE =  2.18371E-01
SCF Iteration 263: Energy = 4.8384745370353928 dE = -2.18371E-01
SCF Iteration 264: Energy = 5.0568456975841665 dE =  2.18371E-01
SCF Iteration 265: Energy = 4.8384745370353999 dE = -2.18371E-01
SCF Iteration 266: Energy = 5.0568456975841736 dE =  2.18371E-01
SCF Iteration 267: Energy = 4.8384745370353928 dE = -2.18371E-01
SCF Iteration 268: Energy = 5.0568456975841709 dE =  2.18371E-01
SCF Iteration 269: Energy = 4.8384745370353874 dE = -2.18371E-01
SCF Iteration 270: Energy = 5.0568456975841620 dE =  2.18371E-01
SCF Iteration 271: Energy = 4.8384745370353874 dE = -2.18371E-01
SCF Iteration 272: Energy = 5.0568456975841665 dE =  2.18371E-01
SCF Iteration 273: Energy = 4.8384745370353928 dE = -2.18371E-01
SCF Iteration 274: Energy = 5.0568456975841629 dE =  2.18371E-01
SCF Iteration 275: Energy = 4.8384745370353883 dE = -2.18371E-01
SCF Iteration 276: Energy = 5.0568456975841665 dE =  2.18371E-01
SCF Iteration 277: Energy = 4.8384745370353874 dE = -2.18371E-01
SCF Iteration 278: Energy = 5.0568456975841629 dE =  2.18371E-01
SCF Iteration 279: Energy = 4.8384745370353892 dE = -2.18371E-01
SCF Iteration 280: Energy = 5.0568456975841638 dE =  2.18371E-01
SCF Iteration 281: Energy = 4.8384745370353857 dE = -2.18371E-01
SCF Iteration 282: Energy = 5.0568456975841700 dE =  2.18371E-01
SCF Iteration 283: Energy = 4.8384745370353821 dE = -2.18371E-01
SCF Iteration 284: Energy = 5.0568456975841585 dE =  2.18371E-01
SCF Iteration 285: Energy = 4.8384745370353750 dE = -2.18371E-01
SCF Iteration 286: Energy = 5.0568456975841514 dE =  2.18371E-01
SCF Iteration 287: Energy = 4.8384745370353857 dE = -2.18371E-01
SCF Iteration 288: Energy = 5.0568456975841665 dE =  2.18371E-01
SCF Iteration 289: Energy = 4.8384745370353892 dE = -2.18371E-01
SCF Iteration 290: Energy = 5.0568456975841736 dE =  2.18371E-01
SCF Iteration 291: Energy = 4.8384745370353928 dE = -2.18371E-01
SCF Iteration 292: Energy = 5.0568456975841682 dE =  2.18371E-01
SCF Iteration 293: Energy = 4.8384745370353839 dE = -2.18371E-01
SCF Iteration 294: Energy = 5.0568456975841611 dE =  2.18371E-01
SCF Iteration 295: Energy = 4.8384745370353777 dE = -2.18371E-01
SCF Iteration 296: Energy = 5.0568456975841647 dE =  2.18371E-01
SCF Iteration 297: Energy = 4.8384745370353794 dE = -2.18371E-01
SCF Iteration 298: Energy = 5.0568456975841611 dE =  2.18371E-01
SCF Iteration 299: Energy = 4.8384745370353786 dE = -2.18371E-01
SCF Iteration 300: Energy = 5.0568456975841585 dE =  2.18371E-01
SCF Iteration 301: Energy = 4.8384745370353803 dE = -2.18371E-01
SCF Iteration 302: Energy = 5.0568456975841505 dE =  2.18371E-01
SCF Iteration 303: Energy = 4.8384745370353732 dE = -2.18371E-01
SCF Iteration 304: Energy = 5.0568456975841594 dE =  2.18371E-01
SCF Iteration 305: Energy = 4.8384745370353812 dE = -2.18371E-01
SCF Iteration 306: Energy = 5.0568456975841576 dE =  2.18371E-01
SCF Iteration 307: Energy = 4.8384745370353821 dE = -2.18371E-01
SCF Iteration 308: Energy = 5.0568456975841576 dE =  2.18371E-01
SCF Iteration 309: Energy = 4.8384745370353732 dE = -2.18371E-01
SCF Iteration 310: Energy = 5.0568456975841523 dE =  2.18371E-01
SCF Iteration 311: Energy = 4.8384745370353794 dE = -2.18371E-01
SCF Iteration 312: Energy = 5.0568456975841443 dE =  2.18371E-01
SCF Iteration 313: Energy = 4.8384745370353679 dE = -2.18371E-01
SCF Iteration 314: Energy = 5.0568456975841514 dE =  2.18371E-01
SCF Iteration 315: Energy = 4.8384745370353750 dE = -2.18371E-01
SCF Iteration 316: Energy = 5.0568456975841567 dE =  2.18371E-01
SCF Iteration 317: Energy = 4.8384745370353732 dE = -2.18371E-01
SCF Iteration 318: Energy = 5.0568456975841594 dE =  2.18371E-01
SCF Iteration 319: Energy = 4.8384745370353732 dE = -2.18371E-01
SCF Iteration 320: Energy = 5.0568456975841540 dE =  2.18371E-01
SCF Iteration 321: Energy = 4.8384745370353830 dE = -2.18371E-01
SCF Iteration 322: Energy = 5.0568456975841523 dE =  2.18371E-01
SCF Iteration 323: Energy = 4.8384745370353679 dE = -2.18371E-01
SCF Iteration 324: Energy = 5.0568456975841496 dE =  2.18371E-01
SCF Iteration 325: Energy = 4.8384745370353714 dE = -2.18371E-01
SCF Iteration 326: Energy = 5.0568456975841487 dE =  2.18371E-01
SCF Iteration 327: Energy = 4.8384745370353812 dE = -2.18371E-01
SCF Iteration 328: Energy = 5.0568456975841514 dE =  2.18371E-01
SCF Iteration 329: Energy = 4.8384745370353768 dE = -2.18371E-01
SCF Iteration 330: Energy = 5.0568456975841647 dE =  2.18371E-01
SCF Iteration 331: Energy = 4.8384745370353839 dE = -2.18371E-01
SCF Iteration 332: Energy = 5.0568456975841585 dE =  2.18371E-01
SCF Iteration 333: Energy = 4.8384745370353732 dE = -2.18371E-01
SCF Iteration 334: Energy = 5.0568456975841602 dE =  2.18371E-01
SCF Iteration 335: Energy = 4.8384745370353821 dE = -2.18371E-01
SCF Iteration 336: Energy = 5.0568456975841558 dE =  2.18371E-01
SCF Iteration 337: Energy = 4.8384745370353848 dE = -2.18371E-01
SCF Iteration 338: Energy = 5.0568456975841611 dE =  2.18371E-01
SCF Iteration 339: Energy = 4.8384745370353830 dE = -2.18371E-01
SCF Iteration 340: Energy = 5.0568456975841611 dE =  2.18371E-01
SCF Iteration 341: Energy = 4.8384745370353874 dE = -2.18371E-01
SCF Iteration 342: Energy = 5.0568456975841558 dE =  2.18371E-01
SCF Iteration 343: Energy = 4.8384745370353821 dE = -2.18371E-01
SCF Iteration 344: Energy = 5.0568456975841665 dE =  2.18371E-01
SCF Iteration 345: Energy = 4.8384745370353892 dE = -2.18371E-01
SCF Iteration 346: Energy = 5.0568456975841647 dE =  2.18371E-01
SCF Iteration 347: Energy = 4.8384745370353910 dE = -2.18371E-01
SCF Iteration 348: Energy = 5.0568456975841594 dE =  2.18371E-01
SCF Iteration 349: Energy = 4.8384745370353821 dE = -2.18371E-01
SCF Iteration 350: Energy = 5.0568456975841647 dE =  2.18371E-01
SCF Iteration 351: Energy = 4.8384745370353857 dE = -2.18371E-01
SCF Iteration 352: Energy = 5.0568456975841656 dE =  2.18371E-01
SCF Iteration 353: Energy = 4.8384745370353857 dE = -2.18371E-01
SCF Iteration 354: Energy = 5.0568456975841629 dE =  2.18371E-01
SCF Iteration 355: Energy = 4.8384745370353910 dE = -2.18371E-01
SCF Iteration 356: Energy = 5.0568456975841611 dE =  2.18371E-01
SCF Iteration 357: Energy = 4.8384745370353857 dE = -2.18371E-01
SCF Iteration 358: Energy = 5.0568456975841549 dE =  2.18371E-01
SCF Iteration 359: Energy = 4.8384745370353812 dE = -2.18371E-01
SCF Iteration 360: Energy = 5.0568456975841611 dE =  2.18371E-01
SCF Iteration 361: Energy = 4.8384745370353786 dE = -2.18371E-01
SCF Iteration 362: Energy = 5.0568456975841629 dE =  2.18371E-01
SCF Iteration 363: Energy = 4.8384745370353839 dE = -2.18371E-01
SCF Iteration 364: Energy = 5.0568456975841558 dE =  2.18371E-01
SCF Iteration 365: Energy = 4.8384745370353759 dE = -2.18371E-01
SCF Iteration 366: Energy = 5.0568456975841594 dE =  2.18371E-01
SCF Iteration 367: Energy = 4.8384745370353750 dE = -2.18371E-01
SCF Iteration 368: Energy = 5.0568456975841567 dE =  2.18371E-01
SCF Iteration 369: Energy = 4.8384745370353777 dE = -2.18371E-01
SCF Iteration 370: Energy = 5.0568456975841682 dE =  2.18371E-01
SCF Iteration 371: Energy = 4.8384745370353794 dE = -2.18371E-01
SCF Iteration 372: Energy = 5.0568456975841700 dE =  2.18371E-01
SCF Iteration 373: Energy = 4.8384745370353741 dE = -2.18371E-01
SCF Iteration 374: Energy = 5.0568456975841647 dE =  2.18371E-01
SCF Iteration 375: Energy = 4.8384745370353777 dE = -2.18371E-01
SCF Iteration 376: Energy = 5.0568456975841611 dE =  2.18371E-01
SCF Iteration 377: Energy = 4.8384745370353857 dE = -2.18371E-01
SCF Iteration 378: Energy = 5.0568456975841594 dE =  2.18371E-01
SCF Iteration 379: Energy = 4.8384745370353821 dE = -2.18371E-01
SCF Iteration 380: Energy = 5.0568456975841656 dE =  2.18371E-01
SCF Iteration 381: Energy = 4.8384745370353803 dE = -2.18371E-01
SCF Iteration 382: Energy = 5.0568456975841629 dE =  2.18371E-01
SCF Iteration 383: Energy = 4.8384745370353794 dE = -2.18371E-01
SCF Iteration 384: Energy = 5.0568456975841638 dE =  2.18371E-01
SCF Iteration 385: Energy = 4.8384745370353830 dE = -2.18371E-01
SCF Iteration 386: Energy = 5.0568456975841602 dE =  2.18371E-01
SCF Iteration 387: Energy = 4.8384745370353865 dE = -2.18371E-01
SCF Iteration 388: Energy = 5.0568456975841656 dE =  2.18371E-01
SCF Iteration 389: Energy = 4.8384745370353803 dE = -2.18371E-01
SCF Iteration 390: Energy = 5.0568456975841523 dE =  2.18371E-01
SCF Iteration 391: Energy = 4.8384745370353786 dE = -2.18371E-01
SCF Iteration 392: Energy = 5.0568456975841540 dE =  2.18371E-01
SCF Iteration 393: Energy = 4.8384745370353848 dE = -2.18371E-01
SCF Iteration 394: Energy = 5.0568456975841576 dE =  2.18371E-01
SCF Iteration 395: Energy = 4.8384745370353768 dE = -2.18371E-01
SCF Iteration 396: Energy = 5.0568456975841540 dE =  2.18371E-01
SCF Iteration 397: Energy = 4.8384745370353768 dE = -2.18371E-01
SCF Iteration 398: Energy = 5.0568456975841576 dE =  2.18371E-01
SCF Iteration 399: Energy = 4.8384745370353786 dE = -2.18371E-01
SCF Iteration 400: Energy = 5.0568456975841611 dE =  2.18371E-01
SCF Iteration 401: Energy = 4.8384745370353803 dE = -2.18371E-01
SCF Iteration 402: Energy = 5.0568456975841602 dE =  2.18371E-01
SCF Iteration 403: Energy = 4.8384745370353786 dE = -2.18371E-01
SCF Iteration 404: Energy = 5.0568456975841567 dE =  2.18371E-01
SCF Iteration 405: Energy = 4.8384745370353794 dE = -2.18371E-01
SCF Iteration 406: Energy = 5.0568456975841558 dE =  2.18371E-01
SCF Iteration 407: Energy = 4.8384745370353732 dE = -2.18371E-01
SCF Iteration 408: Energy = 5.0568456975841665 dE =  2.18371E-01
SCF Iteration 409: Energy = 4.8384745370353786 dE = -2.18371E-01
SCF Iteration 410: Energy = 5.0568456975841558 dE =  2.18371E-01
SCF Iteration 411: Energy = 4.8384745370353803 dE = -2.18371E-01
SCF Iteration 412: Energy = 5.0568456975841540 dE =  2.18371E-01
SCF Iteration 413: Energy = 4.8384745370353857 dE = -2.18371E-01
SCF Iteration 414: Energy = 5.0568456975841549 dE =  2.18371E-01
SCF Iteration 415: Energy = 4.8384745370353874 dE = -2.18371E-01
SCF Iteration 416: Energy = 5.0568456975841531 dE =  2.18371E-01
SCF Iteration 417: Energy = 4.8384745370353892 dE = -2.18371E-01
SCF Iteration 418: Energy = 5.0568456975841638 dE =  2.18371E-01
SCF Iteration 419: Energy = 4.8384745370353910 dE = -2.18371E-01
SCF Iteration 420: Energy = 5.0568456975841718 dE =  2.18371E-01
SCF Iteration 421: Energy = 4.8384745370353821 dE = -2.18371E-01
SCF Iteration 422: Energy = 5.0568456975841700 dE =  2.18371E-01
SCF Iteration 423: Energy = 4.8384745370353910 dE = -2.18371E-01
SCF Iteration 424: Energy = 5.0568456975841576 dE =  2.18371E-01
SCF Iteration 425: Energy = 4.8384745370353839 dE = -2.18371E-01
SCF Iteration 426: Energy = 5.0568456975841629 dE =  2.18371E-01
SCF Iteration 427: Energy = 4.8384745370353803 dE = -2.18371E-01
SCF Iteration 428: Energy = 5.0568456975841647 dE =  2.18371E-01
SCF Iteration 429: Energy = 4.8384745370353786 dE = -2.18371E-01
SCF Iteration 430: Energy = 5.0568456975841647 dE =  2.18371E-01
SCF Iteration 431: Energy = 4.8384745370353892 dE = -2.18371E-01
SCF Iteration 432: Energy = 5.0568456975841700 dE =  2.18371E-01
SCF Iteration 433: Energy = 4.8384745370353919 dE = -2.18371E-01
SCF Iteration 434: Energy = 5.0568456975841585 dE =  2.18371E-01
SCF Iteration 435: Energy = 4.8384745370353821 dE = -2.18371E-01
SCF Iteration 436: Energy = 5.0568456975841576 dE =  2.18371E-01
SCF Iteration 437: Energy = 4.8384745370353830 dE = -2.18371E-01
SCF Iteration 438: Energy = 5.0568456975841700 dE =  2.18371E-01
SCF Iteration 439: Energy = 4.8384745370353892 dE = -2.18371E-01
SCF Iteration 440: Energy = 5.0568456975841647 dE =  2.18371E-01
SCF Iteration 441: Energy = 4.8384745370353928 dE = -2.18371E-01
SCF Iteration 442: Energy = 5.0568456975841638 dE =  2.18371E-01
SCF Iteration 443: Energy = 4.8384745370353830 dE = -2.18371E-01
SCF Iteration 444: Energy = 5.0568456975841727 dE =  2.18371E-01
SCF Iteration 445: Energy = 4.8384745370353928 dE = -2.18371E-01
SCF Iteration 446: Energy = 5.0568456975841629 dE =  2.18371E-01
SCF Iteration 447: Energy = 4.8384745370353839 dE = -2.18371E-01
SCF Iteration 448: Energy = 5.0568456975841611 dE =  2.18371E-01
SCF Iteration 449: Energy = 4.8384745370353803 dE = -2.18371E-01
SCF Iteration 450: Energy = 5.0568456975841576 dE =  2.18371E-01
SCF Iteration 451: Energy = 4.8384745370353794 dE = -2.18371E-01
SCF Iteration 452: Energy = 5.0568456975841611 dE =  2.18371E-01
SCF Iteration 453: Energy = 4.8384745370353821 dE = -2.18371E-01
SCF Iteration 454: Energy = 5.0568456975841629 dE =  2.18371E-01
SCF Iteration 455: Energy = 4.8384745370353821 dE = -2.18371E-01
SCF Iteration 456: Energy = 5.0568456975841594 dE =  2.18371E-01
SCF Iteration 457: Energy = 4.8384745370353812 dE = -2.18371E-01
SCF Iteration 458: Energy = 5.0568456975841620 dE =  2.18371E-01
SCF Iteration 459: Energy = 4.8384745370353768 dE = -2.18371E-01
SCF Iteration 460: Energy = 5.0568456975841576 dE =  2.18371E-01
SCF Iteration 461: Energy = 4.8384745370353865 dE = -2.18371E-01
SCF Iteration 462: Energy = 5.0568456975841514 dE =  2.18371E-01
SCF Iteration 463: Energy = 4.8384745370353777 dE = -2.18371E-01
SCF Iteration 464: Energy = 5.0568456975841514 dE =  2.18371E-01
SCF Iteration 465: Energy = 4.8384745370353821 dE = -2.18371E-01
SCF Iteration 466: Energy = 5.0568456975841629 dE =  2.18371E-01
SCF Iteration 467: Energy = 4.8384745370353874 dE = -2.18371E-01
SCF Iteration 468: Energy = 5.0568456975841629 dE =  2.18371E-01
SCF Iteration 469: Energy = 4.8384745370353803 dE = -2.18371E-01
SCF Iteration 470: Energy = 5.0568456975841585 dE =  2.18371E-01
SCF Iteration 471: Energy = 4.8384745370353803 dE = -2.18371E-01
SCF Iteration 472: Energy = 5.0568456975841736 dE =  2.18371E-01
SCF Iteration 473: Energy = 4.8384745370353865 dE = -2.18371E-01
SCF Iteration 474: Energy = 5.0568456975841611 dE =  2.18371E-01
SCF Iteration 475: Energy = 4.8384745370353874 dE = -2.18371E-01
SCF Iteration 476: Energy = 5.0568456975841594 dE =  2.18371E-01
SCF Iteration 477: Energy = 4.8384745370353723 dE = -2.18371E-01
SCF Iteration 478: Energy = 5.0568456975841576 dE =  2.18371E-01
SCF Iteration 479: Energy = 4.8384745370353759 dE = -2.18371E-01
SCF Iteration 480: Energy = 5.0568456975841496 dE =  2.18371E-01
SCF Iteration 481: Energy = 4.8384745370353697 dE = -2.18371E-01
SCF Iteration 482: Energy = 5.0568456975841549 dE =  2.18371E-01
SCF Iteration 483: Energy = 4.8384745370353741 dE = -2.18371E-01
SCF Iteration 484: Energy = 5.0568456975841558 dE =  2.18371E-01
SCF Iteration 485: Energy = 4.8384745370353786 dE = -2.18371E-01
SCF Iteration 486: Energy = 5.0568456975841505 dE =  2.18371E-01
SCF Iteration 487: Energy = 4.8384745370353750 dE = -2.18371E-01
SCF Iteration 488: Energy = 5.0568456975841451 dE =  2.18371E-01
SCF Iteration 489: Energy = 4.8384745370353786 dE = -2.18371E-01
SCF Iteration 490: Energy = 5.0568456975841531 dE =  2.18371E-01
SCF Iteration 491: Energy = 4.8384745370353768 dE = -2.18371E-01
SCF Iteration 492: Energy = 5.0568456975841523 dE =  2.18371E-01
SCF Iteration 493: Energy = 4.8384745370353786 dE = -2.18371E-01
SCF Iteration 494: Energy = 5.0568456975841540 dE =  2.18371E-01
SCF Iteration 495: Energy = 4.8384745370353768 dE = -2.18371E-01
SCF Iteration 496: Energy = 5.0568456975841549 dE =  2.18371E-01
SCF Iteration 497: Energy = 4.8384745370353786 dE = -2.18371E-01
SCF Iteration 498: Energy = 5.0568456975841505 dE =  2.18371E-01
SCF Iteration 499: Energy = 4.8384745370353732 dE = -2.18371E-01
SCF Iteration 500: Energy = 5.0568456975841531 dE =  2.18371E-01
