
  Memory set to  55.879 GiB by Python driver.
  Threads set to 1 by Python driver.
Settings:
	LOT = CCSD-S1-U21
	wc = 20.0 eV
	lambda = [1.212424 0.       0.      ] a.u.
	Equivalent A0 = LAMBDA / sqrt(2 wc) = [1. 0. 0.])
doing QED-CCSD-1 (or QED-CCSD-21)
Number of occupied orbitals:   1
Number of basis functions:  60
SCF Iteration   1: Energy = 10.0795831247935794 dE =  1.00796E+01
SCF Iteration   2: Energy = 10.6609385300280728 dE =  5.81355E-01
SCF Iteration   3: Energy = 10.3266405114020792 dE = -3.34298E-01
SCF Iteration   4: Energy = 10.5826321531232850 dE =  2.55992E-01
SCF Iteration   5: Energy = 10.4933490417219311 dE = -8.92831E-02
SCF Iteration   6: Energy = 10.5892520767344944 dE =  9.59030E-02
SCF Iteration   7: Energy = 10.5663173095960889 dE = -2.29348E-02
SCF Iteration   8: Energy = 10.5989566305724416 dE =  3.26393E-02
SCF Iteration   9: Energy = 10.5948047328973782 dE = -4.15190E-03
SCF Iteration  10: Energy = 10.6025821894600440 dE =  7.77746E-03
SCF Iteration  11: Energy = 10.6033658007839993 dE =  7.83611E-04
SCF Iteration  12: Energy = 10.6009136409290914 dE = -2.45216E-03
SCF Iteration  13: Energy = 10.6024158179501420 dE =  1.50218E-03
SCF Iteration  14: Energy = 10.5956213686565839 dE = -6.79445E-03
SCF Iteration  15: Energy = 10.5966568085606649 dE =  1.03544E-03
SCF Iteration  16: Energy = 10.5880681565666208 dE = -8.58865E-03
SCF Iteration  17: Energy = 10.5884418934643705 dE =  3.73737E-04
SCF Iteration  18: Energy = 10.5792398404641830 dE = -9.20205E-03
SCF Iteration  19: Energy = 10.5790631182040968 dE = -1.76722E-04
SCF Iteration  20: Energy = 10.5698252951569565 dE = -9.23782E-03
SCF Iteration  21: Energy = 10.5692783072864245 dE = -5.46988E-04
SCF Iteration  22: Energy = 10.5602961235360233 dE = -8.98218E-03
SCF Iteration  23: Energy = 10.5595480534644199 dE = -7.48070E-04
SCF Iteration  24: Energy = 10.5509674634413990 dE = -8.58059E-03
SCF Iteration  25: Energy = 10.5501538462997502 dE = -8.13617E-04
SCF Iteration  26: Energy = 10.5420423088560611 dE = -8.11154E-03
SCF Iteration  27: Energy = 10.5412630930958198 dE = -7.79216E-04
SCF Iteration  28: Energy = 10.5336436867724608 dE = -7.61941E-03
SCF Iteration  29: Energy = 10.5329680969846944 dE = -6.75590E-04
SCF Iteration  30: Energy = 10.5258380916973753 dE = -7.13001E-03
SCF Iteration  31: Energy = 10.5253109976165113 dE = -5.27094E-04
SCF Iteration  32: Energy = 10.5186525845539034 dE = -6.65841E-03
SCF Iteration  33: Energy = 10.5183004565590750 dE = -3.52128E-04
SCF Iteration  34: Energy = 10.5120872552177573 dE = -6.21320E-03
SCF Iteration  35: Energy = 10.5119231268392710 dE = -1.64128E-04
SCF Iteration  36: Energy = 10.5061242700841770 dE = -5.79886E-03
SCF Iteration  37: Energy = 10.5061516478408379 dE =  2.73778E-05
SCF Iteration  38: Energy = 10.5007343975466725 dE = -5.41725E-03
SCF Iteration  39: Energy = 10.5009502418920153 dE =  2.15844E-04
SCF Iteration  40: Energy = 10.4958816714310519 dE = -5.06857E-03
SCF Iteration  41: Energy = 10.4962786191481676 dE =  3.96948E-04
SCF Iteration  42: Energy = 10.4915266831017124 dE = -4.75194E-03
SCF Iteration  43: Energy = 10.4920946750340747 dE =  5.67992E-04
SCF Iteration  44: Energy = 10.4876288677086116 dE = -4.46581E-03
SCF Iteration  45: Energy = 10.4883563216191860 dE =  7.27454E-04
SCF Iteration  46: Energy = 10.4841480565485998 dE = -4.20827E-03
SCF Iteration  47: Energy = 10.4850226977076240 dE =  8.74641E-04
SCF Iteration  48: Energy = 10.4810454974695446 dE = -3.97720E-03
SCF Iteration  49: Energy = 10.4820549348270866 dE =  1.00944E-03
SCF Iteration  50: Energy = 10.4782844927688359 dE = -3.77044E-03
SCF Iteration  51: Energy = 10.4794166079359137 dE =  1.13212E-03
SCF Iteration  52: Energy = 10.4758307647942033 dE = -3.58584E-03
SCF Iteration  53: Energy = 10.4770739646119342 dE =  1.24320E-03
SCF Iteration  54: Energy = 10.4736526301879511 dE = -3.42133E-03
SCF Iteration  55: Energy = 10.4749960008938672 dE =  1.34337E-03
SCF Iteration  56: Energy = 10.4717210419545292 dE = -3.27496E-03
SCF Iteration  57: Energy = 10.4731544331989035 dE =  1.43339E-03
SCF Iteration  58: Energy = 10.4700095423985324 dE = -3.14489E-03
SCF Iteration  59: Energy = 10.4715236019863340 dE =  1.51406E-03
SCF Iteration  60: Energy = 10.4684941580544653 dE = -3.02944E-03
SCF Iteration  61: Energy = 10.4700803327505731 dE =  1.58617E-03
SCF Iteration  62: Energy = 10.4671532589358414 dE = -2.92707E-03
SCF Iteration  63: Energy = 10.4688037725353009 dE =  1.65051E-03
SCF Iteration  64: Energy = 10.4659673979662919 dE = -2.83637E-03
SCF Iteration  65: Energy = 10.4676752147542000 dE =  1.70782E-03
SCF Iteration  66: Energy = 10.4649191417159315 dE = -2.75607E-03
SCF Iteration  67: Energy = 10.4666779211593362 dE =  1.75878E-03
SCF Iteration  68: Energy = 10.4639929001041256 dE = -2.68502E-03
SCF Iteration  69: Energy = 10.4657969469313024 dE =  1.80405E-03
SCF Iteration  70: Energy = 10.4631747602114977 dE = -2.62219E-03
SCF Iteration  71: Energy = 10.4650189727906131 dE =  1.84421E-03
SCF Iteration  72: Energy = 10.4624523275226906 dE = -2.56665E-03
SCF Iteration  73: Energy = 10.4643321465402988 dE =  1.87982E-03
SCF Iteration  74: Energy = 10.4618145766138930 dE = -2.51757E-03
SCF Iteration  75: Energy = 10.4637259353866092 dE =  1.91136E-03
SCF Iteration  76: Energy = 10.4612517123699149 dE = -2.47422E-03
SCF Iteration  77: Energy = 10.4631909896399868 dE =  1.93928E-03
SCF Iteration  78: Energy = 10.4607550421629085 dE = -2.43595E-03
SCF Iteration  79: Energy = 10.4627190178801772 dE =  1.96398E-03
SCF Iteration  80: Energy = 10.4603168589772579 dE = -2.40216E-03
SCF Iteration  81: Energy = 10.4623026733230908 dE =  1.98581E-03
SCF Iteration  82: Energy = 10.4599303351648594 dE = -2.37234E-03
SCF Iteration  83: Energy = 10.4619354508991513 dE =  2.00512E-03
SCF Iteration  84: Energy = 10.4595894263210525 dE = -2.34602E-03
SCF Iteration  85: Energy = 10.4616115944164356 dE =  2.02217E-03
SCF Iteration  86: Energy = 10.4592887846581242 dE = -2.32281E-03
SCF Iteration  87: Energy = 10.4613260131044719 dE =  2.03723E-03
SCF Iteration  88: Energy = 10.4590236811912671 dE = -2.30233E-03
SCF Iteration  89: Energy = 10.4610742068049039 dE =  2.05053E-03
SCF Iteration  90: Energy = 10.4587899360310974 dE = -2.28427E-03
SCF Iteration  91: Energy = 10.4608521990737984 dE =  2.06226E-03
SCF Iteration  92: Energy = 10.4585838560819138 dE = -2.26834E-03
SCF Iteration  93: Energy = 10.4606564774797537 dE =  2.07262E-03
SCF Iteration  94: Energy = 10.4584021794670541 dE = -2.25430E-03
SCF Iteration  95: Energy = 10.4604839404162373 dE =  2.08176E-03
SCF Iteration  96: Energy = 10.4582420260375137 dE = -2.24191E-03
SCF Iteration  97: Energy = 10.4603318497870781 dE =  2.08982E-03
SCF Iteration  98: Energy = 10.4581008533604169 dE = -2.23100E-03
SCF Iteration  99: Energy = 10.4601977889697153 dE =  2.09694E-03
SCF Iteration 100: Energy = 10.4579764176279983 dE = -2.22137E-03
SCF Iteration 101: Energy = 10.4600796255080901 dE =  2.10321E-03
SCF Iteration 102: Energy = 10.4578667389735180 dE = -2.21289E-03
SCF Iteration 103: Energy = 10.4599754780336465 dE =  2.10874E-03
SCF Iteration 104: Energy = 10.4577700707249406 dE = -2.20541E-03
SCF Iteration 105: Energy = 10.4598836869599197 dE =  2.11362E-03
SCF Iteration 106: Energy = 10.4576848721706348 dE = -2.19881E-03
SCF Iteration 107: Energy = 10.4598027885371785 dE =  2.11792E-03
SCF Iteration 108: Energy = 10.4576097844520746 dE = -2.19300E-03
SCF Iteration 109: Energy = 10.4597314918966386 dE =  2.12171E-03
SCF Iteration 110: Energy = 10.4575436092370833 dE = -2.18788E-03
SCF Iteration 111: Energy = 10.4596686587502177 dE =  2.12505E-03
SCF Iteration 112: Energy = 10.4574852898625537 dE = -2.18337E-03
SCF Iteration 113: Energy = 10.4596132854465722 dE =  2.12800E-03
SCF Iteration 114: Energy = 10.4574338946677479 dE = -2.17939E-03
SCF Iteration 115: Energy = 10.4595644871166407 dE =  2.13059E-03
SCF Iteration 116: Energy = 10.4573886022696456 dE = -2.17588E-03
SCF Iteration 117: Energy = 10.4595214836698922 dE =  2.13288E-03
SCF Iteration 118: Energy = 10.4573486885584792 dE = -2.17280E-03
SCF Iteration 119: Energy = 10.4594835874291956 dE =  2.13490E-03
SCF Iteration 120: Energy = 10.4573135152154251 dE = -2.17007E-03
SCF Iteration 121: Energy = 10.4594501922153178 dE =  2.13668E-03
SCF Iteration 122: Energy = 10.4572825195770953 dE = -2.16767E-03
SCF Iteration 123: Energy = 10.4594207637132115 dE =  2.13824E-03
SCF Iteration 124: Energy = 10.4572552056910375 dE = -2.16556E-03
SCF Iteration 125: Energy = 10.4593948309715437 dE =  2.13963E-03
SCF Iteration 126: Energy = 10.4572311364234274 dE = -2.16369E-03
SCF Iteration 127: Energy = 10.4593719789032367 dE =  2.14084E-03
SCF Iteration 128: Energy = 10.4572099264965370 dE = -2.16205E-03
SCF Iteration 129: Energy = 10.4593518416703724 dE =  2.14192E-03
SCF Iteration 130: Energy = 10.4571912363475423 dE = -2.16061E-03
SCF Iteration 131: Energy = 10.4593340968493731 dE =  2.14286E-03
SCF Iteration 132: Energy = 10.4571747667119297 dE = -2.15933E-03
SCF Iteration 133: Energy = 10.4593184602860987 dE =  2.14369E-03
SCF Iteration 134: Energy = 10.4571602538472295 dE = -2.15821E-03
SCF Iteration 135: Energy = 10.4593046815586241 dE =  2.14443E-03
SCF Iteration 136: Energy = 10.4571474653213201 dE = -2.15722E-03
SCF Iteration 137: Energy = 10.4592925399768006 dE =  2.14507E-03
SCF Iteration 138: Energy = 10.4571361962989595 dE = -2.15634E-03
SCF Iteration 139: Energy = 10.4592818410555672 dE =  2.14564E-03
SCF Iteration 140: Energy = 10.4571262662679398 dE = -2.15557E-03
SCF Iteration 141: Energy = 10.4592724134055981 dE =  2.14615E-03
SCF Iteration 142: Energy = 10.4571175161531595 dE = -2.15490E-03
SCF Iteration 143: Energy = 10.4592641059925384 dE =  2.14659E-03
SCF Iteration 144: Energy = 10.4571098057723013 dE = -2.15430E-03
SCF Iteration 145: Energy = 10.4592567857210135 dE =  2.14698E-03
SCF Iteration 146: Energy = 10.4571030115933894 dE = -2.15377E-03
SCF Iteration 147: Energy = 10.4592503353049100 dE =  2.14732E-03
SCF Iteration 148: Energy = 10.4570970247581307 dE = -2.15331E-03
SCF Iteration 149: Energy = 10.4592446513904846 dE =  2.14763E-03
SCF Iteration 150: Energy = 10.4570917493395719 dE = -2.15290E-03
SCF Iteration 151: Energy = 10.4592396429019914 dE =  2.14789E-03
SCF Iteration 152: Energy = 10.4570871008066515 dE = -2.15254E-03
SCF Iteration 153: Energy = 10.4592352295835802 dE =  2.14813E-03
SCF Iteration 154: Energy = 10.4570830046708387 dE = -2.15222E-03
SCF Iteration 155: Energy = 10.4592313407142772 dE =  2.14834E-03
SCF Iteration 156: Energy = 10.4570793952932952 dE = -2.15195E-03
SCF Iteration 157: Energy = 10.4592279139755391 dE =  2.14852E-03
SCF Iteration 158: Energy = 10.4570762148339469 dE = -2.15170E-03
SCF Iteration 159: Energy = 10.4592248944530901 dE =  2.14868E-03
SCF Iteration 160: Energy = 10.4570734123249380 dE = -2.15148E-03
SCF Iteration 161: Energy = 10.4592222337574974 dE =  2.14882E-03
SCF Iteration 162: Energy = 10.4570709428543189 dE = -2.15129E-03
SCF Iteration 163: Energy = 10.4592198892489048 dE =  2.14895E-03
SCF Iteration 164: Energy = 10.4570687668465965 dE = -2.15112E-03
SCF Iteration 165: Energy = 10.4592178233540274 dE =  2.14906E-03
SCF Iteration 166: Energy = 10.4570668494288128 dE = -2.15097E-03
SCF Iteration 167: Energy = 10.4592160029643253 dE =  2.14915E-03
SCF Iteration 168: Energy = 10.4570651598718083 dE = -2.15084E-03
SCF Iteration 169: Energy = 10.4592143989053383 dE =  2.14924E-03
SCF Iteration 170: Energy = 10.4570636710978562 dE = -2.15073E-03
SCF Iteration 171: Energy = 10.4592129854694207 dE =  2.14931E-03
SCF Iteration 172: Energy = 10.4570623592468710 dE = -2.15063E-03
SCF Iteration 173: Energy = 10.4592117400037417 dE =  2.14938E-03
SCF Iteration 174: Energy = 10.4570612032940460 dE = -2.15054E-03
SCF Iteration 175: Energy = 10.4592106425473350 dE =  2.14944E-03
SCF Iteration 176: Energy = 10.4570601847129883 dE = -2.15046E-03
SCF Iteration 177: Energy = 10.4592096755112980 dE =  2.14949E-03
SCF Iteration 178: Energy = 10.4570592871789270 dE = -2.15039E-03
SCF Iteration 179: Energy = 10.4592088233968035 dE =  2.14954E-03
SCF Iteration 180: Energy = 10.4570584963069173 dE = -2.15033E-03
SCF Iteration 181: Energy = 10.4592080725468719 dE =  2.14958E-03
SCF Iteration 182: Energy = 10.4570577994214950 dE = -2.15027E-03
SCF Iteration 183: Energy = 10.4592074109274265 dE =  2.14961E-03
SCF Iteration 184: Energy = 10.4570571853534560 dE = -2.15023E-03
SCF Iteration 185: Energy = 10.4592068279344304 dE =  2.14964E-03
SCF Iteration 186: Energy = 10.4570566442609252 dE = -2.15018E-03
SCF Iteration 187: Energy = 10.4592063142240441 dE =  2.14967E-03
SCF Iteration 188: Energy = 10.4570561674715865 dE = -2.15015E-03
SCF Iteration 189: Energy = 10.4592058615628467 dE =  2.14969E-03
SCF Iteration 190: Energy = 10.4570557473437802 dE = -2.15011E-03
SCF Iteration 191: Energy = 10.4592054626958060 dE =  2.14972E-03
SCF Iteration 192: Energy = 10.4570553771438597 dE = -2.15009E-03
SCF Iteration 193: Energy = 10.4592051112300179 dE =  2.14973E-03
SCF Iteration 194: Energy = 10.4570550509384468 dE = -2.15006E-03
SCF Iteration 195: Energy = 10.4592048015324011 dE =  2.14975E-03
SCF Iteration 196: Energy = 10.4570547634992508 dE = -2.15004E-03
SCF Iteration 197: Energy = 10.4592045286392636 dE =  2.14977E-03
SCF Iteration 198: Energy = 10.4570545102193133 dE = -2.15002E-03
SCF Iteration 199: Energy = 10.4592042881767497 dE =  2.14978E-03
SCF Iteration 200: Energy = 10.4570542870391883 dE = -2.15000E-03
SCF Iteration 201: Energy = 10.4592040762907939 dE =  2.14979E-03
SCF Iteration 202: Energy = 10.4570540903817957 dE = -2.14999E-03
SCF Iteration 203: Energy = 10.4592038895853960 dE =  2.14980E-03
SCF Iteration 204: Energy = 10.4570539170951893 dE = -2.14997E-03
SCF Iteration 205: Energy = 10.4592037250680825 dE =  2.14981E-03
SCF Iteration 206: Energy = 10.4570537644019872 dE = -2.14996E-03
SCF Iteration 207: Energy = 10.4592035801020486 dE =  2.14982E-03
SCF Iteration 208: Energy = 10.4570536298548884 dE = -2.14995E-03
SCF Iteration 209: Energy = 10.4592034523638162 dE =  2.14982E-03
SCF Iteration 210: Energy = 10.4570535112973850 dE = -2.14994E-03
SCF Iteration 211: Energy = 10.4592033398059989 dE =  2.14983E-03
SCF Iteration 212: Energy = 10.4570534068292815 dE = -2.14993E-03
SCF Iteration 213: Energy = 10.4592032406246140 dE =  2.14983E-03
SCF Iteration 214: Energy = 10.4570533147762177 dE = -2.14993E-03
SCF Iteration 215: Energy = 10.4592031532299465 dE =  2.14984E-03
SCF Iteration 216: Energy = 10.4570532336627444 dE = -2.14992E-03
SCF Iteration 217: Energy = 10.4592030762213071 dE =  2.14984E-03
SCF Iteration 218: Energy = 10.4570531621888207 dE = -2.14991E-03
SCF Iteration 219: Energy = 10.4592030083643674 dE =  2.14985E-03
SCF Iteration 220: Energy = 10.4570530992088848 dE = -2.14991E-03
SCF Iteration 221: Energy = 10.4592029485715798 dE =  2.14985E-03
SCF Iteration 222: Energy = 10.4570530437135041 dE = -2.14990E-03
SCF Iteration 223: Energy = 10.4592028958845944 dE =  2.14985E-03
SCF Iteration 224: Energy = 10.4570529948131963 dE = -2.14990E-03
SCF Iteration 225: Energy = 10.4592028494589471 dE =  2.14985E-03
SCF Iteration 226: Energy = 10.4570529517242257 dE = -2.14990E-03
SCF Iteration 227: Energy = 10.4592028085505362 dE =  2.14986E-03
SCF Iteration 228: Energy = 10.4570529137559678 dE = -2.14989E-03
SCF Iteration 229: Energy = 10.4592027725036978 dE =  2.14986E-03
SCF Iteration 230: Energy = 10.4570528802998766 dE = -2.14989E-03
SCF Iteration 231: Energy = 10.4592027407406754 dE =  2.14986E-03
SCF Iteration 232: Energy = 10.4570528508197107 dE = -2.14989E-03
SCF Iteration 233: Energy = 10.4592027127523917 dE =  2.14986E-03
SCF Iteration 234: Energy = 10.4570528248429966 dE = -2.14989E-03
SCF Iteration 235: Energy = 10.4592026880902296 dE =  2.14986E-03
SCF Iteration 236: Energy = 10.4570528019533562 dE = -2.14989E-03
SCF Iteration 237: Energy = 10.4592026663589373 dE =  2.14986E-03
SCF Iteration 238: Energy = 10.4570527817839185 dE = -2.14988E-03
SCF Iteration 239: Energy = 10.4592026472102084 dE =  2.14987E-03
SCF Iteration 240: Energy = 10.4570527640114328 dE = -2.14988E-03
SCF Iteration 241: Energy = 10.4592026303371064 dE =  2.14987E-03
SCF Iteration 242: Energy = 10.4570527483510212 dE = -2.14988E-03
SCF Iteration 243: Energy = 10.4592026154692270 dE =  2.14987E-03
SCF Iteration 244: Energy = 10.4570527345517377 dE = -2.14988E-03
SCF Iteration 245: Energy = 10.4592026023682685 dE =  2.14987E-03
SCF Iteration 246: Energy = 10.4570527223923424 dE = -2.14988E-03
SCF Iteration 247: Energy = 10.4592025908241961 dE =  2.14987E-03
SCF Iteration 248: Energy = 10.4570527116779601 dE = -2.14988E-03
SCF Iteration 249: Energy = 10.4592025806520308 dE =  2.14987E-03
SCF Iteration 250: Energy = 10.4570527022368882 dE = -2.14988E-03
SCF Iteration 251: Energy = 10.4592025716887278 dE =  2.14987E-03
SCF Iteration 252: Energy = 10.4570526939177970 dE = -2.14988E-03
SCF Iteration 253: Energy = 10.4592025637906367 dE =  2.14987E-03
SCF Iteration 254: Energy = 10.4570526865873550 dE = -2.14988E-03
SCF Iteration 255: Energy = 10.4592025568311442 dE =  2.14987E-03
SCF Iteration 256: Energy = 10.4570526801280685 dE = -2.14988E-03
SCF Iteration 257: Energy = 10.4592025506987625 dE =  2.14987E-03
SCF Iteration 258: Energy = 10.4570526744364063 dE = -2.14988E-03
SCF Iteration 259: Energy = 10.4592025452951045 dE =  2.14987E-03
SCF Iteration 260: Energy = 10.4570526694211257 dE = -2.14988E-03
SCF Iteration 261: Energy = 10.4592025405336297 dE =  2.14987E-03
SCF Iteration 262: Energy = 10.4570526650018714 dE = -2.14988E-03
SCF Iteration 263: Energy = 10.4592025363380241 dE =  2.14987E-03
SCF Iteration 264: Energy = 10.4570526611078165 dE = -2.14988E-03
SCF Iteration 265: Energy = 10.4592025326410294 dE =  2.14987E-03
SCF Iteration 266: Energy = 10.4570526576765239 dE = -2.14987E-03
SCF Iteration 267: Energy = 10.4592025293833792 dE =  2.14987E-03
SCF Iteration 268: Energy = 10.4570526546530100 dE = -2.14987E-03
SCF Iteration 269: Energy = 10.4592025265128754 dE =  2.14987E-03
SCF Iteration 270: Energy = 10.4570526519888105 dE = -2.14987E-03
SCF Iteration 271: Energy = 10.4592025239835174 dE =  2.14987E-03
SCF Iteration 272: Energy = 10.4570526496412270 dE = -2.14987E-03
SCF Iteration 273: Energy = 10.4592025217547224 dE =  2.14987E-03
SCF Iteration 274: Energy = 10.4570526475726027 dE = -2.14987E-03
SCF Iteration 275: Energy = 10.4592025197908036 dE =  2.14987E-03
SCF Iteration 276: Energy = 10.4570526457498794 dE = -2.14987E-03
SCF Iteration 277: Energy = 10.4592025180602910 dE =  2.14987E-03
SCF Iteration 278: Energy = 10.4570526441437153 dE = -2.14987E-03
SCF Iteration 279: Energy = 10.4592025165354041 dE =  2.14987E-03
SCF Iteration 280: Energy = 10.4570526427284243 dE = -2.14987E-03
SCF Iteration 281: Energy = 10.4592025151917287 dE =  2.14987E-03
SCF Iteration 282: Energy = 10.4570526414813436 dE = -2.14987E-03
SCF Iteration 283: Energy = 10.4592025140077709 dE =  2.14987E-03
SCF Iteration 284: Energy = 10.4570526403824609 dE = -2.14987E-03
SCF Iteration 285: Energy = 10.4592025129645112 dE =  2.14987E-03
SCF Iteration 286: Energy = 10.4570526394141829 dE = -2.14987E-03
SCF Iteration 287: Energy = 10.4592025120452217 dE =  2.14987E-03
SCF Iteration 288: Energy = 10.4570526385609703 dE = -2.14987E-03
SCF Iteration 289: Energy = 10.4592025112352083 dE =  2.14987E-03
SCF Iteration 290: Energy = 10.4570526378091628 dE = -2.14987E-03
SCF Iteration 291: Energy = 10.4592025105214361 dE =  2.14987E-03
SCF Iteration 292: Energy = 10.4570526371466848 dE = -2.14987E-03
SCF Iteration 293: Energy = 10.4592025098924921 dE =  2.14987E-03
SCF Iteration 294: Energy = 10.4570526365629597 dE = -2.14987E-03
SCF Iteration 295: Energy = 10.4592025093382954 dE =  2.14987E-03
SCF Iteration 296: Energy = 10.4570526360485623 dE = -2.14987E-03
SCF Iteration 297: Energy = 10.4592025088499554 dE =  2.14987E-03
SCF Iteration 298: Energy = 10.4570526355953266 dE = -2.14987E-03
SCF Iteration 299: Energy = 10.4592025084196152 dE =  2.14987E-03
SCF Iteration 300: Energy = 10.4570526351959465 dE = -2.14987E-03
SCF Iteration 301: Energy = 10.4592025080404358 dE =  2.14987E-03
SCF Iteration 302: Energy = 10.4570526348440396 dE = -2.14987E-03
SCF Iteration 303: Energy = 10.4592025077063724 dE =  2.14987E-03
SCF Iteration 304: Energy = 10.4570526345339250 dE = -2.14987E-03
SCF Iteration 305: Energy = 10.4592025074119537 dE =  2.14987E-03
SCF Iteration 306: Energy = 10.4570526342606929 dE = -2.14987E-03
SCF Iteration 307: Energy = 10.4592025071525292 dE =  2.14987E-03
SCF Iteration 308: Energy = 10.4570526340199308 dE = -2.14987E-03
SCF Iteration 309: Energy = 10.4592025069239476 dE =  2.14987E-03
SCF Iteration 310: Energy = 10.4570526338077627 dE = -2.14987E-03
SCF Iteration 311: Energy = 10.4592025067225194 dE =  2.14987E-03
SCF Iteration 312: Energy = 10.4570526336208118 dE = -2.14987E-03
SCF Iteration 313: Energy = 10.4592025065450276 dE =  2.14987E-03
SCF Iteration 314: Energy = 10.4570526334560672 dE = -2.14987E-03
SCF Iteration 315: Energy = 10.4592025063886531 dE =  2.14987E-03
SCF Iteration 316: Energy = 10.4570526333109086 dE = -2.14987E-03
SCF Iteration 317: Energy = 10.4592025062508327 dE =  2.14987E-03
SCF Iteration 318: Energy = 10.4570526331830287 dE = -2.14987E-03
SCF Iteration 319: Energy = 10.4592025061294027 dE =  2.14987E-03
SCF Iteration 320: Energy = 10.4570526330703384 dE = -2.14987E-03
SCF Iteration 321: Energy = 10.4592025060224021 dE =  2.14987E-03
SCF Iteration 322: Energy = 10.4570526329710134 dE = -2.14987E-03
SCF Iteration 323: Energy = 10.4592025059281468 dE =  2.14987E-03
SCF Iteration 324: Energy = 10.4570526328835065 dE = -2.14987E-03
SCF Iteration 325: Energy = 10.4592025058450648 dE =  2.14987E-03
SCF Iteration 326: Energy = 10.4570526328064073 dE = -2.14987E-03
SCF Iteration 327: Energy = 10.4592025057718754 dE =  2.14987E-03
SCF Iteration 328: Energy = 10.4570526327384670 dE = -2.14987E-03
SCF Iteration 329: Energy = 10.4592025057073492 dE =  2.14987E-03
SCF Iteration 330: Energy = 10.4570526326786091 dE = -2.14987E-03
SCF Iteration 331: Energy = 10.4592025056505165 dE =  2.14987E-03
SCF Iteration 332: Energy = 10.4570526326258602 dE = -2.14987E-03
SCF Iteration 333: Energy = 10.4592025056004392 dE =  2.14987E-03
SCF Iteration 334: Energy = 10.4570526325793818 dE = -2.14987E-03
SCF Iteration 335: Energy = 10.4592025055562932 dE =  2.14987E-03
SCF Iteration 336: Energy = 10.4570526325384119 dE = -2.14987E-03
SCF Iteration 337: Energy = 10.4592025055174069 dE =  2.14987E-03
SCF Iteration 338: Energy = 10.4570526325023145 dE = -2.14987E-03
SCF Iteration 339: Energy = 10.4592025054831552 dE =  2.14987E-03
SCF Iteration 340: Energy = 10.4570526324704964 dE = -2.14987E-03
SCF Iteration 341: Energy = 10.4592025054529429 dE =  2.14987E-03
SCF Iteration 342: Energy = 10.4570526324424797 dE = -2.14987E-03
SCF Iteration 343: Energy = 10.4592025054263331 dE =  2.14987E-03
SCF Iteration 344: Energy = 10.4570526324177884 dE = -2.14987E-03
SCF Iteration 345: Energy = 10.4592025054028976 dE =  2.14987E-03
SCF Iteration 346: Energy = 10.4570526323960138 dE = -2.14987E-03
SCF Iteration 347: Energy = 10.4592025053822297 dE =  2.14987E-03
SCF Iteration 348: Energy = 10.4570526323768469 dE = -2.14987E-03
SCF Iteration 349: Energy = 10.4592025053640434 dE =  2.14987E-03
SCF Iteration 350: Energy = 10.4570526323599431 dE = -2.14987E-03
SCF Iteration 351: Energy = 10.4592025053479851 dE =  2.14987E-03
SCF Iteration 352: Energy = 10.4570526323450679 dE = -2.14987E-03
SCF Iteration 353: Energy = 10.4592025053338560 dE =  2.14987E-03
SCF Iteration 354: Energy = 10.4570526323319637 dE = -2.14987E-03
SCF Iteration 355: Energy = 10.4592025053214144 dE =  2.14987E-03
SCF Iteration 356: Energy = 10.4570526323203872 dE = -2.14987E-03
SCF Iteration 357: Energy = 10.4592025053104507 dE =  2.14987E-03
SCF Iteration 358: Energy = 10.4570526323102229 dE = -2.14987E-03
SCF Iteration 359: Energy = 10.4592025053007767 dE =  2.14987E-03
SCF Iteration 360: Energy = 10.4570526323012523 dE = -2.14987E-03
SCF Iteration 361: Energy = 10.4592025052922448 dE =  2.14987E-03
SCF Iteration 362: Energy = 10.4570526322933173 dE = -2.14987E-03
SCF Iteration 363: Energy = 10.4592025052847291 dE =  2.14987E-03
SCF Iteration 364: Energy = 10.4570526322863593 dE = -2.14987E-03
SCF Iteration 365: Energy = 10.4592025052780979 dE =  2.14987E-03
SCF Iteration 366: Energy = 10.4570526322802024 dE = -2.14987E-03
SCF Iteration 367: Energy = 10.4592025052722803 dE =  2.14987E-03
SCF Iteration 368: Energy = 10.4570526322747899 dE = -2.14987E-03
SCF Iteration 369: Energy = 10.4592025052671556 dE =  2.14987E-03
SCF Iteration 370: Energy = 10.4570526322700346 dE = -2.14987E-03
SCF Iteration 371: Energy = 10.4592025052626223 dE =  2.14987E-03
SCF Iteration 372: Energy = 10.4570526322658370 dE = -2.14987E-03
SCF Iteration 373: Energy = 10.4592025052586255 dE =  2.14987E-03
SCF Iteration 374: Energy = 10.4570526322621298 dE = -2.14987E-03
SCF Iteration 375: Energy = 10.4592025052551154 dE =  2.14987E-03
SCF Iteration 376: Energy = 10.4570526322588826 dE = -2.14987E-03
SCF Iteration 377: Energy = 10.4592025052520192 dE =  2.14987E-03
SCF Iteration 378: Energy = 10.4570526322560102 dE = -2.14987E-03
SCF Iteration 379: Energy = 10.4592025052492925 dE =  2.14987E-03
SCF Iteration 380: Energy = 10.4570526322534665 dE = -2.14987E-03
SCF Iteration 381: Energy = 10.4592025052468784 dE =  2.14987E-03
SCF Iteration 382: Energy = 10.4570526322512087 dE = -2.14987E-03
SCF Iteration 383: Energy = 10.4592025052447575 dE =  2.14987E-03
SCF Iteration 384: Energy = 10.4570526322492654 dE = -2.14987E-03
SCF Iteration 385: Energy = 10.4592025052428994 dE =  2.14987E-03
SCF Iteration 386: Energy = 10.4570526322475210 dE = -2.14987E-03
SCF Iteration 387: Energy = 10.4592025052412563 dE =  2.14987E-03
SCF Iteration 388: Energy = 10.4570526322460111 dE = -2.14987E-03
SCF Iteration 389: Energy = 10.4592025052397979 dE =  2.14987E-03
SCF Iteration 390: Energy = 10.4570526322446469 dE = -2.14987E-03
SCF Iteration 391: Energy = 10.4592025052385189 dE =  2.14987E-03
SCF Iteration 392: Energy = 10.4570526322434745 dE = -2.14987E-03
SCF Iteration 393: Energy = 10.4592025052373945 dE =  2.14987E-03
SCF Iteration 394: Energy = 10.4570526322424193 dE = -2.14987E-03
SCF Iteration 395: Energy = 10.4592025052364335 dE =  2.14987E-03
SCF Iteration 396: Energy = 10.4570526322415098 dE = -2.14987E-03
SCF Iteration 397: Energy = 10.4592025052355488 dE =  2.14987E-03
SCF Iteration 398: Energy = 10.4570526322407034 dE = -2.14987E-03
SCF Iteration 399: Energy = 10.4592025052347779 dE =  2.14987E-03
SCF Iteration 400: Energy = 10.4570526322399804 dE = -2.14987E-03
SCF Iteration 401: Energy = 10.4592025052340922 dE =  2.14987E-03
SCF Iteration 402: Energy = 10.4570526322393498 dE = -2.14987E-03
SCF Iteration 403: Energy = 10.4592025052334971 dE =  2.14987E-03
SCF Iteration 404: Energy = 10.4570526322388009 dE = -2.14987E-03
SCF Iteration 405: Energy = 10.4592025052329696 dE =  2.14987E-03
SCF Iteration 406: Energy = 10.4570526322383230 dE = -2.14987E-03
SCF Iteration 407: Energy = 10.4592025052324971 dE =  2.14987E-03
SCF Iteration 408: Energy = 10.4570526322378843 dE = -2.14987E-03
SCF Iteration 409: Energy = 10.4592025052321098 dE =  2.14987E-03
SCF Iteration 410: Energy = 10.4570526322374970 dE = -2.14987E-03
SCF Iteration 411: Energy = 10.4592025052317297 dE =  2.14987E-03
SCF Iteration 412: Energy = 10.4570526322371506 dE = -2.14987E-03
SCF Iteration 413: Energy = 10.4592025052314188 dE =  2.14987E-03
SCF Iteration 414: Energy = 10.4570526322368877 dE = -2.14987E-03
SCF Iteration 415: Energy = 10.4592025052311257 dE =  2.14987E-03
SCF Iteration 416: Energy = 10.4570526322366195 dE = -2.14987E-03
SCF Iteration 417: Energy = 10.4592025052308806 dE =  2.14987E-03
SCF Iteration 418: Energy = 10.4570526322363815 dE = -2.14987E-03
SCF Iteration 419: Energy = 10.4592025052306745 dE =  2.14987E-03
SCF Iteration 420: Energy = 10.4570526322362021 dE = -2.14987E-03
SCF Iteration 421: Energy = 10.4592025052304756 dE =  2.14987E-03
SCF Iteration 422: Energy = 10.4570526322360191 dE = -2.14987E-03
SCF Iteration 423: Energy = 10.4592025052303192 dE =  2.14987E-03
SCF Iteration 424: Energy = 10.4570526322358663 dE = -2.14987E-03
SCF Iteration 425: Energy = 10.4592025052301736 dE =  2.14987E-03
SCF Iteration 426: Energy = 10.4570526322357154 dE = -2.14987E-03
SCF Iteration 427: Energy = 10.4592025052300404 dE =  2.14987E-03
SCF Iteration 428: Energy = 10.4570526322356123 dE = -2.14987E-03
SCF Iteration 429: Energy = 10.4592025052299498 dE =  2.14987E-03
SCF Iteration 430: Energy = 10.4570526322354791 dE = -2.14987E-03
SCF Iteration 431: Energy = 10.4592025052298485 dE =  2.14987E-03
SCF Iteration 432: Energy = 10.4570526322354116 dE = -2.14987E-03
SCF Iteration 433: Energy = 10.4592025052297508 dE =  2.14987E-03
SCF Iteration 434: Energy = 10.4570526322353246 dE = -2.14987E-03
SCF Iteration 435: Energy = 10.4592025052296584 dE =  2.14987E-03
SCF Iteration 436: Energy = 10.4570526322352606 dE = -2.14987E-03
SCF Iteration 437: Energy = 10.4592025052295838 dE =  2.14987E-03
SCF Iteration 438: Energy = 10.4570526322351682 dE = -2.14987E-03
SCF Iteration 439: Energy = 10.4592025052295270 dE =  2.14987E-03
SCF Iteration 440: Energy = 10.4570526322351078 dE = -2.14987E-03
SCF Iteration 441: Energy = 10.4592025052294613 dE =  2.14987E-03
SCF Iteration 442: Energy = 10.4570526322350652 dE = -2.14987E-03
SCF Iteration 443: Energy = 10.4592025052294275 dE =  2.14987E-03
SCF Iteration 444: Energy = 10.4570526322350190 dE = -2.14987E-03
SCF Iteration 445: Energy = 10.4592025052293653 dE =  2.14987E-03
SCF Iteration 446: Energy = 10.4570526322349728 dE = -2.14987E-03
SCF Iteration 447: Energy = 10.4592025052293423 dE =  2.14987E-03
SCF Iteration 448: Energy = 10.4570526322349302 dE = -2.14987E-03
SCF Iteration 449: Energy = 10.4592025052293014 dE =  2.14987E-03
SCF Iteration 450: Energy = 10.4570526322349142 dE = -2.14987E-03
SCF Iteration 451: Energy = 10.4592025052292712 dE =  2.14987E-03
SCF Iteration 452: Energy = 10.4570526322348964 dE = -2.14987E-03
SCF Iteration 453: Energy = 10.4592025052292428 dE =  2.14987E-03
SCF Iteration 454: Energy = 10.4570526322348734 dE = -2.14987E-03
SCF Iteration 455: Energy = 10.4592025052292357 dE =  2.14987E-03
SCF Iteration 456: Energy = 10.4570526322348520 dE = -2.14987E-03
SCF Iteration 457: Energy = 10.4592025052292268 dE =  2.14987E-03
SCF Iteration 458: Energy = 10.4570526322348414 dE = -2.14987E-03
SCF Iteration 459: Energy = 10.4592025052292215 dE =  2.14987E-03
SCF Iteration 460: Energy = 10.4570526322348236 dE = -2.14987E-03
SCF Iteration 461: Energy = 10.4592025052291966 dE =  2.14987E-03
SCF Iteration 462: Energy = 10.4570526322347952 dE = -2.14987E-03
SCF Iteration 463: Energy = 10.4592025052291770 dE =  2.14987E-03
SCF Iteration 464: Energy = 10.4570526322347881 dE = -2.14987E-03
SCF Iteration 465: Energy = 10.4592025052291504 dE =  2.14987E-03
SCF Iteration 466: Energy = 10.4570526322347739 dE = -2.14987E-03
SCF Iteration 467: Energy = 10.4592025052291309 dE =  2.14987E-03
SCF Iteration 468: Energy = 10.4570526322347668 dE = -2.14987E-03
SCF Iteration 469: Energy = 10.4592025052291149 dE =  2.14987E-03
SCF Iteration 470: Energy = 10.4570526322347490 dE = -2.14987E-03
SCF Iteration 471: Energy = 10.4592025052291149 dE =  2.14987E-03
SCF Iteration 472: Energy = 10.4570526322347490 dE = -2.14987E-03
SCF Iteration 473: Energy = 10.4592025052290971 dE =  2.14987E-03
SCF Iteration 474: Energy = 10.4570526322347312 dE = -2.14987E-03
SCF Iteration 475: Energy = 10.4592025052290971 dE =  2.14987E-03
SCF Iteration 476: Energy = 10.4570526322347330 dE = -2.14987E-03
SCF Iteration 477: Energy = 10.4592025052290900 dE =  2.14987E-03
SCF Iteration 478: Energy = 10.4570526322347419 dE = -2.14987E-03
SCF Iteration 479: Energy = 10.4592025052291007 dE =  2.14987E-03
SCF Iteration 480: Energy = 10.4570526322347277 dE = -2.14987E-03
SCF Iteration 481: Energy = 10.4592025052290829 dE =  2.14987E-03
SCF Iteration 482: Energy = 10.4570526322347064 dE = -2.14987E-03
SCF Iteration 483: Energy = 10.4592025052290918 dE =  2.14987E-03
SCF Iteration 484: Energy = 10.4570526322347099 dE = -2.14987E-03
SCF Iteration 485: Energy = 10.4592025052290793 dE =  2.14987E-03
SCF Iteration 486: Energy = 10.4570526322347135 dE = -2.14987E-03
SCF Iteration 487: Energy = 10.4592025052291078 dE =  2.14987E-03
SCF Iteration 488: Energy = 10.4570526322347241 dE = -2.14987E-03
SCF Iteration 489: Energy = 10.4592025052290900 dE =  2.14987E-03
SCF Iteration 490: Energy = 10.4570526322347206 dE = -2.14987E-03
SCF Iteration 491: Energy = 10.4592025052290865 dE =  2.14987E-03
SCF Iteration 492: Energy = 10.4570526322347082 dE = -2.14987E-03
SCF Iteration 493: Energy = 10.4592025052290811 dE =  2.14987E-03
SCF Iteration 494: Energy = 10.4570526322346957 dE = -2.14987E-03
SCF Iteration 495: Energy = 10.4592025052290758 dE =  2.14987E-03
SCF Iteration 496: Energy = 10.4570526322346993 dE = -2.14987E-03
SCF Iteration 497: Energy = 10.4592025052290829 dE =  2.14987E-03
SCF Iteration 498: Energy = 10.4570526322346975 dE = -2.14987E-03
SCF Iteration 499: Energy = 10.4592025052290793 dE =  2.14987E-03
SCF Iteration 500: Energy = 10.4570526322347028 dE = -2.14987E-03
