
  Memory set to  55.879 GiB by Python driver.
  Threads set to 1 by Python driver.
Settings:
	LOT = CCSD-S1-U21
	wc = 20.0 eV
	lambda = [1.212424 0.       0.      ] a.u.
	Equivalent A0 = LAMBDA / sqrt(2 wc) = [1. 0. 0.])
doing QED-CCSD-1 (or QED-CCSD-21)
Number of occupied orbitals:   1
Number of basis functions:  60
SCF Iteration   1: Energy = 1.9783809908545009 dE =  1.97838E+00
SCF Iteration   2: Energy = 3.1314236400637085 dE =  1.15304E+00
SCF Iteration   3: Energy = 2.1010280461385529 dE = -1.03040E+00
SCF Iteration   4: Energy = 3.0275977381201704 dE =  9.26570E-01
SCF Iteration   5: Energy = 2.0893095924221621 dE = -9.38288E-01
SCF Iteration   6: Energy = 2.9855209918271175 dE =  8.96211E-01
SCF Iteration   7: Energy = 2.0618568826729406 dE = -9.23664E-01
SCF Iteration   8: Energy = 2.9605754241228031 dE =  8.98719E-01
SCF Iteration   9: Energy = 2.0389277232255409 dE = -9.21648E-01
SCF Iteration  10: Energy = 2.9447842022264483 dE =  9.05856E-01
SCF Iteration  11: Energy = 2.0225198734899630 dE = -9.22264E-01
SCF Iteration  12: Energy = 2.9346746520963745 dE =  9.12155E-01
SCF Iteration  13: Energy = 2.0113760375739043 dE = -9.23299E-01
SCF Iteration  14: Energy = 2.9282026462929167 dE =  9.16827E-01
SCF Iteration  15: Energy = 2.0039948937533101 dE = -9.24208E-01
SCF Iteration  16: Energy = 2.9240697297676341 dE =  9.20075E-01
SCF Iteration  17: Energy = 1.9991783939945498 dE = -9.24891E-01
SCF Iteration  18: Energy = 2.9214376121710419 dE =  9.22259E-01
SCF Iteration  19: Energy = 1.9960662602321773 dE = -9.25371E-01
SCF Iteration  20: Energy = 2.9197651253219039 dE =  9.23699E-01
SCF Iteration  21: Energy = 1.9940690335036007 dE = -9.25696E-01
SCF Iteration  22: Energy = 2.9187043003706137 dE =  9.24635E-01
SCF Iteration  23: Energy = 1.9927934344547229 dE = -9.25911E-01
SCF Iteration  24: Energy = 2.9180323495809555 dE =  9.25239E-01
SCF Iteration  25: Energy = 1.9919814974392132 dE = -9.26051E-01
SCF Iteration  26: Energy = 2.9176071480308812 dE =  9.25626E-01
SCF Iteration  27: Energy = 1.9914659413905020 dE = -9.26141E-01
SCF Iteration  28: Energy = 2.9173382849225273 dE =  9.25872E-01
SCF Iteration  29: Energy = 1.9911391464321151 dE = -9.26199E-01
SCF Iteration  30: Energy = 2.9171683694510087 dE =  9.26029E-01
SCF Iteration  31: Energy = 1.9909322587168956 dE = -9.26236E-01
SCF Iteration  32: Energy = 2.9170610289127143 dE =  9.26129E-01
SCF Iteration  33: Energy = 1.9908013987690409 dE = -9.26260E-01
SCF Iteration  34: Energy = 2.9169932381468389 dE =  9.26192E-01
SCF Iteration  35: Energy = 1.9907186806263377 dE = -9.26275E-01
SCF Iteration  36: Energy = 2.9169504338478109 dE =  9.26232E-01
SCF Iteration  37: Energy = 1.9906664175330484 dE = -9.26284E-01
SCF Iteration  38: Energy = 2.9169234104998214 dE =  9.26257E-01
SCF Iteration  39: Energy = 1.9906334075030632 dE = -9.26290E-01
SCF Iteration  40: Energy = 2.9169063518813134 dE =  9.26273E-01
SCF Iteration  41: Energy = 1.9906125629053166 dE = -9.26294E-01
SCF Iteration  42: Energy = 2.9168955843894011 dE =  9.26283E-01
SCF Iteration  43: Energy = 1.9905994025724913 dE = -9.26296E-01
SCF Iteration  44: Energy = 2.9168887882748136 dE =  9.26289E-01
SCF Iteration  45: Energy = 1.9905910947577972 dE = -9.26298E-01
SCF Iteration  46: Energy = 2.9168844989483480 dE =  9.26293E-01
SCF Iteration  47: Energy = 1.9905858506902998 dE = -9.26299E-01
SCF Iteration  48: Energy = 2.9168817918457526 dE =  9.26296E-01
SCF Iteration  49: Energy = 1.9905825407355435 dE = -9.26299E-01
SCF Iteration  50: Energy = 2.9168800833610309 dE =  9.26298E-01
SCF Iteration  51: Energy = 1.9905804516515022 dE = -9.26300E-01
SCF Iteration  52: Energy = 2.9168790051324951 dE =  9.26299E-01
SCF Iteration  53: Energy = 1.9905791331658877 dE = -9.26300E-01
SCF Iteration  54: Energy = 2.9168783246675885 dE =  9.26299E-01
SCF Iteration  55: Energy = 1.9905783010485860 dE = -9.26300E-01
SCF Iteration  56: Energy = 2.9168778952328402 dE =  9.26300E-01
SCF Iteration  57: Energy = 1.9905777758951166 dE = -9.26300E-01
SCF Iteration  58: Energy = 2.9168776242223355 dE =  9.26300E-01
SCF Iteration  59: Energy = 1.9905774444721653 dE = -9.26300E-01
SCF Iteration  60: Energy = 2.9168774531919359 dE =  9.26300E-01
SCF Iteration  61: Energy = 1.9905772353138975 dE = -9.26300E-01
SCF Iteration  62: Energy = 2.9168773452577259 dE =  9.26300E-01
SCF Iteration  63: Energy = 1.9905771033166897 dE = -9.26300E-01
SCF Iteration  64: Energy = 2.9168772771425262 dE =  9.26300E-01
SCF Iteration  65: Energy = 1.9905770200152808 dE = -9.26300E-01
SCF Iteration  66: Energy = 2.9168772341564058 dE =  9.26300E-01
SCF Iteration  67: Energy = 1.9905769674451987 dE = -9.26300E-01
SCF Iteration  68: Energy = 2.9168772070287607 dE =  9.26300E-01
SCF Iteration  69: Energy = 1.9905769342692212 dE = -9.26300E-01
SCF Iteration  70: Energy = 2.9168771899090906 dE =  9.26300E-01
SCF Iteration  71: Energy = 1.9905769133325231 dE = -9.26300E-01
SCF Iteration  72: Energy = 2.9168771791052439 dE =  9.26300E-01
SCF Iteration  73: Energy = 1.9905769001198013 dE = -9.26300E-01
SCF Iteration  74: Energy = 2.9168771722871605 dE =  9.26300E-01
SCF Iteration  75: Energy = 1.9905768917815401 dE = -9.26300E-01
SCF Iteration  76: Energy = 2.9168771679844379 dE =  9.26300E-01
SCF Iteration  77: Energy = 1.9905768865194398 dE = -9.26300E-01
SCF Iteration  78: Energy = 2.9168771652690730 dE =  9.26300E-01
SCF Iteration  79: Energy = 1.9905768831986395 dE = -9.26300E-01
SCF Iteration  80: Energy = 2.9168771635554709 dE =  9.26300E-01
SCF Iteration  81: Energy = 1.9905768811029703 dE = -9.26300E-01
SCF Iteration  82: Energy = 2.9168771624740550 dE =  9.26300E-01
SCF Iteration  83: Energy = 1.9905768797804231 dE = -9.26300E-01
SCF Iteration  84: Energy = 2.9168771617915978 dE =  9.26300E-01
SCF Iteration  85: Energy = 1.9905768789458045 dE = -9.26300E-01
SCF Iteration  86: Energy = 2.9168771613609032 dE =  9.26300E-01
SCF Iteration  87: Energy = 1.9905768784190865 dE = -9.26300E-01
SCF Iteration  88: Energy = 2.9168771610890780 dE =  9.26300E-01
SCF Iteration  89: Energy = 1.9905768780866642 dE = -9.26300E-01
SCF Iteration  90: Energy = 2.9168771609175073 dE =  9.26300E-01
SCF Iteration  91: Energy = 1.9905768778768536 dE = -9.26300E-01
SCF Iteration  92: Energy = 2.9168771608091562 dE =  9.26300E-01
SCF Iteration  93: Energy = 1.9905768777443953 dE = -9.26300E-01
SCF Iteration  94: Energy = 2.9168771607405906 dE =  9.26300E-01
SCF Iteration  95: Energy = 1.9905768776606445 dE = -9.26300E-01
SCF Iteration  96: Energy = 2.9168771606969441 dE =  9.26300E-01
SCF Iteration  97: Energy = 1.9905768776075030 dE = -9.26300E-01
SCF Iteration  98: Energy = 2.9168771606685322 dE =  9.26300E-01
SCF Iteration  99: Energy = 1.9905768775732995 dE = -9.26300E-01
SCF Iteration 100: Energy = 2.9168771606487107 dE =  9.26300E-01
SCF Iteration 101: Energy = 1.9905768775502053 dE = -9.26300E-01
SCF Iteration 102: Energy = 2.9168771606320116 dE =  9.26300E-01
SCF Iteration 103: Energy = 1.9905768775323334 dE = -9.26300E-01
SCF Iteration 104: Energy = 2.9168771606122443 dE =  9.26300E-01
SCF Iteration 105: Energy = 1.9905768775137711 dE = -9.26300E-01
SCF Iteration 106: Energy = 2.9168771605793737 dE =  9.26300E-01
SCF Iteration 107: Energy = 1.9905768774859991 dE = -9.26300E-01
SCF Iteration 108: Energy = 2.9168771605136410 dE =  9.26300E-01
SCF Iteration 109: Energy = 1.9905768774330050 dE = -9.26300E-01
SCF Iteration 110: Energy = 2.9168771603728558 dE =  9.26300E-01
SCF Iteration 111: Energy = 1.9905768773213099 dE = -9.26300E-01
SCF Iteration 112: Energy = 2.9168771600649079 dE =  9.26300E-01
SCF Iteration 113: Energy = 1.9905768770781471 dE = -9.26300E-01
SCF Iteration 114: Energy = 2.9168771593870013 dE =  9.26300E-01
SCF Iteration 115: Energy = 1.9905768765436056 dE = -9.26300E-01
SCF Iteration 116: Energy = 2.9168771578920194 dE =  9.26300E-01
SCF Iteration 117: Energy = 1.9905768753652389 dE = -9.26300E-01
SCF Iteration 118: Energy = 2.9168771545934278 dE =  9.26300E-01
SCF Iteration 119: Energy = 1.9905768727655282 dE = -9.26300E-01
SCF Iteration 120: Energy = 2.9168771473142714 dE =  9.26300E-01
SCF Iteration 121: Energy = 1.9905768670288124 dE = -9.26300E-01
SCF Iteration 122: Energy = 2.9168771312503097 dE =  9.26300E-01
SCF Iteration 123: Energy = 1.9905768543689135 dE = -9.26300E-01
SCF Iteration 124: Energy = 2.9168770957992205 dE =  9.26300E-01
SCF Iteration 125: Energy = 1.9905768264302306 dE = -9.26300E-01
SCF Iteration 126: Energy = 2.9168770175629612 dE =  9.26300E-01
SCF Iteration 127: Energy = 1.9905767647729840 dE = -9.26300E-01
SCF Iteration 128: Energy = 2.9168768449049063 dE =  9.26300E-01
SCF Iteration 129: Energy = 1.9905766287028357 dE = -9.26300E-01
SCF Iteration 130: Energy = 2.9168764638691242 dE =  9.26300E-01
SCF Iteration 131: Energy = 1.9905763284122704 dE = -9.26300E-01
SCF Iteration 132: Energy = 2.9168756229686439 dE =  9.26299E-01
SCF Iteration 133: Energy = 1.9905756657069056 dE = -9.26300E-01
SCF Iteration 134: Energy = 2.9168737672025036 dE =  9.26298E-01
SCF Iteration 135: Energy = 1.9905742031961156 dE = -9.26300E-01
SCF Iteration 136: Energy = 2.9168696717541165 dE =  9.26295E-01
SCF Iteration 137: Energy = 1.9905709756151173 dE = -9.26299E-01
SCF Iteration 138: Energy = 2.9168606336220759 dE =  9.26290E-01
SCF Iteration 139: Energy = 1.9905638527605420 dE = -9.26297E-01
SCF Iteration 140: Energy = 2.9168406877175048 dE =  9.26277E-01
SCF Iteration 141: Energy = 1.9905481336316511 dE = -9.26293E-01
SCF Iteration 142: Energy = 2.9167966703563675 dE =  9.26249E-01
SCF Iteration 143: Energy = 1.9905134441916341 dE = -9.26283E-01
SCF Iteration 144: Energy = 2.9166995335772241 dE =  9.26186E-01
SCF Iteration 145: Energy = 1.9904368926779912 dE = -9.26263E-01
SCF Iteration 146: Energy = 2.9164851852637148 dE =  9.26048E-01
SCF Iteration 147: Energy = 1.9902679718949967 dE = -9.26217E-01
SCF Iteration 148: Energy = 2.9160122464316696 dE =  9.25744E-01
SCF Iteration 149: Energy = 1.9898952779018522 dE = -9.26117E-01
SCF Iteration 150: Energy = 2.9149690254220411 dE =  9.25074E-01
SCF Iteration 151: Energy = 1.9890732447429900 dE = -9.25896E-01
SCF Iteration 152: Energy = 2.9126691875285813 dE =  9.23596E-01
SCF Iteration 153: Energy = 1.9872613441602363 dE = -9.25408E-01
SCF Iteration 154: Energy = 2.9076055088643638 dE =  9.20344E-01
SCF Iteration 155: Energy = 1.9832735188183639 dE = -9.24332E-01
SCF Iteration 156: Energy = 2.8964876694843325 dE =  9.13214E-01
SCF Iteration 157: Energy = 1.9745252337287362 dE = -9.21962E-01
SCF Iteration 158: Energy = 2.8722265390311010 dE =  8.97701E-01
SCF Iteration 159: Energy = 1.9554702115981859 dE = -9.16756E-01
SCF Iteration 160: Energy = 2.8199863763231603 dE =  8.64516E-01
SCF Iteration 161: Energy = 1.9146043303889511 dE = -9.05382E-01
SCF Iteration 162: Energy = 2.7106703956173472 dE =  7.96066E-01
SCF Iteration 163: Energy = 1.8298140976618367 dE = -8.80856E-01
SCF Iteration 164: Energy = 2.4950655816702350 dE =  6.65251E-01
SCF Iteration 165: Energy = 1.6654429323116711 dE = -8.29623E-01
SCF Iteration 166: Energy = 2.1159209645132933 dE =  4.50478E-01
SCF Iteration 167: Energy = 1.3855397413851995 dE = -7.30381E-01
SCF Iteration 168: Energy = 1.5690152609093189 dE =  1.83476E-01
SCF Iteration 169: Energy = 1.0021479087981142 dE = -5.66867E-01
SCF Iteration 170: Energy = 0.9773113016717183 dE = -2.48366E-02
SCF Iteration 171: Energy = 0.6142906990914290 dE = -3.63021E-01
SCF Iteration 172: Energy = 0.5200793592014263 dE = -9.42113E-02
SCF Iteration 173: Energy = 0.3338926341807613 dE = -1.86187E-01
SCF Iteration 174: Energy = 0.2619713074001169 dE = -7.19213E-02
SCF Iteration 175: Energy = 0.1832297264016547 dE = -7.87416E-02
SCF Iteration 176: Energy = 0.1472145459620764 dE = -3.60152E-02
SCF Iteration 177: Energy = 0.1180804644938669 dE = -2.91341E-02
SCF Iteration 178: Energy = 0.1035437565340862 dE = -1.45367E-02
SCF Iteration 179: Energy = 0.0936016099072945 dE = -9.94215E-03
SCF Iteration 180: Energy = 0.0883948847024998 dE = -5.20673E-03
SCF Iteration 181: Energy = 0.0851537360232659 dE = -3.24115E-03
SCF Iteration 182: Energy = 0.0834086889420678 dE = -1.74505E-03
SCF Iteration 183: Energy = 0.0823768839779087 dE = -1.03180E-03
SCF Iteration 184: Energy = 0.0818117814337280 dE = -5.65103E-04
SCF Iteration 185: Energy = 0.0814861025864557 dE = -3.25679E-04
SCF Iteration 186: Energy = 0.0813054093393508 dE = -1.80693E-04
SCF Iteration 187: Energy = 0.0812022119113931 dE = -1.03197E-04
SCF Iteration 188: Energy = 0.0811442154334965 dE = -5.79965E-05
SCF Iteration 189: Energy = 0.0811110147067340 dE = -3.32007E-05
SCF Iteration 190: Energy = 0.0810920736785516 dE = -1.89410E-05
SCF Iteration 191: Energy = 0.0810811149116168 dE = -1.09588E-05
SCF Iteration 192: Energy = 0.0810747493580362 dE = -6.36555E-06
SCF Iteration 193: Energy = 0.0810710053102608 dE = -3.74405E-06
SCF Iteration 194: Energy = 0.0810687854659382 dE = -2.21984E-06
SCF Iteration 195: Energy = 0.0810674536387470 dE = -1.33183E-06
SCF Iteration 196: Energy = 0.0810666468047949 dE = -8.06834E-07
SCF Iteration 197: Energy = 0.0810661526044929 dE = -4.94200E-07
SCF Iteration 198: Energy = 0.0810658469558265 dE = -3.05649E-07
SCF Iteration 199: Energy = 0.0810656560848955 dE = -1.90871E-07
SCF Iteration 200: Energy = 0.0810655358664309 dE = -1.20218E-07
SCF Iteration 201: Energy = 0.0810654595442277 dE = -7.63222E-08
SCF Iteration 202: Energy = 0.0810654107531339 dE = -4.87911E-08
SCF Iteration 203: Energy = 0.0810653793699299 dE = -3.13832E-08
SCF Iteration 204: Energy = 0.0810653590771651 dE = -2.02928E-08
SCF Iteration 205: Energy = 0.0810653458961172 dE = -1.31810E-08
SCF Iteration 206: Energy = 0.0810653373016925 dE = -8.59442E-09
SCF Iteration 207: Energy = 0.0810653316798353 dE = -5.62186E-09
SCF Iteration 208: Energy = 0.0810653279925759 dE = -3.68726E-09
SCF Iteration 209: Energy = 0.0810653255687965 dE = -2.42378E-09
SCF Iteration 210: Energy = 0.0810653239726151 dE = -1.59618E-09
SCF Iteration 211: Energy = 0.0810653229198728 dE = -1.05274E-09
SCF Iteration 212: Energy = 0.0810653222246862 dE = -6.95187E-10
SCF Iteration 213: Energy = 0.0810653217651423 dE = -4.59544E-10
SCF Iteration 214: Energy = 0.0810653214611290 dE = -3.04013E-10
SCF Iteration 215: Energy = 0.0810653212598695 dE = -2.01259E-10
SCF Iteration 216: Energy = 0.0810653211265477 dE = -1.33322E-10
SCF Iteration 217: Energy = 0.0810653210382108 dE = -8.83369E-11

SCF converged.
E_QED_HF          = 0.081065321038211
HF  (psi4)        = -1.038714414567197
Starting with the CCSD calculation:

Iter  Energy(CCSD)      E_diff    time(sec)
  1:  -0.2276304026  2.27630E-01   10.123
  2:  -0.3175347356  8.99043E-02   10.126
  3:  -0.3186142066  1.07947E-03   10.124
  4:  -0.3218331398  3.21893E-03   10.128
  5:  -0.3302117659  8.37863E-03   10.124
  6:  -0.3357901110  5.57835E-03   10.125
  7:  -0.3483622468  1.25721E-02   10.124
  8:  -0.3577073947  9.34515E-03   10.125
  9:  -0.3665560618  8.84867E-03   10.118
 10:  -0.3786156352  1.20596E-02   10.120
 11:  -0.3865871544  7.97152E-03   10.121
 12:  -0.3933421303  6.75498E-03   10.116
 13:  -0.3987730733  5.43094E-03   10.121
 14:  -0.4027567027  3.98363E-03   10.116
 15:  -0.4056239247  2.86722E-03   10.115
 16:  -0.4070028162  1.37889E-03   10.119
 17:  -0.4077864640  7.83648E-04   10.119
 18:  -0.4082835118  4.97048E-04   10.122
 19:  -0.4086855819  4.02070E-04   10.118
 20:  -0.4089055113  2.19929E-04   10.111
 21:  -0.4090436285  1.38117E-04   10.120
 22:  -0.4090686395  2.50110E-05   10.122
 23:  -0.4091339326  6.52931E-05   10.120
 24:  -0.4091730992  3.91666E-05   10.119
 25:  -0.4092035942  3.04950E-05   10.119
 26:  -0.4091649369  3.86573E-05   10.118
 27:  -0.4091710716  6.13474E-06   10.116
 28:  -0.4091847145  1.36428E-05   10.119
 29:  -0.4091924812  7.76677E-06   10.124
 30:  -0.4091939838  1.50261E-06   10.118
 31:  -0.4091950521  1.06823E-06   10.122
 32:  -0.4091965503  1.49819E-06   10.123
 33:  -0.4091991572  2.60695E-06   10.119
 34:  -0.4091992400  8.27442E-08   10.120
 35:  -0.4091980590  1.18097E-06   10.122
 36:  -0.4091967427  1.31624E-06   10.120
 37:  -0.4091930980  3.64478E-06   10.125
 38:  -0.4091957559  2.65793E-06   10.122
 39:  -0.4092000781  4.32223E-06   10.121
 40:  -0.4092001885  1.10385E-07   10.109
 41:  -0.4092010275  8.39010E-07   10.122
 42:  -0.4092011443  1.16809E-07   10.120
 43:  -0.4092009917  1.52657E-07   10.121
 44:  -0.4092012923  3.00594E-07   10.123
 45:  -0.4092006483  6.44004E-07   10.122
 46:  -0.4092003896  2.58693E-07   10.122
 47:  -0.4092004995  1.09954E-07   10.115
 48:  -0.4092001585  3.41031E-07   10.118
 49:  -0.4092006047  4.46166E-07   10.120
 50:  -0.4092007171  1.12477E-07   10.121
E_QED_CCSD  (Corr.)  = -0.409200717137926
E_QED_CCSD tot       = -0.328135396099715
E_CCSD_psi4 (Corr.)  = -0.054606948690209
E_CCSD_psi4 tot      = -1.093321363257406
