
  Memory set to  55.879 GiB by Python driver.
  Threads set to 1 by Python driver.
Settings:
	LOT = CCSD-S1-U21
	wc = 20.0 eV
	lambda = [1.212424 0.       0.      ] a.u.
	Equivalent A0 = LAMBDA / sqrt(2 wc) = [1. 0. 0.])
doing QED-CCSD-1 (or QED-CCSD-21)
Number of occupied orbitals:   1
Number of basis functions:  60
SCF Iteration   1: Energy = 6.9274000171453247 dE =  6.92740E+00
SCF Iteration   2: Energy = 7.4845719813213565 dE =  5.57172E-01
SCF Iteration   3: Energy = 7.1463501100487701 dE = -3.38222E-01
SCF Iteration   4: Energy = 7.3889188149523681 dE =  2.42569E-01
SCF Iteration   5: Energy = 7.2670751584503925 dE = -1.21844E-01
SCF Iteration   6: Energy = 7.3825734316041327 dE =  1.15498E-01
SCF Iteration   7: Energy = 7.3154305689671464 dE = -6.71429E-02
SCF Iteration   8: Energy = 7.3853543186855672 dE =  6.99237E-02
SCF Iteration   9: Energy = 7.3346118901048305 dE = -5.07424E-02
SCF Iteration  10: Energy = 7.3863313840847651 dE =  5.17195E-02
SCF Iteration  11: Energy = 7.3407963538269714 dE = -4.55350E-02
SCF Iteration  12: Energy = 7.3845716615694590 dE =  4.37753E-02
SCF Iteration  13: Energy = 7.3406882683350902 dE = -4.38834E-02
SCF Iteration  14: Energy = 7.3808584117142511 dE =  4.01701E-02
SCF Iteration  15: Energy = 7.3374800970146561 dE = -4.33783E-02
SCF Iteration  16: Energy = 7.3760567659134741 dE =  3.85767E-02
SCF Iteration  17: Energy = 7.3328346790972878 dE = -4.32221E-02
SCF Iteration  18: Energy = 7.3708121429029410 dE =  3.79775E-02
SCF Iteration  19: Energy = 7.3276611158419724 dE = -4.31510E-02
SCF Iteration  20: Energy = 7.3655484947781655 dE =  3.78874E-02
SCF Iteration  21: Energy = 7.3224638845571857 dE = -4.30846E-02
SCF Iteration  22: Energy = 7.3605221704413664 dE =  3.80583E-02
SCF Iteration  23: Energy = 7.3175175020759555 dE = -4.30047E-02
SCF Iteration  24: Energy = 7.3558739632051431 dE =  3.83565E-02
SCF Iteration  25: Energy = 7.3129613156961133 dE = -4.29126E-02
SCF Iteration  26: Energy = 7.3516687638289069 dE =  3.87074E-02
SCF Iteration  27: Energy = 7.3088541592285790 dE = -4.28146E-02
SCF Iteration  28: Energy = 7.3479235030742522 dE =  3.90693E-02
SCF Iteration  29: Energy = 7.3052072064105085 dE = -4.27163E-02
SCF Iteration  30: Energy = 7.3446261329807445 dE =  3.94189E-02
SCF Iteration  31: Energy = 7.3020042150329028 dE = -4.26219E-02
SCF Iteration  32: Energy = 7.3417482151210969 dE =  3.97440E-02
SCF Iteration  33: Energy = 7.2992141336200644 dE = -4.25341E-02
SCF Iteration  34: Energy = 7.3392530899764790 dE =  4.00390E-02
SCF Iteration  35: Energy = 7.2967989376972371 dE = -4.24542E-02
SCF Iteration  36: Energy = 7.3371010480460237 dE =  4.03021E-02
SCF Iteration  37: Energy = 7.2947184328721564 dE = -4.23826E-02
SCF Iteration  38: Energy = 7.3352524952177687 dE =  4.05341E-02
SCF Iteration  39: Energy = 7.2929331143740663 dE = -4.23194E-02
SCF Iteration  40: Energy = 7.3336697944463216 dE =  4.07367E-02
SCF Iteration  41: Energy = 7.2914057816329167 dE = -4.22640E-02
SCF Iteration  42: Energy = 7.3323182471033368 dE =  4.09125E-02
SCF Iteration  43: Energy = 7.2901023613455402 dE = -4.22159E-02
SCF Iteration  44: Energy = 7.3311665258566912 dE =  4.10642E-02
SCF Iteration  45: Energy = 7.2889922349938141 dE = -4.21743E-02
SCF Iteration  46: Energy = 7.3301867670970617 dE =  4.11945E-02
SCF Iteration  47: Energy = 7.2880482640730868 dE = -4.21385E-02
SCF Iteration  48: Energy = 7.3293544603268623 dE =  4.13062E-02
SCF Iteration  49: Energy = 7.2872466387290808 dE = -4.21078E-02
SCF Iteration  50: Energy = 7.3286482242326558 dE =  4.14016E-02
SCF Iteration  51: Energy = 7.2865666308712314 dE = -4.20816E-02
SCF Iteration  52: Energy = 7.3280495271299744 dE =  4.14829E-02
SCF Iteration  53: Energy = 7.2859903033165692 dE = -4.20592E-02
SCF Iteration  54: Energy = 7.3275423880863366 dE =  4.15521E-02
SCF Iteration  55: Energy = 7.2855022070342574 dE = -4.20402E-02
SCF Iteration  56: Energy = 7.3271130808531835 dE =  4.16109E-02
SCF Iteration  57: Energy = 7.2850890857536523 dE = -4.20240E-02
SCF Iteration  58: Energy = 7.3267498534248858 dE =  4.16608E-02
SCF Iteration  59: Energy = 7.2847395988446220 dE = -4.20103E-02
SCF Iteration  60: Energy = 7.3264426699997465 dE =  4.17031E-02
SCF Iteration  61: Energy = 7.2844440679971560 dE = -4.19986E-02
SCF Iteration  62: Energy = 7.3261829782635219 dE =  4.17389E-02
SCF Iteration  63: Energy = 7.2841942498214731 dE = -4.19887E-02
SCF Iteration  64: Energy = 7.3259635025210059 dE =  4.17693E-02
SCF Iteration  65: Energy = 7.2839831343963546 dE = -4.19804E-02
SCF Iteration  66: Energy = 7.3257780617705697 dE =  4.17949E-02
SCF Iteration  67: Energy = 7.2838047685647025 dE = -4.19733E-02
SCF Iteration  68: Energy = 7.3256214110195730 dE =  4.18166E-02
SCF Iteration  69: Energy = 7.2836541021079713 dE = -4.19673E-02
SCF Iteration  70: Energy = 7.3254891037473220 dE =  4.18350E-02
SCF Iteration  71: Energy = 7.2835268546275369 dE = -4.19622E-02
SCF Iteration  72: Energy = 7.3253773732919880 dE =  4.18505E-02
SCF Iteration  73: Energy = 7.2834194008821243 dE = -4.19580E-02
SCF Iteration  74: Energy = 7.3252830309635204 dE =  4.18636E-02
SCF Iteration  75: Energy = 7.2833286723901951 dE = -4.19544E-02
SCF Iteration  76: Energy = 7.3252033788024882 dE =  4.18747E-02
SCF Iteration  77: Energy = 7.2832520732429069 dE = -4.19513E-02
SCF Iteration  78: Energy = 7.3251361350724364 dE =  4.18841E-02
SCF Iteration  79: Energy = 7.2831874082501509 dE = -4.19487E-02
SCF Iteration  80: Energy = 7.3250793707600899 dE =  4.18920E-02
SCF Iteration  81: Energy = 7.2831328217341946 dE = -4.19465E-02
SCF Iteration  82: Energy = 7.3250314555502607 dE =  4.18986E-02
SCF Iteration  83: Energy = 7.2830867454775783 dE = -4.19447E-02
SCF Iteration  84: Energy = 7.3249910119259356 dE =  4.19043E-02
SCF Iteration  85: Energy = 7.2830478545147423 dE = -4.19432E-02
SCF Iteration  86: Energy = 7.3249568762166613 dE =  4.19090E-02
SCF Iteration  87: Energy = 7.2830150296267693 dE = -4.19418E-02
SCF Iteration  88: Energy = 7.3249280655751372 dE =  4.19130E-02
SCF Iteration  89: Energy = 7.2829873255513204 dE = -4.19407E-02
SCF Iteration  90: Energy = 7.3249037500016936 dE =  4.19164E-02
SCF Iteration  91: Energy = 7.2829639440573253 dE = -4.19398E-02
SCF Iteration  92: Energy = 7.3248832286603456 dE =  4.19193E-02
SCF Iteration  93: Energy = 7.2829442111538283 dE = -4.19390E-02
SCF Iteration  94: Energy = 7.3248659098393372 dE =  4.19217E-02
SCF Iteration  95: Energy = 7.2829275578083639 dE = -4.19384E-02
SCF Iteration  96: Energy = 7.3248512940027011 dE =  4.19237E-02
SCF Iteration  97: Energy = 7.2829135036411854 dE = -4.19378E-02
SCF Iteration  98: Energy = 7.3248389594612595 dE =  4.19255E-02
SCF Iteration  99: Energy = 7.2829016431411695 dE = -4.19373E-02
SCF Iteration 100: Energy = 7.3248285502625086 dE =  4.19269E-02
SCF Iteration 101: Energy = 7.2828916340167806 dE = -4.19369E-02
SCF Iteration 102: Energy = 7.3248197659578400 dE =  4.19281E-02
SCF Iteration 103: Energy = 7.2828831873537281 dE = -4.19366E-02
SCF Iteration 104: Energy = 7.3248123529583742 dE =  4.19292E-02
SCF Iteration 105: Energy = 7.2828760593009028 dE = -4.19363E-02
SCF Iteration 106: Energy = 7.3248060972338669 dE =  4.19300E-02
SCF Iteration 107: Energy = 7.2828700440484404 dE = -4.19361E-02
SCF Iteration 108: Energy = 7.3248008181469251 dE =  4.19308E-02
SCF Iteration 109: Energy = 7.2828649678981181 dE = -4.19359E-02
SCF Iteration 110: Energy = 7.3247963632468371 dE =  4.19314E-02
SCF Iteration 111: Energy = 7.2828606842563470 dE = -4.19357E-02
SCF Iteration 112: Energy = 7.3247926038738971 dE =  4.19319E-02
SCF Iteration 113: Energy = 7.2828570694071653 dE = -4.19355E-02
SCF Iteration 114: Energy = 7.3247894314483819 dE =  4.19324E-02
SCF Iteration 115: Energy = 7.2828540189434152 dE = -4.19354E-02
SCF Iteration 116: Energy = 7.3247867543380805 dE =  4.19327E-02
SCF Iteration 117: Energy = 7.2828514447545123 dE = -4.19353E-02
SCF Iteration 118: Energy = 7.3247844952139207 dE =  4.19331E-02
SCF Iteration 119: Energy = 7.2828492724834488 dE = -4.19352E-02
SCF Iteration 120: Energy = 7.3247825888179854 dE =  4.19333E-02
SCF Iteration 121: Energy = 7.2828474393806237 dE = -4.19351E-02
SCF Iteration 122: Energy = 7.3247809800796366 dE =  4.19335E-02
SCF Iteration 123: Energy = 7.2828458924922668 dE = -4.19351E-02
SCF Iteration 124: Energy = 7.3247796225255248 dE =  4.19337E-02
SCF Iteration 125: Energy = 7.2828445871314651 dE = -4.19350E-02
SCF Iteration 126: Energy = 7.3247784769376905 dE =  4.19339E-02
SCF Iteration 127: Energy = 7.2828434855878434 dE = -4.19350E-02
SCF Iteration 128: Energy = 7.3247775102209438 dE =  4.19340E-02
SCF Iteration 129: Energy = 7.2828425560384904 dE = -4.19350E-02
SCF Iteration 130: Energy = 7.3247766944471886 dE =  4.19341E-02
SCF Iteration 131: Energy = 7.2828417716289460 dE = -4.19349E-02
SCF Iteration 132: Energy = 7.3247760060486051 dE =  4.19342E-02
SCF Iteration 133: Energy = 7.2828411096974586 dE = -4.19349E-02
SCF Iteration 134: Energy = 7.3247754251371342 dE =  4.19343E-02
SCF Iteration 135: Energy = 7.2828405511205601 dE = -4.19349E-02
SCF Iteration 136: Energy = 7.3247749349298479 dE =  4.19344E-02
SCF Iteration 137: Energy = 7.2828400797605672 dE = -4.19349E-02
SCF Iteration 138: Energy = 7.3247745212642927 dE =  4.19344E-02
SCF Iteration 139: Energy = 7.2828396819994765 dE = -4.19348E-02
SCF Iteration 140: Energy = 7.3247741721892057 dE =  4.19345E-02
SCF Iteration 141: Energy = 7.2828393463455283 dE = -4.19348E-02
SCF Iteration 142: Energy = 7.3247738776193687 dE =  4.19345E-02
SCF Iteration 143: Energy = 7.2828390631012638 dE = -4.19348E-02
SCF Iteration 144: Energy = 7.3247736290443219 dE =  4.19346E-02
SCF Iteration 145: Energy = 7.2828388240834068 dE = -4.19348E-02
SCF Iteration 146: Energy = 7.3247734192823826 dE =  4.19346E-02
SCF Iteration 147: Energy = 7.2828386223863602 dE = -4.19348E-02
SCF Iteration 148: Energy = 7.3247732422731930 dE =  4.19346E-02
SCF Iteration 149: Energy = 7.2828384521827978 dE = -4.19348E-02
SCF Iteration 150: Energy = 7.3247730929026567 dE =  4.19346E-02
SCF Iteration 151: Energy = 7.2828383085552320 dE = -4.19348E-02
SCF Iteration 152: Energy = 7.3247729668552379 dE =  4.19347E-02
SCF Iteration 153: Energy = 7.2828381873540797 dE = -4.19348E-02
SCF Iteration 154: Energy = 7.3247728604892020 dE =  4.19347E-02
SCF Iteration 155: Energy = 7.2828380850776169 dE = -4.19348E-02
SCF Iteration 156: Energy = 7.3247727707314469 dE =  4.19347E-02
SCF Iteration 157: Energy = 7.2828379987708738 dE = -4.19348E-02
SCF Iteration 158: Energy = 7.3247726949887513 dE =  4.19347E-02
SCF Iteration 159: Energy = 7.2828379259403073 dE = -4.19348E-02
SCF Iteration 160: Energy = 7.3247726310727037 dE =  4.19347E-02
SCF Iteration 161: Energy = 7.2828378644817242 dE = -4.19348E-02
SCF Iteration 162: Energy = 7.3247725771367200 dE =  4.19347E-02
SCF Iteration 163: Energy = 7.2828378126194870 dE = -4.19348E-02
SCF Iteration 164: Energy = 7.3247725316224637 dE =  4.19347E-02
SCF Iteration 165: Energy = 7.2828377688551535 dE = -4.19348E-02
SCF Iteration 166: Energy = 7.3247724932149358 dE =  4.19347E-02
SCF Iteration 167: Energy = 7.2828377319243254 dE = -4.19348E-02
SCF Iteration 168: Energy = 7.3247724608044802 dE =  4.19347E-02
SCF Iteration 169: Energy = 7.2828377007599743 dE = -4.19348E-02
SCF Iteration 170: Energy = 7.3247724334546751 dE =  4.19347E-02
SCF Iteration 171: Energy = 7.2828376744617183 dE = -4.19348E-02
SCF Iteration 172: Energy = 7.3247724103753589 dE =  4.19347E-02
SCF Iteration 173: Energy = 7.2828376522697686 dE = -4.19348E-02
SCF Iteration 174: Energy = 7.3247723908997129 dE =  4.19347E-02
SCF Iteration 175: Energy = 7.2828376335429246 dE = -4.19348E-02
SCF Iteration 176: Energy = 7.3247723744650486 dE =  4.19347E-02
SCF Iteration 177: Energy = 7.2828376177401575 dE = -4.19348E-02
SCF Iteration 178: Energy = 7.3247723605965804 dE =  4.19347E-02
SCF Iteration 179: Energy = 7.2828376044048744 dE = -4.19348E-02
SCF Iteration 180: Energy = 7.3247723488935392 dE =  4.19347E-02
SCF Iteration 181: Energy = 7.2828375931518030 dE = -4.19348E-02
SCF Iteration 182: Energy = 7.3247723390178558 dE =  4.19347E-02
SCF Iteration 183: Energy = 7.2828375836558248 dE = -4.19348E-02
SCF Iteration 184: Energy = 7.3247723306841728 dE =  4.19347E-02
SCF Iteration 185: Energy = 7.2828375756425645 dE = -4.19348E-02
SCF Iteration 186: Energy = 7.3247723236517732 dE =  4.19347E-02
SCF Iteration 187: Energy = 7.2828375688805371 dE = -4.19348E-02
SCF Iteration 188: Energy = 7.3247723177174242 dE =  4.19347E-02
SCF Iteration 189: Energy = 7.2828375631743407 dE = -4.19348E-02
SCF Iteration 190: Energy = 7.3247723127096780 dE =  4.19347E-02
SCF Iteration 191: Energy = 7.2828375583591471 dE = -4.19348E-02
SCF Iteration 192: Energy = 7.3247723084838592 dE =  4.19348E-02
SCF Iteration 193: Energy = 7.2828375542957975 dE = -4.19348E-02
SCF Iteration 194: Energy = 7.3247723049178806 dE =  4.19348E-02
SCF Iteration 195: Energy = 7.2828375508669163 dE = -4.19348E-02
SCF Iteration 196: Energy = 7.3247723019086877 dE =  4.19348E-02
SCF Iteration 197: Energy = 7.2828375479734335 dE = -4.19348E-02
SCF Iteration 198: Energy = 7.3247722993693749 dE =  4.19348E-02
SCF Iteration 199: Energy = 7.2828375455317467 dE = -4.19348E-02
SCF Iteration 200: Energy = 7.3247722972265583 dE =  4.19348E-02
SCF Iteration 201: Energy = 7.2828375434713033 dE = -4.19348E-02
SCF Iteration 202: Energy = 7.3247722954183097 dE =  4.19348E-02
SCF Iteration 203: Energy = 7.2828375417325830 dE = -4.19348E-02
SCF Iteration 204: Energy = 7.3247722938924076 dE =  4.19348E-02
SCF Iteration 205: Energy = 7.2828375402653673 dE = -4.19348E-02
SCF Iteration 206: Energy = 7.3247722926047878 dE =  4.19348E-02
SCF Iteration 207: Energy = 7.2828375390272360 dE = -4.19348E-02
SCF Iteration 208: Energy = 7.3247722915181823 dE =  4.19348E-02
SCF Iteration 209: Energy = 7.2828375379824282 dE = -4.19348E-02
SCF Iteration 210: Energy = 7.3247722906012855 dE =  4.19348E-02
SCF Iteration 211: Energy = 7.2828375371007743 dE = -4.19348E-02
SCF Iteration 212: Energy = 7.3247722898275365 dE =  4.19348E-02
SCF Iteration 213: Energy = 7.2828375363567881 dE = -4.19348E-02
SCF Iteration 214: Energy = 7.3247722891746223 dE =  4.19348E-02
SCF Iteration 215: Energy = 7.2828375357289534 dE = -4.19348E-02
SCF Iteration 216: Energy = 7.3247722886236346 dE =  4.19348E-02
SCF Iteration 217: Energy = 7.2828375351991541 dE = -4.19348E-02
SCF Iteration 218: Energy = 7.3247722881586776 dE =  4.19348E-02
SCF Iteration 219: Energy = 7.2828375347520788 dE = -4.19348E-02
SCF Iteration 220: Energy = 7.3247722877663293 dE =  4.19348E-02
SCF Iteration 221: Energy = 7.2828375343748224 dE = -4.19348E-02
SCF Iteration 222: Energy = 7.3247722874352394 dE =  4.19348E-02
SCF Iteration 223: Energy = 7.2828375340564522 dE = -4.19348E-02
SCF Iteration 224: Energy = 7.3247722871558549 dE =  4.19348E-02
SCF Iteration 225: Energy = 7.2828375337878120 dE = -4.19348E-02
SCF Iteration 226: Energy = 7.3247722869200880 dE =  4.19348E-02
SCF Iteration 227: Energy = 7.2828375335611080 dE = -4.19348E-02
SCF Iteration 228: Energy = 7.3247722867211360 dE =  4.19348E-02
SCF Iteration 229: Energy = 7.2828375333698299 dE = -4.19348E-02
SCF Iteration 230: Energy = 7.3247722865532445 dE =  4.19348E-02
SCF Iteration 231: Energy = 7.2828375332083857 dE = -4.19348E-02
SCF Iteration 232: Energy = 7.3247722864115934 dE =  4.19348E-02
SCF Iteration 233: Energy = 7.2828375330721542 dE = -4.19348E-02
SCF Iteration 234: Energy = 7.3247722862920366 dE =  4.19348E-02
SCF Iteration 235: Energy = 7.2828375329571982 dE = -4.19348E-02
SCF Iteration 236: Energy = 7.3247722861911457 dE =  4.19348E-02
SCF Iteration 237: Energy = 7.2828375328601975 dE = -4.19348E-02
SCF Iteration 238: Energy = 7.3247722861060032 dE =  4.19348E-02
SCF Iteration 239: Energy = 7.2828375327783537 dE = -4.19348E-02
SCF Iteration 240: Energy = 7.3247722860341735 dE =  4.19348E-02
SCF Iteration 241: Energy = 7.2828375327092507 dE = -4.19348E-02
SCF Iteration 242: Energy = 7.3247722859735456 dE =  4.19348E-02
SCF Iteration 243: Energy = 7.2828375326509596 dE = -4.19348E-02
SCF Iteration 244: Energy = 7.3247722859223865 dE =  4.19348E-02
SCF Iteration 245: Energy = 7.2828375326017616 dE = -4.19348E-02
SCF Iteration 246: Energy = 7.3247722858792175 dE =  4.19348E-02
SCF Iteration 247: Energy = 7.2828375325602543 dE = -4.19348E-02
SCF Iteration 248: Energy = 7.3247722858428039 dE =  4.19348E-02
SCF Iteration 249: Energy = 7.2828375325252361 dE = -4.19348E-02
SCF Iteration 250: Energy = 7.3247722858120534 dE =  4.19348E-02
SCF Iteration 251: Energy = 7.2828375324956758 dE = -4.19348E-02
SCF Iteration 252: Energy = 7.3247722857861239 dE =  4.19348E-02
SCF Iteration 253: Energy = 7.2828375324707304 dE = -4.19348E-02
SCF Iteration 254: Energy = 7.3247722857642295 dE =  4.19348E-02
SCF Iteration 255: Energy = 7.2828375324497046 dE = -4.19348E-02
SCF Iteration 256: Energy = 7.3247722857457545 dE =  4.19348E-02
SCF Iteration 257: Energy = 7.2828375324319294 dE = -4.19348E-02
SCF Iteration 258: Energy = 7.3247722857301651 dE =  4.19348E-02
SCF Iteration 259: Energy = 7.2828375324169397 dE = -4.19348E-02
SCF Iteration 260: Energy = 7.3247722857170183 dE =  4.19348E-02
SCF Iteration 261: Energy = 7.2828375324042947 dE = -4.19348E-02
SCF Iteration 262: Energy = 7.3247722857059099 dE =  4.19348E-02
SCF Iteration 263: Energy = 7.2828375323936188 dE = -4.19348E-02
SCF Iteration 264: Energy = 7.3247722856965369 dE =  4.19348E-02
SCF Iteration 265: Energy = 7.2828375323846002 dE = -4.19348E-02
SCF Iteration 266: Energy = 7.3247722856886268 dE =  4.19348E-02
SCF Iteration 267: Energy = 7.2828375323770036 dE = -4.19348E-02
SCF Iteration 268: Energy = 7.3247722856819655 dE =  4.19348E-02
SCF Iteration 269: Energy = 7.2828375323705972 dE = -4.19348E-02
SCF Iteration 270: Energy = 7.3247722856763486 dE =  4.19348E-02
SCF Iteration 271: Energy = 7.2828375323651775 dE = -4.19348E-02
SCF Iteration 272: Energy = 7.3247722856715791 dE =  4.19348E-02
SCF Iteration 273: Energy = 7.2828375323606167 dE = -4.19348E-02
SCF Iteration 274: Energy = 7.3247722856675788 dE =  4.19348E-02
SCF Iteration 275: Energy = 7.2828375323567700 dE = -4.19348E-02
SCF Iteration 276: Energy = 7.3247722856641859 dE =  4.19348E-02
SCF Iteration 277: Energy = 7.2828375323535122 dE = -4.19348E-02
SCF Iteration 278: Energy = 7.3247722856613384 dE =  4.19348E-02
SCF Iteration 279: Energy = 7.2828375323507624 dE = -4.19348E-02
SCF Iteration 280: Energy = 7.3247722856589386 dE =  4.19348E-02
SCF Iteration 281: Energy = 7.2828375323484495 dE = -4.19348E-02
SCF Iteration 282: Energy = 7.3247722856569064 dE =  4.19348E-02
SCF Iteration 283: Energy = 7.2828375323464885 dE = -4.19348E-02
SCF Iteration 284: Energy = 7.3247722856551851 dE =  4.19348E-02
SCF Iteration 285: Energy = 7.2828375323448471 dE = -4.19348E-02
SCF Iteration 286: Energy = 7.3247722856537374 dE =  4.19348E-02
SCF Iteration 287: Energy = 7.2828375323434438 dE = -4.19348E-02
SCF Iteration 288: Energy = 7.3247722856525099 dE =  4.19348E-02
SCF Iteration 289: Energy = 7.2828375323422732 dE = -4.19348E-02
SCF Iteration 290: Energy = 7.3247722856514743 dE =  4.19348E-02
SCF Iteration 291: Energy = 7.2828375323412908 dE = -4.19348E-02
SCF Iteration 292: Energy = 7.3247722856506181 dE =  4.19348E-02
SCF Iteration 293: Energy = 7.2828375323404417 dE = -4.19348E-02
SCF Iteration 294: Energy = 7.3247722856498791 dE =  4.19348E-02
SCF Iteration 295: Energy = 7.2828375323397374 dE = -4.19348E-02
SCF Iteration 296: Energy = 7.3247722856492610 dE =  4.19348E-02
SCF Iteration 297: Energy = 7.2828375323391468 dE = -4.19348E-02
SCF Iteration 298: Energy = 7.3247722856487432 dE =  4.19348E-02
SCF Iteration 299: Energy = 7.2828375323386476 dE = -4.19348E-02
SCF Iteration 300: Energy = 7.3247722856483071 dE =  4.19348E-02
SCF Iteration 301: Energy = 7.2828375323382391 dE = -4.19348E-02
SCF Iteration 302: Energy = 7.3247722856479394 dE =  4.19348E-02
SCF Iteration 303: Energy = 7.2828375323378696 dE = -4.19348E-02
SCF Iteration 304: Energy = 7.3247722856476161 dE =  4.19348E-02
SCF Iteration 305: Energy = 7.2828375323375720 dE = -4.19348E-02
SCF Iteration 306: Energy = 7.3247722856473532 dE =  4.19348E-02
SCF Iteration 307: Energy = 7.2828375323373198 dE = -4.19348E-02
SCF Iteration 308: Energy = 7.3247722856471293 dE =  4.19348E-02
SCF Iteration 309: Energy = 7.2828375323370951 dE = -4.19348E-02
SCF Iteration 310: Energy = 7.3247722856469286 dE =  4.19348E-02
SCF Iteration 311: Energy = 7.2828375323369103 dE = -4.19348E-02
SCF Iteration 312: Energy = 7.3247722856467741 dE =  4.19348E-02
SCF Iteration 313: Energy = 7.2828375323367576 dE = -4.19348E-02
SCF Iteration 314: Energy = 7.3247722856466426 dE =  4.19348E-02
SCF Iteration 315: Energy = 7.2828375323366332 dE = -4.19348E-02
SCF Iteration 316: Energy = 7.3247722856465147 dE =  4.19348E-02
SCF Iteration 317: Energy = 7.2828375323365160 dE = -4.19348E-02
SCF Iteration 318: Energy = 7.3247722856464295 dE =  4.19348E-02
SCF Iteration 319: Energy = 7.2828375323364236 dE = -4.19348E-02
SCF Iteration 320: Energy = 7.3247722856463522 dE =  4.19348E-02
SCF Iteration 321: Energy = 7.2828375323363526 dE = -4.19348E-02
SCF Iteration 322: Energy = 7.3247722856462820 dE =  4.19348E-02
SCF Iteration 323: Energy = 7.2828375323362851 dE = -4.19348E-02
SCF Iteration 324: Energy = 7.3247722856462287 dE =  4.19348E-02
SCF Iteration 325: Energy = 7.2828375323362256 dE = -4.19348E-02
SCF Iteration 326: Energy = 7.3247722856461772 dE =  4.19348E-02
SCF Iteration 327: Energy = 7.2828375323361820 dE = -4.19348E-02
SCF Iteration 328: Energy = 7.3247722856461293 dE =  4.19348E-02
SCF Iteration 329: Energy = 7.2828375323361394 dE = -4.19348E-02
SCF Iteration 330: Energy = 7.3247722856460937 dE =  4.19348E-02
SCF Iteration 331: Energy = 7.2828375323361163 dE = -4.19348E-02
SCF Iteration 332: Energy = 7.3247722856460822 dE =  4.19348E-02
SCF Iteration 333: Energy = 7.2828375323360985 dE = -4.19348E-02
SCF Iteration 334: Energy = 7.3247722856460422 dE =  4.19348E-02
SCF Iteration 335: Energy = 7.2828375323360657 dE = -4.19348E-02
SCF Iteration 336: Energy = 7.3247722856460271 dE =  4.19348E-02
SCF Iteration 337: Energy = 7.2828375323360381 dE = -4.19348E-02
SCF Iteration 338: Energy = 7.3247722856460058 dE =  4.19348E-02
SCF Iteration 339: Energy = 7.2828375323360186 dE = -4.19348E-02
SCF Iteration 340: Energy = 7.3247722856459800 dE =  4.19348E-02
SCF Iteration 341: Energy = 7.2828375323360008 dE = -4.19348E-02
SCF Iteration 342: Energy = 7.3247722856459747 dE =  4.19348E-02
SCF Iteration 343: Energy = 7.2828375323359911 dE = -4.19348E-02
SCF Iteration 344: Energy = 7.3247722856459676 dE =  4.19348E-02
SCF Iteration 345: Energy = 7.2828375323359724 dE = -4.19348E-02
SCF Iteration 346: Energy = 7.3247722856459525 dE =  4.19348E-02
SCF Iteration 347: Energy = 7.2828375323359644 dE = -4.19348E-02
SCF Iteration 348: Energy = 7.3247722856459481 dE =  4.19348E-02
SCF Iteration 349: Energy = 7.2828375323359529 dE = -4.19348E-02
SCF Iteration 350: Energy = 7.3247722856459312 dE =  4.19348E-02
SCF Iteration 351: Energy = 7.2828375323359582 dE = -4.19348E-02
SCF Iteration 352: Energy = 7.3247722856459339 dE =  4.19348E-02
SCF Iteration 353: Energy = 7.2828375323359529 dE = -4.19348E-02
SCF Iteration 354: Energy = 7.3247722856459179 dE =  4.19348E-02
SCF Iteration 355: Energy = 7.2828375323359449 dE = -4.19348E-02
SCF Iteration 356: Energy = 7.3247722856459232 dE =  4.19348E-02
SCF Iteration 357: Energy = 7.2828375323359458 dE = -4.19348E-02
SCF Iteration 358: Energy = 7.3247722856459250 dE =  4.19348E-02
SCF Iteration 359: Energy = 7.2828375323359458 dE = -4.19348E-02
SCF Iteration 360: Energy = 7.3247722856459170 dE =  4.19348E-02
SCF Iteration 361: Energy = 7.2828375323359440 dE = -4.19348E-02
SCF Iteration 362: Energy = 7.3247722856459259 dE =  4.19348E-02
SCF Iteration 363: Energy = 7.2828375323359440 dE = -4.19348E-02
SCF Iteration 364: Energy = 7.3247722856459161 dE =  4.19348E-02
SCF Iteration 365: Energy = 7.2828375323359316 dE = -4.19348E-02
SCF Iteration 366: Energy = 7.3247722856459196 dE =  4.19348E-02
SCF Iteration 367: Energy = 7.2828375323359325 dE = -4.19348E-02
SCF Iteration 368: Energy = 7.3247722856459268 dE =  4.19348E-02
SCF Iteration 369: Energy = 7.2828375323359467 dE = -4.19348E-02
SCF Iteration 370: Energy = 7.3247722856459241 dE =  4.19348E-02
SCF Iteration 371: Energy = 7.2828375323359476 dE = -4.19348E-02
SCF Iteration 372: Energy = 7.3247722856459285 dE =  4.19348E-02
SCF Iteration 373: Energy = 7.2828375323359431 dE = -4.19348E-02
SCF Iteration 374: Energy = 7.3247722856459090 dE =  4.19348E-02
SCF Iteration 375: Energy = 7.2828375323359413 dE = -4.19348E-02
SCF Iteration 376: Energy = 7.3247722856459330 dE =  4.19348E-02
SCF Iteration 377: Energy = 7.2828375323359502 dE = -4.19348E-02
SCF Iteration 378: Energy = 7.3247722856459205 dE =  4.19348E-02
SCF Iteration 379: Energy = 7.2828375323359262 dE = -4.19348E-02
SCF Iteration 380: Energy = 7.3247722856459205 dE =  4.19348E-02
SCF Iteration 381: Energy = 7.2828375323359378 dE = -4.19348E-02
SCF Iteration 382: Energy = 7.3247722856459117 dE =  4.19348E-02
SCF Iteration 383: Energy = 7.2828375323359378 dE = -4.19348E-02
SCF Iteration 384: Energy = 7.3247722856459161 dE =  4.19348E-02
SCF Iteration 385: Energy = 7.2828375323359369 dE = -4.19348E-02
SCF Iteration 386: Energy = 7.3247722856459179 dE =  4.19348E-02
SCF Iteration 387: Energy = 7.2828375323359262 dE = -4.19348E-02
SCF Iteration 388: Energy = 7.3247722856459028 dE =  4.19348E-02
SCF Iteration 389: Energy = 7.2828375323359307 dE = -4.19348E-02
SCF Iteration 390: Energy = 7.3247722856459054 dE =  4.19348E-02
SCF Iteration 391: Energy = 7.2828375323359227 dE = -4.19348E-02
SCF Iteration 392: Energy = 7.3247722856459019 dE =  4.19348E-02
SCF Iteration 393: Energy = 7.2828375323359333 dE = -4.19348E-02
SCF Iteration 394: Energy = 7.3247722856459108 dE =  4.19348E-02
SCF Iteration 395: Energy = 7.2828375323359333 dE = -4.19348E-02
SCF Iteration 396: Energy = 7.3247722856459125 dE =  4.19348E-02
SCF Iteration 397: Energy = 7.2828375323359422 dE = -4.19348E-02
SCF Iteration 398: Energy = 7.3247722856459054 dE =  4.19348E-02
SCF Iteration 399: Energy = 7.2828375323359298 dE = -4.19348E-02
SCF Iteration 400: Energy = 7.3247722856459152 dE =  4.19348E-02
SCF Iteration 401: Energy = 7.2828375323359369 dE = -4.19348E-02
SCF Iteration 402: Energy = 7.3247722856459179 dE =  4.19348E-02
SCF Iteration 403: Energy = 7.2828375323359351 dE = -4.19348E-02
SCF Iteration 404: Energy = 7.3247722856459099 dE =  4.19348E-02
SCF Iteration 405: Energy = 7.2828375323359422 dE = -4.19348E-02
SCF Iteration 406: Energy = 7.3247722856459125 dE =  4.19348E-02
SCF Iteration 407: Energy = 7.2828375323359351 dE = -4.19348E-02
SCF Iteration 408: Energy = 7.3247722856459054 dE =  4.19348E-02
SCF Iteration 409: Energy = 7.2828375323359422 dE = -4.19348E-02
SCF Iteration 410: Energy = 7.3247722856459179 dE =  4.19348E-02
SCF Iteration 411: Energy = 7.2828375323359245 dE = -4.19348E-02
SCF Iteration 412: Energy = 7.3247722856459170 dE =  4.19348E-02
SCF Iteration 413: Energy = 7.2828375323359458 dE = -4.19348E-02
SCF Iteration 414: Energy = 7.3247722856459072 dE =  4.19348E-02
SCF Iteration 415: Energy = 7.2828375323359351 dE = -4.19348E-02
SCF Iteration 416: Energy = 7.3247722856459072 dE =  4.19348E-02
SCF Iteration 417: Energy = 7.2828375323359253 dE = -4.19348E-02
SCF Iteration 418: Energy = 7.3247722856459054 dE =  4.19348E-02
SCF Iteration 419: Energy = 7.2828375323359316 dE = -4.19348E-02
SCF Iteration 420: Energy = 7.3247722856459117 dE =  4.19348E-02
SCF Iteration 421: Energy = 7.2828375323359351 dE = -4.19348E-02
SCF Iteration 422: Energy = 7.3247722856459019 dE =  4.19348E-02
SCF Iteration 423: Energy = 7.2828375323359182 dE = -4.19348E-02
SCF Iteration 424: Energy = 7.3247722856458930 dE =  4.19348E-02
SCF Iteration 425: Energy = 7.2828375323359271 dE = -4.19348E-02
SCF Iteration 426: Energy = 7.3247722856458983 dE =  4.19348E-02
SCF Iteration 427: Energy = 7.2828375323359209 dE = -4.19348E-02
SCF Iteration 428: Energy = 7.3247722856458957 dE =  4.19348E-02
SCF Iteration 429: Energy = 7.2828375323359280 dE = -4.19348E-02
SCF Iteration 430: Energy = 7.3247722856459161 dE =  4.19348E-02
SCF Iteration 431: Energy = 7.2828375323359369 dE = -4.19348E-02
SCF Iteration 432: Energy = 7.3247722856459072 dE =  4.19348E-02
SCF Iteration 433: Energy = 7.2828375323359236 dE = -4.19348E-02
SCF Iteration 434: Energy = 7.3247722856459196 dE =  4.19348E-02
SCF Iteration 435: Energy = 7.2828375323359351 dE = -4.19348E-02
SCF Iteration 436: Energy = 7.3247722856459090 dE =  4.19348E-02
SCF Iteration 437: Energy = 7.2828375323359209 dE = -4.19348E-02
SCF Iteration 438: Energy = 7.3247722856459125 dE =  4.19348E-02
SCF Iteration 439: Energy = 7.2828375323359351 dE = -4.19348E-02
SCF Iteration 440: Energy = 7.3247722856459125 dE =  4.19348E-02
SCF Iteration 441: Energy = 7.2828375323359316 dE = -4.19348E-02
SCF Iteration 442: Energy = 7.3247722856459125 dE =  4.19348E-02
SCF Iteration 443: Energy = 7.2828375323359316 dE = -4.19348E-02
SCF Iteration 444: Energy = 7.3247722856459090 dE =  4.19348E-02
SCF Iteration 445: Energy = 7.2828375323359342 dE = -4.19348E-02
SCF Iteration 446: Energy = 7.3247722856459214 dE =  4.19348E-02
SCF Iteration 447: Energy = 7.2828375323359245 dE = -4.19348E-02
SCF Iteration 448: Energy = 7.3247722856459037 dE =  4.19348E-02
SCF Iteration 449: Energy = 7.2828375323359360 dE = -4.19348E-02
SCF Iteration 450: Energy = 7.3247722856459045 dE =  4.19348E-02
SCF Iteration 451: Energy = 7.2828375323359174 dE = -4.19348E-02
SCF Iteration 452: Energy = 7.3247722856459001 dE =  4.19348E-02
SCF Iteration 453: Energy = 7.2828375323359227 dE = -4.19348E-02
SCF Iteration 454: Energy = 7.3247722856459090 dE =  4.19348E-02
SCF Iteration 455: Energy = 7.2828375323359147 dE = -4.19348E-02
SCF Iteration 456: Energy = 7.3247722856459072 dE =  4.19348E-02
SCF Iteration 457: Energy = 7.2828375323359227 dE = -4.19348E-02
SCF Iteration 458: Energy = 7.3247722856459028 dE =  4.19348E-02
SCF Iteration 459: Energy = 7.2828375323359369 dE = -4.19348E-02
SCF Iteration 460: Energy = 7.3247722856459099 dE =  4.19348E-02
SCF Iteration 461: Energy = 7.2828375323359449 dE = -4.19348E-02
SCF Iteration 462: Energy = 7.3247722856459179 dE =  4.19348E-02
SCF Iteration 463: Energy = 7.2828375323359467 dE = -4.19348E-02
SCF Iteration 464: Energy = 7.3247722856459170 dE =  4.19348E-02
SCF Iteration 465: Energy = 7.2828375323359316 dE = -4.19348E-02
SCF Iteration 466: Energy = 7.3247722856459108 dE =  4.19348E-02
SCF Iteration 467: Energy = 7.2828375323359369 dE = -4.19348E-02
SCF Iteration 468: Energy = 7.3247722856459099 dE =  4.19348E-02
SCF Iteration 469: Energy = 7.2828375323359476 dE = -4.19348E-02
SCF Iteration 470: Energy = 7.3247722856459117 dE =  4.19348E-02
SCF Iteration 471: Energy = 7.2828375323359387 dE = -4.19348E-02
SCF Iteration 472: Energy = 7.3247722856459072 dE =  4.19348E-02
SCF Iteration 473: Energy = 7.2828375323359342 dE = -4.19348E-02
SCF Iteration 474: Energy = 7.3247722856459232 dE =  4.19348E-02
SCF Iteration 475: Energy = 7.2828375323359342 dE = -4.19348E-02
SCF Iteration 476: Energy = 7.3247722856459028 dE =  4.19348E-02
SCF Iteration 477: Energy = 7.2828375323359351 dE = -4.19348E-02
SCF Iteration 478: Energy = 7.3247722856459250 dE =  4.19348E-02
SCF Iteration 479: Energy = 7.2828375323359245 dE = -4.19348E-02
SCF Iteration 480: Energy = 7.3247722856459188 dE =  4.19348E-02
SCF Iteration 481: Energy = 7.2828375323359333 dE = -4.19348E-02
SCF Iteration 482: Energy = 7.3247722856459276 dE =  4.19348E-02
SCF Iteration 483: Energy = 7.2828375323359520 dE = -4.19348E-02
SCF Iteration 484: Energy = 7.3247722856459196 dE =  4.19348E-02
SCF Iteration 485: Energy = 7.2828375323359449 dE = -4.19348E-02
SCF Iteration 486: Energy = 7.3247722856459232 dE =  4.19348E-02
SCF Iteration 487: Energy = 7.2828375323359564 dE = -4.19348E-02
SCF Iteration 488: Energy = 7.3247722856459072 dE =  4.19348E-02
SCF Iteration 489: Energy = 7.2828375323359325 dE = -4.19348E-02
SCF Iteration 490: Energy = 7.3247722856459161 dE =  4.19348E-02
SCF Iteration 491: Energy = 7.2828375323359564 dE = -4.19348E-02
SCF Iteration 492: Energy = 7.3247722856459179 dE =  4.19348E-02
SCF Iteration 493: Energy = 7.2828375323359360 dE = -4.19348E-02
SCF Iteration 494: Energy = 7.3247722856459232 dE =  4.19348E-02
SCF Iteration 495: Energy = 7.2828375323359387 dE = -4.19348E-02
SCF Iteration 496: Energy = 7.3247722856459072 dE =  4.19348E-02
SCF Iteration 497: Energy = 7.2828375323359387 dE = -4.19348E-02
SCF Iteration 498: Energy = 7.3247722856459045 dE =  4.19348E-02
SCF Iteration 499: Energy = 7.2828375323359245 dE = -4.19348E-02
SCF Iteration 500: Energy = 7.3247722856459081 dE =  4.19348E-02
