
  Memory set to  55.879 GiB by Python driver.
  Threads set to 1 by Python driver.
Settings:
	LOT = CCSD-S1-U21
	wc = 20.0 eV
	lambda = [1.212424 0.       0.      ] a.u.
	Equivalent A0 = LAMBDA / sqrt(2 wc) = [1. 0. 0.])
doing QED-CCSD-1 (or QED-CCSD-21)
Number of occupied orbitals:   1
Number of basis functions:  60
SCF Iteration   1: Energy = 8.8930708115154484 dE =  8.89307E+00
SCF Iteration   2: Energy = 9.4597350985039732 dE =  5.66664E-01
SCF Iteration   3: Energy = 9.1386703752605776 dE = -3.21065E-01
SCF Iteration   4: Energy = 9.3815746879956308 dE =  2.42904E-01
SCF Iteration   5: Energy = 9.2943180054145049 dE = -8.72567E-02
SCF Iteration   6: Energy = 9.3869671710335059 dE =  9.26492E-02
SCF Iteration   7: Energy = 9.3602211735989211 dE = -2.67460E-02
SCF Iteration   8: Energy = 9.3960701847669128 dE =  3.58490E-02
SCF Iteration   9: Energy = 9.3864607249739009 dE = -9.60946E-03
SCF Iteration  10: Energy = 9.4001381917372839 dE =  1.36775E-02
SCF Iteration  11: Energy = 9.3951593282342536 dE = -4.97886E-03
SCF Iteration  12: Energy = 9.3995838846521469 dE =  4.42456E-03
SCF Iteration  13: Energy = 9.3954076201773180 dE = -4.17626E-03
SCF Iteration  14: Energy = 9.3958135934008595 dE =  4.05973E-04
SCF Iteration  15: Energy = 9.3913482216722901 dE = -4.46537E-03
SCF Iteration  16: Energy = 9.3900455098156428 dE = -1.30271E-03
SCF Iteration  17: Energy = 9.3850945874695668 dE = -4.95092E-03
SCF Iteration  18: Energy = 9.3831780147341526 dE = -1.91657E-03
SCF Iteration  19: Energy = 9.3778212697741630 dE = -5.35674E-03
SCF Iteration  20: Energy = 9.3758368883136427 dE = -1.98438E-03
SCF Iteration  21: Energy = 9.3702160140529909 dE = -5.62087E-03
SCF Iteration  22: Energy = 9.3684424788221428 dE = -1.77354E-03
SCF Iteration  23: Energy = 9.3626898780437227 dE = -5.75260E-03
SCF Iteration  24: Energy = 9.3612666547606427 dE = -1.42322E-03
SCF Iteration  25: Energy = 9.3554860052403441 dE = -5.78065E-03
SCF Iteration  26: Energy = 9.3544761989375917 dE = -1.00981E-03
SCF Iteration  27: Energy = 9.3487413891992119 dE = -5.73481E-03
SCF Iteration  28: Energy = 9.3481647133687353 dE = -5.76676E-04
SCF Iteration  29: Energy = 9.3425245456730792 dE = -5.64017E-03
SCF Iteration  30: Energy = 9.3423757084689996 dE = -1.48837E-04
SCF Iteration  31: Energy = 9.3368596665157160 dE = -5.51604E-03
SCF Iteration  32: Energy = 9.3371191470168480 dE =  2.59481E-04
SCF Iteration  33: Energy = 9.3317425983722089 dE = -5.37655E-03
SCF Iteration  34: Energy = 9.3323831944346267 dE =  6.40596E-04
SCF Iteration  35: Energy = 9.3271515919524042 dE = -5.23160E-03
SCF Iteration  36: Energy = 9.3281424846861096 dE =  9.90893E-04
SCF Iteration  37: Energy = 9.3230545755889782 dE = -5.08791E-03
SCF Iteration  38: Energy = 9.3243638683954195 dE =  1.30929E-03
SCF Iteration  39: Energy = 9.3194140629245492 dE = -4.94981E-03
SCF Iteration  40: Energy = 9.3210103521454819 dE =  1.59629E-03
SCF Iteration  41: Energy = 9.3161904288306836 dE = -4.81992E-03
SCF Iteration  42: Energy = 9.3180437463933572 dE =  1.85332E-03
SCF Iteration  43: Energy = 9.3133440535575325 dE = -4.69969E-03
SCF Iteration  44: Energy = 9.3154263979195608 dE =  2.08234E-03
SCF Iteration  45: Energy = 9.3108366818228028 dE = -4.58972E-03
SCF Iteration  46: Energy = 9.3131222786530117 dE =  2.28560E-03
SCF Iteration  47: Energy = 9.3086322396706507 dE = -4.49004E-03
SCF Iteration  48: Energy = 9.3110976265317174 dE =  2.46539E-03
SCF Iteration  49: Energy = 9.3066972799746850 dE = -4.40035E-03
SCF Iteration  50: Energy = 9.3093212785485875 dE =  2.62400E-03
SCF Iteration  51: Energy = 9.3050011769626764 dE = -4.32010E-03
SCF Iteration  52: Energy = 9.3077647958570324 dE =  2.76362E-03
SCF Iteration  53: Energy = 9.3035161544366076 dE = -4.24864E-03
SCF Iteration  54: Energy = 9.3064024517044928 dE =  2.88630E-03
SCF Iteration  55: Energy = 9.3022172070275619 dE = -4.18524E-03
SCF Iteration  56: Energy = 9.3052111320004354 dE =  2.99392E-03
SCF Iteration  57: Energy = 9.3010819558188604 dE = -4.12918E-03
SCF Iteration  58: Energy = 9.3041701832785648 dE =  3.08823E-03
SCF Iteration  59: Energy = 9.3000904668767888 dE = -4.07972E-03
SCF Iteration  60: Energy = 9.3032612320487331 dE =  3.17077E-03
SCF Iteration  61: Energy = 9.2992250521465696 dE = -4.03618E-03
SCF Iteration  62: Energy = 9.3024679918578244 dE =  3.24294E-03
SCF Iteration  63: Energy = 9.2984700657442865 dE = -3.99793E-03
SCF Iteration  64: Energy = 9.3017760689316713 dE =  3.30600E-03
SCF Iteration  65: Energy = 9.2978117041404680 dE = -3.96436E-03
SCF Iteration  66: Energy = 9.3011727734205643 dE =  3.36107E-03
SCF Iteration  67: Energy = 9.2972378155547730 dE = -3.93496E-03
SCF Iteration  68: Energy = 9.3006469405743886 dE =  3.40913E-03
SCF Iteration  69: Energy = 9.2967377216674247 dE = -3.90922E-03
SCF Iteration  70: Energy = 9.3001887642973387 dE =  3.45104E-03
SCF Iteration  71: Energy = 9.2963020532354932 dE = -3.88671E-03
SCF Iteration  72: Energy = 9.2997896442482855 dE =  3.48759E-03
SCF Iteration  73: Energy = 9.2959226001708455 dE = -3.86704E-03
SCF Iteration  74: Energy = 9.2994420467866163 dE =  3.51945E-03
SCF Iteration  75: Energy = 9.2955921759582729 dE = -3.84987E-03
SCF Iteration  76: Energy = 9.2991393794971522 dE =  3.54720E-03
SCF Iteration  77: Energy = 9.2953044958572093 dE = -3.83488E-03
SCF Iteration  78: Energy = 9.2988758786702927 dE =  3.57138E-03
SCF Iteration  79: Energy = 9.2950540680699554 dE = -3.82181E-03
SCF Iteration  80: Energy = 9.2986465089045680 dE =  3.59244E-03
SCF Iteration  81: Energy = 9.2948360969176882 dE = -3.81041E-03
SCF Iteration  82: Energy = 9.2984468738903381 dE =  3.61078E-03
SCF Iteration  83: Energy = 9.2946463970054864 dE = -3.80048E-03
SCF Iteration  84: Energy = 9.2982731373951637 dE =  3.62674E-03
SCF Iteration  85: Energy = 9.2944813173525347 dE = -3.79182E-03
SCF Iteration  86: Energy = 9.2981219534788231 dE =  3.64064E-03
SCF Iteration  87: Energy = 9.2943376744951571 dE = -3.78428E-03
SCF Iteration  88: Energy = 9.2979904050020039 dE =  3.65273E-03
SCF Iteration  89: Energy = 9.2942126936218408 dE = -3.77771E-03
SCF Iteration  90: Energy = 9.2978759495487893 dE =  3.66326E-03
SCF Iteration  91: Energy = 9.2941039568649408 dE = -3.77199E-03
SCF Iteration  92: Energy = 9.2977763719463553 dE =  3.67242E-03
SCF Iteration  93: Energy = 9.2940093579455372 dE = -3.76701E-03
SCF Iteration  94: Energy = 9.2976897426347183 dE =  3.68038E-03
SCF Iteration  95: Energy = 9.2939270624390193 dE = -3.76268E-03
SCF Iteration  96: Energy = 9.2976143812084509 dE =  3.68732E-03
SCF Iteration  97: Energy = 9.2938554730020346 dE = -3.75891E-03
SCF Iteration  98: Energy = 9.2975488245197297 dE =  3.69335E-03
SCF Iteration  99: Energy = 9.2937931989676947 dE = -3.75563E-03
SCF Iteration 100: Energy = 9.2974917987953560 dE =  3.69860E-03
SCF Iteration 101: Energy = 9.2937390297808218 dE = -3.75277E-03
SCF Iteration 102: Energy = 9.2974421952805351 dE =  3.70317E-03
SCF Iteration 103: Energy = 9.2936919118034282 dE = -3.75028E-03
SCF Iteration 104: Energy = 9.2973990489764873 dE =  3.70714E-03
SCF Iteration 105: Energy = 9.2936509280736104 dE = -3.74812E-03
SCF Iteration 106: Energy = 9.2973615200883408 dE =  3.71059E-03
SCF Iteration 107: Energy = 9.2936152806507089 dE = -3.74624E-03
SCF Iteration 108: Energy = 9.2973288778458461 dE =  3.71360E-03
SCF Iteration 109: Energy = 9.2935842752222406 dE = -3.74460E-03
SCF Iteration 110: Energy = 9.2973004863980879 dE =  3.71621E-03
SCF Iteration 111: Energy = 9.2935573076876992 dE = -3.74318E-03
SCF Iteration 112: Energy = 9.2972757925212726 dE =  3.71848E-03
SCF Iteration 113: Energy = 9.2935338524685704 dE = -3.74194E-03
SCF Iteration 114: Energy = 9.2972543149089688 dE =  3.72046E-03
SCF Iteration 115: Energy = 9.2935134523257386 dE = -3.74086E-03
SCF Iteration 116: Energy = 9.2972356348435561 dE =  3.72218E-03
SCF Iteration 117: Energy = 9.2934957094909656 dE = -3.73993E-03
SCF Iteration 118: Energy = 9.2972193880728469 dE =  3.72368E-03
SCF Iteration 119: Energy = 9.2934802779452816 dE = -3.73911E-03
SCF Iteration 120: Energy = 9.2972052577369269 dE =  3.72498E-03
SCF Iteration 121: Energy = 9.2934668566962468 dE = -3.73840E-03
SCF Iteration 122: Energy = 9.2971929682107319 dE =  3.72611E-03
SCF Iteration 123: Energy = 9.2934551839263833 dE = -3.73778E-03
SCF Iteration 124: Energy = 9.2971822797444208 dE =  3.72710E-03
SCF Iteration 125: Energy = 9.2934450318999104 dE = -3.73725E-03
SCF Iteration 126: Energy = 9.2971729837988271 dE =  3.72795E-03
SCF Iteration 127: Energy = 9.2934362025305379 dE = -3.73678E-03
SCF Iteration 128: Energy = 9.2971648989860078 dE =  3.72870E-03
SCF Iteration 129: Energy = 9.2934285235244705 dE = -3.73638E-03
SCF Iteration 130: Energy = 9.2971578675372246 dE =  3.72934E-03
SCF Iteration 131: Energy = 9.2934218450243193 dE = -3.73602E-03
SCF Iteration 132: Energy = 9.2971517522292029 dE =  3.72991E-03
SCF Iteration 133: Energy = 9.2934160366892158 dE = -3.73572E-03
SCF Iteration 134: Energy = 9.2971464337102958 dE =  3.73040E-03
SCF Iteration 135: Energy = 9.2934109851543987 dE = -3.73545E-03
SCF Iteration 136: Energy = 9.2971418081740875 dE =  3.73082E-03
SCF Iteration 137: Energy = 9.2934065918212454 dE = -3.73522E-03
SCF Iteration 138: Energy = 9.2971377853354973 dE =  3.73119E-03
SCF Iteration 139: Energy = 9.2934027709346445 dE = -3.73501E-03
SCF Iteration 140: Energy = 9.2971342866702571 dE =  3.73152E-03
SCF Iteration 141: Energy = 9.2933994479105344 dE = -3.73484E-03
SCF Iteration 142: Energy = 9.2971312438833777 dE =  3.73180E-03
SCF Iteration 143: Energy = 9.2933965578811648 dE = -3.73469E-03
SCF Iteration 144: Energy = 9.2971285975769788 dE =  3.73204E-03
SCF Iteration 145: Energy = 9.2933940444295846 dE = -3.73455E-03
SCF Iteration 146: Energy = 9.2971262960914451 dE =  3.73225E-03
SCF Iteration 147: Energy = 9.2933918584889526 dE = -3.73444E-03
SCF Iteration 148: Energy = 9.2971242944975963 dE =  3.73244E-03
SCF Iteration 149: Energy = 9.2933899573851324 dE = -3.73434E-03
SCF Iteration 150: Energy = 9.2971225537198876 dE =  3.73260E-03
SCF Iteration 151: Energy = 9.2933883040040097 dE = -3.73425E-03
SCF Iteration 152: Energy = 9.2971210397739679 dE =  3.73274E-03
SCF Iteration 153: Energy = 9.2933868660670562 dE = -3.73417E-03
SCF Iteration 154: Energy = 9.2971197231033020 dE =  3.73286E-03
SCF Iteration 155: Energy = 9.2933856155014762 dE = -3.73411E-03
SCF Iteration 156: Energy = 9.2971185780025429 dE =  3.73296E-03
SCF Iteration 157: Energy = 9.2933845278921936 dE = -3.73405E-03
SCF Iteration 158: Energy = 9.2971175821155292 dE =  3.73305E-03
SCF Iteration 159: Energy = 9.2933835820054504 dE = -3.73400E-03
SCF Iteration 160: Energy = 9.2971167159991026 dE =  3.73313E-03
SCF Iteration 161: Energy = 9.2933827593741185 dE = -3.73396E-03
SCF Iteration 162: Energy = 9.2971159627435860 dE =  3.73320E-03
SCF Iteration 163: Energy = 9.2933820439374593 dE = -3.73392E-03
SCF Iteration 164: Energy = 9.2971153076426312 dE =  3.73326E-03
SCF Iteration 165: Energy = 9.2933814217273802 dE = -3.73389E-03
SCF Iteration 166: Energy = 9.2971147379061367 dE =  3.73332E-03
SCF Iteration 167: Energy = 9.2933808805959206 dE = -3.73386E-03
SCF Iteration 168: Energy = 9.2971142424105757 dE =  3.73336E-03
SCF Iteration 169: Energy = 9.2933804099779938 dE = -3.73383E-03
SCF Iteration 170: Energy = 9.2971138114819070 dE =  3.73340E-03
SCF Iteration 171: Energy = 9.2933800006852625 dE = -3.73381E-03
SCF Iteration 172: Energy = 9.2971134367066188 dE =  3.73344E-03
SCF Iteration 173: Energy = 9.2933796447266097 dE = -3.73379E-03
SCF Iteration 174: Energy = 9.2971131107674942 dE =  3.73347E-03
SCF Iteration 175: Energy = 9.2933793351522063 dE = -3.73378E-03
SCF Iteration 176: Energy = 9.2971128273008787 dE =  3.73349E-03
SCF Iteration 177: Energy = 9.2933790659178719 dE = -3.73376E-03
SCF Iteration 178: Energy = 9.2971125807722608 dE =  3.73351E-03
SCF Iteration 179: Energy = 9.2933788317669457 dE = -3.73375E-03
SCF Iteration 180: Energy = 9.2971123663683528 dE =  3.73353E-03
SCF Iteration 181: Energy = 9.2933786281278650 dE = -3.73374E-03
SCF Iteration 182: Energy = 9.2971121799030492 dE =  3.73355E-03
SCF Iteration 183: Energy = 9.2933784510246475 dE = -3.73373E-03
SCF Iteration 184: Energy = 9.2971120177357420 dE =  3.73357E-03
SCF Iteration 185: Energy = 9.2933782969994354 dE = -3.73372E-03
SCF Iteration 186: Energy = 9.2971118767001872 dE =  3.73358E-03
SCF Iteration 187: Energy = 9.2933781630450021 dE = -3.73371E-03
SCF Iteration 188: Energy = 9.2971117540427528 dE =  3.73359E-03
SCF Iteration 189: Energy = 9.2933780465459961 dE = -3.73371E-03
SCF Iteration 190: Energy = 9.2971116473686237 dE =  3.73360E-03
SCF Iteration 191: Energy = 9.2933779452277694 dE = -3.73370E-03
SCF Iteration 192: Energy = 9.2971115545950305 dE =  3.73361E-03
SCF Iteration 193: Energy = 9.2933778571121799 dE = -3.73370E-03
SCF Iteration 194: Energy = 9.2971114739106415 dE =  3.73362E-03
SCF Iteration 195: Energy = 9.2933777804787923 dE = -3.73369E-03
SCF Iteration 196: Energy = 9.2971114037401037 dE =  3.73362E-03
SCF Iteration 197: Energy = 9.2933777138314184 dE = -3.73369E-03
SCF Iteration 198: Energy = 9.2971113427133929 dE =  3.73363E-03
SCF Iteration 199: Energy = 9.2933776558687633 dE = -3.73369E-03
SCF Iteration 200: Energy = 9.2971112896390018 dE =  3.73363E-03
SCF Iteration 201: Energy = 9.2933776054591348 dE = -3.73368E-03
SCF Iteration 202: Energy = 9.2971112434806447 dE =  3.73364E-03
SCF Iteration 203: Energy = 9.2933775616183123 dE = -3.73368E-03
SCF Iteration 204: Energy = 9.2971112033371242 dE =  3.73364E-03
SCF Iteration 205: Energy = 9.2933775234903351 dE = -3.73368E-03
SCF Iteration 206: Energy = 9.2971111684246566 dE =  3.73364E-03
SCF Iteration 207: Energy = 9.2933774903307569 dE = -3.73368E-03
SCF Iteration 208: Energy = 9.2971111380615703 dE =  3.73365E-03
SCF Iteration 209: Energy = 9.2933774614921649 dE = -3.73368E-03
SCF Iteration 210: Energy = 9.2971111116550631 dE =  3.73365E-03
SCF Iteration 211: Energy = 9.2933774364114665 dE = -3.73368E-03
SCF Iteration 212: Energy = 9.2971110886895545 dE =  3.73365E-03
SCF Iteration 213: Energy = 9.2933774145990391 dE = -3.73367E-03
SCF Iteration 214: Energy = 9.2971110687166671 dE =  3.73365E-03
SCF Iteration 215: Energy = 9.2933773956289230 dE = -3.73367E-03
SCF Iteration 216: Energy = 9.2971110513463913 dE =  3.73366E-03
SCF Iteration 217: Energy = 9.2933773791307939 dE = -3.73367E-03
SCF Iteration 218: Energy = 9.2971110362396310 dE =  3.73366E-03
SCF Iteration 219: Energy = 9.2933773647825291 dE = -3.73367E-03
SCF Iteration 220: Energy = 9.2971110231014009 dE =  3.73366E-03
SCF Iteration 221: Energy = 9.2933773523039385 dE = -3.73367E-03
SCF Iteration 222: Energy = 9.2971110116752023 dE =  3.73366E-03
SCF Iteration 223: Energy = 9.2933773414514498 dE = -3.73367E-03
SCF Iteration 224: Energy = 9.2971110017379228 dE =  3.73366E-03
SCF Iteration 225: Energy = 9.2933773320131152 dE = -3.73367E-03
SCF Iteration 226: Energy = 9.2971109930956004 dE =  3.73366E-03
SCF Iteration 227: Energy = 9.2933773238046751 dE = -3.73367E-03
SCF Iteration 228: Energy = 9.2971109855794047 dE =  3.73366E-03
SCF Iteration 229: Energy = 9.2933773166658469 dE = -3.73367E-03
SCF Iteration 230: Energy = 9.2971109790426354 dE =  3.73366E-03
SCF Iteration 231: Energy = 9.2933773104573092 dE = -3.73367E-03
SCF Iteration 232: Energy = 9.2971109733577002 dE =  3.73366E-03
SCF Iteration 233: Energy = 9.2933773050577848 dE = -3.73367E-03
SCF Iteration 234: Energy = 9.2971109684135200 dE =  3.73366E-03
SCF Iteration 235: Energy = 9.2933773003618541 dE = -3.73367E-03
SCF Iteration 236: Energy = 9.2971109641136316 dE =  3.73366E-03
SCF Iteration 237: Energy = 9.2933772962778551 dE = -3.73367E-03
SCF Iteration 238: Energy = 9.2971109603740594 dE =  3.73366E-03
SCF Iteration 239: Energy = 9.2933772927260438 dE = -3.73367E-03
SCF Iteration 240: Energy = 9.2971109571217774 dE =  3.73366E-03
SCF Iteration 241: Energy = 9.2933772896370321 dE = -3.73367E-03
SCF Iteration 242: Energy = 9.2971109542932950 dE =  3.73366E-03
SCF Iteration 243: Energy = 9.2933772869505731 dE = -3.73367E-03
SCF Iteration 244: Energy = 9.2971109518333854 dE =  3.73366E-03
SCF Iteration 245: Energy = 9.2933772846141629 dE = -3.73367E-03
SCF Iteration 246: Energy = 9.2971109496940123 dE =  3.73367E-03
SCF Iteration 247: Energy = 9.2933772825822416 dE = -3.73367E-03
SCF Iteration 248: Energy = 9.2971109478334490 dE =  3.73367E-03
SCF Iteration 249: Energy = 9.2933772808150650 dE = -3.73367E-03
SCF Iteration 250: Energy = 9.2971109462153123 dE =  3.73367E-03
SCF Iteration 251: Energy = 9.2933772792782072 dE = -3.73367E-03
SCF Iteration 252: Energy = 9.2971109448080611 dE =  3.73367E-03
SCF Iteration 253: Energy = 9.2933772779415733 dE = -3.73367E-03
SCF Iteration 254: Energy = 9.2971109435841619 dE =  3.73367E-03
SCF Iteration 255: Energy = 9.2933772767791378 dE = -3.73367E-03
SCF Iteration 256: Energy = 9.2971109425197618 dE =  3.73367E-03
SCF Iteration 257: Energy = 9.2933772757681581 dE = -3.73367E-03
SCF Iteration 258: Energy = 9.2971109415940401 dE =  3.73367E-03
SCF Iteration 259: Energy = 9.2933772748889272 dE = -3.73367E-03
SCF Iteration 260: Energy = 9.2971109407889685 dE =  3.73367E-03
SCF Iteration 261: Energy = 9.2933772741242926 dE = -3.73367E-03
SCF Iteration 262: Energy = 9.2971109400887926 dE =  3.73367E-03
SCF Iteration 263: Energy = 9.2933772734592530 dE = -3.73367E-03
SCF Iteration 264: Energy = 9.2971109394798539 dE =  3.73367E-03
SCF Iteration 265: Energy = 9.2933772728808890 dE = -3.73367E-03
SCF Iteration 266: Energy = 9.2971109389502757 dE =  3.73367E-03
SCF Iteration 267: Energy = 9.2933772723779029 dE = -3.73367E-03
SCF Iteration 268: Energy = 9.2971109384897126 dE =  3.73367E-03
SCF Iteration 269: Energy = 9.2933772719404537 dE = -3.73367E-03
SCF Iteration 270: Energy = 9.2971109380891495 dE =  3.73367E-03
SCF Iteration 271: Energy = 9.2933772715600043 dE = -3.73367E-03
SCF Iteration 272: Energy = 9.2971109377407757 dE =  3.73367E-03
SCF Iteration 273: Energy = 9.2933772712291400 dE = -3.73367E-03
SCF Iteration 274: Energy = 9.2971109374378287 dE =  3.73367E-03
SCF Iteration 275: Energy = 9.2933772709413809 dE = -3.73367E-03
SCF Iteration 276: Energy = 9.2971109371743310 dE =  3.73367E-03
SCF Iteration 277: Energy = 9.2933772706911117 dE = -3.73367E-03
SCF Iteration 278: Energy = 9.2971109369451703 dE =  3.73367E-03
SCF Iteration 279: Energy = 9.2933772704734672 dE = -3.73367E-03
SCF Iteration 280: Energy = 9.2971109367458915 dE =  3.73367E-03
SCF Iteration 281: Energy = 9.2933772702841679 dE = -3.73367E-03
SCF Iteration 282: Energy = 9.2971109365725617 dE =  3.73367E-03
SCF Iteration 283: Energy = 9.2933772701195529 dE = -3.73367E-03
SCF Iteration 284: Energy = 9.2971109364218165 dE =  3.73367E-03
SCF Iteration 285: Energy = 9.2933772699763963 dE = -3.73367E-03
SCF Iteration 286: Energy = 9.2971109362907196 dE =  3.73367E-03
SCF Iteration 287: Energy = 9.2933772698518897 dE = -3.73367E-03
SCF Iteration 288: Energy = 9.2971109361767077 dE =  3.73367E-03
SCF Iteration 289: Energy = 9.2933772697435835 dE = -3.73367E-03
SCF Iteration 290: Energy = 9.2971109360775621 dE =  3.73367E-03
SCF Iteration 291: Energy = 9.2933772696494170 dE = -3.73367E-03
SCF Iteration 292: Energy = 9.2971109359913076 dE =  3.73367E-03
SCF Iteration 293: Energy = 9.2933772695674932 dE = -3.73367E-03
SCF Iteration 294: Energy = 9.2971109359163151 dE =  3.73367E-03
SCF Iteration 295: Energy = 9.2933772694962613 dE = -3.73367E-03
SCF Iteration 296: Energy = 9.2971109358510944 dE =  3.73367E-03
SCF Iteration 297: Energy = 9.2933772694343197 dE = -3.73367E-03
SCF Iteration 298: Energy = 9.2971109357943647 dE =  3.73367E-03
SCF Iteration 299: Energy = 9.2933772693804606 dE = -3.73367E-03
SCF Iteration 300: Energy = 9.2971109357450281 dE =  3.73367E-03
SCF Iteration 301: Energy = 9.2933772693335825 dE = -3.73367E-03
SCF Iteration 302: Energy = 9.2971109357021220 dE =  3.73367E-03
SCF Iteration 303: Energy = 9.2933772692928471 dE = -3.73367E-03
SCF Iteration 304: Energy = 9.2971109356648167 dE =  3.73367E-03
SCF Iteration 305: Energy = 9.2933772692574088 dE = -3.73367E-03
SCF Iteration 306: Energy = 9.2971109356323680 dE =  3.73367E-03
SCF Iteration 307: Energy = 9.2933772692265819 dE = -3.73367E-03
SCF Iteration 308: Energy = 9.2971109356041470 dE =  3.73367E-03
SCF Iteration 309: Energy = 9.2933772691997696 dE = -3.73367E-03
SCF Iteration 310: Energy = 9.2971109355796013 dE =  3.73367E-03
SCF Iteration 311: Energy = 9.2933772691764638 dE = -3.73367E-03
SCF Iteration 312: Energy = 9.2971109355582495 dE =  3.73367E-03
SCF Iteration 313: Energy = 9.2933772691561742 dE = -3.73367E-03
SCF Iteration 314: Energy = 9.2971109355396813 dE =  3.73367E-03
SCF Iteration 315: Energy = 9.2933772691385581 dE = -3.73367E-03
SCF Iteration 316: Energy = 9.2971109355235448 dE =  3.73367E-03
SCF Iteration 317: Energy = 9.2933772691232353 dE = -3.73367E-03
SCF Iteration 318: Energy = 9.2971109355094974 dE =  3.73367E-03
SCF Iteration 319: Energy = 9.2933772691098859 dE = -3.73367E-03
SCF Iteration 320: Energy = 9.2971109354972992 dE =  3.73367E-03
SCF Iteration 321: Energy = 9.2933772690982970 dE = -3.73367E-03
SCF Iteration 322: Energy = 9.2971109354866748 dE =  3.73367E-03
SCF Iteration 323: Energy = 9.2933772690882019 dE = -3.73367E-03
SCF Iteration 324: Energy = 9.2971109354774413 dE =  3.73367E-03
SCF Iteration 325: Energy = 9.2933772690794214 dE = -3.73367E-03
SCF Iteration 326: Energy = 9.2971109354693962 dE =  3.73367E-03
SCF Iteration 327: Energy = 9.2933772690717795 dE = -3.73367E-03
SCF Iteration 328: Energy = 9.2971109354624115 dE =  3.73367E-03
SCF Iteration 329: Energy = 9.2933772690651608 dE = -3.73367E-03
SCF Iteration 330: Energy = 9.2971109354563417 dE =  3.73367E-03
SCF Iteration 331: Energy = 9.2933772690594001 dE = -3.73367E-03
SCF Iteration 332: Energy = 9.2971109354510588 dE =  3.73367E-03
SCF Iteration 333: Energy = 9.2933772690543570 dE = -3.73367E-03
SCF Iteration 334: Energy = 9.2971109354464545 dE =  3.73367E-03
SCF Iteration 335: Energy = 9.2933772690500049 dE = -3.73367E-03
SCF Iteration 336: Energy = 9.2971109354424506 dE =  3.73367E-03
SCF Iteration 337: Energy = 9.2933772690462142 dE = -3.73367E-03
SCF Iteration 338: Energy = 9.2971109354389796 dE =  3.73367E-03
SCF Iteration 339: Energy = 9.2933772690429208 dE = -3.73367E-03
SCF Iteration 340: Energy = 9.2971109354359633 dE =  3.73367E-03
SCF Iteration 341: Energy = 9.2933772690400414 dE = -3.73367E-03
SCF Iteration 342: Energy = 9.2971109354333485 dE =  3.73367E-03
SCF Iteration 343: Energy = 9.2933772690375349 dE = -3.73367E-03
SCF Iteration 344: Energy = 9.2971109354310499 dE =  3.73367E-03
SCF Iteration 345: Energy = 9.2933772690353713 dE = -3.73367E-03
SCF Iteration 346: Energy = 9.2971109354290640 dE =  3.73367E-03
SCF Iteration 347: Energy = 9.2933772690334742 dE = -3.73367E-03
SCF Iteration 348: Energy = 9.2971109354273214 dE =  3.73367E-03
SCF Iteration 349: Energy = 9.2933772690318275 dE = -3.73367E-03
SCF Iteration 350: Energy = 9.2971109354258097 dE =  3.73367E-03
SCF Iteration 351: Energy = 9.2933772690303975 dE = -3.73367E-03
SCF Iteration 352: Energy = 9.2971109354245094 dE =  3.73367E-03
SCF Iteration 353: Energy = 9.2933772690291594 dE = -3.73367E-03
SCF Iteration 354: Energy = 9.2971109354233725 dE =  3.73367E-03
SCF Iteration 355: Energy = 9.2933772690280723 dE = -3.73367E-03
SCF Iteration 356: Energy = 9.2971109354223813 dE =  3.73367E-03
SCF Iteration 357: Energy = 9.2933772690271503 dE = -3.73367E-03
SCF Iteration 358: Energy = 9.2971109354215162 dE =  3.73367E-03
SCF Iteration 359: Energy = 9.2933772690263083 dE = -3.73367E-03
SCF Iteration 360: Energy = 9.2971109354207773 dE =  3.73367E-03
SCF Iteration 361: Energy = 9.2933772690256191 dE = -3.73367E-03
SCF Iteration 362: Energy = 9.2971109354201182 dE =  3.73367E-03
SCF Iteration 363: Energy = 9.2933772690249814 dE = -3.73367E-03
SCF Iteration 364: Energy = 9.2971109354195498 dE =  3.73367E-03
SCF Iteration 365: Energy = 9.2933772690244361 dE = -3.73367E-03
SCF Iteration 366: Energy = 9.2971109354190560 dE =  3.73367E-03
SCF Iteration 367: Energy = 9.2933772690239635 dE = -3.73367E-03
SCF Iteration 368: Energy = 9.2971109354186350 dE =  3.73367E-03
SCF Iteration 369: Energy = 9.2933772690235763 dE = -3.73367E-03
SCF Iteration 370: Energy = 9.2971109354182548 dE =  3.73367E-03
SCF Iteration 371: Energy = 9.2933772690232104 dE = -3.73367E-03
SCF Iteration 372: Energy = 9.2971109354179386 dE =  3.73367E-03
SCF Iteration 373: Energy = 9.2933772690229084 dE = -3.73367E-03
SCF Iteration 374: Energy = 9.2971109354176544 dE =  3.73367E-03
SCF Iteration 375: Energy = 9.2933772690226455 dE = -3.73367E-03
SCF Iteration 376: Energy = 9.2971109354174271 dE =  3.73367E-03
SCF Iteration 377: Energy = 9.2933772690224110 dE = -3.73367E-03
SCF Iteration 378: Energy = 9.2971109354172086 dE =  3.73367E-03
SCF Iteration 379: Energy = 9.2933772690222192 dE = -3.73367E-03
SCF Iteration 380: Energy = 9.2971109354170167 dE =  3.73367E-03
SCF Iteration 381: Energy = 9.2933772690220167 dE = -3.73367E-03
SCF Iteration 382: Energy = 9.2971109354168462 dE =  3.73367E-03
SCF Iteration 383: Energy = 9.2933772690218923 dE = -3.73367E-03
SCF Iteration 384: Energy = 9.2971109354167201 dE =  3.73367E-03
SCF Iteration 385: Energy = 9.2933772690217538 dE = -3.73367E-03
SCF Iteration 386: Energy = 9.2971109354165904 dE =  3.73367E-03
SCF Iteration 387: Energy = 9.2933772690216294 dE = -3.73367E-03
SCF Iteration 388: Energy = 9.2971109354164909 dE =  3.73367E-03
SCF Iteration 389: Energy = 9.2933772690215335 dE = -3.73367E-03
SCF Iteration 390: Energy = 9.2971109354163843 dE =  3.73367E-03
SCF Iteration 391: Energy = 9.2933772690214589 dE = -3.73367E-03
SCF Iteration 392: Energy = 9.2971109354163080 dE =  3.73367E-03
SCF Iteration 393: Energy = 9.2933772690213683 dE = -3.73367E-03
SCF Iteration 394: Energy = 9.2971109354162440 dE =  3.73367E-03
SCF Iteration 395: Energy = 9.2933772690213132 dE = -3.73367E-03
SCF Iteration 396: Energy = 9.2971109354161747 dE =  3.73367E-03
SCF Iteration 397: Energy = 9.2933772690212280 dE = -3.73367E-03
SCF Iteration 398: Energy = 9.2971109354161392 dE =  3.73367E-03
SCF Iteration 399: Energy = 9.2933772690212084 dE = -3.73367E-03
SCF Iteration 400: Energy = 9.2971109354160912 dE =  3.73367E-03
SCF Iteration 401: Energy = 9.2933772690211534 dE = -3.73367E-03
SCF Iteration 402: Energy = 9.2971109354160575 dE =  3.73367E-03
SCF Iteration 403: Energy = 9.2933772690211178 dE = -3.73367E-03
SCF Iteration 404: Energy = 9.2971109354160149 dE =  3.73367E-03
SCF Iteration 405: Energy = 9.2933772690210894 dE = -3.73367E-03
SCF Iteration 406: Energy = 9.2971109354159971 dE =  3.73367E-03
SCF Iteration 407: Energy = 9.2933772690210663 dE = -3.73367E-03
SCF Iteration 408: Energy = 9.2971109354159616 dE =  3.73367E-03
SCF Iteration 409: Energy = 9.2933772690210503 dE = -3.73367E-03
SCF Iteration 410: Energy = 9.2971109354159438 dE =  3.73367E-03
SCF Iteration 411: Energy = 9.2933772690210130 dE = -3.73367E-03
SCF Iteration 412: Energy = 9.2971109354159083 dE =  3.73367E-03
SCF Iteration 413: Energy = 9.2933772690209988 dE = -3.73367E-03
SCF Iteration 414: Energy = 9.2971109354158976 dE =  3.73367E-03
SCF Iteration 415: Energy = 9.2933772690209757 dE = -3.73367E-03
SCF Iteration 416: Energy = 9.2971109354158870 dE =  3.73367E-03
SCF Iteration 417: Energy = 9.2933772690209544 dE = -3.73367E-03
SCF Iteration 418: Energy = 9.2971109354158870 dE =  3.73367E-03
SCF Iteration 419: Energy = 9.2933772690209544 dE = -3.73367E-03
SCF Iteration 420: Energy = 9.2971109354158727 dE =  3.73367E-03
SCF Iteration 421: Energy = 9.2933772690209402 dE = -3.73367E-03
SCF Iteration 422: Energy = 9.2971109354158568 dE =  3.73367E-03
SCF Iteration 423: Energy = 9.2933772690209295 dE = -3.73367E-03
SCF Iteration 424: Energy = 9.2971109354158408 dE =  3.73367E-03
SCF Iteration 425: Energy = 9.2933772690209278 dE = -3.73367E-03
SCF Iteration 426: Energy = 9.2971109354158532 dE =  3.73367E-03
SCF Iteration 427: Energy = 9.2933772690209224 dE = -3.73367E-03
SCF Iteration 428: Energy = 9.2971109354158408 dE =  3.73367E-03
SCF Iteration 429: Energy = 9.2933772690209313 dE = -3.73367E-03
SCF Iteration 430: Energy = 9.2971109354158408 dE =  3.73367E-03
SCF Iteration 431: Energy = 9.2933772690209047 dE = -3.73367E-03
SCF Iteration 432: Energy = 9.2971109354158248 dE =  3.73367E-03
SCF Iteration 433: Energy = 9.2933772690209047 dE = -3.73367E-03
SCF Iteration 434: Energy = 9.2971109354158159 dE =  3.73367E-03
SCF Iteration 435: Energy = 9.2933772690209082 dE = -3.73367E-03
SCF Iteration 436: Energy = 9.2971109354158141 dE =  3.73367E-03
SCF Iteration 437: Energy = 9.2933772690209100 dE = -3.73367E-03
SCF Iteration 438: Energy = 9.2971109354158088 dE =  3.73367E-03
SCF Iteration 439: Energy = 9.2933772690208940 dE = -3.73367E-03
SCF Iteration 440: Energy = 9.2971109354158088 dE =  3.73367E-03
SCF Iteration 441: Energy = 9.2933772690208940 dE = -3.73367E-03
SCF Iteration 442: Energy = 9.2971109354157999 dE =  3.73367E-03
SCF Iteration 443: Energy = 9.2933772690208922 dE = -3.73367E-03
SCF Iteration 444: Energy = 9.2971109354158017 dE =  3.73367E-03
SCF Iteration 445: Energy = 9.2933772690208798 dE = -3.73367E-03
SCF Iteration 446: Energy = 9.2971109354158052 dE =  3.73367E-03
SCF Iteration 447: Energy = 9.2933772690208869 dE = -3.73367E-03
SCF Iteration 448: Energy = 9.2971109354157981 dE =  3.73367E-03
SCF Iteration 449: Energy = 9.2933772690208869 dE = -3.73367E-03
SCF Iteration 450: Energy = 9.2971109354157999 dE =  3.73367E-03
SCF Iteration 451: Energy = 9.2933772690208691 dE = -3.73367E-03
SCF Iteration 452: Energy = 9.2971109354157946 dE =  3.73367E-03
SCF Iteration 453: Energy = 9.2933772690208691 dE = -3.73367E-03
SCF Iteration 454: Energy = 9.2971109354157910 dE =  3.73367E-03
SCF Iteration 455: Energy = 9.2933772690208869 dE = -3.73367E-03
SCF Iteration 456: Energy = 9.2971109354157804 dE =  3.73367E-03
SCF Iteration 457: Energy = 9.2933772690208727 dE = -3.73367E-03
SCF Iteration 458: Energy = 9.2971109354157786 dE =  3.73367E-03
SCF Iteration 459: Energy = 9.2933772690208656 dE = -3.73367E-03
SCF Iteration 460: Energy = 9.2971109354157804 dE =  3.73367E-03
SCF Iteration 461: Energy = 9.2933772690208620 dE = -3.73367E-03
SCF Iteration 462: Energy = 9.2971109354157839 dE =  3.73367E-03
SCF Iteration 463: Energy = 9.2933772690208656 dE = -3.73367E-03
SCF Iteration 464: Energy = 9.2971109354157733 dE =  3.73367E-03
SCF Iteration 465: Energy = 9.2933772690208620 dE = -3.73367E-03
SCF Iteration 466: Energy = 9.2971109354157786 dE =  3.73367E-03
SCF Iteration 467: Energy = 9.2933772690208585 dE = -3.73367E-03
SCF Iteration 468: Energy = 9.2971109354157733 dE =  3.73367E-03
SCF Iteration 469: Energy = 9.2933772690208603 dE = -3.73367E-03
SCF Iteration 470: Energy = 9.2971109354157662 dE =  3.73367E-03
SCF Iteration 471: Energy = 9.2933772690208727 dE = -3.73367E-03
SCF Iteration 472: Energy = 9.2971109354157715 dE =  3.73367E-03
SCF Iteration 473: Energy = 9.2933772690208620 dE = -3.73367E-03
SCF Iteration 474: Energy = 9.2971109354157804 dE =  3.73367E-03
SCF Iteration 475: Energy = 9.2933772690208549 dE = -3.73367E-03
SCF Iteration 476: Energy = 9.2971109354157768 dE =  3.73367E-03
SCF Iteration 477: Energy = 9.2933772690208549 dE = -3.73367E-03
SCF Iteration 478: Energy = 9.2971109354157768 dE =  3.73367E-03
SCF Iteration 479: Energy = 9.2933772690208656 dE = -3.73367E-03
SCF Iteration 480: Energy = 9.2971109354157750 dE =  3.73367E-03
SCF Iteration 481: Energy = 9.2933772690208762 dE = -3.73367E-03
SCF Iteration 482: Energy = 9.2971109354157768 dE =  3.73367E-03
SCF Iteration 483: Energy = 9.2933772690208425 dE = -3.73367E-03
SCF Iteration 484: Energy = 9.2971109354157839 dE =  3.73367E-03
SCF Iteration 485: Energy = 9.2933772690208514 dE = -3.73367E-03
SCF Iteration 486: Energy = 9.2971109354157804 dE =  3.73367E-03
SCF Iteration 487: Energy = 9.2933772690208620 dE = -3.73367E-03
SCF Iteration 488: Energy = 9.2971109354157697 dE =  3.73367E-03
SCF Iteration 489: Energy = 9.2933772690208496 dE = -3.73367E-03
SCF Iteration 490: Energy = 9.2971109354157697 dE =  3.73367E-03
SCF Iteration 491: Energy = 9.2933772690208727 dE = -3.73367E-03
SCF Iteration 492: Energy = 9.2971109354157768 dE =  3.73367E-03
SCF Iteration 493: Energy = 9.2933772690208585 dE = -3.73367E-03
SCF Iteration 494: Energy = 9.2971109354157928 dE =  3.73367E-03
SCF Iteration 495: Energy = 9.2933772690208745 dE = -3.73367E-03
SCF Iteration 496: Energy = 9.2971109354157875 dE =  3.73367E-03
SCF Iteration 497: Energy = 9.2933772690208620 dE = -3.73367E-03
SCF Iteration 498: Energy = 9.2971109354157662 dE =  3.73367E-03
SCF Iteration 499: Energy = 9.2933772690208798 dE = -3.73367E-03
SCF Iteration 500: Energy = 9.2971109354157804 dE =  3.73367E-03
