
  Memory set to  55.879 GiB by Python driver.
  Threads set to 1 by Python driver.
Settings:
	LOT = CCSD-S1-U21
	wc = 20.0 eV
	lambda = [1.091182 0.       0.      ] a.u.
	Equivalent A0 = LAMBDA / sqrt(2 wc) = [0.9 0.  0. ])
doing QED-CCSD-1 (or QED-CCSD-21)
Number of occupied orbitals:   1
Number of basis functions:  60
SCF Iteration   1: Energy = 6.5830410261964554 dE =  6.58304E+00
SCF Iteration   2: Energy = 7.1054722526648151 dE =  5.22431E-01
SCF Iteration   3: Energy = 6.8225935355442031 dE = -2.82879E-01
SCF Iteration   4: Energy = 7.0520092108273191 dE =  2.29416E-01
SCF Iteration   5: Energy = 6.9551865675291262 dE = -9.68226E-02
SCF Iteration   6: Energy = 7.0584013279923701 dE =  1.03215E-01
SCF Iteration   7: Energy = 7.0110191133357782 dE = -4.73822E-02
SCF Iteration   8: Energy = 7.0658865440262009 dE =  5.48674E-02
SCF Iteration   9: Energy = 7.0337639546891912 dE = -3.21226E-02
SCF Iteration  10: Energy = 7.0687546330954349 dE =  3.49907E-02
SCF Iteration  11: Energy = 7.0415926102117465 dE = -2.71620E-02
SCF Iteration  12: Energy = 7.0677752559646772 dE =  2.61826E-02
SCF Iteration  13: Energy = 7.0421697105224608 dE = -2.56055E-02
SCF Iteration  14: Energy = 7.0642752412506047 dE =  2.21055E-02
SCF Iteration  15: Energy = 7.0390904375442922 dE = -2.51848E-02
SCF Iteration  16: Energy = 7.0593237411086003 dE =  2.02333E-02
SCF Iteration  17: Energy = 7.0342164333041870 dE = -2.51073E-02
SCF Iteration  18: Energy = 7.0536789531911879 dE =  1.94625E-02
SCF Iteration  19: Energy = 7.0285807809974195 dE = -2.50982E-02
SCF Iteration  20: Energy = 7.0478485472445289 dE =  1.92678E-02
SCF Iteration  21: Energy = 7.0227767367422613 dE = -2.50718E-02
SCF Iteration  22: Energy = 7.0421557329451376 dE =  1.93790E-02
SCF Iteration  23: Energy = 7.0171446795321240 dE = -2.50111E-02
SCF Iteration  24: Energy = 7.0367933369569036 dE =  1.96487E-02
SCF Iteration  25: Energy = 7.0118720840036808 dE = -2.49213E-02
SCF Iteration  26: Energy = 7.0318647713841491 dE =  1.99927E-02
SCF Iteration  27: Energy = 7.0070517189298593 dE = -2.48131E-02
SCF Iteration  28: Energy = 7.0274139285391621 dE =  2.03622E-02
SCF Iteration  29: Energy = 7.0027175510555280 dE = -2.46964E-02
SCF Iteration  30: Energy = 7.0234464353161394 dE =  2.07289E-02
SCF Iteration  31: Energy = 6.9988676540838277 dE = -2.45788E-02
SCF Iteration  32: Energy = 7.0199444370733497 dE =  2.10768E-02
SCF Iteration  33: Energy = 6.9954790488107106 dE = -2.44654E-02
SCF Iteration  34: Energy = 7.0168766677256054 dE =  2.13976E-02
SCF Iteration  35: Energy = 6.9925173313080302 dE = -2.43593E-02
SCF Iteration  36: Energy = 7.0142051574965869 dE =  2.16878E-02
SCF Iteration  37: Energy = 6.9899428621232369 dE = -2.42623E-02
SCF Iteration  38: Energy = 7.0118895841177205 dE =  2.19467E-02
SCF Iteration  39: Energy = 6.9877146663054672 dE = -2.41749E-02
SCF Iteration  40: Energy = 7.0098899984057521 dE =  2.21753E-02
SCF Iteration  41: Energy = 6.9857928090860213 dE = -2.40972E-02
SCF Iteration  42: Energy = 7.0081684458668372 dE =  2.23756E-02
SCF Iteration  43: Energy = 6.9841397624702504 dE = -2.40287E-02
SCF Iteration  44: Energy = 7.0066898512437321 dE =  2.25501E-02
SCF Iteration  45: Energy = 6.9827211115106769 dE = -2.39687E-02
SCF Iteration  46: Energy = 7.0054224209094773 dE =  2.27013E-02
SCF Iteration  47: Energy = 6.9815058362506770 dE = -2.39166E-02
SCF Iteration  48: Energy = 7.0043377381788972 dE =  2.28319E-02
SCF Iteration  49: Energy = 6.9804663283758330 dE = -2.38714E-02
SCF Iteration  50: Energy = 7.0034106703923582 dE =  2.29443E-02
SCF Iteration  51: Energy = 6.9795782489842555 dE = -2.38324E-02
SCF Iteration  52: Energy = 7.0026191674194314 dE =  2.30409E-02
SCF Iteration  53: Energy = 6.9788202979146474 dE = -2.37989E-02
SCF Iteration  54: Energy = 7.0019440041195429 dE =  2.31237E-02
SCF Iteration  55: Energy = 6.9781739405536420 dE = -2.37701E-02
SCF Iteration  56: Energy = 7.0013685006995336 dE =  2.31946E-02
SCF Iteration  57: Energy = 6.9776231214059274 dE = -2.37454E-02
SCF Iteration  58: Energy = 7.0008782422604083 dE =  2.32551E-02
SCF Iteration  59: Energy = 6.9771539824960973 dE = -2.37243E-02
SCF Iteration  60: Energy = 7.0004608103119521 dE =  2.33068E-02
SCF Iteration  61: Energy = 6.9767545971810465 dE = -2.37062E-02
SCF Iteration  62: Energy = 7.0001055333697897 dE =  2.33509E-02
SCF Iteration  63: Energy = 6.9764147250097261 dE = -2.36908E-02
SCF Iteration  64: Energy = 6.9998032600472513 dE =  2.33885E-02
SCF Iteration  65: Energy = 6.9761255900673840 dE = -2.36777E-02
SCF Iteration  66: Energy = 6.9995461556866037 dE =  2.34206E-02
SCF Iteration  67: Energy = 6.9758796832191177 dE = -2.36665E-02
SCF Iteration  68: Energy = 6.9993275221110363 dE =  2.34478E-02
SCF Iteration  69: Energy = 6.9756705874408942 dE = -2.36569E-02
SCF Iteration  70: Energy = 6.9991416392213894 dE =  2.34711E-02
SCF Iteration  71: Energy = 6.9754928247275272 dE = -2.36488E-02
SCF Iteration  72: Energy = 6.9989836267049528 dE =  2.34908E-02
SCF Iteration  73: Energy = 6.9753417227169665 dE = -2.36419E-02
SCF Iteration  74: Energy = 6.9988493239267848 dE =  2.35076E-02
SCF Iteration  75: Energy = 6.9752132990413758 dE = -2.36360E-02
SCF Iteration  76: Energy = 6.9987351860413662 dE =  2.35219E-02
SCF Iteration  77: Energy = 6.9751041614280149 dE = -2.36310E-02
SCF Iteration  78: Energy = 6.9986381944302671 dE =  2.35340E-02
SCF Iteration  79: Energy = 6.9750114216668502 dE = -2.36268E-02
SCF Iteration  80: Energy = 6.9985557796956606 dE =  2.35444E-02
SCF Iteration  81: Energy = 6.9749326217025347 dE = -2.36232E-02
SCF Iteration  82: Energy = 6.9984857555920277 dE =  2.35531E-02
SCF Iteration  83: Energy = 6.9748656702684375 dE = -2.36201E-02
SCF Iteration  84: Energy = 6.9984262624425462 dE =  2.35606E-02
SCF Iteration  85: Energy = 6.9748087886481445 dE = -2.36175E-02
SCF Iteration  86: Energy = 6.9983757187480808 dE =  2.35669E-02
SCF Iteration  87: Energy = 6.9747604643115482 dE = -2.36153E-02
SCF Iteration  88: Energy = 6.9983327798515775 dE =  2.35723E-02
SCF Iteration  89: Energy = 6.9747194113256077 dE = -2.36134E-02
SCF Iteration  90: Energy = 6.9982963026633511 dE =  2.35769E-02
SCF Iteration  91: Energy = 6.9746845365809040 dE = -2.36118E-02
SCF Iteration  92: Energy = 6.9982653155829571 dE =  2.35808E-02
SCF Iteration  93: Energy = 6.9746549110006795 dE = -2.36104E-02
SCF Iteration  94: Energy = 6.9982389928689903 dE =  2.35841E-02
SCF Iteration  95: Energy = 6.9746297450126216 dE = -2.36092E-02
SCF Iteration  96: Energy = 6.9982166328107045 dE =  2.35869E-02
SCF Iteration  97: Energy = 6.9746083676631487 dE = -2.36083E-02
SCF Iteration  98: Energy = 6.9981976391466327 dE =  2.35893E-02
SCF Iteration  99: Energy = 6.9745902088403335 dE = -2.36074E-02
SCF Iteration 100: Energy = 6.9981815052522451 dE =  2.35913E-02
SCF Iteration 101: Energy = 6.9745747841484587 dE = -2.36067E-02
SCF Iteration 102: Energy = 6.9981678006889920 dE =  2.35930E-02
SCF Iteration 103: Energy = 6.9745616820421965 dE = -2.36061E-02
SCF Iteration 104: Energy = 6.9981561597645632 dE =  2.35945E-02
SCF Iteration 105: Energy = 6.9745505528856464 dE = -2.36056E-02
SCF Iteration 106: Energy = 6.9981462718058784 dE =  2.35957E-02
SCF Iteration 107: Energy = 6.9745410996500778 dE = -2.36052E-02
SCF Iteration 108: Energy = 6.9981378728898962 dE =  2.35968E-02
SCF Iteration 109: Energy = 6.9745330700060739 dE = -2.36048E-02
SCF Iteration 110: Energy = 6.9981307388146945 dE =  2.35977E-02
SCF Iteration 111: Energy = 6.9745262496022971 dE = -2.36045E-02
SCF Iteration 112: Energy = 6.9981246791256533 dE =  2.35984E-02
SCF Iteration 113: Energy = 6.9745204563531837 dE = -2.36042E-02
SCF Iteration 114: Energy = 6.9981195320386727 dE =  2.35991E-02
SCF Iteration 115: Energy = 6.9745155355847954 dE = -2.36040E-02
SCF Iteration 116: Energy = 6.9981151601264751 dE =  2.35996E-02
SCF Iteration 117: Energy = 6.9745113559101624 dE = -2.36038E-02
SCF Iteration 118: Energy = 6.9981114466530236 dE =  2.36001E-02
SCF Iteration 119: Energy = 6.9745078057245449 dE = -2.36036E-02
SCF Iteration 120: Energy = 6.9981082924593450 dE =  2.36005E-02
SCF Iteration 121: Energy = 6.9745047902280133 dE = -2.36035E-02
SCF Iteration 122: Energy = 6.9981056133177466 dE =  2.36008E-02
SCF Iteration 123: Energy = 6.9745022288956475 dE = -2.36034E-02
SCF Iteration 124: Energy = 6.9981033376838928 dE =  2.36011E-02
SCF Iteration 125: Energy = 6.9745000533285797 dE = -2.36033E-02
SCF Iteration 126: Energy = 6.9981014047873842 dE =  2.36014E-02
SCF Iteration 127: Energy = 6.9744982054282429 dE = -2.36032E-02
SCF Iteration 128: Energy = 6.9980997630095017 dE =  2.36016E-02
SCF Iteration 129: Energy = 6.9744966358454583 dE = -2.36031E-02
SCF Iteration 130: Energy = 6.9980983685051852 dE =  2.36017E-02
SCF Iteration 131: Energy = 6.9744953026630183 dE = -2.36031E-02
SCF Iteration 132: Energy = 6.9980971840325523 dE =  2.36019E-02
SCF Iteration 133: Energy = 6.9744941702765573 dE = -2.36030E-02
SCF Iteration 134: Energy = 6.9980961779584607 dE =  2.36020E-02
SCF Iteration 135: Energy = 6.9744932084438727 dE = -2.36030E-02
SCF Iteration 136: Energy = 6.9980953234139571 dE =  2.36021E-02
SCF Iteration 137: Energy = 6.9744923914774564 dE = -2.36029E-02
SCF Iteration 138: Energy = 6.9980945975767002 dE =  2.36022E-02
SCF Iteration 139: Energy = 6.9744916975585562 dE = -2.36029E-02
SCF Iteration 140: Energy = 6.9980939810616531 dE =  2.36023E-02
SCF Iteration 141: Energy = 6.9744911081545142 dE = -2.36029E-02
SCF Iteration 142: Energy = 6.9980934574033702 dE =  2.36023E-02
SCF Iteration 143: Energy = 6.9744906075239284 dE = -2.36028E-02
SCF Iteration 144: Energy = 6.9980930126162537 dE =  2.36024E-02
SCF Iteration 145: Energy = 6.9744901822962397 dE = -2.36028E-02
SCF Iteration 146: Energy = 6.9980926348211350 dE =  2.36025E-02
SCF Iteration 147: Energy = 6.9744898211145783 dE = -2.36028E-02
SCF Iteration 148: Energy = 6.9980923139280211 dE =  2.36025E-02
SCF Iteration 149: Energy = 6.9744895143326842 dE = -2.36028E-02
SCF Iteration 150: Energy = 6.9980920413665908 dE =  2.36025E-02
SCF Iteration 151: Energy = 6.9744892537571266 dE = -2.36028E-02
SCF Iteration 152: Energy = 6.9980918098573461 dE =  2.36026E-02
SCF Iteration 153: Energy = 6.9744890324284494 dE = -2.36028E-02
SCF Iteration 154: Energy = 6.9980916132171531 dE =  2.36026E-02
SCF Iteration 155: Energy = 6.9744888444354958 dE = -2.36028E-02
SCF Iteration 156: Energy = 6.9980914461941923 dE =  2.36026E-02
SCF Iteration 157: Energy = 6.9744886847573566 dE = -2.36028E-02
SCF Iteration 158: Energy = 6.9980913043276196 dE =  2.36026E-02
SCF Iteration 159: Energy = 6.9744885491293784 dE = -2.36028E-02
SCF Iteration 160: Energy = 6.9980911838285023 dE =  2.36026E-02
SCF Iteration 161: Energy = 6.9744884339292099 dE = -2.36027E-02
SCF Iteration 162: Energy = 6.9980910814785435 dE =  2.36026E-02
SCF Iteration 163: Energy = 6.9744883360800971 dE = -2.36027E-02
SCF Iteration 164: Energy = 6.9980909945441754 dE =  2.36027E-02
SCF Iteration 165: Energy = 6.9744882529686416 dE = -2.36027E-02
SCF Iteration 166: Energy = 6.9980909207035564 dE =  2.36027E-02
SCF Iteration 167: Energy = 6.9744881823751816 dE = -2.36027E-02
SCF Iteration 168: Energy = 6.9980908579845709 dE =  2.36027E-02
SCF Iteration 169: Energy = 6.9744881224142423 dE = -2.36027E-02
SCF Iteration 170: Energy = 6.9980908047121018 dE =  2.36027E-02
SCF Iteration 171: Energy = 6.9744880714844406 dE = -2.36027E-02
SCF Iteration 172: Energy = 6.9980907594633512 dE =  2.36027E-02
SCF Iteration 173: Energy = 6.9744880282255188 dE = -2.36027E-02
SCF Iteration 174: Energy = 6.9980907210298220 dE =  2.36027E-02
SCF Iteration 175: Energy = 6.9744879914820874 dE = -2.36027E-02
SCF Iteration 176: Energy = 6.9980906883850027 dE =  2.36027E-02
SCF Iteration 177: Energy = 6.9744879602728327 dE = -2.36027E-02
SCF Iteration 178: Energy = 6.9980906606570530 dE =  2.36027E-02
SCF Iteration 179: Energy = 6.9744879337642063 dE = -2.36027E-02
SCF Iteration 180: Energy = 6.9980906371053822 dE =  2.36027E-02
SCF Iteration 181: Energy = 6.9744879112482367 dE = -2.36027E-02
SCF Iteration 182: Energy = 6.9980906171009929 dE =  2.36027E-02
SCF Iteration 183: Energy = 6.9744878921235296 dE = -2.36027E-02
SCF Iteration 184: Energy = 6.9980906001095962 dE =  2.36027E-02
SCF Iteration 185: Energy = 6.9744878758793263 dE = -2.36027E-02
SCF Iteration 186: Energy = 6.9980905856773870 dE =  2.36027E-02
SCF Iteration 187: Energy = 6.9744878620817765 dE = -2.36027E-02
SCF Iteration 188: Energy = 6.9980905734189109 dE =  2.36027E-02
SCF Iteration 189: Energy = 6.9744878503623546 dE = -2.36027E-02
SCF Iteration 190: Energy = 6.9980905630067456 dE =  2.36027E-02
SCF Iteration 191: Energy = 6.9744878404080834 dE = -2.36027E-02
SCF Iteration 192: Energy = 6.9980905541628333 dE =  2.36027E-02
SCF Iteration 193: Energy = 6.9744878319530894 dE = -2.36027E-02
SCF Iteration 194: Energy = 6.9980905466509791 dE =  2.36027E-02
SCF Iteration 195: Energy = 6.9744878247715647 dE = -2.36027E-02
SCF Iteration 196: Energy = 6.9980905402705291 dE =  2.36027E-02
SCF Iteration 197: Energy = 6.9744878186716823 dE = -2.36027E-02
SCF Iteration 198: Energy = 6.9980905348510642 dE =  2.36027E-02
SCF Iteration 199: Energy = 6.9744878134905397 dE = -2.36027E-02
SCF Iteration 200: Energy = 6.9980905302478860 dE =  2.36027E-02
SCF Iteration 201: Energy = 6.9744878090897737 dE = -2.36027E-02
SCF Iteration 202: Energy = 6.9980905263380029 dE =  2.36027E-02
SCF Iteration 203: Energy = 6.9744878053518535 dE = -2.36027E-02
SCF Iteration 204: Energy = 6.9980905230170096 dE =  2.36027E-02
SCF Iteration 205: Energy = 6.9744878021768999 dE = -2.36027E-02
SCF Iteration 206: Energy = 6.9980905201962367 dE =  2.36027E-02
SCF Iteration 207: Energy = 6.9744877994801753 dE = -2.36027E-02
SCF Iteration 208: Energy = 6.9980905178003150 dE =  2.36027E-02
SCF Iteration 209: Energy = 6.9744877971896138 dE = -2.36027E-02
SCF Iteration 210: Energy = 6.9980905157652531 dE =  2.36027E-02
SCF Iteration 211: Energy = 6.9744877952440367 dE = -2.36027E-02
SCF Iteration 212: Energy = 6.9980905140367033 dE =  2.36027E-02
SCF Iteration 213: Energy = 6.9744877935915026 dE = -2.36027E-02
SCF Iteration 214: Energy = 6.9980905125685000 dE =  2.36027E-02
SCF Iteration 215: Energy = 6.9744877921878627 dE = -2.36027E-02
SCF Iteration 216: Energy = 6.9980905113214398 dE =  2.36027E-02
SCF Iteration 217: Energy = 6.9744877909956404 dE = -2.36027E-02
SCF Iteration 218: Energy = 6.9980905102621875 dE =  2.36027E-02
SCF Iteration 219: Energy = 6.9744877899829882 dE = -2.36027E-02
SCF Iteration 220: Energy = 6.9980905093625125 dE =  2.36027E-02
SCF Iteration 221: Energy = 6.9744877891228620 dE = -2.36027E-02
SCF Iteration 222: Energy = 6.9980905085983229 dE =  2.36027E-02
SCF Iteration 223: Energy = 6.9744877883922785 dE = -2.36027E-02
SCF Iteration 224: Energy = 6.9980905079492235 dE =  2.36027E-02
SCF Iteration 225: Energy = 6.9744877877717224 dE = -2.36027E-02
SCF Iteration 226: Energy = 6.9980905073978947 dE =  2.36027E-02
SCF Iteration 227: Energy = 6.9744877872446240 dE = -2.36027E-02
SCF Iteration 228: Energy = 6.9980905069296186 dE =  2.36027E-02
SCF Iteration 229: Energy = 6.9744877867969377 dE = -2.36027E-02
SCF Iteration 230: Energy = 6.9980905065318639 dE =  2.36027E-02
SCF Iteration 231: Energy = 6.9744877864166757 dE = -2.36027E-02
SCF Iteration 232: Energy = 6.9980905061940133 dE =  2.36027E-02
SCF Iteration 233: Energy = 6.9744877860936940 dE = -2.36027E-02
SCF Iteration 234: Energy = 6.9980905059070606 dE =  2.36027E-02
SCF Iteration 235: Energy = 6.9744877858193552 dE = -2.36027E-02
SCF Iteration 236: Energy = 6.9980905056633054 dE =  2.36027E-02
SCF Iteration 237: Energy = 6.9744877855863114 dE = -2.36027E-02
SCF Iteration 238: Energy = 6.9980905054562781 dE =  2.36027E-02
SCF Iteration 239: Energy = 6.9744877853883898 dE = -2.36027E-02
SCF Iteration 240: Energy = 6.9980905052804419 dE =  2.36027E-02
SCF Iteration 241: Energy = 6.9744877852202940 dE = -2.36027E-02
SCF Iteration 242: Energy = 6.9980905051310858 dE =  2.36027E-02
SCF Iteration 243: Energy = 6.9744877850774909 dE = -2.36027E-02
SCF Iteration 244: Energy = 6.9980905050042121 dE =  2.36027E-02
SCF Iteration 245: Energy = 6.9744877849562128 dE = -2.36027E-02
SCF Iteration 246: Energy = 6.9980905048964592 dE =  2.36027E-02
SCF Iteration 247: Energy = 6.9744877848531823 dE = -2.36027E-02
SCF Iteration 248: Energy = 6.9980905048049244 dE =  2.36027E-02
SCF Iteration 249: Energy = 6.9744877847656923 dE = -2.36027E-02
SCF Iteration 250: Energy = 6.9980905047271857 dE =  2.36027E-02
SCF Iteration 251: Energy = 6.9744877846913829 dE = -2.36027E-02
SCF Iteration 252: Energy = 6.9980905046611470 dE =  2.36027E-02
SCF Iteration 253: Energy = 6.9744877846282485 dE = -2.36027E-02
SCF Iteration 254: Energy = 6.9980905046050621 dE =  2.36027E-02
SCF Iteration 255: Energy = 6.9744877845746238 dE = -2.36027E-02
SCF Iteration 256: Energy = 6.9980905045574469 dE =  2.36027E-02
SCF Iteration 257: Energy = 6.9744877845290789 dE = -2.36027E-02
SCF Iteration 258: Energy = 6.9980905045169646 dE =  2.36027E-02
SCF Iteration 259: Energy = 6.9744877844904094 dE = -2.36027E-02
SCF Iteration 260: Energy = 6.9980905044826107 dE =  2.36027E-02
SCF Iteration 261: Energy = 6.9744877844575344 dE = -2.36027E-02
SCF Iteration 262: Energy = 6.9980905044533968 dE =  2.36027E-02
SCF Iteration 263: Energy = 6.9744877844296225 dE = -2.36027E-02
SCF Iteration 264: Energy = 6.9980905044286024 dE =  2.36027E-02
SCF Iteration 265: Energy = 6.9744877844059294 dE = -2.36027E-02
SCF Iteration 266: Energy = 6.9980905044075454 dE =  2.36027E-02
SCF Iteration 267: Energy = 6.9744877843857900 dE = -2.36027E-02
SCF Iteration 268: Energy = 6.9980905043896557 dE =  2.36027E-02
SCF Iteration 269: Energy = 6.9744877843686828 dE = -2.36027E-02
SCF Iteration 270: Energy = 6.9980905043744661 dE =  2.36027E-02
SCF Iteration 271: Energy = 6.9744877843541611 dE = -2.36027E-02
SCF Iteration 272: Energy = 6.9980905043615662 dE =  2.36027E-02
SCF Iteration 273: Energy = 6.9744877843418172 dE = -2.36027E-02
SCF Iteration 274: Energy = 6.9980905043505919 dE =  2.36027E-02
SCF Iteration 275: Energy = 6.9744877843313366 dE = -2.36027E-02
SCF Iteration 276: Energy = 6.9980905043412749 dE =  2.36027E-02
SCF Iteration 277: Energy = 6.9744877843224264 dE = -2.36027E-02
SCF Iteration 278: Energy = 6.9980905043333754 dE =  2.36027E-02
SCF Iteration 279: Energy = 6.9744877843148760 dE = -2.36027E-02
SCF Iteration 280: Energy = 6.9980905043266715 dE =  2.36027E-02
SCF Iteration 281: Energy = 6.9744877843084456 dE = -2.36027E-02
SCF Iteration 282: Energy = 6.9980905043209507 dE =  2.36027E-02
SCF Iteration 283: Energy = 6.9744877843030038 dE = -2.36027E-02
SCF Iteration 284: Energy = 6.9980905043161128 dE =  2.36027E-02
SCF Iteration 285: Energy = 6.9744877842983657 dE = -2.36027E-02
SCF Iteration 286: Energy = 6.9980905043119908 dE =  2.36027E-02
SCF Iteration 287: Energy = 6.9744877842944293 dE = -2.36027E-02
SCF Iteration 288: Energy = 6.9980905043084958 dE =  2.36027E-02
SCF Iteration 289: Energy = 6.9744877842911039 dE = -2.36027E-02
SCF Iteration 290: Energy = 6.9980905043055222 dE =  2.36027E-02
SCF Iteration 291: Energy = 6.9744877842882405 dE = -2.36027E-02
SCF Iteration 292: Energy = 6.9980905043029944 dE =  2.36027E-02
SCF Iteration 293: Energy = 6.9744877842858317 dE = -2.36027E-02
SCF Iteration 294: Energy = 6.9980905043008397 dE =  2.36027E-02
SCF Iteration 295: Energy = 6.9744877842837898 dE = -2.36027E-02
SCF Iteration 296: Energy = 6.9980905042990385 dE =  2.36027E-02
SCF Iteration 297: Energy = 6.9744877842820552 dE = -2.36027E-02
SCF Iteration 298: Energy = 6.9980905042974904 dE =  2.36027E-02
SCF Iteration 299: Energy = 6.9744877842805790 dE = -2.36027E-02
SCF Iteration 300: Energy = 6.9980905042961830 dE =  2.36027E-02
SCF Iteration 301: Energy = 6.9744877842793196 dE = -2.36027E-02
SCF Iteration 302: Energy = 6.9980905042950736 dE =  2.36027E-02
SCF Iteration 303: Energy = 6.9744877842782342 dE = -2.36027E-02
SCF Iteration 304: Energy = 6.9980905042941073 dE =  2.36027E-02
SCF Iteration 305: Energy = 6.9744877842773407 dE = -2.36027E-02
SCF Iteration 306: Energy = 6.9980905042932955 dE =  2.36027E-02
SCF Iteration 307: Energy = 6.9744877842765618 dE = -2.36027E-02
SCF Iteration 308: Energy = 6.9980905042926222 dE =  2.36027E-02
SCF Iteration 309: Energy = 6.9744877842759214 dE = -2.36027E-02
SCF Iteration 310: Energy = 6.9980905042920414 dE =  2.36027E-02
SCF Iteration 311: Energy = 6.9744877842753672 dE = -2.36027E-02
SCF Iteration 312: Energy = 6.9980905042915591 dE =  2.36027E-02
SCF Iteration 313: Energy = 6.9744877842748885 dE = -2.36027E-02
SCF Iteration 314: Energy = 6.9980905042911274 dE =  2.36027E-02
SCF Iteration 315: Energy = 6.9744877842744870 dE = -2.36027E-02
SCF Iteration 316: Energy = 6.9980905042907784 dE =  2.36027E-02
SCF Iteration 317: Energy = 6.9744877842741397 dE = -2.36027E-02
SCF Iteration 318: Energy = 6.9980905042904711 dE =  2.36027E-02
SCF Iteration 319: Energy = 6.9744877842738466 dE = -2.36027E-02
SCF Iteration 320: Energy = 6.9980905042902135 dE =  2.36027E-02
SCF Iteration 321: Energy = 6.9744877842736210 dE = -2.36027E-02
SCF Iteration 322: Energy = 6.9980905042899986 dE =  2.36027E-02
SCF Iteration 323: Energy = 6.9744877842734061 dE = -2.36027E-02
SCF Iteration 324: Energy = 6.9980905042897961 dE =  2.36027E-02
SCF Iteration 325: Energy = 6.9744877842732134 dE = -2.36027E-02
SCF Iteration 326: Energy = 6.9980905042896575 dE =  2.36027E-02
SCF Iteration 327: Energy = 6.9744877842730686 dE = -2.36027E-02
SCF Iteration 328: Energy = 6.9980905042895252 dE =  2.36027E-02
SCF Iteration 329: Energy = 6.9744877842729540 dE = -2.36027E-02
SCF Iteration 330: Energy = 6.9980905042894221 dE =  2.36027E-02
SCF Iteration 331: Energy = 6.9744877842728545 dE = -2.36027E-02
SCF Iteration 332: Energy = 6.9980905042893040 dE =  2.36027E-02
SCF Iteration 333: Energy = 6.9744877842727577 dE = -2.36027E-02
SCF Iteration 334: Energy = 6.9980905042892223 dE =  2.36027E-02
SCF Iteration 335: Energy = 6.9744877842726618 dE = -2.36027E-02
SCF Iteration 336: Energy = 6.9980905042891566 dE =  2.36027E-02
SCF Iteration 337: Energy = 6.9744877842726103 dE = -2.36027E-02
SCF Iteration 338: Energy = 6.9980905042891051 dE =  2.36027E-02
SCF Iteration 339: Energy = 6.9744877842725419 dE = -2.36027E-02
SCF Iteration 340: Energy = 6.9980905042890393 dE =  2.36027E-02
SCF Iteration 341: Energy = 6.9744877842725046 dE = -2.36027E-02
SCF Iteration 342: Energy = 6.9980905042890029 dE =  2.36027E-02
SCF Iteration 343: Energy = 6.9744877842724575 dE = -2.36027E-02
SCF Iteration 344: Energy = 6.9980905042889692 dE =  2.36027E-02
SCF Iteration 345: Energy = 6.9744877842724184 dE = -2.36027E-02
SCF Iteration 346: Energy = 6.9980905042889434 dE =  2.36027E-02
SCF Iteration 347: Energy = 6.9744877842723989 dE = -2.36027E-02
SCF Iteration 348: Energy = 6.9980905042889185 dE =  2.36027E-02
SCF Iteration 349: Energy = 6.9744877842723580 dE = -2.36027E-02
SCF Iteration 350: Energy = 6.9980905042888972 dE =  2.36027E-02
SCF Iteration 351: Energy = 6.9744877842723474 dE = -2.36027E-02
SCF Iteration 352: Energy = 6.9980905042888901 dE =  2.36027E-02
SCF Iteration 353: Energy = 6.9744877842723421 dE = -2.36027E-02
SCF Iteration 354: Energy = 6.9980905042888537 dE =  2.36027E-02
SCF Iteration 355: Energy = 6.9744877842723119 dE = -2.36027E-02
SCF Iteration 356: Energy = 6.9980905042888573 dE =  2.36027E-02
SCF Iteration 357: Energy = 6.9744877842723074 dE = -2.36027E-02
SCF Iteration 358: Energy = 6.9980905042888297 dE =  2.36027E-02
SCF Iteration 359: Energy = 6.9744877842722950 dE = -2.36027E-02
SCF Iteration 360: Energy = 6.9980905042888226 dE =  2.36027E-02
SCF Iteration 361: Energy = 6.9744877842722977 dE = -2.36027E-02
SCF Iteration 362: Energy = 6.9980905042888208 dE =  2.36027E-02
SCF Iteration 363: Energy = 6.9744877842722683 dE = -2.36027E-02
SCF Iteration 364: Energy = 6.9980905042888235 dE =  2.36027E-02
SCF Iteration 365: Energy = 6.9744877842722657 dE = -2.36027E-02
SCF Iteration 366: Energy = 6.9980905042888084 dE =  2.36027E-02
SCF Iteration 367: Energy = 6.9744877842722710 dE = -2.36027E-02
SCF Iteration 368: Energy = 6.9980905042888022 dE =  2.36027E-02
SCF Iteration 369: Energy = 6.9744877842722728 dE = -2.36027E-02
SCF Iteration 370: Energy = 6.9980905042888013 dE =  2.36027E-02
SCF Iteration 371: Energy = 6.9744877842722488 dE = -2.36027E-02
SCF Iteration 372: Energy = 6.9980905042887853 dE =  2.36027E-02
SCF Iteration 373: Energy = 6.9744877842722337 dE = -2.36027E-02
SCF Iteration 374: Energy = 6.9980905042887818 dE =  2.36027E-02
SCF Iteration 375: Energy = 6.9744877842722444 dE = -2.36027E-02
SCF Iteration 376: Energy = 6.9980905042887827 dE =  2.36027E-02
SCF Iteration 377: Energy = 6.9744877842722408 dE = -2.36027E-02
SCF Iteration 378: Energy = 6.9980905042887738 dE =  2.36027E-02
SCF Iteration 379: Energy = 6.9744877842722390 dE = -2.36027E-02
SCF Iteration 380: Energy = 6.9980905042887747 dE =  2.36027E-02
SCF Iteration 381: Energy = 6.9744877842722408 dE = -2.36027E-02
SCF Iteration 382: Energy = 6.9980905042887818 dE =  2.36027E-02
SCF Iteration 383: Energy = 6.9744877842722408 dE = -2.36027E-02
SCF Iteration 384: Energy = 6.9980905042887924 dE =  2.36027E-02
SCF Iteration 385: Energy = 6.9744877842722302 dE = -2.36027E-02
SCF Iteration 386: Energy = 6.9980905042887622 dE =  2.36027E-02
SCF Iteration 387: Energy = 6.9744877842722390 dE = -2.36027E-02
SCF Iteration 388: Energy = 6.9980905042887818 dE =  2.36027E-02
SCF Iteration 389: Energy = 6.9744877842722328 dE = -2.36027E-02
SCF Iteration 390: Energy = 6.9980905042887658 dE =  2.36027E-02
SCF Iteration 391: Energy = 6.9744877842722364 dE = -2.36027E-02
SCF Iteration 392: Energy = 6.9980905042887693 dE =  2.36027E-02
SCF Iteration 393: Energy = 6.9744877842722222 dE = -2.36027E-02
SCF Iteration 394: Energy = 6.9980905042887658 dE =  2.36027E-02
SCF Iteration 395: Energy = 6.9744877842722302 dE = -2.36027E-02
SCF Iteration 396: Energy = 6.9980905042887729 dE =  2.36027E-02
SCF Iteration 397: Energy = 6.9744877842722284 dE = -2.36027E-02
SCF Iteration 398: Energy = 6.9980905042887711 dE =  2.36027E-02
SCF Iteration 399: Energy = 6.9744877842722213 dE = -2.36027E-02
SCF Iteration 400: Energy = 6.9980905042887551 dE =  2.36027E-02
SCF Iteration 401: Energy = 6.9744877842722284 dE = -2.36027E-02
SCF Iteration 402: Energy = 6.9980905042887729 dE =  2.36027E-02
SCF Iteration 403: Energy = 6.9744877842722275 dE = -2.36027E-02
SCF Iteration 404: Energy = 6.9980905042887631 dE =  2.36027E-02
SCF Iteration 405: Energy = 6.9744877842722159 dE = -2.36027E-02
SCF Iteration 406: Energy = 6.9980905042887720 dE =  2.36027E-02
SCF Iteration 407: Energy = 6.9744877842722230 dE = -2.36027E-02
SCF Iteration 408: Energy = 6.9980905042887596 dE =  2.36027E-02
SCF Iteration 409: Energy = 6.9744877842722213 dE = -2.36027E-02
SCF Iteration 410: Energy = 6.9980905042887525 dE =  2.36027E-02
SCF Iteration 411: Energy = 6.9744877842722275 dE = -2.36027E-02
SCF Iteration 412: Energy = 6.9980905042887587 dE =  2.36027E-02
SCF Iteration 413: Energy = 6.9744877842722186 dE = -2.36027E-02
SCF Iteration 414: Energy = 6.9980905042887684 dE =  2.36027E-02
SCF Iteration 415: Energy = 6.9744877842722302 dE = -2.36027E-02
SCF Iteration 416: Energy = 6.9980905042887711 dE =  2.36027E-02
SCF Iteration 417: Energy = 6.9744877842722195 dE = -2.36027E-02
SCF Iteration 418: Energy = 6.9980905042887640 dE =  2.36027E-02
SCF Iteration 419: Energy = 6.9744877842722142 dE = -2.36027E-02
SCF Iteration 420: Energy = 6.9980905042887782 dE =  2.36027E-02
SCF Iteration 421: Energy = 6.9744877842722284 dE = -2.36027E-02
SCF Iteration 422: Energy = 6.9980905042887631 dE =  2.36027E-02
SCF Iteration 423: Energy = 6.9744877842722239 dE = -2.36027E-02
SCF Iteration 424: Energy = 6.9980905042887551 dE =  2.36027E-02
SCF Iteration 425: Energy = 6.9744877842722266 dE = -2.36027E-02
SCF Iteration 426: Energy = 6.9980905042887622 dE =  2.36027E-02
SCF Iteration 427: Energy = 6.9744877842722213 dE = -2.36027E-02
SCF Iteration 428: Energy = 6.9980905042887613 dE =  2.36027E-02
SCF Iteration 429: Energy = 6.9744877842722302 dE = -2.36027E-02
SCF Iteration 430: Energy = 6.9980905042887640 dE =  2.36027E-02
SCF Iteration 431: Energy = 6.9744877842722319 dE = -2.36027E-02
SCF Iteration 432: Energy = 6.9980905042887747 dE =  2.36027E-02
SCF Iteration 433: Energy = 6.9744877842722275 dE = -2.36027E-02
SCF Iteration 434: Energy = 6.9980905042887596 dE =  2.36027E-02
SCF Iteration 435: Energy = 6.9744877842722222 dE = -2.36027E-02
SCF Iteration 436: Energy = 6.9980905042887818 dE =  2.36027E-02
SCF Iteration 437: Energy = 6.9744877842722355 dE = -2.36027E-02
SCF Iteration 438: Energy = 6.9980905042887711 dE =  2.36027E-02
SCF Iteration 439: Energy = 6.9744877842722284 dE = -2.36027E-02
SCF Iteration 440: Energy = 6.9980905042887604 dE =  2.36027E-02
SCF Iteration 441: Energy = 6.9744877842722284 dE = -2.36027E-02
SCF Iteration 442: Energy = 6.9980905042887551 dE =  2.36027E-02
SCF Iteration 443: Energy = 6.9744877842722248 dE = -2.36027E-02
SCF Iteration 444: Energy = 6.9980905042887454 dE =  2.36027E-02
SCF Iteration 445: Energy = 6.9744877842722195 dE = -2.36027E-02
SCF Iteration 446: Energy = 6.9980905042887631 dE =  2.36027E-02
SCF Iteration 447: Energy = 6.9744877842722204 dE = -2.36027E-02
SCF Iteration 448: Energy = 6.9980905042887782 dE =  2.36027E-02
SCF Iteration 449: Energy = 6.9744877842722239 dE = -2.36027E-02
SCF Iteration 450: Energy = 6.9980905042887738 dE =  2.36027E-02
SCF Iteration 451: Energy = 6.9744877842722257 dE = -2.36027E-02
SCF Iteration 452: Energy = 6.9980905042887658 dE =  2.36027E-02
SCF Iteration 453: Energy = 6.9744877842722266 dE = -2.36027E-02
SCF Iteration 454: Energy = 6.9980905042887631 dE =  2.36027E-02
SCF Iteration 455: Energy = 6.9744877842722319 dE = -2.36027E-02
SCF Iteration 456: Energy = 6.9980905042887640 dE =  2.36027E-02
SCF Iteration 457: Energy = 6.9744877842722302 dE = -2.36027E-02
SCF Iteration 458: Energy = 6.9980905042887604 dE =  2.36027E-02
SCF Iteration 459: Energy = 6.9744877842722319 dE = -2.36027E-02
SCF Iteration 460: Energy = 6.9980905042887738 dE =  2.36027E-02
SCF Iteration 461: Energy = 6.9744877842722248 dE = -2.36027E-02
SCF Iteration 462: Energy = 6.9980905042887622 dE =  2.36027E-02
SCF Iteration 463: Energy = 6.9744877842722337 dE = -2.36027E-02
SCF Iteration 464: Energy = 6.9980905042887764 dE =  2.36027E-02
SCF Iteration 465: Energy = 6.9744877842722230 dE = -2.36027E-02
SCF Iteration 466: Energy = 6.9980905042887693 dE =  2.36027E-02
SCF Iteration 467: Energy = 6.9744877842722373 dE = -2.36027E-02
SCF Iteration 468: Energy = 6.9980905042887711 dE =  2.36027E-02
SCF Iteration 469: Energy = 6.9744877842722408 dE = -2.36027E-02
SCF Iteration 470: Energy = 6.9980905042887791 dE =  2.36027E-02
SCF Iteration 471: Energy = 6.9744877842722230 dE = -2.36027E-02
SCF Iteration 472: Energy = 6.9980905042887693 dE =  2.36027E-02
SCF Iteration 473: Energy = 6.9744877842722328 dE = -2.36027E-02
SCF Iteration 474: Energy = 6.9980905042887676 dE =  2.36027E-02
SCF Iteration 475: Energy = 6.9744877842722390 dE = -2.36027E-02
SCF Iteration 476: Energy = 6.9980905042887622 dE =  2.36027E-02
SCF Iteration 477: Energy = 6.9744877842722195 dE = -2.36027E-02
SCF Iteration 478: Energy = 6.9980905042887702 dE =  2.36027E-02
SCF Iteration 479: Energy = 6.9744877842722302 dE = -2.36027E-02
SCF Iteration 480: Energy = 6.9980905042887569 dE =  2.36027E-02
SCF Iteration 481: Energy = 6.9744877842722230 dE = -2.36027E-02
SCF Iteration 482: Energy = 6.9980905042887551 dE =  2.36027E-02
SCF Iteration 483: Energy = 6.9744877842722230 dE = -2.36027E-02
SCF Iteration 484: Energy = 6.9980905042887640 dE =  2.36027E-02
SCF Iteration 485: Energy = 6.9744877842722239 dE = -2.36027E-02
SCF Iteration 486: Energy = 6.9980905042887676 dE =  2.36027E-02
SCF Iteration 487: Energy = 6.9744877842722337 dE = -2.36027E-02
SCF Iteration 488: Energy = 6.9980905042887604 dE =  2.36027E-02
SCF Iteration 489: Energy = 6.9744877842722293 dE = -2.36027E-02
SCF Iteration 490: Energy = 6.9980905042887569 dE =  2.36027E-02
SCF Iteration 491: Energy = 6.9744877842722053 dE = -2.36027E-02
SCF Iteration 492: Energy = 6.9980905042887454 dE =  2.36027E-02
SCF Iteration 493: Energy = 6.9744877842722213 dE = -2.36027E-02
SCF Iteration 494: Energy = 6.9980905042887622 dE =  2.36027E-02
SCF Iteration 495: Energy = 6.9744877842722053 dE = -2.36027E-02
SCF Iteration 496: Energy = 6.9980905042887587 dE =  2.36027E-02
SCF Iteration 497: Energy = 6.9744877842722177 dE = -2.36027E-02
SCF Iteration 498: Energy = 6.9980905042887569 dE =  2.36027E-02
SCF Iteration 499: Energy = 6.9744877842722275 dE = -2.36027E-02
SCF Iteration 500: Energy = 6.9980905042887693 dE =  2.36027E-02
