
  Memory set to  55.879 GiB by Python driver.
  Threads set to 1 by Python driver.
Settings:
	LOT = CCSD-S1-U21
	wc = 20.0 eV
	lambda = [1.091182 0.       0.      ] a.u.
	Equivalent A0 = LAMBDA / sqrt(2 wc) = [0.9 0.  0. ])
doing QED-CCSD-1 (or QED-CCSD-21)
Number of occupied orbitals:   1
Number of basis functions:  60
SCF Iteration   1: Energy = 10.1218008250023992 dE =  1.01218E+01
SCF Iteration   2: Energy = 10.6487323787429187 dE =  5.26932E-01
SCF Iteration   3: Energy = 10.3304401793584422 dE = -3.18292E-01
SCF Iteration   4: Energy = 10.5831230039817648 dE =  2.52683E-01
SCF Iteration   5: Energy = 10.4800446458574132 dE = -1.03078E-01
SCF Iteration   6: Energy = 10.5896054357974361 dE =  1.09561E-01
SCF Iteration   7: Energy = 10.5550571562253452 dE = -3.45483E-02
SCF Iteration   8: Energy = 10.6004729194460943 dE =  4.54158E-02
SCF Iteration   9: Energy = 10.5877835810826220 dE = -1.26893E-02
SCF Iteration  10: Energy = 10.6049075519628691 dE =  1.71240E-02
SCF Iteration  11: Energy = 10.5988865549966480 dE = -6.02100E-03
SCF Iteration  12: Energy = 10.6031254964002759 dE =  4.23894E-03
SCF Iteration  13: Energy = 10.5987557859815507 dE = -4.36971E-03
SCF Iteration  14: Energy = 10.5969089467599460 dE = -1.84684E-03
SCF Iteration  15: Energy = 10.5926100324448793 dE = -4.29891E-03
SCF Iteration  16: Energy = 10.5878459263077467 dE = -4.76411E-03
SCF Iteration  17: Energy = 10.5832252170912557 dE = -4.62071E-03
SCF Iteration  18: Energy = 10.5771133357304699 dE = -6.11188E-03
SCF Iteration  19: Energy = 10.5721782898657821 dE = -4.93505E-03
SCF Iteration  20: Energy = 10.5655418725594430 dE = -6.63642E-03
SCF Iteration  21: Energy = 10.5604155921791794 dE = -5.12628E-03
SCF Iteration  22: Energy = 10.5537067439817527 dE = -6.70885E-03
SCF Iteration  23: Energy = 10.5485257909473908 dE = -5.18095E-03
SCF Iteration  24: Energy = 10.5419997529982865 dE = -6.52604E-03
SCF Iteration  25: Energy = 10.5368802928857406 dE = -5.11946E-03
SCF Iteration  26: Energy = 10.5306813420890961 dE = -6.19895E-03
SCF Iteration  27: Energy = 10.5257111929698013 dE = -4.97015E-03
SCF Iteration  28: Energy = 10.5199176989027681 dE = -5.79349E-03
SCF Iteration  29: Energy = 10.5151578517317450 dE = -4.75985E-03
SCF Iteration  30: Energy = 10.5098074353480300 dE = -5.35042E-03
SCF Iteration  31: Energy = 10.5052965435332979 dE = -4.51089E-03
SCF Iteration  32: Energy = 10.5004009794771775 dE = -4.89556E-03
SCF Iteration  33: Energy = 10.4961602697499501 dE = -4.24071E-03
SCF Iteration  34: Energy = 10.4917147800931563 dE = -4.44549E-03
SCF Iteration  35: Energy = 10.4877524553586703 dE = -3.96232E-03
SCF Iteration  36: Energy = 10.4837417488935891 dE = -4.01071E-03
SCF Iteration  37: Energy = 10.4800566200144321 dE = -3.68513E-03
SCF Iteration  38: Energy = 10.4764589347449082 dE = -3.59769E-03
SCF Iteration  39: Energy = 10.4730432841229817 dE = -3.41565E-03
SCF Iteration  40: Energy = 10.4698331435305274 dE = -3.21014E-03
SCF Iteration  41: Energy = 10.4666749184278842 dE = -3.15823E-03
SCF Iteration  42: Energy = 10.4638250261320565 dE = -2.84989E-03
SCF Iteration  43: Energy = 10.4609094824890043 dE = -2.91554E-03
SCF Iteration  44: Energy = 10.4583920226792451 dE = -2.51746E-03
SCF Iteration  45: Energy = 10.4557029339629750 dE = -2.68909E-03
SCF Iteration  46: Energy = 10.4534904537791213 dE = -2.21248E-03
SCF Iteration  47: Energy = 10.4510109831409856 dE = -2.47947E-03
SCF Iteration  48: Energy = 10.4490769774024361 dE = -1.93401E-03
SCF Iteration  49: Energy = 10.4467902933217225 dE = -2.28668E-03
SCF Iteration  50: Energy = 10.4451095761757600 dE = -1.68072E-03
SCF Iteration  51: Energy = 10.4429992751146763 dE = -2.11030E-03
SCF Iteration  52: Energy = 10.4415481991670731 dE = -1.45108E-03
SCF Iteration  53: Energy = 10.4395985846372685 dE = -1.94961E-03
SCF Iteration  54: Energy = 10.4383551514917663 dE = -1.24343E-03
SCF Iteration  55: Energy = 10.4365514074574186 dE = -1.80374E-03
SCF Iteration  56: Energy = 10.4354953017648722 dE = -1.05611E-03
SCF Iteration  57: Energy = 10.4338235892249074 dE = -1.67171E-03
SCF Iteration  58: Energy = 10.4329361597816259 dE = -8.87429E-04
SCF Iteration  59: Energy = 10.4313836582962551 dE = -1.55250E-03
SCF Iteration  60: Energy = 10.4306478634571782 dE = -7.35795E-04
SCF Iteration  61: Energy = 10.4292027739343354 dE = -1.44509E-03
SCF Iteration  62: Energy = 10.4286031039695679 dE = -5.99670E-04
SCF Iteration  63: Energy = 10.4272546248604918 dE = -1.34848E-03
SCF Iteration  64: Energy = 10.4267770104422386 dE = -4.77614E-04
SCF Iteration  65: Energy = 10.4255152963294506 dE = -1.26171E-03
SCF Iteration  66: Energy = 10.4251470097734291 dE = -3.68287E-04
SCF Iteration  67: Energy = 10.4239631189404207 dE = -1.18389E-03
SCF Iteration  68: Energy = 10.4236926729188664 dE = -2.70446E-04
SCF Iteration  69: Energy = 10.4225785086865610 dE = -1.11416E-03
SCF Iteration  70: Energy = 10.4223955557113825 dE = -1.82953E-04
SCF Iteration  71: Energy = 10.4213438049732545 dE = -1.05175E-03
SCF Iteration  72: Energy = 10.4212390398960348 dE = -1.04765E-04
SCF Iteration  73: Energy = 10.4202431112723755 dE = -9.95929E-04
SCF Iteration  74: Energy = 10.4202081782720235 dE = -3.49330E-05
SCF Iteration  75: Energy = 10.4192621415509379 dE = -9.46037E-04
SCF Iteration  76: Energy = 10.4192895465110809 dE =  2.74050E-05
SCF Iteration  77: Energy = 10.4183880744879680 dE = -9.01472E-04
SCF Iteration  78: Energy = 10.4184711032522674 dE =  8.30288E-05
SCF Iteration  79: Energy = 10.4176094166702455 dE = -8.61687E-04
SCF Iteration  80: Energy = 10.4177420593686811 dE =  1.32643E-04
SCF Iteration  81: Energy = 10.4169158753647650 dE = -8.26184E-04
SCF Iteration  82: Energy = 10.4170927567937976 dE =  1.76881E-04
SCF Iteration  83: Energy = 10.4162982410416447 dE = -7.94516E-04
SCF Iteration  84: Energy = 10.4165145569386581 dE =  2.16316E-04
SCF Iteration  85: Energy = 10.4157482795269658 dE = -7.66277E-04
SCF Iteration  86: Energy = 10.4159997384838228 dE =  2.51459E-04
SCF Iteration  87: Energy = 10.4152586334641626 dE = -7.41105E-04
SCF Iteration  88: Energy = 10.4155414041648413 dE =  2.82771E-04
SCF Iteration  89: Energy = 10.4148227326322669 dE = -7.18672E-04
SCF Iteration  90: Energy = 10.4151333960671710 dE =  3.10663E-04
SCF Iteration  91: Energy = 10.4144347125918433 dE = -6.98683E-04
SCF Iteration  92: Energy = 10.4147702188857725 dE =  3.35506E-04
SCF Iteration  93: Energy = 10.4140893410869211 dE = -6.80878E-04
SCF Iteration  94: Energy = 10.4144469705774227 dE =  3.57629E-04
SCF Iteration  95: Energy = 10.4137819516183185 dE = -6.65019E-04
SCF Iteration  96: Energy = 10.4141592798282385 dE =  3.77328E-04
SCF Iteration  97: Energy = 10.4135083836071267 dE = -6.50896E-04
SCF Iteration  98: Energy = 10.4139032497704456 dE =  3.94866E-04
SCF Iteration  99: Energy = 10.4132649285853613 dE = -6.38321E-04
SCF Iteration 100: Energy = 10.4136754074026658 dE =  4.10479E-04
SCF Iteration 101: Energy = 10.4130482818758843 dE = -6.27126E-04
SCF Iteration 102: Energy = 10.4134726581970813 dE =  4.24376E-04
SCF Iteration 103: Energy = 10.4128554992555937 dE = -6.17159E-04
SCF Iteration 104: Energy = 10.4132922454084405 dE =  4.36746E-04
SCF Iteration 105: Energy = 10.4126839581288948 dE = -6.08287E-04
SCF Iteration 106: Energy = 10.4131317136342290 dE =  4.47756E-04
SCF Iteration 107: Energy = 10.4125313227742069 dE = -6.00391E-04
SCF Iteration 108: Energy = 10.4129888762099085 dE =  4.57553E-04
SCF Iteration 109: Energy = 10.4123955132609325 dE = -5.93363E-04
SCF Iteration 110: Energy = 10.4128617860570909 dE =  4.66273E-04
SCF Iteration 111: Energy = 10.4122746776681936 dE = -5.87108E-04
SCF Iteration 112: Energy = 10.4127487096363147 dE =  4.74032E-04
SCF Iteration 113: Energy = 10.4121671672696809 dE = -5.81542E-04
SCF Iteration 114: Energy = 10.4126481036860810 dE =  4.80936E-04
SCF Iteration 115: Energy = 10.4120715143791038 dE = -5.76589E-04
SCF Iteration 116: Energy = 10.4125585944610037 dE =  4.87080E-04
SCF Iteration 117: Energy = 10.4119864125803403 dE = -5.72182E-04
SCF Iteration 118: Energy = 10.4124789592075171 dE =  4.92547E-04
SCF Iteration 119: Energy = 10.4119106990920827 dE = -5.68260E-04
SCF Iteration 120: Energy = 10.4124081096432626 dE =  4.97411E-04
SCF Iteration 121: Energy = 10.4118433390422513 dE = -5.64771E-04
SCF Iteration 122: Energy = 10.4123450772267532 dE =  5.01738E-04
SCF Iteration 123: Energy = 10.4117834114493277 dE = -5.61666E-04
SCF Iteration 124: Energy = 10.4122890000283981 dE =  5.05589E-04
SCF Iteration 125: Energy = 10.4117300967287676 dE = -5.58903E-04
SCF Iteration 126: Energy = 10.4122391110304875 dE =  5.09014E-04
SCF Iteration 127: Energy = 10.4116826655609636 dE = -5.56445E-04
SCF Iteration 128: Energy = 10.4121947277036320 dE =  5.12062E-04
SCF Iteration 129: Energy = 10.4116404689744382 dE = -5.54259E-04
SCF Iteration 130: Energy = 10.4121552427219406 dE =  5.14774E-04
SCF Iteration 131: Energy = 10.4116029295132222 dE = -5.52313E-04
SCF Iteration 132: Energy = 10.4121201156934049 dE =  5.17186E-04
SCF Iteration 133: Energy = 10.4115695333708089 dE = -5.50582E-04
SCF Iteration 134: Energy = 10.4120888657963704 dE =  5.19332E-04
SCF Iteration 135: Energy = 10.4115398233860539 dE = -5.49042E-04
SCF Iteration 136: Energy = 10.4120610652228773 dE =  5.21242E-04
SCF Iteration 137: Energy = 10.4115133928074499 dE = -5.47672E-04
SCF Iteration 138: Energy = 10.4120363333416108 dE =  5.22941E-04
SCF Iteration 139: Energy = 10.4114898797414934 dE = -5.46454E-04
SCF Iteration 140: Energy = 10.4120143315016112 dE =  5.24452E-04
SCF Iteration 141: Energy = 10.4114689622113126 dE = -5.45369E-04
SCF Iteration 142: Energy = 10.4119947584071824 dE =  5.25796E-04
SCF Iteration 143: Energy = 10.4114503537581626 dE = -5.44405E-04
SCF Iteration 144: Energy = 10.4119773460010538 dE =  5.26992E-04
SCF Iteration 145: Energy = 10.4114337995264741 dE = -5.43546E-04
SCF Iteration 146: Energy = 10.4119618558005840 dE =  5.28056E-04
SCF Iteration 147: Energy = 10.4114190727802551 dE = -5.42783E-04
SCF Iteration 148: Energy = 10.4119480756370795 dE =  5.29003E-04
SCF Iteration 149: Energy = 10.4114059718021821 dE = -5.42104E-04
SCF Iteration 150: Energy = 10.4119358167542480 dE =  5.29845E-04
SCF Iteration 151: Energy = 10.4113943171348673 dE = -5.41500E-04
SCF Iteration 152: Energy = 10.4119249112258334 dE =  5.30594E-04
SCF Iteration 153: Energy = 10.4113839491255273 dE = -5.40962E-04
SCF Iteration 154: Energy = 10.4119152096583036 dE =  5.31261E-04
SCF Iteration 155: Energy = 10.4113747257413394 dE = -5.40484E-04
SCF Iteration 156: Energy = 10.4119065791462582 dE =  5.31853E-04
SCF Iteration 157: Energy = 10.4113665206257053 dE = -5.40059E-04
SCF Iteration 158: Energy = 10.4118989014533589 dE =  5.32381E-04
SCF Iteration 159: Energy = 10.4113592213685280 dE = -5.39680E-04
SCF Iteration 160: Energy = 10.4118920713937477 dE =  5.32850E-04
SCF Iteration 161: Energy = 10.4113527279673974 dE = -5.39343E-04
SCF Iteration 162: Energy = 10.4118859953922005 dE =  5.33267E-04
SCF Iteration 163: Energy = 10.4113469514584693 dE = -5.39044E-04
SCF Iteration 164: Energy = 10.4118805902025429 dE =  5.33639E-04
SCF Iteration 165: Energy = 10.4113418126980104 dE = -5.38778E-04
SCF Iteration 166: Energy = 10.4118757817678897 dE =  5.33969E-04
SCF Iteration 167: Energy = 10.4113372412790817 dE = -5.38540E-04
SCF Iteration 168: Energy = 10.4118715042065624 dE =  5.34263E-04
SCF Iteration 169: Energy = 10.4113331745668809 dE = -5.38330E-04
SCF Iteration 170: Energy = 10.4118676989096066 dE =  5.34524E-04
SCF Iteration 171: Energy = 10.4113295568410429 dE = -5.38142E-04
SCF Iteration 172: Energy = 10.4118643137381568 dE =  5.34757E-04
SCF Iteration 173: Energy = 10.4113263385324615 dE = -5.37975E-04
SCF Iteration 174: Energy = 10.4118613023092355 dE =  5.34964E-04
SCF Iteration 175: Energy = 10.4113234755442754 dE = -5.37827E-04
SCF Iteration 176: Energy = 10.4118586233603843 dE =  5.35148E-04
SCF Iteration 177: Energy = 10.4113209286478288 dE = -5.37695E-04
SCF Iteration 178: Energy = 10.4118562401845658 dE =  5.35312E-04
SCF Iteration 179: Energy = 10.4113186629452343 dE = -5.37577E-04
SCF Iteration 180: Energy = 10.4118541201270514 dE =  5.35457E-04
SCF Iteration 181: Energy = 10.4113166473913843 dE = -5.37473E-04
SCF Iteration 182: Energy = 10.4118522341383191 dE =  5.35587E-04
SCF Iteration 183: Energy = 10.4113148543685554 dE = -5.37380E-04
SCF Iteration 184: Energy = 10.4118505563759189 dE =  5.35702E-04
SCF Iteration 185: Energy = 10.4113132593081268 dE = -5.37297E-04
SCF Iteration 186: Energy = 10.4118490638504646 dE =  5.35805E-04
SCF Iteration 187: Energy = 10.4113118403538571 dE = -5.37223E-04
SCF Iteration 188: Energy = 10.4118477361106940 dE =  5.35896E-04
SCF Iteration 189: Energy = 10.4113105780625688 dE = -5.37158E-04
SCF Iteration 190: Energy = 10.4118465549631996 dE =  5.35977E-04
SCF Iteration 191: Energy = 10.4113094551376424 dE = -5.37100E-04
SCF Iteration 192: Energy = 10.4118455042232974 dE =  5.36049E-04
SCF Iteration 193: Energy = 10.4113084561921170 dE = -5.37048E-04
SCF Iteration 194: Energy = 10.4118445694930326 dE =  5.36113E-04
SCF Iteration 195: Energy = 10.4113075675378361 dE = -5.37002E-04
SCF Iteration 196: Energy = 10.4118437379642277 dE =  5.36170E-04
SCF Iteration 197: Energy = 10.4113067769978329 dE = -5.36961E-04
SCF Iteration 198: Energy = 10.4118429982426193 dE =  5.36221E-04
SCF Iteration 199: Energy = 10.4113060737396204 dE = -5.36925E-04
SCF Iteration 200: Energy = 10.4118423401920666 dE =  5.36266E-04
SCF Iteration 201: Energy = 10.4113054481266278 dE = -5.36892E-04
SCF Iteration 202: Energy = 10.4118417547955033 dE =  5.36307E-04
SCF Iteration 203: Energy = 10.4113048915862567 dE = -5.36863E-04
SCF Iteration 204: Energy = 10.4118412340313640 dE =  5.36342E-04
SCF Iteration 205: Energy = 10.4113043964923886 dE = -5.36838E-04
SCF Iteration 206: Energy = 10.4118407707637282 dE =  5.36374E-04
SCF Iteration 207: Energy = 10.4113039560608218 dE = -5.36815E-04
SCF Iteration 208: Energy = 10.4118403586445716 dE =  5.36403E-04
SCF Iteration 209: Energy = 10.4113035642564640 dE = -5.36794E-04
SCF Iteration 210: Energy = 10.4118399920266693 dE =  5.36428E-04
SCF Iteration 211: Energy = 10.4113032157104435 dE = -5.36776E-04
SCF Iteration 212: Energy = 10.4118396658863581 dE =  5.36450E-04
SCF Iteration 213: Energy = 10.4113029056467212 dE = -5.36760E-04
SCF Iteration 214: Energy = 10.4118393757545924 dE =  5.36470E-04
SCF Iteration 215: Energy = 10.4113026298165749 dE = -5.36746E-04
SCF Iteration 216: Energy = 10.4118391176557097 dE =  5.36488E-04
SCF Iteration 217: Energy = 10.4113023844403028 dE = -5.36733E-04
SCF Iteration 218: Energy = 10.4118388880530475 dE =  5.36504E-04
SCF Iteration 219: Energy = 10.4113021661555649 dE = -5.36722E-04
SCF Iteration 220: Energy = 10.4118386838004007 dE =  5.36518E-04
SCF Iteration 221: Energy = 10.4113019719712661 dE = -5.36712E-04
SCF Iteration 222: Energy = 10.4118385020989095 dE =  5.36530E-04
SCF Iteration 223: Energy = 10.4113017992264787 dE = -5.36703E-04
SCF Iteration 224: Energy = 10.4118383404587576 dE =  5.36541E-04
SCF Iteration 225: Energy = 10.4113016455541469 dE = -5.36695E-04
SCF Iteration 226: Energy = 10.4118381966650180 dE =  5.36551E-04
SCF Iteration 227: Energy = 10.4113015088485206 dE = -5.36688E-04
SCF Iteration 228: Energy = 10.4118380687472829 dE =  5.36560E-04
SCF Iteration 229: Energy = 10.4113013872362909 dE = -5.36682E-04
SCF Iteration 230: Energy = 10.4118379549527003 dE =  5.36568E-04
SCF Iteration 231: Energy = 10.4113012790510879 dE = -5.36676E-04
SCF Iteration 232: Energy = 10.4118378537219911 dE =  5.36575E-04
SCF Iteration 233: Energy = 10.4113011828103978 dE = -5.36671E-04
SCF Iteration 234: Energy = 10.4118377636679753 dE =  5.36581E-04
SCF Iteration 235: Energy = 10.4113010971954427 dE = -5.36666E-04
SCF Iteration 236: Energy = 10.4118376835566728 dE =  5.36586E-04
SCF Iteration 237: Energy = 10.4113010210331609 dE = -5.36663E-04
SCF Iteration 238: Energy = 10.4118376122903200 dE =  5.36591E-04
SCF Iteration 239: Energy = 10.4113009532797562 dE = -5.36659E-04
SCF Iteration 240: Energy = 10.4118375488923611 dE =  5.36596E-04
SCF Iteration 241: Energy = 10.4113008930069455 dE = -5.36656E-04
SCF Iteration 242: Energy = 10.4118374924940671 dE =  5.36599E-04
SCF Iteration 243: Energy = 10.4113008393886979 dE = -5.36653E-04
SCF Iteration 244: Energy = 10.4118374423226143 dE =  5.36603E-04
SCF Iteration 245: Energy = 10.4113007916903655 dE = -5.36651E-04
SCF Iteration 246: Energy = 10.4118373976905012 dE =  5.36606E-04
SCF Iteration 247: Energy = 10.4113007492583503 dE = -5.36648E-04
SCF Iteration 248: Energy = 10.4118373579861281 dE =  5.36609E-04
SCF Iteration 249: Energy = 10.4113007115111493 dE = -5.36646E-04
SCF Iteration 250: Energy = 10.4118373226654626 dE =  5.36611E-04
SCF Iteration 251: Energy = 10.4113006779315658 dE = -5.36645E-04
SCF Iteration 252: Energy = 10.4118372912444936 dE =  5.36613E-04
SCF Iteration 253: Energy = 10.4113006480594574 dE = -5.36643E-04
SCF Iteration 254: Energy = 10.4118372632926501 dE =  5.36615E-04
SCF Iteration 255: Energy = 10.4113006214854522 dE = -5.36642E-04
SCF Iteration 256: Energy = 10.4118372384269229 dE =  5.36617E-04
SCF Iteration 257: Energy = 10.4113005978454272 dE = -5.36641E-04
SCF Iteration 258: Energy = 10.4118372163065800 dE =  5.36618E-04
SCF Iteration 259: Energy = 10.4113005768154991 dE = -5.36639E-04
SCF Iteration 260: Energy = 10.4118371966285075 dE =  5.36620E-04
SCF Iteration 261: Energy = 10.4113005581074276 dE = -5.36639E-04
SCF Iteration 262: Energy = 10.4118371791230615 dE =  5.36621E-04
SCF Iteration 263: Energy = 10.4113005414648967 dE = -5.36638E-04
SCF Iteration 264: Energy = 10.4118371635503557 dE =  5.36622E-04
SCF Iteration 265: Energy = 10.4113005266598169 dE = -5.36637E-04
SCF Iteration 266: Energy = 10.4118371496970035 dE =  5.36623E-04
SCF Iteration 267: Energy = 10.4113005134893442 dE = -5.36636E-04
SCF Iteration 268: Energy = 10.4118371373731868 dE =  5.36624E-04
SCF Iteration 269: Energy = 10.4113005017730096 dE = -5.36636E-04
SCF Iteration 270: Energy = 10.4118371264100169 dE =  5.36625E-04
SCF Iteration 271: Energy = 10.4113004913502341 dE = -5.36635E-04
SCF Iteration 272: Energy = 10.4118371166572743 dE =  5.36625E-04
SCF Iteration 273: Energy = 10.4113004820782535 dE = -5.36635E-04
SCF Iteration 274: Energy = 10.4118371079812917 dE =  5.36626E-04
SCF Iteration 275: Energy = 10.4113004738299537 dE = -5.36634E-04
SCF Iteration 276: Energy = 10.4118371002632237 dE =  5.36626E-04
SCF Iteration 277: Energy = 10.4113004664923423 dE = -5.36634E-04
SCF Iteration 278: Energy = 10.4118370933973079 dE =  5.36627E-04
SCF Iteration 279: Energy = 10.4113004599648598 dE = -5.36633E-04
SCF Iteration 280: Energy = 10.4118370872894381 dE =  5.36627E-04
SCF Iteration 281: Energy = 10.4113004541580647 dE = -5.36633E-04
SCF Iteration 282: Energy = 10.4118370818559196 dE =  5.36628E-04
SCF Iteration 283: Energy = 10.4113004489924013 dE = -5.36633E-04
SCF Iteration 284: Energy = 10.4118370770223230 dE =  5.36628E-04
SCF Iteration 285: Energy = 10.4113004443970603 dE = -5.36633E-04
SCF Iteration 286: Energy = 10.4118370727223866 dE =  5.36628E-04
SCF Iteration 287: Energy = 10.4113004403090788 dE = -5.36632E-04
SCF Iteration 288: Energy = 10.4118370688971851 dE =  5.36629E-04
SCF Iteration 289: Energy = 10.4113004366724429 dE = -5.36632E-04
SCF Iteration 290: Energy = 10.4118370654943355 dE =  5.36629E-04
SCF Iteration 291: Energy = 10.4113004334373240 dE = -5.36632E-04
SCF Iteration 292: Energy = 10.4118370624671872 dE =  5.36629E-04
SCF Iteration 293: Energy = 10.4113004305594163 dE = -5.36632E-04
SCF Iteration 294: Energy = 10.4118370597742498 dE =  5.36629E-04
SCF Iteration 295: Energy = 10.4113004279992012 dE = -5.36632E-04
SCF Iteration 296: Energy = 10.4118370573786443 dE =  5.36629E-04
SCF Iteration 297: Energy = 10.4113004257216843 dE = -5.36632E-04
SCF Iteration 298: Energy = 10.4118370552475383 dE =  5.36630E-04
SCF Iteration 299: Energy = 10.4113004236956304 dE = -5.36632E-04
SCF Iteration 300: Energy = 10.4118370533517002 dE =  5.36630E-04
SCF Iteration 301: Energy = 10.4113004218932446 dE = -5.36631E-04
SCF Iteration 302: Energy = 10.4118370516652092 dE =  5.36630E-04
SCF Iteration 303: Energy = 10.4113004202898907 dE = -5.36631E-04
SCF Iteration 304: Energy = 10.4118370501649071 dE =  5.36630E-04
SCF Iteration 305: Energy = 10.4113004188635401 dE = -5.36631E-04
SCF Iteration 306: Energy = 10.4118370488302467 dE =  5.36630E-04
SCF Iteration 307: Energy = 10.4113004175946724 dE = -5.36631E-04
SCF Iteration 308: Energy = 10.4118370476429440 dE =  5.36630E-04
SCF Iteration 309: Energy = 10.4113004164659095 dE = -5.36631E-04
SCF Iteration 310: Energy = 10.4118370465867400 dE =  5.36630E-04
SCF Iteration 311: Energy = 10.4113004154617492 dE = -5.36631E-04
SCF Iteration 312: Energy = 10.4118370456471361 dE =  5.36630E-04
SCF Iteration 313: Energy = 10.4113004145684833 dE = -5.36631E-04
SCF Iteration 314: Energy = 10.4118370448112856 dE =  5.36630E-04
SCF Iteration 315: Energy = 10.4113004137738177 dE = -5.36631E-04
SCF Iteration 316: Energy = 10.4118370440677133 dE =  5.36630E-04
SCF Iteration 317: Energy = 10.4113004130669022 dE = -5.36631E-04
SCF Iteration 318: Energy = 10.4118370434062335 dE =  5.36630E-04
SCF Iteration 319: Energy = 10.4113004124380382 dE = -5.36631E-04
SCF Iteration 320: Energy = 10.4118370428178046 dE =  5.36630E-04
SCF Iteration 321: Energy = 10.4113004118786066 dE = -5.36631E-04
SCF Iteration 322: Energy = 10.4118370422943300 dE =  5.36630E-04
SCF Iteration 323: Energy = 10.4113004113809406 dE = -5.36631E-04
SCF Iteration 324: Energy = 10.4118370418286421 dE =  5.36630E-04
SCF Iteration 325: Energy = 10.4113004109381997 dE = -5.36631E-04
SCF Iteration 326: Energy = 10.4118370414143993 dE =  5.36630E-04
SCF Iteration 327: Energy = 10.4113004105443618 dE = -5.36631E-04
SCF Iteration 328: Energy = 10.4118370410458674 dE =  5.36631E-04
SCF Iteration 329: Energy = 10.4113004101939914 dE = -5.36631E-04
SCF Iteration 330: Energy = 10.4118370407180159 dE =  5.36631E-04
SCF Iteration 331: Energy = 10.4113004098823296 dE = -5.36631E-04
SCF Iteration 332: Energy = 10.4118370404263807 dE =  5.36631E-04
SCF Iteration 333: Energy = 10.4113004096050812 dE = -5.36631E-04
SCF Iteration 334: Energy = 10.4118370401669651 dE =  5.36631E-04
SCF Iteration 335: Energy = 10.4113004093584109 dE = -5.36631E-04
SCF Iteration 336: Energy = 10.4118370399361488 dE =  5.36631E-04
SCF Iteration 337: Energy = 10.4113004091389971 dE = -5.36631E-04
SCF Iteration 338: Energy = 10.4118370397308375 dE =  5.36631E-04
SCF Iteration 339: Energy = 10.4113004089438110 dE = -5.36631E-04
SCF Iteration 340: Energy = 10.4118370395482067 dE =  5.36631E-04
SCF Iteration 341: Energy = 10.4113004087701739 dE = -5.36631E-04
SCF Iteration 342: Energy = 10.4118370393857163 dE =  5.36631E-04
SCF Iteration 343: Energy = 10.4113004086156877 dE = -5.36631E-04
SCF Iteration 344: Energy = 10.4118370392411652 dE =  5.36631E-04
SCF Iteration 345: Energy = 10.4113004084782901 dE = -5.36631E-04
SCF Iteration 346: Energy = 10.4118370391126014 dE =  5.36631E-04
SCF Iteration 347: Energy = 10.4113004083560323 dE = -5.36631E-04
SCF Iteration 348: Energy = 10.4118370389982076 dE =  5.36631E-04
SCF Iteration 349: Energy = 10.4113004082472678 dE = -5.36631E-04
SCF Iteration 350: Energy = 10.4118370388964436 dE =  5.36631E-04
SCF Iteration 351: Energy = 10.4113004081505522 dE = -5.36631E-04
SCF Iteration 352: Energy = 10.4118370388059205 dE =  5.36631E-04
SCF Iteration 353: Energy = 10.4113004080644753 dE = -5.36631E-04
SCF Iteration 354: Energy = 10.4118370387253893 dE =  5.36631E-04
SCF Iteration 355: Energy = 10.4113004079879090 dE = -5.36631E-04
SCF Iteration 356: Energy = 10.4118370386537471 dE =  5.36631E-04
SCF Iteration 357: Energy = 10.4113004079198141 dE = -5.36631E-04
SCF Iteration 358: Energy = 10.4118370385900434 dE =  5.36631E-04
SCF Iteration 359: Energy = 10.4113004078592439 dE = -5.36631E-04
SCF Iteration 360: Energy = 10.4118370385333421 dE =  5.36631E-04
SCF Iteration 361: Energy = 10.4113004078053173 dE = -5.36631E-04
SCF Iteration 362: Energy = 10.4118370384829078 dE =  5.36631E-04
SCF Iteration 363: Energy = 10.4113004077573805 dE = -5.36631E-04
SCF Iteration 364: Energy = 10.4118370384380370 dE =  5.36631E-04
SCF Iteration 365: Energy = 10.4113004077147195 dE = -5.36631E-04
SCF Iteration 366: Energy = 10.4118370383981151 dE =  5.36631E-04
SCF Iteration 367: Energy = 10.4113004076767872 dE = -5.36631E-04
SCF Iteration 368: Energy = 10.4118370383626164 dE =  5.36631E-04
SCF Iteration 369: Energy = 10.4113004076430151 dE = -5.36631E-04
SCF Iteration 370: Energy = 10.4118370383310292 dE =  5.36631E-04
SCF Iteration 371: Energy = 10.4113004076130178 dE = -5.36631E-04
SCF Iteration 372: Energy = 10.4118370383029522 dE =  5.36631E-04
SCF Iteration 373: Energy = 10.4113004075863067 dE = -5.36631E-04
SCF Iteration 374: Energy = 10.4118370382779535 dE =  5.36631E-04
SCF Iteration 375: Energy = 10.4113004075625426 dE = -5.36631E-04
SCF Iteration 376: Energy = 10.4118370382557330 dE =  5.36631E-04
SCF Iteration 377: Energy = 10.4113004075413897 dE = -5.36631E-04
SCF Iteration 378: Energy = 10.4118370382359373 dE =  5.36631E-04
SCF Iteration 379: Energy = 10.4113004075225852 dE = -5.36631E-04
SCF Iteration 380: Energy = 10.4118370382183407 dE =  5.36631E-04
SCF Iteration 381: Energy = 10.4113004075058733 dE = -5.36631E-04
SCF Iteration 382: Energy = 10.4118370382026804 dE =  5.36631E-04
SCF Iteration 383: Energy = 10.4113004074909767 dE = -5.36631E-04
SCF Iteration 384: Energy = 10.4118370381887573 dE =  5.36631E-04
SCF Iteration 385: Energy = 10.4113004074777145 dE = -5.36631E-04
SCF Iteration 386: Energy = 10.4118370381763636 dE =  5.36631E-04
SCF Iteration 387: Energy = 10.4113004074659674 dE = -5.36631E-04
SCF Iteration 388: Energy = 10.4118370381653502 dE =  5.36631E-04
SCF Iteration 389: Energy = 10.4113004074554922 dE = -5.36631E-04
SCF Iteration 390: Energy = 10.4118370381555554 dE =  5.36631E-04
SCF Iteration 391: Energy = 10.4113004074461521 dE = -5.36631E-04
SCF Iteration 392: Energy = 10.4118370381468157 dE =  5.36631E-04
SCF Iteration 393: Energy = 10.4113004074378708 dE = -5.36631E-04
SCF Iteration 394: Energy = 10.4118370381390548 dE =  5.36631E-04
SCF Iteration 395: Energy = 10.4113004074305060 dE = -5.36631E-04
SCF Iteration 396: Energy = 10.4118370381321483 dE =  5.36631E-04
SCF Iteration 397: Energy = 10.4113004074239246 dE = -5.36631E-04
SCF Iteration 398: Energy = 10.4118370381260057 dE =  5.36631E-04
SCF Iteration 399: Energy = 10.4113004074180822 dE = -5.36631E-04
SCF Iteration 400: Energy = 10.4118370381205381 dE =  5.36631E-04
SCF Iteration 401: Energy = 10.4113004074129165 dE = -5.36631E-04
SCF Iteration 402: Energy = 10.4118370381156993 dE =  5.36631E-04
SCF Iteration 403: Energy = 10.4113004074082749 dE = -5.36631E-04
SCF Iteration 404: Energy = 10.4118370381113774 dE =  5.36631E-04
SCF Iteration 405: Energy = 10.4113004074041697 dE = -5.36631E-04
SCF Iteration 406: Energy = 10.4118370381075245 dE =  5.36631E-04
SCF Iteration 407: Energy = 10.4113004074005122 dE = -5.36631E-04
SCF Iteration 408: Energy = 10.4118370381040979 dE =  5.36631E-04
SCF Iteration 409: Energy = 10.4113004073972615 dE = -5.36631E-04
SCF Iteration 410: Energy = 10.4118370381010692 dE =  5.36631E-04
SCF Iteration 411: Energy = 10.4113004073943820 dE = -5.36631E-04
SCF Iteration 412: Energy = 10.4118370380983425 dE =  5.36631E-04
SCF Iteration 413: Energy = 10.4113004073917867 dE = -5.36631E-04
SCF Iteration 414: Energy = 10.4118370380959462 dE =  5.36631E-04
SCF Iteration 415: Energy = 10.4113004073894952 dE = -5.36631E-04
SCF Iteration 416: Energy = 10.4118370380938252 dE =  5.36631E-04
SCF Iteration 417: Energy = 10.4113004073874684 dE = -5.36631E-04
SCF Iteration 418: Energy = 10.4118370380919174 dE =  5.36631E-04
SCF Iteration 419: Energy = 10.4113004073856601 dE = -5.36631E-04
SCF Iteration 420: Energy = 10.4118370380902121 dE =  5.36631E-04
SCF Iteration 421: Energy = 10.4113004073840507 dE = -5.36631E-04
SCF Iteration 422: Energy = 10.4118370380886951 dE =  5.36631E-04
SCF Iteration 423: Energy = 10.4113004073826296 dE = -5.36631E-04
SCF Iteration 424: Energy = 10.4118370380873735 dE =  5.36631E-04
SCF Iteration 425: Energy = 10.4113004073813364 dE = -5.36631E-04
SCF Iteration 426: Energy = 10.4118370380861691 dE =  5.36631E-04
SCF Iteration 427: Energy = 10.4113004073802138 dE = -5.36631E-04
SCF Iteration 428: Energy = 10.4118370380851175 dE =  5.36631E-04
SCF Iteration 429: Energy = 10.4113004073792013 dE = -5.36631E-04
SCF Iteration 430: Energy = 10.4118370380841458 dE =  5.36631E-04
SCF Iteration 431: Energy = 10.4113004073782953 dE = -5.36631E-04
SCF Iteration 432: Energy = 10.4118370380833341 dE =  5.36631E-04
SCF Iteration 433: Energy = 10.4113004073775084 dE = -5.36631E-04
SCF Iteration 434: Energy = 10.4118370380825844 dE =  5.36631E-04
SCF Iteration 435: Energy = 10.4113004073767943 dE = -5.36631E-04
SCF Iteration 436: Energy = 10.4118370380819059 dE =  5.36631E-04
SCF Iteration 437: Energy = 10.4113004073761743 dE = -5.36631E-04
SCF Iteration 438: Energy = 10.4118370380813143 dE =  5.36631E-04
SCF Iteration 439: Energy = 10.4113004073756006 dE = -5.36631E-04
SCF Iteration 440: Energy = 10.4118370380807903 dE =  5.36631E-04
SCF Iteration 441: Energy = 10.4113004073751050 dE = -5.36631E-04
SCF Iteration 442: Energy = 10.4118370380803320 dE =  5.36631E-04
SCF Iteration 443: Energy = 10.4113004073746502 dE = -5.36631E-04
SCF Iteration 444: Energy = 10.4118370380799021 dE =  5.36631E-04
SCF Iteration 445: Energy = 10.4113004073742381 dE = -5.36631E-04
SCF Iteration 446: Energy = 10.4118370380795255 dE =  5.36631E-04
SCF Iteration 447: Energy = 10.4113004073739095 dE = -5.36631E-04
SCF Iteration 448: Energy = 10.4118370380792093 dE =  5.36631E-04
SCF Iteration 449: Energy = 10.4113004073735755 dE = -5.36631E-04
SCF Iteration 450: Energy = 10.4118370380788861 dE =  5.36631E-04
SCF Iteration 451: Energy = 10.4113004073732931 dE = -5.36631E-04
SCF Iteration 452: Energy = 10.4118370380786356 dE =  5.36631E-04
SCF Iteration 453: Energy = 10.4113004073730515 dE = -5.36631E-04
SCF Iteration 454: Energy = 10.4118370380783993 dE =  5.36631E-04
SCF Iteration 455: Energy = 10.4113004073728348 dE = -5.36631E-04
SCF Iteration 456: Energy = 10.4118370380782004 dE =  5.36631E-04
SCF Iteration 457: Energy = 10.4113004073726323 dE = -5.36631E-04
SCF Iteration 458: Energy = 10.4118370380780192 dE =  5.36631E-04
SCF Iteration 459: Energy = 10.4113004073724476 dE = -5.36631E-04
SCF Iteration 460: Energy = 10.4118370380778575 dE =  5.36631E-04
SCF Iteration 461: Energy = 10.4113004073723108 dE = -5.36631E-04
SCF Iteration 462: Energy = 10.4118370380777101 dE =  5.36631E-04
SCF Iteration 463: Energy = 10.4113004073721669 dE = -5.36631E-04
SCF Iteration 464: Energy = 10.4118370380775804 dE =  5.36631E-04
SCF Iteration 465: Energy = 10.4113004073720354 dE = -5.36631E-04
SCF Iteration 466: Energy = 10.4118370380774685 dE =  5.36631E-04
SCF Iteration 467: Energy = 10.4113004073719466 dE = -5.36631E-04
SCF Iteration 468: Energy = 10.4118370380773548 dE =  5.36631E-04
SCF Iteration 469: Energy = 10.4113004073718329 dE = -5.36631E-04
SCF Iteration 470: Energy = 10.4118370380772731 dE =  5.36631E-04
SCF Iteration 471: Energy = 10.4113004073717441 dE = -5.36631E-04
SCF Iteration 472: Energy = 10.4118370380771772 dE =  5.36631E-04
SCF Iteration 473: Energy = 10.4113004073717050 dE = -5.36631E-04
SCF Iteration 474: Energy = 10.4118370380771204 dE =  5.36631E-04
SCF Iteration 475: Energy = 10.4113004073716233 dE = -5.36631E-04
SCF Iteration 476: Energy = 10.4118370380770511 dE =  5.36631E-04
SCF Iteration 477: Energy = 10.4113004073715452 dE = -5.36631E-04
SCF Iteration 478: Energy = 10.4118370380770031 dE =  5.36631E-04
SCF Iteration 479: Energy = 10.4113004073714777 dE = -5.36631E-04
SCF Iteration 480: Energy = 10.4118370380769605 dE =  5.36631E-04
SCF Iteration 481: Energy = 10.4113004073714315 dE = -5.36631E-04
SCF Iteration 482: Energy = 10.4118370380769072 dE =  5.36631E-04
SCF Iteration 483: Energy = 10.4113004073713959 dE = -5.36631E-04
SCF Iteration 484: Energy = 10.4118370380768717 dE =  5.36631E-04
SCF Iteration 485: Energy = 10.4113004073713675 dE = -5.36631E-04
SCF Iteration 486: Energy = 10.4118370380768113 dE =  5.36631E-04
SCF Iteration 487: Energy = 10.4113004073713338 dE = -5.36631E-04
SCF Iteration 488: Energy = 10.4118370380768006 dE =  5.36631E-04
SCF Iteration 489: Energy = 10.4113004073712929 dE = -5.36631E-04
SCF Iteration 490: Energy = 10.4118370380767722 dE =  5.36631E-04
SCF Iteration 491: Energy = 10.4113004073712645 dE = -5.36631E-04
SCF Iteration 492: Energy = 10.4118370380767402 dE =  5.36631E-04
SCF Iteration 493: Energy = 10.4113004073712538 dE = -5.36631E-04
SCF Iteration 494: Energy = 10.4118370380767331 dE =  5.36631E-04
SCF Iteration 495: Energy = 10.4113004073712290 dE = -5.36631E-04
SCF Iteration 496: Energy = 10.4118370380767082 dE =  5.36631E-04
SCF Iteration 497: Energy = 10.4113004073712343 dE = -5.36631E-04
SCF Iteration 498: Energy = 10.4118370380766905 dE =  5.36631E-04
SCF Iteration 499: Energy = 10.4113004073711934 dE = -5.36631E-04
SCF Iteration 500: Energy = 10.4118370380766692 dE =  5.36631E-04
