
  Memory set to  55.879 GiB by Python driver.
  Threads set to 1 by Python driver.
Settings:
	LOT = CCSD-S1-U21
	wc = 20.0 eV
	lambda = [1.091182 0.       0.      ] a.u.
	Equivalent A0 = LAMBDA / sqrt(2 wc) = [0.9 0.  0. ])
doing QED-CCSD-1 (or QED-CCSD-21)
Number of occupied orbitals:   1
Number of basis functions:  60
SCF Iteration   1: Energy = 3.6055995276902828 dE =  3.60560E+00
SCF Iteration   2: Energy = 4.2398485079717183 dE =  6.34249E-01
SCF Iteration   3: Energy = 3.7855240938495553 dE = -4.54324E-01
SCF Iteration   4: Energy = 4.1443656137058005 dE =  3.58842E-01
SCF Iteration   5: Energy = 3.8391047735128310 dE = -3.05261E-01
SCF Iteration   6: Energy = 4.1174266552968382 dE =  2.78322E-01
SCF Iteration   7: Energy = 3.8500978150434535 dE = -2.67329E-01
SCF Iteration   8: Energy = 4.1025664814273028 dE =  2.52469E-01
SCF Iteration   9: Energy = 3.8475969034952118 dE = -2.54970E-01
SCF Iteration  10: Energy = 4.0911209950141947 dE =  2.43524E-01
SCF Iteration  11: Energy = 3.8407249919247080 dE = -2.50396E-01
SCF Iteration  12: Energy = 4.0814942213567535 dE =  2.40769E-01
SCF Iteration  13: Energy = 3.8329045478415273 dE = -2.48590E-01
SCF Iteration  14: Energy = 4.0733690722531239 dE =  2.40465E-01
SCF Iteration  15: Energy = 3.8254912497062712 dE = -2.47878E-01
SCF Iteration  16: Energy = 4.0666176212009386 dE =  2.41126E-01
SCF Iteration  17: Energy = 3.8189873160699985 dE = -2.47630E-01
SCF Iteration  18: Energy = 4.0611016964089410 dE =  2.42114E-01
SCF Iteration  19: Energy = 3.8135161855994819 dE = -2.47586E-01
SCF Iteration  20: Energy = 4.0566587054808405 dE =  2.43143E-01
SCF Iteration  21: Energy = 3.8090320101348554 dE = -2.47627E-01
SCF Iteration  22: Energy = 4.0531193855206702 dE =  2.44087E-01
SCF Iteration  23: Energy = 3.8054198396502659 dE = -2.47700E-01
SCF Iteration  24: Energy = 4.0503236134944558 dE =  2.44904E-01
SCF Iteration  25: Energy = 3.8025449411297090 dE = -2.47779E-01
SCF Iteration  26: Energy = 4.0481291831278527 dE =  2.45584E-01
SCF Iteration  27: Energy = 3.8002764553945054 dE = -2.47853E-01
SCF Iteration  28: Energy = 4.0464149725190603 dE =  2.46139E-01
SCF Iteration  29: Energy = 3.7984976592763808 dE = -2.47917E-01
SCF Iteration  30: Energy = 4.0450807045642208 dE =  2.46583E-01
SCF Iteration  31: Energy = 3.7971092768154580 dE = -2.47971E-01
SCF Iteration  32: Energy = 4.0440449813410400 dE =  2.46936E-01
SCF Iteration  33: Energy = 3.7960293359004016 dE = -2.48016E-01
SCF Iteration  34: Energy = 4.0432426477215069 dE =  2.47213E-01
SCF Iteration  35: Energy = 3.7951914693538060 dE = -2.48051E-01
SCF Iteration  36: Energy = 4.0426220733720593 dE =  2.47431E-01
SCF Iteration  37: Energy = 3.7945426688306436 dE = -2.48079E-01
SCF Iteration  38: Energy = 4.0421426452542732 dE =  2.47600E-01
SCF Iteration  39: Energy = 3.7940410019557533 dE = -2.48102E-01
SCF Iteration  40: Energy = 4.0417725894539274 dE =  2.47732E-01
SCF Iteration  41: Energy = 3.7936535284827033 dE = -2.48119E-01
SCF Iteration  42: Energy = 4.0414871473296090 dE =  2.47834E-01
SCF Iteration  43: Energy = 3.7933545039134668 dE = -2.48133E-01
SCF Iteration  44: Energy = 4.0412670845862895 dE =  2.47913E-01
SCF Iteration  45: Energy = 3.7931238835840770 dE = -2.48143E-01
SCF Iteration  46: Energy = 4.0410974923353118 dE =  2.47974E-01
SCF Iteration  47: Energy = 3.7929461046831778 dE = -2.48151E-01
SCF Iteration  48: Energy = 4.0409668340250589 dE =  2.48021E-01
SCF Iteration  49: Energy = 3.7928091096571666 dE = -2.48158E-01
SCF Iteration  50: Energy = 4.0408661940795678 dE =  2.48057E-01
SCF Iteration  51: Energy = 3.7927035715575719 dE = -2.48163E-01
SCF Iteration  52: Energy = 4.0407886891276910 dE =  2.48085E-01
SCF Iteration  53: Energy = 3.7926222843103159 dE = -2.48166E-01
SCF Iteration  54: Energy = 4.0407290086922645 dE =  2.48107E-01
SCF Iteration  55: Energy = 3.7925596854963817 dE = -2.48169E-01
SCF Iteration  56: Energy = 4.0406830580587965 dE =  2.48123E-01
SCF Iteration  57: Energy = 3.7925114843963916 dE = -2.48172E-01
SCF Iteration  58: Energy = 4.0406476812797418 dE =  2.48136E-01
SCF Iteration  59: Energy = 3.7924743729754065 dE = -2.48173E-01
SCF Iteration  60: Energy = 4.0406204467323814 dE =  2.48146E-01
SCF Iteration  61: Energy = 3.7924458018324008 dE = -2.48175E-01
SCF Iteration  62: Energy = 4.0405994813363222 dE =  2.48154E-01
SCF Iteration  63: Energy = 3.7924238068127947 dE = -2.48176E-01
SCF Iteration  64: Energy = 4.0405833425249771 dE =  2.48160E-01
SCF Iteration  65: Energy = 3.7924068750038176 dE = -2.48176E-01
SCF Iteration  66: Energy = 4.0405709194521977 dE =  2.48164E-01
SCF Iteration  67: Energy = 3.7923938412693587 dE = -2.48177E-01
SCF Iteration  68: Energy = 4.0405613568046670 dE =  2.48168E-01
SCF Iteration  69: Energy = 3.7923838084244537 dE = -2.48178E-01
SCF Iteration  70: Energy = 4.0405539960744781 dE =  2.48170E-01
SCF Iteration  71: Energy = 3.7923760856828133 dE = -2.48178E-01
SCF Iteration  72: Energy = 4.0405483303063088 dE =  2.48172E-01
SCF Iteration  73: Energy = 3.7923701412153412 dE = -2.48178E-01
SCF Iteration  74: Energy = 4.0405439692367899 dE =  2.48174E-01
SCF Iteration  75: Energy = 3.7923655655962132 dE = -2.48178E-01
SCF Iteration  76: Energy = 4.0405406124449739 dE =  2.48175E-01
SCF Iteration  77: Energy = 3.7923620436450891 dE = -2.48179E-01
SCF Iteration  78: Energy = 4.0405380286760728 dE =  2.48176E-01
SCF Iteration  79: Energy = 3.7923593327410079 dE = -2.48179E-01
SCF Iteration  80: Energy = 4.0405360399210242 dE =  2.48177E-01
SCF Iteration  81: Energy = 3.7923572461228727 dE = -2.48179E-01
SCF Iteration  82: Energy = 4.0405345091589844 dE =  2.48177E-01
SCF Iteration  83: Energy = 3.7923556400314076 dE = -2.48179E-01
SCF Iteration  84: Energy = 4.0405333309207174 dE =  2.48178E-01
SCF Iteration  85: Energy = 3.7923544038095502 dE = -2.48179E-01
SCF Iteration  86: Energy = 4.0405324240239624 dE =  2.48178E-01
SCF Iteration  87: Energy = 3.7923534522813598 dE = -2.48179E-01
SCF Iteration  88: Energy = 4.0405317259812108 dE =  2.48178E-01
SCF Iteration  89: Energy = 3.7923527198848910 dE = -2.48179E-01
SCF Iteration  90: Energy = 4.0405311886948878 dE =  2.48178E-01
SCF Iteration  91: Energy = 3.7923521561559821 dE = -2.48179E-01
SCF Iteration  92: Energy = 4.0405307751437398 dE =  2.48179E-01
SCF Iteration  93: Energy = 3.7923517222516447 dE = -2.48179E-01
SCF Iteration  94: Energy = 4.0405304568321814 dE =  2.48179E-01
SCF Iteration  95: Energy = 3.7923513882740294 dE = -2.48179E-01
SCF Iteration  96: Energy = 4.0405302118268995 dE =  2.48179E-01
SCF Iteration  97: Energy = 3.7923511312104754 dE = -2.48179E-01
SCF Iteration  98: Energy = 4.0405300232457364 dE =  2.48179E-01
SCF Iteration  99: Energy = 3.7923509333479730 dE = -2.48179E-01
SCF Iteration 100: Energy = 4.0405298780943912 dE =  2.48179E-01
SCF Iteration 101: Energy = 3.7923507810527242 dE = -2.48179E-01
SCF Iteration 102: Energy = 4.0405297663710851 dE =  2.48179E-01
SCF Iteration 103: Energy = 3.7923506638307454 dE = -2.48179E-01
SCF Iteration 104: Energy = 4.0405296803774409 dE =  2.48179E-01
SCF Iteration 105: Energy = 3.7923505736047392 dE = -2.48179E-01
SCF Iteration 106: Energy = 4.0405296141879559 dE =  2.48179E-01
SCF Iteration 107: Energy = 3.7923505041575871 dE = -2.48179E-01
SCF Iteration 108: Energy = 4.0405295632417833 dE =  2.48179E-01
SCF Iteration 109: Energy = 3.7923504507039971 dE = -2.48179E-01
SCF Iteration 110: Energy = 4.0405295240284334 dE =  2.48179E-01
SCF Iteration 111: Energy = 3.7923504095606684 dE = -2.48179E-01
SCF Iteration 112: Energy = 4.0405294938458427 dE =  2.48179E-01
SCF Iteration 113: Energy = 3.7923503778925669 dE = -2.48179E-01
SCF Iteration 114: Energy = 4.0405294706142501 dE =  2.48179E-01
SCF Iteration 115: Energy = 3.7923503535175711 dE = -2.48179E-01
SCF Iteration 116: Energy = 4.0405294527328515 dE =  2.48179E-01
SCF Iteration 117: Energy = 3.7923503347561023 dE = -2.48179E-01
SCF Iteration 118: Energy = 4.0405294389695054 dE =  2.48179E-01
SCF Iteration 119: Energy = 3.7923503203153603 dE = -2.48179E-01
SCF Iteration 120: Energy = 4.0405294283758444 dE =  2.48179E-01
SCF Iteration 121: Energy = 3.7923503092003066 dE = -2.48179E-01
SCF Iteration 122: Energy = 4.0405294202218780 dE =  2.48179E-01
SCF Iteration 123: Energy = 3.7923503006450190 dE = -2.48179E-01
SCF Iteration 124: Energy = 4.0405294139457544 dE =  2.48179E-01
SCF Iteration 125: Energy = 3.7923502940600002 dE = -2.48179E-01
SCF Iteration 126: Energy = 4.0405294091150132 dE =  2.48179E-01
SCF Iteration 127: Energy = 3.7923502889915079 dE = -2.48179E-01
SCF Iteration 128: Energy = 4.0405294053967875 dE =  2.48179E-01
SCF Iteration 129: Energy = 3.7923502850902824 dE = -2.48179E-01
SCF Iteration 130: Energy = 4.0405294025348670 dE =  2.48179E-01
SCF Iteration 131: Energy = 3.7923502820874986 dE = -2.48179E-01
SCF Iteration 132: Energy = 4.0405294003320344 dE =  2.48179E-01
SCF Iteration 133: Energy = 3.7923502797762487 dE = -2.48179E-01
SCF Iteration 134: Energy = 4.0405293986365072 dE =  2.48179E-01
SCF Iteration 135: Energy = 3.7923502779972771 dE = -2.48179E-01
SCF Iteration 136: Energy = 4.0405293973314631 dE =  2.48179E-01
SCF Iteration 137: Energy = 3.7923502766280004 dE = -2.48179E-01
SCF Iteration 138: Energy = 4.0405293963269653 dE =  2.48179E-01
SCF Iteration 139: Energy = 3.7923502755740657 dE = -2.48179E-01
SCF Iteration 140: Energy = 4.0405293955537989 dE =  2.48179E-01
SCF Iteration 141: Energy = 3.7923502747628395 dE = -2.48179E-01
SCF Iteration 142: Energy = 4.0405293949586971 dE =  2.48179E-01
SCF Iteration 143: Energy = 3.7923502741384501 dE = -2.48179E-01
SCF Iteration 144: Energy = 4.0405293945006449 dE =  2.48179E-01
SCF Iteration 145: Energy = 3.7923502736578505 dE = -2.48179E-01
SCF Iteration 146: Energy = 4.0405293941480851 dE =  2.48179E-01
SCF Iteration 147: Energy = 3.7923502732879331 dE = -2.48179E-01
SCF Iteration 148: Energy = 4.0405293938767137 dE =  2.48179E-01
SCF Iteration 149: Energy = 3.7923502730032164 dE = -2.48179E-01
SCF Iteration 150: Energy = 4.0405293936678488 dE =  2.48179E-01
SCF Iteration 151: Energy = 3.7923502727840654 dE = -2.48179E-01
SCF Iteration 152: Energy = 4.0405293935070761 dE =  2.48179E-01
SCF Iteration 153: Energy = 3.7923502726153768 dE = -2.48179E-01
SCF Iteration 154: Energy = 4.0405293933833235 dE =  2.48179E-01
SCF Iteration 155: Energy = 3.7923502724855438 dE = -2.48179E-01
SCF Iteration 156: Energy = 4.0405293932880726 dE =  2.48179E-01
SCF Iteration 157: Energy = 3.7923502723856024 dE = -2.48179E-01
SCF Iteration 158: Energy = 4.0405293932147694 dE =  2.48179E-01
SCF Iteration 159: Energy = 3.7923502723086879 dE = -2.48179E-01
SCF Iteration 160: Energy = 4.0405293931583408 dE =  2.48179E-01
SCF Iteration 161: Energy = 3.7923502722494864 dE = -2.48179E-01
SCF Iteration 162: Energy = 4.0405293931149027 dE =  2.48179E-01
SCF Iteration 163: Energy = 3.7923502722039117 dE = -2.48179E-01
SCF Iteration 164: Energy = 4.0405293930814832 dE =  2.48179E-01
SCF Iteration 165: Energy = 3.7923502721688478 dE = -2.48179E-01
SCF Iteration 166: Energy = 4.0405293930557526 dE =  2.48179E-01
SCF Iteration 167: Energy = 3.7923502721418458 dE = -2.48179E-01
SCF Iteration 168: Energy = 4.0405293930359516 dE =  2.48179E-01
SCF Iteration 169: Energy = 3.7923502721210673 dE = -2.48179E-01
SCF Iteration 170: Energy = 4.0405293930207051 dE =  2.48179E-01
SCF Iteration 171: Energy = 3.7923502721050668 dE = -2.48179E-01
SCF Iteration 172: Energy = 4.0405293930089679 dE =  2.48179E-01
SCF Iteration 173: Energy = 3.7923502720927602 dE = -2.48179E-01
SCF Iteration 174: Energy = 4.0405293929999280 dE =  2.48179E-01
SCF Iteration 175: Energy = 3.7923502720832780 dE = -2.48179E-01
SCF Iteration 176: Energy = 4.0405293929929815 dE =  2.48179E-01
SCF Iteration 177: Energy = 3.7923502720759807 dE = -2.48179E-01
SCF Iteration 178: Energy = 4.0405293929876169 dE =  2.48179E-01
SCF Iteration 179: Energy = 3.7923502720703612 dE = -2.48179E-01
SCF Iteration 180: Energy = 4.0405293929835073 dE =  2.48179E-01
SCF Iteration 181: Energy = 3.7923502720660442 dE = -2.48179E-01
SCF Iteration 182: Energy = 4.0405293929803348 dE =  2.48179E-01
SCF Iteration 183: Energy = 3.7923502720627176 dE = -2.48179E-01
SCF Iteration 184: Energy = 4.0405293929778994 dE =  2.48179E-01
SCF Iteration 185: Energy = 3.7923502720601650 dE = -2.48179E-01
SCF Iteration 186: Energy = 4.0405293929760218 dE =  2.48179E-01
SCF Iteration 187: Energy = 3.7923502720581896 dE = -2.48179E-01
SCF Iteration 188: Energy = 4.0405293929745776 dE =  2.48179E-01
SCF Iteration 189: Energy = 3.7923502720566722 dE = -2.48179E-01
SCF Iteration 190: Energy = 4.0405293929734558 dE =  2.48179E-01
SCF Iteration 191: Energy = 3.7923502720555038 dE = -2.48179E-01
SCF Iteration 192: Energy = 4.0405293929726094 dE =  2.48179E-01
SCF Iteration 193: Energy = 3.7923502720546165 dE = -2.48179E-01
SCF Iteration 194: Energy = 4.0405293929719495 dE =  2.48179E-01
SCF Iteration 195: Energy = 3.7923502720539135 dE = -2.48179E-01
SCF Iteration 196: Energy = 4.0405293929714441 dE =  2.48179E-01
SCF Iteration 197: Energy = 3.7923502720533850 dE = -2.48179E-01
SCF Iteration 198: Energy = 4.0405293929710515 dE =  2.48179E-01
SCF Iteration 199: Energy = 3.7923502720529751 dE = -2.48179E-01
SCF Iteration 200: Energy = 4.0405293929707566 dE =  2.48179E-01
SCF Iteration 201: Energy = 3.7923502720526634 dE = -2.48179E-01
SCF Iteration 202: Energy = 4.0405293929705248 dE =  2.48179E-01
SCF Iteration 203: Energy = 3.7923502720524254 dE = -2.48179E-01
SCF Iteration 204: Energy = 4.0405293929703419 dE =  2.48179E-01
SCF Iteration 205: Energy = 3.7923502720522415 dE = -2.48179E-01
SCF Iteration 206: Energy = 4.0405293929702069 dE =  2.48179E-01
SCF Iteration 207: Energy = 3.7923502720520950 dE = -2.48179E-01
SCF Iteration 208: Energy = 4.0405293929700994 dE =  2.48179E-01
SCF Iteration 209: Energy = 3.7923502720519817 dE = -2.48179E-01
SCF Iteration 210: Energy = 4.0405293929700177 dE =  2.48179E-01
SCF Iteration 211: Energy = 3.7923502720518973 dE = -2.48179E-01
SCF Iteration 212: Energy = 4.0405293929699582 dE =  2.48179E-01
SCF Iteration 213: Energy = 3.7923502720518285 dE = -2.48179E-01
SCF Iteration 214: Energy = 4.0405293929699164 dE =  2.48179E-01
SCF Iteration 215: Energy = 3.7923502720517903 dE = -2.48179E-01
SCF Iteration 216: Energy = 4.0405293929698809 dE =  2.48179E-01
SCF Iteration 217: Energy = 3.7923502720517490 dE = -2.48179E-01
SCF Iteration 218: Energy = 4.0405293929698489 dE =  2.48179E-01
SCF Iteration 219: Energy = 3.7923502720517184 dE = -2.48179E-01
SCF Iteration 220: Energy = 4.0405293929698356 dE =  2.48179E-01
SCF Iteration 221: Energy = 3.7923502720516904 dE = -2.48179E-01
SCF Iteration 222: Energy = 4.0405293929698045 dE =  2.48179E-01
SCF Iteration 223: Energy = 3.7923502720516722 dE = -2.48179E-01
SCF Iteration 224: Energy = 4.0405293929697947 dE =  2.48179E-01
SCF Iteration 225: Energy = 3.7923502720516558 dE = -2.48179E-01
SCF Iteration 226: Energy = 4.0405293929697823 dE =  2.48179E-01
SCF Iteration 227: Energy = 3.7923502720516447 dE = -2.48179E-01
SCF Iteration 228: Energy = 4.0405293929697690 dE =  2.48179E-01
SCF Iteration 229: Energy = 3.7923502720516411 dE = -2.48179E-01
SCF Iteration 230: Energy = 4.0405293929697734 dE =  2.48179E-01
SCF Iteration 231: Energy = 3.7923502720516344 dE = -2.48179E-01
SCF Iteration 232: Energy = 4.0405293929697672 dE =  2.48179E-01
SCF Iteration 233: Energy = 3.7923502720516229 dE = -2.48179E-01
SCF Iteration 234: Energy = 4.0405293929697592 dE =  2.48179E-01
SCF Iteration 235: Energy = 3.7923502720516145 dE = -2.48179E-01
SCF Iteration 236: Energy = 4.0405293929697574 dE =  2.48179E-01
SCF Iteration 237: Energy = 3.7923502720516171 dE = -2.48179E-01
SCF Iteration 238: Energy = 4.0405293929697583 dE =  2.48179E-01
SCF Iteration 239: Energy = 3.7923502720516180 dE = -2.48179E-01
SCF Iteration 240: Energy = 4.0405293929697628 dE =  2.48179E-01
SCF Iteration 241: Energy = 3.7923502720516207 dE = -2.48179E-01
SCF Iteration 242: Energy = 4.0405293929697574 dE =  2.48179E-01
SCF Iteration 243: Energy = 3.7923502720516127 dE = -2.48179E-01
SCF Iteration 244: Energy = 4.0405293929697539 dE =  2.48179E-01
SCF Iteration 245: Energy = 3.7923502720516118 dE = -2.48179E-01
SCF Iteration 246: Energy = 4.0405293929697406 dE =  2.48179E-01
SCF Iteration 247: Energy = 3.7923502720516065 dE = -2.48179E-01
SCF Iteration 248: Energy = 4.0405293929697477 dE =  2.48179E-01
SCF Iteration 249: Energy = 3.7923502720516118 dE = -2.48179E-01
SCF Iteration 250: Energy = 4.0405293929697512 dE =  2.48179E-01
SCF Iteration 251: Energy = 3.7923502720516193 dE = -2.48179E-01
SCF Iteration 252: Energy = 4.0405293929697548 dE =  2.48179E-01
SCF Iteration 253: Energy = 3.7923502720516145 dE = -2.48179E-01
SCF Iteration 254: Energy = 4.0405293929697477 dE =  2.48179E-01
SCF Iteration 255: Energy = 3.7923502720516100 dE = -2.48179E-01
SCF Iteration 256: Energy = 4.0405293929697503 dE =  2.48179E-01
SCF Iteration 257: Energy = 3.7923502720516180 dE = -2.48179E-01
SCF Iteration 258: Energy = 4.0405293929697530 dE =  2.48179E-01
SCF Iteration 259: Energy = 3.7923502720516118 dE = -2.48179E-01
SCF Iteration 260: Energy = 4.0405293929697494 dE =  2.48179E-01
SCF Iteration 261: Energy = 3.7923502720516136 dE = -2.48179E-01
SCF Iteration 262: Energy = 4.0405293929697477 dE =  2.48179E-01
SCF Iteration 263: Energy = 3.7923502720516100 dE = -2.48179E-01
SCF Iteration 264: Energy = 4.0405293929697441 dE =  2.48179E-01
SCF Iteration 265: Energy = 3.7923502720516025 dE = -2.48179E-01
SCF Iteration 266: Energy = 4.0405293929697521 dE =  2.48179E-01
SCF Iteration 267: Energy = 3.7923502720516042 dE = -2.48179E-01
SCF Iteration 268: Energy = 4.0405293929697423 dE =  2.48179E-01
SCF Iteration 269: Energy = 3.7923502720516109 dE = -2.48179E-01
SCF Iteration 270: Energy = 4.0405293929697494 dE =  2.48179E-01
SCF Iteration 271: Energy = 3.7923502720516140 dE = -2.48179E-01
SCF Iteration 272: Energy = 4.0405293929697432 dE =  2.48179E-01
SCF Iteration 273: Energy = 3.7923502720516127 dE = -2.48179E-01
SCF Iteration 274: Energy = 4.0405293929697486 dE =  2.48179E-01
SCF Iteration 275: Energy = 3.7923502720516065 dE = -2.48179E-01
SCF Iteration 276: Energy = 4.0405293929697450 dE =  2.48179E-01
SCF Iteration 277: Energy = 3.7923502720516091 dE = -2.48179E-01
SCF Iteration 278: Energy = 4.0405293929697477 dE =  2.48179E-01
SCF Iteration 279: Energy = 3.7923502720516136 dE = -2.48179E-01
SCF Iteration 280: Energy = 4.0405293929697512 dE =  2.48179E-01
SCF Iteration 281: Energy = 3.7923502720516109 dE = -2.48179E-01
SCF Iteration 282: Energy = 4.0405293929697477 dE =  2.48179E-01
SCF Iteration 283: Energy = 3.7923502720516020 dE = -2.48179E-01
SCF Iteration 284: Energy = 4.0405293929697477 dE =  2.48179E-01
SCF Iteration 285: Energy = 3.7923502720516025 dE = -2.48179E-01
SCF Iteration 286: Energy = 4.0405293929697468 dE =  2.48179E-01
SCF Iteration 287: Energy = 3.7923502720516091 dE = -2.48179E-01
SCF Iteration 288: Energy = 4.0405293929697441 dE =  2.48179E-01
SCF Iteration 289: Energy = 3.7923502720516056 dE = -2.48179E-01
SCF Iteration 290: Energy = 4.0405293929697468 dE =  2.48179E-01
SCF Iteration 291: Energy = 3.7923502720515976 dE = -2.48179E-01
SCF Iteration 292: Energy = 4.0405293929697494 dE =  2.48179E-01
SCF Iteration 293: Energy = 3.7923502720516100 dE = -2.48179E-01
SCF Iteration 294: Energy = 4.0405293929697512 dE =  2.48179E-01
SCF Iteration 295: Energy = 3.7923502720516051 dE = -2.48179E-01
SCF Iteration 296: Energy = 4.0405293929697415 dE =  2.48179E-01
SCF Iteration 297: Energy = 3.7923502720516109 dE = -2.48179E-01
SCF Iteration 298: Energy = 4.0405293929697468 dE =  2.48179E-01
SCF Iteration 299: Energy = 3.7923502720516118 dE = -2.48179E-01
SCF Iteration 300: Energy = 4.0405293929697468 dE =  2.48179E-01
SCF Iteration 301: Energy = 3.7923502720516153 dE = -2.48179E-01
SCF Iteration 302: Energy = 4.0405293929697494 dE =  2.48179E-01
SCF Iteration 303: Energy = 3.7923502720516082 dE = -2.48179E-01
SCF Iteration 304: Energy = 4.0405293929697450 dE =  2.48179E-01
SCF Iteration 305: Energy = 3.7923502720516127 dE = -2.48179E-01
SCF Iteration 306: Energy = 4.0405293929697477 dE =  2.48179E-01
SCF Iteration 307: Energy = 3.7923502720516069 dE = -2.48179E-01
SCF Iteration 308: Energy = 4.0405293929697512 dE =  2.48179E-01
SCF Iteration 309: Energy = 3.7923502720516158 dE = -2.48179E-01
SCF Iteration 310: Energy = 4.0405293929697539 dE =  2.48179E-01
SCF Iteration 311: Energy = 3.7923502720516158 dE = -2.48179E-01
SCF Iteration 312: Energy = 4.0405293929697503 dE =  2.48179E-01
SCF Iteration 313: Energy = 3.7923502720516145 dE = -2.48179E-01
SCF Iteration 314: Energy = 4.0405293929697557 dE =  2.48179E-01
SCF Iteration 315: Energy = 3.7923502720516162 dE = -2.48179E-01
SCF Iteration 316: Energy = 4.0405293929697503 dE =  2.48179E-01
SCF Iteration 317: Energy = 3.7923502720516091 dE = -2.48179E-01
SCF Iteration 318: Energy = 4.0405293929697477 dE =  2.48179E-01
SCF Iteration 319: Energy = 3.7923502720516118 dE = -2.48179E-01
SCF Iteration 320: Energy = 4.0405293929697503 dE =  2.48179E-01
SCF Iteration 321: Energy = 3.7923502720516198 dE = -2.48179E-01
SCF Iteration 322: Energy = 4.0405293929697557 dE =  2.48179E-01
SCF Iteration 323: Energy = 3.7923502720516078 dE = -2.48179E-01
SCF Iteration 324: Energy = 4.0405293929697486 dE =  2.48179E-01
SCF Iteration 325: Energy = 3.7923502720516145 dE = -2.48179E-01
SCF Iteration 326: Energy = 4.0405293929697477 dE =  2.48179E-01
SCF Iteration 327: Energy = 3.7923502720516109 dE = -2.48179E-01
SCF Iteration 328: Energy = 4.0405293929697432 dE =  2.48179E-01
SCF Iteration 329: Energy = 3.7923502720516078 dE = -2.48179E-01
SCF Iteration 330: Energy = 4.0405293929697441 dE =  2.48179E-01
SCF Iteration 331: Energy = 3.7923502720516171 dE = -2.48179E-01
SCF Iteration 332: Energy = 4.0405293929697477 dE =  2.48179E-01
SCF Iteration 333: Energy = 3.7923502720516091 dE = -2.48179E-01
SCF Iteration 334: Energy = 4.0405293929697512 dE =  2.48179E-01
SCF Iteration 335: Energy = 3.7923502720516171 dE = -2.48179E-01
SCF Iteration 336: Energy = 4.0405293929697521 dE =  2.48179E-01
SCF Iteration 337: Energy = 3.7923502720516109 dE = -2.48179E-01
SCF Iteration 338: Energy = 4.0405293929697512 dE =  2.48179E-01
SCF Iteration 339: Energy = 3.7923502720516100 dE = -2.48179E-01
SCF Iteration 340: Energy = 4.0405293929697486 dE =  2.48179E-01
SCF Iteration 341: Energy = 3.7923502720516056 dE = -2.48179E-01
SCF Iteration 342: Energy = 4.0405293929697459 dE =  2.48179E-01
SCF Iteration 343: Energy = 3.7923502720516100 dE = -2.48179E-01
SCF Iteration 344: Energy = 4.0405293929697477 dE =  2.48179E-01
SCF Iteration 345: Energy = 3.7923502720516180 dE = -2.48179E-01
SCF Iteration 346: Energy = 4.0405293929697432 dE =  2.48179E-01
SCF Iteration 347: Energy = 3.7923502720516091 dE = -2.48179E-01
SCF Iteration 348: Energy = 4.0405293929697441 dE =  2.48179E-01
SCF Iteration 349: Energy = 3.7923502720516002 dE = -2.48179E-01
SCF Iteration 350: Energy = 4.0405293929697361 dE =  2.48179E-01
SCF Iteration 351: Energy = 3.7923502720516029 dE = -2.48179E-01
SCF Iteration 352: Energy = 4.0405293929697530 dE =  2.48179E-01
SCF Iteration 353: Energy = 3.7923502720516162 dE = -2.48179E-01
SCF Iteration 354: Energy = 4.0405293929697486 dE =  2.48179E-01
SCF Iteration 355: Energy = 3.7923502720516105 dE = -2.48179E-01
SCF Iteration 356: Energy = 4.0405293929697486 dE =  2.48179E-01
SCF Iteration 357: Energy = 3.7923502720516047 dE = -2.48179E-01
SCF Iteration 358: Energy = 4.0405293929697450 dE =  2.48179E-01
SCF Iteration 359: Energy = 3.7923502720516109 dE = -2.48179E-01
SCF Iteration 360: Energy = 4.0405293929697512 dE =  2.48179E-01
SCF Iteration 361: Energy = 3.7923502720516082 dE = -2.48179E-01
SCF Iteration 362: Energy = 4.0405293929697494 dE =  2.48179E-01
SCF Iteration 363: Energy = 3.7923502720516029 dE = -2.48179E-01
SCF Iteration 364: Energy = 4.0405293929697423 dE =  2.48179E-01
SCF Iteration 365: Energy = 3.7923502720515994 dE = -2.48179E-01
SCF Iteration 366: Energy = 4.0405293929697352 dE =  2.48179E-01
SCF Iteration 367: Energy = 3.7923502720516029 dE = -2.48179E-01
SCF Iteration 368: Energy = 4.0405293929697388 dE =  2.48179E-01
SCF Iteration 369: Energy = 3.7923502720516065 dE = -2.48179E-01
SCF Iteration 370: Energy = 4.0405293929697361 dE =  2.48179E-01
SCF Iteration 371: Energy = 3.7923502720515994 dE = -2.48179E-01
SCF Iteration 372: Energy = 4.0405293929697406 dE =  2.48179E-01
SCF Iteration 373: Energy = 3.7923502720515958 dE = -2.48179E-01
SCF Iteration 374: Energy = 4.0405293929697406 dE =  2.48179E-01
SCF Iteration 375: Energy = 3.7923502720516074 dE = -2.48179E-01
SCF Iteration 376: Energy = 4.0405293929697388 dE =  2.48179E-01
SCF Iteration 377: Energy = 3.7923502720516047 dE = -2.48179E-01
SCF Iteration 378: Energy = 4.0405293929697423 dE =  2.48179E-01
SCF Iteration 379: Energy = 3.7923502720516091 dE = -2.48179E-01
SCF Iteration 380: Energy = 4.0405293929697415 dE =  2.48179E-01
SCF Iteration 381: Energy = 3.7923502720515989 dE = -2.48179E-01
SCF Iteration 382: Energy = 4.0405293929697450 dE =  2.48179E-01
SCF Iteration 383: Energy = 3.7923502720516100 dE = -2.48179E-01
SCF Iteration 384: Energy = 4.0405293929697494 dE =  2.48179E-01
SCF Iteration 385: Energy = 3.7923502720516162 dE = -2.48179E-01
SCF Iteration 386: Energy = 4.0405293929697477 dE =  2.48179E-01
SCF Iteration 387: Energy = 3.7923502720516122 dE = -2.48179E-01
SCF Iteration 388: Energy = 4.0405293929697503 dE =  2.48179E-01
SCF Iteration 389: Energy = 3.7923502720516047 dE = -2.48179E-01
SCF Iteration 390: Energy = 4.0405293929697503 dE =  2.48179E-01
SCF Iteration 391: Energy = 3.7923502720516171 dE = -2.48179E-01
SCF Iteration 392: Energy = 4.0405293929697477 dE =  2.48179E-01
SCF Iteration 393: Energy = 3.7923502720516011 dE = -2.48179E-01
SCF Iteration 394: Energy = 4.0405293929697503 dE =  2.48179E-01
SCF Iteration 395: Energy = 3.7923502720516074 dE = -2.48179E-01
SCF Iteration 396: Energy = 4.0405293929697459 dE =  2.48179E-01
SCF Iteration 397: Energy = 3.7923502720515989 dE = -2.48179E-01
SCF Iteration 398: Energy = 4.0405293929697441 dE =  2.48179E-01
SCF Iteration 399: Energy = 3.7923502720516002 dE = -2.48179E-01
SCF Iteration 400: Energy = 4.0405293929697477 dE =  2.48179E-01
SCF Iteration 401: Energy = 3.7923502720516082 dE = -2.48179E-01
SCF Iteration 402: Energy = 4.0405293929697432 dE =  2.48179E-01
SCF Iteration 403: Energy = 3.7923502720516020 dE = -2.48179E-01
SCF Iteration 404: Energy = 4.0405293929697503 dE =  2.48179E-01
SCF Iteration 405: Energy = 3.7923502720516162 dE = -2.48179E-01
SCF Iteration 406: Energy = 4.0405293929697521 dE =  2.48179E-01
SCF Iteration 407: Energy = 3.7923502720516109 dE = -2.48179E-01
SCF Iteration 408: Energy = 4.0405293929697486 dE =  2.48179E-01
SCF Iteration 409: Energy = 3.7923502720516056 dE = -2.48179E-01
SCF Iteration 410: Energy = 4.0405293929697521 dE =  2.48179E-01
SCF Iteration 411: Energy = 3.7923502720516038 dE = -2.48179E-01
SCF Iteration 412: Energy = 4.0405293929697530 dE =  2.48179E-01
SCF Iteration 413: Energy = 3.7923502720516153 dE = -2.48179E-01
SCF Iteration 414: Energy = 4.0405293929697503 dE =  2.48179E-01
SCF Iteration 415: Energy = 3.7923502720516113 dE = -2.48179E-01
SCF Iteration 416: Energy = 4.0405293929697521 dE =  2.48179E-01
SCF Iteration 417: Energy = 3.7923502720516149 dE = -2.48179E-01
SCF Iteration 418: Energy = 4.0405293929697477 dE =  2.48179E-01
SCF Iteration 419: Energy = 3.7923502720516180 dE = -2.48179E-01
SCF Iteration 420: Energy = 4.0405293929697521 dE =  2.48179E-01
SCF Iteration 421: Energy = 3.7923502720516118 dE = -2.48179E-01
SCF Iteration 422: Energy = 4.0405293929697459 dE =  2.48179E-01
SCF Iteration 423: Energy = 3.7923502720516109 dE = -2.48179E-01
SCF Iteration 424: Energy = 4.0405293929697423 dE =  2.48179E-01
SCF Iteration 425: Energy = 3.7923502720516082 dE = -2.48179E-01
SCF Iteration 426: Energy = 4.0405293929697521 dE =  2.48179E-01
SCF Iteration 427: Energy = 3.7923502720516171 dE = -2.48179E-01
SCF Iteration 428: Energy = 4.0405293929697486 dE =  2.48179E-01
SCF Iteration 429: Energy = 3.7923502720516096 dE = -2.48179E-01
SCF Iteration 430: Energy = 4.0405293929697468 dE =  2.48179E-01
SCF Iteration 431: Energy = 3.7923502720516136 dE = -2.48179E-01
SCF Iteration 432: Energy = 4.0405293929697468 dE =  2.48179E-01
SCF Iteration 433: Energy = 3.7923502720516118 dE = -2.48179E-01
SCF Iteration 434: Energy = 4.0405293929697548 dE =  2.48179E-01
SCF Iteration 435: Energy = 3.7923502720516145 dE = -2.48179E-01
SCF Iteration 436: Energy = 4.0405293929697530 dE =  2.48179E-01
SCF Iteration 437: Energy = 3.7923502720516140 dE = -2.48179E-01
SCF Iteration 438: Energy = 4.0405293929697503 dE =  2.48179E-01
SCF Iteration 439: Energy = 3.7923502720516096 dE = -2.48179E-01
SCF Iteration 440: Energy = 4.0405293929697557 dE =  2.48179E-01
SCF Iteration 441: Energy = 3.7923502720516127 dE = -2.48179E-01
SCF Iteration 442: Energy = 4.0405293929697503 dE =  2.48179E-01
SCF Iteration 443: Energy = 3.7923502720516082 dE = -2.48179E-01
SCF Iteration 444: Energy = 4.0405293929697468 dE =  2.48179E-01
SCF Iteration 445: Energy = 3.7923502720516113 dE = -2.48179E-01
SCF Iteration 446: Energy = 4.0405293929697423 dE =  2.48179E-01
SCF Iteration 447: Energy = 3.7923502720516105 dE = -2.48179E-01
SCF Iteration 448: Energy = 4.0405293929697459 dE =  2.48179E-01
SCF Iteration 449: Energy = 3.7923502720516171 dE = -2.48179E-01
SCF Iteration 450: Energy = 4.0405293929697468 dE =  2.48179E-01
SCF Iteration 451: Energy = 3.7923502720516047 dE = -2.48179E-01
SCF Iteration 452: Energy = 4.0405293929697512 dE =  2.48179E-01
SCF Iteration 453: Energy = 3.7923502720516113 dE = -2.48179E-01
SCF Iteration 454: Energy = 4.0405293929697503 dE =  2.48179E-01
SCF Iteration 455: Energy = 3.7923502720516185 dE = -2.48179E-01
SCF Iteration 456: Energy = 4.0405293929697548 dE =  2.48179E-01
SCF Iteration 457: Energy = 3.7923502720516149 dE = -2.48179E-01
SCF Iteration 458: Energy = 4.0405293929697459 dE =  2.48179E-01
SCF Iteration 459: Energy = 3.7923502720516167 dE = -2.48179E-01
SCF Iteration 460: Energy = 4.0405293929697503 dE =  2.48179E-01
SCF Iteration 461: Energy = 3.7923502720516171 dE = -2.48179E-01
SCF Iteration 462: Energy = 4.0405293929697477 dE =  2.48179E-01
SCF Iteration 463: Energy = 3.7923502720516145 dE = -2.48179E-01
SCF Iteration 464: Energy = 4.0405293929697486 dE =  2.48179E-01
SCF Iteration 465: Energy = 3.7923502720516145 dE = -2.48179E-01
SCF Iteration 466: Energy = 4.0405293929697566 dE =  2.48179E-01
SCF Iteration 467: Energy = 3.7923502720516207 dE = -2.48179E-01
SCF Iteration 468: Energy = 4.0405293929697574 dE =  2.48179E-01
SCF Iteration 469: Energy = 3.7923502720516131 dE = -2.48179E-01
SCF Iteration 470: Energy = 4.0405293929697557 dE =  2.48179E-01
SCF Iteration 471: Energy = 3.7923502720516136 dE = -2.48179E-01
SCF Iteration 472: Energy = 4.0405293929697521 dE =  2.48179E-01
SCF Iteration 473: Energy = 3.7923502720516220 dE = -2.48179E-01
SCF Iteration 474: Energy = 4.0405293929697539 dE =  2.48179E-01
SCF Iteration 475: Energy = 3.7923502720516100 dE = -2.48179E-01
SCF Iteration 476: Energy = 4.0405293929697512 dE =  2.48179E-01
SCF Iteration 477: Energy = 3.7923502720516167 dE = -2.48179E-01
SCF Iteration 478: Energy = 4.0405293929697557 dE =  2.48179E-01
SCF Iteration 479: Energy = 3.7923502720516131 dE = -2.48179E-01
SCF Iteration 480: Energy = 4.0405293929697494 dE =  2.48179E-01
SCF Iteration 481: Energy = 3.7923502720516198 dE = -2.48179E-01
SCF Iteration 482: Energy = 4.0405293929697486 dE =  2.48179E-01
SCF Iteration 483: Energy = 3.7923502720516189 dE = -2.48179E-01
SCF Iteration 484: Energy = 4.0405293929697468 dE =  2.48179E-01
SCF Iteration 485: Energy = 3.7923502720516118 dE = -2.48179E-01
SCF Iteration 486: Energy = 4.0405293929697574 dE =  2.48179E-01
SCF Iteration 487: Energy = 3.7923502720516180 dE = -2.48179E-01
SCF Iteration 488: Energy = 4.0405293929697530 dE =  2.48179E-01
SCF Iteration 489: Energy = 3.7923502720516109 dE = -2.48179E-01
SCF Iteration 490: Energy = 4.0405293929697468 dE =  2.48179E-01
SCF Iteration 491: Energy = 3.7923502720516029 dE = -2.48179E-01
SCF Iteration 492: Energy = 4.0405293929697397 dE =  2.48179E-01
SCF Iteration 493: Energy = 3.7923502720516100 dE = -2.48179E-01
SCF Iteration 494: Energy = 4.0405293929697477 dE =  2.48179E-01
SCF Iteration 495: Energy = 3.7923502720516113 dE = -2.48179E-01
SCF Iteration 496: Energy = 4.0405293929697468 dE =  2.48179E-01
SCF Iteration 497: Energy = 3.7923502720516162 dE = -2.48179E-01
SCF Iteration 498: Energy = 4.0405293929697530 dE =  2.48179E-01
SCF Iteration 499: Energy = 3.7923502720516180 dE = -2.48179E-01
SCF Iteration 500: Energy = 4.0405293929697441 dE =  2.48179E-01
