
  Memory set to  55.879 GiB by Python driver.
  Threads set to 1 by Python driver.
Settings:
	LOT = CCSD-S1-U21
	wc = 20.0 eV
	lambda = [1.091182 0.       0.      ] a.u.
	Equivalent A0 = LAMBDA / sqrt(2 wc) = [0.9 0.  0. ])
doing QED-CCSD-1 (or QED-CCSD-21)
Number of occupied orbitals:   1
Number of basis functions:  60
SCF Iteration   1: Energy = 1.7145316292829573 dE =  1.71453E+00
SCF Iteration   2: Energy = 2.7184944599926495 dE =  1.00396E+00
SCF Iteration   3: Energy = 1.8545255287724682 dE = -8.63969E-01
SCF Iteration   4: Energy = 2.6382659076427957 dE =  7.83740E-01
SCF Iteration   5: Energy = 1.8532902445555086 dE = -7.84976E-01
SCF Iteration   6: Energy = 2.6054987253676369 dE =  7.52208E-01
SCF Iteration   7: Energy = 1.8341747709448617 dE = -7.71324E-01
SCF Iteration   8: Energy = 2.5859971039445635 dE =  7.51822E-01
SCF Iteration   9: Energy = 1.8170141007752227 dE = -7.68983E-01
SCF Iteration  10: Energy = 2.5734795314768761 dE =  7.56465E-01
SCF Iteration  11: Energy = 1.8042957036018787 dE = -7.69184E-01
SCF Iteration  12: Energy = 2.5653172086337235 dE =  7.61022E-01
SCF Iteration  13: Energy = 1.7954359074916235 dE = -7.69881E-01
SCF Iteration  14: Energy = 2.5599958608552860 dE =  7.64560E-01
SCF Iteration  15: Energy = 1.7894486568656824 dE = -7.70547E-01
SCF Iteration  16: Energy = 2.5565409749807908 dE =  7.67092E-01
SCF Iteration  17: Energy = 1.7854762700289935 dE = -7.71065E-01
SCF Iteration  18: Energy = 2.5543076673162921 dE =  7.68831E-01
SCF Iteration  19: Energy = 1.7828724832686302 dE = -7.71435E-01
SCF Iteration  20: Energy = 2.5528692306854146 dE =  7.69997E-01
SCF Iteration  21: Energy = 1.7811798624596342 dE = -7.71689E-01
SCF Iteration  22: Energy = 2.5519453130910006 dE =  7.70765E-01
SCF Iteration  23: Energy = 1.7800858513644031 dE = -7.71859E-01
SCF Iteration  24: Energy = 2.5513530795240467 dE =  7.71267E-01
SCF Iteration  25: Energy = 1.7793815681571070 dE = -7.71972E-01
SCF Iteration  26: Energy = 2.5509740137290322 dE =  7.71592E-01
SCF Iteration  27: Energy = 1.7789294428223439 dE = -7.72045E-01
SCF Iteration  28: Energy = 2.5507316436453973 dE =  7.71802E-01
SCF Iteration  29: Energy = 1.7786397621041208 dE = -7.72092E-01
SCF Iteration  30: Energy = 2.5505767913477855 dE =  7.71937E-01
SCF Iteration  31: Energy = 1.7784544160902347 dE = -7.72122E-01
SCF Iteration  32: Energy = 2.5504779076105137 dE =  7.72023E-01
SCF Iteration  33: Energy = 1.7783359409050594 dE = -7.72142E-01
SCF Iteration  34: Energy = 2.5504147874612855 dE =  7.72079E-01
SCF Iteration  35: Energy = 1.7782602617038834 dE = -7.72155E-01
SCF Iteration  36: Energy = 2.5503745069488080 dE =  7.72114E-01
SCF Iteration  37: Energy = 1.7782119426852381 dE = -7.72163E-01
SCF Iteration  38: Energy = 2.5503488065553905 dE =  7.72137E-01
SCF Iteration  39: Energy = 1.7781811027441341 dE = -7.72168E-01
SCF Iteration  40: Energy = 2.5503324109880485 dE =  7.72151E-01
SCF Iteration  41: Energy = 1.7781614236065497 dE = -7.72171E-01
SCF Iteration  42: Energy = 2.5503219524238925 dE =  7.72161E-01
SCF Iteration  43: Energy = 1.7781488683356521 dE = -7.72173E-01
SCF Iteration  44: Energy = 2.5503152814587460 dE =  7.72166E-01
SCF Iteration  45: Energy = 1.7781408590269794 dE = -7.72174E-01
SCF Iteration  46: Energy = 2.5503110266034970 dE =  7.72170E-01
SCF Iteration  47: Energy = 1.7781357501202306 dE = -7.72175E-01
SCF Iteration  48: Energy = 2.5503083128747224 dE =  7.72173E-01
SCF Iteration  49: Energy = 1.7781324914865109 dE = -7.72176E-01
SCF Iteration  50: Energy = 2.5503065821106286 dE =  7.72174E-01
SCF Iteration  51: Energy = 1.7781304131051714 dE = -7.72176E-01
SCF Iteration  52: Energy = 2.5503054782808574 dE =  7.72175E-01
SCF Iteration  53: Energy = 1.7781290875362585 dE = -7.72176E-01
SCF Iteration  54: Energy = 2.5503047742993803 dE =  7.72176E-01
SCF Iteration  55: Energy = 1.7781282421201947 dE = -7.72177E-01
SCF Iteration  56: Energy = 2.5503043253299365 dE =  7.72176E-01
SCF Iteration  57: Energy = 1.7781277029418900 dE = -7.72177E-01
SCF Iteration  58: Energy = 2.5503040389980063 dE =  7.72176E-01
SCF Iteration  59: Energy = 1.7781273590753579 dE = -7.72177E-01
SCF Iteration  60: Energy = 2.5503038563894993 dE =  7.72176E-01
SCF Iteration  61: Energy = 1.7781271397724998 dE = -7.72177E-01
SCF Iteration  62: Energy = 2.5503037399310649 dE =  7.72177E-01
SCF Iteration  63: Energy = 1.7781269999115490 dE = -7.72177E-01
SCF Iteration  64: Energy = 2.5503036656599449 dE =  7.72177E-01
SCF Iteration  65: Energy = 1.7781269107151934 dE = -7.72177E-01
SCF Iteration  66: Energy = 2.5503036182937504 dE =  7.72177E-01
SCF Iteration  67: Energy = 1.7781268538303299 dE = -7.72177E-01
SCF Iteration  68: Energy = 2.5503035880861384 dE =  7.72177E-01
SCF Iteration  69: Energy = 1.7781268175521614 dE = -7.72177E-01
SCF Iteration  70: Energy = 2.5503035688213589 dE =  7.72177E-01
SCF Iteration  71: Energy = 1.7781267944158783 dE = -7.72177E-01
SCF Iteration  72: Energy = 2.5503035565353298 dE =  7.72177E-01
SCF Iteration  73: Energy = 1.7781267796607976 dE = -7.72177E-01
SCF Iteration  74: Energy = 2.5503035486999712 dE =  7.72177E-01
SCF Iteration  75: Energy = 1.7781267702508161 dE = -7.72177E-01
SCF Iteration  76: Energy = 2.5503035437030119 dE =  7.72177E-01
SCF Iteration  77: Energy = 1.7781267642496352 dE = -7.72177E-01
SCF Iteration  78: Energy = 2.5503035405162264 dE =  7.72177E-01
SCF Iteration  79: Energy = 1.7781267604224218 dE = -7.72177E-01
SCF Iteration  80: Energy = 2.5503035384838628 dE =  7.72177E-01
SCF Iteration  81: Energy = 1.7781267579816227 dE = -7.72177E-01
SCF Iteration  82: Energy = 2.5503035371877387 dE =  7.72177E-01
SCF Iteration  83: Energy = 1.7781267564250254 dE = -7.72177E-01
SCF Iteration  84: Energy = 2.5503035363611395 dE =  7.72177E-01
SCF Iteration  85: Energy = 1.7781267554323075 dE = -7.72177E-01
SCF Iteration  86: Energy = 2.5503035358339754 dE =  7.72177E-01
SCF Iteration  87: Energy = 1.7781267547991926 dE = -7.72177E-01
SCF Iteration  88: Energy = 2.5503035354977732 dE =  7.72177E-01
SCF Iteration  89: Energy = 1.7781267543954291 dE = -7.72177E-01
SCF Iteration  90: Energy = 2.5503035352833532 dE =  7.72177E-01
SCF Iteration  91: Energy = 1.7781267541379255 dE = -7.72177E-01
SCF Iteration  92: Energy = 2.5503035351465986 dE =  7.72177E-01
SCF Iteration  93: Energy = 1.7781267539736938 dE = -7.72177E-01
SCF Iteration  94: Energy = 2.5503035350593364 dE =  7.72177E-01
SCF Iteration  95: Energy = 1.7781267538689216 dE = -7.72177E-01
SCF Iteration  96: Energy = 2.5503035350036130 dE =  7.72177E-01
SCF Iteration  97: Energy = 1.7781267538020489 dE = -7.72177E-01
SCF Iteration  98: Energy = 2.5503035349679264 dE =  7.72177E-01
SCF Iteration  99: Energy = 1.7781267537592609 dE = -7.72177E-01
SCF Iteration 100: Energy = 2.5503035349448324 dE =  7.72177E-01
SCF Iteration 101: Energy = 1.7781267537317176 dE = -7.72177E-01
SCF Iteration 102: Energy = 2.5503035349294461 dE =  7.72177E-01
SCF Iteration 103: Energy = 1.7781267537136054 dE = -7.72177E-01
SCF Iteration 104: Energy = 2.5503035349182457 dE =  7.72177E-01
SCF Iteration 105: Energy = 1.7781267537009340 dE = -7.72177E-01
SCF Iteration 106: Energy = 2.5503035349082648 dE =  7.72177E-01
SCF Iteration 107: Energy = 1.7781267536905374 dE = -7.72177E-01
SCF Iteration 108: Energy = 2.5503035348960208 dE =  7.72177E-01
SCF Iteration 109: Energy = 1.7781267536791046 dE = -7.72177E-01
SCF Iteration 110: Energy = 2.5503035348761030 dE =  7.72177E-01
SCF Iteration 111: Energy = 1.7781267536619512 dE = -7.72177E-01
SCF Iteration 112: Energy = 2.5503035348384295 dE =  7.72177E-01
SCF Iteration 113: Energy = 1.7781267536306726 dE = -7.72177E-01
SCF Iteration 114: Energy = 2.5503035347628575 dE =  7.72177E-01
SCF Iteration 115: Energy = 1.7781267535687031 dE = -7.72177E-01
SCF Iteration 116: Energy = 2.5503035346083509 dE =  7.72177E-01
SCF Iteration 117: Energy = 1.7781267534425551 dE = -7.72177E-01
SCF Iteration 118: Energy = 2.5503035342904981 dE =  7.72177E-01
SCF Iteration 119: Energy = 1.7781267531833691 dE = -7.72177E-01
SCF Iteration 120: Energy = 2.5503035336353470 dE =  7.72177E-01
SCF Iteration 121: Energy = 1.7781267526493592 dE = -7.72177E-01
SCF Iteration 122: Energy = 2.5503035322841767 dE =  7.72177E-01
SCF Iteration 123: Energy = 1.7781267515481700 dE = -7.72177E-01
SCF Iteration 124: Energy = 2.5503035294970315 dE =  7.72177E-01
SCF Iteration 125: Energy = 1.7781267492767638 dE = -7.72177E-01
SCF Iteration 126: Energy = 2.5503035237474605 dE =  7.72177E-01
SCF Iteration 127: Energy = 1.7781267445911675 dE = -7.72177E-01
SCF Iteration 128: Energy = 2.5503035118865425 dE =  7.72177E-01
SCF Iteration 129: Energy = 1.7781267349251839 dE = -7.72177E-01
SCF Iteration 130: Energy = 2.5503034874182737 dE =  7.72177E-01
SCF Iteration 131: Energy = 1.7781267149849198 dE = -7.72177E-01
SCF Iteration 132: Energy = 2.5503034369418165 dE =  7.72177E-01
SCF Iteration 133: Energy = 1.7781266738494781 dE = -7.72177E-01
SCF Iteration 134: Energy = 2.5503033328120734 dE =  7.72177E-01
SCF Iteration 135: Energy = 1.7781265889896580 dE = -7.72177E-01
SCF Iteration 136: Energy = 2.5503031179989630 dE =  7.72177E-01
SCF Iteration 137: Energy = 1.7781264139291952 dE = -7.72177E-01
SCF Iteration 138: Energy = 2.5503026748530933 dE =  7.72176E-01
SCF Iteration 139: Energy = 1.7781260527905529 dE = -7.72177E-01
SCF Iteration 140: Energy = 2.5503017606713554 dE =  7.72176E-01
SCF Iteration 141: Energy = 1.7781253077845618 dE = -7.72176E-01
SCF Iteration 142: Energy = 2.5502998747735246 dE =  7.72175E-01
SCF Iteration 143: Energy = 1.7781237708856092 dE = -7.72176E-01
SCF Iteration 144: Energy = 2.5502959842921609 dE =  7.72172E-01
SCF Iteration 145: Energy = 1.7781206003666972 dE = -7.72175E-01
SCF Iteration 146: Energy = 2.5502879585057237 dE =  7.72167E-01
SCF Iteration 147: Energy = 1.7781140598160676 dE = -7.72174E-01
SCF Iteration 148: Energy = 2.5502714019510022 dE =  7.72157E-01
SCF Iteration 149: Energy = 1.7781005672029122 dE = -7.72171E-01
SCF Iteration 150: Energy = 2.5502372474112640 dE =  7.72137E-01
SCF Iteration 151: Energy = 1.7780727333533439 dE = -7.72165E-01
SCF Iteration 152: Energy = 2.5501667912693597 dE =  7.72094E-01
SCF Iteration 153: Energy = 1.7780153162745556 dE = -7.72151E-01
SCF Iteration 154: Energy = 2.5500214554451666 dE =  7.72006E-01
SCF Iteration 155: Energy = 1.7778968786898046 dE = -7.72125E-01
SCF Iteration 156: Energy = 2.5497216826249680 dE =  7.71825E-01
SCF Iteration 157: Energy = 1.7776525929922218 dE = -7.72069E-01
SCF Iteration 158: Energy = 2.5491034652610254 dE =  7.71451E-01
SCF Iteration 159: Energy = 1.7771488324600824 dE = -7.71955E-01
SCF Iteration 160: Energy = 2.5478289516111929 dE =  7.70680E-01
SCF Iteration 161: Energy = 1.7761103950570614 dE = -7.71719E-01
SCF Iteration 162: Energy = 2.5452032369086730 dE =  7.69093E-01
SCF Iteration 163: Energy = 1.7739715157294649 dE = -7.71232E-01
SCF Iteration 164: Energy = 2.5398015158850975 dE =  7.65830E-01
SCF Iteration 165: Energy = 1.7695733556198276 dE = -7.70228E-01
SCF Iteration 166: Energy = 2.5287213807821196 dE =  7.59148E-01
SCF Iteration 167: Energy = 1.7605602720596953 dE = -7.68161E-01
SCF Iteration 168: Energy = 2.5061295368773742 dE =  7.45569E-01
SCF Iteration 169: Energy = 1.7422185330777034 dE = -7.63911E-01
SCF Iteration 170: Energy = 2.4606251285885379 dE =  7.18407E-01
SCF Iteration 171: Energy = 1.7054190875138322 dE = -7.55206E-01
SCF Iteration 172: Energy = 2.3711904424478871 dE =  6.65771E-01
SCF Iteration 173: Energy = 1.6336545379202345 dE = -7.37536E-01
SCF Iteration 174: Energy = 2.2036374402825323 dE =  5.69983E-01
SCF Iteration 175: Energy = 1.5012015264541230 dE = -7.02436E-01
SCF Iteration 176: Energy = 1.9164540268269561 dE =  4.15253E-01
SCF Iteration 177: Energy = 1.2801950021976614 dE = -6.36259E-01
SCF Iteration 178: Energy = 1.4933642067966053 dE =  2.13169E-01
SCF Iteration 179: Energy = 0.9683330040807699 dE = -5.25031E-01
SCF Iteration 180: Energy = 0.9957285986886810 dE =  2.73956E-02
SCF Iteration 181: Energy = 0.6223241584525847 dE = -3.73404E-01
SCF Iteration 182: Energy = 0.5537433505349525 dE = -6.85808E-02
SCF Iteration 183: Energy = 0.3338846318701676 dE = -2.19859E-01
SCF Iteration 184: Energy = 0.2592042955236011 dE = -7.46803E-02
SCF Iteration 185: Energy = 0.1516540549561780 dE = -1.07550E-01
SCF Iteration 186: Energy = 0.1050910785611703 dE = -4.65630E-02
SCF Iteration 187: Energy = 0.0595403981124121 dE = -4.55507E-02
SCF Iteration 188: Energy = 0.0372387723014400 dE = -2.23016E-02
SCF Iteration 189: Energy = 0.0196899295466788 dE = -1.75488E-02
SCF Iteration 190: Energy = 0.0104723949136094 dE = -9.21753E-03
SCF Iteration 191: Energy = 0.0040846277084334 dE = -6.38777E-03
SCF Iteration 192: Energy = 0.0005864415807619 dE = -3.49819E-03
SCF Iteration 193: Energy = -0.0016634322196443 dE = -2.24987E-03
SCF Iteration 194: Energy = -0.0029264751417171 dE = -1.26304E-03
SCF Iteration 195: Energy = -0.0037042069386315 dE = -7.77732E-04
SCF Iteration 196: Energy = -0.0041473260552598 dE = -4.43119E-04
SCF Iteration 197: Energy = -0.0044135101036158 dE = -2.66184E-04
SCF Iteration 198: Energy = -0.0045665867577767 dE = -1.53077E-04
SCF Iteration 199: Energy = -0.0046573323824135 dE = -9.07456E-05
SCF Iteration 200: Energy = -0.0047098635944018 dE = -5.25312E-05
SCF Iteration 201: Energy = -0.0047408196697316 dE = -3.09561E-05
SCF Iteration 202: Energy = -0.0047588405437020 dE = -1.80209E-05
SCF Iteration 203: Energy = -0.0047694475033300 dE = -1.06070E-05
SCF Iteration 204: Energy = -0.0047756572264270 dE = -6.20972E-06
SCF Iteration 205: Energy = -0.0047793200485358 dE = -3.66282E-06
SCF Iteration 206: Energy = -0.0047814778380917 dE = -2.15779E-06
SCF Iteration 207: Energy = -0.0047827564650045 dE = -1.27863E-06
SCF Iteration 208: Energy = -0.0047835150957236 dE = -7.58631E-07
SCF Iteration 209: Energy = -0.0047839675464094 dE = -4.52451E-07
SCF Iteration 210: Energy = -0.0047842381670113 dE = -2.70621E-07
SCF Iteration 211: Energy = -0.0047844008456006 dE = -1.62679E-07
SCF Iteration 212: Energy = -0.0047844990173735 dE = -9.81718E-08
SCF Iteration 213: Energy = -0.0047845585598516 dE = -5.95425E-08
SCF Iteration 214: Energy = -0.0047845948348151 dE = -3.62750E-08
SCF Iteration 215: Energy = -0.0047846170460382 dE = -2.22112E-08
SCF Iteration 216: Energy = -0.0047846307102741 dE = -1.36642E-08
SCF Iteration 217: Energy = -0.0047846391579727 dE = -8.44770E-09
SCF Iteration 218: Energy = -0.0047846444051629 dE = -5.24719E-09
SCF Iteration 219: Energy = -0.0047846476796853 dE = -3.27452E-09
SCF Iteration 220: Energy = -0.0047846497322519 dE = -2.05257E-09
SCF Iteration 221: Energy = -0.0047846510244116 dE = -1.29216E-09
SCF Iteration 222: Energy = -0.0047846518411512 dE = -8.16740E-10
SCF Iteration 223: Energy = -0.0047846523593815 dE = -5.18230E-10
SCF Iteration 224: Energy = -0.0047846526893620 dE = -3.29980E-10
SCF Iteration 225: Energy = -0.0047846529001747 dE = -2.10813E-10
SCF Iteration 226: Energy = -0.0047846530352675 dE = -1.35093E-10
SCF Iteration 227: Energy = -0.0047846531220701 dE = -8.68026E-11

SCF converged.
E_QED_HF          = -0.004784653122070
HF  (psi4)        = -1.018175295488580
Starting with the CCSD calculation:

Iter  Energy(CCSD)      E_diff    time(sec)
  1:  -0.2014326340  2.01433E-01   10.095
  2:  -0.2829466519  8.15140E-02   10.101
  3:  -0.2894491652  6.50251E-03   10.102
  4:  -0.2931460135  3.69685E-03   10.099
  5:  -0.3017052925  8.55928E-03   10.098
  6:  -0.3070769572  5.37166E-03   10.097
  7:  -0.3181695387  1.10926E-02   10.102
  8:  -0.3269812666  8.81173E-03   10.102
  9:  -0.3336681268  6.68686E-03   10.096
 10:  -0.3457923675  1.21242E-02   10.095
 11:  -0.3528959824  7.10361E-03   10.097
 12:  -0.3581682969  5.27231E-03   10.096
 13:  -0.3627467226  4.57843E-03   10.103
 14:  -0.3659669350  3.22021E-03   10.097
 15:  -0.3681225980  2.15566E-03   10.097
 16:  -0.3692687874  1.14619E-03   10.104
 17:  -0.3699508202  6.82033E-04   10.098
 18:  -0.3703520019  4.01182E-04   10.095
 19:  -0.3706985603  3.46558E-04   10.100
 20:  -0.3708703086  1.71748E-04   10.101
 21:  -0.3709988930  1.28584E-04   10.099
 22:  -0.3710229685  2.40755E-05   10.099
 23:  -0.3710612383  3.82698E-05   10.096
 24:  -0.3710872382  2.59999E-05   10.098
 25:  -0.3711174131  3.01749E-05   10.097
 26:  -0.3710893742  2.80388E-05   10.094
 27:  -0.3710881825  1.19176E-06   10.096
 28:  -0.3710919341  3.75164E-06   10.096
 29:  -0.3710977647  5.83054E-06   10.097
 30:  -0.3710980001  2.35486E-07   10.095
 31:  -0.3710983121  3.11964E-07   10.095
 32:  -0.3710992891  9.77013E-07   10.097
 33:  -0.3711005153  1.22621E-06   10.094
 34:  -0.3711010050  4.89640E-07   10.098
 35:  -0.3711012153  2.10338E-07   10.096
 36:  -0.3711011931  2.22179E-08   10.099
 37:  -0.3711011466  4.64660E-08   10.098
 38:  -0.3711013864  2.39831E-07   10.096
 39:  -0.3711014041  1.76187E-08   10.097
 40:  -0.3711014094  5.30508E-09   10.101
E_QED_CCSD  (Corr.)  = -0.371101409371316
E_QED_CCSD tot       = -0.375886062493386
E_CCSD_psi4 (Corr.)  = -0.059205318951357
E_CCSD_psi4 tot      = -1.077380614439936
