
  Memory set to  55.879 GiB by Python driver.
  Threads set to 1 by Python driver.
Settings:
	LOT = CCSD-S1-U21
	wc = 20.0 eV
	lambda = [1.091182 0.       0.      ] a.u.
	Equivalent A0 = LAMBDA / sqrt(2 wc) = [0.9 0.  0. ])
doing QED-CCSD-1 (or QED-CCSD-21)
Number of occupied orbitals:   1
Number of basis functions:  60
SCF Iteration   1: Energy = 8.8557005700881195 dE =  8.85570E+00
SCF Iteration   2: Energy = 9.3811247779897275 dE =  5.25424E-01
SCF Iteration   3: Energy = 9.0821012449562275 dE = -2.99024E-01
SCF Iteration   4: Energy = 9.3245940726193890 dE =  2.42493E-01
SCF Iteration   5: Energy = 9.2329700946744406 dE = -9.16240E-02
SCF Iteration   6: Energy = 9.3349210804740501 dE =  1.01951E-01
SCF Iteration   7: Energy = 9.3043759703881896 dE = -3.05451E-02
SCF Iteration   8: Energy = 9.3467127802121102 dE =  4.23368E-02
SCF Iteration   9: Energy = 9.3348464974304850 dE = -1.18663E-02
SCF Iteration  10: Energy = 9.3517310846073851 dE =  1.68846E-02
SCF Iteration  11: Energy = 9.3454160172761842 dE = -6.31507E-03
SCF Iteration  12: Energy = 9.3509032647921462 dE =  5.48725E-03
SCF Iteration  13: Energy = 9.3459120770227564 dE = -4.99119E-03
SCF Iteration  14: Energy = 9.3460822116432301 dE =  1.70135E-04
SCF Iteration  15: Energy = 9.3411072361640386 dE = -4.97498E-03
SCF Iteration  16: Energy = 9.3387751729365416 dE = -2.33206E-03
SCF Iteration  17: Energy = 9.3335050947583174 dE = -5.27008E-03
SCF Iteration  18: Energy = 9.3300636489046891 dE = -3.44145E-03
SCF Iteration  19: Energy = 9.3245188367216141 dE = -5.54481E-03
SCF Iteration  20: Energy = 9.3206971223133870 dE = -3.82171E-03
SCF Iteration  21: Energy = 9.3149901976788847 dE = -5.70692E-03
SCF Iteration  22: Energy = 9.3111851169286002 dE = -3.80508E-03
SCF Iteration  23: Energy = 9.3054352870810124 dE = -5.74983E-03
SCF Iteration  24: Energy = 9.3018660240769204 dE = -3.56926E-03
SCF Iteration  25: Energy = 9.2961714737765000 dE = -5.69455E-03
SCF Iteration  26: Energy = 9.2929564455562126 dE = -3.21503E-03
SCF Iteration  27: Energy = 9.2873887970745255 dE = -5.56765E-03
SCF Iteration  28: Energy = 9.2845866269654600 dE = -2.80217E-03
SCF Iteration  29: Energy = 9.2791933293069970 dE = -5.39330E-03
SCF Iteration  30: Energy = 9.2768260892897008 dE = -2.36724E-03
SCF Iteration  31: Energy = 9.2716350976629922 dE = -5.19099E-03
SCF Iteration  32: Energy = 9.2697022447381414 dE = -1.93285E-03
SCF Iteration  33: Energy = 9.2647268017718130 dE = -4.97544E-03
SCF Iteration  34: Energy = 9.2632139120726080 dE = -1.51289E-03
SCF Iteration  35: Energy = 9.2584566712577132 dE = -4.75724E-03
SCF Iteration  36: Energy = 9.2573410886451892 dE = -1.11558E-03
SCF Iteration  37: Energy = 9.2527974064917142 dE = -4.54368E-03
SCF Iteration  38: Energy = 9.2520519649684481 dE = -7.45442E-04
SCF Iteration  39: Energy = 9.2477124147910814 dE = -4.33955E-03
SCF Iteration  40: Energy = 9.2473079086551717 dE = -4.04506E-04
SCF Iteration  41: Energy = 9.2431601418213436 dE = -4.14777E-03
SCF Iteration  42: Energy = 9.2430669573854320 dE = -9.31844E-05
SCF Iteration  43: Energy = 9.2390970472431686 dE = -3.96991E-03
SCF Iteration  44: Energy = 9.2392862223180607 dE =  1.89175E-04
SCF Iteration  45: Energy = 9.2354796114548190 dE = -3.80661E-03
SCF Iteration  46: Energy = 9.2359235001743674 dE =  4.43889E-04
SCF Iteration  47: Energy = 9.2322656503099925 dE = -3.65785E-03
SCF Iteration  48: Energy = 9.2329383149270949 dE =  6.72665E-04
SCF Iteration  49: Energy = 9.2294151376939162 dE = -3.52318E-03
SCF Iteration  50: Energy = 9.2302925521532284 dE =  8.77414E-04
SCF Iteration  51: Energy = 9.2268906808115148 dE = -3.40187E-03
SCF Iteration  52: Energy = 9.2279508058778585 dE =  1.06013E-03
SCF Iteration  53: Energy = 9.2246577532353218 dE = -3.29305E-03
SCF Iteration  54: Energy = 9.2258805255463994 dE =  1.22277E-03
SCF Iteration  55: Energy = 9.2226847617692496 dE = -3.19576E-03
SCF Iteration  56: Energy = 9.2240520268746504 dE =  1.36727E-03
SCF Iteration  57: Energy = 9.2209430019998582 dE = -3.10902E-03
SCF Iteration  58: Energy = 9.2224384126591321 dE =  1.49541E-03
SCF Iteration  59: Energy = 9.2194065419112849 dE = -3.03187E-03
SCF Iteration  60: Energy = 9.2210154366059118 dE =  1.60889E-03
SCF Iteration  61: Energy = 9.2180520616071622 dE = -2.96337E-03
SCF Iteration  62: Energy = 9.2197613336689983 dE =  1.70927E-03
SCF Iteration  63: Energy = 9.2168586689106107 dE = -2.90266E-03
SCF Iteration  64: Energy = 9.2186566333853737 dE =  1.79796E-03
SCF Iteration  65: Energy = 9.2158077045851474 dE = -2.84893E-03
SCF Iteration  66: Energy = 9.2176839675871829 dE =  1.87626E-03
SCF Iteration  67: Energy = 9.2148825465481590 dE = -2.80142E-03
SCF Iteration  68: Energy = 9.2168278801690970 dE =  1.94533E-03
SCF Iteration  69: Energy = 9.2140684192881963 dE = -2.75946E-03
SCF Iteration  70: Energy = 9.2160746439160288 dE =  2.00622E-03
SCF Iteration  71: Energy = 9.2133522124314862 dE = -2.72243E-03
SCF Iteration  72: Energy = 9.2154120874873779 dE =  2.05988E-03
SCF Iteration  73: Energy = 9.2127223107910652 dE = -2.68978E-03
SCF Iteration  74: Energy = 9.2148294342988830 dE =  2.10712E-03
SCF Iteration  75: Energy = 9.2121684370975370 dE = -2.66100E-03
SCF Iteration  76: Energy = 9.2143171540989712 dE =  2.14872E-03
SCF Iteration  77: Energy = 9.2116815078258707 dE = -2.63565E-03
SCF Iteration  78: Energy = 9.2138668273865516 dE =  2.18532E-03
SCF Iteration  79: Energy = 9.2112535020024833 dE = -2.61333E-03
SCF Iteration  80: Energy = 9.2134710223849705 dE =  2.21752E-03
SCF Iteration  81: Energy = 9.2108773425278390 dE = -2.59368E-03
SCF Iteration  82: Energy = 9.2131231840077703 dE =  2.24584E-03
SCF Iteration  83: Energy = 9.2105467893343498 dE = -2.57639E-03
SCF Iteration  84: Energy = 9.2128175340857936 dE =  2.27074E-03
SCF Iteration  85: Energy = 9.2102563435761198 dE = -2.56119E-03
SCF Iteration  86: Energy = 9.2125489820348463 dE =  2.29264E-03
SCF Iteration  87: Energy = 9.2100011619889610 dE = -2.54782E-03
SCF Iteration  88: Energy = 9.2123130451096564 dE =  2.31188E-03
SCF Iteration  89: Energy = 9.2097769805474101 dE = -2.53606E-03
SCF Iteration  90: Energy = 9.2121057773917450 dE =  2.32880E-03
SCF Iteration  91: Energy = 9.2095800465619444 dE = -2.52573E-03
SCF Iteration  92: Energy = 9.2119237066857895 dE =  2.34366E-03
SCF Iteration  93: Energy = 9.2094070583979093 dE = -2.51665E-03
SCF Iteration  94: Energy = 9.2117637785424211 dE =  2.35672E-03
SCF Iteration  95: Energy = 9.2092551120455521 dE = -2.50867E-03
SCF Iteration  96: Energy = 9.2116233066750173 dE =  2.36819E-03
SCF Iteration  97: Energy = 9.2091216538267453 dE = -2.50165E-03
SCF Iteration  98: Energy = 9.2114999290960764 dE =  2.37828E-03
SCF Iteration  99: Energy = 9.2090044385813012 dE = -2.49549E-03
SCF Iteration 100: Energy = 9.2113915693541344 dE =  2.38713E-03
SCF Iteration 101: Energy = 9.2089014927342312 dE = -2.49008E-03
SCF Iteration 102: Energy = 9.2112964023091735 dE =  2.39491E-03
SCF Iteration 103: Energy = 9.2088110817010982 dE = -2.48532E-03
SCF Iteration 104: Energy = 9.2112128239389488 dE =  2.40174E-03
SCF Iteration 105: Energy = 9.2087316811426714 dE = -2.48114E-03
SCF Iteration 106: Energy = 9.2111394247184943 dE =  2.40774E-03
SCF Iteration 107: Energy = 9.2086619516293649 dE = -2.47747E-03
SCF Iteration 108: Energy = 9.2110749661637215 dE =  2.41301E-03
SCF Iteration 109: Energy = 9.2086007163228647 dE = -2.47425E-03
SCF Iteration 110: Energy = 9.2110183601728544 dE =  2.41764E-03
SCF Iteration 111: Energy = 9.2085469413243608 dE = -2.47142E-03
SCF Iteration 112: Energy = 9.2109686508394386 dE =  2.42171E-03
SCF Iteration 113: Energy = 9.2084997183774302 dE = -2.46893E-03
SCF Iteration 114: Energy = 9.2109249984473269 dE =  2.42528E-03
SCF Iteration 115: Energy = 9.2084582496483716 dE = -2.46675E-03
SCF Iteration 116: Energy = 9.2108866653897543 dE =  2.42842E-03
SCF Iteration 117: Energy = 9.2084218343384041 dE = -2.46483E-03
SCF Iteration 118: Energy = 9.2108530037847611 dE =  2.43117E-03
SCF Iteration 119: Energy = 9.2083898569100935 dE = -2.46315E-03
SCF Iteration 120: Energy = 9.2108234445849408 dE =  2.43359E-03
SCF Iteration 121: Energy = 9.2083617767353036 dE = -2.46167E-03
SCF Iteration 122: Energy = 9.2107974880031396 dE =  2.43571E-03
SCF Iteration 123: Energy = 9.2083371189952956 dE = -2.46037E-03
SCF Iteration 124: Energy = 9.2107746950965943 dE =  2.43758E-03
SCF Iteration 125: Energy = 9.2083154666819471 dE = -2.45923E-03
SCF Iteration 126: Energy = 9.2107546803701030 dE =  2.43921E-03
SCF Iteration 127: Energy = 9.2082964535685150 dE = -2.45823E-03
SCF Iteration 128: Energy = 9.2107371052761540 dE =  2.44065E-03
SCF Iteration 129: Energy = 9.2082797580327238 dE = -2.45735E-03
SCF Iteration 130: Energy = 9.2107216725033769 dE =  2.44191E-03
SCF Iteration 131: Energy = 9.2082650976295515 dE = -2.45657E-03
SCF Iteration 132: Energy = 9.2107081209584560 dE =  2.44302E-03
SCF Iteration 133: Energy = 9.2082522243229903 dE = -2.45590E-03
SCF Iteration 134: Energy = 9.2106962213575478 dE =  2.44400E-03
SCF Iteration 135: Energy = 9.2082409202972872 dE = -2.45530E-03
SCF Iteration 136: Energy = 9.2106857723536439 dE =  2.44485E-03
SCF Iteration 137: Energy = 9.2082309942772174 dE = -2.45478E-03
SCF Iteration 138: Energy = 9.2106765971345528 dE =  2.44560E-03
SCF Iteration 139: Energy = 9.2082222782960130 dE = -2.45432E-03
SCF Iteration 140: Energy = 9.2106685404347548 dE =  2.44626E-03
SCF Iteration 141: Energy = 9.2082146248563497 dE = -2.45392E-03
SCF Iteration 142: Energy = 9.2106614659108867 dE =  2.44684E-03
SCF Iteration 143: Energy = 9.2082079044367706 dE = -2.45356E-03
SCF Iteration 144: Energy = 9.2106552538366326 dE =  2.44735E-03
SCF Iteration 145: Energy = 9.2082020033018726 dE = -2.45325E-03
SCF Iteration 146: Energy = 9.2106497990780198 dE =  2.44780E-03
SCF Iteration 147: Energy = 9.2081968215786549 dE = -2.45298E-03
SCF Iteration 148: Energy = 9.2106450093155257 dE =  2.44819E-03
SCF Iteration 149: Energy = 9.2081922715675724 dE = -2.45274E-03
SCF Iteration 150: Energy = 9.2106408034824891 dE =  2.44853E-03
SCF Iteration 151: Energy = 9.2081882762589782 dE = -2.45253E-03
SCF Iteration 152: Energy = 9.2106371103938347 dE =  2.44883E-03
SCF Iteration 153: Energy = 9.2081847680303586 dE = -2.45234E-03
SCF Iteration 154: Energy = 9.2106338675416968 dE =  2.44910E-03
SCF Iteration 155: Energy = 9.2081816875022504 dE = -2.45218E-03
SCF Iteration 156: Energy = 9.2106310200379369 dE =  2.44933E-03
SCF Iteration 157: Energy = 9.2081789825336795 dE = -2.45204E-03
SCF Iteration 158: Energy = 9.2106285196854163 dE =  2.44954E-03
SCF Iteration 159: Energy = 9.2081766073398033 dE = -2.45191E-03
SCF Iteration 160: Energy = 9.2106263241624564 dE =  2.44972E-03
SCF Iteration 161: Energy = 9.2081745217171811 dE = -2.45180E-03
SCF Iteration 162: Energy = 9.2106243963065531 dE =  2.44987E-03
SCF Iteration 163: Energy = 9.2081726903634529 dE = -2.45171E-03
SCF Iteration 164: Energy = 9.2106227034856634 dE =  2.45001E-03
SCF Iteration 165: Energy = 9.2081710822798595 dE = -2.45162E-03
SCF Iteration 166: Energy = 9.2106212170458353 dE =  2.45013E-03
SCF Iteration 167: Energy = 9.2081696702467557 dE = -2.45155E-03
SCF Iteration 168: Energy = 9.2106199118264112 dE =  2.45024E-03
SCF Iteration 169: Energy = 9.2081684303627807 dE = -2.45148E-03
SCF Iteration 170: Energy = 9.2106187657339778 dE =  2.45034E-03
SCF Iteration 171: Energy = 9.2081673416404790 dE = -2.45142E-03
SCF Iteration 172: Energy = 9.2106177593685974 dE =  2.45042E-03
SCF Iteration 173: Energy = 9.2081663856509870 dE = -2.45137E-03
SCF Iteration 174: Energy = 9.2106168756954645 dE =  2.45049E-03
SCF Iteration 175: Energy = 9.2081655462121272 dE = -2.45133E-03
SCF Iteration 176: Energy = 9.2106160997564928 dE =  2.45055E-03
SCF Iteration 177: Energy = 9.2081648091146331 dE = -2.45129E-03
SCF Iteration 178: Energy = 9.2106154184172322 dE =  2.45061E-03
SCF Iteration 179: Energy = 9.2081641618814540 dE = -2.45126E-03
SCF Iteration 180: Energy = 9.2106148201444942 dE =  2.45066E-03
SCF Iteration 181: Energy = 9.2081635935566890 dE = -2.45123E-03
SCF Iteration 182: Energy = 9.2106142948111138 dE =  2.45070E-03
SCF Iteration 183: Energy = 9.2081630945201614 dE = -2.45120E-03
SCF Iteration 184: Energy = 9.2106138335246097 dE =  2.45074E-03
SCF Iteration 185: Energy = 9.2081626563245518 dE = -2.45118E-03
SCF Iteration 186: Energy = 9.2106134284766483 dE =  2.45077E-03
SCF Iteration 187: Energy = 9.2081622715522773 dE = -2.45116E-03
SCF Iteration 188: Energy = 9.2106130728108440 dE =  2.45080E-03
SCF Iteration 189: Energy = 9.2081619336902438 dE = -2.45114E-03
SCF Iteration 190: Energy = 9.2106127605066686 dE =  2.45083E-03
SCF Iteration 191: Energy = 9.2081616370192556 dE = -2.45112E-03
SCF Iteration 192: Energy = 9.2106124862776486 dE =  2.45085E-03
SCF Iteration 193: Energy = 9.2081613765174577 dE = -2.45111E-03
SCF Iteration 194: Energy = 9.2106122454817658 dE =  2.45087E-03
SCF Iteration 195: Energy = 9.2081611477752450 dE = -2.45110E-03
SCF Iteration 196: Energy = 9.2106120340429651 dE =  2.45089E-03
SCF Iteration 197: Energy = 9.2081609469205734 dE = -2.45109E-03
SCF Iteration 198: Energy = 9.2106118483821486 dE =  2.45090E-03
SCF Iteration 199: Energy = 9.2081607705534871 dE = -2.45108E-03
SCF Iteration 200: Energy = 9.2106116853565183 dE =  2.45091E-03
SCF Iteration 201: Energy = 9.2081606156885698 dE = -2.45107E-03
SCF Iteration 202: Energy = 9.2106115422064914 dE =  2.45093E-03
SCF Iteration 203: Energy = 9.2081604797042971 dE = -2.45106E-03
SCF Iteration 204: Energy = 9.2106114165088773 dE =  2.45094E-03
SCF Iteration 205: Energy = 9.2081603602988107 dE = -2.45106E-03
SCF Iteration 206: Energy = 9.2106113061359540 dE =  2.45095E-03
SCF Iteration 207: Energy = 9.2081602554508777 dE = -2.45105E-03
SCF Iteration 208: Energy = 9.2106112092193602 dE =  2.45095E-03
SCF Iteration 209: Energy = 9.2081601633856973 dE = -2.45105E-03
SCF Iteration 210: Energy = 9.2106111241185644 dE =  2.45096E-03
SCF Iteration 211: Energy = 9.2081600825448398 dE = -2.45104E-03
SCF Iteration 212: Energy = 9.2106110493929716 dE =  2.45097E-03
SCF Iteration 213: Energy = 9.2081600115598707 dE = -2.45104E-03
SCF Iteration 214: Energy = 9.2106109837777428 dE =  2.45097E-03
SCF Iteration 215: Energy = 9.2081599492291630 dE = -2.45103E-03
SCF Iteration 216: Energy = 9.2106109261621043 dE =  2.45098E-03
SCF Iteration 217: Energy = 9.2081598944976353 dE = -2.45103E-03
SCF Iteration 218: Energy = 9.2106108755708025 dE =  2.45098E-03
SCF Iteration 219: Energy = 9.2081598464388055 dE = -2.45103E-03
SCF Iteration 220: Energy = 9.2106108311474468 dE =  2.45098E-03
SCF Iteration 221: Energy = 9.2081598042391857 dE = -2.45103E-03
SCF Iteration 222: Energy = 9.2106107921400504 dE =  2.45099E-03
SCF Iteration 223: Energy = 9.2081597671843962 dE = -2.45102E-03
SCF Iteration 224: Energy = 9.2106107578883076 dE =  2.45099E-03
SCF Iteration 225: Energy = 9.2081597346472464 dE = -2.45102E-03
SCF Iteration 226: Energy = 9.2106107278124636 dE =  2.45099E-03
SCF Iteration 227: Energy = 9.2081597060769322 dE = -2.45102E-03
SCF Iteration 228: Energy = 9.2106107014033629 dE =  2.45100E-03
SCF Iteration 229: Energy = 9.2081596809898141 dE = -2.45102E-03
SCF Iteration 230: Energy = 9.2106106782139996 dE =  2.45100E-03
SCF Iteration 231: Energy = 9.2081596589612236 dE = -2.45102E-03
SCF Iteration 232: Energy = 9.2106106578518041 dE =  2.45100E-03
SCF Iteration 233: Energy = 9.2081596396183176 dE = -2.45102E-03
SCF Iteration 234: Energy = 9.2106106399721099 dE =  2.45100E-03
SCF Iteration 235: Energy = 9.2081596226336462 dE = -2.45102E-03
SCF Iteration 236: Energy = 9.2106106242722596 dE =  2.45100E-03
SCF Iteration 237: Energy = 9.2081596077197165 dE = -2.45102E-03
SCF Iteration 238: Energy = 9.2106106104864711 dE =  2.45100E-03
SCF Iteration 239: Energy = 9.2081595946240142 dE = -2.45102E-03
SCF Iteration 240: Energy = 9.2106105983814111 dE =  2.45100E-03
SCF Iteration 241: Energy = 9.2081595831248926 dE = -2.45102E-03
SCF Iteration 242: Energy = 9.2106105877521411 dE =  2.45100E-03
SCF Iteration 243: Energy = 9.2081595730277197 dE = -2.45101E-03
SCF Iteration 244: Energy = 9.2106105784188248 dE =  2.45101E-03
SCF Iteration 245: Energy = 9.2081595641615834 dE = -2.45101E-03
SCF Iteration 246: Energy = 9.2106105702233716 dE =  2.45101E-03
SCF Iteration 247: Energy = 9.2081595563763567 dE = -2.45101E-03
SCF Iteration 248: Energy = 9.2106105630270694 dE =  2.45101E-03
SCF Iteration 249: Energy = 9.2081595495403210 dE = -2.45101E-03
SCF Iteration 250: Energy = 9.2106105567081116 dE =  2.45101E-03
SCF Iteration 251: Energy = 9.2081595435376702 dE = -2.45101E-03
SCF Iteration 252: Energy = 9.2106105511595846 dE =  2.45101E-03
SCF Iteration 253: Energy = 9.2081595382668713 dE = -2.45101E-03
SCF Iteration 254: Energy = 9.2106105462874854 dE =  2.45101E-03
SCF Iteration 255: Energy = 9.2081595336386659 dE = -2.45101E-03
SCF Iteration 256: Energy = 9.2106105420093787 dE =  2.45101E-03
SCF Iteration 257: Energy = 9.2081595295747256 dE = -2.45101E-03
SCF Iteration 258: Energy = 9.2106105382528671 dE =  2.45101E-03
SCF Iteration 259: Energy = 9.2081595260062308 dE = -2.45101E-03
SCF Iteration 260: Energy = 9.2106105349543146 dE =  2.45101E-03
SCF Iteration 261: Energy = 9.2081595228728101 dE = -2.45101E-03
SCF Iteration 262: Energy = 9.2106105320579381 dE =  2.45101E-03
SCF Iteration 263: Energy = 9.2081595201214181 dE = -2.45101E-03
SCF Iteration 264: Energy = 9.2106105295146499 dE =  2.45101E-03
SCF Iteration 265: Energy = 9.2081595177054556 dE = -2.45101E-03
SCF Iteration 266: Energy = 9.2106105272814442 dE =  2.45101E-03
SCF Iteration 267: Energy = 9.2081595155840272 dE = -2.45101E-03
SCF Iteration 268: Energy = 9.2106105253205204 dE =  2.45101E-03
SCF Iteration 269: Energy = 9.2081595137212524 dE = -2.45101E-03
SCF Iteration 270: Energy = 9.2106105235986337 dE =  2.45101E-03
SCF Iteration 271: Energy = 9.2081595120855582 dE = -2.45101E-03
SCF Iteration 272: Energy = 9.2106105220867018 dE =  2.45101E-03
SCF Iteration 273: Energy = 9.2081595106493275 dE = -2.45101E-03
SCF Iteration 274: Energy = 9.2106105207590829 dE =  2.45101E-03
SCF Iteration 275: Energy = 9.2081595093881674 dE = -2.45101E-03
SCF Iteration 276: Energy = 9.2106105195933434 dE =  2.45101E-03
SCF Iteration 277: Energy = 9.2081595082807723 dE = -2.45101E-03
SCF Iteration 278: Energy = 9.2106105185697036 dE =  2.45101E-03
SCF Iteration 279: Energy = 9.2081595073083768 dE = -2.45101E-03
SCF Iteration 280: Energy = 9.2106105176708883 dE =  2.45101E-03
SCF Iteration 281: Energy = 9.2081595064545443 dE = -2.45101E-03
SCF Iteration 282: Energy = 9.2106105168816388 dE =  2.45101E-03
SCF Iteration 283: Energy = 9.2081595057047974 dE = -2.45101E-03
SCF Iteration 284: Energy = 9.2106105161885949 dE =  2.45101E-03
SCF Iteration 285: Energy = 9.2081595050464564 dE = -2.45101E-03
SCF Iteration 286: Energy = 9.2106105155800666 dE =  2.45101E-03
SCF Iteration 287: Energy = 9.2081595044683837 dE = -2.45101E-03
SCF Iteration 288: Energy = 9.2106105150457296 dE =  2.45101E-03
SCF Iteration 289: Energy = 9.2081595039608057 dE = -2.45101E-03
SCF Iteration 290: Energy = 9.2106105145765245 dE =  2.45101E-03
SCF Iteration 291: Energy = 9.2081595035151018 dE = -2.45101E-03
SCF Iteration 292: Energy = 9.2106105141645429 dE =  2.45101E-03
SCF Iteration 293: Energy = 9.2081595031237367 dE = -2.45101E-03
SCF Iteration 294: Energy = 9.2106105138027683 dE =  2.45101E-03
SCF Iteration 295: Energy = 9.2081595027800613 dE = -2.45101E-03
SCF Iteration 296: Energy = 9.2106105134851095 dE =  2.45101E-03
SCF Iteration 297: Energy = 9.2081595024783063 dE = -2.45101E-03
SCF Iteration 298: Energy = 9.2106105132061646 dE =  2.45101E-03
SCF Iteration 299: Energy = 9.2081595022133289 dE = -2.45101E-03
SCF Iteration 300: Energy = 9.2106105129612352 dE =  2.45101E-03
SCF Iteration 301: Energy = 9.2081595019806777 dE = -2.45101E-03
SCF Iteration 302: Energy = 9.2106105127461770 dE =  2.45101E-03
SCF Iteration 303: Energy = 9.2081595017763718 dE = -2.45101E-03
SCF Iteration 304: Energy = 9.2106105125573432 dE =  2.45101E-03
SCF Iteration 305: Energy = 9.2081595015969882 dE = -2.45101E-03
SCF Iteration 306: Energy = 9.2106105123915167 dE =  2.45101E-03
SCF Iteration 307: Energy = 9.2081595014394644 dE = -2.45101E-03
SCF Iteration 308: Energy = 9.2106105122459283 dE =  2.45101E-03
SCF Iteration 309: Energy = 9.2081595013011661 dE = -2.45101E-03
SCF Iteration 310: Energy = 9.2106105121180679 dE =  2.45101E-03
SCF Iteration 311: Energy = 9.2081595011797130 dE = -2.45101E-03
SCF Iteration 312: Energy = 9.2106105120058075 dE =  2.45101E-03
SCF Iteration 313: Energy = 9.2081595010730428 dE = -2.45101E-03
SCF Iteration 314: Energy = 9.2106105119072286 dE =  2.45101E-03
SCF Iteration 315: Energy = 9.2081595009794075 dE = -2.45101E-03
SCF Iteration 316: Energy = 9.2106105118206791 dE =  2.45101E-03
SCF Iteration 317: Energy = 9.2081595008972190 dE = -2.45101E-03
SCF Iteration 318: Energy = 9.2106105117446848 dE =  2.45101E-03
SCF Iteration 319: Energy = 9.2081595008249888 dE = -2.45101E-03
SCF Iteration 320: Energy = 9.2106105116779293 dE =  2.45101E-03
SCF Iteration 321: Energy = 9.2081595007615977 dE = -2.45101E-03
SCF Iteration 322: Energy = 9.2106105116193273 dE =  2.45101E-03
SCF Iteration 323: Energy = 9.2081595007058983 dE = -2.45101E-03
SCF Iteration 324: Energy = 9.2106105115678574 dE =  2.45101E-03
SCF Iteration 325: Energy = 9.2081595006570467 dE = -2.45101E-03
SCF Iteration 326: Energy = 9.2106105115226775 dE =  2.45101E-03
SCF Iteration 327: Energy = 9.2081595006140944 dE = -2.45101E-03
SCF Iteration 328: Energy = 9.2106105114830275 dE =  2.45101E-03
SCF Iteration 329: Energy = 9.2081595005764409 dE = -2.45101E-03
SCF Iteration 330: Energy = 9.2106105114481824 dE =  2.45101E-03
SCF Iteration 331: Energy = 9.2081595005433261 dE = -2.45101E-03
SCF Iteration 332: Energy = 9.2106105114175953 dE =  2.45101E-03
SCF Iteration 333: Energy = 9.2081595005142720 dE = -2.45101E-03
SCF Iteration 334: Energy = 9.2106105113907280 dE =  2.45101E-03
SCF Iteration 335: Energy = 9.2081595004887564 dE = -2.45101E-03
SCF Iteration 336: Energy = 9.2106105113671273 dE =  2.45101E-03
SCF Iteration 337: Energy = 9.2081595004663495 dE = -2.45101E-03
SCF Iteration 338: Energy = 9.2106105113464061 dE =  2.45101E-03
SCF Iteration 339: Energy = 9.2081595004466852 dE = -2.45101E-03
SCF Iteration 340: Energy = 9.2106105113282339 dE =  2.45101E-03
SCF Iteration 341: Energy = 9.2081595004294083 dE = -2.45101E-03
SCF Iteration 342: Energy = 9.2106105113122787 dE =  2.45101E-03
SCF Iteration 343: Energy = 9.2081595004142418 dE = -2.45101E-03
SCF Iteration 344: Energy = 9.2106105112982561 dE =  2.45101E-03
SCF Iteration 345: Energy = 9.2081595004009387 dE = -2.45101E-03
SCF Iteration 346: Energy = 9.2106105112859193 dE =  2.45101E-03
SCF Iteration 347: Energy = 9.2081595003892236 dE = -2.45101E-03
SCF Iteration 348: Energy = 9.2106105112751084 dE =  2.45101E-03
SCF Iteration 349: Energy = 9.2081595003789509 dE = -2.45101E-03
SCF Iteration 350: Energy = 9.2106105112656191 dE =  2.45101E-03
SCF Iteration 351: Energy = 9.2081595003699448 dE = -2.45101E-03
SCF Iteration 352: Energy = 9.2106105112572756 dE =  2.45101E-03
SCF Iteration 353: Energy = 9.2081595003620134 dE = -2.45101E-03
SCF Iteration 354: Energy = 9.2106105112499748 dE =  2.45101E-03
SCF Iteration 355: Energy = 9.2081595003550571 dE = -2.45101E-03
SCF Iteration 356: Energy = 9.2106105112435479 dE =  2.45101E-03
SCF Iteration 357: Energy = 9.2081595003489465 dE = -2.45101E-03
SCF Iteration 358: Energy = 9.2106105112378938 dE =  2.45101E-03
SCF Iteration 359: Energy = 9.2081595003435854 dE = -2.45101E-03
SCF Iteration 360: Energy = 9.2106105112329502 dE =  2.45101E-03
SCF Iteration 361: Energy = 9.2081595003389012 dE = -2.45101E-03
SCF Iteration 362: Energy = 9.2106105112285999 dE =  2.45101E-03
SCF Iteration 363: Energy = 9.2081595003347463 dE = -2.45101E-03
SCF Iteration 364: Energy = 9.2106105112247754 dE =  2.45101E-03
SCF Iteration 365: Energy = 9.2081595003310905 dE = -2.45101E-03
SCF Iteration 366: Energy = 9.2106105112214092 dE =  2.45101E-03
SCF Iteration 367: Energy = 9.2081595003279268 dE = -2.45101E-03
SCF Iteration 368: Energy = 9.2106105112184675 dE =  2.45101E-03
SCF Iteration 369: Energy = 9.2081595003251291 dE = -2.45101E-03
SCF Iteration 370: Energy = 9.2106105112158954 dE =  2.45101E-03
SCF Iteration 371: Energy = 9.2081595003226813 dE = -2.45101E-03
SCF Iteration 372: Energy = 9.2106105112136181 dE =  2.45101E-03
SCF Iteration 373: Energy = 9.2081595003205177 dE = -2.45101E-03
SCF Iteration 374: Energy = 9.2106105112116072 dE =  2.45101E-03
SCF Iteration 375: Energy = 9.2081595003186187 dE = -2.45101E-03
SCF Iteration 376: Energy = 9.2106105112098611 dE =  2.45101E-03
SCF Iteration 377: Energy = 9.2081595003169685 dE = -2.45101E-03
SCF Iteration 378: Energy = 9.2106105112083352 dE =  2.45101E-03
SCF Iteration 379: Energy = 9.2081595003154924 dE = -2.45101E-03
SCF Iteration 380: Energy = 9.2106105112069656 dE =  2.45101E-03
SCF Iteration 381: Energy = 9.2081595003142134 dE = -2.45101E-03
SCF Iteration 382: Energy = 9.2106105112057843 dE =  2.45101E-03
SCF Iteration 383: Energy = 9.2081595003130960 dE = -2.45101E-03
SCF Iteration 384: Energy = 9.2106105112047469 dE =  2.45101E-03
SCF Iteration 385: Energy = 9.2081595003120977 dE = -2.45101E-03
SCF Iteration 386: Energy = 9.2106105112038268 dE =  2.45101E-03
SCF Iteration 387: Energy = 9.2081595003112167 dE = -2.45101E-03
SCF Iteration 388: Energy = 9.2106105112030150 dE =  2.45101E-03
SCF Iteration 389: Energy = 9.2081595003104493 dE = -2.45101E-03
SCF Iteration 390: Energy = 9.2106105112023027 dE =  2.45101E-03
SCF Iteration 391: Energy = 9.2081595003097778 dE = -2.45101E-03
SCF Iteration 392: Energy = 9.2106105112016916 dE =  2.45101E-03
SCF Iteration 393: Energy = 9.2081595003091810 dE = -2.45101E-03
SCF Iteration 394: Energy = 9.2106105112011445 dE =  2.45101E-03
SCF Iteration 395: Energy = 9.2081595003086942 dE = -2.45101E-03
SCF Iteration 396: Energy = 9.2106105112006809 dE =  2.45101E-03
SCF Iteration 397: Energy = 9.2081595003082324 dE = -2.45101E-03
SCF Iteration 398: Energy = 9.2106105112002830 dE =  2.45101E-03
SCF Iteration 399: Energy = 9.2081595003078416 dE = -2.45101E-03
SCF Iteration 400: Energy = 9.2106105111999135 dE =  2.45101E-03
SCF Iteration 401: Energy = 9.2081595003074828 dE = -2.45101E-03
SCF Iteration 402: Energy = 9.2106105111995902 dE =  2.45101E-03
SCF Iteration 403: Energy = 9.2081595003071808 dE = -2.45101E-03
SCF Iteration 404: Energy = 9.2106105111992864 dE =  2.45101E-03
SCF Iteration 405: Energy = 9.2081595003069250 dE = -2.45101E-03
SCF Iteration 406: Energy = 9.2106105111990448 dE =  2.45101E-03
SCF Iteration 407: Energy = 9.2081595003066727 dE = -2.45101E-03
SCF Iteration 408: Energy = 9.2106105111988423 dE =  2.45101E-03
SCF Iteration 409: Energy = 9.2081595003064773 dE = -2.45101E-03
SCF Iteration 410: Energy = 9.2106105111986434 dE =  2.45101E-03
SCF Iteration 411: Energy = 9.2081595003063068 dE = -2.45101E-03
SCF Iteration 412: Energy = 9.2106105111984782 dE =  2.45101E-03
SCF Iteration 413: Energy = 9.2081595003061292 dE = -2.45101E-03
SCF Iteration 414: Energy = 9.2106105111983236 dE =  2.45101E-03
SCF Iteration 415: Energy = 9.2081595003059995 dE = -2.45101E-03
SCF Iteration 416: Energy = 9.2106105111982046 dE =  2.45101E-03
SCF Iteration 417: Energy = 9.2081595003058627 dE = -2.45101E-03
SCF Iteration 418: Energy = 9.2106105111980714 dE =  2.45101E-03
SCF Iteration 419: Energy = 9.2081595003057615 dE = -2.45101E-03
SCF Iteration 420: Energy = 9.2106105111979808 dE =  2.45101E-03
SCF Iteration 421: Energy = 9.2081595003056815 dE = -2.45101E-03
SCF Iteration 422: Energy = 9.2106105111978831 dE =  2.45101E-03
SCF Iteration 423: Energy = 9.2081595003055821 dE = -2.45101E-03
SCF Iteration 424: Energy = 9.2106105111978263 dE =  2.45101E-03
SCF Iteration 425: Energy = 9.2081595003055003 dE = -2.45101E-03
SCF Iteration 426: Energy = 9.2106105111977516 dE =  2.45101E-03
SCF Iteration 427: Energy = 9.2081595003054595 dE = -2.45101E-03
SCF Iteration 428: Energy = 9.2106105111976913 dE =  2.45101E-03
SCF Iteration 429: Energy = 9.2081595003053938 dE = -2.45101E-03
SCF Iteration 430: Energy = 9.2106105111976415 dE =  2.45101E-03
SCF Iteration 431: Energy = 9.2081595003053476 dE = -2.45101E-03
SCF Iteration 432: Energy = 9.2106105111976024 dE =  2.45101E-03
SCF Iteration 433: Energy = 9.2081595003052996 dE = -2.45101E-03
SCF Iteration 434: Energy = 9.2106105111975598 dE =  2.45101E-03
SCF Iteration 435: Energy = 9.2081595003052517 dE = -2.45101E-03
SCF Iteration 436: Energy = 9.2106105111975332 dE =  2.45101E-03
SCF Iteration 437: Energy = 9.2081595003052197 dE = -2.45101E-03
SCF Iteration 438: Energy = 9.2106105111974994 dE =  2.45101E-03
SCF Iteration 439: Energy = 9.2081595003051984 dE = -2.45101E-03
SCF Iteration 440: Energy = 9.2106105111974816 dE =  2.45101E-03
SCF Iteration 441: Energy = 9.2081595003051735 dE = -2.45101E-03
SCF Iteration 442: Energy = 9.2106105111974284 dE =  2.45101E-03
SCF Iteration 443: Energy = 9.2081595003051344 dE = -2.45101E-03
SCF Iteration 444: Energy = 9.2106105111973999 dE =  2.45101E-03
SCF Iteration 445: Energy = 9.2081595003051167 dE = -2.45101E-03
SCF Iteration 446: Energy = 9.2106105111973999 dE =  2.45101E-03
SCF Iteration 447: Energy = 9.2081595003051024 dE = -2.45101E-03
SCF Iteration 448: Energy = 9.2106105111973839 dE =  2.45101E-03
SCF Iteration 449: Energy = 9.2081595003050953 dE = -2.45101E-03
SCF Iteration 450: Energy = 9.2106105111973502 dE =  2.45101E-03
SCF Iteration 451: Energy = 9.2081595003050669 dE = -2.45101E-03
SCF Iteration 452: Energy = 9.2106105111973395 dE =  2.45101E-03
SCF Iteration 453: Energy = 9.2081595003050651 dE = -2.45101E-03
SCF Iteration 454: Energy = 9.2106105111973253 dE =  2.45101E-03
SCF Iteration 455: Energy = 9.2081595003050527 dE = -2.45101E-03
SCF Iteration 456: Energy = 9.2106105111973324 dE =  2.45101E-03
SCF Iteration 457: Energy = 9.2081595003050509 dE = -2.45101E-03
SCF Iteration 458: Energy = 9.2106105111973111 dE =  2.45101E-03
SCF Iteration 459: Energy = 9.2081595003050420 dE = -2.45101E-03
SCF Iteration 460: Energy = 9.2106105111973164 dE =  2.45101E-03
SCF Iteration 461: Energy = 9.2081595003050385 dE = -2.45101E-03
SCF Iteration 462: Energy = 9.2106105111973040 dE =  2.45101E-03
SCF Iteration 463: Energy = 9.2081595003050190 dE = -2.45101E-03
SCF Iteration 464: Energy = 9.2106105111973147 dE =  2.45101E-03
SCF Iteration 465: Energy = 9.2081595003050243 dE = -2.45101E-03
SCF Iteration 466: Energy = 9.2106105111973129 dE =  2.45101E-03
SCF Iteration 467: Energy = 9.2081595003050225 dE = -2.45101E-03
SCF Iteration 468: Energy = 9.2106105111972969 dE =  2.45101E-03
SCF Iteration 469: Energy = 9.2081595003050047 dE = -2.45101E-03
SCF Iteration 470: Energy = 9.2106105111973111 dE =  2.45101E-03
SCF Iteration 471: Energy = 9.2081595003050065 dE = -2.45101E-03
SCF Iteration 472: Energy = 9.2106105111972987 dE =  2.45101E-03
SCF Iteration 473: Energy = 9.2081595003050065 dE = -2.45101E-03
SCF Iteration 474: Energy = 9.2106105111972933 dE =  2.45101E-03
SCF Iteration 475: Energy = 9.2081595003049959 dE = -2.45101E-03
SCF Iteration 476: Energy = 9.2106105111973022 dE =  2.45101E-03
SCF Iteration 477: Energy = 9.2081595003050065 dE = -2.45101E-03
SCF Iteration 478: Energy = 9.2106105111972862 dE =  2.45101E-03
SCF Iteration 479: Energy = 9.2081595003050065 dE = -2.45101E-03
SCF Iteration 480: Energy = 9.2106105111972987 dE =  2.45101E-03
SCF Iteration 481: Energy = 9.2081595003049923 dE = -2.45101E-03
SCF Iteration 482: Energy = 9.2106105111972862 dE =  2.45101E-03
SCF Iteration 483: Energy = 9.2081595003049994 dE = -2.45101E-03
SCF Iteration 484: Energy = 9.2106105111972933 dE =  2.45101E-03
SCF Iteration 485: Energy = 9.2081595003050012 dE = -2.45101E-03
SCF Iteration 486: Energy = 9.2106105111972827 dE =  2.45101E-03
SCF Iteration 487: Energy = 9.2081595003049959 dE = -2.45101E-03
SCF Iteration 488: Energy = 9.2106105111972916 dE =  2.45101E-03
SCF Iteration 489: Energy = 9.2081595003049941 dE = -2.45101E-03
SCF Iteration 490: Energy = 9.2106105111972791 dE =  2.45101E-03
SCF Iteration 491: Energy = 9.2081595003049888 dE = -2.45101E-03
SCF Iteration 492: Energy = 9.2106105111972756 dE =  2.45101E-03
SCF Iteration 493: Energy = 9.2081595003049870 dE = -2.45101E-03
SCF Iteration 494: Energy = 9.2106105111972649 dE =  2.45101E-03
SCF Iteration 495: Energy = 9.2081595003049816 dE = -2.45101E-03
SCF Iteration 496: Energy = 9.2106105111972720 dE =  2.45101E-03
SCF Iteration 497: Energy = 9.2081595003049816 dE = -2.45101E-03
SCF Iteration 498: Energy = 9.2106105111972649 dE =  2.45101E-03
SCF Iteration 499: Energy = 9.2081595003049781 dE = -2.45101E-03
SCF Iteration 500: Energy = 9.2106105111972578 dE =  2.45101E-03
