
  Memory set to  55.879 GiB by Python driver.
  Threads set to 1 by Python driver.
Settings:
	LOT = CCSD-S1-U21
	wc = 20.0 eV
	lambda = [1.091182 0.       0.      ] a.u.
	Equivalent A0 = LAMBDA / sqrt(2 wc) = [0.9 0.  0. ])
doing QED-CCSD-1 (or QED-CCSD-21)
Number of occupied orbitals:   1
Number of basis functions:  60
SCF Iteration   1: Energy = 10.3094836852691678 dE =  1.03095E+01
SCF Iteration   2: Energy = 10.8362286957303446 dE =  5.26745E-01
SCF Iteration   3: Energy = 10.5152150745186006 dE = -3.21014E-01
SCF Iteration   4: Energy = 10.7691974414371003 dE =  2.53982E-01
SCF Iteration   5: Energy = 10.6641783900355769 dE = -1.05019E-01
SCF Iteration   6: Energy = 10.7749274126098395 dE =  1.10749E-01
SCF Iteration   7: Energy = 10.7394963289462240 dE = -3.54311E-02
SCF Iteration   8: Energy = 10.7855447382290066 dE =  4.60484E-02
SCF Iteration   9: Energy = 10.7724844772880317 dE = -1.30603E-02
SCF Iteration  10: Energy = 10.7898463189862088 dE =  1.73618E-02
SCF Iteration  11: Energy = 10.7836556491854214 dE = -6.19067E-03
SCF Iteration  12: Energy = 10.7879132365736758 dE =  4.25759E-03
SCF Iteration  13: Energy = 10.7834434083472974 dE = -4.46983E-03
SCF Iteration  14: Energy = 10.7814982153544605 dE = -1.94519E-03
SCF Iteration  15: Energy = 10.7771186334843776 dE = -4.37958E-03
SCF Iteration  16: Energy = 10.7721915009229221 dE = -4.92713E-03
SCF Iteration  17: Energy = 10.7674922870443162 dE = -4.69921E-03
SCF Iteration  18: Energy = 10.7611792653633884 dE = -6.31302E-03
SCF Iteration  19: Energy = 10.7561631375297146 dE = -5.01613E-03
SCF Iteration  20: Energy = 10.7493016285258758 dE = -6.86151E-03
SCF Iteration  21: Energy = 10.7440915938906265 dE = -5.21003E-03
SCF Iteration  22: Energy = 10.7371419480694037 dE = -6.94965E-03
SCF Iteration  23: Energy = 10.7318760920768916 dE = -5.26586E-03
SCF Iteration  24: Energy = 10.7250988927947759 dE = -6.77720E-03
SCF Iteration  25: Energy = 10.7198953493751699 dE = -5.20354E-03
SCF Iteration  26: Energy = 10.7134386976852252 dE = -6.45665E-03
SCF Iteration  27: Energy = 10.7083872294300235 dE = -5.05147E-03
SCF Iteration  28: Energy = 10.7023324378145102 dE = -6.05479E-03
SCF Iteration  29: Energy = 10.6974957667273252 dE = -4.83667E-03
SCF Iteration  30: Energy = 10.6918828148311640 dE = -5.61295E-03
SCF Iteration  31: Energy = 10.6873010411158909 dE = -4.58177E-03
SCF Iteration  32: Energy = 10.6821436230110329 dE = -5.15742E-03
SCF Iteration  33: Energy = 10.6778391206221972 dE = -4.30450E-03
SCF Iteration  34: Energy = 10.6731340170237594 dE = -4.70510E-03
SCF Iteration  35: Energy = 10.6691158489498186 dE = -4.01817E-03
SCF Iteration  36: Energy = 10.6648490169351948 dE = -4.26683E-03
SCF Iteration  37: Energy = 10.6611165934062591 dE = -3.73242E-03
SCF Iteration  38: Energy = 10.6572672479063772 dE = -3.84935E-03
SCF Iteration  39: Energy = 10.6538132227331523 dE = -3.45403E-03
SCF Iteration  40: Energy = 10.6503566270562260 dE = -3.45660E-03
SCF Iteration  41: Energy = 10.6471691254862932 dE = -3.18750E-03
SCF Iteration  42: Energy = 10.6440785177755757 dE = -3.09061E-03
SCF Iteration  43: Energy = 10.6411428138958790 dE = -2.93570E-03
SCF Iteration  44: Energy = 10.6383907373727311 dE = -2.75208E-03
SCF Iteration  45: Energy = 10.6356904940266617 dE = -2.70024E-03
SCF Iteration  46: Energy = 10.6332497070442304 dE = -2.44079E-03
SCF Iteration  47: Energy = 10.6307678757475266 dE = -2.48183E-03
SCF Iteration  48: Energy = 10.6286119617855377 dE = -2.15591E-03
SCF Iteration  49: Energy = 10.6263314225275209 dE = -2.28054E-03
SCF Iteration  50: Energy = 10.6244351845050105 dE = -1.89624E-03
SCF Iteration  51: Energy = 10.6223391889884375 dE = -2.09600E-03
SCF Iteration  52: Energy = 10.6206788883901169 dE = -1.66030E-03
SCF Iteration  53: Energy = 10.6187513563241023 dE = -1.92753E-03
SCF Iteration  54: Energy = 10.6173048411159989 dE = -1.44652E-03
SCF Iteration  55: Energy = 10.6155305478034379 dE = -1.77429E-03
SCF Iteration  56: Energy = 10.6142773013746279 dE = -1.25325E-03
SCF Iteration  57: Energy = 10.6126419857930703 dE = -1.63532E-03
SCF Iteration  58: Energy = 10.6115631206565251 dE = -1.07887E-03
SCF Iteration  59: Energy = 10.6100535361588655 dE = -1.50958E-03
SCF Iteration  60: Energy = 10.6091317499004951 dE = -9.21786E-04
SCF Iteration  61: Energy = 10.6077356741956024 dE = -1.39608E-03
SCF Iteration  62: Energy = 10.6069551805342499 dE = -7.80494E-04
SCF Iteration  63: Energy = 10.6056613974114597 dE = -1.29378E-03
SCF Iteration  64: Energy = 10.6050078417869802 dE = -6.53556E-04
SCF Iteration  65: Energy = 10.6038061038489246 dE = -1.20174E-03
SCF Iteration  66: Energy = 10.6032664703821347 dE = -5.39633E-04
SCF Iteration  67: Energy = 10.6021474496202437 dE = -1.11902E-03
SCF Iteration  68: Energy = 10.6017099643624917 dE = -4.37485E-04
SCF Iteration  69: Energy = 10.6006651955718532 dE = -1.04477E-03
SCF Iteration  70: Energy = 10.6003192295249686 dE = -3.45966E-04
SCF Iteration  71: Energy = 10.5993410501703575 dE = -9.78179E-04
SCF Iteration  72: Energy = 10.5990770244844512 dE = -2.64026E-04
SCF Iteration  73: Energy = 10.5981585135894854 dE = -9.18511E-04
SCF Iteration  74: Energy = 10.5979678085512141 dE = -1.90705E-04
SCF Iteration  75: Energy = 10.5971027264049162 dE = -8.65082E-04
SCF Iteration  76: Energy = 10.5969775952402614 dE = -1.25131E-04
SCF Iteration  77: Energy = 10.5961603251381895 dE = -8.17270E-04
SCF Iteration  78: Energy = 10.5960938132235114 dE = -6.65119E-05
SCF Iteration  79: Energy = 10.5953193060321365 dE = -7.74507E-04
SCF Iteration  80: Energy = 10.5953051757956729 dE = -1.41302E-05
SCF Iteration  81: Energy = 10.5945688978157246 dE = -7.36278E-04
SCF Iteration  82: Energy = 10.5946015593888507 dE =  3.26616E-05
SCF Iteration  83: Energy = 10.5938994437661869 dE = -7.02116E-04
SCF Iteration  84: Energy = 10.5939738912881420 dE =  7.44475E-05
SCF Iteration  85: Energy = 10.5933022930570910 dE = -6.71598E-04
SCF Iteration  86: Energy = 10.5934140464311781 dE =  1.11753E-04
SCF Iteration  87: Energy = 10.5927697011616218 dE = -6.44345E-04
SCF Iteration  88: Energy = 10.5929147529922183 dE =  1.45052E-04
SCF Iteration  89: Energy = 10.5922947389329316 dE = -6.20014E-04
SCF Iteration  90: Energy = 10.5924695063321348 dE =  1.74767E-04
SCF Iteration  91: Energy = 10.5918712098910568 dE = -5.98296E-04
SCF Iteration  92: Energy = 10.5920724908216979 dE =  2.01281E-04
SCF Iteration  93: Energy = 10.5914935751931818 dE = -5.78916E-04
SCF Iteration  94: Energy = 10.5917185090091870 dE =  2.24934E-04
SCF Iteration  95: Energy = 10.5911568857391671 dE = -5.61623E-04
SCF Iteration  96: Energy = 10.5914029175865796 dE =  2.46032E-04
SCF Iteration  97: Energy = 10.5908567208616056 dE = -5.46197E-04
SCF Iteration  98: Energy = 10.5911215696148613 dE =  2.64849E-04
SCF Iteration  99: Energy = 10.5905891330591899 dE = -5.32437E-04
SCF Iteration 100: Energy = 10.5908707624813836 dE =  2.81629E-04
SCF Iteration 101: Energy = 10.5903505982535489 dE = -5.20164E-04
SCF Iteration 102: Energy = 10.5906471910880313 dE =  2.96593E-04
SCF Iteration 103: Energy = 10.5901379710759045 dE = -5.09220E-04
SCF Iteration 104: Energy = 10.5904479057946741 dE =  3.09935E-04
SCF Iteration 105: Energy = 10.5899484447194112 dE = -4.99461E-04
SCF Iteration 106: Energy = 10.5902702746753015 dE =  3.21830E-04
SCF Iteration 107: Energy = 10.5897795149267395 dE = -4.90760E-04
SCF Iteration 108: Energy = 10.5901119496749825 dE =  3.32435E-04
SCF Iteration 109: Energy = 10.5896289477136101 dE = -4.83002E-04
SCF Iteration 110: Energy = 10.5899708362884919 dE =  3.41889E-04
SCF Iteration 111: Energy = 10.5894947504618333 dE = -4.76086E-04
SCF Iteration 112: Energy = 10.5898450664125754 dE =  3.50316E-04
SCF Iteration 113: Energy = 10.5893751460465548 dE = -4.69920E-04
SCF Iteration 114: Energy = 10.5897329740543569 dE =  3.57828E-04
SCF Iteration 115: Energy = 10.5892685496919388 dE = -4.64424E-04
SCF Iteration 116: Energy = 10.5896330736063220 dE =  3.64524E-04
SCF Iteration 117: Energy = 10.5891735482774898 dE = -4.59525E-04
SCF Iteration 118: Energy = 10.5895440404256487 dE =  3.70492E-04
SCF Iteration 119: Energy = 10.5890888818433098 dE = -4.55159E-04
SCF Iteration 120: Energy = 10.5894646934802328 dE =  3.75812E-04
SCF Iteration 121: Energy = 10.5890134270665204 dE = -4.51266E-04
SCF Iteration 122: Energy = 10.5893939798470278 dE =  3.80553E-04
SCF Iteration 123: Energy = 10.5889461825036797 dE = -4.47797E-04
SCF Iteration 124: Energy = 10.5893309608683346 dE =  3.84778E-04
SCF Iteration 125: Energy = 10.5888862554138790 dE = -4.44705E-04
SCF Iteration 126: Energy = 10.5892747997932695 dE =  3.88544E-04
SCF Iteration 127: Energy = 10.5888328499963862 dE = -4.41950E-04
SCF Iteration 128: Energy = 10.5892247507461370 dE =  3.91901E-04
SCF Iteration 129: Energy = 10.5887852568928871 dE = -4.39494E-04
SCF Iteration 130: Energy = 10.5891801488826296 dE =  3.94892E-04
SCF Iteration 131: Energy = 10.5887428438204090 dE = -4.37305E-04
SCF Iteration 132: Energy = 10.5891404016061657 dE =  3.97558E-04
SCF Iteration 133: Energy = 10.5887050472142246 dE = -4.35354E-04
SCF Iteration 134: Energy = 10.5891049807326034 dE =  3.99934E-04
SCF Iteration 135: Energy = 10.5886713647732122 dE = -4.33616E-04
SCF Iteration 136: Energy = 10.5890734155008825 dE =  4.02051E-04
SCF Iteration 137: Energy = 10.5886413488109365 dE = -4.32067E-04
SCF Iteration 138: Energy = 10.5890452863397293 dE =  4.03938E-04
SCF Iteration 139: Energy = 10.5886146003257746 dE = -4.30686E-04
SCF Iteration 140: Energy = 10.5890202193088285 dE =  4.05619E-04
SCF Iteration 141: Energy = 10.5885907637131815 dE = -4.29456E-04
SCF Iteration 142: Energy = 10.5889978811418146 dE =  4.07117E-04
SCF Iteration 143: Energy = 10.5885695220509781 dE = -4.28359E-04
SCF Iteration 144: Energy = 10.5889779748269319 dE =  4.08453E-04
SCF Iteration 145: Energy = 10.5885505928953982 dE = -4.27382E-04
SCF Iteration 146: Energy = 10.5889602356665016 dE =  4.09643E-04
SCF Iteration 147: Energy = 10.5885337245333808 dE = -4.26511E-04
SCF Iteration 148: Energy = 10.5889444277640195 dE =  4.10703E-04
SCF Iteration 149: Energy = 10.5885186926415287 dE = -4.25735E-04
SCF Iteration 150: Energy = 10.5889303408925919 dE =  4.11648E-04
SCF Iteration 151: Energy = 10.5885052973076021 dE = -4.25044E-04
SCF Iteration 152: Energy = 10.5889177877033411 dE =  4.12490E-04
SCF Iteration 153: Energy = 10.5884933603756615 dE = -4.24427E-04
SCF Iteration 154: Energy = 10.5889066012370634 dE =  4.13241E-04
SCF Iteration 155: Energy = 10.5884827230794940 dE = -4.23878E-04
SCF Iteration 156: Energy = 10.5888966327061951 dE =  4.13910E-04
SCF Iteration 157: Energy = 10.5884732439333433 dE = -4.23389E-04
SCF Iteration 158: Energy = 10.5888877495178306 dE =  4.14506E-04
SCF Iteration 159: Energy = 10.5884647968516390 dE = -4.22953E-04
SCF Iteration 160: Energy = 10.5888798335118075 dE =  4.15037E-04
SCF Iteration 161: Energy = 10.5884572694735510 dE = -4.22564E-04
SCF Iteration 162: Energy = 10.5888727793899928 dE =  4.15510E-04
SCF Iteration 163: Energy = 10.5884505616692159 dE = -4.22218E-04
SCF Iteration 164: Energy = 10.5888664933168215 dE =  4.15932E-04
SCF Iteration 165: Energy = 10.5884445842088670 dE = -4.21909E-04
SCF Iteration 166: Energy = 10.5888608916716720 dE =  4.16307E-04
SCF Iteration 167: Energy = 10.5884392575764998 dE = -4.21634E-04
SCF Iteration 168: Energy = 10.5888558999372080 dE =  4.16642E-04
SCF Iteration 169: Energy = 10.5884345109126130 dE = -4.21389E-04
SCF Iteration 170: Energy = 10.5888514517084289 dE =  4.16941E-04
SCF Iteration 171: Energy = 10.5884302810719220 dE = -4.21171E-04
SCF Iteration 172: Energy = 10.5888474878098204 dE =  4.17207E-04
SCF Iteration 173: Energy = 10.5884265117837710 dE = -4.20976E-04
SCF Iteration 174: Energy = 10.5888439555083131 dE =  4.17444E-04
SCF Iteration 175: Energy = 10.5884231529038075 dE = -4.20803E-04
SCF Iteration 176: Energy = 10.5888408078119518 dE =  4.17655E-04
SCF Iteration 177: Energy = 10.5884201597469421 dE = -4.20648E-04
SCF Iteration 178: Energy = 10.5888380028449731 dE =  4.17843E-04
SCF Iteration 179: Energy = 10.5884174924932282 dE = -4.20510E-04
SCF Iteration 180: Energy = 10.5888355032908770 dE =  4.18011E-04
SCF Iteration 181: Energy = 10.5884151156580799 dE = -4.20388E-04
SCF Iteration 182: Energy = 10.5888332758959685 dE =  4.18160E-04
SCF Iteration 183: Energy = 10.5884129976203667 dE = -4.20278E-04
SCF Iteration 184: Energy = 10.5888312910272422 dE =  4.18293E-04
SCF Iteration 185: Energy = 10.5884111102018217 dE = -4.20181E-04
SCF Iteration 186: Energy = 10.5888295222779707 dE =  4.18412E-04
SCF Iteration 187: Energy = 10.5884094282921417 dE = -4.20094E-04
SCF Iteration 188: Energy = 10.5888279461165453 dE =  4.18518E-04
SCF Iteration 189: Energy = 10.5884079295150677 dE = -4.20017E-04
SCF Iteration 190: Energy = 10.5888265415735674 dE =  4.18612E-04
SCF Iteration 191: Energy = 10.5884065939305820 dE = -4.19948E-04
SCF Iteration 192: Energy = 10.5888252899627453 dE =  4.18696E-04
SCF Iteration 193: Energy = 10.5884054037698689 dE = -4.19886E-04
SCF Iteration 194: Energy = 10.5888241746323519 dE =  4.18771E-04
SCF Iteration 195: Energy = 10.5884043431987074 dE = -4.19831E-04
SCF Iteration 196: Energy = 10.5888231807437414 dE =  4.18838E-04
SCF Iteration 197: Energy = 10.5884033981069656 dE = -4.19783E-04
SCF Iteration 198: Energy = 10.5888222950738644 dE =  4.18897E-04
SCF Iteration 199: Energy = 10.5884025559207888 dE = -4.19739E-04
SCF Iteration 200: Energy = 10.5888215058395652 dE =  4.18950E-04
SCF Iteration 201: Energy = 10.5884018054355078 dE = -4.19700E-04
SCF Iteration 202: Energy = 10.5888208025404804 dE =  4.18997E-04
SCF Iteration 203: Energy = 10.5884011366663202 dE = -4.19666E-04
SCF Iteration 204: Energy = 10.5888201758197411 dE =  4.19039E-04
SCF Iteration 205: Energy = 10.5884005407156927 dE = -4.19635E-04
SCF Iteration 206: Energy = 10.5888196173391353 dE =  4.19077E-04
SCF Iteration 207: Energy = 10.5884000096548565 dE = -4.19608E-04
SCF Iteration 208: Energy = 10.5888191196684005 dE =  4.19110E-04
SCF Iteration 209: Energy = 10.5883995364182901 dE = -4.19583E-04
SCF Iteration 210: Energy = 10.5888186761863228 dE =  4.19140E-04
SCF Iteration 211: Energy = 10.5883991147099010 dE = -4.19561E-04
SCF Iteration 212: Energy = 10.5888182809925837 dE =  4.19166E-04
SCF Iteration 213: Energy = 10.5883987389190466 dE = -4.19542E-04
SCF Iteration 214: Energy = 10.5888179288293856 dE =  4.19190E-04
SCF Iteration 215: Energy = 10.5883984040460728 dE = -4.19525E-04
SCF Iteration 216: Energy = 10.5888176150113260 dE =  4.19211E-04
SCF Iteration 217: Energy = 10.5883981056355783 dE = -4.19509E-04
SCF Iteration 218: Energy = 10.5888173353632631 dE =  4.19230E-04
SCF Iteration 219: Energy = 10.5883978397174445 dE = -4.19496E-04
SCF Iteration 220: Energy = 10.5888170861645659 dE =  4.19246E-04
SCF Iteration 221: Energy = 10.5883976027536733 dE = -4.19483E-04
SCF Iteration 222: Energy = 10.5888168640997904 dE =  4.19261E-04
SCF Iteration 223: Energy = 10.5883973915916716 dE = -4.19473E-04
SCF Iteration 224: Energy = 10.5888166662144840 dE =  4.19275E-04
SCF Iteration 225: Energy = 10.5883972034219660 dE = -4.19463E-04
SCF Iteration 226: Energy = 10.5888164898758745 dE =  4.19286E-04
SCF Iteration 227: Energy = 10.5883970357410817 dE = -4.19454E-04
SCF Iteration 228: Energy = 10.5888163327378315 dE =  4.19297E-04
SCF Iteration 229: Energy = 10.5883968863180762 dE = -4.19446E-04
SCF Iteration 230: Energy = 10.5888161927097535 dE =  4.19306E-04
SCF Iteration 231: Energy = 10.5883967531649681 dE = -4.19440E-04
SCF Iteration 232: Energy = 10.5888160679285708 dE =  4.19315E-04
SCF Iteration 233: Energy = 10.5883966345101932 dE = -4.19433E-04
SCF Iteration 234: Energy = 10.5888159567341731 dE =  4.19322E-04
SCF Iteration 235: Energy = 10.5883965287751494 dE = -4.19428E-04
SCF Iteration 236: Energy = 10.5888158576471305 dE =  4.19329E-04
SCF Iteration 237: Energy = 10.5883964345530011 dE = -4.19423E-04
SCF Iteration 238: Energy = 10.5888157693491856 dE =  4.19335E-04
SCF Iteration 239: Energy = 10.5883963505902443 dE = -4.19419E-04
SCF Iteration 240: Energy = 10.5888156906655286 dE =  4.19340E-04
SCF Iteration 241: Energy = 10.5883962757697212 dE = -4.19415E-04
SCF Iteration 242: Energy = 10.5888156205493331 dE =  4.19345E-04
SCF Iteration 243: Energy = 10.5883962090960395 dE = -4.19411E-04
SCF Iteration 244: Energy = 10.5888155580677044 dE =  4.19349E-04
SCF Iteration 245: Energy = 10.5883961496820866 dE = -4.19408E-04
SCF Iteration 246: Energy = 10.5888155023893873 dE =  4.19353E-04
SCF Iteration 247: Energy = 10.5883960967374371 dE = -4.19406E-04
SCF Iteration 248: Energy = 10.5888154527736162 dE =  4.19356E-04
SCF Iteration 249: Energy = 10.5883960495576464 dE = -4.19403E-04
SCF Iteration 250: Energy = 10.5888154085602260 dE =  4.19359E-04
SCF Iteration 251: Energy = 10.5883960075149908 dE = -4.19401E-04
SCF Iteration 252: Energy = 10.5888153691609990 dE =  4.19362E-04
SCF Iteration 253: Energy = 10.5883959700501791 dE = -4.19399E-04
SCF Iteration 254: Energy = 10.5888153340517555 dE =  4.19364E-04
SCF Iteration 255: Energy = 10.5883959366646998 dE = -4.19397E-04
SCF Iteration 256: Energy = 10.5888153027653651 dE =  4.19366E-04
SCF Iteration 257: Energy = 10.5883959069143980 dE = -4.19396E-04
SCF Iteration 258: Energy = 10.5888152748856115 dE =  4.19368E-04
SCF Iteration 259: Energy = 10.5883958804034641 dE = -4.19394E-04
SCF Iteration 260: Energy = 10.5888152500415362 dE =  4.19370E-04
SCF Iteration 261: Energy = 10.5883958567791474 dE = -4.19393E-04
SCF Iteration 262: Energy = 10.5888152279026073 dE =  4.19371E-04
SCF Iteration 263: Energy = 10.5883958357271624 dE = -4.19392E-04
SCF Iteration 264: Energy = 10.5888152081742444 dE =  4.19372E-04
SCF Iteration 265: Energy = 10.5883958169674202 dE = -4.19391E-04
SCF Iteration 266: Energy = 10.5888151905940227 dE =  4.19374E-04
SCF Iteration 267: Energy = 10.5883958002503231 dE = -4.19390E-04
SCF Iteration 268: Energy = 10.5888151749280208 dE =  4.19375E-04
SCF Iteration 269: Energy = 10.5883957853534874 dE = -4.19390E-04
SCF Iteration 270: Energy = 10.5888151609677976 dE =  4.19376E-04
SCF Iteration 271: Energy = 10.5883957720786732 dE = -4.19389E-04
SCF Iteration 272: Energy = 10.5888151485276314 dE =  4.19376E-04
SCF Iteration 273: Energy = 10.5883957602492966 dE = -4.19388E-04
SCF Iteration 274: Energy = 10.5888151374420261 dE =  4.19377E-04
SCF Iteration 275: Energy = 10.5883957497079706 dE = -4.19388E-04
SCF Iteration 276: Energy = 10.5888151275634570 dE =  4.19378E-04
SCF Iteration 277: Energy = 10.5883957403144109 dE = -4.19387E-04
SCF Iteration 278: Energy = 10.5888151187605324 dE =  4.19378E-04
SCF Iteration 279: Energy = 10.5883957319436597 dE = -4.19387E-04
SCF Iteration 280: Energy = 10.5888151109160837 dE =  4.19379E-04
SCF Iteration 281: Energy = 10.5883957244843749 dE = -4.19386E-04
SCF Iteration 282: Energy = 10.5888151039258052 dE =  4.19379E-04
SCF Iteration 283: Energy = 10.5883957178372921 dE = -4.19386E-04
SCF Iteration 284: Energy = 10.5888150976966493 dE =  4.19380E-04
SCF Iteration 285: Energy = 10.5883957119139787 dE = -4.19386E-04
SCF Iteration 286: Energy = 10.5888150921457687 dE =  4.19380E-04
SCF Iteration 287: Energy = 10.5883957066356107 dE = -4.19386E-04
SCF Iteration 288: Energy = 10.5888150871992757 dE =  4.19381E-04
SCF Iteration 289: Energy = 10.5883957019319652 dE = -4.19385E-04
SCF Iteration 290: Energy = 10.5888150827913847 dE =  4.19381E-04
SCF Iteration 291: Energy = 10.5883956977405358 dE = -4.19385E-04
SCF Iteration 292: Energy = 10.5888150788634370 dE =  4.19381E-04
SCF Iteration 293: Energy = 10.5883956940054293 dE = -4.19385E-04
SCF Iteration 294: Energy = 10.5888150753632111 dE =  4.19381E-04
SCF Iteration 295: Energy = 10.5883956906770393 dE = -4.19385E-04
SCF Iteration 296: Energy = 10.5888150722440884 dE =  4.19382E-04
SCF Iteration 297: Energy = 10.5883956877110563 dE = -4.19385E-04
SCF Iteration 298: Energy = 10.5888150694645802 dE =  4.19382E-04
SCF Iteration 299: Energy = 10.5883956850680363 dE = -4.19384E-04
SCF Iteration 300: Energy = 10.5888150669877117 dE =  4.19382E-04
SCF Iteration 301: Energy = 10.5883956827128110 dE = -4.19384E-04
SCF Iteration 302: Energy = 10.5888150647805670 dE =  4.19382E-04
SCF Iteration 303: Energy = 10.5883956806139778 dE = -4.19384E-04
SCF Iteration 304: Energy = 10.5888150628137403 dE =  4.19382E-04
SCF Iteration 305: Energy = 10.5883956787437121 dE = -4.19384E-04
SCF Iteration 306: Energy = 10.5888150610610605 dE =  4.19382E-04
SCF Iteration 307: Energy = 10.5883956770770951 dE = -4.19384E-04
SCF Iteration 308: Energy = 10.5888150594992290 dE =  4.19382E-04
SCF Iteration 309: Energy = 10.5883956755919346 dE = -4.19384E-04
SCF Iteration 310: Energy = 10.5888150581074516 dE =  4.19383E-04
SCF Iteration 311: Energy = 10.5883956742685044 dE = -4.19384E-04
SCF Iteration 312: Energy = 10.5888150568672046 dE =  4.19383E-04
SCF Iteration 313: Energy = 10.5883956730891597 dE = -4.19384E-04
SCF Iteration 314: Energy = 10.5888150557620335 dE =  4.19383E-04
SCF Iteration 315: Energy = 10.5883956720382386 dE = -4.19384E-04
SCF Iteration 316: Energy = 10.5888150547771858 dE =  4.19383E-04
SCF Iteration 317: Energy = 10.5883956711017326 dE = -4.19384E-04
SCF Iteration 318: Energy = 10.5888150538995873 dE =  4.19383E-04
SCF Iteration 319: Energy = 10.5883956702671789 dE = -4.19384E-04
SCF Iteration 320: Energy = 10.5888150531175143 dE =  4.19383E-04
SCF Iteration 321: Energy = 10.5883956695235408 dE = -4.19384E-04
SCF Iteration 322: Energy = 10.5888150524206193 dE =  4.19383E-04
SCF Iteration 323: Energy = 10.5883956688608585 dE = -4.19384E-04
SCF Iteration 324: Energy = 10.5888150517996102 dE =  4.19383E-04
SCF Iteration 325: Energy = 10.5883956682703335 dE = -4.19384E-04
SCF Iteration 326: Energy = 10.5888150512461756 dE =  4.19383E-04
SCF Iteration 327: Energy = 10.5883956677440842 dE = -4.19384E-04
SCF Iteration 328: Energy = 10.5888150507530323 dE =  4.19383E-04
SCF Iteration 329: Energy = 10.5883956672751545 dE = -4.19383E-04
SCF Iteration 330: Energy = 10.5888150503135794 dE =  4.19383E-04
SCF Iteration 331: Energy = 10.5883956668572701 dE = -4.19383E-04
SCF Iteration 332: Energy = 10.5888150499219975 dE =  4.19383E-04
SCF Iteration 333: Energy = 10.5883956664849048 dE = -4.19383E-04
SCF Iteration 334: Energy = 10.5888150495730287 dE =  4.19383E-04
SCF Iteration 335: Energy = 10.5883956661530938 dE = -4.19383E-04
SCF Iteration 336: Energy = 10.5888150492620525 dE =  4.19383E-04
SCF Iteration 337: Energy = 10.5883956658573872 dE = -4.19383E-04
SCF Iteration 338: Energy = 10.5888150489849835 dE =  4.19383E-04
SCF Iteration 339: Energy = 10.5883956655939002 dE = -4.19383E-04
SCF Iteration 340: Energy = 10.5888150487380415 dE =  4.19383E-04
SCF Iteration 341: Energy = 10.5883956653590872 dE = -4.19383E-04
SCF Iteration 342: Energy = 10.5888150485180006 dE =  4.19383E-04
SCF Iteration 343: Energy = 10.5883956651498501 dE = -4.19383E-04
SCF Iteration 344: Energy = 10.5888150483219103 dE =  4.19383E-04
SCF Iteration 345: Energy = 10.5883956649633930 dE = -4.19383E-04
SCF Iteration 346: Energy = 10.5888150481471648 dE =  4.19383E-04
SCF Iteration 347: Energy = 10.5883956647972290 dE = -4.19383E-04
SCF Iteration 348: Energy = 10.5888150479914565 dE =  4.19383E-04
SCF Iteration 349: Energy = 10.5883956646491768 dE = -4.19383E-04
SCF Iteration 350: Energy = 10.5888150478527052 dE =  4.19383E-04
SCF Iteration 351: Energy = 10.5883956645172308 dE = -4.19383E-04
SCF Iteration 352: Energy = 10.5888150477290512 dE =  4.19383E-04
SCF Iteration 353: Energy = 10.5883956643996537 dE = -4.19383E-04
SCF Iteration 354: Energy = 10.5888150476188798 dE =  4.19383E-04
SCF Iteration 355: Energy = 10.5883956642949002 dE = -4.19383E-04
SCF Iteration 356: Energy = 10.5888150475207006 dE =  4.19383E-04
SCF Iteration 357: Energy = 10.5883956642015029 dE = -4.19383E-04
SCF Iteration 358: Energy = 10.5888150474332008 dE =  4.19383E-04
SCF Iteration 359: Energy = 10.5883956641183339 dE = -4.19383E-04
SCF Iteration 360: Energy = 10.5888150473552365 dE =  4.19383E-04
SCF Iteration 361: Energy = 10.5883956640441674 dE = -4.19383E-04
SCF Iteration 362: Energy = 10.5888150472857543 dE =  4.19383E-04
SCF Iteration 363: Energy = 10.5883956639781065 dE = -4.19383E-04
SCF Iteration 364: Energy = 10.5888150472238305 dE =  4.19383E-04
SCF Iteration 365: Energy = 10.5883956639192700 dE = -4.19383E-04
SCF Iteration 366: Energy = 10.5888150471686746 dE =  4.19383E-04
SCF Iteration 367: Energy = 10.5883956638668000 dE = -4.19383E-04
SCF Iteration 368: Energy = 10.5888150471195104 dE =  4.19383E-04
SCF Iteration 369: Energy = 10.5883956638200338 dE = -4.19383E-04
SCF Iteration 370: Energy = 10.5888150470756948 dE =  4.19383E-04
SCF Iteration 371: Energy = 10.5883956637783498 dE = -4.19383E-04
SCF Iteration 372: Energy = 10.5888150470366540 dE =  4.19383E-04
SCF Iteration 373: Energy = 10.5883956637412435 dE = -4.19383E-04
SCF Iteration 374: Energy = 10.5888150470018765 dE =  4.19383E-04
SCF Iteration 375: Energy = 10.5883956637081482 dE = -4.19383E-04
SCF Iteration 376: Energy = 10.5888150469708613 dE =  4.19383E-04
SCF Iteration 377: Energy = 10.5883956636786820 dE = -4.19383E-04
SCF Iteration 378: Energy = 10.5888150469432407 dE =  4.19383E-04
SCF Iteration 379: Energy = 10.5883956636523990 dE = -4.19383E-04
SCF Iteration 380: Energy = 10.5888150469186169 dE =  4.19383E-04
SCF Iteration 381: Energy = 10.5883956636289973 dE = -4.19383E-04
SCF Iteration 382: Energy = 10.5888150468966664 dE =  4.19383E-04
SCF Iteration 383: Energy = 10.5883956636081322 dE = -4.19383E-04
SCF Iteration 384: Energy = 10.5888150468771247 dE =  4.19383E-04
SCF Iteration 385: Energy = 10.5883956635895480 dE = -4.19383E-04
SCF Iteration 386: Energy = 10.5888150468597146 dE =  4.19383E-04
SCF Iteration 387: Energy = 10.5883956635729906 dE = -4.19383E-04
SCF Iteration 388: Energy = 10.5888150468441822 dE =  4.19383E-04
SCF Iteration 389: Energy = 10.5883956635582024 dE = -4.19383E-04
SCF Iteration 390: Energy = 10.5888150468303461 dE =  4.19383E-04
SCF Iteration 391: Energy = 10.5883956635450502 dE = -4.19383E-04
SCF Iteration 392: Energy = 10.5888150468180235 dE =  4.19383E-04
SCF Iteration 393: Energy = 10.5883956635333494 dE = -4.19383E-04
SCF Iteration 394: Energy = 10.5888150468070137 dE =  4.19383E-04
SCF Iteration 395: Energy = 10.5883956635228920 dE = -4.19383E-04
SCF Iteration 396: Energy = 10.5888150467972579 dE =  4.19383E-04
SCF Iteration 397: Energy = 10.5883956635135803 dE = -4.19383E-04
SCF Iteration 398: Energy = 10.5888150467885396 dE =  4.19383E-04
SCF Iteration 399: Energy = 10.5883956635052883 dE = -4.19383E-04
SCF Iteration 400: Energy = 10.5888150467807485 dE =  4.19383E-04
SCF Iteration 401: Energy = 10.5883956634979235 dE = -4.19383E-04
SCF Iteration 402: Energy = 10.5888150467738278 dE =  4.19383E-04
SCF Iteration 403: Energy = 10.5883956634913137 dE = -4.19383E-04
SCF Iteration 404: Energy = 10.5888150467676798 dE =  4.19383E-04
SCF Iteration 405: Energy = 10.5883956634854570 dE = -4.19383E-04
SCF Iteration 406: Energy = 10.5888150467621713 dE =  4.19383E-04
SCF Iteration 407: Energy = 10.5883956634802345 dE = -4.19383E-04
SCF Iteration 408: Energy = 10.5888150467572721 dE =  4.19383E-04
SCF Iteration 409: Energy = 10.5883956634755769 dE = -4.19383E-04
SCF Iteration 410: Energy = 10.5888150467529059 dE =  4.19383E-04
SCF Iteration 411: Energy = 10.5883956634714256 dE = -4.19383E-04
SCF Iteration 412: Energy = 10.5888150467489979 dE =  4.19383E-04
SCF Iteration 413: Energy = 10.5883956634677201 dE = -4.19383E-04
SCF Iteration 414: Energy = 10.5888150467455340 dE =  4.19383E-04
SCF Iteration 415: Energy = 10.5883956634644179 dE = -4.19383E-04
SCF Iteration 416: Energy = 10.5888150467424502 dE =  4.19383E-04
SCF Iteration 417: Energy = 10.5883956634614727 dE = -4.19383E-04
SCF Iteration 418: Energy = 10.5888150467397093 dE =  4.19383E-04
SCF Iteration 419: Energy = 10.5883956634588792 dE = -4.19383E-04
SCF Iteration 420: Energy = 10.5888150467372526 dE =  4.19383E-04
SCF Iteration 421: Energy = 10.5883956634565290 dE = -4.19383E-04
SCF Iteration 422: Energy = 10.5888150467350446 dE =  4.19383E-04
SCF Iteration 423: Energy = 10.5883956634544312 dE = -4.19383E-04
SCF Iteration 424: Energy = 10.5888150467331101 dE =  4.19383E-04
SCF Iteration 425: Energy = 10.5883956634526033 dE = -4.19383E-04
SCF Iteration 426: Energy = 10.5888150467313782 dE =  4.19383E-04
SCF Iteration 427: Energy = 10.5883956634509264 dE = -4.19383E-04
SCF Iteration 428: Energy = 10.5888150467298239 dE =  4.19383E-04
SCF Iteration 429: Energy = 10.5883956634494378 dE = -4.19383E-04
SCF Iteration 430: Energy = 10.5888150467284365 dE =  4.19383E-04
SCF Iteration 431: Energy = 10.5883956634481411 dE = -4.19383E-04
SCF Iteration 432: Energy = 10.5888150467271753 dE =  4.19383E-04
SCF Iteration 433: Energy = 10.5883956634469740 dE = -4.19383E-04
SCF Iteration 434: Energy = 10.5888150467261042 dE =  4.19383E-04
SCF Iteration 435: Energy = 10.5883956634459437 dE = -4.19383E-04
SCF Iteration 436: Energy = 10.5888150467251450 dE =  4.19383E-04
SCF Iteration 437: Energy = 10.5883956634450129 dE = -4.19383E-04
SCF Iteration 438: Energy = 10.5888150467242710 dE =  4.19383E-04
SCF Iteration 439: Energy = 10.5883956634441940 dE = -4.19383E-04
SCF Iteration 440: Energy = 10.5888150467234929 dE =  4.19383E-04
SCF Iteration 441: Energy = 10.5883956634434639 dE = -4.19383E-04
SCF Iteration 442: Energy = 10.5888150467228019 dE =  4.19383E-04
SCF Iteration 443: Energy = 10.5883956634428067 dE = -4.19383E-04
SCF Iteration 444: Energy = 10.5888150467221713 dE =  4.19383E-04
SCF Iteration 445: Energy = 10.5883956634422187 dE = -4.19383E-04
SCF Iteration 446: Energy = 10.5888150467216420 dE =  4.19383E-04
SCF Iteration 447: Energy = 10.5883956634416840 dE = -4.19383E-04
SCF Iteration 448: Energy = 10.5888150467211446 dE =  4.19383E-04
SCF Iteration 449: Energy = 10.5883956634412009 dE = -4.19383E-04
SCF Iteration 450: Energy = 10.5888150467206970 dE =  4.19383E-04
SCF Iteration 451: Energy = 10.5883956634408172 dE = -4.19383E-04
SCF Iteration 452: Energy = 10.5888150467203168 dE =  4.19383E-04
SCF Iteration 453: Energy = 10.5883956634404548 dE = -4.19383E-04
SCF Iteration 454: Energy = 10.5888150467199775 dE =  4.19383E-04
SCF Iteration 455: Energy = 10.5883956634401066 dE = -4.19383E-04
SCF Iteration 456: Energy = 10.5888150467196613 dE =  4.19383E-04
SCF Iteration 457: Energy = 10.5883956634397940 dE = -4.19383E-04
SCF Iteration 458: Energy = 10.5888150467193860 dE =  4.19383E-04
SCF Iteration 459: Energy = 10.5883956634395524 dE = -4.19383E-04
SCF Iteration 460: Energy = 10.5888150467191391 dE =  4.19383E-04
SCF Iteration 461: Energy = 10.5883956634393108 dE = -4.19383E-04
SCF Iteration 462: Energy = 10.5888150467189064 dE =  4.19383E-04
SCF Iteration 463: Energy = 10.5883956634391243 dE = -4.19383E-04
SCF Iteration 464: Energy = 10.5888150467187199 dE =  4.19383E-04
SCF Iteration 465: Energy = 10.5883956634389236 dE = -4.19383E-04
SCF Iteration 466: Energy = 10.5888150467185600 dE =  4.19383E-04
SCF Iteration 467: Energy = 10.5883956634387602 dE = -4.19383E-04
SCF Iteration 468: Energy = 10.5888150467184019 dE =  4.19383E-04
SCF Iteration 469: Energy = 10.5883956634386109 dE = -4.19383E-04
SCF Iteration 470: Energy = 10.5888150467182776 dE =  4.19383E-04
SCF Iteration 471: Energy = 10.5883956634384848 dE = -4.19383E-04
SCF Iteration 472: Energy = 10.5888150467181372 dE =  4.19383E-04
SCF Iteration 473: Energy = 10.5883956634383622 dE = -4.19383E-04
SCF Iteration 474: Energy = 10.5888150467180289 dE =  4.19383E-04
SCF Iteration 475: Energy = 10.5883956634382734 dE = -4.19383E-04
SCF Iteration 476: Energy = 10.5888150467179365 dE =  4.19383E-04
SCF Iteration 477: Energy = 10.5883956634381704 dE = -4.19383E-04
SCF Iteration 478: Energy = 10.5888150467178512 dE =  4.19383E-04
SCF Iteration 479: Energy = 10.5883956634380851 dE = -4.19383E-04
SCF Iteration 480: Energy = 10.5888150467177731 dE =  4.19383E-04
SCF Iteration 481: Energy = 10.5883956634380159 dE = -4.19383E-04
SCF Iteration 482: Energy = 10.5888150467177056 dE =  4.19383E-04
SCF Iteration 483: Energy = 10.5883956634379537 dE = -4.19383E-04
SCF Iteration 484: Energy = 10.5888150467176345 dE =  4.19383E-04
SCF Iteration 485: Energy = 10.5883956634378951 dE = -4.19383E-04
SCF Iteration 486: Energy = 10.5888150467175919 dE =  4.19383E-04
SCF Iteration 487: Energy = 10.5883956634378471 dE = -4.19383E-04
SCF Iteration 488: Energy = 10.5888150467175493 dE =  4.19383E-04
SCF Iteration 489: Energy = 10.5883956634377991 dE = -4.19383E-04
SCF Iteration 490: Energy = 10.5888150467175048 dE =  4.19383E-04
SCF Iteration 491: Energy = 10.5883956634377441 dE = -4.19383E-04
SCF Iteration 492: Energy = 10.5888150467174444 dE =  4.19383E-04
SCF Iteration 493: Energy = 10.5883956634377014 dE = -4.19383E-04
SCF Iteration 494: Energy = 10.5888150467174142 dE =  4.19383E-04
SCF Iteration 495: Energy = 10.5883956634376855 dE = -4.19383E-04
SCF Iteration 496: Energy = 10.5888150467173912 dE =  4.19383E-04
SCF Iteration 497: Energy = 10.5883956634376659 dE = -4.19383E-04
SCF Iteration 498: Energy = 10.5888150467173627 dE =  4.19383E-04
SCF Iteration 499: Energy = 10.5883956634376268 dE = -4.19383E-04
SCF Iteration 500: Energy = 10.5888150467173432 dE =  4.19383E-04
