
  Memory set to  55.879 GiB by Python driver.
  Threads set to 1 by Python driver.
Settings:
	LOT = CCSD-S1-U21
	wc = 20.0 eV
	lambda = [1.091182 0.       0.      ] a.u.
	Equivalent A0 = LAMBDA / sqrt(2 wc) = [0.9 0.  0. ])
doing QED-CCSD-1 (or QED-CCSD-21)
Number of occupied orbitals:   1
Number of basis functions:  60
SCF Iteration   1: Energy = 9.9358012120597117 dE =  9.93580E+00
SCF Iteration   2: Energy = 10.4627976668874645 dE =  5.26996E-01
SCF Iteration   3: Energy = 10.1472708505539515 dE = -3.15527E-01
SCF Iteration   4: Energy = 10.3985989160798908 dE =  2.51328E-01
SCF Iteration   5: Energy = 10.2974104663071113 dE = -1.01188E-01
SCF Iteration   6: Energy = 10.4057921806787803 dE =  1.08382E-01
SCF Iteration   7: Energy = 10.3720667537260738 dE = -3.37254E-02
SCF Iteration   8: Energy = 10.4168839721951798 dE =  4.48172E-02
SCF Iteration   9: Energy = 10.4045174570182439 dE = -1.23665E-02
SCF Iteration  10: Energy = 10.4214415678531722 dE =  1.69241E-02
SCF Iteration  11: Energy = 10.4155519532173493 dE = -5.88961E-03
SCF Iteration  12: Energy = 10.4198090575666598 dE =  4.25710E-03
SCF Iteration  13: Energy = 10.4155066750677019 dE = -4.30238E-03
SCF Iteration  14: Energy = 10.4137934338517333 dE = -1.71324E-03
SCF Iteration  15: Energy = 10.4095451168488022 dE = -4.24832E-03
SCF Iteration  16: Energy = 10.4049781064286258 dE = -4.56701E-03
SCF Iteration  17: Energy = 10.4004070965616044 dE = -4.57101E-03
SCF Iteration  18: Energy = 10.3945295514742639 dE = -5.87755E-03
SCF Iteration  19: Energy = 10.3896473215615757 dE = -4.88223E-03
SCF Iteration  20: Energy = 10.3832684717272059 dE = -6.37885E-03
SCF Iteration  21: Energy = 10.3781978440159435 dE = -5.07063E-03
SCF Iteration  22: Energy = 10.3717616129439296 dE = -6.43623E-03
SCF Iteration  23: Energy = 10.3666374177802485 dE = -5.12420E-03
SCF Iteration  24: Energy = 10.3603937281646949 dE = -6.24369E-03
SCF Iteration  25: Energy = 10.3553300414917508 dE = -5.06369E-03
SCF Iteration  26: Energy = 10.3494193575412972 dE = -5.91068E-03
SCF Iteration  27: Energy = 10.3445019836685361 dE = -4.91737E-03
SCF Iteration  28: Energy = 10.3389997447093318 dE = -5.50224E-03
SCF Iteration  29: Energy = 10.3342879097919003 dE = -4.71183E-03
SCF Iteration  30: Energy = 10.3292293974950784 dE = -5.05851E-03
SCF Iteration  31: Energy = 10.3247603001190651 dE = -4.46910E-03
SCF Iteration  32: Energy = 10.3201553972597200 dE = -4.60490E-03
SCF Iteration  33: Energy = 10.3159491275620265 dE = -4.20627E-03
SCF Iteration  34: Energy = 10.3117915326062075 dE = -4.15759E-03
SCF Iteration  35: Energy = 10.3078554570192971 dE = -3.93608E-03
SCF Iteration  36: Energy = 10.3041286713955493 dE = -3.72679E-03
SCF Iteration  37: Energy = 10.3004610333710289 dE = -3.66764E-03
SCF Iteration  38: Energy = 10.2971423630661683 dE = -3.31867E-03
SCF Iteration  39: Energy = 10.2937351101943104 dE = -3.40725E-03
SCF Iteration  40: Energy = 10.2907983859108860 dE = -2.93672E-03
SCF Iteration  41: Energy = 10.2876393258483319 dE = -3.15906E-03
SCF Iteration  42: Energy = 10.2850567642349287 dE = -2.58256E-03
SCF Iteration  43: Energy = 10.2821311728287412 dE = -2.92559E-03
SCF Iteration  44: Energy = 10.2798746457598114 dE = -2.25653E-03
SCF Iteration  45: Energy = 10.2771664433475305 dE = -2.70820E-03
SCF Iteration  46: Energy = 10.2752083315963372 dE = -1.95811E-03
SCF Iteration  47: Energy = 10.2727009264337070 dE = -2.50741E-03
SCF Iteration  48: Energy = 10.2710146783879281 dE = -1.68625E-03
SCF Iteration  49: Energy = 10.2686915575599969 dE = -2.32312E-03
SCF Iteration  50: Energy = 10.2672520377077454 dE = -1.43952E-03
SCF Iteration  51: Energy = 10.2650971689234751 dE = -2.15487E-03
SCF Iteration  52: Energy = 10.2638808566977229 dE = -1.21631E-03
SCF Iteration  53: Energy = 10.2618789500702903 dE = -2.00191E-03
SCF Iteration  54: Energy = 10.2608640328880014 dE = -1.01492E-03
SCF Iteration  55: Energy = 10.2590007002467836 dE = -1.86333E-03
SCF Iteration  56: Energy = 10.2581670926681063 dE = -8.33608E-04
SCF Iteration  57: Energy = 10.2564289328363429 dE = -1.73816E-03
SCF Iteration  58: Energy = 10.2557582451574802 dE = -6.70688E-04
SCF Iteration  59: Energy = 10.2541328765616555 dE = -1.62537E-03
SCF Iteration  60: Energy = 10.2536083498557833 dE = -5.24527E-04
SCF Iteration  61: Energy = 10.2520844064095762 dE = -1.52394E-03
SCF Iteration  62: Energy = 10.2516908263884279 dE = -3.93580E-04
SCF Iteration  63: Energy = 10.2502579284646771 dE = -1.43290E-03
SCF Iteration  64: Energy = 10.2499815270985053 dE = -2.76401E-04
SCF Iteration  65: Energy = 10.2486302362773358 dE = -1.35129E-03
SCF Iteration  66: Energy = 10.2484585875660947 dE = -1.71649E-04
SCF Iteration  67: Energy = 10.2471803514927480 dE = -1.27824E-03
SCF Iteration  68: Energy = 10.2471022658933144 dE = -7.80856E-05
SCF Iteration  69: Energy = 10.2458893578133505 dE = -1.21291E-03
SCF Iteration  70: Energy = 10.2458947784323176 dE =  5.42062E-06
SCF Iteration  71: Energy = 10.2447402346521059 dE = -1.15454E-03
SCF Iteration  72: Energy = 10.2448201372844778 dE =  7.99026E-05
SCF Iteration  73: Energy = 10.2437176948236086 dE = -1.10244E-03
SCF Iteration  74: Energy = 10.2438639931631386 dE =  1.46298E-04
SCF Iteration  75: Energy = 10.2428080291397166 dE = -1.05596E-03
SCF Iteration  76: Energy = 10.2430134859385369 dE =  2.05457E-04
SCF Iteration  77: Energy = 10.2419989596935128 dE = -1.01453E-03
SCF Iteration  78: Energy = 10.2422571042526478 dE =  2.58145E-04
SCF Iteration  79: Energy = 10.2412795028303822 dE = -9.77601E-04
SCF Iteration  80: Energy = 10.2415845549245432 dE =  3.05052E-04
SCF Iteration  81: Energy = 10.2406398422449616 dE = -9.44713E-04
SCF Iteration  82: Energy = 10.2409866423885170 dE =  3.46800E-04
SCF Iteration  83: Energy = 10.2400712122455460 dE = -9.15430E-04
SCF Iteration  84: Energy = 10.2404551580770686 dE =  3.83946E-04
SCF Iteration  85: Energy = 10.2395657909581885 dE = -8.89367E-04
SCF Iteration  86: Energy = 10.2399827794359979 dE =  4.16988E-04
SCF Iteration  87: Energy = 10.2391166030607330 dE = -8.66176E-04
SCF Iteration  88: Energy = 10.2395629781115360 dE =  4.46375E-04
SCF Iteration  89: Energy = 10.2387174315254903 dE = -8.45547E-04
SCF Iteration  90: Energy = 10.2391899367629389 dE =  4.72505E-04
SCF Iteration  91: Energy = 10.2383627377833974 dE = -8.27199E-04
SCF Iteration  92: Energy = 10.2388584739054611 dE =  4.95736E-04
SCF Iteration  93: Energy = 10.2380475896945029 dE = -8.10884E-04
SCF Iteration  94: Energy = 10.2385639761728768 dE =  5.16386E-04
SCF Iteration  95: Energy = 10.2377675967040709 dE = -7.96379E-04
SCF Iteration  96: Energy = 10.2383023373912714 dE =  5.34741E-04
SCF Iteration  97: Energy = 10.2375188515766240 dE = -7.83486E-04
SCF Iteration  98: Energy = 10.2380699038754202 dE =  5.51052E-04
SCF Iteration  99: Energy = 10.2372978781240285 dE = -7.72026E-04
SCF Iteration 100: Energy = 10.2378634253839174 dE =  5.65547E-04
SCF Iteration 101: Energy = 10.2371015843749404 dE = -7.61841E-04
SCF Iteration 102: Energy = 10.2376800112049420 dE =  5.78427E-04
SCF Iteration 103: Energy = 10.2369272206681927 dE = -7.52791E-04
SCF Iteration 104: Energy = 10.2375170908778621 dE =  5.89870E-04
SCF Iteration 105: Energy = 10.2367723421902781 dE = -7.44749E-04
SCF Iteration 106: Energy = 10.2373723790951203 dE =  6.00037E-04
SCF Iteration 107: Energy = 10.2366347755144993 dE = -7.37604E-04
SCF Iteration 108: Energy = 10.2372438443644072 dE =  6.09069E-04
SCF Iteration 109: Energy = 10.2365125887371882 dE = -7.31256E-04
SCF Iteration 110: Energy = 10.2371296810482715 dE =  6.17092E-04
SCF Iteration 111: Energy = 10.2364040648409649 dE = -7.25616E-04
SCF Iteration 112: Energy = 10.2370282844323413 dE =  6.24220E-04
SCF Iteration 113: Energy = 10.2363076779504816 dE = -7.20606E-04
SCF Iteration 114: Energy = 10.2369382285055508 dE =  6.30551E-04
SCF Iteration 115: Energy = 10.2362220721761261 dE = -7.16156E-04
SCF Iteration 116: Energy = 10.2368582461666850 dE =  6.36174E-04
SCF Iteration 117: Energy = 10.2361460427721962 dE = -7.12203E-04
SCF Iteration 118: Energy = 10.2367872115992196 dE =  6.41169E-04
SCF Iteration 119: Energy = 10.2360785193622341 dE = -7.08692E-04
SCF Iteration 120: Energy = 10.2367241245824641 dE =  6.45605E-04
SCF Iteration 121: Energy = 10.2360185510094706 dE = -7.05574E-04
SCF Iteration 122: Energy = 10.2366680965300567 dE =  6.49546E-04
SCF Iteration 123: Energy = 10.2359652929335212 dE = -7.02804E-04
SCF Iteration 124: Energy = 10.2366183380696825 dE =  6.53045E-04
SCF Iteration 125: Energy = 10.2359179946941943 dE = -7.00343E-04
SCF Iteration 126: Energy = 10.2365741479956540 dE =  6.56153E-04
SCF Iteration 127: Energy = 10.2358759896830094 dE = -6.98158E-04
SCF Iteration 128: Energy = 10.2365349034448077 dE =  6.58914E-04
SCF Iteration 129: Energy = 10.2358386857790844 dE = -6.96218E-04
SCF Iteration 130: Energy = 10.2365000511620199 dE =  6.61365E-04
SCF Iteration 131: Energy = 10.2358055570420881 dE = -6.94494E-04
SCF Iteration 132: Energy = 10.2364690997352845 dE =  6.63543E-04
SCF Iteration 133: Energy = 10.2357761363278037 dE = -6.92963E-04
SCF Iteration 134: Energy = 10.2364416126939037 dE =  6.65476E-04
SCF Iteration 135: Energy = 10.2357500087249846 dE = -6.91604E-04
SCF Iteration 136: Energy = 10.2364172023744615 dE =  6.67194E-04
SCF Iteration 137: Energy = 10.2357268057226296 dE = -6.90397E-04
SCF Iteration 138: Energy = 10.2363955244697404 dE =  6.68719E-04
SCF Iteration 139: Energy = 10.2357062000268062 dE = -6.89324E-04
SCF Iteration 140: Energy = 10.2363762731848595 dE =  6.70073E-04
SCF Iteration 141: Energy = 10.2356879009553055 dE = -6.88372E-04
SCF Iteration 142: Energy = 10.2363591769335933 dE =  6.71276E-04
SCF Iteration 143: Energy = 10.2356716503456262 dE = -6.87527E-04
SCF Iteration 144: Energy = 10.2363439945146357 dE =  6.72344E-04
SCF Iteration 145: Energy = 10.2356572189196626 dE = -6.86776E-04
SCF Iteration 146: Energy = 10.2363305117145416 dE =  6.73293E-04
SCF Iteration 147: Energy = 10.2356444030542963 dE = -6.86109E-04
SCF Iteration 148: Energy = 10.2363185382899680 dE =  6.74135E-04
SCF Iteration 149: Energy = 10.2356330219121823 dE = -6.85516E-04
SCF Iteration 150: Energy = 10.2363079052869530 dE =  6.74883E-04
SCF Iteration 151: Energy = 10.2356229148934794 dE = -6.84990E-04
SCF Iteration 152: Energy = 10.2362984626596791 dE =  6.75548E-04
SCF Iteration 153: Energy = 10.2356139393719481 dE = -6.84523E-04
SCF Iteration 154: Energy = 10.2362900771551750 dE =  6.76138E-04
SCF Iteration 155: Energy = 10.2356059686843359 dE = -6.84108E-04
SCF Iteration 156: Energy = 10.2362826304346797 dE =  6.76662E-04
SCF Iteration 157: Energy = 10.2355988903442388 dE = -6.83740E-04
SCF Iteration 158: Energy = 10.2362760174049185 dE =  6.77127E-04
SCF Iteration 159: Energy = 10.2355926044559755 dE = -6.83413E-04
SCF Iteration 160: Energy = 10.2362701447359168 dE =  6.77540E-04
SCF Iteration 161: Energy = 10.2355870223055749 dE = -6.83122E-04
SCF Iteration 162: Energy = 10.2362649295446850 dE =  6.77907E-04
SCF Iteration 163: Energy = 10.2355820651094156 dE = -6.82864E-04
SCF Iteration 164: Energy = 10.2362602982260089 dE =  6.78233E-04
SCF Iteration 165: Energy = 10.2355776629030473 dE = -6.82635E-04
SCF Iteration 166: Energy = 10.2362561854142307 dE =  6.78523E-04
SCF Iteration 167: Energy = 10.2355737535539095 dE = -6.82432E-04
SCF Iteration 168: Energy = 10.2362525330609522 dE =  6.78780E-04
SCF Iteration 169: Energy = 10.2355702818849750 dE = -6.82251E-04
SCF Iteration 170: Energy = 10.2362492896159889 dE =  6.79008E-04
SCF Iteration 171: Energy = 10.2355671988960069 dE = -6.82091E-04
SCF Iteration 172: Energy = 10.2362464093001542 dE =  6.79210E-04
SCF Iteration 173: Energy = 10.2355644610723395 dE = -6.81948E-04
SCF Iteration 174: Energy = 10.2362438514591680 dE =  6.79390E-04
SCF Iteration 175: Energy = 10.2355620297707155 dE = -6.81822E-04
SCF Iteration 176: Energy = 10.2362415799900024 dE =  6.79550E-04
SCF Iteration 177: Energy = 10.2355598706740594 dE = -6.81709E-04
SCF Iteration 178: Energy = 10.2362395628314928 dE =  6.79692E-04
SCF Iteration 179: Energy = 10.2355579533071879 dE = -6.81610E-04
SCF Iteration 180: Energy = 10.2362377715117852 dE =  6.79818E-04
SCF Iteration 181: Energy = 10.2355562506067521 dE = -6.81521E-04
SCF Iteration 182: Energy = 10.2362361807464932 dE =  6.79930E-04
SCF Iteration 183: Energy = 10.2355547385391308 dE = -6.81442E-04
SCF Iteration 184: Energy = 10.2362347680820456 dE =  6.80030E-04
SCF Iteration 185: Energy = 10.2355533957615386 dE = -6.81372E-04
SCF Iteration 186: Energy = 10.2362335135786076 dE =  6.80118E-04
SCF Iteration 187: Energy = 10.2355522033205482 dE = -6.81310E-04
SCF Iteration 188: Energy = 10.2362323995286779 dE =  6.80196E-04
SCF Iteration 189: Energy = 10.2355511443846368 dE = -6.81255E-04
SCF Iteration 190: Energy = 10.2362314102072958 dE =  6.80266E-04
SCF Iteration 191: Energy = 10.2355502040067812 dE = -6.81206E-04
SCF Iteration 192: Energy = 10.2362305316500226 dE =  6.80328E-04
SCF Iteration 193: Energy = 10.2355493689133770 dE = -6.81163E-04
SCF Iteration 194: Energy = 10.2362297514558076 dE =  6.80383E-04
SCF Iteration 195: Energy = 10.2355486273168612 dE = -6.81124E-04
SCF Iteration 196: Energy = 10.2362290586119968 dE =  6.80431E-04
SCF Iteration 197: Energy = 10.2355479687493833 dE = -6.81090E-04
SCF Iteration 198: Energy = 10.2362284433389199 dE =  6.80475E-04
SCF Iteration 199: Energy = 10.2355473839150690 dE = -6.81059E-04
SCF Iteration 200: Energy = 10.2362278969517604 dE =  6.80513E-04
SCF Iteration 201: Energy = 10.2355468645587706 dE = -6.81032E-04
SCF Iteration 202: Energy = 10.2362274117381116 dE =  6.80547E-04
SCF Iteration 203: Energy = 10.2355464033496144 dE = -6.81008E-04
SCF Iteration 204: Energy = 10.2362269808489721 dE =  6.80577E-04
SCF Iteration 205: Energy = 10.2355459937774498 dE = -6.80987E-04
SCF Iteration 206: Energy = 10.2362265982022400 dE =  6.80604E-04
SCF Iteration 207: Energy = 10.2355456300610488 dE = -6.80968E-04
SCF Iteration 208: Energy = 10.2362262583966803 dE =  6.80628E-04
SCF Iteration 209: Energy = 10.2355453070663529 dE = -6.80951E-04
SCF Iteration 210: Energy = 10.2362259566358098 dE =  6.80650E-04
SCF Iteration 211: Energy = 10.2355450202341984 dE = -6.80936E-04
SCF Iteration 212: Energy = 10.2362256886601006 dE =  6.80668E-04
SCF Iteration 213: Energy = 10.2355447655158507 dE = -6.80923E-04
SCF Iteration 214: Energy = 10.2362254506870158 dE =  6.80685E-04
SCF Iteration 215: Energy = 10.2355445393157822 dE = -6.80911E-04
SCF Iteration 216: Energy = 10.2362252393574629 dE =  6.80700E-04
SCF Iteration 217: Energy = 10.2355443384411338 dE = -6.80901E-04
SCF Iteration 218: Energy = 10.2362250516883968 dE =  6.80713E-04
SCF Iteration 219: Energy = 10.2355441600564632 dE = -6.80892E-04
SCF Iteration 220: Energy = 10.2362248850308042 dE =  6.80725E-04
SCF Iteration 221: Energy = 10.2355440016437758 dE = -6.80883E-04
SCF Iteration 222: Energy = 10.2362247370322166 dE =  6.80735E-04
SCF Iteration 223: Energy = 10.2355438609670024 dE = -6.80876E-04
SCF Iteration 224: Energy = 10.2362246056036224 dE =  6.80745E-04
SCF Iteration 225: Energy = 10.2355437360404515 dE = -6.80870E-04
SCF Iteration 226: Energy = 10.2362244888897820 dE =  6.80753E-04
SCF Iteration 227: Energy = 10.2355436251006928 dE = -6.80864E-04
SCF Iteration 228: Energy = 10.2362243852432826 dE =  6.80760E-04
SCF Iteration 229: Energy = 10.2355435265818091 dE = -6.80859E-04
SCF Iteration 230: Energy = 10.2362242932010652 dE =  6.80767E-04
SCF Iteration 231: Energy = 10.2355434390931030 dE = -6.80854E-04
SCF Iteration 232: Energy = 10.2362242114639095 dE =  6.80772E-04
SCF Iteration 233: Energy = 10.2355433613996780 dE = -6.80850E-04
SCF Iteration 234: Energy = 10.2362241388780717 dE =  6.80777E-04
SCF Iteration 235: Energy = 10.2355432924048291 dE = -6.80846E-04
SCF Iteration 236: Energy = 10.2362240744189847 dE =  6.80782E-04
SCF Iteration 237: Energy = 10.2355432311346437 dE = -6.80843E-04
SCF Iteration 238: Energy = 10.2362240171767489 dE =  6.80786E-04
SCF Iteration 239: Energy = 10.2355431767243097 dE = -6.80840E-04
SCF Iteration 240: Energy = 10.2362239663433474 dE =  6.80790E-04
SCF Iteration 241: Energy = 10.2355431284057641 dE = -6.80838E-04
SCF Iteration 242: Energy = 10.2362239212013009 dE =  6.80793E-04
SCF Iteration 243: Energy = 10.2355430854969889 dE = -6.80836E-04
SCF Iteration 244: Energy = 10.2362238811133786 dE =  6.80796E-04
SCF Iteration 245: Energy = 10.2355430473922961 dE = -6.80834E-04
SCF Iteration 246: Energy = 10.2362238455137025 dE =  6.80798E-04
SCF Iteration 247: Energy = 10.2355430135538050 dE = -6.80832E-04
SCF Iteration 248: Energy = 10.2362238138997732 dE =  6.80800E-04
SCF Iteration 249: Energy = 10.2355429835038905 dE = -6.80830E-04
SCF Iteration 250: Energy = 10.2362237858253238 dE =  6.80802E-04
SCF Iteration 251: Energy = 10.2355429568183673 dE = -6.80829E-04
SCF Iteration 252: Energy = 10.2362237608941395 dE =  6.80804E-04
SCF Iteration 253: Energy = 10.2355429331205698 dE = -6.80828E-04
SCF Iteration 254: Energy = 10.2362237387542443 dE =  6.80806E-04
SCF Iteration 255: Energy = 10.2355429120759851 dE = -6.80827E-04
SCF Iteration 256: Energy = 10.2362237190931538 dE =  6.80807E-04
SCF Iteration 257: Energy = 10.2355428933875849 dE = -6.80826E-04
SCF Iteration 258: Energy = 10.2362237016333175 dE =  6.80808E-04
SCF Iteration 259: Energy = 10.2355428767915004 dE = -6.80825E-04
SCF Iteration 260: Energy = 10.2362236861282856 dE =  6.80809E-04
SCF Iteration 261: Energy = 10.2355428620535278 dE = -6.80824E-04
SCF Iteration 262: Energy = 10.2362236723591966 dE =  6.80810E-04
SCF Iteration 263: Energy = 10.2355428489656148 dE = -6.80823E-04
SCF Iteration 264: Energy = 10.2362236601316958 dE =  6.80811E-04
SCF Iteration 265: Energy = 10.2355428373430506 dE = -6.80823E-04
SCF Iteration 266: Energy = 10.2362236492732084 dE =  6.80812E-04
SCF Iteration 267: Energy = 10.2355428270217459 dE = -6.80822E-04
SCF Iteration 268: Energy = 10.2362236396304080 dE =  6.80813E-04
SCF Iteration 269: Energy = 10.2355428178560199 dE = -6.80822E-04
SCF Iteration 270: Energy = 10.2362236310672507 dE =  6.80813E-04
SCF Iteration 271: Energy = 10.2355428097165060 dE = -6.80821E-04
SCF Iteration 272: Energy = 10.2362236234628199 dE =  6.80814E-04
SCF Iteration 273: Energy = 10.2355428024882684 dE = -6.80821E-04
SCF Iteration 274: Energy = 10.2362236167097844 dE =  6.80814E-04
SCF Iteration 275: Energy = 10.2355427960693426 dE = -6.80821E-04
SCF Iteration 276: Energy = 10.2362236107128357 dE =  6.80815E-04
SCF Iteration 277: Energy = 10.2355427903690597 dE = -6.80820E-04
SCF Iteration 278: Energy = 10.2362236053872664 dE =  6.80815E-04
SCF Iteration 279: Energy = 10.2355427853069525 dE = -6.80820E-04
SCF Iteration 280: Energy = 10.2362236006579721 dE =  6.80815E-04
SCF Iteration 281: Energy = 10.2355427808116328 dE = -6.80820E-04
SCF Iteration 282: Energy = 10.2362235964581636 dE =  6.80816E-04
SCF Iteration 283: Energy = 10.2355427768196137 dE = -6.80820E-04
SCF Iteration 284: Energy = 10.2362235927285852 dE =  6.80816E-04
SCF Iteration 285: Energy = 10.2355427732745063 dE = -6.80819E-04
SCF Iteration 286: Energy = 10.2362235894165607 dE =  6.80816E-04
SCF Iteration 287: Energy = 10.2355427701263366 dE = -6.80819E-04
SCF Iteration 288: Energy = 10.2362235864753330 dE =  6.80816E-04
SCF Iteration 289: Energy = 10.2355427673306298 dE = -6.80819E-04
SCF Iteration 290: Energy = 10.2362235838634419 dE =  6.80817E-04
SCF Iteration 291: Energy = 10.2355427648479651 dE = -6.80819E-04
SCF Iteration 292: Energy = 10.2362235815439675 dE =  6.80817E-04
SCF Iteration 293: Energy = 10.2355427626432416 dE = -6.80819E-04
SCF Iteration 294: Energy = 10.2362235794841681 dE =  6.80817E-04
SCF Iteration 295: Energy = 10.2355427606853695 dE = -6.80819E-04
SCF Iteration 296: Energy = 10.2362235776549859 dE =  6.80817E-04
SCF Iteration 297: Energy = 10.2355427589466519 dE = -6.80819E-04
SCF Iteration 298: Energy = 10.2362235760306319 dE =  6.80817E-04
SCF Iteration 299: Energy = 10.2355427574026603 dE = -6.80819E-04
SCF Iteration 300: Energy = 10.2362235745881112 dE =  6.80817E-04
SCF Iteration 301: Energy = 10.2355427560315029 dE = -6.80819E-04
SCF Iteration 302: Energy = 10.2362235733071039 dE =  6.80817E-04
SCF Iteration 303: Energy = 10.2355427548138529 dE = -6.80818E-04
SCF Iteration 304: Energy = 10.2362235721695143 dE =  6.80817E-04
SCF Iteration 305: Energy = 10.2355427537325525 dE = -6.80818E-04
SCF Iteration 306: Energy = 10.2362235711593019 dE =  6.80817E-04
SCF Iteration 307: Energy = 10.2355427527723002 dE = -6.80818E-04
SCF Iteration 308: Energy = 10.2362235702621724 dE =  6.80817E-04
SCF Iteration 309: Energy = 10.2355427519195743 dE = -6.80818E-04
SCF Iteration 310: Energy = 10.2362235694655084 dE =  6.80818E-04
SCF Iteration 311: Energy = 10.2355427511623169 dE = -6.80818E-04
SCF Iteration 312: Energy = 10.2362235687580316 dE =  6.80818E-04
SCF Iteration 313: Energy = 10.2355427504898202 dE = -6.80818E-04
SCF Iteration 314: Energy = 10.2362235681297591 dE =  6.80818E-04
SCF Iteration 315: Energy = 10.2355427498926232 dE = -6.80818E-04
SCF Iteration 316: Energy = 10.2362235675718178 dE =  6.80818E-04
SCF Iteration 317: Energy = 10.2355427493623043 dE = -6.80818E-04
SCF Iteration 318: Energy = 10.2362235670763795 dE =  6.80818E-04
SCF Iteration 319: Energy = 10.2355427488913620 dE = -6.80818E-04
SCF Iteration 320: Energy = 10.2362235666363546 dE =  6.80818E-04
SCF Iteration 321: Energy = 10.2355427484731418 dE = -6.80818E-04
SCF Iteration 322: Energy = 10.2362235662456236 dE =  6.80818E-04
SCF Iteration 323: Energy = 10.2355427481017518 dE = -6.80818E-04
SCF Iteration 324: Energy = 10.2362235658986656 dE =  6.80818E-04
SCF Iteration 325: Energy = 10.2355427477719338 dE = -6.80818E-04
SCF Iteration 326: Energy = 10.2362235655905280 dE =  6.80818E-04
SCF Iteration 327: Energy = 10.2355427474790552 dE = -6.80818E-04
SCF Iteration 328: Energy = 10.2362235653168980 dE =  6.80818E-04
SCF Iteration 329: Energy = 10.2355427472189522 dE = -6.80818E-04
SCF Iteration 330: Energy = 10.2362235650738747 dE =  6.80818E-04
SCF Iteration 331: Energy = 10.2355427469879707 dE = -6.80818E-04
SCF Iteration 332: Energy = 10.2362235648580846 dE =  6.80818E-04
SCF Iteration 333: Energy = 10.2355427467828495 dE = -6.80818E-04
SCF Iteration 334: Energy = 10.2362235646664743 dE =  6.80818E-04
SCF Iteration 335: Energy = 10.2355427466006823 dE = -6.80818E-04
SCF Iteration 336: Energy = 10.2362235644962905 dE =  6.80818E-04
SCF Iteration 337: Energy = 10.2355427464389273 dE = -6.80818E-04
SCF Iteration 338: Energy = 10.2362235643451740 dE =  6.80818E-04
SCF Iteration 339: Energy = 10.2355427462952839 dE = -6.80818E-04
SCF Iteration 340: Energy = 10.2362235642109614 dE =  6.80818E-04
SCF Iteration 341: Energy = 10.2355427461677415 dE = -6.80818E-04
SCF Iteration 342: Energy = 10.2362235640917945 dE =  6.80818E-04
SCF Iteration 343: Energy = 10.2355427460544490 dE = -6.80818E-04
SCF Iteration 344: Energy = 10.2362235639859378 dE =  6.80818E-04
SCF Iteration 345: Energy = 10.2355427459538380 dE = -6.80818E-04
SCF Iteration 346: Energy = 10.2362235638919756 dE =  6.80818E-04
SCF Iteration 347: Energy = 10.2355427458645032 dE = -6.80818E-04
SCF Iteration 348: Energy = 10.2362235638084833 dE =  6.80818E-04
SCF Iteration 349: Energy = 10.2355427457851604 dE = -6.80818E-04
SCF Iteration 350: Energy = 10.2362235637343808 dE =  6.80818E-04
SCF Iteration 351: Energy = 10.2355427457147314 dE = -6.80818E-04
SCF Iteration 352: Energy = 10.2362235636685668 dE =  6.80818E-04
SCF Iteration 353: Energy = 10.2355427456521539 dE = -6.80818E-04
SCF Iteration 354: Energy = 10.2362235636101104 dE =  6.80818E-04
SCF Iteration 355: Energy = 10.2355427455966073 dE = -6.80818E-04
SCF Iteration 356: Energy = 10.2362235635581982 dE =  6.80818E-04
SCF Iteration 357: Energy = 10.2355427455472530 dE = -6.80818E-04
SCF Iteration 358: Energy = 10.2362235635121124 dE =  6.80818E-04
SCF Iteration 359: Energy = 10.2355427455034516 dE = -6.80818E-04
SCF Iteration 360: Energy = 10.2362235634711780 dE =  6.80818E-04
SCF Iteration 361: Energy = 10.2355427454645351 dE = -6.80818E-04
SCF Iteration 362: Energy = 10.2362235634348124 dE =  6.80818E-04
SCF Iteration 363: Energy = 10.2355427454299921 dE = -6.80818E-04
SCF Iteration 364: Energy = 10.2362235634025307 dE =  6.80818E-04
SCF Iteration 365: Energy = 10.2355427453992878 dE = -6.80818E-04
SCF Iteration 366: Energy = 10.2362235633738692 dE =  6.80818E-04
SCF Iteration 367: Energy = 10.2355427453720225 dE = -6.80818E-04
SCF Iteration 368: Energy = 10.2362235633483962 dE =  6.80818E-04
SCF Iteration 369: Energy = 10.2355427453478303 dE = -6.80818E-04
SCF Iteration 370: Energy = 10.2362235633258010 dE =  6.80818E-04
SCF Iteration 371: Energy = 10.2355427453263523 dE = -6.80818E-04
SCF Iteration 372: Energy = 10.2362235633057246 dE =  6.80818E-04
SCF Iteration 373: Energy = 10.2355427453072849 dE = -6.80818E-04
SCF Iteration 374: Energy = 10.2362235632879006 dE =  6.80818E-04
SCF Iteration 375: Energy = 10.2355427452903314 dE = -6.80818E-04
SCF Iteration 376: Energy = 10.2362235632720804 dE =  6.80818E-04
SCF Iteration 377: Energy = 10.2355427452752767 dE = -6.80818E-04
SCF Iteration 378: Energy = 10.2362235632580116 dE =  6.80818E-04
SCF Iteration 379: Energy = 10.2355427452619061 dE = -6.80818E-04
SCF Iteration 380: Energy = 10.2362235632455167 dE =  6.80818E-04
SCF Iteration 381: Energy = 10.2355427452500809 dE = -6.80818E-04
SCF Iteration 382: Energy = 10.2362235632344447 dE =  6.80818E-04
SCF Iteration 383: Energy = 10.2355427452395080 dE = -6.80818E-04
SCF Iteration 384: Energy = 10.2362235632245930 dE =  6.80818E-04
SCF Iteration 385: Energy = 10.2355427452301573 dE = -6.80818E-04
SCF Iteration 386: Energy = 10.2362235632158587 dE =  6.80818E-04
SCF Iteration 387: Energy = 10.2355427452218422 dE = -6.80818E-04
SCF Iteration 388: Energy = 10.2362235632080854 dE =  6.80818E-04
SCF Iteration 389: Energy = 10.2355427452144596 dE = -6.80818E-04
SCF Iteration 390: Energy = 10.2362235632011789 dE =  6.80818E-04
SCF Iteration 391: Energy = 10.2355427452079031 dE = -6.80818E-04
SCF Iteration 392: Energy = 10.2362235631950540 dE =  6.80818E-04
SCF Iteration 393: Energy = 10.2355427452020962 dE = -6.80818E-04
SCF Iteration 394: Energy = 10.2362235631896059 dE =  6.80818E-04
SCF Iteration 395: Energy = 10.2355427451969057 dE = -6.80818E-04
SCF Iteration 396: Energy = 10.2362235631847796 dE =  6.80818E-04
SCF Iteration 397: Energy = 10.2355427451923156 dE = -6.80818E-04
SCF Iteration 398: Energy = 10.2362235631805056 dE =  6.80818E-04
SCF Iteration 399: Energy = 10.2355427451882477 dE = -6.80818E-04
SCF Iteration 400: Energy = 10.2362235631766900 dE =  6.80818E-04
SCF Iteration 401: Energy = 10.2355427451846133 dE = -6.80818E-04
SCF Iteration 402: Energy = 10.2362235631733220 dE =  6.80818E-04
SCF Iteration 403: Energy = 10.2355427451814087 dE = -6.80818E-04
SCF Iteration 404: Energy = 10.2362235631703058 dE =  6.80818E-04
SCF Iteration 405: Energy = 10.2355427451785523 dE = -6.80818E-04
SCF Iteration 406: Energy = 10.2362235631676484 dE =  6.80818E-04
SCF Iteration 407: Energy = 10.2355427451760423 dE = -6.80818E-04
SCF Iteration 408: Energy = 10.2362235631652609 dE =  6.80818E-04
SCF Iteration 409: Energy = 10.2355427451737491 dE = -6.80818E-04
SCF Iteration 410: Energy = 10.2362235631631826 dE =  6.80818E-04
SCF Iteration 411: Energy = 10.2355427451717880 dE = -6.80818E-04
SCF Iteration 412: Energy = 10.2362235631612872 dE =  6.80818E-04
SCF Iteration 413: Energy = 10.2355427451699903 dE = -6.80818E-04
SCF Iteration 414: Energy = 10.2362235631596423 dE =  6.80818E-04
SCF Iteration 415: Energy = 10.2355427451684182 dE = -6.80818E-04
SCF Iteration 416: Energy = 10.2362235631581662 dE =  6.80818E-04
SCF Iteration 417: Energy = 10.2355427451670238 dE = -6.80818E-04
SCF Iteration 418: Energy = 10.2362235631568712 dE =  6.80818E-04
SCF Iteration 419: Energy = 10.2355427451657910 dE = -6.80818E-04
SCF Iteration 420: Energy = 10.2362235631556917 dE =  6.80818E-04
SCF Iteration 421: Energy = 10.2355427451646719 dE = -6.80818E-04
SCF Iteration 422: Energy = 10.2362235631546561 dE =  6.80818E-04
SCF Iteration 423: Energy = 10.2355427451636771 dE = -6.80818E-04
SCF Iteration 424: Energy = 10.2362235631537413 dE =  6.80818E-04
SCF Iteration 425: Energy = 10.2355427451628280 dE = -6.80818E-04
SCF Iteration 426: Energy = 10.2362235631529330 dE =  6.80818E-04
SCF Iteration 427: Energy = 10.2355427451620482 dE = -6.80818E-04
SCF Iteration 428: Energy = 10.2362235631521905 dE =  6.80818E-04
SCF Iteration 429: Energy = 10.2355427451613661 dE = -6.80818E-04
SCF Iteration 430: Energy = 10.2362235631515777 dE =  6.80818E-04
SCF Iteration 431: Energy = 10.2355427451607568 dE = -6.80818E-04
SCF Iteration 432: Energy = 10.2362235631510075 dE =  6.80818E-04
SCF Iteration 433: Energy = 10.2355427451602186 dE = -6.80818E-04
SCF Iteration 434: Energy = 10.2362235631504852 dE =  6.80818E-04
SCF Iteration 435: Energy = 10.2355427451597318 dE = -6.80818E-04
SCF Iteration 436: Energy = 10.2362235631500482 dE =  6.80818E-04
SCF Iteration 437: Energy = 10.2355427451593108 dE = -6.80818E-04
SCF Iteration 438: Energy = 10.2362235631496681 dE =  6.80818E-04
SCF Iteration 439: Energy = 10.2355427451589165 dE = -6.80818E-04
SCF Iteration 440: Energy = 10.2362235631492844 dE =  6.80818E-04
SCF Iteration 441: Energy = 10.2355427451585843 dE = -6.80818E-04
SCF Iteration 442: Energy = 10.2362235631489789 dE =  6.80818E-04
SCF Iteration 443: Energy = 10.2355427451582806 dE = -6.80818E-04
SCF Iteration 444: Energy = 10.2362235631486929 dE =  6.80818E-04
SCF Iteration 445: Energy = 10.2355427451580141 dE = -6.80818E-04
SCF Iteration 446: Energy = 10.2362235631484477 dE =  6.80818E-04
SCF Iteration 447: Energy = 10.2355427451577885 dE = -6.80818E-04
SCF Iteration 448: Energy = 10.2362235631482257 dE =  6.80818E-04
SCF Iteration 449: Energy = 10.2355427451575629 dE = -6.80818E-04
SCF Iteration 450: Energy = 10.2362235631480356 dE =  6.80818E-04
SCF Iteration 451: Energy = 10.2355427451573817 dE = -6.80818E-04
SCF Iteration 452: Energy = 10.2362235631478669 dE =  6.80818E-04
SCF Iteration 453: Energy = 10.2355427451572289 dE = -6.80818E-04
SCF Iteration 454: Energy = 10.2362235631477088 dE =  6.80818E-04
SCF Iteration 455: Energy = 10.2355427451570602 dE = -6.80818E-04
SCF Iteration 456: Energy = 10.2362235631475791 dE =  6.80818E-04
SCF Iteration 457: Energy = 10.2355427451569359 dE = -6.80818E-04
SCF Iteration 458: Energy = 10.2362235631474618 dE =  6.80818E-04
SCF Iteration 459: Energy = 10.2355427451568328 dE = -6.80818E-04
SCF Iteration 460: Energy = 10.2362235631473446 dE =  6.80818E-04
SCF Iteration 461: Energy = 10.2355427451567245 dE = -6.80818E-04
SCF Iteration 462: Energy = 10.2362235631472380 dE =  6.80818E-04
SCF Iteration 463: Energy = 10.2355427451566499 dE = -6.80818E-04
SCF Iteration 464: Energy = 10.2362235631471741 dE =  6.80818E-04
SCF Iteration 465: Energy = 10.2355427451565717 dE = -6.80818E-04
SCF Iteration 466: Energy = 10.2362235631470817 dE =  6.80818E-04
SCF Iteration 467: Energy = 10.2355427451564971 dE = -6.80818E-04
SCF Iteration 468: Energy = 10.2362235631470266 dE =  6.80818E-04
SCF Iteration 469: Energy = 10.2355427451564136 dE = -6.80818E-04
SCF Iteration 470: Energy = 10.2362235631469574 dE =  6.80818E-04
SCF Iteration 471: Energy = 10.2355427451563585 dE = -6.80818E-04
SCF Iteration 472: Energy = 10.2362235631468987 dE =  6.80818E-04
SCF Iteration 473: Energy = 10.2355427451563159 dE = -6.80818E-04
SCF Iteration 474: Energy = 10.2362235631468614 dE =  6.80818E-04
SCF Iteration 475: Energy = 10.2355427451562626 dE = -6.80818E-04
SCF Iteration 476: Energy = 10.2362235631467975 dE =  6.80818E-04
SCF Iteration 477: Energy = 10.2355427451562413 dE = -6.80818E-04
SCF Iteration 478: Energy = 10.2362235631467691 dE =  6.80818E-04
SCF Iteration 479: Energy = 10.2355427451561880 dE = -6.80818E-04
SCF Iteration 480: Energy = 10.2362235631467335 dE =  6.80818E-04
SCF Iteration 481: Energy = 10.2355427451561756 dE = -6.80818E-04
SCF Iteration 482: Energy = 10.2362235631467087 dE =  6.80818E-04
SCF Iteration 483: Energy = 10.2355427451561098 dE = -6.80818E-04
SCF Iteration 484: Energy = 10.2362235631466731 dE =  6.80818E-04
SCF Iteration 485: Energy = 10.2355427451561045 dE = -6.80818E-04
SCF Iteration 486: Energy = 10.2362235631466767 dE =  6.80818E-04
SCF Iteration 487: Energy = 10.2355427451560885 dE = -6.80818E-04
SCF Iteration 488: Energy = 10.2362235631466412 dE =  6.80818E-04
SCF Iteration 489: Energy = 10.2355427451560637 dE = -6.80818E-04
SCF Iteration 490: Energy = 10.2362235631466110 dE =  6.80818E-04
SCF Iteration 491: Energy = 10.2355427451560743 dE = -6.80818E-04
SCF Iteration 492: Energy = 10.2362235631466092 dE =  6.80818E-04
SCF Iteration 493: Energy = 10.2355427451560406 dE = -6.80818E-04
SCF Iteration 494: Energy = 10.2362235631465825 dE =  6.80818E-04
SCF Iteration 495: Energy = 10.2355427451560299 dE = -6.80818E-04
SCF Iteration 496: Energy = 10.2362235631465808 dE =  6.80818E-04
SCF Iteration 497: Energy = 10.2355427451560033 dE = -6.80818E-04
SCF Iteration 498: Energy = 10.2362235631465541 dE =  6.80818E-04
SCF Iteration 499: Energy = 10.2355427451559855 dE = -6.80818E-04
SCF Iteration 500: Energy = 10.2362235631465630 dE =  6.80818E-04
