
  Memory set to  55.879 GiB by Python driver.
  Threads set to 1 by Python driver.
Settings:
	LOT = CCSD-S1-U21
	wc = 20.0 eV
	lambda = [1.091182 0.       0.      ] a.u.
	Equivalent A0 = LAMBDA / sqrt(2 wc) = [0.9 0.  0. ])
doing QED-CCSD-1 (or QED-CCSD-21)
Number of occupied orbitals:   1
Number of basis functions:  60
SCF Iteration   1: Energy = 3.2829118221049707 dE =  3.28291E+00
SCF Iteration   2: Energy = 3.9529613372823871 dE =  6.70050E-01
SCF Iteration   3: Energy = 3.4526041469197737 dE = -5.00357E-01
SCF Iteration   4: Energy = 3.8544938518499205 dE =  4.01890E-01
SCF Iteration   5: Energy = 3.4955844496422168 dE = -3.58909E-01
SCF Iteration   6: Energy = 3.8243447962122357 dE =  3.28760E-01
SCF Iteration   7: Energy = 3.5005343401008053 dE = -3.23810E-01
SCF Iteration   8: Energy = 3.8071192719436575 dE =  3.06585E-01
SCF Iteration   9: Energy = 3.4944175160315232 dE = -3.12702E-01
SCF Iteration  10: Energy = 3.7941910577491393 dE =  2.99774E-01
SCF Iteration  11: Energy = 3.4854108673507000 dE = -3.08780E-01
SCF Iteration  12: Energy = 3.7837785804061403 dE =  2.98368E-01
SCF Iteration  13: Energy = 3.4764076003995590 dE = -3.07371E-01
SCF Iteration  14: Energy = 3.7753533813990510 dE =  2.98946E-01
SCF Iteration  15: Energy = 3.4684254582839049 dE = -3.06928E-01
SCF Iteration  16: Energy = 3.7686121175014584 dE =  3.00187E-01
SCF Iteration  17: Energy = 3.4617400856942950 dE = -3.06872E-01
SCF Iteration  18: Energy = 3.7632872916250757 dE =  3.01547E-01
SCF Iteration  19: Energy = 3.4563212137986832 dE = -3.06966E-01
SCF Iteration  20: Energy = 3.7591275692163810 dE =  3.02806E-01
SCF Iteration  21: Energy = 3.4520198794532422 dE = -3.07108E-01
SCF Iteration  22: Energy = 3.7559062507865386 dE =  3.03886E-01
SCF Iteration  23: Energy = 3.4486537124261809 dE = -3.07253E-01
SCF Iteration  24: Energy = 3.7534282052158137 dE =  3.04774E-01
SCF Iteration  25: Energy = 3.4460454987519684 dE = -3.07383E-01
SCF Iteration  26: Energy = 3.7515314792868502 dE =  3.05486E-01
SCF Iteration  27: Energy = 3.4440389509462737 dE = -3.07493E-01
SCF Iteration  28: Energy = 3.7500851547382856 dE =  3.06046E-01
SCF Iteration  29: Energy = 3.4425032687073980 dE = -3.07582E-01
SCF Iteration  30: Energy = 3.7489853783493539 dE =  3.06482E-01
SCF Iteration  31: Energy = 3.4413324248049788 dE = -3.07653E-01
SCF Iteration  32: Energy = 3.7481508739934659 dE =  3.06818E-01
SCF Iteration  33: Energy = 3.4404422504760994 dE = -3.07709E-01
SCF Iteration  34: Energy = 3.7475186534605851 dE =  3.07076E-01
SCF Iteration  35: Energy = 3.4397668755310176 dE = -3.07752E-01
SCF Iteration  36: Energy = 3.7470402478207685 dE =  3.07273E-01
SCF Iteration  37: Energy = 3.4392552639190761 dE = -3.07785E-01
SCF Iteration  38: Energy = 3.7466785547521400 dE =  3.07423E-01
SCF Iteration  39: Energy = 3.4388681554264338 dE = -3.07810E-01
SCF Iteration  40: Energy = 3.7464052819607048 dE =  3.07537E-01
SCF Iteration  41: Energy = 3.4385755051112756 dE = -3.07830E-01
SCF Iteration  42: Energy = 3.7461989165729914 dE =  3.07623E-01
SCF Iteration  43: Energy = 3.4383544075603742 dE = -3.07845E-01
SCF Iteration  44: Energy = 3.7460431352181831 dE =  3.07689E-01
SCF Iteration  45: Energy = 3.4381874492156412 dE = -3.07856E-01
SCF Iteration  46: Energy = 3.7459255716800914 dE =  3.07738E-01
SCF Iteration  47: Energy = 3.4380614190876404 dE = -3.07864E-01
SCF Iteration  48: Energy = 3.7458368686069132 dE =  3.07775E-01
SCF Iteration  49: Energy = 3.4379663099651880 dE = -3.07871E-01
SCF Iteration  50: Energy = 3.7457699516381360 dE =  3.07804E-01
SCF Iteration  51: Energy = 3.4378945501832181 dE = -3.07875E-01
SCF Iteration  52: Energy = 3.7457194759228427 dE =  3.07825E-01
SCF Iteration  53: Energy = 3.4378404157788207 dE = -3.07879E-01
SCF Iteration  54: Energy = 3.7456814052867751 dE =  3.07841E-01
SCF Iteration  55: Energy = 3.4377995823769005 dE = -3.07882E-01
SCF Iteration  56: Energy = 3.7456526929313547 dE =  3.07853E-01
SCF Iteration  57: Energy = 3.4377687845417748 dE = -3.07884E-01
SCF Iteration  58: Energy = 3.7456310395482060 dE =  3.07862E-01
SCF Iteration  59: Energy = 3.4377455573553877 dE = -3.07885E-01
SCF Iteration  60: Energy = 3.7456147102933222 dE =  3.07869E-01
SCF Iteration  61: Energy = 3.4377280406737292 dE = -3.07887E-01
SCF Iteration  62: Energy = 3.7456023964192120 dE =  3.07874E-01
SCF Iteration  63: Energy = 3.4377148310282357 dE = -3.07888E-01
SCF Iteration  64: Energy = 3.7455931107364906 dE =  3.07878E-01
SCF Iteration  65: Energy = 3.4377048696703554 dE = -3.07888E-01
SCF Iteration  66: Energy = 3.7455861086728639 dE =  3.07881E-01
SCF Iteration  67: Energy = 3.4376973579925436 dE = -3.07889E-01
SCF Iteration  68: Energy = 3.7455808286832317 dE =  3.07883E-01
SCF Iteration  69: Energy = 3.4376916936615469 dE = -3.07889E-01
SCF Iteration  70: Energy = 3.7455768472798132 dE =  3.07885E-01
SCF Iteration  71: Energy = 3.4376874224091600 dE = -3.07889E-01
SCF Iteration  72: Energy = 3.7455738451022897 dE =  3.07886E-01
SCF Iteration  73: Energy = 3.4376842016515203 dE = -3.07890E-01
SCF Iteration  74: Energy = 3.7455715813215908 dE =  3.07887E-01
SCF Iteration  75: Energy = 3.4376817730402740 dE = -3.07890E-01
SCF Iteration  76: Energy = 3.7455698743327410 dE =  3.07888E-01
SCF Iteration  77: Energy = 3.4376799417557904 dE = -3.07890E-01
SCF Iteration  78: Energy = 3.7455685871927806 dE =  3.07889E-01
SCF Iteration  79: Energy = 3.4376785608882647 dE = -3.07890E-01
SCF Iteration  80: Energy = 3.7455676166382714 dE =  3.07889E-01
SCF Iteration  81: Energy = 3.4376775196574521 dE = -3.07890E-01
SCF Iteration  82: Energy = 3.7455668848029258 dE =  3.07889E-01
SCF Iteration  83: Energy = 3.4376767345283255 dE = -3.07890E-01
SCF Iteration  84: Energy = 3.7455663329716469 dE =  3.07890E-01
SCF Iteration  85: Energy = 3.4376761425108908 dE = -3.07890E-01
SCF Iteration  86: Energy = 3.7455659168705582 dE =  3.07890E-01
SCF Iteration  87: Energy = 3.4376756961076005 dE = -3.07890E-01
SCF Iteration  88: Energy = 3.7455656031152529 dE =  3.07890E-01
SCF Iteration  89: Energy = 3.4376753595031264 dE = -3.07890E-01
SCF Iteration  90: Energy = 3.7455653665324933 dE =  3.07890E-01
SCF Iteration  91: Energy = 3.4376751056911559 dE = -3.07890E-01
SCF Iteration  92: Energy = 3.7455651881406729 dE =  3.07890E-01
SCF Iteration  93: Energy = 3.4376749143078298 dE = -3.07890E-01
SCF Iteration  94: Energy = 3.7455650536269181 dE =  3.07890E-01
SCF Iteration  95: Energy = 3.4376747699979928 dE = -3.07890E-01
SCF Iteration  96: Energy = 3.7455649521988121 dE =  3.07890E-01
SCF Iteration  97: Energy = 3.4376746611832765 dE = -3.07890E-01
SCF Iteration  98: Energy = 3.7455648757184781 dE =  3.07890E-01
SCF Iteration  99: Energy = 3.4376745791331489 dE = -3.07890E-01
SCF Iteration 100: Energy = 3.7455648180496155 dE =  3.07890E-01
SCF Iteration 101: Energy = 3.4376745172644774 dE = -3.07890E-01
SCF Iteration 102: Energy = 3.7455647745652807 dE =  3.07890E-01
SCF Iteration 103: Energy = 3.4376744706133242 dE = -3.07890E-01
SCF Iteration 104: Energy = 3.7455647417765716 dE =  3.07890E-01
SCF Iteration 105: Energy = 3.4376744354367261 dE = -3.07890E-01
SCF Iteration 106: Energy = 3.7455647170527486 dE =  3.07890E-01
SCF Iteration 107: Energy = 3.4376744089123523 dE = -3.07890E-01
SCF Iteration 108: Energy = 3.7455646984101261 dE =  3.07890E-01
SCF Iteration 109: Energy = 3.4376743889120518 dE = -3.07890E-01
SCF Iteration 110: Energy = 3.7455646843529369 dE =  3.07890E-01
SCF Iteration 111: Energy = 3.4376743738311228 dE = -3.07890E-01
SCF Iteration 112: Energy = 3.7455646737533317 dE =  3.07890E-01
SCF Iteration 113: Energy = 3.4376743624595760 dE = -3.07890E-01
SCF Iteration 114: Energy = 3.7455646657608512 dE =  3.07890E-01
SCF Iteration 115: Energy = 3.4376743538850354 dE = -3.07890E-01
SCF Iteration 116: Energy = 3.7455646597342467 dE =  3.07890E-01
SCF Iteration 117: Energy = 3.4376743474195348 dE = -3.07890E-01
SCF Iteration 118: Energy = 3.7455646551899848 dE =  3.07890E-01
SCF Iteration 119: Energy = 3.4376743425443279 dE = -3.07890E-01
SCF Iteration 120: Energy = 3.7455646517634449 dE =  3.07890E-01
SCF Iteration 121: Energy = 3.4376743388682449 dE = -3.07890E-01
SCF Iteration 122: Energy = 3.7455646491797179 dE =  3.07890E-01
SCF Iteration 123: Energy = 3.4376743360963435 dE = -3.07890E-01
SCF Iteration 124: Energy = 3.7455646472315003 dE =  3.07890E-01
SCF Iteration 125: Energy = 3.4376743340062488 dE = -3.07890E-01
SCF Iteration 126: Energy = 3.7455646457624709 dE =  3.07890E-01
SCF Iteration 127: Energy = 3.4376743324302348 dE = -3.07890E-01
SCF Iteration 128: Energy = 3.7455646446547752 dE =  3.07890E-01
SCF Iteration 129: Energy = 3.4376743312418778 dE = -3.07890E-01
SCF Iteration 130: Energy = 3.7455646438195331 dE =  3.07890E-01
SCF Iteration 131: Energy = 3.4376743303457999 dE = -3.07890E-01
SCF Iteration 132: Energy = 3.7455646431897289 dE =  3.07890E-01
SCF Iteration 133: Energy = 3.4376743296701338 dE = -3.07890E-01
SCF Iteration 134: Energy = 3.7455646427148377 dE =  3.07890E-01
SCF Iteration 135: Energy = 3.4376743291606582 dE = -3.07890E-01
SCF Iteration 136: Energy = 3.7455646423567548 dE =  3.07890E-01
SCF Iteration 137: Energy = 3.4376743287764970 dE = -3.07890E-01
SCF Iteration 138: Energy = 3.7455646420867437 dE =  3.07890E-01
SCF Iteration 139: Energy = 3.4376743284868247 dE = -3.07890E-01
SCF Iteration 140: Energy = 3.7455646418831550 dE =  3.07890E-01
SCF Iteration 141: Energy = 3.4376743282683986 dE = -3.07890E-01
SCF Iteration 142: Energy = 3.7455646417296342 dE =  3.07890E-01
SCF Iteration 143: Energy = 3.4376743281037010 dE = -3.07890E-01
SCF Iteration 144: Energy = 3.7455646416138730 dE =  3.07890E-01
SCF Iteration 145: Energy = 3.4376743279795088 dE = -3.07890E-01
SCF Iteration 146: Energy = 3.7455646415265909 dE =  3.07890E-01
SCF Iteration 147: Energy = 3.4376743278858721 dE = -3.07890E-01
SCF Iteration 148: Energy = 3.7455646414607786 dE =  3.07890E-01
SCF Iteration 149: Energy = 3.4376743278152633 dE = -3.07890E-01
SCF Iteration 150: Energy = 3.7455646414111472 dE =  3.07890E-01
SCF Iteration 151: Energy = 3.4376743277620223 dE = -3.07890E-01
SCF Iteration 152: Energy = 3.7455646413737087 dE =  3.07890E-01
SCF Iteration 153: Energy = 3.4376743277218638 dE = -3.07890E-01
SCF Iteration 154: Energy = 3.7455646413455010 dE =  3.07890E-01
SCF Iteration 155: Energy = 3.4376743276916004 dE = -3.07890E-01
SCF Iteration 156: Energy = 3.7455646413242332 dE =  3.07890E-01
SCF Iteration 157: Energy = 3.4376743276687742 dE = -3.07890E-01
SCF Iteration 158: Energy = 3.7455646413081869 dE =  3.07890E-01
SCF Iteration 159: Energy = 3.4376743276515667 dE = -3.07890E-01
SCF Iteration 160: Energy = 3.7455646412960899 dE =  3.07890E-01
SCF Iteration 161: Energy = 3.4376743276385886 dE = -3.07890E-01
SCF Iteration 162: Energy = 3.7455646412869745 dE =  3.07890E-01
SCF Iteration 163: Energy = 3.4376743276288035 dE = -3.07890E-01
SCF Iteration 164: Energy = 3.7455646412800916 dE =  3.07890E-01
SCF Iteration 165: Energy = 3.4376743276214219 dE = -3.07890E-01
SCF Iteration 166: Energy = 3.7455646412749091 dE =  3.07890E-01
SCF Iteration 167: Energy = 3.4376743276158623 dE = -3.07890E-01
SCF Iteration 168: Energy = 3.7455646412709926 dE =  3.07890E-01
SCF Iteration 169: Energy = 3.4376743276116688 dE = -3.07890E-01
SCF Iteration 170: Energy = 3.7455646412680474 dE =  3.07890E-01
SCF Iteration 171: Energy = 3.4376743276084989 dE = -3.07890E-01
SCF Iteration 172: Energy = 3.7455646412658186 dE =  3.07890E-01
SCF Iteration 173: Energy = 3.4376743276061155 dE = -3.07890E-01
SCF Iteration 174: Energy = 3.7455646412641483 dE =  3.07890E-01
SCF Iteration 175: Energy = 3.4376743276043165 dE = -3.07890E-01
SCF Iteration 176: Energy = 3.7455646412628916 dE =  3.07890E-01
SCF Iteration 177: Energy = 3.4376743276029593 dE = -3.07890E-01
SCF Iteration 178: Energy = 3.7455646412619314 dE =  3.07890E-01
SCF Iteration 179: Energy = 3.4376743276019415 dE = -3.07890E-01
SCF Iteration 180: Energy = 3.7455646412612067 dE =  3.07890E-01
SCF Iteration 181: Energy = 3.4376743276011630 dE = -3.07890E-01
SCF Iteration 182: Energy = 3.7455646412606707 dE =  3.07890E-01
SCF Iteration 183: Energy = 3.4376743276005848 dE = -3.07890E-01
SCF Iteration 184: Energy = 3.7455646412602643 dE =  3.07890E-01
SCF Iteration 185: Energy = 3.4376743276001474 dE = -3.07890E-01
SCF Iteration 186: Energy = 3.7455646412599539 dE =  3.07890E-01
SCF Iteration 187: Energy = 3.4376743275998125 dE = -3.07890E-01
SCF Iteration 188: Energy = 3.7455646412597190 dE =  3.07890E-01
SCF Iteration 189: Energy = 3.4376743275995660 dE = -3.07890E-01
SCF Iteration 190: Energy = 3.7455646412595485 dE =  3.07890E-01
SCF Iteration 191: Energy = 3.4376743275993791 dE = -3.07890E-01
SCF Iteration 192: Energy = 3.7455646412594170 dE =  3.07890E-01
SCF Iteration 193: Energy = 3.4376743275992352 dE = -3.07890E-01
SCF Iteration 194: Energy = 3.7455646412593193 dE =  3.07890E-01
SCF Iteration 195: Energy = 3.4376743275991286 dE = -3.07890E-01
SCF Iteration 196: Energy = 3.7455646412592376 dE =  3.07890E-01
SCF Iteration 197: Energy = 3.4376743275990451 dE = -3.07890E-01
SCF Iteration 198: Energy = 3.7455646412591772 dE =  3.07890E-01
SCF Iteration 199: Energy = 3.4376743275989816 dE = -3.07890E-01
SCF Iteration 200: Energy = 3.7455646412591337 dE =  3.07890E-01
SCF Iteration 201: Energy = 3.4376743275989341 dE = -3.07890E-01
SCF Iteration 202: Energy = 3.7455646412591097 dE =  3.07890E-01
SCF Iteration 203: Energy = 3.4376743275989021 dE = -3.07890E-01
SCF Iteration 204: Energy = 3.7455646412590844 dE =  3.07890E-01
SCF Iteration 205: Energy = 3.4376743275988741 dE = -3.07890E-01
SCF Iteration 206: Energy = 3.7455646412590671 dE =  3.07890E-01
SCF Iteration 207: Energy = 3.4376743275988555 dE = -3.07890E-01
SCF Iteration 208: Energy = 3.7455646412590555 dE =  3.07890E-01
SCF Iteration 209: Energy = 3.4376743275988484 dE = -3.07890E-01
SCF Iteration 210: Energy = 3.7455646412590382 dE =  3.07890E-01
SCF Iteration 211: Energy = 3.4376743275988240 dE = -3.07890E-01
SCF Iteration 212: Energy = 3.7455646412590404 dE =  3.07890E-01
SCF Iteration 213: Energy = 3.4376743275988262 dE = -3.07890E-01
SCF Iteration 214: Energy = 3.7455646412590209 dE =  3.07890E-01
SCF Iteration 215: Energy = 3.4376743275988293 dE = -3.07890E-01
SCF Iteration 216: Energy = 3.7455646412590267 dE =  3.07890E-01
SCF Iteration 217: Energy = 3.4376743275988186 dE = -3.07890E-01
SCF Iteration 218: Energy = 3.7455646412590156 dE =  3.07890E-01
SCF Iteration 219: Energy = 3.4376743275988075 dE = -3.07890E-01
SCF Iteration 220: Energy = 3.7455646412590102 dE =  3.07890E-01
SCF Iteration 221: Energy = 3.4376743275988018 dE = -3.07890E-01
SCF Iteration 222: Energy = 3.7455646412590040 dE =  3.07890E-01
SCF Iteration 223: Energy = 3.4376743275987955 dE = -3.07890E-01
SCF Iteration 224: Energy = 3.7455646412590085 dE =  3.07890E-01
SCF Iteration 225: Energy = 3.4376743275987991 dE = -3.07890E-01
SCF Iteration 226: Energy = 3.7455646412590085 dE =  3.07890E-01
SCF Iteration 227: Energy = 3.4376743275987991 dE = -3.07890E-01
SCF Iteration 228: Energy = 3.7455646412590071 dE =  3.07890E-01
SCF Iteration 229: Energy = 3.4376743275988004 dE = -3.07890E-01
SCF Iteration 230: Energy = 3.7455646412589987 dE =  3.07890E-01
SCF Iteration 231: Energy = 3.4376743275987982 dE = -3.07890E-01
SCF Iteration 232: Energy = 3.7455646412590022 dE =  3.07890E-01
SCF Iteration 233: Energy = 3.4376743275987964 dE = -3.07890E-01
SCF Iteration 234: Energy = 3.7455646412590058 dE =  3.07890E-01
SCF Iteration 235: Energy = 3.4376743275987987 dE = -3.07890E-01
SCF Iteration 236: Energy = 3.7455646412590013 dE =  3.07890E-01
SCF Iteration 237: Energy = 3.4376743275988004 dE = -3.07890E-01
SCF Iteration 238: Energy = 3.7455646412590049 dE =  3.07890E-01
SCF Iteration 239: Energy = 3.4376743275988022 dE = -3.07890E-01
SCF Iteration 240: Energy = 3.7455646412590018 dE =  3.07890E-01
SCF Iteration 241: Energy = 3.4376743275987911 dE = -3.07890E-01
SCF Iteration 242: Energy = 3.7455646412589960 dE =  3.07890E-01
SCF Iteration 243: Energy = 3.4376743275988004 dE = -3.07890E-01
SCF Iteration 244: Energy = 3.7455646412590049 dE =  3.07890E-01
SCF Iteration 245: Energy = 3.4376743275987973 dE = -3.07890E-01
SCF Iteration 246: Energy = 3.7455646412590102 dE =  3.07890E-01
SCF Iteration 247: Energy = 3.4376743275987982 dE = -3.07890E-01
SCF Iteration 248: Energy = 3.7455646412590022 dE =  3.07890E-01
SCF Iteration 249: Energy = 3.4376743275988040 dE = -3.07890E-01
SCF Iteration 250: Energy = 3.7455646412590053 dE =  3.07890E-01
SCF Iteration 251: Energy = 3.4376743275987982 dE = -3.07890E-01
SCF Iteration 252: Energy = 3.7455646412590085 dE =  3.07890E-01
SCF Iteration 253: Energy = 3.4376743275987995 dE = -3.07890E-01
SCF Iteration 254: Energy = 3.7455646412590133 dE =  3.07890E-01
SCF Iteration 255: Energy = 3.4376743275987991 dE = -3.07890E-01
SCF Iteration 256: Energy = 3.7455646412590098 dE =  3.07890E-01
SCF Iteration 257: Energy = 3.4376743275988026 dE = -3.07890E-01
SCF Iteration 258: Energy = 3.7455646412590133 dE =  3.07890E-01
SCF Iteration 259: Energy = 3.4376743275988035 dE = -3.07890E-01
SCF Iteration 260: Energy = 3.7455646412590027 dE =  3.07890E-01
SCF Iteration 261: Energy = 3.4376743275988009 dE = -3.07890E-01
SCF Iteration 262: Energy = 3.7455646412590005 dE =  3.07890E-01
SCF Iteration 263: Energy = 3.4376743275987978 dE = -3.07890E-01
SCF Iteration 264: Energy = 3.7455646412590058 dE =  3.07890E-01
SCF Iteration 265: Energy = 3.4376743275987973 dE = -3.07890E-01
SCF Iteration 266: Energy = 3.7455646412590085 dE =  3.07890E-01
SCF Iteration 267: Energy = 3.4376743275987987 dE = -3.07890E-01
SCF Iteration 268: Energy = 3.7455646412590045 dE =  3.07890E-01
SCF Iteration 269: Energy = 3.4376743275987982 dE = -3.07890E-01
SCF Iteration 270: Energy = 3.7455646412590071 dE =  3.07890E-01
SCF Iteration 271: Energy = 3.4376743275987982 dE = -3.07890E-01
SCF Iteration 272: Energy = 3.7455646412590182 dE =  3.07890E-01
SCF Iteration 273: Energy = 3.4376743275988084 dE = -3.07890E-01
SCF Iteration 274: Energy = 3.7455646412590209 dE =  3.07890E-01
SCF Iteration 275: Energy = 3.4376743275988071 dE = -3.07890E-01
SCF Iteration 276: Energy = 3.7455646412590062 dE =  3.07890E-01
SCF Iteration 277: Energy = 3.4376743275988009 dE = -3.07890E-01
SCF Iteration 278: Energy = 3.7455646412590067 dE =  3.07890E-01
SCF Iteration 279: Energy = 3.4376743275988031 dE = -3.07890E-01
SCF Iteration 280: Energy = 3.7455646412590058 dE =  3.07890E-01
SCF Iteration 281: Energy = 3.4376743275988000 dE = -3.07890E-01
SCF Iteration 282: Energy = 3.7455646412590093 dE =  3.07890E-01
SCF Iteration 283: Energy = 3.4376743275987973 dE = -3.07890E-01
SCF Iteration 284: Energy = 3.7455646412590013 dE =  3.07890E-01
SCF Iteration 285: Energy = 3.4376743275987947 dE = -3.07890E-01
SCF Iteration 286: Energy = 3.7455646412590062 dE =  3.07890E-01
SCF Iteration 287: Energy = 3.4376743275987973 dE = -3.07890E-01
SCF Iteration 288: Energy = 3.7455646412590085 dE =  3.07890E-01
SCF Iteration 289: Energy = 3.4376743275988062 dE = -3.07890E-01
SCF Iteration 290: Energy = 3.7455646412590067 dE =  3.07890E-01
SCF Iteration 291: Energy = 3.4376743275988004 dE = -3.07890E-01
SCF Iteration 292: Energy = 3.7455646412590116 dE =  3.07890E-01
SCF Iteration 293: Energy = 3.4376743275988031 dE = -3.07890E-01
SCF Iteration 294: Energy = 3.7455646412590093 dE =  3.07890E-01
SCF Iteration 295: Energy = 3.4376743275987973 dE = -3.07890E-01
SCF Iteration 296: Energy = 3.7455646412590067 dE =  3.07890E-01
SCF Iteration 297: Energy = 3.4376743275988009 dE = -3.07890E-01
SCF Iteration 298: Energy = 3.7455646412590031 dE =  3.07890E-01
SCF Iteration 299: Energy = 3.4376743275987911 dE = -3.07890E-01
SCF Iteration 300: Energy = 3.7455646412590027 dE =  3.07890E-01
SCF Iteration 301: Energy = 3.4376743275987995 dE = -3.07890E-01
SCF Iteration 302: Energy = 3.7455646412590049 dE =  3.07890E-01
SCF Iteration 303: Energy = 3.4376743275987978 dE = -3.07890E-01
SCF Iteration 304: Energy = 3.7455646412590031 dE =  3.07890E-01
SCF Iteration 305: Energy = 3.4376743275987969 dE = -3.07890E-01
SCF Iteration 306: Energy = 3.7455646412590053 dE =  3.07890E-01
SCF Iteration 307: Energy = 3.4376743275987991 dE = -3.07890E-01
SCF Iteration 308: Energy = 3.7455646412589996 dE =  3.07890E-01
SCF Iteration 309: Energy = 3.4376743275987973 dE = -3.07890E-01
SCF Iteration 310: Energy = 3.7455646412589996 dE =  3.07890E-01
SCF Iteration 311: Energy = 3.4376743275987951 dE = -3.07890E-01
SCF Iteration 312: Energy = 3.7455646412590049 dE =  3.07890E-01
SCF Iteration 313: Energy = 3.4376743275987902 dE = -3.07890E-01
SCF Iteration 314: Energy = 3.7455646412590058 dE =  3.07890E-01
SCF Iteration 315: Energy = 3.4376743275988026 dE = -3.07890E-01
SCF Iteration 316: Energy = 3.7455646412590093 dE =  3.07890E-01
SCF Iteration 317: Energy = 3.4376743275987991 dE = -3.07890E-01
SCF Iteration 318: Energy = 3.7455646412590040 dE =  3.07890E-01
SCF Iteration 319: Energy = 3.4376743275988026 dE = -3.07890E-01
SCF Iteration 320: Energy = 3.7455646412590204 dE =  3.07890E-01
SCF Iteration 321: Energy = 3.4376743275988133 dE = -3.07890E-01
SCF Iteration 322: Energy = 3.7455646412590138 dE =  3.07890E-01
SCF Iteration 323: Energy = 3.4376743275988093 dE = -3.07890E-01
SCF Iteration 324: Energy = 3.7455646412590116 dE =  3.07890E-01
SCF Iteration 325: Energy = 3.4376743275988080 dE = -3.07890E-01
SCF Iteration 326: Energy = 3.7455646412590151 dE =  3.07890E-01
SCF Iteration 327: Energy = 3.4376743275988062 dE = -3.07890E-01
SCF Iteration 328: Energy = 3.7455646412590085 dE =  3.07890E-01
SCF Iteration 329: Energy = 3.4376743275988053 dE = -3.07890E-01
SCF Iteration 330: Energy = 3.7455646412590120 dE =  3.07890E-01
SCF Iteration 331: Energy = 3.4376743275988049 dE = -3.07890E-01
SCF Iteration 332: Energy = 3.7455646412590036 dE =  3.07890E-01
SCF Iteration 333: Energy = 3.4376743275987982 dE = -3.07890E-01
SCF Iteration 334: Energy = 3.7455646412589996 dE =  3.07890E-01
SCF Iteration 335: Energy = 3.4376743275987951 dE = -3.07890E-01
SCF Iteration 336: Energy = 3.7455646412590062 dE =  3.07890E-01
SCF Iteration 337: Energy = 3.4376743275988000 dE = -3.07890E-01
SCF Iteration 338: Energy = 3.7455646412589991 dE =  3.07890E-01
SCF Iteration 339: Energy = 3.4376743275987960 dE = -3.07890E-01
SCF Iteration 340: Energy = 3.7455646412590013 dE =  3.07890E-01
SCF Iteration 341: Energy = 3.4376743275987933 dE = -3.07890E-01
SCF Iteration 342: Energy = 3.7455646412589974 dE =  3.07890E-01
SCF Iteration 343: Energy = 3.4376743275987982 dE = -3.07890E-01
SCF Iteration 344: Energy = 3.7455646412590049 dE =  3.07890E-01
SCF Iteration 345: Energy = 3.4376743275987960 dE = -3.07890E-01
SCF Iteration 346: Energy = 3.7455646412590013 dE =  3.07890E-01
SCF Iteration 347: Energy = 3.4376743275987982 dE = -3.07890E-01
SCF Iteration 348: Energy = 3.7455646412590005 dE =  3.07890E-01
SCF Iteration 349: Energy = 3.4376743275988000 dE = -3.07890E-01
SCF Iteration 350: Energy = 3.7455646412590067 dE =  3.07890E-01
SCF Iteration 351: Energy = 3.4376743275987960 dE = -3.07890E-01
SCF Iteration 352: Energy = 3.7455646412590005 dE =  3.07890E-01
SCF Iteration 353: Energy = 3.4376743275987973 dE = -3.07890E-01
SCF Iteration 354: Energy = 3.7455646412590067 dE =  3.07890E-01
SCF Iteration 355: Energy = 3.4376743275987973 dE = -3.07890E-01
SCF Iteration 356: Energy = 3.7455646412590040 dE =  3.07890E-01
SCF Iteration 357: Energy = 3.4376743275988040 dE = -3.07890E-01
SCF Iteration 358: Energy = 3.7455646412590151 dE =  3.07890E-01
SCF Iteration 359: Energy = 3.4376743275988071 dE = -3.07890E-01
SCF Iteration 360: Energy = 3.7455646412590049 dE =  3.07890E-01
SCF Iteration 361: Energy = 3.4376743275988026 dE = -3.07890E-01
SCF Iteration 362: Energy = 3.7455646412590111 dE =  3.07890E-01
SCF Iteration 363: Energy = 3.4376743275988035 dE = -3.07890E-01
SCF Iteration 364: Energy = 3.7455646412590085 dE =  3.07890E-01
SCF Iteration 365: Energy = 3.4376743275988044 dE = -3.07890E-01
SCF Iteration 366: Energy = 3.7455646412590111 dE =  3.07890E-01
SCF Iteration 367: Energy = 3.4376743275988071 dE = -3.07890E-01
SCF Iteration 368: Energy = 3.7455646412590125 dE =  3.07890E-01
SCF Iteration 369: Energy = 3.4376743275988026 dE = -3.07890E-01
SCF Iteration 370: Energy = 3.7455646412590062 dE =  3.07890E-01
SCF Iteration 371: Energy = 3.4376743275987969 dE = -3.07890E-01
SCF Iteration 372: Energy = 3.7455646412590031 dE =  3.07890E-01
SCF Iteration 373: Energy = 3.4376743275988026 dE = -3.07890E-01
SCF Iteration 374: Energy = 3.7455646412590049 dE =  3.07890E-01
SCF Iteration 375: Energy = 3.4376743275988018 dE = -3.07890E-01
SCF Iteration 376: Energy = 3.7455646412590040 dE =  3.07890E-01
SCF Iteration 377: Energy = 3.4376743275987978 dE = -3.07890E-01
SCF Iteration 378: Energy = 3.7455646412590062 dE =  3.07890E-01
SCF Iteration 379: Energy = 3.4376743275987982 dE = -3.07890E-01
SCF Iteration 380: Energy = 3.7455646412590049 dE =  3.07890E-01
SCF Iteration 381: Energy = 3.4376743275988026 dE = -3.07890E-01
SCF Iteration 382: Energy = 3.7455646412590049 dE =  3.07890E-01
SCF Iteration 383: Energy = 3.4376743275987987 dE = -3.07890E-01
SCF Iteration 384: Energy = 3.7455646412590098 dE =  3.07890E-01
SCF Iteration 385: Energy = 3.4376743275987938 dE = -3.07890E-01
SCF Iteration 386: Energy = 3.7455646412590005 dE =  3.07890E-01
SCF Iteration 387: Energy = 3.4376743275987951 dE = -3.07890E-01
SCF Iteration 388: Energy = 3.7455646412590049 dE =  3.07890E-01
SCF Iteration 389: Energy = 3.4376743275987973 dE = -3.07890E-01
SCF Iteration 390: Energy = 3.7455646412590031 dE =  3.07890E-01
SCF Iteration 391: Energy = 3.4376743275987924 dE = -3.07890E-01
SCF Iteration 392: Energy = 3.7455646412589991 dE =  3.07890E-01
SCF Iteration 393: Energy = 3.4376743275988000 dE = -3.07890E-01
SCF Iteration 394: Energy = 3.7455646412590053 dE =  3.07890E-01
SCF Iteration 395: Energy = 3.4376743275987929 dE = -3.07890E-01
SCF Iteration 396: Energy = 3.7455646412590058 dE =  3.07890E-01
SCF Iteration 397: Energy = 3.4376743275987938 dE = -3.07890E-01
SCF Iteration 398: Energy = 3.7455646412590027 dE =  3.07890E-01
SCF Iteration 399: Energy = 3.4376743275987969 dE = -3.07890E-01
SCF Iteration 400: Energy = 3.7455646412590062 dE =  3.07890E-01
SCF Iteration 401: Energy = 3.4376743275987902 dE = -3.07890E-01
SCF Iteration 402: Energy = 3.7455646412590045 dE =  3.07890E-01
SCF Iteration 403: Energy = 3.4376743275988018 dE = -3.07890E-01
SCF Iteration 404: Energy = 3.7455646412590058 dE =  3.07890E-01
SCF Iteration 405: Energy = 3.4376743275988004 dE = -3.07890E-01
SCF Iteration 406: Energy = 3.7455646412590053 dE =  3.07890E-01
SCF Iteration 407: Energy = 3.4376743275987982 dE = -3.07890E-01
SCF Iteration 408: Energy = 3.7455646412589996 dE =  3.07890E-01
SCF Iteration 409: Energy = 3.4376743275987947 dE = -3.07890E-01
SCF Iteration 410: Energy = 3.7455646412590036 dE =  3.07890E-01
SCF Iteration 411: Energy = 3.4376743275987978 dE = -3.07890E-01
SCF Iteration 412: Energy = 3.7455646412590036 dE =  3.07890E-01
SCF Iteration 413: Energy = 3.4376743275987947 dE = -3.07890E-01
SCF Iteration 414: Energy = 3.7455646412590022 dE =  3.07890E-01
SCF Iteration 415: Energy = 3.4376743275987982 dE = -3.07890E-01
SCF Iteration 416: Energy = 3.7455646412590018 dE =  3.07890E-01
SCF Iteration 417: Energy = 3.4376743275987987 dE = -3.07890E-01
SCF Iteration 418: Energy = 3.7455646412590045 dE =  3.07890E-01
SCF Iteration 419: Energy = 3.4376743275988013 dE = -3.07890E-01
SCF Iteration 420: Energy = 3.7455646412590027 dE =  3.07890E-01
SCF Iteration 421: Energy = 3.4376743275988000 dE = -3.07890E-01
SCF Iteration 422: Energy = 3.7455646412590093 dE =  3.07890E-01
SCF Iteration 423: Energy = 3.4376743275987955 dE = -3.07890E-01
SCF Iteration 424: Energy = 3.7455646412590120 dE =  3.07890E-01
SCF Iteration 425: Energy = 3.4376743275988058 dE = -3.07890E-01
SCF Iteration 426: Energy = 3.7455646412590067 dE =  3.07890E-01
SCF Iteration 427: Energy = 3.4376743275988049 dE = -3.07890E-01
SCF Iteration 428: Energy = 3.7455646412590120 dE =  3.07890E-01
SCF Iteration 429: Energy = 3.4376743275988035 dE = -3.07890E-01
SCF Iteration 430: Energy = 3.7455646412590085 dE =  3.07890E-01
SCF Iteration 431: Energy = 3.4376743275988044 dE = -3.07890E-01
SCF Iteration 432: Energy = 3.7455646412590129 dE =  3.07890E-01
SCF Iteration 433: Energy = 3.4376743275988053 dE = -3.07890E-01
SCF Iteration 434: Energy = 3.7455646412590093 dE =  3.07890E-01
SCF Iteration 435: Energy = 3.4376743275988044 dE = -3.07890E-01
SCF Iteration 436: Energy = 3.7455646412590071 dE =  3.07890E-01
SCF Iteration 437: Energy = 3.4376743275987982 dE = -3.07890E-01
SCF Iteration 438: Energy = 3.7455646412590129 dE =  3.07890E-01
SCF Iteration 439: Energy = 3.4376743275988129 dE = -3.07890E-01
SCF Iteration 440: Energy = 3.7455646412590120 dE =  3.07890E-01
SCF Iteration 441: Energy = 3.4376743275988049 dE = -3.07890E-01
SCF Iteration 442: Energy = 3.7455646412590111 dE =  3.07890E-01
SCF Iteration 443: Energy = 3.4376743275988133 dE = -3.07890E-01
SCF Iteration 444: Energy = 3.7455646412590102 dE =  3.07890E-01
SCF Iteration 445: Energy = 3.4376743275988080 dE = -3.07890E-01
SCF Iteration 446: Energy = 3.7455646412590111 dE =  3.07890E-01
SCF Iteration 447: Energy = 3.4376743275988049 dE = -3.07890E-01
SCF Iteration 448: Energy = 3.7455646412590156 dE =  3.07890E-01
SCF Iteration 449: Energy = 3.4376743275988098 dE = -3.07890E-01
SCF Iteration 450: Energy = 3.7455646412590049 dE =  3.07890E-01
SCF Iteration 451: Energy = 3.4376743275988013 dE = -3.07890E-01
SCF Iteration 452: Energy = 3.7455646412590076 dE =  3.07890E-01
SCF Iteration 453: Energy = 3.4376743275988044 dE = -3.07890E-01
SCF Iteration 454: Energy = 3.7455646412590125 dE =  3.07890E-01
SCF Iteration 455: Energy = 3.4376743275988044 dE = -3.07890E-01
SCF Iteration 456: Energy = 3.7455646412590156 dE =  3.07890E-01
SCF Iteration 457: Energy = 3.4376743275988066 dE = -3.07890E-01
SCF Iteration 458: Energy = 3.7455646412590036 dE =  3.07890E-01
SCF Iteration 459: Energy = 3.4376743275988066 dE = -3.07890E-01
SCF Iteration 460: Energy = 3.7455646412590111 dE =  3.07890E-01
SCF Iteration 461: Energy = 3.4376743275988000 dE = -3.07890E-01
SCF Iteration 462: Energy = 3.7455646412590076 dE =  3.07890E-01
SCF Iteration 463: Energy = 3.4376743275987964 dE = -3.07890E-01
SCF Iteration 464: Energy = 3.7455646412590040 dE =  3.07890E-01
SCF Iteration 465: Energy = 3.4376743275987991 dE = -3.07890E-01
SCF Iteration 466: Energy = 3.7455646412590067 dE =  3.07890E-01
SCF Iteration 467: Energy = 3.4376743275988000 dE = -3.07890E-01
SCF Iteration 468: Energy = 3.7455646412590022 dE =  3.07890E-01
SCF Iteration 469: Energy = 3.4376743275987991 dE = -3.07890E-01
SCF Iteration 470: Energy = 3.7455646412589951 dE =  3.07890E-01
SCF Iteration 471: Energy = 3.4376743275987947 dE = -3.07890E-01
SCF Iteration 472: Energy = 3.7455646412589978 dE =  3.07890E-01
SCF Iteration 473: Energy = 3.4376743275987929 dE = -3.07890E-01
SCF Iteration 474: Energy = 3.7455646412590049 dE =  3.07890E-01
SCF Iteration 475: Energy = 3.4376743275987991 dE = -3.07890E-01
SCF Iteration 476: Energy = 3.7455646412590107 dE =  3.07890E-01
SCF Iteration 477: Energy = 3.4376743275988040 dE = -3.07890E-01
SCF Iteration 478: Energy = 3.7455646412590142 dE =  3.07890E-01
SCF Iteration 479: Energy = 3.4376743275988142 dE = -3.07890E-01
SCF Iteration 480: Energy = 3.7455646412590116 dE =  3.07890E-01
SCF Iteration 481: Energy = 3.4376743275988026 dE = -3.07890E-01
SCF Iteration 482: Energy = 3.7455646412590173 dE =  3.07890E-01
SCF Iteration 483: Energy = 3.4376743275988000 dE = -3.07890E-01
SCF Iteration 484: Energy = 3.7455646412590076 dE =  3.07890E-01
SCF Iteration 485: Energy = 3.4376743275988035 dE = -3.07890E-01
SCF Iteration 486: Energy = 3.7455646412590067 dE =  3.07890E-01
SCF Iteration 487: Energy = 3.4376743275988018 dE = -3.07890E-01
SCF Iteration 488: Energy = 3.7455646412590058 dE =  3.07890E-01
SCF Iteration 489: Energy = 3.4376743275988062 dE = -3.07890E-01
SCF Iteration 490: Energy = 3.7455646412590045 dE =  3.07890E-01
SCF Iteration 491: Energy = 3.4376743275987991 dE = -3.07890E-01
SCF Iteration 492: Energy = 3.7455646412590053 dE =  3.07890E-01
SCF Iteration 493: Energy = 3.4376743275987982 dE = -3.07890E-01
SCF Iteration 494: Energy = 3.7455646412590040 dE =  3.07890E-01
SCF Iteration 495: Energy = 3.4376743275988009 dE = -3.07890E-01
SCF Iteration 496: Energy = 3.7455646412590085 dE =  3.07890E-01
SCF Iteration 497: Energy = 3.4376743275988018 dE = -3.07890E-01
SCF Iteration 498: Energy = 3.7455646412590067 dE =  3.07890E-01
SCF Iteration 499: Energy = 3.4376743275988000 dE = -3.07890E-01
SCF Iteration 500: Energy = 3.7455646412590089 dE =  3.07890E-01
