
  Memory set to  55.879 GiB by Python driver.
  Threads set to 1 by Python driver.
Settings:
	LOT = CCSD-S1-U21
	wc = 20.0 eV
	lambda = [1.091182 0.       0.      ] a.u.
	Equivalent A0 = LAMBDA / sqrt(2 wc) = [0.9 0.  0. ])
doing QED-CCSD-1 (or QED-CCSD-21)
Number of occupied orbitals:   1
Number of basis functions:  60
SCF Iteration   1: Energy = 4.6622862031953485 dE =  4.66229E+00
SCF Iteration   2: Energy = 5.2232690766818184 dE =  5.60983E-01
SCF Iteration   3: Energy = 4.8739027462950908 dE = -3.49366E-01
SCF Iteration   4: Energy = 5.1449989483091905 dE =  2.71096E-01
SCF Iteration   5: Energy = 4.9615523972828424 dE = -1.83447E-01
SCF Iteration   6: Energy = 5.1314862128175722 dE =  1.69934E-01
SCF Iteration   7: Energy = 4.9915123381378770 dE = -1.39974E-01
SCF Iteration   8: Energy = 5.1258377347144481 dE =  1.34325E-01
SCF Iteration   9: Energy = 5.0002751147447082 dE = -1.25563E-01
SCF Iteration  10: Energy = 5.1204560373266812 dE =  1.20181E-01
SCF Iteration  11: Energy = 5.0003321100003273 dE = -1.20124E-01
SCF Iteration  12: Energy = 5.1145593215420284 dE =  1.14227E-01
SCF Iteration  13: Energy = 4.9967027990872390 dE = -1.17857E-01
SCF Iteration  14: Energy = 5.1084845771995457 dE =  1.11782E-01
SCF Iteration  15: Energy = 4.9916641377200879 dE = -1.16820E-01
SCF Iteration  16: Energy = 5.1026222524584455 dE =  1.10958E-01
SCF Iteration  17: Energy = 4.9863199160405109 dE = -1.16302E-01
SCF Iteration  18: Energy = 5.0972298302057588 dE =  1.10910E-01
SCF Iteration  19: Energy = 4.9812098969260123 dE = -1.16020E-01
SCF Iteration  20: Energy = 5.0924347908750818 dE =  1.11225E-01
SCF Iteration  21: Energy = 4.9765810793867482 dE = -1.15854E-01
SCF Iteration  22: Energy = 5.0882725306726178 dE =  1.11691E-01
SCF Iteration  23: Energy = 4.9725230905456179 dE = -1.15749E-01
SCF Iteration  24: Energy = 5.0847220349495323 dE =  1.12199E-01
SCF Iteration  25: Energy = 4.9690413644204900 dE = -1.15681E-01
SCF Iteration  26: Energy = 5.0817319801353085 dE =  1.12691E-01
SCF Iteration  27: Energy = 4.9660984438682405 dE = -1.15634E-01
SCF Iteration  28: Energy = 5.0792378469923758 dE =  1.13139E-01
SCF Iteration  29: Energy = 4.9636375881395427 dE = -1.15600E-01
SCF Iteration  30: Energy = 5.0771723092864827 dE =  1.13535E-01
SCF Iteration  31: Energy = 4.9615960988694843 dE = -1.15576E-01
SCF Iteration  32: Energy = 5.0754710596796588 dE =  1.13875E-01
SCF Iteration  33: Energy = 4.9599125585909345 dE = -1.15559E-01
SCF Iteration  34: Energy = 5.0740757211214618 dE =  1.14163E-01
SCF Iteration  35: Energy = 4.9585304658492495 dE = -1.15545E-01
SCF Iteration  36: Energy = 5.0729349867410614 dE =  1.14405E-01
SCF Iteration  37: Energy = 4.9573997691164493 dE = -1.15535E-01
SCF Iteration  38: Energy = 5.0720047388301897 dE =  1.14605E-01
SCF Iteration  39: Energy = 4.9564772122350016 dE = -1.15528E-01
SCF Iteration  40: Energy = 5.0712476209727022 dE =  1.14770E-01
SCF Iteration  41: Energy = 4.9557260427295802 dE = -1.15522E-01
SCF Iteration  42: Energy = 5.0706323525760144 dE =  1.14906E-01
SCF Iteration  43: Energy = 4.9551154112589639 dE = -1.15517E-01
SCF Iteration  44: Energy = 5.0701329557743815 dE =  1.15018E-01
SCF Iteration  45: Energy = 4.9546196530205364 dE = -1.15513E-01
SCF Iteration  46: Energy = 5.0697279897106409 dE =  1.15108E-01
SCF Iteration  47: Energy = 4.9542175578339211 dE = -1.15510E-01
SCF Iteration  48: Energy = 5.0693998412476748 dE =  1.15182E-01
SCF Iteration  49: Energy = 4.9538916848364032 dE = -1.15508E-01
SCF Iteration  50: Energy = 5.0691340937520017 dE =  1.15242E-01
SCF Iteration  51: Energy = 4.9536277476152168 dE = -1.15506E-01
SCF Iteration  52: Energy = 5.0689189798186369 dE =  1.15291E-01
SCF Iteration  53: Energy = 4.9534140782575342 dE = -1.15505E-01
SCF Iteration  54: Energy = 5.0687449152018313 dE =  1.15331E-01
SCF Iteration  55: Energy = 4.9532411692477583 dE = -1.15504E-01
SCF Iteration  56: Energy = 5.0686041069379009 dE =  1.15363E-01
SCF Iteration  57: Energy = 4.9531012872786118 dE = -1.15503E-01
SCF Iteration  58: Energy = 5.0684902269115746 dE =  1.15389E-01
SCF Iteration  59: Energy = 4.9529881509376921 dE = -1.15502E-01
SCF Iteration  60: Energy = 5.0683981418214845 dE =  1.15410E-01
SCF Iteration  61: Energy = 4.9528966636987182 dE = -1.15501E-01
SCF Iteration  62: Energy = 5.0683236909710807 dE =  1.15427E-01
SCF Iteration  63: Energy = 4.9528226939636717 dE = -1.15501E-01
SCF Iteration  64: Energy = 5.0682635041470769 dE =  1.15441E-01
SCF Iteration  65: Energy = 4.9527628946360522 dE = -1.15501E-01
SCF Iteration  66: Energy = 5.0682148528132789 dE =  1.15452E-01
SCF Iteration  67: Energy = 4.9527145556050192 dE = -1.15500E-01
SCF Iteration  68: Energy = 5.0681755288162256 dE =  1.15461E-01
SCF Iteration  69: Energy = 4.9526754834425919 dE = -1.15500E-01
SCF Iteration  70: Energy = 5.0681437456996932 dE =  1.15468E-01
SCF Iteration  71: Energy = 4.9526439034867638 dE = -1.15500E-01
SCF Iteration  72: Energy = 5.0681180585305938 dE =  1.15474E-01
SCF Iteration  73: Energy = 4.9526183802676087 dE = -1.15500E-01
SCF Iteration  74: Energy = 5.0680972988379533 dE =  1.15479E-01
SCF Iteration  75: Energy = 4.9525977529177325 dE = -1.15500E-01
SCF Iteration  76: Energy = 5.0680805218634131 dE =  1.15483E-01
SCF Iteration  77: Energy = 4.9525810827951702 dE = -1.15499E-01
SCF Iteration  78: Energy = 5.0680669638234246 dE =  1.15486E-01
SCF Iteration  79: Energy = 4.9525676110410020 dE = -1.15499E-01
SCF Iteration  80: Energy = 5.0680560073022072 dE =  1.15488E-01
SCF Iteration  81: Energy = 4.9525567242073940 dE = -1.15499E-01
SCF Iteration  82: Energy = 5.0680471532409124 dE =  1.15490E-01
SCF Iteration  83: Energy = 4.9525479264345016 dE = -1.15499E-01
SCF Iteration  84: Energy = 5.0680399982734077 dE =  1.15492E-01
SCF Iteration  85: Energy = 4.9525408169364393 dE = -1.15499E-01
SCF Iteration  86: Energy = 5.0680342163932641 dE =  1.15493E-01
SCF Iteration  87: Energy = 4.9525350717888070 dE = -1.15499E-01
SCF Iteration  88: Energy = 5.0680295441272891 dE =  1.15494E-01
SCF Iteration  89: Energy = 4.9525304291988057 dE = -1.15499E-01
SCF Iteration  90: Energy = 5.0680257685471419 dE =  1.15495E-01
SCF Iteration  91: Energy = 4.9525266775947578 dE = -1.15499E-01
SCF Iteration  92: Energy = 5.0680227175768371 dE =  1.15496E-01
SCF Iteration  93: Energy = 4.9525236459961199 dE = -1.15499E-01
SCF Iteration  94: Energy = 5.0680202521574733 dE =  1.15497E-01
SCF Iteration  95: Energy = 4.9525211962286591 dE = -1.15499E-01
SCF Iteration  96: Energy = 5.0680182599137478 dE =  1.15497E-01
SCF Iteration  97: Energy = 4.9525192166316430 dE = -1.15499E-01
SCF Iteration  98: Energy = 5.0680166500348580 dE =  1.15497E-01
SCF Iteration  99: Energy = 4.9525176169714369 dE = -1.15499E-01
SCF Iteration 100: Energy = 5.0680153491369353 dE =  1.15498E-01
SCF Iteration 101: Energy = 4.9525163243304373 dE = -1.15499E-01
SCF Iteration 102: Energy = 5.0680142979192615 dE =  1.15498E-01
SCF Iteration 103: Energy = 4.9525152797846292 dE = -1.15499E-01
SCF Iteration 104: Energy = 5.0680134484617962 dE =  1.15498E-01
SCF Iteration 105: Energy = 4.9525144357182924 dE = -1.15499E-01
SCF Iteration 106: Energy = 5.0680127620412758 dE =  1.15498E-01
SCF Iteration 107: Energy = 4.9525137536540447 dE = -1.15499E-01
SCF Iteration 108: Energy = 5.0680122073662863 dE =  1.15498E-01
SCF Iteration 109: Energy = 4.9525132024991247 dE = -1.15499E-01
SCF Iteration 110: Energy = 5.0680117591509735 dE =  1.15499E-01
SCF Iteration 111: Energy = 4.9525127571282201 dE = -1.15499E-01
SCF Iteration 112: Energy = 5.0680113969625129 dE =  1.15499E-01
SCF Iteration 113: Energy = 4.9525123972382072 dE = -1.15499E-01
SCF Iteration 114: Energy = 5.0680111042896927 dE =  1.15499E-01
SCF Iteration 115: Energy = 4.9525121064226596 dE = -1.15499E-01
SCF Iteration 116: Energy = 5.0680108677903011 dE =  1.15499E-01
SCF Iteration 117: Energy = 4.9525118714240541 dE = -1.15499E-01
SCF Iteration 118: Energy = 5.0680106766828423 dE =  1.15499E-01
SCF Iteration 119: Energy = 4.9525116815293169 dE = -1.15499E-01
SCF Iteration 120: Energy = 5.0680105222551690 dE =  1.15499E-01
SCF Iteration 121: Energy = 4.9525115280816188 dE = -1.15499E-01
SCF Iteration 122: Energy = 5.0680103974672388 dE =  1.15499E-01
SCF Iteration 123: Energy = 4.9525114040855431 dE = -1.15499E-01
SCF Iteration 124: Energy = 5.0680102966302218 dE =  1.15499E-01
SCF Iteration 125: Energy = 4.9525113038884125 dE = -1.15499E-01
SCF Iteration 126: Energy = 5.0680102151471598 dE =  1.15499E-01
SCF Iteration 127: Energy = 4.9525112229224231 dE = -1.15499E-01
SCF Iteration 128: Energy = 5.0680101493033902 dE =  1.15499E-01
SCF Iteration 129: Energy = 4.9525111574964686 dE = -1.15499E-01
SCF Iteration 130: Energy = 5.0680100960972148 dE =  1.15499E-01
SCF Iteration 131: Energy = 4.9525111046279173 dE = -1.15499E-01
SCF Iteration 132: Energy = 5.0680100531030661 dE =  1.15499E-01
SCF Iteration 133: Energy = 4.9525110619065966 dE = -1.15499E-01
SCF Iteration 134: Energy = 5.0680100183609245 dE =  1.15499E-01
SCF Iteration 135: Energy = 4.9525110273849027 dE = -1.15499E-01
SCF Iteration 136: Energy = 5.0680099902869493 dE =  1.15499E-01
SCF Iteration 137: Energy = 4.9525109994890801 dE = -1.15499E-01
SCF Iteration 138: Energy = 5.0680099676013057 dE =  1.15499E-01
SCF Iteration 139: Energy = 4.9525109769473916 dE = -1.15499E-01
SCF Iteration 140: Energy = 5.0680099492697881 dE =  1.15499E-01
SCF Iteration 141: Energy = 4.9525109587322040 dE = -1.15499E-01
SCF Iteration 142: Energy = 5.0680099344566996 dE =  1.15499E-01
SCF Iteration 143: Energy = 4.9525109440131168 dE = -1.15499E-01
SCF Iteration 144: Energy = 5.0680099224867412 dE =  1.15499E-01
SCF Iteration 145: Energy = 4.9525109321191012 dE = -1.15499E-01
SCF Iteration 146: Energy = 5.0680099128142100 dE =  1.15499E-01
SCF Iteration 147: Energy = 4.9525109225079635 dE = -1.15499E-01
SCF Iteration 148: Energy = 5.0680099049981564 dE =  1.15499E-01
SCF Iteration 149: Energy = 4.9525109147415005 dE = -1.15499E-01
SCF Iteration 150: Energy = 5.0680098986822522 dE =  1.15499E-01
SCF Iteration 151: Energy = 4.9525109084656860 dE = -1.15499E-01
SCF Iteration 152: Energy = 5.0680098935785995 dE =  1.15499E-01
SCF Iteration 153: Energy = 4.9525109033944030 dE = -1.15499E-01
SCF Iteration 154: Energy = 5.0680098894545038 dE =  1.15499E-01
SCF Iteration 155: Energy = 4.9525108992964846 dE = -1.15499E-01
SCF Iteration 156: Energy = 5.0680098861219545 dE =  1.15499E-01
SCF Iteration 157: Energy = 4.9525108959850686 dE = -1.15499E-01
SCF Iteration 158: Energy = 5.0680098834290321 dE =  1.15499E-01
SCF Iteration 159: Energy = 4.9525108933092445 dE = -1.15499E-01
SCF Iteration 160: Energy = 5.0680098812529799 dE =  1.15499E-01
SCF Iteration 161: Energy = 4.9525108911469982 dE = -1.15499E-01
SCF Iteration 162: Energy = 5.0680098794945838 dE =  1.15499E-01
SCF Iteration 163: Energy = 4.9525108893997594 dE = -1.15499E-01
SCF Iteration 164: Energy = 5.0680098780736635 dE =  1.15499E-01
SCF Iteration 165: Energy = 4.9525108879878630 dE = -1.15499E-01
SCF Iteration 166: Energy = 5.0680098769254869 dE =  1.15499E-01
SCF Iteration 167: Energy = 4.9525108868469552 dE = -1.15499E-01
SCF Iteration 168: Energy = 5.0680098759976708 dE =  1.15499E-01
SCF Iteration 169: Energy = 4.9525108859250322 dE = -1.15499E-01
SCF Iteration 170: Energy = 5.0680098752479203 dE =  1.15499E-01
SCF Iteration 171: Energy = 4.9525108851800592 dE = -1.15499E-01
SCF Iteration 172: Energy = 5.0680098746420885 dE =  1.15499E-01
SCF Iteration 173: Energy = 4.9525108845780670 dE = -1.15499E-01
SCF Iteration 174: Energy = 5.0680098741525397 dE =  1.15499E-01
SCF Iteration 175: Energy = 4.9525108840916197 dE = -1.15499E-01
SCF Iteration 176: Energy = 5.0680098737569441 dE =  1.15499E-01
SCF Iteration 177: Energy = 4.9525108836985385 dE = -1.15499E-01
SCF Iteration 178: Energy = 5.0680098734372816 dE =  1.15499E-01
SCF Iteration 179: Energy = 4.9525108833809028 dE = -1.15499E-01
SCF Iteration 180: Energy = 5.0680098731789691 dE =  1.15499E-01
SCF Iteration 181: Energy = 4.9525108831242264 dE = -1.15499E-01
SCF Iteration 182: Energy = 5.0680098729702294 dE =  1.15499E-01
SCF Iteration 183: Energy = 4.9525108829168136 dE = -1.15499E-01
SCF Iteration 184: Energy = 5.0680098728015608 dE =  1.15499E-01
SCF Iteration 185: Energy = 4.9525108827492099 dE = -1.15499E-01
SCF Iteration 186: Energy = 5.0680098726652716 dE =  1.15499E-01
SCF Iteration 187: Energy = 4.9525108826137814 dE = -1.15499E-01
SCF Iteration 188: Energy = 5.0680098725551401 dE =  1.15499E-01
SCF Iteration 189: Energy = 4.9525108825043489 dE = -1.15499E-01
SCF Iteration 190: Energy = 5.0680098724661367 dE =  1.15499E-01
SCF Iteration 191: Energy = 4.9525108824159183 dE = -1.15499E-01
SCF Iteration 192: Energy = 5.0680098723942217 dE =  1.15499E-01
SCF Iteration 193: Energy = 4.9525108823444626 dE = -1.15499E-01
SCF Iteration 194: Energy = 5.0680098723361153 dE =  1.15499E-01
SCF Iteration 195: Energy = 4.9525108822867132 dE = -1.15499E-01
SCF Iteration 196: Energy = 5.0680098722891556 dE =  1.15499E-01
SCF Iteration 197: Energy = 4.9525108822400501 dE = -1.15499E-01
SCF Iteration 198: Energy = 5.0680098722512081 dE =  1.15499E-01
SCF Iteration 199: Energy = 4.9525108822023398 dE = -1.15499E-01
SCF Iteration 200: Energy = 5.0680098722205384 dE =  1.15499E-01
SCF Iteration 201: Energy = 4.9525108821718806 dE = -1.15499E-01
SCF Iteration 202: Energy = 5.0680098721957538 dE =  1.15499E-01
SCF Iteration 203: Energy = 4.9525108821472505 dE = -1.15499E-01
SCF Iteration 204: Energy = 5.0680098721757370 dE =  1.15499E-01
SCF Iteration 205: Energy = 4.9525108821273616 dE = -1.15499E-01
SCF Iteration 206: Energy = 5.0680098721595526 dE =  1.15499E-01
SCF Iteration 207: Energy = 4.9525108821112855 dE = -1.15499E-01
SCF Iteration 208: Energy = 5.0680098721464883 dE =  1.15499E-01
SCF Iteration 209: Energy = 4.9525108820982986 dE = -1.15499E-01
SCF Iteration 210: Energy = 5.0680098721359244 dE =  1.15499E-01
SCF Iteration 211: Energy = 4.9525108820878092 dE = -1.15499E-01
SCF Iteration 212: Energy = 5.0680098721273898 dE =  1.15499E-01
SCF Iteration 213: Energy = 4.9525108820793244 dE = -1.15499E-01
SCF Iteration 214: Energy = 5.0680098721204958 dE =  1.15499E-01
SCF Iteration 215: Energy = 4.9525108820724739 dE = -1.15499E-01
SCF Iteration 216: Energy = 5.0680098721149154 dE =  1.15499E-01
SCF Iteration 217: Energy = 4.9525108820669246 dE = -1.15499E-01
SCF Iteration 218: Energy = 5.0680098721104123 dE =  1.15499E-01
SCF Iteration 219: Energy = 4.9525108820624508 dE = -1.15499E-01
SCF Iteration 220: Energy = 5.0680098721067761 dE =  1.15499E-01
SCF Iteration 221: Energy = 4.9525108820588368 dE = -1.15499E-01
SCF Iteration 222: Energy = 5.0680098721038433 dE =  1.15499E-01
SCF Iteration 223: Energy = 4.9525108820559094 dE = -1.15499E-01
SCF Iteration 224: Energy = 5.0680098721014559 dE =  1.15499E-01
SCF Iteration 225: Energy = 4.9525108820535451 dE = -1.15499E-01
SCF Iteration 226: Energy = 5.0680098720995250 dE =  1.15499E-01
SCF Iteration 227: Energy = 4.9525108820516301 dE = -1.15499E-01
SCF Iteration 228: Energy = 5.0680098720979672 dE =  1.15499E-01
SCF Iteration 229: Energy = 4.9525108820500936 dE = -1.15499E-01
SCF Iteration 230: Energy = 5.0680098720967184 dE =  1.15499E-01
SCF Iteration 231: Energy = 4.9525108820488457 dE = -1.15499E-01
SCF Iteration 232: Energy = 5.0680098720957067 dE =  1.15499E-01
SCF Iteration 233: Energy = 4.9525108820478270 dE = -1.15499E-01
SCF Iteration 234: Energy = 5.0680098720948870 dE =  1.15499E-01
SCF Iteration 235: Energy = 4.9525108820470134 dE = -1.15499E-01
SCF Iteration 236: Energy = 5.0680098720942244 dE =  1.15499E-01
SCF Iteration 237: Energy = 4.9525108820463650 dE = -1.15499E-01
SCF Iteration 238: Energy = 5.0680098720936915 dE =  1.15499E-01
SCF Iteration 239: Energy = 4.9525108820458303 dE = -1.15499E-01
SCF Iteration 240: Energy = 5.0680098720932634 dE =  1.15499E-01
SCF Iteration 241: Energy = 4.9525108820454040 dE = -1.15499E-01
SCF Iteration 242: Energy = 5.0680098720929108 dE =  1.15499E-01
SCF Iteration 243: Energy = 4.9525108820450514 dE = -1.15499E-01
SCF Iteration 244: Energy = 5.0680098720926203 dE =  1.15499E-01
SCF Iteration 245: Energy = 4.9525108820447894 dE = -1.15499E-01
SCF Iteration 246: Energy = 5.0680098720924054 dE =  1.15499E-01
SCF Iteration 247: Energy = 4.9525108820445638 dE = -1.15499E-01
SCF Iteration 248: Energy = 5.0680098720922198 dE =  1.15499E-01
SCF Iteration 249: Energy = 4.9525108820443693 dE = -1.15499E-01
SCF Iteration 250: Energy = 5.0680098720920705 dE =  1.15499E-01
SCF Iteration 251: Energy = 4.9525108820442201 dE = -1.15499E-01
SCF Iteration 252: Energy = 5.0680098720919471 dE =  1.15499E-01
SCF Iteration 253: Energy = 4.9525108820441055 dE = -1.15499E-01
SCF Iteration 254: Energy = 5.0680098720918485 dE =  1.15499E-01
SCF Iteration 255: Energy = 4.9525108820440042 dE = -1.15499E-01
SCF Iteration 256: Energy = 5.0680098720917677 dE =  1.15499E-01
SCF Iteration 257: Energy = 4.9525108820439261 dE = -1.15499E-01
SCF Iteration 258: Energy = 5.0680098720917020 dE =  1.15499E-01
SCF Iteration 259: Energy = 4.9525108820438692 dE = -1.15499E-01
SCF Iteration 260: Energy = 5.0680098720916540 dE =  1.15499E-01
SCF Iteration 261: Energy = 4.9525108820438151 dE = -1.15499E-01
SCF Iteration 262: Energy = 5.0680098720916185 dE =  1.15499E-01
SCF Iteration 263: Energy = 4.9525108820437760 dE = -1.15499E-01
SCF Iteration 264: Energy = 5.0680098720915829 dE =  1.15499E-01
SCF Iteration 265: Energy = 4.9525108820437440 dE = -1.15499E-01
SCF Iteration 266: Energy = 5.0680098720915590 dE =  1.15499E-01
SCF Iteration 267: Energy = 4.9525108820437271 dE = -1.15499E-01
SCF Iteration 268: Energy = 5.0680098720915288 dE =  1.15499E-01
SCF Iteration 269: Energy = 4.9525108820436952 dE = -1.15499E-01
SCF Iteration 270: Energy = 5.0680098720915137 dE =  1.15499E-01
SCF Iteration 271: Energy = 4.9525108820436836 dE = -1.15499E-01
SCF Iteration 272: Energy = 5.0680098720915083 dE =  1.15499E-01
SCF Iteration 273: Energy = 4.9525108820436579 dE = -1.15499E-01
SCF Iteration 274: Energy = 5.0680098720914906 dE =  1.15499E-01
SCF Iteration 275: Energy = 4.9525108820436543 dE = -1.15499E-01
SCF Iteration 276: Energy = 5.0680098720914835 dE =  1.15499E-01
SCF Iteration 277: Energy = 4.9525108820436339 dE = -1.15499E-01
SCF Iteration 278: Energy = 5.0680098720914746 dE =  1.15499E-01
SCF Iteration 279: Energy = 4.9525108820436312 dE = -1.15499E-01
SCF Iteration 280: Energy = 5.0680098720914728 dE =  1.15499E-01
SCF Iteration 281: Energy = 4.9525108820436312 dE = -1.15499E-01
SCF Iteration 282: Energy = 5.0680098720914692 dE =  1.15499E-01
SCF Iteration 283: Energy = 4.9525108820436294 dE = -1.15499E-01
SCF Iteration 284: Energy = 5.0680098720914639 dE =  1.15499E-01
SCF Iteration 285: Energy = 4.9525108820436241 dE = -1.15499E-01
SCF Iteration 286: Energy = 5.0680098720914675 dE =  1.15499E-01
SCF Iteration 287: Energy = 4.9525108820436126 dE = -1.15499E-01
SCF Iteration 288: Energy = 5.0680098720914568 dE =  1.15499E-01
SCF Iteration 289: Energy = 4.9525108820436152 dE = -1.15499E-01
SCF Iteration 290: Energy = 5.0680098720914533 dE =  1.15499E-01
SCF Iteration 291: Energy = 4.9525108820436010 dE = -1.15499E-01
SCF Iteration 292: Energy = 5.0680098720914497 dE =  1.15499E-01
SCF Iteration 293: Energy = 4.9525108820436010 dE = -1.15499E-01
SCF Iteration 294: Energy = 5.0680098720914408 dE =  1.15499E-01
SCF Iteration 295: Energy = 4.9525108820436134 dE = -1.15499E-01
SCF Iteration 296: Energy = 5.0680098720914497 dE =  1.15499E-01
SCF Iteration 297: Energy = 4.9525108820436063 dE = -1.15499E-01
SCF Iteration 298: Energy = 5.0680098720914497 dE =  1.15499E-01
SCF Iteration 299: Energy = 4.9525108820436019 dE = -1.15499E-01
SCF Iteration 300: Energy = 5.0680098720914470 dE =  1.15499E-01
SCF Iteration 301: Energy = 4.9525108820435975 dE = -1.15499E-01
SCF Iteration 302: Energy = 5.0680098720914488 dE =  1.15499E-01
SCF Iteration 303: Energy = 4.9525108820436063 dE = -1.15499E-01
SCF Iteration 304: Energy = 5.0680098720914462 dE =  1.15499E-01
SCF Iteration 305: Energy = 4.9525108820436037 dE = -1.15499E-01
SCF Iteration 306: Energy = 5.0680098720914444 dE =  1.15499E-01
SCF Iteration 307: Energy = 4.9525108820436010 dE = -1.15499E-01
SCF Iteration 308: Energy = 5.0680098720914444 dE =  1.15499E-01
SCF Iteration 309: Energy = 4.9525108820435859 dE = -1.15499E-01
SCF Iteration 310: Energy = 5.0680098720914515 dE =  1.15499E-01
SCF Iteration 311: Energy = 4.9525108820435992 dE = -1.15499E-01
SCF Iteration 312: Energy = 5.0680098720914408 dE =  1.15499E-01
SCF Iteration 313: Energy = 4.9525108820435948 dE = -1.15499E-01
SCF Iteration 314: Energy = 5.0680098720914373 dE =  1.15499E-01
SCF Iteration 315: Energy = 4.9525108820435930 dE = -1.15499E-01
SCF Iteration 316: Energy = 5.0680098720914408 dE =  1.15499E-01
SCF Iteration 317: Energy = 4.9525108820435930 dE = -1.15499E-01
SCF Iteration 318: Energy = 5.0680098720914373 dE =  1.15499E-01
SCF Iteration 319: Energy = 4.9525108820436028 dE = -1.15499E-01
SCF Iteration 320: Energy = 5.0680098720914417 dE =  1.15499E-01
SCF Iteration 321: Energy = 4.9525108820435930 dE = -1.15499E-01
SCF Iteration 322: Energy = 5.0680098720914390 dE =  1.15499E-01
SCF Iteration 323: Energy = 4.9525108820435921 dE = -1.15499E-01
SCF Iteration 324: Energy = 5.0680098720914390 dE =  1.15499E-01
SCF Iteration 325: Energy = 4.9525108820435975 dE = -1.15499E-01
SCF Iteration 326: Energy = 5.0680098720914408 dE =  1.15499E-01
SCF Iteration 327: Energy = 4.9525108820435939 dE = -1.15499E-01
SCF Iteration 328: Energy = 5.0680098720914444 dE =  1.15499E-01
SCF Iteration 329: Energy = 4.9525108820435939 dE = -1.15499E-01
SCF Iteration 330: Energy = 5.0680098720914426 dE =  1.15499E-01
SCF Iteration 331: Energy = 4.9525108820436010 dE = -1.15499E-01
SCF Iteration 332: Energy = 5.0680098720914382 dE =  1.15499E-01
SCF Iteration 333: Energy = 4.9525108820436081 dE = -1.15499E-01
SCF Iteration 334: Energy = 5.0680098720914426 dE =  1.15499E-01
SCF Iteration 335: Energy = 4.9525108820436063 dE = -1.15499E-01
SCF Iteration 336: Energy = 5.0680098720914328 dE =  1.15499E-01
SCF Iteration 337: Energy = 4.9525108820435877 dE = -1.15499E-01
SCF Iteration 338: Energy = 5.0680098720914408 dE =  1.15499E-01
SCF Iteration 339: Energy = 4.9525108820435966 dE = -1.15499E-01
SCF Iteration 340: Energy = 5.0680098720914426 dE =  1.15499E-01
SCF Iteration 341: Energy = 4.9525108820435975 dE = -1.15499E-01
SCF Iteration 342: Energy = 5.0680098720914426 dE =  1.15499E-01
SCF Iteration 343: Energy = 4.9525108820435859 dE = -1.15499E-01
SCF Iteration 344: Energy = 5.0680098720914408 dE =  1.15499E-01
SCF Iteration 345: Energy = 4.9525108820435939 dE = -1.15499E-01
SCF Iteration 346: Energy = 5.0680098720914364 dE =  1.15499E-01
SCF Iteration 347: Energy = 4.9525108820435948 dE = -1.15499E-01
SCF Iteration 348: Energy = 5.0680098720914373 dE =  1.15499E-01
SCF Iteration 349: Energy = 4.9525108820435939 dE = -1.15499E-01
SCF Iteration 350: Energy = 5.0680098720914426 dE =  1.15499E-01
SCF Iteration 351: Energy = 4.9525108820436037 dE = -1.15499E-01
SCF Iteration 352: Energy = 5.0680098720914373 dE =  1.15499E-01
SCF Iteration 353: Energy = 4.9525108820435992 dE = -1.15499E-01
SCF Iteration 354: Energy = 5.0680098720914382 dE =  1.15499E-01
SCF Iteration 355: Energy = 4.9525108820436028 dE = -1.15499E-01
SCF Iteration 356: Energy = 5.0680098720914426 dE =  1.15499E-01
SCF Iteration 357: Energy = 4.9525108820436010 dE = -1.15499E-01
SCF Iteration 358: Energy = 5.0680098720914355 dE =  1.15499E-01
SCF Iteration 359: Energy = 4.9525108820435966 dE = -1.15499E-01
SCF Iteration 360: Energy = 5.0680098720914355 dE =  1.15499E-01
SCF Iteration 361: Energy = 4.9525108820435939 dE = -1.15499E-01
SCF Iteration 362: Energy = 5.0680098720914435 dE =  1.15499E-01
SCF Iteration 363: Energy = 4.9525108820436037 dE = -1.15499E-01
SCF Iteration 364: Energy = 5.0680098720914462 dE =  1.15499E-01
SCF Iteration 365: Energy = 4.9525108820435975 dE = -1.15499E-01
SCF Iteration 366: Energy = 5.0680098720914417 dE =  1.15499E-01
SCF Iteration 367: Energy = 4.9525108820436046 dE = -1.15499E-01
SCF Iteration 368: Energy = 5.0680098720914488 dE =  1.15499E-01
SCF Iteration 369: Energy = 4.9525108820436001 dE = -1.15499E-01
SCF Iteration 370: Energy = 5.0680098720914417 dE =  1.15499E-01
SCF Iteration 371: Energy = 4.9525108820435912 dE = -1.15499E-01
SCF Iteration 372: Energy = 5.0680098720914426 dE =  1.15499E-01
SCF Iteration 373: Energy = 4.9525108820436037 dE = -1.15499E-01
SCF Iteration 374: Energy = 5.0680098720914453 dE =  1.15499E-01
SCF Iteration 375: Energy = 4.9525108820435992 dE = -1.15499E-01
SCF Iteration 376: Energy = 5.0680098720914444 dE =  1.15499E-01
SCF Iteration 377: Energy = 4.9525108820436099 dE = -1.15499E-01
SCF Iteration 378: Energy = 5.0680098720914462 dE =  1.15499E-01
SCF Iteration 379: Energy = 4.9525108820435992 dE = -1.15499E-01
SCF Iteration 380: Energy = 5.0680098720914390 dE =  1.15499E-01
SCF Iteration 381: Energy = 4.9525108820435912 dE = -1.15499E-01
SCF Iteration 382: Energy = 5.0680098720914417 dE =  1.15499E-01
SCF Iteration 383: Energy = 4.9525108820435992 dE = -1.15499E-01
SCF Iteration 384: Energy = 5.0680098720914382 dE =  1.15499E-01
SCF Iteration 385: Energy = 4.9525108820435975 dE = -1.15499E-01
SCF Iteration 386: Energy = 5.0680098720914337 dE =  1.15499E-01
SCF Iteration 387: Energy = 4.9525108820435948 dE = -1.15499E-01
SCF Iteration 388: Energy = 5.0680098720914426 dE =  1.15499E-01
SCF Iteration 389: Energy = 4.9525108820435966 dE = -1.15499E-01
SCF Iteration 390: Energy = 5.0680098720914399 dE =  1.15499E-01
SCF Iteration 391: Energy = 4.9525108820435957 dE = -1.15499E-01
SCF Iteration 392: Energy = 5.0680098720914364 dE =  1.15499E-01
SCF Iteration 393: Energy = 4.9525108820435921 dE = -1.15499E-01
SCF Iteration 394: Energy = 5.0680098720914373 dE =  1.15499E-01
SCF Iteration 395: Energy = 4.9525108820435975 dE = -1.15499E-01
SCF Iteration 396: Energy = 5.0680098720914390 dE =  1.15499E-01
SCF Iteration 397: Energy = 4.9525108820436028 dE = -1.15499E-01
SCF Iteration 398: Energy = 5.0680098720914417 dE =  1.15499E-01
SCF Iteration 399: Energy = 4.9525108820436117 dE = -1.15499E-01
SCF Iteration 400: Energy = 5.0680098720914444 dE =  1.15499E-01
SCF Iteration 401: Energy = 4.9525108820436134 dE = -1.15499E-01
SCF Iteration 402: Energy = 5.0680098720914533 dE =  1.15499E-01
SCF Iteration 403: Energy = 4.9525108820436143 dE = -1.15499E-01
SCF Iteration 404: Energy = 5.0680098720914462 dE =  1.15499E-01
SCF Iteration 405: Energy = 4.9525108820436126 dE = -1.15499E-01
SCF Iteration 406: Energy = 5.0680098720914533 dE =  1.15499E-01
SCF Iteration 407: Energy = 4.9525108820436161 dE = -1.15499E-01
SCF Iteration 408: Energy = 5.0680098720914497 dE =  1.15499E-01
SCF Iteration 409: Energy = 4.9525108820436099 dE = -1.15499E-01
SCF Iteration 410: Energy = 5.0680098720914444 dE =  1.15499E-01
SCF Iteration 411: Energy = 4.9525108820436072 dE = -1.15499E-01
SCF Iteration 412: Energy = 5.0680098720914444 dE =  1.15499E-01
SCF Iteration 413: Energy = 4.9525108820436010 dE = -1.15499E-01
SCF Iteration 414: Energy = 5.0680098720914444 dE =  1.15499E-01
SCF Iteration 415: Energy = 4.9525108820436046 dE = -1.15499E-01
SCF Iteration 416: Energy = 5.0680098720914435 dE =  1.15499E-01
SCF Iteration 417: Energy = 4.9525108820435957 dE = -1.15499E-01
SCF Iteration 418: Energy = 5.0680098720914408 dE =  1.15499E-01
SCF Iteration 419: Energy = 4.9525108820435904 dE = -1.15499E-01
SCF Iteration 420: Energy = 5.0680098720914373 dE =  1.15499E-01
SCF Iteration 421: Energy = 4.9525108820435992 dE = -1.15499E-01
SCF Iteration 422: Energy = 5.0680098720914399 dE =  1.15499E-01
SCF Iteration 423: Energy = 4.9525108820436046 dE = -1.15499E-01
SCF Iteration 424: Energy = 5.0680098720914408 dE =  1.15499E-01
SCF Iteration 425: Energy = 4.9525108820435984 dE = -1.15499E-01
SCF Iteration 426: Energy = 5.0680098720914435 dE =  1.15499E-01
SCF Iteration 427: Energy = 4.9525108820435886 dE = -1.15499E-01
SCF Iteration 428: Energy = 5.0680098720914355 dE =  1.15499E-01
SCF Iteration 429: Energy = 4.9525108820436019 dE = -1.15499E-01
SCF Iteration 430: Energy = 5.0680098720914417 dE =  1.15499E-01
SCF Iteration 431: Energy = 4.9525108820435992 dE = -1.15499E-01
SCF Iteration 432: Energy = 5.0680098720914408 dE =  1.15499E-01
SCF Iteration 433: Energy = 4.9525108820435877 dE = -1.15499E-01
SCF Iteration 434: Energy = 5.0680098720914408 dE =  1.15499E-01
SCF Iteration 435: Energy = 4.9525108820435921 dE = -1.15499E-01
SCF Iteration 436: Energy = 5.0680098720914319 dE =  1.15499E-01
SCF Iteration 437: Energy = 4.9525108820435975 dE = -1.15499E-01
SCF Iteration 438: Energy = 5.0680098720914408 dE =  1.15499E-01
SCF Iteration 439: Energy = 4.9525108820435966 dE = -1.15499E-01
SCF Iteration 440: Energy = 5.0680098720914408 dE =  1.15499E-01
SCF Iteration 441: Energy = 4.9525108820436028 dE = -1.15499E-01
SCF Iteration 442: Energy = 5.0680098720914470 dE =  1.15499E-01
SCF Iteration 443: Energy = 4.9525108820436010 dE = -1.15499E-01
SCF Iteration 444: Energy = 5.0680098720914462 dE =  1.15499E-01
SCF Iteration 445: Energy = 4.9525108820436072 dE = -1.15499E-01
SCF Iteration 446: Energy = 5.0680098720914479 dE =  1.15499E-01
SCF Iteration 447: Energy = 4.9525108820436117 dE = -1.15499E-01
SCF Iteration 448: Energy = 5.0680098720914488 dE =  1.15499E-01
SCF Iteration 449: Energy = 4.9525108820436152 dE = -1.15499E-01
SCF Iteration 450: Energy = 5.0680098720914559 dE =  1.15499E-01
SCF Iteration 451: Energy = 4.9525108820436126 dE = -1.15499E-01
SCF Iteration 452: Energy = 5.0680098720914515 dE =  1.15499E-01
SCF Iteration 453: Energy = 4.9525108820436028 dE = -1.15499E-01
SCF Iteration 454: Energy = 5.0680098720914364 dE =  1.15499E-01
SCF Iteration 455: Energy = 4.9525108820436046 dE = -1.15499E-01
SCF Iteration 456: Energy = 5.0680098720914444 dE =  1.15499E-01
SCF Iteration 457: Energy = 4.9525108820436046 dE = -1.15499E-01
SCF Iteration 458: Energy = 5.0680098720914541 dE =  1.15499E-01
SCF Iteration 459: Energy = 4.9525108820436081 dE = -1.15499E-01
SCF Iteration 460: Energy = 5.0680098720914373 dE =  1.15499E-01
SCF Iteration 461: Energy = 4.9525108820435992 dE = -1.15499E-01
SCF Iteration 462: Energy = 5.0680098720914426 dE =  1.15499E-01
SCF Iteration 463: Energy = 4.9525108820436063 dE = -1.15499E-01
SCF Iteration 464: Energy = 5.0680098720914444 dE =  1.15499E-01
SCF Iteration 465: Energy = 4.9525108820436028 dE = -1.15499E-01
SCF Iteration 466: Energy = 5.0680098720914444 dE =  1.15499E-01
SCF Iteration 467: Energy = 4.9525108820436117 dE = -1.15499E-01
SCF Iteration 468: Energy = 5.0680098720914426 dE =  1.15499E-01
SCF Iteration 469: Energy = 4.9525108820435975 dE = -1.15499E-01
SCF Iteration 470: Energy = 5.0680098720914444 dE =  1.15499E-01
SCF Iteration 471: Energy = 4.9525108820435930 dE = -1.15499E-01
SCF Iteration 472: Energy = 5.0680098720914390 dE =  1.15499E-01
SCF Iteration 473: Energy = 4.9525108820436081 dE = -1.15499E-01
SCF Iteration 474: Energy = 5.0680098720914373 dE =  1.15499E-01
SCF Iteration 475: Energy = 4.9525108820435939 dE = -1.15499E-01
SCF Iteration 476: Energy = 5.0680098720914373 dE =  1.15499E-01
SCF Iteration 477: Energy = 4.9525108820436046 dE = -1.15499E-01
SCF Iteration 478: Energy = 5.0680098720914408 dE =  1.15499E-01
SCF Iteration 479: Energy = 4.9525108820436055 dE = -1.15499E-01
SCF Iteration 480: Energy = 5.0680098720914373 dE =  1.15499E-01
SCF Iteration 481: Energy = 4.9525108820435957 dE = -1.15499E-01
SCF Iteration 482: Energy = 5.0680098720914453 dE =  1.15499E-01
SCF Iteration 483: Energy = 4.9525108820436063 dE = -1.15499E-01
SCF Iteration 484: Energy = 5.0680098720914408 dE =  1.15499E-01
SCF Iteration 485: Energy = 4.9525108820436063 dE = -1.15499E-01
SCF Iteration 486: Energy = 5.0680098720914408 dE =  1.15499E-01
SCF Iteration 487: Energy = 4.9525108820436081 dE = -1.15499E-01
SCF Iteration 488: Energy = 5.0680098720914479 dE =  1.15499E-01
SCF Iteration 489: Energy = 4.9525108820435984 dE = -1.15499E-01
SCF Iteration 490: Energy = 5.0680098720914453 dE =  1.15499E-01
SCF Iteration 491: Energy = 4.9525108820436028 dE = -1.15499E-01
SCF Iteration 492: Energy = 5.0680098720914470 dE =  1.15499E-01
SCF Iteration 493: Energy = 4.9525108820436046 dE = -1.15499E-01
SCF Iteration 494: Energy = 5.0680098720914479 dE =  1.15499E-01
SCF Iteration 495: Energy = 4.9525108820436055 dE = -1.15499E-01
SCF Iteration 496: Energy = 5.0680098720914355 dE =  1.15499E-01
SCF Iteration 497: Energy = 4.9525108820436063 dE = -1.15499E-01
SCF Iteration 498: Energy = 5.0680098720914497 dE =  1.15499E-01
SCF Iteration 499: Energy = 4.9525108820436063 dE = -1.15499E-01
SCF Iteration 500: Energy = 5.0680098720914497 dE =  1.15499E-01
