
  Memory set to  55.879 GiB by Python driver.
  Threads set to 1 by Python driver.
Settings:
	LOT = CCSD-S1-U21
	wc = 20.0 eV
	lambda = [1.091182 0.       0.      ] a.u.
	Equivalent A0 = LAMBDA / sqrt(2 wc) = [0.9 0.  0. ])
doing QED-CCSD-1 (or QED-CCSD-21)
Number of occupied orbitals:   1
Number of basis functions:  60
SCF Iteration   1: Energy = 2.8748960053065105 dE =  2.87490E+00
SCF Iteration   2: Energy = 3.6026398710535084 dE =  7.27744E-01
SCF Iteration   3: Energy = 3.0326225661823587 dE = -5.70017E-01
SCF Iteration   4: Energy = 3.5032767730386110 dE =  4.70654E-01
SCF Iteration   5: Energy = 3.0626762630006681 dE = -4.40601E-01
SCF Iteration   6: Energy = 3.4701836301467264 dE =  4.07507E-01
SCF Iteration   7: Energy = 3.0601333894599385 dE = -4.10050E-01
SCF Iteration   8: Energy = 3.4506584327391896 dE =  3.90525E-01
SCF Iteration   9: Energy = 3.0496795909545167 dE = -4.00979E-01
SCF Iteration  10: Energy = 3.4364427046902777 dE =  3.86763E-01
SCF Iteration  11: Energy = 3.0383159420727823 dE = -3.98127E-01
SCF Iteration  12: Energy = 3.4255473943017405 dE =  3.87231E-01
SCF Iteration  13: Energy = 3.0281948895603268 dE = -3.97353E-01
SCF Iteration  14: Energy = 3.4171664773676378 dE =  3.88972E-01
SCF Iteration  15: Energy = 3.0198519178036554 dE = -3.97315E-01
SCF Iteration  16: Energy = 3.4107715994420342 dE =  3.90920E-01
SCF Iteration  17: Energy = 3.0132466746896398 dE = -3.97525E-01
SCF Iteration  18: Energy = 3.4059382855044795 dE =  3.92692E-01
SCF Iteration  19: Energy = 3.0081437612026862 dE = -3.97795E-01
SCF Iteration  20: Energy = 3.4023151395640330 dE =  3.94171E-01
SCF Iteration  21: Energy = 3.0042645563760333 dE = -3.98051E-01
SCF Iteration  22: Energy = 3.3996167377232265 dE =  3.95352E-01
SCF Iteration  23: Energy = 3.0013481602328529 dE = -3.98269E-01
SCF Iteration  24: Energy = 3.3976169616556469 dE =  3.96269E-01
SCF Iteration  25: Energy = 2.9991727109111217 dE = -3.98444E-01
SCF Iteration  26: Energy = 3.3961404067703000 dE =  3.96968E-01
SCF Iteration  27: Energy = 2.9975590375195247 dE = -3.98581E-01
SCF Iteration  28: Energy = 3.3950531692638588 dE =  3.97494E-01
SCF Iteration  29: Energy = 2.9963669129387753 dE = -3.98686E-01
SCF Iteration  30: Energy = 3.3942542259426358 dE =  3.97887E-01
SCF Iteration  31: Energy = 2.9954888064709637 dE = -3.98765E-01
SCF Iteration  32: Energy = 3.3936680137105695 dE =  3.98179E-01
SCF Iteration  33: Energy = 2.9948433936510357 dE = -3.98825E-01
SCF Iteration  34: Energy = 3.3932383665539545 dE =  3.98395E-01
SCF Iteration  35: Energy = 2.9943697593890555 dE = -3.98869E-01
SCF Iteration  36: Energy = 3.3929237269470853 dE =  3.98554E-01
SCF Iteration  37: Energy = 2.9940225863467886 dE = -3.98901E-01
SCF Iteration  38: Energy = 3.3926934489637457 dE =  3.98671E-01
SCF Iteration  39: Energy = 2.9937683255197407 dE = -3.98925E-01
SCF Iteration  40: Energy = 3.3925249885729816 dE =  3.98757E-01
SCF Iteration  41: Energy = 2.9935822277722757 dE = -3.98943E-01
SCF Iteration  42: Energy = 3.3924017915239379 dE =  3.98820E-01
SCF Iteration  43: Energy = 2.9934460824721376 dE = -3.98956E-01
SCF Iteration  44: Energy = 3.3923117179543438 dE =  3.98866E-01
SCF Iteration  45: Energy = 2.9933465151652916 dE = -3.98965E-01
SCF Iteration  46: Energy = 3.3922458738877648 dE =  3.98899E-01
SCF Iteration  47: Energy = 2.9932737167020118 dE = -3.98972E-01
SCF Iteration  48: Energy = 3.3921977480269514 dE =  3.98924E-01
SCF Iteration  49: Energy = 2.9932205000482610 dE = -3.98977E-01
SCF Iteration  50: Energy = 3.3921625759498060 dE =  3.98942E-01
SCF Iteration  51: Energy = 2.9931816032503367 dE = -3.98981E-01
SCF Iteration  52: Energy = 3.3921368728047470 dE =  3.98955E-01
SCF Iteration  53: Energy = 2.9931531758869205 dE = -3.98984E-01
SCF Iteration  54: Energy = 3.3921180903887995 dE =  3.98965E-01
SCF Iteration  55: Energy = 2.9931324015492216 dE = -3.98986E-01
SCF Iteration  56: Energy = 3.3921043657911154 dE =  3.98972E-01
SCF Iteration  57: Energy = 2.9931172207689007 dE = -3.98987E-01
SCF Iteration  58: Energy = 3.3920943373082957 dE =  3.98977E-01
SCF Iteration  59: Energy = 2.9931061279090478 dE = -3.98988E-01
SCF Iteration  60: Energy = 3.3920870097112328 dE =  3.98981E-01
SCF Iteration  61: Energy = 2.9930980224043724 dE = -3.98989E-01
SCF Iteration  62: Energy = 3.3920816556776527 dE =  3.98984E-01
SCF Iteration  63: Energy = 2.9930920998768848 dE = -3.98990E-01
SCF Iteration  64: Energy = 3.3920777437072909 dE =  3.98986E-01
SCF Iteration  65: Energy = 2.9930877724763891 dE = -3.98990E-01
SCF Iteration  66: Energy = 3.3920748854172311 dE =  3.98987E-01
SCF Iteration  67: Energy = 2.9930846106216022 dE = -3.98990E-01
SCF Iteration  68: Energy = 3.3920727970142970 dE =  3.98988E-01
SCF Iteration  69: Energy = 2.9930823004037714 dE = -3.98990E-01
SCF Iteration  70: Energy = 3.3920712711346930 dE =  3.98989E-01
SCF Iteration  71: Energy = 2.9930806124477654 dE = -3.98991E-01
SCF Iteration  72: Energy = 3.3920701562633795 dE =  3.98990E-01
SCF Iteration  73: Energy = 2.9930793791520136 dE = -3.98991E-01
SCF Iteration  74: Energy = 3.3920693416939351 dE =  3.98990E-01
SCF Iteration  75: Energy = 2.9930784780544384 dE = -3.98991E-01
SCF Iteration  76: Energy = 3.3920687465381381 dE =  3.98990E-01
SCF Iteration  77: Energy = 2.9930778196764969 dE = -3.98991E-01
SCF Iteration  78: Energy = 3.3920683116949828 dE =  3.98990E-01
SCF Iteration  79: Energy = 2.9930773386401666 dE = -3.98991E-01
SCF Iteration  80: Energy = 3.3920679939826037 dE =  3.98991E-01
SCF Iteration  81: Energy = 2.9930769871769449 dE = -3.98991E-01
SCF Iteration  82: Energy = 3.3920677618504378 dE =  3.98991E-01
SCF Iteration  83: Energy = 2.9930767303849786 dE = -3.98991E-01
SCF Iteration  84: Energy = 3.3920675922463595 dE =  3.98991E-01
SCF Iteration  85: Energy = 2.9930765427634611 dE = -3.98991E-01
SCF Iteration  86: Energy = 3.3920674683275998 dE =  3.98991E-01
SCF Iteration  87: Energy = 2.9930764056804549 dE = -3.98991E-01
SCF Iteration  88: Energy = 3.3920673777881714 dE =  3.98991E-01
SCF Iteration  89: Energy = 2.9930763055227372 dE = -3.98991E-01
SCF Iteration  90: Energy = 3.3920673116369011 dE =  3.98991E-01
SCF Iteration  91: Energy = 2.9930762323439901 dE = -3.98991E-01
SCF Iteration  92: Energy = 3.3920672633044715 dE =  3.98991E-01
SCF Iteration  93: Energy = 2.9930761788770237 dE = -3.98991E-01
SCF Iteration  94: Energy = 3.3920672279910993 dE =  3.98991E-01
SCF Iteration  95: Energy = 2.9930761398121781 dE = -3.98991E-01
SCF Iteration  96: Energy = 3.3920672021899225 dE =  3.98991E-01
SCF Iteration  97: Energy = 2.9930761112700499 dE = -3.98991E-01
SCF Iteration  98: Energy = 3.3920671833386926 dE =  3.98991E-01
SCF Iteration  99: Energy = 2.9930760904161691 dE = -3.98991E-01
SCF Iteration 100: Energy = 3.3920671695653182 dE =  3.98991E-01
SCF Iteration 101: Energy = 2.9930760751795944 dE = -3.98991E-01
SCF Iteration 102: Energy = 3.3920671595020258 dE =  3.98991E-01
SCF Iteration 103: Energy = 2.9930760640472309 dE = -3.98991E-01
SCF Iteration 104: Energy = 3.3920671521494263 dE =  3.98991E-01
SCF Iteration 105: Energy = 2.9930760559135408 dE = -3.98991E-01
SCF Iteration 106: Energy = 3.3920671467773613 dE =  3.98991E-01
SCF Iteration 107: Energy = 2.9930760499707749 dE = -3.98991E-01
SCF Iteration 108: Energy = 3.3920671428523463 dE =  3.98991E-01
SCF Iteration 109: Energy = 2.9930760456287850 dE = -3.98991E-01
SCF Iteration 110: Energy = 3.3920671399845892 dE =  3.98991E-01
SCF Iteration 111: Energy = 2.9930760424563778 dE = -3.98991E-01
SCF Iteration 112: Energy = 3.3920671378893039 dE =  3.98991E-01
SCF Iteration 113: Energy = 2.9930760401385079 dE = -3.98991E-01
SCF Iteration 114: Energy = 3.3920671363584312 dE =  3.98991E-01
SCF Iteration 115: Energy = 2.9930760384449879 dE = -3.98991E-01
SCF Iteration 116: Energy = 3.3920671352399143 dE =  3.98991E-01
SCF Iteration 117: Energy = 2.9930760372076506 dE = -3.98991E-01
SCF Iteration 118: Energy = 3.3920671344226871 dE =  3.98991E-01
SCF Iteration 119: Energy = 2.9930760363036075 dE = -3.98991E-01
SCF Iteration 120: Energy = 3.3920671338255888 dE =  3.98991E-01
SCF Iteration 121: Energy = 2.9930760356430808 dE = -3.98991E-01
SCF Iteration 122: Energy = 3.3920671333893413 dE =  3.98991E-01
SCF Iteration 123: Energy = 2.9930760351604784 dE = -3.98991E-01
SCF Iteration 124: Energy = 3.3920671330705803 dE =  3.98991E-01
SCF Iteration 125: Energy = 2.9930760348078733 dE = -3.98991E-01
SCF Iteration 126: Energy = 3.3920671328377052 dE =  3.98991E-01
SCF Iteration 127: Energy = 2.9930760345502492 dE = -3.98991E-01
SCF Iteration 128: Energy = 3.3920671326675516 dE =  3.98991E-01
SCF Iteration 129: Energy = 2.9930760343620193 dE = -3.98991E-01
SCF Iteration 130: Energy = 3.3920671325432323 dE =  3.98991E-01
SCF Iteration 131: Energy = 2.9930760342244911 dE = -3.98991E-01
SCF Iteration 132: Energy = 3.3920671324523921 dE =  3.98991E-01
SCF Iteration 133: Energy = 2.9930760341240035 dE = -3.98991E-01
SCF Iteration 134: Energy = 3.3920671323860230 dE =  3.98991E-01
SCF Iteration 135: Energy = 2.9930760340505871 dE = -3.98991E-01
SCF Iteration 136: Energy = 3.3920671323375373 dE =  3.98991E-01
SCF Iteration 137: Energy = 2.9930760339969482 dE = -3.98991E-01
SCF Iteration 138: Energy = 3.3920671323021168 dE =  3.98991E-01
SCF Iteration 139: Energy = 2.9930760339577578 dE = -3.98991E-01
SCF Iteration 140: Energy = 3.3920671322762335 dE =  3.98991E-01
SCF Iteration 141: Energy = 2.9930760339291291 dE = -3.98991E-01
SCF Iteration 142: Energy = 3.3920671322573153 dE =  3.98991E-01
SCF Iteration 143: Energy = 2.9930760339082036 dE = -3.98991E-01
SCF Iteration 144: Energy = 3.3920671322434974 dE =  3.98991E-01
SCF Iteration 145: Energy = 2.9930760338929181 dE = -3.98991E-01
SCF Iteration 146: Energy = 3.3920671322334068 dE =  3.98991E-01
SCF Iteration 147: Energy = 2.9930760338817488 dE = -3.98991E-01
SCF Iteration 148: Energy = 3.3920671322260234 dE =  3.98991E-01
SCF Iteration 149: Energy = 2.9930760338735873 dE = -3.98991E-01
SCF Iteration 150: Energy = 3.3920671322206379 dE =  3.98991E-01
SCF Iteration 151: Energy = 2.9930760338676219 dE = -3.98991E-01
SCF Iteration 152: Energy = 3.3920671322166998 dE =  3.98991E-01
SCF Iteration 153: Energy = 2.9930760338632680 dE = -3.98991E-01
SCF Iteration 154: Energy = 3.3920671322138225 dE =  3.98991E-01
SCF Iteration 155: Energy = 2.9930760338600835 dE = -3.98991E-01
SCF Iteration 156: Energy = 3.3920671322117233 dE =  3.98991E-01
SCF Iteration 157: Energy = 2.9930760338577604 dE = -3.98991E-01
SCF Iteration 158: Energy = 3.3920671322101823 dE =  3.98991E-01
SCF Iteration 159: Energy = 2.9930760338560600 dE = -3.98991E-01
SCF Iteration 160: Energy = 3.3920671322090579 dE =  3.98991E-01
SCF Iteration 161: Energy = 2.9930760338548126 dE = -3.98991E-01
SCF Iteration 162: Energy = 3.3920671322082354 dE =  3.98991E-01
SCF Iteration 163: Energy = 2.9930760338539035 dE = -3.98991E-01
SCF Iteration 164: Energy = 3.3920671322076461 dE =  3.98991E-01
SCF Iteration 165: Energy = 2.9930760338532476 dE = -3.98991E-01
SCF Iteration 166: Energy = 3.3920671322072069 dE =  3.98991E-01
SCF Iteration 167: Energy = 2.9930760338527715 dE = -3.98991E-01
SCF Iteration 168: Energy = 3.3920671322068841 dE =  3.98991E-01
SCF Iteration 169: Energy = 2.9930760338524118 dE = -3.98991E-01
SCF Iteration 170: Energy = 3.3920671322066513 dE =  3.98991E-01
SCF Iteration 171: Energy = 2.9930760338521551 dE = -3.98991E-01
SCF Iteration 172: Energy = 3.3920671322064813 dE =  3.98991E-01
SCF Iteration 173: Energy = 2.9930760338519664 dE = -3.98991E-01
SCF Iteration 174: Energy = 3.3920671322063538 dE =  3.98991E-01
SCF Iteration 175: Energy = 2.9930760338518358 dE = -3.98991E-01
SCF Iteration 176: Energy = 3.3920671322062681 dE =  3.98991E-01
SCF Iteration 177: Energy = 2.9930760338517337 dE = -3.98991E-01
SCF Iteration 178: Energy = 3.3920671322062077 dE =  3.98991E-01
SCF Iteration 179: Energy = 2.9930760338516613 dE = -3.98991E-01
SCF Iteration 180: Energy = 3.3920671322061535 dE =  3.98991E-01
SCF Iteration 181: Energy = 2.9930760338516111 dE = -3.98991E-01
SCF Iteration 182: Energy = 3.3920671322061162 dE =  3.98991E-01
SCF Iteration 183: Energy = 2.9930760338515601 dE = -3.98991E-01
SCF Iteration 184: Energy = 3.3920671322060967 dE =  3.98991E-01
SCF Iteration 185: Energy = 2.9930760338515383 dE = -3.98991E-01
SCF Iteration 186: Energy = 3.3920671322060727 dE =  3.98991E-01
SCF Iteration 187: Energy = 2.9930760338515059 dE = -3.98991E-01
SCF Iteration 188: Energy = 3.3920671322060585 dE =  3.98991E-01
SCF Iteration 189: Energy = 2.9930760338514872 dE = -3.98991E-01
SCF Iteration 190: Energy = 3.3920671322060425 dE =  3.98991E-01
SCF Iteration 191: Energy = 2.9930760338514775 dE = -3.98991E-01
SCF Iteration 192: Energy = 3.3920671322060381 dE =  3.98991E-01
SCF Iteration 193: Energy = 2.9930760338514748 dE = -3.98991E-01
SCF Iteration 194: Energy = 3.3920671322060341 dE =  3.98991E-01
SCF Iteration 195: Energy = 2.9930760338514677 dE = -3.98991E-01
SCF Iteration 196: Energy = 3.3920671322060305 dE =  3.98991E-01
SCF Iteration 197: Energy = 2.9930760338514686 dE = -3.98991E-01
SCF Iteration 198: Energy = 3.3920671322060327 dE =  3.98991E-01
SCF Iteration 199: Energy = 2.9930760338514704 dE = -3.98991E-01
SCF Iteration 200: Energy = 3.3920671322060305 dE =  3.98991E-01
SCF Iteration 201: Energy = 2.9930760338514673 dE = -3.98991E-01
SCF Iteration 202: Energy = 3.3920671322060292 dE =  3.98991E-01
SCF Iteration 203: Energy = 2.9930760338514633 dE = -3.98991E-01
SCF Iteration 204: Energy = 3.3920671322060225 dE =  3.98991E-01
SCF Iteration 205: Energy = 2.9930760338514553 dE = -3.98991E-01
SCF Iteration 206: Energy = 3.3920671322060225 dE =  3.98991E-01
SCF Iteration 207: Energy = 2.9930760338514588 dE = -3.98991E-01
SCF Iteration 208: Energy = 3.3920671322060225 dE =  3.98991E-01
SCF Iteration 209: Energy = 2.9930760338514637 dE = -3.98991E-01
SCF Iteration 210: Energy = 3.3920671322060221 dE =  3.98991E-01
SCF Iteration 211: Energy = 2.9930760338514597 dE = -3.98991E-01
SCF Iteration 212: Energy = 3.3920671322060167 dE =  3.98991E-01
SCF Iteration 213: Energy = 2.9930760338514526 dE = -3.98991E-01
SCF Iteration 214: Energy = 3.3920671322060172 dE =  3.98991E-01
SCF Iteration 215: Energy = 2.9930760338514535 dE = -3.98991E-01
SCF Iteration 216: Energy = 3.3920671322060088 dE =  3.98991E-01
SCF Iteration 217: Energy = 2.9930760338514553 dE = -3.98991E-01
SCF Iteration 218: Energy = 3.3920671322060167 dE =  3.98991E-01
SCF Iteration 219: Energy = 2.9930760338514562 dE = -3.98991E-01
SCF Iteration 220: Energy = 3.3920671322060136 dE =  3.98991E-01
SCF Iteration 221: Energy = 2.9930760338514442 dE = -3.98991E-01
SCF Iteration 222: Energy = 3.3920671322060079 dE =  3.98991E-01
SCF Iteration 223: Energy = 2.9930760338514419 dE = -3.98991E-01
SCF Iteration 224: Energy = 3.3920671322060141 dE =  3.98991E-01
SCF Iteration 225: Energy = 2.9930760338514446 dE = -3.98991E-01
SCF Iteration 226: Energy = 3.3920671322060074 dE =  3.98991E-01
SCF Iteration 227: Energy = 2.9930760338514366 dE = -3.98991E-01
SCF Iteration 228: Energy = 3.3920671322060101 dE =  3.98991E-01
SCF Iteration 229: Energy = 2.9930760338514473 dE = -3.98991E-01
SCF Iteration 230: Energy = 3.3920671322060039 dE =  3.98991E-01
SCF Iteration 231: Energy = 2.9930760338514437 dE = -3.98991E-01
SCF Iteration 232: Energy = 3.3920671322060101 dE =  3.98991E-01
SCF Iteration 233: Energy = 2.9930760338514490 dE = -3.98991E-01
SCF Iteration 234: Energy = 3.3920671322060194 dE =  3.98991E-01
SCF Iteration 235: Energy = 2.9930760338514508 dE = -3.98991E-01
SCF Iteration 236: Energy = 3.3920671322060132 dE =  3.98991E-01
SCF Iteration 237: Energy = 2.9930760338514508 dE = -3.98991E-01
SCF Iteration 238: Energy = 3.3920671322060127 dE =  3.98991E-01
SCF Iteration 239: Energy = 2.9930760338514486 dE = -3.98991E-01
SCF Iteration 240: Energy = 3.3920671322060163 dE =  3.98991E-01
SCF Iteration 241: Energy = 2.9930760338514566 dE = -3.98991E-01
SCF Iteration 242: Energy = 3.3920671322060119 dE =  3.98991E-01
SCF Iteration 243: Energy = 2.9930760338514482 dE = -3.98991E-01
SCF Iteration 244: Energy = 3.3920671322060176 dE =  3.98991E-01
SCF Iteration 245: Energy = 2.9930760338514548 dE = -3.98991E-01
SCF Iteration 246: Energy = 3.3920671322060212 dE =  3.98991E-01
SCF Iteration 247: Energy = 2.9930760338514619 dE = -3.98991E-01
SCF Iteration 248: Energy = 3.3920671322060243 dE =  3.98991E-01
SCF Iteration 249: Energy = 2.9930760338514633 dE = -3.98991E-01
SCF Iteration 250: Energy = 3.3920671322060247 dE =  3.98991E-01
SCF Iteration 251: Energy = 2.9930760338514553 dE = -3.98991E-01
SCF Iteration 252: Energy = 3.3920671322060176 dE =  3.98991E-01
SCF Iteration 253: Energy = 2.9930760338514579 dE = -3.98991E-01
SCF Iteration 254: Energy = 3.3920671322060301 dE =  3.98991E-01
SCF Iteration 255: Energy = 2.9930760338514544 dE = -3.98991E-01
SCF Iteration 256: Energy = 3.3920671322060159 dE =  3.98991E-01
SCF Iteration 257: Energy = 2.9930760338514535 dE = -3.98991E-01
SCF Iteration 258: Energy = 3.3920671322060194 dE =  3.98991E-01
SCF Iteration 259: Energy = 2.9930760338514539 dE = -3.98991E-01
SCF Iteration 260: Energy = 3.3920671322060132 dE =  3.98991E-01
SCF Iteration 261: Energy = 2.9930760338514522 dE = -3.98991E-01
SCF Iteration 262: Energy = 3.3920671322060203 dE =  3.98991E-01
SCF Iteration 263: Energy = 2.9930760338514535 dE = -3.98991E-01
SCF Iteration 264: Energy = 3.3920671322060176 dE =  3.98991E-01
SCF Iteration 265: Energy = 2.9930760338514535 dE = -3.98991E-01
SCF Iteration 266: Energy = 3.3920671322060123 dE =  3.98991E-01
SCF Iteration 267: Energy = 2.9930760338514473 dE = -3.98991E-01
SCF Iteration 268: Energy = 3.3920671322060119 dE =  3.98991E-01
SCF Iteration 269: Energy = 2.9930760338514455 dE = -3.98991E-01
SCF Iteration 270: Energy = 3.3920671322060083 dE =  3.98991E-01
SCF Iteration 271: Energy = 2.9930760338514513 dE = -3.98991E-01
SCF Iteration 272: Energy = 3.3920671322060185 dE =  3.98991E-01
SCF Iteration 273: Energy = 2.9930760338514553 dE = -3.98991E-01
SCF Iteration 274: Energy = 3.3920671322060114 dE =  3.98991E-01
SCF Iteration 275: Energy = 2.9930760338514517 dE = -3.98991E-01
SCF Iteration 276: Energy = 3.3920671322060207 dE =  3.98991E-01
SCF Iteration 277: Energy = 2.9930760338514544 dE = -3.98991E-01
SCF Iteration 278: Energy = 3.3920671322060194 dE =  3.98991E-01
SCF Iteration 279: Energy = 2.9930760338514535 dE = -3.98991E-01
SCF Iteration 280: Energy = 3.3920671322060221 dE =  3.98991E-01
SCF Iteration 281: Energy = 2.9930760338514597 dE = -3.98991E-01
SCF Iteration 282: Energy = 3.3920671322060203 dE =  3.98991E-01
SCF Iteration 283: Energy = 2.9930760338514544 dE = -3.98991E-01
SCF Iteration 284: Energy = 3.3920671322060141 dE =  3.98991E-01
SCF Iteration 285: Energy = 2.9930760338514517 dE = -3.98991E-01
SCF Iteration 286: Energy = 3.3920671322060199 dE =  3.98991E-01
SCF Iteration 287: Energy = 2.9930760338514504 dE = -3.98991E-01
SCF Iteration 288: Energy = 3.3920671322060150 dE =  3.98991E-01
SCF Iteration 289: Energy = 2.9930760338514517 dE = -3.98991E-01
SCF Iteration 290: Energy = 3.3920671322060141 dE =  3.98991E-01
SCF Iteration 291: Energy = 2.9930760338514490 dE = -3.98991E-01
SCF Iteration 292: Energy = 3.3920671322060203 dE =  3.98991E-01
SCF Iteration 293: Energy = 2.9930760338514597 dE = -3.98991E-01
SCF Iteration 294: Energy = 3.3920671322060230 dE =  3.98991E-01
SCF Iteration 295: Energy = 2.9930760338514597 dE = -3.98991E-01
SCF Iteration 296: Energy = 3.3920671322060256 dE =  3.98991E-01
SCF Iteration 297: Energy = 2.9930760338514606 dE = -3.98991E-01
SCF Iteration 298: Energy = 3.3920671322060212 dE =  3.98991E-01
SCF Iteration 299: Energy = 2.9930760338514624 dE = -3.98991E-01
SCF Iteration 300: Energy = 3.3920671322060270 dE =  3.98991E-01
SCF Iteration 301: Energy = 2.9930760338514615 dE = -3.98991E-01
SCF Iteration 302: Energy = 3.3920671322060194 dE =  3.98991E-01
SCF Iteration 303: Energy = 2.9930760338514579 dE = -3.98991E-01
SCF Iteration 304: Energy = 3.3920671322060212 dE =  3.98991E-01
SCF Iteration 305: Energy = 2.9930760338514557 dE = -3.98991E-01
SCF Iteration 306: Energy = 3.3920671322060114 dE =  3.98991E-01
SCF Iteration 307: Energy = 2.9930760338514468 dE = -3.98991E-01
SCF Iteration 308: Energy = 3.3920671322060181 dE =  3.98991E-01
SCF Iteration 309: Energy = 2.9930760338514464 dE = -3.98991E-01
SCF Iteration 310: Energy = 3.3920671322060216 dE =  3.98991E-01
SCF Iteration 311: Energy = 2.9930760338514522 dE = -3.98991E-01
SCF Iteration 312: Energy = 3.3920671322060234 dE =  3.98991E-01
SCF Iteration 313: Energy = 2.9930760338514526 dE = -3.98991E-01
SCF Iteration 314: Energy = 3.3920671322060203 dE =  3.98991E-01
SCF Iteration 315: Energy = 2.9930760338514530 dE = -3.98991E-01
SCF Iteration 316: Energy = 3.3920671322060181 dE =  3.98991E-01
SCF Iteration 317: Energy = 2.9930760338514570 dE = -3.98991E-01
SCF Iteration 318: Energy = 3.3920671322060114 dE =  3.98991E-01
SCF Iteration 319: Energy = 2.9930760338514530 dE = -3.98991E-01
SCF Iteration 320: Energy = 3.3920671322060225 dE =  3.98991E-01
SCF Iteration 321: Energy = 2.9930760338514544 dE = -3.98991E-01
SCF Iteration 322: Energy = 3.3920671322060190 dE =  3.98991E-01
SCF Iteration 323: Energy = 2.9930760338514553 dE = -3.98991E-01
SCF Iteration 324: Energy = 3.3920671322060141 dE =  3.98991E-01
SCF Iteration 325: Energy = 2.9930760338514517 dE = -3.98991E-01
SCF Iteration 326: Energy = 3.3920671322060212 dE =  3.98991E-01
SCF Iteration 327: Energy = 2.9930760338514588 dE = -3.98991E-01
SCF Iteration 328: Energy = 3.3920671322060185 dE =  3.98991E-01
SCF Iteration 329: Energy = 2.9930760338514566 dE = -3.98991E-01
SCF Iteration 330: Energy = 3.3920671322060292 dE =  3.98991E-01
SCF Iteration 331: Energy = 2.9930760338514615 dE = -3.98991E-01
SCF Iteration 332: Energy = 3.3920671322060216 dE =  3.98991E-01
SCF Iteration 333: Energy = 2.9930760338514633 dE = -3.98991E-01
SCF Iteration 334: Energy = 3.3920671322060225 dE =  3.98991E-01
SCF Iteration 335: Energy = 2.9930760338514646 dE = -3.98991E-01
SCF Iteration 336: Energy = 3.3920671322060190 dE =  3.98991E-01
SCF Iteration 337: Energy = 2.9930760338514557 dE = -3.98991E-01
SCF Iteration 338: Energy = 3.3920671322060216 dE =  3.98991E-01
SCF Iteration 339: Energy = 2.9930760338514548 dE = -3.98991E-01
SCF Iteration 340: Energy = 3.3920671322060110 dE =  3.98991E-01
SCF Iteration 341: Energy = 2.9930760338514446 dE = -3.98991E-01
SCF Iteration 342: Energy = 3.3920671322060074 dE =  3.98991E-01
SCF Iteration 343: Energy = 2.9930760338514415 dE = -3.98991E-01
SCF Iteration 344: Energy = 3.3920671322060101 dE =  3.98991E-01
SCF Iteration 345: Energy = 2.9930760338514464 dE = -3.98991E-01
SCF Iteration 346: Energy = 3.3920671322060061 dE =  3.98991E-01
SCF Iteration 347: Energy = 2.9930760338514482 dE = -3.98991E-01
SCF Iteration 348: Energy = 3.3920671322060172 dE =  3.98991E-01
SCF Iteration 349: Energy = 2.9930760338514530 dE = -3.98991E-01
SCF Iteration 350: Energy = 3.3920671322060154 dE =  3.98991E-01
SCF Iteration 351: Energy = 2.9930760338514539 dE = -3.98991E-01
SCF Iteration 352: Energy = 3.3920671322060132 dE =  3.98991E-01
SCF Iteration 353: Energy = 2.9930760338514482 dE = -3.98991E-01
SCF Iteration 354: Energy = 3.3920671322060154 dE =  3.98991E-01
SCF Iteration 355: Energy = 2.9930760338514473 dE = -3.98991E-01
SCF Iteration 356: Energy = 3.3920671322060150 dE =  3.98991E-01
SCF Iteration 357: Energy = 2.9930760338514442 dE = -3.98991E-01
SCF Iteration 358: Energy = 3.3920671322060110 dE =  3.98991E-01
SCF Iteration 359: Energy = 2.9930760338514464 dE = -3.98991E-01
SCF Iteration 360: Energy = 3.3920671322060185 dE =  3.98991E-01
SCF Iteration 361: Energy = 2.9930760338514522 dE = -3.98991E-01
SCF Iteration 362: Energy = 3.3920671322060234 dE =  3.98991E-01
SCF Iteration 363: Energy = 2.9930760338514544 dE = -3.98991E-01
SCF Iteration 364: Energy = 3.3920671322060154 dE =  3.98991E-01
SCF Iteration 365: Energy = 2.9930760338514535 dE = -3.98991E-01
SCF Iteration 366: Energy = 3.3920671322060190 dE =  3.98991E-01
SCF Iteration 367: Energy = 2.9930760338514553 dE = -3.98991E-01
SCF Iteration 368: Energy = 3.3920671322060247 dE =  3.98991E-01
SCF Iteration 369: Energy = 2.9930760338514597 dE = -3.98991E-01
SCF Iteration 370: Energy = 3.3920671322060194 dE =  3.98991E-01
SCF Iteration 371: Energy = 2.9930760338514637 dE = -3.98991E-01
SCF Iteration 372: Energy = 3.3920671322060221 dE =  3.98991E-01
SCF Iteration 373: Energy = 2.9930760338514597 dE = -3.98991E-01
SCF Iteration 374: Energy = 3.3920671322060199 dE =  3.98991E-01
SCF Iteration 375: Energy = 2.9930760338514535 dE = -3.98991E-01
SCF Iteration 376: Energy = 3.3920671322060150 dE =  3.98991E-01
SCF Iteration 377: Energy = 2.9930760338514535 dE = -3.98991E-01
SCF Iteration 378: Energy = 3.3920671322060048 dE =  3.98991E-01
SCF Iteration 379: Energy = 2.9930760338514490 dE = -3.98991E-01
SCF Iteration 380: Energy = 3.3920671322060145 dE =  3.98991E-01
SCF Iteration 381: Energy = 2.9930760338514508 dE = -3.98991E-01
SCF Iteration 382: Energy = 3.3920671322060154 dE =  3.98991E-01
SCF Iteration 383: Energy = 2.9930760338514495 dE = -3.98991E-01
SCF Iteration 384: Energy = 3.3920671322060025 dE =  3.98991E-01
SCF Iteration 385: Energy = 2.9930760338514393 dE = -3.98991E-01
SCF Iteration 386: Energy = 3.3920671322059999 dE =  3.98991E-01
SCF Iteration 387: Energy = 2.9930760338514375 dE = -3.98991E-01
SCF Iteration 388: Energy = 3.3920671322059950 dE =  3.98991E-01
SCF Iteration 389: Energy = 2.9930760338514339 dE = -3.98991E-01
SCF Iteration 390: Energy = 3.3920671322059945 dE =  3.98991E-01
SCF Iteration 391: Energy = 2.9930760338514357 dE = -3.98991E-01
SCF Iteration 392: Energy = 3.3920671322059905 dE =  3.98991E-01
SCF Iteration 393: Energy = 2.9930760338514260 dE = -3.98991E-01
SCF Iteration 394: Energy = 3.3920671322059861 dE =  3.98991E-01
SCF Iteration 395: Energy = 2.9930760338514255 dE = -3.98991E-01
SCF Iteration 396: Energy = 3.3920671322059666 dE =  3.98991E-01
SCF Iteration 397: Energy = 2.9930760338514140 dE = -3.98991E-01
SCF Iteration 398: Energy = 3.3920671322059643 dE =  3.98991E-01
SCF Iteration 399: Energy = 2.9930760338514131 dE = -3.98991E-01
SCF Iteration 400: Energy = 3.3920671322059537 dE =  3.98991E-01
SCF Iteration 401: Energy = 2.9930760338513975 dE = -3.98991E-01
SCF Iteration 402: Energy = 3.3920671322059519 dE =  3.98991E-01
SCF Iteration 403: Energy = 2.9930760338513971 dE = -3.98991E-01
SCF Iteration 404: Energy = 3.3920671322059381 dE =  3.98991E-01
SCF Iteration 405: Energy = 2.9930760338513864 dE = -3.98991E-01
SCF Iteration 406: Energy = 3.3920671322059301 dE =  3.98991E-01
SCF Iteration 407: Energy = 2.9930760338513696 dE = -3.98991E-01
SCF Iteration 408: Energy = 3.3920671322059017 dE =  3.98991E-01
SCF Iteration 409: Energy = 2.9930760338513509 dE = -3.98991E-01
SCF Iteration 410: Energy = 3.3920671322058831 dE =  3.98991E-01
SCF Iteration 411: Energy = 2.9930760338513318 dE = -3.98991E-01
SCF Iteration 412: Energy = 3.3920671322058609 dE =  3.98991E-01
SCF Iteration 413: Energy = 2.9930760338513136 dE = -3.98991E-01
SCF Iteration 414: Energy = 3.3920671322058338 dE =  3.98991E-01
SCF Iteration 415: Energy = 2.9930760338512874 dE = -3.98991E-01
SCF Iteration 416: Energy = 3.3920671322058022 dE =  3.98991E-01
SCF Iteration 417: Energy = 2.9930760338512559 dE = -3.98991E-01
SCF Iteration 418: Energy = 3.3920671322057623 dE =  3.98991E-01
SCF Iteration 419: Energy = 2.9930760338512141 dE = -3.98991E-01
SCF Iteration 420: Energy = 3.3920671322057192 dE =  3.98991E-01
SCF Iteration 421: Energy = 2.9930760338511773 dE = -3.98991E-01
SCF Iteration 422: Energy = 3.3920671322056650 dE =  3.98991E-01
SCF Iteration 423: Energy = 2.9930760338511271 dE = -3.98991E-01
SCF Iteration 424: Energy = 3.3920671322055962 dE =  3.98991E-01
SCF Iteration 425: Energy = 2.9930760338510662 dE = -3.98991E-01
SCF Iteration 426: Energy = 3.3920671322055247 dE =  3.98991E-01
SCF Iteration 427: Energy = 2.9930760338509979 dE = -3.98991E-01
SCF Iteration 428: Energy = 3.3920671322054314 dE =  3.98991E-01
SCF Iteration 429: Energy = 2.9930760338509130 dE = -3.98991E-01
SCF Iteration 430: Energy = 3.3920671322053182 dE =  3.98991E-01
SCF Iteration 431: Energy = 2.9930760338508149 dE = -3.98991E-01
SCF Iteration 432: Energy = 3.3920671322051952 dE =  3.98991E-01
SCF Iteration 433: Energy = 2.9930760338506990 dE = -3.98991E-01
SCF Iteration 434: Energy = 3.3920671322050415 dE =  3.98991E-01
SCF Iteration 435: Energy = 2.9930760338505520 dE = -3.98991E-01
SCF Iteration 436: Energy = 3.3920671322048688 dE =  3.98991E-01
SCF Iteration 437: Energy = 2.9930760338503948 dE = -3.98991E-01
SCF Iteration 438: Energy = 3.3920671322046472 dE =  3.98991E-01
SCF Iteration 439: Energy = 2.9930760338501901 dE = -3.98991E-01
SCF Iteration 440: Energy = 3.3920671322043998 dE =  3.98991E-01
SCF Iteration 441: Energy = 2.9930760338499613 dE = -3.98991E-01
SCF Iteration 442: Energy = 3.3920671322041076 dE =  3.98991E-01
SCF Iteration 443: Energy = 2.9930760338496958 dE = -3.98991E-01
SCF Iteration 444: Energy = 3.3920671322037688 dE =  3.98991E-01
SCF Iteration 445: Energy = 2.9930760338493823 dE = -3.98991E-01
SCF Iteration 446: Energy = 3.3920671322033584 dE =  3.98991E-01
SCF Iteration 447: Energy = 2.9930760338489986 dE = -3.98991E-01
SCF Iteration 448: Energy = 3.3920671322028673 dE =  3.98991E-01
SCF Iteration 449: Energy = 2.9930760338485514 dE = -3.98991E-01
SCF Iteration 450: Energy = 3.3920671322022908 dE =  3.98991E-01
SCF Iteration 451: Energy = 2.9930760338480189 dE = -3.98991E-01
SCF Iteration 452: Energy = 3.3920671322016180 dE =  3.98991E-01
SCF Iteration 453: Energy = 2.9930760338473990 dE = -3.98991E-01
SCF Iteration 454: Energy = 3.3920671322008076 dE =  3.98991E-01
SCF Iteration 455: Energy = 2.9930760338466604 dE = -3.98991E-01
SCF Iteration 456: Energy = 3.3920671321998594 dE =  3.98991E-01
SCF Iteration 457: Energy = 2.9930760338457860 dE = -3.98991E-01
SCF Iteration 458: Energy = 3.3920671321987306 dE =  3.98991E-01
SCF Iteration 459: Energy = 2.9930760338447482 dE = -3.98991E-01
SCF Iteration 460: Energy = 3.3920671321973925 dE =  3.98991E-01
SCF Iteration 461: Energy = 2.9930760338435056 dE = -3.98991E-01
SCF Iteration 462: Energy = 3.3920671321958107 dE =  3.98991E-01
SCF Iteration 463: Energy = 2.9930760338420490 dE = -3.98991E-01
SCF Iteration 464: Energy = 3.3920671321939420 dE =  3.98991E-01
SCF Iteration 465: Energy = 2.9930760338403388 dE = -3.98991E-01
SCF Iteration 466: Energy = 3.3920671321917300 dE =  3.98991E-01
SCF Iteration 467: Energy = 2.9930760338382920 dE = -3.98991E-01
SCF Iteration 468: Energy = 3.3920671321891063 dE =  3.98991E-01
SCF Iteration 469: Energy = 2.9930760338358864 dE = -3.98991E-01
SCF Iteration 470: Energy = 3.3920671321860159 dE =  3.98991E-01
SCF Iteration 471: Energy = 2.9930760338330407 dE = -3.98991E-01
SCF Iteration 472: Energy = 3.3920671321823472 dE =  3.98991E-01
SCF Iteration 473: Energy = 2.9930760338296576 dE = -3.98991E-01
SCF Iteration 474: Energy = 3.3920671321780147 dE =  3.98991E-01
SCF Iteration 475: Energy = 2.9930760338256639 dE = -3.98991E-01
SCF Iteration 476: Energy = 3.3920671321728828 dE =  3.98991E-01
SCF Iteration 477: Energy = 2.9930760338209437 dE = -3.98991E-01
SCF Iteration 478: Energy = 3.3920671321668316 dE =  3.98991E-01
SCF Iteration 479: Energy = 2.9930760338153588 dE = -3.98991E-01
SCF Iteration 480: Energy = 3.3920671321596458 dE =  3.98991E-01
SCF Iteration 481: Energy = 2.9930760338087485 dE = -3.98991E-01
SCF Iteration 482: Energy = 3.3920671321511433 dE =  3.98991E-01
SCF Iteration 483: Energy = 2.9930760338009126 dE = -3.98991E-01
SCF Iteration 484: Energy = 3.3920671321410985 dE =  3.98991E-01
SCF Iteration 485: Energy = 2.9930760337916653 dE = -3.98991E-01
SCF Iteration 486: Energy = 3.3920671321292062 dE =  3.98991E-01
SCF Iteration 487: Energy = 2.9930760337807136 dE = -3.98991E-01
SCF Iteration 488: Energy = 3.3920671321151321 dE =  3.98991E-01
SCF Iteration 489: Energy = 2.9930760337677635 dE = -3.98991E-01
SCF Iteration 490: Energy = 3.3920671320984908 dE =  3.98991E-01
SCF Iteration 491: Energy = 2.9930760337524256 dE = -3.98991E-01
SCF Iteration 492: Energy = 3.3920671320787932 dE =  3.98991E-01
SCF Iteration 493: Energy = 2.9930760337342832 dE = -3.98991E-01
SCF Iteration 494: Energy = 3.3920671320554932 dE =  3.98991E-01
SCF Iteration 495: Energy = 2.9930760337128244 dE = -3.98991E-01
SCF Iteration 496: Energy = 3.3920671320279223 dE =  3.98991E-01
SCF Iteration 497: Energy = 2.9930760336874283 dE = -3.98991E-01
SCF Iteration 498: Energy = 3.3920671319952911 dE =  3.98991E-01
SCF Iteration 499: Energy = 2.9930760336573852 dE = -3.98991E-01
SCF Iteration 500: Energy = 3.3920671319566895 dE =  3.98991E-01
