
  Memory set to  55.879 GiB by Python driver.
  Threads set to 1 by Python driver.
Settings:
	LOT = CCSD-S1-U21
	wc = 20.0 eV
	lambda = [1.091182 0.       0.      ] a.u.
	Equivalent A0 = LAMBDA / sqrt(2 wc) = [0.9 0.  0. ])
doing QED-CCSD-1 (or QED-CCSD-21)
Number of occupied orbitals:   1
Number of basis functions:  60
SCF Iteration   1: Energy = 4.0586138961032132 dE =  4.05861E+00
SCF Iteration   2: Energy = 4.6543597302129740 dE =  5.95746E-01
SCF Iteration   3: Energy = 4.2529121779798746 dE = -4.01448E-01
SCF Iteration   4: Energy = 4.5654121316127831 dE =  3.12500E-01
SCF Iteration   5: Energy = 4.3214570872683673 dE = -2.43955E-01
SCF Iteration   6: Energy = 4.5439084672937700 dE =  2.22451E-01
SCF Iteration   7: Energy = 4.3408393093055455 dE = -2.03069E-01
SCF Iteration   8: Energy = 4.5328720721038298 dE =  1.92033E-01
SCF Iteration   9: Energy = 4.3433765081643454 dE = -1.89496E-01
SCF Iteration  10: Energy = 4.5239263926604227 dE =  1.80550E-01
SCF Iteration  11: Energy = 4.3395921738993044 dE = -1.84334E-01
SCF Iteration  12: Energy = 4.5157875994110128 dE =  1.76195E-01
SCF Iteration  13: Energy = 4.3336083174248632 dE = -1.82179E-01
SCF Iteration  14: Energy = 4.5084255701809486 dE =  1.74817E-01
SCF Iteration  15: Energy = 4.3272036634706641 dE = -1.81222E-01
SCF Iteration  16: Energy = 4.5019468408221384 dE =  1.74743E-01
SCF Iteration  17: Energy = 4.3211622975903161 dE = -1.80785E-01
SCF Iteration  18: Energy = 4.4963911604156701 dE =  1.75229E-01
SCF Iteration  19: Energy = 4.3158027619532868 dE = -1.80588E-01
SCF Iteration  20: Energy = 4.4917238036047173 dE =  1.75921E-01
SCF Iteration  21: Energy = 4.3112148395984509 dE = -1.80509E-01
SCF Iteration  22: Energy = 4.4878632930217766 dE =  1.76648E-01
SCF Iteration  23: Energy = 4.3073765346803352 dE = -1.80487E-01
SCF Iteration  24: Energy = 4.4847072058530539 dE =  1.77331E-01
SCF Iteration  25: Energy = 4.3042152507431100 dE = -1.80492E-01
SCF Iteration  26: Energy = 4.4821494849265608 dE =  1.77934E-01
SCF Iteration  27: Energy = 4.3016402899598587 dE = -1.80509E-01
SCF Iteration  28: Energy = 4.4800902804945988 dE =  1.78450E-01
SCF Iteration  29: Energy = 4.2995597337657880 dE = -1.80531E-01
SCF Iteration  30: Energy = 4.4784406483524997 dE =  1.78881E-01
SCF Iteration  31: Energy = 4.2978886281372315 dE = -1.80552E-01
SCF Iteration  32: Energy = 4.4771240992805508 dE =  1.79235E-01
SCF Iteration  33: Energy = 4.2965523531547820 dE = -1.80572E-01
SCF Iteration  34: Energy = 4.4760763929821188 dE =  1.79524E-01
SCF Iteration  35: Energy = 4.2954874014910125 dE = -1.80589E-01
SCF Iteration  36: Energy = 4.4752444594787226 dE =  1.79757E-01
SCF Iteration  37: Energy = 4.2946408430635135 dE = -1.80604E-01
SCF Iteration  38: Energy = 4.4745849715611143 dE =  1.79944E-01
SCF Iteration  39: Energy = 4.2939691988796138 dE = -1.80616E-01
SCF Iteration  40: Energy = 4.4740628596940173 dE =  1.80094E-01
SCF Iteration  41: Energy = 4.2934371217146037 dE = -1.80626E-01
SCF Iteration  42: Energy = 4.4736499186442424 dE =  1.80213E-01
SCF Iteration  43: Energy = 4.2930160916638300 dE = -1.80634E-01
SCF Iteration  44: Energy = 4.4733235718596251 dE =  1.80307E-01
SCF Iteration  45: Energy = 4.2926832259071368 dE = -1.80640E-01
SCF Iteration  46: Energy = 4.4730658130991801 dE =  1.80383E-01
SCF Iteration  47: Energy = 4.2924202413197445 dE = -1.80646E-01
SCF Iteration  48: Energy = 4.4728623203950377 dE =  1.80442E-01
SCF Iteration  49: Energy = 4.2922125760482679 dE = -1.80650E-01
SCF Iteration  50: Energy = 4.4727017259042201 dE =  1.80489E-01
SCF Iteration  51: Energy = 4.2920486599559116 dE = -1.80653E-01
SCF Iteration  52: Energy = 4.4725750209439248 dE =  1.80526E-01
SCF Iteration  53: Energy = 4.2919193168375518 dE = -1.80656E-01
SCF Iteration  54: Energy = 4.4724750751246756 dE =  1.80556E-01
SCF Iteration  55: Energy = 4.2918172793274474 dE = -1.80658E-01
SCF Iteration  56: Energy = 4.4723962500384413 dE =  1.80579E-01
SCF Iteration  57: Energy = 4.2917367980352914 dE = -1.80659E-01
SCF Iteration  58: Energy = 4.4723340903046251 dE =  1.80597E-01
SCF Iteration  59: Energy = 4.2916733282586534 dE = -1.80661E-01
SCF Iteration  60: Energy = 4.4722850773216134 dE =  1.80612E-01
SCF Iteration  61: Energy = 4.2916232798632166 dE = -1.80662E-01
SCF Iteration  62: Energy = 4.4722464335022671 dE =  1.80623E-01
SCF Iteration  63: Energy = 4.2915838181887569 dE = -1.80663E-01
SCF Iteration  64: Energy = 4.4722159669493422 dE =  1.80632E-01
SCF Iteration  65: Energy = 4.2915527059299468 dE = -1.80663E-01
SCF Iteration  66: Energy = 4.4721919484021377 dE =  1.80639E-01
SCF Iteration  67: Energy = 4.2915281777763941 dE = -1.80664E-01
SCF Iteration  68: Energy = 4.4721730138621592 dE =  1.80645E-01
SCF Iteration  69: Energy = 4.2915088411564799 dE = -1.80664E-01
SCF Iteration  70: Energy = 4.4721580876073350 dE =  1.80649E-01
SCF Iteration  71: Energy = 4.2914935977294331 dE = -1.80664E-01
SCF Iteration  72: Energy = 4.4721463213674255 dE =  1.80653E-01
SCF Iteration  73: Energy = 4.2914815813373206 dE = -1.80665E-01
SCF Iteration  74: Energy = 4.4721370462934731 dE =  1.80655E-01
SCF Iteration  75: Energy = 4.2914721089954124 dE = -1.80665E-01
SCF Iteration  76: Energy = 4.4721297350456197 dE =  1.80658E-01
SCF Iteration  77: Energy = 4.2914646421995304 dE = -1.80665E-01
SCF Iteration  78: Energy = 4.4721239718770160 dE =  1.80659E-01
SCF Iteration  79: Energy = 4.2914587563891748 dE = -1.80665E-01
SCF Iteration  80: Energy = 4.4721194290331958 dE =  1.80661E-01
SCF Iteration  81: Energy = 4.2914541168544753 dE = -1.80665E-01
SCF Iteration  82: Energy = 4.4721158481372676 dE =  1.80662E-01
SCF Iteration  83: Energy = 4.2914504597309859 dE = -1.80665E-01
SCF Iteration  84: Energy = 4.4721130255096622 dE =  1.80663E-01
SCF Iteration  85: Energy = 4.2914475770105742 dE = -1.80665E-01
SCF Iteration  86: Energy = 4.4721108005921444 dE =  1.80663E-01
SCF Iteration  87: Energy = 4.2914453047211794 dE = -1.80665E-01
SCF Iteration  88: Energy = 4.4721090468205169 dE =  1.80664E-01
SCF Iteration  89: Energy = 4.2914435136065627 dE = -1.80666E-01
SCF Iteration  90: Energy = 4.4721076644284681 dE =  1.80664E-01
SCF Iteration  91: Energy = 4.2914421017777542 dE = -1.80666E-01
SCF Iteration  92: Energy = 4.4721065747742887 dE =  1.80664E-01
SCF Iteration  93: Energy = 4.2914409889194562 dE = -1.80666E-01
SCF Iteration  94: Energy = 4.4721057158683815 dE =  1.80665E-01
SCF Iteration  95: Energy = 4.2914401117226095 dE = -1.80666E-01
SCF Iteration  96: Energy = 4.4721050388475145 dE =  1.80665E-01
SCF Iteration  97: Energy = 4.2914394202838153 dE = -1.80666E-01
SCF Iteration  98: Energy = 4.4721045051954578 dE =  1.80665E-01
SCF Iteration  99: Energy = 4.2914388752668122 dE = -1.80666E-01
SCF Iteration 100: Energy = 4.4721040845520861 dE =  1.80665E-01
SCF Iteration 101: Energy = 4.2914384456650598 dE = -1.80666E-01
SCF Iteration 102: Energy = 4.4721037529862997 dE =  1.80665E-01
SCF Iteration 103: Energy = 4.2914381070378766 dE = -1.80666E-01
SCF Iteration 104: Energy = 4.4721034916346749 dE =  1.80665E-01
SCF Iteration 105: Energy = 4.2914378401201541 dE = -1.80666E-01
SCF Iteration 106: Energy = 4.4721032856283287 dE =  1.80665E-01
SCF Iteration 107: Energy = 4.2914376297264170 dE = -1.80666E-01
SCF Iteration 108: Energy = 4.4721031232470718 dE =  1.80665E-01
SCF Iteration 109: Energy = 4.2914374638868278 dE = -1.80666E-01
SCF Iteration 110: Energy = 4.4721029952526354 dE =  1.80666E-01
SCF Iteration 111: Energy = 4.2914373331664040 dE = -1.80666E-01
SCF Iteration 112: Energy = 4.4721028943630756 dE =  1.80666E-01
SCF Iteration 113: Energy = 4.2914372301281274 dE = -1.80666E-01
SCF Iteration 114: Energy = 4.4721028148384967 dE =  1.80666E-01
SCF Iteration 115: Energy = 4.2914371489098482 dE = -1.80666E-01
SCF Iteration 116: Energy = 4.4721027521545285 dE =  1.80666E-01
SCF Iteration 117: Energy = 4.2914370848908572 dE = -1.80666E-01
SCF Iteration 118: Energy = 4.4721027027449143 dE =  1.80666E-01
SCF Iteration 119: Energy = 4.2914370344289310 dE = -1.80666E-01
SCF Iteration 120: Energy = 4.4721026637985943 dE =  1.80666E-01
SCF Iteration 121: Energy = 4.2914369946531394 dE = -1.80666E-01
SCF Iteration 122: Energy = 4.4721026330997846 dE =  1.80666E-01
SCF Iteration 123: Energy = 4.2914369633005025 dE = -1.80666E-01
SCF Iteration 124: Energy = 4.4721026089019462 dE =  1.80666E-01
SCF Iteration 125: Energy = 4.2914369385873021 dE = -1.80666E-01
SCF Iteration 126: Energy = 4.4721025898284008 dE =  1.80666E-01
SCF Iteration 127: Energy = 4.2914369191075332 dE = -1.80666E-01
SCF Iteration 128: Energy = 4.4721025747939853 dE =  1.80666E-01
SCF Iteration 129: Energy = 4.2914369037529081 dE = -1.80666E-01
SCF Iteration 130: Energy = 4.4721025629433466 dE =  1.80666E-01
SCF Iteration 131: Energy = 4.2914368916498766 dE = -1.80666E-01
SCF Iteration 132: Energy = 4.4721025536022907 dE =  1.80666E-01
SCF Iteration 133: Energy = 4.2914368821098607 dE = -1.80666E-01
SCF Iteration 134: Energy = 4.4721025462393449 dE =  1.80666E-01
SCF Iteration 135: Energy = 4.2914368745901106 dE = -1.80666E-01
SCF Iteration 136: Energy = 4.4721025404356247 dE =  1.80666E-01
SCF Iteration 137: Energy = 4.2914368686627871 dE = -1.80666E-01
SCF Iteration 138: Energy = 4.4721025358609428 dE =  1.80666E-01
SCF Iteration 139: Energy = 4.2914368639906666 dE = -1.80666E-01
SCF Iteration 140: Energy = 4.4721025322550201 dE =  1.80666E-01
SCF Iteration 141: Energy = 4.2914368603079414 dE = -1.80666E-01
SCF Iteration 142: Energy = 4.4721025294127035 dE =  1.80666E-01
SCF Iteration 143: Energy = 4.2914368574050963 dE = -1.80666E-01
SCF Iteration 144: Energy = 4.4721025271723036 dE =  1.80666E-01
SCF Iteration 145: Energy = 4.2914368551169906 dE = -1.80666E-01
SCF Iteration 146: Energy = 4.4721025254063456 dE =  1.80666E-01
SCF Iteration 147: Energy = 4.2914368533134120 dE = -1.80666E-01
SCF Iteration 148: Energy = 4.4721025240143497 dE =  1.80666E-01
SCF Iteration 149: Energy = 4.2914368518917687 dE = -1.80666E-01
SCF Iteration 150: Energy = 4.4721025229171349 dE =  1.80666E-01
SCF Iteration 151: Energy = 4.2914368507711842 dE = -1.80666E-01
SCF Iteration 152: Energy = 4.4721025220522712 dE =  1.80666E-01
SCF Iteration 153: Energy = 4.2914368498878996 dE = -1.80666E-01
SCF Iteration 154: Energy = 4.4721025213705561 dE =  1.80666E-01
SCF Iteration 155: Energy = 4.2914368491916797 dE = -1.80666E-01
SCF Iteration 156: Energy = 4.4721025208332073 dE =  1.80666E-01
SCF Iteration 157: Energy = 4.2914368486428813 dE = -1.80666E-01
SCF Iteration 158: Energy = 4.4721025204096545 dE =  1.80666E-01
SCF Iteration 159: Energy = 4.2914368482103065 dE = -1.80666E-01
SCF Iteration 160: Energy = 4.4721025200757918 dE =  1.80666E-01
SCF Iteration 161: Energy = 4.2914368478693197 dE = -1.80666E-01
SCF Iteration 162: Energy = 4.4721025198126334 dE =  1.80666E-01
SCF Iteration 163: Energy = 4.2914368476005684 dE = -1.80666E-01
SCF Iteration 164: Energy = 4.4721025196052002 dE =  1.80666E-01
SCF Iteration 165: Energy = 4.2914368473887219 dE = -1.80666E-01
SCF Iteration 166: Energy = 4.4721025194416999 dE =  1.80666E-01
SCF Iteration 167: Energy = 4.2914368472217355 dE = -1.80666E-01
SCF Iteration 168: Energy = 4.4721025193128119 dE =  1.80666E-01
SCF Iteration 169: Energy = 4.2914368470901092 dE = -1.80666E-01
SCF Iteration 170: Energy = 4.4721025192112318 dE =  1.80666E-01
SCF Iteration 171: Energy = 4.2914368469863557 dE = -1.80666E-01
SCF Iteration 172: Energy = 4.4721025191311501 dE =  1.80666E-01
SCF Iteration 173: Energy = 4.2914368469045696 dE = -1.80666E-01
SCF Iteration 174: Energy = 4.4721025190680326 dE =  1.80666E-01
SCF Iteration 175: Energy = 4.2914368468401101 dE = -1.80666E-01
SCF Iteration 176: Energy = 4.4721025190182813 dE =  1.80666E-01
SCF Iteration 177: Energy = 4.2914368467892938 dE = -1.80666E-01
SCF Iteration 178: Energy = 4.4721025189790620 dE =  1.80666E-01
SCF Iteration 179: Energy = 4.2914368467492396 dE = -1.80666E-01
SCF Iteration 180: Energy = 4.4721025189481525 dE =  1.80666E-01
SCF Iteration 181: Energy = 4.2914368467176764 dE = -1.80666E-01
SCF Iteration 182: Energy = 4.4721025189237871 dE =  1.80666E-01
SCF Iteration 183: Energy = 4.2914368466927879 dE = -1.80666E-01
SCF Iteration 184: Energy = 4.4721025189045784 dE =  1.80666E-01
SCF Iteration 185: Energy = 4.2914368466731725 dE = -1.80666E-01
SCF Iteration 186: Energy = 4.4721025188894448 dE =  1.80666E-01
SCF Iteration 187: Energy = 4.2914368466577208 dE = -1.80666E-01
SCF Iteration 188: Energy = 4.4721025188775005 dE =  1.80666E-01
SCF Iteration 189: Energy = 4.2914368466455235 dE = -1.80666E-01
SCF Iteration 190: Energy = 4.4721025188681027 dE =  1.80666E-01
SCF Iteration 191: Energy = 4.2914368466359250 dE = -1.80666E-01
SCF Iteration 192: Energy = 4.4721025188606918 dE =  1.80666E-01
SCF Iteration 193: Energy = 4.2914368466283639 dE = -1.80666E-01
SCF Iteration 194: Energy = 4.4721025188548502 dE =  1.80666E-01
SCF Iteration 195: Energy = 4.2914368466223944 dE = -1.80666E-01
SCF Iteration 196: Energy = 4.4721025188502406 dE =  1.80666E-01
SCF Iteration 197: Energy = 4.2914368466176889 dE = -1.80666E-01
SCF Iteration 198: Energy = 4.4721025188466186 dE =  1.80666E-01
SCF Iteration 199: Energy = 4.2914368466139727 dE = -1.80666E-01
SCF Iteration 200: Energy = 4.4721025188437515 dE =  1.80666E-01
SCF Iteration 201: Energy = 4.2914368466110435 dE = -1.80666E-01
SCF Iteration 202: Energy = 4.4721025188414885 dE =  1.80666E-01
SCF Iteration 203: Energy = 4.2914368466087449 dE = -1.80666E-01
SCF Iteration 204: Energy = 4.4721025188397139 dE =  1.80666E-01
SCF Iteration 205: Energy = 4.2914368466069286 dE = -1.80666E-01
SCF Iteration 206: Energy = 4.4721025188383212 dE =  1.80666E-01
SCF Iteration 207: Energy = 4.2914368466054942 dE = -1.80666E-01
SCF Iteration 208: Energy = 4.4721025188372110 dE =  1.80666E-01
SCF Iteration 209: Energy = 4.2914368466043680 dE = -1.80666E-01
SCF Iteration 210: Energy = 4.4721025188363317 dE =  1.80666E-01
SCF Iteration 211: Energy = 4.2914368466034780 dE = -1.80666E-01
SCF Iteration 212: Energy = 4.4721025188356487 dE =  1.80666E-01
SCF Iteration 213: Energy = 4.2914368466027764 dE = -1.80666E-01
SCF Iteration 214: Energy = 4.4721025188351078 dE =  1.80666E-01
SCF Iteration 215: Energy = 4.2914368466022301 dE = -1.80666E-01
SCF Iteration 216: Energy = 4.4721025188346832 dE =  1.80666E-01
SCF Iteration 217: Energy = 4.2914368466017931 dE = -1.80666E-01
SCF Iteration 218: Energy = 4.4721025188343475 dE =  1.80666E-01
SCF Iteration 219: Energy = 4.2914368466014468 dE = -1.80666E-01
SCF Iteration 220: Energy = 4.4721025188340899 dE =  1.80666E-01
SCF Iteration 221: Energy = 4.2914368466011776 dE = -1.80666E-01
SCF Iteration 222: Energy = 4.4721025188338857 dE =  1.80666E-01
SCF Iteration 223: Energy = 4.2914368466009627 dE = -1.80666E-01
SCF Iteration 224: Energy = 4.4721025188337080 dE =  1.80666E-01
SCF Iteration 225: Energy = 4.2914368466007886 dE = -1.80666E-01
SCF Iteration 226: Energy = 4.4721025188335783 dE =  1.80666E-01
SCF Iteration 227: Energy = 4.2914368466006572 dE = -1.80666E-01
SCF Iteration 228: Energy = 4.4721025188334647 dE =  1.80666E-01
SCF Iteration 229: Energy = 4.2914368466005621 dE = -1.80666E-01
SCF Iteration 230: Energy = 4.4721025188333901 dE =  1.80666E-01
SCF Iteration 231: Energy = 4.2914368466004778 dE = -1.80666E-01
SCF Iteration 232: Energy = 4.4721025188333270 dE =  1.80666E-01
SCF Iteration 233: Energy = 4.2914368466004023 dE = -1.80666E-01
SCF Iteration 234: Energy = 4.4721025188332781 dE =  1.80666E-01
SCF Iteration 235: Energy = 4.2914368466003587 dE = -1.80666E-01
SCF Iteration 236: Energy = 4.4721025188332346 dE =  1.80666E-01
SCF Iteration 237: Energy = 4.2914368466003090 dE = -1.80666E-01
SCF Iteration 238: Energy = 4.4721025188332035 dE =  1.80666E-01
SCF Iteration 239: Energy = 4.2914368466002770 dE = -1.80666E-01
SCF Iteration 240: Energy = 4.4721025188331902 dE =  1.80666E-01
SCF Iteration 241: Energy = 4.2914368466002593 dE = -1.80666E-01
SCF Iteration 242: Energy = 4.4721025188331565 dE =  1.80666E-01
SCF Iteration 243: Energy = 4.2914368466002450 dE = -1.80666E-01
SCF Iteration 244: Energy = 4.4721025188331538 dE =  1.80666E-01
SCF Iteration 245: Energy = 4.2914368466002246 dE = -1.80666E-01
SCF Iteration 246: Energy = 4.4721025188331316 dE =  1.80666E-01
SCF Iteration 247: Energy = 4.2914368466001989 dE = -1.80666E-01
SCF Iteration 248: Energy = 4.4721025188331200 dE =  1.80666E-01
SCF Iteration 249: Energy = 4.2914368466001926 dE = -1.80666E-01
SCF Iteration 250: Energy = 4.4721025188331112 dE =  1.80666E-01
SCF Iteration 251: Energy = 4.2914368466001713 dE = -1.80666E-01
SCF Iteration 252: Energy = 4.4721025188331023 dE =  1.80666E-01
SCF Iteration 253: Energy = 4.2914368466001758 dE = -1.80666E-01
SCF Iteration 254: Energy = 4.4721025188330978 dE =  1.80666E-01
SCF Iteration 255: Energy = 4.2914368466001740 dE = -1.80666E-01
SCF Iteration 256: Energy = 4.4721025188331023 dE =  1.80666E-01
SCF Iteration 257: Energy = 4.2914368466001793 dE = -1.80666E-01
SCF Iteration 258: Energy = 4.4721025188331005 dE =  1.80666E-01
SCF Iteration 259: Energy = 4.2914368466001749 dE = -1.80666E-01
SCF Iteration 260: Energy = 4.4721025188330987 dE =  1.80666E-01
SCF Iteration 261: Energy = 4.2914368466001651 dE = -1.80666E-01
SCF Iteration 262: Energy = 4.4721025188330934 dE =  1.80666E-01
SCF Iteration 263: Energy = 4.2914368466001633 dE = -1.80666E-01
SCF Iteration 264: Energy = 4.4721025188330881 dE =  1.80666E-01
SCF Iteration 265: Energy = 4.2914368466001616 dE = -1.80666E-01
SCF Iteration 266: Energy = 4.4721025188330916 dE =  1.80666E-01
SCF Iteration 267: Energy = 4.2914368466001598 dE = -1.80666E-01
SCF Iteration 268: Energy = 4.4721025188330827 dE =  1.80666E-01
SCF Iteration 269: Energy = 4.2914368466001562 dE = -1.80666E-01
SCF Iteration 270: Energy = 4.4721025188330863 dE =  1.80666E-01
SCF Iteration 271: Energy = 4.2914368466001633 dE = -1.80666E-01
SCF Iteration 272: Energy = 4.4721025188330881 dE =  1.80666E-01
SCF Iteration 273: Energy = 4.2914368466001633 dE = -1.80666E-01
SCF Iteration 274: Energy = 4.4721025188330792 dE =  1.80666E-01
SCF Iteration 275: Energy = 4.2914368466001518 dE = -1.80666E-01
SCF Iteration 276: Energy = 4.4721025188330792 dE =  1.80666E-01
SCF Iteration 277: Energy = 4.2914368466001527 dE = -1.80666E-01
SCF Iteration 278: Energy = 4.4721025188330739 dE =  1.80666E-01
SCF Iteration 279: Energy = 4.2914368466001491 dE = -1.80666E-01
SCF Iteration 280: Energy = 4.4721025188330756 dE =  1.80666E-01
SCF Iteration 281: Energy = 4.2914368466001456 dE = -1.80666E-01
SCF Iteration 282: Energy = 4.4721025188330774 dE =  1.80666E-01
SCF Iteration 283: Energy = 4.2914368466001580 dE = -1.80666E-01
SCF Iteration 284: Energy = 4.4721025188330863 dE =  1.80666E-01
SCF Iteration 285: Energy = 4.2914368466001545 dE = -1.80666E-01
SCF Iteration 286: Energy = 4.4721025188330827 dE =  1.80666E-01
SCF Iteration 287: Energy = 4.2914368466001438 dE = -1.80666E-01
SCF Iteration 288: Energy = 4.4721025188330810 dE =  1.80666E-01
SCF Iteration 289: Energy = 4.2914368466001500 dE = -1.80666E-01
SCF Iteration 290: Energy = 4.4721025188330792 dE =  1.80666E-01
SCF Iteration 291: Energy = 4.2914368466001545 dE = -1.80666E-01
SCF Iteration 292: Energy = 4.4721025188330872 dE =  1.80666E-01
SCF Iteration 293: Energy = 4.2914368466001598 dE = -1.80666E-01
SCF Iteration 294: Energy = 4.4721025188330881 dE =  1.80666E-01
SCF Iteration 295: Energy = 4.2914368466001598 dE = -1.80666E-01
SCF Iteration 296: Energy = 4.4721025188330934 dE =  1.80666E-01
SCF Iteration 297: Energy = 4.2914368466001580 dE = -1.80666E-01
SCF Iteration 298: Energy = 4.4721025188330810 dE =  1.80666E-01
SCF Iteration 299: Energy = 4.2914368466001527 dE = -1.80666E-01
SCF Iteration 300: Energy = 4.4721025188330881 dE =  1.80666E-01
SCF Iteration 301: Energy = 4.2914368466001562 dE = -1.80666E-01
SCF Iteration 302: Energy = 4.4721025188330827 dE =  1.80666E-01
SCF Iteration 303: Energy = 4.2914368466001509 dE = -1.80666E-01
SCF Iteration 304: Energy = 4.4721025188330845 dE =  1.80666E-01
SCF Iteration 305: Energy = 4.2914368466001598 dE = -1.80666E-01
SCF Iteration 306: Energy = 4.4721025188330881 dE =  1.80666E-01
SCF Iteration 307: Energy = 4.2914368466001580 dE = -1.80666E-01
SCF Iteration 308: Energy = 4.4721025188330890 dE =  1.80666E-01
SCF Iteration 309: Energy = 4.2914368466001562 dE = -1.80666E-01
SCF Iteration 310: Energy = 4.4721025188330845 dE =  1.80666E-01
SCF Iteration 311: Energy = 4.2914368466001545 dE = -1.80666E-01
SCF Iteration 312: Energy = 4.4721025188330827 dE =  1.80666E-01
SCF Iteration 313: Energy = 4.2914368466001456 dE = -1.80666E-01
SCF Iteration 314: Energy = 4.4721025188330792 dE =  1.80666E-01
SCF Iteration 315: Energy = 4.2914368466001482 dE = -1.80666E-01
SCF Iteration 316: Energy = 4.4721025188330827 dE =  1.80666E-01
SCF Iteration 317: Energy = 4.2914368466001500 dE = -1.80666E-01
SCF Iteration 318: Energy = 4.4721025188330863 dE =  1.80666E-01
SCF Iteration 319: Energy = 4.2914368466001553 dE = -1.80666E-01
SCF Iteration 320: Energy = 4.4721025188330827 dE =  1.80666E-01
SCF Iteration 321: Energy = 4.2914368466001491 dE = -1.80666E-01
SCF Iteration 322: Energy = 4.4721025188330756 dE =  1.80666E-01
SCF Iteration 323: Energy = 4.2914368466001491 dE = -1.80666E-01
SCF Iteration 324: Energy = 4.4721025188330819 dE =  1.80666E-01
SCF Iteration 325: Energy = 4.2914368466001545 dE = -1.80666E-01
SCF Iteration 326: Energy = 4.4721025188330881 dE =  1.80666E-01
SCF Iteration 327: Energy = 4.2914368466001545 dE = -1.80666E-01
SCF Iteration 328: Energy = 4.4721025188330810 dE =  1.80666E-01
SCF Iteration 329: Energy = 4.2914368466001562 dE = -1.80666E-01
SCF Iteration 330: Energy = 4.4721025188330836 dE =  1.80666E-01
SCF Iteration 331: Energy = 4.2914368466001580 dE = -1.80666E-01
SCF Iteration 332: Energy = 4.4721025188330934 dE =  1.80666E-01
SCF Iteration 333: Energy = 4.2914368466001616 dE = -1.80666E-01
SCF Iteration 334: Energy = 4.4721025188330854 dE =  1.80666E-01
SCF Iteration 335: Energy = 4.2914368466001527 dE = -1.80666E-01
SCF Iteration 336: Energy = 4.4721025188330863 dE =  1.80666E-01
SCF Iteration 337: Energy = 4.2914368466001580 dE = -1.80666E-01
SCF Iteration 338: Energy = 4.4721025188330863 dE =  1.80666E-01
SCF Iteration 339: Energy = 4.2914368466001562 dE = -1.80666E-01
SCF Iteration 340: Energy = 4.4721025188330898 dE =  1.80666E-01
SCF Iteration 341: Energy = 4.2914368466001536 dE = -1.80666E-01
SCF Iteration 342: Energy = 4.4721025188330845 dE =  1.80666E-01
SCF Iteration 343: Energy = 4.2914368466001509 dE = -1.80666E-01
SCF Iteration 344: Energy = 4.4721025188330854 dE =  1.80666E-01
SCF Iteration 345: Energy = 4.2914368466001500 dE = -1.80666E-01
SCF Iteration 346: Energy = 4.4721025188330801 dE =  1.80666E-01
SCF Iteration 347: Energy = 4.2914368466001553 dE = -1.80666E-01
SCF Iteration 348: Energy = 4.4721025188330881 dE =  1.80666E-01
SCF Iteration 349: Energy = 4.2914368466001518 dE = -1.80666E-01
SCF Iteration 350: Energy = 4.4721025188330836 dE =  1.80666E-01
SCF Iteration 351: Energy = 4.2914368466001491 dE = -1.80666E-01
SCF Iteration 352: Energy = 4.4721025188330881 dE =  1.80666E-01
SCF Iteration 353: Energy = 4.2914368466001518 dE = -1.80666E-01
SCF Iteration 354: Energy = 4.4721025188330792 dE =  1.80666E-01
SCF Iteration 355: Energy = 4.2914368466001447 dE = -1.80666E-01
SCF Iteration 356: Energy = 4.4721025188330774 dE =  1.80666E-01
SCF Iteration 357: Energy = 4.2914368466001509 dE = -1.80666E-01
SCF Iteration 358: Energy = 4.4721025188330774 dE =  1.80666E-01
SCF Iteration 359: Energy = 4.2914368466001545 dE = -1.80666E-01
SCF Iteration 360: Energy = 4.4721025188330827 dE =  1.80666E-01
SCF Iteration 361: Energy = 4.2914368466001402 dE = -1.80666E-01
SCF Iteration 362: Energy = 4.4721025188330756 dE =  1.80666E-01
SCF Iteration 363: Energy = 4.2914368466001580 dE = -1.80666E-01
SCF Iteration 364: Energy = 4.4721025188330739 dE =  1.80666E-01
SCF Iteration 365: Energy = 4.2914368466001500 dE = -1.80666E-01
SCF Iteration 366: Energy = 4.4721025188330845 dE =  1.80666E-01
SCF Iteration 367: Energy = 4.2914368466001580 dE = -1.80666E-01
SCF Iteration 368: Energy = 4.4721025188330810 dE =  1.80666E-01
SCF Iteration 369: Energy = 4.2914368466001624 dE = -1.80666E-01
SCF Iteration 370: Energy = 4.4721025188330898 dE =  1.80666E-01
SCF Iteration 371: Energy = 4.2914368466001589 dE = -1.80666E-01
SCF Iteration 372: Energy = 4.4721025188330845 dE =  1.80666E-01
SCF Iteration 373: Energy = 4.2914368466001545 dE = -1.80666E-01
SCF Iteration 374: Energy = 4.4721025188330810 dE =  1.80666E-01
SCF Iteration 375: Energy = 4.2914368466001465 dE = -1.80666E-01
SCF Iteration 376: Energy = 4.4721025188330810 dE =  1.80666E-01
SCF Iteration 377: Energy = 4.2914368466001545 dE = -1.80666E-01
SCF Iteration 378: Energy = 4.4721025188330810 dE =  1.80666E-01
SCF Iteration 379: Energy = 4.2914368466001482 dE = -1.80666E-01
SCF Iteration 380: Energy = 4.4721025188330872 dE =  1.80666E-01
SCF Iteration 381: Energy = 4.2914368466001571 dE = -1.80666E-01
SCF Iteration 382: Energy = 4.4721025188330792 dE =  1.80666E-01
SCF Iteration 383: Energy = 4.2914368466001491 dE = -1.80666E-01
SCF Iteration 384: Energy = 4.4721025188330827 dE =  1.80666E-01
SCF Iteration 385: Energy = 4.2914368466001589 dE = -1.80666E-01
SCF Iteration 386: Energy = 4.4721025188330801 dE =  1.80666E-01
SCF Iteration 387: Energy = 4.2914368466001562 dE = -1.80666E-01
SCF Iteration 388: Energy = 4.4721025188330845 dE =  1.80666E-01
SCF Iteration 389: Energy = 4.2914368466001527 dE = -1.80666E-01
SCF Iteration 390: Energy = 4.4721025188330916 dE =  1.80666E-01
SCF Iteration 391: Energy = 4.2914368466001633 dE = -1.80666E-01
SCF Iteration 392: Energy = 4.4721025188330934 dE =  1.80666E-01
SCF Iteration 393: Energy = 4.2914368466001580 dE = -1.80666E-01
SCF Iteration 394: Energy = 4.4721025188330836 dE =  1.80666E-01
SCF Iteration 395: Energy = 4.2914368466001509 dE = -1.80666E-01
SCF Iteration 396: Energy = 4.4721025188330827 dE =  1.80666E-01
SCF Iteration 397: Energy = 4.2914368466001580 dE = -1.80666E-01
SCF Iteration 398: Energy = 4.4721025188330916 dE =  1.80666E-01
SCF Iteration 399: Energy = 4.2914368466001536 dE = -1.80666E-01
SCF Iteration 400: Energy = 4.4721025188330863 dE =  1.80666E-01
SCF Iteration 401: Energy = 4.2914368466001571 dE = -1.80666E-01
SCF Iteration 402: Energy = 4.4721025188330881 dE =  1.80666E-01
SCF Iteration 403: Energy = 4.2914368466001562 dE = -1.80666E-01
SCF Iteration 404: Energy = 4.4721025188330792 dE =  1.80666E-01
SCF Iteration 405: Energy = 4.2914368466001598 dE = -1.80666E-01
SCF Iteration 406: Energy = 4.4721025188330792 dE =  1.80666E-01
SCF Iteration 407: Energy = 4.2914368466001553 dE = -1.80666E-01
SCF Iteration 408: Energy = 4.4721025188330792 dE =  1.80666E-01
SCF Iteration 409: Energy = 4.2914368466001527 dE = -1.80666E-01
SCF Iteration 410: Energy = 4.4721025188330827 dE =  1.80666E-01
SCF Iteration 411: Energy = 4.2914368466001465 dE = -1.80666E-01
SCF Iteration 412: Energy = 4.4721025188330827 dE =  1.80666E-01
SCF Iteration 413: Energy = 4.2914368466001438 dE = -1.80666E-01
SCF Iteration 414: Energy = 4.4721025188330801 dE =  1.80666E-01
SCF Iteration 415: Energy = 4.2914368466001473 dE = -1.80666E-01
SCF Iteration 416: Energy = 4.4721025188330756 dE =  1.80666E-01
SCF Iteration 417: Energy = 4.2914368466001562 dE = -1.80666E-01
SCF Iteration 418: Energy = 4.4721025188330774 dE =  1.80666E-01
SCF Iteration 419: Energy = 4.2914368466001473 dE = -1.80666E-01
SCF Iteration 420: Energy = 4.4721025188330703 dE =  1.80666E-01
SCF Iteration 421: Energy = 4.2914368466001589 dE = -1.80666E-01
SCF Iteration 422: Energy = 4.4721025188330774 dE =  1.80666E-01
SCF Iteration 423: Energy = 4.2914368466001518 dE = -1.80666E-01
SCF Iteration 424: Energy = 4.4721025188330827 dE =  1.80666E-01
SCF Iteration 425: Energy = 4.2914368466001598 dE = -1.80666E-01
SCF Iteration 426: Energy = 4.4721025188330836 dE =  1.80666E-01
SCF Iteration 427: Energy = 4.2914368466001536 dE = -1.80666E-01
SCF Iteration 428: Energy = 4.4721025188330863 dE =  1.80666E-01
SCF Iteration 429: Energy = 4.2914368466001518 dE = -1.80666E-01
SCF Iteration 430: Energy = 4.4721025188330845 dE =  1.80666E-01
SCF Iteration 431: Energy = 4.2914368466001545 dE = -1.80666E-01
SCF Iteration 432: Energy = 4.4721025188330836 dE =  1.80666E-01
SCF Iteration 433: Energy = 4.2914368466001562 dE = -1.80666E-01
SCF Iteration 434: Energy = 4.4721025188330881 dE =  1.80666E-01
SCF Iteration 435: Energy = 4.2914368466001545 dE = -1.80666E-01
SCF Iteration 436: Energy = 4.4721025188330827 dE =  1.80666E-01
SCF Iteration 437: Energy = 4.2914368466001580 dE = -1.80666E-01
SCF Iteration 438: Energy = 4.4721025188330827 dE =  1.80666E-01
SCF Iteration 439: Energy = 4.2914368466001536 dE = -1.80666E-01
SCF Iteration 440: Energy = 4.4721025188330801 dE =  1.80666E-01
SCF Iteration 441: Energy = 4.2914368466001473 dE = -1.80666E-01
SCF Iteration 442: Energy = 4.4721025188330810 dE =  1.80666E-01
SCF Iteration 443: Energy = 4.2914368466001545 dE = -1.80666E-01
SCF Iteration 444: Energy = 4.4721025188330845 dE =  1.80666E-01
SCF Iteration 445: Energy = 4.2914368466001562 dE = -1.80666E-01
SCF Iteration 446: Energy = 4.4721025188330845 dE =  1.80666E-01
SCF Iteration 447: Energy = 4.2914368466001553 dE = -1.80666E-01
SCF Iteration 448: Energy = 4.4721025188330845 dE =  1.80666E-01
SCF Iteration 449: Energy = 4.2914368466001527 dE = -1.80666E-01
SCF Iteration 450: Energy = 4.4721025188330765 dE =  1.80666E-01
SCF Iteration 451: Energy = 4.2914368466001447 dE = -1.80666E-01
SCF Iteration 452: Energy = 4.4721025188330827 dE =  1.80666E-01
SCF Iteration 453: Energy = 4.2914368466001580 dE = -1.80666E-01
SCF Iteration 454: Energy = 4.4721025188330765 dE =  1.80666E-01
SCF Iteration 455: Energy = 4.2914368466001607 dE = -1.80666E-01
SCF Iteration 456: Energy = 4.4721025188330925 dE =  1.80666E-01
SCF Iteration 457: Energy = 4.2914368466001545 dE = -1.80666E-01
SCF Iteration 458: Energy = 4.4721025188330810 dE =  1.80666E-01
SCF Iteration 459: Energy = 4.2914368466001580 dE = -1.80666E-01
SCF Iteration 460: Energy = 4.4721025188330863 dE =  1.80666E-01
SCF Iteration 461: Energy = 4.2914368466001669 dE = -1.80666E-01
SCF Iteration 462: Energy = 4.4721025188330827 dE =  1.80666E-01
SCF Iteration 463: Energy = 4.2914368466001580 dE = -1.80666E-01
SCF Iteration 464: Energy = 4.4721025188330898 dE =  1.80666E-01
SCF Iteration 465: Energy = 4.2914368466001704 dE = -1.80666E-01
SCF Iteration 466: Energy = 4.4721025188330863 dE =  1.80666E-01
SCF Iteration 467: Energy = 4.2914368466001678 dE = -1.80666E-01
SCF Iteration 468: Energy = 4.4721025188330881 dE =  1.80666E-01
SCF Iteration 469: Energy = 4.2914368466001580 dE = -1.80666E-01
SCF Iteration 470: Energy = 4.4721025188330827 dE =  1.80666E-01
SCF Iteration 471: Energy = 4.2914368466001580 dE = -1.80666E-01
SCF Iteration 472: Energy = 4.4721025188330898 dE =  1.80666E-01
SCF Iteration 473: Energy = 4.2914368466001598 dE = -1.80666E-01
SCF Iteration 474: Energy = 4.4721025188330863 dE =  1.80666E-01
SCF Iteration 475: Energy = 4.2914368466001580 dE = -1.80666E-01
SCF Iteration 476: Energy = 4.4721025188330801 dE =  1.80666E-01
SCF Iteration 477: Energy = 4.2914368466001411 dE = -1.80666E-01
SCF Iteration 478: Energy = 4.4721025188330783 dE =  1.80666E-01
SCF Iteration 479: Energy = 4.2914368466001580 dE = -1.80666E-01
SCF Iteration 480: Energy = 4.4721025188330863 dE =  1.80666E-01
SCF Iteration 481: Energy = 4.2914368466001465 dE = -1.80666E-01
SCF Iteration 482: Energy = 4.4721025188330845 dE =  1.80666E-01
SCF Iteration 483: Energy = 4.2914368466001509 dE = -1.80666E-01
SCF Iteration 484: Energy = 4.4721025188330783 dE =  1.80666E-01
SCF Iteration 485: Energy = 4.2914368466001518 dE = -1.80666E-01
SCF Iteration 486: Energy = 4.4721025188330863 dE =  1.80666E-01
SCF Iteration 487: Energy = 4.2914368466001562 dE = -1.80666E-01
SCF Iteration 488: Energy = 4.4721025188330810 dE =  1.80666E-01
SCF Iteration 489: Energy = 4.2914368466001616 dE = -1.80666E-01
SCF Iteration 490: Energy = 4.4721025188330890 dE =  1.80666E-01
SCF Iteration 491: Energy = 4.2914368466001580 dE = -1.80666E-01
SCF Iteration 492: Energy = 4.4721025188330872 dE =  1.80666E-01
SCF Iteration 493: Energy = 4.2914368466001598 dE = -1.80666E-01
SCF Iteration 494: Energy = 4.4721025188330881 dE =  1.80666E-01
SCF Iteration 495: Energy = 4.2914368466001518 dE = -1.80666E-01
SCF Iteration 496: Energy = 4.4721025188330792 dE =  1.80666E-01
SCF Iteration 497: Energy = 4.2914368466001527 dE = -1.80666E-01
SCF Iteration 498: Energy = 4.4721025188330845 dE =  1.80666E-01
SCF Iteration 499: Energy = 4.2914368466001553 dE = -1.80666E-01
SCF Iteration 500: Energy = 4.4721025188330774 dE =  1.80666E-01
