
  Memory set to  55.879 GiB by Python driver.
  Threads set to 1 by Python driver.
Settings:
	LOT = CCSD-S1-U21
	wc = 20.0 eV
	lambda = [1.091182 0.       0.      ] a.u.
	Equivalent A0 = LAMBDA / sqrt(2 wc) = [0.9 0.  0. ])
doing QED-CCSD-1 (or QED-CCSD-21)
Number of occupied orbitals:   1
Number of basis functions:  60
SCF Iteration   1: Energy = 6.7336421464755487 dE =  6.73364E+00
SCF Iteration   2: Energy = 7.2555653335003365 dE =  5.21923E-01
SCF Iteration   3: Energy = 6.9735730210849223 dE = -2.81992E-01
SCF Iteration   4: Energy = 7.2028772975171611 dE =  2.29304E-01
SCF Iteration   5: Energy = 7.1084672420450943 dE = -9.44101E-02
SCF Iteration   6: Energy = 7.2101638994087116 dE =  1.01697E-01
SCF Iteration   7: Energy = 7.1657904789185256 dE = -4.43734E-02
SCF Iteration   8: Energy = 7.2182806098938972 dE =  5.24901E-02
SCF Iteration   9: Energy = 7.1892781066652978 dE = -2.90025E-02
SCF Iteration  10: Energy = 7.2215073630383655 dE =  3.22293E-02
SCF Iteration  11: Energy = 7.1974423756215442 dE = -2.40650E-02
SCF Iteration  12: Energy = 7.2206925068796703 dE =  2.32501E-02
SCF Iteration  13: Energy = 7.1981317379357614 dE = -2.25608E-02
SCF Iteration  14: Energy = 7.2172231551102293 dE =  1.90914E-02
SCF Iteration  15: Energy = 7.1950324644855392 dE = -2.21907E-02
SCF Iteration  16: Energy = 7.2122089635716131 dE =  1.71765E-02
SCF Iteration  17: Energy = 7.1900552824549857 dE = -2.21537E-02
SCF Iteration  18: Energy = 7.2064367090567094 dE =  1.63814E-02
SCF Iteration  19: Energy = 7.1842631467215616 dE = -2.21736E-02
SCF Iteration  20: Energy = 7.2004354614383619 dE =  1.61723E-02
SCF Iteration  21: Energy = 7.1782694890341139 dE = -2.21660E-02
SCF Iteration  22: Energy = 7.1945449106261385 dE =  1.62754E-02
SCF Iteration  23: Energy = 7.1724291955375081 dE = -2.21157E-02
SCF Iteration  24: Energy = 7.1889705685531036 dE =  1.65414E-02
SCF Iteration  25: Energy = 7.1669404210864318 dE = -2.20301E-02
SCF Iteration  26: Energy = 7.1838254371717509 dE =  1.68850E-02
SCF Iteration  27: Energy = 7.1619037670187193 dE = -2.19217E-02
SCF Iteration  28: Energy = 7.1791604511771547 dE =  1.72567E-02
SCF Iteration  29: Energy = 7.1573588148298333 dE = -2.18016E-02
SCF Iteration  30: Energy = 7.1749862109985161 dE =  1.76274E-02
SCF Iteration  31: Energy = 7.1533075069145156 dE = -2.16787E-02
SCF Iteration  32: Energy = 7.1712881910140753 dE =  1.79807E-02
SCF Iteration  33: Energy = 7.1497293686528289 dE = -2.15588E-02
SCF Iteration  34: Energy = 7.1680371778633916 dE =  1.83078E-02
SCF Iteration  35: Energy = 7.1465914527652421 dE = -2.14457E-02
SCF Iteration  36: Energy = 7.1651962884226599 dE =  1.86048E-02
SCF Iteration  37: Energy = 7.1438547888514279 dE = -2.13415E-02
SCF Iteration  38: Energy = 7.1627255750651235 dE =  1.88708E-02
SCF Iteration  39: Energy = 7.1414784944318574 dE = -2.12471E-02
SCF Iteration  40: Energy = 7.1605849541620188 dE =  1.91065E-02
SCF Iteration  41: Energy = 7.1394223184948418 dE = -2.11626E-02
SCF Iteration  42: Energy = 7.1587359862336521 dE =  1.93137E-02
SCF Iteration  43: Energy = 7.1376481391121294 dE = -2.10878E-02
SCF Iteration  44: Energy = 7.1571428819119491 dE =  1.94947E-02
SCF Iteration  45: Energy = 7.1361207700647897 dE = -2.10221E-02
SCF Iteration  46: Energy = 7.1557729955357283 dE =  1.96522E-02
SCF Iteration  47: Energy = 7.1348083181774316 dE = -2.09647E-02
SCF Iteration  48: Energy = 7.1545969876116819 dE =  1.97887E-02
SCF Iteration  49: Energy = 7.1336822554385337 dE = -2.09147E-02
SCF Iteration  50: Energy = 7.1535887802425293 dE =  1.99065E-02
SCF Iteration  51: Energy = 7.1327173166083488 dE = -2.08715E-02
SCF Iteration  52: Energy = 7.1527253894994089 dE =  2.00081E-02
SCF Iteration  53: Energy = 7.1318912963078800 dE = -2.08341E-02
SCF Iteration  54: Energy = 7.1519866907664911 dE =  2.00954E-02
SCF Iteration  55: Energy = 7.1311847943921958 dE = -2.08019E-02
SCF Iteration  56: Energy = 7.1513551537637206 dE =  2.01704E-02
SCF Iteration  57: Energy = 7.1305809411885370 dE = -2.07742E-02
SCF Iteration  58: Energy = 7.1508155707017362 dE =  2.02346E-02
SCF Iteration  59: Energy = 7.1300651224739076 dE = -2.07504E-02
SCF Iteration  60: Energy = 7.1503547920144435 dE =  2.02897E-02
SCF Iteration  61: Energy = 7.1296247161712172 dE = -2.07301E-02
SCF Iteration  62: Energy = 7.1499614780587128 dE =  2.03368E-02
SCF Iteration  63: Energy = 7.1292488474769060 dE = -2.07126E-02
SCF Iteration  64: Energy = 7.1496258711550453 dE =  2.03770E-02
SCF Iteration  65: Energy = 7.1289281656723356 dE = -2.06977E-02
SCF Iteration  66: Energy = 7.1493395897335477 dE =  2.04114E-02
SCF Iteration  67: Energy = 7.1286546436456435 dE = -2.06849E-02
SCF Iteration  68: Energy = 7.1490954446976547 dE =  2.04408E-02
SCF Iteration  69: Energy = 7.1284213997661618 dE = -2.06740E-02
SCF Iteration  70: Energy = 7.1488872771173630 dE =  2.04659E-02
SCF Iteration  71: Energy = 7.1282225409313735 dE = -2.06647E-02
SCF Iteration  72: Energy = 7.1487098157970328 dE =  2.04873E-02
SCF Iteration  73: Energy = 7.1280530251634113 dE = -2.06568E-02
SCF Iteration  74: Energy = 7.1485585529834728 dE =  2.05055E-02
SCF Iteration  75: Energy = 7.1279085419325137 dE = -2.06500E-02
SCF Iteration  76: Energy = 7.1484296363862194 dE =  2.05211E-02
SCF Iteration  77: Energy = 7.1277854083441810 dE = -2.06442E-02
SCF Iteration  78: Energy = 7.1483197757029018 dE =  2.05344E-02
SCF Iteration  79: Energy = 7.1276804793808184 dE = -2.06393E-02
SCF Iteration  80: Energy = 7.1482261619340912 dE =  2.05457E-02
SCF Iteration  81: Energy = 7.1275910705007934 dE = -2.06351E-02
SCF Iteration  82: Energy = 7.1481463979001800 dE =  2.05553E-02
SCF Iteration  83: Energy = 7.1275148910367188 dE = -2.06315E-02
SCF Iteration  84: Energy = 7.1480784385195211 dE =  2.05635E-02
SCF Iteration  85: Energy = 7.1274499869875898 dE = -2.06285E-02
SCF Iteration  86: Energy = 7.1480205395559464 dE =  2.05706E-02
SCF Iteration  87: Energy = 7.1273946919501743 dE = -2.06258E-02
SCF Iteration  88: Energy = 7.1479712136918723 dE =  2.05765E-02
SCF Iteration  89: Energy = 7.1273475850821164 dE = -2.06236E-02
SCF Iteration  90: Energy = 7.1479291929189177 dE =  2.05816E-02
SCF Iteration  91: Energy = 7.1273074551240763 dE = -2.06217E-02
SCF Iteration  92: Energy = 7.1478933963663893 dE =  2.05859E-02
SCF Iteration  93: Energy = 7.1272732696328776 dE = -2.06201E-02
SCF Iteration  94: Energy = 7.1478629028007781 dE =  2.05896E-02
SCF Iteration  95: Energy = 7.1272441486880433 dE = -2.06188E-02
SCF Iteration  96: Energy = 7.1478369271322650 dE =  2.05928E-02
SCF Iteration  97: Energy = 7.1272193424344037 dE = -2.06176E-02
SCF Iteration  98: Energy = 7.1478148003544630 dE =  2.05955E-02
SCF Iteration  99: Energy = 7.1271982119095059 dE = -2.06166E-02
SCF Iteration 100: Energy = 7.1477959524226486 dE =  2.05977E-02
SCF Iteration 101: Energy = 7.1271802126819734 dE = -2.06157E-02
SCF Iteration 102: Energy = 7.1477798976451767 dE =  2.05997E-02
SCF Iteration 103: Energy = 7.1271648808929200 dE = -2.06150E-02
SCF Iteration 104: Energy = 7.1477662222226721 dE =  2.06013E-02
SCF Iteration 105: Energy = 7.1271518213508225 dE = -2.06144E-02
SCF Iteration 106: Energy = 7.1477545736216275 dE =  2.06028E-02
SCF Iteration 107: Energy = 7.1271406973799420 dE = -2.06139E-02
SCF Iteration 108: Energy = 7.1477446515145164 dE =  2.06040E-02
SCF Iteration 109: Energy = 7.1271312221654481 dE = -2.06134E-02
SCF Iteration 110: Energy = 7.1477362000562952 dE =  2.06050E-02
SCF Iteration 111: Energy = 7.1271231513762041 dE = -2.06130E-02
SCF Iteration 112: Energy = 7.1477290013015500 dE =  2.06058E-02
SCF Iteration 113: Energy = 7.1271162768766354 dE = -2.06127E-02
SCF Iteration 114: Energy = 7.1477228695940473 dE =  2.06066E-02
SCF Iteration 115: Energy = 7.1271104213683554 dE = -2.06124E-02
SCF Iteration 116: Energy = 7.1477176467858099 dE =  2.06072E-02
SCF Iteration 117: Energy = 7.1271054338236661 dE = -2.06122E-02
SCF Iteration 118: Energy = 7.1477131981632498 dE =  2.06078E-02
SCF Iteration 119: Energy = 7.1271011855947846 dE = -2.06120E-02
SCF Iteration 120: Energy = 7.1477094089760316 dE =  2.06082E-02
SCF Iteration 121: Energy = 7.1270975670987928 dE = -2.06118E-02
SCF Iteration 122: Energy = 7.1477061814797862 dE =  2.06086E-02
SCF Iteration 123: Energy = 7.1270944849931288 dE = -2.06117E-02
SCF Iteration 124: Energy = 7.1477034324164341 dE =  2.06089E-02
SCF Iteration 125: Energy = 7.1270918597694779 dE = -2.06116E-02
SCF Iteration 126: Energy = 7.1477010908678080 dE =  2.06092E-02
SCF Iteration 127: Energy = 7.1270896237037702 dE = -2.06115E-02
SCF Iteration 128: Energy = 7.1476990964270719 dE =  2.06095E-02
SCF Iteration 129: Energy = 7.1270877191099951 dE = -2.06114E-02
SCF Iteration 130: Energy = 7.1476973976410054 dE =  2.06097E-02
SCF Iteration 131: Energy = 7.1270860968524650 dE = -2.06113E-02
SCF Iteration 132: Energy = 7.1476959506830440 dE =  2.06099E-02
SCF Iteration 133: Energy = 7.1270847150787819 dE = -2.06112E-02
SCF Iteration 134: Energy = 7.1476947182229695 dE =  2.06100E-02
SCF Iteration 135: Energy = 7.1270835381402717 dE = -2.06112E-02
SCF Iteration 136: Energy = 7.1476936684640515 dE =  2.06101E-02
SCF Iteration 137: Energy = 7.1270825356725185 dE = -2.06111E-02
SCF Iteration 138: Energy = 7.1476927743228780 dE =  2.06102E-02
SCF Iteration 139: Energy = 7.1270816818121121 dE = -2.06111E-02
SCF Iteration 140: Energy = 7.1476920127307642 dE =  2.06103E-02
SCF Iteration 141: Energy = 7.1270809545295597 dE = -2.06111E-02
SCF Iteration 142: Energy = 7.1476913640385851 dE =  2.06104E-02
SCF Iteration 143: Energy = 7.1270803350608851 dE = -2.06110E-02
SCF Iteration 144: Energy = 7.1476908115099755 dE =  2.06105E-02
SCF Iteration 145: Energy = 7.1270798074236543 dE = -2.06110E-02
SCF Iteration 146: Energy = 7.1476903408895547 dE =  2.06105E-02
SCF Iteration 147: Energy = 7.1270793580046750 dE = -2.06110E-02
SCF Iteration 148: Energy = 7.1476899400350886 dE =  2.06106E-02
SCF Iteration 149: Energy = 7.1270789752087511 dE = -2.06110E-02
SCF Iteration 150: Energy = 7.1476895986043854 dE =  2.06106E-02
SCF Iteration 151: Energy = 7.1270786491595404 dE = -2.06109E-02
SCF Iteration 152: Energy = 7.1476893077883297 dE =  2.06107E-02
SCF Iteration 153: Energy = 7.1270783714447843 dE = -2.06109E-02
SCF Iteration 154: Energy = 7.1476890600836791 dE =  2.06107E-02
SCF Iteration 155: Energy = 7.1270781348992802 dE = -2.06109E-02
SCF Iteration 156: Energy = 7.1476888490995050 dE =  2.06107E-02
SCF Iteration 157: Energy = 7.1270779334199750 dE = -2.06109E-02
SCF Iteration 158: Energy = 7.1476886693922763 dE =  2.06107E-02
SCF Iteration 159: Energy = 7.1270777618086028 dE = -2.06109E-02
SCF Iteration 160: Energy = 7.1476885163253803 dE =  2.06108E-02
SCF Iteration 161: Energy = 7.1270776156374067 dE = -2.06109E-02
SCF Iteration 162: Energy = 7.1476883859496256 dE =  2.06108E-02
SCF Iteration 163: Energy = 7.1270774911351094 dE = -2.06109E-02
SCF Iteration 164: Energy = 7.1476882749011743 dE =  2.06108E-02
SCF Iteration 165: Energy = 7.1270773850894207 dE = -2.06109E-02
SCF Iteration 166: Energy = 7.1476881803149155 dE =  2.06108E-02
SCF Iteration 167: Energy = 7.1270772947643000 dE = -2.06109E-02
SCF Iteration 168: Energy = 7.1476880997504368 dE =  2.06108E-02
SCF Iteration 169: Energy = 7.1270772178292665 dE = -2.06109E-02
SCF Iteration 170: Energy = 7.1476880311290651 dE =  2.06108E-02
SCF Iteration 171: Energy = 7.1270771522993117 dE = -2.06109E-02
SCF Iteration 172: Energy = 7.1476879726803633 dE =  2.06108E-02
SCF Iteration 173: Energy = 7.1270770964837471 dE = -2.06109E-02
SCF Iteration 174: Energy = 7.1476879228962931 dE =  2.06108E-02
SCF Iteration 175: Energy = 7.1270770489424562 dE = -2.06109E-02
SCF Iteration 176: Energy = 7.1476878804923656 dE =  2.06108E-02
SCF Iteration 177: Energy = 7.1270770084488575 dE = -2.06109E-02
SCF Iteration 178: Energy = 7.1476878443745528 dE =  2.06108E-02
SCF Iteration 179: Energy = 7.1270769739581477 dE = -2.06109E-02
SCF Iteration 180: Energy = 7.1476878136109709 dE =  2.06108E-02
SCF Iteration 181: Energy = 7.1270769445804589 dE = -2.06109E-02
SCF Iteration 182: Energy = 7.1476877874078673 dE =  2.06108E-02
SCF Iteration 183: Energy = 7.1270769195578287 dE = -2.06109E-02
SCF Iteration 184: Energy = 7.1476877650892066 dE =  2.06108E-02
SCF Iteration 185: Energy = 7.1270768982446251 dE = -2.06109E-02
SCF Iteration 186: Energy = 7.1476877460791295 dE =  2.06108E-02
SCF Iteration 187: Energy = 7.1270768800909758 dE = -2.06109E-02
SCF Iteration 188: Energy = 7.1476877298871937 dE =  2.06108E-02
SCF Iteration 189: Energy = 7.1270768646284726 dE = -2.06109E-02
SCF Iteration 190: Energy = 7.1476877160955938 dE =  2.06109E-02
SCF Iteration 191: Energy = 7.1270768514581970 dE = -2.06109E-02
SCF Iteration 192: Energy = 7.1476877043484981 dE =  2.06109E-02
SCF Iteration 193: Energy = 7.1270768402403215 dE = -2.06109E-02
SCF Iteration 194: Energy = 7.1476876943428316 dE =  2.06109E-02
SCF Iteration 195: Energy = 7.1270768306854233 dE = -2.06109E-02
SCF Iteration 196: Energy = 7.1476876858204497 dE =  2.06109E-02
SCF Iteration 197: Energy = 7.1270768225469574 dE = -2.06109E-02
SCF Iteration 198: Energy = 7.1476876785614456 dE =  2.06109E-02
SCF Iteration 199: Energy = 7.1270768156149833 dE = -2.06109E-02
SCF Iteration 200: Energy = 7.1476876723785532 dE =  2.06109E-02
SCF Iteration 201: Energy = 7.1270768097106236 dE = -2.06109E-02
SCF Iteration 202: Energy = 7.1476876671122342 dE =  2.06109E-02
SCF Iteration 203: Energy = 7.1270768046815389 dE = -2.06109E-02
SCF Iteration 204: Energy = 7.1476876626265957 dE =  2.06109E-02
SCF Iteration 205: Energy = 7.1270768003980018 dE = -2.06109E-02
SCF Iteration 206: Energy = 7.1476876588059373 dE =  2.06109E-02
SCF Iteration 207: Energy = 7.1270767967494555 dE = -2.06109E-02
SCF Iteration 208: Energy = 7.1476876555516595 dE =  2.06109E-02
SCF Iteration 209: Energy = 7.1270767936417796 dE = -2.06109E-02
SCF Iteration 210: Energy = 7.1476876527798057 dE =  2.06109E-02
SCF Iteration 211: Energy = 7.1270767909948054 dE = -2.06109E-02
SCF Iteration 212: Energy = 7.1476876504188613 dE =  2.06109E-02
SCF Iteration 213: Energy = 7.1270767887402133 dE = -2.06109E-02
SCF Iteration 214: Energy = 7.1476876484079037 dE =  2.06109E-02
SCF Iteration 215: Energy = 7.1270767868198499 dE = -2.06109E-02
SCF Iteration 216: Energy = 7.1476876466950765 dE =  2.06109E-02
SCF Iteration 217: Energy = 7.1270767851841912 dE = -2.06109E-02
SCF Iteration 218: Energy = 7.1476876452361484 dE =  2.06109E-02
SCF Iteration 219: Energy = 7.1270767837909981 dE = -2.06109E-02
SCF Iteration 220: Energy = 7.1476876439935007 dE =  2.06109E-02
SCF Iteration 221: Energy = 7.1270767826043322 dE = -2.06109E-02
SCF Iteration 222: Energy = 7.1476876429350691 dE =  2.06109E-02
SCF Iteration 223: Energy = 7.1270767815935754 dE = -2.06109E-02
SCF Iteration 224: Energy = 7.1476876420335431 dE =  2.06109E-02
SCF Iteration 225: Energy = 7.1270767807326676 dE = -2.06109E-02
SCF Iteration 226: Energy = 7.1476876412656605 dE =  2.06109E-02
SCF Iteration 227: Energy = 7.1270767799993555 dE = -2.06109E-02
SCF Iteration 228: Energy = 7.1476876406116014 dE =  2.06109E-02
SCF Iteration 229: Energy = 7.1270767793747716 dE = -2.06109E-02
SCF Iteration 230: Energy = 7.1476876400545040 dE =  2.06109E-02
SCF Iteration 231: Energy = 7.1270767788427953 dE = -2.06109E-02
SCF Iteration 232: Energy = 7.1476876395800106 dE =  2.06109E-02
SCF Iteration 233: Energy = 7.1270767783896725 dE = -2.06109E-02
SCF Iteration 234: Energy = 7.1476876391758433 dE =  2.06109E-02
SCF Iteration 235: Energy = 7.1270767780037039 dE = -2.06109E-02
SCF Iteration 236: Energy = 7.1476876388315906 dE =  2.06109E-02
SCF Iteration 237: Energy = 7.1270767776749544 dE = -2.06109E-02
SCF Iteration 238: Energy = 7.1476876385383781 dE =  2.06109E-02
SCF Iteration 239: Energy = 7.1270767773949677 dE = -2.06109E-02
SCF Iteration 240: Energy = 7.1476876382886445 dE =  2.06109E-02
SCF Iteration 241: Energy = 7.1270767771564802 dE = -2.06109E-02
SCF Iteration 242: Energy = 7.1476876380759116 dE =  2.06109E-02
SCF Iteration 243: Energy = 7.1270767769533272 dE = -2.06109E-02
SCF Iteration 244: Energy = 7.1476876378947116 dE =  2.06109E-02
SCF Iteration 245: Energy = 7.1270767767802896 dE = -2.06109E-02
SCF Iteration 246: Energy = 7.1476876377403871 dE =  2.06109E-02
SCF Iteration 247: Energy = 7.1270767766329426 dE = -2.06109E-02
SCF Iteration 248: Energy = 7.1476876376089420 dE =  2.06109E-02
SCF Iteration 249: Energy = 7.1270767765073986 dE = -2.06109E-02
SCF Iteration 250: Energy = 7.1476876374969711 dE =  2.06109E-02
SCF Iteration 251: Energy = 7.1270767764004637 dE = -2.06109E-02
SCF Iteration 252: Energy = 7.1476876374015959 dE =  2.06109E-02
SCF Iteration 253: Energy = 7.1270767763093845 dE = -2.06109E-02
SCF Iteration 254: Energy = 7.1476876373203702 dE =  2.06109E-02
SCF Iteration 255: Energy = 7.1270767762318226 dE = -2.06109E-02
SCF Iteration 256: Energy = 7.1476876372511819 dE =  2.06109E-02
SCF Iteration 257: Energy = 7.1270767761657590 dE = -2.06109E-02
SCF Iteration 258: Energy = 7.1476876371922522 dE =  2.06109E-02
SCF Iteration 259: Energy = 7.1270767761094653 dE = -2.06109E-02
SCF Iteration 260: Energy = 7.1476876371420550 dE =  2.06109E-02
SCF Iteration 261: Energy = 7.1270767760615490 dE = -2.06109E-02
SCF Iteration 262: Energy = 7.1476876370993052 dE =  2.06109E-02
SCF Iteration 263: Energy = 7.1270767760207265 dE = -2.06109E-02
SCF Iteration 264: Energy = 7.1476876370628872 dE =  2.06109E-02
SCF Iteration 265: Energy = 7.1270767759859561 dE = -2.06109E-02
SCF Iteration 266: Energy = 7.1476876370318889 dE =  2.06109E-02
SCF Iteration 267: Energy = 7.1270767759563309 dE = -2.06109E-02
SCF Iteration 268: Energy = 7.1476876370054709 dE =  2.06109E-02
SCF Iteration 269: Energy = 7.1270767759311058 dE = -2.06109E-02
SCF Iteration 270: Energy = 7.1476876369829609 dE =  2.06109E-02
SCF Iteration 271: Energy = 7.1270767759096163 dE = -2.06109E-02
SCF Iteration 272: Energy = 7.1476876369638003 dE =  2.06109E-02
SCF Iteration 273: Energy = 7.1270767758913118 dE = -2.06109E-02
SCF Iteration 274: Energy = 7.1476876369474907 dE =  2.06109E-02
SCF Iteration 275: Energy = 7.1270767758757225 dE = -2.06109E-02
SCF Iteration 276: Energy = 7.1476876369335800 dE =  2.06109E-02
SCF Iteration 277: Energy = 7.1270767758624602 dE = -2.06109E-02
SCF Iteration 278: Energy = 7.1476876369217264 dE =  2.06109E-02
SCF Iteration 279: Energy = 7.1270767758511324 dE = -2.06109E-02
SCF Iteration 280: Energy = 7.1476876369116455 dE =  2.06109E-02
SCF Iteration 281: Energy = 7.1270767758415063 dE = -2.06109E-02
SCF Iteration 282: Energy = 7.1476876369030444 dE =  2.06109E-02
SCF Iteration 283: Energy = 7.1270767758332934 dE = -2.06109E-02
SCF Iteration 284: Energy = 7.1476876368957214 dE =  2.06109E-02
SCF Iteration 285: Energy = 7.1270767758263007 dE = -2.06109E-02
SCF Iteration 286: Energy = 7.1476876368894890 dE =  2.06109E-02
SCF Iteration 287: Energy = 7.1270767758203535 dE = -2.06109E-02
SCF Iteration 288: Energy = 7.1476876368841920 dE =  2.06109E-02
SCF Iteration 289: Energy = 7.1270767758152971 dE = -2.06109E-02
SCF Iteration 290: Energy = 7.1476876368796693 dE =  2.06109E-02
SCF Iteration 291: Energy = 7.1270767758109743 dE = -2.06109E-02
SCF Iteration 292: Energy = 7.1476876368757996 dE =  2.06109E-02
SCF Iteration 293: Energy = 7.1270767758072955 dE = -2.06109E-02
SCF Iteration 294: Energy = 7.1476876368725142 dE =  2.06109E-02
SCF Iteration 295: Energy = 7.1270767758041478 dE = -2.06109E-02
SCF Iteration 296: Energy = 7.1476876368697333 dE =  2.06109E-02
SCF Iteration 297: Energy = 7.1270767758014726 dE = -2.06109E-02
SCF Iteration 298: Energy = 7.1476876368673503 dE =  2.06109E-02
SCF Iteration 299: Energy = 7.1270767757992095 dE = -2.06109E-02
SCF Iteration 300: Energy = 7.1476876368653270 dE =  2.06109E-02
SCF Iteration 301: Energy = 7.1270767757972733 dE = -2.06109E-02
SCF Iteration 302: Energy = 7.1476876368635951 dE =  2.06109E-02
SCF Iteration 303: Energy = 7.1270767757956301 dE = -2.06109E-02
SCF Iteration 304: Energy = 7.1476876368621083 dE =  2.06109E-02
SCF Iteration 305: Energy = 7.1270767757942091 dE = -2.06109E-02
SCF Iteration 306: Energy = 7.1476876368608560 dE =  2.06109E-02
SCF Iteration 307: Energy = 7.1270767757930225 dE = -2.06109E-02
SCF Iteration 308: Energy = 7.1476876368597937 dE =  2.06109E-02
SCF Iteration 309: Energy = 7.1270767757919939 dE = -2.06109E-02
SCF Iteration 310: Energy = 7.1476876368588824 dE =  2.06109E-02
SCF Iteration 311: Energy = 7.1270767757911377 dE = -2.06109E-02
SCF Iteration 312: Energy = 7.1476876368581168 dE =  2.06109E-02
SCF Iteration 313: Energy = 7.1270767757903926 dE = -2.06109E-02
SCF Iteration 314: Energy = 7.1476876368574382 dE =  2.06109E-02
SCF Iteration 315: Energy = 7.1270767757897451 dE = -2.06109E-02
SCF Iteration 316: Energy = 7.1476876368568840 dE =  2.06109E-02
SCF Iteration 317: Energy = 7.1270767757892246 dE = -2.06109E-02
SCF Iteration 318: Energy = 7.1476876368564142 dE =  2.06109E-02
SCF Iteration 319: Energy = 7.1270767757887556 dE = -2.06109E-02
SCF Iteration 320: Energy = 7.1476876368560029 dE =  2.06109E-02
SCF Iteration 321: Energy = 7.1270767757883720 dE = -2.06109E-02
SCF Iteration 322: Energy = 7.1476876368556548 dE =  2.06109E-02
SCF Iteration 323: Energy = 7.1270767757880531 dE = -2.06109E-02
SCF Iteration 324: Energy = 7.1476876368553706 dE =  2.06109E-02
SCF Iteration 325: Energy = 7.1270767757877715 dE = -2.06109E-02
SCF Iteration 326: Energy = 7.1476876368550943 dE =  2.06109E-02
SCF Iteration 327: Energy = 7.1270767757875140 dE = -2.06109E-02
SCF Iteration 328: Energy = 7.1476876368548856 dE =  2.06109E-02
SCF Iteration 329: Energy = 7.1270767757873070 dE = -2.06109E-02
SCF Iteration 330: Energy = 7.1476876368547027 dE =  2.06109E-02
SCF Iteration 331: Energy = 7.1270767757871250 dE = -2.06109E-02
SCF Iteration 332: Energy = 7.1476876368545543 dE =  2.06109E-02
SCF Iteration 333: Energy = 7.1270767757869882 dE = -2.06109E-02
SCF Iteration 334: Energy = 7.1476876368544362 dE =  2.06109E-02
SCF Iteration 335: Energy = 7.1270767757868638 dE = -2.06109E-02
SCF Iteration 336: Energy = 7.1476876368543101 dE =  2.06109E-02
SCF Iteration 337: Energy = 7.1270767757867519 dE = -2.06109E-02
SCF Iteration 338: Energy = 7.1476876368542106 dE =  2.06109E-02
SCF Iteration 339: Energy = 7.1270767757866453 dE = -2.06109E-02
SCF Iteration 340: Energy = 7.1476876368541156 dE =  2.06109E-02
SCF Iteration 341: Energy = 7.1270767757865769 dE = -2.06109E-02
SCF Iteration 342: Energy = 7.1476876368540658 dE =  2.06109E-02
SCF Iteration 343: Energy = 7.1270767757865139 dE = -2.06109E-02
SCF Iteration 344: Energy = 7.1476876368540019 dE =  2.06109E-02
SCF Iteration 345: Energy = 7.1270767757864713 dE = -2.06109E-02
SCF Iteration 346: Energy = 7.1476876368539459 dE =  2.06109E-02
SCF Iteration 347: Energy = 7.1270767757864144 dE = -2.06109E-02
SCF Iteration 348: Energy = 7.1476876368539086 dE =  2.06109E-02
SCF Iteration 349: Energy = 7.1270767757863753 dE = -2.06109E-02
SCF Iteration 350: Energy = 7.1476876368538829 dE =  2.06109E-02
SCF Iteration 351: Energy = 7.1270767757863567 dE = -2.06109E-02
SCF Iteration 352: Energy = 7.1476876368538393 dE =  2.06109E-02
SCF Iteration 353: Energy = 7.1270767757863149 dE = -2.06109E-02
SCF Iteration 354: Energy = 7.1476876368538145 dE =  2.06109E-02
SCF Iteration 355: Energy = 7.1270767757862812 dE = -2.06109E-02
SCF Iteration 356: Energy = 7.1476876368537940 dE =  2.06109E-02
SCF Iteration 357: Energy = 7.1270767757862759 dE = -2.06109E-02
SCF Iteration 358: Energy = 7.1476876368537647 dE =  2.06109E-02
SCF Iteration 359: Energy = 7.1270767757862412 dE = -2.06109E-02
SCF Iteration 360: Energy = 7.1476876368537416 dE =  2.06109E-02
SCF Iteration 361: Energy = 7.1270767757862314 dE = -2.06109E-02
SCF Iteration 362: Energy = 7.1476876368537274 dE =  2.06109E-02
SCF Iteration 363: Energy = 7.1270767757862084 dE = -2.06109E-02
SCF Iteration 364: Energy = 7.1476876368537257 dE =  2.06109E-02
SCF Iteration 365: Energy = 7.1270767757861995 dE = -2.06109E-02
SCF Iteration 366: Energy = 7.1476876368537168 dE =  2.06109E-02
SCF Iteration 367: Energy = 7.1270767757861879 dE = -2.06109E-02
SCF Iteration 368: Energy = 7.1476876368537097 dE =  2.06109E-02
SCF Iteration 369: Energy = 7.1270767757861941 dE = -2.06109E-02
SCF Iteration 370: Energy = 7.1476876368537150 dE =  2.06109E-02
SCF Iteration 371: Energy = 7.1270767757861870 dE = -2.06109E-02
SCF Iteration 372: Energy = 7.1476876368536955 dE =  2.06109E-02
SCF Iteration 373: Energy = 7.1270767757861684 dE = -2.06109E-02
SCF Iteration 374: Energy = 7.1476876368536892 dE =  2.06109E-02
SCF Iteration 375: Energy = 7.1270767757861622 dE = -2.06109E-02
SCF Iteration 376: Energy = 7.1476876368536884 dE =  2.06109E-02
SCF Iteration 377: Energy = 7.1270767757861675 dE = -2.06109E-02
SCF Iteration 378: Energy = 7.1476876368536750 dE =  2.06109E-02
SCF Iteration 379: Energy = 7.1270767757861622 dE = -2.06109E-02
SCF Iteration 380: Energy = 7.1476876368536821 dE =  2.06109E-02
SCF Iteration 381: Energy = 7.1270767757861728 dE = -2.06109E-02
SCF Iteration 382: Energy = 7.1476876368536812 dE =  2.06109E-02
SCF Iteration 383: Energy = 7.1270767757861586 dE = -2.06109E-02
SCF Iteration 384: Energy = 7.1476876368536795 dE =  2.06109E-02
SCF Iteration 385: Energy = 7.1270767757861675 dE = -2.06109E-02
SCF Iteration 386: Energy = 7.1476876368536812 dE =  2.06109E-02
SCF Iteration 387: Energy = 7.1270767757861604 dE = -2.06109E-02
SCF Iteration 388: Energy = 7.1476876368536795 dE =  2.06109E-02
SCF Iteration 389: Energy = 7.1270767757861568 dE = -2.06109E-02
SCF Iteration 390: Energy = 7.1476876368536848 dE =  2.06109E-02
SCF Iteration 391: Energy = 7.1270767757861515 dE = -2.06109E-02
SCF Iteration 392: Energy = 7.1476876368536706 dE =  2.06109E-02
SCF Iteration 393: Energy = 7.1270767757861480 dE = -2.06109E-02
SCF Iteration 394: Energy = 7.1476876368536848 dE =  2.06109E-02
SCF Iteration 395: Energy = 7.1270767757861533 dE = -2.06109E-02
SCF Iteration 396: Energy = 7.1476876368536741 dE =  2.06109E-02
SCF Iteration 397: Energy = 7.1270767757861462 dE = -2.06109E-02
SCF Iteration 398: Energy = 7.1476876368536777 dE =  2.06109E-02
SCF Iteration 399: Energy = 7.1270767757861480 dE = -2.06109E-02
SCF Iteration 400: Energy = 7.1476876368536724 dE =  2.06109E-02
SCF Iteration 401: Energy = 7.1270767757861533 dE = -2.06109E-02
SCF Iteration 402: Energy = 7.1476876368536706 dE =  2.06109E-02
SCF Iteration 403: Energy = 7.1270767757861435 dE = -2.06109E-02
SCF Iteration 404: Energy = 7.1476876368536626 dE =  2.06109E-02
SCF Iteration 405: Energy = 7.1270767757861462 dE = -2.06109E-02
SCF Iteration 406: Energy = 7.1476876368536608 dE =  2.06109E-02
SCF Iteration 407: Energy = 7.1270767757861355 dE = -2.06109E-02
SCF Iteration 408: Energy = 7.1476876368536635 dE =  2.06109E-02
SCF Iteration 409: Energy = 7.1270767757861391 dE = -2.06109E-02
SCF Iteration 410: Energy = 7.1476876368536528 dE =  2.06109E-02
SCF Iteration 411: Energy = 7.1270767757861169 dE = -2.06109E-02
SCF Iteration 412: Energy = 7.1476876368536431 dE =  2.06109E-02
SCF Iteration 413: Energy = 7.1270767757861320 dE = -2.06109E-02
SCF Iteration 414: Energy = 7.1476876368536528 dE =  2.06109E-02
SCF Iteration 415: Energy = 7.1270767757861204 dE = -2.06109E-02
SCF Iteration 416: Energy = 7.1476876368536617 dE =  2.06109E-02
SCF Iteration 417: Energy = 7.1270767757861249 dE = -2.06109E-02
SCF Iteration 418: Energy = 7.1476876368536306 dE =  2.06109E-02
SCF Iteration 419: Energy = 7.1270767757861337 dE = -2.06109E-02
SCF Iteration 420: Energy = 7.1476876368536670 dE =  2.06109E-02
SCF Iteration 421: Energy = 7.1270767757861488 dE = -2.06109E-02
SCF Iteration 422: Energy = 7.1476876368536759 dE =  2.06109E-02
SCF Iteration 423: Energy = 7.1270767757861284 dE = -2.06109E-02
SCF Iteration 424: Energy = 7.1476876368536688 dE =  2.06109E-02
SCF Iteration 425: Energy = 7.1270767757861462 dE = -2.06109E-02
SCF Iteration 426: Energy = 7.1476876368536679 dE =  2.06109E-02
SCF Iteration 427: Energy = 7.1270767757861515 dE = -2.06109E-02
SCF Iteration 428: Energy = 7.1476876368536617 dE =  2.06109E-02
SCF Iteration 429: Energy = 7.1270767757861266 dE = -2.06109E-02
SCF Iteration 430: Energy = 7.1476876368536670 dE =  2.06109E-02
SCF Iteration 431: Energy = 7.1270767757861426 dE = -2.06109E-02
SCF Iteration 432: Energy = 7.1476876368536546 dE =  2.06109E-02
SCF Iteration 433: Energy = 7.1270767757861391 dE = -2.06109E-02
SCF Iteration 434: Energy = 7.1476876368536590 dE =  2.06109E-02
SCF Iteration 435: Energy = 7.1270767757861284 dE = -2.06109E-02
SCF Iteration 436: Energy = 7.1476876368536502 dE =  2.06109E-02
SCF Iteration 437: Energy = 7.1270767757861408 dE = -2.06109E-02
SCF Iteration 438: Energy = 7.1476876368536670 dE =  2.06109E-02
SCF Iteration 439: Energy = 7.1270767757861408 dE = -2.06109E-02
SCF Iteration 440: Energy = 7.1476876368536617 dE =  2.06109E-02
SCF Iteration 441: Energy = 7.1270767757861373 dE = -2.06109E-02
SCF Iteration 442: Energy = 7.1476876368536715 dE =  2.06109E-02
SCF Iteration 443: Energy = 7.1270767757861302 dE = -2.06109E-02
SCF Iteration 444: Energy = 7.1476876368536564 dE =  2.06109E-02
SCF Iteration 445: Energy = 7.1270767757861373 dE = -2.06109E-02
SCF Iteration 446: Energy = 7.1476876368536475 dE =  2.06109E-02
SCF Iteration 447: Energy = 7.1270767757861373 dE = -2.06109E-02
SCF Iteration 448: Energy = 7.1476876368536493 dE =  2.06109E-02
SCF Iteration 449: Energy = 7.1270767757861302 dE = -2.06109E-02
SCF Iteration 450: Energy = 7.1476876368536484 dE =  2.06109E-02
SCF Iteration 451: Energy = 7.1270767757861337 dE = -2.06109E-02
SCF Iteration 452: Energy = 7.1476876368536493 dE =  2.06109E-02
SCF Iteration 453: Energy = 7.1270767757861302 dE = -2.06109E-02
SCF Iteration 454: Energy = 7.1476876368536582 dE =  2.06109E-02
SCF Iteration 455: Energy = 7.1270767757861373 dE = -2.06109E-02
SCF Iteration 456: Energy = 7.1476876368536670 dE =  2.06109E-02
SCF Iteration 457: Energy = 7.1270767757861320 dE = -2.06109E-02
SCF Iteration 458: Energy = 7.1476876368536617 dE =  2.06109E-02
SCF Iteration 459: Energy = 7.1270767757861329 dE = -2.06109E-02
SCF Iteration 460: Energy = 7.1476876368536528 dE =  2.06109E-02
SCF Iteration 461: Energy = 7.1270767757861373 dE = -2.06109E-02
SCF Iteration 462: Energy = 7.1476876368536582 dE =  2.06109E-02
SCF Iteration 463: Energy = 7.1270767757861426 dE = -2.06109E-02
SCF Iteration 464: Energy = 7.1476876368536679 dE =  2.06109E-02
SCF Iteration 465: Energy = 7.1270767757861444 dE = -2.06109E-02
SCF Iteration 466: Energy = 7.1476876368536812 dE =  2.06109E-02
SCF Iteration 467: Energy = 7.1270767757861488 dE = -2.06109E-02
SCF Iteration 468: Energy = 7.1476876368536715 dE =  2.06109E-02
SCF Iteration 469: Energy = 7.1270767757861488 dE = -2.06109E-02
SCF Iteration 470: Energy = 7.1476876368536812 dE =  2.06109E-02
SCF Iteration 471: Energy = 7.1270767757861524 dE = -2.06109E-02
SCF Iteration 472: Energy = 7.1476876368536679 dE =  2.06109E-02
SCF Iteration 473: Energy = 7.1270767757861364 dE = -2.06109E-02
SCF Iteration 474: Energy = 7.1476876368536777 dE =  2.06109E-02
SCF Iteration 475: Energy = 7.1270767757861471 dE = -2.06109E-02
SCF Iteration 476: Energy = 7.1476876368536688 dE =  2.06109E-02
SCF Iteration 477: Energy = 7.1270767757861444 dE = -2.06109E-02
SCF Iteration 478: Energy = 7.1476876368536564 dE =  2.06109E-02
SCF Iteration 479: Energy = 7.1270767757861346 dE = -2.06109E-02
SCF Iteration 480: Energy = 7.1476876368536688 dE =  2.06109E-02
SCF Iteration 481: Energy = 7.1270767757861497 dE = -2.06109E-02
SCF Iteration 482: Energy = 7.1476876368536608 dE =  2.06109E-02
SCF Iteration 483: Energy = 7.1270767757861497 dE = -2.06109E-02
SCF Iteration 484: Energy = 7.1476876368536653 dE =  2.06109E-02
SCF Iteration 485: Energy = 7.1270767757861311 dE = -2.06109E-02
SCF Iteration 486: Energy = 7.1476876368536484 dE =  2.06109E-02
SCF Iteration 487: Energy = 7.1270767757861302 dE = -2.06109E-02
SCF Iteration 488: Energy = 7.1476876368536582 dE =  2.06109E-02
SCF Iteration 489: Energy = 7.1270767757861382 dE = -2.06109E-02
SCF Iteration 490: Energy = 7.1476876368536724 dE =  2.06109E-02
SCF Iteration 491: Energy = 7.1270767757861453 dE = -2.06109E-02
SCF Iteration 492: Energy = 7.1476876368536759 dE =  2.06109E-02
SCF Iteration 493: Energy = 7.1270767757861337 dE = -2.06109E-02
SCF Iteration 494: Energy = 7.1476876368536750 dE =  2.06109E-02
SCF Iteration 495: Energy = 7.1270767757861417 dE = -2.06109E-02
SCF Iteration 496: Energy = 7.1476876368536741 dE =  2.06109E-02
SCF Iteration 497: Energy = 7.1270767757861408 dE = -2.06109E-02
SCF Iteration 498: Energy = 7.1476876368536670 dE =  2.06109E-02
SCF Iteration 499: Energy = 7.1270767757861337 dE = -2.06109E-02
SCF Iteration 500: Energy = 7.1476876368536670 dE =  2.06109E-02
