
  Memory set to  55.879 GiB by Python driver.
  Threads set to 1 by Python driver.
Settings:
	LOT = CCSD-S1-U21
	wc = 20.0 eV
	lambda = [1.091182 0.       0.      ] a.u.
	Equivalent A0 = LAMBDA / sqrt(2 wc) = [0.9 0.  0. ])
doing QED-CCSD-1 (or QED-CCSD-21)
Number of occupied orbitals:   1
Number of basis functions:  60
SCF Iteration   1: Energy = 9.5688905712404377 dE =  9.56889E+00
SCF Iteration   2: Energy = 10.0956905288169470 dE =  5.26800E-01
SCF Iteration   3: Energy = 9.7857598839756896 dE = -3.09931E-01
SCF Iteration   4: Energy = 10.0342417413436138 dE =  2.48482E-01
SCF Iteration   5: Energy = 9.9366334882334932 dE = -9.76083E-02
SCF Iteration   6: Energy = 10.0427138064421495 dE =  1.06080E-01
SCF Iteration   7: Energy = 10.0104215302533515 dE = -3.22923E-02
SCF Iteration   8: Energy = 10.0541694668483679 dE =  4.37479E-02
SCF Iteration   9: Energy = 10.0422767874582028 dE = -1.18927E-02
SCF Iteration  10: Energy = 10.0589383551669691 dE =  1.66616E-02
SCF Iteration  11: Energy = 10.0531703893624886 dE = -5.76797E-03
SCF Iteration  12: Energy = 10.0575964399126185 dE =  4.42605E-03
SCF Iteration  13: Energy = 10.0533044688277275 dE = -4.29197E-03
SCF Iteration  14: Energy = 10.0519858822954884 dE = -1.31859E-03
SCF Iteration  15: Energy = 10.0477230211611470 dE = -4.26286E-03
SCF Iteration  16: Energy = 10.0436737879819962 dE = -4.04923E-03
SCF Iteration  17: Energy = 10.0390906605204560 dE = -4.58313E-03
SCF Iteration  18: Energy = 10.0338024518073610 dE = -5.28821E-03
SCF Iteration  19: Energy = 10.0289164016203678 dE = -4.88605E-03
SCF Iteration  20: Energy = 10.0231709326674121 dE = -5.74547E-03
SCF Iteration  21: Energy = 10.0181030626775502 dE = -5.06787E-03
SCF Iteration  22: Energy = 10.0123281342336394 dE = -5.77493E-03
SCF Iteration  23: Energy = 10.0072091323879224 dE = -5.11900E-03
SCF Iteration  24: Energy = 10.0016441490777712 dE = -5.56498E-03
SCF Iteration  25: Energy = 9.9965834933263800 dE = -5.06066E-03
SCF Iteration  26: Energy = 9.9913613713177369 dE = -5.22212E-03
SCF Iteration  27: Energy = 9.9864405852384817 dE = -4.92079E-03
SCF Iteration  28: Energy = 9.9816309787161188 dE = -4.80961E-03
SCF Iteration  29: Energy = 9.9769056229948987 dE = -4.72536E-03
SCF Iteration  30: Energy = 9.9725392252069245 dE = -4.36640E-03
SCF Iteration  31: Energy = 9.9680435393246345 dE = -4.49569E-03
SCF Iteration  32: Energy = 9.9641265589036792 dE = -3.91698E-03
SCF Iteration  33: Energy = 9.9598783730956999 dE = -4.24819E-03
SCF Iteration  34: Energy = 9.9564015888477115 dE = -3.47678E-03
SCF Iteration  35: Energy = 9.9524066533572046 dE = -3.99494E-03
SCF Iteration  36: Energy = 9.9493512931505848 dE = -3.05536E-03
SCF Iteration  37: Energy = 9.9456068011820733 dE = -3.74449E-03
SCF Iteration  38: Energy = 9.9429484564637463 dE = -2.65834E-03
SCF Iteration  39: Energy = 9.9394457860460079 dE = -3.50267E-03
SCF Iteration  40: Energy = 9.9371570545959926 dE = -2.28873E-03
SCF Iteration  41: Energy = 9.9338838403777050 dE = -3.27321E-03
SCF Iteration  42: Energy = 9.9319361161403776 dE = -1.94772E-03
SCF Iteration  43: Energy = 9.9288777793475944 dE = -3.05834E-03
SCF Iteration  44: Energy = 9.9272424557424088 dE = -1.63532E-03
SCF Iteration  45: Energy = 9.9243833107152959 dE = -2.85915E-03
SCF Iteration  46: Energy = 9.9230325741426064 dE = -1.35074E-03
SCF Iteration  47: Energy = 9.9203566113068362 dE = -2.67596E-03
SCF Iteration  48: Energy = 9.9192639459312844 dE = -1.09267E-03
SCF Iteration  49: Energy = 9.9167553715221715 dE = -2.50857E-03
SCF Iteration  50: Energy = 9.9158958602584146 dE = -8.59511E-04
SCF Iteration  51: Energy = 9.9135394556130940 dE = -2.35640E-03
SCF Iteration  52: Energy = 9.9128899378203297 dE = -6.49518E-04
SCF Iteration  53: Energy = 9.9106712864771094 dE = -2.21865E-03
SCF Iteration  54: Energy = 9.9102104158864321 dE = -4.60871E-04
SCF Iteration  55: Energy = 9.9081160350646016 dE = -2.09438E-03
SCF Iteration  56: Energy = 9.9078242693989171 dE = -2.91766E-04
SCF Iteration  57: Energy = 9.9058416733178127 dE = -1.98260E-03
SCF Iteration  58: Energy = 9.9057012183659339 dE = -1.40455E-04
SCF Iteration  59: Energy = 9.9038189338487577 dE = -1.88228E-03
SCF Iteration  60: Energy = 9.9038136584243848 dE = -5.27542E-06
SCF Iteration  61: Energy = 9.9020212078975636 dE = -1.79245E-03
SCF Iteration  62: Energy = 9.9021365414781108 dE =  1.15334E-04
SCF Iteration  63: Energy = 9.9004244044456033 dE = -1.71214E-03
SCF Iteration  64: Energy = 9.9006472258816576 dE =  2.22821E-04
SCF Iteration  65: Energy = 9.8990067869284779 dE = -1.64044E-03
SCF Iteration  66: Energy = 9.8993253101139658 dE =  3.18523E-04
SCF Iteration  67: Energy = 9.8977487992336357 dE = -1.57651E-03
SCF Iteration  68: Energy = 9.8981524597903601 dE =  4.03661E-04
SCF Iteration  69: Energy = 9.8966328891498705 dE = -1.51957E-03
SCF Iteration  70: Energy = 9.8971122348379126 dE =  4.79346E-04
SCF Iteration  71: Energy = 9.8956433348509734 dE = -1.46890E-03
SCF Iteration  72: Energy = 9.8961899214388200 dE =  5.46587E-04
SCF Iteration  73: Energy = 9.8947660781022861 dE = -1.42384E-03
SCF Iteration  74: Energy = 9.8953723717244060 dE =  6.06294E-04
SCF Iteration  75: Energy = 9.8939885665033636 dE = -1.38381E-03
SCF Iteration  76: Energy = 9.8946478530288928 dE =  6.59287E-04
SCF Iteration  77: Energy = 9.8932996060891956 dE = -1.34825E-03
SCF Iteration  78: Energy = 9.8940059076695714 dE =  7.06302E-04
SCF Iteration  79: Energy = 9.8926892249078264 dE = -1.31668E-03
SCF Iteration  80: Energy = 9.8934372236260764 dE =  7.47999E-04
SCF Iteration  81: Energy = 9.8921485476979925 dE = -1.28868E-03
SCF Iteration  82: Energy = 9.8929335160782035 dE =  7.84968E-04
SCF Iteration  83: Energy = 9.8916696814540419 dE = -1.26383E-03
SCF Iteration  84: Energy = 9.8924874194842030 dE =  8.17738E-04
SCF Iteration  85: Energy = 9.8912456114423986 dE = -1.24181E-03
SCF Iteration  86: Energy = 9.8920923897021460 dE =  8.46778E-04
SCF Iteration  87: Energy = 9.8908701070942708 dE = -1.22228E-03
SCF Iteration  88: Energy = 9.8917426155471180 dE =  8.72508E-04
SCF Iteration  89: Energy = 9.8905376371203850 dE = -1.20498E-03
SCF Iteration  90: Energy = 9.8914329391209765 dE =  8.95302E-04
SCF Iteration  91: Energy = 9.8902432931579156 dE = -1.18965E-03
SCF Iteration  92: Energy = 9.8911587842293844 dE =  9.15491E-04
SCF Iteration  93: Energy = 9.8899827212518545 dE = -1.17606E-03
SCF Iteration  94: Energy = 9.8909160922047796 dE =  9.33371E-04
SCF Iteration  95: Energy = 9.8897520604896432 dE = -1.16403E-03
SCF Iteration  96: Energy = 9.8907012644750871 dE =  9.49204E-04
SCF Iteration  97: Energy = 9.8895478881342616 dE = -1.15338E-03
SCF Iteration  98: Energy = 9.8905111112493316 dE =  9.63223E-04
SCF Iteration  99: Energy = 9.8893671706376729 dE = -1.14394E-03
SCF Iteration 100: Energy = 9.8903428057299543 dE =  9.75635E-04
SCF Iteration 101: Energy = 9.8892072199581413 dE = -1.13559E-03
SCF Iteration 102: Energy = 9.8901938433030345 dE =  9.86623E-04
SCF Iteration 103: Energy = 9.8890656546480429 dE = -1.12819E-03
SCF Iteration 104: Energy = 9.8900620052008179 dE =  9.96351E-04
SCF Iteration 105: Energy = 9.8889403652221812 dE = -1.12164E-03
SCF Iteration 106: Energy = 9.8899453261739119 dE =  1.00496E-03
SCF Iteration 107: Energy = 9.8888294833598280 dE = -1.11584E-03
SCF Iteration 108: Energy = 9.8898420657511554 dE =  1.01258E-03
SCF Iteration 109: Energy = 9.8887313545342579 dE = -1.11071E-03
SCF Iteration 110: Energy = 9.8897506827052091 dE =  1.01933E-03
SCF Iteration 111: Energy = 9.8886445137023760 dE = -1.10617E-03
SCF Iteration 112: Energy = 9.8896698123783775 dE =  1.02530E-03
SCF Iteration 113: Energy = 9.8885676637230944 dE = -1.10215E-03
SCF Iteration 114: Energy = 9.8895982465578385 dE =  1.03058E-03
SCF Iteration 115: Energy = 9.8884996562064522 dE = -1.09859E-03
SCF Iteration 116: Energy = 9.8895349156206276 dE =  1.03526E-03
SCF Iteration 117: Energy = 9.8884394745259350 dE = -1.09544E-03
SCF Iteration 118: Energy = 9.8894788726980529 dE =  1.03940E-03
SCF Iteration 119: Energy = 9.8883862187547145 dE = -1.09265E-03
SCF Iteration 120: Energy = 9.8894292796354026 dE =  1.04306E-03
SCF Iteration 121: Energy = 9.8883390923113712 dE = -1.09019E-03
SCF Iteration 122: Energy = 9.8893853945465562 dE =  1.04630E-03
SCF Iteration 123: Energy = 9.8882973901243822 dE = -1.08800E-03
SCF Iteration 124: Energy = 9.8893465607849844 dE =  1.04917E-03
SCF Iteration 125: Energy = 9.8882604881444376 dE = -1.08607E-03
SCF Iteration 126: Energy = 9.8893121971717886 dE =  1.05171E-03
SCF Iteration 127: Energy = 9.8882278340530512 dE = -1.08436E-03
SCF Iteration 128: Energy = 9.8892817893390603 dE =  1.05396E-03
SCF Iteration 129: Energy = 9.8881989390324936 dE = -1.08285E-03
SCF Iteration 130: Energy = 9.8892548820622892 dE =  1.05594E-03
SCF Iteration 131: Energy = 9.8881733704762489 dE = -1.08151E-03
SCF Iteration 132: Energy = 9.8892310724699577 dE =  1.05770E-03
SCF Iteration 133: Energy = 9.8881507455340039 dE = -1.08033E-03
SCF Iteration 134: Energy = 9.8892100040302857 dE =  1.05926E-03
SCF Iteration 135: Energy = 9.8881307253956088 dE = -1.07928E-03
SCF Iteration 136: Energy = 9.8891913612269597 dE =  1.06064E-03
SCF Iteration 137: Energy = 9.8881130102303203 dE = -1.07835E-03
SCF Iteration 138: Energy = 9.8891748648453870 dE =  1.06185E-03
SCF Iteration 139: Energy = 9.8880973347063943 dE = -1.07753E-03
SCF Iteration 140: Energy = 9.8891602677993831 dE =  1.06293E-03
SCF Iteration 141: Energy = 9.8880834640245734 dE = -1.07680E-03
SCF Iteration 142: Energy = 9.8891473514370816 dE =  1.06389E-03
SCF Iteration 143: Energy = 9.8880711904071319 dE = -1.07616E-03
SCF Iteration 144: Energy = 9.8891359222707749 dE =  1.06473E-03
SCF Iteration 145: Energy = 9.8880603299899512 dE = -1.07559E-03
SCF Iteration 146: Energy = 9.8891258090824206 dE =  1.06548E-03
SCF Iteration 147: Energy = 9.8880507200716128 dE = -1.07509E-03
SCF Iteration 148: Energy = 9.8891168603618347 dE =  1.06614E-03
SCF Iteration 149: Energy = 9.8880422166788247 dE = -1.07464E-03
SCF Iteration 150: Energy = 9.8891089420391047 dE =  1.06673E-03
SCF Iteration 151: Energy = 9.8880346924114253 dE = -1.07425E-03
SCF Iteration 152: Energy = 9.8891019354778571 dE =  1.06724E-03
SCF Iteration 153: Energy = 9.8880280345352602 dE = -1.07390E-03
SCF Iteration 154: Energy = 9.8890957356991400 dE =  1.06770E-03
SCF Iteration 155: Energy = 9.8880221432944673 dE = -1.07359E-03
SCF Iteration 156: Energy = 9.8890902498096516 dE =  1.06811E-03
SCF Iteration 157: Energy = 9.8880169304176277 dE = -1.07332E-03
SCF Iteration 158: Energy = 9.8890853956106888 dE =  1.06847E-03
SCF Iteration 159: Energy = 9.8880123177960577 dE = -1.07308E-03
SCF Iteration 160: Energy = 9.8890811003672230 dE =  1.06878E-03
SCF Iteration 161: Energy = 9.8880082363138779 dE = -1.07286E-03
SCF Iteration 162: Energy = 9.8890772997184868 dE =  1.06906E-03
SCF Iteration 163: Energy = 9.8880046248129059 dE = -1.07267E-03
SCF Iteration 164: Energy = 9.8890739367139879 dE =  1.06931E-03
SCF Iteration 165: Energy = 9.8880014291765939 dE = -1.07251E-03
SCF Iteration 166: Energy = 9.8890709609604226 dE =  1.06953E-03
SCF Iteration 167: Energy = 9.8879986015192909 dE = -1.07236E-03
SCF Iteration 168: Energy = 9.8890683278668270 dE =  1.06973E-03
SCF Iteration 169: Energy = 9.8879960994689942 dE = -1.07223E-03
SCF Iteration 170: Energy = 9.8890659979764859 dE =  1.06990E-03
SCF Iteration 171: Energy = 9.8879938855325591 dE = -1.07211E-03
SCF Iteration 172: Energy = 9.8890639363758766 dE =  1.07005E-03
SCF Iteration 173: Energy = 9.8879919265339140 dE = -1.07201E-03
SCF Iteration 174: Energy = 9.8890621121716507 dE =  1.07019E-03
SCF Iteration 175: Energy = 9.8879901931170462 dE = -1.07192E-03
SCF Iteration 176: Energy = 9.8890604980276162 dE =  1.07030E-03
SCF Iteration 177: Energy = 9.8879886593062114 dE = -1.07184E-03
SCF Iteration 178: Energy = 9.8890590697552803 dE =  1.07041E-03
SCF Iteration 179: Energy = 9.8879873021166809 dE = -1.07177E-03
SCF Iteration 180: Energy = 9.8890578059513778 dE =  1.07050E-03
SCF Iteration 181: Energy = 9.8879861012103660 dE = -1.07170E-03
SCF Iteration 182: Energy = 9.8890566876772610 dE =  1.07059E-03
SCF Iteration 183: Energy = 9.8879850385910721 dE = -1.07165E-03
SCF Iteration 184: Energy = 9.8890556981749356 dE =  1.07066E-03
SCF Iteration 185: Energy = 9.8879840983349006 dE = -1.07160E-03
SCF Iteration 186: Energy = 9.8890548226161954 dE =  1.07072E-03
SCF Iteration 187: Energy = 9.8879832663515010 dE = -1.07156E-03
SCF Iteration 188: Energy = 9.8890540478802436 dE =  1.07078E-03
SCF Iteration 189: Energy = 9.8879825301731099 dE = -1.07152E-03
SCF Iteration 190: Energy = 9.8890533623571013 dE =  1.07083E-03
SCF Iteration 191: Energy = 9.8879818787675617 dE = -1.07148E-03
SCF Iteration 192: Energy = 9.8890527557737524 dE =  1.07088E-03
SCF Iteration 193: Energy = 9.8879813023731025 dE = -1.07145E-03
SCF Iteration 194: Energy = 9.8890522190401029 dE =  1.07092E-03
SCF Iteration 195: Energy = 9.8879807923520620 dE = -1.07143E-03
SCF Iteration 196: Energy = 9.8890517441128338 dE =  1.07095E-03
SCF Iteration 197: Energy = 9.8879803410613238 dE = -1.07140E-03
SCF Iteration 198: Energy = 9.8890513238747531 dE =  1.07098E-03
SCF Iteration 199: Energy = 9.8879799417380063 dE = -1.07138E-03
SCF Iteration 200: Energy = 9.8890509520282919 dE =  1.07101E-03
SCF Iteration 201: Energy = 9.8879795883978971 dE = -1.07136E-03
SCF Iteration 202: Energy = 9.8890506230009905 dE =  1.07103E-03
SCF Iteration 203: Energy = 9.8879792757459430 dE = -1.07135E-03
SCF Iteration 204: Energy = 9.8890503318621814 dE =  1.07106E-03
SCF Iteration 205: Energy = 9.8879789990967772 dE = -1.07133E-03
SCF Iteration 206: Energy = 9.8890500742488765 dE =  1.07108E-03
SCF Iteration 207: Energy = 9.8879787543045587 dE = -1.07132E-03
SCF Iteration 208: Energy = 9.8890498463004661 dE =  1.07109E-03
SCF Iteration 209: Energy = 9.8879785377008780 dE = -1.07131E-03
SCF Iteration 210: Energy = 9.8890496446010054 dE =  1.07111E-03
SCF Iteration 211: Energy = 9.8879783460397963 dE = -1.07130E-03
SCF Iteration 212: Energy = 9.8890494661278350 dE =  1.07112E-03
SCF Iteration 213: Energy = 9.8879781764490353 dE = -1.07129E-03
SCF Iteration 214: Energy = 9.8890493082064026 dE =  1.07113E-03
SCF Iteration 215: Energy = 9.8879780263871773 dE = -1.07128E-03
SCF Iteration 216: Energy = 9.8890491684701107 dE =  1.07114E-03
SCF Iteration 217: Energy = 9.8879778936054130 dE = -1.07127E-03
SCF Iteration 218: Energy = 9.8890490448248585 dE =  1.07115E-03
SCF Iteration 219: Energy = 9.8879777761138392 dE = -1.07127E-03
SCF Iteration 220: Energy = 9.8890489354177546 dE =  1.07116E-03
SCF Iteration 221: Energy = 9.8879776721517985 dE = -1.07126E-03
SCF Iteration 222: Energy = 9.8890488386091775 dE =  1.07117E-03
SCF Iteration 223: Energy = 9.8879775801613121 dE = -1.07126E-03
SCF Iteration 224: Energy = 9.8890487529484368 dE =  1.07117E-03
SCF Iteration 225: Energy = 9.8879774987637852 dE = -1.07125E-03
SCF Iteration 226: Energy = 9.8890486771517683 dE =  1.07118E-03
SCF Iteration 227: Energy = 9.8879774267394716 dE = -1.07125E-03
SCF Iteration 228: Energy = 9.8890486100833339 dE =  1.07118E-03
SCF Iteration 229: Energy = 9.8879773630089574 dE = -1.07125E-03
SCF Iteration 230: Energy = 9.8890485507380426 dE =  1.07119E-03
SCF Iteration 231: Energy = 9.8879773066172234 dE = -1.07124E-03
SCF Iteration 232: Energy = 9.8890484982265434 dE =  1.07119E-03
SCF Iteration 233: Energy = 9.8879772567191715 dE = -1.07124E-03
SCF Iteration 234: Energy = 9.8890484517619051 dE =  1.07120E-03
SCF Iteration 235: Energy = 9.8879772125670140 dE = -1.07124E-03
SCF Iteration 236: Energy = 9.8890484106478151 dE =  1.07120E-03
SCF Iteration 237: Energy = 9.8879771734991273 dE = -1.07124E-03
SCF Iteration 238: Energy = 9.8890483742681319 dE =  1.07120E-03
SCF Iteration 239: Energy = 9.8879771389300188 dE = -1.07124E-03
SCF Iteration 240: Energy = 9.8890483420777038 dE =  1.07120E-03
SCF Iteration 241: Energy = 9.8879771083416639 dE = -1.07123E-03
SCF Iteration 242: Energy = 9.8890483135941043 dE =  1.07121E-03
SCF Iteration 243: Energy = 9.8879770812756576 dE = -1.07123E-03
SCF Iteration 244: Energy = 9.8890482883904181 dE =  1.07121E-03
SCF Iteration 245: Energy = 9.8879770573263528 dE = -1.07123E-03
SCF Iteration 246: Energy = 9.8890482660890768 dE =  1.07121E-03
SCF Iteration 247: Energy = 9.8879770361349468 dE = -1.07123E-03
SCF Iteration 248: Energy = 9.8890482463558058 dE =  1.07121E-03
SCF Iteration 249: Energy = 9.8879770173837507 dE = -1.07123E-03
SCF Iteration 250: Energy = 9.8890482288948505 dE =  1.07121E-03
SCF Iteration 251: Energy = 9.8879770007918317 dE = -1.07123E-03
SCF Iteration 252: Energy = 9.8890482134445961 dE =  1.07121E-03
SCF Iteration 253: Energy = 9.8879769861105107 dE = -1.07123E-03
SCF Iteration 254: Energy = 9.8890481997734820 dE =  1.07121E-03
SCF Iteration 255: Energy = 9.8879769731197946 dE = -1.07123E-03
SCF Iteration 256: Energy = 9.8890481876766447 dE =  1.07121E-03
SCF Iteration 257: Energy = 9.8879769616249789 dE = -1.07123E-03
SCF Iteration 258: Energy = 9.8890481769727767 dE =  1.07122E-03
SCF Iteration 259: Energy = 9.8879769514538722 dE = -1.07123E-03
SCF Iteration 260: Energy = 9.8890481675015245 dE =  1.07122E-03
SCF Iteration 261: Energy = 9.8879769424539852 dE = -1.07123E-03
SCF Iteration 262: Energy = 9.8890481591209038 dE =  1.07122E-03
SCF Iteration 263: Energy = 9.8879769344904602 dE = -1.07122E-03
SCF Iteration 264: Energy = 9.8890481517053352 dE =  1.07122E-03
SCF Iteration 265: Energy = 9.8879769274439226 dE = -1.07122E-03
SCF Iteration 266: Energy = 9.8890481451437111 dE =  1.07122E-03
SCF Iteration 267: Energy = 9.8879769212088728 dE = -1.07122E-03
SCF Iteration 268: Energy = 9.8890481393376533 dE =  1.07122E-03
SCF Iteration 269: Energy = 9.8879769156917874 dE = -1.07122E-03
SCF Iteration 270: Energy = 9.8890481342001717 dE =  1.07122E-03
SCF Iteration 271: Energy = 9.8879769108099964 dE = -1.07122E-03
SCF Iteration 272: Energy = 9.8890481296543200 dE =  1.07122E-03
SCF Iteration 273: Energy = 9.8879769064903833 dE = -1.07122E-03
SCF Iteration 274: Energy = 9.8890481256319163 dE =  1.07122E-03
SCF Iteration 275: Energy = 9.8879769026681608 dE = -1.07122E-03
SCF Iteration 276: Energy = 9.8890481220727295 dE =  1.07122E-03
SCF Iteration 277: Energy = 9.8879768992861035 dE = -1.07122E-03
SCF Iteration 278: Energy = 9.8890481189233697 dE =  1.07122E-03
SCF Iteration 279: Energy = 9.8879768962934840 dE = -1.07122E-03
SCF Iteration 280: Energy = 9.8890481161366690 dE =  1.07122E-03
SCF Iteration 281: Energy = 9.8879768936454795 dE = -1.07122E-03
SCF Iteration 282: Energy = 9.8890481136708708 dE =  1.07122E-03
SCF Iteration 283: Energy = 9.8879768913024151 dE = -1.07122E-03
SCF Iteration 284: Energy = 9.8890481114890125 dE =  1.07122E-03
SCF Iteration 285: Energy = 9.8879768892291473 dE = -1.07122E-03
SCF Iteration 286: Energy = 9.8890481095584057 dE =  1.07122E-03
SCF Iteration 287: Energy = 9.8879768873946468 dE = -1.07122E-03
SCF Iteration 288: Energy = 9.8890481078501260 dE =  1.07122E-03
SCF Iteration 289: Energy = 9.8879768857713639 dE = -1.07122E-03
SCF Iteration 290: Energy = 9.8890481063385529 dE =  1.07122E-03
SCF Iteration 291: Energy = 9.8879768843350053 dE = -1.07122E-03
SCF Iteration 292: Energy = 9.8890481050010237 dE =  1.07122E-03
SCF Iteration 293: Energy = 9.8879768830640593 dE = -1.07122E-03
SCF Iteration 294: Energy = 9.8890481038175295 dE =  1.07122E-03
SCF Iteration 295: Energy = 9.8879768819394656 dE = -1.07122E-03
SCF Iteration 296: Energy = 9.8890481027703192 dE =  1.07122E-03
SCF Iteration 297: Energy = 9.8879768809443682 dE = -1.07122E-03
SCF Iteration 298: Energy = 9.8890481018436986 dE =  1.07122E-03
SCF Iteration 299: Energy = 9.8879768800638530 dE = -1.07122E-03
SCF Iteration 300: Energy = 9.8890481010237643 dE =  1.07122E-03
SCF Iteration 301: Energy = 9.8879768792847358 dE = -1.07122E-03
SCF Iteration 302: Energy = 9.8890481002982789 dE =  1.07122E-03
SCF Iteration 303: Energy = 9.8879768785953424 dE = -1.07122E-03
SCF Iteration 304: Energy = 9.8890480996563142 dE =  1.07122E-03
SCF Iteration 305: Energy = 9.8879768779853237 dE = -1.07122E-03
SCF Iteration 306: Energy = 9.8890480990882637 dE =  1.07122E-03
SCF Iteration 307: Energy = 9.8879768774455794 dE = -1.07122E-03
SCF Iteration 308: Energy = 9.8890480985856613 dE =  1.07122E-03
SCF Iteration 309: Energy = 9.8879768769679544 dE = -1.07122E-03
SCF Iteration 310: Energy = 9.8890480981409077 dE =  1.07122E-03
SCF Iteration 311: Energy = 9.8879768765453431 dE = -1.07122E-03
SCF Iteration 312: Energy = 9.8890480977473700 dE =  1.07122E-03
SCF Iteration 313: Energy = 9.8879768761713969 dE = -1.07122E-03
SCF Iteration 314: Energy = 9.8890480973991561 dE =  1.07122E-03
SCF Iteration 315: Energy = 9.8879768758405113 dE = -1.07122E-03
SCF Iteration 316: Energy = 9.8890480970910346 dE =  1.07122E-03
SCF Iteration 317: Energy = 9.8879768755477393 dE = -1.07122E-03
SCF Iteration 318: Energy = 9.8890480968184171 dE =  1.07122E-03
SCF Iteration 319: Energy = 9.8879768752886825 dE = -1.07122E-03
SCF Iteration 320: Energy = 9.8890480965771630 dE =  1.07122E-03
SCF Iteration 321: Energy = 9.8879768750594295 dE = -1.07122E-03
SCF Iteration 322: Energy = 9.8890480963637017 dE =  1.07122E-03
SCF Iteration 323: Energy = 9.8879768748566104 dE = -1.07122E-03
SCF Iteration 324: Energy = 9.8890480961748182 dE =  1.07122E-03
SCF Iteration 325: Energy = 9.8879768746771433 dE = -1.07122E-03
SCF Iteration 326: Energy = 9.8890480960076808 dE =  1.07122E-03
SCF Iteration 327: Energy = 9.8879768745183050 dE = -1.07122E-03
SCF Iteration 328: Energy = 9.8890480958597973 dE =  1.07122E-03
SCF Iteration 329: Energy = 9.8879768743777774 dE = -1.07122E-03
SCF Iteration 330: Energy = 9.8890480957289562 dE =  1.07122E-03
SCF Iteration 331: Energy = 9.8879768742534253 dE = -1.07122E-03
SCF Iteration 332: Energy = 9.8890480956131555 dE =  1.07122E-03
SCF Iteration 333: Energy = 9.8879768741434102 dE = -1.07122E-03
SCF Iteration 334: Energy = 9.8890480955106916 dE =  1.07122E-03
SCF Iteration 335: Energy = 9.8879768740460641 dE = -1.07122E-03
SCF Iteration 336: Energy = 9.8890480954200513 dE =  1.07122E-03
SCF Iteration 337: Energy = 9.8879768739599356 dE = -1.07122E-03
SCF Iteration 338: Energy = 9.8890480953398399 dE =  1.07122E-03
SCF Iteration 339: Energy = 9.8879768738836908 dE = -1.07122E-03
SCF Iteration 340: Energy = 9.8890480952688655 dE =  1.07122E-03
SCF Iteration 341: Energy = 9.8879768738162390 dE = -1.07122E-03
SCF Iteration 342: Energy = 9.8890480952060429 dE =  1.07122E-03
SCF Iteration 343: Energy = 9.8879768737565872 dE = -1.07122E-03
SCF Iteration 344: Energy = 9.8890480951504589 dE =  1.07122E-03
SCF Iteration 345: Energy = 9.8879768737037601 dE = -1.07122E-03
SCF Iteration 346: Energy = 9.8890480951012911 dE =  1.07122E-03
SCF Iteration 347: Energy = 9.8879768736570366 dE = -1.07122E-03
SCF Iteration 348: Energy = 9.8890480950577881 dE =  1.07122E-03
SCF Iteration 349: Energy = 9.8879768736156706 dE = -1.07122E-03
SCF Iteration 350: Energy = 9.8890480950192750 dE =  1.07122E-03
SCF Iteration 351: Energy = 9.8879768735790936 dE = -1.07122E-03
SCF Iteration 352: Energy = 9.8890480949852080 dE =  1.07122E-03
SCF Iteration 353: Energy = 9.8879768735467248 dE = -1.07122E-03
SCF Iteration 354: Energy = 9.8890480949550579 dE =  1.07122E-03
SCF Iteration 355: Energy = 9.8879768735180527 dE = -1.07122E-03
SCF Iteration 356: Energy = 9.8890480949283806 dE =  1.07122E-03
SCF Iteration 357: Energy = 9.8879768734927289 dE = -1.07122E-03
SCF Iteration 358: Energy = 9.8890480949048047 dE =  1.07122E-03
SCF Iteration 359: Energy = 9.8879768734703113 dE = -1.07122E-03
SCF Iteration 360: Energy = 9.8890480948839024 dE =  1.07122E-03
SCF Iteration 361: Energy = 9.8879768734504587 dE = -1.07122E-03
SCF Iteration 362: Energy = 9.8890480948654584 dE =  1.07122E-03
SCF Iteration 363: Energy = 9.8879768734329065 dE = -1.07122E-03
SCF Iteration 364: Energy = 9.8890480948490769 dE =  1.07122E-03
SCF Iteration 365: Energy = 9.8879768734173830 dE = -1.07122E-03
SCF Iteration 366: Energy = 9.8890480948346227 dE =  1.07122E-03
SCF Iteration 367: Energy = 9.8879768734036269 dE = -1.07122E-03
SCF Iteration 368: Energy = 9.8890480948218347 dE =  1.07122E-03
SCF Iteration 369: Energy = 9.8879768733914624 dE = -1.07122E-03
SCF Iteration 370: Energy = 9.8890480948105086 dE =  1.07122E-03
SCF Iteration 371: Energy = 9.8879768733807083 dE = -1.07122E-03
SCF Iteration 372: Energy = 9.8890480948004580 dE =  1.07122E-03
SCF Iteration 373: Energy = 9.8879768733711693 dE = -1.07122E-03
SCF Iteration 374: Energy = 9.8890480947916064 dE =  1.07122E-03
SCF Iteration 375: Energy = 9.8879768733627351 dE = -1.07122E-03
SCF Iteration 376: Energy = 9.8890480947837336 dE =  1.07122E-03
SCF Iteration 377: Energy = 9.8879768733552744 dE = -1.07122E-03
SCF Iteration 378: Energy = 9.8890480947767969 dE =  1.07122E-03
SCF Iteration 379: Energy = 9.8879768733486895 dE = -1.07122E-03
SCF Iteration 380: Energy = 9.8890480947706560 dE =  1.07122E-03
SCF Iteration 381: Energy = 9.8879768733428453 dE = -1.07122E-03
SCF Iteration 382: Energy = 9.8890480947652204 dE =  1.07122E-03
SCF Iteration 383: Energy = 9.8879768733376903 dE = -1.07122E-03
SCF Iteration 384: Energy = 9.8890480947604065 dE =  1.07122E-03
SCF Iteration 385: Energy = 9.8879768733331019 dE = -1.07122E-03
SCF Iteration 386: Energy = 9.8890480947561521 dE =  1.07122E-03
SCF Iteration 387: Energy = 9.8879768733290501 dE = -1.07122E-03
SCF Iteration 388: Energy = 9.8890480947523791 dE =  1.07122E-03
SCF Iteration 389: Energy = 9.8879768733254672 dE = -1.07122E-03
SCF Iteration 390: Energy = 9.8890480947490467 dE =  1.07122E-03
SCF Iteration 391: Energy = 9.8879768733223159 dE = -1.07122E-03
SCF Iteration 392: Energy = 9.8890480947460997 dE =  1.07122E-03
SCF Iteration 393: Energy = 9.8879768733195128 dE = -1.07122E-03
SCF Iteration 394: Energy = 9.8890480947434973 dE =  1.07122E-03
SCF Iteration 395: Energy = 9.8879768733170454 dE = -1.07122E-03
SCF Iteration 396: Energy = 9.8890480947411916 dE =  1.07122E-03
SCF Iteration 397: Energy = 9.8879768733148481 dE = -1.07122E-03
SCF Iteration 398: Energy = 9.8890480947391453 dE =  1.07122E-03
SCF Iteration 399: Energy = 9.8879768733128905 dE = -1.07122E-03
SCF Iteration 400: Energy = 9.8890480947373440 dE =  1.07122E-03
SCF Iteration 401: Energy = 9.8879768733111852 dE = -1.07122E-03
SCF Iteration 402: Energy = 9.8890480947357524 dE =  1.07122E-03
SCF Iteration 403: Energy = 9.8879768733096611 dE = -1.07122E-03
SCF Iteration 404: Energy = 9.8890480947343367 dE =  1.07122E-03
SCF Iteration 405: Energy = 9.8879768733083200 dE = -1.07122E-03
SCF Iteration 406: Energy = 9.8890480947330790 dE =  1.07122E-03
SCF Iteration 407: Energy = 9.8879768733071138 dE = -1.07122E-03
SCF Iteration 408: Energy = 9.8890480947319723 dE =  1.07122E-03
SCF Iteration 409: Energy = 9.8879768733060800 dE = -1.07122E-03
SCF Iteration 410: Energy = 9.8890480947309687 dE =  1.07122E-03
SCF Iteration 411: Energy = 9.8879768733051421 dE = -1.07122E-03
SCF Iteration 412: Energy = 9.8890480947301143 dE =  1.07122E-03
SCF Iteration 413: Energy = 9.8879768733043267 dE = -1.07122E-03
SCF Iteration 414: Energy = 9.8890480947293380 dE =  1.07122E-03
SCF Iteration 415: Energy = 9.8879768733035842 dE = -1.07122E-03
SCF Iteration 416: Energy = 9.8890480947286541 dE =  1.07122E-03
SCF Iteration 417: Energy = 9.8879768733029607 dE = -1.07122E-03
SCF Iteration 418: Energy = 9.8890480947280732 dE =  1.07122E-03
SCF Iteration 419: Energy = 9.8879768733023585 dE = -1.07122E-03
SCF Iteration 420: Energy = 9.8890480947275226 dE =  1.07122E-03
SCF Iteration 421: Energy = 9.8879768733018540 dE = -1.07122E-03
SCF Iteration 422: Energy = 9.8890480947270518 dE =  1.07122E-03
SCF Iteration 423: Energy = 9.8879768733014259 dE = -1.07122E-03
SCF Iteration 424: Energy = 9.8890480947266575 dE =  1.07122E-03
SCF Iteration 425: Energy = 9.8879768733010263 dE = -1.07122E-03
SCF Iteration 426: Energy = 9.8890480947262809 dE =  1.07122E-03
SCF Iteration 427: Energy = 9.8879768733006674 dE = -1.07122E-03
SCF Iteration 428: Energy = 9.8890480947259434 dE =  1.07122E-03
SCF Iteration 429: Energy = 9.8879768733003619 dE = -1.07122E-03
SCF Iteration 430: Energy = 9.8890480947256645 dE =  1.07122E-03
SCF Iteration 431: Energy = 9.8879768733000759 dE = -1.07122E-03
SCF Iteration 432: Energy = 9.8890480947253891 dE =  1.07122E-03
SCF Iteration 433: Energy = 9.8879768732998450 dE = -1.07122E-03
SCF Iteration 434: Energy = 9.8890480947251831 dE =  1.07122E-03
SCF Iteration 435: Energy = 9.8879768732996354 dE = -1.07122E-03
SCF Iteration 436: Energy = 9.8890480947249806 dE =  1.07122E-03
SCF Iteration 437: Energy = 9.8879768732994506 dE = -1.07122E-03
SCF Iteration 438: Energy = 9.8890480947248030 dE =  1.07122E-03
SCF Iteration 439: Energy = 9.8879768732992659 dE = -1.07122E-03
SCF Iteration 440: Energy = 9.8890480947246502 dE =  1.07122E-03
SCF Iteration 441: Energy = 9.8879768732991202 dE = -1.07122E-03
SCF Iteration 442: Energy = 9.8890480947244974 dE =  1.07122E-03
SCF Iteration 443: Energy = 9.8879768732989888 dE = -1.07122E-03
SCF Iteration 444: Energy = 9.8890480947243766 dE =  1.07122E-03
SCF Iteration 445: Energy = 9.8879768732988733 dE = -1.07122E-03
SCF Iteration 446: Energy = 9.8890480947242860 dE =  1.07122E-03
SCF Iteration 447: Energy = 9.8879768732987543 dE = -1.07122E-03
SCF Iteration 448: Energy = 9.8890480947241812 dE =  1.07122E-03
SCF Iteration 449: Energy = 9.8879768732986530 dE = -1.07122E-03
SCF Iteration 450: Energy = 9.8890480947241031 dE =  1.07122E-03
SCF Iteration 451: Energy = 9.8879768732985944 dE = -1.07122E-03
SCF Iteration 452: Energy = 9.8890480947240071 dE =  1.07122E-03
SCF Iteration 453: Energy = 9.8879768732985234 dE = -1.07122E-03
SCF Iteration 454: Energy = 9.8890480947239414 dE =  1.07122E-03
SCF Iteration 455: Energy = 9.8879768732984736 dE = -1.07122E-03
SCF Iteration 456: Energy = 9.8890480947239041 dE =  1.07122E-03
SCF Iteration 457: Energy = 9.8879768732984061 dE = -1.07122E-03
SCF Iteration 458: Energy = 9.8890480947238473 dE =  1.07122E-03
SCF Iteration 459: Energy = 9.8879768732983582 dE = -1.07122E-03
SCF Iteration 460: Energy = 9.8890480947238082 dE =  1.07122E-03
SCF Iteration 461: Energy = 9.8879768732983244 dE = -1.07122E-03
SCF Iteration 462: Energy = 9.8890480947237549 dE =  1.07122E-03
SCF Iteration 463: Energy = 9.8879768732982498 dE = -1.07122E-03
SCF Iteration 464: Energy = 9.8890480947237158 dE =  1.07122E-03
SCF Iteration 465: Energy = 9.8879768732982321 dE = -1.07122E-03
SCF Iteration 466: Energy = 9.8890480947237052 dE =  1.07122E-03
SCF Iteration 467: Energy = 9.8879768732982161 dE = -1.07122E-03
SCF Iteration 468: Energy = 9.8890480947236483 dE =  1.07122E-03
SCF Iteration 469: Energy = 9.8879768732981823 dE = -1.07122E-03
SCF Iteration 470: Energy = 9.8890480947236234 dE =  1.07122E-03
SCF Iteration 471: Energy = 9.8879768732981574 dE = -1.07122E-03
SCF Iteration 472: Energy = 9.8890480947235950 dE =  1.07122E-03
SCF Iteration 473: Energy = 9.8879768732981503 dE = -1.07122E-03
SCF Iteration 474: Energy = 9.8890480947236021 dE =  1.07122E-03
SCF Iteration 475: Energy = 9.8879768732981219 dE = -1.07122E-03
SCF Iteration 476: Energy = 9.8890480947235702 dE =  1.07122E-03
SCF Iteration 477: Energy = 9.8879768732981024 dE = -1.07122E-03
SCF Iteration 478: Energy = 9.8890480947235559 dE =  1.07122E-03
SCF Iteration 479: Energy = 9.8879768732980828 dE = -1.07122E-03
SCF Iteration 480: Energy = 9.8890480947235364 dE =  1.07122E-03
SCF Iteration 481: Energy = 9.8879768732980633 dE = -1.07122E-03
SCF Iteration 482: Energy = 9.8890480947235346 dE =  1.07122E-03
SCF Iteration 483: Energy = 9.8879768732980455 dE = -1.07122E-03
SCF Iteration 484: Energy = 9.8890480947235222 dE =  1.07122E-03
SCF Iteration 485: Energy = 9.8879768732980491 dE = -1.07122E-03
SCF Iteration 486: Energy = 9.8890480947235062 dE =  1.07122E-03
SCF Iteration 487: Energy = 9.8879768732980544 dE = -1.07122E-03
SCF Iteration 488: Energy = 9.8890480947235062 dE =  1.07122E-03
SCF Iteration 489: Energy = 9.8879768732980153 dE = -1.07122E-03
SCF Iteration 490: Energy = 9.8890480947234991 dE =  1.07122E-03
SCF Iteration 491: Energy = 9.8879768732980544 dE = -1.07122E-03
SCF Iteration 492: Energy = 9.8890480947234796 dE =  1.07122E-03
SCF Iteration 493: Energy = 9.8879768732980295 dE = -1.07122E-03
SCF Iteration 494: Energy = 9.8890480947234938 dE =  1.07122E-03
SCF Iteration 495: Energy = 9.8879768732980278 dE = -1.07122E-03
SCF Iteration 496: Energy = 9.8890480947234849 dE =  1.07122E-03
SCF Iteration 497: Energy = 9.8879768732980047 dE = -1.07122E-03
SCF Iteration 498: Energy = 9.8890480947234778 dE =  1.07122E-03
SCF Iteration 499: Energy = 9.8879768732980313 dE = -1.07122E-03
SCF Iteration 500: Energy = 9.8890480947234813 dE =  1.07122E-03
