
  Memory set to  55.879 GiB by Python driver.
  Threads set to 1 by Python driver.
Settings:
	LOT = CCSD-S1-U21
	wc = 20.0 eV
	lambda = [1.091182 0.       0.      ] a.u.
	Equivalent A0 = LAMBDA / sqrt(2 wc) = [0.9 0.  0. ])
doing QED-CCSD-1 (or QED-CCSD-21)
Number of occupied orbitals:   1
Number of basis functions:  60
SCF Iteration   1: Energy = 5.1758643555623030 dE =  5.17586E+00
SCF Iteration   2: Energy = 5.7182609291259299 dE =  5.42397E-01
SCF Iteration   3: Energy = 5.3993335715356174 dE = -3.18927E-01
SCF Iteration   4: Energy = 5.6489125181729323 dE =  2.49579E-01
SCF Iteration   5: Energy = 5.5017051431768547 dE = -1.47207E-01
SCF Iteration   6: Energy = 5.6420056460288102 dE =  1.40301E-01
SCF Iteration   7: Energy = 5.5398346049903955 dE = -1.02171E-01
SCF Iteration   8: Energy = 5.6406970433247849 dE =  1.00862E-01
SCF Iteration   9: Energy = 5.5532308302265267 dE = -8.74662E-02
SCF Iteration  10: Energy = 5.6381477156862454 dE =  8.49169E-02
SCF Iteration  11: Energy = 5.5560668868999441 dE = -8.20808E-02
SCF Iteration  12: Energy = 5.6340413442699910 dE =  7.79745E-02
SCF Iteration  13: Energy = 5.5541077457341306 dE = -7.99336E-02
SCF Iteration  14: Energy = 5.6290113051434689 dE =  7.49036E-02
SCF Iteration  15: Energy = 5.5500148413040602 dE = -7.89965E-02
SCF Iteration  16: Energy = 5.6236617294137927 dE =  7.36469E-02
SCF Iteration  17: Energy = 5.5451254957698355 dE = -7.85362E-02
SCF Iteration  18: Energy = 5.6184122297141892 dE =  7.32867E-02
SCF Iteration  19: Energy = 5.5401375987763428 dE = -7.82746E-02
SCF Iteration  20: Energy = 5.6135133669556900 dE =  7.33758E-02
SCF Iteration  21: Energy = 5.5354108830104423 dE = -7.81025E-02
SCF Iteration  22: Energy = 5.6090920933573942 dE =  7.36812E-02
SCF Iteration  23: Energy = 5.5311164432458870 dE = -7.79757E-02
SCF Iteration  24: Energy = 5.6051936552671160 dE =  7.40772E-02
SCF Iteration  25: Energy = 5.5273181396846232 dE = -7.78755E-02
SCF Iteration  26: Energy = 5.6018132346712060 dE =  7.44951E-02
SCF Iteration  27: Energy = 5.5240196077609793 dE = -7.77936E-02
SCF Iteration  28: Energy = 5.5989178398470658 dE =  7.48982E-02
SCF Iteration  29: Energy = 5.5211922062575942 dE = -7.77256E-02
SCF Iteration  30: Energy = 5.5964606253594189 dE =  7.52684E-02
SCF Iteration  31: Energy = 5.5187917334372054 dE = -7.76689E-02
SCF Iteration  32: Energy = 5.5943898221102257 dE =  7.55981E-02
SCF Iteration  33: Energy = 5.5167683015596607 dE = -7.76215E-02
SCF Iteration  34: Energy = 5.5926540200953889 dE =  7.58857E-02
SCF Iteration  35: Energy = 5.5150719898794627 dE = -7.75820E-02
SCF Iteration  36: Energy = 5.5912050728164200 dE =  7.61331E-02
SCF Iteration  37: Energy = 5.5136558953274450 dE = -7.75492E-02
SCF Iteration  38: Energy = 5.5899995010072079 dE =  7.63436E-02
SCF Iteration  39: Energy = 5.5124775975716078 dE = -7.75219E-02
SCF Iteration  40: Energy = 5.5889989824341919 dE =  7.65214E-02
SCF Iteration  41: Energy = 5.5114996793474793 dE = -7.74993E-02
SCF Iteration  42: Energy = 5.5881703099495885 dE =  7.66706E-02
SCF Iteration  43: Energy = 5.5106897044869951 dE = -7.74806E-02
SCF Iteration  44: Energy = 5.5874850609599021 dE =  7.67954E-02
SCF Iteration  45: Energy = 5.5100199038227951 dE = -7.74652E-02
SCF Iteration  46: Energy = 5.5869191292304690 dE =  7.68992E-02
SCF Iteration  47: Energy = 5.5094667219591233 dE = -7.74524E-02
SCF Iteration  48: Energy = 5.5864522098789005 dE =  7.69855E-02
SCF Iteration  49: Energy = 5.5090103161446260 dE = -7.74419E-02
SCF Iteration  50: Energy = 5.5860672899490726 dE =  7.70570E-02
SCF Iteration  51: Energy = 5.5086340595588732 dE = -7.74332E-02
SCF Iteration  52: Energy = 5.5857501727653656 dE =  7.71161E-02
SCF Iteration  53: Energy = 5.5083240770880471 dE = -7.74261E-02
SCF Iteration  54: Energy = 5.5854890493708167 dE =  7.71650E-02
SCF Iteration  55: Energy = 5.5080688268393345 dE = -7.74202E-02
SCF Iteration  56: Energy = 5.5852741214381387 dE =  7.72053E-02
SCF Iteration  57: Energy = 5.5078587318080006 dE = -7.74154E-02
SCF Iteration  58: Energy = 5.5850972749298373 dE =  7.72385E-02
SCF Iteration  59: Energy = 5.5076858610545383 dE = -7.74114E-02
SCF Iteration  60: Energy = 5.5849518010466515 dE =  7.72659E-02
SCF Iteration  61: Energy = 5.5075436570462353 dE = -7.74081E-02
SCF Iteration  62: Energy = 5.5848321597274362 dE =  7.72885E-02
SCF Iteration  63: Energy = 5.5074267045535343 dE = -7.74055E-02
SCF Iteration  64: Energy = 5.5847337805548349 dE =  7.73071E-02
SCF Iteration  65: Energy = 5.5073305360854841 dE = -7.74032E-02
SCF Iteration  66: Energy = 5.5846528960115709 dE =  7.73224E-02
SCF Iteration  67: Energy = 5.5072514689308676 dE = -7.74014E-02
SCF Iteration  68: Energy = 5.5845864023859608 dE =  7.73349E-02
SCF Iteration  69: Energy = 5.5071864692151058 dE = -7.73999E-02
SCF Iteration  70: Energy = 5.5845317441021143 dE =  7.73453E-02
SCF Iteration  71: Energy = 5.5071330388472992 dE = -7.73987E-02
SCF Iteration  72: Energy = 5.5844868177643390 dE =  7.73538E-02
SCF Iteration  73: Energy = 5.5070891217325846 dE = -7.73977E-02
SCF Iteration  74: Energy = 5.5844498927088377 dE =  7.73608E-02
SCF Iteration  75: Energy = 5.5070530261174140 dE = -7.73969E-02
SCF Iteration  76: Energy = 5.5844195453234198 dE =  7.73665E-02
SCF Iteration  77: Energy = 5.5070233603903631 dE = -7.73962E-02
SCF Iteration  78: Energy = 5.5843946048148121 dE =  7.73712E-02
SCF Iteration  79: Energy = 5.5069989800717467 dE = -7.73956E-02
SCF Iteration  80: Energy = 5.5843741084717058 dE =  7.73751E-02
SCF Iteration  81: Energy = 5.5069789440843531 dE = -7.73952E-02
SCF Iteration  82: Energy = 5.5843572647893662 dE =  7.73783E-02
SCF Iteration  83: Energy = 5.5069624787082194 dE = -7.73948E-02
SCF Iteration  84: Energy = 5.5843434230929292 dE =  7.73809E-02
SCF Iteration  85: Energy = 5.5069489478874614 dE = -7.73945E-02
SCF Iteration  86: Energy = 5.5843320485263463 dE =  7.73831E-02
SCF Iteration  87: Energy = 5.5069378287820188 dE = -7.73942E-02
SCF Iteration  88: Energy = 5.5843227014676868 dE =  7.73849E-02
SCF Iteration  89: Energy = 5.5069286916457516 dE = -7.73940E-02
SCF Iteration  90: Energy = 5.5843150205923893 dE =  7.73863E-02
SCF Iteration  91: Energy = 5.5069211832705482 dE = -7.73938E-02
SCF Iteration  92: Energy = 5.5843087089418519 dE =  7.73875E-02
SCF Iteration  93: Energy = 5.5069150133681015 dE = -7.73937E-02
SCF Iteration  94: Energy = 5.5843035224661079 dE =  7.73885E-02
SCF Iteration  95: Energy = 5.5069099433701263 dE = -7.73936E-02
SCF Iteration  96: Energy = 5.5842992606031379 dE =  7.73893E-02
SCF Iteration  97: Energy = 5.5069057772193739 dE = -7.73935E-02
SCF Iteration  98: Energy = 5.5842957585334903 dE =  7.73900E-02
SCF Iteration  99: Energy = 5.5069023537981581 dE = -7.73934E-02
SCF Iteration 100: Energy = 5.5842928808130212 dE =  7.73905E-02
SCF Iteration 101: Energy = 5.5068995407043664 dE = -7.73933E-02
SCF Iteration 102: Energy = 5.5842905161392027 dE =  7.73910E-02
SCF Iteration 103: Energy = 5.5068972291352187 dE = -7.73933E-02
SCF Iteration 104: Energy = 5.5842885730491458 dE =  7.73913E-02
SCF Iteration 105: Energy = 5.5068953296819787 dE = -7.73932E-02
SCF Iteration 106: Energy = 5.5842869763839973 dE =  7.73916E-02
SCF Iteration 107: Energy = 5.5068937688737511 dE = -7.73932E-02
SCF Iteration 108: Energy = 5.5842856643830787 dE =  7.73919E-02
SCF Iteration 109: Energy = 5.5068924863368522 dE = -7.73932E-02
SCF Iteration 110: Energy = 5.5842845862957509 dE =  7.73921E-02
SCF Iteration 111: Energy = 5.5068914324604403 dE = -7.73932E-02
SCF Iteration 112: Energy = 5.5842837004189319 dE =  7.73923E-02
SCF Iteration 113: Energy = 5.5068905664779715 dE = -7.73931E-02
SCF Iteration 114: Energy = 5.5842829724842522 dE =  7.73924E-02
SCF Iteration 115: Energy = 5.5068898548906793 dE = -7.73931E-02
SCF Iteration 116: Energy = 5.5842823743327044 dE =  7.73925E-02
SCF Iteration 117: Energy = 5.5068892701719436 dE = -7.73931E-02
SCF Iteration 118: Energy = 5.5842818828255520 dE =  7.73926E-02
SCF Iteration 119: Energy = 5.5068887897026491 dE = -7.73931E-02
SCF Iteration 120: Energy = 5.5842814789493502 dE =  7.73927E-02
SCF Iteration 121: Energy = 5.5068883948963467 dE = -7.73931E-02
SCF Iteration 122: Energy = 5.5842811470804188 dE =  7.73928E-02
SCF Iteration 123: Energy = 5.5068880704802590 dE = -7.73931E-02
SCF Iteration 124: Energy = 5.5842808743806591 dE =  7.73928E-02
SCF Iteration 125: Energy = 5.5068878039045650 dE = -7.73931E-02
SCF Iteration 126: Energy = 5.5842806503007774 dE =  7.73928E-02
SCF Iteration 127: Energy = 5.5068875848568668 dE = -7.73931E-02
SCF Iteration 128: Energy = 5.5842804661723209 dE =  7.73929E-02
SCF Iteration 129: Energy = 5.5068874048634076 dE = -7.73931E-02
SCF Iteration 130: Energy = 5.5842803148723448 dE =  7.73929E-02
SCF Iteration 131: Energy = 5.5068872569611784 dE = -7.73931E-02
SCF Iteration 132: Energy = 5.5842801905478217 dE =  7.73929E-02
SCF Iteration 133: Energy = 5.5068871354286291 dE = -7.73931E-02
SCF Iteration 134: Energy = 5.5842800883892654 dE =  7.73930E-02
SCF Iteration 135: Energy = 5.5068870355642581 dE = -7.73931E-02
SCF Iteration 136: Energy = 5.5842800044447127 dE =  7.73930E-02
SCF Iteration 137: Energy = 5.5068869535048508 dE = -7.73931E-02
SCF Iteration 138: Energy = 5.5842799354667347 dE =  7.73930E-02
SCF Iteration 139: Energy = 5.5068868860759403 dE = -7.73930E-02
SCF Iteration 140: Energy = 5.5842798787869450 dE =  7.73930E-02
SCF Iteration 141: Energy = 5.5068868306689920 dE = -7.73930E-02
SCF Iteration 142: Energy = 5.5842798322126672 dE =  7.73930E-02
SCF Iteration 143: Energy = 5.5068867851406553 dE = -7.73930E-02
SCF Iteration 144: Energy = 5.5842797939421898 dE =  7.73930E-02
SCF Iteration 145: Energy = 5.5068867477296202 dE = -7.73930E-02
SCF Iteration 146: Energy = 5.5842797624950231 dE =  7.73930E-02
SCF Iteration 147: Energy = 5.5068867169886504 dE = -7.73930E-02
SCF Iteration 148: Energy = 5.5842797366546151 dE =  7.73930E-02
SCF Iteration 149: Energy = 5.5068866917285479 dE = -7.73930E-02
SCF Iteration 150: Energy = 5.5842797154213253 dE =  7.73930E-02
SCF Iteration 151: Energy = 5.5068866709721052 dE = -7.73930E-02
SCF Iteration 152: Energy = 5.5842796979737725 dE =  7.73930E-02
SCF Iteration 153: Energy = 5.5068866539163617 dE = -7.73930E-02
SCF Iteration 154: Energy = 5.5842796836369502 dE =  7.73930E-02
SCF Iteration 155: Energy = 5.5068866399015048 dE = -7.73930E-02
SCF Iteration 156: Energy = 5.5842796718562679 dE =  7.73930E-02
SCF Iteration 157: Energy = 5.5068866283853790 dE = -7.73930E-02
SCF Iteration 158: Energy = 5.5842796621759856 dE =  7.73930E-02
SCF Iteration 159: Energy = 5.5068866189224810 dE = -7.73930E-02
SCF Iteration 160: Energy = 5.5842796542216080 dE =  7.73930E-02
SCF Iteration 161: Energy = 5.5068866111467427 dE = -7.73930E-02
SCF Iteration 162: Energy = 5.5842796476854399 dE =  7.73930E-02
SCF Iteration 163: Energy = 5.5068866047573612 dE = -7.73930E-02
SCF Iteration 164: Energy = 5.5842796423146135 dE =  7.73930E-02
SCF Iteration 165: Energy = 5.5068865995071432 dE = -7.73930E-02
SCF Iteration 166: Energy = 5.5842796379013562 dE =  7.73930E-02
SCF Iteration 167: Energy = 5.5068865951929995 dE = -7.73930E-02
SCF Iteration 168: Energy = 5.5842796342749415 dE =  7.73930E-02
SCF Iteration 169: Energy = 5.5068865916480219 dE = -7.73930E-02
SCF Iteration 170: Energy = 5.5842796312950957 dE =  7.73930E-02
SCF Iteration 171: Energy = 5.5068865887351013 dE = -7.73930E-02
SCF Iteration 172: Energy = 5.5842796288465255 dE =  7.73930E-02
SCF Iteration 173: Energy = 5.5068865863415200 dE = -7.73930E-02
SCF Iteration 174: Energy = 5.5842796268345296 dE =  7.73930E-02
SCF Iteration 175: Energy = 5.5068865843747048 dE = -7.73930E-02
SCF Iteration 176: Energy = 5.5842796251812423 dE =  7.73930E-02
SCF Iteration 177: Energy = 5.5068865827585345 dE = -7.73930E-02
SCF Iteration 178: Energy = 5.5842796238227121 dE =  7.73930E-02
SCF Iteration 179: Energy = 5.5068865814305266 dE = -7.73930E-02
SCF Iteration 180: Energy = 5.5842796227064104 dE =  7.73930E-02
SCF Iteration 181: Energy = 5.5068865803392910 dE = -7.73930E-02
SCF Iteration 182: Energy = 5.5842796217891335 dE =  7.73930E-02
SCF Iteration 183: Energy = 5.5068865794426163 dE = -7.73930E-02
SCF Iteration 184: Energy = 5.5842796210354058 dE =  7.73930E-02
SCF Iteration 185: Energy = 5.5068865787057986 dE = -7.73930E-02
SCF Iteration 186: Energy = 5.5842796204160559 dE =  7.73930E-02
SCF Iteration 187: Energy = 5.5068865781003558 dE = -7.73930E-02
SCF Iteration 188: Energy = 5.5842796199071332 dE =  7.73930E-02
SCF Iteration 189: Energy = 5.5068865776028639 dE = -7.73930E-02
SCF Iteration 190: Energy = 5.5842796194889450 dE =  7.73930E-02
SCF Iteration 191: Energy = 5.5068865771940727 dE = -7.73930E-02
SCF Iteration 192: Energy = 5.5842796191453230 dE =  7.73930E-02
SCF Iteration 193: Energy = 5.5068865768581601 dE = -7.73930E-02
SCF Iteration 194: Energy = 5.5842796188629480 dE =  7.73930E-02
SCF Iteration 195: Energy = 5.5068865765821391 dE = -7.73930E-02
SCF Iteration 196: Energy = 5.5842796186309167 dE =  7.73930E-02
SCF Iteration 197: Energy = 5.5068865763553152 dE = -7.73930E-02
SCF Iteration 198: Energy = 5.5842796184402674 dE =  7.73930E-02
SCF Iteration 199: Energy = 5.5068865761689567 dE = -7.73930E-02
SCF Iteration 200: Energy = 5.5842796182836105 dE =  7.73930E-02
SCF Iteration 201: Energy = 5.5068865760158152 dE = -7.73930E-02
SCF Iteration 202: Energy = 5.5842796181548779 dE =  7.73930E-02
SCF Iteration 203: Energy = 5.5068865758899648 dE = -7.73930E-02
SCF Iteration 204: Energy = 5.5842796180491074 dE =  7.73930E-02
SCF Iteration 205: Energy = 5.5068865757865657 dE = -7.73930E-02
SCF Iteration 206: Energy = 5.5842796179621823 dE =  7.73930E-02
SCF Iteration 207: Energy = 5.5068865757016150 dE = -7.73930E-02
SCF Iteration 208: Energy = 5.5842796178907754 dE =  7.73930E-02
SCF Iteration 209: Energy = 5.5068865756317953 dE = -7.73930E-02
SCF Iteration 210: Energy = 5.5842796178320828 dE =  7.73930E-02
SCF Iteration 211: Energy = 5.5068865755744207 dE = -7.73930E-02
SCF Iteration 212: Energy = 5.5842796177838592 dE =  7.73930E-02
SCF Iteration 213: Energy = 5.5068865755272807 dE = -7.73930E-02
SCF Iteration 214: Energy = 5.5842796177442349 dE =  7.73930E-02
SCF Iteration 215: Energy = 5.5068865754885428 dE = -7.73930E-02
SCF Iteration 216: Energy = 5.5842796177116645 dE =  7.73930E-02
SCF Iteration 217: Energy = 5.5068865754567113 dE = -7.73930E-02
SCF Iteration 218: Energy = 5.5842796176849259 dE =  7.73930E-02
SCF Iteration 219: Energy = 5.5068865754305554 dE = -7.73930E-02
SCF Iteration 220: Energy = 5.5842796176629266 dE =  7.73930E-02
SCF Iteration 221: Energy = 5.5068865754090615 dE = -7.73930E-02
SCF Iteration 222: Energy = 5.5842796176448628 dE =  7.73930E-02
SCF Iteration 223: Energy = 5.5068865753914089 dE = -7.73930E-02
SCF Iteration 224: Energy = 5.5842796176300142 dE =  7.73930E-02
SCF Iteration 225: Energy = 5.5068865753768899 dE = -7.73930E-02
SCF Iteration 226: Energy = 5.5842796176178178 dE =  7.73930E-02
SCF Iteration 227: Energy = 5.5068865753649652 dE = -7.73930E-02
SCF Iteration 228: Energy = 5.5842796176078027 dE =  7.73930E-02
SCF Iteration 229: Energy = 5.5068865753551819 dE = -7.73930E-02
SCF Iteration 230: Energy = 5.5842796175995666 dE =  7.73930E-02
SCF Iteration 231: Energy = 5.5068865753471323 dE = -7.73930E-02
SCF Iteration 232: Energy = 5.5842796175927960 dE =  7.73930E-02
SCF Iteration 233: Energy = 5.5068865753405030 dE = -7.73930E-02
SCF Iteration 234: Energy = 5.5842796175872413 dE =  7.73930E-02
SCF Iteration 235: Energy = 5.5068865753350797 dE = -7.73930E-02
SCF Iteration 236: Energy = 5.5842796175826663 dE =  7.73930E-02
SCF Iteration 237: Energy = 5.5068865753306087 dE = -7.73930E-02
SCF Iteration 238: Energy = 5.5842796175789102 dE =  7.73930E-02
SCF Iteration 239: Energy = 5.5068865753269387 dE = -7.73930E-02
SCF Iteration 240: Energy = 5.5842796175758229 dE =  7.73930E-02
SCF Iteration 241: Energy = 5.5068865753239260 dE = -7.73930E-02
SCF Iteration 242: Energy = 5.5842796175732845 dE =  7.73930E-02
SCF Iteration 243: Energy = 5.5068865753214231 dE = -7.73930E-02
SCF Iteration 244: Energy = 5.5842796175712044 dE =  7.73930E-02
SCF Iteration 245: Energy = 5.5068865753193936 dE = -7.73930E-02
SCF Iteration 246: Energy = 5.5842796175694902 dE =  7.73930E-02
SCF Iteration 247: Energy = 5.5068865753177310 dE = -7.73930E-02
SCF Iteration 248: Energy = 5.5842796175680833 dE =  7.73930E-02
SCF Iteration 249: Energy = 5.5068865753163498 dE = -7.73930E-02
SCF Iteration 250: Energy = 5.5842796175669305 dE =  7.73930E-02
SCF Iteration 251: Energy = 5.5068865753152290 dE = -7.73930E-02
SCF Iteration 252: Energy = 5.5842796175659828 dE =  7.73930E-02
SCF Iteration 253: Energy = 5.5068865753142902 dE = -7.73930E-02
SCF Iteration 254: Energy = 5.5842796175651941 dE =  7.73930E-02
SCF Iteration 255: Energy = 5.5068865753135272 dE = -7.73930E-02
SCF Iteration 256: Energy = 5.5842796175645617 dE =  7.73930E-02
SCF Iteration 257: Energy = 5.5068865753129073 dE = -7.73930E-02
SCF Iteration 258: Energy = 5.5842796175640377 dE =  7.73930E-02
SCF Iteration 259: Energy = 5.5068865753123992 dE = -7.73930E-02
SCF Iteration 260: Energy = 5.5842796175636016 dE =  7.73930E-02
SCF Iteration 261: Energy = 5.5068865753119640 dE = -7.73930E-02
SCF Iteration 262: Energy = 5.5842796175632445 dE =  7.73930E-02
SCF Iteration 263: Energy = 5.5068865753116185 dE = -7.73930E-02
SCF Iteration 264: Energy = 5.5842796175629434 dE =  7.73930E-02
SCF Iteration 265: Energy = 5.5068865753113352 dE = -7.73930E-02
SCF Iteration 266: Energy = 5.5842796175626965 dE =  7.73930E-02
SCF Iteration 267: Energy = 5.5068865753110945 dE = -7.73930E-02
SCF Iteration 268: Energy = 5.5842796175625073 dE =  7.73930E-02
SCF Iteration 269: Energy = 5.5068865753108955 dE = -7.73930E-02
SCF Iteration 270: Energy = 5.5842796175623475 dE =  7.73930E-02
SCF Iteration 271: Energy = 5.5068865753107454 dE = -7.73930E-02
SCF Iteration 272: Energy = 5.5842796175622142 dE =  7.73930E-02
SCF Iteration 273: Energy = 5.5068865753106122 dE = -7.73930E-02
SCF Iteration 274: Energy = 5.5842796175621006 dE =  7.73930E-02
SCF Iteration 275: Energy = 5.5068865753105003 dE = -7.73930E-02
SCF Iteration 276: Energy = 5.5842796175620126 dE =  7.73930E-02
SCF Iteration 277: Energy = 5.5068865753104204 dE = -7.73930E-02
SCF Iteration 278: Energy = 5.5842796175619336 dE =  7.73930E-02
SCF Iteration 279: Energy = 5.5068865753103386 dE = -7.73930E-02
SCF Iteration 280: Energy = 5.5842796175618679 dE =  7.73930E-02
SCF Iteration 281: Energy = 5.5068865753102800 dE = -7.73930E-02
SCF Iteration 282: Energy = 5.5842796175618306 dE =  7.73930E-02
SCF Iteration 283: Energy = 5.5068865753102285 dE = -7.73930E-02
SCF Iteration 284: Energy = 5.5842796175617844 dE =  7.73930E-02
SCF Iteration 285: Energy = 5.5068865753101912 dE = -7.73930E-02
SCF Iteration 286: Energy = 5.5842796175617453 dE =  7.73930E-02
SCF Iteration 287: Energy = 5.5068865753101539 dE = -7.73930E-02
SCF Iteration 288: Energy = 5.5842796175617258 dE =  7.73930E-02
SCF Iteration 289: Energy = 5.5068865753101317 dE = -7.73930E-02
SCF Iteration 290: Energy = 5.5842796175617080 dE =  7.73930E-02
SCF Iteration 291: Energy = 5.5068865753101148 dE = -7.73930E-02
SCF Iteration 292: Energy = 5.5842796175616813 dE =  7.73930E-02
SCF Iteration 293: Energy = 5.5068865753101059 dE = -7.73930E-02
SCF Iteration 294: Energy = 5.5842796175616707 dE =  7.73930E-02
SCF Iteration 295: Energy = 5.5068865753100802 dE = -7.73930E-02
SCF Iteration 296: Energy = 5.5842796175616520 dE =  7.73930E-02
SCF Iteration 297: Energy = 5.5068865753100820 dE = -7.73930E-02
SCF Iteration 298: Energy = 5.5842796175616414 dE =  7.73930E-02
SCF Iteration 299: Energy = 5.5068865753100571 dE = -7.73930E-02
SCF Iteration 300: Energy = 5.5842796175616360 dE =  7.73930E-02
SCF Iteration 301: Energy = 5.5068865753100544 dE = -7.73930E-02
SCF Iteration 302: Energy = 5.5842796175616254 dE =  7.73930E-02
SCF Iteration 303: Energy = 5.5068865753100509 dE = -7.73930E-02
SCF Iteration 304: Energy = 5.5842796175616254 dE =  7.73930E-02
SCF Iteration 305: Energy = 5.5068865753100420 dE = -7.73930E-02
SCF Iteration 306: Energy = 5.5842796175616174 dE =  7.73930E-02
SCF Iteration 307: Energy = 5.5068865753100393 dE = -7.73930E-02
SCF Iteration 308: Energy = 5.5842796175616138 dE =  7.73930E-02
SCF Iteration 309: Energy = 5.5068865753100384 dE = -7.73930E-02
SCF Iteration 310: Energy = 5.5842796175616103 dE =  7.73930E-02
SCF Iteration 311: Energy = 5.5068865753100313 dE = -7.73930E-02
SCF Iteration 312: Energy = 5.5842796175616192 dE =  7.73930E-02
SCF Iteration 313: Energy = 5.5068865753100322 dE = -7.73930E-02
SCF Iteration 314: Energy = 5.5842796175616121 dE =  7.73930E-02
SCF Iteration 315: Energy = 5.5068865753100260 dE = -7.73930E-02
SCF Iteration 316: Energy = 5.5842796175616067 dE =  7.73930E-02
SCF Iteration 317: Energy = 5.5068865753100260 dE = -7.73930E-02
SCF Iteration 318: Energy = 5.5842796175616067 dE =  7.73930E-02
SCF Iteration 319: Energy = 5.5068865753100207 dE = -7.73930E-02
SCF Iteration 320: Energy = 5.5842796175616058 dE =  7.73930E-02
SCF Iteration 321: Energy = 5.5068865753100242 dE = -7.73930E-02
SCF Iteration 322: Energy = 5.5842796175616085 dE =  7.73930E-02
SCF Iteration 323: Energy = 5.5068865753100242 dE = -7.73930E-02
SCF Iteration 324: Energy = 5.5842796175616138 dE =  7.73930E-02
SCF Iteration 325: Energy = 5.5068865753100305 dE = -7.73930E-02
SCF Iteration 326: Energy = 5.5842796175616041 dE =  7.73930E-02
SCF Iteration 327: Energy = 5.5068865753100349 dE = -7.73930E-02
SCF Iteration 328: Energy = 5.5842796175616121 dE =  7.73930E-02
SCF Iteration 329: Energy = 5.5068865753100313 dE = -7.73930E-02
SCF Iteration 330: Energy = 5.5842796175616041 dE =  7.73930E-02
SCF Iteration 331: Energy = 5.5068865753100296 dE = -7.73930E-02
SCF Iteration 332: Energy = 5.5842796175616032 dE =  7.73930E-02
SCF Iteration 333: Energy = 5.5068865753100225 dE = -7.73930E-02
SCF Iteration 334: Energy = 5.5842796175615961 dE =  7.73930E-02
SCF Iteration 335: Energy = 5.5068865753100145 dE = -7.73930E-02
SCF Iteration 336: Energy = 5.5842796175616032 dE =  7.73930E-02
SCF Iteration 337: Energy = 5.5068865753100260 dE = -7.73930E-02
SCF Iteration 338: Energy = 5.5842796175615961 dE =  7.73930E-02
SCF Iteration 339: Energy = 5.5068865753100242 dE = -7.73930E-02
SCF Iteration 340: Energy = 5.5842796175615996 dE =  7.73930E-02
SCF Iteration 341: Energy = 5.5068865753100233 dE = -7.73930E-02
SCF Iteration 342: Energy = 5.5842796175615925 dE =  7.73930E-02
SCF Iteration 343: Energy = 5.5068865753100225 dE = -7.73930E-02
SCF Iteration 344: Energy = 5.5842796175615979 dE =  7.73930E-02
SCF Iteration 345: Energy = 5.5068865753100082 dE = -7.73930E-02
SCF Iteration 346: Energy = 5.5842796175615916 dE =  7.73930E-02
SCF Iteration 347: Energy = 5.5068865753100118 dE = -7.73930E-02
SCF Iteration 348: Energy = 5.5842796175615854 dE =  7.73930E-02
SCF Iteration 349: Energy = 5.5068865753100154 dE = -7.73930E-02
SCF Iteration 350: Energy = 5.5842796175615979 dE =  7.73930E-02
SCF Iteration 351: Energy = 5.5068865753100216 dE = -7.73930E-02
SCF Iteration 352: Energy = 5.5842796175616032 dE =  7.73930E-02
SCF Iteration 353: Energy = 5.5068865753100189 dE = -7.73930E-02
SCF Iteration 354: Energy = 5.5842796175615979 dE =  7.73930E-02
SCF Iteration 355: Energy = 5.5068865753099994 dE = -7.73930E-02
SCF Iteration 356: Energy = 5.5842796175615925 dE =  7.73930E-02
SCF Iteration 357: Energy = 5.5068865753100082 dE = -7.73930E-02
SCF Iteration 358: Energy = 5.5842796175615907 dE =  7.73930E-02
SCF Iteration 359: Energy = 5.5068865753100029 dE = -7.73930E-02
SCF Iteration 360: Energy = 5.5842796175615872 dE =  7.73930E-02
SCF Iteration 361: Energy = 5.5068865753100100 dE = -7.73930E-02
SCF Iteration 362: Energy = 5.5842796175616032 dE =  7.73930E-02
SCF Iteration 363: Energy = 5.5068865753100127 dE = -7.73930E-02
SCF Iteration 364: Energy = 5.5842796175615907 dE =  7.73930E-02
SCF Iteration 365: Energy = 5.5068865753100189 dE = -7.73930E-02
SCF Iteration 366: Energy = 5.5842796175616014 dE =  7.73930E-02
SCF Iteration 367: Energy = 5.5068865753100225 dE = -7.73930E-02
SCF Iteration 368: Energy = 5.5842796175615943 dE =  7.73930E-02
SCF Iteration 369: Energy = 5.5068865753100136 dE = -7.73930E-02
SCF Iteration 370: Energy = 5.5842796175615925 dE =  7.73930E-02
SCF Iteration 371: Energy = 5.5068865753100047 dE = -7.73930E-02
SCF Iteration 372: Energy = 5.5842796175615872 dE =  7.73930E-02
SCF Iteration 373: Energy = 5.5068865753100065 dE = -7.73930E-02
SCF Iteration 374: Energy = 5.5842796175615907 dE =  7.73930E-02
SCF Iteration 375: Energy = 5.5068865753100136 dE = -7.73930E-02
SCF Iteration 376: Energy = 5.5842796175615943 dE =  7.73930E-02
SCF Iteration 377: Energy = 5.5068865753100109 dE = -7.73930E-02
SCF Iteration 378: Energy = 5.5842796175615961 dE =  7.73930E-02
SCF Iteration 379: Energy = 5.5068865753100065 dE = -7.73930E-02
SCF Iteration 380: Energy = 5.5842796175615899 dE =  7.73930E-02
SCF Iteration 381: Energy = 5.5068865753100109 dE = -7.73930E-02
SCF Iteration 382: Energy = 5.5842796175615828 dE =  7.73930E-02
SCF Iteration 383: Energy = 5.5068865753100154 dE = -7.73930E-02
SCF Iteration 384: Energy = 5.5842796175616121 dE =  7.73930E-02
SCF Iteration 385: Energy = 5.5068865753100189 dE = -7.73930E-02
SCF Iteration 386: Energy = 5.5842796175615996 dE =  7.73930E-02
SCF Iteration 387: Energy = 5.5068865753100154 dE = -7.73930E-02
SCF Iteration 388: Energy = 5.5842796175615943 dE =  7.73930E-02
SCF Iteration 389: Energy = 5.5068865753100047 dE = -7.73930E-02
SCF Iteration 390: Energy = 5.5842796175615872 dE =  7.73930E-02
SCF Iteration 391: Energy = 5.5068865753100118 dE = -7.73930E-02
SCF Iteration 392: Energy = 5.5842796175615881 dE =  7.73930E-02
SCF Iteration 393: Energy = 5.5068865753100065 dE = -7.73930E-02
SCF Iteration 394: Energy = 5.5842796175615925 dE =  7.73930E-02
SCF Iteration 395: Energy = 5.5068865753100047 dE = -7.73930E-02
SCF Iteration 396: Energy = 5.5842796175615872 dE =  7.73930E-02
SCF Iteration 397: Energy = 5.5068865753100154 dE = -7.73930E-02
SCF Iteration 398: Energy = 5.5842796175615899 dE =  7.73930E-02
SCF Iteration 399: Energy = 5.5068865753100074 dE = -7.73930E-02
SCF Iteration 400: Energy = 5.5842796175615925 dE =  7.73930E-02
SCF Iteration 401: Energy = 5.5068865753100118 dE = -7.73930E-02
SCF Iteration 402: Energy = 5.5842796175615854 dE =  7.73930E-02
SCF Iteration 403: Energy = 5.5068865753100118 dE = -7.73930E-02
SCF Iteration 404: Energy = 5.5842796175615854 dE =  7.73930E-02
SCF Iteration 405: Energy = 5.5068865753100162 dE = -7.73930E-02
SCF Iteration 406: Energy = 5.5842796175616050 dE =  7.73930E-02
SCF Iteration 407: Energy = 5.5068865753100260 dE = -7.73930E-02
SCF Iteration 408: Energy = 5.5842796175615943 dE =  7.73930E-02
SCF Iteration 409: Energy = 5.5068865753100225 dE = -7.73930E-02
SCF Iteration 410: Energy = 5.5842796175616005 dE =  7.73930E-02
SCF Iteration 411: Energy = 5.5068865753100207 dE = -7.73930E-02
SCF Iteration 412: Energy = 5.5842796175616023 dE =  7.73930E-02
SCF Iteration 413: Energy = 5.5068865753100100 dE = -7.73930E-02
SCF Iteration 414: Energy = 5.5842796175615943 dE =  7.73930E-02
SCF Iteration 415: Energy = 5.5068865753100136 dE = -7.73930E-02
SCF Iteration 416: Energy = 5.5842796175615979 dE =  7.73930E-02
SCF Iteration 417: Energy = 5.5068865753100100 dE = -7.73930E-02
SCF Iteration 418: Energy = 5.5842796175615819 dE =  7.73930E-02
SCF Iteration 419: Energy = 5.5068865753100056 dE = -7.73930E-02
SCF Iteration 420: Energy = 5.5842796175615907 dE =  7.73930E-02
SCF Iteration 421: Energy = 5.5068865753100082 dE = -7.73930E-02
SCF Iteration 422: Energy = 5.5842796175616023 dE =  7.73930E-02
SCF Iteration 423: Energy = 5.5068865753100162 dE = -7.73930E-02
SCF Iteration 424: Energy = 5.5842796175615872 dE =  7.73930E-02
SCF Iteration 425: Energy = 5.5068865753100082 dE = -7.73930E-02
SCF Iteration 426: Energy = 5.5842796175615872 dE =  7.73930E-02
SCF Iteration 427: Energy = 5.5068865753100189 dE = -7.73930E-02
SCF Iteration 428: Energy = 5.5842796175616050 dE =  7.73930E-02
SCF Iteration 429: Energy = 5.5068865753100189 dE = -7.73930E-02
SCF Iteration 430: Energy = 5.5842796175615925 dE =  7.73930E-02
SCF Iteration 431: Energy = 5.5068865753100082 dE = -7.73930E-02
SCF Iteration 432: Energy = 5.5842796175615943 dE =  7.73930E-02
SCF Iteration 433: Energy = 5.5068865753100225 dE = -7.73930E-02
SCF Iteration 434: Energy = 5.5842796175615961 dE =  7.73930E-02
SCF Iteration 435: Energy = 5.5068865753100207 dE = -7.73930E-02
SCF Iteration 436: Energy = 5.5842796175616014 dE =  7.73930E-02
SCF Iteration 437: Energy = 5.5068865753100216 dE = -7.73930E-02
SCF Iteration 438: Energy = 5.5842796175616050 dE =  7.73930E-02
SCF Iteration 439: Energy = 5.5068865753100207 dE = -7.73930E-02
SCF Iteration 440: Energy = 5.5842796175615996 dE =  7.73930E-02
SCF Iteration 441: Energy = 5.5068865753100207 dE = -7.73930E-02
SCF Iteration 442: Energy = 5.5842796175616032 dE =  7.73930E-02
SCF Iteration 443: Energy = 5.5068865753100260 dE = -7.73930E-02
SCF Iteration 444: Energy = 5.5842796175616094 dE =  7.73930E-02
SCF Iteration 445: Energy = 5.5068865753100242 dE = -7.73930E-02
SCF Iteration 446: Energy = 5.5842796175616085 dE =  7.73930E-02
SCF Iteration 447: Energy = 5.5068865753100296 dE = -7.73930E-02
SCF Iteration 448: Energy = 5.5842796175615979 dE =  7.73930E-02
SCF Iteration 449: Energy = 5.5068865753100162 dE = -7.73930E-02
SCF Iteration 450: Energy = 5.5842796175615925 dE =  7.73930E-02
SCF Iteration 451: Energy = 5.5068865753100154 dE = -7.73930E-02
SCF Iteration 452: Energy = 5.5842796175616067 dE =  7.73930E-02
SCF Iteration 453: Energy = 5.5068865753100189 dE = -7.73930E-02
SCF Iteration 454: Energy = 5.5842796175616023 dE =  7.73930E-02
SCF Iteration 455: Energy = 5.5068865753100260 dE = -7.73930E-02
SCF Iteration 456: Energy = 5.5842796175616085 dE =  7.73930E-02
SCF Iteration 457: Energy = 5.5068865753100118 dE = -7.73930E-02
SCF Iteration 458: Energy = 5.5842796175616023 dE =  7.73930E-02
SCF Iteration 459: Energy = 5.5068865753100180 dE = -7.73930E-02
SCF Iteration 460: Energy = 5.5842796175615979 dE =  7.73930E-02
SCF Iteration 461: Energy = 5.5068865753100313 dE = -7.73930E-02
SCF Iteration 462: Energy = 5.5842796175616041 dE =  7.73930E-02
SCF Iteration 463: Energy = 5.5068865753100251 dE = -7.73930E-02
SCF Iteration 464: Energy = 5.5842796175616067 dE =  7.73930E-02
SCF Iteration 465: Energy = 5.5068865753100242 dE = -7.73930E-02
SCF Iteration 466: Energy = 5.5842796175616067 dE =  7.73930E-02
SCF Iteration 467: Energy = 5.5068865753100189 dE = -7.73930E-02
SCF Iteration 468: Energy = 5.5842796175615979 dE =  7.73930E-02
SCF Iteration 469: Energy = 5.5068865753100296 dE = -7.73930E-02
SCF Iteration 470: Energy = 5.5842796175616165 dE =  7.73930E-02
SCF Iteration 471: Energy = 5.5068865753100207 dE = -7.73930E-02
SCF Iteration 472: Energy = 5.5842796175616103 dE =  7.73930E-02
SCF Iteration 473: Energy = 5.5068865753100225 dE = -7.73930E-02
SCF Iteration 474: Energy = 5.5842796175616112 dE =  7.73930E-02
SCF Iteration 475: Energy = 5.5068865753100296 dE = -7.73930E-02
SCF Iteration 476: Energy = 5.5842796175616014 dE =  7.73930E-02
SCF Iteration 477: Energy = 5.5068865753100331 dE = -7.73930E-02
SCF Iteration 478: Energy = 5.5842796175616058 dE =  7.73930E-02
SCF Iteration 479: Energy = 5.5068865753100278 dE = -7.73930E-02
SCF Iteration 480: Energy = 5.5842796175616032 dE =  7.73930E-02
SCF Iteration 481: Energy = 5.5068865753100233 dE = -7.73930E-02
SCF Iteration 482: Energy = 5.5842796175615996 dE =  7.73930E-02
SCF Iteration 483: Energy = 5.5068865753100225 dE = -7.73930E-02
SCF Iteration 484: Energy = 5.5842796175615996 dE =  7.73930E-02
SCF Iteration 485: Energy = 5.5068865753100278 dE = -7.73930E-02
SCF Iteration 486: Energy = 5.5842796175616032 dE =  7.73930E-02
SCF Iteration 487: Energy = 5.5068865753100154 dE = -7.73930E-02
SCF Iteration 488: Energy = 5.5842796175615925 dE =  7.73930E-02
SCF Iteration 489: Energy = 5.5068865753100082 dE = -7.73930E-02
SCF Iteration 490: Energy = 5.5842796175615907 dE =  7.73930E-02
SCF Iteration 491: Energy = 5.5068865753100109 dE = -7.73930E-02
SCF Iteration 492: Energy = 5.5842796175615987 dE =  7.73930E-02
SCF Iteration 493: Energy = 5.5068865753100154 dE = -7.73930E-02
SCF Iteration 494: Energy = 5.5842796175615916 dE =  7.73930E-02
SCF Iteration 495: Energy = 5.5068865753100091 dE = -7.73930E-02
SCF Iteration 496: Energy = 5.5842796175615907 dE =  7.73930E-02
SCF Iteration 497: Energy = 5.5068865753100233 dE = -7.73930E-02
SCF Iteration 498: Energy = 5.5842796175615925 dE =  7.73930E-02
SCF Iteration 499: Energy = 5.5068865753100189 dE = -7.73930E-02
SCF Iteration 500: Energy = 5.5842796175615952 dE =  7.73930E-02
