
  Memory set to  55.879 GiB by Python driver.
  Threads set to 1 by Python driver.
Settings:
	LOT = CCSD-S2-U22
	wc = 20.0 eV
	lambda = [1.091182 0.       0.      ] a.u.
	Equivalent A0 = LAMBDA / sqrt(2 wc) = [0.9 0.  0. ])
doing QED-CCSD-Full (or QED-CCSD-22)
Number of occupied orbitals:   1
Number of basis functions:  60
SCF Iteration   1: Energy = 4.1759936668439890 dE =  4.17599E+00
SCF Iteration   2: Energy = 4.7636575306790370 dE =  5.87664E-01
SCF Iteration   3: Energy = 4.3738806518257904 dE = -3.89777E-01
SCF Iteration   4: Energy = 4.6766899613512418 dE =  3.02809E-01
SCF Iteration   5: Energy = 4.4462484478787907 dE = -2.30442E-01
SCF Iteration   6: Energy = 4.6567075835166696 dE =  2.10459E-01
SCF Iteration   7: Energy = 4.4677545226168505 dE = -1.88953E-01
SCF Iteration   8: Energy = 4.6467139279292589 dE =  1.78959E-01
SCF Iteration   9: Energy = 4.4715574516454089 dE = -1.75156E-01
SCF Iteration  10: Energy = 4.6384580154008406 dE =  1.66901E-01
SCF Iteration  11: Energy = 4.4685567804688340 dE = -1.69901E-01
SCF Iteration  12: Energy = 4.6307469172286115 dE =  1.62190E-01
SCF Iteration  13: Energy = 4.4630511763037912 dE = -1.67696E-01
SCF Iteration  14: Energy = 4.6236232633361123 dE =  1.60572E-01
SCF Iteration  15: Energy = 4.4569212209817390 dE = -1.66702E-01
SCF Iteration  16: Energy = 4.6172515012857591 dE =  1.60330E-01
SCF Iteration  17: Energy = 4.4510177256113632 dE = -1.66234E-01
SCF Iteration  18: Energy = 4.6117157702876845 dE =  1.60698E-01
SCF Iteration  19: Energy = 4.4457056046596408 dE = -1.66010E-01
SCF Iteration  20: Energy = 4.6070140026433410 dE =  1.61308E-01
SCF Iteration  21: Energy = 4.4411074020549224 dE = -1.65907E-01
SCF Iteration  22: Energy = 4.6030878316012940 dE =  1.61980E-01
SCF Iteration  23: Energy = 4.4372241079795609 dE = -1.65864E-01
SCF Iteration  24: Energy = 4.5998505885648981 dE =  1.62626E-01
SCF Iteration  25: Energy = 4.4339989458310720 dE = -1.65852E-01
SCF Iteration  26: Energy = 4.5972065426004498 dE =  1.63208E-01
SCF Iteration  27: Energy = 4.4313518117169695 dE = -1.65855E-01
SCF Iteration  28: Energy = 4.5950623028589046 dE =  1.63710E-01
SCF Iteration  29: Energy = 4.4291976311566703 dE = -1.65865E-01
SCF Iteration  30: Energy = 4.5933327101493759 dE =  1.64135E-01
SCF Iteration  31: Energy = 4.4274556577880269 dE = -1.65877E-01
SCF Iteration  32: Energy = 4.5919432633508936 dE =  1.64488E-01
SCF Iteration  33: Energy = 4.4260536672890272 dE = -1.65890E-01
SCF Iteration  34: Energy = 4.5908305389006472 dE =  1.64777E-01
SCF Iteration  35: Energy = 4.4249293338628526 dE = -1.65901E-01
SCF Iteration  36: Energy = 4.5899415478748935 dE =  1.65012E-01
SCF Iteration  37: Energy = 4.4240301201835912 dE = -1.65911E-01
SCF Iteration  38: Energy = 4.5892326055220423 dE =  1.65202E-01
SCF Iteration  39: Energy = 4.4233124479709822 dE = -1.65920E-01
SCF Iteration  40: Energy = 4.5886680444925112 dE =  1.65356E-01
SCF Iteration  41: Energy = 4.4227405817094301 dE = -1.65927E-01
SCF Iteration  42: Energy = 4.5882189507370033 dE =  1.65478E-01
SCF Iteration  43: Energy = 4.4222854602013566 dE = -1.65933E-01
SCF Iteration  44: Energy = 4.5878620096400518 dE =  1.65577E-01
SCF Iteration  45: Energy = 4.4219235951374873 dE = -1.65938E-01
SCF Iteration  46: Energy = 4.5875784972064224 dE =  1.65655E-01
SCF Iteration  47: Energy = 4.4216360897964258 dE = -1.65942E-01
SCF Iteration  48: Energy = 4.5873534221145453 dE =  1.65717E-01
SCF Iteration  49: Energy = 4.4214077943830459 dE = -1.65946E-01
SCF Iteration  50: Energy = 4.5871748096231855 dE =  1.65767E-01
SCF Iteration  51: Energy = 4.4212265952639749 dE = -1.65948E-01
SCF Iteration  52: Energy = 4.5870331117082745 dE =  1.65807E-01
SCF Iteration  53: Energy = 4.4210828261411041 dE = -1.65950E-01
SCF Iteration  54: Energy = 4.5869207257831626 dE =  1.65838E-01
SCF Iteration  55: Energy = 4.4209687856356918 dE = -1.65952E-01
SCF Iteration  56: Energy = 4.5868316047549396 dE =  1.65863E-01
SCF Iteration  57: Energy = 4.4208783452397071 dE = -1.65953E-01
SCF Iteration  58: Energy = 4.5867609427292955 dE =  1.65883E-01
SCF Iteration  59: Energy = 4.4208066326101481 dE = -1.65954E-01
SCF Iteration  60: Energy = 4.5867049226829995 dE =  1.65898E-01
SCF Iteration  61: Energy = 4.4207497768734925 dE = -1.65955E-01
SCF Iteration  62: Energy = 4.5866605144902577 dE =  1.65911E-01
SCF Iteration  63: Energy = 4.4207047044932342 dE = -1.65956E-01
SCF Iteration  64: Energy = 4.5866253136229034 dE =  1.65921E-01
SCF Iteration  65: Energy = 4.4206689760848503 dE = -1.65956E-01
SCF Iteration  66: Energy = 4.5865974125584392 dE =  1.65928E-01
SCF Iteration  67: Energy = 4.4206406562222753 dE = -1.65957E-01
SCF Iteration  68: Energy = 4.5865752984013834 dE =  1.65935E-01
SCF Iteration  69: Energy = 4.4206182097237496 dE = -1.65957E-01
SCF Iteration  70: Energy = 4.5865577714590042 dE =  1.65940E-01
SCF Iteration  71: Energy = 4.4206004191280250 dE = -1.65957E-01
SCF Iteration  72: Energy = 4.5865438805346077 dE =  1.65943E-01
SCF Iteration  73: Energy = 4.4205863190910986 dE = -1.65958E-01
SCF Iteration  74: Energy = 4.5865328715378482 dE =  1.65947E-01
SCF Iteration  75: Energy = 4.4205751442703338 dE = -1.65958E-01
SCF Iteration  76: Energy = 4.5865241466911382 dE =  1.65949E-01
SCF Iteration  77: Energy = 4.4205662879456646 dE = -1.65958E-01
SCF Iteration  78: Energy = 4.5865172321593031 dE =  1.65951E-01
SCF Iteration  79: Energy = 4.4205592691795985 dE = -1.65958E-01
SCF Iteration  80: Energy = 4.5865117523708321 dE =  1.65952E-01
SCF Iteration  81: Energy = 4.4205537067625622 dE = -1.65958E-01
SCF Iteration  82: Energy = 4.5865074096518859 dE =  1.65954E-01
SCF Iteration  83: Energy = 4.4205492985467005 dE = -1.65958E-01
SCF Iteration  84: Energy = 4.5865039680767969 dE =  1.65955E-01
SCF Iteration  85: Energy = 4.4205458050570989 dE = -1.65958E-01
SCF Iteration  86: Energy = 4.5865012406637797 dE =  1.65955E-01
SCF Iteration  87: Energy = 4.4205430364970280 dE = -1.65958E-01
SCF Iteration  88: Energy = 4.5864990792241542 dE =  1.65956E-01
SCF Iteration  89: Energy = 4.4205408424455914 dE = -1.65958E-01
SCF Iteration  90: Energy = 4.5864973663156299 dE =  1.65957E-01
SCF Iteration  91: Energy = 4.4205391036906416 dE = -1.65958E-01
SCF Iteration  92: Energy = 4.5864960088640245 dE =  1.65957E-01
SCF Iteration  93: Energy = 4.4205377257549081 dE = -1.65958E-01
SCF Iteration  94: Energy = 4.5864949331078311 dE =  1.65957E-01
SCF Iteration  95: Energy = 4.4205366337646410 dE = -1.65958E-01
SCF Iteration  96: Energy = 4.5864940805913132 dE =  1.65957E-01
SCF Iteration  97: Energy = 4.4205357683824129 dE = -1.65958E-01
SCF Iteration  98: Energy = 4.5864934049886452 dE =  1.65958E-01
SCF Iteration  99: Energy = 4.4205350825836529 dE = -1.65958E-01
SCF Iteration 100: Energy = 4.5864928695871701 dE =  1.65958E-01
SCF Iteration 101: Energy = 4.4205345391017827 dE = -1.65958E-01
SCF Iteration 102: Energy = 4.5864924452925457 dE =  1.65958E-01
SCF Iteration 103: Energy = 4.4205341084034968 dE = -1.65958E-01
SCF Iteration 104: Energy = 4.5864921090479580 dE =  1.65958E-01
SCF Iteration 105: Energy = 4.4205337670840770 dE = -1.65958E-01
SCF Iteration 106: Energy = 4.5864918425812808 dE =  1.65958E-01
SCF Iteration 107: Energy = 4.4205334965956524 dE = -1.65958E-01
SCF Iteration 108: Energy = 4.5864916314121782 dE =  1.65958E-01
SCF Iteration 109: Energy = 4.4205332822393721 dE = -1.65958E-01
SCF Iteration 110: Energy = 4.5864914640652206 dE =  1.65958E-01
SCF Iteration 111: Energy = 4.4205331123666447 dE = -1.65958E-01
SCF Iteration 112: Energy = 4.5864913314464122 dE =  1.65958E-01
SCF Iteration 113: Energy = 4.4205329777461921 dE = -1.65958E-01
SCF Iteration 114: Energy = 4.5864912263489064 dE =  1.65958E-01
SCF Iteration 115: Energy = 4.4205328710624290 dE = -1.65958E-01
SCF Iteration 116: Energy = 4.5864911430614441 dE =  1.65958E-01
SCF Iteration 117: Energy = 4.4205327865178967 dE = -1.65958E-01
SCF Iteration 118: Energy = 4.5864910770579765 dE =  1.65958E-01
SCF Iteration 119: Energy = 4.4205327195182029 dE = -1.65958E-01
SCF Iteration 120: Energy = 4.5864910247516750 dE =  1.65958E-01
SCF Iteration 121: Energy = 4.4205326664224316 dE = -1.65958E-01
SCF Iteration 122: Energy = 4.5864909833000951 dE =  1.65958E-01
SCF Iteration 123: Energy = 4.4205326243451992 dE = -1.65958E-01
SCF Iteration 124: Energy = 4.5864909504506279 dE =  1.65958E-01
SCF Iteration 125: Energy = 4.4205325909999322 dE = -1.65958E-01
SCF Iteration 126: Energy = 4.5864909244181655 dE =  1.65958E-01
SCF Iteration 127: Energy = 4.4205325645745512 dE = -1.65958E-01
SCF Iteration 128: Energy = 4.5864909037880102 dE =  1.65958E-01
SCF Iteration 129: Energy = 4.4205325436330245 dE = -1.65958E-01
SCF Iteration 130: Energy = 4.5864908874390826 dE =  1.65958E-01
SCF Iteration 131: Energy = 4.4205325270373095 dE = -1.65958E-01
SCF Iteration 132: Energy = 4.5864908744829016 dE =  1.65958E-01
SCF Iteration 133: Energy = 4.4205325138855978 dE = -1.65958E-01
SCF Iteration 134: Energy = 4.5864908642154276 dE =  1.65958E-01
SCF Iteration 135: Energy = 4.4205325034631429 dE = -1.65958E-01
SCF Iteration 136: Energy = 4.5864908560786786 dE =  1.65958E-01
SCF Iteration 137: Energy = 4.4205324952035863 dE = -1.65958E-01
SCF Iteration 138: Energy = 4.5864908496304873 dE =  1.65958E-01
SCF Iteration 139: Energy = 4.4205324886580577 dE = -1.65958E-01
SCF Iteration 140: Energy = 4.5864908445204335 dE =  1.65958E-01
SCF Iteration 141: Energy = 4.4205324834708879 dE = -1.65958E-01
SCF Iteration 142: Energy = 4.5864908404708258 dE =  1.65958E-01
SCF Iteration 143: Energy = 4.4205324793601566 dE = -1.65958E-01
SCF Iteration 144: Energy = 4.5864908372616195 dE =  1.65958E-01
SCF Iteration 145: Energy = 4.4205324761025064 dE = -1.65958E-01
SCF Iteration 146: Energy = 4.5864908347183828 dE =  1.65958E-01
SCF Iteration 147: Energy = 4.4205324735208809 dE = -1.65958E-01
SCF Iteration 148: Energy = 4.5864908327029239 dE =  1.65958E-01
SCF Iteration 149: Energy = 4.4205324714750018 dE = -1.65958E-01
SCF Iteration 150: Energy = 4.5864908311057135 dE =  1.65958E-01
SCF Iteration 151: Energy = 4.4205324698536916 dE = -1.65958E-01
SCF Iteration 152: Energy = 4.5864908298399625 dE =  1.65958E-01
SCF Iteration 153: Energy = 4.4205324685688456 dE = -1.65958E-01
SCF Iteration 154: Energy = 4.5864908288368937 dE =  1.65958E-01
SCF Iteration 155: Energy = 4.4205324675506343 dE = -1.65958E-01
SCF Iteration 156: Energy = 4.5864908280419776 dE =  1.65958E-01
SCF Iteration 157: Energy = 4.4205324667437118 dE = -1.65958E-01
SCF Iteration 158: Energy = 4.5864908274120166 dE =  1.65958E-01
SCF Iteration 159: Energy = 4.4205324661042518 dE = -1.65958E-01
SCF Iteration 160: Energy = 4.5864908269127991 dE =  1.65958E-01
SCF Iteration 161: Energy = 4.4205324655974945 dE = -1.65958E-01
SCF Iteration 162: Energy = 4.5864908265171769 dE =  1.65958E-01
SCF Iteration 163: Energy = 4.4205324651958939 dE = -1.65958E-01
SCF Iteration 164: Energy = 4.5864908262036508 dE =  1.65958E-01
SCF Iteration 165: Energy = 4.4205324648776445 dE = -1.65958E-01
SCF Iteration 166: Energy = 4.5864908259551918 dE =  1.65958E-01
SCF Iteration 167: Energy = 4.4205324646254303 dE = -1.65958E-01
SCF Iteration 168: Energy = 4.5864908257582906 dE =  1.65958E-01
SCF Iteration 169: Energy = 4.4205324644255564 dE = -1.65958E-01
SCF Iteration 170: Energy = 4.5864908256022510 dE =  1.65958E-01
SCF Iteration 171: Energy = 4.4205324642671666 dE = -1.65958E-01
SCF Iteration 172: Energy = 4.5864908254785970 dE =  1.65958E-01
SCF Iteration 173: Energy = 4.4205324641416510 dE = -1.65958E-01
SCF Iteration 174: Energy = 4.5864908253806052 dE =  1.65958E-01
SCF Iteration 175: Energy = 4.4205324640421768 dE = -1.65958E-01
SCF Iteration 176: Energy = 4.5864908253029508 dE =  1.65958E-01
SCF Iteration 177: Energy = 4.4205324639633403 dE = -1.65958E-01
SCF Iteration 178: Energy = 4.5864908252414018 dE =  1.65958E-01
SCF Iteration 179: Energy = 4.4205324639008685 dE = -1.65958E-01
SCF Iteration 180: Energy = 4.5864908251926284 dE =  1.65958E-01
SCF Iteration 181: Energy = 4.4205324638513570 dE = -1.65958E-01
SCF Iteration 182: Energy = 4.5864908251539767 dE =  1.65958E-01
SCF Iteration 183: Energy = 4.4205324638121297 dE = -1.65958E-01
SCF Iteration 184: Energy = 4.5864908251233549 dE =  1.65958E-01
SCF Iteration 185: Energy = 4.4205324637810364 dE = -1.65958E-01
SCF Iteration 186: Energy = 4.5864908250990757 dE =  1.65958E-01
SCF Iteration 187: Energy = 4.4205324637563930 dE = -1.65958E-01
SCF Iteration 188: Energy = 4.5864908250798386 dE =  1.65958E-01
SCF Iteration 189: Energy = 4.4205324637368744 dE = -1.65958E-01
SCF Iteration 190: Energy = 4.5864908250645966 dE =  1.65958E-01
SCF Iteration 191: Energy = 4.4205324637213970 dE = -1.65958E-01
SCF Iteration 192: Energy = 4.5864908250525165 dE =  1.65958E-01
SCF Iteration 193: Energy = 4.4205324637091383 dE = -1.65958E-01
SCF Iteration 194: Energy = 4.5864908250429401 dE =  1.65958E-01
SCF Iteration 195: Energy = 4.4205324636994137 dE = -1.65958E-01
SCF Iteration 196: Energy = 4.5864908250353569 dE =  1.65958E-01
SCF Iteration 197: Energy = 4.4205324636917114 dE = -1.65958E-01
SCF Iteration 198: Energy = 4.5864908250293404 dE =  1.65958E-01
SCF Iteration 199: Energy = 4.4205324636856078 dE = -1.65958E-01
SCF Iteration 200: Energy = 4.5864908250245788 dE =  1.65958E-01
SCF Iteration 201: Energy = 4.4205324636807735 dE = -1.65958E-01
SCF Iteration 202: Energy = 4.5864908250208014 dE =  1.65958E-01
SCF Iteration 203: Energy = 4.4205324636769401 dE = -1.65958E-01
SCF Iteration 204: Energy = 4.5864908250178162 dE =  1.65958E-01
SCF Iteration 205: Energy = 4.4205324636739114 dE = -1.65958E-01
SCF Iteration 206: Energy = 4.5864908250154333 dE =  1.65958E-01
SCF Iteration 207: Energy = 4.4205324636714902 dE = -1.65958E-01
SCF Iteration 208: Energy = 4.5864908250135592 dE =  1.65958E-01
SCF Iteration 209: Energy = 4.4205324636695869 dE = -1.65958E-01
SCF Iteration 210: Energy = 4.5864908250120706 dE =  1.65958E-01
SCF Iteration 211: Energy = 4.4205324636680743 dE = -1.65958E-01
SCF Iteration 212: Energy = 4.5864908250108929 dE =  1.65958E-01
SCF Iteration 213: Energy = 4.4205324636668859 dE = -1.65958E-01
SCF Iteration 214: Energy = 4.5864908250099656 dE =  1.65958E-01
SCF Iteration 215: Energy = 4.4205324636659435 dE = -1.65958E-01
SCF Iteration 216: Energy = 4.5864908250092160 dE =  1.65958E-01
SCF Iteration 217: Energy = 4.4205324636651726 dE = -1.65958E-01
SCF Iteration 218: Energy = 4.5864908250086254 dE =  1.65958E-01
SCF Iteration 219: Energy = 4.4205324636645784 dE = -1.65958E-01
SCF Iteration 220: Energy = 4.5864908250081626 dE =  1.65958E-01
SCF Iteration 221: Energy = 4.4205324636641112 dE = -1.65958E-01
SCF Iteration 222: Energy = 4.5864908250077949 dE =  1.65958E-01
SCF Iteration 223: Energy = 4.4205324636637338 dE = -1.65958E-01
SCF Iteration 224: Energy = 4.5864908250075036 dE =  1.65958E-01
SCF Iteration 225: Energy = 4.4205324636634380 dE = -1.65958E-01
SCF Iteration 226: Energy = 4.5864908250072691 dE =  1.65958E-01
SCF Iteration 227: Energy = 4.4205324636632080 dE = -1.65958E-01
SCF Iteration 228: Energy = 4.5864908250070897 dE =  1.65958E-01
SCF Iteration 229: Energy = 4.4205324636630179 dE = -1.65958E-01
SCF Iteration 230: Energy = 4.5864908250069476 dE =  1.65958E-01
SCF Iteration 231: Energy = 4.4205324636628678 dE = -1.65958E-01
SCF Iteration 232: Energy = 4.5864908250068268 dE =  1.65958E-01
SCF Iteration 233: Energy = 4.4205324636627523 dE = -1.65958E-01
SCF Iteration 234: Energy = 4.5864908250067327 dE =  1.65958E-01
SCF Iteration 235: Energy = 4.4205324636626511 dE = -1.65958E-01
SCF Iteration 236: Energy = 4.5864908250066625 dE =  1.65958E-01
SCF Iteration 237: Energy = 4.4205324636625853 dE = -1.65958E-01
SCF Iteration 238: Energy = 4.5864908250066154 dE =  1.65958E-01
SCF Iteration 239: Energy = 4.4205324636625338 dE = -1.65958E-01
SCF Iteration 240: Energy = 4.5864908250065630 dE =  1.65958E-01
SCF Iteration 241: Energy = 4.4205324636624841 dE = -1.65958E-01
SCF Iteration 242: Energy = 4.5864908250065257 dE =  1.65958E-01
SCF Iteration 243: Energy = 4.4205324636624574 dE = -1.65958E-01
SCF Iteration 244: Energy = 4.5864908250064911 dE =  1.65958E-01
SCF Iteration 245: Energy = 4.4205324636624219 dE = -1.65958E-01
SCF Iteration 246: Energy = 4.5864908250064786 dE =  1.65958E-01
SCF Iteration 247: Energy = 4.4205324636623953 dE = -1.65958E-01
SCF Iteration 248: Energy = 4.5864908250064538 dE =  1.65958E-01
SCF Iteration 249: Energy = 4.4205324636623793 dE = -1.65958E-01
SCF Iteration 250: Energy = 4.5864908250064502 dE =  1.65958E-01
SCF Iteration 251: Energy = 4.4205324636623713 dE = -1.65958E-01
SCF Iteration 252: Energy = 4.5864908250064360 dE =  1.65958E-01
SCF Iteration 253: Energy = 4.4205324636623491 dE = -1.65958E-01
SCF Iteration 254: Energy = 4.5864908250064236 dE =  1.65958E-01
SCF Iteration 255: Energy = 4.4205324636623429 dE = -1.65958E-01
SCF Iteration 256: Energy = 4.5864908250064182 dE =  1.65958E-01
SCF Iteration 257: Energy = 4.4205324636623384 dE = -1.65958E-01
SCF Iteration 258: Energy = 4.5864908250064182 dE =  1.65958E-01
SCF Iteration 259: Energy = 4.4205324636623304 dE = -1.65958E-01
SCF Iteration 260: Energy = 4.5864908250064076 dE =  1.65958E-01
SCF Iteration 261: Energy = 4.4205324636623269 dE = -1.65958E-01
SCF Iteration 262: Energy = 4.5864908250064085 dE =  1.65958E-01
SCF Iteration 263: Energy = 4.4205324636623313 dE = -1.65958E-01
SCF Iteration 264: Energy = 4.5864908250064085 dE =  1.65958E-01
SCF Iteration 265: Energy = 4.4205324636623313 dE = -1.65958E-01
SCF Iteration 266: Energy = 4.5864908250064085 dE =  1.65958E-01
SCF Iteration 267: Energy = 4.4205324636623313 dE = -1.65958E-01
SCF Iteration 268: Energy = 4.5864908250064076 dE =  1.65958E-01
SCF Iteration 269: Energy = 4.4205324636623278 dE = -1.65958E-01
SCF Iteration 270: Energy = 4.5864908250064040 dE =  1.65958E-01
SCF Iteration 271: Energy = 4.4205324636623260 dE = -1.65958E-01
SCF Iteration 272: Energy = 4.5864908250064023 dE =  1.65958E-01
SCF Iteration 273: Energy = 4.4205324636623216 dE = -1.65958E-01
SCF Iteration 274: Energy = 4.5864908250063934 dE =  1.65958E-01
SCF Iteration 275: Energy = 4.4205324636623065 dE = -1.65958E-01
SCF Iteration 276: Energy = 4.5864908250063925 dE =  1.65958E-01
SCF Iteration 277: Energy = 4.4205324636623118 dE = -1.65958E-01
SCF Iteration 278: Energy = 4.5864908250063916 dE =  1.65958E-01
SCF Iteration 279: Energy = 4.4205324636623100 dE = -1.65958E-01
SCF Iteration 280: Energy = 4.5864908250063916 dE =  1.65958E-01
SCF Iteration 281: Energy = 4.4205324636623136 dE = -1.65958E-01
SCF Iteration 282: Energy = 4.5864908250063969 dE =  1.65958E-01
SCF Iteration 283: Energy = 4.4205324636623216 dE = -1.65958E-01
SCF Iteration 284: Energy = 4.5864908250063952 dE =  1.65958E-01
SCF Iteration 285: Energy = 4.4205324636623189 dE = -1.65958E-01
SCF Iteration 286: Energy = 4.5864908250063987 dE =  1.65958E-01
SCF Iteration 287: Energy = 4.4205324636623162 dE = -1.65958E-01
SCF Iteration 288: Energy = 4.5864908250064005 dE =  1.65958E-01
SCF Iteration 289: Energy = 4.4205324636623100 dE = -1.65958E-01
SCF Iteration 290: Energy = 4.5864908250063863 dE =  1.65958E-01
SCF Iteration 291: Energy = 4.4205324636623216 dE = -1.65958E-01
SCF Iteration 292: Energy = 4.5864908250063925 dE =  1.65958E-01
SCF Iteration 293: Energy = 4.4205324636623118 dE = -1.65958E-01
SCF Iteration 294: Energy = 4.5864908250063969 dE =  1.65958E-01
SCF Iteration 295: Energy = 4.4205324636623091 dE = -1.65958E-01
SCF Iteration 296: Energy = 4.5864908250063934 dE =  1.65958E-01
SCF Iteration 297: Energy = 4.4205324636623144 dE = -1.65958E-01
SCF Iteration 298: Energy = 4.5864908250063969 dE =  1.65958E-01
SCF Iteration 299: Energy = 4.4205324636623171 dE = -1.65958E-01
SCF Iteration 300: Energy = 4.5864908250063952 dE =  1.65958E-01
SCF Iteration 301: Energy = 4.4205324636623304 dE = -1.65958E-01
SCF Iteration 302: Energy = 4.5864908250063987 dE =  1.65958E-01
SCF Iteration 303: Energy = 4.4205324636623153 dE = -1.65958E-01
SCF Iteration 304: Energy = 4.5864908250063987 dE =  1.65958E-01
SCF Iteration 305: Energy = 4.4205324636623242 dE = -1.65958E-01
SCF Iteration 306: Energy = 4.5864908250063987 dE =  1.65958E-01
SCF Iteration 307: Energy = 4.4205324636623278 dE = -1.65958E-01
SCF Iteration 308: Energy = 4.5864908250064014 dE =  1.65958E-01
SCF Iteration 309: Energy = 4.4205324636623171 dE = -1.65958E-01
SCF Iteration 310: Energy = 4.5864908250063969 dE =  1.65958E-01
SCF Iteration 311: Energy = 4.4205324636623171 dE = -1.65958E-01
SCF Iteration 312: Energy = 4.5864908250064023 dE =  1.65958E-01
SCF Iteration 313: Energy = 4.4205324636623189 dE = -1.65958E-01
SCF Iteration 314: Energy = 4.5864908250063960 dE =  1.65958E-01
SCF Iteration 315: Energy = 4.4205324636623100 dE = -1.65958E-01
SCF Iteration 316: Energy = 4.5864908250063836 dE =  1.65958E-01
SCF Iteration 317: Energy = 4.4205324636623073 dE = -1.65958E-01
SCF Iteration 318: Energy = 4.5864908250063952 dE =  1.65958E-01
SCF Iteration 319: Energy = 4.4205324636623331 dE = -1.65958E-01
SCF Iteration 320: Energy = 4.5864908250064067 dE =  1.65958E-01
SCF Iteration 321: Energy = 4.4205324636623224 dE = -1.65958E-01
SCF Iteration 322: Energy = 4.5864908250064040 dE =  1.65958E-01
SCF Iteration 323: Energy = 4.4205324636623224 dE = -1.65958E-01
SCF Iteration 324: Energy = 4.5864908250064058 dE =  1.65958E-01
SCF Iteration 325: Energy = 4.4205324636623198 dE = -1.65958E-01
SCF Iteration 326: Energy = 4.5864908250064005 dE =  1.65958E-01
SCF Iteration 327: Energy = 4.4205324636623260 dE = -1.65958E-01
SCF Iteration 328: Energy = 4.5864908250064040 dE =  1.65958E-01
SCF Iteration 329: Energy = 4.4205324636623287 dE = -1.65958E-01
SCF Iteration 330: Energy = 4.5864908250063978 dE =  1.65958E-01
SCF Iteration 331: Energy = 4.4205324636623278 dE = -1.65958E-01
SCF Iteration 332: Energy = 4.5864908250063987 dE =  1.65958E-01
SCF Iteration 333: Energy = 4.4205324636623162 dE = -1.65958E-01
SCF Iteration 334: Energy = 4.5864908250063987 dE =  1.65958E-01
SCF Iteration 335: Energy = 4.4205324636623233 dE = -1.65958E-01
SCF Iteration 336: Energy = 4.5864908250064005 dE =  1.65958E-01
SCF Iteration 337: Energy = 4.4205324636623278 dE = -1.65958E-01
SCF Iteration 338: Energy = 4.5864908250064040 dE =  1.65958E-01
SCF Iteration 339: Energy = 4.4205324636623207 dE = -1.65958E-01
SCF Iteration 340: Energy = 4.5864908250063934 dE =  1.65958E-01
SCF Iteration 341: Energy = 4.4205324636623224 dE = -1.65958E-01
SCF Iteration 342: Energy = 4.5864908250064023 dE =  1.65958E-01
SCF Iteration 343: Energy = 4.4205324636623242 dE = -1.65958E-01
SCF Iteration 344: Energy = 4.5864908250064067 dE =  1.65958E-01
SCF Iteration 345: Energy = 4.4205324636623278 dE = -1.65958E-01
SCF Iteration 346: Energy = 4.5864908250063978 dE =  1.65958E-01
SCF Iteration 347: Energy = 4.4205324636623127 dE = -1.65958E-01
SCF Iteration 348: Energy = 4.5864908250063987 dE =  1.65958E-01
SCF Iteration 349: Energy = 4.4205324636623136 dE = -1.65958E-01
SCF Iteration 350: Energy = 4.5864908250063978 dE =  1.65958E-01
SCF Iteration 351: Energy = 4.4205324636623136 dE = -1.65958E-01
SCF Iteration 352: Energy = 4.5864908250063943 dE =  1.65958E-01
SCF Iteration 353: Energy = 4.4205324636623100 dE = -1.65958E-01
SCF Iteration 354: Energy = 4.5864908250063925 dE =  1.65958E-01
SCF Iteration 355: Energy = 4.4205324636623144 dE = -1.65958E-01
SCF Iteration 356: Energy = 4.5864908250063934 dE =  1.65958E-01
SCF Iteration 357: Energy = 4.4205324636623189 dE = -1.65958E-01
SCF Iteration 358: Energy = 4.5864908250063969 dE =  1.65958E-01
SCF Iteration 359: Energy = 4.4205324636623198 dE = -1.65958E-01
SCF Iteration 360: Energy = 4.5864908250063996 dE =  1.65958E-01
SCF Iteration 361: Energy = 4.4205324636623171 dE = -1.65958E-01
SCF Iteration 362: Energy = 4.5864908250063916 dE =  1.65958E-01
SCF Iteration 363: Energy = 4.4205324636623118 dE = -1.65958E-01
SCF Iteration 364: Energy = 4.5864908250063898 dE =  1.65958E-01
SCF Iteration 365: Energy = 4.4205324636623153 dE = -1.65958E-01
SCF Iteration 366: Energy = 4.5864908250063916 dE =  1.65958E-01
SCF Iteration 367: Energy = 4.4205324636623207 dE = -1.65958E-01
SCF Iteration 368: Energy = 4.5864908250063934 dE =  1.65958E-01
SCF Iteration 369: Energy = 4.4205324636623136 dE = -1.65958E-01
SCF Iteration 370: Energy = 4.5864908250063987 dE =  1.65958E-01
SCF Iteration 371: Energy = 4.4205324636623118 dE = -1.65958E-01
SCF Iteration 372: Energy = 4.5864908250063987 dE =  1.65958E-01
SCF Iteration 373: Energy = 4.4205324636623118 dE = -1.65958E-01
SCF Iteration 374: Energy = 4.5864908250063969 dE =  1.65958E-01
SCF Iteration 375: Energy = 4.4205324636623162 dE = -1.65958E-01
SCF Iteration 376: Energy = 4.5864908250063952 dE =  1.65958E-01
SCF Iteration 377: Energy = 4.4205324636623242 dE = -1.65958E-01
SCF Iteration 378: Energy = 4.5864908250063987 dE =  1.65958E-01
SCF Iteration 379: Energy = 4.4205324636623153 dE = -1.65958E-01
SCF Iteration 380: Energy = 4.5864908250063907 dE =  1.65958E-01
SCF Iteration 381: Energy = 4.4205324636623242 dE = -1.65958E-01
SCF Iteration 382: Energy = 4.5864908250063996 dE =  1.65958E-01
SCF Iteration 383: Energy = 4.4205324636623189 dE = -1.65958E-01
SCF Iteration 384: Energy = 4.5864908250063952 dE =  1.65958E-01
SCF Iteration 385: Energy = 4.4205324636623189 dE = -1.65958E-01
SCF Iteration 386: Energy = 4.5864908250063987 dE =  1.65958E-01
SCF Iteration 387: Energy = 4.4205324636623189 dE = -1.65958E-01
SCF Iteration 388: Energy = 4.5864908250063943 dE =  1.65958E-01
SCF Iteration 389: Energy = 4.4205324636623189 dE = -1.65958E-01
SCF Iteration 390: Energy = 4.5864908250063969 dE =  1.65958E-01
SCF Iteration 391: Energy = 4.4205324636623118 dE = -1.65958E-01
SCF Iteration 392: Energy = 4.5864908250063943 dE =  1.65958E-01
SCF Iteration 393: Energy = 4.4205324636623216 dE = -1.65958E-01
SCF Iteration 394: Energy = 4.5864908250064005 dE =  1.65958E-01
SCF Iteration 395: Energy = 4.4205324636623233 dE = -1.65958E-01
SCF Iteration 396: Energy = 4.5864908250064005 dE =  1.65958E-01
SCF Iteration 397: Energy = 4.4205324636623180 dE = -1.65958E-01
SCF Iteration 398: Energy = 4.5864908250063952 dE =  1.65958E-01
SCF Iteration 399: Energy = 4.4205324636623251 dE = -1.65958E-01
SCF Iteration 400: Energy = 4.5864908250064023 dE =  1.65958E-01
SCF Iteration 401: Energy = 4.4205324636623242 dE = -1.65958E-01
SCF Iteration 402: Energy = 4.5864908250064085 dE =  1.65958E-01
SCF Iteration 403: Energy = 4.4205324636623278 dE = -1.65958E-01
SCF Iteration 404: Energy = 4.5864908250064058 dE =  1.65958E-01
SCF Iteration 405: Energy = 4.4205324636623162 dE = -1.65958E-01
SCF Iteration 406: Energy = 4.5864908250064005 dE =  1.65958E-01
SCF Iteration 407: Energy = 4.4205324636623224 dE = -1.65958E-01
SCF Iteration 408: Energy = 4.5864908250063943 dE =  1.65958E-01
SCF Iteration 409: Energy = 4.4205324636623269 dE = -1.65958E-01
SCF Iteration 410: Energy = 4.5864908250063960 dE =  1.65958E-01
SCF Iteration 411: Energy = 4.4205324636623153 dE = -1.65958E-01
SCF Iteration 412: Energy = 4.5864908250063978 dE =  1.65958E-01
SCF Iteration 413: Energy = 4.4205324636623287 dE = -1.65958E-01
SCF Iteration 414: Energy = 4.5864908250064049 dE =  1.65958E-01
SCF Iteration 415: Energy = 4.4205324636623295 dE = -1.65958E-01
SCF Iteration 416: Energy = 4.5864908250064067 dE =  1.65958E-01
SCF Iteration 417: Energy = 4.4205324636623278 dE = -1.65958E-01
SCF Iteration 418: Energy = 4.5864908250064014 dE =  1.65958E-01
SCF Iteration 419: Energy = 4.4205324636623136 dE = -1.65958E-01
SCF Iteration 420: Energy = 4.5864908250064005 dE =  1.65958E-01
SCF Iteration 421: Energy = 4.4205324636623207 dE = -1.65958E-01
SCF Iteration 422: Energy = 4.5864908250064058 dE =  1.65958E-01
SCF Iteration 423: Energy = 4.4205324636623242 dE = -1.65958E-01
SCF Iteration 424: Energy = 4.5864908250064031 dE =  1.65958E-01
SCF Iteration 425: Energy = 4.4205324636623233 dE = -1.65958E-01
SCF Iteration 426: Energy = 4.5864908250063934 dE =  1.65958E-01
SCF Iteration 427: Energy = 4.4205324636623162 dE = -1.65958E-01
SCF Iteration 428: Energy = 4.5864908250063934 dE =  1.65958E-01
SCF Iteration 429: Energy = 4.4205324636623189 dE = -1.65958E-01
SCF Iteration 430: Energy = 4.5864908250063960 dE =  1.65958E-01
SCF Iteration 431: Energy = 4.4205324636623153 dE = -1.65958E-01
SCF Iteration 432: Energy = 4.5864908250063916 dE =  1.65958E-01
SCF Iteration 433: Energy = 4.4205324636623189 dE = -1.65958E-01
SCF Iteration 434: Energy = 4.5864908250063934 dE =  1.65958E-01
SCF Iteration 435: Energy = 4.4205324636623153 dE = -1.65958E-01
SCF Iteration 436: Energy = 4.5864908250063952 dE =  1.65958E-01
SCF Iteration 437: Energy = 4.4205324636623065 dE = -1.65958E-01
SCF Iteration 438: Energy = 4.5864908250063916 dE =  1.65958E-01
SCF Iteration 439: Energy = 4.4205324636623162 dE = -1.65958E-01
SCF Iteration 440: Energy = 4.5864908250063925 dE =  1.65958E-01
SCF Iteration 441: Energy = 4.4205324636623153 dE = -1.65958E-01
SCF Iteration 442: Energy = 4.5864908250063907 dE =  1.65958E-01
SCF Iteration 443: Energy = 4.4205324636623162 dE = -1.65958E-01
SCF Iteration 444: Energy = 4.5864908250063960 dE =  1.65958E-01
SCF Iteration 445: Energy = 4.4205324636623207 dE = -1.65958E-01
SCF Iteration 446: Energy = 4.5864908250063987 dE =  1.65958E-01
SCF Iteration 447: Energy = 4.4205324636623171 dE = -1.65958E-01
SCF Iteration 448: Energy = 4.5864908250063943 dE =  1.65958E-01
SCF Iteration 449: Energy = 4.4205324636623224 dE = -1.65958E-01
SCF Iteration 450: Energy = 4.5864908250064023 dE =  1.65958E-01
SCF Iteration 451: Energy = 4.4205324636623171 dE = -1.65958E-01
SCF Iteration 452: Energy = 4.5864908250064023 dE =  1.65958E-01
SCF Iteration 453: Energy = 4.4205324636623233 dE = -1.65958E-01
SCF Iteration 454: Energy = 4.5864908250064076 dE =  1.65958E-01
SCF Iteration 455: Energy = 4.4205324636623189 dE = -1.65958E-01
SCF Iteration 456: Energy = 4.5864908250063987 dE =  1.65958E-01
SCF Iteration 457: Energy = 4.4205324636623224 dE = -1.65958E-01
SCF Iteration 458: Energy = 4.5864908250064014 dE =  1.65958E-01
SCF Iteration 459: Energy = 4.4205324636623224 dE = -1.65958E-01
SCF Iteration 460: Energy = 4.5864908250064058 dE =  1.65958E-01
SCF Iteration 461: Energy = 4.4205324636623251 dE = -1.65958E-01
SCF Iteration 462: Energy = 4.5864908250064076 dE =  1.65958E-01
SCF Iteration 463: Energy = 4.4205324636623260 dE = -1.65958E-01
SCF Iteration 464: Energy = 4.5864908250064094 dE =  1.65958E-01
SCF Iteration 465: Energy = 4.4205324636623269 dE = -1.65958E-01
SCF Iteration 466: Energy = 4.5864908250064111 dE =  1.65958E-01
SCF Iteration 467: Energy = 4.4205324636623331 dE = -1.65958E-01
SCF Iteration 468: Energy = 4.5864908250064023 dE =  1.65958E-01
SCF Iteration 469: Energy = 4.4205324636623198 dE = -1.65958E-01
SCF Iteration 470: Energy = 4.5864908250063987 dE =  1.65958E-01
SCF Iteration 471: Energy = 4.4205324636623189 dE = -1.65958E-01
SCF Iteration 472: Energy = 4.5864908250064014 dE =  1.65958E-01
SCF Iteration 473: Energy = 4.4205324636623109 dE = -1.65958E-01
SCF Iteration 474: Energy = 4.5864908250063987 dE =  1.65958E-01
SCF Iteration 475: Energy = 4.4205324636623189 dE = -1.65958E-01
SCF Iteration 476: Energy = 4.5864908250064023 dE =  1.65958E-01
SCF Iteration 477: Energy = 4.4205324636623260 dE = -1.65958E-01
SCF Iteration 478: Energy = 4.5864908250064005 dE =  1.65958E-01
SCF Iteration 479: Energy = 4.4205324636623207 dE = -1.65958E-01
SCF Iteration 480: Energy = 4.5864908250064014 dE =  1.65958E-01
SCF Iteration 481: Energy = 4.4205324636623171 dE = -1.65958E-01
SCF Iteration 482: Energy = 4.5864908250063934 dE =  1.65958E-01
SCF Iteration 483: Energy = 4.4205324636623189 dE = -1.65958E-01
SCF Iteration 484: Energy = 4.5864908250063952 dE =  1.65958E-01
SCF Iteration 485: Energy = 4.4205324636623224 dE = -1.65958E-01
SCF Iteration 486: Energy = 4.5864908250063952 dE =  1.65958E-01
SCF Iteration 487: Energy = 4.4205324636623171 dE = -1.65958E-01
SCF Iteration 488: Energy = 4.5864908250063969 dE =  1.65958E-01
SCF Iteration 489: Energy = 4.4205324636623233 dE = -1.65958E-01
SCF Iteration 490: Energy = 4.5864908250063952 dE =  1.65958E-01
SCF Iteration 491: Energy = 4.4205324636623127 dE = -1.65958E-01
SCF Iteration 492: Energy = 4.5864908250063952 dE =  1.65958E-01
SCF Iteration 493: Energy = 4.4205324636623242 dE = -1.65958E-01
SCF Iteration 494: Energy = 4.5864908250063969 dE =  1.65958E-01
SCF Iteration 495: Energy = 4.4205324636623260 dE = -1.65958E-01
SCF Iteration 496: Energy = 4.5864908250063987 dE =  1.65958E-01
SCF Iteration 497: Energy = 4.4205324636623189 dE = -1.65958E-01
SCF Iteration 498: Energy = 4.5864908250063881 dE =  1.65958E-01
SCF Iteration 499: Energy = 4.4205324636623224 dE = -1.65958E-01
SCF Iteration 500: Energy = 4.5864908250063943 dE =  1.65958E-01
