
  Memory set to  55.879 GiB by Python driver.
  Threads set to 1 by Python driver.
Settings:
	LOT = CCSD-S2-U22
	wc = 20.0 eV
	lambda = [1.091182 0.       0.      ] a.u.
	Equivalent A0 = LAMBDA / sqrt(2 wc) = [0.9 0.  0. ])
doing QED-CCSD-Full (or QED-CCSD-22)
Number of occupied orbitals:   1
Number of basis functions:  60
SCF Iteration   1: Energy = 1.9608224069842579 dE =  1.96082E+00
SCF Iteration   2: Energy = 2.8880007731678350 dE =  9.27178E-01
SCF Iteration   3: Energy = 2.1017178015409890 dE = -7.86283E-01
SCF Iteration   4: Energy = 2.8010051790505583 dE =  6.99287E-01
SCF Iteration   5: Energy = 2.1062214544408802 dE = -6.94784E-01
SCF Iteration   6: Energy = 2.7669385279072292 dE =  6.60717E-01
SCF Iteration   7: Energy = 2.0895003475234333 dE = -6.77438E-01
SCF Iteration   8: Energy = 2.7464376729416191 dE =  6.56937E-01
SCF Iteration   9: Energy = 2.0726235980030285 dE = -6.73814E-01
SCF Iteration  10: Energy = 2.7328176026444067 dE =  6.60194E-01
SCF Iteration  11: Energy = 2.0592811615902979 dE = -6.73536E-01
SCF Iteration  12: Energy = 2.7235789842781064 dE =  6.64298E-01
SCF Iteration  13: Energy = 2.0495076951784799 dE = -6.74071E-01
SCF Iteration  14: Energy = 2.7173108918572670 dE =  6.67803E-01
SCF Iteration  15: Energy = 2.0426029708846047 dE = -6.74708E-01
SCF Iteration  16: Energy = 2.7130784848263687 dE =  6.70476E-01
SCF Iteration  17: Energy = 2.0378278824130645 dE = -6.75251E-01
SCF Iteration  18: Energy = 2.7102353776085670 dE =  6.72407E-01
SCF Iteration  19: Energy = 2.0345711753171836 dE = -6.75664E-01
SCF Iteration  20: Energy = 2.7083337898188398 dE =  6.73763E-01
SCF Iteration  21: Energy = 2.0323709538291701 dE = -6.75963E-01
SCF Iteration  22: Energy = 2.7070661644484182 dE =  6.74695E-01
SCF Iteration  23: Energy = 2.0308942166363337 dE = -6.76172E-01
SCF Iteration  24: Energy = 2.7062232350580371 dE =  6.75329E-01
SCF Iteration  25: Energy = 2.0299076099237645 dE = -6.76316E-01
SCF Iteration  26: Energy = 2.7056637236950190 dE =  6.75756E-01
SCF Iteration  27: Energy = 2.0292505869738480 dE = -6.76413E-01
SCF Iteration  28: Energy = 2.7052928193902810 dE =  6.76042E-01
SCF Iteration  29: Energy = 2.0288140451060563 dE = -6.76479E-01
SCF Iteration  30: Energy = 2.7050471735610464 dE =  6.76233E-01
SCF Iteration  31: Energy = 2.0285244638610362 dE = -6.76523E-01
SCF Iteration  32: Energy = 2.7048845937028814 dE =  6.76360E-01
SCF Iteration  33: Energy = 2.0283325887196186 dE = -6.76552E-01
SCF Iteration  34: Energy = 2.7047770421205373 dE =  6.76444E-01
SCF Iteration  35: Energy = 2.0282055560949366 dE = -6.76571E-01
SCF Iteration  36: Energy = 2.7047059176603025 dE =  6.76500E-01
SCF Iteration  37: Energy = 2.0281215013250979 dE = -6.76584E-01
SCF Iteration  38: Energy = 2.7046588940746106 dE =  6.76537E-01
SCF Iteration  39: Energy = 2.0280659067488975 dE = -6.76593E-01
SCF Iteration  40: Energy = 2.7046278100392223 dE =  6.76562E-01
SCF Iteration  41: Energy = 2.0280291466385028 dE = -6.76599E-01
SCF Iteration  42: Energy = 2.7046072650669655 dE =  6.76578E-01
SCF Iteration  43: Energy = 2.0280048452021955 dE = -6.76602E-01
SCF Iteration  44: Energy = 2.7045936870720166 dE =  6.76589E-01
SCF Iteration  45: Energy = 2.0279887823121054 dE = -6.76605E-01
SCF Iteration  46: Energy = 2.7045847140523165 dE =  6.76596E-01
SCF Iteration  47: Energy = 2.0279781660801377 dE = -6.76607E-01
SCF Iteration  48: Energy = 2.7045787844945033 dE =  6.76601E-01
SCF Iteration  49: Energy = 2.0279711501522937 dE = -6.76608E-01
SCF Iteration  50: Energy = 2.7045748662433735 dE =  6.76604E-01
SCF Iteration  51: Energy = 2.0279665137929235 dE = -6.76608E-01
SCF Iteration  52: Energy = 2.7045722771217107 dE =  6.76606E-01
SCF Iteration  53: Energy = 2.0279634500458275 dE = -6.76609E-01
SCF Iteration  54: Energy = 2.7045705662962636 dE =  6.76607E-01
SCF Iteration  55: Energy = 2.0279614255483005 dE = -6.76609E-01
SCF Iteration  56: Energy = 2.7045694358393844 dE =  6.76608E-01
SCF Iteration  57: Energy = 2.0279600878030197 dE = -6.76609E-01
SCF Iteration  58: Energy = 2.7045686888769143 dE =  6.76609E-01
SCF Iteration  59: Energy = 2.0279592038609633 dE = -6.76609E-01
SCF Iteration  60: Energy = 2.7045681953156566 dE =  6.76609E-01
SCF Iteration  61: Energy = 2.0279586197840271 dE = -6.76610E-01
SCF Iteration  62: Energy = 2.7045678691925534 dE =  6.76609E-01
SCF Iteration  63: Energy = 2.0279582338497315 dE = -6.76610E-01
SCF Iteration  64: Energy = 2.7045676537056944 dE =  6.76609E-01
SCF Iteration  65: Energy = 2.0279579788412585 dE = -6.76610E-01
SCF Iteration  66: Energy = 2.7045675113223755 dE =  6.76610E-01
SCF Iteration  67: Energy = 2.0279578103434139 dE = -6.76610E-01
SCF Iteration  68: Energy = 2.7045674172424765 dE =  6.76610E-01
SCF Iteration  69: Energy = 2.0279576990080548 dE = -6.76610E-01
SCF Iteration  70: Energy = 2.7045673550791816 dE =  6.76610E-01
SCF Iteration  71: Energy = 2.0279576254430931 dE = -6.76610E-01
SCF Iteration  72: Energy = 2.7045673140048065 dE =  6.76610E-01
SCF Iteration  73: Energy = 2.0279575768350080 dE = -6.76610E-01
SCF Iteration  74: Energy = 2.7045672868649397 dE =  6.76610E-01
SCF Iteration  75: Energy = 2.0279575447172284 dE = -6.76610E-01
SCF Iteration  76: Energy = 2.7045672689323079 dE =  6.76610E-01
SCF Iteration  77: Energy = 2.0279575234954348 dE = -6.76610E-01
SCF Iteration  78: Energy = 2.7045672570833372 dE =  6.76610E-01
SCF Iteration  79: Energy = 2.0279575094731483 dE = -6.76610E-01
SCF Iteration  80: Energy = 2.7045672492541493 dE =  6.76610E-01
SCF Iteration  81: Energy = 2.0279575002079389 dE = -6.76610E-01
SCF Iteration  82: Energy = 2.7045672440810238 dE =  6.76610E-01
SCF Iteration  83: Energy = 2.0279574940859635 dE = -6.76610E-01
SCF Iteration  84: Energy = 2.7045672406628820 dE =  6.76610E-01
SCF Iteration  85: Energy = 2.0279574900408703 dE = -6.76610E-01
SCF Iteration  86: Energy = 2.7045672384043571 dE =  6.76610E-01
SCF Iteration  87: Energy = 2.0279574873680866 dE = -6.76610E-01
SCF Iteration  88: Energy = 2.7045672369120370 dE =  6.76610E-01
SCF Iteration  89: Energy = 2.0279574856020499 dE = -6.76610E-01
SCF Iteration  90: Energy = 2.7045672359259840 dE =  6.76610E-01
SCF Iteration  91: Energy = 2.0279574844351331 dE = -6.76610E-01
SCF Iteration  92: Energy = 2.7045672352744599 dE =  6.76610E-01
SCF Iteration  93: Energy = 2.0279574836641046 dE = -6.76610E-01
SCF Iteration  94: Energy = 2.7045672348439584 dE =  6.76610E-01
SCF Iteration  95: Energy = 2.0279574831546459 dE = -6.76610E-01
SCF Iteration  96: Energy = 2.7045672345595135 dE =  6.76610E-01
SCF Iteration  97: Energy = 2.0279574828180218 dE = -6.76610E-01
SCF Iteration  98: Energy = 2.7045672343715599 dE =  6.76610E-01
SCF Iteration  99: Energy = 2.0279574825955939 dE = -6.76610E-01
SCF Iteration 100: Energy = 2.7045672342473726 dE =  6.76610E-01
SCF Iteration 101: Energy = 2.0279574824486324 dE = -6.76610E-01
SCF Iteration 102: Energy = 2.7045672341653195 dE =  6.76610E-01
SCF Iteration 103: Energy = 2.0279574823515309 dE = -6.76610E-01
SCF Iteration 104: Energy = 2.7045672341110962 dE =  6.76610E-01
SCF Iteration 105: Energy = 2.0279574822873601 dE = -6.76610E-01
SCF Iteration 106: Energy = 2.7045672340752764 dE =  6.76610E-01
SCF Iteration 107: Energy = 2.0279574822449695 dE = -6.76610E-01
SCF Iteration 108: Energy = 2.7045672340516025 dE =  6.76610E-01
SCF Iteration 109: Energy = 2.0279574822169550 dE = -6.76610E-01
SCF Iteration 110: Energy = 2.7045672340359670 dE =  6.76610E-01
SCF Iteration 111: Energy = 2.0279574821984458 dE = -6.76610E-01
SCF Iteration 112: Energy = 2.7045672340256290 dE =  6.76610E-01
SCF Iteration 113: Energy = 2.0279574821862094 dE = -6.76610E-01
SCF Iteration 114: Energy = 2.7045672340187923 dE =  6.76610E-01
SCF Iteration 115: Energy = 2.0279574821781270 dE = -6.76610E-01
SCF Iteration 116: Energy = 2.7045672340142901 dE =  6.76610E-01
SCF Iteration 117: Energy = 2.0279574821727930 dE = -6.76610E-01
SCF Iteration 118: Energy = 2.7045672340113009 dE =  6.76610E-01
SCF Iteration 119: Energy = 2.0279574821692581 dE = -6.76610E-01
SCF Iteration 120: Energy = 2.7045672340093225 dE =  6.76610E-01
SCF Iteration 121: Energy = 2.0279574821669271 dE = -6.76610E-01
SCF Iteration 122: Energy = 2.7045672340080200 dE =  6.76610E-01
SCF Iteration 123: Energy = 2.0279574821653785 dE = -6.76610E-01
SCF Iteration 124: Energy = 2.7045672340071389 dE =  6.76610E-01
SCF Iteration 125: Energy = 2.0279574821643447 dE = -6.76610E-01
SCF Iteration 126: Energy = 2.7045672340065545 dE =  6.76610E-01
SCF Iteration 127: Energy = 2.0279574821636666 dE = -6.76610E-01
SCF Iteration 128: Energy = 2.7045672340061455 dE =  6.76610E-01
SCF Iteration 129: Energy = 2.0279574821631874 dE = -6.76610E-01
SCF Iteration 130: Energy = 2.7045672340058355 dE =  6.76610E-01
SCF Iteration 131: Energy = 2.0279574821628450 dE = -6.76610E-01
SCF Iteration 132: Energy = 2.7045672340055615 dE =  6.76610E-01
SCF Iteration 133: Energy = 2.0279574821625590 dE = -6.76610E-01
SCF Iteration 134: Energy = 2.7045672340052809 dE =  6.76610E-01
SCF Iteration 135: Energy = 2.0279574821622823 dE = -6.76610E-01
SCF Iteration 136: Energy = 2.7045672340048972 dE =  6.76610E-01
SCF Iteration 137: Energy = 2.0279574821619284 dE = -6.76610E-01
SCF Iteration 138: Energy = 2.7045672340043314 dE =  6.76610E-01
SCF Iteration 139: Energy = 2.0279574821614426 dE = -6.76610E-01
SCF Iteration 140: Energy = 2.7045672340033975 dE =  6.76610E-01
SCF Iteration 141: Energy = 2.0279574821606370 dE = -6.76610E-01
SCF Iteration 142: Energy = 2.7045672340018463 dE =  6.76610E-01
SCF Iteration 143: Energy = 2.0279574821593149 dE = -6.76610E-01
SCF Iteration 144: Energy = 2.7045672339992115 dE =  6.76610E-01
SCF Iteration 145: Energy = 2.0279574821570807 dE = -6.76610E-01
SCF Iteration 146: Energy = 2.7045672339947471 dE =  6.76610E-01
SCF Iteration 147: Energy = 2.0279574821532962 dE = -6.76610E-01
SCF Iteration 148: Energy = 2.7045672339871225 dE =  6.76610E-01
SCF Iteration 149: Energy = 2.0279574821468365 dE = -6.76610E-01
SCF Iteration 150: Energy = 2.7045672339741111 dE =  6.76610E-01
SCF Iteration 151: Energy = 2.0279574821358248 dE = -6.76610E-01
SCF Iteration 152: Energy = 2.7045672339519111 dE =  6.76610E-01
SCF Iteration 153: Energy = 2.0279574821170443 dE = -6.76610E-01
SCF Iteration 154: Energy = 2.7045672339140059 dE =  6.76610E-01
SCF Iteration 155: Energy = 2.0279574820849549 dE = -6.76610E-01
SCF Iteration 156: Energy = 2.7045672338492923 dE =  6.76610E-01
SCF Iteration 157: Energy = 2.0279574820301822 dE = -6.76610E-01
SCF Iteration 158: Energy = 2.7045672337388140 dE =  6.76610E-01
SCF Iteration 159: Energy = 2.0279574819366735 dE = -6.76610E-01
SCF Iteration 160: Energy = 2.7045672335502036 dE =  6.76610E-01
SCF Iteration 161: Energy = 2.0279574817770336 dE = -6.76610E-01
SCF Iteration 162: Energy = 2.7045672332281994 dE =  6.76610E-01
SCF Iteration 163: Energy = 2.0279574815044881 dE = -6.76610E-01
SCF Iteration 164: Energy = 2.7045672326784689 dE =  6.76610E-01
SCF Iteration 165: Energy = 2.0279574810391932 dE = -6.76610E-01
SCF Iteration 166: Energy = 2.7045672317399490 dE =  6.76610E-01
SCF Iteration 167: Energy = 2.0279574802448321 dE = -6.76610E-01
SCF Iteration 168: Energy = 2.7045672301376849 dE =  6.76610E-01
SCF Iteration 169: Energy = 2.0279574788886778 dE = -6.76610E-01
SCF Iteration 170: Energy = 2.7045672274022308 dE =  6.76610E-01
SCF Iteration 171: Energy = 2.0279574765733930 dE = -6.76610E-01
SCF Iteration 172: Energy = 2.7045672227321691 dE =  6.76610E-01
SCF Iteration 173: Energy = 2.0279574726206611 dE = -6.76610E-01
SCF Iteration 174: Energy = 2.7045672147592921 dE =  6.76610E-01
SCF Iteration 175: Energy = 2.0279574658724262 dE = -6.76610E-01
SCF Iteration 176: Energy = 2.7045672011477162 dE =  6.76610E-01
SCF Iteration 177: Energy = 2.0279574543516095 dE = -6.76610E-01
SCF Iteration 178: Energy = 2.7045671779095697 dE =  6.76610E-01
SCF Iteration 179: Energy = 2.0279574346828695 dE = -6.76610E-01
SCF Iteration 180: Energy = 2.7045671382366181 dE =  6.76610E-01
SCF Iteration 181: Energy = 2.0279574011037322 dE = -6.76610E-01
SCF Iteration 182: Energy = 2.7045670705056004 dE =  6.76610E-01
SCF Iteration 183: Energy = 2.0279573437762726 dE = -6.76610E-01
SCF Iteration 184: Energy = 2.7045669548728872 dE =  6.76610E-01
SCF Iteration 185: Energy = 2.0279572459048900 dE = -6.76610E-01
SCF Iteration 186: Energy = 2.7045667574608125 dE =  6.76610E-01
SCF Iteration 187: Energy = 2.0279570788155579 dE = -6.76610E-01
SCF Iteration 188: Energy = 2.7045664204322031 dE =  6.76609E-01
SCF Iteration 189: Energy = 2.0279567935549738 dE = -6.76610E-01
SCF Iteration 190: Energy = 2.7045658450456331 dE =  6.76609E-01
SCF Iteration 191: Energy = 2.0279563065485271 dE = -6.76610E-01
SCF Iteration 192: Energy = 2.7045648627264920 dE =  6.76609E-01
SCF Iteration 193: Energy = 2.0279554751149327 dE = -6.76609E-01
SCF Iteration 194: Energy = 2.7045631856790817 dE =  6.76608E-01
SCF Iteration 195: Energy = 2.0279540556644409 dE = -6.76609E-01
SCF Iteration 196: Energy = 2.7045603225705190 dE =  6.76606E-01
SCF Iteration 197: Energy = 2.0279516323339761 dE = -6.76609E-01
SCF Iteration 198: Energy = 2.7045554345855560 dE =  6.76604E-01
SCF Iteration 199: Energy = 2.0279474951527852 dE = -6.76608E-01
SCF Iteration 200: Energy = 2.7045470896850250 dE =  6.76600E-01
SCF Iteration 201: Energy = 2.0279404320488297 dE = -6.76607E-01
SCF Iteration 202: Energy = 2.7045328430859055 dE =  6.76592E-01
SCF Iteration 203: Energy = 2.0279283737729141 dE = -6.76604E-01
SCF Iteration 204: Energy = 2.7045085210970821 dE =  6.76580E-01
SCF Iteration 205: Energy = 2.0279077877534668 dE = -6.76601E-01
SCF Iteration 206: Energy = 2.7044669986175300 dE =  6.76559E-01
SCF Iteration 207: Energy = 2.0278726434171368 dE = -6.76594E-01
SCF Iteration 208: Energy = 2.7043961125010942 dE =  6.76523E-01
SCF Iteration 209: Energy = 2.0278126461933512 dE = -6.76583E-01
SCF Iteration 210: Energy = 2.7042751005266634 dE =  6.76462E-01
SCF Iteration 211: Energy = 2.0277102238422393 dE = -6.76565E-01
SCF Iteration 212: Energy = 2.7040685258059822 dE =  6.76358E-01
SCF Iteration 213: Energy = 2.0275353851854021 dE = -6.76533E-01
SCF Iteration 214: Energy = 2.7037159157441728 dE =  6.76181E-01
SCF Iteration 215: Energy = 2.0272369537527530 dE = -6.76479E-01
SCF Iteration 216: Energy = 2.7031141065771886 dE =  6.75877E-01
SCF Iteration 217: Energy = 2.0267276335902138 dE = -6.76386E-01
SCF Iteration 218: Energy = 2.7020871981754997 dE =  6.75360E-01
SCF Iteration 219: Energy = 2.0258586063053827 dE = -6.76229E-01
SCF Iteration 220: Energy = 2.7003355414218344 dE =  6.74477E-01
SCF Iteration 221: Energy = 2.0243764332777854 dE = -6.75959E-01
SCF Iteration 222: Energy = 2.6973494653482528 dE =  6.72973E-01
SCF Iteration 223: Energy = 2.0218502642007028 dE = -6.75499E-01
SCF Iteration 224: Energy = 2.6922643572475535 dE =  6.70414E-01
SCF Iteration 225: Energy = 2.0175498411539432 dE = -6.74715E-01
SCF Iteration 226: Energy = 2.6836200785409217 dE =  6.66070E-01
SCF Iteration 227: Energy = 2.0102437761922269 dE = -6.73376E-01
SCF Iteration 228: Energy = 2.6689697688791454 dE =  6.58726E-01
SCF Iteration 229: Energy = 1.9978738675472734 dE = -6.71096E-01
SCF Iteration 230: Energy = 2.6442671586458193 dE =  6.46393E-01
SCF Iteration 231: Energy = 1.9770516718683475 dE = -6.67215E-01
SCF Iteration 232: Energy = 2.6029729146769074 dE =  6.25921E-01
SCF Iteration 233: Energy = 1.9423431577542847 dE = -6.60630E-01
SCF Iteration 234: Energy = 2.5349335402564144 dE =  5.92590E-01
SCF Iteration 235: Energy = 1.8854252007283985 dE = -6.49508E-01
SCF Iteration 236: Energy = 2.4254710002111435 dE =  5.40046E-01
SCF Iteration 237: Energy = 1.7945610348253582 dE = -6.30910E-01
SCF Iteration 238: Energy = 2.2560301700503955 dE =  4.61469E-01
SCF Iteration 239: Energy = 1.6556274518161858 dE = -6.00403E-01
SCF Iteration 240: Energy = 2.0090811367688151 dE =  3.53454E-01
SCF Iteration 241: Energy = 1.4568833271449511 dE = -5.52198E-01
SCF Iteration 242: Energy = 1.6799297614284447 dE =  2.23046E-01
SCF Iteration 243: Energy = 1.1989011095628008 dE = -4.81029E-01
SCF Iteration 244: Energy = 1.2920380974462959 dE =  9.31370E-02
SCF Iteration 245: Energy = 0.9050749270170770 dE = -3.86963E-01
SCF Iteration 246: Energy = 0.9002182631053628 dE = -4.85666E-03
SCF Iteration 247: Energy = 0.6195584380502697 dE = -2.80660E-01
SCF Iteration 248: Energy = 0.5669545114426060 dE = -5.26039E-02
SCF Iteration 249: Energy = 0.3857138676449199 dE = -1.81241E-01
SCF Iteration 250: Energy = 0.3276087275882786 dE = -5.81051E-02
SCF Iteration 251: Energy = 0.2228745829243914 dE = -1.04734E-01
SCF Iteration 252: Energy = 0.1792029018870069 dE = -4.36717E-02
SCF Iteration 253: Energy = 0.1239803155219641 dE = -5.52226E-02
SCF Iteration 254: Energy = 0.0971156480975504 dE = -2.68647E-02
SCF Iteration 255: Energy = 0.0698848750687522 dE = -2.72308E-02
SCF Iteration 256: Energy = 0.0552568035700927 dE = -1.46281E-02
SCF Iteration 257: Energy = 0.0424177963621863 dE = -1.28390E-02
SCF Iteration 258: Energy = 0.0350447149543873 dE = -7.37308E-03
SCF Iteration 259: Energy = 0.0291611593699566 dE = -5.88356E-03
SCF Iteration 260: Energy = 0.0256246378586913 dE = -3.53652E-03
SCF Iteration 261: Energy = 0.0229756691722005 dE = -2.64897E-03
SCF Iteration 262: Energy = 0.0213329931897035 dE = -1.64268E-03
SCF Iteration 263: Energy = 0.0201533338270181 dE = -1.17966E-03
SCF Iteration 264: Energy = 0.0194061702292316 dE = -7.47164E-04
SCF Iteration 265: Energy = 0.0188844363449063 dE = -5.21734E-04
SCF Iteration 266: Energy = 0.0185492485670040 dE = -3.35188E-04
SCF Iteration 267: Energy = 0.0183195107772378 dE = -2.29738E-04
SCF Iteration 268: Energy = 0.0181705055660353 dE = -1.49005E-04
SCF Iteration 269: Energy = 0.0180696323168648 dE = -1.00873E-04
SCF Iteration 270: Energy = 0.0180037921845146 dE = -6.58401E-05
SCF Iteration 271: Energy = 0.0179595837397533 dE = -4.42084E-05
SCF Iteration 272: Energy = 0.0179306076777754 dE = -2.89761E-05
SCF Iteration 273: Energy = 0.0179112569574063 dE = -1.93507E-05
SCF Iteration 274: Energy = 0.0178985384764077 dE = -1.27185E-05
SCF Iteration 275: Energy = 0.0178900752545248 dE = -8.46322E-06
SCF Iteration 276: Energy = 0.0178845024857641 dE = -5.57277E-06
SCF Iteration 277: Energy = 0.0178808029674604 dE = -3.69952E-06
SCF Iteration 278: Energy = 0.0178783639782321 dE = -2.43899E-06
SCF Iteration 279: Energy = 0.0178767473494208 dE = -1.61663E-06
SCF Iteration 280: Energy = 0.0178756806827209 dE = -1.06667E-06
SCF Iteration 281: Energy = 0.0178749743820168 dE = -7.06301E-07
SCF Iteration 282: Energy = 0.0178745081019294 dE = -4.66280E-07
SCF Iteration 283: Energy = 0.0178741995531113 dE = -3.08549E-07
SCF Iteration 284: Energy = 0.0178739957808669 dE = -2.03772E-07
SCF Iteration 285: Energy = 0.0178738609958229 dE = -1.34785E-07
SCF Iteration 286: Energy = 0.0178737719572668 dE = -8.90386E-08
SCF Iteration 287: Energy = 0.0178737130778446 dE = -5.88794E-08
SCF Iteration 288: Energy = 0.0178736741747834 dE = -3.89031E-08
SCF Iteration 289: Energy = 0.0178736484528250 dE = -2.57220E-08
SCF Iteration 290: Energy = 0.0178736314552084 dE = -1.69976E-08
SCF Iteration 291: Energy = 0.0178736202175935 dE = -1.12376E-08
SCF Iteration 292: Energy = 0.0178736127906589 dE = -7.42693E-09
SCF Iteration 293: Energy = 0.0178736078806554 dE = -4.91000E-09
SCF Iteration 294: Energy = 0.0178736046353083 dE = -3.24535E-09
SCF Iteration 295: Energy = 0.0178736024897788 dE = -2.14553E-09
SCF Iteration 296: Energy = 0.0178736010715230 dE = -1.41826E-09
SCF Iteration 297: Energy = 0.0178736001338877 dE = -9.37635E-10
SCF Iteration 298: Energy = 0.0178735995140284 dE = -6.19859E-10
SCF Iteration 299: Energy = 0.0178735991042078 dE = -4.09821E-10
SCF Iteration 300: Energy = 0.0178735988332610 dE = -2.70947E-10
SCF Iteration 301: Energy = 0.0178735986541114 dE = -1.79150E-10
SCF Iteration 302: Energy = 0.0178735985356657 dE = -1.18446E-10
SCF Iteration 303: Energy = 0.0178735984573408 dE = -7.83249E-11

SCF converged.
E_QED_HF          = 0.017873598457341
HF  (psi4)        = -1.003385002738556
Starting with the CCSD calculation:

Iter  Energy(CCSD)      E_diff    time(sec)
  1:  -0.1843000291  1.84300E-01   20.526
  2:  -0.2800023713  9.57023E-02   20.534
  3:  -0.3305103112  5.05079E-02   20.531
  4:  -0.3594669152  2.89566E-02   20.547
  5:  -0.3827228144  2.32559E-02   20.523
  6:  -0.4075674351  2.48446E-02   20.524
  7:  -0.4223465118  1.47791E-02   20.529
  8:  -0.4331333183  1.07868E-02   20.538
  9:  -0.4480371662  1.49038E-02   20.538
 10:  -0.4630598170  1.50227E-02   20.542
 11:  -0.4779521958  1.48924E-02   20.550
 12:  -0.4866241998  8.67200E-03   20.563
 13:  -0.4952021428  8.57794E-03   20.564
 14:  -0.5032108004  8.00866E-03   20.575
 15:  -0.5106244989  7.41370E-03   20.575
 16:  -0.5191551206  8.53062E-03   20.566
 17:  -0.5243003396  5.14522E-03   20.594
 18:  -0.5281663352  3.86600E-03   20.591
 19:  -0.5297158596  1.54952E-03   20.602
 20:  -0.5302171927  5.01333E-04   20.612
 21:  -0.5335181711  3.30098E-03   20.612
 22:  -0.5348071956  1.28902E-03   20.610
 23:  -0.5354465812  6.39386E-04   20.616
 24:  -0.5362503306  8.03749E-04   20.620
 25:  -0.5367107552  4.60425E-04   20.617
 26:  -0.5369829083  2.72153E-04   20.621
 27:  -0.5370406625  5.77542E-05   20.626
 28:  -0.5371216437  8.09812E-05   20.617
 29:  -0.5370974017  2.42420E-05   20.622
 30:  -0.5370820269  1.53747E-05   20.630
 31:  -0.5369854345  9.65924E-05   20.621
 32:  -0.5369054409  7.99937E-05   20.618
 33:  -0.5368213870  8.40539E-05   20.625
 34:  -0.5367391204  8.22666E-05   20.616
 35:  -0.5366715004  6.76199E-05   20.622
 36:  -0.5366113096  6.01909E-05   20.613
 37:  -0.5365881730  2.31365E-05   20.613
 38:  -0.5365459921  4.21810E-05   20.622
 39:  -0.5365311718  1.48203E-05   20.618
 40:  -0.5365234212  7.75061E-06   20.627
 41:  -0.5365168495  6.57162E-06   20.603
 42:  -0.5364981355  1.87141E-05   20.611
 43:  -0.5364748770  2.32585E-05   20.619
 44:  -0.5364621871  1.26898E-05   20.618
 45:  -0.5364478236  1.43635E-05   20.617
 46:  -0.5364403586  7.46506E-06   20.618
 47:  -0.5364355335  4.82511E-06   20.611
 48:  -0.5364277844  7.74909E-06   20.623
 49:  -0.5364130432  1.47412E-05   20.619
 50:  -0.5363939653  1.90779E-05   20.616
E_QED_CCSD  (Corr.)  = -0.536393965338490
E_QED_CCSD tot       = -0.518520366881149
E_CCSD_psi4 (Corr.)  = -0.063119840117851
E_CCSD_psi4 tot      = -1.066504842856407
