
  Memory set to  55.879 GiB by Python driver.
  Threads set to 1 by Python driver.
Settings:
	LOT = CCSD-S2-U22
	wc = 20.0 eV
	lambda = [1.091182 0.       0.      ] a.u.
	Equivalent A0 = LAMBDA / sqrt(2 wc) = [0.9 0.  0. ])
doing QED-CCSD-Full (or QED-CCSD-22)
Number of occupied orbitals:   1
Number of basis functions:  60
SCF Iteration   1: Energy = 0.5438796842682329 dE =  5.43880E-01
SCF Iteration   2: Energy = -0.2224445026634476 dE = -7.66324E-01
SCF Iteration   3: Energy = -0.2284764131027341 dE = -6.03191E-03
SCF Iteration   4: Energy = -0.2285857784745015 dE = -1.09365E-04
SCF Iteration   5: Energy = -0.2285886231684086 dE = -2.84469E-06
SCF Iteration   6: Energy = -0.2285887113309371 dE = -8.81625E-08
SCF Iteration   7: Energy = -0.2285887143014398 dE = -2.97050E-09
SCF Iteration   8: Energy = -0.2285887144053909 dE = -1.03951E-10
SCF Iteration   9: Energy = -0.2285887144090886 dE = -3.69771E-12

SCF converged.
E_QED_HF          = -0.228588714409089
HF  (psi4)        = -1.106295792322931
Starting with the CCSD calculation:

Iter  Energy(CCSD)      E_diff    time(sec)
  1:  -0.5148608078  5.14861E-01   20.262
  2:  -0.4841073569  3.07535E-02   20.269
  3:  -0.4907386247  6.63127E-03   20.259
  4:  -0.5135809714  2.28423E-02   20.261
  5:  -0.5270388155  1.34578E-02   20.257
  6:  -0.5270536407  1.48252E-05   20.263
  7:  -0.5302288848  3.17524E-03   20.250
  8:  -0.5334328309  3.20395E-03   20.257
  9:  -0.5341190641  6.86233E-04   20.257
 10:  -0.5347310974  6.12033E-04   20.259
 11:  -0.5349245026  1.93405E-04   20.275
 12:  -0.5349911937  6.66911E-05   20.273
 13:  -0.5350194657  2.82720E-05   20.290
 14:  -0.5350093307  1.01350E-05   20.283
 15:  -0.5350084753  8.55389E-07   20.292
 16:  -0.5350009910  7.48435E-06   20.298
 17:  -0.5349981153  2.87566E-06   20.312
 18:  -0.5349975577  5.57619E-07   20.308
 19:  -0.5349977230  1.65341E-07   20.328
 20:  -0.5349977546  3.15659E-08   20.334
 21:  -0.5349977896  3.50425E-08   20.354
 22:  -0.5349977586  3.10540E-08   20.362
 23:  -0.5349977973  3.87478E-08   20.352
 24:  -0.5349977138  8.35555E-08   20.351
 25:  -0.5349976944  1.93687E-08   20.356
 26:  -0.5349976534  4.09979E-08   20.352
 27:  -0.5349976738  2.03618E-08   20.354
 28:  -0.5349976752  1.47496E-09   20.366
E_QED_CCSD  (Corr.)  = -0.534997675249461
E_QED_CCSD tot       = -0.763586389658550
E_CCSD_psi4 (Corr.)  = -0.044175843177444
E_CCSD_psi4 tot      = -1.150471635500374
