
  Memory set to  55.879 GiB by Python driver.
  Threads set to 1 by Python driver.
Settings:
	LOT = CCSD-S2-U22
	wc = 20.0 eV
	lambda = [1.091182 0.       0.      ] a.u.
	Equivalent A0 = LAMBDA / sqrt(2 wc) = [0.9 0.  0. ])
doing QED-CCSD-Full (or QED-CCSD-22)
Number of occupied orbitals:   1
Number of basis functions:  60
SCF Iteration   1: Energy = 0.0448595875513156 dE =  4.48596E-02
SCF Iteration   2: Energy = -0.4344670756242428 dE = -4.79327E-01
SCF Iteration   3: Energy = -0.4385692636024909 dE = -4.10219E-03
SCF Iteration   4: Energy = -0.4386354826049070 dE = -6.62190E-05
SCF Iteration   5: Energy = -0.4386368852684472 dE = -1.40266E-06
SCF Iteration   6: Energy = -0.4386369211543268 dE = -3.58859E-08
SCF Iteration   7: Energy = -0.4386369222147695 dE = -1.06044E-09
SCF Iteration   8: Energy = -0.4386369222492907 dE = -3.45213E-11

SCF converged.
E_QED_HF          = -0.438636922249291
HF  (psi4)        = -1.133208531200906
Starting with the CCSD calculation:

Iter  Energy(CCSD)      E_diff    time(sec)
  1:  -0.3542848119  3.54285E-01   20.516
  2:  -0.3472984039  6.98641E-03   20.511
  3:  -0.3607875261  1.34891E-02   20.513
  4:  -0.3709243332  1.01368E-02   20.512
  5:  -0.3757467390  4.82241E-03   20.500
  6:  -0.3772880501  1.54131E-03   20.507
  7:  -0.3783310356  1.04299E-03   20.528
  8:  -0.3789046972  5.73662E-04   20.515
  9:  -0.3790670324  1.62335E-04   20.525
 10:  -0.3792000775  1.33045E-04   20.533
 11:  -0.3792045548  4.47724E-06   20.554
 12:  -0.3792191054  1.45507E-05   20.550
 13:  -0.3792166440  2.46143E-06   20.556
 14:  -0.3792133599  3.28413E-06   20.564
 15:  -0.3792122741  1.08578E-06   20.573
 16:  -0.3792115370  7.37136E-07   20.578
 17:  -0.3792116427  1.05724E-07   20.596
 18:  -0.3792117715  1.28854E-07   20.588
 19:  -0.3792118346  6.30986E-08   20.605
 20:  -0.3792118238  1.08953E-08   20.596
 21:  -0.3792118166  7.15838E-09   20.621
E_QED_CCSD  (Corr.)  = -0.379211816593718
E_QED_CCSD tot       = -0.817848738843008
E_CCSD_psi4 (Corr.)  = -0.040049257350319
E_CCSD_psi4 tot      = -1.173257788551225
