
  Memory set to  55.879 GiB by Python driver.
  Threads set to 1 by Python driver.
Settings:
	LOT = CCSD-S2-U22
	wc = 20.0 eV
	lambda = [1.091182 0.       0.      ] a.u.
	Equivalent A0 = LAMBDA / sqrt(2 wc) = [0.9 0.  0. ])
doing QED-CCSD-Full (or QED-CCSD-22)
Number of occupied orbitals:   1
Number of basis functions:  60
SCF Iteration   1: Energy = 0.8491403685616334 dE =  8.49140E-01
SCF Iteration   2: Energy = 2.2490699611122489 dE =  1.39993E+00
SCF Iteration   3: Energy = 0.9999488107861956 dE = -1.24912E+00
SCF Iteration   4: Energy = 2.2042135310195099 dE =  1.20426E+00
SCF Iteration   5: Energy = 0.9899086007487472 dE = -1.21430E+00
SCF Iteration   6: Energy = 2.1833947852184448 dE =  1.19349E+00
SCF Iteration   7: Energy = 0.9730869401763965 dE = -1.21031E+00
SCF Iteration   8: Energy = 2.1720836801669758 dE =  1.19900E+00
SCF Iteration   9: Energy = 0.9617624326997919 dE = -1.21032E+00
SCF Iteration  10: Energy = 2.1658135612745557 dE =  1.20405E+00
SCF Iteration  11: Energy = 0.9549133255877560 dE = -1.21090E+00
SCF Iteration  12: Energy = 2.1623222406928297 dE =  1.20741E+00
SCF Iteration  13: Energy = 0.9509214118741280 dE = -1.21140E+00
SCF Iteration  14: Energy = 2.1603820073062221 dE =  1.20946E+00
SCF Iteration  15: Energy = 0.9486422143563680 dE = -1.21174E+00
SCF Iteration  16: Energy = 2.1593073236185298 dE =  1.21067E+00
SCF Iteration  17: Energy = 0.9473580835558674 dE = -1.21195E+00
SCF Iteration  18: Energy = 2.1587138221344140 dE =  1.21136E+00
SCF Iteration  19: Energy = 0.9466409875006176 dE = -1.21207E+00
SCF Iteration  20: Energy = 2.1583868015980756 dE =  1.21175E+00
SCF Iteration  21: Energy = 0.9462429363229840 dE = -1.21214E+00
SCF Iteration  22: Energy = 2.1582069103714261 dE =  1.21196E+00
SCF Iteration  23: Energy = 0.9460228815566485 dE = -1.21218E+00
SCF Iteration  24: Energy = 2.1581080698551611 dE =  1.21209E+00
SCF Iteration  25: Energy = 0.9459015660045738 dE = -1.21221E+00
SCF Iteration  26: Energy = 2.1580538070007935 dE =  1.21215E+00
SCF Iteration  27: Energy = 0.9458348119049381 dE = -1.21222E+00
SCF Iteration  28: Energy = 2.1580240329519498 dE =  1.21219E+00
SCF Iteration  29: Energy = 0.9457981273058023 dE = -1.21223E+00
SCF Iteration  30: Energy = 2.1580076828399912 dE =  1.21221E+00
SCF Iteration  31: Energy = 0.9457779723871574 dE = -1.21223E+00
SCF Iteration  32: Energy = 2.1579983845689492 dE =  1.21222E+00
SCF Iteration  33: Energy = 0.9457666929876818 dE = -1.21223E+00
SCF Iteration  34: Energy = 2.1579878082594850 dE =  1.21222E+00
SCF Iteration  35: Energy = 0.9457568875261172 dE = -1.21223E+00
SCF Iteration  36: Energy = 2.1578919750323817 dE =  1.21214E+00
SCF Iteration  37: Energy = 0.9456920412288849 dE = -1.21220E+00
SCF Iteration  38: Energy = 2.1563611624942833 dE =  1.21067E+00
SCF Iteration  39: Energy = 0.9446802930428531 dE = -1.21168E+00
SCF Iteration  40: Energy = 2.1315926594519792 dE =  1.18691E+00
SCF Iteration  41: Energy = 0.9283838306460159 dE = -1.20321E+00
SCF Iteration  42: Energy = 1.8029970786002802 dE =  8.74613E-01
SCF Iteration  43: Energy = 0.7227264544357501 dE = -1.08027E+00
SCF Iteration  44: Energy = 0.5783696245740246 dE = -1.44357E-01
SCF Iteration  45: Energy = 0.1163282999722401 dE = -4.62041E-01
SCF Iteration  46: Energy = -0.0363077109584198 dE = -1.52636E-01
SCF Iteration  47: Energy = -0.1000829572638537 dE = -6.37752E-02
SCF Iteration  48: Energy = -0.1196267576860701 dE = -1.95438E-02
SCF Iteration  49: Energy = -0.1263688995840033 dE = -6.74214E-03
SCF Iteration  50: Energy = -0.1291531862592166 dE = -2.78429E-03
SCF Iteration  51: Energy = -0.1305713571530585 dE = -1.41817E-03
SCF Iteration  52: Energy = -0.1314014153997933 dE = -8.30058E-04
SCF Iteration  53: Energy = -0.1319155563391285 dE = -5.14141E-04
SCF Iteration  54: Energy = -0.1322421968141752 dE = -3.26640E-04
SCF Iteration  55: Energy = -0.1324519165282068 dE = -2.09720E-04
SCF Iteration  56: Energy = -0.1325875091240423 dE = -1.35593E-04
SCF Iteration  57: Energy = -0.1326756065225090 dE = -8.80974E-05
SCF Iteration  58: Energy = -0.1327330795213466 dE = -5.74730E-05
SCF Iteration  59: Energy = -0.1327706994448158 dE = -3.76199E-05
SCF Iteration  60: Energy = -0.1327953933316858 dE = -2.46939E-05
SCF Iteration  61: Energy = -0.1328116402002830 dE = -1.62469E-05
SCF Iteration  62: Energy = -0.1328223501169159 dE = -1.07099E-05
SCF Iteration  63: Energy = -0.1328294213066855 dE = -7.07119E-06
SCF Iteration  64: Energy = -0.1328340961525810 dE = -4.67485E-06
SCF Iteration  65: Energy = -0.1328371900740901 dE = -3.09392E-06
SCF Iteration  66: Energy = -0.1328392395118980 dE = -2.04944E-06
SCF Iteration  67: Energy = -0.1328405980584294 dE = -1.35855E-06
SCF Iteration  68: Energy = -0.1328414991557904 dE = -9.01097E-07
SCF Iteration  69: Energy = -0.1328420971259944 dE = -5.97970E-07
SCF Iteration  70: Energy = -0.1328424940977576 dE = -3.96972E-07
SCF Iteration  71: Energy = -0.1328427577190492 dE = -2.63621E-07
SCF Iteration  72: Energy = -0.1328429328312375 dE = -1.75112E-07
SCF Iteration  73: Energy = -0.1328430491758151 dE = -1.16345E-07
SCF Iteration  74: Energy = -0.1328431264888443 dE = -7.73130E-08
SCF Iteration  75: Energy = -0.1328431778721130 dE = -5.13833E-08
SCF Iteration  76: Energy = -0.1328432120261609 dE = -3.41540E-08
SCF Iteration  77: Energy = -0.1328432347302385 dE = -2.27041E-08
SCF Iteration  78: Energy = -0.1328432498240860 dE = -1.50938E-08
SCF Iteration  79: Energy = -0.1328432598592201 dE = -1.00351E-08
SCF Iteration  80: Energy = -0.1328432665314389 dE = -6.67222E-09
SCF Iteration  81: Energy = -0.1328432709678732 dE = -4.43643E-09
SCF Iteration  82: Energy = -0.1328432739178296 dE = -2.94996E-09
SCF Iteration  83: Energy = -0.1328432758794122 dE = -1.96158E-09
SCF Iteration  84: Energy = -0.1328432771838051 dE = -1.30439E-09
SCF Iteration  85: Energy = -0.1328432780512147 dE = -8.67410E-10
SCF Iteration  86: Energy = -0.1328432786280179 dE = -5.76803E-10
SCF Iteration  87: Energy = -0.1328432790116070 dE = -3.83589E-10
SCF Iteration  88: Energy = -0.1328432792666859 dE = -2.55079E-10
SCF Iteration  89: Energy = -0.1328432794363246 dE = -1.69639E-10
SCF Iteration  90: Energy = -0.1328432795491272 dE = -1.12803E-10
SCF Iteration  91: Energy = -0.1328432796241562 dE = -7.50290E-11

SCF converged.
E_QED_HF          = -0.132843279624156
HF  (psi4)        = -1.081164575569377
Starting with the CCSD calculation:

Iter  Energy(CCSD)      E_diff    time(sec)
  1:  -0.3484806407  3.48481E-01   20.491
  2:  -0.4694580242  1.20977E-01   20.496
  3:  -0.5322364435  6.27784E-02   20.494
  4:  -0.5505798807  1.83434E-02   20.504
  5:  -0.5617168512  1.11370E-02   20.491
  6:  -0.5683925731  6.67572E-03   20.500
  7:  -0.5731367783  4.74421E-03   20.493
  8:  -0.5787163270  5.57955E-03   20.494
  9:  -0.5886287074  9.91238E-03   20.508
 10:  -0.5947763492  6.14764E-03   20.505
 11:  -0.5950896630  3.13314E-04   20.513
 12:  -0.5938985937  1.19107E-03   20.523
 13:  -0.5940193221  1.20728E-04   20.530
 14:  -0.5946427961  6.23474E-04   20.526
 15:  -0.5949024278  2.59632E-04   20.538
 16:  -0.5949385724  3.61445E-05   20.549
 17:  -0.5950849592  1.46387E-04   20.551
 18:  -0.5952128859  1.27927E-04   20.567
 19:  -0.5952158008  2.91491E-06   20.572
 20:  -0.5951693444  4.64564E-05   20.566
 21:  -0.5951689699  3.74589E-07   20.600
 22:  -0.5951763790  7.40911E-06   20.601
 23:  -0.5951983756  2.19966E-05   20.597
 24:  -0.5952126647  1.42891E-05   20.607
 25:  -0.5952154883  2.82359E-06   20.600
 26:  -0.5952145869  9.01380E-07   20.590
 27:  -0.5952156544  1.06753E-06   20.584
 28:  -0.5952141089  1.54549E-06   20.592
 29:  -0.5952112008  2.90816E-06   20.590
 30:  -0.5952083443  2.85644E-06   20.581
 31:  -0.5952039991  4.34522E-06   20.588
 32:  -0.5952054864  1.48728E-06   20.597
 33:  -0.5952066292  1.14283E-06   20.583
 34:  -0.5952089614  2.33222E-06   20.592
 35:  -0.5952102922  1.33073E-06   20.585
 36:  -0.5952134564  3.16420E-06   20.591
 37:  -0.5952121064  1.34998E-06   20.583
 38:  -0.5952104473  1.65913E-06   20.611
 39:  -0.5952090449  1.40232E-06   20.586
 40:  -0.5952085224  5.22488E-07   20.590
 41:  -0.5952085786  5.61995E-08   20.589
 42:  -0.5952088351  2.56497E-07   20.624
 43:  -0.5952092910  4.55851E-07   20.586
 44:  -0.5952099827  6.91736E-07   20.593
 45:  -0.5952102654  2.82647E-07   20.608
 46:  -0.5952107724  5.07063E-07   20.588
 47:  -0.5952120197  1.24725E-06   20.593
 48:  -0.5952127729  7.53209E-07   20.591
 49:  -0.5952136823  9.09397E-07   20.589
 50:  -0.5952143825  7.00179E-07   20.592
E_QED_CCSD  (Corr.)  = -0.595214382469657
E_QED_CCSD tot       = -0.728057662093813
E_CCSD_psi4 (Corr.)  = -0.047429613508254
E_CCSD_psi4 tot      = -1.128594189077631
