
  Memory set to  55.879 GiB by Python driver.
  Threads set to 1 by Python driver.
Settings:
	LOT = CCSD-S2-U22
	wc = 20.0 eV
	lambda = [1.091182 0.       0.      ] a.u.
	Equivalent A0 = LAMBDA / sqrt(2 wc) = [0.9 0.  0. ])
doing QED-CCSD-Full (or QED-CCSD-22)
Number of occupied orbitals:   1
Number of basis functions:  60
SCF Iteration   1: Energy = -0.1517780215398156 dE = -1.51778E-01
SCF Iteration   2: Energy = -0.5033819895559076 dE = -3.51604E-01
SCF Iteration   3: Energy = -0.5066353408122805 dE = -3.25335E-03
SCF Iteration   4: Energy = -0.5066870975008971 dE = -5.17567E-05
SCF Iteration   5: Energy = -0.5066880735751368 dE = -9.76074E-07
SCF Iteration   6: Energy = -0.5066880940167614 dE = -2.04416E-08
SCF Iteration   7: Energy = -0.5066880944923312 dE = -4.75570E-10
SCF Iteration   8: Energy = -0.5066880945047233 dE = -1.23921E-11

SCF converged.
E_QED_HF          = -0.506688094504723
HF  (psi4)        = -1.099072924534614
Starting with the CCSD calculation:

Iter  Energy(CCSD)      E_diff    time(sec)
  1:  -0.2709491662  2.70949E-01   20.544
  2:  -0.2777016175  6.75245E-03   20.543
  3:  -0.2884556535  1.07540E-02   20.533
  4:  -0.2950176945  6.56204E-03   20.534
  5:  -0.2978736439  2.85595E-03   20.540
  6:  -0.2988362144  9.62570E-04   20.541
  7:  -0.2992915245  4.55310E-04   20.547
  8:  -0.2995008961  2.09372E-04   20.546
  9:  -0.2995533147  5.24186E-05   20.547
 10:  -0.2995896974  3.63827E-05   20.567
 11:  -0.2995912736  1.57620E-06   20.564
 12:  -0.2995942220  2.94836E-06   20.582
 13:  -0.2995932419  9.80108E-07   20.579
 14:  -0.2995922121  1.02971E-06   20.598
 15:  -0.2995919468  2.65294E-07   20.607
 16:  -0.2995918570  8.98730E-08   20.631
 17:  -0.2995919541  9.71516E-08   20.628
 18:  -0.2995919840  2.98553E-08   20.637
 19:  -0.2995920023  1.83349E-08   20.645
 20:  -0.2995920012  1.07506E-09   20.661
E_QED_CCSD  (Corr.)  = -0.299592001243531
E_QED_CCSD tot       = -0.806280095748254
E_CCSD_psi4 (Corr.)  = -0.038884891271108
E_CCSD_psi4 tot      = -1.137957815805723
