
  Memory set to  55.879 GiB by Python driver.
  Threads set to 1 by Python driver.
Settings:
	LOT = CCSD-S2-U22
	wc = 20.0 eV
	lambda = [1.091182 0.       0.      ] a.u.
	Equivalent A0 = LAMBDA / sqrt(2 wc) = [0.9 0.  0. ])
doing QED-CCSD-Full (or QED-CCSD-22)
Number of occupied orbitals:   1
Number of basis functions:  60
SCF Iteration   1: Energy = 6.1420950572732815 dE =  6.14210E+00
SCF Iteration   2: Energy = 6.6673757662419328 dE =  5.25281E-01
SCF Iteration   3: Energy = 6.3791426994992397 dE = -2.88233E-01
SCF Iteration   4: Energy = 6.6106045296680174 dE =  2.31462E-01
SCF Iteration   5: Energy = 6.5039660074604377 dE = -1.06639E-01
SCF Iteration   6: Energy = 6.6137708872135663 dE =  1.09805E-01
SCF Iteration   7: Energy = 6.5549967766065960 dE = -5.87741E-02
SCF Iteration   8: Energy = 6.6190626021708292 dE =  6.40658E-02
SCF Iteration   9: Energy = 6.5753045908712044 dE = -4.37580E-02
SCF Iteration  10: Energy = 6.6206420615530455 dE =  4.53375E-02
SCF Iteration  11: Energy = 6.5819526541756543 dE = -3.86894E-02
SCF Iteration  12: Energy = 6.6189983992508159 dE =  3.70457E-02
SCF Iteration  13: Energy = 6.5820419492652444 dE = -3.69564E-02
SCF Iteration  14: Energy = 6.6152645805199892 dE =  3.32226E-02
SCF Iteration  15: Energy = 6.5788913357882457 dE = -3.63732E-02
SCF Iteration  16: Energy = 6.6103814145879287 dE =  3.14901E-02
SCF Iteration  17: Energy = 6.5742120637972565 dE = -3.61694E-02
SCF Iteration  18: Energy = 6.6050158118443640 dE =  3.08037E-02
SCF Iteration  19: Energy = 6.5689441664375874 dE = -3.60716E-02
SCF Iteration  20: Energy = 6.5996066399610855 dE =  3.06625E-02
SCF Iteration  21: Energy = 6.5636172796937489 dE = -3.59894E-02
SCF Iteration  22: Energy = 6.5944241799129308 dE =  3.08069E-02
SCF Iteration  23: Energy = 6.5585258388705183 dE = -3.58983E-02
SCF Iteration  24: Energy = 6.5896207982143089 dE =  3.10950E-02
SCF Iteration  25: Energy = 6.5538235654853461 dE = -3.57972E-02
SCF Iteration  26: Energy = 6.5852696288986907 dE =  3.14461E-02
SCF Iteration  27: Energy = 6.5495786217358285 dE = -3.56910E-02
SCF Iteration  28: Energy = 6.5813925885365032 dE =  3.18140E-02
SCF Iteration  29: Energy = 6.5458074735640066 dE = -3.55851E-02
SCF Iteration  30: Energy = 6.5779799771335243 dE =  3.21725E-02
SCF Iteration  31: Energy = 6.5424962393202089 dE = -3.54837E-02
SCF Iteration  32: Energy = 6.5750038157490378 dE =  3.25076E-02
SCF Iteration  33: Energy = 6.5396142658155894 dE = -3.53895E-02
SCF Iteration  34: Energy = 6.5724266864698704 dE =  3.28124E-02
SCF Iteration  35: Energy = 6.5371227208480551 dE = -3.53040E-02
SCF Iteration  36: Energy = 6.5702074253340292 dE =  3.30847E-02
SCF Iteration  37: Energy = 6.5349799420847559 dE = -3.52275E-02
SCF Iteration  38: Energy = 6.5683046590642382 dE =  3.33247E-02
SCF Iteration  39: Energy = 6.5331446667808697 dE = -3.51600E-02
SCF Iteration  40: Energy = 6.5666788924429840 dE =  3.35342E-02
SCF Iteration  41: Energy = 6.5315778827158502 dE = -3.51010E-02
SCF Iteration  42: Energy = 6.5652936402827615 dE =  3.37158E-02
SCF Iteration  43: Energy = 6.5302437916483669 dE = -3.50498E-02
SCF Iteration  44: Energy = 6.5641159435888863 dE =  3.38722E-02
SCF Iteration  45: Energy = 6.5291102116486046 dE = -3.50057E-02
SCF Iteration  46: Energy = 6.5631165000925016 dE =  3.40063E-02
SCF Iteration  47: Energy = 6.5281486343326804 dE = -3.49679E-02
SCF Iteration  48: Energy = 6.5622695630333689 dE =  3.41209E-02
SCF Iteration  49: Energy = 6.5273340789482690 dE = -3.49355E-02
SCF Iteration  50: Energy = 6.5615527095384651 dE =  3.42186E-02
SCF Iteration  51: Energy = 6.5266448355390123 dE = -3.49079E-02
SCF Iteration  52: Energy = 6.5609465441543522 dE =  3.43017E-02
SCF Iteration  53: Energy = 6.5260621561315633 dE = -3.48844E-02
SCF Iteration  54: Energy = 6.5604343789500357 dE =  3.43722E-02
SCF Iteration  55: Energy = 6.5255699307232060 dE = -3.48644E-02
SCF Iteration  56: Energy = 6.5600019154888187 dE =  3.44320E-02
SCF Iteration  57: Energy = 6.5251543701925110 dE = -3.48475E-02
SCF Iteration  58: Energy = 6.5596369433304504 dE =  3.44826E-02
SCF Iteration  59: Energy = 6.5248037086659645 dE = -3.48332E-02
SCF Iteration  60: Energy = 6.5593290628106722 dE =  3.45254E-02
SCF Iteration  61: Energy = 6.5245079316903007 dE = -3.48211E-02
SCF Iteration  62: Energy = 6.5590694354364860 dE =  3.45615E-02
SCF Iteration  63: Energy = 6.5242585326540254 dE = -3.48109E-02
SCF Iteration  64: Energy = 6.5588505625035065 dE =  3.45920E-02
SCF Iteration  65: Energy = 6.5240482975092160 dE = -3.48023E-02
SCF Iteration  66: Energy = 6.5586660909198438 dE =  3.46178E-02
SCF Iteration  67: Energy = 6.5238711164495582 dE = -3.47950E-02
SCF Iteration  68: Energy = 6.5585106443236105 dE =  3.46395E-02
SCF Iteration  69: Energy = 6.5237218204517999 dE = -3.47888E-02
SCF Iteration  70: Energy = 6.5583796771516809 dE =  3.46579E-02
SCF Iteration  71: Energy = 6.5235960402541169 dE = -3.47836E-02
SCF Iteration  72: Energy = 6.5582693491793540 dE =  3.46733E-02
SCF Iteration  73: Energy = 6.5234900852669737 dE = -3.47793E-02
SCF Iteration  74: Energy = 6.5581764180911977 dE =  3.46863E-02
SCF Iteration  75: Energy = 6.5234008399885717 dE = -3.47756E-02
SCF Iteration  76: Energy = 6.5580981477848495 dE =  3.46973E-02
SCF Iteration  77: Energy = 6.5233256756598346 dE = -3.47725E-02
SCF Iteration  78: Energy = 6.5580322303036249 dE =  3.47066E-02
SCF Iteration  79: Energy = 6.5232623750970697 dE = -3.47699E-02
SCF Iteration  80: Energy = 6.5579767195093277 dE =  3.47143E-02
SCF Iteration  81: Energy = 6.5232090688612923 dE = -3.47677E-02
SCF Iteration  82: Energy = 6.5579299748233870 dE =  3.47209E-02
SCF Iteration  83: Energy = 6.5231641811388981 dE = -3.47658E-02
SCF Iteration  84: Energy = 6.5578906135726802 dE =  3.47264E-02
SCF Iteration  85: Energy = 6.5231263839153515 dE = -3.47642E-02
SCF Iteration  86: Energy = 6.5578574706685222 dE =  3.47311E-02
SCF Iteration  87: Energy = 6.5230945582108042 dE = -3.47629E-02
SCF Iteration  88: Energy = 6.5578295645208469 dE =  3.47350E-02
SCF Iteration  89: Energy = 6.5230677613177681 dE = -3.47618E-02
SCF Iteration  90: Energy = 6.5578060682447425 dE =  3.47383E-02
SCF Iteration  91: Energy = 6.5230451991304772 dE = -3.47609E-02
SCF Iteration  92: Energy = 6.5577862853521607 dE =  3.47411E-02
SCF Iteration  93: Energy = 6.5230262027880066 dE = -3.47601E-02
SCF Iteration  94: Energy = 6.5577696292403571 dE =  3.47434E-02
SCF Iteration  95: Energy = 6.5230102089677660 dE = -3.47594E-02
SCF Iteration  96: Energy = 6.5577556058910167 dE =  3.47454E-02
SCF Iteration  97: Energy = 6.5229967432654421 dE = -3.47589E-02
SCF Iteration  98: Energy = 6.5577437992823020 dE =  3.47471E-02
SCF Iteration  99: Energy = 6.5229854061821220 dE = -3.47584E-02
SCF Iteration 100: Energy = 6.5577338590918535 dE =  3.47485E-02
SCF Iteration 101: Energy = 6.5229758613129993 dE = -3.47580E-02
SCF Iteration 102: Energy = 6.5577254903333229 dE =  3.47496E-02
SCF Iteration 103: Energy = 6.5229678253935708 dE = -3.47577E-02
SCF Iteration 104: Energy = 6.5577184446239478 dE =  3.47506E-02
SCF Iteration 105: Energy = 6.5229610599128716 dE = -3.47574E-02
SCF Iteration 106: Energy = 6.5577125128275719 dE =  3.47515E-02
SCF Iteration 107: Energy = 6.5229553640480775 dE = -3.47571E-02
SCF Iteration 108: Energy = 6.5577075188573852 dE =  3.47522E-02
SCF Iteration 109: Energy = 6.5229505687128375 dE = -3.47570E-02
SCF Iteration 110: Energy = 6.5577033144559893 dE =  3.47527E-02
SCF Iteration 111: Energy = 6.5229465315444175 dE = -3.47568E-02
SCF Iteration 112: Energy = 6.5576997747990378 dE =  3.47532E-02
SCF Iteration 113: Energy = 6.5229431326819247 dE = -3.47566E-02
SCF Iteration 114: Energy = 6.5576967947928244 dE =  3.47537E-02
SCF Iteration 115: Energy = 6.5229402712108406 dE = -3.47565E-02
SCF Iteration 116: Energy = 6.5576942859565124 dE =  3.47540E-02
SCF Iteration 117: Energy = 6.5229378621690399 dE = -3.47564E-02
SCF Iteration 118: Energy = 6.5576921737965828 dE =  3.47543E-02
SCF Iteration 119: Energy = 6.5229358340256658 dE = -3.47563E-02
SCF Iteration 120: Energy = 6.5576903955961994 dE =  3.47546E-02
SCF Iteration 121: Energy = 6.5229341265582077 dE = -3.47563E-02
SCF Iteration 122: Energy = 6.5576888985536517 dE =  3.47548E-02
SCF Iteration 123: Energy = 6.5229326890650894 dE = -3.47562E-02
SCF Iteration 124: Energy = 6.5576876382151985 dE =  3.47549E-02
SCF Iteration 125: Energy = 6.5229314788606887 dE = -3.47562E-02
SCF Iteration 126: Energy = 6.5576865771552759 dE =  3.47551E-02
SCF Iteration 127: Energy = 6.5229304600079976 dE = -3.47561E-02
SCF Iteration 128: Energy = 6.5576856838654498 dE =  3.47552E-02
SCF Iteration 129: Energy = 6.5229296022519376 dE = -3.47561E-02
SCF Iteration 130: Energy = 6.5576849318190611 dE =  3.47553E-02
SCF Iteration 131: Energy = 6.5229288801209098 dE = -3.47561E-02
SCF Iteration 132: Energy = 6.5576842986835091 dE =  3.47554E-02
SCF Iteration 133: Energy = 6.5229282721706694 dE = -3.47560E-02
SCF Iteration 134: Energy = 6.5576837656572122 dE =  3.47555E-02
SCF Iteration 135: Energy = 6.5229277603474989 dE = -3.47560E-02
SCF Iteration 136: Energy = 6.5576833169113931 dE =  3.47556E-02
SCF Iteration 137: Energy = 6.5229273294522612 dE = -3.47560E-02
SCF Iteration 138: Energy = 6.5576829391199407 dE =  3.47556E-02
SCF Iteration 139: Energy = 6.5229269666889342 dE = -3.47560E-02
SCF Iteration 140: Energy = 6.5576826210638339 dE =  3.47557E-02
SCF Iteration 141: Energy = 6.5229266612847434 dE = -3.47560E-02
SCF Iteration 142: Energy = 6.5576823532979160 dE =  3.47557E-02
SCF Iteration 143: Energy = 6.5229264041702804 dE = -3.47559E-02
SCF Iteration 144: Energy = 6.5576821278704847 dE =  3.47557E-02
SCF Iteration 145: Energy = 6.5229261877101168 dE = -3.47559E-02
SCF Iteration 146: Energy = 6.5576819380870912 dE =  3.47558E-02
SCF Iteration 147: Energy = 6.5229260054761165 dE = -3.47559E-02
SCF Iteration 148: Energy = 6.5576817783118075 dE =  3.47558E-02
SCF Iteration 149: Energy = 6.5229258520565390 dE = -3.47559E-02
SCF Iteration 150: Energy = 6.5576816437998025 dE =  3.47558E-02
SCF Iteration 151: Energy = 6.5229257228953008 dE = -3.47559E-02
SCF Iteration 152: Energy = 6.5576815305565548 dE =  3.47558E-02
SCF Iteration 153: Energy = 6.5229256141567502 dE = -3.47559E-02
SCF Iteration 154: Energy = 6.5576814352190578 dE =  3.47558E-02
SCF Iteration 155: Energy = 6.5229255226116907 dE = -3.47559E-02
SCF Iteration 156: Energy = 6.5576813549561495 dE =  3.47558E-02
SCF Iteration 157: Energy = 6.5229254455415715 dE = -3.47559E-02
SCF Iteration 158: Energy = 6.5576812873842290 dE =  3.47558E-02
SCF Iteration 159: Energy = 6.5229253806575853 dE = -3.47559E-02
SCF Iteration 160: Energy = 6.5576812304966365 dE =  3.47558E-02
SCF Iteration 161: Energy = 6.5229253260329427 dE = -3.47559E-02
SCF Iteration 162: Energy = 6.5576811826039991 dE =  3.47559E-02
SCF Iteration 163: Energy = 6.5229252800454045 dE = -3.47559E-02
SCF Iteration 164: Energy = 6.5576811422840402 dE =  3.47559E-02
SCF Iteration 165: Energy = 6.5229252413293510 dE = -3.47559E-02
SCF Iteration 166: Energy = 6.5576811083393922 dE =  3.47559E-02
SCF Iteration 167: Energy = 6.5229252087349785 dE = -3.47559E-02
SCF Iteration 168: Energy = 6.5576810797620100 dE =  3.47559E-02
SCF Iteration 169: Energy = 6.5229251812943767 dE = -3.47559E-02
SCF Iteration 170: Energy = 6.5576810557032070 dE =  3.47559E-02
SCF Iteration 171: Energy = 6.5229251581926198 dE = -3.47559E-02
SCF Iteration 172: Energy = 6.5576810354485362 dE =  3.47559E-02
SCF Iteration 173: Energy = 6.5229251387436671 dE = -3.47559E-02
SCF Iteration 174: Energy = 6.5576810183965035 dE =  3.47559E-02
SCF Iteration 175: Energy = 6.5229251223699309 dE = -3.47559E-02
SCF Iteration 176: Energy = 6.5576810040406928 dE =  3.47559E-02
SCF Iteration 177: Energy = 6.5229251085851931 dE = -3.47559E-02
SCF Iteration 178: Energy = 6.5576809919547943 dE =  3.47559E-02
SCF Iteration 179: Energy = 6.5229250969800701 dE = -3.47559E-02
SCF Iteration 180: Energy = 6.5576809817799155 dE =  3.47559E-02
SCF Iteration 181: Energy = 6.5229250872099058 dE = -3.47559E-02
SCF Iteration 182: Energy = 6.5576809732138450 dE =  3.47559E-02
SCF Iteration 183: Energy = 6.5229250789846107 dE = -3.47559E-02
SCF Iteration 184: Energy = 6.5576809660022350 dE =  3.47559E-02
SCF Iteration 185: Energy = 6.5229250720598495 dE = -3.47559E-02
SCF Iteration 186: Energy = 6.5576809599309085 dE =  3.47559E-02
SCF Iteration 187: Energy = 6.5229250662300498 dE = -3.47559E-02
SCF Iteration 188: Energy = 6.5576809548195554 dE =  3.47559E-02
SCF Iteration 189: Energy = 6.5229250613220326 dE = -3.47559E-02
SCF Iteration 190: Energy = 6.5576809505164020 dE =  3.47559E-02
SCF Iteration 191: Energy = 6.5229250571900570 dE = -3.47559E-02
SCF Iteration 192: Energy = 6.5576809468936714 dE =  3.47559E-02
SCF Iteration 193: Energy = 6.5229250537114263 dE = -3.47559E-02
SCF Iteration 194: Energy = 6.5576809438437520 dE =  3.47559E-02
SCF Iteration 195: Energy = 6.5229250507828214 dE = -3.47559E-02
SCF Iteration 196: Energy = 6.5576809412760744 dE =  3.47559E-02
SCF Iteration 197: Energy = 6.5229250483172896 dE = -3.47559E-02
SCF Iteration 198: Energy = 6.5576809391143902 dE =  3.47559E-02
SCF Iteration 199: Energy = 6.5229250462416042 dE = -3.47559E-02
SCF Iteration 200: Energy = 6.5576809372945215 dE =  3.47559E-02
SCF Iteration 201: Energy = 6.5229250444941149 dE = -3.47559E-02
SCF Iteration 202: Energy = 6.5576809357623844 dE =  3.47559E-02
SCF Iteration 203: Energy = 6.5229250430229397 dE = -3.47559E-02
SCF Iteration 204: Energy = 6.5576809344725371 dE =  3.47559E-02
SCF Iteration 205: Energy = 6.5229250417843874 dE = -3.47559E-02
SCF Iteration 206: Energy = 6.5576809333866128 dE =  3.47559E-02
SCF Iteration 207: Energy = 6.5229250407416615 dE = -3.47559E-02
SCF Iteration 208: Energy = 6.5576809324724064 dE =  3.47559E-02
SCF Iteration 209: Energy = 6.5229250398638277 dE = -3.47559E-02
SCF Iteration 210: Energy = 6.5576809317027385 dE =  3.47559E-02
SCF Iteration 211: Energy = 6.5229250391247824 dE = -3.47559E-02
SCF Iteration 212: Energy = 6.5576809310547732 dE =  3.47559E-02
SCF Iteration 213: Energy = 6.5229250385025894 dE = -3.47559E-02
SCF Iteration 214: Energy = 6.5576809305092665 dE =  3.47559E-02
SCF Iteration 215: Energy = 6.5229250379787826 dE = -3.47559E-02
SCF Iteration 216: Energy = 6.5576809300500098 dE =  3.47559E-02
SCF Iteration 217: Energy = 6.5229250375377985 dE = -3.47559E-02
SCF Iteration 218: Energy = 6.5576809296633813 dE =  3.47559E-02
SCF Iteration 219: Energy = 6.5229250371665408 dE = -3.47559E-02
SCF Iteration 220: Energy = 6.5576809293378817 dE =  3.47559E-02
SCF Iteration 221: Energy = 6.5229250368539864 dE = -3.47559E-02
SCF Iteration 222: Energy = 6.5576809290638538 dE =  3.47559E-02
SCF Iteration 223: Energy = 6.5229250365908689 dE = -3.47559E-02
SCF Iteration 224: Energy = 6.5576809288331468 dE =  3.47559E-02
SCF Iteration 225: Energy = 6.5229250363693305 dE = -3.47559E-02
SCF Iteration 226: Energy = 6.5576809286389137 dE =  3.47559E-02
SCF Iteration 227: Energy = 6.5229250361828388 dE = -3.47559E-02
SCF Iteration 228: Energy = 6.5576809284754027 dE =  3.47559E-02
SCF Iteration 229: Energy = 6.5229250360258222 dE = -3.47559E-02
SCF Iteration 230: Energy = 6.5576809283377360 dE =  3.47559E-02
SCF Iteration 231: Energy = 6.5229250358936399 dE = -3.47559E-02
SCF Iteration 232: Energy = 6.5576809282218340 dE =  3.47559E-02
SCF Iteration 233: Energy = 6.5229250357823494 dE = -3.47559E-02
SCF Iteration 234: Energy = 6.5576809281242747 dE =  3.47559E-02
SCF Iteration 235: Energy = 6.5229250356886590 dE = -3.47559E-02
SCF Iteration 236: Energy = 6.5576809280421289 dE =  3.47559E-02
SCF Iteration 237: Energy = 6.5229250356097852 dE = -3.47559E-02
SCF Iteration 238: Energy = 6.5576809279729842 dE =  3.47559E-02
SCF Iteration 239: Energy = 6.5229250355433805 dE = -3.47559E-02
SCF Iteration 240: Energy = 6.5576809279147605 dE =  3.47559E-02
SCF Iteration 241: Energy = 6.5229250354874795 dE = -3.47559E-02
SCF Iteration 242: Energy = 6.5576809278657509 dE =  3.47559E-02
SCF Iteration 243: Energy = 6.5229250354404220 dE = -3.47559E-02
SCF Iteration 244: Energy = 6.5576809278244772 dE =  3.47559E-02
SCF Iteration 245: Energy = 6.5229250354007915 dE = -3.47559E-02
SCF Iteration 246: Energy = 6.5576809277897388 dE =  3.47559E-02
SCF Iteration 247: Energy = 6.5229250353674386 dE = -3.47559E-02
SCF Iteration 248: Energy = 6.5576809277604928 dE =  3.47559E-02
SCF Iteration 249: Energy = 6.5229250353393491 dE = -3.47559E-02
SCF Iteration 250: Energy = 6.5576809277358779 dE =  3.47559E-02
SCF Iteration 251: Energy = 6.5229250353157102 dE = -3.47559E-02
SCF Iteration 252: Energy = 6.5576809277151513 dE =  3.47559E-02
SCF Iteration 253: Energy = 6.5229250352957999 dE = -3.47559E-02
SCF Iteration 254: Energy = 6.5576809276977022 dE =  3.47559E-02
SCF Iteration 255: Energy = 6.5229250352790435 dE = -3.47559E-02
SCF Iteration 256: Energy = 6.5576809276829984 dE =  3.47559E-02
SCF Iteration 257: Energy = 6.5229250352649375 dE = -3.47559E-02
SCF Iteration 258: Energy = 6.5576809276706287 dE =  3.47559E-02
SCF Iteration 259: Energy = 6.5229250352530590 dE = -3.47559E-02
SCF Iteration 260: Energy = 6.5576809276602175 dE =  3.47559E-02
SCF Iteration 261: Energy = 6.5229250352430617 dE = -3.47559E-02
SCF Iteration 262: Energy = 6.5576809276514494 dE =  3.47559E-02
SCF Iteration 263: Energy = 6.5229250352346453 dE = -3.47559E-02
SCF Iteration 264: Energy = 6.5576809276440686 dE =  3.47559E-02
SCF Iteration 265: Energy = 6.5229250352275558 dE = -3.47559E-02
SCF Iteration 266: Energy = 6.5576809276378620 dE =  3.47559E-02
SCF Iteration 267: Energy = 6.5229250352215979 dE = -3.47559E-02
SCF Iteration 268: Energy = 6.5576809276326316 dE =  3.47559E-02
SCF Iteration 269: Energy = 6.5229250352165762 dE = -3.47559E-02
SCF Iteration 270: Energy = 6.5576809276282377 dE =  3.47559E-02
SCF Iteration 271: Energy = 6.5229250352123449 dE = -3.47559E-02
SCF Iteration 272: Energy = 6.5576809276245243 dE =  3.47559E-02
SCF Iteration 273: Energy = 6.5229250352087869 dE = -3.47559E-02
SCF Iteration 274: Energy = 6.5576809276214094 dE =  3.47559E-02
SCF Iteration 275: Energy = 6.5229250352057937 dE = -3.47559E-02
SCF Iteration 276: Energy = 6.5576809276187680 dE =  3.47559E-02
SCF Iteration 277: Energy = 6.5229250352032633 dE = -3.47559E-02
SCF Iteration 278: Energy = 6.5576809276165591 dE =  3.47559E-02
SCF Iteration 279: Energy = 6.5229250352011272 dE = -3.47559E-02
SCF Iteration 280: Energy = 6.5576809276147037 dE =  3.47559E-02
SCF Iteration 281: Energy = 6.5229250351993526 dE = -3.47559E-02
SCF Iteration 282: Energy = 6.5576809276131369 dE =  3.47559E-02
SCF Iteration 283: Energy = 6.5229250351978409 dE = -3.47559E-02
SCF Iteration 284: Energy = 6.5576809276118073 dE =  3.47559E-02
SCF Iteration 285: Energy = 6.5229250351965780 dE = -3.47559E-02
SCF Iteration 286: Energy = 6.5576809276106927 dE =  3.47559E-02
SCF Iteration 287: Energy = 6.5229250351955104 dE = -3.47559E-02
SCF Iteration 288: Energy = 6.5576809276097583 dE =  3.47559E-02
SCF Iteration 289: Energy = 6.5229250351946009 dE = -3.47559E-02
SCF Iteration 290: Energy = 6.5576809276089643 dE =  3.47559E-02
SCF Iteration 291: Energy = 6.5229250351938486 dE = -3.47559E-02
SCF Iteration 292: Energy = 6.5576809276083017 dE =  3.47559E-02
SCF Iteration 293: Energy = 6.5229250351932206 dE = -3.47559E-02
SCF Iteration 294: Energy = 6.5576809276077528 dE =  3.47559E-02
SCF Iteration 295: Energy = 6.5229250351926753 dE = -3.47559E-02
SCF Iteration 296: Energy = 6.5576809276072732 dE =  3.47559E-02
SCF Iteration 297: Energy = 6.5229250351922348 dE = -3.47559E-02
SCF Iteration 298: Energy = 6.5576809276068833 dE =  3.47559E-02
SCF Iteration 299: Energy = 6.5229250351918457 dE = -3.47559E-02
SCF Iteration 300: Energy = 6.5576809276065609 dE =  3.47559E-02
SCF Iteration 301: Energy = 6.5229250351915322 dE = -3.47559E-02
SCF Iteration 302: Energy = 6.5576809276062624 dE =  3.47559E-02
SCF Iteration 303: Energy = 6.5229250351912587 dE = -3.47559E-02
SCF Iteration 304: Energy = 6.5576809276060253 dE =  3.47559E-02
SCF Iteration 305: Energy = 6.5229250351910322 dE = -3.47559E-02
SCF Iteration 306: Energy = 6.5576809276058325 dE =  3.47559E-02
SCF Iteration 307: Energy = 6.5229250351908457 dE = -3.47559E-02
SCF Iteration 308: Energy = 6.5576809276056798 dE =  3.47559E-02
SCF Iteration 309: Energy = 6.5229250351906742 dE = -3.47559E-02
SCF Iteration 310: Energy = 6.5576809276055306 dE =  3.47559E-02
SCF Iteration 311: Energy = 6.5229250351905499 dE = -3.47559E-02
SCF Iteration 312: Energy = 6.5576809276054098 dE =  3.47559E-02
SCF Iteration 313: Energy = 6.5229250351904335 dE = -3.47559E-02
SCF Iteration 314: Energy = 6.5576809276053094 dE =  3.47559E-02
SCF Iteration 315: Energy = 6.5229250351903501 dE = -3.47559E-02
SCF Iteration 316: Energy = 6.5576809276052339 dE =  3.47559E-02
SCF Iteration 317: Energy = 6.5229250351902701 dE = -3.47559E-02
SCF Iteration 318: Energy = 6.5576809276051611 dE =  3.47559E-02
SCF Iteration 319: Energy = 6.5229250351901955 dE = -3.47559E-02
SCF Iteration 320: Energy = 6.5576809276050998 dE =  3.47559E-02
SCF Iteration 321: Energy = 6.5229250351901467 dE = -3.47559E-02
SCF Iteration 322: Energy = 6.5576809276050634 dE =  3.47559E-02
SCF Iteration 323: Energy = 6.5229250351901040 dE = -3.47559E-02
SCF Iteration 324: Energy = 6.5576809276050154 dE =  3.47559E-02
SCF Iteration 325: Energy = 6.5229250351900632 dE = -3.47559E-02
SCF Iteration 326: Energy = 6.5576809276049834 dE =  3.47559E-02
SCF Iteration 327: Energy = 6.5229250351900276 dE = -3.47559E-02
SCF Iteration 328: Energy = 6.5576809276049488 dE =  3.47559E-02
SCF Iteration 329: Energy = 6.5229250351900054 dE = -3.47559E-02
SCF Iteration 330: Energy = 6.5576809276049239 dE =  3.47559E-02
SCF Iteration 331: Energy = 6.5229250351899735 dE = -3.47559E-02
SCF Iteration 332: Energy = 6.5576809276049186 dE =  3.47559E-02
SCF Iteration 333: Energy = 6.5229250351899495 dE = -3.47559E-02
SCF Iteration 334: Energy = 6.5576809276048840 dE =  3.47559E-02
SCF Iteration 335: Energy = 6.5229250351899397 dE = -3.47559E-02
SCF Iteration 336: Energy = 6.5576809276048706 dE =  3.47559E-02
SCF Iteration 337: Energy = 6.5229250351899140 dE = -3.47559E-02
SCF Iteration 338: Energy = 6.5576809276048662 dE =  3.47559E-02
SCF Iteration 339: Energy = 6.5229250351899131 dE = -3.47559E-02
SCF Iteration 340: Energy = 6.5576809276048627 dE =  3.47559E-02
SCF Iteration 341: Energy = 6.5229250351899006 dE = -3.47559E-02
SCF Iteration 342: Energy = 6.5576809276048458 dE =  3.47559E-02
SCF Iteration 343: Energy = 6.5229250351898971 dE = -3.47559E-02
SCF Iteration 344: Energy = 6.5576809276048449 dE =  3.47559E-02
SCF Iteration 345: Energy = 6.5229250351898846 dE = -3.47559E-02
SCF Iteration 346: Energy = 6.5576809276048360 dE =  3.47559E-02
SCF Iteration 347: Energy = 6.5229250351898704 dE = -3.47559E-02
SCF Iteration 348: Energy = 6.5576809276048191 dE =  3.47559E-02
SCF Iteration 349: Energy = 6.5229250351898758 dE = -3.47559E-02
SCF Iteration 350: Energy = 6.5576809276048218 dE =  3.47559E-02
SCF Iteration 351: Energy = 6.5229250351898669 dE = -3.47559E-02
SCF Iteration 352: Energy = 6.5576809276048138 dE =  3.47559E-02
SCF Iteration 353: Energy = 6.5229250351898544 dE = -3.47559E-02
SCF Iteration 354: Energy = 6.5576809276048165 dE =  3.47559E-02
SCF Iteration 355: Energy = 6.5229250351898536 dE = -3.47559E-02
SCF Iteration 356: Energy = 6.5576809276047978 dE =  3.47559E-02
SCF Iteration 357: Energy = 6.5229250351898429 dE = -3.47559E-02
SCF Iteration 358: Energy = 6.5576809276048076 dE =  3.47559E-02
SCF Iteration 359: Energy = 6.5229250351898607 dE = -3.47559E-02
SCF Iteration 360: Energy = 6.5576809276047934 dE =  3.47559E-02
SCF Iteration 361: Energy = 6.5229250351898491 dE = -3.47559E-02
SCF Iteration 362: Energy = 6.5576809276048040 dE =  3.47559E-02
SCF Iteration 363: Energy = 6.5229250351898473 dE = -3.47559E-02
SCF Iteration 364: Energy = 6.5576809276048005 dE =  3.47559E-02
SCF Iteration 365: Energy = 6.5229250351898402 dE = -3.47559E-02
SCF Iteration 366: Energy = 6.5576809276047880 dE =  3.47559E-02
SCF Iteration 367: Energy = 6.5229250351898438 dE = -3.47559E-02
SCF Iteration 368: Energy = 6.5576809276048067 dE =  3.47559E-02
SCF Iteration 369: Energy = 6.5229250351898385 dE = -3.47559E-02
SCF Iteration 370: Energy = 6.5576809276048023 dE =  3.47559E-02
SCF Iteration 371: Energy = 6.5229250351898367 dE = -3.47559E-02
SCF Iteration 372: Energy = 6.5576809276047960 dE =  3.47559E-02
SCF Iteration 373: Energy = 6.5229250351898456 dE = -3.47559E-02
SCF Iteration 374: Energy = 6.5576809276047934 dE =  3.47559E-02
SCF Iteration 375: Energy = 6.5229250351898385 dE = -3.47559E-02
SCF Iteration 376: Energy = 6.5576809276047880 dE =  3.47559E-02
SCF Iteration 377: Energy = 6.5229250351898385 dE = -3.47559E-02
SCF Iteration 378: Energy = 6.5576809276048023 dE =  3.47559E-02
SCF Iteration 379: Energy = 6.5229250351898393 dE = -3.47559E-02
SCF Iteration 380: Energy = 6.5576809276047916 dE =  3.47559E-02
SCF Iteration 381: Energy = 6.5229250351898500 dE = -3.47559E-02
SCF Iteration 382: Energy = 6.5576809276047969 dE =  3.47559E-02
SCF Iteration 383: Energy = 6.5229250351898411 dE = -3.47559E-02
SCF Iteration 384: Energy = 6.5576809276047943 dE =  3.47559E-02
SCF Iteration 385: Energy = 6.5229250351898456 dE = -3.47559E-02
SCF Iteration 386: Energy = 6.5576809276047934 dE =  3.47559E-02
SCF Iteration 387: Energy = 6.5229250351898465 dE = -3.47559E-02
SCF Iteration 388: Energy = 6.5576809276047889 dE =  3.47559E-02
SCF Iteration 389: Energy = 6.5229250351898376 dE = -3.47559E-02
SCF Iteration 390: Energy = 6.5576809276047854 dE =  3.47559E-02
SCF Iteration 391: Energy = 6.5229250351898420 dE = -3.47559E-02
SCF Iteration 392: Energy = 6.5576809276047952 dE =  3.47559E-02
SCF Iteration 393: Energy = 6.5229250351898456 dE = -3.47559E-02
SCF Iteration 394: Energy = 6.5576809276047969 dE =  3.47559E-02
SCF Iteration 395: Energy = 6.5229250351898349 dE = -3.47559E-02
SCF Iteration 396: Energy = 6.5576809276047854 dE =  3.47559E-02
SCF Iteration 397: Energy = 6.5229250351898260 dE = -3.47559E-02
SCF Iteration 398: Energy = 6.5576809276047898 dE =  3.47559E-02
SCF Iteration 399: Energy = 6.5229250351898393 dE = -3.47559E-02
SCF Iteration 400: Energy = 6.5576809276047934 dE =  3.47559E-02
SCF Iteration 401: Energy = 6.5229250351898385 dE = -3.47559E-02
SCF Iteration 402: Energy = 6.5576809276047863 dE =  3.47559E-02
SCF Iteration 403: Energy = 6.5229250351898154 dE = -3.47559E-02
SCF Iteration 404: Energy = 6.5576809276047738 dE =  3.47559E-02
SCF Iteration 405: Energy = 6.5229250351898260 dE = -3.47559E-02
SCF Iteration 406: Energy = 6.5576809276047863 dE =  3.47559E-02
SCF Iteration 407: Energy = 6.5229250351898251 dE = -3.47559E-02
SCF Iteration 408: Energy = 6.5576809276047845 dE =  3.47559E-02
SCF Iteration 409: Energy = 6.5229250351898411 dE = -3.47559E-02
SCF Iteration 410: Energy = 6.5576809276047916 dE =  3.47559E-02
SCF Iteration 411: Energy = 6.5229250351898287 dE = -3.47559E-02
SCF Iteration 412: Energy = 6.5576809276047747 dE =  3.47559E-02
SCF Iteration 413: Energy = 6.5229250351898438 dE = -3.47559E-02
SCF Iteration 414: Energy = 6.5576809276048023 dE =  3.47559E-02
SCF Iteration 415: Energy = 6.5229250351898305 dE = -3.47559E-02
SCF Iteration 416: Energy = 6.5576809276047827 dE =  3.47559E-02
SCF Iteration 417: Energy = 6.5229250351898349 dE = -3.47559E-02
SCF Iteration 418: Energy = 6.5576809276047818 dE =  3.47559E-02
SCF Iteration 419: Energy = 6.5229250351898376 dE = -3.47559E-02
SCF Iteration 420: Energy = 6.5576809276047756 dE =  3.47559E-02
SCF Iteration 421: Energy = 6.5229250351898322 dE = -3.47559E-02
SCF Iteration 422: Energy = 6.5576809276047801 dE =  3.47559E-02
SCF Iteration 423: Energy = 6.5229250351898402 dE = -3.47559E-02
SCF Iteration 424: Energy = 6.5576809276047827 dE =  3.47559E-02
SCF Iteration 425: Energy = 6.5229250351898367 dE = -3.47559E-02
SCF Iteration 426: Energy = 6.5576809276047845 dE =  3.47559E-02
SCF Iteration 427: Energy = 6.5229250351898349 dE = -3.47559E-02
SCF Iteration 428: Energy = 6.5576809276047907 dE =  3.47559E-02
SCF Iteration 429: Energy = 6.5229250351898251 dE = -3.47559E-02
SCF Iteration 430: Energy = 6.5576809276047934 dE =  3.47559E-02
SCF Iteration 431: Energy = 6.5229250351898314 dE = -3.47559E-02
SCF Iteration 432: Energy = 6.5576809276048005 dE =  3.47559E-02
SCF Iteration 433: Energy = 6.5229250351898402 dE = -3.47559E-02
SCF Iteration 434: Energy = 6.5576809276047872 dE =  3.47559E-02
SCF Iteration 435: Energy = 6.5229250351898420 dE = -3.47559E-02
SCF Iteration 436: Energy = 6.5576809276047934 dE =  3.47559E-02
SCF Iteration 437: Energy = 6.5229250351898367 dE = -3.47559E-02
SCF Iteration 438: Energy = 6.5576809276047987 dE =  3.47559E-02
SCF Iteration 439: Energy = 6.5229250351898269 dE = -3.47559E-02
SCF Iteration 440: Energy = 6.5576809276047952 dE =  3.47559E-02
SCF Iteration 441: Energy = 6.5229250351898385 dE = -3.47559E-02
SCF Iteration 442: Energy = 6.5576809276047952 dE =  3.47559E-02
SCF Iteration 443: Energy = 6.5229250351898429 dE = -3.47559E-02
SCF Iteration 444: Energy = 6.5576809276047863 dE =  3.47559E-02
SCF Iteration 445: Energy = 6.5229250351898331 dE = -3.47559E-02
SCF Iteration 446: Energy = 6.5576809276047756 dE =  3.47559E-02
SCF Iteration 447: Energy = 6.5229250351898376 dE = -3.47559E-02
SCF Iteration 448: Energy = 6.5576809276047934 dE =  3.47559E-02
SCF Iteration 449: Energy = 6.5229250351898331 dE = -3.47559E-02
SCF Iteration 450: Energy = 6.5576809276047872 dE =  3.47559E-02
SCF Iteration 451: Energy = 6.5229250351898189 dE = -3.47559E-02
SCF Iteration 452: Energy = 6.5576809276047845 dE =  3.47559E-02
SCF Iteration 453: Energy = 6.5229250351898251 dE = -3.47559E-02
SCF Iteration 454: Energy = 6.5576809276047809 dE =  3.47559E-02
SCF Iteration 455: Energy = 6.5229250351898278 dE = -3.47559E-02
SCF Iteration 456: Energy = 6.5576809276047774 dE =  3.47559E-02
SCF Iteration 457: Energy = 6.5229250351898420 dE = -3.47559E-02
SCF Iteration 458: Energy = 6.5576809276047845 dE =  3.47559E-02
SCF Iteration 459: Energy = 6.5229250351898518 dE = -3.47559E-02
SCF Iteration 460: Energy = 6.5576809276047898 dE =  3.47559E-02
SCF Iteration 461: Energy = 6.5229250351898331 dE = -3.47559E-02
SCF Iteration 462: Energy = 6.5576809276047916 dE =  3.47559E-02
SCF Iteration 463: Energy = 6.5229250351898367 dE = -3.47559E-02
SCF Iteration 464: Energy = 6.5576809276047845 dE =  3.47559E-02
SCF Iteration 465: Energy = 6.5229250351898402 dE = -3.47559E-02
SCF Iteration 466: Energy = 6.5576809276047863 dE =  3.47559E-02
SCF Iteration 467: Energy = 6.5229250351898296 dE = -3.47559E-02
SCF Iteration 468: Energy = 6.5576809276047880 dE =  3.47559E-02
SCF Iteration 469: Energy = 6.5229250351898278 dE = -3.47559E-02
SCF Iteration 470: Energy = 6.5576809276048005 dE =  3.47559E-02
SCF Iteration 471: Energy = 6.5229250351898420 dE = -3.47559E-02
SCF Iteration 472: Energy = 6.5576809276047863 dE =  3.47559E-02
SCF Iteration 473: Energy = 6.5229250351898367 dE = -3.47559E-02
SCF Iteration 474: Energy = 6.5576809276047916 dE =  3.47559E-02
SCF Iteration 475: Energy = 6.5229250351898314 dE = -3.47559E-02
SCF Iteration 476: Energy = 6.5576809276047934 dE =  3.47559E-02
SCF Iteration 477: Energy = 6.5229250351898340 dE = -3.47559E-02
SCF Iteration 478: Energy = 6.5576809276047987 dE =  3.47559E-02
SCF Iteration 479: Energy = 6.5229250351898367 dE = -3.47559E-02
SCF Iteration 480: Energy = 6.5576809276047898 dE =  3.47559E-02
SCF Iteration 481: Energy = 6.5229250351898314 dE = -3.47559E-02
SCF Iteration 482: Energy = 6.5576809276048005 dE =  3.47559E-02
SCF Iteration 483: Energy = 6.5229250351898385 dE = -3.47559E-02
SCF Iteration 484: Energy = 6.5576809276047818 dE =  3.47559E-02
SCF Iteration 485: Energy = 6.5229250351898385 dE = -3.47559E-02
SCF Iteration 486: Energy = 6.5576809276047827 dE =  3.47559E-02
SCF Iteration 487: Energy = 6.5229250351898242 dE = -3.47559E-02
SCF Iteration 488: Energy = 6.5576809276047827 dE =  3.47559E-02
SCF Iteration 489: Energy = 6.5229250351898207 dE = -3.47559E-02
SCF Iteration 490: Energy = 6.5576809276047863 dE =  3.47559E-02
SCF Iteration 491: Energy = 6.5229250351898269 dE = -3.47559E-02
SCF Iteration 492: Energy = 6.5576809276047792 dE =  3.47559E-02
SCF Iteration 493: Energy = 6.5229250351898314 dE = -3.47559E-02
SCF Iteration 494: Energy = 6.5576809276047792 dE =  3.47559E-02
SCF Iteration 495: Energy = 6.5229250351898349 dE = -3.47559E-02
SCF Iteration 496: Energy = 6.5576809276047889 dE =  3.47559E-02
SCF Iteration 497: Energy = 6.5229250351898287 dE = -3.47559E-02
SCF Iteration 498: Energy = 6.5576809276048040 dE =  3.47559E-02
SCF Iteration 499: Energy = 6.5229250351898438 dE = -3.47559E-02
SCF Iteration 500: Energy = 6.5576809276047863 dE =  3.47559E-02
