
  Memory set to  55.879 GiB by Python driver.
  Threads set to 1 by Python driver.
Settings:
	LOT = CCSD-S2-U22
	wc = 20.0 eV
	lambda = [1.091182 0.       0.      ] a.u.
	Equivalent A0 = LAMBDA / sqrt(2 wc) = [0.9 0.  0. ])
doing QED-CCSD-Full (or QED-CCSD-22)
Number of occupied orbitals:   1
Number of basis functions:  60
SCF Iteration   1: Energy = 5.4430774504537061 dE =  5.44308E+00
SCF Iteration   2: Energy = 5.9787995436791155 dE =  5.35722E-01
SCF Iteration   3: Energy = 5.6714607938826811 dE = -3.07339E-01
SCF Iteration   4: Energy = 5.9135974515160639 dE =  2.42137E-01
SCF Iteration   5: Energy = 5.7807689375072320 dE = -1.32829E-01
SCF Iteration   6: Energy = 5.9098470067422335 dE =  1.29078E-01
SCF Iteration   7: Energy = 5.8227967602774049 dE = -8.70502E-02
SCF Iteration   8: Energy = 5.9105966509565286 dE =  8.77999E-02
SCF Iteration   9: Energy = 5.8383369693558000 dE = -7.22597E-02
SCF Iteration  10: Energy = 5.9093644449763447 dE =  7.10275E-02
SCF Iteration  11: Energy = 5.8424106322344249 dE = -6.69538E-02
SCF Iteration  12: Energy = 5.9060738722535060 dE =  6.36632E-02
SCF Iteration  13: Energy = 5.8411628039418284 dE = -6.49111E-02
SCF Iteration  14: Energy = 5.9015051084912908 dE =  6.03423E-02
SCF Iteration  15: Energy = 5.8374444079971983 dE = -6.40607E-02
SCF Iteration  16: Energy = 5.8963635655370856 dE =  5.89192E-02
SCF Iteration  17: Energy = 5.8327035225897772 dE = -6.36600E-02
SCF Iteration  18: Energy = 5.8911444730884215 dE =  5.84410E-02
SCF Iteration  19: Energy = 5.8277113355777095 dE = -6.34331E-02
SCF Iteration  20: Energy = 5.8861560698381314 dE =  5.84447E-02
SCF Iteration  21: Energy = 5.8228795157220050 dE = -6.32766E-02
SCF Iteration  22: Energy = 5.8815688657407401 dE =  5.86894E-02
SCF Iteration  23: Energy = 5.8184168688806048 dE = -6.31520E-02
SCF Iteration  24: Energy = 5.8774602542373229 dE =  5.90434E-02
SCF Iteration  25: Energy = 5.8144145854629761 dE = -6.30457E-02
SCF Iteration  26: Energy = 5.8738484716608781 dE =  5.94339E-02
SCF Iteration  27: Energy = 5.8108957744367027 dE = -6.29527E-02
SCF Iteration  28: Energy = 5.8707165169638431 dE =  5.98207E-02
SCF Iteration  29: Energy = 5.8078452954694155 dE = -6.28712E-02
SCF Iteration  30: Energy = 5.8680281923422148 dE =  6.01829E-02
SCF Iteration  31: Energy = 5.8052279554845647 dE = -6.28002E-02
SCF Iteration  32: Energy = 5.8657384363452794 dE =  6.05105E-02
SCF Iteration  33: Energy = 5.8029995544583288 dE = -6.27389E-02
SCF Iteration  34: Energy = 5.8637997120238028 dE =  6.08002E-02
SCF Iteration  35: Energy = 5.8011134543834340 dE = -6.26863E-02
SCF Iteration  36: Energy = 5.8621657579149149 dE =  6.10523E-02
SCF Iteration  37: Energy = 5.7995243338985203 dE = -6.26414E-02
SCF Iteration  38: Energy = 5.8607936251252033 dE =  6.12693E-02
SCF Iteration  39: Energy = 5.7981901845264323 dE = -6.26034E-02
SCF Iteration  40: Energy = 5.8596446314943336 dE =  6.14544E-02
SCF Iteration  41: Energy = 5.7970732246688756 dE = -6.25714E-02
SCF Iteration  42: Energy = 5.8586846538134134 dE =  6.16114E-02
SCF Iteration  43: Energy = 5.7961401642231829 dE = -6.25445E-02
SCF Iteration  44: Energy = 5.8578840332901985 dE =  6.17439E-02
SCF Iteration  45: Energy = 5.7953620952750002 dE = -6.25219E-02
SCF Iteration  46: Energy = 5.8572172706045036 dE =  6.18552E-02
SCF Iteration  47: Energy = 5.7947141821996082 dE = -6.25031E-02
SCF Iteration  48: Energy = 5.8566626210398800 dE =  6.19484E-02
SCF Iteration  49: Energy = 5.7941752583781758 dE = -6.24874E-02
SCF Iteration  50: Energy = 5.8562016569492110 dE =  6.20264E-02
SCF Iteration  51: Energy = 5.7937273941372505 dE = -6.24743E-02
SCF Iteration  52: Energy = 5.8558188368390534 dE =  6.20914E-02
SCF Iteration  53: Energy = 5.7933554733066162 dE = -6.24634E-02
SCF Iteration  54: Energy = 5.8555011025398693 dE =  6.21456E-02
SCF Iteration  55: Energy = 5.7930467986138234 dE = -6.24543E-02
SCF Iteration  56: Energy = 5.8552375147986151 dE =  6.21907E-02
SCF Iteration  57: Energy = 5.7927907354785972 dE = -6.24468E-02
SCF Iteration  58: Energy = 5.8550189308573044 dE =  6.22282E-02
SCF Iteration  59: Energy = 5.7925783973266487 dE = -6.24405E-02
SCF Iteration  60: Energy = 5.8548377236165328 dE =  6.22593E-02
SCF Iteration  61: Energy = 5.7924023717955810 dE = -6.24354E-02
SCF Iteration  62: Energy = 5.8546875398048375 dE =  6.22852E-02
SCF Iteration  63: Energy = 5.7922564851636231 dE = -6.24311E-02
SCF Iteration  64: Energy = 5.8545630935107367 dE =  6.23066E-02
SCF Iteration  65: Energy = 5.7921356013524914 dE = -6.24275E-02
SCF Iteration  66: Energy = 5.8544599910508568 dE =  6.23244E-02
SCF Iteration  67: Energy = 5.7920354515179096 dE = -6.24245E-02
SCF Iteration  68: Energy = 5.8543745831622482 dE =  6.23391E-02
SCF Iteration  69: Energy = 5.7919524902813082 dE = -6.24221E-02
SCF Iteration  70: Energy = 5.8543038407430270 dE =  6.23514E-02
SCF Iteration  71: Energy = 5.7918837749012839 dE = -6.24201E-02
SCF Iteration  72: Energy = 5.8542452507104228 dE =  6.23615E-02
SCF Iteration  73: Energy = 5.7918268640301980 dE = -6.24184E-02
SCF Iteration  74: Energy = 5.8541967289307708 dE =  6.23699E-02
SCF Iteration  75: Energy = 5.7917797330826657 dE = -6.24170E-02
SCF Iteration  76: Energy = 5.8541565475634094 dE =  6.23768E-02
SCF Iteration  77: Energy = 5.7917407036242228 dE = -6.24158E-02
SCF Iteration  78: Energy = 5.8541232745255991 dE =  6.23826E-02
SCF Iteration  79: Energy = 5.7917083845465749 dE = -6.24149E-02
SCF Iteration  80: Energy = 5.8540957231182249 dE =  6.23873E-02
SCF Iteration  81: Energy = 5.7916816231209811 dE = -6.24141E-02
SCF Iteration  82: Energy = 5.8540729101483233 dE =  6.23913E-02
SCF Iteration  83: Energy = 5.7916594643103707 dE = -6.24134E-02
SCF Iteration  84: Energy = 5.8540540211429013 dE =  6.23946E-02
SCF Iteration  85: Energy = 5.7916411169733530 dE = -6.24129E-02
SCF Iteration  86: Energy = 5.8540383814716330 dE =  6.23973E-02
SCF Iteration  87: Energy = 5.7916259258100675 dE = -6.24125E-02
SCF Iteration  88: Energy = 5.8540254323869600 dE =  6.23995E-02
SCF Iteration  89: Energy = 5.7916133480862664 dE = -6.24121E-02
SCF Iteration  90: Energy = 5.8540147111527832 dE =  6.24014E-02
SCF Iteration  91: Energy = 5.7916029343296609 dE = -6.24118E-02
SCF Iteration  92: Energy = 5.8540058345693300 dE =  6.24029E-02
SCF Iteration  93: Energy = 5.7915943123258922 dE = -6.24115E-02
SCF Iteration  94: Energy = 5.8539984853175131 dE =  6.24042E-02
SCF Iteration  95: Energy = 5.7915871738536122 dE = -6.24113E-02
SCF Iteration  96: Energy = 5.8539924006429258 dE =  6.24052E-02
SCF Iteration  97: Energy = 5.7915812636923283 dE = -6.24111E-02
SCF Iteration  98: Energy = 5.8539873629799821 dE =  6.24061E-02
SCF Iteration  99: Energy = 5.7915763705151209 dE = -6.24110E-02
SCF Iteration 100: Energy = 5.8539831921849492 dE =  6.24068E-02
SCF Iteration 101: Energy = 5.7915723193441346 dE = -6.24109E-02
SCF Iteration 102: Energy = 5.8539797391024342 dE =  6.24074E-02
SCF Iteration 103: Energy = 5.7915689653013906 dE = -6.24108E-02
SCF Iteration 104: Energy = 5.8539768802368224 dE =  6.24079E-02
SCF Iteration 105: Energy = 5.7915661884328991 dE = -6.24107E-02
SCF Iteration 106: Energy = 5.8539745133392467 dE =  6.24083E-02
SCF Iteration 107: Energy = 5.7915638894223092 dE = -6.24106E-02
SCF Iteration 108: Energy = 5.8539725537533611 dE =  6.24087E-02
SCF Iteration 109: Energy = 5.7915619860411178 dE = -6.24106E-02
SCF Iteration 110: Energy = 5.8539709313888197 dE =  6.24089E-02
SCF Iteration 111: Energy = 5.7915604102092404 dE = -6.24105E-02
SCF Iteration 112: Energy = 5.8539695882156275 dE =  6.24092E-02
SCF Iteration 113: Energy = 5.7915591055610349 dE = -6.24105E-02
SCF Iteration 114: Energy = 5.8539684761891548 dE =  6.24094E-02
SCF Iteration 115: Energy = 5.7915580254298531 dE = -6.24105E-02
SCF Iteration 116: Energy = 5.8539675555321784 dE =  6.24095E-02
SCF Iteration 117: Energy = 5.7915571311793101 dE = -6.24104E-02
SCF Iteration 118: Energy = 5.8539667933122939 dE =  6.24097E-02
SCF Iteration 119: Energy = 5.7915563908215519 dE = -6.24104E-02
SCF Iteration 120: Energy = 5.8539661622642116 dE =  6.24098E-02
SCF Iteration 121: Energy = 5.7915557778733211 dE = -6.24104E-02
SCF Iteration 122: Energy = 5.8539656398145841 dE =  6.24099E-02
SCF Iteration 123: Energy = 5.7915552704087228 dE = -6.24104E-02
SCF Iteration 124: Energy = 5.8539652072746353 dE =  6.24099E-02
SCF Iteration 125: Energy = 5.7915548502749905 dE = -6.24104E-02
SCF Iteration 126: Energy = 5.8539648491716578 dE =  6.24100E-02
SCF Iteration 127: Energy = 5.7915545024432200 dE = -6.24103E-02
SCF Iteration 128: Energy = 5.8539645526956914 dE =  6.24101E-02
SCF Iteration 129: Energy = 5.7915542144708576 dE = -6.24103E-02
SCF Iteration 130: Energy = 5.8539643072412071 dE =  6.24101E-02
SCF Iteration 131: Energy = 5.7915539760565515 dE = -6.24103E-02
SCF Iteration 132: Energy = 5.8539641040277681 dE =  6.24101E-02
SCF Iteration 133: Energy = 5.7915537786717639 dE = -6.24103E-02
SCF Iteration 134: Energy = 5.8539639357860302 dE =  6.24102E-02
SCF Iteration 135: Energy = 5.7915536152555829 dE = -6.24103E-02
SCF Iteration 136: Energy = 5.8539637964976050 dE =  6.24102E-02
SCF Iteration 137: Energy = 5.7915534799622579 dE = -6.24103E-02
SCF Iteration 138: Energy = 5.8539636811798061 dE =  6.24102E-02
SCF Iteration 139: Energy = 5.7915533679520435 dE = -6.24103E-02
SCF Iteration 140: Energy = 5.8539635857074597 dE =  6.24102E-02
SCF Iteration 141: Energy = 5.7915532752180656 dE = -6.24103E-02
SCF Iteration 142: Energy = 5.8539635066652984 dE =  6.24102E-02
SCF Iteration 143: Energy = 5.7915531984430135 dE = -6.24103E-02
SCF Iteration 144: Energy = 5.8539634412258019 dE =  6.24102E-02
SCF Iteration 145: Energy = 5.7915531348804548 dE = -6.24103E-02
SCF Iteration 146: Energy = 5.8539633870480250 dE =  6.24103E-02
SCF Iteration 147: Energy = 5.7915530822566357 dE = -6.24103E-02
SCF Iteration 148: Energy = 5.8539633421938984 dE =  6.24103E-02
SCF Iteration 149: Energy = 5.7915530386890337 dE = -6.24103E-02
SCF Iteration 150: Energy = 5.8539633050588806 dE =  6.24103E-02
SCF Iteration 151: Energy = 5.7915530026191382 dE = -6.24103E-02
SCF Iteration 152: Energy = 5.8539632743145855 dE =  6.24103E-02
SCF Iteration 153: Energy = 5.7915529727566684 dE = -6.24103E-02
SCF Iteration 154: Energy = 5.8539632488611915 dE =  6.24103E-02
SCF Iteration 155: Energy = 5.7915529480333250 dE = -6.24103E-02
SCF Iteration 156: Energy = 5.8539632277881841 dE =  6.24103E-02
SCF Iteration 157: Energy = 5.7915529275647240 dE = -6.24103E-02
SCF Iteration 158: Energy = 5.8539632103416821 dE =  6.24103E-02
SCF Iteration 159: Energy = 5.7915529106186296 dE = -6.24103E-02
SCF Iteration 160: Energy = 5.8539631958976228 dE =  6.24103E-02
SCF Iteration 161: Energy = 5.7915528965888585 dE = -6.24103E-02
SCF Iteration 162: Energy = 5.8539631839392836 dE =  6.24103E-02
SCF Iteration 163: Energy = 5.7915528849735329 dE = -6.24103E-02
SCF Iteration 164: Energy = 5.8539631740389106 dE =  6.24103E-02
SCF Iteration 165: Energy = 5.7915528753571204 dE = -6.24103E-02
SCF Iteration 166: Energy = 5.8539631658423348 dE =  6.24103E-02
SCF Iteration 167: Energy = 5.7915528673956409 dE = -6.24103E-02
SCF Iteration 168: Energy = 5.8539631590563426 dE =  6.24103E-02
SCF Iteration 169: Energy = 5.7915528608042770 dE = -6.24103E-02
SCF Iteration 170: Energy = 5.8539631534381824 dE =  6.24103E-02
SCF Iteration 171: Energy = 5.7915528553472546 dE = -6.24103E-02
SCF Iteration 172: Energy = 5.8539631487868524 dE =  6.24103E-02
SCF Iteration 173: Energy = 5.7915528508293397 dE = -6.24103E-02
SCF Iteration 174: Energy = 5.8539631449360003 dE =  6.24103E-02
SCF Iteration 175: Energy = 5.7915528470889361 dE = -6.24103E-02
SCF Iteration 176: Energy = 5.8539631417478457 dE =  6.24103E-02
SCF Iteration 177: Energy = 5.7915528439922301 dE = -6.24103E-02
SCF Iteration 178: Energy = 5.8539631391083642 dE =  6.24103E-02
SCF Iteration 179: Energy = 5.7915528414284561 dE = -6.24103E-02
SCF Iteration 180: Energy = 5.8539631369231211 dE =  6.24103E-02
SCF Iteration 181: Energy = 5.7915528393058935 dE = -6.24103E-02
SCF Iteration 182: Energy = 5.8539631351139354 dE =  6.24103E-02
SCF Iteration 183: Energy = 5.7915528375486094 dE = -6.24103E-02
SCF Iteration 184: Energy = 5.8539631336161166 dE =  6.24103E-02
SCF Iteration 185: Energy = 5.7915528360937332 dE = -6.24103E-02
SCF Iteration 186: Energy = 5.8539631323760464 dE =  6.24103E-02
SCF Iteration 187: Energy = 5.7915528348892495 dE = -6.24103E-02
SCF Iteration 188: Energy = 5.8539631313493894 dE =  6.24103E-02
SCF Iteration 189: Energy = 5.7915528338920383 dE = -6.24103E-02
SCF Iteration 190: Energy = 5.8539631304994293 dE =  6.24103E-02
SCF Iteration 191: Energy = 5.7915528330664419 dE = -6.24103E-02
SCF Iteration 192: Energy = 5.8539631297957291 dE =  6.24103E-02
SCF Iteration 193: Energy = 5.7915528323829246 dE = -6.24103E-02
SCF Iteration 194: Energy = 5.8539631292131249 dE =  6.24103E-02
SCF Iteration 195: Energy = 5.7915528318170466 dE = -6.24103E-02
SCF Iteration 196: Energy = 5.8539631287308014 dE =  6.24103E-02
SCF Iteration 197: Energy = 5.7915528313485405 dE = -6.24103E-02
SCF Iteration 198: Energy = 5.8539631283314675 dE =  6.24103E-02
SCF Iteration 199: Energy = 5.7915528309606641 dE = -6.24103E-02
SCF Iteration 200: Energy = 5.8539631280008679 dE =  6.24103E-02
SCF Iteration 201: Energy = 5.7915528306395343 dE = -6.24103E-02
SCF Iteration 202: Energy = 5.8539631277271384 dE =  6.24103E-02
SCF Iteration 203: Energy = 5.7915528303736652 dE = -6.24103E-02
SCF Iteration 204: Energy = 5.8539631275005251 dE =  6.24103E-02
SCF Iteration 205: Energy = 5.7915528301535462 dE = -6.24103E-02
SCF Iteration 206: Energy = 5.8539631273129258 dE =  6.24103E-02
SCF Iteration 207: Energy = 5.7915528299713364 dE = -6.24103E-02
SCF Iteration 208: Energy = 5.8539631271575994 dE =  6.24103E-02
SCF Iteration 209: Energy = 5.7915528298204668 dE = -6.24103E-02
SCF Iteration 210: Energy = 5.8539631270290027 dE =  6.24103E-02
SCF Iteration 211: Energy = 5.7915528296955623 dE = -6.24103E-02
SCF Iteration 212: Energy = 5.8539631269225527 dE =  6.24103E-02
SCF Iteration 213: Energy = 5.7915528295921499 dE = -6.24103E-02
SCF Iteration 214: Energy = 5.8539631268343966 dE =  6.24103E-02
SCF Iteration 215: Energy = 5.7915528295065259 dE = -6.24103E-02
SCF Iteration 216: Energy = 5.8539631267614149 dE =  6.24103E-02
SCF Iteration 217: Energy = 5.7915528294356386 dE = -6.24103E-02
SCF Iteration 218: Energy = 5.8539631267009993 dE =  6.24103E-02
SCF Iteration 219: Energy = 5.7915528293769549 dE = -6.24103E-02
SCF Iteration 220: Energy = 5.8539631266509842 dE =  6.24103E-02
SCF Iteration 221: Energy = 5.7915528293283787 dE = -6.24103E-02
SCF Iteration 222: Energy = 5.8539631266095800 dE =  6.24103E-02
SCF Iteration 223: Energy = 5.7915528292881762 dE = -6.24103E-02
SCF Iteration 224: Energy = 5.8539631265753069 dE =  6.24103E-02
SCF Iteration 225: Energy = 5.7915528292548766 dE = -6.24103E-02
SCF Iteration 226: Energy = 5.8539631265469172 dE =  6.24103E-02
SCF Iteration 227: Energy = 5.7915528292273040 dE = -6.24103E-02
SCF Iteration 228: Energy = 5.8539631265234204 dE =  6.24103E-02
SCF Iteration 229: Energy = 5.7915528292044582 dE = -6.24103E-02
SCF Iteration 230: Energy = 5.8539631265039676 dE =  6.24103E-02
SCF Iteration 231: Energy = 5.7915528291855773 dE = -6.24103E-02
SCF Iteration 232: Energy = 5.8539631264878578 dE =  6.24103E-02
SCF Iteration 233: Energy = 5.7915528291699365 dE = -6.24103E-02
SCF Iteration 234: Energy = 5.8539631264745191 dE =  6.24103E-02
SCF Iteration 235: Energy = 5.7915528291569869 dE = -6.24103E-02
SCF Iteration 236: Energy = 5.8539631264634879 dE =  6.24103E-02
SCF Iteration 237: Energy = 5.7915528291462541 dE = -6.24103E-02
SCF Iteration 238: Energy = 5.8539631264543459 dE =  6.24103E-02
SCF Iteration 239: Energy = 5.7915528291373857 dE = -6.24103E-02
SCF Iteration 240: Energy = 5.8539631264467866 dE =  6.24103E-02
SCF Iteration 241: Energy = 5.7915528291300467 dE = -6.24103E-02
SCF Iteration 242: Energy = 5.8539631264405223 dE =  6.24103E-02
SCF Iteration 243: Energy = 5.7915528291239466 dE = -6.24103E-02
SCF Iteration 244: Energy = 5.8539631264353318 dE =  6.24103E-02
SCF Iteration 245: Energy = 5.7915528291189089 dE = -6.24103E-02
SCF Iteration 246: Energy = 5.8539631264310366 dE =  6.24103E-02
SCF Iteration 247: Energy = 5.7915528291147327 dE = -6.24103E-02
SCF Iteration 248: Energy = 5.8539631264274776 dE =  6.24103E-02
SCF Iteration 249: Energy = 5.7915528291112821 dE = -6.24103E-02
SCF Iteration 250: Energy = 5.8539631264245289 dE =  6.24103E-02
SCF Iteration 251: Energy = 5.7915528291084284 dE = -6.24103E-02
SCF Iteration 252: Energy = 5.8539631264221041 dE =  6.24103E-02
SCF Iteration 253: Energy = 5.7915528291060561 dE = -6.24103E-02
SCF Iteration 254: Energy = 5.8539631264200862 dE =  6.24103E-02
SCF Iteration 255: Energy = 5.7915528291041083 dE = -6.24103E-02
SCF Iteration 256: Energy = 5.8539631264184147 dE =  6.24103E-02
SCF Iteration 257: Energy = 5.7915528291024767 dE = -6.24103E-02
SCF Iteration 258: Energy = 5.8539631264170273 dE =  6.24103E-02
SCF Iteration 259: Energy = 5.7915528291011249 dE = -6.24103E-02
SCF Iteration 260: Energy = 5.8539631264158780 dE =  6.24103E-02
SCF Iteration 261: Energy = 5.7915528291000191 dE = -6.24103E-02
SCF Iteration 262: Energy = 5.8539631264149365 dE =  6.24103E-02
SCF Iteration 263: Energy = 5.7915528290990919 dE = -6.24103E-02
SCF Iteration 264: Energy = 5.8539631264141461 dE =  6.24103E-02
SCF Iteration 265: Energy = 5.7915528290983387 dE = -6.24103E-02
SCF Iteration 266: Energy = 5.8539631264135021 dE =  6.24103E-02
SCF Iteration 267: Energy = 5.7915528290976983 dE = -6.24103E-02
SCF Iteration 268: Energy = 5.8539631264129648 dE =  6.24103E-02
SCF Iteration 269: Energy = 5.7915528290971725 dE = -6.24103E-02
SCF Iteration 270: Energy = 5.8539631264125065 dE =  6.24103E-02
SCF Iteration 271: Energy = 5.7915528290967497 dE = -6.24103E-02
SCF Iteration 272: Energy = 5.8539631264121423 dE =  6.24103E-02
SCF Iteration 273: Energy = 5.7915528290963847 dE = -6.24103E-02
SCF Iteration 274: Energy = 5.8539631264118261 dE =  6.24103E-02
SCF Iteration 275: Energy = 5.7915528290960845 dE = -6.24103E-02
SCF Iteration 276: Energy = 5.8539631264115854 dE =  6.24103E-02
SCF Iteration 277: Energy = 5.7915528290958429 dE = -6.24103E-02
SCF Iteration 278: Energy = 5.8539631264113909 dE =  6.24103E-02
SCF Iteration 279: Energy = 5.7915528290956555 dE = -6.24103E-02
SCF Iteration 280: Energy = 5.8539631264112097 dE =  6.24103E-02
SCF Iteration 281: Energy = 5.7915528290954859 dE = -6.24103E-02
SCF Iteration 282: Energy = 5.8539631264110641 dE =  6.24103E-02
SCF Iteration 283: Energy = 5.7915528290953455 dE = -6.24103E-02
SCF Iteration 284: Energy = 5.8539631264109415 dE =  6.24103E-02
SCF Iteration 285: Energy = 5.7915528290952238 dE = -6.24103E-02
SCF Iteration 286: Energy = 5.8539631264108474 dE =  6.24103E-02
SCF Iteration 287: Energy = 5.7915528290951306 dE = -6.24103E-02
SCF Iteration 288: Energy = 5.8539631264107639 dE =  6.24103E-02
SCF Iteration 289: Energy = 5.7915528290950489 dE = -6.24103E-02
SCF Iteration 290: Energy = 5.8539631264106937 dE =  6.24103E-02
SCF Iteration 291: Energy = 5.7915528290949734 dE = -6.24103E-02
SCF Iteration 292: Energy = 5.8539631264106431 dE =  6.24103E-02
SCF Iteration 293: Energy = 5.7915528290949334 dE = -6.24103E-02
SCF Iteration 294: Energy = 5.8539631264105951 dE =  6.24103E-02
SCF Iteration 295: Energy = 5.7915528290948881 dE = -6.24103E-02
SCF Iteration 296: Energy = 5.8539631264105454 dE =  6.24103E-02
SCF Iteration 297: Energy = 5.7915528290948446 dE = -6.24103E-02
SCF Iteration 298: Energy = 5.8539631264105223 dE =  6.24103E-02
SCF Iteration 299: Energy = 5.7915528290948082 dE = -6.24103E-02
SCF Iteration 300: Energy = 5.8539631264104957 dE =  6.24103E-02
SCF Iteration 301: Energy = 5.7915528290947842 dE = -6.24103E-02
SCF Iteration 302: Energy = 5.8539631264104628 dE =  6.24103E-02
SCF Iteration 303: Energy = 5.7915528290947611 dE = -6.24103E-02
SCF Iteration 304: Energy = 5.8539631264104468 dE =  6.24103E-02
SCF Iteration 305: Energy = 5.7915528290947531 dE = -6.24103E-02
SCF Iteration 306: Energy = 5.8539631264104406 dE =  6.24103E-02
SCF Iteration 307: Energy = 5.7915528290947309 dE = -6.24103E-02
SCF Iteration 308: Energy = 5.8539631264104299 dE =  6.24103E-02
SCF Iteration 309: Energy = 5.7915528290947238 dE = -6.24103E-02
SCF Iteration 310: Energy = 5.8539631264104148 dE =  6.24103E-02
SCF Iteration 311: Energy = 5.7915528290947149 dE = -6.24103E-02
SCF Iteration 312: Energy = 5.8539631264104086 dE =  6.24103E-02
SCF Iteration 313: Energy = 5.7915528290947114 dE = -6.24103E-02
SCF Iteration 314: Energy = 5.8539631264104095 dE =  6.24103E-02
SCF Iteration 315: Energy = 5.7915528290947007 dE = -6.24103E-02
SCF Iteration 316: Energy = 5.8539631264104033 dE =  6.24103E-02
SCF Iteration 317: Energy = 5.7915528290947105 dE = -6.24103E-02
SCF Iteration 318: Energy = 5.8539631264104077 dE =  6.24103E-02
SCF Iteration 319: Energy = 5.7915528290947007 dE = -6.24103E-02
SCF Iteration 320: Energy = 5.8539631264103971 dE =  6.24103E-02
SCF Iteration 321: Energy = 5.7915528290946945 dE = -6.24103E-02
SCF Iteration 322: Energy = 5.8539631264103944 dE =  6.24103E-02
SCF Iteration 323: Energy = 5.7915528290946883 dE = -6.24103E-02
SCF Iteration 324: Energy = 5.8539631264103891 dE =  6.24103E-02
SCF Iteration 325: Energy = 5.7915528290947043 dE = -6.24103E-02
SCF Iteration 326: Energy = 5.8539631264103962 dE =  6.24103E-02
SCF Iteration 327: Energy = 5.7915528290946865 dE = -6.24103E-02
SCF Iteration 328: Energy = 5.8539631264103891 dE =  6.24103E-02
SCF Iteration 329: Energy = 5.7915528290946989 dE = -6.24103E-02
SCF Iteration 330: Energy = 5.8539631264103944 dE =  6.24103E-02
SCF Iteration 331: Energy = 5.7915528290947043 dE = -6.24103E-02
SCF Iteration 332: Energy = 5.8539631264103873 dE =  6.24103E-02
SCF Iteration 333: Energy = 5.7915528290946785 dE = -6.24103E-02
SCF Iteration 334: Energy = 5.8539631264103820 dE =  6.24103E-02
SCF Iteration 335: Energy = 5.7915528290946847 dE = -6.24103E-02
SCF Iteration 336: Energy = 5.8539631264103917 dE =  6.24103E-02
SCF Iteration 337: Energy = 5.7915528290946936 dE = -6.24103E-02
SCF Iteration 338: Energy = 5.8539631264103873 dE =  6.24103E-02
SCF Iteration 339: Energy = 5.7915528290946829 dE = -6.24103E-02
SCF Iteration 340: Energy = 5.8539631264103811 dE =  6.24103E-02
SCF Iteration 341: Energy = 5.7915528290946883 dE = -6.24103E-02
SCF Iteration 342: Energy = 5.8539631264103908 dE =  6.24103E-02
SCF Iteration 343: Energy = 5.7915528290946829 dE = -6.24103E-02
SCF Iteration 344: Energy = 5.8539631264103740 dE =  6.24103E-02
SCF Iteration 345: Energy = 5.7915528290946918 dE = -6.24103E-02
SCF Iteration 346: Energy = 5.8539631264103908 dE =  6.24103E-02
SCF Iteration 347: Energy = 5.7915528290946812 dE = -6.24103E-02
SCF Iteration 348: Energy = 5.8539631264103837 dE =  6.24103E-02
SCF Iteration 349: Energy = 5.7915528290946776 dE = -6.24103E-02
SCF Iteration 350: Energy = 5.8539631264103749 dE =  6.24103E-02
SCF Iteration 351: Energy = 5.7915528290946918 dE = -6.24103E-02
SCF Iteration 352: Energy = 5.8539631264103713 dE =  6.24103E-02
SCF Iteration 353: Energy = 5.7915528290946776 dE = -6.24103E-02
SCF Iteration 354: Energy = 5.8539631264103678 dE =  6.24103E-02
SCF Iteration 355: Energy = 5.7915528290946723 dE = -6.24103E-02
SCF Iteration 356: Energy = 5.8539631264103784 dE =  6.24103E-02
SCF Iteration 357: Energy = 5.7915528290946803 dE = -6.24103E-02
SCF Iteration 358: Energy = 5.8539631264103749 dE =  6.24103E-02
SCF Iteration 359: Energy = 5.7915528290946749 dE = -6.24103E-02
SCF Iteration 360: Energy = 5.8539631264103855 dE =  6.24103E-02
SCF Iteration 361: Energy = 5.7915528290946785 dE = -6.24103E-02
SCF Iteration 362: Energy = 5.8539631264103784 dE =  6.24103E-02
SCF Iteration 363: Energy = 5.7915528290946714 dE = -6.24103E-02
SCF Iteration 364: Energy = 5.8539631264103749 dE =  6.24103E-02
SCF Iteration 365: Energy = 5.7915528290946670 dE = -6.24103E-02
SCF Iteration 366: Energy = 5.8539631264103829 dE =  6.24103E-02
SCF Iteration 367: Energy = 5.7915528290946705 dE = -6.24103E-02
SCF Iteration 368: Energy = 5.8539631264103660 dE =  6.24103E-02
SCF Iteration 369: Energy = 5.7915528290946643 dE = -6.24103E-02
SCF Iteration 370: Energy = 5.8539631264103713 dE =  6.24103E-02
SCF Iteration 371: Energy = 5.7915528290946741 dE = -6.24103E-02
SCF Iteration 372: Energy = 5.8539631264103660 dE =  6.24103E-02
SCF Iteration 373: Energy = 5.7915528290946723 dE = -6.24103E-02
SCF Iteration 374: Energy = 5.8539631264103820 dE =  6.24103E-02
SCF Iteration 375: Energy = 5.7915528290946687 dE = -6.24103E-02
SCF Iteration 376: Energy = 5.8539631264103678 dE =  6.24103E-02
SCF Iteration 377: Energy = 5.7915528290946687 dE = -6.24103E-02
SCF Iteration 378: Energy = 5.8539631264103811 dE =  6.24103E-02
SCF Iteration 379: Energy = 5.7915528290946767 dE = -6.24103E-02
SCF Iteration 380: Energy = 5.8539631264103731 dE =  6.24103E-02
SCF Iteration 381: Energy = 5.7915528290946705 dE = -6.24103E-02
SCF Iteration 382: Energy = 5.8539631264103740 dE =  6.24103E-02
SCF Iteration 383: Energy = 5.7915528290946723 dE = -6.24103E-02
SCF Iteration 384: Energy = 5.8539631264103758 dE =  6.24103E-02
SCF Iteration 385: Energy = 5.7915528290946598 dE = -6.24103E-02
SCF Iteration 386: Energy = 5.8539631264103749 dE =  6.24103E-02
SCF Iteration 387: Energy = 5.7915528290946803 dE = -6.24103E-02
SCF Iteration 388: Energy = 5.8539631264103837 dE =  6.24103E-02
SCF Iteration 389: Energy = 5.7915528290946785 dE = -6.24103E-02
SCF Iteration 390: Energy = 5.8539631264103837 dE =  6.24103E-02
SCF Iteration 391: Energy = 5.7915528290946865 dE = -6.24103E-02
SCF Iteration 392: Energy = 5.8539631264103749 dE =  6.24103E-02
SCF Iteration 393: Energy = 5.7915528290946803 dE = -6.24103E-02
SCF Iteration 394: Energy = 5.8539631264103784 dE =  6.24103E-02
SCF Iteration 395: Energy = 5.7915528290946776 dE = -6.24103E-02
SCF Iteration 396: Energy = 5.8539631264103713 dE =  6.24103E-02
SCF Iteration 397: Energy = 5.7915528290946723 dE = -6.24103E-02
SCF Iteration 398: Energy = 5.8539631264103749 dE =  6.24103E-02
SCF Iteration 399: Energy = 5.7915528290946776 dE = -6.24103E-02
SCF Iteration 400: Energy = 5.8539631264103793 dE =  6.24103E-02
SCF Iteration 401: Energy = 5.7915528290946723 dE = -6.24103E-02
SCF Iteration 402: Energy = 5.8539631264103837 dE =  6.24103E-02
SCF Iteration 403: Energy = 5.7915528290946758 dE = -6.24103E-02
SCF Iteration 404: Energy = 5.8539631264103837 dE =  6.24103E-02
SCF Iteration 405: Energy = 5.7915528290946696 dE = -6.24103E-02
SCF Iteration 406: Energy = 5.8539631264103731 dE =  6.24103E-02
SCF Iteration 407: Energy = 5.7915528290946705 dE = -6.24103E-02
SCF Iteration 408: Energy = 5.8539631264103731 dE =  6.24103E-02
SCF Iteration 409: Energy = 5.7915528290946749 dE = -6.24103E-02
SCF Iteration 410: Energy = 5.8539631264103749 dE =  6.24103E-02
SCF Iteration 411: Energy = 5.7915528290946714 dE = -6.24103E-02
SCF Iteration 412: Energy = 5.8539631264103713 dE =  6.24103E-02
SCF Iteration 413: Energy = 5.7915528290946705 dE = -6.24103E-02
SCF Iteration 414: Energy = 5.8539631264103642 dE =  6.24103E-02
SCF Iteration 415: Energy = 5.7915528290946705 dE = -6.24103E-02
SCF Iteration 416: Energy = 5.8539631264103686 dE =  6.24103E-02
SCF Iteration 417: Energy = 5.7915528290946776 dE = -6.24103E-02
SCF Iteration 418: Energy = 5.8539631264103784 dE =  6.24103E-02
SCF Iteration 419: Energy = 5.7915528290946794 dE = -6.24103E-02
SCF Iteration 420: Energy = 5.8539631264103669 dE =  6.24103E-02
SCF Iteration 421: Energy = 5.7915528290946732 dE = -6.24103E-02
SCF Iteration 422: Energy = 5.8539631264103678 dE =  6.24103E-02
SCF Iteration 423: Energy = 5.7915528290946838 dE = -6.24103E-02
SCF Iteration 424: Energy = 5.8539631264103766 dE =  6.24103E-02
SCF Iteration 425: Energy = 5.7915528290946634 dE = -6.24103E-02
SCF Iteration 426: Energy = 5.8539631264103873 dE =  6.24103E-02
SCF Iteration 427: Energy = 5.7915528290946900 dE = -6.24103E-02
SCF Iteration 428: Energy = 5.8539631264103784 dE =  6.24103E-02
SCF Iteration 429: Energy = 5.7915528290946847 dE = -6.24103E-02
SCF Iteration 430: Energy = 5.8539631264103766 dE =  6.24103E-02
SCF Iteration 431: Energy = 5.7915528290946670 dE = -6.24103E-02
SCF Iteration 432: Energy = 5.8539631264103802 dE =  6.24103E-02
SCF Iteration 433: Energy = 5.7915528290946847 dE = -6.24103E-02
SCF Iteration 434: Energy = 5.8539631264103908 dE =  6.24103E-02
SCF Iteration 435: Energy = 5.7915528290946829 dE = -6.24103E-02
SCF Iteration 436: Energy = 5.8539631264103731 dE =  6.24103E-02
SCF Iteration 437: Energy = 5.7915528290946847 dE = -6.24103E-02
SCF Iteration 438: Energy = 5.8539631264103740 dE =  6.24103E-02
SCF Iteration 439: Energy = 5.7915528290946749 dE = -6.24103E-02
SCF Iteration 440: Energy = 5.8539631264103749 dE =  6.24103E-02
SCF Iteration 441: Energy = 5.7915528290946687 dE = -6.24103E-02
SCF Iteration 442: Energy = 5.8539631264103731 dE =  6.24103E-02
SCF Iteration 443: Energy = 5.7915528290946812 dE = -6.24103E-02
SCF Iteration 444: Energy = 5.8539631264103775 dE =  6.24103E-02
SCF Iteration 445: Energy = 5.7915528290946900 dE = -6.24103E-02
SCF Iteration 446: Energy = 5.8539631264103891 dE =  6.24103E-02
SCF Iteration 447: Energy = 5.7915528290946803 dE = -6.24103E-02
SCF Iteration 448: Energy = 5.8539631264103784 dE =  6.24103E-02
SCF Iteration 449: Energy = 5.7915528290946821 dE = -6.24103E-02
SCF Iteration 450: Energy = 5.8539631264103802 dE =  6.24103E-02
SCF Iteration 451: Energy = 5.7915528290946829 dE = -6.24103E-02
SCF Iteration 452: Energy = 5.8539631264103873 dE =  6.24103E-02
SCF Iteration 453: Energy = 5.7915528290946812 dE = -6.24103E-02
SCF Iteration 454: Energy = 5.8539631264103749 dE =  6.24103E-02
SCF Iteration 455: Energy = 5.7915528290946821 dE = -6.24103E-02
SCF Iteration 456: Energy = 5.8539631264103784 dE =  6.24103E-02
SCF Iteration 457: Energy = 5.7915528290946758 dE = -6.24103E-02
SCF Iteration 458: Energy = 5.8539631264103766 dE =  6.24103E-02
SCF Iteration 459: Energy = 5.7915528290946821 dE = -6.24103E-02
SCF Iteration 460: Energy = 5.8539631264103749 dE =  6.24103E-02
SCF Iteration 461: Energy = 5.7915528290946723 dE = -6.24103E-02
SCF Iteration 462: Energy = 5.8539631264103837 dE =  6.24103E-02
SCF Iteration 463: Energy = 5.7915528290946972 dE = -6.24103E-02
SCF Iteration 464: Energy = 5.8539631264103829 dE =  6.24103E-02
SCF Iteration 465: Energy = 5.7915528290946945 dE = -6.24103E-02
SCF Iteration 466: Energy = 5.8539631264103935 dE =  6.24103E-02
SCF Iteration 467: Energy = 5.7915528290946954 dE = -6.24103E-02
SCF Iteration 468: Energy = 5.8539631264103811 dE =  6.24103E-02
SCF Iteration 469: Energy = 5.7915528290946794 dE = -6.24103E-02
SCF Iteration 470: Energy = 5.8539631264103900 dE =  6.24103E-02
SCF Iteration 471: Energy = 5.7915528290946989 dE = -6.24103E-02
SCF Iteration 472: Energy = 5.8539631264103900 dE =  6.24103E-02
SCF Iteration 473: Energy = 5.7915528290946927 dE = -6.24103E-02
SCF Iteration 474: Energy = 5.8539631264103944 dE =  6.24103E-02
SCF Iteration 475: Energy = 5.7915528290947069 dE = -6.24103E-02
SCF Iteration 476: Energy = 5.8539631264103971 dE =  6.24103E-02
SCF Iteration 477: Energy = 5.7915528290946972 dE = -6.24103E-02
SCF Iteration 478: Energy = 5.8539631264103891 dE =  6.24103E-02
SCF Iteration 479: Energy = 5.7915528290946874 dE = -6.24103E-02
SCF Iteration 480: Energy = 5.8539631264103908 dE =  6.24103E-02
SCF Iteration 481: Energy = 5.7915528290946989 dE = -6.24103E-02
SCF Iteration 482: Energy = 5.8539631264103820 dE =  6.24103E-02
SCF Iteration 483: Energy = 5.7915528290946812 dE = -6.24103E-02
SCF Iteration 484: Energy = 5.8539631264103731 dE =  6.24103E-02
SCF Iteration 485: Energy = 5.7915528290946918 dE = -6.24103E-02
SCF Iteration 486: Energy = 5.8539631264103749 dE =  6.24103E-02
SCF Iteration 487: Energy = 5.7915528290946821 dE = -6.24103E-02
SCF Iteration 488: Energy = 5.8539631264103873 dE =  6.24103E-02
SCF Iteration 489: Energy = 5.7915528290946838 dE = -6.24103E-02
SCF Iteration 490: Energy = 5.8539631264103749 dE =  6.24103E-02
SCF Iteration 491: Energy = 5.7915528290946758 dE = -6.24103E-02
SCF Iteration 492: Energy = 5.8539631264103802 dE =  6.24103E-02
SCF Iteration 493: Energy = 5.7915528290946705 dE = -6.24103E-02
SCF Iteration 494: Energy = 5.8539631264103713 dE =  6.24103E-02
SCF Iteration 495: Energy = 5.7915528290946776 dE = -6.24103E-02
SCF Iteration 496: Energy = 5.8539631264103731 dE =  6.24103E-02
SCF Iteration 497: Energy = 5.7915528290946812 dE = -6.24103E-02
SCF Iteration 498: Energy = 5.8539631264103695 dE =  6.24103E-02
SCF Iteration 499: Energy = 5.7915528290946670 dE = -6.24103E-02
SCF Iteration 500: Energy = 5.8539631264103678 dE =  6.24103E-02
