
  Memory set to  55.879 GiB by Python driver.
  Threads set to 1 by Python driver.
Settings:
	LOT = CCSD-S2-U22
	wc = 20.0 eV
	lambda = [1.091182 0.       0.      ] a.u.
	Equivalent A0 = LAMBDA / sqrt(2 wc) = [0.9 0.  0. ])
doing QED-CCSD-Full (or QED-CCSD-22)
Number of occupied orbitals:   1
Number of basis functions:  60
SCF Iteration   1: Energy = 7.3541816247693550 dE =  7.35418E+00
SCF Iteration   2: Energy = 7.8757414043003156 dE =  5.21560E-01
SCF Iteration   3: Energy = 7.5934135281714950 dE = -2.82328E-01
SCF Iteration   4: Energy = 7.8244895240661672 dE =  2.31076E-01
SCF Iteration   5: Energy = 7.7359876644038037 dE = -8.85019E-02
SCF Iteration   6: Energy = 7.8343939132288849 dE =  9.84062E-02
SCF Iteration   7: Energy = 7.7986990630299244 dE = -3.56949E-02
SCF Iteration   8: Energy = 7.8445218018162732 dE =  4.58227E-02
SCF Iteration   9: Energy = 7.8248304682340697 dE = -1.96913E-02
SCF Iteration  10: Energy = 7.8488357843167487 dE =  2.40053E-02
SCF Iteration  11: Energy = 7.8340769543847744 dE = -1.47588E-02
SCF Iteration  12: Energy = 7.8484064676715830 dE =  1.43295E-02
SCF Iteration  13: Energy = 7.8349902135091547 dE = -1.34163E-02
SCF Iteration  14: Energy = 7.8448338621690565 dE =  9.84365E-03
SCF Iteration  15: Energy = 7.8316135864665339 dE = -1.32203E-02
SCF Iteration  16: Energy = 7.8393772790676071 dE =  7.76369E-03
SCF Iteration  17: Energy = 7.8260493733458736 dE = -1.33279E-02
SCF Iteration  18: Energy = 7.8329291211264112 dE =  6.87975E-03
SCF Iteration  19: Energy = 7.8194751848083150 dE = -1.34539E-02
SCF Iteration  20: Energy = 7.8260970015495399 dE =  6.62182E-03
SCF Iteration  21: Energy = 7.8125807351402772 dE = -1.35163E-02
SCF Iteration  22: Energy = 7.8192810608752010 dE =  6.70033E-03
SCF Iteration  23: Energy = 7.8057754049649706 dE = -1.35057E-02
SCF Iteration  24: Energy = 7.8127336601899051 dE =  6.95826E-03
SCF Iteration  25: Energy = 7.7992975456933626 dE = -1.34361E-02
SCF Iteration  26: Energy = 7.8066036401185812 dE =  7.30609E-03
SCF Iteration  27: Energy = 7.7932774689851350 dE = -1.33262E-02
SCF Iteration  28: Energy = 7.8009686463708663 dE =  7.69118E-03
SCF Iteration  29: Energy = 7.7877763005925082 dE = -1.31923E-02
SCF Iteration  30: Energy = 7.7958584638852439 dE =  8.08216E-03
SCF Iteration  31: Energy = 7.7828110379349678 dE = -1.30474E-02
SCF Iteration  32: Energy = 7.7912716554445671 dE =  8.46062E-03
SCF Iteration  33: Energy = 7.7783711181474873 dE = -1.29005E-02
SCF Iteration  34: Energy = 7.7871872681803422 dE =  8.81615E-03
SCF Iteration  35: Energy = 7.7744294866303774 dE = -1.27578E-02
SCF Iteration  36: Energy = 7.7835729473084001 dE =  9.14346E-03
SCF Iteration  37: Energy = 7.7709499881581285 dE = -1.26230E-02
SCF Iteration  38: Energy = 7.7803904617865882 dE =  9.44047E-03
SCF Iteration  39: Energy = 7.7678922564509350 dE = -1.24982E-02
SCF Iteration  40: Energy = 7.7775993860772727 dE =  9.70713E-03
SCF Iteration  41: Energy = 7.7652148899577567 dE = -1.23845E-02
SCF Iteration  42: Energy = 7.7751594827429935 dE =  9.94459E-03
SCF Iteration  43: Energy = 7.7628774532361664 dE = -1.22820E-02
SCF Iteration  44: Energy = 7.7730321803773714 dE =  1.01547E-02
SCF Iteration  45: Energy = 7.7608416774783340 dE = -1.21905E-02
SCF Iteration  46: Energy = 7.7711814298627475 dE =  1.03398E-02
SCF Iteration  47: Energy = 7.7590721200836690 dE = -1.21093E-02
SCF Iteration  48: Energy = 7.7695741401845719 dE =  1.05020E-02
SCF Iteration  49: Energy = 7.7575364641587372 dE = -1.20377E-02
SCF Iteration  50: Energy = 7.7681803356896530 dE =  1.06439E-02
SCF Iteration  51: Energy = 7.7562055834791286 dE = -1.19748E-02
SCF Iteration  52: Energy = 7.7669731339623302 dE =  1.07676E-02
SCF Iteration  53: Energy = 7.7550534595725651 dE = -1.19197E-02
SCF Iteration  54: Energy = 7.7659286129676230 dE =  1.08752E-02
SCF Iteration  55: Energy = 7.7540570102674975 dE = -1.18716E-02
SCF Iteration  56: Energy = 7.7650256144290690 dE =  1.09686E-02
SCF Iteration  57: Energy = 7.7531958698908729 dE = -1.18297E-02
SCF Iteration  58: Energy = 7.7642455151044958 dE =  1.10496E-02
SCF Iteration  59: Energy = 7.7524521478986257 dE = -1.17934E-02
SCF Iteration  60: Energy = 7.7635719868845117 dE =  1.11198E-02
SCF Iteration  61: Energy = 7.7518101833931974 dE = -1.17618E-02
SCF Iteration  62: Energy = 7.7629907591574776 dE =  1.11806E-02
SCF Iteration  63: Energy = 7.7512563065278446 dE = -1.17345E-02
SCF Iteration  64: Energy = 7.7624893917178204 dE =  1.12331E-02
SCF Iteration  65: Energy = 7.7507786133707031 dE = -1.17108E-02
SCF Iteration  66: Energy = 7.7620570629635468 dE =  1.12784E-02
SCF Iteration  67: Energy = 7.7503667577999868 dE = -1.16903E-02
SCF Iteration  68: Energy = 7.7616843757505736 dE =  1.13176E-02
SCF Iteration  69: Energy = 7.7500117619979791 dE = -1.16726E-02
SCF Iteration  70: Energy = 7.7613631817005881 dE =  1.13514E-02
SCF Iteration  71: Energy = 7.7497058458080588 dE = -1.16573E-02
SCF Iteration  72: Energy = 7.7610864237512418 dE =  1.13806E-02
SCF Iteration  73: Energy = 7.7494422743939966 dE = -1.16441E-02
SCF Iteration  74: Energy = 7.7608479961173940 dE =  1.14057E-02
SCF Iteration  75: Energy = 7.7492152231523272 dE = -1.16328E-02
SCF Iteration  76: Energy = 7.7606426204783361 dE =  1.14274E-02
SCF Iteration  77: Energy = 7.7490196585611377 dE = -1.16230E-02
SCF Iteration  78: Energy = 7.7604657370297074 dE =  1.14461E-02
SCF Iteration  79: Energy = 7.7488512335347712 dE = -1.16145E-02
SCF Iteration  80: Energy = 7.7603134089821699 dE =  1.14622E-02
SCF Iteration  81: Energy = 7.7487061958364460 dE = -1.16072E-02
SCF Iteration  82: Energy = 7.7601822391077748 dE =  1.14760E-02
SCF Iteration  83: Energy = 7.7485813081454893 dE = -1.16009E-02
SCF Iteration  84: Energy = 7.7600692969990108 dE =  1.14880E-02
SCF Iteration  85: Energy = 7.7484737784577087 dE = -1.15955E-02
SCF Iteration  86: Energy = 7.7599720557984773 dE =  1.14983E-02
SCF Iteration  87: Energy = 7.7483811995986329 dE = -1.15909E-02
SCF Iteration  88: Energy = 7.7598883372607288 dE =  1.15071E-02
SCF Iteration  89: Energy = 7.7483014967396988 dE = -1.15868E-02
SCF Iteration  90: Energy = 7.7598162641177870 dE =  1.15148E-02
SCF Iteration  91: Energy = 7.7482328819180175 dE = -1.15834E-02
SCF Iteration  92: Energy = 7.7597542188260746 dE =  1.15213E-02
SCF Iteration  93: Energy = 7.7481738146683572 dE = -1.15804E-02
SCF Iteration  94: Energy = 7.7597008078755207 dE =  1.15270E-02
SCF Iteration  95: Energy = 7.7481229679767774 dE = -1.15778E-02
SCF Iteration  96: Energy = 7.7596548309366948 dE =  1.15319E-02
SCF Iteration  97: Energy = 7.7480791988592221 dE = -1.15756E-02
SCF Iteration  98: Energy = 7.7596152542081489 dE =  1.15361E-02
SCF Iteration  99: Energy = 7.7480415229528852 dE = -1.15737E-02
SCF Iteration 100: Energy = 7.7595811874061900 dE =  1.15397E-02
SCF Iteration 101: Energy = 7.7480090925847049 dE = -1.15721E-02
SCF Iteration 102: Energy = 7.7595518639082250 dE =  1.15428E-02
SCF Iteration 103: Energy = 7.7479811778499883 dE = -1.15707E-02
SCF Iteration 104: Energy = 7.7595266236253613 dE =  1.15454E-02
SCF Iteration 105: Energy = 7.7479571502937867 dE = -1.15695E-02
SCF Iteration 106: Energy = 7.7595048982334172 dE =  1.15477E-02
SCF Iteration 107: Energy = 7.7479364688417132 dE = -1.15684E-02
SCF Iteration 108: Energy = 7.7594861984419330 dE =  1.15497E-02
SCF Iteration 109: Energy = 7.7479186676733933 dE = -1.15675E-02
SCF Iteration 110: Energy = 7.7594701030220046 dE =  1.15514E-02
SCF Iteration 111: Energy = 7.7479033457724258 dE = -1.15668E-02
SCF Iteration 112: Energy = 7.7594562493525521 dE =  1.15529E-02
SCF Iteration 113: Energy = 7.7478901579230657 dE = -1.15661E-02
SCF Iteration 114: Energy = 7.7594443252758412 dE =  1.15542E-02
SCF Iteration 115: Energy = 7.7478788069544100 dE = -1.15655E-02
SCF Iteration 116: Energy = 7.7594340620819136 dE =  1.15553E-02
SCF Iteration 117: Energy = 7.7478690370603109 dE = -1.15650E-02
SCF Iteration 118: Energy = 7.7594252284667684 dE =  1.15562E-02
SCF Iteration 119: Energy = 7.7478606280460616 dE = -1.15646E-02
SCF Iteration 120: Energy = 7.7594176253289122 dE =  1.15570E-02
SCF Iteration 121: Energy = 7.7478533903742877 dE = -1.15642E-02
SCF Iteration 122: Energy = 7.7594110812888788 dE =  1.15577E-02
SCF Iteration 123: Energy = 7.7478471608990604 dE = -1.15639E-02
SCF Iteration 124: Energy = 7.7594054488313438 dE =  1.15583E-02
SCF Iteration 125: Energy = 7.7478417991927957 dE = -1.15636E-02
SCF Iteration 126: Energy = 7.7594006009836836 dE =  1.15588E-02
SCF Iteration 127: Energy = 7.7478371843841236 dE = -1.15634E-02
SCF Iteration 128: Energy = 7.7593964284561086 dE =  1.15592E-02
SCF Iteration 129: Energy = 7.7478332124352329 dE = -1.15632E-02
SCF Iteration 130: Energy = 7.7593928371799548 dE =  1.15596E-02
SCF Iteration 131: Energy = 7.7478297937982745 dE = -1.15630E-02
SCF Iteration 132: Energy = 7.7593897461884138 dE =  1.15600E-02
SCF Iteration 133: Energy = 7.7478268513977513 dE = -1.15629E-02
SCF Iteration 134: Energy = 7.7593870857919542 dE =  1.15602E-02
SCF Iteration 135: Energy = 7.7478243188937208 dE = -1.15628E-02
SCF Iteration 136: Energy = 7.7593847960080398 dE =  1.15605E-02
SCF Iteration 137: Energy = 7.7478221391866056 dE = -1.15627E-02
SCF Iteration 138: Energy = 7.7593828252092125 dE =  1.15607E-02
SCF Iteration 139: Energy = 7.7478202631305830 dE = -1.15626E-02
SCF Iteration 140: Energy = 7.7593811289594443 dE =  1.15609E-02
SCF Iteration 141: Energy = 7.7478186484255307 dE = -1.15625E-02
SCF Iteration 142: Energy = 7.7593796690125059 dE =  1.15610E-02
SCF Iteration 143: Energy = 7.7478172586637006 dE = -1.15624E-02
SCF Iteration 144: Energy = 7.7593784124499150 dE =  1.15612E-02
SCF Iteration 145: Energy = 7.7478160625089636 dE = -1.15623E-02
SCF Iteration 146: Energy = 7.7593773309387286 dE =  1.15613E-02
SCF Iteration 147: Energy = 7.7478150329903901 dE = -1.15623E-02
SCF Iteration 148: Energy = 7.7593764000928980 dE =  1.15614E-02
SCF Iteration 149: Energy = 7.7478141468941901 dE = -1.15623E-02
SCF Iteration 150: Energy = 7.7593755989234898 dE =  1.15615E-02
SCF Iteration 151: Energy = 7.7478133842403993 dE = -1.15622E-02
SCF Iteration 152: Energy = 7.7593749093653894 dE =  1.15615E-02
SCF Iteration 153: Energy = 7.7478127278323550 dE = -1.15622E-02
SCF Iteration 154: Energy = 7.7593743158700770 dE =  1.15616E-02
SCF Iteration 155: Energy = 7.7478121628689873 dE = -1.15622E-02
SCF Iteration 156: Energy = 7.7593738050550893 dE =  1.15616E-02
SCF Iteration 157: Energy = 7.7478116766111560 dE = -1.15621E-02
SCF Iteration 158: Energy = 7.7593733654022126 dE =  1.15617E-02
SCF Iteration 159: Energy = 7.7478112580943952 dE = -1.15621E-02
SCF Iteration 160: Energy = 7.7593729869978523 dE =  1.15617E-02
SCF Iteration 161: Energy = 7.7478108978816556 dE = -1.15621E-02
SCF Iteration 162: Energy = 7.7593726613094489 dE =  1.15618E-02
SCF Iteration 163: Energy = 7.7478105878505827 dE = -1.15621E-02
SCF Iteration 164: Energy = 7.7593723809930868 dE =  1.15618E-02
SCF Iteration 165: Energy = 7.7478103210103226 dE = -1.15621E-02
SCF Iteration 166: Energy = 7.7593721397279518 dE =  1.15618E-02
SCF Iteration 167: Energy = 7.7478100913439167 dE = -1.15620E-02
SCF Iteration 168: Energy = 7.7593719320737824 dE =  1.15618E-02
SCF Iteration 169: Energy = 7.7478098936726640 dE = -1.15620E-02
SCF Iteration 170: Energy = 7.7593717533482023 dE =  1.15619E-02
SCF Iteration 171: Energy = 7.7478097235392616 dE = -1.15620E-02
SCF Iteration 172: Energy = 7.7593715995211392 dE =  1.15619E-02
SCF Iteration 173: Energy = 7.7478095771074154 dE = -1.15620E-02
SCF Iteration 174: Energy = 7.7593714671239598 dE =  1.15619E-02
SCF Iteration 175: Energy = 7.7478094510751747 dE = -1.15620E-02
SCF Iteration 176: Energy = 7.7593713531712156 dE =  1.15619E-02
SCF Iteration 177: Energy = 7.7478093426006787 dE = -1.15620E-02
SCF Iteration 178: Energy = 7.7593712550934208 dE =  1.15619E-02
SCF Iteration 179: Energy = 7.7478092492379620 dE = -1.15620E-02
SCF Iteration 180: Energy = 7.7593711706789881 dE =  1.15619E-02
SCF Iteration 181: Energy = 7.7478091688817150 dE = -1.15620E-02
SCF Iteration 182: Energy = 7.7593710980244568 dE =  1.15619E-02
SCF Iteration 183: Energy = 7.7478090997200431 dE = -1.15620E-02
SCF Iteration 184: Energy = 7.7593710354915428 dE =  1.15619E-02
SCF Iteration 185: Energy = 7.7478090401933821 dE = -1.15620E-02
SCF Iteration 186: Energy = 7.7593709816701653 dE =  1.15619E-02
SCF Iteration 187: Energy = 7.7478089889594672 dE = -1.15620E-02
SCF Iteration 188: Energy = 7.7593709353467455 dE =  1.15619E-02
SCF Iteration 189: Energy = 7.7478089448630412 dE = -1.15620E-02
SCF Iteration 190: Energy = 7.7593708954767164 dE =  1.15620E-02
SCF Iteration 191: Energy = 7.7478089069097544 dE = -1.15620E-02
SCF Iteration 192: Energy = 7.7593708611610444 dE =  1.15620E-02
SCF Iteration 193: Energy = 7.7478088742437867 dE = -1.15620E-02
SCF Iteration 194: Energy = 7.7593708316259482 dE =  1.15620E-02
SCF Iteration 195: Energy = 7.7478088461285886 dE = -1.15620E-02
SCF Iteration 196: Energy = 7.7593708062054265 dE =  1.15620E-02
SCF Iteration 197: Energy = 7.7478088219301586 dE = -1.15620E-02
SCF Iteration 198: Energy = 7.7593707843263173 dE =  1.15620E-02
SCF Iteration 199: Energy = 7.7478088011028428 dE = -1.15620E-02
SCF Iteration 200: Energy = 7.7593707654951807 dE =  1.15620E-02
SCF Iteration 201: Energy = 7.7478087831770415 dE = -1.15620E-02
SCF Iteration 202: Energy = 7.7593707492874566 dE =  1.15620E-02
SCF Iteration 203: Energy = 7.7478087677484888 dE = -1.15620E-02
SCF Iteration 204: Energy = 7.7593707353376411 dE =  1.15620E-02
SCF Iteration 205: Energy = 7.7478087544693066 dE = -1.15620E-02
SCF Iteration 206: Energy = 7.7593707233312026 dE =  1.15620E-02
SCF Iteration 207: Energy = 7.7478087430400819 dE = -1.15620E-02
SCF Iteration 208: Energy = 7.7593707129974048 dE =  1.15620E-02
SCF Iteration 209: Energy = 7.7478087332030858 dE = -1.15620E-02
SCF Iteration 210: Energy = 7.7593707041032332 dE =  1.15620E-02
SCF Iteration 211: Energy = 7.7478087247364869 dE = -1.15620E-02
SCF Iteration 212: Energy = 7.7593706964480997 dE =  1.15620E-02
SCF Iteration 213: Energy = 7.7478087174493790 dE = -1.15620E-02
SCF Iteration 214: Energy = 7.7593706898594323 dE =  1.15620E-02
SCF Iteration 215: Energy = 7.7478087111774583 dE = -1.15620E-02
SCF Iteration 216: Energy = 7.7593706841886467 dE =  1.15620E-02
SCF Iteration 217: Energy = 7.7478087057792981 dE = -1.15620E-02
SCF Iteration 218: Energy = 7.7593706793078558 dE =  1.15620E-02
SCF Iteration 219: Energy = 7.7478087011331578 dE = -1.15620E-02
SCF Iteration 220: Energy = 7.7593706751070179 dE =  1.15620E-02
SCF Iteration 221: Energy = 7.7478086971342943 dE = -1.15620E-02
SCF Iteration 222: Energy = 7.7593706714913964 dE =  1.15620E-02
SCF Iteration 223: Energy = 7.7478086936924759 dE = -1.15620E-02
SCF Iteration 224: Energy = 7.7593706683795043 dE =  1.15620E-02
SCF Iteration 225: Energy = 7.7478086907301815 dE = -1.15620E-02
SCF Iteration 226: Energy = 7.7593706657011099 dE =  1.15620E-02
SCF Iteration 227: Energy = 7.7478086881805481 dE = -1.15620E-02
SCF Iteration 228: Energy = 7.7593706633958517 dE =  1.15620E-02
SCF Iteration 229: Energy = 7.7478086859861239 dE = -1.15620E-02
SCF Iteration 230: Energy = 7.7593706614117588 dE =  1.15620E-02
SCF Iteration 231: Energy = 7.7478086840973948 dE = -1.15620E-02
SCF Iteration 232: Energy = 7.7593706597040528 dE =  1.15620E-02
SCF Iteration 233: Energy = 7.7478086824718035 dE = -1.15620E-02
SCF Iteration 234: Energy = 7.7593706582342561 dE =  1.15620E-02
SCF Iteration 235: Energy = 7.7478086810726614 dE = -1.15620E-02
SCF Iteration 236: Energy = 7.7593706569692111 dE =  1.15620E-02
SCF Iteration 237: Energy = 7.7478086798684451 dE = -1.15620E-02
SCF Iteration 238: Energy = 7.7593706558804287 dE =  1.15620E-02
SCF Iteration 239: Energy = 7.7478086788319827 dE = -1.15620E-02
SCF Iteration 240: Energy = 7.7593706549432833 dE =  1.15620E-02
SCF Iteration 241: Energy = 7.7478086779399087 dE = -1.15620E-02
SCF Iteration 242: Energy = 7.7593706541367276 dE =  1.15620E-02
SCF Iteration 243: Energy = 7.7478086771721175 dE = -1.15620E-02
SCF Iteration 244: Energy = 7.7593706534425140 dE =  1.15620E-02
SCF Iteration 245: Energy = 7.7478086765112755 dE = -1.15620E-02
SCF Iteration 246: Energy = 7.7593706528450301 dE =  1.15620E-02
SCF Iteration 247: Energy = 7.7478086759425073 dE = -1.15620E-02
SCF Iteration 248: Energy = 7.7593706523307757 dE =  1.15620E-02
SCF Iteration 249: Energy = 7.7478086754529736 dE = -1.15620E-02
SCF Iteration 250: Energy = 7.7593706518881556 dE =  1.15620E-02
SCF Iteration 251: Energy = 7.7478086750316493 dE = -1.15620E-02
SCF Iteration 252: Energy = 7.7593706515071945 dE =  1.15620E-02
SCF Iteration 253: Energy = 7.7478086746690087 dE = -1.15620E-02
SCF Iteration 254: Energy = 7.7593706511793350 dE =  1.15620E-02
SCF Iteration 255: Energy = 7.7478086743568948 dE = -1.15620E-02
SCF Iteration 256: Energy = 7.7593706508971225 dE =  1.15620E-02
SCF Iteration 257: Energy = 7.7478086740882555 dE = -1.15620E-02
SCF Iteration 258: Energy = 7.7593706506542279 dE =  1.15620E-02
SCF Iteration 259: Energy = 7.7478086738570342 dE = -1.15620E-02
SCF Iteration 260: Energy = 7.7593706504451783 dE =  1.15620E-02
SCF Iteration 261: Energy = 7.7478086736580449 dE = -1.15620E-02
SCF Iteration 262: Energy = 7.7593706502652360 dE =  1.15620E-02
SCF Iteration 263: Energy = 7.7478086734867579 dE = -1.15620E-02
SCF Iteration 264: Energy = 7.7593706501103874 dE =  1.15620E-02
SCF Iteration 265: Energy = 7.7478086733393416 dE = -1.15620E-02
SCF Iteration 266: Energy = 7.7593706499770878 dE =  1.15620E-02
SCF Iteration 267: Energy = 7.7478086732124414 dE = -1.15620E-02
SCF Iteration 268: Energy = 7.7593706498623600 dE =  1.15620E-02
SCF Iteration 269: Energy = 7.7478086731032478 dE = -1.15620E-02
SCF Iteration 270: Energy = 7.7593706497636310 dE =  1.15620E-02
SCF Iteration 271: Energy = 7.7478086730092519 dE = -1.15620E-02
SCF Iteration 272: Energy = 7.7593706496786510 dE =  1.15620E-02
SCF Iteration 273: Energy = 7.7478086729283548 dE = -1.15620E-02
SCF Iteration 274: Energy = 7.7593706496054944 dE =  1.15620E-02
SCF Iteration 275: Energy = 7.7478086728587350 dE = -1.15620E-02
SCF Iteration 276: Energy = 7.7593706495425288 dE =  1.15620E-02
SCF Iteration 277: Energy = 7.7478086727987980 dE = -1.15620E-02
SCF Iteration 278: Energy = 7.7593706494883596 dE =  1.15620E-02
SCF Iteration 279: Energy = 7.7478086727472180 dE = -1.15620E-02
SCF Iteration 280: Energy = 7.7593706494417356 dE =  1.15620E-02
SCF Iteration 281: Energy = 7.7478086727028357 dE = -1.15620E-02
SCF Iteration 282: Energy = 7.7593706494016041 dE =  1.15620E-02
SCF Iteration 283: Energy = 7.7478086726646245 dE = -1.15620E-02
SCF Iteration 284: Energy = 7.7593706493670531 dE =  1.15620E-02
SCF Iteration 285: Energy = 7.7478086726317477 dE = -1.15620E-02
SCF Iteration 286: Energy = 7.7593706493373320 dE =  1.15620E-02
SCF Iteration 287: Energy = 7.7478086726034325 dE = -1.15620E-02
SCF Iteration 288: Energy = 7.7593706493117223 dE =  1.15620E-02
SCF Iteration 289: Energy = 7.7478086725790787 dE = -1.15620E-02
SCF Iteration 290: Energy = 7.7593706492897025 dE =  1.15620E-02
SCF Iteration 291: Energy = 7.7478086725581106 dE = -1.15620E-02
SCF Iteration 292: Energy = 7.7593706492707319 dE =  1.15620E-02
SCF Iteration 293: Energy = 7.7478086725400548 dE = -1.15620E-02
SCF Iteration 294: Energy = 7.7593706492544205 dE =  1.15620E-02
SCF Iteration 295: Energy = 7.7478086725245321 dE = -1.15620E-02
SCF Iteration 296: Energy = 7.7593706492403607 dE =  1.15620E-02
SCF Iteration 297: Energy = 7.7478086725111455 dE = -1.15620E-02
SCF Iteration 298: Energy = 7.7593706492282823 dE =  1.15620E-02
SCF Iteration 299: Energy = 7.7478086724996595 dE = -1.15620E-02
SCF Iteration 300: Energy = 7.7593706492178942 dE =  1.15620E-02
SCF Iteration 301: Energy = 7.7478086724897572 dE = -1.15620E-02
SCF Iteration 302: Energy = 7.7593706492089405 dE =  1.15620E-02
SCF Iteration 303: Energy = 7.7478086724812210 dE = -1.15620E-02
SCF Iteration 304: Energy = 7.7593706492012346 dE =  1.15620E-02
SCF Iteration 305: Energy = 7.7478086724738944 dE = -1.15620E-02
SCF Iteration 306: Energy = 7.7593706491945991 dE =  1.15620E-02
SCF Iteration 307: Energy = 7.7478086724675803 dE = -1.15620E-02
SCF Iteration 308: Energy = 7.7593706491888659 dE =  1.15620E-02
SCF Iteration 309: Energy = 7.7478086724621260 dE = -1.15620E-02
SCF Iteration 310: Energy = 7.7593706491839738 dE =  1.15620E-02
SCF Iteration 311: Energy = 7.7478086724574569 dE = -1.15620E-02
SCF Iteration 312: Energy = 7.7593706491797283 dE =  1.15620E-02
SCF Iteration 313: Energy = 7.7478086724534299 dE = -1.15620E-02
SCF Iteration 314: Energy = 7.7593706491760974 dE =  1.15620E-02
SCF Iteration 315: Energy = 7.7478086724499571 dE = -1.15620E-02
SCF Iteration 316: Energy = 7.7593706491729728 dE =  1.15620E-02
SCF Iteration 317: Energy = 7.7478086724469764 dE = -1.15620E-02
SCF Iteration 318: Energy = 7.7593706491702719 dE =  1.15620E-02
SCF Iteration 319: Energy = 7.7478086724444202 dE = -1.15620E-02
SCF Iteration 320: Energy = 7.7593706491679528 dE =  1.15620E-02
SCF Iteration 321: Energy = 7.7478086724422139 dE = -1.15620E-02
SCF Iteration 322: Energy = 7.7593706491659491 dE =  1.15620E-02
SCF Iteration 323: Energy = 7.7478086724403026 dE = -1.15620E-02
SCF Iteration 324: Energy = 7.7593706491642260 dE =  1.15620E-02
SCF Iteration 325: Energy = 7.7478086724386612 dE = -1.15620E-02
SCF Iteration 326: Energy = 7.7593706491627525 dE =  1.15620E-02
SCF Iteration 327: Energy = 7.7478086724372632 dE = -1.15620E-02
SCF Iteration 328: Energy = 7.7593706491614727 dE =  1.15620E-02
SCF Iteration 329: Energy = 7.7478086724360535 dE = -1.15620E-02
SCF Iteration 330: Energy = 7.7593706491603855 dE =  1.15620E-02
SCF Iteration 331: Energy = 7.7478086724350073 dE = -1.15620E-02
SCF Iteration 332: Energy = 7.7593706491594512 dE =  1.15620E-02
SCF Iteration 333: Energy = 7.7478086724341155 dE = -1.15620E-02
SCF Iteration 334: Energy = 7.7593706491586305 dE =  1.15620E-02
SCF Iteration 335: Energy = 7.7478086724333428 dE = -1.15620E-02
SCF Iteration 336: Energy = 7.7593706491579191 dE =  1.15620E-02
SCF Iteration 337: Energy = 7.7478086724326722 dE = -1.15620E-02
SCF Iteration 338: Energy = 7.7593706491573373 dE =  1.15620E-02
SCF Iteration 339: Energy = 7.7478086724320887 dE = -1.15620E-02
SCF Iteration 340: Energy = 7.7593706491567982 dE =  1.15620E-02
SCF Iteration 341: Energy = 7.7478086724315949 dE = -1.15620E-02
SCF Iteration 342: Energy = 7.7593706491563470 dE =  1.15620E-02
SCF Iteration 343: Energy = 7.7478086724311641 dE = -1.15620E-02
SCF Iteration 344: Energy = 7.7593706491559802 dE =  1.15620E-02
SCF Iteration 345: Energy = 7.7478086724308044 dE = -1.15620E-02
SCF Iteration 346: Energy = 7.7593706491556533 dE =  1.15620E-02
SCF Iteration 347: Energy = 7.7478086724305060 dE = -1.15620E-02
SCF Iteration 348: Energy = 7.7593706491553611 dE =  1.15620E-02
SCF Iteration 349: Energy = 7.7478086724302386 dE = -1.15620E-02
SCF Iteration 350: Energy = 7.7593706491551258 dE =  1.15620E-02
SCF Iteration 351: Energy = 7.7478086724299944 dE = -1.15620E-02
SCF Iteration 352: Energy = 7.7593706491549002 dE =  1.15620E-02
SCF Iteration 353: Energy = 7.7478086724297937 dE = -1.15620E-02
SCF Iteration 354: Energy = 7.7593706491547403 dE =  1.15620E-02
SCF Iteration 355: Energy = 7.7478086724296276 dE = -1.15620E-02
SCF Iteration 356: Energy = 7.7593706491545662 dE =  1.15620E-02
SCF Iteration 357: Energy = 7.7478086724294721 dE = -1.15620E-02
SCF Iteration 358: Energy = 7.7593706491544348 dE =  1.15620E-02
SCF Iteration 359: Energy = 7.7478086724293487 dE = -1.15620E-02
SCF Iteration 360: Energy = 7.7593706491543140 dE =  1.15620E-02
SCF Iteration 361: Energy = 7.7478086724292439 dE = -1.15620E-02
SCF Iteration 362: Energy = 7.7593706491542260 dE =  1.15620E-02
SCF Iteration 363: Energy = 7.7478086724291577 dE = -1.15620E-02
SCF Iteration 364: Energy = 7.7593706491541452 dE =  1.15620E-02
SCF Iteration 365: Energy = 7.7478086724290671 dE = -1.15620E-02
SCF Iteration 366: Energy = 7.7593706491540599 dE =  1.15620E-02
SCF Iteration 367: Energy = 7.7478086724290023 dE = -1.15620E-02
SCF Iteration 368: Energy = 7.7593706491539995 dE =  1.15620E-02
SCF Iteration 369: Energy = 7.7478086724289366 dE = -1.15620E-02
SCF Iteration 370: Energy = 7.7593706491539640 dE =  1.15620E-02
SCF Iteration 371: Energy = 7.7478086724288930 dE = -1.15620E-02
SCF Iteration 372: Energy = 7.7593706491539010 dE =  1.15620E-02
SCF Iteration 373: Energy = 7.7478086724288460 dE = -1.15620E-02
SCF Iteration 374: Energy = 7.7593706491538681 dE =  1.15620E-02
SCF Iteration 375: Energy = 7.7478086724288131 dE = -1.15620E-02
SCF Iteration 376: Energy = 7.7593706491538263 dE =  1.15620E-02
SCF Iteration 377: Energy = 7.7478086724287651 dE = -1.15620E-02
SCF Iteration 378: Energy = 7.7593706491537899 dE =  1.15620E-02
SCF Iteration 379: Energy = 7.7478086724287527 dE = -1.15620E-02
SCF Iteration 380: Energy = 7.7593706491537686 dE =  1.15620E-02
SCF Iteration 381: Energy = 7.7478086724287154 dE = -1.15620E-02
SCF Iteration 382: Energy = 7.7593706491537500 dE =  1.15620E-02
SCF Iteration 383: Energy = 7.7478086724286976 dE = -1.15620E-02
SCF Iteration 384: Energy = 7.7593706491537260 dE =  1.15620E-02
SCF Iteration 385: Energy = 7.7478086724286941 dE = -1.15620E-02
SCF Iteration 386: Energy = 7.7593706491537136 dE =  1.15620E-02
SCF Iteration 387: Energy = 7.7478086724286728 dE = -1.15620E-02
SCF Iteration 388: Energy = 7.7593706491537011 dE =  1.15620E-02
SCF Iteration 389: Energy = 7.7478086724286337 dE = -1.15620E-02
SCF Iteration 390: Energy = 7.7593706491537082 dE =  1.15620E-02
SCF Iteration 391: Energy = 7.7478086724286319 dE = -1.15620E-02
SCF Iteration 392: Energy = 7.7593706491536905 dE =  1.15620E-02
SCF Iteration 393: Energy = 7.7478086724286195 dE = -1.15620E-02
SCF Iteration 394: Energy = 7.7593706491536709 dE =  1.15620E-02
SCF Iteration 395: Energy = 7.7478086724286319 dE = -1.15620E-02
SCF Iteration 396: Energy = 7.7593706491536585 dE =  1.15620E-02
SCF Iteration 397: Energy = 7.7478086724286142 dE = -1.15620E-02
SCF Iteration 398: Energy = 7.7593706491536460 dE =  1.15620E-02
SCF Iteration 399: Energy = 7.7478086724285919 dE = -1.15620E-02
SCF Iteration 400: Energy = 7.7593706491536354 dE =  1.15620E-02
SCF Iteration 401: Energy = 7.7478086724285955 dE = -1.15620E-02
SCF Iteration 402: Energy = 7.7593706491536434 dE =  1.15620E-02
SCF Iteration 403: Energy = 7.7478086724285795 dE = -1.15620E-02
SCF Iteration 404: Energy = 7.7593706491536309 dE =  1.15620E-02
SCF Iteration 405: Energy = 7.7478086724285857 dE = -1.15620E-02
SCF Iteration 406: Energy = 7.7593706491536230 dE =  1.15620E-02
SCF Iteration 407: Energy = 7.7478086724285804 dE = -1.15620E-02
SCF Iteration 408: Energy = 7.7593706491536274 dE =  1.15620E-02
SCF Iteration 409: Energy = 7.7478086724285911 dE = -1.15620E-02
SCF Iteration 410: Energy = 7.7593706491536265 dE =  1.15620E-02
SCF Iteration 411: Energy = 7.7478086724285786 dE = -1.15620E-02
SCF Iteration 412: Energy = 7.7593706491536123 dE =  1.15620E-02
SCF Iteration 413: Energy = 7.7478086724285662 dE = -1.15620E-02
SCF Iteration 414: Energy = 7.7593706491536230 dE =  1.15620E-02
SCF Iteration 415: Energy = 7.7478086724285626 dE = -1.15620E-02
SCF Iteration 416: Energy = 7.7593706491536194 dE =  1.15620E-02
SCF Iteration 417: Energy = 7.7478086724285671 dE = -1.15620E-02
SCF Iteration 418: Energy = 7.7593706491536256 dE =  1.15620E-02
SCF Iteration 419: Energy = 7.7478086724285626 dE = -1.15620E-02
SCF Iteration 420: Energy = 7.7593706491536301 dE =  1.15620E-02
SCF Iteration 421: Energy = 7.7478086724285813 dE = -1.15620E-02
SCF Iteration 422: Energy = 7.7593706491536212 dE =  1.15620E-02
SCF Iteration 423: Energy = 7.7478086724285768 dE = -1.15620E-02
SCF Iteration 424: Energy = 7.7593706491536079 dE =  1.15620E-02
SCF Iteration 425: Energy = 7.7478086724285626 dE = -1.15620E-02
SCF Iteration 426: Energy = 7.7593706491536052 dE =  1.15620E-02
SCF Iteration 427: Energy = 7.7478086724285662 dE = -1.15620E-02
SCF Iteration 428: Energy = 7.7593706491536034 dE =  1.15620E-02
SCF Iteration 429: Energy = 7.7478086724285697 dE = -1.15620E-02
SCF Iteration 430: Energy = 7.7593706491536203 dE =  1.15620E-02
SCF Iteration 431: Energy = 7.7478086724285742 dE = -1.15620E-02
SCF Iteration 432: Energy = 7.7593706491536425 dE =  1.15620E-02
SCF Iteration 433: Energy = 7.7478086724285662 dE = -1.15620E-02
SCF Iteration 434: Energy = 7.7593706491536212 dE =  1.15620E-02
SCF Iteration 435: Energy = 7.7478086724285680 dE = -1.15620E-02
SCF Iteration 436: Energy = 7.7593706491536141 dE =  1.15620E-02
SCF Iteration 437: Energy = 7.7478086724285946 dE = -1.15620E-02
SCF Iteration 438: Energy = 7.7593706491536247 dE =  1.15620E-02
SCF Iteration 439: Energy = 7.7478086724285822 dE = -1.15620E-02
SCF Iteration 440: Energy = 7.7593706491536221 dE =  1.15620E-02
SCF Iteration 441: Energy = 7.7478086724285804 dE = -1.15620E-02
SCF Iteration 442: Energy = 7.7593706491536150 dE =  1.15620E-02
SCF Iteration 443: Energy = 7.7478086724285724 dE = -1.15620E-02
SCF Iteration 444: Energy = 7.7593706491536105 dE =  1.15620E-02
SCF Iteration 445: Energy = 7.7478086724285786 dE = -1.15620E-02
SCF Iteration 446: Energy = 7.7593706491536372 dE =  1.15620E-02
SCF Iteration 447: Energy = 7.7478086724285706 dE = -1.15620E-02
SCF Iteration 448: Energy = 7.7593706491536221 dE =  1.15620E-02
SCF Iteration 449: Energy = 7.7478086724285768 dE = -1.15620E-02
SCF Iteration 450: Energy = 7.7593706491536256 dE =  1.15620E-02
SCF Iteration 451: Energy = 7.7478086724285751 dE = -1.15620E-02
SCF Iteration 452: Energy = 7.7593706491536301 dE =  1.15620E-02
SCF Iteration 453: Energy = 7.7478086724285911 dE = -1.15620E-02
SCF Iteration 454: Energy = 7.7593706491536221 dE =  1.15620E-02
SCF Iteration 455: Energy = 7.7478086724285724 dE = -1.15620E-02
SCF Iteration 456: Energy = 7.7593706491536301 dE =  1.15620E-02
SCF Iteration 457: Energy = 7.7478086724285697 dE = -1.15620E-02
SCF Iteration 458: Energy = 7.7593706491536123 dE =  1.15620E-02
SCF Iteration 459: Energy = 7.7478086724285822 dE = -1.15620E-02
SCF Iteration 460: Energy = 7.7593706491536265 dE =  1.15620E-02
SCF Iteration 461: Energy = 7.7478086724285786 dE = -1.15620E-02
SCF Iteration 462: Energy = 7.7593706491536265 dE =  1.15620E-02
SCF Iteration 463: Energy = 7.7478086724285715 dE = -1.15620E-02
SCF Iteration 464: Energy = 7.7593706491536309 dE =  1.15620E-02
SCF Iteration 465: Energy = 7.7478086724285715 dE = -1.15620E-02
SCF Iteration 466: Energy = 7.7593706491536230 dE =  1.15620E-02
SCF Iteration 467: Energy = 7.7478086724285715 dE = -1.15620E-02
SCF Iteration 468: Energy = 7.7593706491536309 dE =  1.15620E-02
SCF Iteration 469: Energy = 7.7478086724285733 dE = -1.15620E-02
SCF Iteration 470: Energy = 7.7593706491536114 dE =  1.15620E-02
SCF Iteration 471: Energy = 7.7478086724285795 dE = -1.15620E-02
SCF Iteration 472: Energy = 7.7593706491536194 dE =  1.15620E-02
SCF Iteration 473: Energy = 7.7478086724285795 dE = -1.15620E-02
SCF Iteration 474: Energy = 7.7593706491536176 dE =  1.15620E-02
SCF Iteration 475: Energy = 7.7478086724285715 dE = -1.15620E-02
SCF Iteration 476: Energy = 7.7593706491536292 dE =  1.15620E-02
SCF Iteration 477: Energy = 7.7478086724285715 dE = -1.15620E-02
SCF Iteration 478: Energy = 7.7593706491536283 dE =  1.15620E-02
SCF Iteration 479: Energy = 7.7478086724285911 dE = -1.15620E-02
SCF Iteration 480: Energy = 7.7593706491536194 dE =  1.15620E-02
SCF Iteration 481: Energy = 7.7478086724285840 dE = -1.15620E-02
SCF Iteration 482: Energy = 7.7593706491536345 dE =  1.15620E-02
SCF Iteration 483: Energy = 7.7478086724285742 dE = -1.15620E-02
SCF Iteration 484: Energy = 7.7593706491536212 dE =  1.15620E-02
SCF Iteration 485: Energy = 7.7478086724285715 dE = -1.15620E-02
SCF Iteration 486: Energy = 7.7593706491536230 dE =  1.15620E-02
SCF Iteration 487: Energy = 7.7478086724285804 dE = -1.15620E-02
SCF Iteration 488: Energy = 7.7593706491536176 dE =  1.15620E-02
SCF Iteration 489: Energy = 7.7478086724285777 dE = -1.15620E-02
SCF Iteration 490: Energy = 7.7593706491536150 dE =  1.15620E-02
SCF Iteration 491: Energy = 7.7478086724285795 dE = -1.15620E-02
SCF Iteration 492: Energy = 7.7593706491536274 dE =  1.15620E-02
SCF Iteration 493: Energy = 7.7478086724285733 dE = -1.15620E-02
SCF Iteration 494: Energy = 7.7593706491536336 dE =  1.15620E-02
SCF Iteration 495: Energy = 7.7478086724285848 dE = -1.15620E-02
SCF Iteration 496: Energy = 7.7593706491536176 dE =  1.15620E-02
SCF Iteration 497: Energy = 7.7478086724285768 dE = -1.15620E-02
SCF Iteration 498: Energy = 7.7593706491536354 dE =  1.15620E-02
SCF Iteration 499: Energy = 7.7478086724285680 dE = -1.15620E-02
SCF Iteration 500: Energy = 7.7593706491536354 dE =  1.15620E-02
