
  Memory set to  55.879 GiB by Python driver.
  Threads set to 1 by Python driver.
Settings:
	LOT = CCSD-S2-U22
	wc = 20.0 eV
	lambda = [1.091182 0.       0.      ] a.u.
	Equivalent A0 = LAMBDA / sqrt(2 wc) = [0.9 0.  0. ])
doing QED-CCSD-Full (or QED-CCSD-22)
Number of occupied orbitals:   1
Number of basis functions:  60
SCF Iteration   1: Energy = 9.3879998856767450 dE =  9.38800E+00
SCF Iteration   2: Energy = 9.9145611226991992 dE =  5.26561E-01
SCF Iteration   3: Energy = 9.6074222724975584 dE = -3.07139E-01
SCF Iteration   4: Energy = 9.8544298128085739 dE =  2.47008E-01
SCF Iteration   5: Energy = 9.7584853520898918 dE = -9.59445E-02
SCF Iteration   6: Energy = 9.8634600820965357 dE =  1.04975E-01
SCF Iteration   7: Energy = 9.8317597228899221 dE = -3.17004E-02
SCF Iteration   8: Energy = 9.8750514486391143 dE =  4.32917E-02
SCF Iteration   9: Energy = 9.8632941308802007 dE = -1.17573E-02
SCF Iteration  10: Energy = 9.8799062825577355 dE =  1.66122E-02
SCF Iteration  11: Energy = 9.8741136066076347 dE = -5.79268E-03
SCF Iteration  12: Energy = 9.8787032043579597 dE =  4.58960E-03
SCF Iteration  13: Energy = 9.8743395674702690 dE = -4.36364E-03
SCF Iteration  14: Energy = 9.8732945509261238 dE = -1.04502E-03
SCF Iteration  15: Energy = 9.8689520106242785 dE = -4.34254E-03
SCF Iteration  16: Energy = 9.8652357916193960 dE = -3.71622E-03
SCF Iteration  17: Energy = 9.8605765487316486 dE = -4.65924E-03
SCF Iteration  18: Energy = 9.8556555246638791 dE = -4.92102E-03
SCF Iteration  19: Energy = 9.8506987757022255 dE = -4.95675E-03
SCF Iteration  20: Energy = 9.8453411853974124 dE = -5.35759E-03
SCF Iteration  21: Energy = 9.8402065676308741 dE = -5.13462E-03
SCF Iteration  22: Energy = 9.8348322984732075 dE = -5.37427E-03
SCF Iteration  23: Energy = 9.8296480562947455 dE = -5.18424E-03
SCF Iteration  24: Energy = 9.8244913385463306 dE = -5.15672E-03
SCF Iteration  25: Energy = 9.8193644118979684 dE = -5.12693E-03
SCF Iteration  26: Energy = 9.8145544481861986 dE = -4.80996E-03
SCF Iteration  27: Energy = 9.8095640702725042 dE = -4.99038E-03
SCF Iteration  28: Energy = 9.8051676782502390 dE = -4.39639E-03
SCF Iteration  29: Energy = 9.8003674918627066 dE = -4.80019E-03
SCF Iteration  30: Energy = 9.7964131309122422 dE = -3.95436E-03
SCF Iteration  31: Energy = 9.7918358589147960 dE = -4.57727E-03
SCF Iteration  32: Energy = 9.7883279679883781 dE = -3.50789E-03
SCF Iteration  33: Energy = 9.7839903084018811 dE = -4.33766E-03
SCF Iteration  34: Energy = 9.7809182804995967 dE = -3.07203E-03
SCF Iteration  35: Energy = 9.7768251971354019 dE = -4.09308E-03
SCF Iteration  36: Energy = 9.7741692021040070 dE = -2.65600E-03
SCF Iteration  37: Energy = 9.7703173999027246 dE = -3.85180E-03
SCF Iteration  38: Energy = 9.7680522529956075 dE = -2.26515E-03
SCF Iteration  39: Energy = 9.7644328704937546 dE = -3.61938E-03
SCF Iteration  40: Energy = 9.7625306340406848 dE = -1.90224E-03
SCF Iteration  41: Energy = 9.7591312680595692 dE = -3.39937E-03
SCF Iteration  42: Energy = 9.7575630035300964 dE = -1.56826E-03
SCF Iteration  43: Energy = 9.7543691964592565 dE = -3.19381E-03
SCF Iteration  44: Energy = 9.7531061331534552 dE = -1.26306E-03
SCF Iteration  45: Energy = 9.7501024421803084 dE = -3.00369E-03
SCF Iteration  46: Energy = 9.7491167394650358 dE = -9.85703E-04
SCF Iteration  47: Energy = 9.7462874877959429 dE = -2.82925E-03
SCF Iteration  48: Energy = 9.7455527121490100 dE = -7.34776E-04
SCF Iteration  49: Energy = 9.7428825022930727 dE = -2.67021E-03
SCF Iteration  50: Energy = 9.7423739041173807 dE = -5.08598E-04
SCF Iteration  51: Energy = 9.7398479555706512 dE = -2.52595E-03
SCF Iteration  52: Energy = 9.7395426061742700 dE = -3.05349E-04
SCF Iteration  53: Energy = 9.7371469651644897 dE = -2.39564E-03
SCF Iteration  54: Energy = 9.7370237972090870 dE = -1.23168E-04
SCF Iteration  55: Energy = 9.7347454544753944 dE = -2.27834E-03
SCF Iteration  56: Energy = 9.7347852370614962 dE =  3.97826E-05
SCF Iteration  57: Energy = 9.7326121805545789 dE = -2.17306E-03
SCF Iteration  58: Energy = 9.7327974513798541 dE =  1.85271E-04
SCF Iteration  59: Energy = 9.7307186738070595 dE = -2.07878E-03
SCF Iteration  60: Energy = 9.7310336444971188 dE =  3.14971E-04
SCF Iteration  61: Energy = 9.7290391203616924 dE = -1.99452E-03
SCF Iteration  62: Energy = 9.7294695664484347 dE =  4.30446E-04
SCF Iteration  63: Energy = 9.7275502092649315 dE = -1.91936E-03
SCF Iteration  64: Energy = 9.7280833529061628 dE =  5.33144E-04
SCF Iteration  65: Energy = 9.7262309603081096 dE = -1.85239E-03
SCF Iteration  66: Energy = 9.7268553513695402 dE =  6.24391E-04
SCF Iteration  67: Energy = 9.7250625436213376 dE = -1.79281E-03
SCF Iteration  68: Energy = 9.7257679429370807 dE =  7.05399E-04
SCF Iteration  69: Energy = 9.7240280987283914 dE = -1.73984E-03
SCF Iteration  70: Energy = 9.7248053660434799 dE =  7.77267E-04
SCF Iteration  71: Energy = 9.7231125582444058 dE = -1.69281E-03
SCF Iteration  72: Energy = 9.7239535463949274 dE =  8.40988E-04
SCF Iteration  73: Energy = 9.7223024795696347 dE = -1.65107E-03
SCF Iteration  74: Energy = 9.7231999357761918 dE =  8.97456E-04
SCF Iteration  75: Energy = 9.7215858866127984 dE = -1.61405E-03
SCF Iteration  76: Energy = 9.7225333612828333 dE =  9.47475E-04
SCF Iteration  77: Energy = 9.7209521226370814 dE = -1.58124E-03
SCF Iteration  78: Energy = 9.7219438857368807 dE =  9.91763E-04
SCF Iteration  79: Energy = 9.7203917146575503 dE = -1.55217E-03
SCF Iteration  80: Energy = 9.7214226794876257 dE =  1.03096E-03
SCF Iteration  81: Energy = 9.7198962493614065 dE = -1.52643E-03
SCF Iteration  82: Energy = 9.7209619034207169 dE =  1.06565E-03
SCF Iteration  83: Energy = 9.7194582602147683 dE = -1.50364E-03
SCF Iteration  84: Energy = 9.7205546027477059 dE =  1.09634E-03
SCF Iteration  85: Energy = 9.7190711252220545 dE = -1.48348E-03
SCF Iteration  86: Energy = 9.7201946109905482 dE =  1.12349E-03
SCF Iteration  87: Energy = 9.7187289746849359 dE = -1.46564E-03
SCF Iteration  88: Energy = 9.7198764634870507 dE =  1.14749E-03
SCF Iteration  89: Energy = 9.7184266082459274 dE = -1.44986E-03
SCF Iteration  90: Energy = 9.7195953197002094 dE =  1.16871E-03
SCF Iteration  91: Energy = 9.7181594204791057 dE = -1.43590E-03
SCF Iteration  92: Energy = 9.7193468936055307 dE =  1.18747E-03
SCF Iteration  93: Energy = 9.7179233342957847 dE = -1.42356E-03
SCF Iteration  94: Energy = 9.7191273914454772 dE =  1.20406E-03
SCF Iteration  95: Energy = 9.7177147414559180 dE = -1.41265E-03
SCF Iteration  96: Energy = 9.7189334561681004 dE =  1.21871E-03
SCF Iteration  97: Energy = 9.7175304495120329 dE = -1.40301E-03
SCF Iteration  98: Energy = 9.7187621179053973 dE =  1.23167E-03
SCF Iteration  99: Energy = 9.7173676345542415 dE = -1.39448E-03
SCF Iteration 100: Energy = 9.7186107498909848 dE =  1.24312E-03
SCF Iteration 101: Energy = 9.7172237991705206 dE = -1.38695E-03
SCF Iteration 102: Energy = 9.7184770292615159 dE =  1.25323E-03
SCF Iteration 103: Energy = 9.7170967350841320 dE = -1.38029E-03
SCF Iteration 104: Energy = 9.7183589022335077 dE =  1.26217E-03
SCF Iteration 105: Energy = 9.7169844899756619 dE = -1.37441E-03
SCF Iteration 106: Energy = 9.7182545531910378 dE =  1.27006E-03
SCF Iteration 107: Energy = 9.7168853380429674 dE = -1.36922E-03
SCF Iteration 108: Energy = 9.7181623772647718 dE =  1.27704E-03
SCF Iteration 109: Energy = 9.7167977538939603 dE = -1.36462E-03
SCF Iteration 110: Energy = 9.7180809560212662 dE =  1.28320E-03
SCF Iteration 111: Energy = 9.7167203894075502 dE = -1.36057E-03
SCF Iteration 112: Energy = 9.7180090359214528 dE =  1.28865E-03
SCF Iteration 113: Energy = 9.7166520532351157 dE = -1.35698E-03
SCF Iteration 114: Energy = 9.7179455092407565 dE =  1.29346E-03
SCF Iteration 115: Energy = 9.7165916926482421 dE = -1.35382E-03
SCF Iteration 116: Energy = 9.7178893971762985 dE =  1.29770E-03
SCF Iteration 117: Energy = 9.7165383774699414 dE = -1.35102E-03
SCF Iteration 118: Energy = 9.7178398348949226 dE =  1.30146E-03
SCF Iteration 119: Energy = 9.7164912858545822 dE = -1.34855E-03
SCF Iteration 120: Energy = 9.7177960583032394 dE =  1.30477E-03
SCF Iteration 121: Energy = 9.7164496917066163 dE = -1.34637E-03
SCF Iteration 122: Energy = 9.7177573923440850 dE =  1.30770E-03
SCF Iteration 123: Energy = 9.7164129535527870 dE = -1.34444E-03
SCF Iteration 124: Energy = 9.7177232406450731 dE =  1.31029E-03
SCF Iteration 125: Energy = 9.7163805047007088 dE = -1.34274E-03
SCF Iteration 126: Energy = 9.7176930763657356 dE =  1.31257E-03
SCF Iteration 127: Energy = 9.7163518445373445 dE = -1.34123E-03
SCF Iteration 128: Energy = 9.7176664341043359 dE =  1.31459E-03
SCF Iteration 129: Energy = 9.7163265308361346 dE = -1.33990E-03
SCF Iteration 130: Energy = 9.7176429027441262 dE =  1.31637E-03
SCF Iteration 131: Energy = 9.7163041729569724 dE = -1.33873E-03
SCF Iteration 132: Energy = 9.7176221191295866 dE =  1.31795E-03
SCF Iteration 133: Energy = 9.7162844258357950 dE = -1.33769E-03
SCF Iteration 134: Energy = 9.7176037624776050 dE =  1.31934E-03
SCF Iteration 135: Energy = 9.7162669846728971 dE = -1.33678E-03
SCF Iteration 136: Energy = 9.7175875494384751 dE =  1.32056E-03
SCF Iteration 137: Energy = 9.7162515802388985 dE = -1.33597E-03
SCF Iteration 138: Energy = 9.7175732297313129 dE =  1.32165E-03
SCF Iteration 139: Energy = 9.7162379747269636 dE = -1.33526E-03
SCF Iteration 140: Energy = 9.7175605822876658 dE =  1.32261E-03
SCF Iteration 141: Energy = 9.7162259580879411 dE = -1.33462E-03
SCF Iteration 142: Energy = 9.7175494118440149 dE =  1.32345E-03
SCF Iteration 143: Energy = 9.7162153447923849 dE = -1.33407E-03
SCF Iteration 144: Energy = 9.7175395459313538 dE =  1.32420E-03
SCF Iteration 145: Energy = 9.7162059709696873 dE = -1.33357E-03
SCF Iteration 146: Energy = 9.7175308322155214 dE =  1.32486E-03
SCF Iteration 147: Energy = 9.7161976918808950 dE = -1.33314E-03
SCF Iteration 148: Energy = 9.7175231361475554 dE =  1.32544E-03
SCF Iteration 149: Energy = 9.7161903796858997 dE = -1.33276E-03
SCF Iteration 150: Energy = 9.7175163388879948 dE =  1.32596E-03
SCF Iteration 151: Energy = 9.7161839214711723 dE = -1.33242E-03
SCF Iteration 152: Energy = 9.7175103354734116 dE =  1.32641E-03
SCF Iteration 153: Energy = 9.7161782175074567 dE = -1.33212E-03
SCF Iteration 154: Energy = 9.7175050331964332 dE =  1.32682E-03
SCF Iteration 155: Energy = 9.7161731797106707 dE = -1.33185E-03
SCF Iteration 156: Energy = 9.7175003501752517 dE =  1.32717E-03
SCF Iteration 157: Energy = 9.7161687302825008 dE = -1.33162E-03
SCF Iteration 158: Energy = 9.7174962140895893 dE =  1.32748E-03
SCF Iteration 159: Energy = 9.7161648005095049 dE = -1.33141E-03
SCF Iteration 160: Energy = 9.7174925610645051 dE =  1.32776E-03
SCF Iteration 161: Energy = 9.7161613297024232 dE = -1.33123E-03
SCF Iteration 162: Energy = 9.7174893346842826 dE =  1.32800E-03
SCF Iteration 163: Energy = 9.7161582642593149 dE = -1.33107E-03
SCF Iteration 164: Energy = 9.7174864851214942 dE =  1.32822E-03
SCF Iteration 165: Energy = 9.7161555568378919 dE = -1.33093E-03
SCF Iteration 166: Energy = 9.7174839683676630 dE =  1.32841E-03
SCF Iteration 167: Energy = 9.7161531656247817 dE = -1.33080E-03
SCF Iteration 168: Energy = 9.7174817455538651 dE =  1.32858E-03
SCF Iteration 169: Energy = 9.7161510536896838 dE = -1.33069E-03
SCF Iteration 170: Energy = 9.7174797823504662 dE =  1.32873E-03
SCF Iteration 171: Energy = 9.7161491884153062 dE = -1.33059E-03
SCF Iteration 172: Energy = 9.7174780484370853 dE =  1.32886E-03
SCF Iteration 173: Energy = 9.7161475409936759 dE = -1.33051E-03
SCF Iteration 174: Energy = 9.7174765170344717 dE =  1.32898E-03
SCF Iteration 175: Energy = 9.7161460859812170 dE = -1.33043E-03
SCF Iteration 176: Energy = 9.7174751644908124 dE =  1.32908E-03
SCF Iteration 177: Energy = 9.7161448009059441 dE = -1.33036E-03
SCF Iteration 178: Energy = 9.7174739699166839 dE =  1.32917E-03
SCF Iteration 179: Energy = 9.7161436659203151 dE = -1.33030E-03
SCF Iteration 180: Energy = 9.7174729148622649 dE =  1.32925E-03
SCF Iteration 181: Energy = 9.7161426634948480 dE = -1.33025E-03
SCF Iteration 182: Energy = 9.7174719830325227 dE =  1.32932E-03
SCF Iteration 183: Energy = 9.7161417781473567 dE = -1.33020E-03
SCF Iteration 184: Energy = 9.7174711600356218 dE =  1.32938E-03
SCF Iteration 185: Energy = 9.7161409962038352 dE = -1.33016E-03
SCF Iteration 186: Energy = 9.7174704331604929 dE =  1.32944E-03
SCF Iteration 187: Energy = 9.7161403055873290 dE = -1.33013E-03
SCF Iteration 188: Energy = 9.7174697911807240 dE =  1.32949E-03
SCF Iteration 189: Energy = 9.7161396956313357 dE = -1.33010E-03
SCF Iteration 190: Energy = 9.7174692241809453 dE =  1.32953E-03
SCF Iteration 191: Energy = 9.7161391569151974 dE = -1.33007E-03
SCF Iteration 192: Energy = 9.7174687234039574 dE =  1.32957E-03
SCF Iteration 193: Energy = 9.7161386811184194 dE = -1.33004E-03
SCF Iteration 194: Energy = 9.7174682811152771 dE =  1.32960E-03
SCF Iteration 195: Energy = 9.7161382608923912 dE = -1.33002E-03
SCF Iteration 196: Energy = 9.7174678904837481 dE =  1.32963E-03
SCF Iteration 197: Energy = 9.7161378897467507 dE = -1.33000E-03
SCF Iteration 198: Energy = 9.7174675454760742 dE =  1.32966E-03
SCF Iteration 199: Energy = 9.7161375619491199 dE = -1.32998E-03
SCF Iteration 200: Energy = 9.7174672407636891 dE =  1.32968E-03
SCF Iteration 201: Energy = 9.7161372724366917 dE = -1.32997E-03
SCF Iteration 202: Energy = 9.7174669716402580 dE =  1.32970E-03
SCF Iteration 203: Energy = 9.7161370167379548 dE = -1.32995E-03
SCF Iteration 204: Energy = 9.7174667339491823 dE =  1.32972E-03
SCF Iteration 205: Energy = 9.7161367909036311 dE = -1.32994E-03
SCF Iteration 206: Energy = 9.7174665240193026 dE =  1.32973E-03
SCF Iteration 207: Energy = 9.7161365914456841 dE = -1.32993E-03
SCF Iteration 208: Energy = 9.7174663386082809 dE =  1.32975E-03
SCF Iteration 209: Energy = 9.7161364152835219 dE = -1.32992E-03
SCF Iteration 210: Energy = 9.7174661748523459 dE =  1.32976E-03
SCF Iteration 211: Energy = 9.7161362596962668 dE = -1.32992E-03
SCF Iteration 212: Energy = 9.7174660302223757 dE =  1.32977E-03
SCF Iteration 213: Energy = 9.7161361222808633 dE = -1.32991E-03
SCF Iteration 214: Energy = 9.7174659024845003 dE =  1.32978E-03
SCF Iteration 215: Energy = 9.7161360009149735 dE = -1.32990E-03
SCF Iteration 216: Energy = 9.7174657896658392 dE =  1.32979E-03
SCF Iteration 217: Energy = 9.7161358937240418 dE = -1.32990E-03
SCF Iteration 218: Energy = 9.7174656900238841 dE =  1.32980E-03
SCF Iteration 219: Energy = 9.7161357990525357 dE = -1.32989E-03
SCF Iteration 220: Energy = 9.7174656020196473 dE =  1.32980E-03
SCF Iteration 221: Energy = 9.7161357154382149 dE = -1.32989E-03
SCF Iteration 222: Energy = 9.7174655242938748 dE =  1.32981E-03
SCF Iteration 223: Energy = 9.7161356415896538 dE = -1.32988E-03
SCF Iteration 224: Energy = 9.7174654556461277 dE =  1.32981E-03
SCF Iteration 225: Energy = 9.7161355763662858 dE = -1.32988E-03
SCF Iteration 226: Energy = 9.7174653950161360 dE =  1.32982E-03
SCF Iteration 227: Energy = 9.7161355187606819 dE = -1.32988E-03
SCF Iteration 228: Energy = 9.7174653414674363 dE =  1.32982E-03
SCF Iteration 229: Energy = 9.7161354678831948 dE = -1.32987E-03
SCF Iteration 230: Energy = 9.7174652941729853 dE =  1.32983E-03
SCF Iteration 231: Energy = 9.7161354229479411 dE = -1.32987E-03
SCF Iteration 232: Energy = 9.7174652524023255 dE =  1.32983E-03
SCF Iteration 233: Energy = 9.7161353832609283 dE = -1.32987E-03
SCF Iteration 234: Energy = 9.7174652155102788 dE =  1.32983E-03
SCF Iteration 235: Energy = 9.7161353482091730 dE = -1.32987E-03
SCF Iteration 236: Energy = 9.7174651829270413 dE =  1.32983E-03
SCF Iteration 237: Energy = 9.7161353172512523 dE = -1.32987E-03
SCF Iteration 238: Energy = 9.7174651541494050 dE =  1.32984E-03
SCF Iteration 239: Energy = 9.7161352899091522 dE = -1.32986E-03
SCF Iteration 240: Energy = 9.7174651287328651 dE =  1.32984E-03
SCF Iteration 241: Energy = 9.7161352657604620 dE = -1.32986E-03
SCF Iteration 242: Energy = 9.7174651062848501 dE =  1.32984E-03
SCF Iteration 243: Energy = 9.7161352444322144 dE = -1.32986E-03
SCF Iteration 244: Energy = 9.7174650864586436 dE =  1.32984E-03
SCF Iteration 245: Energy = 9.7161352255950124 dE = -1.32986E-03
SCF Iteration 246: Energy = 9.7174650689480568 dE =  1.32984E-03
SCF Iteration 247: Energy = 9.7161352089579456 dE = -1.32986E-03
SCF Iteration 248: Energy = 9.7174650534826501 dE =  1.32984E-03
SCF Iteration 249: Energy = 9.7161351942639786 dE = -1.32986E-03
SCF Iteration 250: Energy = 9.7174650398235141 dE =  1.32985E-03
SCF Iteration 251: Energy = 9.7161351812861856 dE = -1.32986E-03
SCF Iteration 252: Energy = 9.7174650277597010 dE =  1.32985E-03
SCF Iteration 253: Energy = 9.7161351698241862 dE = -1.32986E-03
SCF Iteration 254: Energy = 9.7174650171049155 dE =  1.32985E-03
SCF Iteration 255: Energy = 9.7161351597008707 dE = -1.32986E-03
SCF Iteration 256: Energy = 9.7174650076945195 dE =  1.32985E-03
SCF Iteration 257: Energy = 9.7161351507598983 dE = -1.32986E-03
SCF Iteration 258: Energy = 9.7174649993832407 dE =  1.32985E-03
SCF Iteration 259: Energy = 9.7161351428632035 dE = -1.32986E-03
SCF Iteration 260: Energy = 9.7174649920426592 dE =  1.32985E-03
SCF Iteration 261: Energy = 9.7161351358888233 dE = -1.32986E-03
SCF Iteration 262: Energy = 9.7174649855594506 dE =  1.32985E-03
SCF Iteration 263: Energy = 9.7161351297289862 dE = -1.32986E-03
SCF Iteration 264: Energy = 9.7174649798334460 dE =  1.32985E-03
SCF Iteration 265: Energy = 9.7161351242885932 dE = -1.32986E-03
SCF Iteration 266: Energy = 9.7174649747762114 dE =  1.32985E-03
SCF Iteration 267: Energy = 9.7161351194836545 dE = -1.32986E-03
SCF Iteration 268: Energy = 9.7174649703096261 dE =  1.32985E-03
SCF Iteration 269: Energy = 9.7161351152398776 dE = -1.32986E-03
SCF Iteration 270: Energy = 9.7174649663647319 dE =  1.32985E-03
SCF Iteration 271: Energy = 9.7161351114917665 dE = -1.32985E-03
SCF Iteration 272: Energy = 9.7174649628805625 dE =  1.32985E-03
SCF Iteration 273: Energy = 9.7161351081814100 dE = -1.32985E-03
SCF Iteration 274: Energy = 9.7174649598033529 dE =  1.32985E-03
SCF Iteration 275: Energy = 9.7161351052577007 dE = -1.32985E-03
SCF Iteration 276: Energy = 9.7174649570855447 dE =  1.32985E-03
SCF Iteration 277: Energy = 9.7161351026754463 dE = -1.32985E-03
SCF Iteration 278: Energy = 9.7174649546851644 dE =  1.32985E-03
SCF Iteration 279: Energy = 9.7161351003947960 dE = -1.32985E-03
SCF Iteration 280: Energy = 9.7174649525651109 dE =  1.32985E-03
SCF Iteration 281: Energy = 9.7161350983805033 dE = -1.32985E-03
SCF Iteration 282: Energy = 9.7174649506926958 dE =  1.32985E-03
SCF Iteration 283: Energy = 9.7161350966014961 dE = -1.32985E-03
SCF Iteration 284: Energy = 9.7174649490389804 dE =  1.32985E-03
SCF Iteration 285: Energy = 9.7161350950302658 dE = -1.32985E-03
SCF Iteration 286: Energy = 9.7174649475783781 dE =  1.32985E-03
SCF Iteration 287: Energy = 9.7161350936425421 dE = -1.32985E-03
SCF Iteration 288: Energy = 9.7174649462883824 dE =  1.32985E-03
SCF Iteration 289: Energy = 9.7161350924168950 dE = -1.32985E-03
SCF Iteration 290: Energy = 9.7174649451490520 dE =  1.32985E-03
SCF Iteration 291: Energy = 9.7161350913344169 dE = -1.32985E-03
SCF Iteration 292: Energy = 9.7174649441427920 dE =  1.32985E-03
SCF Iteration 293: Energy = 9.7161350903783497 dE = -1.32985E-03
SCF Iteration 294: Energy = 9.7174649432540630 dE =  1.32985E-03
SCF Iteration 295: Energy = 9.7161350895339442 dE = -1.32985E-03
SCF Iteration 296: Energy = 9.7174649424691086 dE =  1.32985E-03
SCF Iteration 297: Energy = 9.7161350887881621 dE = -1.32985E-03
SCF Iteration 298: Energy = 9.7174649417758800 dE =  1.32985E-03
SCF Iteration 299: Energy = 9.7161350881294783 dE = -1.32985E-03
SCF Iteration 300: Energy = 9.7174649411635965 dE =  1.32985E-03
SCF Iteration 301: Energy = 9.7161350875477197 dE = -1.32985E-03
SCF Iteration 302: Energy = 9.7174649406228131 dE =  1.32985E-03
SCF Iteration 303: Energy = 9.7161350870339138 dE = -1.32985E-03
SCF Iteration 304: Energy = 9.7174649401452005 dE =  1.32985E-03
SCF Iteration 305: Energy = 9.7161350865801630 dE = -1.32985E-03
SCF Iteration 306: Energy = 9.7174649397233654 dE =  1.32985E-03
SCF Iteration 307: Energy = 9.7161350861793405 dE = -1.32985E-03
SCF Iteration 308: Energy = 9.7174649393508190 dE =  1.32985E-03
SCF Iteration 309: Energy = 9.7161350858253801 dE = -1.32985E-03
SCF Iteration 310: Energy = 9.7174649390217613 dE =  1.32985E-03
SCF Iteration 311: Energy = 9.7161350855127555 dE = -1.32985E-03
SCF Iteration 312: Energy = 9.7174649387311369 dE =  1.32985E-03
SCF Iteration 313: Energy = 9.7161350852366173 dE = -1.32985E-03
SCF Iteration 314: Energy = 9.7174649384744765 dE =  1.32985E-03
SCF Iteration 315: Energy = 9.7161350849927661 dE = -1.32985E-03
SCF Iteration 316: Energy = 9.7174649382477742 dE =  1.32985E-03
SCF Iteration 317: Energy = 9.7161350847773633 dE = -1.32985E-03
SCF Iteration 318: Energy = 9.7174649380475504 dE =  1.32985E-03
SCF Iteration 319: Energy = 9.7161350845871173 dE = -1.32985E-03
SCF Iteration 320: Energy = 9.7174649378706945 dE =  1.32985E-03
SCF Iteration 321: Energy = 9.7161350844191130 dE = -1.32985E-03
SCF Iteration 322: Energy = 9.7174649377145226 dE =  1.32985E-03
SCF Iteration 323: Energy = 9.7161350842707250 dE = -1.32985E-03
SCF Iteration 324: Energy = 9.7174649375765831 dE =  1.32985E-03
SCF Iteration 325: Energy = 9.7161350841396636 dE = -1.32985E-03
SCF Iteration 326: Energy = 9.7174649374547553 dE =  1.32985E-03
SCF Iteration 327: Energy = 9.7161350840239127 dE = -1.32985E-03
SCF Iteration 328: Energy = 9.7174649373471471 dE =  1.32985E-03
SCF Iteration 329: Energy = 9.7161350839216851 dE = -1.32985E-03
SCF Iteration 330: Energy = 9.7174649372521191 dE =  1.32985E-03
SCF Iteration 331: Energy = 9.7161350838314000 dE = -1.32985E-03
SCF Iteration 332: Energy = 9.7174649371681880 dE =  1.32985E-03
SCF Iteration 333: Energy = 9.7161350837516203 dE = -1.32985E-03
SCF Iteration 334: Energy = 9.7174649370940571 dE =  1.32985E-03
SCF Iteration 335: Energy = 9.7161350836812144 dE = -1.32985E-03
SCF Iteration 336: Energy = 9.7174649370285771 dE =  1.32985E-03
SCF Iteration 337: Energy = 9.7161350836189886 dE = -1.32985E-03
SCF Iteration 338: Energy = 9.7174649369707620 dE =  1.32985E-03
SCF Iteration 339: Energy = 9.7161350835640672 dE = -1.32985E-03
SCF Iteration 340: Energy = 9.7174649369196882 dE =  1.32985E-03
SCF Iteration 341: Energy = 9.7161350835155229 dE = -1.32985E-03
SCF Iteration 342: Energy = 9.7174649368745722 dE =  1.32985E-03
SCF Iteration 343: Energy = 9.7161350834726665 dE = -1.32985E-03
SCF Iteration 344: Energy = 9.7174649368347410 dE =  1.32985E-03
SCF Iteration 345: Energy = 9.7161350834348230 dE = -1.32985E-03
SCF Iteration 346: Energy = 9.7174649367995567 dE =  1.32985E-03
SCF Iteration 347: Energy = 9.7161350834013955 dE = -1.32985E-03
SCF Iteration 348: Energy = 9.7174649367684811 dE =  1.32985E-03
SCF Iteration 349: Energy = 9.7161350833718636 dE = -1.32985E-03
SCF Iteration 350: Energy = 9.7174649367410293 dE =  1.32985E-03
SCF Iteration 351: Energy = 9.7161350833457973 dE = -1.32985E-03
SCF Iteration 352: Energy = 9.7174649367167945 dE =  1.32985E-03
SCF Iteration 353: Energy = 9.7161350833227349 dE = -1.32985E-03
SCF Iteration 354: Energy = 9.7174649366953716 dE =  1.32985E-03
SCF Iteration 355: Energy = 9.7161350833024276 dE = -1.32985E-03
SCF Iteration 356: Energy = 9.7174649366764534 dE =  1.32985E-03
SCF Iteration 357: Energy = 9.7161350832844366 dE = -1.32985E-03
SCF Iteration 358: Energy = 9.7174649366597574 dE =  1.32985E-03
SCF Iteration 359: Energy = 9.7161350832685631 dE = -1.32985E-03
SCF Iteration 360: Energy = 9.7174649366450367 dE =  1.32985E-03
SCF Iteration 361: Energy = 9.7161350832545512 dE = -1.32985E-03
SCF Iteration 362: Energy = 9.7174649366319859 dE =  1.32985E-03
SCF Iteration 363: Energy = 9.7161350832421967 dE = -1.32985E-03
SCF Iteration 364: Energy = 9.7174649366204875 dE =  1.32985E-03
SCF Iteration 365: Energy = 9.7161350832312490 dE = -1.32985E-03
SCF Iteration 366: Energy = 9.7174649366103214 dE =  1.32985E-03
SCF Iteration 367: Energy = 9.7161350832215927 dE = -1.32985E-03
SCF Iteration 368: Energy = 9.7174649366013455 dE =  1.32985E-03
SCF Iteration 369: Energy = 9.7161350832130662 dE = -1.32985E-03
SCF Iteration 370: Energy = 9.7174649365934247 dE =  1.32985E-03
SCF Iteration 371: Energy = 9.7161350832055451 dE = -1.32985E-03
SCF Iteration 372: Energy = 9.7174649365864134 dE =  1.32985E-03
SCF Iteration 373: Energy = 9.7161350831988837 dE = -1.32985E-03
SCF Iteration 374: Energy = 9.7174649365802193 dE =  1.32985E-03
SCF Iteration 375: Energy = 9.7161350831930076 dE = -1.32985E-03
SCF Iteration 376: Energy = 9.7174649365747570 dE =  1.32985E-03
SCF Iteration 377: Energy = 9.7161350831878224 dE = -1.32985E-03
SCF Iteration 378: Energy = 9.7174649365699537 dE =  1.32985E-03
SCF Iteration 379: Energy = 9.7161350831832483 dE = -1.32985E-03
SCF Iteration 380: Energy = 9.7174649365656851 dE =  1.32985E-03
SCF Iteration 381: Energy = 9.7161350831791840 dE = -1.32985E-03
SCF Iteration 382: Energy = 9.7174649365619192 dE =  1.32985E-03
SCF Iteration 383: Energy = 9.7161350831756064 dE = -1.32985E-03
SCF Iteration 384: Energy = 9.7174649365585868 dE =  1.32985E-03
SCF Iteration 385: Energy = 9.7161350831724462 dE = -1.32985E-03
SCF Iteration 386: Energy = 9.7174649365556576 dE =  1.32985E-03
SCF Iteration 387: Energy = 9.7161350831696609 dE = -1.32985E-03
SCF Iteration 388: Energy = 9.7174649365530428 dE =  1.32985E-03
SCF Iteration 389: Energy = 9.7161350831671953 dE = -1.32985E-03
SCF Iteration 390: Energy = 9.7174649365507531 dE =  1.32985E-03
SCF Iteration 391: Energy = 9.7161350831650299 dE = -1.32985E-03
SCF Iteration 392: Energy = 9.7174649365487351 dE =  1.32985E-03
SCF Iteration 393: Energy = 9.7161350831630902 dE = -1.32985E-03
SCF Iteration 394: Energy = 9.7174649365469801 dE =  1.32985E-03
SCF Iteration 395: Energy = 9.7161350831614026 dE = -1.32985E-03
SCF Iteration 396: Energy = 9.7174649365453813 dE =  1.32985E-03
SCF Iteration 397: Energy = 9.7161350831599069 dE = -1.32985E-03
SCF Iteration 398: Energy = 9.7174649365439869 dE =  1.32985E-03
SCF Iteration 399: Energy = 9.7161350831585818 dE = -1.32985E-03
SCF Iteration 400: Energy = 9.7174649365427594 dE =  1.32985E-03
SCF Iteration 401: Energy = 9.7161350831573934 dE = -1.32985E-03
SCF Iteration 402: Energy = 9.7174649365416617 dE =  1.32985E-03
SCF Iteration 403: Energy = 9.7161350831563755 dE = -1.32985E-03
SCF Iteration 404: Energy = 9.7174649365407166 dE =  1.32985E-03
SCF Iteration 405: Energy = 9.7161350831554660 dE = -1.32985E-03
SCF Iteration 406: Energy = 9.7174649365398764 dE =  1.32985E-03
SCF Iteration 407: Energy = 9.7161350831546596 dE = -1.32985E-03
SCF Iteration 408: Energy = 9.7174649365391179 dE =  1.32985E-03
SCF Iteration 409: Energy = 9.7161350831539490 dE = -1.32985E-03
SCF Iteration 410: Energy = 9.7174649365384713 dE =  1.32985E-03
SCF Iteration 411: Energy = 9.7161350831533202 dE = -1.32985E-03
SCF Iteration 412: Energy = 9.7174649365378851 dE =  1.32985E-03
SCF Iteration 413: Energy = 9.7161350831527749 dE = -1.32985E-03
SCF Iteration 414: Energy = 9.7174649365373735 dE =  1.32985E-03
SCF Iteration 415: Energy = 9.7161350831522721 dE = -1.32985E-03
SCF Iteration 416: Energy = 9.7174649365369010 dE =  1.32985E-03
SCF Iteration 417: Energy = 9.7161350831518458 dE = -1.32985E-03
SCF Iteration 418: Energy = 9.7174649365365031 dE =  1.32985E-03
SCF Iteration 419: Energy = 9.7161350831514532 dE = -1.32985E-03
SCF Iteration 420: Energy = 9.7174649365361585 dE =  1.32985E-03
SCF Iteration 421: Energy = 9.7161350831511282 dE = -1.32985E-03
SCF Iteration 422: Energy = 9.7174649365358388 dE =  1.32985E-03
SCF Iteration 423: Energy = 9.7161350831508209 dE = -1.32985E-03
SCF Iteration 424: Energy = 9.7174649365355634 dE =  1.32985E-03
SCF Iteration 425: Energy = 9.7161350831505633 dE = -1.32985E-03
SCF Iteration 426: Energy = 9.7174649365353147 dE =  1.32985E-03
SCF Iteration 427: Energy = 9.7161350831503377 dE = -1.32985E-03
SCF Iteration 428: Energy = 9.7174649365350980 dE =  1.32985E-03
SCF Iteration 429: Energy = 9.7161350831501281 dE = -1.32985E-03
SCF Iteration 430: Energy = 9.7174649365349062 dE =  1.32985E-03
SCF Iteration 431: Energy = 9.7161350831499522 dE = -1.32985E-03
SCF Iteration 432: Energy = 9.7174649365347481 dE =  1.32985E-03
SCF Iteration 433: Energy = 9.7161350831498030 dE = -1.32985E-03
SCF Iteration 434: Energy = 9.7174649365345900 dE =  1.32985E-03
SCF Iteration 435: Energy = 9.7161350831496467 dE = -1.32985E-03
SCF Iteration 436: Energy = 9.7174649365344710 dE =  1.32985E-03
SCF Iteration 437: Energy = 9.7161350831495294 dE = -1.32985E-03
SCF Iteration 438: Energy = 9.7174649365343591 dE =  1.32985E-03
SCF Iteration 439: Energy = 9.7161350831494122 dE = -1.32985E-03
SCF Iteration 440: Energy = 9.7174649365342329 dE =  1.32985E-03
SCF Iteration 441: Energy = 9.7161350831493429 dE = -1.32985E-03
SCF Iteration 442: Energy = 9.7174649365341654 dE =  1.32985E-03
SCF Iteration 443: Energy = 9.7161350831492346 dE = -1.32985E-03
SCF Iteration 444: Energy = 9.7174649365340748 dE =  1.32985E-03
SCF Iteration 445: Energy = 9.7161350831491600 dE = -1.32985E-03
SCF Iteration 446: Energy = 9.7174649365340269 dE =  1.32985E-03
SCF Iteration 447: Energy = 9.7161350831490925 dE = -1.32985E-03
SCF Iteration 448: Energy = 9.7174649365339505 dE =  1.32985E-03
SCF Iteration 449: Energy = 9.7161350831490481 dE = -1.32985E-03
SCF Iteration 450: Energy = 9.7174649365339025 dE =  1.32985E-03
SCF Iteration 451: Energy = 9.7161350831489717 dE = -1.32985E-03
SCF Iteration 452: Energy = 9.7174649365338635 dE =  1.32985E-03
SCF Iteration 453: Energy = 9.7161350831489433 dE = -1.32985E-03
SCF Iteration 454: Energy = 9.7174649365338066 dE =  1.32985E-03
SCF Iteration 455: Energy = 9.7161350831488775 dE = -1.32985E-03
SCF Iteration 456: Energy = 9.7174649365337640 dE =  1.32985E-03
SCF Iteration 457: Energy = 9.7161350831488775 dE = -1.32985E-03
SCF Iteration 458: Energy = 9.7174649365337338 dE =  1.32985E-03
SCF Iteration 459: Energy = 9.7161350831488154 dE = -1.32985E-03
SCF Iteration 460: Energy = 9.7174649365336947 dE =  1.32985E-03
SCF Iteration 461: Energy = 9.7161350831487940 dE = -1.32985E-03
SCF Iteration 462: Energy = 9.7174649365336734 dE =  1.32985E-03
SCF Iteration 463: Energy = 9.7161350831487603 dE = -1.32985E-03
SCF Iteration 464: Energy = 9.7174649365336538 dE =  1.32985E-03
SCF Iteration 465: Energy = 9.7161350831487550 dE = -1.32985E-03
SCF Iteration 466: Energy = 9.7174649365336290 dE =  1.32985E-03
SCF Iteration 467: Energy = 9.7161350831487194 dE = -1.32985E-03
SCF Iteration 468: Energy = 9.7174649365336112 dE =  1.32985E-03
SCF Iteration 469: Energy = 9.7161350831487212 dE = -1.32985E-03
SCF Iteration 470: Energy = 9.7174649365335952 dE =  1.32985E-03
SCF Iteration 471: Energy = 9.7161350831487141 dE = -1.32985E-03
SCF Iteration 472: Energy = 9.7174649365335863 dE =  1.32985E-03
SCF Iteration 473: Energy = 9.7161350831486981 dE = -1.32985E-03
SCF Iteration 474: Energy = 9.7174649365335792 dE =  1.32985E-03
SCF Iteration 475: Energy = 9.7161350831486732 dE = -1.32985E-03
SCF Iteration 476: Energy = 9.7174649365335828 dE =  1.32985E-03
SCF Iteration 477: Energy = 9.7161350831486413 dE = -1.32985E-03
SCF Iteration 478: Energy = 9.7174649365335544 dE =  1.32985E-03
SCF Iteration 479: Energy = 9.7161350831486661 dE = -1.32985E-03
SCF Iteration 480: Energy = 9.7174649365335544 dE =  1.32985E-03
SCF Iteration 481: Energy = 9.7161350831486359 dE = -1.32985E-03
SCF Iteration 482: Energy = 9.7174649365335544 dE =  1.32985E-03
SCF Iteration 483: Energy = 9.7161350831486484 dE = -1.32985E-03
SCF Iteration 484: Energy = 9.7174649365335473 dE =  1.32985E-03
SCF Iteration 485: Energy = 9.7161350831486430 dE = -1.32985E-03
SCF Iteration 486: Energy = 9.7174649365335295 dE =  1.32985E-03
SCF Iteration 487: Energy = 9.7161350831486537 dE = -1.32985E-03
SCF Iteration 488: Energy = 9.7174649365335242 dE =  1.32985E-03
SCF Iteration 489: Energy = 9.7161350831486288 dE = -1.32985E-03
SCF Iteration 490: Energy = 9.7174649365335224 dE =  1.32985E-03
SCF Iteration 491: Energy = 9.7161350831486430 dE = -1.32985E-03
SCF Iteration 492: Energy = 9.7174649365335188 dE =  1.32985E-03
SCF Iteration 493: Energy = 9.7161350831486271 dE = -1.32985E-03
SCF Iteration 494: Energy = 9.7174649365335224 dE =  1.32985E-03
SCF Iteration 495: Energy = 9.7161350831486235 dE = -1.32985E-03
SCF Iteration 496: Energy = 9.7174649365335117 dE =  1.32985E-03
SCF Iteration 497: Energy = 9.7161350831486359 dE = -1.32985E-03
SCF Iteration 498: Energy = 9.7174649365334922 dE =  1.32985E-03
SCF Iteration 499: Energy = 9.7161350831486200 dE = -1.32985E-03
SCF Iteration 500: Energy = 9.7174649365335029 dE =  1.32985E-03
