
  Memory set to  55.879 GiB by Python driver.
  Threads set to 1 by Python driver.
Settings:
	LOT = CCSD-S2-U22
	wc = 20.0 eV
	lambda = [1.091182 0.       0.      ] a.u.
	Equivalent A0 = LAMBDA / sqrt(2 wc) = [0.9 0.  0. ])
doing QED-CCSD-Full (or QED-CCSD-22)
Number of occupied orbitals:   1
Number of basis functions:  60
SCF Iteration   1: Energy = 6.2872712043384569 dE =  6.28727E+00
SCF Iteration   2: Energy = 6.8113602017231560 dE =  5.24089E-01
SCF Iteration   3: Energy = 6.5253830479219816 dE = -2.85977E-01
SCF Iteration   4: Energy = 6.7558522304539315 dE =  2.30469E-01
SCF Iteration   5: Energy = 6.6529362972744375 dE = -1.02916E-01
SCF Iteration   6: Energy = 6.7601808910278889 dE =  1.07245E-01
SCF Iteration   7: Energy = 6.7056212413428762 dE = -5.45596E-02
SCF Iteration   8: Energy = 6.7662523327104838 dE =  6.06311E-02
SCF Iteration   9: Energy = 6.7267765991551114 dE = -3.94757E-02
SCF Iteration  10: Energy = 6.7682964911054988 dE =  4.15199E-02
SCF Iteration  11: Energy = 6.7338478919580256 dE = -3.44486E-02
SCF Iteration  12: Energy = 6.7669026479866075 dE =  3.30548E-02
SCF Iteration  13: Energy = 6.7341255913702103 dE = -3.27771E-02
SCF Iteration  14: Energy = 6.7632703212001806 dE =  2.91447E-02
SCF Iteration  15: Energy = 6.7310211091271555 dE = -3.22492E-02
SCF Iteration  16: Energy = 6.7583842136592613 dE =  2.73631E-02
SCF Iteration  17: Energy = 6.7262963747195057 dE = -3.20878E-02
SCF Iteration  18: Energy = 6.7529426109001607 dE =  2.66462E-02
SCF Iteration  19: Energy = 6.7209230464633976 dE = -3.20196E-02
SCF Iteration  20: Energy = 6.7474080989392782 dE =  2.64851E-02
SCF Iteration  21: Energy = 6.7154525096437538 dE = -3.19556E-02
SCF Iteration  22: Energy = 6.7420691888282134 dE =  2.66167E-02
SCF Iteration  23: Energy = 6.7101949351358074 dE = -3.18743E-02
SCF Iteration  24: Energy = 6.7370921324157589 dE =  2.68972E-02
SCF Iteration  25: Energy = 6.7053155915599580 dE = -3.17765E-02
SCF Iteration  26: Energy = 6.7325604023928678 dE =  2.72448E-02
SCF Iteration  27: Energy = 6.7008910351096285 dE = -3.16694E-02
SCF Iteration  28: Energy = 6.7285033763590452 dE =  2.76123E-02
SCF Iteration  29: Energy = 6.6969436801163189 dE = -3.15597E-02
SCF Iteration  30: Energy = 6.7249165267715023 dE =  2.79728E-02
SCF Iteration  31: Energy = 6.6934636931359410 dE = -3.14528E-02
SCF Iteration  32: Energy = 6.7217752700779032 dE =  2.83116E-02
SCF Iteration  33: Energy = 6.6904230105716929 dE = -3.13523E-02
SCF Iteration  34: Energy = 6.7190442375712189 dE =  2.86212E-02
SCF Iteration  35: Energy = 6.6877842910674641 dE = -3.12599E-02
SCF Iteration  36: Energy = 6.7166833202579879 dE =  2.88990E-02
SCF Iteration  37: Energy = 6.6855065543113659 dE = -3.11768E-02
SCF Iteration  38: Energy = 6.7146514853471375 dE =  2.91449E-02
SCF Iteration  39: Energy = 6.6835486402589694 dE = -3.11028E-02
SCF Iteration  40: Energy = 6.7129090808374192 dE =  2.93604E-02
SCF Iteration  41: Energy = 6.6818712383589931 dE = -3.10378E-02
SCF Iteration  42: Energy = 6.7114191326726642 dE =  2.95479E-02
SCF Iteration  43: Energy = 6.6804379869402526 dE = -3.09811E-02
SCF Iteration  44: Energy = 6.7101479841128828 dE =  2.97100E-02
SCF Iteration  45: Energy = 6.6792159772489539 dE = -3.09320E-02
SCF Iteration  46: Energy = 6.7090655164002886 dE =  2.98495E-02
SCF Iteration  47: Energy = 6.6781758852897353 dE = -3.08896E-02
SCF Iteration  48: Energy = 6.7081451121028657 dE =  2.99692E-02
SCF Iteration  49: Energy = 6.6772918794385978 dE = -3.08532E-02
SCF Iteration  50: Energy = 6.7073634685991017 dE =  3.00716E-02
SCF Iteration  51: Energy = 6.6765414009955464 dE = -3.08221E-02
SCF Iteration  52: Energy = 6.7067003321285759 dE =  3.01589E-02
SCF Iteration  53: Energy = 6.6759048805843682 dE = -3.07955E-02
SCF Iteration  54: Energy = 6.7061381976287562 dE =  3.02333E-02
SCF Iteration  55: Energy = 6.6753654303024756 dE = -3.07728E-02
SCF Iteration  56: Energy = 6.7056620025838916 dE =  3.02966E-02
SCF Iteration  57: Energy = 6.6749085361700331 dE = -3.07535E-02
SCF Iteration  58: Energy = 6.7052588317757964 dE =  3.03503E-02
SCF Iteration  59: Energy = 6.6745217652732238 dE = -3.07371E-02
SCF Iteration  60: Energy = 6.7049176423587147 dE =  3.03959E-02
SCF Iteration  61: Energy = 6.6741944953617187 dE = -3.07231E-02
SCF Iteration  62: Energy = 6.7046290138446878 dE =  3.04345E-02
SCF Iteration  63: Energy = 6.6739176704015044 dE = -3.07113E-02
SCF Iteration  64: Energy = 6.7043849245240841 dE =  3.04673E-02
SCF Iteration  65: Energy = 6.6736835829173557 dE = -3.07013E-02
SCF Iteration  66: Energy = 6.7041785539745495 dE =  3.04950E-02
SCF Iteration  67: Energy = 6.6734856823537969 dE = -3.06929E-02
SCF Iteration  68: Energy = 6.7040041102256707 dE =  3.05184E-02
SCF Iteration  69: Energy = 6.6733184077749153 dE = -3.06857E-02
SCF Iteration  70: Energy = 6.7038566795757459 dE =  3.05383E-02
SCF Iteration  71: Energy = 6.6731770427691286 dE = -3.06796E-02
SCF Iteration  72: Energy = 6.7037320968149361 dE =  3.05551E-02
SCF Iteration  73: Energy = 6.6730575902573888 dE = -3.06745E-02
SCF Iteration  74: Energy = 6.7036268335725184 dE =  3.05692E-02
SCF Iteration  75: Energy = 6.6729566649131860 dE = -3.06702E-02
SCF Iteration  76: Energy = 6.7035379025913242 dE =  3.05812E-02
SCF Iteration  77: Energy = 6.6728714010165211 dE = -3.06665E-02
SCF Iteration  78: Energy = 6.7034627758866794 dE =  3.05914E-02
SCF Iteration  79: Energy = 6.6727993737332447 dE = -3.06634E-02
SCF Iteration  80: Energy = 6.7033993149333000 dE =  3.05999E-02
SCF Iteration  81: Energy = 6.6727385320050692 dE = -3.06608E-02
SCF Iteration  82: Energy = 6.7033457112210995 dE =  3.06072E-02
SCF Iteration  83: Energy = 6.6726871414354330 dE = -3.06586E-02
SCF Iteration  84: Energy = 6.7033004357149855 dE =  3.06133E-02
SCF Iteration  85: Energy = 6.6726437357503761 dE = -3.06567E-02
SCF Iteration  86: Energy = 6.7032621959368806 dE =  3.06185E-02
SCF Iteration  87: Energy = 6.6726070755929028 dE = -3.06551E-02
SCF Iteration  88: Energy = 6.7032298995564625 dE =  3.06228E-02
SCF Iteration  89: Energy = 6.6725761135765191 dE = -3.06538E-02
SCF Iteration  90: Energy = 6.7032026235288189 dE =  3.06265E-02
SCF Iteration  91: Energy = 6.6725499646685211 dE = -3.06527E-02
SCF Iteration  92: Energy = 6.7031795879508902 dE =  3.06296E-02
SCF Iteration  93: Energy = 6.6725278811069799 dE = -3.06517E-02
SCF Iteration  94: Energy = 6.7031601339278515 dE =  3.06323E-02
SCF Iteration  95: Energy = 6.6725092311676173 dE = -3.06509E-02
SCF Iteration  96: Energy = 6.7031437048424030 dE =  3.06345E-02
SCF Iteration  97: Energy = 6.6724934811975656 dE = -3.06502E-02
SCF Iteration  98: Energy = 6.7031298305100284 dE =  3.06363E-02
SCF Iteration  99: Energy = 6.6724801804186109 dE = -3.06497E-02
SCF Iteration 100: Energy = 6.7031181137792197 dE =  3.06379E-02
SCF Iteration 101: Energy = 6.6724689480768324 dE = -3.06492E-02
SCF Iteration 102: Energy = 6.7031082192027052 dE =  3.06393E-02
SCF Iteration 103: Energy = 6.6724594625787059 dE = -3.06488E-02
SCF Iteration 104: Energy = 6.7030998634612535 dE =  3.06404E-02
SCF Iteration 105: Energy = 6.6724514523086134 dE = -3.06484E-02
SCF Iteration 106: Energy = 6.7030928072705649 dE =  3.06414E-02
SCF Iteration 107: Energy = 6.6724446878686416 dE = -3.06481E-02
SCF Iteration 108: Energy = 6.7030868485422257 dE =  3.06422E-02
SCF Iteration 109: Energy = 6.6724389755213318 dE = -3.06479E-02
SCF Iteration 110: Energy = 6.7030818166054500 dE =  3.06428E-02
SCF Iteration 111: Energy = 6.6724341516494468 dE = -3.06477E-02
SCF Iteration 112: Energy = 6.7030775673252636 dE =  3.06434E-02
SCF Iteration 113: Energy = 6.6724300780755046 dE = -3.06475E-02
SCF Iteration 114: Energy = 6.7030739789785434 dE =  3.06439E-02
SCF Iteration 115: Energy = 6.6724266381079422 dE = -3.06473E-02
SCF Iteration 116: Energy = 6.7030709487702653 dE =  3.06443E-02
SCF Iteration 117: Energy = 6.6724237332012510 dE = -3.06472E-02
SCF Iteration 118: Energy = 6.7030683898911940 dE =  3.06447E-02
SCF Iteration 119: Energy = 6.6724212801350289 dE = -3.06471E-02
SCF Iteration 120: Energy = 6.7030662290323795 dE =  3.06449E-02
SCF Iteration 121: Energy = 6.6724192086311858 dE = -3.06470E-02
SCF Iteration 122: Energy = 6.7030644042861134 dE =  3.06452E-02
SCF Iteration 123: Energy = 6.6724174593416867 dE = -3.06469E-02
SCF Iteration 124: Energy = 6.7030628633731295 dE =  3.06454E-02
SCF Iteration 125: Energy = 6.6724159821487667 dE = -3.06469E-02
SCF Iteration 126: Energy = 6.7030615621451934 dE =  3.06456E-02
SCF Iteration 127: Energy = 6.6724147347296725 dE = -3.06468E-02
SCF Iteration 128: Energy = 6.7030604633207025 dE =  3.06457E-02
SCF Iteration 129: Energy = 6.6724136813443495 dE = -3.06468E-02
SCF Iteration 130: Energy = 6.7030595354167311 dE =  3.06459E-02
SCF Iteration 131: Energy = 6.6724127918116745 dE = -3.06467E-02
SCF Iteration 132: Energy = 6.7030587518472418 dE =  3.06460E-02
SCF Iteration 133: Energy = 6.6724120406449563 dE = -3.06467E-02
SCF Iteration 134: Energy = 6.7030580901614156 dE =  3.06460E-02
SCF Iteration 135: Energy = 6.6724114063216931 dE = -3.06467E-02
SCF Iteration 136: Energy = 6.7030575314005292 dE =  3.06461E-02
SCF Iteration 137: Energy = 6.6724108706672300 dE = -3.06467E-02
SCF Iteration 138: Energy = 6.7030570595547836 dE =  3.06462E-02
SCF Iteration 139: Energy = 6.6724104183337181 dE = -3.06466E-02
SCF Iteration 140: Energy = 6.7030566611046218 dE =  3.06462E-02
SCF Iteration 141: Energy = 6.6724100363606986 dE = -3.06466E-02
SCF Iteration 142: Energy = 6.7030563246334598 dE =  3.06463E-02
SCF Iteration 143: Energy = 6.6724097138036447 dE = -3.06466E-02
SCF Iteration 144: Energy = 6.7030560405004644 dE =  3.06463E-02
SCF Iteration 145: Energy = 6.6724094414204593 dE = -3.06466E-02
SCF Iteration 146: Energy = 6.7030558005644698 dE =  3.06464E-02
SCF Iteration 147: Energy = 6.6724092114065643 dE = -3.06466E-02
SCF Iteration 148: Energy = 6.7030555979506401 dE =  3.06464E-02
SCF Iteration 149: Energy = 6.6724090171714421 dE = -3.06466E-02
SCF Iteration 150: Energy = 6.7030554268534859 dE =  3.06464E-02
SCF Iteration 151: Energy = 6.6724088531497330 dE = -3.06466E-02
SCF Iteration 152: Energy = 6.7030552823706229 dE =  3.06464E-02
SCF Iteration 153: Energy = 6.6724087146416853 dE = -3.06466E-02
SCF Iteration 154: Energy = 6.7030551603621529 dE =  3.06464E-02
SCF Iteration 155: Energy = 6.6724085976786602 dE = -3.06466E-02
SCF Iteration 156: Energy = 6.7030550573321834 dE =  3.06465E-02
SCF Iteration 157: Energy = 6.6724084989093244 dE = -3.06466E-02
SCF Iteration 158: Energy = 6.7030549703286093 dE =  3.06465E-02
SCF Iteration 159: Energy = 6.6724084155036456 dE = -3.06466E-02
SCF Iteration 160: Energy = 6.7030548968585153 dE =  3.06465E-02
SCF Iteration 161: Energy = 6.6724083450717524 dE = -3.06466E-02
SCF Iteration 162: Energy = 6.7030548348167489 dE =  3.06465E-02
SCF Iteration 163: Energy = 6.6724082855956111 dE = -3.06465E-02
SCF Iteration 164: Energy = 6.7030547824256219 dE =  3.06465E-02
SCF Iteration 165: Energy = 6.6724082353710328 dE = -3.06465E-02
SCF Iteration 166: Energy = 6.7030547381839787 dE =  3.06465E-02
SCF Iteration 167: Energy = 6.6724081929589358 dE = -3.06465E-02
SCF Iteration 168: Energy = 6.7030547008241745 dE =  3.06465E-02
SCF Iteration 169: Energy = 6.6724081571440808 dE = -3.06465E-02
SCF Iteration 170: Energy = 6.7030546692757182 dE =  3.06465E-02
SCF Iteration 171: Energy = 6.6724081269002484 dE = -3.06465E-02
SCF Iteration 172: Energy = 6.7030546426346485 dE =  3.06465E-02
SCF Iteration 173: Energy = 6.6724081013608654 dE = -3.06465E-02
SCF Iteration 174: Energy = 6.7030546201376131 dE =  3.06465E-02
SCF Iteration 175: Energy = 6.6724080797941623 dE = -3.06465E-02
SCF Iteration 176: Energy = 6.7030546011400149 dE =  3.06465E-02
SCF Iteration 177: Energy = 6.6724080615821775 dE = -3.06465E-02
SCF Iteration 178: Energy = 6.7030545850975072 dE =  3.06465E-02
SCF Iteration 179: Energy = 6.6724080462030857 dE = -3.06465E-02
SCF Iteration 180: Energy = 6.7030545715504211 dE =  3.06465E-02
SCF Iteration 181: Energy = 6.6724080332162199 dE = -3.06465E-02
SCF Iteration 182: Energy = 6.7030545601106155 dE =  3.06465E-02
SCF Iteration 183: Energy = 6.6724080222494875 dE = -3.06465E-02
SCF Iteration 184: Energy = 6.7030545504502781 dE =  3.06465E-02
SCF Iteration 185: Energy = 6.6724080129886412 dE = -3.06465E-02
SCF Iteration 186: Energy = 6.7030545422926151 dE =  3.06465E-02
SCF Iteration 187: Energy = 6.6724080051683048 dE = -3.06465E-02
SCF Iteration 188: Energy = 6.7030545354038784 dE =  3.06465E-02
SCF Iteration 189: Energy = 6.6724079985644531 dE = -3.06465E-02
SCF Iteration 190: Energy = 6.7030545295866650 dE =  3.06465E-02
SCF Iteration 191: Energy = 6.6724079929878091 dE = -3.06465E-02
SCF Iteration 192: Energy = 6.7030545246743563 dE =  3.06465E-02
SCF Iteration 193: Energy = 6.6724079882786462 dE = -3.06465E-02
SCF Iteration 194: Energy = 6.7030545205261589 dE =  3.06465E-02
SCF Iteration 195: Energy = 6.6724079843019846 dE = -3.06465E-02
SCF Iteration 196: Energy = 6.7030545170232214 dE =  3.06465E-02
SCF Iteration 197: Energy = 6.6724079809438983 dE = -3.06465E-02
SCF Iteration 198: Energy = 6.7030545140651610 dE =  3.06465E-02
SCF Iteration 199: Energy = 6.6724079781081569 dE = -3.06465E-02
SCF Iteration 200: Energy = 6.7030545115672231 dE =  3.06465E-02
SCF Iteration 201: Energy = 6.6724079757135266 dE = -3.06465E-02
SCF Iteration 202: Energy = 6.7030545094578526 dE =  3.06465E-02
SCF Iteration 203: Energy = 6.6724079736913824 dE = -3.06465E-02
SCF Iteration 204: Energy = 6.7030545076765948 dE =  3.06465E-02
SCF Iteration 205: Energy = 6.6724079719837777 dE = -3.06465E-02
SCF Iteration 206: Energy = 6.7030545061724078 dE =  3.06465E-02
SCF Iteration 207: Energy = 6.6724079705418111 dE = -3.06465E-02
SCF Iteration 208: Energy = 6.7030545049022043 dE =  3.06465E-02
SCF Iteration 209: Energy = 6.6724079693241114 dE = -3.06465E-02
SCF Iteration 210: Energy = 6.7030545038295823 dE =  3.06465E-02
SCF Iteration 211: Energy = 6.6724079682958690 dE = -3.06465E-02
SCF Iteration 212: Energy = 6.7030545029237958 dE =  3.06465E-02
SCF Iteration 213: Energy = 6.6724079674275227 dE = -3.06465E-02
SCF Iteration 214: Energy = 6.7030545021589152 dE =  3.06465E-02
SCF Iteration 215: Energy = 6.6724079666942915 dE = -3.06465E-02
SCF Iteration 216: Energy = 6.7030545015130132 dE =  3.06465E-02
SCF Iteration 217: Energy = 6.6724079660750970 dE = -3.06465E-02
SCF Iteration 218: Energy = 6.7030545009675828 dE =  3.06465E-02
SCF Iteration 219: Energy = 6.6724079655522166 dE = -3.06465E-02
SCF Iteration 220: Energy = 6.7030545005069886 dE =  3.06465E-02
SCF Iteration 221: Energy = 6.6724079651106747 dE = -3.06465E-02
SCF Iteration 222: Energy = 6.7030545001180490 dE =  3.06465E-02
SCF Iteration 223: Energy = 6.6724079647378085 dE = -3.06465E-02
SCF Iteration 224: Energy = 6.7030544997896095 dE =  3.06465E-02
SCF Iteration 225: Energy = 6.6724079644229457 dE = -3.06465E-02
SCF Iteration 226: Energy = 6.7030544995122421 dE =  3.06465E-02
SCF Iteration 227: Energy = 6.6724079641570517 dE = -3.06465E-02
SCF Iteration 228: Energy = 6.7030544992780348 dE =  3.06465E-02
SCF Iteration 229: Energy = 6.6724079639325238 dE = -3.06465E-02
SCF Iteration 230: Energy = 6.7030544990802472 dE =  3.06465E-02
SCF Iteration 231: Energy = 6.6724079637429279 dE = -3.06465E-02
SCF Iteration 232: Energy = 6.7030544989132439 dE =  3.06465E-02
SCF Iteration 233: Energy = 6.6724079635828275 dE = -3.06465E-02
SCF Iteration 234: Energy = 6.7030544987722083 dE =  3.06465E-02
SCF Iteration 235: Energy = 6.6724079634476299 dE = -3.06465E-02
SCF Iteration 236: Energy = 6.7030544986531160 dE =  3.06465E-02
SCF Iteration 237: Energy = 6.6724079633334492 dE = -3.06465E-02
SCF Iteration 238: Energy = 6.7030544985525315 dE =  3.06465E-02
SCF Iteration 239: Energy = 6.6724079632370357 dE = -3.06465E-02
SCF Iteration 240: Energy = 6.7030544984676101 dE =  3.06465E-02
SCF Iteration 241: Energy = 6.6724079631556199 dE = -3.06465E-02
SCF Iteration 242: Energy = 6.7030544983958853 dE =  3.06465E-02
SCF Iteration 243: Energy = 6.6724079630868678 dE = -3.06465E-02
SCF Iteration 244: Energy = 6.7030544983353204 dE =  3.06465E-02
SCF Iteration 245: Energy = 6.6724079630288058 dE = -3.06465E-02
SCF Iteration 246: Energy = 6.7030544982841755 dE =  3.06465E-02
SCF Iteration 247: Energy = 6.6724079629797863 dE = -3.06465E-02
SCF Iteration 248: Energy = 6.7030544982409994 dE =  3.06465E-02
SCF Iteration 249: Energy = 6.6724079629383839 dE = -3.06465E-02
SCF Iteration 250: Energy = 6.7030544982045308 dE =  3.06465E-02
SCF Iteration 251: Energy = 6.6724079629034270 dE = -3.06465E-02
SCF Iteration 252: Energy = 6.7030544981737394 dE =  3.06465E-02
SCF Iteration 253: Energy = 6.6724079628739146 dE = -3.06465E-02
SCF Iteration 254: Energy = 6.7030544981477354 dE =  3.06465E-02
SCF Iteration 255: Energy = 6.6724079628489799 dE = -3.06465E-02
SCF Iteration 256: Energy = 6.7030544981257645 dE =  3.06465E-02
SCF Iteration 257: Energy = 6.6724079628279211 dE = -3.06465E-02
SCF Iteration 258: Energy = 6.7030544981072193 dE =  3.06465E-02
SCF Iteration 259: Energy = 6.6724079628101469 dE = -3.06465E-02
SCF Iteration 260: Energy = 6.7030544980915687 dE =  3.06465E-02
SCF Iteration 261: Energy = 6.6724079627951305 dE = -3.06465E-02
SCF Iteration 262: Energy = 6.7030544980783384 dE =  3.06465E-02
SCF Iteration 263: Energy = 6.6724079627824713 dE = -3.06465E-02
SCF Iteration 264: Energy = 6.7030544980671776 dE =  3.06465E-02
SCF Iteration 265: Energy = 6.6724079627717527 dE = -3.06465E-02
SCF Iteration 266: Energy = 6.7030544980577504 dE =  3.06465E-02
SCF Iteration 267: Energy = 6.6724079627627111 dE = -3.06465E-02
SCF Iteration 268: Energy = 6.7030544980497861 dE =  3.06465E-02
SCF Iteration 269: Energy = 6.6724079627550745 dE = -3.06465E-02
SCF Iteration 270: Energy = 6.7030544980430555 dE =  3.06465E-02
SCF Iteration 271: Energy = 6.6724079627486406 dE = -3.06465E-02
SCF Iteration 272: Energy = 6.7030544980373721 dE =  3.06465E-02
SCF Iteration 273: Energy = 6.6724079627431907 dE = -3.06465E-02
SCF Iteration 274: Energy = 6.7030544980325866 dE =  3.06465E-02
SCF Iteration 275: Energy = 6.6724079627385935 dE = -3.06465E-02
SCF Iteration 276: Energy = 6.7030544980285365 dE =  3.06465E-02
SCF Iteration 277: Energy = 6.6724079627347050 dE = -3.06465E-02
SCF Iteration 278: Energy = 6.7030544980251356 dE =  3.06465E-02
SCF Iteration 279: Energy = 6.6724079627314339 dE = -3.06465E-02
SCF Iteration 280: Energy = 6.7030544980222375 dE =  3.06465E-02
SCF Iteration 281: Energy = 6.6724079627286565 dE = -3.06465E-02
SCF Iteration 282: Energy = 6.7030544980197879 dE =  3.06465E-02
SCF Iteration 283: Energy = 6.6724079627263224 dE = -3.06465E-02
SCF Iteration 284: Energy = 6.7030544980177362 dE =  3.06465E-02
SCF Iteration 285: Energy = 6.6724079627243489 dE = -3.06465E-02
SCF Iteration 286: Energy = 6.7030544980159918 dE =  3.06465E-02
SCF Iteration 287: Energy = 6.6724079627226791 dE = -3.06465E-02
SCF Iteration 288: Energy = 6.7030544980145281 dE =  3.06465E-02
SCF Iteration 289: Energy = 6.6724079627212705 dE = -3.06465E-02
SCF Iteration 290: Energy = 6.7030544980132865 dE =  3.06465E-02
SCF Iteration 291: Energy = 6.6724079627200794 dE = -3.06465E-02
SCF Iteration 292: Energy = 6.7030544980122366 dE =  3.06465E-02
SCF Iteration 293: Energy = 6.6724079627190784 dE = -3.06465E-02
SCF Iteration 294: Energy = 6.7030544980113502 dE =  3.06465E-02
SCF Iteration 295: Energy = 6.6724079627182276 dE = -3.06465E-02
SCF Iteration 296: Energy = 6.7030544980106050 dE =  3.06465E-02
SCF Iteration 297: Energy = 6.6724079627175206 dE = -3.06465E-02
SCF Iteration 298: Energy = 6.7030544980099718 dE =  3.06465E-02
SCF Iteration 299: Energy = 6.6724079627169086 dE = -3.06465E-02
SCF Iteration 300: Energy = 6.7030544980094513 dE =  3.06465E-02
SCF Iteration 301: Energy = 6.6724079627164050 dE = -3.06465E-02
SCF Iteration 302: Energy = 6.7030544980089966 dE =  3.06465E-02
SCF Iteration 303: Energy = 6.6724079627159805 dE = -3.06465E-02
SCF Iteration 304: Energy = 6.7030544980086209 dE =  3.06465E-02
SCF Iteration 305: Energy = 6.6724079627156092 dE = -3.06465E-02
SCF Iteration 306: Energy = 6.7030544980083127 dE =  3.06465E-02
SCF Iteration 307: Energy = 6.6724079627153134 dE = -3.06465E-02
SCF Iteration 308: Energy = 6.7030544980080426 dE =  3.06465E-02
SCF Iteration 309: Energy = 6.6724079627150568 dE = -3.06465E-02
SCF Iteration 310: Energy = 6.7030544980078082 dE =  3.06465E-02
SCF Iteration 311: Energy = 6.6724079627148347 dE = -3.06465E-02
SCF Iteration 312: Energy = 6.7030544980076172 dE =  3.06465E-02
SCF Iteration 313: Energy = 6.6724079627146429 dE = -3.06465E-02
SCF Iteration 314: Energy = 6.7030544980074405 dE =  3.06465E-02
SCF Iteration 315: Energy = 6.6724079627144999 dE = -3.06465E-02
SCF Iteration 316: Energy = 6.7030544980073206 dE =  3.06465E-02
SCF Iteration 317: Energy = 6.6724079627143649 dE = -3.06465E-02
SCF Iteration 318: Energy = 6.7030544980071971 dE =  3.06465E-02
SCF Iteration 319: Energy = 6.6724079627142467 dE = -3.06465E-02
SCF Iteration 320: Energy = 6.7030544980070967 dE =  3.06465E-02
SCF Iteration 321: Energy = 6.6724079627141490 dE = -3.06465E-02
SCF Iteration 322: Energy = 6.7030544980070097 dE =  3.06465E-02
SCF Iteration 323: Energy = 6.6724079627140700 dE = -3.06465E-02
SCF Iteration 324: Energy = 6.7030544980069342 dE =  3.06465E-02
SCF Iteration 325: Energy = 6.6724079627140016 dE = -3.06465E-02
SCF Iteration 326: Energy = 6.7030544980068898 dE =  3.06465E-02
SCF Iteration 327: Energy = 6.6724079627139421 dE = -3.06465E-02
SCF Iteration 328: Energy = 6.7030544980068241 dE =  3.06465E-02
SCF Iteration 329: Energy = 6.6724079627139004 dE = -3.06465E-02
SCF Iteration 330: Energy = 6.7030544980067805 dE =  3.06465E-02
SCF Iteration 331: Energy = 6.6724079627138435 dE = -3.06465E-02
SCF Iteration 332: Energy = 6.7030544980067450 dE =  3.06465E-02
SCF Iteration 333: Energy = 6.6724079627138169 dE = -3.06465E-02
SCF Iteration 334: Energy = 6.7030544980067122 dE =  3.06465E-02
SCF Iteration 335: Energy = 6.6724079627137867 dE = -3.06465E-02
SCF Iteration 336: Energy = 6.7030544980066979 dE =  3.06465E-02
SCF Iteration 337: Energy = 6.6724079627137645 dE = -3.06465E-02
SCF Iteration 338: Energy = 6.7030544980066837 dE =  3.06465E-02
SCF Iteration 339: Energy = 6.6724079627137440 dE = -3.06465E-02
SCF Iteration 340: Energy = 6.7030544980066518 dE =  3.06465E-02
SCF Iteration 341: Energy = 6.6724079627137067 dE = -3.06465E-02
SCF Iteration 342: Energy = 6.7030544980066358 dE =  3.06465E-02
SCF Iteration 343: Energy = 6.6724079627137023 dE = -3.06465E-02
SCF Iteration 344: Energy = 6.7030544980066216 dE =  3.06465E-02
SCF Iteration 345: Energy = 6.6724079627136890 dE = -3.06465E-02
SCF Iteration 346: Energy = 6.7030544980066020 dE =  3.06465E-02
SCF Iteration 347: Energy = 6.6724079627136872 dE = -3.06465E-02
SCF Iteration 348: Energy = 6.7030544980065949 dE =  3.06465E-02
SCF Iteration 349: Energy = 6.6724079627136783 dE = -3.06465E-02
SCF Iteration 350: Energy = 6.7030544980065843 dE =  3.06465E-02
SCF Iteration 351: Energy = 6.6724079627136712 dE = -3.06465E-02
SCF Iteration 352: Energy = 6.7030544980065976 dE =  3.06465E-02
SCF Iteration 353: Energy = 6.6724079627136748 dE = -3.06465E-02
SCF Iteration 354: Energy = 6.7030544980065709 dE =  3.06465E-02
SCF Iteration 355: Energy = 6.6724079627136614 dE = -3.06465E-02
SCF Iteration 356: Energy = 6.7030544980065754 dE =  3.06465E-02
SCF Iteration 357: Energy = 6.6724079627136526 dE = -3.06465E-02
SCF Iteration 358: Energy = 6.7030544980065665 dE =  3.06465E-02
SCF Iteration 359: Energy = 6.6724079627136526 dE = -3.06465E-02
SCF Iteration 360: Energy = 6.7030544980065718 dE =  3.06465E-02
SCF Iteration 361: Energy = 6.6724079627136481 dE = -3.06465E-02
SCF Iteration 362: Energy = 6.7030544980065647 dE =  3.06465E-02
SCF Iteration 363: Energy = 6.6724079627136463 dE = -3.06465E-02
SCF Iteration 364: Energy = 6.7030544980065629 dE =  3.06465E-02
SCF Iteration 365: Energy = 6.6724079627136375 dE = -3.06465E-02
SCF Iteration 366: Energy = 6.7030544980065629 dE =  3.06465E-02
SCF Iteration 367: Energy = 6.6724079627136357 dE = -3.06465E-02
SCF Iteration 368: Energy = 6.7030544980065523 dE =  3.06465E-02
SCF Iteration 369: Energy = 6.6724079627136437 dE = -3.06465E-02
SCF Iteration 370: Energy = 6.7030544980065576 dE =  3.06465E-02
SCF Iteration 371: Energy = 6.6724079627136339 dE = -3.06465E-02
SCF Iteration 372: Energy = 6.7030544980065718 dE =  3.06465E-02
SCF Iteration 373: Energy = 6.6724079627136490 dE = -3.06465E-02
SCF Iteration 374: Energy = 6.7030544980065709 dE =  3.06465E-02
SCF Iteration 375: Energy = 6.6724079627136268 dE = -3.06465E-02
SCF Iteration 376: Energy = 6.7030544980065647 dE =  3.06465E-02
SCF Iteration 377: Energy = 6.6724079627136321 dE = -3.06465E-02
SCF Iteration 378: Energy = 6.7030544980065558 dE =  3.06465E-02
SCF Iteration 379: Energy = 6.6724079627136366 dE = -3.06465E-02
SCF Iteration 380: Energy = 6.7030544980065470 dE =  3.06465E-02
SCF Iteration 381: Energy = 6.6724079627136330 dE = -3.06465E-02
SCF Iteration 382: Energy = 6.7030544980065363 dE =  3.06465E-02
SCF Iteration 383: Energy = 6.6724079627136250 dE = -3.06465E-02
SCF Iteration 384: Energy = 6.7030544980065523 dE =  3.06465E-02
SCF Iteration 385: Energy = 6.6724079627136286 dE = -3.06465E-02
SCF Iteration 386: Energy = 6.7030544980065470 dE =  3.06465E-02
SCF Iteration 387: Energy = 6.6724079627136259 dE = -3.06465E-02
SCF Iteration 388: Energy = 6.7030544980065461 dE =  3.06465E-02
SCF Iteration 389: Energy = 6.6724079627136383 dE = -3.06465E-02
SCF Iteration 390: Energy = 6.7030544980065327 dE =  3.06465E-02
SCF Iteration 391: Energy = 6.6724079627136250 dE = -3.06465E-02
SCF Iteration 392: Energy = 6.7030544980065496 dE =  3.06465E-02
SCF Iteration 393: Energy = 6.6724079627136286 dE = -3.06465E-02
SCF Iteration 394: Energy = 6.7030544980065416 dE =  3.06465E-02
SCF Iteration 395: Energy = 6.6724079627136224 dE = -3.06465E-02
SCF Iteration 396: Energy = 6.7030544980065336 dE =  3.06465E-02
SCF Iteration 397: Energy = 6.6724079627136144 dE = -3.06465E-02
SCF Iteration 398: Energy = 6.7030544980065434 dE =  3.06465E-02
SCF Iteration 399: Energy = 6.6724079627136259 dE = -3.06465E-02
SCF Iteration 400: Energy = 6.7030544980065381 dE =  3.06465E-02
SCF Iteration 401: Energy = 6.6724079627136339 dE = -3.06465E-02
SCF Iteration 402: Energy = 6.7030544980065381 dE =  3.06465E-02
SCF Iteration 403: Energy = 6.6724079627136295 dE = -3.06465E-02
SCF Iteration 404: Energy = 6.7030544980065399 dE =  3.06465E-02
SCF Iteration 405: Energy = 6.6724079627136303 dE = -3.06465E-02
SCF Iteration 406: Energy = 6.7030544980065354 dE =  3.06465E-02
SCF Iteration 407: Energy = 6.6724079627136179 dE = -3.06465E-02
SCF Iteration 408: Energy = 6.7030544980065434 dE =  3.06465E-02
SCF Iteration 409: Energy = 6.6724079627136232 dE = -3.06465E-02
SCF Iteration 410: Energy = 6.7030544980065470 dE =  3.06465E-02
SCF Iteration 411: Energy = 6.6724079627136268 dE = -3.06465E-02
SCF Iteration 412: Energy = 6.7030544980065576 dE =  3.06465E-02
SCF Iteration 413: Energy = 6.6724079627136357 dE = -3.06465E-02
SCF Iteration 414: Energy = 6.7030544980065274 dE =  3.06465E-02
SCF Iteration 415: Energy = 6.6724079627136312 dE = -3.06465E-02
SCF Iteration 416: Energy = 6.7030544980065514 dE =  3.06465E-02
SCF Iteration 417: Energy = 6.6724079627136286 dE = -3.06465E-02
SCF Iteration 418: Energy = 6.7030544980065425 dE =  3.06465E-02
SCF Iteration 419: Energy = 6.6724079627136232 dE = -3.06465E-02
SCF Iteration 420: Energy = 6.7030544980065416 dE =  3.06465E-02
SCF Iteration 421: Energy = 6.6724079627136312 dE = -3.06465E-02
SCF Iteration 422: Energy = 6.7030544980065505 dE =  3.06465E-02
SCF Iteration 423: Energy = 6.6724079627136321 dE = -3.06465E-02
SCF Iteration 424: Energy = 6.7030544980065452 dE =  3.06465E-02
SCF Iteration 425: Energy = 6.6724079627136366 dE = -3.06465E-02
SCF Iteration 426: Energy = 6.7030544980065443 dE =  3.06465E-02
SCF Iteration 427: Energy = 6.6724079627136357 dE = -3.06465E-02
SCF Iteration 428: Energy = 6.7030544980065425 dE =  3.06465E-02
SCF Iteration 429: Energy = 6.6724079627136339 dE = -3.06465E-02
SCF Iteration 430: Energy = 6.7030544980065550 dE =  3.06465E-02
SCF Iteration 431: Energy = 6.6724079627136268 dE = -3.06465E-02
SCF Iteration 432: Energy = 6.7030544980065496 dE =  3.06465E-02
SCF Iteration 433: Energy = 6.6724079627136357 dE = -3.06465E-02
SCF Iteration 434: Energy = 6.7030544980065532 dE =  3.06465E-02
SCF Iteration 435: Energy = 6.6724079627136295 dE = -3.06465E-02
SCF Iteration 436: Energy = 6.7030544980065390 dE =  3.06465E-02
SCF Iteration 437: Energy = 6.6724079627136410 dE = -3.06465E-02
SCF Iteration 438: Energy = 6.7030544980065399 dE =  3.06465E-02
SCF Iteration 439: Energy = 6.6724079627136286 dE = -3.06465E-02
SCF Iteration 440: Energy = 6.7030544980065523 dE =  3.06465E-02
SCF Iteration 441: Energy = 6.6724079627136410 dE = -3.06465E-02
SCF Iteration 442: Energy = 6.7030544980065514 dE =  3.06465E-02
SCF Iteration 443: Energy = 6.6724079627136366 dE = -3.06465E-02
SCF Iteration 444: Energy = 6.7030544980065434 dE =  3.06465E-02
SCF Iteration 445: Energy = 6.6724079627136286 dE = -3.06465E-02
SCF Iteration 446: Energy = 6.7030544980065363 dE =  3.06465E-02
SCF Iteration 447: Energy = 6.6724079627136232 dE = -3.06465E-02
SCF Iteration 448: Energy = 6.7030544980065434 dE =  3.06465E-02
SCF Iteration 449: Energy = 6.6724079627136215 dE = -3.06465E-02
SCF Iteration 450: Energy = 6.7030544980065363 dE =  3.06465E-02
SCF Iteration 451: Energy = 6.6724079627136339 dE = -3.06465E-02
SCF Iteration 452: Energy = 6.7030544980065416 dE =  3.06465E-02
SCF Iteration 453: Energy = 6.6724079627136303 dE = -3.06465E-02
SCF Iteration 454: Energy = 6.7030544980065434 dE =  3.06465E-02
SCF Iteration 455: Energy = 6.6724079627136197 dE = -3.06465E-02
SCF Iteration 456: Energy = 6.7030544980065523 dE =  3.06465E-02
SCF Iteration 457: Energy = 6.6724079627136303 dE = -3.06465E-02
SCF Iteration 458: Energy = 6.7030544980065541 dE =  3.06465E-02
SCF Iteration 459: Energy = 6.6724079627136366 dE = -3.06465E-02
SCF Iteration 460: Energy = 6.7030544980065558 dE =  3.06465E-02
SCF Iteration 461: Energy = 6.6724079627136348 dE = -3.06465E-02
SCF Iteration 462: Energy = 6.7030544980065470 dE =  3.06465E-02
SCF Iteration 463: Energy = 6.6724079627136188 dE = -3.06465E-02
SCF Iteration 464: Energy = 6.7030544980065310 dE =  3.06465E-02
SCF Iteration 465: Energy = 6.6724079627136268 dE = -3.06465E-02
SCF Iteration 466: Energy = 6.7030544980065541 dE =  3.06465E-02
SCF Iteration 467: Energy = 6.6724079627136295 dE = -3.06465E-02
SCF Iteration 468: Energy = 6.7030544980065470 dE =  3.06465E-02
SCF Iteration 469: Energy = 6.6724079627136481 dE = -3.06465E-02
SCF Iteration 470: Energy = 6.7030544980065416 dE =  3.06465E-02
SCF Iteration 471: Energy = 6.6724079627136454 dE = -3.06465E-02
SCF Iteration 472: Energy = 6.7030544980065523 dE =  3.06465E-02
SCF Iteration 473: Energy = 6.6724079627136383 dE = -3.06465E-02
SCF Iteration 474: Energy = 6.7030544980065576 dE =  3.06465E-02
SCF Iteration 475: Energy = 6.6724079627136312 dE = -3.06465E-02
SCF Iteration 476: Energy = 6.7030544980065461 dE =  3.06465E-02
SCF Iteration 477: Energy = 6.6724079627136268 dE = -3.06465E-02
SCF Iteration 478: Energy = 6.7030544980065558 dE =  3.06465E-02
SCF Iteration 479: Energy = 6.6724079627136268 dE = -3.06465E-02
SCF Iteration 480: Energy = 6.7030544980065541 dE =  3.06465E-02
SCF Iteration 481: Energy = 6.6724079627136339 dE = -3.06465E-02
SCF Iteration 482: Energy = 6.7030544980065434 dE =  3.06465E-02
SCF Iteration 483: Energy = 6.6724079627136339 dE = -3.06465E-02
SCF Iteration 484: Energy = 6.7030544980065487 dE =  3.06465E-02
SCF Iteration 485: Energy = 6.6724079627136277 dE = -3.06465E-02
SCF Iteration 486: Energy = 6.7030544980065363 dE =  3.06465E-02
SCF Iteration 487: Energy = 6.6724079627136179 dE = -3.06465E-02
SCF Iteration 488: Energy = 6.7030544980065576 dE =  3.06465E-02
SCF Iteration 489: Energy = 6.6724079627136366 dE = -3.06465E-02
SCF Iteration 490: Energy = 6.7030544980065470 dE =  3.06465E-02
SCF Iteration 491: Energy = 6.6724079627136419 dE = -3.06465E-02
SCF Iteration 492: Energy = 6.7030544980065594 dE =  3.06465E-02
SCF Iteration 493: Energy = 6.6724079627136321 dE = -3.06465E-02
SCF Iteration 494: Energy = 6.7030544980065558 dE =  3.06465E-02
SCF Iteration 495: Energy = 6.6724079627136197 dE = -3.06465E-02
SCF Iteration 496: Energy = 6.7030544980065372 dE =  3.06465E-02
SCF Iteration 497: Energy = 6.6724079627136286 dE = -3.06465E-02
SCF Iteration 498: Energy = 6.7030544980065416 dE =  3.06465E-02
SCF Iteration 499: Energy = 6.6724079627136303 dE = -3.06465E-02
SCF Iteration 500: Energy = 6.7030544980065487 dE =  3.06465E-02
