
  Memory set to  55.879 GiB by Python driver.
  Threads set to 1 by Python driver.
Settings:
	LOT = CCSD-S2-U22
	wc = 20.0 eV
	lambda = [1.212424 0.       0.      ] a.u.
	Equivalent A0 = LAMBDA / sqrt(2 wc) = [1. 0. 0.])
doing QED-CCSD-Full (or QED-CCSD-22)
Number of occupied orbitals:   1
Number of basis functions:  60
SCF Iteration   1: Energy = 0.7940905859462004 dE =  7.94091E-01
SCF Iteration   2: Energy = -0.1299437480738098 dE = -9.24034E-01
SCF Iteration   3: Energy = -0.1361656580973893 dE = -6.22191E-03
SCF Iteration   4: Energy = -0.1362708404250602 dE = -1.05182E-04
SCF Iteration   5: Energy = -0.1362734185202810 dE = -2.57810E-06
SCF Iteration   6: Energy = -0.1362734944808096 dE = -7.59605E-08
SCF Iteration   7: Energy = -0.1362734969327681 dE = -2.45196E-09
SCF Iteration   8: Energy = -0.1362734970153012 dE = -8.25331E-11

SCF converged.
E_QED_HF          = -0.136273497015301
HF  (psi4)        = -1.115202577378506
Starting with the CCSD calculation:

Iter  Energy(CCSD)      E_diff    time(sec)
  1:  -0.5515450463  5.51545E-01   19.085
  2:  -0.5111211921  4.04239E-02   19.089
  3:  -0.5190685308  7.94734E-03   19.081
  4:  -0.5454037207  2.63352E-02   19.085
  5:  -0.5597163522  1.43126E-02   19.086
  6:  -0.5594466984  2.69654E-04   19.068
  7:  -0.5633362531  3.88955E-03   19.081
  8:  -0.5672718822  3.93563E-03   19.064
  9:  -0.5681661008  8.94219E-04   19.076
 10:  -0.5689445879  7.78487E-04   19.071
 11:  -0.5692471520  3.02564E-04   19.072
 12:  -0.5693684233  1.21271E-04   19.076
 13:  -0.5694263558  5.79326E-05   19.074
 14:  -0.5694193456  7.01027E-06   19.080
 15:  -0.5694220063  2.66077E-06   19.070
 16:  -0.5694119185  1.00879E-05   19.070
 17:  -0.5694075623  4.35618E-06   19.072
 18:  -0.5694064504  1.11191E-06   19.075
 19:  -0.5694065262  7.57884E-08   19.068
 20:  -0.5694065591  3.28732E-08   19.075
 21:  -0.5694065647  5.65985E-09   19.082
E_QED_CCSD  (Corr.)  = -0.569406564713434
E_QED_CCSD tot       = -0.705680061728736
E_CCSD_psi4 (Corr.)  = -0.043110722007869
E_CCSD_psi4 tot      = -1.158313299386376
