
  Memory set to  55.879 GiB by Python driver.
  Threads set to 1 by Python driver.
Settings:
	LOT = CCSD-S2-U22
	wc = 20.0 eV
	lambda = [1.212424 0.       0.      ] a.u.
	Equivalent A0 = LAMBDA / sqrt(2 wc) = [1. 0. 0.])
doing QED-CCSD-Full (or QED-CCSD-22)
Number of occupied orbitals:   1
Number of basis functions:  60
SCF Iteration   1: Energy = 4.2741300350734566 dE =  4.27413E+00
SCF Iteration   2: Energy = 4.9463175398095887 dE =  6.72188E-01
SCF Iteration   3: Energy = 4.4136539937061388 dE = -5.32664E-01
SCF Iteration   4: Energy = 4.8080443445916732 dE =  3.94390E-01
SCF Iteration   5: Energy = 4.4603423053904319 dE = -3.47702E-01
SCF Iteration   6: Energy = 4.7718343605537497 dE =  3.11492E-01
SCF Iteration   7: Energy = 4.4702980897918279 dE = -3.01536E-01
SCF Iteration   8: Energy = 4.7540653378317792 dE =  2.83767E-01
SCF Iteration   9: Energy = 4.4670790104208287 dE = -2.86986E-01
SCF Iteration  10: Energy = 4.7408776877191396 dE =  2.73799E-01
SCF Iteration  11: Energy = 4.4592086393787405 dE = -2.81669E-01
SCF Iteration  12: Energy = 4.7298468700532101 dE =  2.70638E-01
SCF Iteration  13: Energy = 4.4503076548722680 dE = -2.79539E-01
SCF Iteration  14: Energy = 4.7205447162055663 dE =  2.70237E-01
SCF Iteration  15: Energy = 4.4418776238433981 dE = -2.78667E-01
SCF Iteration  16: Energy = 4.7128135126652406 dE =  2.70936E-01
SCF Iteration  17: Energy = 4.4344734719766867 dE = -2.78340E-01
SCF Iteration  18: Energy = 4.7064868211175330 dE =  2.72013E-01
SCF Iteration  19: Energy = 4.4282261505632423 dE = -2.78261E-01
SCF Iteration  20: Energy = 4.7013741434658396 dE =  2.73148E-01
SCF Iteration  21: Energy = 4.4230812016021339 dE = -2.78293E-01
SCF Iteration  22: Energy = 4.6972818447567066 dE =  2.74201E-01
SCF Iteration  23: Energy = 4.4189108060787046 dE = -2.78371E-01
SCF Iteration  24: Energy = 4.6940296562932406 dE =  2.75119E-01
SCF Iteration  25: Energy = 4.4155671171607649 dE = -2.78463E-01
SCF Iteration  26: Energy = 4.6914589214000655 dE =  2.75892E-01
SCF Iteration  27: Energy = 4.4129070651380200 dE = -2.78552E-01
SCF Iteration  28: Energy = 4.6894350059618031 dE =  2.76528E-01
SCF Iteration  29: Energy = 4.4108028734187394 dE = -2.78632E-01
SCF Iteration  30: Energy = 4.6878464219862206 dE =  2.77044E-01
SCF Iteration  31: Energy = 4.4091453873107920 dE = -2.78701E-01
SCF Iteration  32: Energy = 4.6866023953733835 dE =  2.77457E-01
SCF Iteration  33: Energy = 4.4078438948726806 dE = -2.78759E-01
SCF Iteration  34: Energy = 4.6856298961912675 dE =  2.77786E-01
SCF Iteration  35: Energy = 4.4068243759977967 dE = -2.78806E-01
SCF Iteration  36: Energy = 4.6848706751996367 dE =  2.78046E-01
SCF Iteration  37: Energy = 4.4060271910925319 dE = -2.78843E-01
SCF Iteration  38: Energy = 4.6842785654751342 dE =  2.78251E-01
SCF Iteration  39: Energy = 4.4054047199370334 dE = -2.78874E-01
SCF Iteration  40: Energy = 4.6838171477115047 dE =  2.78412E-01
SCF Iteration  41: Energy = 4.4049191894471633 dE = -2.78898E-01
SCF Iteration  42: Energy = 4.6834577930710921 dE =  2.78539E-01
SCF Iteration  43: Energy = 4.4045407835266461 dE = -2.78917E-01
SCF Iteration  44: Energy = 4.6831780564593402 dE =  2.78637E-01
SCF Iteration  45: Energy = 4.4042460529202900 dE = -2.78932E-01
SCF Iteration  46: Energy = 4.6829603763467755 dE =  2.78714E-01
SCF Iteration  47: Energy = 4.4040166065855821 dE = -2.78944E-01
SCF Iteration  48: Energy = 4.6827910333649259 dE =  2.78774E-01
SCF Iteration  49: Energy = 4.4038380508733326 dE = -2.78953E-01
SCF Iteration  50: Energy = 4.6826593223459447 dE =  2.78821E-01
SCF Iteration  51: Energy = 4.4036991387343374 dE = -2.78960E-01
SCF Iteration  52: Energy = 4.6825568976558012 dE =  2.78858E-01
SCF Iteration  53: Energy = 4.4035910926387380 dE = -2.78966E-01
SCF Iteration  54: Energy = 4.6824772576625833 dE =  2.78886E-01
SCF Iteration  55: Energy = 4.4035070688098692 dE = -2.78970E-01
SCF Iteration  56: Energy = 4.6824153400180926 dE =  2.78908E-01
SCF Iteration  57: Energy = 4.4034417350828843 dE = -2.78974E-01
SCF Iteration  58: Energy = 4.6823672046742031 dE =  2.78925E-01
SCF Iteration  59: Energy = 4.4033909393573518 dE = -2.78976E-01
SCF Iteration  60: Energy = 4.6823297860562754 dE =  2.78939E-01
SCF Iteration  61: Energy = 4.4033514498351725 dE = -2.78978E-01
SCF Iteration  62: Energy = 4.6823006995688026 dE =  2.78949E-01
SCF Iteration  63: Energy = 4.4033207518787592 dE = -2.78980E-01
SCF Iteration  64: Energy = 4.6822780906797519 dE =  2.78957E-01
SCF Iteration  65: Energy = 4.4032968893732178 dE = -2.78981E-01
SCF Iteration  66: Energy = 4.6822605173082943 dE =  2.78964E-01
SCF Iteration  67: Energy = 4.4032783409778453 dE = -2.78982E-01
SCF Iteration  68: Energy = 4.6822468582235661 dE =  2.78969E-01
SCF Iteration  69: Energy = 4.4032639236743858 dE = -2.78983E-01
SCF Iteration  70: Energy = 4.6822362417359082 dE =  2.78972E-01
SCF Iteration  71: Energy = 4.4032527176395906 dE = -2.78984E-01
SCF Iteration  72: Energy = 4.6822279902055106 dE =  2.78975E-01
SCF Iteration  73: Energy = 4.4032440077564816 dE = -2.78984E-01
SCF Iteration  74: Energy = 4.6822215768724327 dE =  2.78978E-01
SCF Iteration  75: Energy = 4.4032372380970060 dE = -2.78984E-01
SCF Iteration  76: Energy = 4.6822165922792713 dE =  2.78979E-01
SCF Iteration  77: Energy = 4.4032319765097689 dE = -2.78985E-01
SCF Iteration  78: Energy = 4.6822127181596453 dE =  2.78981E-01
SCF Iteration  79: Energy = 4.4032278870757011 dE = -2.78985E-01
SCF Iteration  80: Energy = 4.6822097071349980 dE =  2.78982E-01
SCF Iteration  81: Energy = 4.4032247086876604 dE = -2.78985E-01
SCF Iteration  82: Energy = 4.6822073669293083 dE =  2.78983E-01
SCF Iteration  83: Energy = 4.4032222383944308 dE = -2.78985E-01
SCF Iteration  84: Energy = 4.6822055480975555 dE =  2.78983E-01
SCF Iteration  85: Energy = 4.4032203184508614 dE = -2.78985E-01
SCF Iteration  86: Energy = 4.6822041344860024 dE =  2.78984E-01
SCF Iteration  87: Energy = 4.4032188262504626 dE = -2.78985E-01
SCF Iteration  88: Energy = 4.6822030358168725 dE =  2.78984E-01
SCF Iteration  89: Energy = 4.4032176664992049 dE = -2.78985E-01
SCF Iteration  90: Energy = 4.6822021819243957 dE =  2.78985E-01
SCF Iteration  91: Energy = 4.4032167651319121 dE = -2.78985E-01
SCF Iteration  92: Energy = 4.6822015182745442 dE =  2.78985E-01
SCF Iteration  93: Energy = 4.4032160645835123 dE = -2.78985E-01
SCF Iteration  94: Energy = 4.6822010024826737 dE =  2.78985E-01
SCF Iteration  95: Energy = 4.4032155201134158 dE = -2.78985E-01
SCF Iteration  96: Energy = 4.6822006016069935 dE =  2.78985E-01
SCF Iteration  97: Energy = 4.4032150969485730 dE = -2.78986E-01
SCF Iteration  98: Energy = 4.6822002900448041 dE =  2.78985E-01
SCF Iteration  99: Energy = 4.4032147680629823 dE = -2.78986E-01
SCF Iteration 100: Energy = 4.6822000478975170 dE =  2.78985E-01
SCF Iteration 101: Energy = 4.4032145124517763 dE = -2.78986E-01
SCF Iteration 102: Energy = 4.6821998596998045 dE =  2.78985E-01
SCF Iteration 103: Energy = 4.4032143137897926 dE = -2.78986E-01
SCF Iteration 104: Energy = 4.6821997134319266 dE =  2.78985E-01
SCF Iteration 105: Energy = 4.4032141593889929 dE = -2.78986E-01
SCF Iteration 106: Energy = 4.6821995997520593 dE =  2.78985E-01
SCF Iteration 107: Energy = 4.4032140393881827 dE = -2.78986E-01
SCF Iteration 108: Energy = 4.6821995113997161 dE =  2.78985E-01
SCF Iteration 109: Energy = 4.4032139461231790 dE = -2.78986E-01
SCF Iteration 110: Energy = 4.6821994427320099 dE =  2.78985E-01
SCF Iteration 111: Energy = 4.4032138736373074 dE = -2.78986E-01
SCF Iteration 112: Energy = 4.6821993893632685 dE =  2.78986E-01
SCF Iteration 113: Energy = 4.4032138173010749 dE = -2.78986E-01
SCF Iteration 114: Energy = 4.6821993478849215 dE =  2.78986E-01
SCF Iteration 115: Energy = 4.4032137735163825 dE = -2.78986E-01
SCF Iteration 116: Energy = 4.6821993156478410 dE =  2.78986E-01
SCF Iteration 117: Energy = 4.4032137394868016 dE = -2.78986E-01
SCF Iteration 118: Energy = 4.6821992905930827 dE =  2.78986E-01
SCF Iteration 119: Energy = 4.4032137130389177 dE = -2.78986E-01
SCF Iteration 120: Energy = 4.6821992711204601 dE =  2.78986E-01
SCF Iteration 121: Energy = 4.4032136924835381 dE = -2.78986E-01
SCF Iteration 122: Energy = 4.6821992559862817 dE =  2.78986E-01
SCF Iteration 123: Energy = 4.4032136765078427 dE = -2.78986E-01
SCF Iteration 124: Energy = 4.6821992442239608 dE =  2.78986E-01
SCF Iteration 125: Energy = 4.4032136640914956 dE = -2.78986E-01
SCF Iteration 126: Energy = 4.6821992350822468 dE =  2.78986E-01
SCF Iteration 127: Energy = 4.4032136544414726 dE = -2.78986E-01
SCF Iteration 128: Energy = 4.6821992279772786 dE =  2.78986E-01
SCF Iteration 129: Energy = 4.4032136469414453 dE = -2.78986E-01
SCF Iteration 130: Energy = 4.6821992224552798 dE =  2.78986E-01
SCF Iteration 131: Energy = 4.4032136411124059 dE = -2.78986E-01
SCF Iteration 132: Energy = 4.6821992181635697 dE =  2.78986E-01
SCF Iteration 133: Energy = 4.4032136365820547 dE = -2.78986E-01
SCF Iteration 134: Energy = 4.6821992148280458 dE =  2.78986E-01
SCF Iteration 135: Energy = 4.4032136330610534 dE = -2.78986E-01
SCF Iteration 136: Energy = 4.6821992122356555 dE =  2.78986E-01
SCF Iteration 137: Energy = 4.4032136303245260 dE = -2.78986E-01
SCF Iteration 138: Energy = 4.6821992102208476 dE =  2.78986E-01
SCF Iteration 139: Energy = 4.4032136281976886 dE = -2.78986E-01
SCF Iteration 140: Energy = 4.6821992086549322 dE =  2.78986E-01
SCF Iteration 141: Energy = 4.4032136265446997 dE = -2.78986E-01
SCF Iteration 142: Energy = 4.6821992074379049 dE =  2.78986E-01
SCF Iteration 143: Energy = 4.4032136252599976 dE = -2.78986E-01
SCF Iteration 144: Energy = 4.6821992064920197 dE =  2.78986E-01
SCF Iteration 145: Energy = 4.4032136242615207 dE = -2.78986E-01
SCF Iteration 146: Energy = 4.6821992057568798 dE =  2.78986E-01
SCF Iteration 147: Energy = 4.4032136234855059 dE = -2.78986E-01
SCF Iteration 148: Energy = 4.6821992051855226 dE =  2.78986E-01
SCF Iteration 149: Energy = 4.4032136228823768 dE = -2.78986E-01
SCF Iteration 150: Energy = 4.6821992047414653 dE =  2.78986E-01
SCF Iteration 151: Energy = 4.4032136224136309 dE = -2.78986E-01
SCF Iteration 152: Energy = 4.6821992043963387 dE =  2.78986E-01
SCF Iteration 153: Energy = 4.4032136220493143 dE = -2.78986E-01
SCF Iteration 154: Energy = 4.6821992041281080 dE =  2.78986E-01
SCF Iteration 155: Energy = 4.4032136217661684 dE = -2.78986E-01
SCF Iteration 156: Energy = 4.6821992039196427 dE =  2.78986E-01
SCF Iteration 157: Energy = 4.4032136215461151 dE = -2.78986E-01
SCF Iteration 158: Energy = 4.6821992037576212 dE =  2.78986E-01
SCF Iteration 159: Energy = 4.4032136213750839 dE = -2.78986E-01
SCF Iteration 160: Energy = 4.6821992036316917 dE =  2.78986E-01
SCF Iteration 161: Energy = 4.4032136212421467 dE = -2.78986E-01
SCF Iteration 162: Energy = 4.6821992035338322 dE =  2.78986E-01
SCF Iteration 163: Energy = 4.4032136211388453 dE = -2.78986E-01
SCF Iteration 164: Energy = 4.6821992034577615 dE =  2.78986E-01
SCF Iteration 165: Energy = 4.4032136210585495 dE = -2.78986E-01
SCF Iteration 166: Energy = 4.6821992033986426 dE =  2.78986E-01
SCF Iteration 167: Energy = 4.4032136209961470 dE = -2.78986E-01
SCF Iteration 168: Energy = 4.6821992033527025 dE =  2.78986E-01
SCF Iteration 169: Energy = 4.4032136209476596 dE = -2.78986E-01
SCF Iteration 170: Energy = 4.6821992033169932 dE =  2.78986E-01
SCF Iteration 171: Energy = 4.4032136209099599 dE = -2.78986E-01
SCF Iteration 172: Energy = 4.6821992032892394 dE =  2.78986E-01
SCF Iteration 173: Energy = 4.4032136208806705 dE = -2.78986E-01
SCF Iteration 174: Energy = 4.6821992032676754 dE =  2.78986E-01
SCF Iteration 175: Energy = 4.4032136208578976 dE = -2.78986E-01
SCF Iteration 176: Energy = 4.6821992032509145 dE =  2.78986E-01
SCF Iteration 177: Energy = 4.4032136208401935 dE = -2.78986E-01
SCF Iteration 178: Energy = 4.6821992032378770 dE =  2.78986E-01
SCF Iteration 179: Energy = 4.4032136208264347 dE = -2.78986E-01
SCF Iteration 180: Energy = 4.6821992032277500 dE =  2.78986E-01
SCF Iteration 181: Energy = 4.4032136208157517 dE = -2.78986E-01
SCF Iteration 182: Energy = 4.6821992032198834 dE =  2.78986E-01
SCF Iteration 183: Energy = 4.4032136208074437 dE = -2.78986E-01
SCF Iteration 184: Energy = 4.6821992032137700 dE =  2.78986E-01
SCF Iteration 185: Energy = 4.4032136208009884 dE = -2.78986E-01
SCF Iteration 186: Energy = 4.6821992032090165 dE =  2.78986E-01
SCF Iteration 187: Energy = 4.4032136207959729 dE = -2.78986E-01
SCF Iteration 188: Energy = 4.6821992032053190 dE =  2.78986E-01
SCF Iteration 189: Energy = 4.4032136207920756 dE = -2.78986E-01
SCF Iteration 190: Energy = 4.6821992032024475 dE =  2.78986E-01
SCF Iteration 191: Energy = 4.4032136207890398 dE = -2.78986E-01
SCF Iteration 192: Energy = 4.6821992032002173 dE =  2.78986E-01
SCF Iteration 193: Energy = 4.4032136207866799 dE = -2.78986E-01
SCF Iteration 194: Energy = 4.6821992031984792 dE =  2.78986E-01
SCF Iteration 195: Energy = 4.4032136207848520 dE = -2.78986E-01
SCF Iteration 196: Energy = 4.6821992031971309 dE =  2.78986E-01
SCF Iteration 197: Energy = 4.4032136207834247 dE = -2.78986E-01
SCF Iteration 198: Energy = 4.6821992031960802 dE =  2.78986E-01
SCF Iteration 199: Energy = 4.4032136207823145 dE = -2.78986E-01
SCF Iteration 200: Energy = 4.6821992031952675 dE =  2.78986E-01
SCF Iteration 201: Energy = 4.4032136207814592 dE = -2.78986E-01
SCF Iteration 202: Energy = 4.6821992031946333 dE =  2.78986E-01
SCF Iteration 203: Energy = 4.4032136207807904 dE = -2.78986E-01
SCF Iteration 204: Energy = 4.6821992031941395 dE =  2.78986E-01
SCF Iteration 205: Energy = 4.4032136207802708 dE = -2.78986E-01
SCF Iteration 206: Energy = 4.6821992031937576 dE =  2.78986E-01
SCF Iteration 207: Energy = 4.4032136207798640 dE = -2.78986E-01
SCF Iteration 208: Energy = 4.6821992031934565 dE =  2.78986E-01
SCF Iteration 209: Energy = 4.4032136207795514 dE = -2.78986E-01
SCF Iteration 210: Energy = 4.6821992031932211 dE =  2.78986E-01
SCF Iteration 211: Energy = 4.4032136207792991 dE = -2.78986E-01
SCF Iteration 212: Energy = 4.6821992031930506 dE =  2.78986E-01
SCF Iteration 213: Energy = 4.4032136207791126 dE = -2.78986E-01
SCF Iteration 214: Energy = 4.6821992031929121 dE =  2.78986E-01
SCF Iteration 215: Energy = 4.4032136207789669 dE = -2.78986E-01
SCF Iteration 216: Energy = 4.6821992031928010 dE =  2.78986E-01
SCF Iteration 217: Energy = 4.4032136207788515 dE = -2.78986E-01
SCF Iteration 218: Energy = 4.6821992031927229 dE =  2.78986E-01
SCF Iteration 219: Energy = 4.4032136207787680 dE = -2.78986E-01
SCF Iteration 220: Energy = 4.6821992031926492 dE =  2.78986E-01
SCF Iteration 221: Energy = 4.4032136207786934 dE = -2.78986E-01
SCF Iteration 222: Energy = 4.6821992031925959 dE =  2.78986E-01
SCF Iteration 223: Energy = 4.4032136207786419 dE = -2.78986E-01
SCF Iteration 224: Energy = 4.6821992031925550 dE =  2.78986E-01
SCF Iteration 225: Energy = 4.4032136207785948 dE = -2.78986E-01
SCF Iteration 226: Energy = 4.6821992031925284 dE =  2.78986E-01
SCF Iteration 227: Energy = 4.4032136207785726 dE = -2.78986E-01
SCF Iteration 228: Energy = 4.6821992031925070 dE =  2.78986E-01
SCF Iteration 229: Energy = 4.4032136207785459 dE = -2.78986E-01
SCF Iteration 230: Energy = 4.6821992031924893 dE =  2.78986E-01
SCF Iteration 231: Energy = 4.4032136207785229 dE = -2.78986E-01
SCF Iteration 232: Energy = 4.6821992031924768 dE =  2.78986E-01
SCF Iteration 233: Energy = 4.4032136207785086 dE = -2.78986E-01
SCF Iteration 234: Energy = 4.6821992031924644 dE =  2.78986E-01
SCF Iteration 235: Energy = 4.4032136207784989 dE = -2.78986E-01
SCF Iteration 236: Energy = 4.6821992031924555 dE =  2.78986E-01
SCF Iteration 237: Energy = 4.4032136207784847 dE = -2.78986E-01
SCF Iteration 238: Energy = 4.6821992031924440 dE =  2.78986E-01
SCF Iteration 239: Energy = 4.4032136207784793 dE = -2.78986E-01
SCF Iteration 240: Energy = 4.6821992031924431 dE =  2.78986E-01
SCF Iteration 241: Energy = 4.4032136207784749 dE = -2.78986E-01
SCF Iteration 242: Energy = 4.6821992031924307 dE =  2.78986E-01
SCF Iteration 243: Energy = 4.4032136207784589 dE = -2.78986E-01
SCF Iteration 244: Energy = 4.6821992031924262 dE =  2.78986E-01
SCF Iteration 245: Energy = 4.4032136207784580 dE = -2.78986E-01
SCF Iteration 246: Energy = 4.6821992031924307 dE =  2.78986E-01
SCF Iteration 247: Energy = 4.4032136207784633 dE = -2.78986E-01
SCF Iteration 248: Energy = 4.6821992031924253 dE =  2.78986E-01
SCF Iteration 249: Energy = 4.4032136207784607 dE = -2.78986E-01
SCF Iteration 250: Energy = 4.6821992031924182 dE =  2.78986E-01
SCF Iteration 251: Energy = 4.4032136207784598 dE = -2.78986E-01
SCF Iteration 252: Energy = 4.6821992031924164 dE =  2.78986E-01
SCF Iteration 253: Energy = 4.4032136207784536 dE = -2.78986E-01
SCF Iteration 254: Energy = 4.6821992031924271 dE =  2.78986E-01
SCF Iteration 255: Energy = 4.4032136207784625 dE = -2.78986E-01
SCF Iteration 256: Energy = 4.6821992031924253 dE =  2.78986E-01
SCF Iteration 257: Energy = 4.4032136207784642 dE = -2.78986E-01
SCF Iteration 258: Energy = 4.6821992031924218 dE =  2.78986E-01
SCF Iteration 259: Energy = 4.4032136207784571 dE = -2.78986E-01
SCF Iteration 260: Energy = 4.6821992031924218 dE =  2.78986E-01
SCF Iteration 261: Energy = 4.4032136207784518 dE = -2.78986E-01
SCF Iteration 262: Energy = 4.6821992031924236 dE =  2.78986E-01
SCF Iteration 263: Energy = 4.4032136207784518 dE = -2.78986E-01
SCF Iteration 264: Energy = 4.6821992031924164 dE =  2.78986E-01
SCF Iteration 265: Energy = 4.4032136207784589 dE = -2.78986E-01
SCF Iteration 266: Energy = 4.6821992031924289 dE =  2.78986E-01
SCF Iteration 267: Energy = 4.4032136207784625 dE = -2.78986E-01
SCF Iteration 268: Energy = 4.6821992031924271 dE =  2.78986E-01
SCF Iteration 269: Energy = 4.4032136207784571 dE = -2.78986E-01
SCF Iteration 270: Energy = 4.6821992031924218 dE =  2.78986E-01
SCF Iteration 271: Energy = 4.4032136207784642 dE = -2.78986E-01
SCF Iteration 272: Energy = 4.6821992031924218 dE =  2.78986E-01
SCF Iteration 273: Energy = 4.4032136207784607 dE = -2.78986E-01
SCF Iteration 274: Energy = 4.6821992031924253 dE =  2.78986E-01
SCF Iteration 275: Energy = 4.4032136207784660 dE = -2.78986E-01
SCF Iteration 276: Energy = 4.6821992031924227 dE =  2.78986E-01
SCF Iteration 277: Energy = 4.4032136207784713 dE = -2.78986E-01
SCF Iteration 278: Energy = 4.6821992031924307 dE =  2.78986E-01
SCF Iteration 279: Energy = 4.4032136207784625 dE = -2.78986E-01
SCF Iteration 280: Energy = 4.6821992031924236 dE =  2.78986E-01
SCF Iteration 281: Energy = 4.4032136207784509 dE = -2.78986E-01
SCF Iteration 282: Energy = 4.6821992031924236 dE =  2.78986E-01
SCF Iteration 283: Energy = 4.4032136207784571 dE = -2.78986E-01
SCF Iteration 284: Energy = 4.6821992031924191 dE =  2.78986E-01
SCF Iteration 285: Energy = 4.4032136207784518 dE = -2.78986E-01
SCF Iteration 286: Energy = 4.6821992031924173 dE =  2.78986E-01
SCF Iteration 287: Energy = 4.4032136207784589 dE = -2.78986E-01
SCF Iteration 288: Energy = 4.6821992031924200 dE =  2.78986E-01
SCF Iteration 289: Energy = 4.4032136207784571 dE = -2.78986E-01
SCF Iteration 290: Energy = 4.6821992031924236 dE =  2.78986E-01
SCF Iteration 291: Energy = 4.4032136207784607 dE = -2.78986E-01
SCF Iteration 292: Energy = 4.6821992031924236 dE =  2.78986E-01
SCF Iteration 293: Energy = 4.4032136207784607 dE = -2.78986E-01
SCF Iteration 294: Energy = 4.6821992031924289 dE =  2.78986E-01
SCF Iteration 295: Energy = 4.4032136207784589 dE = -2.78986E-01
SCF Iteration 296: Energy = 4.6821992031924280 dE =  2.78986E-01
SCF Iteration 297: Energy = 4.4032136207784554 dE = -2.78986E-01
SCF Iteration 298: Energy = 4.6821992031924200 dE =  2.78986E-01
SCF Iteration 299: Energy = 4.4032136207784571 dE = -2.78986E-01
SCF Iteration 300: Energy = 4.6821992031924236 dE =  2.78986E-01
SCF Iteration 301: Energy = 4.4032136207784616 dE = -2.78986E-01
SCF Iteration 302: Energy = 4.6821992031924236 dE =  2.78986E-01
SCF Iteration 303: Energy = 4.4032136207784589 dE = -2.78986E-01
SCF Iteration 304: Energy = 4.6821992031924307 dE =  2.78986E-01
SCF Iteration 305: Energy = 4.4032136207784589 dE = -2.78986E-01
SCF Iteration 306: Energy = 4.6821992031924307 dE =  2.78986E-01
SCF Iteration 307: Energy = 4.4032136207784580 dE = -2.78986E-01
SCF Iteration 308: Energy = 4.6821992031924262 dE =  2.78986E-01
SCF Iteration 309: Energy = 4.4032136207784607 dE = -2.78986E-01
SCF Iteration 310: Energy = 4.6821992031924289 dE =  2.78986E-01
SCF Iteration 311: Energy = 4.4032136207784696 dE = -2.78986E-01
SCF Iteration 312: Energy = 4.6821992031924289 dE =  2.78986E-01
SCF Iteration 313: Energy = 4.4032136207784722 dE = -2.78986E-01
SCF Iteration 314: Energy = 4.6821992031924271 dE =  2.78986E-01
SCF Iteration 315: Energy = 4.4032136207784598 dE = -2.78986E-01
SCF Iteration 316: Energy = 4.6821992031924244 dE =  2.78986E-01
SCF Iteration 317: Energy = 4.4032136207784616 dE = -2.78986E-01
SCF Iteration 318: Energy = 4.6821992031924271 dE =  2.78986E-01
SCF Iteration 319: Energy = 4.4032136207784500 dE = -2.78986E-01
SCF Iteration 320: Energy = 4.6821992031924209 dE =  2.78986E-01
SCF Iteration 321: Energy = 4.4032136207784607 dE = -2.78986E-01
SCF Iteration 322: Energy = 4.6821992031924200 dE =  2.78986E-01
SCF Iteration 323: Energy = 4.4032136207784607 dE = -2.78986E-01
SCF Iteration 324: Energy = 4.6821992031924289 dE =  2.78986E-01
SCF Iteration 325: Energy = 4.4032136207784642 dE = -2.78986E-01
SCF Iteration 326: Energy = 4.6821992031924280 dE =  2.78986E-01
SCF Iteration 327: Energy = 4.4032136207784633 dE = -2.78986E-01
SCF Iteration 328: Energy = 4.6821992031924360 dE =  2.78986E-01
SCF Iteration 329: Energy = 4.4032136207784713 dE = -2.78986E-01
SCF Iteration 330: Energy = 4.6821992031924307 dE =  2.78986E-01
SCF Iteration 331: Energy = 4.4032136207784607 dE = -2.78986E-01
SCF Iteration 332: Energy = 4.6821992031924253 dE =  2.78986E-01
SCF Iteration 333: Energy = 4.4032136207784625 dE = -2.78986E-01
SCF Iteration 334: Energy = 4.6821992031924271 dE =  2.78986E-01
SCF Iteration 335: Energy = 4.4032136207784580 dE = -2.78986E-01
SCF Iteration 336: Energy = 4.6821992031924253 dE =  2.78986E-01
SCF Iteration 337: Energy = 4.4032136207784607 dE = -2.78986E-01
SCF Iteration 338: Energy = 4.6821992031924271 dE =  2.78986E-01
SCF Iteration 339: Energy = 4.4032136207784625 dE = -2.78986E-01
SCF Iteration 340: Energy = 4.6821992031924209 dE =  2.78986E-01
SCF Iteration 341: Energy = 4.4032136207784589 dE = -2.78986E-01
SCF Iteration 342: Energy = 4.6821992031924218 dE =  2.78986E-01
SCF Iteration 343: Energy = 4.4032136207784607 dE = -2.78986E-01
SCF Iteration 344: Energy = 4.6821992031924182 dE =  2.78986E-01
SCF Iteration 345: Energy = 4.4032136207784571 dE = -2.78986E-01
SCF Iteration 346: Energy = 4.6821992031924164 dE =  2.78986E-01
SCF Iteration 347: Energy = 4.4032136207784500 dE = -2.78986E-01
SCF Iteration 348: Energy = 4.6821992031924218 dE =  2.78986E-01
SCF Iteration 349: Energy = 4.4032136207784562 dE = -2.78986E-01
SCF Iteration 350: Energy = 4.6821992031924271 dE =  2.78986E-01
SCF Iteration 351: Energy = 4.4032136207784660 dE = -2.78986E-01
SCF Iteration 352: Energy = 4.6821992031924236 dE =  2.78986E-01
SCF Iteration 353: Energy = 4.4032136207784642 dE = -2.78986E-01
SCF Iteration 354: Energy = 4.6821992031924271 dE =  2.78986E-01
SCF Iteration 355: Energy = 4.4032136207784571 dE = -2.78986E-01
SCF Iteration 356: Energy = 4.6821992031924236 dE =  2.78986E-01
SCF Iteration 357: Energy = 4.4032136207784660 dE = -2.78986E-01
SCF Iteration 358: Energy = 4.6821992031924244 dE =  2.78986E-01
SCF Iteration 359: Energy = 4.4032136207784660 dE = -2.78986E-01
SCF Iteration 360: Energy = 4.6821992031924342 dE =  2.78986E-01
SCF Iteration 361: Energy = 4.4032136207784660 dE = -2.78986E-01
SCF Iteration 362: Energy = 4.6821992031924342 dE =  2.78986E-01
SCF Iteration 363: Energy = 4.4032136207784687 dE = -2.78986E-01
SCF Iteration 364: Energy = 4.6821992031924378 dE =  2.78986E-01
SCF Iteration 365: Energy = 4.4032136207784749 dE = -2.78986E-01
SCF Iteration 366: Energy = 4.6821992031924360 dE =  2.78986E-01
SCF Iteration 367: Energy = 4.4032136207784687 dE = -2.78986E-01
SCF Iteration 368: Energy = 4.6821992031924378 dE =  2.78986E-01
SCF Iteration 369: Energy = 4.4032136207784722 dE = -2.78986E-01
SCF Iteration 370: Energy = 4.6821992031924369 dE =  2.78986E-01
SCF Iteration 371: Energy = 4.4032136207784713 dE = -2.78986E-01
SCF Iteration 372: Energy = 4.6821992031924378 dE =  2.78986E-01
SCF Iteration 373: Energy = 4.4032136207784731 dE = -2.78986E-01
SCF Iteration 374: Energy = 4.6821992031924360 dE =  2.78986E-01
SCF Iteration 375: Energy = 4.4032136207784740 dE = -2.78986E-01
SCF Iteration 376: Energy = 4.6821992031924360 dE =  2.78986E-01
SCF Iteration 377: Energy = 4.4032136207784704 dE = -2.78986E-01
SCF Iteration 378: Energy = 4.6821992031924315 dE =  2.78986E-01
SCF Iteration 379: Energy = 4.4032136207784660 dE = -2.78986E-01
SCF Iteration 380: Energy = 4.6821992031924378 dE =  2.78986E-01
SCF Iteration 381: Energy = 4.4032136207784749 dE = -2.78986E-01
SCF Iteration 382: Energy = 4.6821992031924342 dE =  2.78986E-01
SCF Iteration 383: Energy = 4.4032136207784696 dE = -2.78986E-01
SCF Iteration 384: Energy = 4.6821992031924333 dE =  2.78986E-01
SCF Iteration 385: Energy = 4.4032136207784687 dE = -2.78986E-01
SCF Iteration 386: Energy = 4.6821992031924236 dE =  2.78986E-01
SCF Iteration 387: Energy = 4.4032136207784633 dE = -2.78986E-01
SCF Iteration 388: Energy = 4.6821992031924227 dE =  2.78986E-01
SCF Iteration 389: Energy = 4.4032136207784607 dE = -2.78986E-01
SCF Iteration 390: Energy = 4.6821992031924227 dE =  2.78986E-01
SCF Iteration 391: Energy = 4.4032136207784660 dE = -2.78986E-01
SCF Iteration 392: Energy = 4.6821992031924271 dE =  2.78986E-01
SCF Iteration 393: Energy = 4.4032136207784642 dE = -2.78986E-01
SCF Iteration 394: Energy = 4.6821992031924218 dE =  2.78986E-01
SCF Iteration 395: Energy = 4.4032136207784598 dE = -2.78986E-01
SCF Iteration 396: Energy = 4.6821992031924200 dE =  2.78986E-01
SCF Iteration 397: Energy = 4.4032136207784589 dE = -2.78986E-01
SCF Iteration 398: Energy = 4.6821992031924218 dE =  2.78986E-01
SCF Iteration 399: Energy = 4.4032136207784536 dE = -2.78986E-01
SCF Iteration 400: Energy = 4.6821992031924218 dE =  2.78986E-01
SCF Iteration 401: Energy = 4.4032136207784491 dE = -2.78986E-01
SCF Iteration 402: Energy = 4.6821992031924200 dE =  2.78986E-01
SCF Iteration 403: Energy = 4.4032136207784589 dE = -2.78986E-01
SCF Iteration 404: Energy = 4.6821992031924271 dE =  2.78986E-01
SCF Iteration 405: Energy = 4.4032136207784589 dE = -2.78986E-01
SCF Iteration 406: Energy = 4.6821992031924156 dE =  2.78986E-01
SCF Iteration 407: Energy = 4.4032136207784518 dE = -2.78986E-01
SCF Iteration 408: Energy = 4.6821992031924200 dE =  2.78986E-01
SCF Iteration 409: Energy = 4.4032136207784518 dE = -2.78986E-01
SCF Iteration 410: Energy = 4.6821992031924262 dE =  2.78986E-01
SCF Iteration 411: Energy = 4.4032136207784589 dE = -2.78986E-01
SCF Iteration 412: Energy = 4.6821992031924236 dE =  2.78986E-01
SCF Iteration 413: Energy = 4.4032136207784536 dE = -2.78986E-01
SCF Iteration 414: Energy = 4.6821992031924227 dE =  2.78986E-01
SCF Iteration 415: Energy = 4.4032136207784554 dE = -2.78986E-01
SCF Iteration 416: Energy = 4.6821992031924200 dE =  2.78986E-01
SCF Iteration 417: Energy = 4.4032136207784562 dE = -2.78986E-01
SCF Iteration 418: Energy = 4.6821992031924182 dE =  2.78986E-01
SCF Iteration 419: Energy = 4.4032136207784536 dE = -2.78986E-01
SCF Iteration 420: Energy = 4.6821992031924120 dE =  2.78986E-01
SCF Iteration 421: Energy = 4.4032136207784474 dE = -2.78986E-01
SCF Iteration 422: Energy = 4.6821992031924182 dE =  2.78986E-01
SCF Iteration 423: Energy = 4.4032136207784509 dE = -2.78986E-01
SCF Iteration 424: Energy = 4.6821992031924236 dE =  2.78986E-01
SCF Iteration 425: Energy = 4.4032136207784554 dE = -2.78986E-01
SCF Iteration 426: Energy = 4.6821992031924253 dE =  2.78986E-01
SCF Iteration 427: Energy = 4.4032136207784518 dE = -2.78986E-01
SCF Iteration 428: Energy = 4.6821992031924262 dE =  2.78986E-01
SCF Iteration 429: Energy = 4.4032136207784607 dE = -2.78986E-01
SCF Iteration 430: Energy = 4.6821992031924307 dE =  2.78986E-01
SCF Iteration 431: Energy = 4.4032136207784598 dE = -2.78986E-01
SCF Iteration 432: Energy = 4.6821992031924324 dE =  2.78986E-01
SCF Iteration 433: Energy = 4.4032136207784616 dE = -2.78986E-01
SCF Iteration 434: Energy = 4.6821992031924271 dE =  2.78986E-01
SCF Iteration 435: Energy = 4.4032136207784642 dE = -2.78986E-01
SCF Iteration 436: Energy = 4.6821992031924324 dE =  2.78986E-01
SCF Iteration 437: Energy = 4.4032136207784625 dE = -2.78986E-01
SCF Iteration 438: Energy = 4.6821992031924333 dE =  2.78986E-01
SCF Iteration 439: Energy = 4.4032136207784633 dE = -2.78986E-01
SCF Iteration 440: Energy = 4.6821992031924315 dE =  2.78986E-01
SCF Iteration 441: Energy = 4.4032136207784554 dE = -2.78986E-01
SCF Iteration 442: Energy = 4.6821992031924280 dE =  2.78986E-01
SCF Iteration 443: Energy = 4.4032136207784589 dE = -2.78986E-01
SCF Iteration 444: Energy = 4.6821992031924378 dE =  2.78986E-01
SCF Iteration 445: Energy = 4.4032136207784687 dE = -2.78986E-01
SCF Iteration 446: Energy = 4.6821992031924324 dE =  2.78986E-01
SCF Iteration 447: Energy = 4.4032136207784642 dE = -2.78986E-01
SCF Iteration 448: Energy = 4.6821992031924298 dE =  2.78986E-01
SCF Iteration 449: Energy = 4.4032136207784660 dE = -2.78986E-01
SCF Iteration 450: Energy = 4.6821992031924271 dE =  2.78986E-01
SCF Iteration 451: Energy = 4.4032136207784642 dE = -2.78986E-01
SCF Iteration 452: Energy = 4.6821992031924378 dE =  2.78986E-01
SCF Iteration 453: Energy = 4.4032136207784571 dE = -2.78986E-01
SCF Iteration 454: Energy = 4.6821992031924307 dE =  2.78986E-01
SCF Iteration 455: Energy = 4.4032136207784589 dE = -2.78986E-01
SCF Iteration 456: Energy = 4.6821992031924351 dE =  2.78986E-01
SCF Iteration 457: Energy = 4.4032136207784678 dE = -2.78986E-01
SCF Iteration 458: Energy = 4.6821992031924289 dE =  2.78986E-01
SCF Iteration 459: Energy = 4.4032136207784642 dE = -2.78986E-01
SCF Iteration 460: Energy = 4.6821992031924324 dE =  2.78986E-01
SCF Iteration 461: Energy = 4.4032136207784660 dE = -2.78986E-01
SCF Iteration 462: Energy = 4.6821992031924289 dE =  2.78986E-01
SCF Iteration 463: Energy = 4.4032136207784669 dE = -2.78986E-01
SCF Iteration 464: Energy = 4.6821992031924236 dE =  2.78986E-01
SCF Iteration 465: Energy = 4.4032136207784660 dE = -2.78986E-01
SCF Iteration 466: Energy = 4.6821992031924342 dE =  2.78986E-01
SCF Iteration 467: Energy = 4.4032136207784669 dE = -2.78986E-01
SCF Iteration 468: Energy = 4.6821992031924413 dE =  2.78986E-01
SCF Iteration 469: Energy = 4.4032136207784722 dE = -2.78986E-01
SCF Iteration 470: Energy = 4.6821992031924315 dE =  2.78986E-01
SCF Iteration 471: Energy = 4.4032136207784616 dE = -2.78986E-01
SCF Iteration 472: Energy = 4.6821992031924289 dE =  2.78986E-01
SCF Iteration 473: Energy = 4.4032136207784580 dE = -2.78986E-01
SCF Iteration 474: Energy = 4.6821992031924271 dE =  2.78986E-01
SCF Iteration 475: Energy = 4.4032136207784633 dE = -2.78986E-01
SCF Iteration 476: Energy = 4.6821992031924271 dE =  2.78986E-01
SCF Iteration 477: Energy = 4.4032136207784607 dE = -2.78986E-01
SCF Iteration 478: Energy = 4.6821992031924236 dE =  2.78986E-01
SCF Iteration 479: Energy = 4.4032136207784571 dE = -2.78986E-01
SCF Iteration 480: Energy = 4.6821992031924342 dE =  2.78986E-01
SCF Iteration 481: Energy = 4.4032136207784607 dE = -2.78986E-01
SCF Iteration 482: Energy = 4.6821992031924253 dE =  2.78986E-01
SCF Iteration 483: Energy = 4.4032136207784625 dE = -2.78986E-01
SCF Iteration 484: Energy = 4.6821992031924253 dE =  2.78986E-01
SCF Iteration 485: Energy = 4.4032136207784642 dE = -2.78986E-01
SCF Iteration 486: Energy = 4.6821992031924324 dE =  2.78986E-01
SCF Iteration 487: Energy = 4.4032136207784554 dE = -2.78986E-01
SCF Iteration 488: Energy = 4.6821992031924191 dE =  2.78986E-01
SCF Iteration 489: Energy = 4.4032136207784554 dE = -2.78986E-01
SCF Iteration 490: Energy = 4.6821992031924218 dE =  2.78986E-01
SCF Iteration 491: Energy = 4.4032136207784518 dE = -2.78986E-01
SCF Iteration 492: Energy = 4.6821992031924227 dE =  2.78986E-01
SCF Iteration 493: Energy = 4.4032136207784598 dE = -2.78986E-01
SCF Iteration 494: Energy = 4.6821992031924236 dE =  2.78986E-01
SCF Iteration 495: Energy = 4.4032136207784625 dE = -2.78986E-01
SCF Iteration 496: Energy = 4.6821992031924236 dE =  2.78986E-01
SCF Iteration 497: Energy = 4.4032136207784518 dE = -2.78986E-01
SCF Iteration 498: Energy = 4.6821992031924209 dE =  2.78986E-01
SCF Iteration 499: Energy = 4.4032136207784465 dE = -2.78986E-01
SCF Iteration 500: Energy = 4.6821992031924173 dE =  2.78986E-01
