
  Memory set to  55.879 GiB by Python driver.
  Threads set to 1 by Python driver.
Settings:
	LOT = CCSD-S2-U22
	wc = 20.0 eV
	lambda = [1.212424 0.       0.      ] a.u.
	Equivalent A0 = LAMBDA / sqrt(2 wc) = [1. 0. 0.])
doing QED-CCSD-Full (or QED-CCSD-22)
Number of occupied orbitals:   1
Number of basis functions:  60
SCF Iteration   1: Energy = 0.0704269557064990 dE =  7.04270E-02
SCF Iteration   2: Energy = -0.3973092997894127 dE = -4.67736E-01
SCF Iteration   3: Energy = -0.4010086553801276 dE = -3.69936E-03
SCF Iteration   4: Energy = -0.4010627923991797 dE = -5.41370E-05
SCF Iteration   5: Energy = -0.4010637378885044 dE = -9.45489E-07
SCF Iteration   6: Energy = -0.4010637562149647 dE = -1.83265E-08
SCF Iteration   7: Energy = -0.4010637566106928 dE = -3.95728E-10
SCF Iteration   8: Energy = -0.4010637566203320 dE = -9.63918E-12

SCF converged.
E_QED_HF          = -0.401063756620332
HF  (psi4)        = -1.099072924534587
Starting with the CCSD calculation:

Iter  Energy(CCSD)      E_diff    time(sec)
  1:  -0.3131175990  3.13118E-01   19.090
  2:  -0.3139375066  8.19908E-04   19.076
  3:  -0.3265121104  1.25746E-02   19.075
  4:  -0.3343882497  7.87614E-03   19.070
  5:  -0.3380597903  3.67154E-03   19.066
  6:  -0.3393612726  1.30148E-03   19.067
  7:  -0.3401066642  7.45392E-04   19.076
  8:  -0.3404665101  3.59846E-04   19.064
  9:  -0.3405818441  1.15334E-04   19.069
 10:  -0.3406583112  7.64672E-05   19.069
 11:  -0.3406623218  4.01051E-06   19.068
 12:  -0.3406706544  8.33267E-06   19.068
 13:  -0.3406690576  1.59683E-06   19.063
 14:  -0.3406673247  1.73289E-06   19.021
 15:  -0.3406667325  5.92242E-07   18.816
 16:  -0.3406664513  2.81211E-07   18.829
 17:  -0.3406666524  2.01160E-07   18.820
 18:  -0.3406667585  1.06038E-07   18.822
 19:  -0.3406668142  5.57191E-08   20.210
 20:  -0.3406667973  1.68809E-08   24.294
 21:  -0.3406667898  7.53707E-09   24.303
E_QED_CCSD  (Corr.)  = -0.340666789754533
E_QED_CCSD tot       = -0.741730546374865
E_CCSD_psi4 (Corr.)  = -0.038884891271154
E_CCSD_psi4 tot      = -1.137957815805740
