
  Memory set to  55.879 GiB by Python driver.
  Threads set to 1 by Python driver.
Settings:
	LOT = CCSD-S2-U22
	wc = 20.0 eV
	lambda = [1.212424 0.       0.      ] a.u.
	Equivalent A0 = LAMBDA / sqrt(2 wc) = [1. 0. 0.])
doing QED-CCSD-Full (or QED-CCSD-22)
Number of occupied orbitals:   1
Number of basis functions:  60
SCF Iteration   1: Energy = 0.1036368747484362 dE =  1.03637E-01
SCF Iteration   2: Energy = -0.3890963127489218 dE = -4.92733E-01
SCF Iteration   3: Energy = -0.3929239039126933 dE = -3.82759E-03
SCF Iteration   4: Energy = -0.3929797522173075 dE = -5.58483E-05
SCF Iteration   5: Energy = -0.3929807401406866 dE = -9.87923E-07
SCF Iteration   6: Energy = -0.3929807598864894 dE = -1.97458E-08
SCF Iteration   7: Energy = -0.3929807603339166 dE = -4.47427E-10
SCF Iteration   8: Energy = -0.3929807603454756 dE = -1.15590E-11

SCF converged.
E_QED_HF          = -0.392980760345476
HF  (psi4)        = -1.110165233425670
Starting with the CCSD calculation:

Iter  Energy(CCSD)      E_diff    time(sec)
  1:  -0.3282967609  3.28297E-01   19.081
  2:  -0.3264157761  1.88098E-03   19.087
  3:  -0.3395844912  1.31687E-02   19.076
  4:  -0.3480804768  8.49599E-03   19.072
  5:  -0.3520930290  4.01255E-03   19.072
  6:  -0.3535052724  1.41224E-03   19.061
  7:  -0.3543632592  8.57987E-04   19.071
  8:  -0.3547894365  4.26177E-04   19.066
  9:  -0.3549287370  1.39301E-04   19.072
 10:  -0.3550239207  9.51837E-05   19.063
 11:  -0.3550292144  5.29362E-06   19.072
 12:  -0.3550402118  1.09974E-05   19.078
 13:  -0.3550384019  1.80983E-06   19.070
 14:  -0.3550363030  2.09893E-06   19.069
 15:  -0.3550355103  7.92727E-07   19.071
 16:  -0.3550350739  4.36385E-07   19.073
 17:  -0.3550353014  2.27538E-07   19.067
 18:  -0.3550354394  1.37933E-07   19.066
 19:  -0.3550355039  6.45120E-08   19.071
 20:  -0.3550354813  2.26346E-08   19.067
 21:  -0.3550354712  1.00567E-08   19.077
 22:  -0.3550354734  2.20035E-09   19.080
E_QED_CCSD  (Corr.)  = -0.355035473399408
E_QED_CCSD tot       = -0.748016233744884
E_CCSD_psi4 (Corr.)  = -0.039015004194575
E_CCSD_psi4 tot      = -1.149180237620245
