
  Memory set to  55.879 GiB by Python driver.
  Threads set to 1 by Python driver.
Settings:
	LOT = CCSD-S2-U22
	wc = 20.0 eV
	lambda = [1.212424 0.       0.      ] a.u.
	Equivalent A0 = LAMBDA / sqrt(2 wc) = [1. 0. 0.])
doing QED-CCSD-Full (or QED-CCSD-22)
Number of occupied orbitals:   1
Number of basis functions:  60
SCF Iteration   1: Energy = 0.1814065433197021 dE =  1.81407E-01
SCF Iteration   2: Energy = -0.3645497105778881 dE = -5.45956E-01
SCF Iteration   3: Energy = -0.3686545447508818 dE = -4.10483E-03
SCF Iteration   4: Energy = -0.3687145805615011 dE = -6.00358E-05
SCF Iteration   5: Energy = -0.3687156853021938 dE = -1.10474E-06
SCF Iteration   6: Energy = -0.3687157091383693 dE = -2.38362E-08
SCF Iteration   7: Energy = -0.3687157097362297 dE = -5.97860E-10
SCF Iteration   8: Energy = -0.3687157097533087 dE = -1.70790E-11

SCF converged.
E_QED_HF          = -0.368715709753309
HF  (psi4)        = -1.124783472487456
Starting with the CCSD calculation:

Iter  Energy(CCSD)      E_diff    time(sec)
  1:  -0.3601322730  3.60132E-01   19.032
  2:  -0.3521767438  7.95553E-03   19.034
  3:  -0.3664600655  1.42833E-02   19.034
  4:  -0.3764335141  9.97345E-03   19.030
  5:  -0.3811862041  4.75269E-03   19.030
  6:  -0.3827988584  1.61265E-03   19.040
  7:  -0.3839316776  1.13282E-03   19.032
  8:  -0.3845295021  5.97824E-04   19.027
  9:  -0.3847279632  1.98461E-04   19.035
 10:  -0.3848716439  1.43681E-04   19.034
 11:  -0.3848811267  9.48277E-06   19.035
 12:  -0.3849003405  1.92138E-05   19.033
 13:  -0.3848983979  1.94263E-06   19.030
 14:  -0.3848953950  3.00281E-06   19.035
 15:  -0.3848940172  1.37781E-06   19.032
 16:  -0.3848930672  9.49993E-07   19.037
 17:  -0.3848933672  2.99950E-07   19.034
 18:  -0.3848935765  2.09336E-07   19.039
 19:  -0.3848936476  7.10556E-08   19.027
 20:  -0.3848936117  3.58465E-08   19.048
 21:  -0.3848935992  1.25590E-08   19.049
 22:  -0.3848936029  3.72953E-09   19.041
E_QED_CCSD  (Corr.)  = -0.384893602915362
E_QED_CCSD tot       = -0.753609312668670
E_CCSD_psi4 (Corr.)  = -0.039351730535948
E_CCSD_psi4 tot      = -1.164135203023404
