
  Memory set to  55.879 GiB by Python driver.
  Threads set to 1 by Python driver.
Settings:
	LOT = CCSD-S2-U22
	wc = 20.0 eV
	lambda = [1.212424 0.       0.      ] a.u.
	Equivalent A0 = LAMBDA / sqrt(2 wc) = [1. 0. 0.])
doing QED-CCSD-Full (or QED-CCSD-22)
Number of occupied orbitals:   1
Number of basis functions:  60
SCF Iteration   1: Energy = 2.8652123666426292 dE =  2.86521E+00
SCF Iteration   2: Energy = 3.7591826217380659 dE =  8.93970E-01
SCF Iteration   3: Energy = 2.9794620551663944 dE = -7.79721E-01
SCF Iteration   4: Energy = 3.6294023641256516 dE =  6.49940E-01
SCF Iteration   5: Energy = 2.9882014989072538 dE = -6.41201E-01
SCF Iteration   6: Energy = 3.5849721191525874 dE =  5.96771E-01
SCF Iteration   7: Energy = 2.9728615363242690 dE = -6.12111E-01
SCF Iteration   8: Energy = 3.5587748538217192 dE =  5.85913E-01
SCF Iteration   9: Energy = 2.9539680283314440 dE = -6.04807E-01
SCF Iteration  10: Energy = 3.5405205545819389 dE =  5.86553E-01
SCF Iteration  11: Energy = 2.9373050900861197 dE = -6.03215E-01
SCF Iteration  12: Energy = 3.5273731447918166 dE =  5.90068E-01
SCF Iteration  13: Energy = 2.9240646007352438 dE = -6.03309E-01
SCF Iteration  14: Energy = 3.5178893503144675 dE =  5.93825E-01
SCF Iteration  15: Energy = 2.9140227801495890 dE = -6.03867E-01
SCF Iteration  16: Energy = 3.5110808295816720 dE =  5.97058E-01
SCF Iteration  17: Energy = 2.9065981297572416 dE = -6.04483E-01
SCF Iteration  18: Energy = 3.5062183079203586 dE =  5.99620E-01
SCF Iteration  19: Energy = 2.9011941831676853 dE = -6.05024E-01
SCF Iteration  20: Energy = 3.5027607276694908 dE =  6.01567E-01
SCF Iteration  21: Energy = 2.8973019267622426 dE = -6.05459E-01
SCF Iteration  22: Energy = 3.5003105020506080 dE =  6.03009E-01
SCF Iteration  23: Energy = 2.8945187624271593 dE = -6.05792E-01
SCF Iteration  24: Energy = 3.4985786005069812 dE =  6.04060E-01
SCF Iteration  25: Energy = 2.8925388907238561 dE = -6.06040E-01
SCF Iteration  26: Energy = 3.4973567831374948 dE =  6.04818E-01
SCF Iteration  27: Energy = 2.8911356783863078 dE = -6.06221E-01
SCF Iteration  28: Energy = 3.4964960471651159 dE =  6.05360E-01
SCF Iteration  29: Energy = 2.8901438419493668 dE = -6.06352E-01
SCF Iteration  30: Energy = 3.4958903231407121 dE =  6.05746E-01
SCF Iteration  31: Energy = 2.8894441552531673 dE = -6.06446E-01
SCF Iteration  32: Energy = 3.4954643911293646 dE =  6.06020E-01
SCF Iteration  33: Energy = 2.8889512732982836 dE = -6.06513E-01
SCF Iteration  34: Energy = 3.4951650578871214 dE =  6.06214E-01
SCF Iteration  35: Energy = 2.8886044370979858 dE = -6.06561E-01
SCF Iteration  36: Energy = 3.4949547844857496 dE =  6.06350E-01
SCF Iteration  37: Energy = 2.8883605607509844 dE = -6.06594E-01
SCF Iteration  38: Energy = 3.4948071197111377 dE =  6.06447E-01
SCF Iteration  39: Energy = 2.8881891777594242 dE = -6.06618E-01
SCF Iteration  40: Energy = 3.4947034460450617 dE =  6.06514E-01
SCF Iteration  41: Energy = 2.8880687895809154 dE = -6.06635E-01
SCF Iteration  42: Energy = 3.4946306705052805 dE =  6.06562E-01
SCF Iteration  43: Energy = 2.8879842488431131 dE = -6.06646E-01
SCF Iteration  44: Energy = 3.4945795909186743 dE =  6.06595E-01
SCF Iteration  45: Energy = 2.8879248949004568 dE = -6.06655E-01
SCF Iteration  46: Energy = 3.4945437426084127 dE =  6.06619E-01
SCF Iteration  47: Energy = 2.8878832309519797 dE = -6.06661E-01
SCF Iteration  48: Energy = 3.4945185855402845 dE =  6.06635E-01
SCF Iteration  49: Energy = 2.8878539882357708 dE = -6.06665E-01
SCF Iteration  50: Energy = 3.4945009321046827 dE =  6.06647E-01
SCF Iteration  51: Energy = 2.8878334654880553 dE = -6.06667E-01
SCF Iteration  52: Energy = 3.4944885446487466 dE =  6.06655E-01
SCF Iteration  53: Energy = 2.8878190634421155 dE = -6.06669E-01
SCF Iteration  54: Energy = 3.4944798525838827 dE =  6.06661E-01
SCF Iteration  55: Energy = 2.8878089571601318 dE = -6.06671E-01
SCF Iteration  56: Energy = 3.4944737536362562 dE =  6.06665E-01
SCF Iteration  57: Energy = 2.8878018655834312 dE = -6.06672E-01
SCF Iteration  58: Energy = 3.4944694742618183 dE =  6.06668E-01
SCF Iteration  59: Energy = 2.8877968895587709 dE = -6.06673E-01
SCF Iteration  60: Energy = 3.4944664716386593 dE =  6.06670E-01
SCF Iteration  61: Energy = 2.8877933980460115 dE = -6.06673E-01
SCF Iteration  62: Energy = 3.4944643648653848 dE =  6.06671E-01
SCF Iteration  63: Energy = 2.8877909482022166 dE = -6.06673E-01
SCF Iteration  64: Energy = 3.4944628866690111 dE =  6.06672E-01
SCF Iteration  65: Energy = 2.8877892292710947 dE = -6.06674E-01
SCF Iteration  66: Energy = 3.4944618495119690 dE =  6.06673E-01
SCF Iteration  67: Energy = 2.8877880231939170 dE = -6.06674E-01
SCF Iteration  68: Energy = 3.4944611218067787 dE =  6.06673E-01
SCF Iteration  69: Energy = 2.8877871769624570 dE = -6.06674E-01
SCF Iteration  70: Energy = 3.4944606112249468 dE =  6.06673E-01
SCF Iteration  71: Energy = 2.8877865832155409 dE = -6.06674E-01
SCF Iteration  72: Energy = 3.4944602529846169 dE =  6.06674E-01
SCF Iteration  73: Energy = 2.8877861666223485 dE = -6.06674E-01
SCF Iteration  74: Energy = 3.4944600016322385 dE =  6.06674E-01
SCF Iteration  75: Energy = 2.8877858743269589 dE = -6.06674E-01
SCF Iteration  76: Energy = 3.4944598252758858 dE =  6.06674E-01
SCF Iteration  77: Energy = 2.8877856692433261 dE = -6.06674E-01
SCF Iteration  78: Energy = 3.4944597015390797 dE =  6.06674E-01
SCF Iteration  79: Energy = 2.8877855253503979 dE = -6.06674E-01
SCF Iteration  80: Energy = 3.4944596147217344 dE =  6.06674E-01
SCF Iteration  81: Energy = 2.8877854243908145 dE = -6.06674E-01
SCF Iteration  82: Energy = 3.4944595538081962 dE =  6.06674E-01
SCF Iteration  83: Energy = 2.8877853535546123 dE = -6.06674E-01
SCF Iteration  84: Energy = 3.4944595110695054 dE =  6.06674E-01
SCF Iteration  85: Energy = 2.8877853038538714 dE = -6.06674E-01
SCF Iteration  86: Energy = 3.4944594810828380 dE =  6.06674E-01
SCF Iteration  87: Energy = 2.8877852689823995 dE = -6.06674E-01
SCF Iteration  88: Energy = 3.4944594600433367 dE =  6.06674E-01
SCF Iteration  89: Energy = 2.8877852445155883 dE = -6.06674E-01
SCF Iteration  90: Energy = 3.4944594452814419 dE =  6.06674E-01
SCF Iteration  91: Energy = 2.8877852273489841 dE = -6.06674E-01
SCF Iteration  92: Energy = 3.4944594349240705 dE =  6.06674E-01
SCF Iteration  93: Energy = 2.8877852153044072 dE = -6.06674E-01
SCF Iteration  94: Energy = 3.4944594276570586 dE =  6.06674E-01
SCF Iteration  95: Energy = 2.8877852068535925 dE = -6.06674E-01
SCF Iteration  96: Energy = 3.4944594225583105 dE =  6.06674E-01
SCF Iteration  97: Energy = 2.8877852009242599 dE = -6.06674E-01
SCF Iteration  98: Energy = 3.4944594189808829 dE =  6.06674E-01
SCF Iteration  99: Energy = 2.8877851967640726 dE = -6.06674E-01
SCF Iteration 100: Energy = 3.4944594164708618 dE =  6.06674E-01
SCF Iteration 101: Energy = 2.8877851938451706 dE = -6.06674E-01
SCF Iteration 102: Energy = 3.4944594147097594 dE =  6.06674E-01
SCF Iteration 103: Energy = 2.8877851917971773 dE = -6.06674E-01
SCF Iteration 104: Energy = 3.4944594134741176 dE =  6.06674E-01
SCF Iteration 105: Energy = 2.8877851903602552 dE = -6.06674E-01
SCF Iteration 106: Energy = 3.4944594126071675 dE =  6.06674E-01
SCF Iteration 107: Energy = 2.8877851893520705 dE = -6.06674E-01
SCF Iteration 108: Energy = 3.4944594119988861 dE =  6.06674E-01
SCF Iteration 109: Energy = 2.8877851886447012 dE = -6.06674E-01
SCF Iteration 110: Energy = 3.4944594115720906 dE =  6.06674E-01
SCF Iteration 111: Energy = 2.8877851881483880 dE = -6.06674E-01
SCF Iteration 112: Energy = 3.4944594112726399 dE =  6.06674E-01
SCF Iteration 113: Energy = 2.8877851878001572 dE = -6.06674E-01
SCF Iteration 114: Energy = 3.4944594110625440 dE =  6.06674E-01
SCF Iteration 115: Energy = 2.8877851875558362 dE = -6.06674E-01
SCF Iteration 116: Energy = 3.4944594109151401 dE =  6.06674E-01
SCF Iteration 117: Energy = 2.8877851873844107 dE = -6.06674E-01
SCF Iteration 118: Energy = 3.4944594108117095 dE =  6.06674E-01
SCF Iteration 119: Energy = 2.8877851872641420 dE = -6.06674E-01
SCF Iteration 120: Energy = 3.4944594107391493 dE =  6.06674E-01
SCF Iteration 121: Energy = 2.8877851871797535 dE = -6.06674E-01
SCF Iteration 122: Energy = 3.4944594106882287 dE =  6.06674E-01
SCF Iteration 123: Energy = 2.8877851871205360 dE = -6.06674E-01
SCF Iteration 124: Energy = 3.4944594106525009 dE =  6.06674E-01
SCF Iteration 125: Energy = 2.8877851870790012 dE = -6.06674E-01
SCF Iteration 126: Energy = 3.4944594106274431 dE =  6.06674E-01
SCF Iteration 127: Energy = 2.8877851870498605 dE = -6.06674E-01
SCF Iteration 128: Energy = 3.4944594106098537 dE =  6.06674E-01
SCF Iteration 129: Energy = 2.8877851870293951 dE = -6.06674E-01
SCF Iteration 130: Energy = 3.4944594105975084 dE =  6.06674E-01
SCF Iteration 131: Energy = 2.8877851870150457 dE = -6.06674E-01
SCF Iteration 132: Energy = 3.4944594105888473 dE =  6.06674E-01
SCF Iteration 133: Energy = 2.8877851870049800 dE = -6.06674E-01
SCF Iteration 134: Energy = 3.4944594105827744 dE =  6.06674E-01
SCF Iteration 135: Energy = 2.8877851869979159 dE = -6.06674E-01
SCF Iteration 136: Energy = 3.4944594105785138 dE =  6.06674E-01
SCF Iteration 137: Energy = 2.8877851869929612 dE = -6.06674E-01
SCF Iteration 138: Energy = 3.4944594105755304 dE =  6.06674E-01
SCF Iteration 139: Energy = 2.8877851869894817 dE = -6.06674E-01
SCF Iteration 140: Energy = 3.4944594105734388 dE =  6.06674E-01
SCF Iteration 141: Energy = 2.8877851869870428 dE = -6.06674E-01
SCF Iteration 142: Energy = 3.4944594105719520 dE =  6.06674E-01
SCF Iteration 143: Energy = 2.8877851869853357 dE = -6.06674E-01
SCF Iteration 144: Energy = 3.4944594105709301 dE =  6.06674E-01
SCF Iteration 145: Energy = 2.8877851869841384 dE = -6.06674E-01
SCF Iteration 146: Energy = 3.4944594105702032 dE =  6.06674E-01
SCF Iteration 147: Energy = 2.8877851869832947 dE = -6.06674E-01
SCF Iteration 148: Energy = 3.4944594105696924 dE =  6.06674E-01
SCF Iteration 149: Energy = 2.8877851869826983 dE = -6.06674E-01
SCF Iteration 150: Energy = 3.4944594105693314 dE =  6.06674E-01
SCF Iteration 151: Energy = 2.8877851869822777 dE = -6.06674E-01
SCF Iteration 152: Energy = 3.4944594105690796 dE =  6.06674E-01
SCF Iteration 153: Energy = 2.8877851869819859 dE = -6.06674E-01
SCF Iteration 154: Energy = 3.4944594105689020 dE =  6.06674E-01
SCF Iteration 155: Energy = 2.8877851869817830 dE = -6.06674E-01
SCF Iteration 156: Energy = 3.4944594105687790 dE =  6.06674E-01
SCF Iteration 157: Energy = 2.8877851869816404 dE = -6.06674E-01
SCF Iteration 158: Energy = 3.4944594105686924 dE =  6.06674E-01
SCF Iteration 159: Energy = 2.8877851869815383 dE = -6.06674E-01
SCF Iteration 160: Energy = 3.4944594105686337 dE =  6.06674E-01
SCF Iteration 161: Energy = 2.8877851869814721 dE = -6.06674E-01
SCF Iteration 162: Energy = 3.4944594105685947 dE =  6.06674E-01
SCF Iteration 163: Energy = 2.8877851869814166 dE = -6.06674E-01
SCF Iteration 164: Energy = 3.4944594105685605 dE =  6.06674E-01
SCF Iteration 165: Energy = 2.8877851869813846 dE = -6.06674E-01
SCF Iteration 166: Energy = 3.4944594105685391 dE =  6.06674E-01
SCF Iteration 167: Energy = 2.8877851869813553 dE = -6.06674E-01
SCF Iteration 168: Energy = 3.4944594105685254 dE =  6.06674E-01
SCF Iteration 169: Energy = 2.8877851869813402 dE = -6.06674E-01
SCF Iteration 170: Energy = 3.4944594105685201 dE =  6.06674E-01
SCF Iteration 171: Energy = 2.8877851869813336 dE = -6.06674E-01
SCF Iteration 172: Energy = 3.4944594105685174 dE =  6.06674E-01
SCF Iteration 173: Energy = 2.8877851869813247 dE = -6.06674E-01
SCF Iteration 174: Energy = 3.4944594105685081 dE =  6.06674E-01
SCF Iteration 175: Energy = 2.8877851869813154 dE = -6.06674E-01
SCF Iteration 176: Energy = 3.4944594105685032 dE =  6.06674E-01
SCF Iteration 177: Energy = 2.8877851869813158 dE = -6.06674E-01
SCF Iteration 178: Energy = 3.4944594105685005 dE =  6.06674E-01
SCF Iteration 179: Energy = 2.8877851869813118 dE = -6.06674E-01
SCF Iteration 180: Energy = 3.4944594105684987 dE =  6.06674E-01
SCF Iteration 181: Energy = 2.8877851869813087 dE = -6.06674E-01
SCF Iteration 182: Energy = 3.4944594105684961 dE =  6.06674E-01
SCF Iteration 183: Energy = 2.8877851869813096 dE = -6.06674E-01
SCF Iteration 184: Energy = 3.4944594105685036 dE =  6.06674E-01
SCF Iteration 185: Energy = 2.8877851869813123 dE = -6.06674E-01
SCF Iteration 186: Energy = 3.4944594105684952 dE =  6.06674E-01
SCF Iteration 187: Energy = 2.8877851869812945 dE = -6.06674E-01
SCF Iteration 188: Energy = 3.4944594105684947 dE =  6.06674E-01
SCF Iteration 189: Energy = 2.8877851869813078 dE = -6.06674E-01
SCF Iteration 190: Energy = 3.4944594105684956 dE =  6.06674E-01
SCF Iteration 191: Energy = 2.8877851869812972 dE = -6.06674E-01
SCF Iteration 192: Energy = 3.4944594105684890 dE =  6.06674E-01
SCF Iteration 193: Energy = 2.8877851869813012 dE = -6.06674E-01
SCF Iteration 194: Energy = 3.4944594105684876 dE =  6.06674E-01
SCF Iteration 195: Energy = 2.8877851869813012 dE = -6.06674E-01
SCF Iteration 196: Energy = 3.4944594105684881 dE =  6.06674E-01
SCF Iteration 197: Energy = 2.8877851869812998 dE = -6.06674E-01
SCF Iteration 198: Energy = 3.4944594105684907 dE =  6.06674E-01
SCF Iteration 199: Energy = 2.8877851869813029 dE = -6.06674E-01
SCF Iteration 200: Energy = 3.4944594105684970 dE =  6.06674E-01
SCF Iteration 201: Energy = 2.8877851869812954 dE = -6.06674E-01
SCF Iteration 202: Energy = 3.4944594105684947 dE =  6.06674E-01
SCF Iteration 203: Energy = 2.8877851869813105 dE = -6.06674E-01
SCF Iteration 204: Energy = 3.4944594105684832 dE =  6.06674E-01
SCF Iteration 205: Energy = 2.8877851869812923 dE = -6.06674E-01
SCF Iteration 206: Energy = 3.4944594105684734 dE =  6.06674E-01
SCF Iteration 207: Energy = 2.8877851869812896 dE = -6.06674E-01
SCF Iteration 208: Energy = 3.4944594105684845 dE =  6.06674E-01
SCF Iteration 209: Energy = 2.8877851869812994 dE = -6.06674E-01
SCF Iteration 210: Energy = 3.4944594105684899 dE =  6.06674E-01
SCF Iteration 211: Energy = 2.8877851869812963 dE = -6.06674E-01
SCF Iteration 212: Energy = 3.4944594105684752 dE =  6.06674E-01
SCF Iteration 213: Energy = 2.8877851869812887 dE = -6.06674E-01
SCF Iteration 214: Energy = 3.4944594105684779 dE =  6.06674E-01
SCF Iteration 215: Energy = 2.8877851869812892 dE = -6.06674E-01
SCF Iteration 216: Energy = 3.4944594105684663 dE =  6.06674E-01
SCF Iteration 217: Energy = 2.8877851869812758 dE = -6.06674E-01
SCF Iteration 218: Energy = 3.4944594105684614 dE =  6.06674E-01
SCF Iteration 219: Energy = 2.8877851869812696 dE = -6.06674E-01
SCF Iteration 220: Energy = 3.4944594105684419 dE =  6.06674E-01
SCF Iteration 221: Energy = 2.8877851869812625 dE = -6.06674E-01
SCF Iteration 222: Energy = 3.4944594105684419 dE =  6.06674E-01
SCF Iteration 223: Energy = 2.8877851869812519 dE = -6.06674E-01
SCF Iteration 224: Energy = 3.4944594105684246 dE =  6.06674E-01
SCF Iteration 225: Energy = 2.8877851869812416 dE = -6.06674E-01
SCF Iteration 226: Energy = 3.4944594105683926 dE =  6.06674E-01
SCF Iteration 227: Energy = 2.8877851869812146 dE = -6.06674E-01
SCF Iteration 228: Energy = 3.4944594105683500 dE =  6.06674E-01
SCF Iteration 229: Energy = 2.8877851869811679 dE = -6.06674E-01
SCF Iteration 230: Energy = 3.4944594105683016 dE =  6.06674E-01
SCF Iteration 231: Energy = 2.8877851869811302 dE = -6.06674E-01
SCF Iteration 232: Energy = 3.4944594105682323 dE =  6.06674E-01
SCF Iteration 233: Energy = 2.8877851869810676 dE = -6.06674E-01
SCF Iteration 234: Energy = 3.4944594105681457 dE =  6.06674E-01
SCF Iteration 235: Energy = 2.8877851869809872 dE = -6.06674E-01
SCF Iteration 236: Energy = 3.4944594105680187 dE =  6.06674E-01
SCF Iteration 237: Energy = 2.8877851869808837 dE = -6.06674E-01
SCF Iteration 238: Energy = 3.4944594105678464 dE =  6.06674E-01
SCF Iteration 239: Energy = 2.8877851869807296 dE = -6.06674E-01
SCF Iteration 240: Energy = 3.4944594105676137 dE =  6.06674E-01
SCF Iteration 241: Energy = 2.8877851869805271 dE = -6.06674E-01
SCF Iteration 242: Energy = 3.4944594105672997 dE =  6.06674E-01
SCF Iteration 243: Energy = 2.8877851869802496 dE = -6.06674E-01
SCF Iteration 244: Energy = 3.4944594105668494 dE =  6.06674E-01
SCF Iteration 245: Energy = 2.8877851869798579 dE = -6.06674E-01
SCF Iteration 246: Energy = 3.4944594105662512 dE =  6.06674E-01
SCF Iteration 247: Energy = 2.8877851869793272 dE = -6.06674E-01
SCF Iteration 248: Energy = 3.4944594105654372 dE =  6.06674E-01
SCF Iteration 249: Energy = 2.8877851869785998 dE = -6.06674E-01
SCF Iteration 250: Energy = 3.4944594105643239 dE =  6.06674E-01
SCF Iteration 251: Energy = 2.8877851869776108 dE = -6.06674E-01
SCF Iteration 252: Energy = 3.4944594105627989 dE =  6.06674E-01
SCF Iteration 253: Energy = 2.8877851869762754 dE = -6.06674E-01
SCF Iteration 254: Energy = 3.4944594105607152 dE =  6.06674E-01
SCF Iteration 255: Energy = 2.8877851869744253 dE = -6.06674E-01
SCF Iteration 256: Energy = 3.4944594105578752 dE =  6.06674E-01
SCF Iteration 257: Energy = 2.8877851869719167 dE = -6.06674E-01
SCF Iteration 258: Energy = 3.4944594105539997 dE =  6.06674E-01
SCF Iteration 259: Energy = 2.8877851869685007 dE = -6.06674E-01
SCF Iteration 260: Energy = 3.4944594105487012 dE =  6.06674E-01
SCF Iteration 261: Energy = 2.8877851869638129 dE = -6.06674E-01
SCF Iteration 262: Energy = 3.4944594105414684 dE =  6.06674E-01
SCF Iteration 263: Energy = 2.8877851869574305 dE = -6.06674E-01
SCF Iteration 264: Energy = 3.4944594105316118 dE =  6.06674E-01
SCF Iteration 265: Energy = 2.8877851869487201 dE = -6.06674E-01
SCF Iteration 266: Energy = 3.4944594105181328 dE =  6.06674E-01
SCF Iteration 267: Energy = 2.8877851869368136 dE = -6.06674E-01
SCF Iteration 268: Energy = 3.4944594104997471 dE =  6.06674E-01
SCF Iteration 269: Energy = 2.8877851869205671 dE = -6.06674E-01
SCF Iteration 270: Energy = 3.4944594104746374 dE =  6.06674E-01
SCF Iteration 271: Energy = 2.8877851868983910 dE = -6.06674E-01
SCF Iteration 272: Energy = 3.4944594104403670 dE =  6.06674E-01
SCF Iteration 273: Energy = 2.8877851868681041 dE = -6.06674E-01
SCF Iteration 274: Energy = 3.4944594103935978 dE =  6.06674E-01
SCF Iteration 275: Energy = 2.8877851868267856 dE = -6.06674E-01
SCF Iteration 276: Energy = 3.4944594103297386 dE =  6.06674E-01
SCF Iteration 277: Energy = 2.8877851867703606 dE = -6.06674E-01
SCF Iteration 278: Energy = 3.4944594102425555 dE =  6.06674E-01
SCF Iteration 279: Energy = 2.8877851866933444 dE = -6.06674E-01
SCF Iteration 280: Energy = 3.4944594101235507 dE =  6.06674E-01
SCF Iteration 281: Energy = 2.8877851865881961 dE = -6.06674E-01
SCF Iteration 282: Energy = 3.4944594099610855 dE =  6.06674E-01
SCF Iteration 283: Energy = 2.8877851864446651 dE = -6.06674E-01
SCF Iteration 284: Energy = 3.4944594097393078 dE =  6.06674E-01
SCF Iteration 285: Energy = 2.8877851862487245 dE = -6.06674E-01
SCF Iteration 286: Energy = 3.4944594094365420 dE =  6.06674E-01
SCF Iteration 287: Energy = 2.8877851859812336 dE = -6.06674E-01
SCF Iteration 288: Energy = 3.4944594090232362 dE =  6.06674E-01
SCF Iteration 289: Energy = 2.8877851856160826 dE = -6.06674E-01
SCF Iteration 290: Energy = 3.4944594084590084 dE =  6.06674E-01
SCF Iteration 291: Energy = 2.8877851851175893 dE = -6.06674E-01
SCF Iteration 292: Energy = 3.4944594076887774 dE =  6.06674E-01
SCF Iteration 293: Energy = 2.8877851844371052 dE = -6.06674E-01
SCF Iteration 294: Energy = 3.4944594066373060 dE =  6.06674E-01
SCF Iteration 295: Energy = 2.8877851835081203 dE = -6.06674E-01
SCF Iteration 296: Energy = 3.4944594052019080 dE =  6.06674E-01
SCF Iteration 297: Energy = 2.8877851822399645 dE = -6.06674E-01
SCF Iteration 298: Energy = 3.4944594032423990 dE =  6.06674E-01
SCF Iteration 299: Energy = 2.8877851805087547 dE = -6.06674E-01
SCF Iteration 300: Energy = 3.4944594005674183 dE =  6.06674E-01
SCF Iteration 301: Energy = 2.8877851781454207 dE = -6.06674E-01
SCF Iteration 302: Energy = 3.4944593969157229 dE =  6.06674E-01
SCF Iteration 303: Energy = 2.8877851749191654 dE = -6.06674E-01
SCF Iteration 304: Energy = 3.4944593919306799 dE =  6.06674E-01
SCF Iteration 305: Energy = 2.8877851705149125 dE = -6.06674E-01
SCF Iteration 306: Energy = 3.4944593851254497 dE =  6.06674E-01
SCF Iteration 307: Energy = 2.8877851645025361 dE = -6.06674E-01
SCF Iteration 308: Energy = 3.4944593758354205 dE =  6.06674E-01
SCF Iteration 309: Energy = 2.8877851562948460 dE = -6.06674E-01
SCF Iteration 310: Energy = 3.4944593631533247 dE =  6.06674E-01
SCF Iteration 311: Energy = 2.8877851450903052 dE = -6.06674E-01
SCF Iteration 312: Energy = 3.4944593458406161 dE =  6.06674E-01
SCF Iteration 313: Energy = 2.8877851297946280 dE = -6.06674E-01
SCF Iteration 314: Energy = 3.4944593222065206 dE =  6.06674E-01
SCF Iteration 315: Energy = 2.8877851089140485 dE = -6.06674E-01
SCF Iteration 316: Energy = 3.4944592899428804 dE =  6.06674E-01
SCF Iteration 317: Energy = 2.8877850804093121 dE = -6.06674E-01
SCF Iteration 318: Energy = 3.4944592458988124 dE =  6.06674E-01
SCF Iteration 319: Energy = 2.8877850414966519 dE = -6.06674E-01
SCF Iteration 320: Energy = 3.4944591857729437 dE =  6.06674E-01
SCF Iteration 321: Energy = 2.8877849883758260 dE = -6.06674E-01
SCF Iteration 322: Energy = 3.4944591036933104 dE =  6.06674E-01
SCF Iteration 323: Energy = 2.8877849158589801 dE = -6.06674E-01
SCF Iteration 324: Energy = 3.4944589916439206 dE =  6.06674E-01
SCF Iteration 325: Energy = 2.8877848168640359 dE = -6.06674E-01
SCF Iteration 326: Energy = 3.4944588386819260 dE =  6.06674E-01
SCF Iteration 327: Energy = 2.8877846817230548 dE = -6.06674E-01
SCF Iteration 328: Energy = 3.4944586298688822 dE =  6.06674E-01
SCF Iteration 329: Energy = 2.8877844972380284 dE = -6.06674E-01
SCF Iteration 330: Energy = 3.4944583448119237 dE =  6.06674E-01
SCF Iteration 331: Energy = 2.8877842453919720 dE = -6.06674E-01
SCF Iteration 332: Energy = 3.4944579556721052 dE =  6.06674E-01
SCF Iteration 333: Energy = 2.8877839015893687 dE = -6.06674E-01
SCF Iteration 334: Energy = 3.4944574244457018 dE =  6.06674E-01
SCF Iteration 335: Energy = 2.8877834322541491 dE = -6.06674E-01
SCF Iteration 336: Energy = 3.4944566992526820 dE =  6.06673E-01
SCF Iteration 337: Energy = 2.8877827915506611 dE = -6.06674E-01
SCF Iteration 338: Energy = 3.4944557092701727 dE =  6.06673E-01
SCF Iteration 339: Energy = 2.8877819169073358 dE = -6.06674E-01
SCF Iteration 340: Energy = 3.4944543578158411 dE =  6.06672E-01
SCF Iteration 341: Energy = 2.8877807229060006 dE = -6.06674E-01
SCF Iteration 342: Energy = 3.4944525129060695 dE =  6.06672E-01
SCF Iteration 343: Energy = 2.8877790929400127 dE = -6.06673E-01
SCF Iteration 344: Energy = 3.4944499943665099 dE =  6.06671E-01
SCF Iteration 345: Energy = 2.8877768678266142 dE = -6.06673E-01
SCF Iteration 346: Energy = 3.4944465562367855 dE =  6.06670E-01
SCF Iteration 347: Energy = 2.8877738302616640 dE = -6.06673E-01
SCF Iteration 348: Energy = 3.4944418627508478 dE =  6.06668E-01
SCF Iteration 349: Energy = 2.8877696835984739 dE = -6.06672E-01
SCF Iteration 350: Energy = 3.4944354555478512 dE =  6.06666E-01
SCF Iteration 351: Energy = 2.8877640228791290 dE = -6.06671E-01
SCF Iteration 352: Energy = 3.4944267089121848 dE =  6.06663E-01
SCF Iteration 353: Energy = 2.8877562952897651 dE = -6.06670E-01
SCF Iteration 354: Energy = 3.4944147686728431 dE =  6.06658E-01
SCF Iteration 355: Energy = 2.8877457461792422 dE = -6.06669E-01
SCF Iteration 356: Energy = 3.4943984687982446 dE =  6.06653E-01
SCF Iteration 357: Energy = 2.8877313453727687 dE = -6.06667E-01
SCF Iteration 358: Energy = 3.4943762175461925 dE =  6.06645E-01
SCF Iteration 359: Energy = 2.8877116865888195 dE = -6.06665E-01
SCF Iteration 360: Energy = 3.4943458420611768 dE =  6.06634E-01
SCF Iteration 361: Energy = 2.8876848501469037 dE = -6.06661E-01
SCF Iteration 362: Energy = 3.4943043762612369 dE =  6.06620E-01
SCF Iteration 363: Energy = 2.8876482155766019 dE = -6.06656E-01
SCF Iteration 364: Energy = 3.4942477713354885 dE =  6.06600E-01
SCF Iteration 365: Energy = 2.8875982058617393 dE = -6.06650E-01
SCF Iteration 366: Energy = 3.4941705006464754 dE =  6.06572E-01
SCF Iteration 367: Energy = 2.8875299384073001 dE = -6.06641E-01
SCF Iteration 368: Energy = 3.4940650205771027 dE =  6.06535E-01
SCF Iteration 369: Energy = 2.8874367487632178 dE = -6.06628E-01
SCF Iteration 370: Energy = 3.4939210349016667 dE =  6.06484E-01
SCF Iteration 371: Energy = 2.8873095408161897 dE = -6.06611E-01
SCF Iteration 372: Energy = 3.4937244912739902 dE =  6.06415E-01
SCF Iteration 373: Energy = 2.8871359004085506 dE = -6.06589E-01
SCF Iteration 374: Energy = 3.4934562126396678 dE =  6.06320E-01
SCF Iteration 375: Energy = 2.8868988866006351 dE = -6.06557E-01
SCF Iteration 376: Energy = 3.4930900314252922 dE =  6.06191E-01
SCF Iteration 377: Energy = 2.8865753839855746 dE = -6.06515E-01
SCF Iteration 378: Energy = 3.4925902471003085 dE =  6.06015E-01
SCF Iteration 379: Energy = 2.8861338578520490 dE = -6.06456E-01
SCF Iteration 380: Energy = 3.4919081640501428 dE =  6.05774E-01
SCF Iteration 381: Energy = 2.8855312980060579 dE = -6.06377E-01
SCF Iteration 382: Energy = 3.4909773813886025 dE =  6.05446E-01
SCF Iteration 383: Energy = 2.8847090621670968 dE = -6.06268E-01
SCF Iteration 384: Energy = 3.4897073928264004 dE =  6.04998E-01
SCF Iteration 385: Energy = 2.8835872304503645 dE = -6.06120E-01
SCF Iteration 386: Energy = 3.4879749052230609 dE =  6.04388E-01
SCF Iteration 387: Energy = 2.8820569520061117 dE = -6.05918E-01
SCF Iteration 388: Energy = 3.4856120904884347 dE =  6.03555E-01
SCF Iteration 389: Energy = 2.8799700965399748 dE = -6.05642E-01
SCF Iteration 390: Energy = 3.4823907393731091 dE =  6.02421E-01
SCF Iteration 391: Energy = 2.8771253115330704 dE = -6.05265E-01
SCF Iteration 392: Energy = 3.4780009839696406 dE =  6.00876E-01
SCF Iteration 393: Energy = 2.8732493295749135 dE = -6.04752E-01
SCF Iteration 394: Energy = 3.4720229065263086 dE =  5.98774E-01
SCF Iteration 395: Energy = 2.8679720801658322 dE = -6.04051E-01
SCF Iteration 396: Energy = 3.4638889891559179 dE =  5.95917E-01
SCF Iteration 397: Energy = 2.8607938729225468 dE = -6.03095E-01
SCF Iteration 398: Energy = 3.4528350677120980 dE =  5.92041E-01
SCF Iteration 399: Energy = 2.8510427209891520 dE = -6.01792E-01
SCF Iteration 400: Energy = 3.4378374170794239 dE =  5.86795E-01
SCF Iteration 401: Energy = 2.8378199450589867 dE = -6.00017E-01
SCF Iteration 402: Energy = 3.4175341731695341 dE =  5.79714E-01
SCF Iteration 403: Energy = 2.8199328848714811 dE = -5.97601E-01
SCF Iteration 404: Energy = 3.3901311413966657 dE =  5.70198E-01
SCF Iteration 405: Energy = 2.7958154613502377 dE = -5.94316E-01
SCF Iteration 406: Energy = 3.3532962552683121 dE =  5.57481E-01
SCF Iteration 407: Energy = 2.7634414938648764 dE = -5.89855E-01
SCF Iteration 408: Energy = 3.3040552311297438 dE =  5.40614E-01
SCF Iteration 409: Energy = 2.7202435931525031 dE = -5.83812E-01
SCF Iteration 410: Energy = 3.2387155696591008 dE =  5.18472E-01
SCF Iteration 411: Energy = 2.6630639939423562 dE = -5.75652E-01
SCF Iteration 412: Energy = 3.1528691144552070 dE =  4.89805E-01
SCF Iteration 413: Energy = 2.5881842927548178 dE = -5.64685E-01
SCF Iteration 414: Energy = 3.0415547092515318 dE =  4.53370E-01
SCF Iteration 415: Energy = 2.4915074034826836 dE = -5.50047E-01
SCF Iteration 416: Energy = 2.8996946222361277 dE =  4.08187E-01
SCF Iteration 417: Energy = 2.3689883103449185 dE = -5.30706E-01
SCF Iteration 418: Energy = 2.7229283476710813 dE =  3.53940E-01
SCF Iteration 419: Energy = 2.2174070927574503 dE = -5.05521E-01
SCF Iteration 420: Energy = 2.5089093601319021 dE =  2.91502E-01
SCF Iteration 421: Energy = 2.0355067150330917 dE = -4.73403E-01
SCF Iteration 422: Energy = 2.2589448097638654 dE =  2.23438E-01
SCF Iteration 423: Energy = 1.8253346033674103 dE = -4.33610E-01
SCF Iteration 424: Energy = 1.9795245952329206 dE =  1.54190E-01
SCF Iteration 425: Energy = 1.5933389721988362 dE = -3.86186E-01
SCF Iteration 426: Energy = 1.6829289100956180 dE =  8.95899E-02
SCF Iteration 427: Energy = 1.3505254757026572 dE = -3.32403E-01
SCF Iteration 428: Energy = 1.3860583407660330 dE =  3.55329E-02
SCF Iteration 429: Energy = 1.1110761263936229 dE = -2.74982E-01
SCF Iteration 430: Energy = 1.1072598624892516 dE = -3.81626E-03
SCF Iteration 431: Energy = 0.8894902318204152 dE = -2.17770E-01
SCF Iteration 432: Energy = 0.8621116041459280 dE = -2.73786E-02
SCF Iteration 433: Energy = 0.6972604260117001 dE = -1.64851E-01
SCF Iteration 434: Energy = 0.6600140446844294 dE = -3.72464E-02
SCF Iteration 435: Energy = 0.5405680462810354 dE = -1.19446E-01
SCF Iteration 436: Energy = 0.5030935731765611 dE = -3.74745E-02
SCF Iteration 437: Energy = 0.4199286366547148 dE = -8.31649E-02
SCF Iteration 438: Energy = 0.3875226344892626 dE = -3.24060E-02
SCF Iteration 439: Energy = 0.3315626487283074 dE = -5.59600E-02
SCF Iteration 440: Energy = 0.3061066828322181 dE = -2.54560E-02
SCF Iteration 441: Energy = 0.2694800294091468 dE = -3.66267E-02
SCF Iteration 442: Energy = 0.2507730714259955 dE = -1.87070E-02
SCF Iteration 443: Energy = 0.2273062942133315 dE = -2.34668E-02
SCF Iteration 444: Energy = 0.2142028310091959 dE = -1.31035E-02
SCF Iteration 445: Energy = 0.1994022768897299 dE = -1.48006E-02
SCF Iteration 446: Energy = 0.1905397662731243 dE = -8.86251E-03
SCF Iteration 447: Energy = 0.1813085556032137 dE = -9.23121E-03
SCF Iteration 448: Energy = 0.1754667036686621 dE = -5.84185E-03
SCF Iteration 449: Energy = 0.1697528796320622 dE = -5.71382E-03
SCF Iteration 450: Energy = 0.1659744624798503 dE = -3.77842E-03
SCF Iteration 451: Energy = 0.1624555511944150 dE = -3.51891E-03
SCF Iteration 452: Energy = 0.1600456862828405 dE = -2.40986E-03
SCF Iteration 453: Energy = 0.1578854573498214 dE = -2.16023E-03
SCF Iteration 454: Energy = 0.1563642625478261 dE = -1.52119E-03
SCF Iteration 455: Energy = 0.1550406913698881 dE = -1.32357E-03
SCF Iteration 456: Energy = 0.1540877784176216 dE = -9.52913E-04
SCF Iteration 457: Energy = 0.1532777236363332 dE = -8.10055E-04
SCF Iteration 458: Energy = 0.1526841733873230 dE = -5.93550E-04
SCF Iteration 459: Energy = 0.1521886820111451 dE = -4.95491E-04
SCF Iteration 460: Energy = 0.1518205261641601 dE = -3.68156E-04
SCF Iteration 461: Energy = 0.1515175143470344 dE = -3.03012E-04
SCF Iteration 462: Energy = 0.1512898765573940 dE = -2.27638E-04
SCF Iteration 463: Energy = 0.1511045775293187 dE = -1.85299E-04
SCF Iteration 464: Energy = 0.1509641532349812 dE = -1.40424E-04
SCF Iteration 465: Energy = 0.1508508279664040 dE = -1.13325E-04
SCF Iteration 466: Energy = 0.1507643545608710 dE = -8.64734E-05
SCF Iteration 467: Energy = 0.1506950365941417 dE = -6.93180E-05
SCF Iteration 468: Energy = 0.1506418556042730 dE = -5.31810E-05
SCF Iteration 469: Energy = 0.1505994483160107 dE = -4.24073E-05
SCF Iteration 470: Energy = 0.1505667740299099 dE = -3.26743E-05
SCF Iteration 471: Energy = 0.1505408255499896 dE = -2.59485E-05
SCF Iteration 472: Energy = 0.1505207652335505 dE = -2.00603E-05
SCF Iteration 473: Energy = 0.1505048850300952 dE = -1.58802E-05
SCF Iteration 474: Energy = 0.1504925758039883 dE = -1.23092E-05
SCF Iteration 475: Energy = 0.1504828558028688 dE = -9.72000E-06
SCF Iteration 476: Energy = 0.1504753058474808 dE = -7.54996E-06
SCF Iteration 477: Energy = 0.1504693555999888 dE = -5.95025E-06
SCF Iteration 478: Energy = 0.1504647262161463 dE = -4.62938E-06
SCF Iteration 479: Energy = 0.1504610832558519 dE = -3.64296E-06
SCF Iteration 480: Energy = 0.1504582453330823 dE = -2.83792E-06
SCF Iteration 481: Energy = 0.1504560147562959 dE = -2.23058E-06
SCF Iteration 482: Energy = 0.1504542753476024 dE = -1.73941E-06
SCF Iteration 483: Energy = 0.1504529094549962 dE = -1.36589E-06
SCF Iteration 484: Energy = 0.1504518434842996 dE = -1.06597E-06
SCF Iteration 485: Energy = 0.1504510070214673 dE = -8.36463E-07
SCF Iteration 486: Energy = 0.1504503538221833 dE = -6.53199E-07
SCF Iteration 487: Energy = 0.1504498415481743 dE = -5.12274E-07
SCF Iteration 488: Energy = 0.1504494413144952 dE = -4.00234E-07
SCF Iteration 489: Energy = 0.1504491275677662 dE = -3.13747E-07
SCF Iteration 490: Energy = 0.1504488823470620 dE = -2.45221E-07
SCF Iteration 491: Energy = 0.1504486901823663 dE = -1.92165E-07
SCF Iteration 492: Energy = 0.1504485399434961 dE = -1.50239E-07
SCF Iteration 493: Energy = 0.1504484222418796 dE = -1.17702E-07
SCF Iteration 494: Energy = 0.1504483301982411 dE = -9.20436E-08
SCF Iteration 495: Energy = 0.1504482581036015 dE = -7.20946E-08
SCF Iteration 496: Energy = 0.1504482017145294 dE = -5.63891E-08
SCF Iteration 497: Energy = 0.1504481575541092 dE = -4.41604E-08
SCF Iteration 498: Energy = 0.1504481230088439 dE = -3.45453E-08
SCF Iteration 499: Energy = 0.1504480959585806 dE = -2.70503E-08
SCF Iteration 500: Energy = 0.1504480747956256 dE = -2.11630E-08
