
  Memory set to  55.879 GiB by Python driver.
  Threads set to 1 by Python driver.
Settings:
	LOT = CCSD-S2-U22
	wc = 20.0 eV
	lambda = [1.212424 0.       0.      ] a.u.
	Equivalent A0 = LAMBDA / sqrt(2 wc) = [1. 0. 0.])
doing QED-CCSD-Full (or QED-CCSD-22)
Number of occupied orbitals:   1
Number of basis functions:  60
SCF Iteration   1: Energy = 11.7853768545626352 dE =  1.17854E+01
SCF Iteration   2: Energy = 12.3858382550919401 dE =  6.00461E-01
SCF Iteration   3: Energy = 12.0220483345678915 dE = -3.63790E-01
SCF Iteration   4: Energy = 12.2991266056320345 dE =  2.77078E-01
SCF Iteration   5: Energy = 12.1941849170497161 dE = -1.04942E-01
SCF Iteration   6: Energy = 12.3023212373892950 dE =  1.08136E-01
SCF Iteration   7: Energy = 12.2738120998790325 dE = -2.85091E-02
SCF Iteration   8: Energy = 12.3105041961935040 dE =  3.66921E-02
SCF Iteration   9: Energy = 12.3044924026837759 dE = -6.01179E-03
SCF Iteration  10: Energy = 12.3122203440059774 dE =  7.72794E-03
SCF Iteration  11: Energy = 12.3123097127379513 dE =  8.93687E-05
SCF Iteration  12: Energy = 12.3080793019699204 dE = -4.23041E-03
SCF Iteration  13: Energy = 12.3091911120015975 dE =  1.11181E-03
SCF Iteration  14: Energy = 12.2999284072822679 dE = -9.26270E-03
SCF Iteration  15: Energy = 12.3006043045204461 dE =  6.75897E-04
SCF Iteration  16: Energy = 12.2892780832633512 dE = -1.13262E-02
SCF Iteration  17: Energy = 12.2892481168752408 dE = -2.99664E-05
SCF Iteration  18: Energy = 12.2772080659566392 dE = -1.20401E-02
SCF Iteration  19: Energy = 12.2765751184698306 dE = -6.32947E-04
SCF Iteration  20: Energy = 12.2644694203151641 dE = -1.21057E-02
SCF Iteration  21: Energy = 12.2634274543973607 dE = -1.04197E-03
SCF Iteration  22: Energy = 12.2515804805525956 dE = -1.18470E-02
SCF Iteration  23: Energy = 12.2503188924918067 dE = -1.26159E-03
SCF Iteration  24: Energy = 12.2388953199578214 dE = -1.14236E-02
SCF Iteration  25: Energy = 12.2375703796907498 dE = -1.32494E-03
SCF Iteration  26: Energy = 12.2266507762298300 dE = -1.09196E-02
SCF Iteration  27: Energy = 12.2253813099059361 dE = -1.26947E-03
SCF Iteration  28: Energy = 12.2149992050463556 dE = -1.03821E-02
SCF Iteration  29: Energy = 12.2138705220305894 dE = -1.12868E-03
SCF Iteration  30: Energy = 12.2040318521732001 dE = -9.83867E-03
SCF Iteration  31: Energy = 12.2031018485567682 dE = -9.30004E-04
SCF Iteration  32: Energy = 12.1937958773339954 dE = -9.30597E-03
SCF Iteration  33: Energy = 12.1931010669368227 dE = -6.94810E-04
SCF Iteration  34: Energy = 12.1843069216590596 dE = -8.79415E-03
SCF Iteration  35: Energy = 12.1838676496391116 dE = -4.39272E-04
SCF Iteration  36: Energy = 12.1755584482008672 dE = -8.30920E-03
SCF Iteration  37: Energy = 12.1753831338527014 dE = -1.75314E-04
SCF Iteration  38: Energy = 12.1675286946596000 dE = -7.85444E-03
SCF Iteration  39: Energy = 12.1676171711530134 dE =  8.84765E-05
SCF Iteration  40: Energy = 12.1601858359416752 dE = -7.43134E-03
SCF Iteration  41: Energy = 12.1605319240365315 dE =  3.46088E-04
SCF Iteration  42: Energy = 12.1534917955869304 dE = -7.04013E-03
SCF Iteration  43: Energy = 12.1540852565004602 dE =  5.93461E-04
SCF Iteration  44: Energy = 12.1474050350886600 dE = -6.68022E-03
SCF Iteration  45: Energy = 12.1482330330750994 dE =  8.27998E-04
SCF Iteration  46: Energy = 12.1418825705109423 dE = -6.35046E-03
SCF Iteration  47: Energy = 12.1429307545598828 dE =  1.04818E-03
SCF Iteration  48: Energy = 12.1368814065027255 dE = -6.04935E-03
SCF Iteration  49: Energy = 12.1381346995009807 dE =  1.25329E-03
SCF Iteration  50: Energy = 12.1323595328728882 dE = -5.77517E-03
SCF Iteration  51: Energy = 12.1338026980307507 dE =  1.44317E-03
SCF Iteration  52: Energy = 12.1282765945295736 dE = -5.52610E-03
SCF Iteration  53: Energy = 12.1298946334681421 dE =  1.61804E-03
SCF Iteration  54: Energy = 12.1245943192124344 dE = -5.30031E-03
SCF Iteration  55: Energy = 12.1263727437117961 dE =  1.77842E-03
SCF Iteration  56: Energy = 12.1212767671851651 dE = -5.09598E-03
SCF Iteration  57: Energy = 12.1232017768085889 dE =  1.92501E-03
SCF Iteration  58: Energy = 12.1182904515071765 dE = -4.91133E-03
SCF Iteration  59: Energy = 12.1203490416858042 dE =  2.05859E-03
SCF Iteration  60: Energy = 12.1156043655891015 dE = -4.74468E-03
SCF Iteration  61: Energy = 12.1177843848496689 dE =  2.18002E-03
SCF Iteration  62: Energy = 12.1131899456285304 dE = -4.59444E-03
SCF Iteration  63: Energy = 12.1154801161076673 dE =  2.29017E-03
SCF Iteration  64: Energy = 12.1110209885746247 dE = -4.45913E-03
SCF Iteration  65: Energy = 12.1134109004838848 dE =  2.38991E-03
SCF Iteration  66: Energy = 12.1090735409792760 dE = -4.33736E-03
SCF Iteration  67: Energy = 12.1115536290281351 dE =  2.48009E-03
SCF Iteration  68: Energy = 12.1073257700750876 dE = -4.22786E-03
SCF Iteration  69: Energy = 12.1098872778319144 dE =  2.56151E-03
SCF Iteration  70: Energy = 12.1057578253750275 dE = -4.12945E-03
SCF Iteration  71: Energy = 12.1083927620046108 dE =  2.63494E-03
SCF Iteration  72: Energy = 12.1043516967868623 dE = -4.04107E-03
SCF Iteration  73: Energy = 12.1070527894310267 dE =  2.70109E-03
SCF Iteration  74: Energy = 12.1030910735005985 dE = -3.96172E-03
SCF Iteration  75: Energy = 12.1058517176805740 dE =  2.76064E-03
SCF Iteration  76: Energy = 12.1019612066041429 dE = -3.89051E-03
SCF Iteration  77: Energy = 12.1047754163516057 dE =  2.81421E-03
SCF Iteration  78: Energy = 12.1009487774094957 dE = -3.82664E-03
SCF Iteration  79: Energy = 12.1038111363267475 dE =  2.86236E-03
SCF Iteration  80: Energy = 12.1000417727475078 dE = -3.76936E-03
SCF Iteration  81: Energy = 12.1029473868169273 dE =  2.90561E-03
SCF Iteration  82: Energy = 12.0992293679565304 dE = -3.71802E-03
SCF Iteration  83: Energy = 12.1021738206354250 dE =  2.94445E-03
SCF Iteration  84: Energy = 12.0985018179013490 dE = -3.67200E-03
SCF Iteration  85: Energy = 12.1014811278276770 dE =  2.97931E-03
SCF Iteration  86: Energy = 12.0978503560790678 dE = -3.63077E-03
SCF Iteration  87: Energy = 12.1008609375578988 dE =  3.01058E-03
SCF Iteration  88: Energy = 12.0972671016704592 dE = -3.59384E-03
SCF Iteration  89: Energy = 12.1003057280000359 dE =  3.03863E-03
SCF Iteration  90: Energy = 12.0967449742614672 dE = -3.56075E-03
SCF Iteration  91: Energy = 12.0998087438758617 dE =  3.06377E-03
SCF Iteration  92: Energy = 12.0962776158692620 dE = -3.53113E-03
SCF Iteration  93: Energy = 12.0993639212197639 dE =  3.08631E-03
SCF Iteration  94: Energy = 12.0958593198537034 dE = -3.50460E-03
SCF Iteration  95: Energy = 12.0989658189130935 dE =  3.10650E-03
SCF Iteration  96: Energy = 12.0954849662653157 dE = -3.48085E-03
SCF Iteration  97: Energy = 12.0986095565152461 dE =  3.12459E-03
SCF Iteration  98: Energy = 12.0951499631711119 dE = -3.45959E-03
SCF Iteration  99: Energy = 12.0982907579192815 dE =  3.14079E-03
SCF Iteration 100: Energy = 12.0948501935024328 dE = -3.44056E-03
SCF Iteration 101: Energy = 12.0980055003688332 dE =  3.15531E-03
SCF Iteration 102: Energy = 12.0945819669791010 dE = -3.42353E-03
SCF Iteration 103: Energy = 12.0977502683918736 dE =  3.16830E-03
SCF Iteration 104: Energy = 12.0943419766856088 dE = -3.40829E-03
SCF Iteration 105: Energy = 12.0975219122270872 dE =  3.17994E-03
SCF Iteration 106: Energy = 12.0941272598943375 dE = -3.39465E-03
SCF Iteration 107: Energy = 12.0973176103459839 dE =  3.19035E-03
SCF Iteration 108: Energy = 12.0939351627574627 dE = -3.38245E-03
SCF Iteration 109: Energy = 12.0971348356976556 dE =  3.19967E-03
SCF Iteration 110: Energy = 12.0937633085137435 dE = -3.37153E-03
SCF Iteration 111: Energy = 12.0969713253318005 dE =  3.20802E-03
SCF Iteration 112: Energy = 12.0936095688830463 dE = -3.36176E-03
SCF Iteration 113: Energy = 12.0968250530816324 dE =  3.21548E-03
SCF Iteration 114: Energy = 12.0934720383468264 dE = -3.35301E-03
SCF Iteration 115: Energy = 12.0966942050133266 dE =  3.22217E-03
SCF Iteration 116: Energy = 12.0933490110374375 dE = -3.34519E-03
SCF Iteration 117: Energy = 12.0965771573748189 dE =  3.22815E-03
SCF Iteration 118: Energy = 12.0932389599827541 dE = -3.33820E-03
SCF Iteration 119: Energy = 12.0964724567985993 dE =  3.23350E-03
SCF Iteration 120: Energy = 12.0931405184747955 dE = -3.33194E-03
SCF Iteration 121: Energy = 12.0963788025361172 dE =  3.23828E-03
SCF Iteration 122: Energy = 12.0930524633522971 dE = -3.32634E-03
SCF Iteration 123: Energy = 12.0962950305212473 dE =  3.24257E-03
SCF Iteration 124: Energy = 12.0929737000058086 dE = -3.32133E-03
SCF Iteration 125: Energy = 12.0962200990793125 dE =  3.24640E-03
SCF Iteration 126: Energy = 12.0929032489321866 dE = -3.31685E-03
SCF Iteration 127: Energy = 12.0961530761156517 dE =  3.24983E-03
SCF Iteration 128: Energy = 12.0928402336822707 dE = -3.31284E-03
SCF Iteration 129: Energy = 12.0960931276335781 dE =  3.25289E-03
SCF Iteration 130: Energy = 12.0927838700596659 dE = -3.30926E-03
SCF Iteration 131: Energy = 12.0960395074461591 dE =  3.25564E-03
SCF Iteration 132: Energy = 12.0927334564433195 dE = -3.30605E-03
SCF Iteration 133: Energy = 12.0959915479594979 dE =  3.25809E-03
SCF Iteration 134: Energy = 12.0926883651183772 dE = -3.30318E-03
SCF Iteration 135: Energy = 12.0959486519176682 dE =  3.26029E-03
SCF Iteration 136: Energy = 12.0926480345120257 dE = -3.30062E-03
SCF Iteration 137: Energy = 12.0959102850101736 dE =  3.26225E-03
SCF Iteration 138: Energy = 12.0926119622405910 dE = -3.29832E-03
SCF Iteration 139: Energy = 12.0958759692523028 dE =  3.26401E-03
SCF Iteration 140: Energy = 12.0925796988842489 dE = -3.29627E-03
SCF Iteration 141: Energy = 12.0958452770588973 dE =  3.26558E-03
SCF Iteration 142: Energy = 12.0925508424136492 dE = -3.29443E-03
SCF Iteration 143: Energy = 12.0958178259394629 dE =  3.26698E-03
SCF Iteration 144: Energy = 12.0925250332011256 dE = -3.29279E-03
SCF Iteration 145: Energy = 12.0957932737494396 dE =  3.26824E-03
SCF Iteration 146: Energy = 12.0925019495551904 dE = -3.29132E-03
SCF Iteration 147: Energy = 12.0957713144402366 dE =  3.26936E-03
SCF Iteration 148: Energy = 12.0924813037240195 dE = -3.29001E-03
SCF Iteration 149: Energy = 12.0957516742557800 dE =  3.27037E-03
SCF Iteration 150: Energy = 12.0924628383188075 dE = -3.28884E-03
SCF Iteration 151: Energy = 12.0957341083288217 dE =  3.27127E-03
SCF Iteration 152: Energy = 12.0924463231134371 dE = -3.28779E-03
SCF Iteration 153: Energy = 12.0957183976353111 dE =  3.27207E-03
SCF Iteration 154: Energy = 12.0924315521803383 dE = -3.28685E-03
SCF Iteration 155: Energy = 12.0957043462692635 dE =  3.27279E-03
SCF Iteration 156: Energy = 12.0924183413283366 dE = -3.28600E-03
SCF Iteration 157: Energy = 12.0956917790043921 dE =  3.27344E-03
SCF Iteration 158: Energy = 12.0924065258098690 dE = -3.28525E-03
SCF Iteration 159: Energy = 12.0956805391127542 dE =  3.27401E-03
SCF Iteration 160: Energy = 12.0923959582697869 dE = -3.28458E-03
SCF Iteration 161: Energy = 12.0956704864130522 dE =  3.27453E-03
SCF Iteration 162: Energy = 12.0923865069103318 dE = -3.28398E-03
SCF Iteration 163: Energy = 12.0956614955245723 dE =  3.27499E-03
SCF Iteration 164: Energy = 12.0923780538494476 dE = -3.28344E-03
SCF Iteration 165: Energy = 12.0956534543053689 dE =  3.27540E-03
SCF Iteration 166: Energy = 12.0923704936523162 dE = -3.28296E-03
SCF Iteration 167: Energy = 12.0956462624548458 dE =  3.27577E-03
SCF Iteration 168: Energy = 12.0923637320173487 dE = -3.28253E-03
SCF Iteration 169: Energy = 12.0956398302640817 dE =  3.27610E-03
SCF Iteration 170: Energy = 12.0923576846011969 dE = -3.28215E-03
SCF Iteration 171: Energy = 12.0956340774974667 dE =  3.27639E-03
SCF Iteration 172: Energy = 12.0923522759674160 dE = -3.28180E-03
SCF Iteration 173: Energy = 12.0956289323928896 dE =  3.27666E-03
SCF Iteration 174: Energy = 12.0923474386462448 dE = -3.28149E-03
SCF Iteration 175: Energy = 12.0956243307668654 dE =  3.27689E-03
SCF Iteration 176: Energy = 12.0923431122933582 dE = -3.28122E-03
SCF Iteration 177: Energy = 12.0956202152145007 dE =  3.27710E-03
SCF Iteration 178: Energy = 12.0923392429375109 dE = -3.28097E-03
SCF Iteration 179: Energy = 12.0956165343937219 dE =  3.27729E-03
SCF Iteration 180: Energy = 12.0923357823077637 dE = -3.28075E-03
SCF Iteration 181: Energy = 12.0956132423850438 dE =  3.27746E-03
SCF Iteration 182: Energy = 12.0923326872313766 dE = -3.28056E-03
SCF Iteration 183: Energy = 12.0956102981189471 dE =  3.27761E-03
SCF Iteration 184: Energy = 12.0923299190955493 dE = -3.28038E-03
SCF Iteration 185: Energy = 12.0956076648637456 dE =  3.27775E-03
SCF Iteration 186: Energy = 12.0923274433657539 dE = -3.28022E-03
SCF Iteration 187: Energy = 12.0956053097673788 dE =  3.27787E-03
SCF Iteration 188: Energy = 12.0923252291551595 dE = -3.28008E-03
SCF Iteration 189: Energy = 12.0956032034477996 dE =  3.27797E-03
SCF Iteration 190: Energy = 12.0923232488393175 dE = -3.27995E-03
SCF Iteration 191: Energy = 12.0956013196265104 dE =  3.27807E-03
SCF Iteration 192: Energy = 12.0923214777116730 dE = -3.27984E-03
SCF Iteration 193: Energy = 12.0955996348006511 dE =  3.27816E-03
SCF Iteration 194: Energy = 12.0923198936752900 dE = -3.27974E-03
SCF Iteration 195: Energy = 12.0955981279498825 dE =  3.27823E-03
SCF Iteration 196: Energy = 12.0923184769673018 dE = -3.27965E-03
SCF Iteration 197: Energy = 12.0955967802742865 dE =  3.27830E-03
SCF Iteration 198: Energy = 12.0923172099124070 dE = -3.27957E-03
SCF Iteration 199: Energy = 12.0955955749597397 dE =  3.27837E-03
SCF Iteration 200: Energy = 12.0923160767022555 dE = -3.27950E-03
SCF Iteration 201: Energy = 12.0955944969681788 dE =  3.27842E-03
SCF Iteration 202: Energy = 12.0923150631984324 dE = -3.27943E-03
SCF Iteration 203: Energy = 12.0955935328500104 dE =  3.27847E-03
SCF Iteration 204: Energy = 12.0923141567559025 dE = -3.27938E-03
SCF Iteration 205: Energy = 12.0955926705764032 dE =  3.27851E-03
SCF Iteration 206: Energy = 12.0923133460653904 dE = -3.27932E-03
SCF Iteration 207: Energy = 12.0955918993890954 dE =  3.27855E-03
SCF Iteration 208: Energy = 12.0923126210122067 dE = -3.27928E-03
SCF Iteration 209: Energy = 12.0955912096662050 dE =  3.27859E-03
SCF Iteration 210: Energy = 12.0923119725501369 dE = -3.27924E-03
SCF Iteration 211: Energy = 12.0955905928024041 dE =  3.27862E-03
SCF Iteration 212: Energy = 12.0923113925884955 dE = -3.27920E-03
SCF Iteration 213: Energy = 12.0955900411011363 dE =  3.27865E-03
SCF Iteration 214: Energy = 12.0923108738913072 dE = -3.27917E-03
SCF Iteration 215: Energy = 12.0955895476790243 dE =  3.27867E-03
SCF Iteration 216: Energy = 12.0923104099868333 dE = -3.27914E-03
SCF Iteration 217: Energy = 12.0955891063798102 dE =  3.27870E-03
SCF Iteration 218: Energy = 12.0923099950871684 dE = -3.27911E-03
SCF Iteration 219: Energy = 12.0955887116973901 dE =  3.27872E-03
SCF Iteration 220: Energy = 12.0923096240155825 dE = -3.27909E-03
SCF Iteration 221: Energy = 12.0955883587074755 dE =  3.27873E-03
SCF Iteration 222: Energy = 12.0923092921423567 dE = -3.27907E-03
SCF Iteration 223: Energy = 12.0955880430058507 dE =  3.27875E-03
SCF Iteration 224: Energy = 12.0923089953267375 dE = -3.27905E-03
SCF Iteration 225: Energy = 12.0955877606535367 dE =  3.27877E-03
SCF Iteration 226: Energy = 12.0923087298654206 dE = -3.27903E-03
SCF Iteration 227: Energy = 12.0955875081277053 dE =  3.27878E-03
SCF Iteration 228: Energy = 12.0923084924463158 dE = -3.27902E-03
SCF Iteration 229: Energy = 12.0955872822776005 dE =  3.27879E-03
SCF Iteration 230: Energy = 12.0923082801070922 dE = -3.27900E-03
SCF Iteration 231: Energy = 12.0955870802853074 dE =  3.27880E-03
SCF Iteration 232: Energy = 12.0923080901984825 dE = -3.27899E-03
SCF Iteration 233: Energy = 12.0955868996306233 dE =  3.27881E-03
SCF Iteration 234: Energy = 12.0923079203509953 dE = -3.27898E-03
SCF Iteration 235: Energy = 12.0955867380595290 dE =  3.27882E-03
SCF Iteration 236: Energy = 12.0923077684454920 dE = -3.27897E-03
SCF Iteration 237: Energy = 12.0955865935561118 dE =  3.27883E-03
SCF Iteration 238: Energy = 12.0923076325866266 dE = -3.27896E-03
SCF Iteration 239: Energy = 12.0955864643174476 dE =  3.27883E-03
SCF Iteration 240: Energy = 12.0923075110793121 dE = -3.27895E-03
SCF Iteration 241: Energy = 12.0955863487310058 dE =  3.27884E-03
SCF Iteration 242: Energy = 12.0923074024075401 dE = -3.27895E-03
SCF Iteration 243: Energy = 12.0955862453546370 dE =  3.27884E-03
SCF Iteration 244: Energy = 12.0923073052153960 dE = -3.27894E-03
SCF Iteration 245: Energy = 12.0955861528984787 dE =  3.27885E-03
SCF Iteration 246: Energy = 12.0923072182902036 dE = -3.27893E-03
SCF Iteration 247: Energy = 12.0955860702090110 dE =  3.27885E-03
SCF Iteration 248: Energy = 12.0923071405474420 dE = -3.27893E-03
SCF Iteration 249: Energy = 12.0955859962545489 dE =  3.27886E-03
SCF Iteration 250: Energy = 12.0923070710171014 dE = -3.27893E-03
SCF Iteration 251: Energy = 12.0955859301123265 dE =  3.27886E-03
SCF Iteration 252: Energy = 12.0923070088316447 dE = -3.27892E-03
SCF Iteration 253: Energy = 12.0955858709570432 dE =  3.27886E-03
SCF Iteration 254: Energy = 12.0923069532152123 dE = -3.27892E-03
SCF Iteration 255: Energy = 12.0955858180507310 dE =  3.27886E-03
SCF Iteration 256: Energy = 12.0923069034738635 dE = -3.27891E-03
SCF Iteration 257: Energy = 12.0955857707332068 dE =  3.27887E-03
SCF Iteration 258: Energy = 12.0923068589869995 dE = -3.27891E-03
SCF Iteration 259: Energy = 12.0955857284141182 dE =  3.27887E-03
SCF Iteration 260: Energy = 12.0923068191995249 dE = -3.27891E-03
SCF Iteration 261: Energy = 12.0955856905654411 dE =  3.27887E-03
SCF Iteration 262: Energy = 12.0923067836150491 dE = -3.27891E-03
SCF Iteration 263: Energy = 12.0955856567149134 dE =  3.27887E-03
SCF Iteration 264: Energy = 12.0923067517895451 dE = -3.27890E-03
SCF Iteration 265: Energy = 12.0955856264402275 dE =  3.27887E-03
SCF Iteration 266: Energy = 12.0923067233259740 dE = -3.27890E-03
SCF Iteration 267: Energy = 12.0955855993636572 dE =  3.27888E-03
SCF Iteration 268: Energy = 12.0923066978691782 dE = -3.27890E-03
SCF Iteration 269: Energy = 12.0955855751473358 dE =  3.27888E-03
SCF Iteration 270: Energy = 12.0923066751015487 dE = -3.27890E-03
SCF Iteration 271: Energy = 12.0955855534891104 dE =  3.27888E-03
SCF Iteration 272: Energy = 12.0923066547389766 dE = -3.27890E-03
SCF Iteration 273: Energy = 12.0955855341187828 dE =  3.27888E-03
SCF Iteration 274: Energy = 12.0923066365274074 dE = -3.27890E-03
SCF Iteration 275: Energy = 12.0955855167946620 dE =  3.27888E-03
SCF Iteration 276: Energy = 12.0923066202396683 dE = -3.27890E-03
SCF Iteration 277: Energy = 12.0955855013005671 dE =  3.27888E-03
SCF Iteration 278: Energy = 12.0923066056724746 dE = -3.27890E-03
SCF Iteration 279: Energy = 12.0955854874432216 dE =  3.27888E-03
SCF Iteration 280: Energy = 12.0923065926441407 dE = -3.27889E-03
SCF Iteration 281: Energy = 12.0955854750497256 dE =  3.27888E-03
SCF Iteration 282: Energy = 12.0923065809920054 dE = -3.27889E-03
SCF Iteration 283: Energy = 12.0955854639654223 dE =  3.27888E-03
SCF Iteration 284: Energy = 12.0923065705708037 dE = -3.27889E-03
SCF Iteration 285: Energy = 12.0955854540520011 dE =  3.27888E-03
SCF Iteration 286: Energy = 12.0923065612504335 dE = -3.27889E-03
SCF Iteration 287: Energy = 12.0955854451858080 dE =  3.27888E-03
SCF Iteration 288: Energy = 12.0923065529146339 dE = -3.27889E-03
SCF Iteration 289: Energy = 12.0955854372561920 dE =  3.27888E-03
SCF Iteration 290: Energy = 12.0923065454593957 dE = -3.27889E-03
SCF Iteration 291: Energy = 12.0955854301642187 dE =  3.27888E-03
SCF Iteration 292: Energy = 12.0923065387917017 dE = -3.27889E-03
SCF Iteration 293: Energy = 12.0955854238214453 dE =  3.27889E-03
SCF Iteration 294: Energy = 12.0923065328283297 dE = -3.27889E-03
SCF Iteration 295: Energy = 12.0955854181486977 dE =  3.27889E-03
SCF Iteration 296: Energy = 12.0923065274949391 dE = -3.27889E-03
SCF Iteration 297: Energy = 12.0955854130751561 dE =  3.27889E-03
SCF Iteration 298: Energy = 12.0923065227249058 dE = -3.27889E-03
SCF Iteration 299: Energy = 12.0955854085375751 dE =  3.27889E-03
SCF Iteration 300: Energy = 12.0923065184588001 dE = -3.27889E-03
SCF Iteration 301: Energy = 12.0955854044793565 dE =  3.27889E-03
SCF Iteration 302: Energy = 12.0923065146433384 dE = -3.27889E-03
SCF Iteration 303: Energy = 12.0955854008497887 dE =  3.27889E-03
SCF Iteration 304: Energy = 12.0923065112309072 dE = -3.27889E-03
SCF Iteration 305: Energy = 12.0955853976036334 dE =  3.27889E-03
SCF Iteration 306: Energy = 12.0923065081789645 dE = -3.27889E-03
SCF Iteration 307: Energy = 12.0955853947004268 dE =  3.27889E-03
SCF Iteration 308: Energy = 12.0923065054493950 dE = -3.27889E-03
SCF Iteration 309: Energy = 12.0955853921038532 dE =  3.27889E-03
SCF Iteration 310: Energy = 12.0923065030082082 dE = -3.27889E-03
SCF Iteration 311: Energy = 12.0955853897816077 dE =  3.27889E-03
SCF Iteration 312: Energy = 12.0923065008248560 dE = -3.27889E-03
SCF Iteration 313: Energy = 12.0955853877046575 dE =  3.27889E-03
SCF Iteration 314: Energy = 12.0923064988721674 dE = -3.27889E-03
SCF Iteration 315: Energy = 12.0955853858471247 dE =  3.27889E-03
SCF Iteration 316: Energy = 12.0923064971257315 dE = -3.27889E-03
SCF Iteration 317: Energy = 12.0955853841858119 dE =  3.27889E-03
SCF Iteration 318: Energy = 12.0923064955638289 dE = -3.27889E-03
SCF Iteration 319: Energy = 12.0955853826999782 dE =  3.27889E-03
SCF Iteration 320: Energy = 12.0923064941668663 dE = -3.27889E-03
SCF Iteration 321: Energy = 12.0955853813711069 dE =  3.27889E-03
SCF Iteration 322: Energy = 12.0923064929175030 dE = -3.27889E-03
SCF Iteration 323: Energy = 12.0955853801826247 dE =  3.27889E-03
SCF Iteration 324: Energy = 12.0923064918001248 dE = -3.27889E-03
SCF Iteration 325: Energy = 12.0955853791196848 dE =  3.27889E-03
SCF Iteration 326: Energy = 12.0923064908007714 dE = -3.27889E-03
SCF Iteration 327: Energy = 12.0955853781690426 dE =  3.27889E-03
SCF Iteration 328: Energy = 12.0923064899069832 dE = -3.27889E-03
SCF Iteration 329: Energy = 12.0955853773187965 dE =  3.27889E-03
SCF Iteration 330: Energy = 12.0923064891075889 dE = -3.27889E-03
SCF Iteration 331: Energy = 12.0955853765583843 dE =  3.27889E-03
SCF Iteration 332: Energy = 12.0923064883926727 dE = -3.27889E-03
SCF Iteration 333: Energy = 12.0955853758782848 dE =  3.27889E-03
SCF Iteration 334: Energy = 12.0923064877532607 dE = -3.27889E-03
SCF Iteration 335: Energy = 12.0955853752700353 dE =  3.27889E-03
SCF Iteration 336: Energy = 12.0923064871814088 dE = -3.27889E-03
SCF Iteration 337: Energy = 12.0955853747260420 dE =  3.27889E-03
SCF Iteration 338: Energy = 12.0923064866699637 dE = -3.27889E-03
SCF Iteration 339: Energy = 12.0955853742395156 dE =  3.27889E-03
SCF Iteration 340: Energy = 12.0923064862125198 dE = -3.27889E-03
SCF Iteration 341: Energy = 12.0955853738043597 dE =  3.27889E-03
SCF Iteration 342: Energy = 12.0923064858034248 dE = -3.27889E-03
SCF Iteration 343: Energy = 12.0955853734152008 dE =  3.27889E-03
SCF Iteration 344: Energy = 12.0923064854375273 dE = -3.27889E-03
SCF Iteration 345: Energy = 12.0955853730671539 dE =  3.27889E-03
SCF Iteration 346: Energy = 12.0923064851103010 dE = -3.27889E-03
SCF Iteration 347: Energy = 12.0955853727558651 dE =  3.27889E-03
SCF Iteration 348: Energy = 12.0923064848176178 dE = -3.27889E-03
SCF Iteration 349: Energy = 12.0955853724774549 dE =  3.27889E-03
SCF Iteration 350: Energy = 12.0923064845558610 dE = -3.27889E-03
SCF Iteration 351: Energy = 12.0955853722284470 dE =  3.27889E-03
SCF Iteration 352: Energy = 12.0923064843217656 dE = -3.27889E-03
SCF Iteration 353: Energy = 12.0955853720057522 dE =  3.27889E-03
SCF Iteration 354: Energy = 12.0923064841123793 dE = -3.27889E-03
SCF Iteration 355: Energy = 12.0955853718065729 dE =  3.27889E-03
SCF Iteration 356: Energy = 12.0923064839251015 dE = -3.27889E-03
SCF Iteration 357: Energy = 12.0955853716284381 dE =  3.27889E-03
SCF Iteration 358: Energy = 12.0923064837576568 dE = -3.27889E-03
SCF Iteration 359: Energy = 12.0955853714691237 dE =  3.27889E-03
SCF Iteration 360: Energy = 12.0923064836078691 dE = -3.27889E-03
SCF Iteration 361: Energy = 12.0955853713266386 dE =  3.27889E-03
SCF Iteration 362: Energy = 12.0923064834739034 dE = -3.27889E-03
SCF Iteration 363: Energy = 12.0955853711992063 dE =  3.27889E-03
SCF Iteration 364: Energy = 12.0923064833541183 dE = -3.27889E-03
SCF Iteration 365: Energy = 12.0955853710852264 dE =  3.27889E-03
SCF Iteration 366: Energy = 12.0923064832469525 dE = -3.27889E-03
SCF Iteration 367: Energy = 12.0955853709833079 dE =  3.27889E-03
SCF Iteration 368: Energy = 12.0923064831511180 dE = -3.27889E-03
SCF Iteration 369: Energy = 12.0955853708921435 dE =  3.27889E-03
SCF Iteration 370: Energy = 12.0923064830654106 dE = -3.27889E-03
SCF Iteration 371: Energy = 12.0955853708106158 dE =  3.27889E-03
SCF Iteration 372: Energy = 12.0923064829887448 dE = -3.27889E-03
SCF Iteration 373: Energy = 12.0955853707376946 dE =  3.27889E-03
SCF Iteration 374: Energy = 12.0923064829202129 dE = -3.27889E-03
SCF Iteration 375: Energy = 12.0955853706724632 dE =  3.27889E-03
SCF Iteration 376: Energy = 12.0923064828588931 dE = -3.27889E-03
SCF Iteration 377: Energy = 12.0955853706141543 dE =  3.27889E-03
SCF Iteration 378: Energy = 12.0923064828040445 dE = -3.27889E-03
SCF Iteration 379: Energy = 12.0955853705619774 dE =  3.27889E-03
SCF Iteration 380: Energy = 12.0923064827549887 dE = -3.27889E-03
SCF Iteration 381: Energy = 12.0955853705153089 dE =  3.27889E-03
SCF Iteration 382: Energy = 12.0923064827111322 dE = -3.27889E-03
SCF Iteration 383: Energy = 12.0955853704736018 dE =  3.27889E-03
SCF Iteration 384: Energy = 12.0923064826719067 dE = -3.27889E-03
SCF Iteration 385: Energy = 12.0955853704362788 dE =  3.27889E-03
SCF Iteration 386: Energy = 12.0923064826368130 dE = -3.27889E-03
SCF Iteration 387: Energy = 12.0955853704028922 dE =  3.27889E-03
SCF Iteration 388: Energy = 12.0923064826054159 dE = -3.27889E-03
SCF Iteration 389: Energy = 12.0955853703730565 dE =  3.27889E-03
SCF Iteration 390: Energy = 12.0923064825773476 dE = -3.27889E-03
SCF Iteration 391: Energy = 12.0955853703463312 dE =  3.27889E-03
SCF Iteration 392: Energy = 12.0923064825522726 dE = -3.27889E-03
SCF Iteration 393: Energy = 12.0955853703224587 dE =  3.27889E-03
SCF Iteration 394: Energy = 12.0923064825298123 dE = -3.27889E-03
SCF Iteration 395: Energy = 12.0955853703011158 dE =  3.27889E-03
SCF Iteration 396: Energy = 12.0923064825097342 dE = -3.27889E-03
SCF Iteration 397: Energy = 12.0955853702820146 dE =  3.27889E-03
SCF Iteration 398: Energy = 12.0923064824917734 dE = -3.27889E-03
SCF Iteration 399: Energy = 12.0955853702649225 dE =  3.27889E-03
SCF Iteration 400: Energy = 12.0923064824757045 dE = -3.27889E-03
SCF Iteration 401: Energy = 12.0955853702496352 dE =  3.27889E-03
SCF Iteration 402: Energy = 12.0923064824613515 dE = -3.27889E-03
SCF Iteration 403: Energy = 12.0955853702359786 dE =  3.27889E-03
SCF Iteration 404: Energy = 12.0923064824485014 dE = -3.27889E-03
SCF Iteration 405: Energy = 12.0955853702237679 dE =  3.27889E-03
SCF Iteration 406: Energy = 12.0923064824370261 dE = -3.27889E-03
SCF Iteration 407: Energy = 12.0955853702128575 dE =  3.27889E-03
SCF Iteration 408: Energy = 12.0923064824267534 dE = -3.27889E-03
SCF Iteration 409: Energy = 12.0955853702030787 dE =  3.27889E-03
SCF Iteration 410: Energy = 12.0923064824175484 dE = -3.27889E-03
SCF Iteration 411: Energy = 12.0955853701943159 dE =  3.27889E-03
SCF Iteration 412: Energy = 12.0923064824093469 dE = -3.27889E-03
SCF Iteration 413: Energy = 12.0955853701865035 dE =  3.27889E-03
SCF Iteration 414: Energy = 12.0923064824019857 dE = -3.27889E-03
SCF Iteration 415: Energy = 12.0955853701795366 dE =  3.27889E-03
SCF Iteration 416: Energy = 12.0923064823954096 dE = -3.27889E-03
SCF Iteration 417: Energy = 12.0955853701732519 dE =  3.27889E-03
SCF Iteration 418: Energy = 12.0923064823895263 dE = -3.27889E-03
SCF Iteration 419: Energy = 12.0955853701676563 dE =  3.27889E-03
SCF Iteration 420: Energy = 12.0923064823842719 dE = -3.27889E-03
SCF Iteration 421: Energy = 12.0955853701626861 dE =  3.27889E-03
SCF Iteration 422: Energy = 12.0923064823795716 dE = -3.27889E-03
SCF Iteration 423: Energy = 12.0955853701581901 dE =  3.27889E-03
SCF Iteration 424: Energy = 12.0923064823753830 dE = -3.27889E-03
SCF Iteration 425: Energy = 12.0955853701541880 dE =  3.27889E-03
SCF Iteration 426: Energy = 12.0923064823716047 dE = -3.27889E-03
SCF Iteration 427: Energy = 12.0955853701506033 dE =  3.27889E-03
SCF Iteration 428: Energy = 12.0923064823682562 dE = -3.27889E-03
SCF Iteration 429: Energy = 12.0955853701474005 dE =  3.27889E-03
SCF Iteration 430: Energy = 12.0923064823652116 dE = -3.27889E-03
SCF Iteration 431: Energy = 12.0955853701445317 dE =  3.27889E-03
SCF Iteration 432: Energy = 12.0923064823625346 dE = -3.27889E-03
SCF Iteration 433: Energy = 12.0955853701419844 dE =  3.27889E-03
SCF Iteration 434: Energy = 12.0923064823601241 dE = -3.27889E-03
SCF Iteration 435: Energy = 12.0955853701396912 dE =  3.27889E-03
SCF Iteration 436: Energy = 12.0923064823579853 dE = -3.27889E-03
SCF Iteration 437: Energy = 12.0955853701376483 dE =  3.27889E-03
SCF Iteration 438: Energy = 12.0923064823560527 dE = -3.27889E-03
SCF Iteration 439: Energy = 12.0955853701358205 dE =  3.27889E-03
SCF Iteration 440: Energy = 12.0923064823543527 dE = -3.27889E-03
SCF Iteration 441: Energy = 12.0955853701341844 dE =  3.27889E-03
SCF Iteration 442: Energy = 12.0923064823527966 dE = -3.27889E-03
SCF Iteration 443: Energy = 12.0955853701327154 dE =  3.27889E-03
SCF Iteration 444: Energy = 12.0923064823514164 dE = -3.27889E-03
SCF Iteration 445: Energy = 12.0955853701314116 dE =  3.27889E-03
SCF Iteration 446: Energy = 12.0923064823501676 dE = -3.27889E-03
SCF Iteration 447: Energy = 12.0955853701302143 dE =  3.27889E-03
SCF Iteration 448: Energy = 12.0923064823490733 dE = -3.27889E-03
SCF Iteration 449: Energy = 12.0955853701291645 dE =  3.27889E-03
SCF Iteration 450: Energy = 12.0923064823480804 dE = -3.27889E-03
SCF Iteration 451: Energy = 12.0955853701282479 dE =  3.27889E-03
SCF Iteration 452: Energy = 12.0923064823472100 dE = -3.27889E-03
SCF Iteration 453: Energy = 12.0955853701273846 dE =  3.27889E-03
SCF Iteration 454: Energy = 12.0923064823464248 dE = -3.27889E-03
SCF Iteration 455: Energy = 12.0955853701266438 dE =  3.27889E-03
SCF Iteration 456: Energy = 12.0923064823457320 dE = -3.27889E-03
SCF Iteration 457: Energy = 12.0955853701259741 dE =  3.27889E-03
SCF Iteration 458: Energy = 12.0923064823450819 dE = -3.27889E-03
SCF Iteration 459: Energy = 12.0955853701253826 dE =  3.27889E-03
SCF Iteration 460: Energy = 12.0923064823445277 dE = -3.27889E-03
SCF Iteration 461: Energy = 12.0955853701248426 dE =  3.27889E-03
SCF Iteration 462: Energy = 12.0923064823440196 dE = -3.27889E-03
SCF Iteration 463: Energy = 12.0955853701243576 dE =  3.27889E-03
SCF Iteration 464: Energy = 12.0923064823435595 dE = -3.27889E-03
SCF Iteration 465: Energy = 12.0955853701239402 dE =  3.27889E-03
SCF Iteration 466: Energy = 12.0923064823431563 dE = -3.27889E-03
SCF Iteration 467: Energy = 12.0955853701235352 dE =  3.27889E-03
SCF Iteration 468: Energy = 12.0923064823428081 dE = -3.27889E-03
SCF Iteration 469: Energy = 12.0955853701232119 dE =  3.27889E-03
SCF Iteration 470: Energy = 12.0923064823424955 dE = -3.27889E-03
SCF Iteration 471: Energy = 12.0955853701229241 dE =  3.27889E-03
SCF Iteration 472: Energy = 12.0923064823421864 dE = -3.27889E-03
SCF Iteration 473: Energy = 12.0955853701226186 dE =  3.27889E-03
SCF Iteration 474: Energy = 12.0923064823419306 dE = -3.27889E-03
SCF Iteration 475: Energy = 12.0955853701223734 dE =  3.27889E-03
SCF Iteration 476: Energy = 12.0923064823417121 dE = -3.27889E-03
SCF Iteration 477: Energy = 12.0955853701221496 dE =  3.27889E-03
SCF Iteration 478: Energy = 12.0923064823414936 dE = -3.27889E-03
SCF Iteration 479: Energy = 12.0955853701219578 dE =  3.27889E-03
SCF Iteration 480: Energy = 12.0923064823413089 dE = -3.27889E-03
SCF Iteration 481: Energy = 12.0955853701217837 dE =  3.27889E-03
SCF Iteration 482: Energy = 12.0923064823411455 dE = -3.27889E-03
SCF Iteration 483: Energy = 12.0955853701216487 dE =  3.27889E-03
SCF Iteration 484: Energy = 12.0923064823410105 dE = -3.27889E-03
SCF Iteration 485: Energy = 12.0955853701214853 dE =  3.27889E-03
SCF Iteration 486: Energy = 12.0923064823408595 dE = -3.27889E-03
SCF Iteration 487: Energy = 12.0955853701213751 dE =  3.27889E-03
SCF Iteration 488: Energy = 12.0923064823407334 dE = -3.27889E-03
SCF Iteration 489: Energy = 12.0955853701212597 dE =  3.27889E-03
SCF Iteration 490: Energy = 12.0923064823406552 dE = -3.27889E-03
SCF Iteration 491: Energy = 12.0955853701211513 dE =  3.27889E-03
SCF Iteration 492: Energy = 12.0923064823405557 dE = -3.27889E-03
SCF Iteration 493: Energy = 12.0955853701210536 dE =  3.27889E-03
SCF Iteration 494: Energy = 12.0923064823404616 dE = -3.27889E-03
SCF Iteration 495: Energy = 12.0955853701210021 dE =  3.27889E-03
SCF Iteration 496: Energy = 12.0923064823403994 dE = -3.27889E-03
SCF Iteration 497: Energy = 12.0955853701209097 dE =  3.27889E-03
SCF Iteration 498: Energy = 12.0923064823403248 dE = -3.27889E-03
SCF Iteration 499: Energy = 12.0955853701208458 dE =  3.27889E-03
SCF Iteration 500: Energy = 12.0923064823402662 dE = -3.27889E-03
