
  Memory set to  55.879 GiB by Python driver.
  Threads set to 1 by Python driver.
Settings:
	LOT = CCSD-S2-U22
	wc = 20.0 eV
	lambda = [1.212424 0.       0.      ] a.u.
	Equivalent A0 = LAMBDA / sqrt(2 wc) = [1. 0. 0.])
doing QED-CCSD-Full (or QED-CCSD-22)
Number of occupied orbitals:   1
Number of basis functions:  60
SCF Iteration   1: Energy = 1.0019084197981831 dE =  1.00191E+00
SCF Iteration   2: Energy = -0.0525217480444334 dE = -1.05443E+00
SCF Iteration   3: Energy = -0.0594280460961610 dE = -6.90630E-03
SCF Iteration   4: Energy = -0.0595497723669230 dE = -1.21726E-04
SCF Iteration   5: Energy = -0.0595529079854923 dE = -3.13562E-06
SCF Iteration   6: Energy = -0.0595530036510653 dE = -9.56656E-08
SCF Iteration   7: Energy = -0.0595530068014225 dE = -3.15036E-09
SCF Iteration   8: Energy = -0.0595530069086331 dE = -1.07211E-10
SCF Iteration   9: Energy = -0.0595530069123317 dE = -3.69860E-12

SCF converged.
E_QED_HF          = -0.059553006912332
HF  (psi4)        = -1.101526757576596
Starting with the CCSD calculation:

Iter  Energy(CCSD)      E_diff    time(sec)
  1:  -0.6043718813  6.04372E-01   19.093
  2:  -0.5610618817  4.33100E-02   19.084
  3:  -0.5592829182  1.77896E-03   19.081
  4:  -0.5920647390  3.27818E-02   19.087
  5:  -0.6140396358  2.19749E-02   19.078
  6:  -0.6118328759  2.20676E-03   19.075
  7:  -0.6156285347  3.79566E-03   19.071
  8:  -0.6218696858  6.24115E-03   19.064
  9:  -0.6232373018  1.36762E-03   19.075
 10:  -0.6244312663  1.19396E-03   19.067
 11:  -0.6250141884  5.82922E-04   19.075
 12:  -0.6251783049  1.64117E-04   19.062
 13:  -0.6252812035  1.02899E-04   19.069
 14:  -0.6252975233  1.63199E-05   19.070
 15:  -0.6253089237  1.14004E-05   19.077
 16:  -0.6252950340  1.38897E-05   19.078
 17:  -0.6252858032  9.23078E-06   19.077
 18:  -0.6252825154  3.28787E-06   19.070
 19:  -0.6252829602  4.44826E-07   19.066
 20:  -0.6252828686  9.15602E-08   19.072
 21:  -0.6252829155  4.68450E-08   19.068
 22:  -0.6252824791  4.36380E-07   19.064
 23:  -0.6252824775  1.54476E-09   19.061
E_QED_CCSD  (Corr.)  = -0.625282477542898
E_QED_CCSD tot       = -0.684835484455229
E_CCSD_psi4 (Corr.)  = -0.044757417024078
E_CCSD_psi4 tot      = -1.146284174600674
