
  Memory set to  55.879 GiB by Python driver.
  Threads set to 1 by Python driver.
Settings:
	LOT = CCSD-S2-U22
	wc = 20.0 eV
	lambda = [1.212424 0.       0.      ] a.u.
	Equivalent A0 = LAMBDA / sqrt(2 wc) = [1. 0. 0.])
doing QED-CCSD-Full (or QED-CCSD-22)
Number of occupied orbitals:   1
Number of basis functions:  60
SCF Iteration   1: Energy = 9.6751317037035705 dE =  9.67513E+00
SCF Iteration   2: Energy = 10.2513433836789787 dE =  5.76212E-01
SCF Iteration   3: Energy = 9.9226857663700621 dE = -3.28658E-01
SCF Iteration   4: Energy = 10.1738022456733077 dE =  2.51116E-01
SCF Iteration   5: Energy = 10.0863900240935607 dE = -8.74122E-02
SCF Iteration   6: Energy = 10.1804170166864019 dE =  9.40270E-02
SCF Iteration   7: Energy = 10.1572017778514603 dE = -2.32152E-02
SCF Iteration   8: Energy = 10.1901159300446338 dE =  3.29142E-02
SCF Iteration   9: Energy = 10.1850225790599360 dE = -5.09335E-03
SCF Iteration  10: Energy = 10.1940154486329266 dE =  8.99287E-03
SCF Iteration  11: Energy = 10.1937013906029552 dE = -3.14058E-04
SCF Iteration  12: Energy = 10.1928203717925427 dE = -8.81019E-04
SCF Iteration  13: Energy = 10.1932211803183392 dE =  4.00809E-04
SCF Iteration  14: Energy = 10.1881227235644793 dE = -5.09846E-03
SCF Iteration  15: Energy = 10.1880943566545330 dE = -2.83669E-05
SCF Iteration  16: Energy = 10.1812398555690820 dE = -6.85450E-03
SCF Iteration  17: Energy = 10.1805927460372097 dE = -6.47110E-04
SCF Iteration  18: Energy = 10.1731306327332689 dE = -7.46211E-03
SCF Iteration  19: Energy = 10.1719697552168071 dE = -1.16088E-03
SCF Iteration  20: Energy = 10.1644652010323515 dE = -7.50455E-03
SCF Iteration  21: Energy = 10.1629611494910801 dE = -1.50405E-03
SCF Iteration  22: Energy = 10.1557002219322356 dE = -7.26093E-03
SCF Iteration  23: Energy = 10.1540123595536915 dE = -1.68786E-03
SCF Iteration  24: Energy = 10.1471381597136556 dE = -6.87420E-03
SCF Iteration  25: Energy = 10.1453931842982676 dE = -1.74498E-03
SCF Iteration  26: Energy = 10.1389712241735630 dE = -6.42196E-03
SCF Iteration  27: Energy = 10.1372616507814044 dE = -1.70957E-03
SCF Iteration  28: Energy = 10.1313134927308184 dE = -5.94816E-03
SCF Iteration  29: Energy = 10.1297025851613132 dE = -1.61091E-03
SCF Iteration  30: Energy = 10.1242243097349167 dE = -5.47828E-03
SCF Iteration  31: Energy = 10.1227523550004790 dE = -1.47195E-03
SCF Iteration  32: Energy = 10.1177252881875042 dE = -5.02707E-03
SCF Iteration  33: Energy = 10.1164153872143956 dE = -1.30990E-03
SCF Iteration  34: Energy = 10.1118126137530098 dE = -4.60277E-03
SCF Iteration  35: Energy = 10.1106754571562441 dE = -1.13716E-03
SCF Iteration  36: Energy = 10.1064658958881530 dE = -4.20956E-03
SCF Iteration  37: Energy = 10.1055034903878784 dE = -9.62406E-04
SCF Iteration  38: Energy = 10.1016544830407788 dE = -3.84901E-03
SCF Iteration  39: Energy = 10.1008629647730679 dE = -7.91518E-04
SCF Iteration  40: Energy = 10.0973419200540082 dE = -3.52104E-03
SCF Iteration  41: Energy = 10.0967136303587441 dE = -6.28290E-04
SCF Iteration  42: Energy = 10.0934890499187055 dE = -3.22458E-03
SCF Iteration  43: Energy = 10.0930140386741058 dE = -4.75011E-04
SCF Iteration  44: Energy = 10.0900561313388764 dE = -2.95791E-03
SCF Iteration  45: Energy = 10.0897232266268979 dE = -3.32905E-04
SCF Iteration  46: Energy = 10.0870042462317002 dE = -2.71898E-03
SCF Iteration  47: Energy = 10.0868018008601226 dE = -2.02445E-04
SCF Iteration  48: Energy = 10.0842961987823774 dE = -2.50560E-03
SCF Iteration  49: Energy = 10.0842125990335969 dE = -8.35997E-05
SCF Iteration  50: Energy = 10.0818970537846688 dE = -2.31555E-03
SCF Iteration  51: Energy = 10.0819210550931082 dE =  2.40013E-05
SCF Iteration  52: Energy = 10.0797744220646273 dE = -2.14663E-03
SCF Iteration  53: Energy = 10.0798953600427623 dE =  1.20938E-04
SCF Iteration  54: Energy = 10.0778985712922200 dE = -1.99679E-03
SCF Iteration  55: Energy = 10.0781064840103216 dE =  2.07913E-04
SCF Iteration  56: Energy = 10.0762424187751094 dE = -1.86407E-03
SCF Iteration  57: Energy = 10.0765281067269434 dE =  2.85688E-04
SCF Iteration  58: Energy = 10.0747814468958019 dE = -1.74666E-03
SCF Iteration  59: Energy = 10.0751364899843807 dE =  3.55043E-04
SCF Iteration  60: Energy = 10.0734935701943265 dE = -1.64292E-03
SCF Iteration  61: Energy = 10.0739103157910819 dE =  4.16746E-04
SCF Iteration  62: Energy = 10.0723589745921203 dE = -1.55134E-03
SCF Iteration  63: Energy = 10.0728305068114725 dE =  4.71532E-04
SCF Iteration  64: Energy = 10.0713599430638734 dE = -1.47056E-03
SCF Iteration  65: Energy = 10.0718800405135678 dE =  5.20097E-04
SCF Iteration  66: Energy = 10.0704806775784679 dE = -1.39936E-03
SCF Iteration  67: Energy = 10.0710437647263120 dE =  5.63087E-04
SCF Iteration  68: Energy = 10.0697071238915825 dE = -1.33664E-03
SCF Iteration  69: Energy = 10.0703082196399567 dE =  6.01096E-04
SCF Iteration  70: Energy = 10.0690268034483914 dE = -1.28142E-03
SCF Iteration  71: Energy = 10.0696614693765021 dE =  6.34666E-04
SCF Iteration  72: Energy = 10.0684286549973887 dE = -1.23281E-03
SCF Iteration  73: Energy = 10.0690929449125228 dE =  6.64290E-04
SCF Iteration  74: Energy = 10.0679028873480032 dE = -1.19006E-03
SCF Iteration  75: Energy = 10.0685932991948608 dE =  6.90412E-04
SCF Iteration  76: Energy = 10.0674408438894822 dE = -1.15246E-03
SCF Iteration  77: Energy = 10.0681542746457460 dE =  7.13431E-04
SCF Iteration  78: Energy = 10.0670348789326347 dE = -1.11940E-03
SCF Iteration  79: Energy = 10.0677685828193084 dE =  7.33704E-04
SCF Iteration  80: Energy = 10.0666782455655426 dE = -1.09034E-03
SCF Iteration  81: Energy = 10.0674297956940393 dE =  7.51550E-04
SCF Iteration  82: Energy = 10.0663649944781799 dE = -1.06480E-03
SCF Iteration  83: Energy = 10.0671322479135021 dE =  7.67253E-04
SCF Iteration  84: Energy = 10.0660898830703847 dE = -1.04236E-03
SCF Iteration  85: Energy = 10.0668709491969235 dE =  7.81066E-04
SCF Iteration  86: Energy = 10.0658482940840805 dE = -1.02266E-03
SCF Iteration  87: Energy = 10.0666415061015186 dE =  7.93212E-04
SCF Iteration  88: Energy = 10.0656361629745010 dE = -1.00534E-03
SCF Iteration  89: Energy = 10.0664400523169260 dE =  8.03889E-04
SCF Iteration  90: Energy = 10.0654499132405562 dE = -9.90139E-04
SCF Iteration  91: Energy = 10.0662631866955223 dE =  8.13273E-04
SCF Iteration  92: Energy = 10.0652863989610317 dE = -9.76788E-04
SCF Iteration  93: Energy = 10.0661079182602791 dE =  8.21519E-04
SCF Iteration  94: Energy = 10.0651428538231418 dE = -9.65064E-04
SCF Iteration  95: Energy = 10.0659716174806366 dE =  8.28764E-04
SCF Iteration  96: Energy = 10.0650168459768636 dE = -9.54772E-04
SCF Iteration  97: Energy = 10.0658519731585265 dE =  8.35127E-04
SCF Iteration  98: Energy = 10.0649062381005194 dE = -9.45735E-04
SCF Iteration  99: Energy = 10.0657469543225062 dE =  8.40716E-04
SCF Iteration 100: Energy = 10.0648091521139609 dE = -9.37802E-04
SCF Iteration 101: Energy = 10.0656547765800415 dE =  8.45624E-04
SCF Iteration 102: Energy = 10.0647239380278872 dE = -9.30839E-04
SCF Iteration 103: Energy = 10.0655738724321644 dE =  8.49934E-04
SCF Iteration 104: Energy = 10.0646491464665679 dE = -9.24726E-04
SCF Iteration 105: Energy = 10.0655028651017382 dE =  8.53719E-04
SCF Iteration 106: Energy = 10.0645835044472136 dE = -9.19361E-04
SCF Iteration 107: Energy = 10.0654405454745977 dE =  8.57041E-04
SCF Iteration 108: Energy = 10.0645258940433102 dE = -9.14651E-04
SCF Iteration 109: Energy = 10.0653858517935753 dE =  8.59958E-04
SCF Iteration 110: Energy = 10.0644753335975565 dE = -9.10518E-04
SCF Iteration 111: Energy = 10.0653378517854826 dE =  8.62518E-04
SCF Iteration 112: Energy = 10.0644309611877674 dE = -9.06891E-04
SCF Iteration 113: Energy = 10.0652957269356200 dE =  8.64766E-04
SCF Iteration 114: Energy = 10.0643920200807582 dE = -9.03707E-04
SCF Iteration 115: Energy = 10.0652587586566185 dE =  8.66739E-04
SCF Iteration 116: Energy = 10.0643578459395009 dE = -9.00913E-04
SCF Iteration 117: Energy = 10.0652263161271200 dE =  8.68470E-04
SCF Iteration 118: Energy = 10.0643278555758755 dE = -8.98461E-04
SCF Iteration 119: Energy = 10.0651978456015918 dE =  8.69990E-04
SCF Iteration 120: Energy = 10.0643015370641962 dE = -8.96309E-04
SCF Iteration 121: Energy = 10.0651728610152311 dE =  8.71324E-04
SCF Iteration 122: Energy = 10.0642784410533359 dE = -8.94420E-04
SCF Iteration 123: Energy = 10.0651509357288163 dE =  8.72495E-04
SCF Iteration 124: Energy = 10.0642581731330765 dE = -8.92763E-04
SCF Iteration 125: Energy = 10.0651316952765715 dE =  8.73522E-04
SCF Iteration 126: Energy = 10.0642403871283896 dE = -8.91308E-04
SCF Iteration 127: Energy = 10.0651148109957589 dE =  8.74424E-04
SCF Iteration 128: Energy = 10.0642247792092476 dE = -8.90032E-04
SCF Iteration 129: Energy = 10.0650999944320532 dE =  8.75215E-04
SCF Iteration 130: Energy = 10.0642110827176445 dE = -8.88912E-04
SCF Iteration 131: Energy = 10.0650869924260515 dE =  8.75910E-04
SCF Iteration 132: Energy = 10.0641990636250362 dE = -8.87929E-04
SCF Iteration 133: Energy = 10.0650755827993734 dE =  8.76519E-04
SCF Iteration 134: Energy = 10.0641885165436129 dE = -8.87066E-04
SCF Iteration 135: Energy = 10.0650655705664782 dE =  8.77054E-04
SCF Iteration 136: Energy = 10.0641792612242114 dE = -8.86309E-04
SCF Iteration 137: Energy = 10.0650567846091548 dE =  8.77523E-04
SCF Iteration 138: Energy = 10.0641711394818731 dE = -8.85645E-04
SCF Iteration 139: Energy = 10.0650490747570593 dE =  8.77935E-04
SCF Iteration 140: Energy = 10.0641640124965797 dE = -8.85062E-04
SCF Iteration 141: Energy = 10.0650423092248253 dE =  8.78297E-04
SCF Iteration 142: Energy = 10.0641577584441464 dE = -8.84551E-04
SCF Iteration 143: Energy = 10.0650363723623890 dE =  8.78614E-04
SCF Iteration 144: Energy = 10.0641522704162902 dE = -8.84102E-04
SCF Iteration 145: Energy = 10.0650311626803486 dE =  8.78892E-04
SCF Iteration 146: Energy = 10.0641474545953251 dE = -8.83708E-04
SCF Iteration 147: Energy = 10.0650265911168084 dE =  8.79137E-04
SCF Iteration 148: Energy = 10.0641432286516483 dE = -8.83362E-04
SCF Iteration 149: Energy = 10.0650225795159898 dE =  8.79351E-04
SCF Iteration 150: Energy = 10.0641395203376760 dE = -8.83059E-04
SCF Iteration 151: Energy = 10.0650190592933466 dE =  8.79539E-04
SCF Iteration 152: Energy = 10.0641362662534490 dE = -8.82793E-04
SCF Iteration 153: Energy = 10.0650159702634721 dE =  8.79704E-04
SCF Iteration 154: Energy = 10.0641334107634428 dE = -8.82560E-04
SCF Iteration 155: Energy = 10.0650132596119875 dE =  8.79849E-04
SCF Iteration 156: Energy = 10.0641309050459089 dE = -8.82355E-04
SCF Iteration 157: Energy = 10.0650108809928174 dE =  8.79976E-04
SCF Iteration 158: Energy = 10.0641287062583977 dE = -8.82175E-04
SCF Iteration 159: Energy = 10.0650087937362311 dE =  8.80087E-04
SCF Iteration 160: Energy = 10.0641267768058249 dE = -8.82017E-04
SCF Iteration 161: Energy = 10.0650069621536247 dE =  8.80185E-04
SCF Iteration 162: Energy = 10.0641250836976219 dE = -8.81878E-04
SCF Iteration 163: Energy = 10.0650053549276315 dE =  8.80271E-04
SCF Iteration 164: Energy = 10.0641235979840609 dE = -8.81757E-04
SCF Iteration 165: Energy = 10.0650039445766986 dE =  8.80347E-04
SCF Iteration 166: Energy = 10.0641222942612298 dE = -8.81650E-04
SCF Iteration 167: Energy = 10.0650027069853891 dE =  8.80413E-04
SCF Iteration 168: Energy = 10.0641211502367991 dE = -8.81557E-04
SCF Iteration 169: Energy = 10.0650016209920530 dE =  8.80471E-04
SCF Iteration 170: Energy = 10.0641201463490404 dE = -8.81475E-04
SCF Iteration 171: Energy = 10.0650006680270838 dE =  8.80522E-04
SCF Iteration 172: Energy = 10.0641192654321756 dE = -8.81403E-04
SCF Iteration 173: Energy = 10.0649998317953866 dE =  8.80566E-04
SCF Iteration 174: Energy = 10.0641184924231926 dE = -8.81339E-04
SCF Iteration 175: Energy = 10.0649990979979815 dE =  8.80606E-04
SCF Iteration 176: Energy = 10.0641178141040264 dE = -8.81284E-04
SCF Iteration 177: Energy = 10.0649984540872577 dE =  8.80640E-04
SCF Iteration 178: Energy = 10.0641172188757508 dE = -8.81235E-04
SCF Iteration 179: Energy = 10.0649978890526359 dE =  8.80670E-04
SCF Iteration 180: Energy = 10.0641166965602480 dE = -8.81192E-04
SCF Iteration 181: Energy = 10.0649973932322379 dE =  8.80697E-04
SCF Iteration 182: Energy = 10.0641162382260525 dE = -8.81155E-04
SCF Iteration 183: Energy = 10.0649969581476686 dE =  8.80720E-04
SCF Iteration 184: Energy = 10.0641158360358496 dE = -8.81122E-04
SCF Iteration 185: Energy = 10.0649965763591229 dE =  8.80740E-04
SCF Iteration 186: Energy = 10.0641154831122286 dE = -8.81093E-04
SCF Iteration 187: Energy = 10.0649962413380791 dE =  8.80758E-04
SCF Iteration 188: Energy = 10.0641151734202943 dE = -8.81068E-04
SCF Iteration 189: Energy = 10.0649959473557455 dE =  8.80774E-04
SCF Iteration 190: Energy = 10.0641149016643716 dE = -8.81046E-04
SCF Iteration 191: Energy = 10.0649956893850892 dE =  8.80788E-04
SCF Iteration 192: Energy = 10.0641146631974578 dE = -8.81026E-04
SCF Iteration 193: Energy = 10.0649954630147960 dE =  8.80800E-04
SCF Iteration 194: Energy = 10.0641144539417766 dE = -8.81009E-04
SCF Iteration 195: Energy = 10.0649952643739677 dE =  8.80810E-04
SCF Iteration 196: Energy = 10.0641142703191342 dE = -8.80994E-04
SCF Iteration 197: Energy = 10.0649950900659171 dE =  8.80820E-04
SCF Iteration 198: Energy = 10.0641141091895676 dE = -8.80981E-04
SCF Iteration 199: Energy = 10.0649949371099012 dE =  8.80828E-04
SCF Iteration 200: Energy = 10.0641139677977201 dE = -8.80969E-04
SCF Iteration 201: Energy = 10.0649948028904355 dE =  8.80835E-04
SCF Iteration 202: Energy = 10.0641138437258881 dE = -8.80959E-04
SCF Iteration 203: Energy = 10.0649946851123495 dE =  8.80841E-04
SCF Iteration 204: Energy = 10.0641137348523486 dE = -8.80950E-04
SCF Iteration 205: Energy = 10.0649945817616100 dE =  8.80847E-04
SCF Iteration 206: Energy = 10.0641136393154547 dE = -8.80942E-04
SCF Iteration 207: Energy = 10.0649944910710083 dE =  8.80852E-04
SCF Iteration 208: Energy = 10.0641135554814412 dE = -8.80936E-04
SCF Iteration 209: Energy = 10.0649944114896215 dE =  8.80856E-04
SCF Iteration 210: Energy = 10.0641134819168094 dE = -8.80930E-04
SCF Iteration 211: Energy = 10.0649943416567051 dE =  8.80860E-04
SCF Iteration 212: Energy = 10.0641134173635596 dE = -8.80924E-04
SCF Iteration 213: Energy = 10.0649942803780519 dE =  8.80863E-04
SCF Iteration 214: Energy = 10.0641133607178617 dE = -8.80920E-04
SCF Iteration 215: Energy = 10.0649942266057941 dE =  8.80866E-04
SCF Iteration 216: Energy = 10.0641133110110381 dE = -8.80916E-04
SCF Iteration 217: Energy = 10.0649941794204523 dE =  8.80868E-04
SCF Iteration 218: Energy = 10.0641132673931146 dE = -8.80912E-04
SCF Iteration 219: Energy = 10.0649941380151393 dE =  8.80871E-04
SCF Iteration 220: Energy = 10.0641132291182593 dE = -8.80909E-04
SCF Iteration 221: Energy = 10.0649941016818421 dE =  8.80873E-04
SCF Iteration 222: Energy = 10.0641131955319185 dE = -8.80906E-04
SCF Iteration 223: Energy = 10.0649940697992495 dE =  8.80874E-04
SCF Iteration 224: Energy = 10.0641131660597747 dE = -8.80904E-04
SCF Iteration 225: Energy = 10.0649940418221107 dE =  8.80876E-04
SCF Iteration 226: Energy = 10.0641131401978807 dE = -8.80902E-04
SCF Iteration 227: Energy = 10.0649940172720882 dE =  8.80877E-04
SCF Iteration 228: Energy = 10.0641131175039611 dE = -8.80900E-04
SCF Iteration 229: Energy = 10.0649939957293864 dE =  8.80878E-04
SCF Iteration 230: Energy = 10.0641130975899777 dE = -8.80898E-04
SCF Iteration 231: Energy = 10.0649939768255834 dE =  8.80879E-04
SCF Iteration 232: Energy = 10.0641130801153604 dE = -8.80897E-04
SCF Iteration 233: Energy = 10.0649939602374090 dE =  8.80880E-04
SCF Iteration 234: Energy = 10.0641130647813561 dE = -8.80895E-04
SCF Iteration 235: Energy = 10.0649939456812376 dE =  8.80881E-04
SCF Iteration 236: Energy = 10.0641130513256911 dE = -8.80894E-04
SCF Iteration 237: Energy = 10.0649939329081519 dE =  8.80882E-04
SCF Iteration 238: Energy = 10.0641130395183076 dE = -8.80893E-04
SCF Iteration 239: Energy = 10.0649939216997026 dE =  8.80882E-04
SCF Iteration 240: Energy = 10.0641130291572711 dE = -8.80893E-04
SCF Iteration 241: Energy = 10.0649939118642564 dE =  8.80883E-04
SCF Iteration 242: Energy = 10.0641130200654487 dE = -8.80892E-04
SCF Iteration 243: Energy = 10.0649939032336224 dE =  8.80883E-04
SCF Iteration 244: Energy = 10.0641130120873221 dE = -8.80891E-04
SCF Iteration 245: Energy = 10.0649938956602067 dE =  8.80884E-04
SCF Iteration 246: Energy = 10.0641130050864831 dE = -8.80891E-04
SCF Iteration 247: Energy = 10.0649938890144952 dE =  8.80884E-04
SCF Iteration 248: Energy = 10.0641129989432407 dE = -8.80890E-04
SCF Iteration 249: Energy = 10.0649938831828827 dE =  8.80884E-04
SCF Iteration 250: Energy = 10.0641129935525022 dE = -8.80890E-04
SCF Iteration 251: Energy = 10.0649938780656250 dE =  8.80885E-04
SCF Iteration 252: Energy = 10.0641129888221137 dE = -8.80889E-04
SCF Iteration 253: Energy = 10.0649938735751938 dE =  8.80885E-04
SCF Iteration 254: Energy = 10.0641129846712083 dE = -8.80889E-04
SCF Iteration 255: Energy = 10.0649938696348293 dE =  8.80885E-04
SCF Iteration 256: Energy = 10.0641129810287566 dE = -8.80889E-04
SCF Iteration 257: Energy = 10.0649938661771401 dE =  8.80885E-04
SCF Iteration 258: Energy = 10.0641129778324796 dE = -8.80888E-04
SCF Iteration 259: Energy = 10.0649938631430249 dE =  8.80885E-04
SCF Iteration 260: Energy = 10.0641129750277578 dE = -8.80888E-04
SCF Iteration 261: Energy = 10.0649938604805751 dE =  8.80885E-04
SCF Iteration 262: Energy = 10.0641129725666030 dE = -8.80888E-04
SCF Iteration 263: Energy = 10.0649938581442573 dE =  8.80886E-04
SCF Iteration 264: Energy = 10.0641129704069385 dE = -8.80888E-04
SCF Iteration 265: Energy = 10.0649938560941479 dE =  8.80886E-04
SCF Iteration 266: Energy = 10.0641129685117967 dE = -8.80888E-04
SCF Iteration 267: Energy = 10.0649938542951265 dE =  8.80886E-04
SCF Iteration 268: Energy = 10.0641129668488194 dE = -8.80887E-04
SCF Iteration 269: Energy = 10.0649938527165137 dE =  8.80886E-04
SCF Iteration 270: Energy = 10.0641129653895458 dE = -8.80887E-04
SCF Iteration 271: Energy = 10.0649938513312698 dE =  8.80886E-04
SCF Iteration 272: Energy = 10.0641129641090217 dE = -8.80887E-04
SCF Iteration 273: Energy = 10.0649938501157354 dE =  8.80886E-04
SCF Iteration 274: Energy = 10.0641129629853729 dE = -8.80887E-04
SCF Iteration 275: Energy = 10.0649938490490722 dE =  8.80886E-04
SCF Iteration 276: Energy = 10.0641129619993599 dE = -8.80887E-04
SCF Iteration 277: Energy = 10.0649938481130548 dE =  8.80886E-04
SCF Iteration 278: Energy = 10.0641129611341213 dE = -8.80887E-04
SCF Iteration 279: Energy = 10.0649938472917313 dE =  8.80886E-04
SCF Iteration 280: Energy = 10.0641129603748851 dE = -8.80887E-04
SCF Iteration 281: Energy = 10.0649938465709674 dE =  8.80886E-04
SCF Iteration 282: Energy = 10.0641129597086518 dE = -8.80887E-04
SCF Iteration 283: Energy = 10.0649938459385488 dE =  8.80886E-04
SCF Iteration 284: Energy = 10.0641129591240066 dE = -8.80887E-04
SCF Iteration 285: Energy = 10.0649938453835812 dE =  8.80886E-04
SCF Iteration 286: Energy = 10.0641129586110125 dE = -8.80887E-04
SCF Iteration 287: Energy = 10.0649938448965770 dE =  8.80886E-04
SCF Iteration 288: Energy = 10.0641129581608215 dE = -8.80887E-04
SCF Iteration 289: Energy = 10.0649938444692424 dE =  8.80886E-04
SCF Iteration 290: Energy = 10.0641129577657988 dE = -8.80887E-04
SCF Iteration 291: Energy = 10.0649938440942766 dE =  8.80886E-04
SCF Iteration 292: Energy = 10.0641129574191748 dE = -8.80887E-04
SCF Iteration 293: Energy = 10.0649938437652011 dE =  8.80886E-04
SCF Iteration 294: Energy = 10.0641129571149843 dE = -8.80887E-04
SCF Iteration 295: Energy = 10.0649938434764703 dE =  8.80886E-04
SCF Iteration 296: Energy = 10.0641129568480885 dE = -8.80887E-04
SCF Iteration 297: Energy = 10.0649938432231032 dE =  8.80886E-04
SCF Iteration 298: Energy = 10.0641129566138616 dE = -8.80887E-04
SCF Iteration 299: Energy = 10.0649938430007566 dE =  8.80886E-04
SCF Iteration 300: Energy = 10.0641129564083283 dE = -8.80887E-04
SCF Iteration 301: Energy = 10.0649938428056540 dE =  8.80886E-04
SCF Iteration 302: Energy = 10.0641129562279907 dE = -8.80887E-04
SCF Iteration 303: Energy = 10.0649938426344505 dE =  8.80886E-04
SCF Iteration 304: Energy = 10.0641129560697387 dE = -8.80887E-04
SCF Iteration 305: Energy = 10.0649938424842347 dE =  8.80886E-04
SCF Iteration 306: Energy = 10.0641129559308595 dE = -8.80887E-04
SCF Iteration 307: Energy = 10.0649938423523935 dE =  8.80886E-04
SCF Iteration 308: Energy = 10.0641129558089997 dE = -8.80887E-04
SCF Iteration 309: Energy = 10.0649938422367171 dE =  8.80886E-04
SCF Iteration 310: Energy = 10.0641129557020577 dE = -8.80887E-04
SCF Iteration 311: Energy = 10.0649938421351948 dE =  8.80886E-04
SCF Iteration 312: Energy = 10.0641129556082216 dE = -8.80887E-04
SCF Iteration 313: Energy = 10.0649938420461247 dE =  8.80886E-04
SCF Iteration 314: Energy = 10.0641129555258750 dE = -8.80887E-04
SCF Iteration 315: Energy = 10.0649938419679543 dE =  8.80886E-04
SCF Iteration 316: Energy = 10.0641129554536324 dE = -8.80887E-04
SCF Iteration 317: Energy = 10.0649938418993763 dE =  8.80886E-04
SCF Iteration 318: Energy = 10.0641129553902182 dE = -8.80887E-04
SCF Iteration 319: Energy = 10.0649938418391827 dE =  8.80886E-04
SCF Iteration 320: Energy = 10.0641129553345881 dE = -8.80887E-04
SCF Iteration 321: Energy = 10.0649938417863734 dE =  8.80886E-04
SCF Iteration 322: Energy = 10.0641129552857791 dE = -8.80887E-04
SCF Iteration 323: Energy = 10.0649938417400353 dE =  8.80886E-04
SCF Iteration 324: Energy = 10.0641129552429174 dE = -8.80886E-04
SCF Iteration 325: Energy = 10.0649938416993674 dE =  8.80886E-04
SCF Iteration 326: Energy = 10.0641129552053172 dE = -8.80886E-04
SCF Iteration 327: Energy = 10.0649938416636680 dE =  8.80886E-04
SCF Iteration 328: Energy = 10.0641129551723356 dE = -8.80886E-04
SCF Iteration 329: Energy = 10.0649938416323703 dE =  8.80886E-04
SCF Iteration 330: Energy = 10.0641129551434076 dE = -8.80886E-04
SCF Iteration 331: Energy = 10.0649938416048883 dE =  8.80886E-04
SCF Iteration 332: Energy = 10.0641129551180200 dE = -8.80886E-04
SCF Iteration 333: Energy = 10.0649938415807689 dE =  8.80886E-04
SCF Iteration 334: Energy = 10.0641129550957036 dE = -8.80886E-04
SCF Iteration 335: Energy = 10.0649938415596161 dE =  8.80886E-04
SCF Iteration 336: Energy = 10.0641129550761548 dE = -8.80886E-04
SCF Iteration 337: Energy = 10.0649938415410602 dE =  8.80886E-04
SCF Iteration 338: Energy = 10.0641129550589987 dE = -8.80886E-04
SCF Iteration 339: Energy = 10.0649938415247640 dE =  8.80886E-04
SCF Iteration 340: Energy = 10.0641129550439246 dE = -8.80886E-04
SCF Iteration 341: Energy = 10.0649938415104856 dE =  8.80886E-04
SCF Iteration 342: Energy = 10.0641129550307138 dE = -8.80886E-04
SCF Iteration 343: Energy = 10.0649938414979232 dE =  8.80886E-04
SCF Iteration 344: Energy = 10.0641129550191319 dE = -8.80886E-04
SCF Iteration 345: Energy = 10.0649938414869027 dE =  8.80886E-04
SCF Iteration 346: Energy = 10.0641129550089410 dE = -8.80886E-04
SCF Iteration 347: Energy = 10.0649938414772482 dE =  8.80886E-04
SCF Iteration 348: Energy = 10.0641129550000095 dE = -8.80886E-04
SCF Iteration 349: Energy = 10.0649938414687767 dE =  8.80886E-04
SCF Iteration 350: Energy = 10.0641129549921757 dE = -8.80886E-04
SCF Iteration 351: Energy = 10.0649938414613356 dE =  8.80886E-04
SCF Iteration 352: Energy = 10.0641129549853083 dE = -8.80886E-04
SCF Iteration 353: Energy = 10.0649938414547950 dE =  8.80886E-04
SCF Iteration 354: Energy = 10.0641129549792758 dE = -8.80886E-04
SCF Iteration 355: Energy = 10.0649938414490840 dE =  8.80886E-04
SCF Iteration 356: Energy = 10.0641129549739770 dE = -8.80886E-04
SCF Iteration 357: Energy = 10.0649938414440694 dE =  8.80886E-04
SCF Iteration 358: Energy = 10.0641129549693353 dE = -8.80886E-04
SCF Iteration 359: Energy = 10.0649938414396427 dE =  8.80886E-04
SCF Iteration 360: Energy = 10.0641129549652462 dE = -8.80886E-04
SCF Iteration 361: Energy = 10.0649938414357631 dE =  8.80886E-04
SCF Iteration 362: Energy = 10.0641129549616508 dE = -8.80886E-04
SCF Iteration 363: Energy = 10.0649938414323756 dE =  8.80886E-04
SCF Iteration 364: Energy = 10.0641129549585262 dE = -8.80886E-04
SCF Iteration 365: Energy = 10.0649938414293914 dE =  8.80886E-04
SCF Iteration 366: Energy = 10.0641129549557782 dE = -8.80886E-04
SCF Iteration 367: Energy = 10.0649938414267908 dE =  8.80886E-04
SCF Iteration 368: Energy = 10.0641129549533659 dE = -8.80886E-04
SCF Iteration 369: Energy = 10.0649938414244886 dE =  8.80886E-04
SCF Iteration 370: Energy = 10.0641129549512343 dE = -8.80886E-04
SCF Iteration 371: Energy = 10.0649938414224742 dE =  8.80886E-04
SCF Iteration 372: Energy = 10.0641129549493833 dE = -8.80886E-04
SCF Iteration 373: Energy = 10.0649938414207156 dE =  8.80886E-04
SCF Iteration 374: Energy = 10.0641129549477615 dE = -8.80886E-04
SCF Iteration 375: Energy = 10.0649938414191702 dE =  8.80886E-04
SCF Iteration 376: Energy = 10.0641129549463209 dE = -8.80886E-04
SCF Iteration 377: Energy = 10.0649938414178131 dE =  8.80886E-04
SCF Iteration 378: Energy = 10.0641129549450756 dE = -8.80886E-04
SCF Iteration 379: Energy = 10.0649938414166318 dE =  8.80886E-04
SCF Iteration 380: Energy = 10.0641129549439619 dE = -8.80886E-04
SCF Iteration 381: Energy = 10.0649938414155571 dE =  8.80886E-04
SCF Iteration 382: Energy = 10.0641129549429955 dE = -8.80886E-04
SCF Iteration 383: Energy = 10.0649938414146547 dE =  8.80886E-04
SCF Iteration 384: Energy = 10.0641129549421500 dE = -8.80886E-04
SCF Iteration 385: Energy = 10.0649938414138305 dE =  8.80886E-04
SCF Iteration 386: Energy = 10.0641129549414146 dE = -8.80886E-04
SCF Iteration 387: Energy = 10.0649938414131377 dE =  8.80886E-04
SCF Iteration 388: Energy = 10.0641129549407395 dE = -8.80886E-04
SCF Iteration 389: Energy = 10.0649938414125053 dE =  8.80886E-04
SCF Iteration 390: Energy = 10.0641129549401640 dE = -8.80886E-04
SCF Iteration 391: Energy = 10.0649938414119493 dE =  8.80886E-04
SCF Iteration 392: Energy = 10.0641129549396524 dE = -8.80886E-04
SCF Iteration 393: Energy = 10.0649938414115017 dE =  8.80886E-04
SCF Iteration 394: Energy = 10.0641129549392208 dE = -8.80886E-04
SCF Iteration 395: Energy = 10.0649938414110647 dE =  8.80886E-04
SCF Iteration 396: Energy = 10.0641129549388388 dE = -8.80886E-04
SCF Iteration 397: Energy = 10.0649938414107112 dE =  8.80886E-04
SCF Iteration 398: Energy = 10.0641129549385013 dE = -8.80886E-04
SCF Iteration 399: Energy = 10.0649938414103737 dE =  8.80886E-04
SCF Iteration 400: Energy = 10.0641129549382065 dE = -8.80886E-04
SCF Iteration 401: Energy = 10.0649938414100859 dE =  8.80886E-04
SCF Iteration 402: Energy = 10.0641129549379471 dE = -8.80886E-04
SCF Iteration 403: Energy = 10.0649938414098408 dE =  8.80886E-04
SCF Iteration 404: Energy = 10.0641129549376984 dE = -8.80886E-04
SCF Iteration 405: Energy = 10.0649938414096205 dE =  8.80886E-04
SCF Iteration 406: Energy = 10.0641129549374959 dE = -8.80886E-04
SCF Iteration 407: Energy = 10.0649938414094287 dE =  8.80886E-04
SCF Iteration 408: Energy = 10.0641129549373183 dE = -8.80886E-04
SCF Iteration 409: Energy = 10.0649938414092706 dE =  8.80886E-04
SCF Iteration 410: Energy = 10.0641129549371726 dE = -8.80886E-04
SCF Iteration 411: Energy = 10.0649938414091160 dE =  8.80886E-04
SCF Iteration 412: Energy = 10.0641129549370341 dE = -8.80886E-04
SCF Iteration 413: Energy = 10.0649938414089615 dE =  8.80886E-04
SCF Iteration 414: Energy = 10.0641129549369062 dE = -8.80886E-04
SCF Iteration 415: Energy = 10.0649938414088851 dE =  8.80886E-04
SCF Iteration 416: Energy = 10.0641129549368067 dE = -8.80886E-04
SCF Iteration 417: Energy = 10.0649938414087678 dE =  8.80886E-04
SCF Iteration 418: Energy = 10.0641129549367214 dE = -8.80886E-04
SCF Iteration 419: Energy = 10.0649938414086879 dE =  8.80886E-04
SCF Iteration 420: Energy = 10.0641129549366362 dE = -8.80886E-04
SCF Iteration 421: Energy = 10.0649938414086222 dE =  8.80886E-04
SCF Iteration 422: Energy = 10.0641129549365616 dE = -8.80886E-04
SCF Iteration 423: Energy = 10.0649938414085405 dE =  8.80886E-04
SCF Iteration 424: Energy = 10.0641129549365083 dE = -8.80886E-04
SCF Iteration 425: Energy = 10.0649938414084765 dE =  8.80886E-04
SCF Iteration 426: Energy = 10.0641129549364390 dE = -8.80886E-04
SCF Iteration 427: Energy = 10.0649938414084197 dE =  8.80886E-04
SCF Iteration 428: Energy = 10.0641129549363928 dE = -8.80886E-04
SCF Iteration 429: Energy = 10.0649938414083984 dE =  8.80886E-04
SCF Iteration 430: Energy = 10.0641129549363573 dE = -8.80886E-04
SCF Iteration 431: Energy = 10.0649938414083433 dE =  8.80886E-04
SCF Iteration 432: Energy = 10.0641129549363129 dE = -8.80886E-04
SCF Iteration 433: Energy = 10.0649938414082989 dE =  8.80886E-04
SCF Iteration 434: Energy = 10.0641129549362862 dE = -8.80886E-04
SCF Iteration 435: Energy = 10.0649938414082900 dE =  8.80886E-04
SCF Iteration 436: Energy = 10.0641129549362613 dE = -8.80886E-04
SCF Iteration 437: Energy = 10.0649938414082527 dE =  8.80886E-04
SCF Iteration 438: Energy = 10.0641129549362311 dE = -8.80886E-04
SCF Iteration 439: Energy = 10.0649938414082420 dE =  8.80886E-04
SCF Iteration 440: Energy = 10.0641129549362063 dE = -8.80886E-04
SCF Iteration 441: Energy = 10.0649938414082172 dE =  8.80886E-04
SCF Iteration 442: Energy = 10.0641129549361992 dE = -8.80886E-04
SCF Iteration 443: Energy = 10.0649938414081888 dE =  8.80886E-04
SCF Iteration 444: Energy = 10.0641129549361956 dE = -8.80886E-04
SCF Iteration 445: Energy = 10.0649938414081781 dE =  8.80886E-04
SCF Iteration 446: Energy = 10.0641129549361761 dE = -8.80886E-04
SCF Iteration 447: Energy = 10.0649938414081674 dE =  8.80886E-04
SCF Iteration 448: Energy = 10.0641129549361672 dE = -8.80886E-04
SCF Iteration 449: Energy = 10.0649938414081941 dE =  8.80886E-04
SCF Iteration 450: Energy = 10.0641129549361494 dE = -8.80886E-04
SCF Iteration 451: Energy = 10.0649938414081372 dE =  8.80886E-04
SCF Iteration 452: Energy = 10.0641129549361370 dE = -8.80886E-04
SCF Iteration 453: Energy = 10.0649938414081301 dE =  8.80886E-04
SCF Iteration 454: Energy = 10.0641129549361352 dE = -8.80886E-04
SCF Iteration 455: Energy = 10.0649938414081248 dE =  8.80886E-04
SCF Iteration 456: Energy = 10.0641129549361210 dE = -8.80886E-04
SCF Iteration 457: Energy = 10.0649938414081088 dE =  8.80886E-04
SCF Iteration 458: Energy = 10.0641129549361104 dE = -8.80886E-04
SCF Iteration 459: Energy = 10.0649938414081319 dE =  8.80886E-04
SCF Iteration 460: Energy = 10.0641129549361175 dE = -8.80886E-04
SCF Iteration 461: Energy = 10.0649938414080928 dE =  8.80886E-04
SCF Iteration 462: Energy = 10.0641129549360961 dE = -8.80886E-04
SCF Iteration 463: Energy = 10.0649938414080964 dE =  8.80886E-04
SCF Iteration 464: Energy = 10.0641129549360819 dE = -8.80886E-04
SCF Iteration 465: Energy = 10.0649938414081106 dE =  8.80886E-04
SCF Iteration 466: Energy = 10.0641129549360926 dE = -8.80886E-04
SCF Iteration 467: Energy = 10.0649938414080857 dE =  8.80886E-04
SCF Iteration 468: Energy = 10.0641129549360926 dE = -8.80886E-04
SCF Iteration 469: Energy = 10.0649938414080893 dE =  8.80886E-04
SCF Iteration 470: Energy = 10.0641129549360890 dE = -8.80886E-04
SCF Iteration 471: Energy = 10.0649938414080893 dE =  8.80886E-04
SCF Iteration 472: Energy = 10.0641129549360819 dE = -8.80886E-04
SCF Iteration 473: Energy = 10.0649938414080928 dE =  8.80886E-04
SCF Iteration 474: Energy = 10.0641129549360855 dE = -8.80886E-04
SCF Iteration 475: Energy = 10.0649938414080768 dE =  8.80886E-04
SCF Iteration 476: Energy = 10.0641129549360713 dE = -8.80886E-04
SCF Iteration 477: Energy = 10.0649938414080751 dE =  8.80886E-04
SCF Iteration 478: Energy = 10.0641129549360713 dE = -8.80886E-04
SCF Iteration 479: Energy = 10.0649938414080893 dE =  8.80886E-04
SCF Iteration 480: Energy = 10.0641129549360588 dE = -8.80886E-04
SCF Iteration 481: Energy = 10.0649938414080751 dE =  8.80886E-04
SCF Iteration 482: Energy = 10.0641129549360535 dE = -8.80886E-04
SCF Iteration 483: Energy = 10.0649938414080502 dE =  8.80886E-04
SCF Iteration 484: Energy = 10.0641129549360535 dE = -8.80886E-04
SCF Iteration 485: Energy = 10.0649938414080751 dE =  8.80886E-04
SCF Iteration 486: Energy = 10.0641129549360571 dE = -8.80886E-04
SCF Iteration 487: Energy = 10.0649938414080751 dE =  8.80886E-04
SCF Iteration 488: Energy = 10.0641129549360642 dE = -8.80886E-04
SCF Iteration 489: Energy = 10.0649938414080573 dE =  8.80886E-04
SCF Iteration 490: Energy = 10.0641129549360482 dE = -8.80886E-04
SCF Iteration 491: Energy = 10.0649938414080573 dE =  8.80886E-04
SCF Iteration 492: Energy = 10.0641129549360500 dE = -8.80886E-04
SCF Iteration 493: Energy = 10.0649938414080502 dE =  8.80886E-04
SCF Iteration 494: Energy = 10.0641129549360411 dE = -8.80886E-04
SCF Iteration 495: Energy = 10.0649938414080538 dE =  8.80886E-04
SCF Iteration 496: Energy = 10.0641129549360500 dE = -8.80886E-04
SCF Iteration 497: Energy = 10.0649938414080466 dE =  8.80886E-04
SCF Iteration 498: Energy = 10.0641129549360482 dE = -8.80886E-04
SCF Iteration 499: Energy = 10.0649938414080591 dE =  8.80886E-04
SCF Iteration 500: Energy = 10.0641129549360571 dE = -8.80886E-04
