
  Memory set to  55.879 GiB by Python driver.
  Threads set to 1 by Python driver.
Settings:
	LOT = CCSD-S2-U22
	wc = 20.0 eV
	lambda = [1.212424 0.       0.      ] a.u.
	Equivalent A0 = LAMBDA / sqrt(2 wc) = [1. 0. 0.])
doing QED-CCSD-Full (or QED-CCSD-22)
Number of occupied orbitals:   1
Number of basis functions:  60
SCF Iteration   1: Energy = 0.2718744939438766 dE =  2.71874E-01
SCF Iteration   2: Energy = -0.3318132519253713 dE = -6.03688E-01
SCF Iteration   3: Energy = -0.3362293887182782 dE = -4.41614E-03
SCF Iteration   4: Energy = -0.3362949004828609 dE = -6.55118E-05
SCF Iteration   5: Energy = -0.3362961735962996 dE = -1.27311E-06
SCF Iteration   6: Energy = -0.3362962034737808 dE = -2.98775E-08
SCF Iteration   7: Energy = -0.3362962042933703 dE = -8.19590E-10
SCF Iteration   8: Energy = -0.3362962043185270 dE = -2.51568E-11

SCF converged.
E_QED_HF          = -0.336296204318527
HF  (psi4)        = -1.131821768949313
Starting with the CCSD calculation:

Iter  Energy(CCSD)      E_diff    time(sec)
  1:  -0.3934957674  3.93496E-01   19.088
  2:  -0.3788439123  1.46519E-02   19.083
  3:  -0.3939831148  1.51392E-02   19.084
  4:  -0.4058354229  1.18523E-02   19.077
  5:  -0.4114235893  5.58817E-03   19.086
  6:  -0.4131697941  1.74620E-03   19.074
  7:  -0.4146610566  1.49126E-03   19.064
  8:  -0.4155043904  8.43334E-04   19.071
  9:  -0.4157776523  2.73262E-04   19.062
 10:  -0.4159858181  2.08166E-04   19.080
 11:  -0.4160039378  1.81197E-05   19.069
 12:  -0.4160364971  3.25592E-05   19.068
 13:  -0.4160353961  1.10100E-06   19.064
 14:  -0.4160311969  4.19919E-06   19.068
 15:  -0.4160290434  2.15345E-06   19.071
 16:  -0.4160272401  1.80328E-06   19.072
 17:  -0.4160276061  3.65977E-07   19.066
 18:  -0.4160278592  2.53064E-07   19.072
 19:  -0.4160279189  5.97361E-08   19.073
 20:  -0.4160278735  4.54267E-08   19.069
 21:  -0.4160278602  1.33259E-08   19.082
 22:  -0.4160278647  4.50549E-09   19.082
E_QED_CCSD  (Corr.)  = -0.416027864670583
E_QED_CCSD tot       = -0.752324068989110
E_CCSD_psi4 (Corr.)  = -0.039790887188407
E_CCSD_psi4 tot      = -1.171612656137720
