
  Memory set to  55.879 GiB by Python driver.
  Threads set to 1 by Python driver.
Settings:
	LOT = CCSD-S2-U22
	wc = 20.0 eV
	lambda = [1.212424 0.       0.      ] a.u.
	Equivalent A0 = LAMBDA / sqrt(2 wc) = [1. 0. 0.])
doing QED-CCSD-Full (or QED-CCSD-22)
Number of occupied orbitals:   1
Number of basis functions:  60
SCF Iteration   1: Energy = 2.7597912102131072 dE =  2.75979E+00
SCF Iteration   2: Energy = 3.6784747964057112 dE =  9.18684E-01
SCF Iteration   3: Energy = 2.8739194585494423 dE = -8.04555E-01
SCF Iteration   4: Energy = 3.5509772257019385 dE =  6.77058E-01
SCF Iteration   5: Energy = 2.8800533629235998 dE = -6.70924E-01
SCF Iteration   6: Energy = 3.5064425894599172 dE =  6.26389E-01
SCF Iteration   7: Energy = 2.8629109728067017 dE = -6.43532E-01
SCF Iteration   8: Energy = 3.4800339662481425 dE =  6.17123E-01
SCF Iteration   9: Energy = 2.8431184746674201 dE = -6.36915E-01
SCF Iteration  10: Energy = 3.4617932277667167 dE =  6.18675E-01
SCF Iteration  11: Energy = 2.8261408278543780 dE = -6.35652E-01
SCF Iteration  12: Energy = 3.4488181474557784 dE =  6.22677E-01
SCF Iteration  13: Energy = 2.8129024266503881 dE = -6.35916E-01
SCF Iteration  14: Energy = 3.4395777235961176 dE =  6.26675E-01
SCF Iteration  15: Energy = 2.8030152060813673 dE = -6.36563E-01
SCF Iteration  16: Energy = 3.4330262077836791 dE =  6.30011E-01
SCF Iteration  17: Energy = 2.7958041407374306 dE = -6.37222E-01
SCF Iteration  18: Energy = 3.4284035098797396 dE =  6.32599E-01
SCF Iteration  19: Energy = 2.7906221395566533 dE = -6.37781E-01
SCF Iteration  20: Energy = 3.4251549536720347 dE =  6.34533E-01
SCF Iteration  21: Energy = 2.7869349449323577 dE = -6.38220E-01
SCF Iteration  22: Energy = 3.4228792464199045 dE =  6.35944E-01
SCF Iteration  23: Energy = 2.7843293671878220 dE = -6.38550E-01
SCF Iteration  24: Energy = 3.4212888415850276 dE =  6.36959E-01
SCF Iteration  25: Energy = 2.7824971086259205 dE = -6.38792E-01
SCF Iteration  26: Energy = 3.4201793428213483 dE =  6.37682E-01
SCF Iteration  27: Energy = 2.7812131805956932 dE = -6.38966E-01
SCF Iteration  28: Energy = 3.4194063539302135 dE =  6.38193E-01
SCF Iteration  29: Energy = 2.7803157788814077 dE = -6.39091E-01
SCF Iteration  30: Energy = 3.4188683366207355 dE =  6.38553E-01
SCF Iteration  31: Energy = 2.7796897030821417 dE = -6.39179E-01
SCF Iteration  32: Energy = 3.4184941340858126 dE =  6.38804E-01
SCF Iteration  33: Energy = 2.7792535102862095 dE = -6.39241E-01
SCF Iteration  34: Energy = 3.4182340062722227 dE =  6.38980E-01
SCF Iteration  35: Energy = 2.7789499117254706 dE = -6.39284E-01
SCF Iteration  36: Energy = 3.4180532484510251 dE =  6.39103E-01
SCF Iteration  37: Energy = 2.7787387545845972 dE = -6.39314E-01
SCF Iteration  38: Energy = 3.4179276794634914 dE =  6.39189E-01
SCF Iteration  39: Energy = 2.7785919698740429 dE = -6.39336E-01
SCF Iteration  40: Energy = 3.4178404675817928 dE =  6.39248E-01
SCF Iteration  41: Energy = 2.7784899731064350 dE = -6.39350E-01
SCF Iteration  42: Energy = 3.4177799054453488 dE =  6.39290E-01
SCF Iteration  43: Energy = 2.7784191185758034 dE = -6.39361E-01
SCF Iteration  44: Energy = 3.4177378543924757 dE =  6.39319E-01
SCF Iteration  45: Energy = 2.7783699081042275 dE = -6.39368E-01
SCF Iteration  46: Energy = 3.4177086588945507 dE =  6.39339E-01
SCF Iteration  47: Energy = 2.7783357353201468 dE = -6.39373E-01
SCF Iteration  48: Energy = 3.4176883901001931 dE =  6.39353E-01
SCF Iteration  49: Energy = 2.7783120077137298 dE = -6.39376E-01
SCF Iteration  50: Energy = 3.4176743192578911 dE =  6.39362E-01
SCF Iteration  51: Energy = 2.7782955340082580 dE = -6.39379E-01
SCF Iteration  52: Energy = 3.4176645514373480 dE =  6.39369E-01
SCF Iteration  53: Energy = 2.7782840972731435 dE = -6.39380E-01
SCF Iteration  54: Energy = 3.4176577708938765 dE =  6.39374E-01
SCF Iteration  55: Energy = 2.7782761577708923 dE = -6.39382E-01
SCF Iteration  56: Energy = 3.4176530641189196 dE =  6.39377E-01
SCF Iteration  57: Energy = 2.7782706462670106 dE = -6.39382E-01
SCF Iteration  58: Energy = 3.4176497969126594 dE =  6.39379E-01
SCF Iteration  59: Energy = 2.7782668203425134 dE = -6.39383E-01
SCF Iteration  60: Energy = 3.4176475290048867 dE =  6.39381E-01
SCF Iteration  61: Energy = 2.7782641645453299 dE = -6.39383E-01
SCF Iteration  62: Energy = 3.4176459547643701 dE =  6.39382E-01
SCF Iteration  63: Energy = 2.7782623210259452 dE = -6.39384E-01
SCF Iteration  64: Energy = 3.4176448620303583 dE =  6.39383E-01
SCF Iteration  65: Energy = 2.7782610413608859 dE = -6.39384E-01
SCF Iteration  66: Energy = 3.4176441035293825 dE =  6.39383E-01
SCF Iteration  67: Energy = 2.7782601530973765 dE = -6.39384E-01
SCF Iteration  68: Energy = 3.4176435770315816 dE =  6.39383E-01
SCF Iteration  69: Energy = 2.7782595365235605 dE = -6.39384E-01
SCF Iteration  70: Energy = 3.4176432115747657 dE =  6.39384E-01
SCF Iteration  71: Energy = 2.7782591085404311 dE = -6.39384E-01
SCF Iteration  72: Energy = 3.4176429579013869 dE =  6.39384E-01
SCF Iteration  73: Energy = 2.7782588114648097 dE = -6.39384E-01
SCF Iteration  74: Energy = 3.4176427818200881 dE =  6.39384E-01
SCF Iteration  75: Energy = 2.7782586052563625 dE = -6.39384E-01
SCF Iteration  76: Energy = 3.4176426595975795 dE =  6.39384E-01
SCF Iteration  77: Energy = 2.7782584621215594 dE = -6.39384E-01
SCF Iteration  78: Energy = 3.4176425747598946 dE =  6.39384E-01
SCF Iteration  79: Energy = 2.7782583627679855 dE = -6.39384E-01
SCF Iteration  80: Energy = 3.4176425158719477 dE =  6.39384E-01
SCF Iteration  81: Energy = 2.7782582938041376 dE = -6.39384E-01
SCF Iteration  82: Energy = 3.4176424749963870 dE =  6.39384E-01
SCF Iteration  83: Energy = 2.7782582459346128 dE = -6.39384E-01
SCF Iteration  84: Energy = 3.4176424466236655 dE =  6.39384E-01
SCF Iteration  85: Energy = 2.7782582127071893 dE = -6.39384E-01
SCF Iteration  86: Energy = 3.4176424269294756 dE =  6.39384E-01
SCF Iteration  87: Energy = 2.7782581896432217 dE = -6.39384E-01
SCF Iteration  88: Energy = 3.4176424132592667 dE =  6.39384E-01
SCF Iteration  89: Energy = 2.7782581736339704 dE = -6.39384E-01
SCF Iteration  90: Energy = 3.4176424037704538 dE =  6.39384E-01
SCF Iteration  91: Energy = 2.7782581625215559 dE = -6.39384E-01
SCF Iteration  92: Energy = 3.4176423971840357 dE =  6.39384E-01
SCF Iteration  93: Energy = 2.7782581548081637 dE = -6.39384E-01
SCF Iteration  94: Energy = 3.4176423926122474 dE =  6.39384E-01
SCF Iteration  95: Energy = 2.7782581494541265 dE = -6.39384E-01
SCF Iteration  96: Energy = 3.4176423894388614 dE =  6.39384E-01
SCF Iteration  97: Energy = 2.7782581457377482 dE = -6.39384E-01
SCF Iteration  98: Energy = 3.4176423872361394 dE =  6.39384E-01
SCF Iteration  99: Energy = 2.7782581431581264 dE = -6.39384E-01
SCF Iteration 100: Energy = 3.4176423857071647 dE =  6.39384E-01
SCF Iteration 101: Energy = 2.7782581413675378 dE = -6.39384E-01
SCF Iteration 102: Energy = 3.4176423846458759 dE =  6.39384E-01
SCF Iteration 103: Energy = 2.7782581401246560 dE = -6.39384E-01
SCF Iteration 104: Energy = 3.4176423839092136 dE =  6.39384E-01
SCF Iteration 105: Energy = 2.7782581392619567 dE = -6.39384E-01
SCF Iteration 106: Energy = 3.4176423833978893 dE =  6.39384E-01
SCF Iteration 107: Energy = 2.7782581386631255 dE = -6.39384E-01
SCF Iteration 108: Energy = 3.4176423830429385 dE =  6.39384E-01
SCF Iteration 109: Energy = 2.7782581382474429 dE = -6.39384E-01
SCF Iteration 110: Energy = 3.4176423827965694 dE =  6.39384E-01
SCF Iteration 111: Energy = 2.7782581379589191 dE = -6.39384E-01
SCF Iteration 112: Energy = 3.4176423826255693 dE =  6.39384E-01
SCF Iteration 113: Energy = 2.7782581377586526 dE = -6.39384E-01
SCF Iteration 114: Energy = 3.4176423825068598 dE =  6.39384E-01
SCF Iteration 115: Energy = 2.7782581376196402 dE = -6.39384E-01
SCF Iteration 116: Energy = 3.4176423824244675 dE =  6.39384E-01
SCF Iteration 117: Energy = 2.7782581375231494 dE = -6.39384E-01
SCF Iteration 118: Energy = 3.4176423823672768 dE =  6.39384E-01
SCF Iteration 119: Energy = 2.7782581374561688 dE = -6.39384E-01
SCF Iteration 120: Energy = 3.4176423823275743 dE =  6.39384E-01
SCF Iteration 121: Energy = 2.7782581374096753 dE = -6.39384E-01
SCF Iteration 122: Energy = 3.4176423823000226 dE =  6.39384E-01
SCF Iteration 123: Energy = 2.7782581373774122 dE = -6.39384E-01
SCF Iteration 124: Energy = 3.4176423822808966 dE =  6.39384E-01
SCF Iteration 125: Energy = 2.7782581373550110 dE = -6.39384E-01
SCF Iteration 126: Energy = 3.4176423822676223 dE =  6.39384E-01
SCF Iteration 127: Energy = 2.7782581373394617 dE = -6.39384E-01
SCF Iteration 128: Energy = 3.4176423822584034 dE =  6.39384E-01
SCF Iteration 129: Energy = 2.7782581373286730 dE = -6.39384E-01
SCF Iteration 130: Energy = 3.4176423822520041 dE =  6.39384E-01
SCF Iteration 131: Energy = 2.7782581373211741 dE = -6.39384E-01
SCF Iteration 132: Energy = 3.4176423822475610 dE =  6.39384E-01
SCF Iteration 133: Energy = 2.7782581373159752 dE = -6.39384E-01
SCF Iteration 134: Energy = 3.4176423822444884 dE =  6.39384E-01
SCF Iteration 135: Energy = 2.7782581373123616 dE = -6.39384E-01
SCF Iteration 136: Energy = 3.4176423822423434 dE =  6.39384E-01
SCF Iteration 137: Energy = 2.7782581373098605 dE = -6.39384E-01
SCF Iteration 138: Energy = 3.4176423822408570 dE =  6.39384E-01
SCF Iteration 139: Energy = 2.7782581373081223 dE = -6.39384E-01
SCF Iteration 140: Energy = 3.4176423822398303 dE =  6.39384E-01
SCF Iteration 141: Energy = 2.7782581373069162 dE = -6.39384E-01
SCF Iteration 142: Energy = 3.4176423822391078 dE =  6.39384E-01
SCF Iteration 143: Energy = 2.7782581373060760 dE = -6.39384E-01
SCF Iteration 144: Energy = 3.4176423822386170 dE =  6.39384E-01
SCF Iteration 145: Energy = 2.7782581373054960 dE = -6.39384E-01
SCF Iteration 146: Energy = 3.4176423822382658 dE =  6.39384E-01
SCF Iteration 147: Energy = 2.7782581373050896 dE = -6.39384E-01
SCF Iteration 148: Energy = 3.4176423822380317 dE =  6.39384E-01
SCF Iteration 149: Energy = 2.7782581373048121 dE = -6.39384E-01
SCF Iteration 150: Energy = 3.4176423822378545 dE =  6.39384E-01
SCF Iteration 151: Energy = 2.7782581373046176 dE = -6.39384E-01
SCF Iteration 152: Energy = 3.4176423822377480 dE =  6.39384E-01
SCF Iteration 153: Energy = 2.7782581373044835 dE = -6.39384E-01
SCF Iteration 154: Energy = 3.4176423822376707 dE =  6.39384E-01
SCF Iteration 155: Energy = 2.7782581373043844 dE = -6.39384E-01
SCF Iteration 156: Energy = 3.4176423822376063 dE =  6.39384E-01
SCF Iteration 157: Energy = 2.7782581373043129 dE = -6.39384E-01
SCF Iteration 158: Energy = 3.4176423822375797 dE =  6.39384E-01
SCF Iteration 159: Energy = 2.7782581373042841 dE = -6.39384E-01
SCF Iteration 160: Energy = 3.4176423822375588 dE =  6.39384E-01
SCF Iteration 161: Energy = 2.7782581373042601 dE = -6.39384E-01
SCF Iteration 162: Energy = 3.4176423822375392 dE =  6.39384E-01
SCF Iteration 163: Energy = 2.7782581373042285 dE = -6.39384E-01
SCF Iteration 164: Energy = 3.4176423822375228 dE =  6.39384E-01
SCF Iteration 165: Energy = 2.7782581373042130 dE = -6.39384E-01
SCF Iteration 166: Energy = 3.4176423822375139 dE =  6.39384E-01
SCF Iteration 167: Energy = 2.7782581373042001 dE = -6.39384E-01
SCF Iteration 168: Energy = 3.4176423822375082 dE =  6.39384E-01
SCF Iteration 169: Energy = 2.7782581373042032 dE = -6.39384E-01
SCF Iteration 170: Energy = 3.4176423822375122 dE =  6.39384E-01
SCF Iteration 171: Energy = 2.7782581373041948 dE = -6.39384E-01
SCF Iteration 172: Energy = 3.4176423822375068 dE =  6.39384E-01
SCF Iteration 173: Energy = 2.7782581373041912 dE = -6.39384E-01
SCF Iteration 174: Energy = 3.4176423822374953 dE =  6.39384E-01
SCF Iteration 175: Energy = 2.7782581373041766 dE = -6.39384E-01
SCF Iteration 176: Energy = 3.4176423822374953 dE =  6.39384E-01
SCF Iteration 177: Energy = 2.7782581373041819 dE = -6.39384E-01
SCF Iteration 178: Energy = 3.4176423822374855 dE =  6.39384E-01
SCF Iteration 179: Energy = 2.7782581373041793 dE = -6.39384E-01
SCF Iteration 180: Energy = 3.4176423822374828 dE =  6.39384E-01
SCF Iteration 181: Energy = 2.7782581373041761 dE = -6.39384E-01
SCF Iteration 182: Energy = 3.4176423822374771 dE =  6.39384E-01
SCF Iteration 183: Energy = 2.7782581373041686 dE = -6.39384E-01
SCF Iteration 184: Energy = 3.4176423822374700 dE =  6.39384E-01
SCF Iteration 185: Energy = 2.7782581373041646 dE = -6.39384E-01
SCF Iteration 186: Energy = 3.4176423822374544 dE =  6.39384E-01
SCF Iteration 187: Energy = 2.7782581373041539 dE = -6.39384E-01
SCF Iteration 188: Energy = 3.4176423822374478 dE =  6.39384E-01
SCF Iteration 189: Energy = 2.7782581373041393 dE = -6.39384E-01
SCF Iteration 190: Energy = 3.4176423822374251 dE =  6.39384E-01
SCF Iteration 191: Energy = 2.7782581373041246 dE = -6.39384E-01
SCF Iteration 192: Energy = 3.4176423822373914 dE =  6.39384E-01
SCF Iteration 193: Energy = 2.7782581373040922 dE = -6.39384E-01
SCF Iteration 194: Energy = 3.4176423822373403 dE =  6.39384E-01
SCF Iteration 195: Energy = 2.7782581373040536 dE = -6.39384E-01
SCF Iteration 196: Energy = 3.4176423822372852 dE =  6.39384E-01
SCF Iteration 197: Energy = 2.7782581373040083 dE = -6.39384E-01
SCF Iteration 198: Energy = 3.4176423822372071 dE =  6.39384E-01
SCF Iteration 199: Energy = 2.7782581373039252 dE = -6.39384E-01
SCF Iteration 200: Energy = 3.4176423822370778 dE =  6.39384E-01
SCF Iteration 201: Energy = 2.7782581373038231 dE = -6.39384E-01
SCF Iteration 202: Energy = 3.4176423822369042 dE =  6.39384E-01
SCF Iteration 203: Energy = 2.7782581373036583 dE = -6.39384E-01
SCF Iteration 204: Energy = 3.4176423822366573 dE =  6.39384E-01
SCF Iteration 205: Energy = 2.7782581373034430 dE = -6.39384E-01
SCF Iteration 206: Energy = 3.4176423822363184 dE =  6.39384E-01
SCF Iteration 207: Energy = 2.7782581373031570 dE = -6.39384E-01
SCF Iteration 208: Energy = 3.4176423822358206 dE =  6.39384E-01
SCF Iteration 209: Energy = 2.7782581373027249 dE = -6.39384E-01
SCF Iteration 210: Energy = 3.4176423822351247 dE =  6.39384E-01
SCF Iteration 211: Energy = 2.7782581373021094 dE = -6.39384E-01
SCF Iteration 212: Energy = 3.4176423822341477 dE =  6.39384E-01
SCF Iteration 213: Energy = 2.7782581373012563 dE = -6.39384E-01
SCF Iteration 214: Energy = 3.4176423822327533 dE =  6.39384E-01
SCF Iteration 215: Energy = 2.7782581373000337 dE = -6.39384E-01
SCF Iteration 216: Energy = 3.4176423822307842 dE =  6.39384E-01
SCF Iteration 217: Energy = 2.7782581372983084 dE = -6.39384E-01
SCF Iteration 218: Energy = 3.4176423822279980 dE =  6.39384E-01
SCF Iteration 219: Energy = 2.7782581372958686 dE = -6.39384E-01
SCF Iteration 220: Energy = 3.4176423822240558 dE =  6.39384E-01
SCF Iteration 221: Energy = 2.7782581372924238 dE = -6.39384E-01
SCF Iteration 222: Energy = 3.4176423822184741 dE =  6.39384E-01
SCF Iteration 223: Energy = 2.7782581372875357 dE = -6.39384E-01
SCF Iteration 224: Energy = 3.4176423822105724 dE =  6.39384E-01
SCF Iteration 225: Energy = 2.7782581372806239 dE = -6.39384E-01
SCF Iteration 226: Energy = 3.4176423821993933 dE =  6.39384E-01
SCF Iteration 227: Energy = 2.7782581372708433 dE = -6.39384E-01
SCF Iteration 228: Energy = 3.4176423821835749 dE =  6.39384E-01
SCF Iteration 229: Energy = 2.7782581372570108 dE = -6.39384E-01
SCF Iteration 230: Energy = 3.4176423821611857 dE =  6.39384E-01
SCF Iteration 231: Energy = 2.7782581372374247 dE = -6.39384E-01
SCF Iteration 232: Energy = 3.4176423821294852 dE =  6.39384E-01
SCF Iteration 233: Energy = 2.7782581372096904 dE = -6.39384E-01
SCF Iteration 234: Energy = 3.4176423820846340 dE =  6.39384E-01
SCF Iteration 235: Energy = 2.7782581371704604 dE = -6.39384E-01
SCF Iteration 236: Energy = 3.4176423820211546 dE =  6.39384E-01
SCF Iteration 237: Energy = 2.7782581371149333 dE = -6.39384E-01
SCF Iteration 238: Energy = 3.4176423819313149 dE =  6.39384E-01
SCF Iteration 239: Energy = 2.7782581370363317 dE = -6.39384E-01
SCF Iteration 240: Energy = 3.4176423818041508 dE =  6.39384E-01
SCF Iteration 241: Energy = 2.7782581369250998 dE = -6.39384E-01
SCF Iteration 242: Energy = 3.4176423816241783 dE =  6.39384E-01
SCF Iteration 243: Energy = 2.7782581367676551 dE = -6.39384E-01
SCF Iteration 244: Energy = 3.4176423813694576 dE =  6.39384E-01
SCF Iteration 245: Energy = 2.7782581365448240 dE = -6.39384E-01
SCF Iteration 246: Energy = 3.4176423810089438 dE =  6.39384E-01
SCF Iteration 247: Energy = 2.7782581362294452 dE = -6.39384E-01
SCF Iteration 248: Energy = 3.4176423804986991 dE =  6.39384E-01
SCF Iteration 249: Energy = 2.7782581357830902 dE = -6.39384E-01
SCF Iteration 250: Energy = 3.4176423797765576 dE =  6.39384E-01
SCF Iteration 251: Energy = 2.7782581351513564 dE = -6.39384E-01
SCF Iteration 252: Energy = 3.4176423787544858 dE =  6.39384E-01
SCF Iteration 253: Energy = 2.7782581342572508 dE = -6.39384E-01
SCF Iteration 254: Energy = 3.4176423773079621 dE =  6.39384E-01
SCF Iteration 255: Energy = 2.7782581329918266 dE = -6.39384E-01
SCF Iteration 256: Energy = 3.4176423752606495 dE =  6.39384E-01
SCF Iteration 257: Energy = 2.7782581312008290 dE = -6.39384E-01
SCF Iteration 258: Energy = 3.4176423723630558 dE =  6.39384E-01
SCF Iteration 259: Energy = 2.7782581286660246 dE = -6.39384E-01
SCF Iteration 260: Energy = 3.4176423682620709 dE =  6.39384E-01
SCF Iteration 261: Energy = 2.7782581250784806 dE = -6.39384E-01
SCF Iteration 262: Energy = 3.4176423624578871 dE =  6.39384E-01
SCF Iteration 263: Energy = 2.7782581200009884 dE = -6.39384E-01
SCF Iteration 264: Energy = 3.4176423542431369 dE =  6.39384E-01
SCF Iteration 265: Energy = 2.7782581128147275 dE = -6.39384E-01
SCF Iteration 266: Energy = 3.4176423426166900 dE =  6.39384E-01
SCF Iteration 267: Energy = 2.7782581026439077 dE = -6.39384E-01
SCF Iteration 268: Energy = 3.4176423261616193 dE =  6.39384E-01
SCF Iteration 269: Energy = 2.7782580882490149 dE = -6.39384E-01
SCF Iteration 270: Energy = 3.4176423028725154 dE =  6.39384E-01
SCF Iteration 271: Energy = 2.7782580678757154 dE = -6.39384E-01
SCF Iteration 272: Energy = 3.4176422699111377 dE =  6.39384E-01
SCF Iteration 273: Energy = 2.7782580390410976 dE = -6.39384E-01
SCF Iteration 274: Energy = 3.4176422232604295 dE =  6.39384E-01
SCF Iteration 275: Energy = 2.7782579982310645 dE = -6.39384E-01
SCF Iteration 276: Energy = 3.4176421572350399 dE =  6.39384E-01
SCF Iteration 277: Energy = 2.7782579404720487 dE = -6.39384E-01
SCF Iteration 278: Energy = 3.4176420637883873 dE =  6.39384E-01
SCF Iteration 279: Energy = 2.7782578587249267 dE = -6.39384E-01
SCF Iteration 280: Energy = 3.4176419315320428 dE =  6.39384E-01
SCF Iteration 281: Energy = 2.7782577430270803 dE = -6.39384E-01
SCF Iteration 282: Energy = 3.4176417443478089 dE =  6.39384E-01
SCF Iteration 283: Energy = 2.7782575792783479 dE = -6.39384E-01
SCF Iteration 284: Energy = 3.4176414794233847 dE =  6.39384E-01
SCF Iteration 285: Energy = 2.7782573475224712 dE = -6.39384E-01
SCF Iteration 286: Energy = 3.4176411044721950 dE =  6.39384E-01
SCF Iteration 287: Energy = 2.7782570195152201 dE = -6.39384E-01
SCF Iteration 288: Energy = 3.4176405737986766 dE =  6.39384E-01
SCF Iteration 289: Energy = 2.7782565552820908 dE = -6.39384E-01
SCF Iteration 290: Energy = 3.4176398227292726 dE =  6.39383E-01
SCF Iteration 291: Energy = 2.7782558982466758 dE = -6.39384E-01
SCF Iteration 292: Energy = 3.4176387597307336 dE =  6.39383E-01
SCF Iteration 293: Energy = 2.7782549683357716 dE = -6.39384E-01
SCF Iteration 294: Energy = 3.4176372552549936 dE =  6.39382E-01
SCF Iteration 295: Energy = 2.7782536522207568 dE = -6.39384E-01
SCF Iteration 296: Energy = 3.4176351259513731 dE =  6.39381E-01
SCF Iteration 297: Energy = 2.7782517895066272 dE = -6.39383E-01
SCF Iteration 298: Energy = 3.4176321123219862 dE =  6.39380E-01
SCF Iteration 299: Energy = 2.7782491531849307 dE = -6.39383E-01
SCF Iteration 300: Energy = 3.4176278470977794 dE =  6.39379E-01
SCF Iteration 301: Energy = 2.7782454219692569 dE = -6.39382E-01
SCF Iteration 302: Energy = 3.4176218104814593 dE =  6.39376E-01
SCF Iteration 303: Energy = 2.7782401411420778 dE = -6.39382E-01
SCF Iteration 304: Energy = 3.4176132668042665 dE =  6.39373E-01
SCF Iteration 305: Energy = 2.7782326671426167 dE = -6.39381E-01
SCF Iteration 306: Energy = 3.4176011748790063 dE =  6.39369E-01
SCF Iteration 307: Energy = 2.7782220891447986 dE = -6.39379E-01
SCF Iteration 308: Energy = 3.4175840611292099 dE =  6.39362E-01
SCF Iteration 309: Energy = 2.7782071180729173 dE = -6.39377E-01
SCF Iteration 310: Energy = 3.4175598400421623 dE =  6.39353E-01
SCF Iteration 311: Energy = 2.7781859295383327 dE = -6.39374E-01
SCF Iteration 312: Energy = 3.4175255600841368 dE =  6.39340E-01
SCF Iteration 313: Energy = 2.7781559415750876 dE = -6.39370E-01
SCF Iteration 314: Energy = 3.4174770441514708 dE =  6.39321E-01
SCF Iteration 315: Energy = 2.7781135001244874 dE = -6.39364E-01
SCF Iteration 316: Energy = 3.4174083808184470 dE =  6.39295E-01
SCF Iteration 317: Energy = 2.7780534340144105 dE = -6.39355E-01
SCF Iteration 318: Energy = 3.4173112045377922 dE =  6.39258E-01
SCF Iteration 319: Energy = 2.7779684253506147 dE = -6.39343E-01
SCF Iteration 320: Energy = 3.4171736773886821 dE =  6.39205E-01
SCF Iteration 321: Energy = 2.7778481188934312 dE = -6.39326E-01
SCF Iteration 322: Energy = 3.4169790489118856 dE =  6.39131E-01
SCF Iteration 323: Energy = 2.7776778624892198 dE = -6.39301E-01
SCF Iteration 324: Energy = 3.4167036197898115 dE =  6.39026E-01
SCF Iteration 325: Energy = 2.7774369262734395 dE = -6.39267E-01
SCF Iteration 326: Energy = 3.4163138637492279 dE =  6.38877E-01
SCF Iteration 327: Energy = 2.7770959860637010 dE = -6.39218E-01
SCF Iteration 328: Energy = 3.4157623620259376 dE =  6.38666E-01
SCF Iteration 329: Energy = 2.7766135691359111 dE = -6.39149E-01
SCF Iteration 330: Energy = 3.4149820651158258 dE =  6.38368E-01
SCF Iteration 331: Energy = 2.7759310390178666 dE = -6.39051E-01
SCF Iteration 332: Energy = 3.4138782028730330 dE =  6.37947E-01
SCF Iteration 333: Energy = 2.7749655276675065 dE = -6.38913E-01
SCF Iteration 334: Energy = 3.4123168977682092 dE =  6.37351E-01
SCF Iteration 335: Energy = 2.7735999927793977 dE = -6.38717E-01
SCF Iteration 336: Energy = 3.4101091749129777 dE =  6.36509E-01
SCF Iteration 337: Energy = 2.7716692665289990 dE = -6.38440E-01
SCF Iteration 338: Energy = 3.4069885822326080 dE =  6.35319E-01
SCF Iteration 339: Energy = 2.7689405509717502 dE = -6.38048E-01
SCF Iteration 340: Energy = 3.4025800157839403 dE =  6.33639E-01
SCF Iteration 341: Energy = 2.7650862920990518 dE = -6.37494E-01
SCF Iteration 342: Energy = 3.3963565905016764 dE =  6.31270E-01
SCF Iteration 343: Energy = 2.7596467390491868 dE = -6.36710E-01
SCF Iteration 344: Energy = 3.3875805635255536 dE =  6.27934E-01
SCF Iteration 345: Energy = 2.7519788333815618 dE = -6.35602E-01
SCF Iteration 346: Energy = 3.3752235912815047 dE =  6.23245E-01
SCF Iteration 347: Energy = 2.7411875664984104 dE = -6.34036E-01
SCF Iteration 348: Energy = 3.3578614330899046 dE =  6.16674E-01
SCF Iteration 349: Energy = 2.7260360353219699 dE = -6.31825E-01
SCF Iteration 350: Energy = 3.3335395638370784 dE =  6.07504E-01
SCF Iteration 351: Energy = 2.7048320389966176 dE = -6.28708E-01
SCF Iteration 352: Energy = 3.2996108933256636 dE =  5.94779E-01
SCF Iteration 353: Energy = 2.6752939408501728 dE = -6.24317E-01
SCF Iteration 354: Energy = 3.2525582151981332 dE =  5.77264E-01
SCF Iteration 355: Energy = 2.6344096717587142 dE = -6.18149E-01
SCF Iteration 356: Energy = 3.1878372727444737 dE =  5.53428E-01
SCF Iteration 357: Energy = 2.5783246245339830 dE = -6.09513E-01
SCF Iteration 358: Energy = 3.0998177660178152 dE =  5.21493E-01
SCF Iteration 359: Energy = 2.5023316563840590 dE = -5.97486E-01
SCF Iteration 360: Energy = 2.9819626422597678 dE =  4.79631E-01
SCF Iteration 361: Energy = 2.4010902090336614 dE = -5.80872E-01
SCF Iteration 362: Energy = 2.8274591955462443 dE =  4.26369E-01
SCF Iteration 363: Energy = 2.2692564914651889 dE = -5.58203E-01
SCF Iteration 364: Energy = 2.6305492801519081 dE =  3.61293E-01
SCF Iteration 365: Energy = 2.1027112787574689 dE = -5.27838E-01
SCF Iteration 366: Energy = 2.3886875827121066 dE =  2.85976E-01
SCF Iteration 367: Energy = 1.9004237170717606 dE = -4.88264E-01
SCF Iteration 368: Energy = 2.1052341269370127 dE =  2.04810E-01
SCF Iteration 369: Energy = 1.6665779813285511 dE = -4.38656E-01
SCF Iteration 370: Energy = 1.7916372917431413 dE =  1.25059E-01
SCF Iteration 371: Energy = 1.4119702468957755 dE = -3.79667E-01
SCF Iteration 372: Energy = 1.4674141117280892 dE =  5.54439E-02
SCF Iteration 373: Energy = 1.1533216465855070 dE = -3.14092E-01
SCF Iteration 374: Energy = 1.1566276334811301 dE =  3.30599E-03
SCF Iteration 375: Energy = 0.9098046254023684 dE = -2.46823E-01
SCF Iteration 376: Energy = 0.8815526121611708 dE = -2.82520E-02
SCF Iteration 377: Energy = 0.6978672545929934 dE = -1.83685E-01
SCF Iteration 378: Energy = 0.6565733292315388 dE = -4.12939E-02
SCF Iteration 379: Energy = 0.5269832625307052 dE = -1.29590E-01
SCF Iteration 380: Energy = 0.4855909610844567 dE = -4.13923E-02
SCF Iteration 381: Energy = 0.3984984860838585 dE = -8.70925E-02
SCF Iteration 382: Energy = 0.3637259474315373 dE = -3.47725E-02
SCF Iteration 383: Energy = 0.3075514647077986 dE = -5.61745E-02
SCF Iteration 384: Energy = 0.2813607844046677 dE = -2.61907E-02
SCF Iteration 385: Energy = 0.2462912317909174 dE = -3.50696E-02
SCF Iteration 386: Energy = 0.2279756189089444 dE = -1.83156E-02
SCF Iteration 387: Energy = 0.2066113490229213 dE = -2.13643E-02
SCF Iteration 388: Energy = 0.1944558039556519 dE = -1.21555E-02
SCF Iteration 389: Energy = 0.1816668867856608 dE = -1.27889E-02
SCF Iteration 390: Energy = 0.1738956551154871 dE = -7.77123E-03
SCF Iteration 391: Energy = 0.1663318052669229 dE = -7.56385E-03
SCF Iteration 392: Energy = 0.1614952509017975 dE = -4.83655E-03
SCF Iteration 393: Energy = 0.1570574226835655 dE = -4.43783E-03
SCF Iteration 394: Energy = 0.1541050446313159 dE = -2.95238E-03
SCF Iteration 395: Energy = 0.1515147234290737 dE = -2.59032E-03
SCF Iteration 396: Energy = 0.1497375353569801 dE = -1.77719E-03
SCF Iteration 397: Energy = 0.1482304658041178 dE = -1.50707E-03
SCF Iteration 398: Energy = 0.1471714591852482 dE = -1.05901E-03
SCF Iteration 399: Energy = 0.1462963444074035 dE = -8.75115E-04
SCF Iteration 400: Energy = 0.1456699091926712 dE = -6.26435E-04
SCF Iteration 401: Energy = 0.1451623264439812 dE = -5.07583E-04
SCF Iteration 402: Energy = 0.1447937414229639 dE = -3.68585E-04
SCF Iteration 403: Energy = 0.1444995131769264 dE = -2.94228E-04
SCF Iteration 404: Energy = 0.1442834833573157 dE = -2.16030E-04
SCF Iteration 405: Energy = 0.1441129787294040 dE = -1.70505E-04
SCF Iteration 406: Energy = 0.1439867200532801 dE = -1.26259E-04
SCF Iteration 407: Energy = 0.1438879227907073 dE = -9.87973E-05
SCF Iteration 408: Energy = 0.1438142830444509 dE = -7.36397E-05
SCF Iteration 409: Energy = 0.1437570353819639 dE = -5.72477E-05
SCF Iteration 410: Energy = 0.1437141500694050 dE = -4.28853E-05
SCF Iteration 411: Energy = 0.1436809759175395 dE = -3.31742E-05
SCF Iteration 412: Energy = 0.1436560284520061 dE = -2.49475E-05
SCF Iteration 413: Energy = 0.1436368027234289 dE = -1.92257E-05
SCF Iteration 414: Energy = 0.1436223018337319 dE = -1.45009E-05
SCF Iteration 415: Energy = 0.1436111586206339 dE = -1.11432E-05
SCF Iteration 416: Energy = 0.1436027348319637 dE = -8.42379E-06
SCF Iteration 417: Energy = 0.1435962755838931 dE = -6.45925E-06
SCF Iteration 418: Energy = 0.1435913841759895 dE = -4.89141E-06
SCF Iteration 419: Energy = 0.1435876396721758 dE = -3.74450E-06
SCF Iteration 420: Energy = 0.1435848002859537 dE = -2.83939E-06
SCF Iteration 421: Energy = 0.1435826293690790 dE = -2.17092E-06
SCF Iteration 422: Energy = 0.1435809815242894 dE = -1.64784E-06
SCF Iteration 423: Energy = 0.1435797228185036 dE = -1.25871E-06
SCF Iteration 424: Energy = 0.1435787666453248 dE = -9.56173E-07
SCF Iteration 425: Energy = 0.1435780367963506 dE = -7.29849E-07
SCF Iteration 426: Energy = 0.1435774820363394 dE = -5.54760E-07
SCF Iteration 427: Energy = 0.1435770588170167 dE = -4.23219E-07
SCF Iteration 428: Energy = 0.1435767369794991 dE = -3.21838E-07
SCF Iteration 429: Energy = 0.1435764915548958 dE = -2.45425E-07
SCF Iteration 430: Energy = 0.1435763048560004 dE = -1.86699E-07
SCF Iteration 431: Energy = 0.1435761625288778 dE = -1.42327E-07
SCF Iteration 432: Energy = 0.1435760542289364 dE = -1.08300E-07
SCF Iteration 433: Energy = 0.1435759716875848 dE = -8.25414E-08
SCF Iteration 434: Energy = 0.1435759088670387 dE = -6.28205E-08
SCF Iteration 435: Energy = 0.1435758609965907 dE = -4.78704E-08
SCF Iteration 436: Energy = 0.1435758245575975 dE = -3.64390E-08
SCF Iteration 437: Energy = 0.1435757967941482 dE = -2.77634E-08
SCF Iteration 438: Energy = 0.1435757756580420 dE = -2.11361E-08
SCF Iteration 439: Energy = 0.1435757595557430 dE = -1.61023E-08
SCF Iteration 440: Energy = 0.1435757472960386 dE = -1.22597E-08
SCF Iteration 441: Energy = 0.1435757379568487 dE = -9.33919E-09
SCF Iteration 442: Energy = 0.1435757308458063 dE = -7.11104E-09
SCF Iteration 443: Energy = 0.1435757254290806 dE = -5.41673E-09
SCF Iteration 444: Energy = 0.1435757213044564 dE = -4.12462E-09
SCF Iteration 445: Energy = 0.1435757181627260 dE = -3.14173E-09
SCF Iteration 446: Energy = 0.1435757157703108 dE = -2.39242E-09
SCF Iteration 447: Energy = 0.1435757139480707 dE = -1.82224E-09
SCF Iteration 448: Energy = 0.1435757125604020 dE = -1.38767E-09
SCF Iteration 449: Energy = 0.1435757115034662 dE = -1.05694E-09
SCF Iteration 450: Energy = 0.1435757106985838 dE = -8.04882E-10
SCF Iteration 451: Energy = 0.1435757100855346 dE = -6.13049E-10
SCF Iteration 452: Energy = 0.1435757096186663 dE = -4.66868E-10
SCF Iteration 453: Energy = 0.1435757092630876 dE = -3.55579E-10
SCF Iteration 454: Energy = 0.1435757089922944 dE = -2.70793E-10
SCF Iteration 455: Energy = 0.1435757087860496 dE = -2.06245E-10
SCF Iteration 456: Energy = 0.1435757086289779 dE = -1.57072E-10
SCF Iteration 457: Energy = 0.1435757085093439 dE = -1.19634E-10
SCF Iteration 458: Energy = 0.1435757084182470 dE = -9.10969E-11

SCF converged.
E_QED_HF          = 0.143575708418247
HF  (psi4)        = -0.998587740125338
Starting with the CCSD calculation:

Iter  Energy(CCSD)      E_diff    time(sec)
  1:  -0.1778906474  1.77891E-01   19.091
  2:  -0.2719970174  9.41064E-02   19.077
  3:  -0.3219222723  4.99253E-02   19.080
  4:  -0.3577591918  3.58369E-02   19.083
  5:  -0.3762019691  1.84428E-02   19.083
  6:  -0.3985967221  2.23948E-02   19.075
  7:  -0.4121655629  1.35688E-02   19.074
  8:  -0.4209583973  8.79283E-03   19.068
  9:  -0.4342698344  1.33114E-02   19.078
 10:  -0.4447681752  1.04983E-02   19.068
 11:  -0.4551062984  1.03381E-02   19.075
 12:  -0.4614330241  6.32673E-03   19.074
 13:  -0.4661141713  4.68115E-03   19.069
 14:  -0.4727338846  6.61971E-03   19.072
 15:  -0.4805006130  7.76673E-03   19.072
 16:  -0.4859901365  5.48952E-03   19.070
 17:  -0.4903491576  4.35902E-03   19.075
 18:  -0.4945646690  4.21551E-03   19.070
 19:  -0.4983576678  3.79300E-03   19.073
 20:  -0.5009233834  2.56572E-03   19.069
 21:  -0.5039163728  2.99299E-03   19.083
 22:  -0.5066641784  2.74781E-03   19.087
 23:  -0.5083464592  1.68228E-03   19.079
 24:  -0.5100025229  1.65606E-03   19.080
 25:  -0.5114271457  1.42462E-03   19.087
 26:  -0.5124530500  1.02590E-03   19.071
 27:  -0.5132190018  7.65952E-04   19.072
 28:  -0.5137623272  5.43325E-04   19.067
 29:  -0.5141757999  4.13473E-04   19.074
 30:  -0.5144294891  2.53689E-04   19.073
 31:  -0.5146855328  2.56044E-04   19.072
 32:  -0.5146998742  1.43414E-05   19.072
 33:  -0.5147085401  8.66597E-06   19.073
 34:  -0.5147349089  2.63688E-05   19.078
 35:  -0.5148086380  7.37291E-05   19.071
 36:  -0.5148787226  7.00845E-05   19.077
 37:  -0.5148408456  3.78770E-05   19.078
 38:  -0.5148685218  2.76762E-05   19.082
 39:  -0.5149106224  4.21006E-05   19.067
 40:  -0.5149141051  3.48275E-06   19.074
 41:  -0.5149058104  8.29472E-06   19.076
 42:  -0.5148702440  3.55664E-05   19.077
 43:  -0.5148736552  3.41116E-06   19.084
 44:  -0.5148419227  3.17325E-05   19.075
 45:  -0.5148307435  1.11791E-05   19.081
 46:  -0.5148409660  1.02225E-05   19.073
 47:  -0.5148338929  7.07309E-06   19.071
 48:  -0.5148357304  1.83743E-06   19.076
 49:  -0.5148391218  3.39138E-06   19.081
 50:  -0.5148419724  2.85066E-06   19.073
E_QED_CCSD  (Corr.)  = -0.514841972411521
E_QED_CCSD tot       = -0.371266263993274
E_CCSD_psi4 (Corr.)  = -0.064513892816631
E_CCSD_psi4 tot      = -1.063101632941968
