
  Memory set to  55.879 GiB by Python driver.
  Threads set to 1 by Python driver.
Settings:
	LOT = CCSD-S2-U22
	wc = 20.0 eV
	lambda = [1.212424 0.       0.      ] a.u.
	Equivalent A0 = LAMBDA / sqrt(2 wc) = [1. 0. 0.])
doing QED-CCSD-Full (or QED-CCSD-22)
Number of occupied orbitals:   1
Number of basis functions:  60
SCF Iteration   1: Energy = 8.5155238019455926 dE =  8.51552E+00
SCF Iteration   2: Energy = 9.0781650873236881 dE =  5.62641E-01
SCF Iteration   3: Energy = 8.7585931292638310 dE = -3.19572E-01
SCF Iteration   4: Energy = 8.9985285187130675 dE =  2.39935E-01
SCF Iteration   5: Energy = 8.9092072266468847 dE = -8.93213E-02
SCF Iteration   6: Energy = 9.0026803037199308 dE =  9.34731E-02
SCF Iteration   7: Energy = 8.9723579110234528 dE = -3.03224E-02
SCF Iteration   8: Energy = 9.0111628239131889 dE =  3.88049E-02
SCF Iteration   9: Energy = 8.9976474080620346 dE = -1.35154E-02
SCF Iteration  10: Energy = 9.0150871292183989 dE =  1.74397E-02
SCF Iteration  11: Energy = 9.0062079032961098 dE = -8.87923E-03
SCF Iteration  12: Energy = 9.0146642320536277 dE =  8.45633E-03
SCF Iteration  13: Energy = 9.0066800038401240 dE = -7.98423E-03
SCF Iteration  14: Energy = 9.0111965871766859 dE =  4.51658E-03
SCF Iteration  15: Energy = 9.0030269414140562 dE = -8.16965E-03
SCF Iteration  16: Energy = 9.0058483345802660 dE =  2.82139E-03
SCF Iteration  17: Energy = 8.9972838443260184 dE = -8.56449E-03
SCF Iteration  18: Energy = 8.9994830660526670 dE =  2.19922E-03
SCF Iteration  19: Energy = 8.9905838000007581 dE = -8.89927E-03
SCF Iteration  20: Energy = 8.9926997830605853 dE =  2.11598E-03
SCF Iteration  21: Energy = 8.9835877294209201 dE = -9.11205E-03
SCF Iteration  22: Energy = 8.9858966854274218 dE =  2.30896E-03
SCF Iteration  23: Energy = 8.9766869567925660 dE = -9.20973E-03
SCF Iteration  24: Energy = 8.9793272537466180 dE =  2.64030E-03
SCF Iteration  25: Energy = 8.9701093627187749 dE = -9.21789E-03
SCF Iteration  26: Energy = 8.9731433672710530 dE =  3.03400E-03
SCF Iteration  27: Energy = 8.9639801168955433 dE = -9.16325E-03
SCF Iteration  28: Energy = 8.9674269586320339 dE =  3.44684E-03
SCF Iteration  29: Energy = 8.9583587946606738 dE = -9.06816E-03
SCF Iteration  30: Energy = 8.9622127694377678 dE =  3.85397E-03
SCF Iteration  31: Energy = 8.9532631031553063 dE = -8.94967E-03
SCF Iteration  32: Energy = 8.9575044985111436 dE =  4.24140E-03
SCF Iteration  33: Energy = 8.9486844679133011 dE = -8.82003E-03
SCF Iteration  34: Energy = 8.9532861378405411 dE =  4.60167E-03
SCF Iteration  35: Energy = 8.9445984132512795 dE = -8.68772E-03
SCF Iteration  36: Energy = 8.9495298406280970 dE =  4.93143E-03
SCF Iteration  37: Energy = 8.9409714975092935 dE = -8.55834E-03
SCF Iteration  38: Energy = 8.9462013095095596 dE =  5.22981E-03
SCF Iteration  39: Energy = 8.9377659210314242 dE = -8.43539E-03
SCF Iteration  40: Energy = 8.9432634239493698 dE =  5.49750E-03
SCF Iteration  41: Energy = 8.9349425449866597 dE = -8.32088E-03
SCF Iteration  42: Energy = 8.9406786264363820 dE =  5.73608E-03
SCF Iteration  43: Energy = 8.9324628209727983 dE = -8.21581E-03
SCF Iteration  44: Energy = 8.9384104408550247 dE =  5.94762E-03
SCF Iteration  45: Energy = 8.9302899752404130 dE = -8.12047E-03
SCF Iteration  46: Energy = 8.9364243898821769 dE =  6.13441E-03
SCF Iteration  47: Energy = 8.9283896859553060 dE = -8.03470E-03
SCF Iteration  48: Energy = 8.9346885011343975 dE =  6.29882E-03
SCF Iteration  49: Energy = 8.9267304193855939 dE = -7.95808E-03
SCF Iteration  50: Energy = 8.9331735362350617 dE =  6.44312E-03
SCF Iteration  51: Energy = 8.9252835404419173 dE = -7.89000E-03
SCF Iteration  52: Energy = 8.9318530371379499 dE =  6.56950E-03
SCF Iteration  53: Energy = 8.9240232776843715 dE = -7.82976E-03
SCF Iteration  54: Energy = 8.9307032555976296 dE =  6.67998E-03
SCF Iteration  55: Energy = 8.9229265981212791 dE = -7.77666E-03
SCF Iteration  56: Energy = 8.9297030114369260 dE =  6.77641E-03
SCF Iteration  57: Energy = 8.9219730297070754 dE = -7.72998E-03
SCF Iteration  58: Energy = 8.9288335109086052 dE =  6.86048E-03
SCF Iteration  59: Energy = 8.9211444572198548 dE = -7.68905E-03
SCF Iteration  60: Energy = 8.9280781463095291 dE =  6.93369E-03
SCF Iteration  61: Energy = 8.9204249086266962 dE = -7.65324E-03
SCF Iteration  62: Energy = 8.9274222908725935 dE =  6.99738E-03
SCF Iteration  63: Energy = 8.9198003430636543 dE = -7.62195E-03
SCF Iteration  64: Energy = 8.9268530979693015 dE =  7.05275E-03
SCF Iteration  65: Energy = 8.9192584473969045 dE = -7.59465E-03
SCF Iteration  66: Energy = 8.9263593101876868 dE =  7.10086E-03
SCF Iteration  67: Energy = 8.9187884454684525 dE = -7.57086E-03
SCF Iteration  68: Energy = 8.9259310814614121 dE =  7.14264E-03
SCF Iteration  69: Energy = 8.9183809221738759 dE = -7.55016E-03
SCF Iteration  70: Energy = 8.9255598138027459 dE =  7.17889E-03
SCF Iteration  71: Energy = 8.9180276632099140 dE = -7.53215E-03
SCF Iteration  72: Energy = 8.9252380091092487 dE =  7.21035E-03
SCF Iteration  73: Energy = 8.9177215104681711 dE = -7.51650E-03
SCF Iteration  74: Energy = 8.9249591358102744 dE =  7.23763E-03
SCF Iteration  75: Energy = 8.9174562325078224 dE = -7.50290E-03
SCF Iteration  76: Energy = 8.9247175096803879 dE =  7.26128E-03
SCF Iteration  77: Energy = 8.9172264092134430 dE = -7.49110E-03
SCF Iteration  78: Energy = 8.9245081878917691 dE =  7.28178E-03
SCF Iteration  79: Energy = 8.9170273295683078 dE = -7.48086E-03
SCF Iteration  80: Energy = 8.9243268752478979 dE =  7.29955E-03
SCF Iteration  81: Energy = 8.9168549013998515 dE = -7.47197E-03
SCF Iteration  82: Energy = 8.9241698414948729 dE =  7.31494E-03
SCF Iteration  83: Energy = 8.9167055719455330 dE = -7.46427E-03
SCF Iteration  84: Energy = 8.9240338486165651 dE =  7.32828E-03
SCF Iteration  85: Energy = 8.9165762581247545 dE = -7.45759E-03
SCF Iteration  86: Energy = 8.9239160870643222 dE =  7.33983E-03
SCF Iteration  87: Energy = 8.9164642854628848 dE = -7.45180E-03
SCF Iteration  88: Energy = 8.9238141199373189 dE =  7.34983E-03
SCF Iteration  89: Energy = 8.9163673346910990 dE = -7.44679E-03
SCF Iteration  90: Energy = 8.9237258342052908 dE =  7.35850E-03
SCF Iteration  91: Energy = 8.9162833951283691 dE = -7.44244E-03
SCF Iteration  92: Energy = 8.9236493981465017 dE =  7.36600E-03
SCF Iteration  93: Energy = 8.9162107240363238 dE = -7.43867E-03
SCF Iteration  94: Energy = 8.9235832242536812 dE =  7.37250E-03
SCF Iteration  95: Energy = 8.9161478112198171 dE = -7.43541E-03
SCF Iteration  96: Energy = 8.9235259369387325 dE =  7.37813E-03
SCF Iteration  97: Energy = 8.9160933482250169 dE = -7.43259E-03
SCF Iteration  98: Energy = 8.9234763444392922 dE =  7.38300E-03
SCF Iteration  99: Energy = 8.9160462015584212 dE = -7.43014E-03
SCF Iteration 100: Energy = 8.9234334143990726 dE =  7.38721E-03
SCF Iteration 101: Energy = 8.9160053894169646 dE = -7.42802E-03
SCF Iteration 102: Energy = 8.9233962526541806 dE =  7.39086E-03
SCF Iteration 103: Energy = 8.9159700614813016 dE = -7.42619E-03
SCF Iteration 104: Energy = 8.9233640848147164 dE =  7.39402E-03
SCF Iteration 105: Energy = 8.9159394813761068 dE = -7.42460E-03
SCF Iteration 106: Energy = 8.9233362402804719 dE =  7.39676E-03
SCF Iteration 107: Energy = 8.9159130114528740 dE = -7.42323E-03
SCF Iteration 108: Energy = 8.9233121383744560 dE =  7.39913E-03
SCF Iteration 109: Energy = 8.9158900995914490 dE = -7.42204E-03
SCF Iteration 110: Energy = 8.9232912763176024 dE =  7.40118E-03
SCF Iteration 111: Energy = 8.9158702677563326 dE = -7.42101E-03
SCF Iteration 112: Energy = 8.9232732188030983 dE =  7.40295E-03
SCF Iteration 113: Energy = 8.9158531020767651 dE = -7.42012E-03
SCF Iteration 114: Energy = 8.9232575889597481 dE =  7.40449E-03
SCF Iteration 115: Energy = 8.9158382442499029 dE = -7.41934E-03
SCF Iteration 116: Energy = 8.9232440605210694 dE =  7.40582E-03
SCF Iteration 117: Energy = 8.9158253840913986 dE = -7.41868E-03
SCF Iteration 118: Energy = 8.9232323510403120 dE =  7.40697E-03
SCF Iteration 119: Energy = 8.9158142530821056 dE = -7.41810E-03
SCF Iteration 120: Energy = 8.9232222160125065 dE =  7.40796E-03
SCF Iteration 121: Energy = 8.9158046187777540 dE = -7.41760E-03
SCF Iteration 122: Energy = 8.9232134437832773 dE =  7.40883E-03
SCF Iteration 123: Energy = 8.9157962799670987 dE = -7.41716E-03
SCF Iteration 124: Energy = 8.9232058511391248 dE =  7.40957E-03
SCF Iteration 125: Energy = 8.9157890624787743 dE = -7.41679E-03
SCF Iteration 126: Energy = 8.9231992794888964 dE =  7.41022E-03
SCF Iteration 127: Energy = 8.9157828155501786 dE = -7.41646E-03
SCF Iteration 128: Energy = 8.9231935915569096 dE =  7.41078E-03
SCF Iteration 129: Energy = 8.9157774086831392 dE = -7.41618E-03
SCF Iteration 130: Energy = 8.9231886685198134 dE =  7.41126E-03
SCF Iteration 131: Energy = 8.9157727289217164 dE = -7.41594E-03
SCF Iteration 132: Energy = 8.9231844075273568 dE =  7.41168E-03
SCF Iteration 133: Energy = 8.9157686784950485 dE = -7.41573E-03
SCF Iteration 134: Energy = 8.9231807195562709 dE =  7.41204E-03
SCF Iteration 135: Energy = 8.9157651727768297 dE = -7.41555E-03
SCF Iteration 136: Energy = 8.9231775275519958 dE =  7.41235E-03
SCF Iteration 137: Energy = 8.9157621385186854 dE = -7.41539E-03
SCF Iteration 138: Energy = 8.9231747648200344 dE =  7.41263E-03
SCF Iteration 139: Energy = 8.9157595123208520 dE = -7.41525E-03
SCF Iteration 140: Energy = 8.9231723736334949 dE =  7.41286E-03
SCF Iteration 141: Energy = 8.9157572393083360 dE = -7.41513E-03
SCF Iteration 142: Energy = 8.9231703040274866 dE =  7.41306E-03
SCF Iteration 143: Energy = 8.9157552719849118 dE = -7.41503E-03
SCF Iteration 144: Energy = 8.9231685127557849 dE =  7.41324E-03
SCF Iteration 145: Energy = 8.9157535692410761 dE = -7.41494E-03
SCF Iteration 146: Energy = 8.9231669623874534 dE =  7.41339E-03
SCF Iteration 147: Energy = 8.9157520954954315 dE = -7.41487E-03
SCF Iteration 148: Energy = 8.9231656205250296 dE =  7.41353E-03
SCF Iteration 149: Energy = 8.9157508199513558 dE = -7.41480E-03
SCF Iteration 150: Energy = 8.9231644591276460 dE =  7.41364E-03
SCF Iteration 151: Energy = 8.9157497159536678 dE = -7.41474E-03
SCF Iteration 152: Energy = 8.9231634539254028 dE =  7.41374E-03
SCF Iteration 153: Energy = 8.9157487604317875 dE = -7.41469E-03
SCF Iteration 154: Energy = 8.9231625839121644 dE =  7.41382E-03
SCF Iteration 155: Energy = 8.9157479334176113 dE = -7.41465E-03
SCF Iteration 156: Energy = 8.9231618309067500 dE =  7.41390E-03
SCF Iteration 157: Energy = 8.9157472176284980 dE = -7.41461E-03
SCF Iteration 158: Energy = 8.9231611791730234 dE =  7.41396E-03
SCF Iteration 159: Energy = 8.9157465981059509 dE = -7.41458E-03
SCF Iteration 160: Energy = 8.9231606150911045 dE =  7.41402E-03
SCF Iteration 161: Energy = 8.9157460619032651 dE = -7.41455E-03
SCF Iteration 162: Energy = 8.9231601268728564 dE =  7.41406E-03
SCF Iteration 163: Energy = 8.9157455978147571 dE = -7.41453E-03
SCF Iteration 164: Energy = 8.9231597043153759 dE =  7.41411E-03
SCF Iteration 165: Energy = 8.9157451961418612 dE = -7.41451E-03
SCF Iteration 166: Energy = 8.9231593385879719 dE =  7.41414E-03
SCF Iteration 167: Energy = 8.9157448484902986 dE = -7.41449E-03
SCF Iteration 168: Energy = 8.9231590220476118 dE =  7.41417E-03
SCF Iteration 169: Energy = 8.9157445475947572 dE = -7.41447E-03
SCF Iteration 170: Energy = 8.9231587480790768 dE =  7.41420E-03
SCF Iteration 171: Energy = 8.9157442871669819 dE = -7.41446E-03
SCF Iteration 172: Energy = 8.9231585109569043 dE =  7.41422E-03
SCF Iteration 173: Energy = 8.9157440617644710 dE = -7.41445E-03
SCF Iteration 174: Energy = 8.9231583057255808 dE =  7.41424E-03
SCF Iteration 175: Energy = 8.9157438666766193 dE = -7.41444E-03
SCF Iteration 176: Energy = 8.9231581280960999 dE =  7.41426E-03
SCF Iteration 177: Energy = 8.9157436978264268 dE = -7.41443E-03
SCF Iteration 178: Energy = 8.9231579743562381 dE =  7.41428E-03
SCF Iteration 179: Energy = 8.9157435516850843 dE = -7.41442E-03
SCF Iteration 180: Energy = 8.9231578412930599 dE =  7.41429E-03
SCF Iteration 181: Energy = 8.9157434251985510 dE = -7.41442E-03
SCF Iteration 182: Energy = 8.9231577261257708 dE =  7.41430E-03
SCF Iteration 183: Energy = 8.9157433157233630 dE = -7.41441E-03
SCF Iteration 184: Energy = 8.9231576264474821 dE =  7.41431E-03
SCF Iteration 185: Energy = 8.9157432209716667 dE = -7.41441E-03
SCF Iteration 186: Energy = 8.9231575401750778 dE =  7.41432E-03
SCF Iteration 187: Energy = 8.9157431389632773 dE = -7.41440E-03
SCF Iteration 188: Energy = 8.9231574655056125 dE =  7.41433E-03
SCF Iteration 189: Energy = 8.9157430679843053 dE = -7.41440E-03
SCF Iteration 190: Energy = 8.9231574008785532 dE =  7.41433E-03
SCF Iteration 191: Energy = 8.9157430065514482 dE = -7.41439E-03
SCF Iteration 192: Energy = 8.9231573449432862 dE =  7.41434E-03
SCF Iteration 193: Energy = 8.9157429533807644 dE = -7.41439E-03
SCF Iteration 194: Energy = 8.9231572965308654 dE =  7.41434E-03
SCF Iteration 195: Energy = 8.9157429073610945 dE = -7.41439E-03
SCF Iteration 196: Energy = 8.9231572546294888 dE =  7.41435E-03
SCF Iteration 197: Energy = 8.9157428675306960 dE = -7.41439E-03
SCF Iteration 198: Energy = 8.9231572183635013 dE =  7.41435E-03
SCF Iteration 199: Energy = 8.9157428330571538 dE = -7.41439E-03
SCF Iteration 200: Energy = 8.9231571869749882 dE =  7.41435E-03
SCF Iteration 201: Energy = 8.9157428032200166 dE = -7.41438E-03
SCF Iteration 202: Energy = 8.9231571598079782 dE =  7.41436E-03
SCF Iteration 203: Energy = 8.9157427773957494 dE = -7.41438E-03
SCF Iteration 204: Energy = 8.9231571362946998 dE =  7.41436E-03
SCF Iteration 205: Energy = 8.9157427550445991 dE = -7.41438E-03
SCF Iteration 206: Energy = 8.9231571159437539 dE =  7.41436E-03
SCF Iteration 207: Energy = 8.9157427356994940 dE = -7.41438E-03
SCF Iteration 208: Energy = 8.9231570983298543 dE =  7.41436E-03
SCF Iteration 209: Energy = 8.9157427189561655 dE = -7.41438E-03
SCF Iteration 210: Energy = 8.9231570830848739 dE =  7.41436E-03
SCF Iteration 211: Energy = 8.9157427044646820 dE = -7.41438E-03
SCF Iteration 212: Energy = 8.9231570698902267 dE =  7.41437E-03
SCF Iteration 213: Energy = 8.9157426919221408 dE = -7.41438E-03
SCF Iteration 214: Energy = 8.9231570584701210 dE =  7.41437E-03
SCF Iteration 215: Energy = 8.9157426810664848 dE = -7.41438E-03
SCF Iteration 216: Energy = 8.9231570485859582 dE =  7.41437E-03
SCF Iteration 217: Energy = 8.9157426716708468 dE = -7.41438E-03
SCF Iteration 218: Energy = 8.9231570400311231 dE =  7.41437E-03
SCF Iteration 219: Energy = 8.9157426635388344 dE = -7.41438E-03
SCF Iteration 220: Energy = 8.9231570326268521 dE =  7.41437E-03
SCF Iteration 221: Energy = 8.9157426565005071 dE = -7.41438E-03
SCF Iteration 222: Energy = 8.9231570262183713 dE =  7.41437E-03
SCF Iteration 223: Energy = 8.9157426504087969 dE = -7.41438E-03
SCF Iteration 224: Energy = 8.9231570206717947 dE =  7.41437E-03
SCF Iteration 225: Energy = 8.9157426451363442 dE = -7.41438E-03
SCF Iteration 226: Energy = 8.9231570158711815 dE =  7.41437E-03
SCF Iteration 227: Energy = 8.9157426405730078 dE = -7.41438E-03
SCF Iteration 228: Energy = 8.9231570117162153 dE =  7.41437E-03
SCF Iteration 229: Energy = 8.9157426366234045 dE = -7.41438E-03
SCF Iteration 230: Energy = 8.9231570081200520 dE =  7.41437E-03
SCF Iteration 231: Energy = 8.9157426332049816 dE = -7.41437E-03
SCF Iteration 232: Energy = 8.9231570050075479 dE =  7.41437E-03
SCF Iteration 233: Energy = 8.9157426302462852 dE = -7.41437E-03
SCF Iteration 234: Energy = 8.9231570023136477 dE =  7.41437E-03
SCF Iteration 235: Energy = 8.9157426276855514 dE = -7.41437E-03
SCF Iteration 236: Energy = 8.9231569999820568 dE =  7.41437E-03
SCF Iteration 237: Energy = 8.9157426254692052 dE = -7.41437E-03
SCF Iteration 238: Energy = 8.9231569979640444 dE =  7.41437E-03
SCF Iteration 239: Energy = 8.9157426235509210 dE = -7.41437E-03
SCF Iteration 240: Energy = 8.9231569962174486 dE =  7.41437E-03
SCF Iteration 241: Energy = 8.9157426218906473 dE = -7.41437E-03
SCF Iteration 242: Energy = 8.9231569947057388 dE =  7.41437E-03
SCF Iteration 243: Energy = 8.9157426204536634 dE = -7.41437E-03
SCF Iteration 244: Energy = 8.9231569933973542 dE =  7.41437E-03
SCF Iteration 245: Energy = 8.9157426192099418 dE = -7.41437E-03
SCF Iteration 246: Energy = 8.9231569922649339 dE =  7.41437E-03
SCF Iteration 247: Energy = 8.9157426181334909 dE = -7.41437E-03
SCF Iteration 248: Energy = 8.9231569912848272 dE =  7.41437E-03
SCF Iteration 249: Energy = 8.9157426172018166 dE = -7.41437E-03
SCF Iteration 250: Energy = 8.9231569904365085 dE =  7.41437E-03
SCF Iteration 251: Energy = 8.9157426163954394 dE = -7.41437E-03
SCF Iteration 252: Energy = 8.9231569897022904 dE =  7.41437E-03
SCF Iteration 253: Energy = 8.9157426156975070 dE = -7.41437E-03
SCF Iteration 254: Energy = 8.9231569890668236 dE =  7.41437E-03
SCF Iteration 255: Energy = 8.9157426150934480 dE = -7.41437E-03
SCF Iteration 256: Energy = 8.9231569885168263 dE =  7.41437E-03
SCF Iteration 257: Energy = 8.9157426145706200 dE = -7.41437E-03
SCF Iteration 258: Energy = 8.9231569880407893 dE =  7.41437E-03
SCF Iteration 259: Energy = 8.9157426141181109 dE = -7.41437E-03
SCF Iteration 260: Energy = 8.9231569876287846 dE =  7.41437E-03
SCF Iteration 261: Energy = 8.9157426137264828 dE = -7.41437E-03
SCF Iteration 262: Energy = 8.9231569872721774 dE =  7.41437E-03
SCF Iteration 263: Energy = 8.9157426133875060 dE = -7.41437E-03
SCF Iteration 264: Energy = 8.9231569869635532 dE =  7.41437E-03
SCF Iteration 265: Energy = 8.9157426130941158 dE = -7.41437E-03
SCF Iteration 266: Energy = 8.9231569866964175 dE =  7.41437E-03
SCF Iteration 267: Energy = 8.9157426128402069 dE = -7.41437E-03
SCF Iteration 268: Energy = 8.9231569864652105 dE =  7.41437E-03
SCF Iteration 269: Energy = 8.9157426126204253 dE = -7.41437E-03
SCF Iteration 270: Energy = 8.9231569862651074 dE =  7.41437E-03
SCF Iteration 271: Energy = 8.9157426124302166 dE = -7.41437E-03
SCF Iteration 272: Energy = 8.9231569860919233 dE =  7.41437E-03
SCF Iteration 273: Energy = 8.9157426122655767 dE = -7.41437E-03
SCF Iteration 274: Energy = 8.9231569859420308 dE =  7.41437E-03
SCF Iteration 275: Energy = 8.9157426121231058 dE = -7.41437E-03
SCF Iteration 276: Energy = 8.9231569858122786 dE =  7.41437E-03
SCF Iteration 277: Energy = 8.9157426119997876 dE = -7.41437E-03
SCF Iteration 278: Energy = 8.9231569856999950 dE =  7.41437E-03
SCF Iteration 279: Energy = 8.9157426118930321 dE = -7.41437E-03
SCF Iteration 280: Energy = 8.9231569856027928 dE =  7.41437E-03
SCF Iteration 281: Energy = 8.9157426118006153 dE = -7.41437E-03
SCF Iteration 282: Energy = 8.9231569855186823 dE =  7.41437E-03
SCF Iteration 283: Energy = 8.9157426117206864 dE = -7.41437E-03
SCF Iteration 284: Energy = 8.9231569854458783 dE =  7.41437E-03
SCF Iteration 285: Energy = 8.9157426116514582 dE = -7.41437E-03
SCF Iteration 286: Energy = 8.9231569853828567 dE =  7.41437E-03
SCF Iteration 287: Energy = 8.9157426115915595 dE = -7.41437E-03
SCF Iteration 288: Energy = 8.9231569853283208 dE =  7.41437E-03
SCF Iteration 289: Energy = 8.9157426115397218 dE = -7.41437E-03
SCF Iteration 290: Energy = 8.9231569852811283 dE =  7.41437E-03
SCF Iteration 291: Energy = 8.9157426114948581 dE = -7.41437E-03
SCF Iteration 292: Energy = 8.9231569852402561 dE =  7.41437E-03
SCF Iteration 293: Energy = 8.9157426114560216 dE = -7.41437E-03
SCF Iteration 294: Energy = 8.9231569852048853 dE =  7.41437E-03
SCF Iteration 295: Energy = 8.9157426114223970 dE = -7.41437E-03
SCF Iteration 296: Energy = 8.9231569851742929 dE =  7.41437E-03
SCF Iteration 297: Energy = 8.9157426113932967 dE = -7.41437E-03
SCF Iteration 298: Energy = 8.9231569851478110 dE =  7.41437E-03
SCF Iteration 299: Energy = 8.9157426113681186 dE = -7.41437E-03
SCF Iteration 300: Energy = 8.9231569851248747 dE =  7.41437E-03
SCF Iteration 301: Energy = 8.9157426113463369 dE = -7.41437E-03
SCF Iteration 302: Energy = 8.9231569851050327 dE =  7.41437E-03
SCF Iteration 303: Energy = 8.9157426113274756 dE = -7.41437E-03
SCF Iteration 304: Energy = 8.9231569850878660 dE =  7.41437E-03
SCF Iteration 305: Energy = 8.9157426113111313 dE = -7.41437E-03
SCF Iteration 306: Energy = 8.9231569850729908 dE =  7.41437E-03
SCF Iteration 307: Energy = 8.9157426112970430 dE = -7.41437E-03
SCF Iteration 308: Energy = 8.9231569850601229 dE =  7.41437E-03
SCF Iteration 309: Energy = 8.9157426112847862 dE = -7.41437E-03
SCF Iteration 310: Energy = 8.9231569850490029 dE =  7.41437E-03
SCF Iteration 311: Energy = 8.9157426112741973 dE = -7.41437E-03
SCF Iteration 312: Energy = 8.9231569850393591 dE =  7.41437E-03
SCF Iteration 313: Energy = 8.9157426112650686 dE = -7.41437E-03
SCF Iteration 314: Energy = 8.9231569850310404 dE =  7.41437E-03
SCF Iteration 315: Energy = 8.9157426112571105 dE = -7.41437E-03
SCF Iteration 316: Energy = 8.9231569850237982 dE =  7.41437E-03
SCF Iteration 317: Energy = 8.9157426112502538 dE = -7.41437E-03
SCF Iteration 318: Energy = 8.9231569850175454 dE =  7.41437E-03
SCF Iteration 319: Energy = 8.9157426112442995 dE = -7.41437E-03
SCF Iteration 320: Energy = 8.9231569850121506 dE =  7.41437E-03
SCF Iteration 321: Energy = 8.9157426112391658 dE = -7.41437E-03
SCF Iteration 322: Energy = 8.9231569850074770 dE =  7.41437E-03
SCF Iteration 323: Energy = 8.9157426112347355 dE = -7.41437E-03
SCF Iteration 324: Energy = 8.9231569850034127 dE =  7.41437E-03
SCF Iteration 325: Energy = 8.9157426112308720 dE = -7.41437E-03
SCF Iteration 326: Energy = 8.9231569849999044 dE =  7.41437E-03
SCF Iteration 327: Energy = 8.9157426112275502 dE = -7.41437E-03
SCF Iteration 328: Energy = 8.9231569849968775 dE =  7.41437E-03
SCF Iteration 329: Energy = 8.9157426112246547 dE = -7.41437E-03
SCF Iteration 330: Energy = 8.9231569849942591 dE =  7.41437E-03
SCF Iteration 331: Energy = 8.9157426112221607 dE = -7.41437E-03
SCF Iteration 332: Energy = 8.9231569849919605 dE =  7.41437E-03
SCF Iteration 333: Energy = 8.9157426112199882 dE = -7.41437E-03
SCF Iteration 334: Energy = 8.9231569849900172 dE =  7.41437E-03
SCF Iteration 335: Energy = 8.9157426112181355 dE = -7.41437E-03
SCF Iteration 336: Energy = 8.9231569849882941 dE =  7.41437E-03
SCF Iteration 337: Energy = 8.9157426112165084 dE = -7.41437E-03
SCF Iteration 338: Energy = 8.9231569849868269 dE =  7.41437E-03
SCF Iteration 339: Energy = 8.9157426112150873 dE = -7.41437E-03
SCF Iteration 340: Energy = 8.9231569849855550 dE =  7.41437E-03
SCF Iteration 341: Energy = 8.9157426112138900 dE = -7.41437E-03
SCF Iteration 342: Energy = 8.9231569849844394 dE =  7.41437E-03
SCF Iteration 343: Energy = 8.9157426112128473 dE = -7.41437E-03
SCF Iteration 344: Energy = 8.9231569849834944 dE =  7.41437E-03
SCF Iteration 345: Energy = 8.9157426112119325 dE = -7.41437E-03
SCF Iteration 346: Energy = 8.9231569849826666 dE =  7.41437E-03
SCF Iteration 347: Energy = 8.9157426112111633 dE = -7.41437E-03
SCF Iteration 348: Energy = 8.9231569849819561 dE =  7.41437E-03
SCF Iteration 349: Energy = 8.9157426112104563 dE = -7.41437E-03
SCF Iteration 350: Energy = 8.9231569849813450 dE =  7.41437E-03
SCF Iteration 351: Energy = 8.9157426112098683 dE = -7.41437E-03
SCF Iteration 352: Energy = 8.9231569849807908 dE =  7.41437E-03
SCF Iteration 353: Energy = 8.9157426112093621 dE = -7.41437E-03
SCF Iteration 354: Energy = 8.9231569849803165 dE =  7.41437E-03
SCF Iteration 355: Energy = 8.9157426112089251 dE = -7.41437E-03
SCF Iteration 356: Energy = 8.9231569849799168 dE =  7.41437E-03
SCF Iteration 357: Energy = 8.9157426112085485 dE = -7.41437E-03
SCF Iteration 358: Energy = 8.9231569849795722 dE =  7.41437E-03
SCF Iteration 359: Energy = 8.9157426112082039 dE = -7.41437E-03
SCF Iteration 360: Energy = 8.9231569849792702 dE =  7.41437E-03
SCF Iteration 361: Energy = 8.9157426112079339 dE = -7.41437E-03
SCF Iteration 362: Energy = 8.9231569849790109 dE =  7.41437E-03
SCF Iteration 363: Energy = 8.9157426112076870 dE = -7.41437E-03
SCF Iteration 364: Energy = 8.9231569849787906 dE =  7.41437E-03
SCF Iteration 365: Energy = 8.9157426112074738 dE = -7.41437E-03
SCF Iteration 366: Energy = 8.9231569849785988 dE =  7.41437E-03
SCF Iteration 367: Energy = 8.9157426112072766 dE = -7.41437E-03
SCF Iteration 368: Energy = 8.9231569849784282 dE =  7.41437E-03
SCF Iteration 369: Energy = 8.9157426112071239 dE = -7.41437E-03
SCF Iteration 370: Energy = 8.9231569849782861 dE =  7.41437E-03
SCF Iteration 371: Energy = 8.9157426112069800 dE = -7.41437E-03
SCF Iteration 372: Energy = 8.9231569849781511 dE =  7.41437E-03
SCF Iteration 373: Energy = 8.9157426112068503 dE = -7.41437E-03
SCF Iteration 374: Energy = 8.9231569849780339 dE =  7.41437E-03
SCF Iteration 375: Energy = 8.9157426112067473 dE = -7.41437E-03
SCF Iteration 376: Energy = 8.9231569849779522 dE =  7.41437E-03
SCF Iteration 377: Energy = 8.9157426112066620 dE = -7.41437E-03
SCF Iteration 378: Energy = 8.9231569849778545 dE =  7.41437E-03
SCF Iteration 379: Energy = 8.9157426112065767 dE = -7.41437E-03
SCF Iteration 380: Energy = 8.9231569849777870 dE =  7.41437E-03
SCF Iteration 381: Energy = 8.9157426112065128 dE = -7.41437E-03
SCF Iteration 382: Energy = 8.9231569849777177 dE =  7.41437E-03
SCF Iteration 383: Energy = 8.9157426112064382 dE = -7.41437E-03
SCF Iteration 384: Energy = 8.9231569849776751 dE =  7.41437E-03
SCF Iteration 385: Energy = 8.9157426112063991 dE = -7.41437E-03
SCF Iteration 386: Energy = 8.9231569849776218 dE =  7.41437E-03
SCF Iteration 387: Energy = 8.9157426112063476 dE = -7.41437E-03
SCF Iteration 388: Energy = 8.9231569849775987 dE =  7.41437E-03
SCF Iteration 389: Energy = 8.9157426112063156 dE = -7.41437E-03
SCF Iteration 390: Energy = 8.9231569849775436 dE =  7.41437E-03
SCF Iteration 391: Energy = 8.9157426112062765 dE = -7.41437E-03
SCF Iteration 392: Energy = 8.9231569849775010 dE =  7.41437E-03
SCF Iteration 393: Energy = 8.9157426112062801 dE = -7.41437E-03
SCF Iteration 394: Energy = 8.9231569849774939 dE =  7.41437E-03
SCF Iteration 395: Energy = 8.9157426112062357 dE = -7.41437E-03
SCF Iteration 396: Energy = 8.9231569849774726 dE =  7.41437E-03
SCF Iteration 397: Energy = 8.9157426112062037 dE = -7.41437E-03
SCF Iteration 398: Energy = 8.9231569849774584 dE =  7.41437E-03
SCF Iteration 399: Energy = 8.9157426112061877 dE = -7.41437E-03
SCF Iteration 400: Energy = 8.9231569849774335 dE =  7.41437E-03
SCF Iteration 401: Energy = 8.9157426112061930 dE = -7.41437E-03
SCF Iteration 402: Energy = 8.9231569849774157 dE =  7.41437E-03
SCF Iteration 403: Energy = 8.9157426112061628 dE = -7.41437E-03
SCF Iteration 404: Energy = 8.9231569849774122 dE =  7.41437E-03
SCF Iteration 405: Energy = 8.9157426112061717 dE = -7.41437E-03
SCF Iteration 406: Energy = 8.9231569849773962 dE =  7.41437E-03
SCF Iteration 407: Energy = 8.9157426112061504 dE = -7.41437E-03
SCF Iteration 408: Energy = 8.9231569849773944 dE =  7.41437E-03
SCF Iteration 409: Energy = 8.9157426112061451 dE = -7.41437E-03
SCF Iteration 410: Energy = 8.9231569849773837 dE =  7.41437E-03
SCF Iteration 411: Energy = 8.9157426112061380 dE = -7.41437E-03
SCF Iteration 412: Energy = 8.9231569849773837 dE =  7.41437E-03
SCF Iteration 413: Energy = 8.9157426112061291 dE = -7.41437E-03
SCF Iteration 414: Energy = 8.9231569849773766 dE =  7.41437E-03
SCF Iteration 415: Energy = 8.9157426112061238 dE = -7.41437E-03
SCF Iteration 416: Energy = 8.9231569849773766 dE =  7.41437E-03
SCF Iteration 417: Energy = 8.9157426112061255 dE = -7.41437E-03
SCF Iteration 418: Energy = 8.9231569849773624 dE =  7.41437E-03
SCF Iteration 419: Energy = 8.9157426112061184 dE = -7.41437E-03
SCF Iteration 420: Energy = 8.9231569849773695 dE =  7.41437E-03
SCF Iteration 421: Energy = 8.9157426112061327 dE = -7.41437E-03
SCF Iteration 422: Energy = 8.9231569849773571 dE =  7.41437E-03
SCF Iteration 423: Energy = 8.9157426112060971 dE = -7.41437E-03
SCF Iteration 424: Energy = 8.9231569849773535 dE =  7.41437E-03
SCF Iteration 425: Energy = 8.9157426112061078 dE = -7.41437E-03
SCF Iteration 426: Energy = 8.9231569849773589 dE =  7.41437E-03
SCF Iteration 427: Energy = 8.9157426112060900 dE = -7.41437E-03
SCF Iteration 428: Energy = 8.9231569849773411 dE =  7.41437E-03
SCF Iteration 429: Energy = 8.9157426112060740 dE = -7.41437E-03
SCF Iteration 430: Energy = 8.9231569849773393 dE =  7.41437E-03
SCF Iteration 431: Energy = 8.9157426112060829 dE = -7.41437E-03
SCF Iteration 432: Energy = 8.9231569849773269 dE =  7.41437E-03
SCF Iteration 433: Energy = 8.9157426112060794 dE = -7.41437E-03
SCF Iteration 434: Energy = 8.9231569849773198 dE =  7.41437E-03
SCF Iteration 435: Energy = 8.9157426112060687 dE = -7.41437E-03
SCF Iteration 436: Energy = 8.9231569849773322 dE =  7.41437E-03
SCF Iteration 437: Energy = 8.9157426112060758 dE = -7.41437E-03
SCF Iteration 438: Energy = 8.9231569849773251 dE =  7.41437E-03
SCF Iteration 439: Energy = 8.9157426112060723 dE = -7.41437E-03
SCF Iteration 440: Energy = 8.9231569849773233 dE =  7.41437E-03
SCF Iteration 441: Energy = 8.9157426112060811 dE = -7.41437E-03
SCF Iteration 442: Energy = 8.9231569849773233 dE =  7.41437E-03
SCF Iteration 443: Energy = 8.9157426112060634 dE = -7.41437E-03
SCF Iteration 444: Energy = 8.9231569849773180 dE =  7.41437E-03
SCF Iteration 445: Energy = 8.9157426112060794 dE = -7.41437E-03
SCF Iteration 446: Energy = 8.9231569849773198 dE =  7.41437E-03
SCF Iteration 447: Energy = 8.9157426112060758 dE = -7.41437E-03
SCF Iteration 448: Energy = 8.9231569849773251 dE =  7.41437E-03
SCF Iteration 449: Energy = 8.9157426112060651 dE = -7.41437E-03
SCF Iteration 450: Energy = 8.9231569849773269 dE =  7.41437E-03
SCF Iteration 451: Energy = 8.9157426112060829 dE = -7.41437E-03
SCF Iteration 452: Energy = 8.9231569849773198 dE =  7.41437E-03
SCF Iteration 453: Energy = 8.9157426112060882 dE = -7.41437E-03
SCF Iteration 454: Energy = 8.9231569849773198 dE =  7.41437E-03
SCF Iteration 455: Energy = 8.9157426112060936 dE = -7.41437E-03
SCF Iteration 456: Energy = 8.9231569849773198 dE =  7.41437E-03
SCF Iteration 457: Energy = 8.9157426112060580 dE = -7.41437E-03
SCF Iteration 458: Energy = 8.9231569849773233 dE =  7.41437E-03
SCF Iteration 459: Energy = 8.9157426112060723 dE = -7.41437E-03
SCF Iteration 460: Energy = 8.9231569849773269 dE =  7.41437E-03
SCF Iteration 461: Energy = 8.9157426112060616 dE = -7.41437E-03
SCF Iteration 462: Energy = 8.9231569849773162 dE =  7.41437E-03
SCF Iteration 463: Energy = 8.9157426112060758 dE = -7.41437E-03
SCF Iteration 464: Energy = 8.9231569849773127 dE =  7.41437E-03
SCF Iteration 465: Energy = 8.9157426112060794 dE = -7.41437E-03
SCF Iteration 466: Energy = 8.9231569849773198 dE =  7.41437E-03
SCF Iteration 467: Energy = 8.9157426112060651 dE = -7.41437E-03
SCF Iteration 468: Energy = 8.9231569849773305 dE =  7.41437E-03
SCF Iteration 469: Energy = 8.9157426112060687 dE = -7.41437E-03
SCF Iteration 470: Energy = 8.9231569849773216 dE =  7.41437E-03
SCF Iteration 471: Energy = 8.9157426112060705 dE = -7.41437E-03
SCF Iteration 472: Energy = 8.9231569849773162 dE =  7.41437E-03
SCF Iteration 473: Energy = 8.9157426112060794 dE = -7.41437E-03
SCF Iteration 474: Energy = 8.9231569849773233 dE =  7.41437E-03
SCF Iteration 475: Energy = 8.9157426112060687 dE = -7.41437E-03
SCF Iteration 476: Energy = 8.9231569849773216 dE =  7.41437E-03
SCF Iteration 477: Energy = 8.9157426112060900 dE = -7.41437E-03
SCF Iteration 478: Energy = 8.9231569849773198 dE =  7.41437E-03
SCF Iteration 479: Energy = 8.9157426112060723 dE = -7.41437E-03
SCF Iteration 480: Energy = 8.9231569849773269 dE =  7.41437E-03
SCF Iteration 481: Energy = 8.9157426112060794 dE = -7.41437E-03
SCF Iteration 482: Energy = 8.9231569849773216 dE =  7.41437E-03
SCF Iteration 483: Energy = 8.9157426112060723 dE = -7.41437E-03
SCF Iteration 484: Energy = 8.9231569849773287 dE =  7.41437E-03
SCF Iteration 485: Energy = 8.9157426112060651 dE = -7.41437E-03
SCF Iteration 486: Energy = 8.9231569849773162 dE =  7.41437E-03
SCF Iteration 487: Energy = 8.9157426112060740 dE = -7.41437E-03
SCF Iteration 488: Energy = 8.9231569849773233 dE =  7.41437E-03
SCF Iteration 489: Energy = 8.9157426112060616 dE = -7.41437E-03
SCF Iteration 490: Energy = 8.9231569849773198 dE =  7.41437E-03
SCF Iteration 491: Energy = 8.9157426112060563 dE = -7.41437E-03
SCF Iteration 492: Energy = 8.9231569849773109 dE =  7.41437E-03
SCF Iteration 493: Energy = 8.9157426112060527 dE = -7.41437E-03
SCF Iteration 494: Energy = 8.9231569849773056 dE =  7.41437E-03
SCF Iteration 495: Energy = 8.9157426112060634 dE = -7.41437E-03
SCF Iteration 496: Energy = 8.9231569849773091 dE =  7.41437E-03
SCF Iteration 497: Energy = 8.9157426112060474 dE = -7.41437E-03
SCF Iteration 498: Energy = 8.9231569849773020 dE =  7.41437E-03
SCF Iteration 499: Energy = 8.9157426112060492 dE = -7.41437E-03
SCF Iteration 500: Energy = 8.9231569849773091 dE =  7.41437E-03
