
  Memory set to  55.879 GiB by Python driver.
  Threads set to 1 by Python driver.
Settings:
	LOT = CCSD-S2-U22
	wc = 20.0 eV
	lambda = [1.212424 0.       0.      ] a.u.
	Equivalent A0 = LAMBDA / sqrt(2 wc) = [1. 0. 0.])
doing QED-CCSD-Full (or QED-CCSD-22)
Number of occupied orbitals:   1
Number of basis functions:  60
SCF Iteration   1: Energy = 4.5359715823689166 dE =  4.53597E+00
SCF Iteration   2: Energy = 5.1837665193966513 dE =  6.47795E-01
SCF Iteration   3: Energy = 4.6834332880124654 dE = -5.00333E-01
SCF Iteration   4: Energy = 5.0479395281046227 dE =  3.64506E-01
SCF Iteration   5: Energy = 4.7378160235758200 dE = -3.10124E-01
SCF Iteration   6: Energy = 5.0144032684075777 dE =  2.76587E-01
SCF Iteration   7: Energy = 4.7522819538244070 dE = -2.62121E-01
SCF Iteration   8: Energy = 4.9988608621555750 dE =  2.46579E-01
SCF Iteration   9: Energy = 4.7520083082185787 dE = -2.46853E-01
SCF Iteration  10: Energy = 4.9872499517376161 dE =  2.35242E-01
SCF Iteration  11: Energy = 4.7460546825800050 dE = -2.41195E-01
SCF Iteration  12: Energy = 4.9772087980123514 dE =  2.31154E-01
SCF Iteration  13: Energy = 4.7383553371285716 dE = -2.38853E-01
SCF Iteration  14: Energy = 4.9684579124359596 dE =  2.30103E-01
SCF Iteration  15: Energy = 4.7306360212376664 dE = -2.37822E-01
SCF Iteration  16: Energy = 4.9609780117804059 dE =  2.30342E-01
SCF Iteration  17: Energy = 4.7236116780161490 dE = -2.37366E-01
SCF Iteration  18: Energy = 4.9547088351259783 dE =  2.31097E-01
SCF Iteration  19: Energy = 4.7175261820980028 dE = -2.37183E-01
SCF Iteration  20: Energy = 4.9495354684921677 dE =  2.32009E-01
SCF Iteration  21: Energy = 4.7124040552302722 dE = -2.37131E-01
SCF Iteration  22: Energy = 4.9453159058987337 dE =  2.32912E-01
SCF Iteration  23: Energy = 4.7081720681265002 dE = -2.37144E-01
SCF Iteration  24: Energy = 4.9419040197694768 dE =  2.33732E-01
SCF Iteration  25: Energy = 4.7047194788385562 dE = -2.37185E-01
SCF Iteration  26: Energy = 4.9391629825277485 dE =  2.34444E-01
SCF Iteration  27: Energy = 4.7019278766076971 dE = -2.37235E-01
SCF Iteration  28: Energy = 4.9369715331799098 dE =  2.35044E-01
SCF Iteration  29: Energy = 4.6996853858250081 dE = -2.37286E-01
SCF Iteration  30: Energy = 4.9352258712854518 dE =  2.35540E-01
SCF Iteration  31: Energy = 4.6978926797934006 dE = -2.37333E-01
SCF Iteration  32: Energy = 4.9338391702306863 dE =  2.35946E-01
SCF Iteration  33: Energy = 4.6964647366418486 dE = -2.37374E-01
SCF Iteration  34: Energy = 4.9327399507445602 dE =  2.36275E-01
SCF Iteration  35: Energy = 4.6953304659145756 dE = -2.37409E-01
SCF Iteration  36: Energy = 4.9318700312754347 dE =  2.36540E-01
SCF Iteration  37: Energy = 4.6944313647988354 dE = -2.37439E-01
SCF Iteration  38: Energy = 4.9311824421636787 dE =  2.36751E-01
SCF Iteration  39: Energy = 4.6937198268864462 dE = -2.37463E-01
SCF Iteration  40: Energy = 4.9306394945757708 dE =  2.36920E-01
SCF Iteration  41: Energy = 4.6931574264225011 dE = -2.37482E-01
SCF Iteration  42: Energy = 4.9302110836272659 dE =  2.37054E-01
SCF Iteration  43: Energy = 4.6927133334794400 dE = -2.37498E-01
SCF Iteration  44: Energy = 4.9298732445585980 dE =  2.37160E-01
SCF Iteration  45: Energy = 4.6923629233450965 dE = -2.37510E-01
SCF Iteration  46: Energy = 4.9296069500874005 dE =  2.37244E-01
SCF Iteration  47: Energy = 4.6920865943202932 dE = -2.37520E-01
SCF Iteration  48: Energy = 4.9293971232654190 dE =  2.37311E-01
SCF Iteration  49: Energy = 4.6918687834900492 dE = -2.37528E-01
SCF Iteration  50: Energy = 4.9292318356660667 dE =  2.37363E-01
SCF Iteration  51: Energy = 4.6916971590916869 dE = -2.37535E-01
SCF Iteration  52: Energy = 4.9291016610621403 dE =  2.37405E-01
SCF Iteration  53: Energy = 4.6915619646142845 dE = -2.37540E-01
SCF Iteration  54: Energy = 4.9289991573813694 dE =  2.37437E-01
SCF Iteration  55: Energy = 4.6914554901358363 dE = -2.37544E-01
SCF Iteration  56: Energy = 4.9289184532408576 dE =  2.37463E-01
SCF Iteration  57: Energy = 4.6913716486029617 dE = -2.37547E-01
SCF Iteration  58: Energy = 4.9288549190098481 dE =  2.37483E-01
SCF Iteration  59: Energy = 4.6913056376536337 dE = -2.37549E-01
SCF Iteration  60: Energy = 4.9288049057624006 dE =  2.37499E-01
SCF Iteration  61: Energy = 4.6912536705777779 dE = -2.37551E-01
SCF Iteration  62: Energy = 4.9287655384987055 dE =  2.37512E-01
SCF Iteration  63: Energy = 4.6912127628049687 dE = -2.37553E-01
SCF Iteration  64: Energy = 4.9287345525910817 dE =  2.37522E-01
SCF Iteration  65: Energy = 4.6911805627779817 dE = -2.37554E-01
SCF Iteration  66: Energy = 4.9287101645646247 dE =  2.37530E-01
SCF Iteration  67: Energy = 4.6911552181797767 dE = -2.37555E-01
SCF Iteration  68: Energy = 4.9286909700934656 dE =  2.37536E-01
SCF Iteration  69: Energy = 4.6911352702425377 dE = -2.37556E-01
SCF Iteration  70: Energy = 4.9286758635353189 dE =  2.37541E-01
SCF Iteration  71: Energy = 4.6911195703165705 dE = -2.37556E-01
SCF Iteration  72: Energy = 4.9286639744897558 dE =  2.37544E-01
SCF Iteration  73: Energy = 4.6911072140555348 dE = -2.37557E-01
SCF Iteration  74: Energy = 4.9286546177990944 dE =  2.37547E-01
SCF Iteration  75: Energy = 4.6910974895256548 dE = -2.37557E-01
SCF Iteration  76: Energy = 4.9286472541562638 dE =  2.37550E-01
SCF Iteration  77: Energy = 4.6910898363099358 dE = -2.37557E-01
SCF Iteration  78: Energy = 4.9286414590770153 dE =  2.37552E-01
SCF Iteration  79: Energy = 4.6910838132879515 dE = -2.37558E-01
SCF Iteration  80: Energy = 4.9286368984654390 dE =  2.37553E-01
SCF Iteration  81: Energy = 4.6910790732572956 dE = -2.37558E-01
SCF Iteration  82: Energy = 4.9286333093743382 dE =  2.37554E-01
SCF Iteration  83: Energy = 4.6910753429476175 dE = -2.37558E-01
SCF Iteration  84: Energy = 4.9286304848581599 dE =  2.37555E-01
SCF Iteration  85: Energy = 4.6910724072838947 dE = -2.37558E-01
SCF Iteration  86: Energy = 4.9286282620486723 dE =  2.37556E-01
SCF Iteration  87: Energy = 4.6910700969970147 dE = -2.37558E-01
SCF Iteration  88: Energy = 4.9286265127687532 dE =  2.37556E-01
SCF Iteration  89: Energy = 4.6910682788704969 dE = -2.37558E-01
SCF Iteration  90: Energy = 4.9286251361442011 dE =  2.37557E-01
SCF Iteration  91: Energy = 4.6910668480630848 dE = -2.37558E-01
SCF Iteration  92: Energy = 4.9286240527885843 dE =  2.37557E-01
SCF Iteration  93: Energy = 4.6910657220656615 dE = -2.37558E-01
SCF Iteration  94: Energy = 4.9286232002264372 dE =  2.37557E-01
SCF Iteration  95: Energy = 4.6910648359448484 dE = -2.37558E-01
SCF Iteration  96: Energy = 4.9286225292911547 dE =  2.37558E-01
SCF Iteration  97: Energy = 4.6910641385994571 dE = -2.37558E-01
SCF Iteration  98: Energy = 4.9286220012899919 dE =  2.37558E-01
SCF Iteration  99: Energy = 4.6910635898140862 dE = -2.37558E-01
SCF Iteration 100: Energy = 4.9286215857728886 dE =  2.37558E-01
SCF Iteration 101: Energy = 4.6910631579403468 dE = -2.37558E-01
SCF Iteration 102: Energy = 4.9286212587766967 dE =  2.37558E-01
SCF Iteration 103: Energy = 4.6910628180719476 dE = -2.37558E-01
SCF Iteration 104: Energy = 4.9286210014431688 dE =  2.37558E-01
SCF Iteration 105: Energy = 4.6910625506083727 dE = -2.37558E-01
SCF Iteration 106: Energy = 4.9286207989315605 dE =  2.37558E-01
SCF Iteration 107: Energy = 4.6910623401247671 dE = -2.37558E-01
SCF Iteration 108: Energy = 4.9286206395627437 dE =  2.37558E-01
SCF Iteration 109: Energy = 4.6910621744822434 dE = -2.37558E-01
SCF Iteration 110: Energy = 4.9286205141456589 dE =  2.37558E-01
SCF Iteration 111: Energy = 4.6910620441279756 dE = -2.37558E-01
SCF Iteration 112: Energy = 4.9286204154472832 dE =  2.37558E-01
SCF Iteration 113: Energy = 4.6910619415442154 dE = -2.37558E-01
SCF Iteration 114: Energy = 4.9286203377754978 dE =  2.37558E-01
SCF Iteration 115: Energy = 4.6910618608147692 dE = -2.37558E-01
SCF Iteration 116: Energy = 4.9286202766508236 dE =  2.37558E-01
SCF Iteration 117: Energy = 4.6910617972838358 dE = -2.37558E-01
SCF Iteration 118: Energy = 4.9286202285480885 dE =  2.37558E-01
SCF Iteration 119: Energy = 4.6910617472874820 dE = -2.37558E-01
SCF Iteration 120: Energy = 4.9286201906931275 dE =  2.37558E-01
SCF Iteration 121: Energy = 4.6910617079422918 dE = -2.37558E-01
SCF Iteration 122: Energy = 4.9286201609027467 dE =  2.37558E-01
SCF Iteration 123: Energy = 4.6910616769791682 dE = -2.37558E-01
SCF Iteration 124: Energy = 4.9286201374588856 dE =  2.37558E-01
SCF Iteration 125: Energy = 4.6910616526123912 dE = -2.37558E-01
SCF Iteration 126: Energy = 4.9286201190094685 dE =  2.37558E-01
SCF Iteration 127: Energy = 4.6910616334366919 dE = -2.37558E-01
SCF Iteration 128: Energy = 4.9286201044905154 dE =  2.37558E-01
SCF Iteration 129: Energy = 4.6910616183461666 dE = -2.37558E-01
SCF Iteration 130: Energy = 4.9286200930646666 dE =  2.37558E-01
SCF Iteration 131: Energy = 4.6910616064705284 dE = -2.37558E-01
SCF Iteration 132: Energy = 4.9286200840729704 dE =  2.37558E-01
SCF Iteration 133: Energy = 4.6910615971248566 dE = -2.37558E-01
SCF Iteration 134: Energy = 4.9286200769968502 dE =  2.37558E-01
SCF Iteration 135: Energy = 4.6910615897701744 dE = -2.37558E-01
SCF Iteration 136: Energy = 4.9286200714282202 dE =  2.37558E-01
SCF Iteration 137: Energy = 4.6910615839823286 dE = -2.37558E-01
SCF Iteration 138: Energy = 4.9286200670459381 dE =  2.37558E-01
SCF Iteration 139: Energy = 4.6910615794275170 dE = -2.37558E-01
SCF Iteration 140: Energy = 4.9286200635972390 dE =  2.37558E-01
SCF Iteration 141: Energy = 4.6910615758430616 dE = -2.37558E-01
SCF Iteration 142: Energy = 4.9286200608832633 dE =  2.37558E-01
SCF Iteration 143: Energy = 4.6910615730222407 dE = -2.37558E-01
SCF Iteration 144: Energy = 4.9286200587474580 dE =  2.37558E-01
SCF Iteration 145: Energy = 4.6910615708023657 dE = -2.37558E-01
SCF Iteration 146: Energy = 4.9286200570666798 dE =  2.37558E-01
SCF Iteration 147: Energy = 4.6910615690554112 dE = -2.37558E-01
SCF Iteration 148: Energy = 4.9286200557439512 dE =  2.37558E-01
SCF Iteration 149: Energy = 4.6910615676806158 dE = -2.37558E-01
SCF Iteration 150: Energy = 4.9286200547030328 dE =  2.37558E-01
SCF Iteration 151: Energy = 4.6910615665987168 dE = -2.37558E-01
SCF Iteration 152: Energy = 4.9286200538838623 dE =  2.37558E-01
SCF Iteration 153: Energy = 4.6910615657472983 dE = -2.37558E-01
SCF Iteration 154: Energy = 4.9286200532392099 dE =  2.37558E-01
SCF Iteration 155: Energy = 4.6910615650772662 dE = -2.37558E-01
SCF Iteration 156: Energy = 4.9286200527318949 dE =  2.37558E-01
SCF Iteration 157: Energy = 4.6910615645499849 dE = -2.37558E-01
SCF Iteration 158: Energy = 4.9286200523326462 dE =  2.37558E-01
SCF Iteration 159: Energy = 4.6910615641350182 dE = -2.37558E-01
SCF Iteration 160: Energy = 4.9286200520184789 dE =  2.37558E-01
SCF Iteration 161: Energy = 4.6910615638084812 dE = -2.37558E-01
SCF Iteration 162: Energy = 4.9286200517712162 dE =  2.37558E-01
SCF Iteration 163: Energy = 4.6910615635515001 dE = -2.37558E-01
SCF Iteration 164: Energy = 4.9286200515766510 dE =  2.37558E-01
SCF Iteration 165: Energy = 4.6910615633492654 dE = -2.37558E-01
SCF Iteration 166: Energy = 4.9286200514235325 dE =  2.37558E-01
SCF Iteration 167: Energy = 4.6910615631901100 dE = -2.37558E-01
SCF Iteration 168: Energy = 4.9286200513030201 dE =  2.37558E-01
SCF Iteration 169: Energy = 4.6910615630648591 dE = -2.37558E-01
SCF Iteration 170: Energy = 4.9286200512081937 dE =  2.37558E-01
SCF Iteration 171: Energy = 4.6910615629663015 dE = -2.37558E-01
SCF Iteration 172: Energy = 4.9286200511335663 dE =  2.37558E-01
SCF Iteration 173: Energy = 4.6910615628887404 dE = -2.37558E-01
SCF Iteration 174: Energy = 4.9286200510748328 dE =  2.37558E-01
SCF Iteration 175: Energy = 4.6910615628276950 dE = -2.37558E-01
SCF Iteration 176: Energy = 4.9286200510286076 dE =  2.37558E-01
SCF Iteration 177: Energy = 4.6910615627796508 dE = -2.37558E-01
SCF Iteration 178: Energy = 4.9286200509922340 dE =  2.37558E-01
SCF Iteration 179: Energy = 4.6910615627418499 dE = -2.37558E-01
SCF Iteration 180: Energy = 4.9286200509636187 dE =  2.37558E-01
SCF Iteration 181: Energy = 4.6910615627120986 dE = -2.37558E-01
SCF Iteration 182: Energy = 4.9286200509410838 dE =  2.37558E-01
SCF Iteration 183: Energy = 4.6910615626886800 dE = -2.37558E-01
SCF Iteration 184: Energy = 4.9286200509233584 dE =  2.37558E-01
SCF Iteration 185: Energy = 4.6910615626702521 dE = -2.37558E-01
SCF Iteration 186: Energy = 4.9286200509094025 dE =  2.37558E-01
SCF Iteration 187: Energy = 4.6910615626557561 dE = -2.37558E-01
SCF Iteration 188: Energy = 4.9286200508984477 dE =  2.37558E-01
SCF Iteration 189: Energy = 4.6910615626443510 dE = -2.37558E-01
SCF Iteration 190: Energy = 4.9286200508897995 dE =  2.37558E-01
SCF Iteration 191: Energy = 4.6910615626353760 dE = -2.37558E-01
SCF Iteration 192: Energy = 4.9286200508830005 dE =  2.37558E-01
SCF Iteration 193: Energy = 4.6910615626283123 dE = -2.37558E-01
SCF Iteration 194: Energy = 4.9286200508776501 dE =  2.37558E-01
SCF Iteration 195: Energy = 4.6910615626227488 dE = -2.37558E-01
SCF Iteration 196: Energy = 4.9286200508734312 dE =  2.37558E-01
SCF Iteration 197: Energy = 4.6910615626183638 dE = -2.37558E-01
SCF Iteration 198: Energy = 4.9286200508701254 dE =  2.37558E-01
SCF Iteration 199: Energy = 4.6910615626149275 dE = -2.37558E-01
SCF Iteration 200: Energy = 4.9286200508675089 dE =  2.37558E-01
SCF Iteration 201: Energy = 4.6910615626122079 dE = -2.37558E-01
SCF Iteration 202: Energy = 4.9286200508654616 dE =  2.37558E-01
SCF Iteration 203: Energy = 4.6910615626100816 dE = -2.37558E-01
SCF Iteration 204: Energy = 4.9286200508638434 dE =  2.37558E-01
SCF Iteration 205: Energy = 4.6910615626083967 dE = -2.37558E-01
SCF Iteration 206: Energy = 4.9286200508625706 dE =  2.37558E-01
SCF Iteration 207: Energy = 4.6910615626070760 dE = -2.37558E-01
SCF Iteration 208: Energy = 4.9286200508615741 dE =  2.37558E-01
SCF Iteration 209: Energy = 4.6910615626060359 dE = -2.37558E-01
SCF Iteration 210: Energy = 4.9286200508607898 dE =  2.37558E-01
SCF Iteration 211: Energy = 4.6910615626052206 dE = -2.37558E-01
SCF Iteration 212: Energy = 4.9286200508601627 dE =  2.37558E-01
SCF Iteration 213: Energy = 4.6910615626045713 dE = -2.37558E-01
SCF Iteration 214: Energy = 4.9286200508596822 dE =  2.37558E-01
SCF Iteration 215: Energy = 4.6910615626040633 dE = -2.37558E-01
SCF Iteration 216: Energy = 4.9286200508593030 dE =  2.37558E-01
SCF Iteration 217: Energy = 4.6910615626036734 dE = -2.37558E-01
SCF Iteration 218: Energy = 4.9286200508589983 dE =  2.37558E-01
SCF Iteration 219: Energy = 4.6910615626033589 dE = -2.37558E-01
SCF Iteration 220: Energy = 4.9286200508587568 dE =  2.37558E-01
SCF Iteration 221: Energy = 4.6910615626031094 dE = -2.37558E-01
SCF Iteration 222: Energy = 4.9286200508585738 dE =  2.37558E-01
SCF Iteration 223: Energy = 4.6910615626029255 dE = -2.37558E-01
SCF Iteration 224: Energy = 4.9286200508584228 dE =  2.37558E-01
SCF Iteration 225: Energy = 4.6910615626027683 dE = -2.37558E-01
SCF Iteration 226: Energy = 4.9286200508583091 dE =  2.37558E-01
SCF Iteration 227: Energy = 4.6910615626026457 dE = -2.37558E-01
SCF Iteration 228: Energy = 4.9286200508582203 dE =  2.37558E-01
SCF Iteration 229: Energy = 4.6910615626025498 dE = -2.37558E-01
SCF Iteration 230: Energy = 4.9286200508581457 dE =  2.37558E-01
SCF Iteration 231: Energy = 4.6910615626024734 dE = -2.37558E-01
SCF Iteration 232: Energy = 4.9286200508580871 dE =  2.37558E-01
SCF Iteration 233: Energy = 4.6910615626024148 dE = -2.37558E-01
SCF Iteration 234: Energy = 4.9286200508580391 dE =  2.37558E-01
SCF Iteration 235: Energy = 4.6910615626023642 dE = -2.37558E-01
SCF Iteration 236: Energy = 4.9286200508580107 dE =  2.37558E-01
SCF Iteration 237: Energy = 4.6910615626023331 dE = -2.37558E-01
SCF Iteration 238: Energy = 4.9286200508579769 dE =  2.37558E-01
SCF Iteration 239: Energy = 4.6910615626023082 dE = -2.37558E-01
SCF Iteration 240: Energy = 4.9286200508579610 dE =  2.37558E-01
SCF Iteration 241: Energy = 4.6910615626022816 dE = -2.37558E-01
SCF Iteration 242: Energy = 4.9286200508579361 dE =  2.37558E-01
SCF Iteration 243: Energy = 4.6910615626022532 dE = -2.37558E-01
SCF Iteration 244: Energy = 4.9286200508579201 dE =  2.37558E-01
SCF Iteration 245: Energy = 4.6910615626022416 dE = -2.37558E-01
SCF Iteration 246: Energy = 4.9286200508579148 dE =  2.37558E-01
SCF Iteration 247: Energy = 4.6910615626022283 dE = -2.37558E-01
SCF Iteration 248: Energy = 4.9286200508579094 dE =  2.37558E-01
SCF Iteration 249: Energy = 4.6910615626022318 dE = -2.37558E-01
SCF Iteration 250: Energy = 4.9286200508578988 dE =  2.37558E-01
SCF Iteration 251: Energy = 4.6910615626022141 dE = -2.37558E-01
SCF Iteration 252: Energy = 4.9286200508578952 dE =  2.37558E-01
SCF Iteration 253: Energy = 4.6910615626022070 dE = -2.37558E-01
SCF Iteration 254: Energy = 4.9286200508578890 dE =  2.37558E-01
SCF Iteration 255: Energy = 4.6910615626022123 dE = -2.37558E-01
SCF Iteration 256: Energy = 4.9286200508578935 dE =  2.37558E-01
SCF Iteration 257: Energy = 4.6910615626022087 dE = -2.37558E-01
SCF Iteration 258: Energy = 4.9286200508578935 dE =  2.37558E-01
SCF Iteration 259: Energy = 4.6910615626022087 dE = -2.37558E-01
SCF Iteration 260: Energy = 4.9286200508578917 dE =  2.37558E-01
SCF Iteration 261: Energy = 4.6910615626022105 dE = -2.37558E-01
SCF Iteration 262: Energy = 4.9286200508578828 dE =  2.37558E-01
SCF Iteration 263: Energy = 4.6910615626022052 dE = -2.37558E-01
SCF Iteration 264: Energy = 4.9286200508578792 dE =  2.37558E-01
SCF Iteration 265: Energy = 4.6910615626022016 dE = -2.37558E-01
SCF Iteration 266: Energy = 4.9286200508578828 dE =  2.37558E-01
SCF Iteration 267: Energy = 4.6910615626022016 dE = -2.37558E-01
SCF Iteration 268: Energy = 4.9286200508578801 dE =  2.37558E-01
SCF Iteration 269: Energy = 4.6910615626021972 dE = -2.37558E-01
SCF Iteration 270: Energy = 4.9286200508578846 dE =  2.37558E-01
SCF Iteration 271: Energy = 4.6910615626022034 dE = -2.37558E-01
SCF Iteration 272: Energy = 4.9286200508578899 dE =  2.37558E-01
SCF Iteration 273: Energy = 4.6910615626022052 dE = -2.37558E-01
SCF Iteration 274: Energy = 4.9286200508578810 dE =  2.37558E-01
SCF Iteration 275: Energy = 4.6910615626021990 dE = -2.37558E-01
SCF Iteration 276: Energy = 4.9286200508578855 dE =  2.37558E-01
SCF Iteration 277: Energy = 4.6910615626022034 dE = -2.37558E-01
SCF Iteration 278: Energy = 4.9286200508578863 dE =  2.37558E-01
SCF Iteration 279: Energy = 4.6910615626022087 dE = -2.37558E-01
SCF Iteration 280: Energy = 4.9286200508578828 dE =  2.37558E-01
SCF Iteration 281: Energy = 4.6910615626021972 dE = -2.37558E-01
SCF Iteration 282: Energy = 4.9286200508578872 dE =  2.37558E-01
SCF Iteration 283: Energy = 4.6910615626022052 dE = -2.37558E-01
SCF Iteration 284: Energy = 4.9286200508578801 dE =  2.37558E-01
SCF Iteration 285: Energy = 4.6910615626022052 dE = -2.37558E-01
SCF Iteration 286: Energy = 4.9286200508578792 dE =  2.37558E-01
SCF Iteration 287: Energy = 4.6910615626021999 dE = -2.37558E-01
SCF Iteration 288: Energy = 4.9286200508578757 dE =  2.37558E-01
SCF Iteration 289: Energy = 4.6910615626022016 dE = -2.37558E-01
SCF Iteration 290: Energy = 4.9286200508578757 dE =  2.37558E-01
SCF Iteration 291: Energy = 4.6910615626021963 dE = -2.37558E-01
SCF Iteration 292: Energy = 4.9286200508578721 dE =  2.37558E-01
SCF Iteration 293: Energy = 4.6910615626021954 dE = -2.37558E-01
SCF Iteration 294: Energy = 4.9286200508578775 dE =  2.37558E-01
SCF Iteration 295: Energy = 4.6910615626021990 dE = -2.37558E-01
SCF Iteration 296: Energy = 4.9286200508578775 dE =  2.37558E-01
SCF Iteration 297: Energy = 4.6910615626022052 dE = -2.37558E-01
SCF Iteration 298: Energy = 4.9286200508578739 dE =  2.37558E-01
SCF Iteration 299: Energy = 4.6910615626021963 dE = -2.37558E-01
SCF Iteration 300: Energy = 4.9286200508578748 dE =  2.37558E-01
SCF Iteration 301: Energy = 4.6910615626021874 dE = -2.37558E-01
SCF Iteration 302: Energy = 4.9286200508578748 dE =  2.37558E-01
SCF Iteration 303: Energy = 4.6910615626021892 dE = -2.37558E-01
SCF Iteration 304: Energy = 4.9286200508578766 dE =  2.37558E-01
SCF Iteration 305: Energy = 4.6910615626021928 dE = -2.37558E-01
SCF Iteration 306: Energy = 4.9286200508578739 dE =  2.37558E-01
SCF Iteration 307: Energy = 4.6910615626022043 dE = -2.37558E-01
SCF Iteration 308: Energy = 4.9286200508578792 dE =  2.37558E-01
SCF Iteration 309: Energy = 4.6910615626022034 dE = -2.37558E-01
SCF Iteration 310: Energy = 4.9286200508578792 dE =  2.37558E-01
SCF Iteration 311: Energy = 4.6910615626022034 dE = -2.37558E-01
SCF Iteration 312: Energy = 4.9286200508578739 dE =  2.37558E-01
SCF Iteration 313: Energy = 4.6910615626021999 dE = -2.37558E-01
SCF Iteration 314: Energy = 4.9286200508578828 dE =  2.37558E-01
SCF Iteration 315: Energy = 4.6910615626021936 dE = -2.37558E-01
SCF Iteration 316: Energy = 4.9286200508578863 dE =  2.37558E-01
SCF Iteration 317: Energy = 4.6910615626021963 dE = -2.37558E-01
SCF Iteration 318: Energy = 4.9286200508578792 dE =  2.37558E-01
SCF Iteration 319: Energy = 4.6910615626022016 dE = -2.37558E-01
SCF Iteration 320: Energy = 4.9286200508578819 dE =  2.37558E-01
SCF Iteration 321: Energy = 4.6910615626022016 dE = -2.37558E-01
SCF Iteration 322: Energy = 4.9286200508578846 dE =  2.37558E-01
SCF Iteration 323: Energy = 4.6910615626022105 dE = -2.37558E-01
SCF Iteration 324: Energy = 4.9286200508578846 dE =  2.37558E-01
SCF Iteration 325: Energy = 4.6910615626021999 dE = -2.37558E-01
SCF Iteration 326: Energy = 4.9286200508578935 dE =  2.37558E-01
SCF Iteration 327: Energy = 4.6910615626022070 dE = -2.37558E-01
SCF Iteration 328: Energy = 4.9286200508578863 dE =  2.37558E-01
SCF Iteration 329: Energy = 4.6910615626022070 dE = -2.37558E-01
SCF Iteration 330: Energy = 4.9286200508578757 dE =  2.37558E-01
SCF Iteration 331: Energy = 4.6910615626022052 dE = -2.37558E-01
SCF Iteration 332: Energy = 4.9286200508578908 dE =  2.37558E-01
SCF Iteration 333: Energy = 4.6910615626022016 dE = -2.37558E-01
SCF Iteration 334: Energy = 4.9286200508578890 dE =  2.37558E-01
SCF Iteration 335: Energy = 4.6910615626022034 dE = -2.37558E-01
SCF Iteration 336: Energy = 4.9286200508578810 dE =  2.37558E-01
SCF Iteration 337: Energy = 4.6910615626022052 dE = -2.37558E-01
SCF Iteration 338: Energy = 4.9286200508578917 dE =  2.37558E-01
SCF Iteration 339: Energy = 4.6910615626021963 dE = -2.37558E-01
SCF Iteration 340: Energy = 4.9286200508578828 dE =  2.37558E-01
SCF Iteration 341: Energy = 4.6910615626022008 dE = -2.37558E-01
SCF Iteration 342: Energy = 4.9286200508578899 dE =  2.37558E-01
SCF Iteration 343: Energy = 4.6910615626022087 dE = -2.37558E-01
SCF Iteration 344: Energy = 4.9286200508578801 dE =  2.37558E-01
SCF Iteration 345: Energy = 4.6910615626021945 dE = -2.37558E-01
SCF Iteration 346: Energy = 4.9286200508578792 dE =  2.37558E-01
SCF Iteration 347: Energy = 4.6910615626022052 dE = -2.37558E-01
SCF Iteration 348: Energy = 4.9286200508578872 dE =  2.37558E-01
SCF Iteration 349: Energy = 4.6910615626021981 dE = -2.37558E-01
SCF Iteration 350: Energy = 4.9286200508578819 dE =  2.37558E-01
SCF Iteration 351: Energy = 4.6910615626022087 dE = -2.37558E-01
SCF Iteration 352: Energy = 4.9286200508578855 dE =  2.37558E-01
SCF Iteration 353: Energy = 4.6910615626022070 dE = -2.37558E-01
SCF Iteration 354: Energy = 4.9286200508578899 dE =  2.37558E-01
SCF Iteration 355: Energy = 4.6910615626022096 dE = -2.37558E-01
SCF Iteration 356: Energy = 4.9286200508578935 dE =  2.37558E-01
SCF Iteration 357: Energy = 4.6910615626022016 dE = -2.37558E-01
SCF Iteration 358: Energy = 4.9286200508578943 dE =  2.37558E-01
SCF Iteration 359: Energy = 4.6910615626022034 dE = -2.37558E-01
SCF Iteration 360: Energy = 4.9286200508578872 dE =  2.37558E-01
SCF Iteration 361: Energy = 4.6910615626022052 dE = -2.37558E-01
SCF Iteration 362: Energy = 4.9286200508578917 dE =  2.37558E-01
SCF Iteration 363: Energy = 4.6910615626021999 dE = -2.37558E-01
SCF Iteration 364: Energy = 4.9286200508578846 dE =  2.37558E-01
SCF Iteration 365: Energy = 4.6910615626021892 dE = -2.37558E-01
SCF Iteration 366: Energy = 4.9286200508578775 dE =  2.37558E-01
SCF Iteration 367: Energy = 4.6910615626021972 dE = -2.37558E-01
SCF Iteration 368: Energy = 4.9286200508578766 dE =  2.37558E-01
SCF Iteration 369: Energy = 4.6910615626022016 dE = -2.37558E-01
SCF Iteration 370: Energy = 4.9286200508578863 dE =  2.37558E-01
SCF Iteration 371: Energy = 4.6910615626021999 dE = -2.37558E-01
SCF Iteration 372: Energy = 4.9286200508578899 dE =  2.37558E-01
SCF Iteration 373: Energy = 4.6910615626021981 dE = -2.37558E-01
SCF Iteration 374: Energy = 4.9286200508578943 dE =  2.37558E-01
SCF Iteration 375: Energy = 4.6910615626022008 dE = -2.37558E-01
SCF Iteration 376: Energy = 4.9286200508578863 dE =  2.37558E-01
SCF Iteration 377: Energy = 4.6910615626022061 dE = -2.37558E-01
SCF Iteration 378: Energy = 4.9286200508578784 dE =  2.37558E-01
SCF Iteration 379: Energy = 4.6910615626022016 dE = -2.37558E-01
SCF Iteration 380: Energy = 4.9286200508578899 dE =  2.37558E-01
SCF Iteration 381: Energy = 4.6910615626022025 dE = -2.37558E-01
SCF Iteration 382: Energy = 4.9286200508578943 dE =  2.37558E-01
SCF Iteration 383: Energy = 4.6910615626021928 dE = -2.37558E-01
SCF Iteration 384: Energy = 4.9286200508578846 dE =  2.37558E-01
SCF Iteration 385: Energy = 4.6910615626021972 dE = -2.37558E-01
SCF Iteration 386: Energy = 4.9286200508578899 dE =  2.37558E-01
SCF Iteration 387: Energy = 4.6910615626022034 dE = -2.37558E-01
SCF Iteration 388: Energy = 4.9286200508578881 dE =  2.37558E-01
SCF Iteration 389: Energy = 4.6910615626021990 dE = -2.37558E-01
SCF Iteration 390: Energy = 4.9286200508578881 dE =  2.37558E-01
SCF Iteration 391: Energy = 4.6910615626022043 dE = -2.37558E-01
SCF Iteration 392: Energy = 4.9286200508578828 dE =  2.37558E-01
SCF Iteration 393: Energy = 4.6910615626022034 dE = -2.37558E-01
SCF Iteration 394: Energy = 4.9286200508578828 dE =  2.37558E-01
SCF Iteration 395: Energy = 4.6910615626022087 dE = -2.37558E-01
SCF Iteration 396: Energy = 4.9286200508578908 dE =  2.37558E-01
SCF Iteration 397: Energy = 4.6910615626022070 dE = -2.37558E-01
SCF Iteration 398: Energy = 4.9286200508578935 dE =  2.37558E-01
SCF Iteration 399: Energy = 4.6910615626022034 dE = -2.37558E-01
SCF Iteration 400: Energy = 4.9286200508578855 dE =  2.37558E-01
SCF Iteration 401: Energy = 4.6910615626022105 dE = -2.37558E-01
SCF Iteration 402: Energy = 4.9286200508578872 dE =  2.37558E-01
SCF Iteration 403: Energy = 4.6910615626022132 dE = -2.37558E-01
SCF Iteration 404: Energy = 4.9286200508578846 dE =  2.37558E-01
SCF Iteration 405: Energy = 4.6910615626022016 dE = -2.37558E-01
SCF Iteration 406: Energy = 4.9286200508578881 dE =  2.37558E-01
SCF Iteration 407: Energy = 4.6910615626022052 dE = -2.37558E-01
SCF Iteration 408: Energy = 4.9286200508578837 dE =  2.37558E-01
SCF Iteration 409: Energy = 4.6910615626021963 dE = -2.37558E-01
SCF Iteration 410: Energy = 4.9286200508578801 dE =  2.37558E-01
SCF Iteration 411: Energy = 4.6910615626021963 dE = -2.37558E-01
SCF Iteration 412: Energy = 4.9286200508578739 dE =  2.37558E-01
SCF Iteration 413: Energy = 4.6910615626021981 dE = -2.37558E-01
SCF Iteration 414: Energy = 4.9286200508578757 dE =  2.37558E-01
SCF Iteration 415: Energy = 4.6910615626022016 dE = -2.37558E-01
SCF Iteration 416: Energy = 4.9286200508578837 dE =  2.37558E-01
SCF Iteration 417: Energy = 4.6910615626022087 dE = -2.37558E-01
SCF Iteration 418: Energy = 4.9286200508578863 dE =  2.37558E-01
SCF Iteration 419: Energy = 4.6910615626022141 dE = -2.37558E-01
SCF Iteration 420: Energy = 4.9286200508578952 dE =  2.37558E-01
SCF Iteration 421: Energy = 4.6910615626022176 dE = -2.37558E-01
SCF Iteration 422: Energy = 4.9286200508578828 dE =  2.37558E-01
SCF Iteration 423: Energy = 4.6910615626022105 dE = -2.37558E-01
SCF Iteration 424: Energy = 4.9286200508578899 dE =  2.37558E-01
SCF Iteration 425: Energy = 4.6910615626022016 dE = -2.37558E-01
SCF Iteration 426: Energy = 4.9286200508578810 dE =  2.37558E-01
SCF Iteration 427: Energy = 4.6910615626022052 dE = -2.37558E-01
SCF Iteration 428: Energy = 4.9286200508578855 dE =  2.37558E-01
SCF Iteration 429: Energy = 4.6910615626022070 dE = -2.37558E-01
SCF Iteration 430: Energy = 4.9286200508578846 dE =  2.37558E-01
SCF Iteration 431: Energy = 4.6910615626022034 dE = -2.37558E-01
SCF Iteration 432: Energy = 4.9286200508578917 dE =  2.37558E-01
SCF Iteration 433: Energy = 4.6910615626022159 dE = -2.37558E-01
SCF Iteration 434: Energy = 4.9286200508578872 dE =  2.37558E-01
SCF Iteration 435: Energy = 4.6910615626022087 dE = -2.37558E-01
SCF Iteration 436: Energy = 4.9286200508578899 dE =  2.37558E-01
SCF Iteration 437: Energy = 4.6910615626021999 dE = -2.37558E-01
SCF Iteration 438: Energy = 4.9286200508578863 dE =  2.37558E-01
SCF Iteration 439: Energy = 4.6910615626022087 dE = -2.37558E-01
SCF Iteration 440: Energy = 4.9286200508578917 dE =  2.37558E-01
SCF Iteration 441: Energy = 4.6910615626022132 dE = -2.37558E-01
SCF Iteration 442: Energy = 4.9286200508578899 dE =  2.37558E-01
SCF Iteration 443: Energy = 4.6910615626022123 dE = -2.37558E-01
SCF Iteration 444: Energy = 4.9286200508578863 dE =  2.37558E-01
SCF Iteration 445: Energy = 4.6910615626022203 dE = -2.37558E-01
SCF Iteration 446: Energy = 4.9286200508578863 dE =  2.37558E-01
SCF Iteration 447: Energy = 4.6910615626022087 dE = -2.37558E-01
SCF Iteration 448: Energy = 4.9286200508578917 dE =  2.37558E-01
SCF Iteration 449: Energy = 4.6910615626022123 dE = -2.37558E-01
SCF Iteration 450: Energy = 4.9286200508578828 dE =  2.37558E-01
SCF Iteration 451: Energy = 4.6910615626022087 dE = -2.37558E-01
SCF Iteration 452: Energy = 4.9286200508578846 dE =  2.37558E-01
SCF Iteration 453: Energy = 4.6910615626022061 dE = -2.37558E-01
SCF Iteration 454: Energy = 4.9286200508578863 dE =  2.37558E-01
SCF Iteration 455: Energy = 4.6910615626022052 dE = -2.37558E-01
SCF Iteration 456: Energy = 4.9286200508578863 dE =  2.37558E-01
SCF Iteration 457: Energy = 4.6910615626021990 dE = -2.37558E-01
SCF Iteration 458: Energy = 4.9286200508578792 dE =  2.37558E-01
SCF Iteration 459: Energy = 4.6910615626022087 dE = -2.37558E-01
SCF Iteration 460: Energy = 4.9286200508578828 dE =  2.37558E-01
SCF Iteration 461: Energy = 4.6910615626021990 dE = -2.37558E-01
SCF Iteration 462: Energy = 4.9286200508578775 dE =  2.37558E-01
SCF Iteration 463: Energy = 4.6910615626022034 dE = -2.37558E-01
SCF Iteration 464: Energy = 4.9286200508578766 dE =  2.37558E-01
SCF Iteration 465: Energy = 4.6910615626022016 dE = -2.37558E-01
SCF Iteration 466: Energy = 4.9286200508578810 dE =  2.37558E-01
SCF Iteration 467: Energy = 4.6910615626022034 dE = -2.37558E-01
SCF Iteration 468: Energy = 4.9286200508578863 dE =  2.37558E-01
SCF Iteration 469: Energy = 4.6910615626022070 dE = -2.37558E-01
SCF Iteration 470: Energy = 4.9286200508578846 dE =  2.37558E-01
SCF Iteration 471: Energy = 4.6910615626022043 dE = -2.37558E-01
SCF Iteration 472: Energy = 4.9286200508578810 dE =  2.37558E-01
SCF Iteration 473: Energy = 4.6910615626021999 dE = -2.37558E-01
SCF Iteration 474: Energy = 4.9286200508578766 dE =  2.37558E-01
SCF Iteration 475: Energy = 4.6910615626021928 dE = -2.37558E-01
SCF Iteration 476: Energy = 4.9286200508578819 dE =  2.37558E-01
SCF Iteration 477: Energy = 4.6910615626021874 dE = -2.37558E-01
SCF Iteration 478: Energy = 4.9286200508578801 dE =  2.37558E-01
SCF Iteration 479: Energy = 4.6910615626021901 dE = -2.37558E-01
SCF Iteration 480: Energy = 4.9286200508578748 dE =  2.37558E-01
SCF Iteration 481: Energy = 4.6910615626021910 dE = -2.37558E-01
SCF Iteration 482: Energy = 4.9286200508578810 dE =  2.37558E-01
SCF Iteration 483: Energy = 4.6910615626021963 dE = -2.37558E-01
SCF Iteration 484: Energy = 4.9286200508578748 dE =  2.37558E-01
SCF Iteration 485: Energy = 4.6910615626021954 dE = -2.37558E-01
SCF Iteration 486: Energy = 4.9286200508578775 dE =  2.37558E-01
SCF Iteration 487: Energy = 4.6910615626021963 dE = -2.37558E-01
SCF Iteration 488: Energy = 4.9286200508578792 dE =  2.37558E-01
SCF Iteration 489: Energy = 4.6910615626021928 dE = -2.37558E-01
SCF Iteration 490: Energy = 4.9286200508578828 dE =  2.37558E-01
SCF Iteration 491: Energy = 4.6910615626021928 dE = -2.37558E-01
SCF Iteration 492: Energy = 4.9286200508578784 dE =  2.37558E-01
SCF Iteration 493: Energy = 4.6910615626021910 dE = -2.37558E-01
SCF Iteration 494: Energy = 4.9286200508578739 dE =  2.37558E-01
SCF Iteration 495: Energy = 4.6910615626021963 dE = -2.37558E-01
SCF Iteration 496: Energy = 4.9286200508578792 dE =  2.37558E-01
SCF Iteration 497: Energy = 4.6910615626021999 dE = -2.37558E-01
SCF Iteration 498: Energy = 4.9286200508578828 dE =  2.37558E-01
SCF Iteration 499: Energy = 4.6910615626022025 dE = -2.37558E-01
SCF Iteration 500: Energy = 4.9286200508578810 dE =  2.37558E-01
