
  Memory set to  55.879 GiB by Python driver.
  Threads set to 1 by Python driver.
Settings:
	LOT = CCSD-S1-U21
	wc = 20.0 eV
	lambda = [0.242485 0.       0.      ] a.u.
	Equivalent A0 = LAMBDA / sqrt(2 wc) = [0.2 0.  0. ])
doing QED-CCSD-1 (or QED-CCSD-21)
Number of occupied orbitals:   1
Number of basis functions:  60
SCF Iteration   1: Energy = -0.3791008658277163 dE = -3.79101E-01
SCF Iteration   2: Energy = -0.2186428496717255 dE =  1.60458E-01
SCF Iteration   3: Energy = -0.3271930048626204 dE = -1.08550E-01
SCF Iteration   4: Energy = -0.2095550163568511 dE =  1.17638E-01
SCF Iteration   5: Energy = -0.3194716714829839 dE = -1.09917E-01
SCF Iteration   6: Energy = -0.2080192497745488 dE =  1.11452E-01
SCF Iteration   7: Energy = -0.3182089290245163 dE = -1.10190E-01
SCF Iteration   8: Energy = -0.2077810934184234 dE =  1.10428E-01
SCF Iteration   9: Energy = -0.3180027427927962 dE = -1.10222E-01
SCF Iteration  10: Energy = -0.2077484532998630 dE =  1.10254E-01
SCF Iteration  11: Energy = -0.3179707031518339 dE = -1.10222E-01
SCF Iteration  12: Energy = -0.2077452727964400 dE =  1.10225E-01
SCF Iteration  13: Energy = -0.3179662435958683 dE = -1.10221E-01
SCF Iteration  14: Energy = -0.2077454139067200 dE =  1.10221E-01
SCF Iteration  15: Energy = -0.3179657839347756 dE = -1.10220E-01
SCF Iteration  16: Energy = -0.2077456291920033 dE =  1.10220E-01
SCF Iteration  17: Energy = -0.3179657919630697 dE = -1.10220E-01
SCF Iteration  18: Energy = -0.2077457186407347 dE =  1.10220E-01
SCF Iteration  19: Energy = -0.3179658175505246 dE = -1.10220E-01
SCF Iteration  20: Energy = -0.2077457483078033 dE =  1.10220E-01
SCF Iteration  21: Energy = -0.3179658286002588 dE = -1.10220E-01
SCF Iteration  22: Energy = -0.2077457572836272 dE =  1.10220E-01
SCF Iteration  23: Energy = -0.3179658323132694 dE = -1.10220E-01
SCF Iteration  24: Energy = -0.2077457598746376 dE =  1.10220E-01
SCF Iteration  25: Energy = -0.3179658334436028 dE = -1.10220E-01
SCF Iteration  26: Energy = -0.2077457606028544 dE =  1.10220E-01
SCF Iteration  27: Energy = -0.3179658337709920 dE = -1.10220E-01
SCF Iteration  28: Energy = -0.2077457608042539 dE =  1.10220E-01
SCF Iteration  29: Energy = -0.3179658338631881 dE = -1.10220E-01
SCF Iteration  30: Energy = -0.2077457608593978 dE =  1.10220E-01
SCF Iteration  31: Energy = -0.3179658338887175 dE = -1.10220E-01
SCF Iteration  32: Energy = -0.2077457608743996 dE =  1.10220E-01
SCF Iteration  33: Energy = -0.3179658338957127 dE = -1.10220E-01
SCF Iteration  34: Energy = -0.2077457608784642 dE =  1.10220E-01
SCF Iteration  35: Energy = -0.3179658338976163 dE = -1.10220E-01
SCF Iteration  36: Energy = -0.2077457608795626 dE =  1.10220E-01
SCF Iteration  37: Energy = -0.3179658338981321 dE = -1.10220E-01
SCF Iteration  38: Energy = -0.2077457608798587 dE =  1.10220E-01
SCF Iteration  39: Energy = -0.3179658338982722 dE = -1.10220E-01
SCF Iteration  40: Energy = -0.2077457608799386 dE =  1.10220E-01
SCF Iteration  41: Energy = -0.3179658338983093 dE = -1.10220E-01
SCF Iteration  42: Energy = -0.2077457608799604 dE =  1.10220E-01
SCF Iteration  43: Energy = -0.3179658338983205 dE = -1.10220E-01
SCF Iteration  44: Energy = -0.2077457608799666 dE =  1.10220E-01
SCF Iteration  45: Energy = -0.3179658338983226 dE = -1.10220E-01
SCF Iteration  46: Energy = -0.2077457608799681 dE =  1.10220E-01
SCF Iteration  47: Energy = -0.3179658338983238 dE = -1.10220E-01
SCF Iteration  48: Energy = -0.2077457608799683 dE =  1.10220E-01
SCF Iteration  49: Energy = -0.3179658338983233 dE = -1.10220E-01
SCF Iteration  50: Energy = -0.2077457608799684 dE =  1.10220E-01
SCF Iteration  51: Energy = -0.3179658338983235 dE = -1.10220E-01
SCF Iteration  52: Energy = -0.2077457608799686 dE =  1.10220E-01
SCF Iteration  53: Energy = -0.3179658338983228 dE = -1.10220E-01
SCF Iteration  54: Energy = -0.2077457608799682 dE =  1.10220E-01
SCF Iteration  55: Energy = -0.3179658338983244 dE = -1.10220E-01
SCF Iteration  56: Energy = -0.2077457608799685 dE =  1.10220E-01
SCF Iteration  57: Energy = -0.3179658338983239 dE = -1.10220E-01
SCF Iteration  58: Energy = -0.2077457608799682 dE =  1.10220E-01
SCF Iteration  59: Energy = -0.3179658338983239 dE = -1.10220E-01
SCF Iteration  60: Energy = -0.2077457608799682 dE =  1.10220E-01
SCF Iteration  61: Energy = -0.3179658338983233 dE = -1.10220E-01
SCF Iteration  62: Energy = -0.2077457608799686 dE =  1.10220E-01
SCF Iteration  63: Energy = -0.3179658338983239 dE = -1.10220E-01
SCF Iteration  64: Energy = -0.2077457608799689 dE =  1.10220E-01
SCF Iteration  65: Energy = -0.3179658338983235 dE = -1.10220E-01
SCF Iteration  66: Energy = -0.2077457608799687 dE =  1.10220E-01
SCF Iteration  67: Energy = -0.3179658338983233 dE = -1.10220E-01
SCF Iteration  68: Energy = -0.2077457608799685 dE =  1.10220E-01
SCF Iteration  69: Energy = -0.3179658338983242 dE = -1.10220E-01
SCF Iteration  70: Energy = -0.2077457608799688 dE =  1.10220E-01
SCF Iteration  71: Energy = -0.3179658338983235 dE = -1.10220E-01
SCF Iteration  72: Energy = -0.2077457608799686 dE =  1.10220E-01
SCF Iteration  73: Energy = -0.3179658338983244 dE = -1.10220E-01
SCF Iteration  74: Energy = -0.2077457608799684 dE =  1.10220E-01
SCF Iteration  75: Energy = -0.3179658338983257 dE = -1.10220E-01
SCF Iteration  76: Energy = -0.2077457608799686 dE =  1.10220E-01
SCF Iteration  77: Energy = -0.3179658338983215 dE = -1.10220E-01
SCF Iteration  78: Energy = -0.2077457608799679 dE =  1.10220E-01
SCF Iteration  79: Energy = -0.3179658338983237 dE = -1.10220E-01
SCF Iteration  80: Energy = -0.2077457608799687 dE =  1.10220E-01
SCF Iteration  81: Energy = -0.3179658338983237 dE = -1.10220E-01
SCF Iteration  82: Energy = -0.2077457608799677 dE =  1.10220E-01
SCF Iteration  83: Energy = -0.3179658338983235 dE = -1.10220E-01
SCF Iteration  84: Energy = -0.2077457608799682 dE =  1.10220E-01
SCF Iteration  85: Energy = -0.3179658338983228 dE = -1.10220E-01
SCF Iteration  86: Energy = -0.2077457608799683 dE =  1.10220E-01
SCF Iteration  87: Energy = -0.3179658338983233 dE = -1.10220E-01
SCF Iteration  88: Energy = -0.2077457608799685 dE =  1.10220E-01
SCF Iteration  89: Energy = -0.3179658338983231 dE = -1.10220E-01
SCF Iteration  90: Energy = -0.2077457608799686 dE =  1.10220E-01
SCF Iteration  91: Energy = -0.3179658338983242 dE = -1.10220E-01
SCF Iteration  92: Energy = -0.2077457608799684 dE =  1.10220E-01
SCF Iteration  93: Energy = -0.3179658338983232 dE = -1.10220E-01
SCF Iteration  94: Energy = -0.2077457608799684 dE =  1.10220E-01
SCF Iteration  95: Energy = -0.3179658338983235 dE = -1.10220E-01
SCF Iteration  96: Energy = -0.2077457608799691 dE =  1.10220E-01
SCF Iteration  97: Energy = -0.3179658338983241 dE = -1.10220E-01
SCF Iteration  98: Energy = -0.2077457608799679 dE =  1.10220E-01
SCF Iteration  99: Energy = -0.3179658338983236 dE = -1.10220E-01
SCF Iteration 100: Energy = -0.2077457608799682 dE =  1.10220E-01
SCF Iteration 101: Energy = -0.3179658338983244 dE = -1.10220E-01
SCF Iteration 102: Energy = -0.2077457608799682 dE =  1.10220E-01
SCF Iteration 103: Energy = -0.3179658338983249 dE = -1.10220E-01
SCF Iteration 104: Energy = -0.2077457608799683 dE =  1.10220E-01
SCF Iteration 105: Energy = -0.3179658338983228 dE = -1.10220E-01
SCF Iteration 106: Energy = -0.2077457608799680 dE =  1.10220E-01
SCF Iteration 107: Energy = -0.3179658338983243 dE = -1.10220E-01
SCF Iteration 108: Energy = -0.2077457608799683 dE =  1.10220E-01
SCF Iteration 109: Energy = -0.3179658338983244 dE = -1.10220E-01
SCF Iteration 110: Energy = -0.2077457608799685 dE =  1.10220E-01
SCF Iteration 111: Energy = -0.3179658338983257 dE = -1.10220E-01
SCF Iteration 112: Energy = -0.2077457608799682 dE =  1.10220E-01
SCF Iteration 113: Energy = -0.3179658338983231 dE = -1.10220E-01
SCF Iteration 114: Energy = -0.2077457608799678 dE =  1.10220E-01
SCF Iteration 115: Energy = -0.3179658338983243 dE = -1.10220E-01
SCF Iteration 116: Energy = -0.2077457608799684 dE =  1.10220E-01
SCF Iteration 117: Energy = -0.3179658338983237 dE = -1.10220E-01
SCF Iteration 118: Energy = -0.2077457608799678 dE =  1.10220E-01
SCF Iteration 119: Energy = -0.3179658338983226 dE = -1.10220E-01
SCF Iteration 120: Energy = -0.2077457608799677 dE =  1.10220E-01
SCF Iteration 121: Energy = -0.3179658338983233 dE = -1.10220E-01
SCF Iteration 122: Energy = -0.2077457608799680 dE =  1.10220E-01
SCF Iteration 123: Energy = -0.3179658338983227 dE = -1.10220E-01
SCF Iteration 124: Energy = -0.2077457608799683 dE =  1.10220E-01
SCF Iteration 125: Energy = -0.3179658338983246 dE = -1.10220E-01
SCF Iteration 126: Energy = -0.2077457608799677 dE =  1.10220E-01
SCF Iteration 127: Energy = -0.3179658338983236 dE = -1.10220E-01
SCF Iteration 128: Energy = -0.2077457608799682 dE =  1.10220E-01
SCF Iteration 129: Energy = -0.3179658338983242 dE = -1.10220E-01
SCF Iteration 130: Energy = -0.2077457608799679 dE =  1.10220E-01
SCF Iteration 131: Energy = -0.3179658338983242 dE = -1.10220E-01
SCF Iteration 132: Energy = -0.2077457608799680 dE =  1.10220E-01
SCF Iteration 133: Energy = -0.3179658338983239 dE = -1.10220E-01
SCF Iteration 134: Energy = -0.2077457608799683 dE =  1.10220E-01
SCF Iteration 135: Energy = -0.3179658338983253 dE = -1.10220E-01
SCF Iteration 136: Energy = -0.2077457608799683 dE =  1.10220E-01
SCF Iteration 137: Energy = -0.3179658338983242 dE = -1.10220E-01
SCF Iteration 138: Energy = -0.2077457608799679 dE =  1.10220E-01
SCF Iteration 139: Energy = -0.3179658338983243 dE = -1.10220E-01
SCF Iteration 140: Energy = -0.2077457608799679 dE =  1.10220E-01
SCF Iteration 141: Energy = -0.3179658338983244 dE = -1.10220E-01
SCF Iteration 142: Energy = -0.2077457608799680 dE =  1.10220E-01
SCF Iteration 143: Energy = -0.3179658338983239 dE = -1.10220E-01
SCF Iteration 144: Energy = -0.2077457608799679 dE =  1.10220E-01
SCF Iteration 145: Energy = -0.3179658338983237 dE = -1.10220E-01
SCF Iteration 146: Energy = -0.2077457608799680 dE =  1.10220E-01
SCF Iteration 147: Energy = -0.3179658338983234 dE = -1.10220E-01
SCF Iteration 148: Energy = -0.2077457608799678 dE =  1.10220E-01
SCF Iteration 149: Energy = -0.3179658338983237 dE = -1.10220E-01
SCF Iteration 150: Energy = -0.2077457608799682 dE =  1.10220E-01
SCF Iteration 151: Energy = -0.3179658338983237 dE = -1.10220E-01
SCF Iteration 152: Energy = -0.2077457608799679 dE =  1.10220E-01
SCF Iteration 153: Energy = -0.3179658338983237 dE = -1.10220E-01
SCF Iteration 154: Energy = -0.2077457608799683 dE =  1.10220E-01
SCF Iteration 155: Energy = -0.3179658338983242 dE = -1.10220E-01
SCF Iteration 156: Energy = -0.2077457608799682 dE =  1.10220E-01
SCF Iteration 157: Energy = -0.3179658338983244 dE = -1.10220E-01
SCF Iteration 158: Energy = -0.2077457608799683 dE =  1.10220E-01
SCF Iteration 159: Energy = -0.3179658338983234 dE = -1.10220E-01
SCF Iteration 160: Energy = -0.2077457608799676 dE =  1.10220E-01
SCF Iteration 161: Energy = -0.3179658338983225 dE = -1.10220E-01
SCF Iteration 162: Energy = -0.2077457608799678 dE =  1.10220E-01
SCF Iteration 163: Energy = -0.3179658338983244 dE = -1.10220E-01
SCF Iteration 164: Energy = -0.2077457608799683 dE =  1.10220E-01
SCF Iteration 165: Energy = -0.3179658338983238 dE = -1.10220E-01
SCF Iteration 166: Energy = -0.2077457608799683 dE =  1.10220E-01
SCF Iteration 167: Energy = -0.3179658338983242 dE = -1.10220E-01
SCF Iteration 168: Energy = -0.2077457608799682 dE =  1.10220E-01
SCF Iteration 169: Energy = -0.3179658338983229 dE = -1.10220E-01
SCF Iteration 170: Energy = -0.2077457608799679 dE =  1.10220E-01
SCF Iteration 171: Energy = -0.3179658338983241 dE = -1.10220E-01
SCF Iteration 172: Energy = -0.2077457608799676 dE =  1.10220E-01
SCF Iteration 173: Energy = -0.3179658338983239 dE = -1.10220E-01
SCF Iteration 174: Energy = -0.2077457608799680 dE =  1.10220E-01
SCF Iteration 175: Energy = -0.3179658338983238 dE = -1.10220E-01
SCF Iteration 176: Energy = -0.2077457608799684 dE =  1.10220E-01
SCF Iteration 177: Energy = -0.3179658338983239 dE = -1.10220E-01
SCF Iteration 178: Energy = -0.2077457608799682 dE =  1.10220E-01
SCF Iteration 179: Energy = -0.3179658338983239 dE = -1.10220E-01
SCF Iteration 180: Energy = -0.2077457608799687 dE =  1.10220E-01
SCF Iteration 181: Energy = -0.3179658338983242 dE = -1.10220E-01
SCF Iteration 182: Energy = -0.2077457608799682 dE =  1.10220E-01
SCF Iteration 183: Energy = -0.3179658338983242 dE = -1.10220E-01
SCF Iteration 184: Energy = -0.2077457608799680 dE =  1.10220E-01
SCF Iteration 185: Energy = -0.3179658338983248 dE = -1.10220E-01
SCF Iteration 186: Energy = -0.2077457608799676 dE =  1.10220E-01
SCF Iteration 187: Energy = -0.3179658338983235 dE = -1.10220E-01
SCF Iteration 188: Energy = -0.2077457608799680 dE =  1.10220E-01
SCF Iteration 189: Energy = -0.3179658338983233 dE = -1.10220E-01
SCF Iteration 190: Energy = -0.2077457608799680 dE =  1.10220E-01
SCF Iteration 191: Energy = -0.3179658338983247 dE = -1.10220E-01
SCF Iteration 192: Energy = -0.2077457608799689 dE =  1.10220E-01
SCF Iteration 193: Energy = -0.3179658338983244 dE = -1.10220E-01
SCF Iteration 194: Energy = -0.2077457608799684 dE =  1.10220E-01
SCF Iteration 195: Energy = -0.3179658338983233 dE = -1.10220E-01
SCF Iteration 196: Energy = -0.2077457608799680 dE =  1.10220E-01
SCF Iteration 197: Energy = -0.3179658338983237 dE = -1.10220E-01
SCF Iteration 198: Energy = -0.2077457608799682 dE =  1.10220E-01
SCF Iteration 199: Energy = -0.3179658338983242 dE = -1.10220E-01
SCF Iteration 200: Energy = -0.2077457608799685 dE =  1.10220E-01
SCF Iteration 201: Energy = -0.3179658338983238 dE = -1.10220E-01
SCF Iteration 202: Energy = -0.2077457608799686 dE =  1.10220E-01
SCF Iteration 203: Energy = -0.3179658338983233 dE = -1.10220E-01
SCF Iteration 204: Energy = -0.2077457608799679 dE =  1.10220E-01
SCF Iteration 205: Energy = -0.3179658338983254 dE = -1.10220E-01
SCF Iteration 206: Energy = -0.2077457608799683 dE =  1.10220E-01
SCF Iteration 207: Energy = -0.3179658338983232 dE = -1.10220E-01
SCF Iteration 208: Energy = -0.2077457608799679 dE =  1.10220E-01
SCF Iteration 209: Energy = -0.3179658338983232 dE = -1.10220E-01
SCF Iteration 210: Energy = -0.2077457608799679 dE =  1.10220E-01
SCF Iteration 211: Energy = -0.3179658338983238 dE = -1.10220E-01
SCF Iteration 212: Energy = -0.2077457608799683 dE =  1.10220E-01
SCF Iteration 213: Energy = -0.3179658338983239 dE = -1.10220E-01
SCF Iteration 214: Energy = -0.2077457608799682 dE =  1.10220E-01
SCF Iteration 215: Energy = -0.3179658338983233 dE = -1.10220E-01
SCF Iteration 216: Energy = -0.2077457608799679 dE =  1.10220E-01
SCF Iteration 217: Energy = -0.3179658338983226 dE = -1.10220E-01
SCF Iteration 218: Energy = -0.2077457608799681 dE =  1.10220E-01
SCF Iteration 219: Energy = -0.3179658338983237 dE = -1.10220E-01
SCF Iteration 220: Energy = -0.2077457608799681 dE =  1.10220E-01
SCF Iteration 221: Energy = -0.3179658338983248 dE = -1.10220E-01
SCF Iteration 222: Energy = -0.2077457608799686 dE =  1.10220E-01
SCF Iteration 223: Energy = -0.3179658338983237 dE = -1.10220E-01
SCF Iteration 224: Energy = -0.2077457608799682 dE =  1.10220E-01
SCF Iteration 225: Energy = -0.3179658338983239 dE = -1.10220E-01
SCF Iteration 226: Energy = -0.2077457608799677 dE =  1.10220E-01
SCF Iteration 227: Energy = -0.3179658338983231 dE = -1.10220E-01
SCF Iteration 228: Energy = -0.2077457608799681 dE =  1.10220E-01
SCF Iteration 229: Energy = -0.3179658338983232 dE = -1.10220E-01
SCF Iteration 230: Energy = -0.2077457608799680 dE =  1.10220E-01
SCF Iteration 231: Energy = -0.3179658338983232 dE = -1.10220E-01
SCF Iteration 232: Energy = -0.2077457608799687 dE =  1.10220E-01
SCF Iteration 233: Energy = -0.3179658338983239 dE = -1.10220E-01
SCF Iteration 234: Energy = -0.2077457608799682 dE =  1.10220E-01
SCF Iteration 235: Energy = -0.3179658338983236 dE = -1.10220E-01
SCF Iteration 236: Energy = -0.2077457608799683 dE =  1.10220E-01
SCF Iteration 237: Energy = -0.3179658338983245 dE = -1.10220E-01
SCF Iteration 238: Energy = -0.2077457608799680 dE =  1.10220E-01
SCF Iteration 239: Energy = -0.3179658338983251 dE = -1.10220E-01
SCF Iteration 240: Energy = -0.2077457608799688 dE =  1.10220E-01
SCF Iteration 241: Energy = -0.3179658338983240 dE = -1.10220E-01
SCF Iteration 242: Energy = -0.2077457608799679 dE =  1.10220E-01
SCF Iteration 243: Energy = -0.3179658338983249 dE = -1.10220E-01
SCF Iteration 244: Energy = -0.2077457608799680 dE =  1.10220E-01
SCF Iteration 245: Energy = -0.3179658338983234 dE = -1.10220E-01
SCF Iteration 246: Energy = -0.2077457608799680 dE =  1.10220E-01
SCF Iteration 247: Energy = -0.3179658338983231 dE = -1.10220E-01
SCF Iteration 248: Energy = -0.2077457608799688 dE =  1.10220E-01
SCF Iteration 249: Energy = -0.3179658338983243 dE = -1.10220E-01
SCF Iteration 250: Energy = -0.2077457608799689 dE =  1.10220E-01
SCF Iteration 251: Energy = -0.3179658338983229 dE = -1.10220E-01
SCF Iteration 252: Energy = -0.2077457608799689 dE =  1.10220E-01
SCF Iteration 253: Energy = -0.3179658338983239 dE = -1.10220E-01
SCF Iteration 254: Energy = -0.2077457608799686 dE =  1.10220E-01
SCF Iteration 255: Energy = -0.3179658338983255 dE = -1.10220E-01
SCF Iteration 256: Energy = -0.2077457608799693 dE =  1.10220E-01
SCF Iteration 257: Energy = -0.3179658338983242 dE = -1.10220E-01
SCF Iteration 258: Energy = -0.2077457608799695 dE =  1.10220E-01
SCF Iteration 259: Energy = -0.3179658338983244 dE = -1.10220E-01
SCF Iteration 260: Energy = -0.2077457608799693 dE =  1.10220E-01
SCF Iteration 261: Energy = -0.3179658338983247 dE = -1.10220E-01
SCF Iteration 262: Energy = -0.2077457608799691 dE =  1.10220E-01
SCF Iteration 263: Energy = -0.3179658338983247 dE = -1.10220E-01
SCF Iteration 264: Energy = -0.2077457608799699 dE =  1.10220E-01
SCF Iteration 265: Energy = -0.3179658338983255 dE = -1.10220E-01
SCF Iteration 266: Energy = -0.2077457608799702 dE =  1.10220E-01
SCF Iteration 267: Energy = -0.3179658338983253 dE = -1.10220E-01
SCF Iteration 268: Energy = -0.2077457608799710 dE =  1.10220E-01
SCF Iteration 269: Energy = -0.3179658338983257 dE = -1.10220E-01
SCF Iteration 270: Energy = -0.2077457608799712 dE =  1.10220E-01
SCF Iteration 271: Energy = -0.3179658338983244 dE = -1.10220E-01
SCF Iteration 272: Energy = -0.2077457608799717 dE =  1.10220E-01
SCF Iteration 273: Energy = -0.3179658338983259 dE = -1.10220E-01
SCF Iteration 274: Energy = -0.2077457608799722 dE =  1.10220E-01
SCF Iteration 275: Energy = -0.3179658338983270 dE = -1.10220E-01
SCF Iteration 276: Energy = -0.2077457608799742 dE =  1.10220E-01
SCF Iteration 277: Energy = -0.3179658338983271 dE = -1.10220E-01
SCF Iteration 278: Energy = -0.2077457608799756 dE =  1.10220E-01
SCF Iteration 279: Energy = -0.3179658338983279 dE = -1.10220E-01
SCF Iteration 280: Energy = -0.2077457608799766 dE =  1.10220E-01
SCF Iteration 281: Energy = -0.3179658338983298 dE = -1.10220E-01
SCF Iteration 282: Energy = -0.2077457608799787 dE =  1.10220E-01
SCF Iteration 283: Energy = -0.3179658338983294 dE = -1.10220E-01
SCF Iteration 284: Energy = -0.2077457608799811 dE =  1.10220E-01
SCF Iteration 285: Energy = -0.3179658338983332 dE = -1.10220E-01
SCF Iteration 286: Energy = -0.2077457608799845 dE =  1.10220E-01
SCF Iteration 287: Energy = -0.3179658338983353 dE = -1.10220E-01
SCF Iteration 288: Energy = -0.2077457608799888 dE =  1.10220E-01
SCF Iteration 289: Energy = -0.3179658338983369 dE = -1.10220E-01
SCF Iteration 290: Energy = -0.2077457608799940 dE =  1.10220E-01
SCF Iteration 291: Energy = -0.3179658338983392 dE = -1.10220E-01
SCF Iteration 292: Energy = -0.2077457608799988 dE =  1.10220E-01
SCF Iteration 293: Energy = -0.3179658338983454 dE = -1.10220E-01
SCF Iteration 294: Energy = -0.2077457608800075 dE =  1.10220E-01
SCF Iteration 295: Energy = -0.3179658338983503 dE = -1.10220E-01
SCF Iteration 296: Energy = -0.2077457608800167 dE =  1.10220E-01
SCF Iteration 297: Energy = -0.3179658338983567 dE = -1.10220E-01
SCF Iteration 298: Energy = -0.2077457608800286 dE =  1.10220E-01
SCF Iteration 299: Energy = -0.3179658338983641 dE = -1.10220E-01
SCF Iteration 300: Energy = -0.2077457608800434 dE =  1.10220E-01
SCF Iteration 301: Energy = -0.3179658338983732 dE = -1.10220E-01
SCF Iteration 302: Energy = -0.2077457608800611 dE =  1.10220E-01
SCF Iteration 303: Energy = -0.3179658338983854 dE = -1.10220E-01
SCF Iteration 304: Energy = -0.2077457608800844 dE =  1.10220E-01
SCF Iteration 305: Energy = -0.3179658338984001 dE = -1.10220E-01
SCF Iteration 306: Energy = -0.2077457608801126 dE =  1.10220E-01
SCF Iteration 307: Energy = -0.3179658338984189 dE = -1.10220E-01
SCF Iteration 308: Energy = -0.2077457608801483 dE =  1.10220E-01
SCF Iteration 309: Energy = -0.3179658338984425 dE = -1.10220E-01
SCF Iteration 310: Energy = -0.2077457608801929 dE =  1.10220E-01
SCF Iteration 311: Energy = -0.3179658338984724 dE = -1.10220E-01
SCF Iteration 312: Energy = -0.2077457608802483 dE =  1.10220E-01
SCF Iteration 313: Energy = -0.3179658338985085 dE = -1.10220E-01
SCF Iteration 314: Energy = -0.2077457608803171 dE =  1.10220E-01
SCF Iteration 315: Energy = -0.3179658338985553 dE = -1.10220E-01
SCF Iteration 316: Energy = -0.2077457608804029 dE =  1.10220E-01
SCF Iteration 317: Energy = -0.3179658338986119 dE = -1.10220E-01
SCF Iteration 318: Energy = -0.2077457608805089 dE =  1.10220E-01
SCF Iteration 319: Energy = -0.3179658338986820 dE = -1.10220E-01
SCF Iteration 320: Energy = -0.2077457608806419 dE =  1.10220E-01
SCF Iteration 321: Energy = -0.3179658338987701 dE = -1.10220E-01
SCF Iteration 322: Energy = -0.2077457608808072 dE =  1.10220E-01
SCF Iteration 323: Energy = -0.3179658338988797 dE = -1.10220E-01
SCF Iteration 324: Energy = -0.2077457608810131 dE =  1.10220E-01
SCF Iteration 325: Energy = -0.3179658338990159 dE = -1.10220E-01
SCF Iteration 326: Energy = -0.2077457608812695 dE =  1.10220E-01
SCF Iteration 327: Energy = -0.3179658338991854 dE = -1.10220E-01
SCF Iteration 328: Energy = -0.2077457608815895 dE =  1.10220E-01
SCF Iteration 329: Energy = -0.3179658338993983 dE = -1.10220E-01
SCF Iteration 330: Energy = -0.2077457608819873 dE =  1.10220E-01
SCF Iteration 331: Energy = -0.3179658338996603 dE = -1.10220E-01
SCF Iteration 332: Energy = -0.2077457608824833 dE =  1.10220E-01
SCF Iteration 333: Energy = -0.3179658338999889 dE = -1.10220E-01
SCF Iteration 334: Energy = -0.2077457608831000 dE =  1.10220E-01
SCF Iteration 335: Energy = -0.3179658339003990 dE = -1.10220E-01
SCF Iteration 336: Energy = -0.2077457608838704 dE =  1.10220E-01
SCF Iteration 337: Energy = -0.3179658339009099 dE = -1.10220E-01
SCF Iteration 338: Energy = -0.2077457608848284 dE =  1.10220E-01
SCF Iteration 339: Energy = -0.3179658339015432 dE = -1.10220E-01
SCF Iteration 340: Energy = -0.2077457608860222 dE =  1.10220E-01
SCF Iteration 341: Energy = -0.3179658339023363 dE = -1.10220E-01
SCF Iteration 342: Energy = -0.2077457608875097 dE =  1.10220E-01
SCF Iteration 343: Energy = -0.3179658339033201 dE = -1.10220E-01
SCF Iteration 344: Energy = -0.2077457608893612 dE =  1.10220E-01
SCF Iteration 345: Energy = -0.3179658339045469 dE = -1.10220E-01
SCF Iteration 346: Energy = -0.2077457608916683 dE =  1.10220E-01
SCF Iteration 347: Energy = -0.3179658339060772 dE = -1.10220E-01
SCF Iteration 348: Energy = -0.2077457608945417 dE =  1.10220E-01
SCF Iteration 349: Energy = -0.3179658339079800 dE = -1.10220E-01
SCF Iteration 350: Energy = -0.2077457608981212 dE =  1.10220E-01
SCF Iteration 351: Energy = -0.3179658339103515 dE = -1.10220E-01
SCF Iteration 352: Energy = -0.2077457609025793 dE =  1.10220E-01
SCF Iteration 353: Energy = -0.3179658339133055 dE = -1.10220E-01
SCF Iteration 354: Energy = -0.2077457609081338 dE =  1.10220E-01
SCF Iteration 355: Energy = -0.3179658339169851 dE = -1.10220E-01
SCF Iteration 356: Energy = -0.2077457609150507 dE =  1.10220E-01
SCF Iteration 357: Energy = -0.3179658339215683 dE = -1.10220E-01
SCF Iteration 358: Energy = -0.2077457609236676 dE =  1.10220E-01
SCF Iteration 359: Energy = -0.3179658339272776 dE = -1.10220E-01
SCF Iteration 360: Energy = -0.2077457609344007 dE =  1.10220E-01
SCF Iteration 361: Energy = -0.3179658339343887 dE = -1.10220E-01
SCF Iteration 362: Energy = -0.2077457609477688 dE =  1.10220E-01
SCF Iteration 363: Energy = -0.3179658339432476 dE = -1.10220E-01
SCF Iteration 364: Energy = -0.2077457609644213 dE =  1.10220E-01
SCF Iteration 365: Energy = -0.3179658339542804 dE = -1.10220E-01
SCF Iteration 366: Energy = -0.2077457609851629 dE =  1.10220E-01
SCF Iteration 367: Energy = -0.3179658339680229 dE = -1.10220E-01
SCF Iteration 368: Energy = -0.2077457610110000 dE =  1.10220E-01
SCF Iteration 369: Energy = -0.3179658339851418 dE = -1.10220E-01
SCF Iteration 370: Energy = -0.2077457610431817 dE =  1.10220E-01
SCF Iteration 371: Energy = -0.3179658340064639 dE = -1.10220E-01
SCF Iteration 372: Energy = -0.2077457610832683 dE =  1.10220E-01
SCF Iteration 373: Energy = -0.3179658340330233 dE = -1.10220E-01
SCF Iteration 374: Energy = -0.2077457611331990 dE =  1.10220E-01
SCF Iteration 375: Energy = -0.3179658340661057 dE = -1.10220E-01
SCF Iteration 376: Energy = -0.2077457611953930 dE =  1.10220E-01
SCF Iteration 377: Energy = -0.3179658341073133 dE = -1.10220E-01
SCF Iteration 378: Energy = -0.2077457612728629 dE =  1.10220E-01
SCF Iteration 379: Energy = -0.3179658341586430 dE = -1.10220E-01
SCF Iteration 380: Energy = -0.2077457613693592 dE =  1.10220E-01
SCF Iteration 381: Energy = -0.3179658342225775 dE = -1.10220E-01
SCF Iteration 382: Energy = -0.2077457614895555 dE =  1.10220E-01
SCF Iteration 383: Energy = -0.3179658343022166 dE = -1.10220E-01
SCF Iteration 384: Energy = -0.2077457616392727 dE =  1.10220E-01
SCF Iteration 385: Energy = -0.3179658344014125 dE = -1.10220E-01
SCF Iteration 386: Energy = -0.2077457618257618 dE =  1.10220E-01
SCF Iteration 387: Energy = -0.3179658345249741 dE = -1.10220E-01
SCF Iteration 388: Energy = -0.2077457620580526 dE =  1.10220E-01
SCF Iteration 389: Energy = -0.3179658346788832 dE = -1.10220E-01
SCF Iteration 390: Energy = -0.2077457623473951 dE =  1.10220E-01
SCF Iteration 391: Energy = -0.3179658348705924 dE = -1.10220E-01
SCF Iteration 392: Energy = -0.2077457627078007 dE =  1.10220E-01
SCF Iteration 393: Energy = -0.3179658351093856 dE = -1.10220E-01
SCF Iteration 394: Energy = -0.2077457631567248 dE =  1.10220E-01
SCF Iteration 395: Energy = -0.3179658354068266 dE = -1.10220E-01
SCF Iteration 396: Energy = -0.2077457637159049 dE =  1.10220E-01
SCF Iteration 397: Energy = -0.3179658357773214 dE = -1.10220E-01
SCF Iteration 398: Energy = -0.2077457644124232 dE =  1.10220E-01
SCF Iteration 399: Energy = -0.3179658362388117 dE = -1.10220E-01
SCF Iteration 400: Energy = -0.2077457652800090 dE =  1.10220E-01
SCF Iteration 401: Energy = -0.3179658368136454 dE = -1.10220E-01
SCF Iteration 402: Energy = -0.2077457663606775 dE =  1.10220E-01
SCF Iteration 403: Energy = -0.3179658375296607 dE = -1.10220E-01
SCF Iteration 404: Energy = -0.2077457677067625 dE =  1.10220E-01
SCF Iteration 405: Energy = -0.3179658384215318 dE = -1.10220E-01
SCF Iteration 406: Energy = -0.2077457693834521 dE =  1.10220E-01
SCF Iteration 407: Energy = -0.3179658395324510 dE = -1.10220E-01
SCF Iteration 408: Energy = -0.2077457714719433 dE =  1.10220E-01
SCF Iteration 409: Energy = -0.3179658409162168 dE = -1.10220E-01
SCF Iteration 410: Energy = -0.2077457740733771 dE =  1.10220E-01
SCF Iteration 411: Energy = -0.3179658426398386 dE = -1.10220E-01
SCF Iteration 412: Energy = -0.2077457773137329 dE =  1.10220E-01
SCF Iteration 413: Energy = -0.3179658447867908 dE = -1.10220E-01
SCF Iteration 414: Energy = -0.2077457813499345 dE =  1.10220E-01
SCF Iteration 415: Energy = -0.3179658474610452 dE = -1.10220E-01
SCF Iteration 416: Energy = -0.2077457863774431 dE =  1.10220E-01
SCF Iteration 417: Energy = -0.3179658507921069 dE = -1.10220E-01
SCF Iteration 418: Energy = -0.2077457926397299 dE =  1.10220E-01
SCF Iteration 419: Energy = -0.3179658549412914 dE = -1.10220E-01
SCF Iteration 420: Energy = -0.2077458004400600 dE =  1.10220E-01
SCF Iteration 421: Energy = -0.3179658601095308 dE = -1.10220E-01
SCF Iteration 422: Energy = -0.2077458101561832 dE =  1.10220E-01
SCF Iteration 423: Energy = -0.3179658665471129 dE = -1.10220E-01
SCF Iteration 424: Energy = -0.2077458222586274 dE =  1.10220E-01
SCF Iteration 425: Energy = -0.3179658745657921 dE = -1.10220E-01
SCF Iteration 426: Energy = -0.2077458373334817 dE =  1.10220E-01
SCF Iteration 427: Energy = -0.3179658845538924 dE = -1.10220E-01
SCF Iteration 428: Energy = -0.2077458561107829 dE =  1.10220E-01
SCF Iteration 429: Energy = -0.3179658969951104 dE = -1.10220E-01
SCF Iteration 430: Energy = -0.2077458794998652 dE =  1.10220E-01
SCF Iteration 431: Energy = -0.3179659124919427 dE = -1.10220E-01
SCF Iteration 432: Energy = -0.2077459086334030 dE =  1.10220E-01
SCF Iteration 433: Energy = -0.3179659317948619 dE = -1.10220E-01
SCF Iteration 434: Energy = -0.2077459449222566 dE =  1.10220E-01
SCF Iteration 435: Energy = -0.3179659558386548 dE = -1.10220E-01
SCF Iteration 436: Energy = -0.2077459901237976 dE =  1.10220E-01
SCF Iteration 437: Energy = -0.3179659857877010 dE = -1.10220E-01
SCF Iteration 438: Energy = -0.2077460464270192 dE =  1.10220E-01
SCF Iteration 439: Energy = -0.3179660230923541 dE = -1.10220E-01
SCF Iteration 440: Energy = -0.2077461165585354 dE =  1.10220E-01
SCF Iteration 441: Energy = -0.3179660695591787 dE = -1.10220E-01
SCF Iteration 442: Energy = -0.2077462039146255 dE =  1.10220E-01
SCF Iteration 443: Energy = -0.3179661274384367 dE = -1.10220E-01
SCF Iteration 444: Energy = -0.2077463127257061 dE =  1.10220E-01
SCF Iteration 445: Energy = -0.3179661995330654 dE = -1.10220E-01
SCF Iteration 446: Energy = -0.2077464482611947 dE =  1.10220E-01
SCF Iteration 447: Energy = -0.3179662893344047 dE = -1.10220E-01
SCF Iteration 448: Energy = -0.2077466170846914 dE =  1.10220E-01
SCF Iteration 449: Energy = -0.3179664011912842 dE = -1.10220E-01
SCF Iteration 450: Energy = -0.2077468273718296 dE =  1.10220E-01
SCF Iteration 451: Energy = -0.3179665405206078 dE = -1.10220E-01
SCF Iteration 452: Energy = -0.2077470893061888 dE =  1.10219E-01
SCF Iteration 453: Energy = -0.3179667140696864 dE = -1.10220E-01
SCF Iteration 454: Energy = -0.2077474155724417 dE =  1.10219E-01
SCF Iteration 455: Energy = -0.3179669302429696 dE = -1.10220E-01
SCF Iteration 456: Energy = -0.2077478219706153 dE =  1.10219E-01
SCF Iteration 457: Energy = -0.3179671995090483 dE = -1.10219E-01
SCF Iteration 458: Energy = -0.2077483281812042 dE =  1.10219E-01
SCF Iteration 459: Energy = -0.3179675349075820 dE = -1.10219E-01
SCF Iteration 460: Energy = -0.2077489587181797 dE =  1.10219E-01
SCF Iteration 461: Energy = -0.3179679526807495 dE = -1.10219E-01
SCF Iteration 462: Energy = -0.2077497441160424 dE =  1.10218E-01
SCF Iteration 463: Energy = -0.3179684730597451 dE = -1.10219E-01
SCF Iteration 464: Energy = -0.2077507224083744 dE =  1.10218E-01
SCF Iteration 465: Energy = -0.3179691212444347 dE = -1.10218E-01
SCF Iteration 466: Energy = -0.2077519409694632 dE =  1.10217E-01
SCF Iteration 467: Energy = -0.3179699286235647 dE = -1.10218E-01
SCF Iteration 468: Energy = -0.2077534588081508 dE =  1.10216E-01
SCF Iteration 469: Energy = -0.3179709342946125 dE = -1.10217E-01
SCF Iteration 470: Energy = -0.2077553494248982 dE =  1.10216E-01
SCF Iteration 471: Energy = -0.3179721869568190 dE = -1.10217E-01
SCF Iteration 472: Energy = -0.2077577043703319 dE =  1.10214E-01
SCF Iteration 473: Energy = -0.3179737472690176 dE = -1.10216E-01
SCF Iteration 474: Energy = -0.2077606376774086 dE =  1.10213E-01
SCF Iteration 475: Energy = -0.3179756907863174 dE = -1.10215E-01
SCF Iteration 476: Energy = -0.2077642913815825 dE =  1.10211E-01
SCF Iteration 477: Energy = -0.3179781116177079 dE = -1.10214E-01
SCF Iteration 478: Energy = -0.2077688423958702 dE =  1.10209E-01
SCF Iteration 479: Energy = -0.3179811269814559 dE = -1.10212E-01
SCF Iteration 480: Energy = -0.2077745110730918 dE =  1.10207E-01
SCF Iteration 481: Energy = -0.3179848828784593 dE = -1.10210E-01
SCF Iteration 482: Energy = -0.2077815718689357 dE =  1.10203E-01
SCF Iteration 483: Energy = -0.3179895611577150 dE = -1.10208E-01
SCF Iteration 484: Energy = -0.2077903666206267 dE =  1.10199E-01
SCF Iteration 485: Energy = -0.3179953883150614 dE = -1.10205E-01
SCF Iteration 486: Energy = -0.2078013210818168 dE =  1.10194E-01
SCF Iteration 487: Energy = -0.3180026464497810 dE = -1.10201E-01
SCF Iteration 488: Energy = -0.2078149655106340 dE =  1.10188E-01
SCF Iteration 489: Energy = -0.3180116869073347 dE = -1.10197E-01
SCF Iteration 490: Energy = -0.2078319603019929 dE =  1.10180E-01
SCF Iteration 491: Energy = -0.3180229472652120 dE = -1.10191E-01
SCF Iteration 492: Energy = -0.2078531278963545 dE =  1.10170E-01
SCF Iteration 493: Energy = -0.3180369724788661 dE = -1.10184E-01
SCF Iteration 494: Energy = -0.2078794924959608 dE =  1.10157E-01
SCF Iteration 495: Energy = -0.3180544412029642 dE = -1.10175E-01
SCF Iteration 496: Energy = -0.2079123294898785 dE =  1.10142E-01
SCF Iteration 497: Energy = -0.3180761985489936 dE = -1.10164E-01
SCF Iteration 498: Energy = -0.2079532269472264 dE =  1.10123E-01
SCF Iteration 499: Energy = -0.3181032968444764 dE = -1.10150E-01
SCF Iteration 500: Energy = -0.2080041621035289 dE =  1.10099E-01
