
  Memory set to  55.879 GiB by Python driver.
  Threads set to 1 by Python driver.
Settings:
	LOT = CCSD-S1-U21
	wc = 20.0 eV
	lambda = [0.242485 0.       0.      ] a.u.
	Equivalent A0 = LAMBDA / sqrt(2 wc) = [0.2 0.  0. ])
doing QED-CCSD-1 (or QED-CCSD-21)
Number of occupied orbitals:   1
Number of basis functions:  60
SCF Iteration   1: Energy = -0.4683726303743371 dE = -4.68373E-01
SCF Iteration   2: Energy = -0.2733776959463121 dE =  1.94995E-01
SCF Iteration   3: Energy = -0.4124719226159171 dE = -1.39094E-01
SCF Iteration   4: Energy = -0.2641352863590340 dE =  1.48337E-01
SCF Iteration   5: Energy = -0.4057633166228781 dE = -1.41628E-01
SCF Iteration   6: Energy = -0.2627196634383768 dE =  1.43044E-01
SCF Iteration   7: Energy = -0.4047913134088540 dE = -1.42072E-01
SCF Iteration   8: Energy = -0.2625010325646973 dE =  1.42290E-01
SCF Iteration   9: Energy = -0.4046439728694352 dE = -1.42143E-01
SCF Iteration  10: Energy = -0.2624665398153651 dE =  1.42177E-01
SCF Iteration  11: Energy = -0.4046211956169919 dE = -1.42155E-01
SCF Iteration  12: Energy = -0.2624609388526080 dE =  1.42160E-01
SCF Iteration  13: Energy = -0.4046175974029279 dE = -1.42157E-01
SCF Iteration  14: Energy = -0.2624599948103753 dE =  1.42158E-01
SCF Iteration  15: Energy = -0.4046170122930185 dE = -1.42157E-01
SCF Iteration  16: Energy = -0.2624598283476505 dE =  1.42157E-01
SCF Iteration  17: Energy = -0.4046169135076757 dE = -1.42157E-01
SCF Iteration  18: Energy = -0.2624597974885187 dE =  1.42157E-01
SCF Iteration  19: Energy = -0.4046168960554876 dE = -1.42157E-01
SCF Iteration  20: Energy = -0.2624597914721866 dE =  1.42157E-01
SCF Iteration  21: Energy = -0.4046168928136390 dE = -1.42157E-01
SCF Iteration  22: Energy = -0.2624597902440660 dE =  1.42157E-01
SCF Iteration  23: Energy = -0.4046168921803859 dE = -1.42157E-01
SCF Iteration  24: Energy = -0.2624597899835778 dE =  1.42157E-01
SCF Iteration  25: Energy = -0.4046168920509031 dE = -1.42157E-01
SCF Iteration  26: Energy = -0.2624597899266686 dE =  1.42157E-01
SCF Iteration  27: Energy = -0.4046168920234033 dE = -1.42157E-01
SCF Iteration  28: Energy = -0.2624597899139650 dE =  1.42157E-01
SCF Iteration  29: Energy = -0.4046168920173894 dE = -1.42157E-01
SCF Iteration  30: Energy = -0.2624597899110865 dE =  1.42157E-01
SCF Iteration  31: Energy = -0.4046168920160463 dE = -1.42157E-01
SCF Iteration  32: Energy = -0.2624597899104279 dE =  1.42157E-01
SCF Iteration  33: Energy = -0.4046168920157416 dE = -1.42157E-01
SCF Iteration  34: Energy = -0.2624597899102764 dE =  1.42157E-01
SCF Iteration  35: Energy = -0.4046168920156704 dE = -1.42157E-01
SCF Iteration  36: Energy = -0.2624597899102409 dE =  1.42157E-01
SCF Iteration  37: Energy = -0.4046168920156547 dE = -1.42157E-01
SCF Iteration  38: Energy = -0.2624597899102328 dE =  1.42157E-01
SCF Iteration  39: Energy = -0.4046168920156511 dE = -1.42157E-01
SCF Iteration  40: Energy = -0.2624597899102306 dE =  1.42157E-01
SCF Iteration  41: Energy = -0.4046168920156506 dE = -1.42157E-01
SCF Iteration  42: Energy = -0.2624597899102299 dE =  1.42157E-01
SCF Iteration  43: Energy = -0.4046168920156507 dE = -1.42157E-01
SCF Iteration  44: Energy = -0.2624597899102302 dE =  1.42157E-01
SCF Iteration  45: Energy = -0.4046168920156497 dE = -1.42157E-01
SCF Iteration  46: Energy = -0.2624597899102298 dE =  1.42157E-01
SCF Iteration  47: Energy = -0.4046168920156500 dE = -1.42157E-01
SCF Iteration  48: Energy = -0.2624597899102323 dE =  1.42157E-01
SCF Iteration  49: Energy = -0.4046168920156519 dE = -1.42157E-01
SCF Iteration  50: Energy = -0.2624597899102410 dE =  1.42157E-01
SCF Iteration  51: Energy = -0.4046168920156570 dE = -1.42157E-01
SCF Iteration  52: Energy = -0.2624597899102715 dE =  1.42157E-01
SCF Iteration  53: Energy = -0.4046168920156782 dE = -1.42157E-01
SCF Iteration  54: Energy = -0.2624597899103790 dE =  1.42157E-01
SCF Iteration  55: Energy = -0.4046168920157501 dE = -1.42157E-01
SCF Iteration  56: Energy = -0.2624597899107589 dE =  1.42157E-01
SCF Iteration  57: Energy = -0.4046168920160048 dE = -1.42157E-01
SCF Iteration  58: Energy = -0.2624597899121003 dE =  1.42157E-01
SCF Iteration  59: Energy = -0.4046168920169048 dE = -1.42157E-01
SCF Iteration  60: Energy = -0.2624597899168402 dE =  1.42157E-01
SCF Iteration  61: Energy = -0.4046168920200818 dE = -1.42157E-01
SCF Iteration  62: Energy = -0.2624597899335926 dE =  1.42157E-01
SCF Iteration  63: Energy = -0.4046168920313126 dE = -1.42157E-01
SCF Iteration  64: Energy = -0.2624597899927929 dE =  1.42157E-01
SCF Iteration  65: Energy = -0.4046168920710009 dE = -1.42157E-01
SCF Iteration  66: Energy = -0.2624597902020015 dE =  1.42157E-01
SCF Iteration  67: Energy = -0.4046168922112533 dE = -1.42157E-01
SCF Iteration  68: Energy = -0.2624597909413291 dE =  1.42157E-01
SCF Iteration  69: Energy = -0.4046168927068956 dE = -1.42157E-01
SCF Iteration  70: Energy = -0.2624597935540470 dE =  1.42157E-01
SCF Iteration  71: Energy = -0.4046168944584536 dE = -1.42157E-01
SCF Iteration  72: Energy = -0.2624598027871706 dE =  1.42157E-01
SCF Iteration  73: Energy = -0.4046169006483113 dE = -1.42157E-01
SCF Iteration  74: Energy = -0.2624598354162370 dE =  1.42157E-01
SCF Iteration  75: Energy = -0.4046169225227346 dE = -1.42157E-01
SCF Iteration  76: Energy = -0.2624599507245337 dE =  1.42157E-01
SCF Iteration  77: Energy = -0.4046169998250518 dE = -1.42157E-01
SCF Iteration  78: Energy = -0.2624603582136326 dE =  1.42157E-01
SCF Iteration  79: Energy = -0.4046172730043961 dE = -1.42157E-01
SCF Iteration  80: Energy = -0.2624617982378570 dE =  1.42155E-01
SCF Iteration  81: Energy = -0.4046182383911360 dE = -1.42156E-01
SCF Iteration  82: Energy = -0.2624668870663163 dE =  1.42151E-01
SCF Iteration  83: Energy = -0.4046216499131323 dE = -1.42155E-01
SCF Iteration  84: Energy = -0.2624848693716944 dE =  1.42137E-01
SCF Iteration  85: Energy = -0.4046337050350668 dE = -1.42149E-01
SCF Iteration  86: Energy = -0.2625484025590925 dE =  1.42085E-01
SCF Iteration  87: Energy = -0.4046762954926040 dE = -1.42128E-01
SCF Iteration  88: Energy = -0.2627727393962374 dE =  1.41904E-01
SCF Iteration  89: Energy = -0.4048266653398446 dE = -1.42054E-01
SCF Iteration  90: Energy = -0.2635632352959154 dE =  1.41263E-01
SCF Iteration  91: Energy = -0.4053563020098149 dE = -1.41793E-01
SCF Iteration  92: Energy = -0.2663284701872406 dE =  1.39028E-01
SCF Iteration  93: Energy = -0.4072062996489086 dE = -1.40878E-01
SCF Iteration  94: Energy = -0.2757600092283866 dE =  1.31446E-01
SCF Iteration  95: Energy = -0.4134839763130459 dE = -1.37724E-01
SCF Iteration  96: Energy = -0.3053409330836379 dE =  1.08143E-01
SCF Iteration  97: Energy = -0.4328390318366933 dE = -1.27498E-01
SCF Iteration  98: Energy = -0.3780306695932243 dE =  5.48084E-02
SCF Iteration  99: Energy = -0.4780395285884902 dE = -1.00009E-01
SCF Iteration 100: Energy = -0.4828704484337890 dE = -4.83092E-03
SCF Iteration 101: Energy = -0.5361352655841269 dE = -5.32648E-02
SCF Iteration 102: Energy = -0.5526066149071445 dE = -1.64713E-02
SCF Iteration 103: Energy = -0.5688340935106816 dE = -1.62275E-02
SCF Iteration 104: Energy = -0.5747007474096424 dE = -5.86665E-03
SCF Iteration 105: Energy = -0.5779228297664922 dE = -3.22208E-03
SCF Iteration 106: Energy = -0.5791278509655615 dE = -1.20502E-03
SCF Iteration 107: Energy = -0.5796651647439797 dE = -5.37314E-04
SCF Iteration 108: Energy = -0.5798719957307729 dE = -2.06831E-04
SCF Iteration 109: Energy = -0.5799578515738489 dE = -8.58558E-05
SCF Iteration 110: Energy = -0.5799915305830685 dE = -3.36790E-05
SCF Iteration 111: Energy = -0.5800051664775483 dE = -1.36359E-05
SCF Iteration 112: Energy = -0.5800105672026794 dE = -5.40073E-06
SCF Iteration 113: Energy = -0.5800127342496280 dE = -2.16705E-06
SCF Iteration 114: Energy = -0.5800135963104783 dE = -8.62061E-07
SCF Iteration 115: Energy = -0.5800139410623992 dE = -3.44752E-07
SCF Iteration 116: Energy = -0.5800140784671339 dE = -1.37405E-07
SCF Iteration 117: Energy = -0.5800141333491239 dE = -5.48820E-08
SCF Iteration 118: Energy = -0.5800141552408046 dE = -2.18917E-08
SCF Iteration 119: Energy = -0.5800141639807358 dE = -8.73993E-09
SCF Iteration 120: Energy = -0.5800141674682120 dE = -3.48748E-09
SCF Iteration 121: Energy = -0.5800141688603110 dE = -1.39210E-09
SCF Iteration 122: Energy = -0.5800141694158848 dE = -5.55574E-10
SCF Iteration 123: Energy = -0.5800141696376425 dE = -2.21758E-10
SCF Iteration 124: Energy = -0.5800141697261515 dE = -8.85090E-11

SCF converged.
E_QED_HF          = -0.580014169726151
HF  (psi4)        = -0.858432773771433
Starting with the CCSD calculation:

Iter  Energy(CCSD)      E_diff    time(sec)
  1:  -0.0817324719  8.17325E-02   10.911
  2:  -0.1637467957  8.20143E-02   10.911
  3:  -0.1358036206  2.79432E-02   10.911
  4:  -0.1289013675  6.90225E-03   10.911
  5:  -0.0991380598  2.97633E-02   10.909
  6:  -0.0640782322  3.50598E-02   10.912
  7:  -0.0680103663  3.93213E-03   10.909
  8:  -0.0840222416  1.60119E-02   10.911
  9:  -0.0645228647  1.94994E-02   10.909
 10:  -0.0625505340  1.97233E-03   10.903
 11:  -0.0552388575  7.31168E-03   10.900
 12:  -0.0541352342  1.10362E-03   10.898
 13:  -0.0430893232  1.10459E-02   10.909
 14:  -0.0515381044  8.44878E-03   10.901
 15:  -0.0453076823  6.23042E-03   10.897
 16:  -0.0483142169  3.00653E-03   10.904
 17:  -0.0458627254  2.45149E-03   10.907
 18:  -0.0469435930  1.08087E-03   10.901
 19:  -0.0469457393  2.14627E-06   10.901
 20:  -0.0470930817  1.47342E-04   10.900
 21:  -0.0469478688  1.45213E-04   10.904
 22:  -0.0467010003  2.46869E-04   10.905
 23:  -0.0467165489  1.55486E-05   10.902
 24:  -0.0466428333  7.37156E-05   10.906
 25:  -0.0464021388  2.40695E-04   10.904
 26:  -0.0461205512  2.81588E-04   10.902
 27:  -0.0461414644  2.09133E-05   10.903
 28:  -0.0460788613  6.26031E-05   10.904
 29:  -0.0460202047  5.86566E-05   10.903
 30:  -0.0459226125  9.75922E-05   10.905
 31:  -0.0459324159  9.80335E-06   10.902
 32:  -0.0459129766  1.94392E-05   10.905
 33:  -0.0459217110  8.73444E-06   10.908
 34:  -0.0459409675  1.92564E-05   10.911
 35:  -0.0459215654  1.94021E-05   10.911
 36:  -0.0459240316  2.46616E-06   10.908
 37:  -0.0459255447  1.51310E-06   10.909
 38:  -0.0459199207  5.62397E-06   10.907
 39:  -0.0459213158  1.39512E-06   10.907
 40:  -0.0459230720  1.75615E-06   10.901
 41:  -0.0459178840  5.18799E-06   10.902
 42:  -0.0459159199  1.96405E-06   10.904
 43:  -0.0459167462  8.26272E-07   10.901
 44:  -0.0459174742  7.28021E-07   10.905
 45:  -0.0459167271  7.47161E-07   10.906
 46:  -0.0459177070  9.79970E-07   10.909
 47:  -0.0459175487  1.58347E-07   10.902
 48:  -0.0459152571  2.29165E-06   10.902
 49:  -0.0459160879  8.30884E-07   10.901
 50:  -0.0459155113  5.76595E-07   10.906
E_QED_CCSD  (Corr.)  = -0.045915511341675
E_QED_CCSD tot       = -0.625929681067827
E_CCSD_psi4 (Corr.)  = -0.144954100478747
E_CCSD_psi4 tot      = -1.003386874250180
