
  Memory set to  55.879 GiB by Python driver.
  Threads set to 1 by Python driver.
Settings:
	LOT = CCSD-S1-U21
	wc = 20.0 eV
	lambda = [0.242485 0.       0.      ] a.u.
	Equivalent A0 = LAMBDA / sqrt(2 wc) = [0.2 0.  0. ])
doing QED-CCSD-1 (or QED-CCSD-21)
Number of occupied orbitals:   1
Number of basis functions:  60
SCF Iteration   1: Energy = -0.7605505691063589 dE = -7.60551E-01
SCF Iteration   2: Energy = -0.7832306860777031 dE = -2.26801E-02
SCF Iteration   3: Energy = -0.7841138167502811 dE = -8.83131E-04
SCF Iteration   4: Energy = -0.7841511432325069 dE = -3.73265E-05
SCF Iteration   5: Energy = -0.7841527522733410 dE = -1.60904E-06
SCF Iteration   6: Energy = -0.7841528224235917 dE = -7.01503E-08
SCF Iteration   7: Energy = -0.7841528255210034 dE = -3.09741E-09
SCF Iteration   8: Energy = -0.7841528256601072 dE = -1.39104E-10
SCF Iteration   9: Energy = -0.7841528256664975 dE = -6.39022E-12

SCF converged.
E_QED_HF          = -0.784152825666497
HF  (psi4)        = -0.954581915917997
Starting with the CCSD calculation:

Iter  Energy(CCSD)      E_diff    time(sec)
  1:  -0.2057266616  2.05727E-01   10.905
  2:  -0.2075019640  1.77530E-03   10.912
  3:  -0.2142763426  6.77438E-03   10.919
  4:  -0.2190784830  4.80214E-03   10.900
  5:  -0.2181817140  8.96769E-04   10.908
  6:  -0.2181357584  4.59556E-05   10.910
  7:  -0.2181970694  6.13111E-05   10.911
  8:  -0.2182133884  1.63190E-05   10.909
  9:  -0.2182134122  2.38103E-08   10.902
 10:  -0.2182129114  5.00822E-07   10.901
 11:  -0.2182127771  1.34324E-07   10.893
 12:  -0.2182127782  1.15050E-09   10.902
E_QED_CCSD  (Corr.)  = -0.218212778225571
E_QED_CCSD tot       = -1.002365603892069
E_CCSD_psi4 (Corr.)  = -0.080784343350713
E_CCSD_psi4 tot      = -1.035366259268710
