
  Memory set to  55.879 GiB by Python driver.
  Threads set to 1 by Python driver.
Settings:
	LOT = CCSD-S1-U21
	wc = 20.0 eV
	lambda = [0.242485 0.       0.      ] a.u.
	Equivalent A0 = LAMBDA / sqrt(2 wc) = [0.2 0.  0. ])
doing QED-CCSD-1 (or QED-CCSD-21)
Number of occupied orbitals:   1
Number of basis functions:  60
SCF Iteration   1: Energy = -0.4972455827090891 dE = -4.97246E-01
SCF Iteration   2: Energy = -0.2890816368746141 dE =  2.08164E-01
SCF Iteration   3: Energy = -0.4405353964411953 dE = -1.51454E-01
SCF Iteration   4: Energy = -0.2798912541389571 dE =  1.60644E-01
SCF Iteration   5: Energy = -0.4342107232290000 dE = -1.54319E-01
SCF Iteration   6: Energy = -0.2785322162176171 dE =  1.55679E-01
SCF Iteration   7: Energy = -0.4333301618204713 dE = -1.54798E-01
SCF Iteration   8: Energy = -0.2783254395830317 dE =  1.55005E-01
SCF Iteration   9: Energy = -0.4332003172371641 dE = -1.54875E-01
SCF Iteration  10: Energy = -0.2782927059350412 dE =  1.54908E-01
SCF Iteration  11: Energy = -0.4331804953476385 dE = -1.54888E-01
SCF Iteration  12: Energy = -0.2782872727074283 dE =  1.54893E-01
SCF Iteration  13: Energy = -0.4331773461659132 dE = -1.54890E-01
SCF Iteration  14: Energy = -0.2782863223735856 dE =  1.54891E-01
SCF Iteration  15: Energy = -0.4331768214126769 dE = -1.54890E-01
SCF Iteration  16: Energy = -0.2782861471793745 dE =  1.54891E-01
SCF Iteration  17: Energy = -0.4331767292551900 dE = -1.54891E-01
SCF Iteration  18: Energy = -0.2782861133068324 dE =  1.54891E-01
SCF Iteration  19: Energy = -0.4331767122007666 dE = -1.54891E-01
SCF Iteration  20: Energy = -0.2782861064952276 dE =  1.54891E-01
SCF Iteration  21: Energy = -0.4331767088925584 dE = -1.54891E-01
SCF Iteration  22: Energy = -0.2782861050837137 dE =  1.54891E-01
SCF Iteration  23: Energy = -0.4331767082255676 dE = -1.54891E-01
SCF Iteration  24: Energy = -0.2782861047848404 dE =  1.54891E-01
SCF Iteration  25: Energy = -0.4331767080870900 dE = -1.54891E-01
SCF Iteration  26: Energy = -0.2782861047206110 dE =  1.54891E-01
SCF Iteration  27: Energy = -0.4331767080577296 dE = -1.54891E-01
SCF Iteration  28: Energy = -0.2782861047066726 dE =  1.54891E-01
SCF Iteration  29: Energy = -0.4331767080514152 dE = -1.54891E-01
SCF Iteration  30: Energy = -0.2782861047036346 dE =  1.54891E-01
SCF Iteration  31: Energy = -0.4331767080500484 dE = -1.54891E-01
SCF Iteration  32: Energy = -0.2782861047030305 dE =  1.54891E-01
SCF Iteration  33: Energy = -0.4331767080497913 dE = -1.54891E-01
SCF Iteration  34: Energy = -0.2782861047033385 dE =  1.54891E-01
SCF Iteration  35: Energy = -0.4331767080500304 dE = -1.54891E-01
SCF Iteration  36: Energy = -0.2782861047066075 dE =  1.54891E-01
SCF Iteration  37: Energy = -0.4331767080522336 dE = -1.54891E-01
SCF Iteration  38: Energy = -0.2782861047305687 dE =  1.54891E-01
SCF Iteration  39: Energy = -0.4331767080683221 dE = -1.54891E-01
SCF Iteration  40: Energy = -0.2782861049045462 dE =  1.54891E-01
SCF Iteration  41: Energy = -0.4331767081851287 dE = -1.54891E-01
SCF Iteration  42: Energy = -0.2782861061674329 dE =  1.54891E-01
SCF Iteration  43: Energy = -0.4331767090330167 dE = -1.54891E-01
SCF Iteration  44: Energy = -0.2782861153345347 dE =  1.54891E-01
SCF Iteration  45: Energy = -0.4331767151877008 dE = -1.54891E-01
SCF Iteration  46: Energy = -0.2782861818770732 dE =  1.54891E-01
SCF Iteration  47: Energy = -0.4331767598635750 dE = -1.54891E-01
SCF Iteration  48: Energy = -0.2782866648980652 dE =  1.54890E-01
SCF Iteration  49: Energy = -0.4331770841580446 dE = -1.54890E-01
SCF Iteration  50: Energy = -0.2782901710250764 dE =  1.54887E-01
SCF Iteration  51: Energy = -0.4331794381229137 dE = -1.54889E-01
SCF Iteration  52: Energy = -0.2783156189851098 dE =  1.54864E-01
SCF Iteration  53: Energy = -0.4331965231852944 dE = -1.54881E-01
SCF Iteration  54: Energy = -0.2785002118226724 dE =  1.54696E-01
SCF Iteration  55: Energy = -0.4333204356643168 dE = -1.54820E-01
SCF Iteration  56: Energy = -0.2798333332087196 dE =  1.53487E-01
SCF Iteration  57: Energy = -0.4342143817136040 dE = -1.54381E-01
SCF Iteration  58: Energy = -0.2891649626833973 dE =  1.45049E-01
SCF Iteration  59: Energy = -0.4404252352409663 dE = -1.51260E-01
SCF Iteration  60: Energy = -0.3427108709021055 dE =  9.77144E-02
SCF Iteration  61: Energy = -0.4744499591578907 dE = -1.31739E-01
SCF Iteration  62: Energy = -0.4817193145630611 dE = -7.26936E-03
SCF Iteration  63: Energy = -0.5487203118480068 dE = -6.70010E-02
SCF Iteration  64: Energy = -0.5710844054915402 dE = -2.23641E-02
SCF Iteration  65: Energy = -0.5834973983704271 dE = -1.24130E-02
SCF Iteration  66: Energy = -0.5870985673755720 dE = -3.60117E-03
SCF Iteration  67: Energy = -0.5882423506520953 dE = -1.14378E-03
SCF Iteration  68: Energy = -0.5885500080533257 dE = -3.07657E-04
SCF Iteration  69: Energy = -0.5886352007481286 dE = -8.51927E-05
SCF Iteration  70: Energy = -0.5886578986982036 dE = -2.26980E-05
SCF Iteration  71: Energy = -0.5886640182461921 dE = -6.11955E-06
SCF Iteration  72: Energy = -0.5886656599161090 dE = -1.64167E-06
SCF Iteration  73: Energy = -0.5886661043368641 dE = -4.44421E-07
SCF Iteration  74: Energy = -0.5886662254196650 dE = -1.21083E-07
SCF Iteration  75: Energy = -0.5886662587954387 dE = -3.33758E-08
SCF Iteration  76: Energy = -0.5886662681150163 dE = -9.31958E-09
SCF Iteration  77: Energy = -0.5886662707595410 dE = -2.64452E-09
SCF Iteration  78: Energy = -0.5886662715236701 dE = -7.64129E-10
SCF Iteration  79: Energy = -0.5886662717489536 dE = -2.25283E-10
SCF Iteration  80: Energy = -0.5886662718167990 dE = -6.78454E-11

SCF converged.
E_QED_HF          = -0.588666271816799
HF  (psi4)        = -0.865052679257160
Starting with the CCSD calculation:

Iter  Energy(CCSD)      E_diff    time(sec)
  1:  -0.0951951953  9.51952E-02   10.892
  2:  -0.2161821554  1.20987E-01   10.902
  3:  -0.1632990256  5.28831E-02   10.905
  4:  -0.1584268566  4.87217E-03   10.902
  5:  -0.1887724812  3.03456E-02   10.904
  6:  -0.2106302478  2.18578E-02   10.899
  7:  -0.2047010067  5.92924E-03   10.900
  8:  -0.2131275341  8.42653E-03   10.899
  9:  -0.2115208931  1.60664E-03   10.890
 10:  -0.2130891739  1.56828E-03   10.902
 11:  -0.2107953025  2.29387E-03   10.904
 12:  -0.2091380790  1.65722E-03   10.899
 13:  -0.2073380912  1.79999E-03   10.888
 14:  -0.2069591971  3.78894E-04   10.899
 15:  -0.2079256479  9.66451E-04   10.898
 16:  -0.2033684864  4.55716E-03   10.904
 17:  -0.1981450447  5.22344E-03   10.893
 18:  -0.1936027132  4.54233E-03   10.900
 19:  -0.1866704865  6.93223E-03   10.898
 20:  -0.1870510812  3.80595E-04   10.903
 21:  -0.1866189429  4.32138E-04   10.906
 22:  -0.1852419709  1.37697E-03   10.911
 23:  -0.0996697857  8.55722E-02   10.909
 24:  -0.1064851782  6.81539E-03   10.901
 25:  -0.1055916536  8.93525E-04   10.910
 26:  -0.1054743290  1.17325E-04   10.909
 27:  -0.1054364407  3.78883E-05   10.907
 28:  -0.1049933498  4.43091E-04   10.909
 29:  -0.1049211153  7.22345E-05   10.906
 30:  -0.1049837956  6.26803E-05   10.909
 31:  -0.1048337536  1.50042E-04   10.905
 32:  -0.1046201049  2.13649E-04   10.909
 33:  -0.1049182427  2.98138E-04   10.908
 34:  -0.1053805858  4.62343E-04   10.908
 35:  -0.1043995013  9.81085E-04   10.907
 36:  -0.1023591299  2.04037E-03   10.904
 37:  -0.1023593901  2.60195E-07   10.910
 38:  -0.1104815452  8.12216E-03   10.911
 39:  -0.0977994693  1.26821E-02   10.911
 40:  -0.1023193598  4.51989E-03   10.894
 41:  -0.1105568088  8.23745E-03   10.902
 42:  -0.1061753862  4.38142E-03   10.909
 43:  -0.0625326408  4.36427E-02   10.905
 44:  -0.0715174569  8.98482E-03   10.913
 45:  -0.0668205265  4.69693E-03   10.909
 46:  -0.0669444033  1.23877E-04   10.906
 47:  -0.0672223353  2.77932E-04   10.909
 48:  -0.0626015490  4.62079E-03   10.909
 49:  -0.0651066664  2.50512E-03   10.909
 50:  -0.0615490206  3.55765E-03   10.909
E_QED_CCSD  (Corr.)  = -0.061549020594705
E_QED_CCSD tot       = -0.650215292411504
E_CCSD_psi4 (Corr.)  = -0.139261567999826
E_CCSD_psi4 tot      = -1.004314247256986
