
  Memory set to  55.879 GiB by Python driver.
  Threads set to 1 by Python driver.
Settings:
	LOT = CCSD-S1-U21
	wc = 20.0 eV
	lambda = [0.48497 0.      0.     ] a.u.
	Equivalent A0 = LAMBDA / sqrt(2 wc) = [0.4 0.  0. ])
doing QED-CCSD-1 (or QED-CCSD-21)
Number of occupied orbitals:   1
Number of basis functions:  60
SCF Iteration   1: Energy = -0.0106718515831305 dE = -1.06719E-02
SCF Iteration   2: Energy = 0.4647146272028303 dE =  4.75386E-01
SCF Iteration   3: Energy = 0.1336195276813971 dE = -3.31095E-01
SCF Iteration   4: Energy = 0.4819236138817258 dE =  3.48304E-01
SCF Iteration   5: Energy = 0.1614306182350840 dE = -3.20493E-01
SCF Iteration   6: Energy = 0.4877906049811161 dE =  3.26360E-01
SCF Iteration   7: Energy = 0.1699544605335239 dE = -3.17836E-01
SCF Iteration   8: Energy = 0.4898396006523341 dE =  3.19885E-01
SCF Iteration   9: Energy = 0.1728028956891865 dE = -3.17037E-01
SCF Iteration  10: Energy = 0.4905268559531809 dE =  3.17724E-01
SCF Iteration  11: Energy = 0.1737533820710817 dE = -3.16773E-01
SCF Iteration  12: Energy = 0.4907479456662643 dE =  3.16995E-01
SCF Iteration  13: Energy = 0.1740654916132885 dE = -3.16682E-01
SCF Iteration  14: Energy = 0.4908156053118599 dE =  3.16750E-01
SCF Iteration  15: Energy = 0.1741654589308943 dE = -3.16650E-01
SCF Iteration  16: Energy = 0.4908346911839528 dE =  3.16669E-01
SCF Iteration  17: Energy = 0.1741962279470257 dE = -3.16638E-01
SCF Iteration  18: Energy = 0.4908392152197149 dE =  3.16643E-01
SCF Iteration  19: Energy = 0.1742050540855648 dE = -3.16634E-01
SCF Iteration  20: Energy = 0.4908397831623909 dE =  3.16635E-01
SCF Iteration  21: Energy = 0.1742072387483300 dE = -3.16633E-01
SCF Iteration  22: Energy = 0.4908395011439269 dE =  3.16632E-01
SCF Iteration  23: Energy = 0.1742075786109419 dE = -3.16632E-01
SCF Iteration  24: Energy = 0.4908391737654508 dE =  3.16632E-01
SCF Iteration  25: Energy = 0.1742074967270150 dE = -3.16632E-01
SCF Iteration  26: Energy = 0.4908389500482837 dE =  3.16631E-01
SCF Iteration  27: Energy = 0.1742073726288982 dE = -3.16632E-01
SCF Iteration  28: Energy = 0.4908388195290275 dE =  3.16631E-01
SCF Iteration  29: Energy = 0.1742072836720319 dE = -3.16632E-01
SCF Iteration  30: Energy = 0.4908387488155760 dE =  3.16631E-01
SCF Iteration  31: Energy = 0.1742072307645378 dE = -3.16632E-01
SCF Iteration  32: Energy = 0.4908387120502951 dE =  3.16631E-01
SCF Iteration  33: Energy = 0.1742072018128740 dE = -3.16632E-01
SCF Iteration  34: Energy = 0.4908386934091972 dE =  3.16631E-01
SCF Iteration  35: Energy = 0.1742071866723547 dE = -3.16632E-01
SCF Iteration  36: Energy = 0.4908386841089352 dE =  3.16631E-01
SCF Iteration  37: Energy = 0.1742071789675529 dE = -3.16632E-01
SCF Iteration  38: Energy = 0.4908386795184809 dE =  3.16632E-01
SCF Iteration  39: Energy = 0.1742071751143353 dE = -3.16632E-01
SCF Iteration  40: Energy = 0.4908386772692049 dE =  3.16632E-01
SCF Iteration  41: Energy = 0.1742071732093904 dE = -3.16632E-01
SCF Iteration  42: Energy = 0.4908386761726300 dE =  3.16632E-01
SCF Iteration  43: Energy = 0.1742071722749550 dE = -3.16632E-01
SCF Iteration  44: Energy = 0.4908386756399032 dE =  3.16632E-01
SCF Iteration  45: Energy = 0.1742071718190478 dE = -3.16632E-01
SCF Iteration  46: Energy = 0.4908386753817402 dE =  3.16632E-01
SCF Iteration  47: Energy = 0.1742071715974446 dE = -3.16632E-01
SCF Iteration  48: Energy = 0.4908386752568529 dE =  3.16632E-01
SCF Iteration  49: Energy = 0.1742071714900141 dE = -3.16632E-01
SCF Iteration  50: Energy = 0.4908386751965093 dE =  3.16632E-01
SCF Iteration  51: Energy = 0.1742071714380275 dE = -3.16632E-01
SCF Iteration  52: Energy = 0.4908386751673820 dE =  3.16632E-01
SCF Iteration  53: Energy = 0.1742071714129063 dE = -3.16632E-01
SCF Iteration  54: Energy = 0.4908386751533297 dE =  3.16632E-01
SCF Iteration  55: Energy = 0.1742071714007784 dE = -3.16632E-01
SCF Iteration  56: Energy = 0.4908386751465520 dE =  3.16632E-01
SCF Iteration  57: Energy = 0.1742071713949257 dE = -3.16632E-01
SCF Iteration  58: Energy = 0.4908386751432869 dE =  3.16632E-01
SCF Iteration  59: Energy = 0.1742071713921046 dE = -3.16632E-01
SCF Iteration  60: Energy = 0.4908386751417121 dE =  3.16632E-01
SCF Iteration  61: Energy = 0.1742071713907436 dE = -3.16632E-01
SCF Iteration  62: Energy = 0.4908386751409515 dE =  3.16632E-01
SCF Iteration  63: Energy = 0.1742071713900862 dE = -3.16632E-01
SCF Iteration  64: Energy = 0.4908386751405869 dE =  3.16632E-01
SCF Iteration  65: Energy = 0.1742071713897715 dE = -3.16632E-01
SCF Iteration  66: Energy = 0.4908386751404094 dE =  3.16632E-01
SCF Iteration  67: Energy = 0.1742071713896184 dE = -3.16632E-01
SCF Iteration  68: Energy = 0.4908386751403169 dE =  3.16632E-01
SCF Iteration  69: Energy = 0.1742071713895383 dE = -3.16632E-01
SCF Iteration  70: Energy = 0.4908386751402544 dE =  3.16632E-01
SCF Iteration  71: Energy = 0.1742071713894853 dE = -3.16632E-01
SCF Iteration  72: Energy = 0.4908386751401771 dE =  3.16632E-01
SCF Iteration  73: Energy = 0.1742071713894194 dE = -3.16632E-01
SCF Iteration  74: Energy = 0.4908386751400078 dE =  3.16632E-01
SCF Iteration  75: Energy = 0.1742071713892762 dE = -3.16632E-01
SCF Iteration  76: Energy = 0.4908386751395547 dE =  3.16632E-01
SCF Iteration  77: Energy = 0.1742071713888970 dE = -3.16632E-01
SCF Iteration  78: Energy = 0.4908386751383101 dE =  3.16632E-01
SCF Iteration  79: Energy = 0.1742071713878558 dE = -3.16632E-01
SCF Iteration  80: Energy = 0.4908386751348541 dE =  3.16632E-01
SCF Iteration  81: Energy = 0.1742071713849594 dE = -3.16632E-01
SCF Iteration  82: Energy = 0.4908386751252281 dE =  3.16632E-01
SCF Iteration  83: Energy = 0.1742071713768949 dE = -3.16632E-01
SCF Iteration  84: Energy = 0.4908386750984411 dE =  3.16632E-01
SCF Iteration  85: Energy = 0.1742071713544530 dE = -3.16632E-01
SCF Iteration  86: Energy = 0.4908386750238778 dE =  3.16632E-01
SCF Iteration  87: Energy = 0.1742071712919866 dE = -3.16632E-01
SCF Iteration  88: Energy = 0.4908386748163341 dE =  3.16632E-01
SCF Iteration  89: Energy = 0.1742071711181092 dE = -3.16632E-01
SCF Iteration  90: Energy = 0.4908386742386396 dE =  3.16632E-01
SCF Iteration  91: Energy = 0.1742071706341295 dE = -3.16632E-01
SCF Iteration  92: Energy = 0.4908386726306455 dE =  3.16632E-01
SCF Iteration  93: Energy = 0.1742071692869808 dE = -3.16632E-01
SCF Iteration  94: Energy = 0.4908386681548304 dE =  3.16631E-01
SCF Iteration  95: Energy = 0.1742071655372320 dE = -3.16632E-01
SCF Iteration  96: Energy = 0.4908386556965112 dE =  3.16631E-01
SCF Iteration  97: Energy = 0.1742071550998993 dE = -3.16632E-01
SCF Iteration  98: Energy = 0.4908386210190873 dE =  3.16631E-01
SCF Iteration  99: Energy = 0.1742071260478329 dE = -3.16631E-01
SCF Iteration 100: Energy = 0.4908385244953427 dE =  3.16631E-01
SCF Iteration 101: Energy = 0.1742070451821379 dE = -3.16631E-01
SCF Iteration 102: Energy = 0.4908382558239767 dE =  3.16631E-01
SCF Iteration 103: Energy = 0.1742068200945754 dE = -3.16631E-01
SCF Iteration 104: Energy = 0.4908375079845988 dE =  3.16631E-01
SCF Iteration 105: Energy = 0.1742061935696672 dE = -3.16631E-01
SCF Iteration 106: Energy = 0.4908354263979086 dE =  3.16629E-01
SCF Iteration 107: Energy = 0.1742044496590772 dE = -3.16631E-01
SCF Iteration 108: Energy = 0.4908296323974821 dE =  3.16625E-01
SCF Iteration 109: Energy = 0.1741995955737705 dE = -3.16630E-01
SCF Iteration 110: Energy = 0.4908135052872715 dE =  3.16614E-01
SCF Iteration 111: Energy = 0.1741860847097819 dE = -3.16627E-01
SCF Iteration 112: Energy = 0.4907686185629161 dE =  3.16583E-01
SCF Iteration 113: Energy = 0.1741484803635903 dE = -3.16620E-01
SCF Iteration 114: Energy = 0.4906436983047721 dE =  3.16495E-01
SCF Iteration 115: Energy = 0.1740438313642487 dE = -3.16600E-01
SCF Iteration 116: Energy = 0.4902961471695488 dE =  3.16252E-01
SCF Iteration 117: Energy = 0.1737527120283945 dE = -3.16543E-01
SCF Iteration 118: Energy = 0.4893299952998757 dE =  3.15577E-01
SCF Iteration 119: Energy = 0.1729436923658400 dE = -3.16386E-01
SCF Iteration 120: Energy = 0.4866503682014163 dE =  3.13707E-01
SCF Iteration 121: Energy = 0.1707018598770653 dE = -3.15949E-01
SCF Iteration 122: Energy = 0.4792655249477536 dE =  3.08564E-01
SCF Iteration 123: Energy = 0.1645386483502190 dE = -3.14727E-01
SCF Iteration 124: Energy = 0.4592653058586229 dE =  2.94727E-01
SCF Iteration 125: Energy = 0.1479578951035386 dE = -3.11307E-01
SCF Iteration 126: Energy = 0.4075656227834654 dE =  2.59608E-01
SCF Iteration 127: Energy = 0.1058420268497325 dE = -3.01724E-01
SCF Iteration 128: Energy = 0.2886504035783878 dE =  1.82808E-01
SCF Iteration 129: Energy = 0.0129682725338750 dE = -2.75682E-01
SCF Iteration 130: Energy = 0.0763953973785899 dE =  6.34271E-02
SCF Iteration 131: Energy = -0.1394369640761993 dE = -2.15832E-01
SCF Iteration 132: Energy = -0.1701345646419277 dE = -3.06976E-02
SCF Iteration 133: Energy = -0.2958485123159865 dE = -1.25714E-01
SCF Iteration 134: Energy = -0.3391853200071329 dE = -4.33368E-02
SCF Iteration 135: Energy = -0.3906176827672954 dE = -5.14324E-02
SCF Iteration 136: Energy = -0.4122498238989245 dE = -2.16321E-02
SCF Iteration 137: Energy = -0.4284015663016634 dE = -1.61517E-02
SCF Iteration 138: Energy = -0.4357200952862552 dE = -7.31853E-03
SCF Iteration 139: Energy = -0.4401260722341378 dE = -4.40598E-03
SCF Iteration 140: Energy = -0.4422030170778024 dE = -2.07694E-03
SCF Iteration 141: Energy = -0.4433314670886246 dE = -1.12845E-03
SCF Iteration 142: Energy = -0.4438753592374327 dE = -5.43892E-04
SCF Iteration 143: Energy = -0.4441566322122430 dE = -2.81273E-04
SCF Iteration 144: Energy = -0.4442938363887143 dE = -1.37204E-04
SCF Iteration 145: Energy = -0.4443631277332745 dE = -6.92913E-05
SCF Iteration 146: Energy = -0.4443971471123960 dE = -3.40194E-05
SCF Iteration 147: Energy = -0.4444141386477449 dE = -1.69915E-05
SCF Iteration 148: Energy = -0.4444225127592860 dE = -8.37411E-06
SCF Iteration 149: Energy = -0.4444266760248183 dE = -4.16327E-06
SCF Iteration 150: Energy = -0.4444287335082773 dE = -2.05748E-06
SCF Iteration 151: Energy = -0.4444297551596685 dE = -1.02165E-06
SCF Iteration 152: Energy = -0.4444302613249167 dE = -5.06165E-07
SCF Iteration 153: Energy = -0.4444305128451045 dE = -2.51520E-07
SCF Iteration 154: Energy = -0.4444306377905278 dE = -1.24945E-07
SCF Iteration 155: Energy = -0.4444306999991754 dE = -6.22086E-08
SCF Iteration 156: Energy = -0.4444307309961921 dE = -3.09970E-08
SCF Iteration 157: Energy = -0.4444307464733677 dE = -1.54772E-08
SCF Iteration 158: Energy = -0.4444307542125778 dE = -7.73921E-09
SCF Iteration 159: Energy = -0.4444307580908220 dE = -3.87824E-09
SCF Iteration 160: Energy = -0.4444307600380510 dE = -1.94723E-09
SCF Iteration 161: Energy = -0.4444307610180311 dE = -9.79980E-10
SCF Iteration 162: Energy = -0.4444307615123684 dE = -4.94337E-10
SCF Iteration 163: Energy = -0.4444307617623771 dE = -2.50009E-10
SCF Iteration 164: Energy = -0.4444307618891503 dE = -1.26773E-10
SCF Iteration 165: Energy = -0.4444307619536216 dE = -6.44713E-11

SCF converged.
E_QED_HF          = -0.444430761953622
HF  (psi4)        = -0.928103769523727
Starting with the CCSD calculation:

Iter  Energy(CCSD)      E_diff    time(sec)
  1:  -0.1247271507  1.24727E-01   9.972
  2:  -0.1842926950  5.95655E-02   9.977
  3:  -0.1960882330  1.17955E-02   9.972
  4:  -0.2054100652  9.32183E-03   9.973
  5:  -0.2066167544  1.20669E-03   9.976
  6:  -0.2113060112  4.68926E-03   9.976
  7:  -0.2151624185  3.85641E-03   9.962
  8:  -0.2186048876  3.44247E-03   9.966
  9:  -0.2220150376  3.41015E-03   9.960
 10:  -0.2247382038  2.72317E-03   9.962
 11:  -0.2268246932  2.08649E-03   9.966
 12:  -0.2279336057  1.10891E-03   9.965
 13:  -0.2284157444  4.82139E-04   9.964
 14:  -0.2287859985  3.70254E-04   9.966
 15:  -0.2289831159  1.97117E-04   9.965
 16:  -0.2290862684  1.03153E-04   9.962
 17:  -0.2291156673  2.93989E-05   9.962
 18:  -0.2291153987  2.68599E-07   9.963
 19:  -0.2291274057  1.20069E-05   9.965
 20:  -0.2291295789  2.17320E-06   9.966
 21:  -0.2291356961  6.11722E-06   9.968
 22:  -0.2291370432  1.34713E-06   9.970
 23:  -0.2291374419  3.98742E-07   9.973
 24:  -0.2291374511  9.12358E-09   9.968
E_QED_CCSD  (Corr.)  = -0.229137451072943
E_QED_CCSD tot       = -0.673568213026564
E_CCSD_psi4 (Corr.)  = -0.094256007140909
E_CCSD_psi4 tot      = -1.022359776664636
