
  Memory set to  55.879 GiB by Python driver.
  Threads set to 1 by Python driver.
Settings:
	LOT = CCSD-S1-U21
	wc = 20.0 eV
	lambda = [0.48497 0.      0.     ] a.u.
	Equivalent A0 = LAMBDA / sqrt(2 wc) = [0.4 0.  0. ])
doing QED-CCSD-1 (or QED-CCSD-21)
Number of occupied orbitals:   1
Number of basis functions:  60
SCF Iteration   1: Energy = 0.1702285776425356 dE =  1.70229E-01
SCF Iteration   2: Energy = 0.5859257180975947 dE =  4.15697E-01
SCF Iteration   3: Energy = 0.3202473049610458 dE = -2.65678E-01
SCF Iteration   4: Energy = 0.6040215742249040 dE =  2.83774E-01
SCF Iteration   5: Energy = 0.3527253580977764 dE = -2.51296E-01
SCF Iteration   6: Energy = 0.6104384080792968 dE =  2.57713E-01
SCF Iteration   7: Energy = 0.3630912353530542 dE = -2.47347E-01
SCF Iteration   8: Energy = 0.6127019204545838 dE =  2.49611E-01
SCF Iteration   9: Energy = 0.3666905729208211 dE = -2.46011E-01
SCF Iteration  10: Energy = 0.6134179459996927 dE =  2.46727E-01
SCF Iteration  11: Energy = 0.3679052927395764 dE = -2.45513E-01
SCF Iteration  12: Energy = 0.6135991953829274 dE =  2.45694E-01
SCF Iteration  13: Energy = 0.3682846515684806 dE = -2.45315E-01
SCF Iteration  14: Energy = 0.6136175206172205 dE =  2.45333E-01
SCF Iteration  15: Energy = 0.3683848026610971 dE = -2.45233E-01
SCF Iteration  16: Energy = 0.6135974809908886 dE =  2.45213E-01
SCF Iteration  17: Energy = 0.3683995596833618 dE = -2.45198E-01
SCF Iteration  18: Energy = 0.6135756330925304 dE =  2.45176E-01
SCF Iteration  19: Energy = 0.3683928993312166 dE = -2.45183E-01
SCF Iteration  20: Energy = 0.6135598648185454 dE =  2.45167E-01
SCF Iteration  21: Energy = 0.3683839283108647 dE = -2.45176E-01
SCF Iteration  22: Energy = 0.6135499642777864 dE =  2.45166E-01
SCF Iteration  23: Energy = 0.3683771446062208 dE = -2.45173E-01
SCF Iteration  24: Energy = 0.6135441579812877 dE =  2.45167E-01
SCF Iteration  25: Energy = 0.3683728004577088 dE = -2.45171E-01
SCF Iteration  26: Energy = 0.6135408832571285 dE =  2.45168E-01
SCF Iteration  27: Energy = 0.3683702259253797 dE = -2.45171E-01
SCF Iteration  28: Energy = 0.6135390807413890 dE =  2.45169E-01
SCF Iteration  29: Energy = 0.3683687647818703 dE = -2.45170E-01
SCF Iteration  30: Energy = 0.6135381042975265 dE =  2.45169E-01
SCF Iteration  31: Energy = 0.3683679572969600 dE = -2.45170E-01
SCF Iteration  32: Energy = 0.6135375810470534 dE =  2.45170E-01
SCF Iteration  33: Energy = 0.3683675187048289 dE = -2.45170E-01
SCF Iteration  34: Energy = 0.6135373027513495 dE =  2.45170E-01
SCF Iteration  35: Energy = 0.3683672832446838 dE = -2.45170E-01
SCF Iteration  36: Energy = 0.6135371555194631 dE =  2.45170E-01
SCF Iteration  37: Energy = 0.3683671578527941 dE = -2.45170E-01
SCF Iteration  38: Energy = 0.6135370779202509 dE =  2.45170E-01
SCF Iteration  39: Energy = 0.3683670914543177 dE = -2.45170E-01
SCF Iteration  40: Energy = 0.6135370371319943 dE =  2.45170E-01
SCF Iteration  41: Energy = 0.3683670564360374 dE = -2.45170E-01
SCF Iteration  42: Energy = 0.6135370157345198 dE =  2.45170E-01
SCF Iteration  43: Energy = 0.3683670380208938 dE = -2.45170E-01
SCF Iteration  44: Energy = 0.6135370045253514 dE =  2.45170E-01
SCF Iteration  45: Energy = 0.3683670283570671 dE = -2.45170E-01
SCF Iteration  46: Energy = 0.6135369986594353 dE =  2.45170E-01
SCF Iteration  47: Energy = 0.3683670232933874 dE = -2.45170E-01
SCF Iteration  48: Energy = 0.6135369955920246 dE =  2.45170E-01
SCF Iteration  49: Energy = 0.3683670206430187 dE = -2.45170E-01
SCF Iteration  50: Energy = 0.6135369939888935 dE =  2.45170E-01
SCF Iteration  51: Energy = 0.3683670192569066 dE = -2.45170E-01
SCF Iteration  52: Energy = 0.6135369931513794 dE =  2.45170E-01
SCF Iteration  53: Energy = 0.3683670185324078 dE = -2.45170E-01
SCF Iteration  54: Energy = 0.6135369927139680 dE =  2.45170E-01
SCF Iteration  55: Energy = 0.3683670181538858 dE = -2.45170E-01
SCF Iteration  56: Energy = 0.6135369924855720 dE =  2.45170E-01
SCF Iteration  57: Energy = 0.3683670179561865 dE = -2.45170E-01
SCF Iteration  58: Energy = 0.6135369923663299 dE =  2.45170E-01
SCF Iteration  59: Energy = 0.3683670178529508 dE = -2.45170E-01
SCF Iteration  60: Energy = 0.6135369923040841 dE =  2.45170E-01
SCF Iteration  61: Energy = 0.3683670177990530 dE = -2.45170E-01
SCF Iteration  62: Energy = 0.6135369922715952 dE =  2.45170E-01
SCF Iteration  63: Energy = 0.3683670177709165 dE = -2.45170E-01
SCF Iteration  64: Energy = 0.6135369922546359 dE =  2.45170E-01
SCF Iteration  65: Energy = 0.3683670177562297 dE = -2.45170E-01
SCF Iteration  66: Energy = 0.6135369922457863 dE =  2.45170E-01
SCF Iteration  67: Energy = 0.3683670177485663 dE = -2.45170E-01
SCF Iteration  68: Energy = 0.6135369922411685 dE =  2.45170E-01
SCF Iteration  69: Energy = 0.3683670177445655 dE = -2.45170E-01
SCF Iteration  70: Energy = 0.6135369922387579 dE =  2.45170E-01
SCF Iteration  71: Energy = 0.3683670177424768 dE = -2.45170E-01
SCF Iteration  72: Energy = 0.6135369922374982 dE =  2.45170E-01
SCF Iteration  73: Energy = 0.3683670177413859 dE = -2.45170E-01
SCF Iteration  74: Energy = 0.6135369922368412 dE =  2.45170E-01
SCF Iteration  75: Energy = 0.3683670177408166 dE = -2.45170E-01
SCF Iteration  76: Energy = 0.6135369922364977 dE =  2.45170E-01
SCF Iteration  77: Energy = 0.3683670177405208 dE = -2.45170E-01
SCF Iteration  78: Energy = 0.6135369922363207 dE =  2.45170E-01
SCF Iteration  79: Energy = 0.3683670177403675 dE = -2.45170E-01
SCF Iteration  80: Energy = 0.6135369922362275 dE =  2.45170E-01
SCF Iteration  81: Energy = 0.3683670177402871 dE = -2.45170E-01
SCF Iteration  82: Energy = 0.6135369922361790 dE =  2.45170E-01
SCF Iteration  83: Energy = 0.3683670177402441 dE = -2.45170E-01
SCF Iteration  84: Energy = 0.6135369922361535 dE =  2.45170E-01
SCF Iteration  85: Energy = 0.3683670177402214 dE = -2.45170E-01
SCF Iteration  86: Energy = 0.6135369922361400 dE =  2.45170E-01
SCF Iteration  87: Energy = 0.3683670177402114 dE = -2.45170E-01
SCF Iteration  88: Energy = 0.6135369922361333 dE =  2.45170E-01
SCF Iteration  89: Energy = 0.3683670177402052 dE = -2.45170E-01
SCF Iteration  90: Energy = 0.6135369922361313 dE =  2.45170E-01
SCF Iteration  91: Energy = 0.3683670177402031 dE = -2.45170E-01
SCF Iteration  92: Energy = 0.6135369922361289 dE =  2.45170E-01
SCF Iteration  93: Energy = 0.3683670177402004 dE = -2.45170E-01
SCF Iteration  94: Energy = 0.6135369922361267 dE =  2.45170E-01
SCF Iteration  95: Energy = 0.3683670177402001 dE = -2.45170E-01
SCF Iteration  96: Energy = 0.6135369922361271 dE =  2.45170E-01
SCF Iteration  97: Energy = 0.3683670177401990 dE = -2.45170E-01
SCF Iteration  98: Energy = 0.6135369922361282 dE =  2.45170E-01
SCF Iteration  99: Energy = 0.3683670177401997 dE = -2.45170E-01
SCF Iteration 100: Energy = 0.6135369922361277 dE =  2.45170E-01
SCF Iteration 101: Energy = 0.3683670177401991 dE = -2.45170E-01
SCF Iteration 102: Energy = 0.6135369922361275 dE =  2.45170E-01
SCF Iteration 103: Energy = 0.3683670177401989 dE = -2.45170E-01
SCF Iteration 104: Energy = 0.6135369922361258 dE =  2.45170E-01
SCF Iteration 105: Energy = 0.3683670177401979 dE = -2.45170E-01
SCF Iteration 106: Energy = 0.6135369922361262 dE =  2.45170E-01
SCF Iteration 107: Energy = 0.3683670177401994 dE = -2.45170E-01
SCF Iteration 108: Energy = 0.6135369922361253 dE =  2.45170E-01
SCF Iteration 109: Energy = 0.3683670177401984 dE = -2.45170E-01
SCF Iteration 110: Energy = 0.6135369922361262 dE =  2.45170E-01
SCF Iteration 111: Energy = 0.3683670177401985 dE = -2.45170E-01
SCF Iteration 112: Energy = 0.6135369922361249 dE =  2.45170E-01
SCF Iteration 113: Energy = 0.3683670177401966 dE = -2.45170E-01
SCF Iteration 114: Energy = 0.6135369922361235 dE =  2.45170E-01
SCF Iteration 115: Energy = 0.3683670177401974 dE = -2.45170E-01
SCF Iteration 116: Energy = 0.6135369922361255 dE =  2.45170E-01
SCF Iteration 117: Energy = 0.3683670177401983 dE = -2.45170E-01
SCF Iteration 118: Energy = 0.6135369922361265 dE =  2.45170E-01
SCF Iteration 119: Energy = 0.3683670177401991 dE = -2.45170E-01
SCF Iteration 120: Energy = 0.6135369922361266 dE =  2.45170E-01
SCF Iteration 121: Energy = 0.3683670177401989 dE = -2.45170E-01
SCF Iteration 122: Energy = 0.6135369922361252 dE =  2.45170E-01
SCF Iteration 123: Energy = 0.3683670177401989 dE = -2.45170E-01
SCF Iteration 124: Energy = 0.6135369922361269 dE =  2.45170E-01
SCF Iteration 125: Energy = 0.3683670177401982 dE = -2.45170E-01
SCF Iteration 126: Energy = 0.6135369922361262 dE =  2.45170E-01
SCF Iteration 127: Energy = 0.3683670177401984 dE = -2.45170E-01
SCF Iteration 128: Energy = 0.6135369922361250 dE =  2.45170E-01
SCF Iteration 129: Energy = 0.3683670177401981 dE = -2.45170E-01
SCF Iteration 130: Energy = 0.6135369922361241 dE =  2.45170E-01
SCF Iteration 131: Energy = 0.3683670177401975 dE = -2.45170E-01
SCF Iteration 132: Energy = 0.6135369922361227 dE =  2.45170E-01
SCF Iteration 133: Energy = 0.3683670177401977 dE = -2.45170E-01
SCF Iteration 134: Energy = 0.6135369922361232 dE =  2.45170E-01
SCF Iteration 135: Energy = 0.3683670177401946 dE = -2.45170E-01
SCF Iteration 136: Energy = 0.6135369922361198 dE =  2.45170E-01
SCF Iteration 137: Energy = 0.3683670177401947 dE = -2.45170E-01
SCF Iteration 138: Energy = 0.6135369922361139 dE =  2.45170E-01
SCF Iteration 139: Energy = 0.3683670177401890 dE = -2.45170E-01
SCF Iteration 140: Energy = 0.6135369922361092 dE =  2.45170E-01
SCF Iteration 141: Energy = 0.3683670177401838 dE = -2.45170E-01
SCF Iteration 142: Energy = 0.6135369922360975 dE =  2.45170E-01
SCF Iteration 143: Energy = 0.3683670177401748 dE = -2.45170E-01
SCF Iteration 144: Energy = 0.6135369922360787 dE =  2.45170E-01
SCF Iteration 145: Energy = 0.3683670177401587 dE = -2.45170E-01
SCF Iteration 146: Energy = 0.6135369922360496 dE =  2.45170E-01
SCF Iteration 147: Energy = 0.3683670177401337 dE = -2.45170E-01
SCF Iteration 148: Energy = 0.6135369922360047 dE =  2.45170E-01
SCF Iteration 149: Energy = 0.3683670177400951 dE = -2.45170E-01
SCF Iteration 150: Energy = 0.6135369922359318 dE =  2.45170E-01
SCF Iteration 151: Energy = 0.3683670177400329 dE = -2.45170E-01
SCF Iteration 152: Energy = 0.6135369922358156 dE =  2.45170E-01
SCF Iteration 153: Energy = 0.3683670177399328 dE = -2.45170E-01
SCF Iteration 154: Energy = 0.6135369922356269 dE =  2.45170E-01
SCF Iteration 155: Energy = 0.3683670177397718 dE = -2.45170E-01
SCF Iteration 156: Energy = 0.6135369922353260 dE =  2.45170E-01
SCF Iteration 157: Energy = 0.3683670177395139 dE = -2.45170E-01
SCF Iteration 158: Energy = 0.6135369922348479 dE =  2.45170E-01
SCF Iteration 159: Energy = 0.3683670177391076 dE = -2.45170E-01
SCF Iteration 160: Energy = 0.6135369922340810 dE =  2.45170E-01
SCF Iteration 161: Energy = 0.3683670177384525 dE = -2.45170E-01
SCF Iteration 162: Energy = 0.6135369922328530 dE =  2.45170E-01
SCF Iteration 163: Energy = 0.3683670177374060 dE = -2.45170E-01
SCF Iteration 164: Energy = 0.6135369922308883 dE =  2.45170E-01
SCF Iteration 165: Energy = 0.3683670177357307 dE = -2.45170E-01
SCF Iteration 166: Energy = 0.6135369922277454 dE =  2.45170E-01
SCF Iteration 167: Energy = 0.3683670177330468 dE = -2.45170E-01
SCF Iteration 168: Energy = 0.6135369922227091 dE =  2.45170E-01
SCF Iteration 169: Energy = 0.3683670177287515 dE = -2.45170E-01
SCF Iteration 170: Energy = 0.6135369922146521 dE =  2.45170E-01
SCF Iteration 171: Energy = 0.3683670177218781 dE = -2.45170E-01
SCF Iteration 172: Energy = 0.6135369922017593 dE =  2.45170E-01
SCF Iteration 173: Energy = 0.3683670177108759 dE = -2.45170E-01
SCF Iteration 174: Energy = 0.6135369921811193 dE =  2.45170E-01
SCF Iteration 175: Energy = 0.3683670176932670 dE = -2.45170E-01
SCF Iteration 176: Energy = 0.6135369921480881 dE =  2.45170E-01
SCF Iteration 177: Energy = 0.3683670176650840 dE = -2.45170E-01
SCF Iteration 178: Energy = 0.6135369920952164 dE =  2.45170E-01
SCF Iteration 179: Energy = 0.3683670176199718 dE = -2.45170E-01
SCF Iteration 180: Energy = 0.6135369920105964 dE =  2.45170E-01
SCF Iteration 181: Energy = 0.3683670175477704 dE = -2.45170E-01
SCF Iteration 182: Energy = 0.6135369918751603 dE =  2.45170E-01
SCF Iteration 183: Energy = 0.3683670174322120 dE = -2.45170E-01
SCF Iteration 184: Energy = 0.6135369916583898 dE =  2.45170E-01
SCF Iteration 185: Energy = 0.3683670172472565 dE = -2.45170E-01
SCF Iteration 186: Energy = 0.6135369913114386 dE =  2.45170E-01
SCF Iteration 187: Energy = 0.3683670169512281 dE = -2.45170E-01
SCF Iteration 188: Energy = 0.6135369907561323 dE =  2.45170E-01
SCF Iteration 189: Energy = 0.3683670164774249 dE = -2.45170E-01
SCF Iteration 190: Energy = 0.6135369898673436 dE =  2.45170E-01
SCF Iteration 191: Energy = 0.3683670157190831 dE = -2.45170E-01
SCF Iteration 192: Energy = 0.6135369884448117 dE =  2.45170E-01
SCF Iteration 193: Energy = 0.3683670145053369 dE = -2.45170E-01
SCF Iteration 194: Energy = 0.6135369861679955 dE =  2.45170E-01
SCF Iteration 195: Energy = 0.3683670125626919 dE = -2.45170E-01
SCF Iteration 196: Energy = 0.6135369825238802 dE =  2.45170E-01
SCF Iteration 197: Energy = 0.3683670094534253 dE = -2.45170E-01
SCF Iteration 198: Energy = 0.6135369766913513 dE =  2.45170E-01
SCF Iteration 199: Energy = 0.3683670044769393 dE = -2.45170E-01
SCF Iteration 200: Energy = 0.6135369673561886 dE =  2.45170E-01
SCF Iteration 201: Energy = 0.3683669965119019 dE = -2.45170E-01
SCF Iteration 202: Energy = 0.6135369524149451 dE =  2.45170E-01
SCF Iteration 203: Energy = 0.3683669837635961 dE = -2.45170E-01
SCF Iteration 204: Energy = 0.6135369285009799 dE =  2.45170E-01
SCF Iteration 205: Energy = 0.3683669633594954 dE = -2.45170E-01
SCF Iteration 206: Energy = 0.6135368902258705 dE =  2.45170E-01
SCF Iteration 207: Energy = 0.3683669307020444 dE = -2.45170E-01
SCF Iteration 208: Energy = 0.6135368289652672 dE =  2.45170E-01
SCF Iteration 209: Energy = 0.3683668784326944 dE = -2.45170E-01
SCF Iteration 210: Energy = 0.6135367309156108 dE =  2.45170E-01
SCF Iteration 211: Energy = 0.3683667947738447 dE = -2.45170E-01
SCF Iteration 212: Energy = 0.6135365739838499 dE =  2.45170E-01
SCF Iteration 213: Energy = 0.3683666608750540 dE = -2.45170E-01
SCF Iteration 214: Energy = 0.6135363228093348 dE =  2.45170E-01
SCF Iteration 215: Energy = 0.3683664465655810 dE = -2.45170E-01
SCF Iteration 216: Energy = 0.6135359207962200 dE =  2.45169E-01
SCF Iteration 217: Energy = 0.3683661035562122 dE = -2.45170E-01
SCF Iteration 218: Energy = 0.6135352773611362 dE =  2.45169E-01
SCF Iteration 219: Energy = 0.3683655545585974 dE = -2.45170E-01
SCF Iteration 220: Energy = 0.6135342475228087 dE =  2.45169E-01
SCF Iteration 221: Energy = 0.3683646758705858 dE = -2.45170E-01
SCF Iteration 222: Energy = 0.6135325992350453 dE =  2.45168E-01
SCF Iteration 223: Energy = 0.3683632695038947 dE = -2.45169E-01
SCF Iteration 224: Energy = 0.6135299611032300 dE =  2.45167E-01
SCF Iteration 225: Energy = 0.3683610185746257 dE = -2.45169E-01
SCF Iteration 226: Energy = 0.6135257387058213 dE =  2.45165E-01
SCF Iteration 227: Energy = 0.3683574159071823 dE = -2.45168E-01
SCF Iteration 228: Energy = 0.6135189806718154 dE =  2.45162E-01
SCF Iteration 229: Energy = 0.3683516497698753 dE = -2.45167E-01
SCF Iteration 230: Energy = 0.6135081643529591 dE =  2.45157E-01
SCF Iteration 231: Energy = 0.3683424210099209 dE = -2.45166E-01
SCF Iteration 232: Energy = 0.6134908528355664 dE =  2.45148E-01
SCF Iteration 233: Energy = 0.3683276504206250 dE = -2.45163E-01
SCF Iteration 234: Energy = 0.6134631461061318 dE =  2.45135E-01
SCF Iteration 235: Energy = 0.3683040104976341 dE = -2.45159E-01
SCF Iteration 236: Energy = 0.6134188029558203 dE =  2.45115E-01
SCF Iteration 237: Energy = 0.3682661763190770 dE = -2.45153E-01
SCF Iteration 238: Energy = 0.6133478364104190 dE =  2.45082E-01
SCF Iteration 239: Energy = 0.3682056273737438 dE = -2.45142E-01
SCF Iteration 240: Energy = 0.6132342678491155 dE =  2.45029E-01
SCF Iteration 241: Energy = 0.3681087319457976 dE = -2.45126E-01
SCF Iteration 242: Energy = 0.6130525379784671 dE =  2.44944E-01
SCF Iteration 243: Energy = 0.3679536864819860 dE = -2.45099E-01
SCF Iteration 244: Energy = 0.6127617767632749 dE =  2.44808E-01
SCF Iteration 245: Energy = 0.3677056306981472 dE = -2.45056E-01
SCF Iteration 246: Energy = 0.6122966688054676 dE =  2.44591E-01
SCF Iteration 247: Energy = 0.3673088643135853 dE = -2.44988E-01
SCF Iteration 248: Energy = 0.6115529264774361 dE =  2.44244E-01
SCF Iteration 249: Energy = 0.3666744795285891 dE = -2.44878E-01
SCF Iteration 250: Energy = 0.6103642775416445 dE =  2.43690E-01
SCF Iteration 251: Energy = 0.3656607955855219 dE = -2.44703E-01
SCF Iteration 252: Energy = 0.6084662399484054 dE =  2.42805E-01
SCF Iteration 253: Energy = 0.3640426267258095 dE = -2.44424E-01
SCF Iteration 254: Energy = 0.6054396816999392 dE =  2.41397E-01
SCF Iteration 255: Energy = 0.3614635718279109 dE = -2.43976E-01
SCF Iteration 256: Energy = 0.6006243688634307 dE =  2.39161E-01
SCF Iteration 257: Energy = 0.3573633702563455 dE = -2.43261E-01
SCF Iteration 258: Energy = 0.5929902940752270 dE =  2.35627E-01
SCF Iteration 259: Energy = 0.3508708890368653 dE = -2.42119E-01
SCF Iteration 260: Energy = 0.5809555889420930 dE =  2.30085E-01
SCF Iteration 261: Energy = 0.3406554945712253 dE = -2.40300E-01
SCF Iteration 262: Energy = 0.5621523243938445 dE =  2.21497E-01
SCF Iteration 263: Energy = 0.3247430418088388 dE = -2.37409E-01
SCF Iteration 264: Energy = 0.5331835015608417 dE =  2.08440E-01
SCF Iteration 265: Energy = 0.3003436697631392 dE = -2.32840E-01
SCF Iteration 266: Energy = 0.4895176991533202 dE =  1.89174E-01
SCF Iteration 267: Energy = 0.2638328740979132 dE = -2.25685E-01
SCF Iteration 268: Energy = 0.4258618791072684 dE =  1.62029E-01
SCF Iteration 269: Energy = 0.2111896187853253 dE = -2.14672E-01
SCF Iteration 270: Energy = 0.3375783665864543 dE =  1.26389E-01
SCF Iteration 271: Energy = 0.1393399429145449 dE = -1.98238E-01
SCF Iteration 272: Energy = 0.2236077385743825 dE =  8.42678E-02
SCF Iteration 273: Energy = 0.0486214540502695 dE = -1.74986E-01
SCF Iteration 274: Energy = 0.0901666706420148 dE =  4.15452E-02
SCF Iteration 275: Energy = -0.0546016757115424 dE = -1.44768E-01
SCF Iteration 276: Energy = -0.0478871821849858 dE =  6.71449E-03
SCF Iteration 277: Energy = -0.1578996407434827 dE = -1.10012E-01
SCF Iteration 278: Energy = -0.1717065292818565 dE = -1.38069E-02
SCF Iteration 279: Energy = -0.2474610946644464 dE = -7.57546E-02
SCF Iteration 280: Energy = -0.2675265871219961 dE = -2.00655E-02
SCF Iteration 281: Energy = -0.3147762558877614 dE = -4.72497E-02
SCF Iteration 282: Energy = -0.3323135233738623 dE = -1.75373E-02
SCF Iteration 283: Energy = -0.3593710493842244 dE = -2.70575E-02
SCF Iteration 284: Energy = -0.3715774418819733 dE = -1.22064E-02
SCF Iteration 285: Energy = -0.3861131208350197 dE = -1.45357E-02
SCF Iteration 286: Energy = -0.3935575232850794 dE = -7.44440E-03
SCF Iteration 287: Energy = -0.4010448369177744 dE = -7.48731E-03
SCF Iteration 288: Energy = -0.4052331229539354 dE = -4.18829E-03
SCF Iteration 289: Energy = -0.4089956395752683 dE = -3.76252E-03
SCF Iteration 290: Energy = -0.4112381436969847 dE = -2.24250E-03
SCF Iteration 291: Energy = -0.4131043365459144 dE = -1.86619E-03
SCF Iteration 292: Energy = -0.4142691085676466 dE = -1.16477E-03
SCF Iteration 293: Energy = -0.4151891210940570 dE = -9.20013E-04
SCF Iteration 294: Energy = -0.4157829320374389 dE = -5.93811E-04
SCF Iteration 295: Energy = -0.4162354571311246 dE = -4.52525E-04
SCF Iteration 296: Energy = -0.4165347194974289 dE = -2.99262E-04
SCF Iteration 297: Energy = -0.4167572156418986 dE = -2.22496E-04
SCF Iteration 298: Energy = -0.4169069557677449 dE = -1.49740E-04
SCF Iteration 299: Energy = -0.4170163994121754 dE = -1.09444E-04
SCF Iteration 300: Energy = -0.4170909859405789 dE = -7.45865E-05
SCF Iteration 301: Energy = -0.4171448583879014 dE = -5.38724E-05
SCF Iteration 302: Energy = -0.4171819035092370 dE = -3.70451E-05
SCF Iteration 303: Energy = -0.4172084409412320 dE = -2.65374E-05
SCF Iteration 304: Energy = -0.4172268060935866 dE = -1.83652E-05
SCF Iteration 305: Energy = -0.4172398867380787 dE = -1.30806E-05
SCF Iteration 306: Energy = -0.4172489802483159 dE = -9.09351E-06
SCF Iteration 307: Energy = -0.4172554312354211 dE = -6.45099E-06
SCF Iteration 308: Energy = -0.4172599302919107 dE = -4.49906E-06
SCF Iteration 309: Energy = -0.4172631130244100 dE = -3.18273E-06
SCF Iteration 310: Energy = -0.4172653377691944 dE = -2.22474E-06
SCF Iteration 311: Energy = -0.4172669085235245 dE = -1.57075E-06
SCF Iteration 312: Energy = -0.4172680082475160 dE = -1.09972E-06
SCF Iteration 313: Energy = -0.4172687836303191 dE = -7.75383E-07
SCF Iteration 314: Energy = -0.4172693271085128 dE = -5.43478E-07
SCF Iteration 315: Energy = -0.4172697099308231 dE = -3.82822E-07
SCF Iteration 316: Energy = -0.4172699784708029 dE = -2.68540E-07
SCF Iteration 317: Energy = -0.4172701675011132 dE = -1.89030E-07
SCF Iteration 318: Energy = -0.4172703001753884 dE = -1.32674E-07
SCF Iteration 319: Energy = -0.4172703935231603 dE = -9.33478E-08
SCF Iteration 320: Energy = -0.4172704590668208 dE = -6.55437E-08
SCF Iteration 321: Energy = -0.4172705051671382 dE = -4.61003E-08
SCF Iteration 322: Energy = -0.4172705375452350 dE = -3.23781E-08
SCF Iteration 323: Energy = -0.4172705603131595 dE = -2.27679E-08
SCF Iteration 324: Energy = -0.4172705763071076 dE = -1.59939E-08
SCF Iteration 325: Energy = -0.4172705875520419 dE = -1.12449E-08
SCF Iteration 326: Energy = -0.4172705954524389 dE = -7.90040E-09
SCF Iteration 327: Energy = -0.4172706010063625 dE = -5.55392E-09
SCF Iteration 328: Energy = -0.4172706049087862 dE = -3.90242E-09
SCF Iteration 329: Energy = -0.4172706076519426 dE = -2.74316E-09
SCF Iteration 330: Energy = -0.4172706095795291 dE = -1.92759E-09
SCF Iteration 331: Energy = -0.4172706109344240 dE = -1.35489E-09
SCF Iteration 332: Energy = -0.4172706118865408 dE = -9.52117E-10
SCF Iteration 333: Energy = -0.4172706125557526 dE = -6.69212E-10
SCF Iteration 334: Energy = -0.4172706130260404 dE = -4.70288E-10
SCF Iteration 335: Energy = -0.4172706133565831 dE = -3.30543E-10
SCF Iteration 336: Energy = -0.4172706135888749 dE = -2.32292E-10
SCF Iteration 337: Energy = -0.4172706137521363 dE = -1.63261E-10
SCF Iteration 338: Energy = -0.4172706138668751 dE = -1.14739E-10
SCF Iteration 339: Energy = -0.4172706139475151 dE = -8.06399E-11

SCF converged.
E_QED_HF          = -0.417270613947515
HF  (psi4)        = -0.904959157552008
Starting with the CCSD calculation:

Iter  Energy(CCSD)      E_diff    time(sec)
  1:  -0.1074063502  1.07406E-01   10.068
  2:  -0.1526973864  4.52910E-02   10.074
  3:  -0.1647580302  1.20606E-02   10.072
  4:  -0.1687085658  3.95054E-03   10.073
  5:  -0.1746955318  5.98697E-03   10.076
  6:  -0.1777298921  3.03436E-03   10.071
  7:  -0.1794275144  1.69762E-03   10.074
  8:  -0.1810603855  1.63287E-03   10.076
  9:  -0.1833263446  2.26596E-03   10.071
 10:  -0.1848665242  1.54018E-03   10.074
 11:  -0.1861318937  1.26537E-03   10.075
 12:  -0.1869114143  7.79521E-04   10.077
 13:  -0.1871707621  2.59348E-04   10.074
 14:  -0.1873474229  1.76661E-04   10.073
 15:  -0.1875054131  1.57990E-04   10.075
 16:  -0.1875972572  9.18440E-05   10.077
 17:  -0.1876460209  4.87637E-05   10.070
 18:  -0.1876635582  1.75373E-05   10.071
 19:  -0.1876757629  1.22047E-05   10.079
 20:  -0.1876820876  6.32470E-06   10.072
 21:  -0.1876864831  4.39551E-06   10.081
 22:  -0.1876874692  9.86170E-07   10.080
 23:  -0.1876883814  9.12176E-07   10.076
 24:  -0.1876893327  9.51285E-07   10.081
 25:  -0.1876898553  5.22647E-07   10.079
 26:  -0.1876900709  2.15540E-07   10.076
 27:  -0.1876907510  6.80155E-07   10.076
 28:  -0.1876908970  1.45992E-07   10.078
 29:  -0.1876909548  5.77543E-08   10.081
 30:  -0.1876907142  2.40555E-07   10.079
 31:  -0.1876908827  1.68492E-07   10.079
 32:  -0.1876909250  4.22332E-08   10.082
 33:  -0.1876908856  3.93998E-08   10.082
 34:  -0.1876908645  2.10605E-08   10.080
 35:  -0.1876908658  1.35468E-09   10.080
E_QED_CCSD  (Corr.)  = -0.187690865848584
E_QED_CCSD tot       = -0.604961479796100
E_CCSD_psi4 (Corr.)  = -0.108673974913533
E_CCSD_psi4 tot      = -1.013633132465541
