
  Memory set to  55.879 GiB by Python driver.
  Threads set to 1 by Python driver.
Settings:
	LOT = CCSD-S1-U21
	wc = 20.0 eV
	lambda = [0.48497 0.      0.     ] a.u.
	Equivalent A0 = LAMBDA / sqrt(2 wc) = [0.4 0.  0. ])
doing QED-CCSD-1 (or QED-CCSD-21)
Number of occupied orbitals:   1
Number of basis functions:  60
SCF Iteration   1: Energy = 0.0143476635373432 dE =  1.43477E-02
SCF Iteration   2: Energy = 0.4804742968997140 dE =  4.66127E-01
SCF Iteration   3: Energy = 0.1596326096508337 dE = -3.20842E-01
SCF Iteration   4: Energy = 0.4977585807676059 dE =  3.38126E-01
SCF Iteration   5: Energy = 0.1880530983028716 dE = -3.09705E-01
SCF Iteration   6: Energy = 0.5036783374967739 dE =  3.15625E-01
SCF Iteration   7: Energy = 0.1968095307607649 dE = -3.06869E-01
SCF Iteration   8: Energy = 0.5057489387513801 dE =  3.08939E-01
SCF Iteration   9: Energy = 0.1997508622136498 dE = -3.05998E-01
SCF Iteration  10: Energy = 0.5064386289798594 dE =  3.06688E-01
SCF Iteration  11: Energy = 0.2007334719668865 dE = -3.05705E-01
SCF Iteration  12: Energy = 0.5066553962190701 dE =  3.05922E-01
SCF Iteration  13: Energy = 0.2010539946754424 dE = -3.05601E-01
SCF Iteration  14: Energy = 0.5067181384527599 dE =  3.05664E-01
SCF Iteration  15: Energy = 0.2011545766557852 dE = -3.05564E-01
SCF Iteration  16: Energy = 0.5067335470633898 dE =  3.05579E-01
SCF Iteration  17: Energy = 0.2011840883653902 dE = -3.05549E-01
SCF Iteration  18: Energy = 0.5067357254949014 dE =  3.05552E-01
SCF Iteration  19: Energy = 0.2011916355699703 dE = -3.05544E-01
SCF Iteration  20: Energy = 0.5067349176207772 dE =  3.05543E-01
SCF Iteration  21: Energy = 0.2011929192242773 dE = -3.05542E-01
SCF Iteration  22: Energy = 0.5067338687110676 dE =  3.05541E-01
SCF Iteration  23: Energy = 0.2011927060464585 dE = -3.05541E-01
SCF Iteration  24: Energy = 0.5067331279378280 dE =  3.05540E-01
SCF Iteration  25: Energy = 0.2011923083246596 dE = -3.05541E-01
SCF Iteration  26: Energy = 0.5067326864641064 dE =  3.05540E-01
SCF Iteration  27: Energy = 0.2011920115510944 dE = -3.05541E-01
SCF Iteration  28: Energy = 0.5067324431091741 dE =  3.05540E-01
SCF Iteration  29: Energy = 0.2011918308455592 dE = -3.05541E-01
SCF Iteration  30: Energy = 0.5067323146207767 dE =  3.05540E-01
SCF Iteration  31: Energy = 0.2011917301351159 dE = -3.05541E-01
SCF Iteration  32: Energy = 0.5067322485324500 dE =  3.05541E-01
SCF Iteration  33: Energy = 0.2011916766207465 dE = -3.05541E-01
SCF Iteration  34: Energy = 0.5067322151062259 dE =  3.05541E-01
SCF Iteration  35: Energy = 0.2011916489854093 dE = -3.05541E-01
SCF Iteration  36: Energy = 0.5067321983878907 dE =  3.05541E-01
SCF Iteration  37: Energy = 0.2011916349714415 dE = -3.05541E-01
SCF Iteration  38: Energy = 0.5067321900895680 dE =  3.05541E-01
SCF Iteration  39: Energy = 0.2011916279499326 dE = -3.05541E-01
SCF Iteration  40: Energy = 0.5067321859922695 dE =  3.05541E-01
SCF Iteration  41: Energy = 0.2011916244605233 dE = -3.05541E-01
SCF Iteration  42: Energy = 0.5067321839766770 dE =  3.05541E-01
SCF Iteration  43: Energy = 0.2011916227361814 dE = -3.05541E-01
SCF Iteration  44: Energy = 0.5067321829877172 dE =  3.05541E-01
SCF Iteration  45: Energy = 0.2011916218874202 dE = -3.05541E-01
SCF Iteration  46: Energy = 0.5067321825033776 dE =  3.05541E-01
SCF Iteration  47: Energy = 0.2011916214707983 dE = -3.05541E-01
SCF Iteration  48: Energy = 0.5067321822664812 dE =  3.05541E-01
SCF Iteration  49: Energy = 0.2011916212667000 dE = -3.05541E-01
SCF Iteration  50: Energy = 0.5067321821507236 dE =  3.05541E-01
SCF Iteration  51: Energy = 0.2011916211668509 dE = -3.05541E-01
SCF Iteration  52: Energy = 0.5067321820941939 dE =  3.05541E-01
SCF Iteration  53: Energy = 0.2011916211180528 dE = -3.05541E-01
SCF Iteration  54: Energy = 0.5067321820666036 dE =  3.05541E-01
SCF Iteration  55: Energy = 0.2011916210942202 dE = -3.05541E-01
SCF Iteration  56: Energy = 0.5067321820531436 dE =  3.05541E-01
SCF Iteration  57: Energy = 0.2011916210825885 dE = -3.05541E-01
SCF Iteration  58: Energy = 0.5067321820465758 dE =  3.05541E-01
SCF Iteration  59: Energy = 0.2011916210769117 dE = -3.05541E-01
SCF Iteration  60: Energy = 0.5067321820433740 dE =  3.05541E-01
SCF Iteration  61: Energy = 0.2011916210741438 dE = -3.05541E-01
SCF Iteration  62: Energy = 0.5067321820418110 dE =  3.05541E-01
SCF Iteration  63: Energy = 0.2011916210727918 dE = -3.05541E-01
SCF Iteration  64: Energy = 0.5067321820410492 dE =  3.05541E-01
SCF Iteration  65: Energy = 0.2011916210721335 dE = -3.05541E-01
SCF Iteration  66: Energy = 0.5067321820406774 dE =  3.05541E-01
SCF Iteration  67: Energy = 0.2011916210718122 dE = -3.05541E-01
SCF Iteration  68: Energy = 0.5067321820404964 dE =  3.05541E-01
SCF Iteration  69: Energy = 0.2011916210716551 dE = -3.05541E-01
SCF Iteration  70: Energy = 0.5067321820404072 dE =  3.05541E-01
SCF Iteration  71: Energy = 0.2011916210715768 dE = -3.05541E-01
SCF Iteration  72: Energy = 0.5067321820403562 dE =  3.05541E-01
SCF Iteration  73: Energy = 0.2011916210715347 dE = -3.05541E-01
SCF Iteration  74: Energy = 0.5067321820403223 dE =  3.05541E-01
SCF Iteration  75: Energy = 0.2011916210715045 dE = -3.05541E-01
SCF Iteration  76: Energy = 0.5067321820402776 dE =  3.05541E-01
SCF Iteration  77: Energy = 0.2011916210714660 dE = -3.05541E-01
SCF Iteration  78: Energy = 0.5067321820401844 dE =  3.05541E-01
SCF Iteration  79: Energy = 0.2011916210713892 dE = -3.05541E-01
SCF Iteration  80: Energy = 0.5067321820399637 dE =  3.05541E-01
SCF Iteration  81: Energy = 0.2011916210712028 dE = -3.05541E-01
SCF Iteration  82: Energy = 0.5067321820394126 dE =  3.05541E-01
SCF Iteration  83: Energy = 0.2011916210707378 dE = -3.05541E-01
SCF Iteration  84: Energy = 0.5067321820380307 dE =  3.05541E-01
SCF Iteration  85: Energy = 0.2011916210695783 dE = -3.05541E-01
SCF Iteration  86: Energy = 0.5067321820345649 dE =  3.05541E-01
SCF Iteration  87: Energy = 0.2011916210666622 dE = -3.05541E-01
SCF Iteration  88: Energy = 0.5067321820258603 dE =  3.05541E-01
SCF Iteration  89: Energy = 0.2011916210593455 dE = -3.05541E-01
SCF Iteration  90: Energy = 0.5067321820039951 dE =  3.05541E-01
SCF Iteration  91: Energy = 0.2011916210409590 dE = -3.05541E-01
SCF Iteration  92: Energy = 0.5067321819490829 dE =  3.05541E-01
SCF Iteration  93: Energy = 0.2011916209947905 dE = -3.05541E-01
SCF Iteration  94: Energy = 0.5067321818111714 dE =  3.05541E-01
SCF Iteration  95: Energy = 0.2011916208788390 dE = -3.05541E-01
SCF Iteration  96: Energy = 0.5067321814648140 dE =  3.05541E-01
SCF Iteration  97: Energy = 0.2011916205876286 dE = -3.05541E-01
SCF Iteration  98: Energy = 0.5067321805949428 dE =  3.05541E-01
SCF Iteration  99: Energy = 0.2011916198562594 dE = -3.05541E-01
SCF Iteration 100: Energy = 0.5067321784102754 dE =  3.05541E-01
SCF Iteration 101: Energy = 0.2011916180194379 dE = -3.05541E-01
SCF Iteration 102: Energy = 0.5067321729235267 dE =  3.05541E-01
SCF Iteration 103: Energy = 0.2011916134062950 dE = -3.05541E-01
SCF Iteration 104: Energy = 0.5067321591436579 dE =  3.05541E-01
SCF Iteration 105: Energy = 0.2011916018204725 dE = -3.05541E-01
SCF Iteration 106: Energy = 0.5067321245357868 dE =  3.05541E-01
SCF Iteration 107: Energy = 0.2011915727229046 dE = -3.05541E-01
SCF Iteration 108: Energy = 0.5067320376187882 dE =  3.05540E-01
SCF Iteration 109: Energy = 0.2011914996449285 dE = -3.05541E-01
SCF Iteration 110: Energy = 0.5067318193284757 dE =  3.05540E-01
SCF Iteration 111: Energy = 0.2011913161110584 dE = -3.05541E-01
SCF Iteration 112: Energy = 0.5067312710969385 dE =  3.05540E-01
SCF Iteration 113: Energy = 0.2011908551696746 dE = -3.05540E-01
SCF Iteration 114: Energy = 0.5067298942264381 dE =  3.05539E-01
SCF Iteration 115: Energy = 0.2011896975268053 dE = -3.05540E-01
SCF Iteration 116: Energy = 0.5067264362583763 dE =  3.05537E-01
SCF Iteration 117: Energy = 0.2011867901452760 dE = -3.05540E-01
SCF Iteration 118: Energy = 0.5067177517377093 dE =  3.05531E-01
SCF Iteration 119: Energy = 0.2011794884155009 dE = -3.05538E-01
SCF Iteration 120: Energy = 0.5066959413605541 dE =  3.05516E-01
SCF Iteration 121: Energy = 0.2011611509123571 dE = -3.05535E-01
SCF Iteration 122: Energy = 0.5066411689907646 dE =  3.05480E-01
SCF Iteration 123: Energy = 0.2011151007325647 dE = -3.05526E-01
SCF Iteration 124: Energy = 0.5065036342993731 dE =  3.05389E-01
SCF Iteration 125: Energy = 0.2009994724945689 dE = -3.05504E-01
SCF Iteration 126: Energy = 0.5061583765855967 dE =  3.05159E-01
SCF Iteration 127: Energy = 0.2007092376988812 dE = -3.05449E-01
SCF Iteration 128: Energy = 0.5052922639853399 dE =  3.04583E-01
SCF Iteration 129: Energy = 0.1999813470931885 dE = -3.05311E-01
SCF Iteration 130: Energy = 0.5031232984972943 dE =  3.03142E-01
SCF Iteration 131: Energy = 0.1981597266487991 dE = -3.04964E-01
SCF Iteration 132: Energy = 0.4977151576434048 dE =  2.99555E-01
SCF Iteration 133: Energy = 0.1936251407457810 dE = -3.04090E-01
SCF Iteration 134: Energy = 0.4843750131788518 dE =  2.90750E-01
SCF Iteration 135: Energy = 0.1824853407696259 dE = -3.01890E-01
SCF Iteration 136: Energy = 0.4523275391737733 dE =  2.69842E-01
SCF Iteration 137: Energy = 0.1559877662489423 dE = -2.96340E-01
SCF Iteration 138: Energy = 0.3800112261644689 dE =  2.24023E-01
SCF Iteration 139: Energy = 0.0975521468646549 dE = -2.82459E-01
SCF Iteration 140: Energy = 0.2377832584131254 dE =  1.40231E-01
SCF Iteration 141: Energy = -0.0119861104977806 dE = -2.49769E-01
SCF Iteration 142: Energy = 0.0222281345189957 dE =  3.42142E-02
SCF Iteration 143: Energy = -0.1647403551326104 dE = -1.86968E-01
SCF Iteration 144: Energy = -0.1983062677192868 dE = -3.35659E-02
SCF Iteration 145: Energy = -0.3049188211909797 dE = -1.06613E-01
SCF Iteration 146: Energy = -0.3426868748740246 dE = -3.77681E-02
SCF Iteration 147: Energy = -0.3879526017633275 dE = -4.52657E-02
SCF Iteration 148: Energy = -0.4074613622757277 dE = -1.95088E-02
SCF Iteration 149: Energy = -0.4229535054455662 dE = -1.54921E-02
SCF Iteration 150: Energy = -0.4302258918372182 dE = -7.27239E-03
SCF Iteration 151: Energy = -0.4349396126024003 dE = -4.71372E-03
SCF Iteration 152: Energy = -0.4372610956031511 dE = -2.32148E-03
SCF Iteration 153: Energy = -0.4386190154953933 dE = -1.35792E-03
SCF Iteration 154: Energy = -0.4393069287830120 dE = -6.87913E-04
SCF Iteration 155: Energy = -0.4396887391633382 dE = -3.81810E-04
SCF Iteration 156: Energy = -0.4398852938441942 dE = -1.96555E-04
SCF Iteration 157: Energy = -0.4399914717931495 dE = -1.06178E-04
SCF Iteration 158: Energy = -0.4400466163808718 dE = -5.51446E-05
SCF Iteration 159: Energy = -0.4400759897349606 dE = -2.93734E-05
SCF Iteration 160: Energy = -0.4400913178573802 dE = -1.53281E-05
SCF Iteration 161: Energy = -0.4400994233739921 dE = -8.10552E-06
SCF Iteration 162: Energy = -0.4401036640336276 dE = -4.24066E-06
SCF Iteration 163: Energy = -0.4401058981644825 dE = -2.23413E-06
SCF Iteration 164: Energy = -0.4401070686993005 dE = -1.17053E-06
SCF Iteration 165: Energy = -0.4401076842426359 dE = -6.15543E-07
SCF Iteration 166: Energy = -0.4401080070233141 dE = -3.22781E-07
SCF Iteration 167: Energy = -0.4401081766197084 dE = -1.69596E-07
SCF Iteration 168: Energy = -0.4401082656047970 dE = -8.89851E-08
SCF Iteration 169: Energy = -0.4401083123457381 dE = -4.67409E-08
SCF Iteration 170: Energy = -0.4401083368812373 dE = -2.45355E-08
SCF Iteration 171: Energy = -0.4401083497690157 dE = -1.28878E-08
SCF Iteration 172: Energy = -0.4401083565368877 dE = -6.76787E-09
SCF Iteration 173: Energy = -0.4401083600925046 dE = -3.55562E-09
SCF Iteration 174: Energy = -0.4401083619604487 dE = -1.86794E-09
SCF Iteration 175: Energy = -0.4401083629420937 dE = -9.81645E-10
SCF Iteration 176: Energy = -0.4401083634580145 dE = -5.15921E-10
SCF Iteration 177: Energy = -0.4401083637292464 dE = -2.71232E-10
SCF Iteration 178: Energy = -0.4401083638718621 dE = -1.42616E-10
SCF Iteration 179: Energy = -0.4401083639468710 dE = -7.50089E-11

SCF converged.
E_QED_HF          = -0.440108363946871
HF  (psi4)        = -0.924600262598753
Starting with the CCSD calculation:

Iter  Energy(CCSD)      E_diff    time(sec)
  1:  -0.1215689926  1.21569E-01   10.107
  2:  -0.1782306315  5.66616E-02   10.106
  3:  -0.1900459677  1.18153E-02   10.111
  4:  -0.1980369239  7.99096E-03   10.115
  5:  -0.2021068186  4.06989E-03   10.114
  6:  -0.2052707086  3.16389E-03   10.112
  7:  -0.2082590220  2.98831E-03   10.112
  8:  -0.2115801881  3.32117E-03   10.111
  9:  -0.2142369369  2.65675E-03   10.110
 10:  -0.2173709270  3.13399E-03   10.115
 11:  -0.2192734748  1.90255E-03   10.103
 12:  -0.2202377893  9.64315E-04   10.101
 13:  -0.2206760917  4.38302E-04   10.105
 14:  -0.2209881852  3.12094E-04   10.104
 15:  -0.2212137517  2.25566E-04   10.100
 16:  -0.2213138685  1.00117E-04   10.106
 17:  -0.2213573750  4.35066E-05   10.100
 18:  -0.2213684072  1.10321E-05   10.103
 19:  -0.2213759562  7.54906E-06   10.105
 20:  -0.2213806640  4.70781E-06   10.102
 21:  -0.2213856170  4.95299E-06   10.108
 22:  -0.2213872117  1.59464E-06   10.106
 23:  -0.2213880476  8.35896E-07   10.103
 24:  -0.2213884355  3.87906E-07   10.107
 25:  -0.2213887553  3.19838E-07   10.105
 26:  -0.2213889703  2.14989E-07   10.103
 27:  -0.2213891319  1.61555E-07   10.105
 28:  -0.2213892480  1.16112E-07   10.107
 29:  -0.2213893383  9.03165E-08   10.103
 30:  -0.2213892650  7.32901E-08   10.107
 31:  -0.2213893517  8.67177E-08   10.104
 32:  -0.2213893428  8.88705E-09   10.107
E_QED_CCSD  (Corr.)  = -0.221389342828086
E_QED_CCSD tot       = -0.661497706774957
E_CCSD_psi4 (Corr.)  = -0.096276320895690
E_CCSD_psi4 tot      = -1.020876583494444
