
  Memory set to  55.879 GiB by Python driver.
  Threads set to 1 by Python driver.
Settings:
	LOT = CCSD-S1-U21
	wc = 20.0 eV
	lambda = [0.48497 0.      0.     ] a.u.
	Equivalent A0 = LAMBDA / sqrt(2 wc) = [0.4 0.  0. ])
doing QED-CCSD-1 (or QED-CCSD-21)
Number of occupied orbitals:   1
Number of basis functions:  60
SCF Iteration   1: Energy = 1.2984038753975389 dE =  1.29840E+00
SCF Iteration   2: Energy = 1.5282574066535597 dE =  2.29854E-01
SCF Iteration   3: Energy = 1.4097548379895133 dE = -1.18503E-01
SCF Iteration   4: Energy = 1.5420803825947222 dE =  1.32326E-01
SCF Iteration   5: Energy = 1.4565576653023047 dE = -8.55227E-02
SCF Iteration   6: Energy = 1.5510247772309977 dE =  9.44671E-02
SCF Iteration   7: Energy = 1.4769709089730996 dE = -7.40539E-02
SCF Iteration   8: Energy = 1.5549259015687920 dE =  7.79550E-02
SCF Iteration   9: Energy = 1.4858004390640187 dE = -6.91255E-02
SCF Iteration  10: Energy = 1.5559150724931872 dE =  7.01146E-02
SCF Iteration  11: Energy = 1.4892046264246246 dE = -6.67104E-02
SCF Iteration  12: Energy = 1.5555124573619963 dE =  6.63078E-02
SCF Iteration  13: Energy = 1.4901110783671045 dE = -6.54014E-02
SCF Iteration  14: Energy = 1.5545960281196263 dE =  6.44849E-02
SCF Iteration  15: Energy = 1.4899566433549412 dE = -6.46394E-02
SCF Iteration  16: Energy = 1.5536045182198104 dE =  6.36479E-02
SCF Iteration  17: Energy = 1.4894299051129376 dE = -6.41746E-02
SCF Iteration  18: Energy = 1.5527237924553683 dE =  6.32939E-02
SCF Iteration  19: Energy = 1.4888413701243253 dE = -6.38824E-02
SCF Iteration  20: Energy = 1.5520103799388623 dE =  6.31690E-02
SCF Iteration  21: Energy = 1.4883154110707502 dE = -6.36950E-02
SCF Iteration  22: Energy = 1.5514620149085099 dE =  6.31466E-02
SCF Iteration  23: Energy = 1.4878890421430335 dE = -6.35730E-02
SCF Iteration  24: Energy = 1.5510541983343644 dE =  6.31652E-02
SCF Iteration  25: Energy = 1.4875614739525065 dE = -6.34927E-02
SCF Iteration  26: Energy = 1.5507575368893209 dE =  6.31961E-02
SCF Iteration  27: Energy = 1.4873180370284222 dE = -6.34395E-02
SCF Iteration  28: Energy = 1.5505450367339388 dE =  6.32270E-02
SCF Iteration  29: Energy = 1.4871410687746993 dE = -6.34040E-02
SCF Iteration  30: Energy = 1.5503944985855864 dE =  6.32534E-02
SCF Iteration  31: Energy = 1.4870143748522326 dE = -6.33801E-02
SCF Iteration  32: Energy = 1.5502887181245146 dE =  6.32743E-02
SCF Iteration  33: Energy = 1.4869246621130476 dE = -6.33641E-02
SCF Iteration  34: Energy = 1.5502148365748716 dE =  6.32902E-02
SCF Iteration  35: Energy = 1.4868616440523508 dE = -6.33532E-02
SCF Iteration  36: Energy = 1.5501634693977617 dE =  6.33018E-02
SCF Iteration  37: Energy = 1.4868176412520122 dE = -6.33458E-02
SCF Iteration  38: Energy = 1.5501278792918542 dE =  6.33102E-02
SCF Iteration  39: Energy = 1.4867870540096313 dE = -6.33408E-02
SCF Iteration  40: Energy = 1.5501032858163306 dE =  6.33162E-02
SCF Iteration  41: Energy = 1.4867658648345017 dE = -6.33374E-02
SCF Iteration  42: Energy = 1.5500863259145721 dE =  6.33205E-02
SCF Iteration  43: Energy = 1.4867512245268739 dE = -6.33351E-02
SCF Iteration  44: Energy = 1.5500746486449133 dE =  6.33234E-02
SCF Iteration  45: Energy = 1.4867411294161168 dE = -6.33335E-02
SCF Iteration  46: Energy = 1.5500666184133973 dE =  6.33255E-02
SCF Iteration  47: Energy = 1.4867341792400572 dE = -6.33324E-02
SCF Iteration  48: Energy = 1.5500611014241388 dE =  6.33269E-02
SCF Iteration  49: Energy = 1.4867294000254394 dE = -6.33317E-02
SCF Iteration  50: Energy = 1.5500573139034695 dE =  6.33279E-02
SCF Iteration  51: Energy = 1.4867261167280721 dE = -6.33312E-02
SCF Iteration  52: Energy = 1.5500547151952027 dE =  6.33286E-02
SCF Iteration  53: Energy = 1.4867238627633412 dE = -6.33309E-02
SCF Iteration  54: Energy = 1.5500529329613635 dE =  6.33291E-02
SCF Iteration  55: Energy = 1.4867223163089736 dE = -6.33306E-02
SCF Iteration  56: Energy = 1.5500517111074992 dE =  6.33294E-02
SCF Iteration  57: Energy = 1.4867212557509244 dE = -6.33305E-02
SCF Iteration  58: Energy = 1.5500508736657661 dE =  6.33296E-02
SCF Iteration  59: Energy = 1.4867205286723988 dE = -6.33303E-02
SCF Iteration  60: Energy = 1.5500502998180121 dE =  6.33298E-02
SCF Iteration  61: Energy = 1.4867200303497619 dE = -6.33303E-02
SCF Iteration  62: Energy = 1.5500499066611799 dE =  6.33299E-02
SCF Iteration  63: Energy = 1.4867196888833745 dE = -6.33302E-02
SCF Iteration  64: Energy = 1.5500496373354178 dE =  6.33299E-02
SCF Iteration  65: Energy = 1.4867194549385792 dE = -6.33302E-02
SCF Iteration  66: Energy = 1.5500494528571256 dE =  6.33300E-02
SCF Iteration  67: Energy = 1.4867192946795373 dE = -6.33302E-02
SCF Iteration  68: Energy = 1.5500493265064217 dE =  6.33300E-02
SCF Iteration  69: Energy = 1.4867191849085342 dE = -6.33301E-02
SCF Iteration  70: Energy = 1.5500492399732351 dE =  6.33301E-02
SCF Iteration  71: Energy = 1.4867191097257826 dE = -6.33301E-02
SCF Iteration  72: Energy = 1.5500491807126062 dE =  6.33301E-02
SCF Iteration  73: Energy = 1.4867190582359080 dE = -6.33301E-02
SCF Iteration  74: Energy = 1.5500491401306447 dE =  6.33301E-02
SCF Iteration  75: Energy = 1.4867190229741198 dE = -6.33301E-02
SCF Iteration  76: Energy = 1.5500491123407685 dE =  6.33301E-02
SCF Iteration  77: Energy = 1.4867189988267306 dE = -6.33301E-02
SCF Iteration  78: Energy = 1.5500490933111550 dE =  6.33301E-02
SCF Iteration  79: Energy = 1.4867189822910061 dE = -6.33301E-02
SCF Iteration  80: Energy = 1.5500490802805325 dE =  6.33301E-02
SCF Iteration  81: Energy = 1.4867189709678934 dE = -6.33301E-02
SCF Iteration  82: Energy = 1.5500490713578772 dE =  6.33301E-02
SCF Iteration  83: Energy = 1.4867189632143445 dE = -6.33301E-02
SCF Iteration  84: Energy = 1.5500490652482051 dE =  6.33301E-02
SCF Iteration  85: Energy = 1.4867189579051421 dE = -6.33301E-02
SCF Iteration  86: Energy = 1.5500490610647246 dE =  6.33301E-02
SCF Iteration  87: Energy = 1.4867189542697328 dE = -6.33301E-02
SCF Iteration  88: Energy = 1.5500490582001771 dE =  6.33301E-02
SCF Iteration  89: Energy = 1.4867189517804555 dE = -6.33301E-02
SCF Iteration  90: Energy = 1.5500490562387603 dE =  6.33301E-02
SCF Iteration  91: Energy = 1.4867189500759856 dE = -6.33301E-02
SCF Iteration  92: Energy = 1.5500490548957395 dE =  6.33301E-02
SCF Iteration  93: Energy = 1.4867189489088912 dE = -6.33301E-02
SCF Iteration  94: Energy = 1.5500490539761520 dE =  6.33301E-02
SCF Iteration  95: Energy = 1.4867189481097658 dE = -6.33301E-02
SCF Iteration  96: Energy = 1.5500490533464988 dE =  6.33301E-02
SCF Iteration  97: Energy = 1.4867189475625904 dE = -6.33301E-02
SCF Iteration  98: Energy = 1.5500490529153619 dE =  6.33301E-02
SCF Iteration  99: Energy = 1.4867189471879270 dE = -6.33301E-02
SCF Iteration 100: Energy = 1.5500490526201567 dE =  6.33301E-02
SCF Iteration 101: Energy = 1.4867189469313908 dE = -6.33301E-02
SCF Iteration 102: Energy = 1.5500490524180299 dE =  6.33301E-02
SCF Iteration 103: Energy = 1.4867189467557398 dE = -6.33301E-02
SCF Iteration 104: Energy = 1.5500490522796260 dE =  6.33301E-02
SCF Iteration 105: Energy = 1.4867189466354671 dE = -6.33301E-02
SCF Iteration 106: Energy = 1.5500490521848627 dE =  6.33301E-02
SCF Iteration 107: Energy = 1.4867189465531157 dE = -6.33301E-02
SCF Iteration 108: Energy = 1.5500490521199768 dE =  6.33301E-02
SCF Iteration 109: Energy = 1.4867189464967283 dE = -6.33301E-02
SCF Iteration 110: Energy = 1.5500490520755479 dE =  6.33301E-02
SCF Iteration 111: Energy = 1.4867189464581214 dE = -6.33301E-02
SCF Iteration 112: Energy = 1.5500490520451280 dE =  6.33301E-02
SCF Iteration 113: Energy = 1.4867189464316835 dE = -6.33301E-02
SCF Iteration 114: Energy = 1.5500490520242971 dE =  6.33301E-02
SCF Iteration 115: Energy = 1.4867189464135819 dE = -6.33301E-02
SCF Iteration 116: Energy = 1.5500490520100361 dE =  6.33301E-02
SCF Iteration 117: Energy = 1.4867189464011878 dE = -6.33301E-02
SCF Iteration 118: Energy = 1.5500490520002699 dE =  6.33301E-02
SCF Iteration 119: Energy = 1.4867189463927046 dE = -6.33301E-02
SCF Iteration 120: Energy = 1.5500490519935850 dE =  6.33301E-02
SCF Iteration 121: Energy = 1.4867189463868926 dE = -6.33301E-02
SCF Iteration 122: Energy = 1.5500490519890038 dE =  6.33301E-02
SCF Iteration 123: Energy = 1.4867189463829114 dE = -6.33301E-02
SCF Iteration 124: Energy = 1.5500490519858747 dE =  6.33301E-02
SCF Iteration 125: Energy = 1.4867189463801920 dE = -6.33301E-02
SCF Iteration 126: Energy = 1.5500490519837242 dE =  6.33301E-02
SCF Iteration 127: Energy = 1.4867189463783266 dE = -6.33301E-02
SCF Iteration 128: Energy = 1.5500490519822572 dE =  6.33301E-02
SCF Iteration 129: Energy = 1.4867189463770494 dE = -6.33301E-02
SCF Iteration 130: Energy = 1.5500490519812549 dE =  6.33301E-02
SCF Iteration 131: Energy = 1.4867189463761745 dE = -6.33301E-02
SCF Iteration 132: Energy = 1.5500490519805625 dE =  6.33301E-02
SCF Iteration 133: Energy = 1.4867189463755741 dE = -6.33301E-02
SCF Iteration 134: Energy = 1.5500490519800885 dE =  6.33301E-02
SCF Iteration 135: Energy = 1.4867189463751636 dE = -6.33301E-02
SCF Iteration 136: Energy = 1.5500490519797672 dE =  6.33301E-02
SCF Iteration 137: Energy = 1.4867189463748822 dE = -6.33301E-02
SCF Iteration 138: Energy = 1.5500490519795467 dE =  6.33301E-02
SCF Iteration 139: Energy = 1.4867189463746948 dE = -6.33301E-02
SCF Iteration 140: Energy = 1.5500490519793944 dE =  6.33301E-02
SCF Iteration 141: Energy = 1.4867189463745611 dE = -6.33301E-02
SCF Iteration 142: Energy = 1.5500490519792918 dE =  6.33301E-02
SCF Iteration 143: Energy = 1.4867189463744681 dE = -6.33301E-02
SCF Iteration 144: Energy = 1.5500490519792189 dE =  6.33301E-02
SCF Iteration 145: Energy = 1.4867189463744066 dE = -6.33301E-02
SCF Iteration 146: Energy = 1.5500490519791712 dE =  6.33301E-02
SCF Iteration 147: Energy = 1.4867189463743673 dE = -6.33301E-02
SCF Iteration 148: Energy = 1.5500490519791363 dE =  6.33301E-02
SCF Iteration 149: Energy = 1.4867189463743400 dE = -6.33301E-02
SCF Iteration 150: Energy = 1.5500490519791166 dE =  6.33301E-02
SCF Iteration 151: Energy = 1.4867189463743162 dE = -6.33301E-02
SCF Iteration 152: Energy = 1.5500490519790988 dE =  6.33301E-02
SCF Iteration 153: Energy = 1.4867189463743042 dE = -6.33301E-02
SCF Iteration 154: Energy = 1.5500490519790882 dE =  6.33301E-02
SCF Iteration 155: Energy = 1.4867189463742960 dE = -6.33301E-02
SCF Iteration 156: Energy = 1.5500490519790810 dE =  6.33301E-02
SCF Iteration 157: Energy = 1.4867189463742863 dE = -6.33301E-02
SCF Iteration 158: Energy = 1.5500490519790746 dE =  6.33301E-02
SCF Iteration 159: Energy = 1.4867189463742849 dE = -6.33301E-02
SCF Iteration 160: Energy = 1.5500490519790713 dE =  6.33301E-02
SCF Iteration 161: Energy = 1.4867189463742796 dE = -6.33301E-02
SCF Iteration 162: Energy = 1.5500490519790704 dE =  6.33301E-02
SCF Iteration 163: Energy = 1.4867189463742769 dE = -6.33301E-02
SCF Iteration 164: Energy = 1.5500490519790686 dE =  6.33301E-02
SCF Iteration 165: Energy = 1.4867189463742734 dE = -6.33301E-02
SCF Iteration 166: Energy = 1.5500490519790677 dE =  6.33301E-02
SCF Iteration 167: Energy = 1.4867189463742758 dE = -6.33301E-02
SCF Iteration 168: Energy = 1.5500490519790653 dE =  6.33301E-02
SCF Iteration 169: Energy = 1.4867189463742756 dE = -6.33301E-02
SCF Iteration 170: Energy = 1.5500490519790664 dE =  6.33301E-02
SCF Iteration 171: Energy = 1.4867189463742754 dE = -6.33301E-02
SCF Iteration 172: Energy = 1.5500490519790644 dE =  6.33301E-02
SCF Iteration 173: Energy = 1.4867189463742740 dE = -6.33301E-02
SCF Iteration 174: Energy = 1.5500490519790635 dE =  6.33301E-02
SCF Iteration 175: Energy = 1.4867189463742765 dE = -6.33301E-02
SCF Iteration 176: Energy = 1.5500490519790651 dE =  6.33301E-02
SCF Iteration 177: Energy = 1.4867189463742747 dE = -6.33301E-02
SCF Iteration 178: Energy = 1.5500490519790691 dE =  6.33301E-02
SCF Iteration 179: Energy = 1.4867189463742760 dE = -6.33301E-02
SCF Iteration 180: Energy = 1.5500490519790651 dE =  6.33301E-02
SCF Iteration 181: Energy = 1.4867189463742747 dE = -6.33301E-02
SCF Iteration 182: Energy = 1.5500490519790653 dE =  6.33301E-02
SCF Iteration 183: Energy = 1.4867189463742729 dE = -6.33301E-02
SCF Iteration 184: Energy = 1.5500490519790615 dE =  6.33301E-02
SCF Iteration 185: Energy = 1.4867189463742752 dE = -6.33301E-02
SCF Iteration 186: Energy = 1.5500490519790655 dE =  6.33301E-02
SCF Iteration 187: Energy = 1.4867189463742725 dE = -6.33301E-02
SCF Iteration 188: Energy = 1.5500490519790682 dE =  6.33301E-02
SCF Iteration 189: Energy = 1.4867189463742783 dE = -6.33301E-02
SCF Iteration 190: Energy = 1.5500490519790699 dE =  6.33301E-02
SCF Iteration 191: Energy = 1.4867189463742760 dE = -6.33301E-02
SCF Iteration 192: Energy = 1.5500490519790682 dE =  6.33301E-02
SCF Iteration 193: Energy = 1.4867189463742794 dE = -6.33301E-02
SCF Iteration 194: Energy = 1.5500490519790646 dE =  6.33301E-02
SCF Iteration 195: Energy = 1.4867189463742756 dE = -6.33301E-02
SCF Iteration 196: Energy = 1.5500490519790642 dE =  6.33301E-02
SCF Iteration 197: Energy = 1.4867189463742765 dE = -6.33301E-02
SCF Iteration 198: Energy = 1.5500490519790677 dE =  6.33301E-02
SCF Iteration 199: Energy = 1.4867189463742820 dE = -6.33301E-02
SCF Iteration 200: Energy = 1.5500490519790704 dE =  6.33301E-02
SCF Iteration 201: Energy = 1.4867189463742783 dE = -6.33301E-02
SCF Iteration 202: Energy = 1.5500490519790673 dE =  6.33301E-02
SCF Iteration 203: Energy = 1.4867189463742743 dE = -6.33301E-02
SCF Iteration 204: Energy = 1.5500490519790660 dE =  6.33301E-02
SCF Iteration 205: Energy = 1.4867189463742747 dE = -6.33301E-02
SCF Iteration 206: Energy = 1.5500490519790628 dE =  6.33301E-02
SCF Iteration 207: Energy = 1.4867189463742738 dE = -6.33301E-02
SCF Iteration 208: Energy = 1.5500490519790675 dE =  6.33301E-02
SCF Iteration 209: Energy = 1.4867189463742727 dE = -6.33301E-02
SCF Iteration 210: Energy = 1.5500490519790646 dE =  6.33301E-02
SCF Iteration 211: Energy = 1.4867189463742756 dE = -6.33301E-02
SCF Iteration 212: Energy = 1.5500490519790624 dE =  6.33301E-02
SCF Iteration 213: Energy = 1.4867189463742774 dE = -6.33301E-02
SCF Iteration 214: Energy = 1.5500490519790668 dE =  6.33301E-02
SCF Iteration 215: Energy = 1.4867189463742783 dE = -6.33301E-02
SCF Iteration 216: Energy = 1.5500490519790684 dE =  6.33301E-02
SCF Iteration 217: Energy = 1.4867189463742756 dE = -6.33301E-02
SCF Iteration 218: Energy = 1.5500490519790671 dE =  6.33301E-02
SCF Iteration 219: Energy = 1.4867189463742754 dE = -6.33301E-02
SCF Iteration 220: Energy = 1.5500490519790624 dE =  6.33301E-02
SCF Iteration 221: Energy = 1.4867189463742745 dE = -6.33301E-02
SCF Iteration 222: Energy = 1.5500490519790662 dE =  6.33301E-02
SCF Iteration 223: Energy = 1.4867189463742758 dE = -6.33301E-02
SCF Iteration 224: Energy = 1.5500490519790660 dE =  6.33301E-02
SCF Iteration 225: Energy = 1.4867189463742747 dE = -6.33301E-02
SCF Iteration 226: Energy = 1.5500490519790679 dE =  6.33301E-02
SCF Iteration 227: Energy = 1.4867189463742725 dE = -6.33301E-02
SCF Iteration 228: Energy = 1.5500490519790668 dE =  6.33301E-02
SCF Iteration 229: Energy = 1.4867189463742743 dE = -6.33301E-02
SCF Iteration 230: Energy = 1.5500490519790673 dE =  6.33301E-02
SCF Iteration 231: Energy = 1.4867189463742778 dE = -6.33301E-02
SCF Iteration 232: Energy = 1.5500490519790673 dE =  6.33301E-02
SCF Iteration 233: Energy = 1.4867189463742743 dE = -6.33301E-02
SCF Iteration 234: Energy = 1.5500490519790655 dE =  6.33301E-02
SCF Iteration 235: Energy = 1.4867189463742745 dE = -6.33301E-02
SCF Iteration 236: Energy = 1.5500490519790660 dE =  6.33301E-02
SCF Iteration 237: Energy = 1.4867189463742738 dE = -6.33301E-02
SCF Iteration 238: Energy = 1.5500490519790635 dE =  6.33301E-02
SCF Iteration 239: Energy = 1.4867189463742723 dE = -6.33301E-02
SCF Iteration 240: Energy = 1.5500490519790633 dE =  6.33301E-02
SCF Iteration 241: Energy = 1.4867189463742720 dE = -6.33301E-02
SCF Iteration 242: Energy = 1.5500490519790637 dE =  6.33301E-02
SCF Iteration 243: Energy = 1.4867189463742734 dE = -6.33301E-02
SCF Iteration 244: Energy = 1.5500490519790646 dE =  6.33301E-02
SCF Iteration 245: Energy = 1.4867189463742716 dE = -6.33301E-02
SCF Iteration 246: Energy = 1.5500490519790637 dE =  6.33301E-02
SCF Iteration 247: Energy = 1.4867189463742727 dE = -6.33301E-02
SCF Iteration 248: Energy = 1.5500490519790608 dE =  6.33301E-02
SCF Iteration 249: Energy = 1.4867189463742727 dE = -6.33301E-02
SCF Iteration 250: Energy = 1.5500490519790613 dE =  6.33301E-02
SCF Iteration 251: Energy = 1.4867189463742707 dE = -6.33301E-02
SCF Iteration 252: Energy = 1.5500490519790615 dE =  6.33301E-02
SCF Iteration 253: Energy = 1.4867189463742756 dE = -6.33301E-02
SCF Iteration 254: Energy = 1.5500490519790648 dE =  6.33301E-02
SCF Iteration 255: Energy = 1.4867189463742747 dE = -6.33301E-02
SCF Iteration 256: Energy = 1.5500490519790620 dE =  6.33301E-02
SCF Iteration 257: Energy = 1.4867189463742703 dE = -6.33301E-02
SCF Iteration 258: Energy = 1.5500490519790635 dE =  6.33301E-02
SCF Iteration 259: Energy = 1.4867189463742727 dE = -6.33301E-02
SCF Iteration 260: Energy = 1.5500490519790637 dE =  6.33301E-02
SCF Iteration 261: Energy = 1.4867189463742736 dE = -6.33301E-02
SCF Iteration 262: Energy = 1.5500490519790664 dE =  6.33301E-02
SCF Iteration 263: Energy = 1.4867189463742725 dE = -6.33301E-02
SCF Iteration 264: Energy = 1.5500490519790664 dE =  6.33301E-02
SCF Iteration 265: Energy = 1.4867189463742747 dE = -6.33301E-02
SCF Iteration 266: Energy = 1.5500490519790642 dE =  6.33301E-02
SCF Iteration 267: Energy = 1.4867189463742756 dE = -6.33301E-02
SCF Iteration 268: Energy = 1.5500490519790655 dE =  6.33301E-02
SCF Iteration 269: Energy = 1.4867189463742738 dE = -6.33301E-02
SCF Iteration 270: Energy = 1.5500490519790657 dE =  6.33301E-02
SCF Iteration 271: Energy = 1.4867189463742747 dE = -6.33301E-02
SCF Iteration 272: Energy = 1.5500490519790637 dE =  6.33301E-02
SCF Iteration 273: Energy = 1.4867189463742743 dE = -6.33301E-02
SCF Iteration 274: Energy = 1.5500490519790664 dE =  6.33301E-02
SCF Iteration 275: Energy = 1.4867189463742774 dE = -6.33301E-02
SCF Iteration 276: Energy = 1.5500490519790677 dE =  6.33301E-02
SCF Iteration 277: Energy = 1.4867189463742760 dE = -6.33301E-02
SCF Iteration 278: Energy = 1.5500490519790699 dE =  6.33301E-02
SCF Iteration 279: Energy = 1.4867189463742778 dE = -6.33301E-02
SCF Iteration 280: Energy = 1.5500490519790666 dE =  6.33301E-02
SCF Iteration 281: Energy = 1.4867189463742760 dE = -6.33301E-02
SCF Iteration 282: Energy = 1.5500490519790682 dE =  6.33301E-02
SCF Iteration 283: Energy = 1.4867189463742769 dE = -6.33301E-02
SCF Iteration 284: Energy = 1.5500490519790660 dE =  6.33301E-02
SCF Iteration 285: Energy = 1.4867189463742778 dE = -6.33301E-02
SCF Iteration 286: Energy = 1.5500490519790677 dE =  6.33301E-02
SCF Iteration 287: Energy = 1.4867189463742778 dE = -6.33301E-02
SCF Iteration 288: Energy = 1.5500490519790655 dE =  6.33301E-02
SCF Iteration 289: Energy = 1.4867189463742763 dE = -6.33301E-02
SCF Iteration 290: Energy = 1.5500490519790677 dE =  6.33301E-02
SCF Iteration 291: Energy = 1.4867189463742760 dE = -6.33301E-02
SCF Iteration 292: Energy = 1.5500490519790660 dE =  6.33301E-02
SCF Iteration 293: Energy = 1.4867189463742791 dE = -6.33301E-02
SCF Iteration 294: Energy = 1.5500490519790662 dE =  6.33301E-02
SCF Iteration 295: Energy = 1.4867189463742769 dE = -6.33301E-02
SCF Iteration 296: Energy = 1.5500490519790682 dE =  6.33301E-02
SCF Iteration 297: Energy = 1.4867189463742752 dE = -6.33301E-02
SCF Iteration 298: Energy = 1.5500490519790646 dE =  6.33301E-02
SCF Iteration 299: Energy = 1.4867189463742765 dE = -6.33301E-02
SCF Iteration 300: Energy = 1.5500490519790631 dE =  6.33301E-02
SCF Iteration 301: Energy = 1.4867189463742738 dE = -6.33301E-02
SCF Iteration 302: Energy = 1.5500490519790664 dE =  6.33301E-02
SCF Iteration 303: Energy = 1.4867189463742778 dE = -6.33301E-02
SCF Iteration 304: Energy = 1.5500490519790668 dE =  6.33301E-02
SCF Iteration 305: Energy = 1.4867189463742743 dE = -6.33301E-02
SCF Iteration 306: Energy = 1.5500490519790655 dE =  6.33301E-02
SCF Iteration 307: Energy = 1.4867189463742734 dE = -6.33301E-02
SCF Iteration 308: Energy = 1.5500490519790640 dE =  6.33301E-02
SCF Iteration 309: Energy = 1.4867189463742743 dE = -6.33301E-02
SCF Iteration 310: Energy = 1.5500490519790682 dE =  6.33301E-02
SCF Iteration 311: Energy = 1.4867189463742774 dE = -6.33301E-02
SCF Iteration 312: Energy = 1.5500490519790671 dE =  6.33301E-02
SCF Iteration 313: Energy = 1.4867189463742765 dE = -6.33301E-02
SCF Iteration 314: Energy = 1.5500490519790611 dE =  6.33301E-02
SCF Iteration 315: Energy = 1.4867189463742725 dE = -6.33301E-02
SCF Iteration 316: Energy = 1.5500490519790628 dE =  6.33301E-02
SCF Iteration 317: Energy = 1.4867189463742720 dE = -6.33301E-02
SCF Iteration 318: Energy = 1.5500490519790651 dE =  6.33301E-02
SCF Iteration 319: Energy = 1.4867189463742736 dE = -6.33301E-02
SCF Iteration 320: Energy = 1.5500490519790655 dE =  6.33301E-02
SCF Iteration 321: Energy = 1.4867189463742747 dE = -6.33301E-02
SCF Iteration 322: Energy = 1.5500490519790655 dE =  6.33301E-02
SCF Iteration 323: Energy = 1.4867189463742780 dE = -6.33301E-02
SCF Iteration 324: Energy = 1.5500490519790655 dE =  6.33301E-02
SCF Iteration 325: Energy = 1.4867189463742774 dE = -6.33301E-02
SCF Iteration 326: Energy = 1.5500490519790642 dE =  6.33301E-02
SCF Iteration 327: Energy = 1.4867189463742752 dE = -6.33301E-02
SCF Iteration 328: Energy = 1.5500490519790691 dE =  6.33301E-02
SCF Iteration 329: Energy = 1.4867189463742789 dE = -6.33301E-02
SCF Iteration 330: Energy = 1.5500490519790691 dE =  6.33301E-02
SCF Iteration 331: Energy = 1.4867189463742800 dE = -6.33301E-02
SCF Iteration 332: Energy = 1.5500490519790691 dE =  6.33301E-02
SCF Iteration 333: Energy = 1.4867189463742783 dE = -6.33301E-02
SCF Iteration 334: Energy = 1.5500490519790677 dE =  6.33301E-02
SCF Iteration 335: Energy = 1.4867189463742760 dE = -6.33301E-02
SCF Iteration 336: Energy = 1.5500490519790686 dE =  6.33301E-02
SCF Iteration 337: Energy = 1.4867189463742765 dE = -6.33301E-02
SCF Iteration 338: Energy = 1.5500490519790677 dE =  6.33301E-02
SCF Iteration 339: Energy = 1.4867189463742798 dE = -6.33301E-02
SCF Iteration 340: Energy = 1.5500490519790702 dE =  6.33301E-02
SCF Iteration 341: Energy = 1.4867189463742794 dE = -6.33301E-02
SCF Iteration 342: Energy = 1.5500490519790668 dE =  6.33301E-02
SCF Iteration 343: Energy = 1.4867189463742763 dE = -6.33301E-02
SCF Iteration 344: Energy = 1.5500490519790660 dE =  6.33301E-02
SCF Iteration 345: Energy = 1.4867189463742760 dE = -6.33301E-02
SCF Iteration 346: Energy = 1.5500490519790673 dE =  6.33301E-02
SCF Iteration 347: Energy = 1.4867189463742745 dE = -6.33301E-02
SCF Iteration 348: Energy = 1.5500490519790646 dE =  6.33301E-02
SCF Iteration 349: Energy = 1.4867189463742774 dE = -6.33301E-02
SCF Iteration 350: Energy = 1.5500490519790677 dE =  6.33301E-02
SCF Iteration 351: Energy = 1.4867189463742747 dE = -6.33301E-02
SCF Iteration 352: Energy = 1.5500490519790673 dE =  6.33301E-02
SCF Iteration 353: Energy = 1.4867189463742774 dE = -6.33301E-02
SCF Iteration 354: Energy = 1.5500490519790664 dE =  6.33301E-02
SCF Iteration 355: Energy = 1.4867189463742758 dE = -6.33301E-02
SCF Iteration 356: Energy = 1.5500490519790686 dE =  6.33301E-02
SCF Iteration 357: Energy = 1.4867189463742765 dE = -6.33301E-02
SCF Iteration 358: Energy = 1.5500490519790682 dE =  6.33301E-02
SCF Iteration 359: Energy = 1.4867189463742769 dE = -6.33301E-02
SCF Iteration 360: Energy = 1.5500490519790675 dE =  6.33301E-02
SCF Iteration 361: Energy = 1.4867189463742747 dE = -6.33301E-02
SCF Iteration 362: Energy = 1.5500490519790691 dE =  6.33301E-02
SCF Iteration 363: Energy = 1.4867189463742754 dE = -6.33301E-02
SCF Iteration 364: Energy = 1.5500490519790628 dE =  6.33301E-02
SCF Iteration 365: Energy = 1.4867189463742763 dE = -6.33301E-02
SCF Iteration 366: Energy = 1.5500490519790655 dE =  6.33301E-02
SCF Iteration 367: Energy = 1.4867189463742720 dE = -6.33301E-02
SCF Iteration 368: Energy = 1.5500490519790642 dE =  6.33301E-02
SCF Iteration 369: Energy = 1.4867189463742727 dE = -6.33301E-02
SCF Iteration 370: Energy = 1.5500490519790646 dE =  6.33301E-02
SCF Iteration 371: Energy = 1.4867189463742756 dE = -6.33301E-02
SCF Iteration 372: Energy = 1.5500490519790655 dE =  6.33301E-02
SCF Iteration 373: Energy = 1.4867189463742723 dE = -6.33301E-02
SCF Iteration 374: Energy = 1.5500490519790664 dE =  6.33301E-02
SCF Iteration 375: Energy = 1.4867189463742743 dE = -6.33301E-02
SCF Iteration 376: Energy = 1.5500490519790642 dE =  6.33301E-02
SCF Iteration 377: Energy = 1.4867189463742707 dE = -6.33301E-02
SCF Iteration 378: Energy = 1.5500490519790624 dE =  6.33301E-02
SCF Iteration 379: Energy = 1.4867189463742756 dE = -6.33301E-02
SCF Iteration 380: Energy = 1.5500490519790631 dE =  6.33301E-02
SCF Iteration 381: Energy = 1.4867189463742743 dE = -6.33301E-02
SCF Iteration 382: Energy = 1.5500490519790655 dE =  6.33301E-02
SCF Iteration 383: Energy = 1.4867189463742743 dE = -6.33301E-02
SCF Iteration 384: Energy = 1.5500490519790673 dE =  6.33301E-02
SCF Iteration 385: Energy = 1.4867189463742740 dE = -6.33301E-02
SCF Iteration 386: Energy = 1.5500490519790655 dE =  6.33301E-02
SCF Iteration 387: Energy = 1.4867189463742772 dE = -6.33301E-02
SCF Iteration 388: Energy = 1.5500490519790679 dE =  6.33301E-02
SCF Iteration 389: Energy = 1.4867189463742772 dE = -6.33301E-02
SCF Iteration 390: Energy = 1.5500490519790655 dE =  6.33301E-02
SCF Iteration 391: Energy = 1.4867189463742734 dE = -6.33301E-02
SCF Iteration 392: Energy = 1.5500490519790668 dE =  6.33301E-02
SCF Iteration 393: Energy = 1.4867189463742756 dE = -6.33301E-02
SCF Iteration 394: Energy = 1.5500490519790631 dE =  6.33301E-02
SCF Iteration 395: Energy = 1.4867189463742712 dE = -6.33301E-02
SCF Iteration 396: Energy = 1.5500490519790637 dE =  6.33301E-02
SCF Iteration 397: Energy = 1.4867189463742705 dE = -6.33301E-02
SCF Iteration 398: Energy = 1.5500490519790611 dE =  6.33301E-02
SCF Iteration 399: Energy = 1.4867189463742712 dE = -6.33301E-02
SCF Iteration 400: Energy = 1.5500490519790633 dE =  6.33301E-02
SCF Iteration 401: Energy = 1.4867189463742754 dE = -6.33301E-02
SCF Iteration 402: Energy = 1.5500490519790660 dE =  6.33301E-02
SCF Iteration 403: Energy = 1.4867189463742776 dE = -6.33301E-02
SCF Iteration 404: Energy = 1.5500490519790677 dE =  6.33301E-02
SCF Iteration 405: Energy = 1.4867189463742760 dE = -6.33301E-02
SCF Iteration 406: Energy = 1.5500490519790660 dE =  6.33301E-02
SCF Iteration 407: Energy = 1.4867189463742809 dE = -6.33301E-02
SCF Iteration 408: Energy = 1.5500490519790695 dE =  6.33301E-02
SCF Iteration 409: Energy = 1.4867189463742765 dE = -6.33301E-02
SCF Iteration 410: Energy = 1.5500490519790684 dE =  6.33301E-02
SCF Iteration 411: Energy = 1.4867189463742756 dE = -6.33301E-02
SCF Iteration 412: Energy = 1.5500490519790624 dE =  6.33301E-02
SCF Iteration 413: Energy = 1.4867189463742745 dE = -6.33301E-02
SCF Iteration 414: Energy = 1.5500490519790637 dE =  6.33301E-02
SCF Iteration 415: Energy = 1.4867189463742776 dE = -6.33301E-02
SCF Iteration 416: Energy = 1.5500490519790662 dE =  6.33301E-02
SCF Iteration 417: Energy = 1.4867189463742794 dE = -6.33301E-02
SCF Iteration 418: Energy = 1.5500490519790668 dE =  6.33301E-02
SCF Iteration 419: Energy = 1.4867189463742758 dE = -6.33301E-02
SCF Iteration 420: Energy = 1.5500490519790642 dE =  6.33301E-02
SCF Iteration 421: Energy = 1.4867189463742738 dE = -6.33301E-02
SCF Iteration 422: Energy = 1.5500490519790651 dE =  6.33301E-02
SCF Iteration 423: Energy = 1.4867189463742712 dE = -6.33301E-02
SCF Iteration 424: Energy = 1.5500490519790655 dE =  6.33301E-02
SCF Iteration 425: Energy = 1.4867189463742743 dE = -6.33301E-02
SCF Iteration 426: Energy = 1.5500490519790655 dE =  6.33301E-02
SCF Iteration 427: Energy = 1.4867189463742718 dE = -6.33301E-02
SCF Iteration 428: Energy = 1.5500490519790635 dE =  6.33301E-02
SCF Iteration 429: Energy = 1.4867189463742752 dE = -6.33301E-02
SCF Iteration 430: Energy = 1.5500490519790686 dE =  6.33301E-02
SCF Iteration 431: Energy = 1.4867189463742769 dE = -6.33301E-02
SCF Iteration 432: Energy = 1.5500490519790660 dE =  6.33301E-02
SCF Iteration 433: Energy = 1.4867189463742778 dE = -6.33301E-02
SCF Iteration 434: Energy = 1.5500490519790695 dE =  6.33301E-02
SCF Iteration 435: Energy = 1.4867189463742783 dE = -6.33301E-02
SCF Iteration 436: Energy = 1.5500490519790664 dE =  6.33301E-02
SCF Iteration 437: Energy = 1.4867189463742769 dE = -6.33301E-02
SCF Iteration 438: Energy = 1.5500490519790655 dE =  6.33301E-02
SCF Iteration 439: Energy = 1.4867189463742756 dE = -6.33301E-02
SCF Iteration 440: Energy = 1.5500490519790637 dE =  6.33301E-02
SCF Iteration 441: Energy = 1.4867189463742749 dE = -6.33301E-02
SCF Iteration 442: Energy = 1.5500490519790633 dE =  6.33301E-02
SCF Iteration 443: Energy = 1.4867189463742743 dE = -6.33301E-02
SCF Iteration 444: Energy = 1.5500490519790642 dE =  6.33301E-02
SCF Iteration 445: Energy = 1.4867189463742732 dE = -6.33301E-02
SCF Iteration 446: Energy = 1.5500490519790664 dE =  6.33301E-02
SCF Iteration 447: Energy = 1.4867189463742734 dE = -6.33301E-02
SCF Iteration 448: Energy = 1.5500490519790655 dE =  6.33301E-02
SCF Iteration 449: Energy = 1.4867189463742765 dE = -6.33301E-02
SCF Iteration 450: Energy = 1.5500490519790668 dE =  6.33301E-02
SCF Iteration 451: Energy = 1.4867189463742745 dE = -6.33301E-02
SCF Iteration 452: Energy = 1.5500490519790653 dE =  6.33301E-02
SCF Iteration 453: Energy = 1.4867189463742729 dE = -6.33301E-02
SCF Iteration 454: Energy = 1.5500490519790648 dE =  6.33301E-02
SCF Iteration 455: Energy = 1.4867189463742689 dE = -6.33301E-02
SCF Iteration 456: Energy = 1.5500490519790646 dE =  6.33301E-02
SCF Iteration 457: Energy = 1.4867189463742747 dE = -6.33301E-02
SCF Iteration 458: Energy = 1.5500490519790671 dE =  6.33301E-02
SCF Iteration 459: Energy = 1.4867189463742765 dE = -6.33301E-02
SCF Iteration 460: Energy = 1.5500490519790668 dE =  6.33301E-02
SCF Iteration 461: Energy = 1.4867189463742767 dE = -6.33301E-02
SCF Iteration 462: Energy = 1.5500490519790664 dE =  6.33301E-02
SCF Iteration 463: Energy = 1.4867189463742791 dE = -6.33301E-02
SCF Iteration 464: Energy = 1.5500490519790679 dE =  6.33301E-02
SCF Iteration 465: Energy = 1.4867189463742800 dE = -6.33301E-02
SCF Iteration 466: Energy = 1.5500490519790673 dE =  6.33301E-02
SCF Iteration 467: Energy = 1.4867189463742787 dE = -6.33301E-02
SCF Iteration 468: Energy = 1.5500490519790646 dE =  6.33301E-02
SCF Iteration 469: Energy = 1.4867189463742734 dE = -6.33301E-02
SCF Iteration 470: Energy = 1.5500490519790662 dE =  6.33301E-02
SCF Iteration 471: Energy = 1.4867189463742778 dE = -6.33301E-02
SCF Iteration 472: Energy = 1.5500490519790686 dE =  6.33301E-02
SCF Iteration 473: Energy = 1.4867189463742774 dE = -6.33301E-02
SCF Iteration 474: Energy = 1.5500490519790648 dE =  6.33301E-02
SCF Iteration 475: Energy = 1.4867189463742754 dE = -6.33301E-02
SCF Iteration 476: Energy = 1.5500490519790642 dE =  6.33301E-02
SCF Iteration 477: Energy = 1.4867189463742772 dE = -6.33301E-02
SCF Iteration 478: Energy = 1.5500490519790679 dE =  6.33301E-02
SCF Iteration 479: Energy = 1.4867189463742783 dE = -6.33301E-02
SCF Iteration 480: Energy = 1.5500490519790660 dE =  6.33301E-02
SCF Iteration 481: Energy = 1.4867189463742776 dE = -6.33301E-02
SCF Iteration 482: Energy = 1.5500490519790691 dE =  6.33301E-02
SCF Iteration 483: Energy = 1.4867189463742769 dE = -6.33301E-02
SCF Iteration 484: Energy = 1.5500490519790664 dE =  6.33301E-02
SCF Iteration 485: Energy = 1.4867189463742760 dE = -6.33301E-02
SCF Iteration 486: Energy = 1.5500490519790686 dE =  6.33301E-02
SCF Iteration 487: Energy = 1.4867189463742756 dE = -6.33301E-02
SCF Iteration 488: Energy = 1.5500490519790677 dE =  6.33301E-02
SCF Iteration 489: Energy = 1.4867189463742783 dE = -6.33301E-02
SCF Iteration 490: Energy = 1.5500490519790693 dE =  6.33301E-02
SCF Iteration 491: Energy = 1.4867189463742767 dE = -6.33301E-02
SCF Iteration 492: Energy = 1.5500490519790668 dE =  6.33301E-02
SCF Iteration 493: Energy = 1.4867189463742745 dE = -6.33301E-02
SCF Iteration 494: Energy = 1.5500490519790648 dE =  6.33301E-02
SCF Iteration 495: Energy = 1.4867189463742749 dE = -6.33301E-02
SCF Iteration 496: Energy = 1.5500490519790660 dE =  6.33301E-02
SCF Iteration 497: Energy = 1.4867189463742729 dE = -6.33301E-02
SCF Iteration 498: Energy = 1.5500490519790628 dE =  6.33301E-02
SCF Iteration 499: Energy = 1.4867189463742752 dE = -6.33301E-02
SCF Iteration 500: Energy = 1.5500490519790644 dE =  6.33301E-02
