
  Memory set to  55.879 GiB by Python driver.
  Threads set to 1 by Python driver.
Settings:
	LOT = CCSD-S1-U21
	wc = 20.0 eV
	lambda = [0.848697 0.       0.      ] a.u.
	Equivalent A0 = LAMBDA / sqrt(2 wc) = [0.7 0.  0. ])
doing QED-CCSD-1 (or QED-CCSD-21)
Number of occupied orbitals:   1
Number of basis functions:  60
SCF Iteration   1: Energy = 2.9431657591835747 dE =  2.94317E+00
SCF Iteration   2: Energy = 3.4266254362447333 dE =  4.83460E-01
SCF Iteration   3: Energy = 3.1675638927305054 dE = -2.59062E-01
SCF Iteration   4: Energy = 3.4093475654882606 dE =  2.41784E-01
SCF Iteration   5: Energy = 3.2492997363374303 dE = -1.60048E-01
SCF Iteration   6: Energy = 3.4099009209030320 dE =  1.60601E-01
SCF Iteration   7: Energy = 3.2781712311514672 dE = -1.31730E-01
SCF Iteration   8: Energy = 3.4095307909040438 dE =  1.31360E-01
SCF Iteration   9: Energy = 3.2884215265242807 dE = -1.21109E-01
SCF Iteration  10: Energy = 3.4076465104090303 dE =  1.19225E-01
SCF Iteration  11: Energy = 3.2910269773649907 dE = -1.16620E-01
SCF Iteration  12: Energy = 3.4047890128129188 dE =  1.13762E-01
SCF Iteration  13: Energy = 3.2902348386216609 dE = -1.14554E-01
SCF Iteration  14: Energy = 3.4015226502134563 dE =  1.11288E-01
SCF Iteration  15: Energy = 3.2879936120733619 dE = -1.13529E-01
SCF Iteration  16: Energy = 3.3982616655828579 dE =  1.10268E-01
SCF Iteration  17: Energy = 3.2852775344859477 dE = -1.12984E-01
SCF Iteration  18: Energy = 3.3952527418055287 dE =  1.09975E-01
SCF Iteration  19: Energy = 3.2825755948003161 dE = -1.12677E-01
SCF Iteration  20: Energy = 3.3926120416419212 dE =  1.10036E-01
SCF Iteration  21: Energy = 3.2801161795064928 dE = -1.12496E-01
SCF Iteration  22: Energy = 3.3903708297885649 dE =  1.10255E-01
SCF Iteration  23: Energy = 3.2779861348600674 dE = -1.12385E-01
SCF Iteration  24: Energy = 3.3885121945461556 dE =  1.10526E-01
SCF Iteration  25: Energy = 3.2761978053070644 dE = -1.12314E-01
SCF Iteration  26: Energy = 3.3869958794247124 dE =  1.10798E-01
SCF Iteration  27: Energy = 3.2747271404915965 dE = -1.12269E-01
SCF Iteration  28: Energy = 3.3857733580355447 dE =  1.11046E-01
SCF Iteration  29: Energy = 3.2735349638417004 dE = -1.12238E-01
SCF Iteration  30: Energy = 3.3847961740533012 dE =  1.11261E-01
SCF Iteration  31: Energy = 3.2725783884506976 dE = -1.12218E-01
SCF Iteration  32: Energy = 3.3840200542464909 dE =  1.11442E-01
SCF Iteration  33: Energy = 3.2718165454008936 dE = -1.12204E-01
SCF Iteration  34: Energy = 3.3834065464236218 dE =  1.11590E-01
SCF Iteration  35: Energy = 3.2712131098232380 dE = -1.12193E-01
SCF Iteration  36: Energy = 3.3829233025691905 dE =  1.11710E-01
SCF Iteration  37: Energy = 3.2707370900672363 dE = -1.12186E-01
SCF Iteration  38: Energy = 3.3825436832129627 dE =  1.11807E-01
SCF Iteration  39: Energy = 3.2703627283400354 dE = -1.12181E-01
SCF Iteration  40: Energy = 3.3822460717738281 dE =  1.11883E-01
SCF Iteration  41: Energy = 3.2700689922092447 dE = -1.12177E-01
SCF Iteration  42: Energy = 3.3820131111349125 dE =  1.11944E-01
SCF Iteration  43: Energy = 3.2698389189716548 dE = -1.12174E-01
SCF Iteration  44: Energy = 3.3818309703978073 dE =  1.11992E-01
SCF Iteration  45: Energy = 3.2696589490219443 dE = -1.12172E-01
SCF Iteration  46: Energy = 3.3816886902864760 dE =  1.12030E-01
SCF Iteration  47: Energy = 3.2695183130450451 dE = -1.12170E-01
SCF Iteration  48: Energy = 3.3815776231385377 dE =  1.12059E-01
SCF Iteration  49: Energy = 3.2694084986265275 dE = -1.12169E-01
SCF Iteration  50: Energy = 3.3814909666408237 dE =  1.12082E-01
SCF Iteration  51: Energy = 3.2693228012192455 dE = -1.12168E-01
SCF Iteration  52: Energy = 3.3814233826404401 dE =  1.12101E-01
SCF Iteration  53: Energy = 3.2692559542984956 dE = -1.12167E-01
SCF Iteration  54: Energy = 3.3813706894531794 dE =  1.12115E-01
SCF Iteration  55: Energy = 3.2692038292719943 dE = -1.12167E-01
SCF Iteration  56: Energy = 3.3813296157517816 dE =  1.12126E-01
SCF Iteration  57: Energy = 3.2691631945537942 dE = -1.12166E-01
SCF Iteration  58: Energy = 3.3812976050124215 dE =  1.12134E-01
SCF Iteration  59: Energy = 3.2691315236115930 dE = -1.12166E-01
SCF Iteration  60: Energy = 3.3812726608923884 dE =  1.12141E-01
SCF Iteration  61: Energy = 3.2691068428876964 dE = -1.12166E-01
SCF Iteration  62: Energy = 3.3812532254170939 dE =  1.12146E-01
SCF Iteration  63: Energy = 3.2690876118109258 dE = -1.12166E-01
SCF Iteration  64: Energy = 3.3812380832767577 dE =  1.12150E-01
SCF Iteration  65: Energy = 3.2690726284214722 dE = -1.12165E-01
SCF Iteration  66: Energy = 3.3812262867914145 dE =  1.12154E-01
SCF Iteration  67: Energy = 3.2690609553148371 dE = -1.12165E-01
SCF Iteration  68: Energy = 3.3812170971725060 dE =  1.12156E-01
SCF Iteration  69: Energy = 3.2690518616325654 dE = -1.12165E-01
SCF Iteration  70: Energy = 3.3812099385962524 dE =  1.12158E-01
SCF Iteration  71: Energy = 3.2690447776836979 dE = -1.12165E-01
SCF Iteration  72: Energy = 3.3812043623267005 dE =  1.12160E-01
SCF Iteration  73: Energy = 3.2690392594829181 dE = -1.12165E-01
SCF Iteration  74: Energy = 3.3812000187086992 dE =  1.12161E-01
SCF Iteration  75: Energy = 3.2690349610595977 dE = -1.12165E-01
SCF Iteration  76: Energy = 3.3811966353160541 dE =  1.12162E-01
SCF Iteration  77: Energy = 3.2690316128480141 dE = -1.12165E-01
SCF Iteration  78: Energy = 3.3811939999087408 dE =  1.12162E-01
SCF Iteration  79: Energy = 3.2690290048305899 dE = -1.12165E-01
SCF Iteration  80: Energy = 3.3811919471452248 dE =  1.12163E-01
SCF Iteration  81: Energy = 3.2690269733934372 dE = -1.12165E-01
SCF Iteration  82: Energy = 3.3811903482246128 dE =  1.12163E-01
SCF Iteration  83: Energy = 3.2690253910793357 dE = -1.12165E-01
SCF Iteration  84: Energy = 3.3811891028143721 dE =  1.12164E-01
SCF Iteration  85: Energy = 3.2690241586011348 dE = -1.12165E-01
SCF Iteration  86: Energy = 3.3811881327599966 dE =  1.12164E-01
SCF Iteration  87: Energy = 3.2690231986178429 dE = -1.12165E-01
SCF Iteration  88: Energy = 3.3811873771837671 dE =  1.12164E-01
SCF Iteration  89: Energy = 3.2690224508849601 dE = -1.12165E-01
SCF Iteration  90: Energy = 3.3811867886662661 dE =  1.12164E-01
SCF Iteration  91: Energy = 3.2690218684760097 dE = -1.12165E-01
SCF Iteration  92: Energy = 3.3811863302715102 dE =  1.12164E-01
SCF Iteration  93: Energy = 3.2690214148388224 dE = -1.12165E-01
SCF Iteration  94: Energy = 3.3811859732295613 dE =  1.12165E-01
SCF Iteration  95: Energy = 3.2690210615023081 dE = -1.12165E-01
SCF Iteration  96: Energy = 3.3811856951312604 dE =  1.12165E-01
SCF Iteration  97: Energy = 3.2690207862900098 dE = -1.12165E-01
SCF Iteration  98: Energy = 3.3811854785219784 dE =  1.12165E-01
SCF Iteration  99: Energy = 3.2690205719285541 dE = -1.12165E-01
SCF Iteration 100: Energy = 3.3811853098062832 dE =  1.12165E-01
SCF Iteration 101: Energy = 3.2690204049636185 dE = -1.12165E-01
SCF Iteration 102: Energy = 3.3811851783946927 dE =  1.12165E-01
SCF Iteration 103: Energy = 3.2690202749156612 dE = -1.12165E-01
SCF Iteration 104: Energy = 3.3811850760390634 dE =  1.12165E-01
SCF Iteration 105: Energy = 3.2690201736221480 dE = -1.12165E-01
SCF Iteration 106: Energy = 3.3811849963149632 dE =  1.12165E-01
SCF Iteration 107: Energy = 3.2690200947253043 dE = -1.12165E-01
SCF Iteration 108: Energy = 3.3811849342184344 dE =  1.12165E-01
SCF Iteration 109: Energy = 3.2690200332731001 dE = -1.12165E-01
SCF Iteration 110: Energy = 3.3811848858518720 dE =  1.12165E-01
SCF Iteration 111: Energy = 3.2690199854084141 dE = -1.12165E-01
SCF Iteration 112: Energy = 3.3811848481795153 dE =  1.12165E-01
SCF Iteration 113: Energy = 3.2690199481269575 dE = -1.12165E-01
SCF Iteration 114: Energy = 3.3811848188367946 dE =  1.12165E-01
SCF Iteration 115: Energy = 3.2690199190887030 dE = -1.12165E-01
SCF Iteration 116: Energy = 3.3811847959819685 dE =  1.12165E-01
SCF Iteration 117: Energy = 3.2690198964710202 dE = -1.12165E-01
SCF Iteration 118: Energy = 3.3811847781805069 dE =  1.12165E-01
SCF Iteration 119: Energy = 3.2690198788542730 dE = -1.12165E-01
SCF Iteration 120: Energy = 3.3811847643150923 dE =  1.12165E-01
SCF Iteration 121: Energy = 3.2690198651327327 dE = -1.12165E-01
SCF Iteration 122: Energy = 3.3811847535154258 dE =  1.12165E-01
SCF Iteration 123: Energy = 3.2690198544451206 dE = -1.12165E-01
SCF Iteration 124: Energy = 3.3811847451036385 dE =  1.12165E-01
SCF Iteration 125: Energy = 3.2690198461206181 dE = -1.12165E-01
SCF Iteration 126: Energy = 3.3811847385517666 dE =  1.12165E-01
SCF Iteration 127: Energy = 3.2690198396367194 dE = -1.12165E-01
SCF Iteration 128: Energy = 3.3811847334485581 dE =  1.12165E-01
SCF Iteration 129: Energy = 3.2690198345864756 dE = -1.12165E-01
SCF Iteration 130: Energy = 3.3811847294737141 dE =  1.12165E-01
SCF Iteration 131: Energy = 3.2690198306528684 dE = -1.12165E-01
SCF Iteration 132: Energy = 3.3811847263777373 dE =  1.12165E-01
SCF Iteration 133: Energy = 3.2690198275890112 dE = -1.12165E-01
SCF Iteration 134: Energy = 3.3811847239662982 dE =  1.12165E-01
SCF Iteration 135: Energy = 3.2690198252025997 dE = -1.12165E-01
SCF Iteration 136: Energy = 3.3811847220880544 dE =  1.12165E-01
SCF Iteration 137: Energy = 3.2690198233438377 dE = -1.12165E-01
SCF Iteration 138: Energy = 3.3811847206251029 dE =  1.12165E-01
SCF Iteration 139: Energy = 3.2690198218960744 dE = -1.12165E-01
SCF Iteration 140: Energy = 3.3811847194856188 dE =  1.12165E-01
SCF Iteration 141: Energy = 3.2690198207684134 dE = -1.12165E-01
SCF Iteration 142: Energy = 3.3811847185980906 dE =  1.12165E-01
SCF Iteration 143: Energy = 3.2690198198900866 dE = -1.12165E-01
SCF Iteration 144: Energy = 3.3811847179067933 dE =  1.12165E-01
SCF Iteration 145: Energy = 3.2690198192059619 dE = -1.12165E-01
SCF Iteration 146: Energy = 3.3811847173683462 dE =  1.12165E-01
SCF Iteration 147: Energy = 3.2690198186731085 dE = -1.12165E-01
SCF Iteration 148: Energy = 3.3811847169489537 dE =  1.12165E-01
SCF Iteration 149: Energy = 3.2690198182580734 dE = -1.12165E-01
SCF Iteration 150: Energy = 3.3811847166223012 dE =  1.12165E-01
SCF Iteration 151: Energy = 3.2690198179348036 dE = -1.12165E-01
SCF Iteration 152: Energy = 3.3811847163678621 dE =  1.12165E-01
SCF Iteration 153: Energy = 3.2690198176830121 dE = -1.12165E-01
SCF Iteration 154: Energy = 3.3811847161696944 dE =  1.12165E-01
SCF Iteration 155: Energy = 3.2690198174868899 dE = -1.12165E-01
SCF Iteration 156: Energy = 3.3811847160153379 dE =  1.12165E-01
SCF Iteration 157: Energy = 3.2690198173341352 dE = -1.12165E-01
SCF Iteration 158: Energy = 3.3811847158951061 dE =  1.12165E-01
SCF Iteration 159: Energy = 3.2690198172151570 dE = -1.12165E-01
SCF Iteration 160: Energy = 3.3811847158014614 dE =  1.12165E-01
SCF Iteration 161: Energy = 3.2690198171224827 dE = -1.12165E-01
SCF Iteration 162: Energy = 3.3811847157285224 dE =  1.12165E-01
SCF Iteration 163: Energy = 3.2690198170503004 dE = -1.12165E-01
SCF Iteration 164: Energy = 3.3811847156717079 dE =  1.12165E-01
SCF Iteration 165: Energy = 3.2690198169940743 dE = -1.12165E-01
SCF Iteration 166: Energy = 3.3811847156274570 dE =  1.12165E-01
SCF Iteration 167: Energy = 3.2690198169502813 dE = -1.12165E-01
SCF Iteration 168: Energy = 3.3811847155929895 dE =  1.12165E-01
SCF Iteration 169: Energy = 3.2690198169161730 dE = -1.12165E-01
SCF Iteration 170: Energy = 3.3811847155661452 dE =  1.12165E-01
SCF Iteration 171: Energy = 3.2690198168896094 dE = -1.12165E-01
SCF Iteration 172: Energy = 3.3811847155452410 dE =  1.12165E-01
SCF Iteration 173: Energy = 3.2690198168689135 dE = -1.12165E-01
SCF Iteration 174: Energy = 3.3811847155289492 dE =  1.12165E-01
SCF Iteration 175: Energy = 3.2690198168527891 dE = -1.12165E-01
SCF Iteration 176: Energy = 3.3811847155162562 dE =  1.12165E-01
SCF Iteration 177: Energy = 3.2690198168402342 dE = -1.12165E-01
SCF Iteration 178: Energy = 3.3811847155063823 dE =  1.12165E-01
SCF Iteration 179: Energy = 3.2690198168304607 dE = -1.12165E-01
SCF Iteration 180: Energy = 3.3811847154986849 dE =  1.12165E-01
SCF Iteration 181: Energy = 3.2690198168228428 dE = -1.12165E-01
SCF Iteration 182: Energy = 3.3811847154926964 dE =  1.12165E-01
SCF Iteration 183: Energy = 3.2690198168169160 dE = -1.12165E-01
SCF Iteration 184: Energy = 3.3811847154880281 dE =  1.12165E-01
SCF Iteration 185: Energy = 3.2690198168122988 dE = -1.12165E-01
SCF Iteration 186: Energy = 3.3811847154843937 dE =  1.12165E-01
SCF Iteration 187: Energy = 3.2690198168087061 dE = -1.12165E-01
SCF Iteration 188: Energy = 3.3811847154815573 dE =  1.12165E-01
SCF Iteration 189: Energy = 3.2690198168059066 dE = -1.12165E-01
SCF Iteration 190: Energy = 3.3811847154793497 dE =  1.12165E-01
SCF Iteration 191: Energy = 3.2690198168037141 dE = -1.12165E-01
SCF Iteration 192: Energy = 3.3811847154776316 dE =  1.12165E-01
SCF Iteration 193: Energy = 3.2690198168020048 dE = -1.12165E-01
SCF Iteration 194: Energy = 3.3811847154762864 dE =  1.12165E-01
SCF Iteration 195: Energy = 3.2690198168006801 dE = -1.12165E-01
SCF Iteration 196: Energy = 3.3811847154752508 dE =  1.12165E-01
SCF Iteration 197: Energy = 3.2690198167996583 dE = -1.12165E-01
SCF Iteration 198: Energy = 3.3811847154744430 dE =  1.12165E-01
SCF Iteration 199: Energy = 3.2690198167988527 dE = -1.12165E-01
SCF Iteration 200: Energy = 3.3811847154738111 dE =  1.12165E-01
SCF Iteration 201: Energy = 3.2690198167982274 dE = -1.12165E-01
SCF Iteration 202: Energy = 3.3811847154733146 dE =  1.12165E-01
SCF Iteration 203: Energy = 3.2690198167977380 dE = -1.12165E-01
SCF Iteration 204: Energy = 3.3811847154729255 dE =  1.12165E-01
SCF Iteration 205: Energy = 3.2690198167973641 dE = -1.12165E-01
SCF Iteration 206: Energy = 3.3811847154726293 dE =  1.12165E-01
SCF Iteration 207: Energy = 3.2690198167970657 dE = -1.12165E-01
SCF Iteration 208: Energy = 3.3811847154723971 dE =  1.12165E-01
SCF Iteration 209: Energy = 3.2690198167968267 dE = -1.12165E-01
SCF Iteration 210: Energy = 3.3811847154722097 dE =  1.12165E-01
SCF Iteration 211: Energy = 3.2690198167966456 dE = -1.12165E-01
SCF Iteration 212: Energy = 3.3811847154720800 dE =  1.12165E-01
SCF Iteration 213: Energy = 3.2690198167965097 dE = -1.12165E-01
SCF Iteration 214: Energy = 3.3811847154719632 dE =  1.12165E-01
SCF Iteration 215: Energy = 3.2690198167964022 dE = -1.12165E-01
SCF Iteration 216: Energy = 3.3811847154718766 dE =  1.12165E-01
SCF Iteration 217: Energy = 3.2690198167963249 dE = -1.12165E-01
SCF Iteration 218: Energy = 3.3811847154718175 dE =  1.12165E-01
SCF Iteration 219: Energy = 3.2690198167962508 dE = -1.12165E-01
SCF Iteration 220: Energy = 3.3811847154717607 dE =  1.12165E-01
SCF Iteration 221: Energy = 3.2690198167962050 dE = -1.12165E-01
SCF Iteration 222: Energy = 3.3811847154717185 dE =  1.12165E-01
SCF Iteration 223: Energy = 3.2690198167961650 dE = -1.12165E-01
SCF Iteration 224: Energy = 3.3811847154716883 dE =  1.12165E-01
SCF Iteration 225: Energy = 3.2690198167961224 dE = -1.12165E-01
SCF Iteration 226: Energy = 3.3811847154716621 dE =  1.12165E-01
SCF Iteration 227: Energy = 3.2690198167960962 dE = -1.12165E-01
SCF Iteration 228: Energy = 3.3811847154716399 dE =  1.12165E-01
SCF Iteration 229: Energy = 3.2690198167960878 dE = -1.12165E-01
SCF Iteration 230: Energy = 3.3811847154716275 dE =  1.12165E-01
SCF Iteration 231: Energy = 3.2690198167960767 dE = -1.12165E-01
SCF Iteration 232: Energy = 3.3811847154716181 dE =  1.12165E-01
SCF Iteration 233: Energy = 3.2690198167960567 dE = -1.12165E-01
SCF Iteration 234: Energy = 3.3811847154716155 dE =  1.12165E-01
SCF Iteration 235: Energy = 3.2690198167960496 dE = -1.12165E-01
SCF Iteration 236: Energy = 3.3811847154716048 dE =  1.12165E-01
SCF Iteration 237: Energy = 3.2690198167960483 dE = -1.12165E-01
SCF Iteration 238: Energy = 3.3811847154716030 dE =  1.12165E-01
SCF Iteration 239: Energy = 3.2690198167960531 dE = -1.12165E-01
SCF Iteration 240: Energy = 3.3811847154715995 dE =  1.12165E-01
SCF Iteration 241: Energy = 3.2690198167960407 dE = -1.12165E-01
SCF Iteration 242: Energy = 3.3811847154715964 dE =  1.12165E-01
SCF Iteration 243: Energy = 3.2690198167960403 dE = -1.12165E-01
SCF Iteration 244: Energy = 3.3811847154715924 dE =  1.12165E-01
SCF Iteration 245: Energy = 3.2690198167960327 dE = -1.12165E-01
SCF Iteration 246: Energy = 3.3811847154715866 dE =  1.12165E-01
SCF Iteration 247: Energy = 3.2690198167960336 dE = -1.12165E-01
SCF Iteration 248: Energy = 3.3811847154715911 dE =  1.12165E-01
SCF Iteration 249: Energy = 3.2690198167960336 dE = -1.12165E-01
SCF Iteration 250: Energy = 3.3811847154715879 dE =  1.12165E-01
SCF Iteration 251: Energy = 3.2690198167960363 dE = -1.12165E-01
SCF Iteration 252: Energy = 3.3811847154715866 dE =  1.12165E-01
SCF Iteration 253: Energy = 3.2690198167960256 dE = -1.12165E-01
SCF Iteration 254: Energy = 3.3811847154715791 dE =  1.12165E-01
SCF Iteration 255: Energy = 3.2690198167960225 dE = -1.12165E-01
SCF Iteration 256: Energy = 3.3811847154715853 dE =  1.12165E-01
SCF Iteration 257: Energy = 3.2690198167960256 dE = -1.12165E-01
SCF Iteration 258: Energy = 3.3811847154715866 dE =  1.12165E-01
SCF Iteration 259: Energy = 3.2690198167960309 dE = -1.12165E-01
SCF Iteration 260: Energy = 3.3811847154715853 dE =  1.12165E-01
SCF Iteration 261: Energy = 3.2690198167960287 dE = -1.12165E-01
SCF Iteration 262: Energy = 3.3811847154715879 dE =  1.12165E-01
SCF Iteration 263: Energy = 3.2690198167960225 dE = -1.12165E-01
SCF Iteration 264: Energy = 3.3811847154715844 dE =  1.12165E-01
SCF Iteration 265: Energy = 3.2690198167960225 dE = -1.12165E-01
SCF Iteration 266: Energy = 3.3811847154715831 dE =  1.12165E-01
SCF Iteration 267: Energy = 3.2690198167960207 dE = -1.12165E-01
SCF Iteration 268: Energy = 3.3811847154715879 dE =  1.12165E-01
SCF Iteration 269: Energy = 3.2690198167960256 dE = -1.12165E-01
SCF Iteration 270: Energy = 3.3811847154715804 dE =  1.12165E-01
SCF Iteration 271: Energy = 3.2690198167960283 dE = -1.12165E-01
SCF Iteration 272: Energy = 3.3811847154715835 dE =  1.12165E-01
SCF Iteration 273: Energy = 3.2690198167960185 dE = -1.12165E-01
SCF Iteration 274: Energy = 3.3811847154715835 dE =  1.12165E-01
SCF Iteration 275: Energy = 3.2690198167960247 dE = -1.12165E-01
SCF Iteration 276: Energy = 3.3811847154715808 dE =  1.12165E-01
SCF Iteration 277: Energy = 3.2690198167960274 dE = -1.12165E-01
SCF Iteration 278: Energy = 3.3811847154715799 dE =  1.12165E-01
SCF Iteration 279: Energy = 3.2690198167960203 dE = -1.12165E-01
SCF Iteration 280: Energy = 3.3811847154715746 dE =  1.12165E-01
SCF Iteration 281: Energy = 3.2690198167960212 dE = -1.12165E-01
SCF Iteration 282: Energy = 3.3811847154715782 dE =  1.12165E-01
SCF Iteration 283: Energy = 3.2690198167960176 dE = -1.12165E-01
SCF Iteration 284: Energy = 3.3811847154715764 dE =  1.12165E-01
SCF Iteration 285: Energy = 3.2690198167960203 dE = -1.12165E-01
SCF Iteration 286: Energy = 3.3811847154715795 dE =  1.12165E-01
SCF Iteration 287: Energy = 3.2690198167960292 dE = -1.12165E-01
SCF Iteration 288: Energy = 3.3811847154715808 dE =  1.12165E-01
SCF Iteration 289: Energy = 3.2690198167960265 dE = -1.12165E-01
SCF Iteration 290: Energy = 3.3811847154715835 dE =  1.12165E-01
SCF Iteration 291: Energy = 3.2690198167960225 dE = -1.12165E-01
SCF Iteration 292: Energy = 3.3811847154715835 dE =  1.12165E-01
SCF Iteration 293: Energy = 3.2690198167960296 dE = -1.12165E-01
SCF Iteration 294: Energy = 3.3811847154715862 dE =  1.12165E-01
SCF Iteration 295: Energy = 3.2690198167960194 dE = -1.12165E-01
SCF Iteration 296: Energy = 3.3811847154715862 dE =  1.12165E-01
SCF Iteration 297: Energy = 3.2690198167960243 dE = -1.12165E-01
SCF Iteration 298: Energy = 3.3811847154715826 dE =  1.12165E-01
SCF Iteration 299: Energy = 3.2690198167960296 dE = -1.12165E-01
SCF Iteration 300: Energy = 3.3811847154715746 dE =  1.12165E-01
SCF Iteration 301: Energy = 3.2690198167960172 dE = -1.12165E-01
SCF Iteration 302: Energy = 3.3811847154715844 dE =  1.12165E-01
SCF Iteration 303: Energy = 3.2690198167960260 dE = -1.12165E-01
SCF Iteration 304: Energy = 3.3811847154715813 dE =  1.12165E-01
SCF Iteration 305: Energy = 3.2690198167960247 dE = -1.12165E-01
SCF Iteration 306: Energy = 3.3811847154715839 dE =  1.12165E-01
SCF Iteration 307: Energy = 3.2690198167960265 dE = -1.12165E-01
SCF Iteration 308: Energy = 3.3811847154715831 dE =  1.12165E-01
SCF Iteration 309: Energy = 3.2690198167960189 dE = -1.12165E-01
SCF Iteration 310: Energy = 3.3811847154715848 dE =  1.12165E-01
SCF Iteration 311: Energy = 3.2690198167960256 dE = -1.12165E-01
SCF Iteration 312: Energy = 3.3811847154715831 dE =  1.12165E-01
SCF Iteration 313: Energy = 3.2690198167960265 dE = -1.12165E-01
SCF Iteration 314: Energy = 3.3811847154715835 dE =  1.12165E-01
SCF Iteration 315: Energy = 3.2690198167960300 dE = -1.12165E-01
SCF Iteration 316: Energy = 3.3811847154715875 dE =  1.12165E-01
SCF Iteration 317: Energy = 3.2690198167960265 dE = -1.12165E-01
SCF Iteration 318: Energy = 3.3811847154715831 dE =  1.12165E-01
SCF Iteration 319: Energy = 3.2690198167960265 dE = -1.12165E-01
SCF Iteration 320: Energy = 3.3811847154715817 dE =  1.12165E-01
SCF Iteration 321: Energy = 3.2690198167960260 dE = -1.12165E-01
SCF Iteration 322: Energy = 3.3811847154715795 dE =  1.12165E-01
SCF Iteration 323: Energy = 3.2690198167960229 dE = -1.12165E-01
SCF Iteration 324: Energy = 3.3811847154715813 dE =  1.12165E-01
SCF Iteration 325: Energy = 3.2690198167960207 dE = -1.12165E-01
SCF Iteration 326: Energy = 3.3811847154715813 dE =  1.12165E-01
SCF Iteration 327: Energy = 3.2690198167960247 dE = -1.12165E-01
SCF Iteration 328: Energy = 3.3811847154715813 dE =  1.12165E-01
SCF Iteration 329: Energy = 3.2690198167960283 dE = -1.12165E-01
SCF Iteration 330: Energy = 3.3811847154715862 dE =  1.12165E-01
SCF Iteration 331: Energy = 3.2690198167960318 dE = -1.12165E-01
SCF Iteration 332: Energy = 3.3811847154715839 dE =  1.12165E-01
SCF Iteration 333: Energy = 3.2690198167960256 dE = -1.12165E-01
SCF Iteration 334: Energy = 3.3811847154715822 dE =  1.12165E-01
SCF Iteration 335: Energy = 3.2690198167960225 dE = -1.12165E-01
SCF Iteration 336: Energy = 3.3811847154715777 dE =  1.12165E-01
SCF Iteration 337: Energy = 3.2690198167960163 dE = -1.12165E-01
SCF Iteration 338: Energy = 3.3811847154715822 dE =  1.12165E-01
SCF Iteration 339: Energy = 3.2690198167960296 dE = -1.12165E-01
SCF Iteration 340: Energy = 3.3811847154715817 dE =  1.12165E-01
SCF Iteration 341: Energy = 3.2690198167960309 dE = -1.12165E-01
SCF Iteration 342: Energy = 3.3811847154715804 dE =  1.12165E-01
SCF Iteration 343: Energy = 3.2690198167960274 dE = -1.12165E-01
SCF Iteration 344: Energy = 3.3811847154715777 dE =  1.12165E-01
SCF Iteration 345: Energy = 3.2690198167960207 dE = -1.12165E-01
SCF Iteration 346: Energy = 3.3811847154715862 dE =  1.12165E-01
SCF Iteration 347: Energy = 3.2690198167960181 dE = -1.12165E-01
SCF Iteration 348: Energy = 3.3811847154715764 dE =  1.12165E-01
SCF Iteration 349: Energy = 3.2690198167960247 dE = -1.12165E-01
SCF Iteration 350: Energy = 3.3811847154715791 dE =  1.12165E-01
SCF Iteration 351: Energy = 3.2690198167960274 dE = -1.12165E-01
SCF Iteration 352: Energy = 3.3811847154715906 dE =  1.12165E-01
SCF Iteration 353: Energy = 3.2690198167960225 dE = -1.12165E-01
SCF Iteration 354: Energy = 3.3811847154715835 dE =  1.12165E-01
SCF Iteration 355: Energy = 3.2690198167960318 dE = -1.12165E-01
SCF Iteration 356: Energy = 3.3811847154715822 dE =  1.12165E-01
SCF Iteration 357: Energy = 3.2690198167960265 dE = -1.12165E-01
SCF Iteration 358: Energy = 3.3811847154715817 dE =  1.12165E-01
SCF Iteration 359: Energy = 3.2690198167960256 dE = -1.12165E-01
SCF Iteration 360: Energy = 3.3811847154715817 dE =  1.12165E-01
SCF Iteration 361: Energy = 3.2690198167960278 dE = -1.12165E-01
SCF Iteration 362: Energy = 3.3811847154715884 dE =  1.12165E-01
SCF Iteration 363: Energy = 3.2690198167960252 dE = -1.12165E-01
SCF Iteration 364: Energy = 3.3811847154715862 dE =  1.12165E-01
SCF Iteration 365: Energy = 3.2690198167960207 dE = -1.12165E-01
SCF Iteration 366: Energy = 3.3811847154715844 dE =  1.12165E-01
SCF Iteration 367: Energy = 3.2690198167960278 dE = -1.12165E-01
SCF Iteration 368: Energy = 3.3811847154715866 dE =  1.12165E-01
SCF Iteration 369: Energy = 3.2690198167960274 dE = -1.12165E-01
SCF Iteration 370: Energy = 3.3811847154715862 dE =  1.12165E-01
SCF Iteration 371: Energy = 3.2690198167960309 dE = -1.12165E-01
SCF Iteration 372: Energy = 3.3811847154715826 dE =  1.12165E-01
SCF Iteration 373: Energy = 3.2690198167960336 dE = -1.12165E-01
SCF Iteration 374: Energy = 3.3811847154715817 dE =  1.12165E-01
SCF Iteration 375: Energy = 3.2690198167960292 dE = -1.12165E-01
SCF Iteration 376: Energy = 3.3811847154715853 dE =  1.12165E-01
SCF Iteration 377: Energy = 3.2690198167960274 dE = -1.12165E-01
SCF Iteration 378: Energy = 3.3811847154715795 dE =  1.12165E-01
SCF Iteration 379: Energy = 3.2690198167960247 dE = -1.12165E-01
SCF Iteration 380: Energy = 3.3811847154715826 dE =  1.12165E-01
SCF Iteration 381: Energy = 3.2690198167960305 dE = -1.12165E-01
SCF Iteration 382: Energy = 3.3811847154715884 dE =  1.12165E-01
SCF Iteration 383: Energy = 3.2690198167960327 dE = -1.12165E-01
SCF Iteration 384: Energy = 3.3811847154715906 dE =  1.12165E-01
SCF Iteration 385: Energy = 3.2690198167960292 dE = -1.12165E-01
SCF Iteration 386: Energy = 3.3811847154715866 dE =  1.12165E-01
SCF Iteration 387: Energy = 3.2690198167960243 dE = -1.12165E-01
SCF Iteration 388: Energy = 3.3811847154715844 dE =  1.12165E-01
SCF Iteration 389: Energy = 3.2690198167960278 dE = -1.12165E-01
SCF Iteration 390: Energy = 3.3811847154715835 dE =  1.12165E-01
SCF Iteration 391: Energy = 3.2690198167960327 dE = -1.12165E-01
SCF Iteration 392: Energy = 3.3811847154715817 dE =  1.12165E-01
SCF Iteration 393: Energy = 3.2690198167960283 dE = -1.12165E-01
SCF Iteration 394: Energy = 3.3811847154715782 dE =  1.12165E-01
SCF Iteration 395: Energy = 3.2690198167960185 dE = -1.12165E-01
SCF Iteration 396: Energy = 3.3811847154715782 dE =  1.12165E-01
SCF Iteration 397: Energy = 3.2690198167960229 dE = -1.12165E-01
SCF Iteration 398: Energy = 3.3811847154715782 dE =  1.12165E-01
SCF Iteration 399: Energy = 3.2690198167960229 dE = -1.12165E-01
SCF Iteration 400: Energy = 3.3811847154715826 dE =  1.12165E-01
SCF Iteration 401: Energy = 3.2690198167960212 dE = -1.12165E-01
SCF Iteration 402: Energy = 3.3811847154715755 dE =  1.12165E-01
SCF Iteration 403: Energy = 3.2690198167960247 dE = -1.12165E-01
SCF Iteration 404: Energy = 3.3811847154715786 dE =  1.12165E-01
SCF Iteration 405: Energy = 3.2690198167960176 dE = -1.12165E-01
SCF Iteration 406: Energy = 3.3811847154715742 dE =  1.12165E-01
SCF Iteration 407: Energy = 3.2690198167960194 dE = -1.12165E-01
SCF Iteration 408: Energy = 3.3811847154715817 dE =  1.12165E-01
SCF Iteration 409: Energy = 3.2690198167960238 dE = -1.12165E-01
SCF Iteration 410: Energy = 3.3811847154715817 dE =  1.12165E-01
SCF Iteration 411: Energy = 3.2690198167960212 dE = -1.12165E-01
SCF Iteration 412: Energy = 3.3811847154715799 dE =  1.12165E-01
SCF Iteration 413: Energy = 3.2690198167960216 dE = -1.12165E-01
SCF Iteration 414: Energy = 3.3811847154715835 dE =  1.12165E-01
SCF Iteration 415: Energy = 3.2690198167960158 dE = -1.12165E-01
SCF Iteration 416: Energy = 3.3811847154715746 dE =  1.12165E-01
SCF Iteration 417: Energy = 3.2690198167960136 dE = -1.12165E-01
SCF Iteration 418: Energy = 3.3811847154715791 dE =  1.12165E-01
SCF Iteration 419: Energy = 3.2690198167960149 dE = -1.12165E-01
SCF Iteration 420: Energy = 3.3811847154715737 dE =  1.12165E-01
SCF Iteration 421: Energy = 3.2690198167960181 dE = -1.12165E-01
SCF Iteration 422: Energy = 3.3811847154715782 dE =  1.12165E-01
SCF Iteration 423: Energy = 3.2690198167960229 dE = -1.12165E-01
SCF Iteration 424: Energy = 3.3811847154715888 dE =  1.12165E-01
SCF Iteration 425: Energy = 3.2690198167960247 dE = -1.12165E-01
SCF Iteration 426: Energy = 3.3811847154715871 dE =  1.12165E-01
SCF Iteration 427: Energy = 3.2690198167960318 dE = -1.12165E-01
SCF Iteration 428: Energy = 3.3811847154715804 dE =  1.12165E-01
SCF Iteration 429: Energy = 3.2690198167960265 dE = -1.12165E-01
SCF Iteration 430: Energy = 3.3811847154715808 dE =  1.12165E-01
SCF Iteration 431: Energy = 3.2690198167960269 dE = -1.12165E-01
SCF Iteration 432: Energy = 3.3811847154715835 dE =  1.12165E-01
SCF Iteration 433: Energy = 3.2690198167960323 dE = -1.12165E-01
SCF Iteration 434: Energy = 3.3811847154715844 dE =  1.12165E-01
SCF Iteration 435: Energy = 3.2690198167960212 dE = -1.12165E-01
SCF Iteration 436: Energy = 3.3811847154715826 dE =  1.12165E-01
SCF Iteration 437: Energy = 3.2690198167960220 dE = -1.12165E-01
SCF Iteration 438: Energy = 3.3811847154715826 dE =  1.12165E-01
SCF Iteration 439: Energy = 3.2690198167960265 dE = -1.12165E-01
SCF Iteration 440: Energy = 3.3811847154715879 dE =  1.12165E-01
SCF Iteration 441: Energy = 3.2690198167960212 dE = -1.12165E-01
SCF Iteration 442: Energy = 3.3811847154715835 dE =  1.12165E-01
SCF Iteration 443: Energy = 3.2690198167960274 dE = -1.12165E-01
SCF Iteration 444: Energy = 3.3811847154715862 dE =  1.12165E-01
SCF Iteration 445: Energy = 3.2690198167960292 dE = -1.12165E-01
SCF Iteration 446: Energy = 3.3811847154715817 dE =  1.12165E-01
SCF Iteration 447: Energy = 3.2690198167960256 dE = -1.12165E-01
SCF Iteration 448: Energy = 3.3811847154715844 dE =  1.12165E-01
SCF Iteration 449: Energy = 3.2690198167960318 dE = -1.12165E-01
SCF Iteration 450: Energy = 3.3811847154715866 dE =  1.12165E-01
SCF Iteration 451: Energy = 3.2690198167960274 dE = -1.12165E-01
SCF Iteration 452: Energy = 3.3811847154715871 dE =  1.12165E-01
SCF Iteration 453: Energy = 3.2690198167960300 dE = -1.12165E-01
SCF Iteration 454: Energy = 3.3811847154715839 dE =  1.12165E-01
SCF Iteration 455: Energy = 3.2690198167960256 dE = -1.12165E-01
SCF Iteration 456: Energy = 3.3811847154715879 dE =  1.12165E-01
SCF Iteration 457: Energy = 3.2690198167960274 dE = -1.12165E-01
SCF Iteration 458: Energy = 3.3811847154715817 dE =  1.12165E-01
SCF Iteration 459: Energy = 3.2690198167960194 dE = -1.12165E-01
SCF Iteration 460: Energy = 3.3811847154715799 dE =  1.12165E-01
SCF Iteration 461: Energy = 3.2690198167960225 dE = -1.12165E-01
SCF Iteration 462: Energy = 3.3811847154715817 dE =  1.12165E-01
SCF Iteration 463: Energy = 3.2690198167960207 dE = -1.12165E-01
SCF Iteration 464: Energy = 3.3811847154715755 dE =  1.12165E-01
SCF Iteration 465: Energy = 3.2690198167960194 dE = -1.12165E-01
SCF Iteration 466: Energy = 3.3811847154715795 dE =  1.12165E-01
SCF Iteration 467: Energy = 3.2690198167960229 dE = -1.12165E-01
SCF Iteration 468: Energy = 3.3811847154715777 dE =  1.12165E-01
SCF Iteration 469: Energy = 3.2690198167960220 dE = -1.12165E-01
SCF Iteration 470: Energy = 3.3811847154715786 dE =  1.12165E-01
SCF Iteration 471: Energy = 3.2690198167960229 dE = -1.12165E-01
SCF Iteration 472: Energy = 3.3811847154715773 dE =  1.12165E-01
SCF Iteration 473: Energy = 3.2690198167960283 dE = -1.12165E-01
SCF Iteration 474: Energy = 3.3811847154715826 dE =  1.12165E-01
SCF Iteration 475: Energy = 3.2690198167960185 dE = -1.12165E-01
SCF Iteration 476: Energy = 3.3811847154715782 dE =  1.12165E-01
SCF Iteration 477: Energy = 3.2690198167960225 dE = -1.12165E-01
SCF Iteration 478: Energy = 3.3811847154715808 dE =  1.12165E-01
SCF Iteration 479: Energy = 3.2690198167960225 dE = -1.12165E-01
SCF Iteration 480: Energy = 3.3811847154715808 dE =  1.12165E-01
SCF Iteration 481: Energy = 3.2690198167960238 dE = -1.12165E-01
SCF Iteration 482: Energy = 3.3811847154715831 dE =  1.12165E-01
SCF Iteration 483: Energy = 3.2690198167960212 dE = -1.12165E-01
SCF Iteration 484: Energy = 3.3811847154715782 dE =  1.12165E-01
SCF Iteration 485: Energy = 3.2690198167960238 dE = -1.12165E-01
SCF Iteration 486: Energy = 3.3811847154715817 dE =  1.12165E-01
SCF Iteration 487: Energy = 3.2690198167960167 dE = -1.12165E-01
SCF Iteration 488: Energy = 3.3811847154715751 dE =  1.12165E-01
SCF Iteration 489: Energy = 3.2690198167960212 dE = -1.12165E-01
SCF Iteration 490: Energy = 3.3811847154715782 dE =  1.12165E-01
SCF Iteration 491: Energy = 3.2690198167960265 dE = -1.12165E-01
SCF Iteration 492: Energy = 3.3811847154715746 dE =  1.12165E-01
SCF Iteration 493: Energy = 3.2690198167960158 dE = -1.12165E-01
SCF Iteration 494: Energy = 3.3811847154715799 dE =  1.12165E-01
SCF Iteration 495: Energy = 3.2690198167960185 dE = -1.12165E-01
SCF Iteration 496: Energy = 3.3811847154715755 dE =  1.12165E-01
SCF Iteration 497: Energy = 3.2690198167960158 dE = -1.12165E-01
SCF Iteration 498: Energy = 3.3811847154715684 dE =  1.12165E-01
SCF Iteration 499: Energy = 3.2690198167960181 dE = -1.12165E-01
SCF Iteration 500: Energy = 3.3811847154715728 dE =  1.12165E-01
