
  Memory set to  55.879 GiB by Python driver.
  Threads set to 1 by Python driver.
Settings:
	LOT = CCSD-S1-U21
	wc = 20.0 eV
	lambda = [0.848697 0.       0.      ] a.u.
	Equivalent A0 = LAMBDA / sqrt(2 wc) = [0.7 0.  0. ])
doing QED-CCSD-1 (or QED-CCSD-21)
Number of occupied orbitals:   1
Number of basis functions:  60
SCF Iteration   1: Energy = 1.8130958306721063 dE =  1.81310E+00
SCF Iteration   2: Energy = 2.4168884335689289 dE =  6.03793E-01
SCF Iteration   3: Energy = 2.0133919918325573 dE = -4.03496E-01
SCF Iteration   4: Energy = 2.3837895252092944 dE =  3.70398E-01
SCF Iteration   5: Energy = 2.0567333348017347 dE = -3.27056E-01
SCF Iteration   6: Energy = 2.3713941374486613 dE =  3.14661E-01
SCF Iteration   7: Energy = 2.0646194313133708 dE = -3.06775E-01
SCF Iteration   8: Energy = 2.3632654104643138 dE =  2.98646E-01
SCF Iteration   9: Energy = 2.0635096585878920 dE = -2.99756E-01
SCF Iteration  10: Energy = 2.3570441380308078 dE =  2.93534E-01
SCF Iteration  11: Energy = 2.0599466772685204 dE = -2.97097E-01
SCF Iteration  12: Energy = 2.3521143139669949 dE =  2.92168E-01
SCF Iteration  13: Energy = 2.0560532967298411 dE = -2.96061E-01
SCF Iteration  14: Energy = 2.3482545886074235 dE =  2.92201E-01
SCF Iteration  15: Energy = 2.0525818865873271 dE = -2.95673E-01
SCF Iteration  16: Energy = 2.3452993014380183 dE =  2.92717E-01
SCF Iteration  17: Energy = 2.0497476399179639 dE = -2.95552E-01
SCF Iteration  18: Energy = 2.3430819708741129 dE =  2.93334E-01
SCF Iteration  19: Energy = 2.0475432150213555 dE = -2.95539E-01
SCF Iteration  20: Energy = 2.3414443767935462 dE =  2.93901E-01
SCF Iteration  21: Energy = 2.0458790116844554 dE = -2.95565E-01
SCF Iteration  22: Energy = 2.3402489310914221 dE =  2.94370E-01
SCF Iteration  23: Energy = 2.0446467859989723 dE = -2.95602E-01
SCF Iteration  24: Energy = 2.3393835601169681 dE =  2.94737E-01
SCF Iteration  25: Energy = 2.0437462602941081 dE = -2.95637E-01
SCF Iteration  26: Energy = 2.3387608978383989 dE =  2.95015E-01
SCF Iteration  27: Energy = 2.0430940463483100 dE = -2.95667E-01
SCF Iteration  28: Energy = 2.3383148094524397 dE =  2.95221E-01
SCF Iteration  29: Energy = 2.0426246412224285 dE = -2.95690E-01
SCF Iteration  30: Energy = 2.3379962159314540 dE =  2.95372E-01
SCF Iteration  31: Energy = 2.0422883068067588 dE = -2.95708E-01
SCF Iteration  32: Energy = 2.3377691880062321 dE =  2.95481E-01
SCF Iteration  33: Energy = 2.0420480824242202 dE = -2.95721E-01
SCF Iteration  34: Energy = 2.3376076706374334 dE =  2.95560E-01
SCF Iteration  35: Energy = 2.0418768932710565 dE = -2.95731E-01
SCF Iteration  36: Energy = 2.3374928944859215 dE =  2.95616E-01
SCF Iteration  37: Energy = 2.0417550992186917 dE = -2.95738E-01
SCF Iteration  38: Energy = 2.3374114021297507 dE =  2.95656E-01
SCF Iteration  39: Energy = 2.0416685497293163 dE = -2.95743E-01
SCF Iteration  40: Energy = 2.3373535770658340 dE =  2.95685E-01
SCF Iteration  41: Energy = 2.0416070980912897 dE = -2.95746E-01
SCF Iteration  42: Energy = 2.3373125639679864 dE =  2.95705E-01
SCF Iteration  43: Energy = 2.0415634932124100 dE = -2.95749E-01
SCF Iteration  44: Energy = 2.3372834843169237 dE =  2.95720E-01
SCF Iteration  45: Energy = 2.0415325658369454 dE = -2.95751E-01
SCF Iteration  46: Energy = 2.3372628706934777 dE =  2.95730E-01
SCF Iteration  47: Energy = 2.0415106372483232 dE = -2.95752E-01
SCF Iteration  48: Energy = 2.3372482608409695 dE =  2.95738E-01
SCF Iteration  49: Energy = 2.0414950927581921 dE = -2.95753E-01
SCF Iteration  50: Energy = 2.3372379074205725 dE =  2.95743E-01
SCF Iteration  51: Energy = 2.0414840756299313 dE = -2.95754E-01
SCF Iteration  52: Energy = 2.3372305710200725 dE =  2.95746E-01
SCF Iteration  53: Energy = 2.0414762682249581 dE = -2.95754E-01
SCF Iteration  54: Energy = 2.3372253728077683 dE =  2.95749E-01
SCF Iteration  55: Energy = 2.0414707359204165 dE = -2.95755E-01
SCF Iteration  56: Energy = 2.3372216897841107 dE =  2.95751E-01
SCF Iteration  57: Energy = 2.0414668160005975 dE = -2.95755E-01
SCF Iteration  58: Energy = 2.3372190803873227 dE =  2.95752E-01
SCF Iteration  59: Energy = 2.0414640386688392 dE = -2.95755E-01
SCF Iteration  60: Energy = 2.3372172316937507 dE =  2.95753E-01
SCF Iteration  61: Energy = 2.0414620709482398 dE = -2.95755E-01
SCF Iteration  62: Energy = 2.3372159219634097 dE =  2.95754E-01
SCF Iteration  63: Energy = 2.0414606768663917 dE = -2.95755E-01
SCF Iteration  64: Energy = 2.3372149940805875 dE =  2.95754E-01
SCF Iteration  65: Energy = 2.0414596892114298 dE = -2.95755E-01
SCF Iteration  66: Energy = 2.3372143367251716 dE =  2.95755E-01
SCF Iteration  67: Energy = 2.0414589895039508 dE = -2.95755E-01
SCF Iteration  68: Energy = 2.3372138710272061 dE =  2.95755E-01
SCF Iteration  69: Energy = 2.0414584937985740 dE = -2.95755E-01
SCF Iteration  70: Energy = 2.3372135411090240 dE =  2.95755E-01
SCF Iteration  71: Energy = 2.0414581426202196 dE = -2.95755E-01
SCF Iteration  72: Energy = 2.3372133073832697 dE =  2.95755E-01
SCF Iteration  73: Energy = 2.0414578938320975 dE = -2.95755E-01
SCF Iteration  74: Energy = 2.3372131418040847 dE =  2.95755E-01
SCF Iteration  75: Energy = 2.0414577175817543 dE = -2.95755E-01
SCF Iteration  76: Energy = 2.3372130245024425 dE =  2.95755E-01
SCF Iteration  77: Energy = 2.0414575927200764 dE = -2.95755E-01
SCF Iteration  78: Energy = 2.3372129414022940 dE =  2.95755E-01
SCF Iteration  79: Energy = 2.0414575042640446 dE = -2.95755E-01
SCF Iteration  80: Energy = 2.3372128825316114 dE =  2.95755E-01
SCF Iteration  81: Energy = 2.0414574415990212 dE = -2.95755E-01
SCF Iteration  82: Energy = 2.3372128408258570 dE =  2.95755E-01
SCF Iteration  83: Energy = 2.0414573972052117 dE = -2.95755E-01
SCF Iteration  84: Energy = 2.3372128112802621 dE =  2.95755E-01
SCF Iteration  85: Energy = 2.0414573657552983 dE = -2.95755E-01
SCF Iteration  86: Energy = 2.3372127903492941 dE =  2.95755E-01
SCF Iteration  87: Energy = 2.0414573434752503 dE = -2.95755E-01
SCF Iteration  88: Energy = 2.3372127755211864 dE =  2.95755E-01
SCF Iteration  89: Energy = 2.0414573276914121 dE = -2.95755E-01
SCF Iteration  90: Energy = 2.3372127650165218 dE =  2.95755E-01
SCF Iteration  91: Energy = 2.0414573165096748 dE = -2.95755E-01
SCF Iteration  92: Energy = 2.3372127575747177 dE =  2.95755E-01
SCF Iteration  93: Energy = 2.0414573085882091 dE = -2.95755E-01
SCF Iteration  94: Energy = 2.3372127523027260 dE =  2.95755E-01
SCF Iteration  95: Energy = 2.0414573029764123 dE = -2.95755E-01
SCF Iteration  96: Energy = 2.3372127485678966 dE =  2.95755E-01
SCF Iteration  97: Energy = 2.0414572990008546 dE = -2.95755E-01
SCF Iteration  98: Energy = 2.3372127459220362 dE =  2.95755E-01
SCF Iteration  99: Energy = 2.0414572961844613 dE = -2.95755E-01
SCF Iteration 100: Energy = 2.3372127440476302 dE =  2.95755E-01
SCF Iteration 101: Energy = 2.0414572941892395 dE = -2.95755E-01
SCF Iteration 102: Energy = 2.3372127427197538 dE =  2.95755E-01
SCF Iteration 103: Energy = 2.0414572927757684 dE = -2.95755E-01
SCF Iteration 104: Energy = 2.3372127417790458 dE =  2.95755E-01
SCF Iteration 105: Energy = 2.0414572917744334 dE = -2.95755E-01
SCF Iteration 106: Energy = 2.3372127411126233 dE =  2.95755E-01
SCF Iteration 107: Energy = 2.0414572910650559 dE = -2.95755E-01
SCF Iteration 108: Energy = 2.3372127406405032 dE =  2.95755E-01
SCF Iteration 109: Energy = 2.0414572905625041 dE = -2.95755E-01
SCF Iteration 110: Energy = 2.3372127403060423 dE =  2.95755E-01
SCF Iteration 111: Energy = 2.0414572902064814 dE = -2.95755E-01
SCF Iteration 112: Energy = 2.3372127400690959 dE =  2.95755E-01
SCF Iteration 113: Energy = 2.0414572899542711 dE = -2.95755E-01
SCF Iteration 114: Energy = 2.3372127399012448 dE =  2.95755E-01
SCF Iteration 115: Energy = 2.0414572897755989 dE = -2.95755E-01
SCF Iteration 116: Energy = 2.3372127397823275 dE =  2.95755E-01
SCF Iteration 117: Energy = 2.0414572896490113 dE = -2.95755E-01
SCF Iteration 118: Energy = 2.3372127396980908 dE =  2.95755E-01
SCF Iteration 119: Energy = 2.0414572895593479 dE = -2.95755E-01
SCF Iteration 120: Energy = 2.3372127396384119 dE =  2.95755E-01
SCF Iteration 121: Energy = 2.0414572894958218 dE = -2.95755E-01
SCF Iteration 122: Energy = 2.3372127395961333 dE =  2.95755E-01
SCF Iteration 123: Energy = 2.0414572894508218 dE = -2.95755E-01
SCF Iteration 124: Energy = 2.3372127395661768 dE =  2.95755E-01
SCF Iteration 125: Energy = 2.0414572894189336 dE = -2.95755E-01
SCF Iteration 126: Energy = 2.3372127395449582 dE =  2.95755E-01
SCF Iteration 127: Energy = 2.0414572893963441 dE = -2.95755E-01
SCF Iteration 128: Energy = 2.3372127395299276 dE =  2.95755E-01
SCF Iteration 129: Energy = 2.0414572893803458 dE = -2.95755E-01
SCF Iteration 130: Energy = 2.3372127395192819 dE =  2.95755E-01
SCF Iteration 131: Energy = 2.0414572893690108 dE = -2.95755E-01
SCF Iteration 132: Energy = 2.3372127395117404 dE =  2.95755E-01
SCF Iteration 133: Energy = 2.0414572893609804 dE = -2.95755E-01
SCF Iteration 134: Energy = 2.3372127395063917 dE =  2.95755E-01
SCF Iteration 135: Energy = 2.0414572893552974 dE = -2.95755E-01
SCF Iteration 136: Energy = 2.3372127395026090 dE =  2.95755E-01
SCF Iteration 137: Energy = 2.0414572893512650 dE = -2.95755E-01
SCF Iteration 138: Energy = 2.3372127394999249 dE =  2.95755E-01
SCF Iteration 139: Energy = 2.0414572893484113 dE = -2.95755E-01
SCF Iteration 140: Energy = 2.3372127394980251 dE =  2.95755E-01
SCF Iteration 141: Energy = 2.0414572893463858 dE = -2.95755E-01
SCF Iteration 142: Energy = 2.3372127394966804 dE =  2.95755E-01
SCF Iteration 143: Energy = 2.0414572893449581 dE = -2.95755E-01
SCF Iteration 144: Energy = 2.3372127394957292 dE =  2.95755E-01
SCF Iteration 145: Energy = 2.0414572893439420 dE = -2.95755E-01
SCF Iteration 146: Energy = 2.3372127394950515 dE =  2.95755E-01
SCF Iteration 147: Energy = 2.0414572893432203 dE = -2.95755E-01
SCF Iteration 148: Energy = 2.3372127394945701 dE =  2.95755E-01
SCF Iteration 149: Energy = 2.0414572893427110 dE = -2.95755E-01
SCF Iteration 150: Energy = 2.3372127394942295 dE =  2.95755E-01
SCF Iteration 151: Energy = 2.0414572893423495 dE = -2.95755E-01
SCF Iteration 152: Energy = 2.3372127394939919 dE =  2.95755E-01
SCF Iteration 153: Energy = 2.0414572893420910 dE = -2.95755E-01
SCF Iteration 154: Energy = 2.3372127394938214 dE =  2.95755E-01
SCF Iteration 155: Energy = 2.0414572893419125 dE = -2.95755E-01
SCF Iteration 156: Energy = 2.3372127394936970 dE =  2.95755E-01
SCF Iteration 157: Energy = 2.0414572893417837 dE = -2.95755E-01
SCF Iteration 158: Energy = 2.3372127394936144 dE =  2.95755E-01
SCF Iteration 159: Energy = 2.0414572893416927 dE = -2.95755E-01
SCF Iteration 160: Energy = 2.3372127394935531 dE =  2.95755E-01
SCF Iteration 161: Energy = 2.0414572893416252 dE = -2.95755E-01
SCF Iteration 162: Energy = 2.3372127394935105 dE =  2.95755E-01
SCF Iteration 163: Energy = 2.0414572893415808 dE = -2.95755E-01
SCF Iteration 164: Energy = 2.3372127394934821 dE =  2.95755E-01
SCF Iteration 165: Energy = 2.0414572893415537 dE = -2.95755E-01
SCF Iteration 166: Energy = 2.3372127394934643 dE =  2.95755E-01
SCF Iteration 167: Energy = 2.0414572893415319 dE = -2.95755E-01
SCF Iteration 168: Energy = 2.3372127394934528 dE =  2.95755E-01
SCF Iteration 169: Energy = 2.0414572893415177 dE = -2.95755E-01
SCF Iteration 170: Energy = 2.3372127394934346 dE =  2.95755E-01
SCF Iteration 171: Energy = 2.0414572893415013 dE = -2.95755E-01
SCF Iteration 172: Energy = 2.3372127394934270 dE =  2.95755E-01
SCF Iteration 173: Energy = 2.0414572893414960 dE = -2.95755E-01
SCF Iteration 174: Energy = 2.3372127394934226 dE =  2.95755E-01
SCF Iteration 175: Energy = 2.0414572893414937 dE = -2.95755E-01
SCF Iteration 176: Energy = 2.3372127394934226 dE =  2.95755E-01
SCF Iteration 177: Energy = 2.0414572893414817 dE = -2.95755E-01
SCF Iteration 178: Energy = 2.3372127394934190 dE =  2.95755E-01
SCF Iteration 179: Energy = 2.0414572893414751 dE = -2.95755E-01
SCF Iteration 180: Energy = 2.3372127394934088 dE =  2.95755E-01
SCF Iteration 181: Energy = 2.0414572893414693 dE = -2.95755E-01
SCF Iteration 182: Energy = 2.3372127394934066 dE =  2.95755E-01
SCF Iteration 183: Energy = 2.0414572893414671 dE = -2.95755E-01
SCF Iteration 184: Energy = 2.3372127394934106 dE =  2.95755E-01
SCF Iteration 185: Energy = 2.0414572893414693 dE = -2.95755E-01
SCF Iteration 186: Energy = 2.3372127394934084 dE =  2.95755E-01
SCF Iteration 187: Energy = 2.0414572893414684 dE = -2.95755E-01
SCF Iteration 188: Energy = 2.3372127394934061 dE =  2.95755E-01
SCF Iteration 189: Energy = 2.0414572893414653 dE = -2.95755E-01
SCF Iteration 190: Energy = 2.3372127394934039 dE =  2.95755E-01
SCF Iteration 191: Energy = 2.0414572893414671 dE = -2.95755E-01
SCF Iteration 192: Energy = 2.3372127394934066 dE =  2.95755E-01
SCF Iteration 193: Energy = 2.0414572893414729 dE = -2.95755E-01
SCF Iteration 194: Energy = 2.3372127394934088 dE =  2.95755E-01
SCF Iteration 195: Energy = 2.0414572893414715 dE = -2.95755E-01
SCF Iteration 196: Energy = 2.3372127394934066 dE =  2.95755E-01
SCF Iteration 197: Energy = 2.0414572893414711 dE = -2.95755E-01
SCF Iteration 198: Energy = 2.3372127394934048 dE =  2.95755E-01
SCF Iteration 199: Energy = 2.0414572893414680 dE = -2.95755E-01
SCF Iteration 200: Energy = 2.3372127394934039 dE =  2.95755E-01
SCF Iteration 201: Energy = 2.0414572893414737 dE = -2.95755E-01
SCF Iteration 202: Energy = 2.3372127394934075 dE =  2.95755E-01
SCF Iteration 203: Energy = 2.0414572893414764 dE = -2.95755E-01
SCF Iteration 204: Energy = 2.3372127394934119 dE =  2.95755E-01
SCF Iteration 205: Energy = 2.0414572893414737 dE = -2.95755E-01
SCF Iteration 206: Energy = 2.3372127394934030 dE =  2.95755E-01
SCF Iteration 207: Energy = 2.0414572893414693 dE = -2.95755E-01
SCF Iteration 208: Energy = 2.3372127394934092 dE =  2.95755E-01
SCF Iteration 209: Energy = 2.0414572893414773 dE = -2.95755E-01
SCF Iteration 210: Energy = 2.3372127394934146 dE =  2.95755E-01
SCF Iteration 211: Energy = 2.0414572893414769 dE = -2.95755E-01
SCF Iteration 212: Energy = 2.3372127394934163 dE =  2.95755E-01
SCF Iteration 213: Energy = 2.0414572893414822 dE = -2.95755E-01
SCF Iteration 214: Energy = 2.3372127394934119 dE =  2.95755E-01
SCF Iteration 215: Energy = 2.0414572893414751 dE = -2.95755E-01
SCF Iteration 216: Energy = 2.3372127394934128 dE =  2.95755E-01
SCF Iteration 217: Energy = 2.0414572893414729 dE = -2.95755E-01
SCF Iteration 218: Energy = 2.3372127394934084 dE =  2.95755E-01
SCF Iteration 219: Energy = 2.0414572893414711 dE = -2.95755E-01
SCF Iteration 220: Energy = 2.3372127394934048 dE =  2.95755E-01
SCF Iteration 221: Energy = 2.0414572893414671 dE = -2.95755E-01
SCF Iteration 222: Energy = 2.3372127394934106 dE =  2.95755E-01
SCF Iteration 223: Energy = 2.0414572893414706 dE = -2.95755E-01
SCF Iteration 224: Energy = 2.3372127394934075 dE =  2.95755E-01
SCF Iteration 225: Energy = 2.0414572893414684 dE = -2.95755E-01
SCF Iteration 226: Energy = 2.3372127394934075 dE =  2.95755E-01
SCF Iteration 227: Energy = 2.0414572893414769 dE = -2.95755E-01
SCF Iteration 228: Energy = 2.3372127394934088 dE =  2.95755E-01
SCF Iteration 229: Energy = 2.0414572893414742 dE = -2.95755E-01
SCF Iteration 230: Energy = 2.3372127394934119 dE =  2.95755E-01
SCF Iteration 231: Energy = 2.0414572893414791 dE = -2.95755E-01
SCF Iteration 232: Energy = 2.3372127394934092 dE =  2.95755E-01
SCF Iteration 233: Energy = 2.0414572893414724 dE = -2.95755E-01
SCF Iteration 234: Energy = 2.3372127394934097 dE =  2.95755E-01
SCF Iteration 235: Energy = 2.0414572893414737 dE = -2.95755E-01
SCF Iteration 236: Energy = 2.3372127394934084 dE =  2.95755E-01
SCF Iteration 237: Energy = 2.0414572893414706 dE = -2.95755E-01
SCF Iteration 238: Energy = 2.3372127394934101 dE =  2.95755E-01
SCF Iteration 239: Energy = 2.0414572893414675 dE = -2.95755E-01
SCF Iteration 240: Energy = 2.3372127394934048 dE =  2.95755E-01
SCF Iteration 241: Energy = 2.0414572893414697 dE = -2.95755E-01
SCF Iteration 242: Energy = 2.3372127394934044 dE =  2.95755E-01
SCF Iteration 243: Energy = 2.0414572893414689 dE = -2.95755E-01
SCF Iteration 244: Energy = 2.3372127394934012 dE =  2.95755E-01
SCF Iteration 245: Energy = 2.0414572893414689 dE = -2.95755E-01
SCF Iteration 246: Energy = 2.3372127394934092 dE =  2.95755E-01
SCF Iteration 247: Energy = 2.0414572893414760 dE = -2.95755E-01
SCF Iteration 248: Energy = 2.3372127394934101 dE =  2.95755E-01
SCF Iteration 249: Energy = 2.0414572893414751 dE = -2.95755E-01
SCF Iteration 250: Energy = 2.3372127394934101 dE =  2.95755E-01
SCF Iteration 251: Energy = 2.0414572893414755 dE = -2.95755E-01
SCF Iteration 252: Energy = 2.3372127394934035 dE =  2.95755E-01
SCF Iteration 253: Energy = 2.0414572893414724 dE = -2.95755E-01
SCF Iteration 254: Energy = 2.3372127394934008 dE =  2.95755E-01
SCF Iteration 255: Energy = 2.0414572893414680 dE = -2.95755E-01
SCF Iteration 256: Energy = 2.3372127394934004 dE =  2.95755E-01
SCF Iteration 257: Energy = 2.0414572893414693 dE = -2.95755E-01
SCF Iteration 258: Energy = 2.3372127394934057 dE =  2.95755E-01
SCF Iteration 259: Energy = 2.0414572893414711 dE = -2.95755E-01
SCF Iteration 260: Energy = 2.3372127394934075 dE =  2.95755E-01
SCF Iteration 261: Energy = 2.0414572893414693 dE = -2.95755E-01
SCF Iteration 262: Energy = 2.3372127394934048 dE =  2.95755E-01
SCF Iteration 263: Energy = 2.0414572893414697 dE = -2.95755E-01
SCF Iteration 264: Energy = 2.3372127394934075 dE =  2.95755E-01
SCF Iteration 265: Energy = 2.0414572893414742 dE = -2.95755E-01
SCF Iteration 266: Energy = 2.3372127394934084 dE =  2.95755E-01
SCF Iteration 267: Energy = 2.0414572893414711 dE = -2.95755E-01
SCF Iteration 268: Energy = 2.3372127394934097 dE =  2.95755E-01
SCF Iteration 269: Energy = 2.0414572893414680 dE = -2.95755E-01
SCF Iteration 270: Energy = 2.3372127394934088 dE =  2.95755E-01
SCF Iteration 271: Energy = 2.0414572893414715 dE = -2.95755E-01
SCF Iteration 272: Energy = 2.3372127394934092 dE =  2.95755E-01
SCF Iteration 273: Energy = 2.0414572893414733 dE = -2.95755E-01
SCF Iteration 274: Energy = 2.3372127394934141 dE =  2.95755E-01
SCF Iteration 275: Energy = 2.0414572893414817 dE = -2.95755E-01
SCF Iteration 276: Energy = 2.3372127394934115 dE =  2.95755E-01
SCF Iteration 277: Energy = 2.0414572893414755 dE = -2.95755E-01
SCF Iteration 278: Energy = 2.3372127394934110 dE =  2.95755E-01
SCF Iteration 279: Energy = 2.0414572893414729 dE = -2.95755E-01
SCF Iteration 280: Energy = 2.3372127394934048 dE =  2.95755E-01
SCF Iteration 281: Energy = 2.0414572893414644 dE = -2.95755E-01
SCF Iteration 282: Energy = 2.3372127394933995 dE =  2.95755E-01
SCF Iteration 283: Energy = 2.0414572893414600 dE = -2.95755E-01
SCF Iteration 284: Energy = 2.3372127394933968 dE =  2.95755E-01
SCF Iteration 285: Energy = 2.0414572893414658 dE = -2.95755E-01
SCF Iteration 286: Energy = 2.3372127394934057 dE =  2.95755E-01
SCF Iteration 287: Energy = 2.0414572893414715 dE = -2.95755E-01
SCF Iteration 288: Energy = 2.3372127394934097 dE =  2.95755E-01
SCF Iteration 289: Energy = 2.0414572893414800 dE = -2.95755E-01
SCF Iteration 290: Energy = 2.3372127394934101 dE =  2.95755E-01
SCF Iteration 291: Energy = 2.0414572893414773 dE = -2.95755E-01
SCF Iteration 292: Energy = 2.3372127394934155 dE =  2.95755E-01
SCF Iteration 293: Energy = 2.0414572893414782 dE = -2.95755E-01
SCF Iteration 294: Energy = 2.3372127394934119 dE =  2.95755E-01
SCF Iteration 295: Energy = 2.0414572893414809 dE = -2.95755E-01
SCF Iteration 296: Energy = 2.3372127394934137 dE =  2.95755E-01
SCF Iteration 297: Energy = 2.0414572893414817 dE = -2.95755E-01
SCF Iteration 298: Energy = 2.3372127394934128 dE =  2.95755E-01
SCF Iteration 299: Energy = 2.0414572893414791 dE = -2.95755E-01
SCF Iteration 300: Energy = 2.3372127394934128 dE =  2.95755E-01
SCF Iteration 301: Energy = 2.0414572893414733 dE = -2.95755E-01
SCF Iteration 302: Energy = 2.3372127394934137 dE =  2.95755E-01
SCF Iteration 303: Energy = 2.0414572893414786 dE = -2.95755E-01
SCF Iteration 304: Energy = 2.3372127394934088 dE =  2.95755E-01
SCF Iteration 305: Energy = 2.0414572893414764 dE = -2.95755E-01
SCF Iteration 306: Energy = 2.3372127394934119 dE =  2.95755E-01
SCF Iteration 307: Energy = 2.0414572893414737 dE = -2.95755E-01
SCF Iteration 308: Energy = 2.3372127394934075 dE =  2.95755E-01
SCF Iteration 309: Energy = 2.0414572893414729 dE = -2.95755E-01
SCF Iteration 310: Energy = 2.3372127394934110 dE =  2.95755E-01
SCF Iteration 311: Energy = 2.0414572893414760 dE = -2.95755E-01
SCF Iteration 312: Energy = 2.3372127394934075 dE =  2.95755E-01
SCF Iteration 313: Energy = 2.0414572893414733 dE = -2.95755E-01
SCF Iteration 314: Energy = 2.3372127394934066 dE =  2.95755E-01
SCF Iteration 315: Energy = 2.0414572893414684 dE = -2.95755E-01
SCF Iteration 316: Energy = 2.3372127394934048 dE =  2.95755E-01
SCF Iteration 317: Energy = 2.0414572893414715 dE = -2.95755E-01
SCF Iteration 318: Energy = 2.3372127394934101 dE =  2.95755E-01
SCF Iteration 319: Energy = 2.0414572893414693 dE = -2.95755E-01
SCF Iteration 320: Energy = 2.3372127394934075 dE =  2.95755E-01
SCF Iteration 321: Energy = 2.0414572893414746 dE = -2.95755E-01
SCF Iteration 322: Energy = 2.3372127394934057 dE =  2.95755E-01
SCF Iteration 323: Energy = 2.0414572893414680 dE = -2.95755E-01
SCF Iteration 324: Energy = 2.3372127394934048 dE =  2.95755E-01
SCF Iteration 325: Energy = 2.0414572893414689 dE = -2.95755E-01
SCF Iteration 326: Energy = 2.3372127394934079 dE =  2.95755E-01
SCF Iteration 327: Energy = 2.0414572893414702 dE = -2.95755E-01
SCF Iteration 328: Energy = 2.3372127394934088 dE =  2.95755E-01
SCF Iteration 329: Energy = 2.0414572893414715 dE = -2.95755E-01
SCF Iteration 330: Energy = 2.3372127394934035 dE =  2.95755E-01
SCF Iteration 331: Energy = 2.0414572893414733 dE = -2.95755E-01
SCF Iteration 332: Energy = 2.3372127394934061 dE =  2.95755E-01
SCF Iteration 333: Energy = 2.0414572893414693 dE = -2.95755E-01
SCF Iteration 334: Energy = 2.3372127394934044 dE =  2.95755E-01
SCF Iteration 335: Energy = 2.0414572893414724 dE = -2.95755E-01
SCF Iteration 336: Energy = 2.3372127394934012 dE =  2.95755E-01
SCF Iteration 337: Energy = 2.0414572893414671 dE = -2.95755E-01
SCF Iteration 338: Energy = 2.3372127394934039 dE =  2.95755E-01
SCF Iteration 339: Energy = 2.0414572893414666 dE = -2.95755E-01
SCF Iteration 340: Energy = 2.3372127394934021 dE =  2.95755E-01
SCF Iteration 341: Energy = 2.0414572893414662 dE = -2.95755E-01
SCF Iteration 342: Energy = 2.3372127394934066 dE =  2.95755E-01
SCF Iteration 343: Energy = 2.0414572893414702 dE = -2.95755E-01
SCF Iteration 344: Energy = 2.3372127394934092 dE =  2.95755E-01
SCF Iteration 345: Energy = 2.0414572893414729 dE = -2.95755E-01
SCF Iteration 346: Energy = 2.3372127394934017 dE =  2.95755E-01
SCF Iteration 347: Energy = 2.0414572893414671 dE = -2.95755E-01
SCF Iteration 348: Energy = 2.3372127394934048 dE =  2.95755E-01
SCF Iteration 349: Energy = 2.0414572893414729 dE = -2.95755E-01
SCF Iteration 350: Energy = 2.3372127394934052 dE =  2.95755E-01
SCF Iteration 351: Energy = 2.0414572893414684 dE = -2.95755E-01
SCF Iteration 352: Energy = 2.3372127394934044 dE =  2.95755E-01
SCF Iteration 353: Energy = 2.0414572893414711 dE = -2.95755E-01
SCF Iteration 354: Energy = 2.3372127394934084 dE =  2.95755E-01
SCF Iteration 355: Energy = 2.0414572893414697 dE = -2.95755E-01
SCF Iteration 356: Energy = 2.3372127394934092 dE =  2.95755E-01
SCF Iteration 357: Energy = 2.0414572893414737 dE = -2.95755E-01
SCF Iteration 358: Energy = 2.3372127394934066 dE =  2.95755E-01
SCF Iteration 359: Energy = 2.0414572893414680 dE = -2.95755E-01
SCF Iteration 360: Energy = 2.3372127394934092 dE =  2.95755E-01
SCF Iteration 361: Energy = 2.0414572893414755 dE = -2.95755E-01
SCF Iteration 362: Energy = 2.3372127394934052 dE =  2.95755E-01
SCF Iteration 363: Energy = 2.0414572893414697 dE = -2.95755E-01
SCF Iteration 364: Energy = 2.3372127394934052 dE =  2.95755E-01
SCF Iteration 365: Energy = 2.0414572893414724 dE = -2.95755E-01
SCF Iteration 366: Energy = 2.3372127394934044 dE =  2.95755E-01
SCF Iteration 367: Energy = 2.0414572893414715 dE = -2.95755E-01
SCF Iteration 368: Energy = 2.3372127394934026 dE =  2.95755E-01
SCF Iteration 369: Energy = 2.0414572893414689 dE = -2.95755E-01
SCF Iteration 370: Energy = 2.3372127394934039 dE =  2.95755E-01
SCF Iteration 371: Energy = 2.0414572893414680 dE = -2.95755E-01
SCF Iteration 372: Energy = 2.3372127394934039 dE =  2.95755E-01
SCF Iteration 373: Energy = 2.0414572893414720 dE = -2.95755E-01
SCF Iteration 374: Energy = 2.3372127394933986 dE =  2.95755E-01
SCF Iteration 375: Energy = 2.0414572893414666 dE = -2.95755E-01
SCF Iteration 376: Energy = 2.3372127394934017 dE =  2.95755E-01
SCF Iteration 377: Energy = 2.0414572893414702 dE = -2.95755E-01
SCF Iteration 378: Energy = 2.3372127394934030 dE =  2.95755E-01
SCF Iteration 379: Energy = 2.0414572893414684 dE = -2.95755E-01
SCF Iteration 380: Energy = 2.3372127394933999 dE =  2.95755E-01
SCF Iteration 381: Energy = 2.0414572893414626 dE = -2.95755E-01
SCF Iteration 382: Energy = 2.3372127394933950 dE =  2.95755E-01
SCF Iteration 383: Energy = 2.0414572893414578 dE = -2.95755E-01
SCF Iteration 384: Energy = 2.3372127394933946 dE =  2.95755E-01
SCF Iteration 385: Energy = 2.0414572893414604 dE = -2.95755E-01
SCF Iteration 386: Energy = 2.3372127394933906 dE =  2.95755E-01
SCF Iteration 387: Energy = 2.0414572893414542 dE = -2.95755E-01
SCF Iteration 388: Energy = 2.3372127394933906 dE =  2.95755E-01
SCF Iteration 389: Energy = 2.0414572893414564 dE = -2.95755E-01
SCF Iteration 390: Energy = 2.3372127394933795 dE =  2.95755E-01
SCF Iteration 391: Energy = 2.0414572893414511 dE = -2.95755E-01
SCF Iteration 392: Energy = 2.3372127394933768 dE =  2.95755E-01
SCF Iteration 393: Energy = 2.0414572893414440 dE = -2.95755E-01
SCF Iteration 394: Energy = 2.3372127394933764 dE =  2.95755E-01
SCF Iteration 395: Energy = 2.0414572893414431 dE = -2.95755E-01
SCF Iteration 396: Energy = 2.3372127394933759 dE =  2.95755E-01
SCF Iteration 397: Energy = 2.0414572893414427 dE = -2.95755E-01
SCF Iteration 398: Energy = 2.3372127394933742 dE =  2.95755E-01
SCF Iteration 399: Energy = 2.0414572893414373 dE = -2.95755E-01
SCF Iteration 400: Energy = 2.3372127394933604 dE =  2.95755E-01
SCF Iteration 401: Energy = 2.0414572893414329 dE = -2.95755E-01
SCF Iteration 402: Energy = 2.3372127394933537 dE =  2.95755E-01
SCF Iteration 403: Energy = 2.0414572893414262 dE = -2.95755E-01
SCF Iteration 404: Energy = 2.3372127394933475 dE =  2.95755E-01
SCF Iteration 405: Energy = 2.0414572893414129 dE = -2.95755E-01
SCF Iteration 406: Energy = 2.3372127394933271 dE =  2.95755E-01
SCF Iteration 407: Energy = 2.0414572893414005 dE = -2.95755E-01
SCF Iteration 408: Energy = 2.3372127394933098 dE =  2.95755E-01
SCF Iteration 409: Energy = 2.0414572893413840 dE = -2.95755E-01
SCF Iteration 410: Energy = 2.3372127394932938 dE =  2.95755E-01
SCF Iteration 411: Energy = 2.0414572893413689 dE = -2.95755E-01
SCF Iteration 412: Energy = 2.3372127394932751 dE =  2.95755E-01
SCF Iteration 413: Energy = 2.0414572893413503 dE = -2.95755E-01
SCF Iteration 414: Energy = 2.3372127394932525 dE =  2.95755E-01
SCF Iteration 415: Energy = 2.0414572893413312 dE = -2.95755E-01
SCF Iteration 416: Energy = 2.3372127394932276 dE =  2.95755E-01
SCF Iteration 417: Energy = 2.0414572893413037 dE = -2.95755E-01
SCF Iteration 418: Energy = 2.3372127394931992 dE =  2.95755E-01
SCF Iteration 419: Energy = 2.0414572893412823 dE = -2.95755E-01
SCF Iteration 420: Energy = 2.3372127394931610 dE =  2.95755E-01
SCF Iteration 421: Energy = 2.0414572893412499 dE = -2.95755E-01
SCF Iteration 422: Energy = 2.3372127394931188 dE =  2.95755E-01
SCF Iteration 423: Energy = 2.0414572893412033 dE = -2.95755E-01
SCF Iteration 424: Energy = 2.3372127394930673 dE =  2.95755E-01
SCF Iteration 425: Energy = 2.0414572893411611 dE = -2.95755E-01
SCF Iteration 426: Energy = 2.3372127394930029 dE =  2.95755E-01
SCF Iteration 427: Energy = 2.0414572893410994 dE = -2.95755E-01
SCF Iteration 428: Energy = 2.3372127394929385 dE =  2.95755E-01
SCF Iteration 429: Energy = 2.0414572893410425 dE = -2.95755E-01
SCF Iteration 430: Energy = 2.3372127394928555 dE =  2.95755E-01
SCF Iteration 431: Energy = 2.0414572893409630 dE = -2.95755E-01
SCF Iteration 432: Energy = 2.3372127394927604 dE =  2.95755E-01
SCF Iteration 433: Energy = 2.0414572893408778 dE = -2.95755E-01
SCF Iteration 434: Energy = 2.3372127394926410 dE =  2.95755E-01
SCF Iteration 435: Energy = 2.0414572893407734 dE = -2.95755E-01
SCF Iteration 436: Energy = 2.3372127394925157 dE =  2.95755E-01
SCF Iteration 437: Energy = 2.0414572893406544 dE = -2.95755E-01
SCF Iteration 438: Energy = 2.3372127394923643 dE =  2.95755E-01
SCF Iteration 439: Energy = 2.0414572893405136 dE = -2.95755E-01
SCF Iteration 440: Energy = 2.3372127394921844 dE =  2.95755E-01
SCF Iteration 441: Energy = 2.0414572893403493 dE = -2.95755E-01
SCF Iteration 442: Energy = 2.3372127394919757 dE =  2.95755E-01
SCF Iteration 443: Energy = 2.0414572893401663 dE = -2.95755E-01
SCF Iteration 444: Energy = 2.3372127394917319 dE =  2.95755E-01
SCF Iteration 445: Energy = 2.0414572893399350 dE = -2.95755E-01
SCF Iteration 446: Energy = 2.3372127394914441 dE =  2.95755E-01
SCF Iteration 447: Energy = 2.0414572893396685 dE = -2.95755E-01
SCF Iteration 448: Energy = 2.3372127394911097 dE =  2.95755E-01
SCF Iteration 449: Energy = 2.0414572893393594 dE = -2.95755E-01
SCF Iteration 450: Energy = 2.3372127394907216 dE =  2.95755E-01
SCF Iteration 451: Energy = 2.0414572893390064 dE = -2.95755E-01
SCF Iteration 452: Energy = 2.3372127394902598 dE =  2.95755E-01
SCF Iteration 453: Energy = 2.0414572893385823 dE = -2.95755E-01
SCF Iteration 454: Energy = 2.3372127394897215 dE =  2.95755E-01
SCF Iteration 455: Energy = 2.0414572893380880 dE = -2.95755E-01
SCF Iteration 456: Energy = 2.3372127394890976 dE =  2.95755E-01
SCF Iteration 457: Energy = 2.0414572893375134 dE = -2.95755E-01
SCF Iteration 458: Energy = 2.3372127394883595 dE =  2.95755E-01
SCF Iteration 459: Energy = 2.0414572893368375 dE = -2.95755E-01
SCF Iteration 460: Energy = 2.3372127394875020 dE =  2.95755E-01
SCF Iteration 461: Energy = 2.0414572893360430 dE = -2.95755E-01
SCF Iteration 462: Energy = 2.3372127394864979 dE =  2.95755E-01
SCF Iteration 463: Energy = 2.0414572893351250 dE = -2.95755E-01
SCF Iteration 464: Energy = 2.3372127394853122 dE =  2.95755E-01
SCF Iteration 465: Energy = 2.0414572893340348 dE = -2.95755E-01
SCF Iteration 466: Energy = 2.3372127394839288 dE =  2.95755E-01
SCF Iteration 467: Energy = 2.0414572893327647 dE = -2.95755E-01
SCF Iteration 468: Energy = 2.3372127394823137 dE =  2.95755E-01
SCF Iteration 469: Energy = 2.0414572893312788 dE = -2.95755E-01
SCF Iteration 470: Energy = 2.3372127394804205 dE =  2.95755E-01
SCF Iteration 471: Energy = 2.0414572893295393 dE = -2.95755E-01
SCF Iteration 472: Energy = 2.3372127394782076 dE =  2.95755E-01
SCF Iteration 473: Energy = 2.0414572893275120 dE = -2.95755E-01
SCF Iteration 474: Energy = 2.3372127394756128 dE =  2.95755E-01
SCF Iteration 475: Energy = 2.0414572893251219 dE = -2.95755E-01
SCF Iteration 476: Energy = 2.3372127394725775 dE =  2.95755E-01
SCF Iteration 477: Energy = 2.0414572893223344 dE = -2.95755E-01
SCF Iteration 478: Energy = 2.3372127394690190 dE =  2.95755E-01
SCF Iteration 479: Energy = 2.0414572893190703 dE = -2.95755E-01
SCF Iteration 480: Energy = 2.3372127394648574 dE =  2.95755E-01
SCF Iteration 481: Energy = 2.0414572893152498 dE = -2.95755E-01
SCF Iteration 482: Energy = 2.3372127394599933 dE =  2.95755E-01
SCF Iteration 483: Energy = 2.0414572893107761 dE = -2.95755E-01
SCF Iteration 484: Energy = 2.3372127394542872 dE =  2.95755E-01
SCF Iteration 485: Energy = 2.0414572893055372 dE = -2.95755E-01
SCF Iteration 486: Energy = 2.3372127394476214 dE =  2.95755E-01
SCF Iteration 487: Energy = 2.0414572892994078 dE = -2.95755E-01
SCF Iteration 488: Energy = 2.3372127394398117 dE =  2.95755E-01
SCF Iteration 489: Energy = 2.0414572892922322 dE = -2.95755E-01
SCF Iteration 490: Energy = 2.3372127394306714 dE =  2.95755E-01
SCF Iteration 491: Energy = 2.0414572892838398 dE = -2.95755E-01
SCF Iteration 492: Energy = 2.3372127394199720 dE =  2.95755E-01
SCF Iteration 493: Energy = 2.0414572892740082 dE = -2.95755E-01
SCF Iteration 494: Energy = 2.3372127394074451 dE =  2.95755E-01
SCF Iteration 495: Energy = 2.0414572892624987 dE = -2.95755E-01
SCF Iteration 496: Energy = 2.3372127393927902 dE =  2.95755E-01
SCF Iteration 497: Energy = 2.0414572892490344 dE = -2.95755E-01
SCF Iteration 498: Energy = 2.3372127393756341 dE =  2.95755E-01
SCF Iteration 499: Energy = 2.0414572892332754 dE = -2.95755E-01
SCF Iteration 500: Energy = 2.3372127393555582 dE =  2.95755E-01
