
  Memory set to  55.879 GiB by Python driver.
  Threads set to 1 by Python driver.
Settings:
	LOT = CCSD-S1-U21
	wc = 20.0 eV
	lambda = [0.848697 0.       0.      ] a.u.
	Equivalent A0 = LAMBDA / sqrt(2 wc) = [0.7 0.  0. ])
doing QED-CCSD-1 (or QED-CCSD-21)
Number of occupied orbitals:   1
Number of basis functions:  60
SCF Iteration   1: Energy = 2.8607429475968322 dE =  2.86074E+00
SCF Iteration   2: Energy = 3.3499116547085190 dE =  4.89169E-01
SCF Iteration   3: Energy = 3.0846213932168371 dE = -2.65290E-01
SCF Iteration   4: Energy = 3.3315234353308849 dE =  2.46902E-01
SCF Iteration   5: Energy = 3.1639715381733255 dE = -1.67552E-01
SCF Iteration   6: Energy = 3.3310286421879631 dE =  1.67057E-01
SCF Iteration   7: Energy = 3.1913750359481217 dE = -1.39654E-01
SCF Iteration   8: Energy = 3.3299856077535175 dE =  1.38611E-01
SCF Iteration   9: Energy = 3.2007976906596358 dE = -1.29188E-01
SCF Iteration  10: Energy = 3.3277005276922891 dE =  1.26903E-01
SCF Iteration  11: Energy = 3.2029353725969187 dE = -1.24765E-01
SCF Iteration  12: Energy = 3.3246241194872121 dE =  1.21689E-01
SCF Iteration  13: Energy = 3.2018908037947380 dE = -1.22733E-01
SCF Iteration  14: Energy = 3.3212619005118773 dE =  1.19371E-01
SCF Iteration  15: Energy = 3.1995329499717444 dE = -1.21729E-01
SCF Iteration  16: Energy = 3.3179859165316836 dE =  1.18453E-01
SCF Iteration  17: Energy = 3.1967861036596501 dE = -1.21200E-01
SCF Iteration  18: Energy = 3.3150116933508329 dE =  1.18226E-01
SCF Iteration  19: Energy = 3.1941055831594403 dE = -1.20906E-01
SCF Iteration  20: Energy = 3.3124331189463687 dE =  1.18328E-01
SCF Iteration  21: Energy = 3.1916968471232661 dE = -1.20736E-01
SCF Iteration  22: Energy = 3.3102663442234794 dE =  1.18569E-01
SCF Iteration  23: Energy = 3.1896314835165764 dE = -1.20635E-01
SCF Iteration  24: Energy = 3.3084847932944363 dE =  1.18853E-01
SCF Iteration  25: Energy = 3.1879120830967267 dE = -1.20573E-01
SCF Iteration  26: Energy = 3.3070424526938522 dE =  1.19130E-01
SCF Iteration  27: Energy = 3.1865086995115242 dE = -1.20534E-01
SCF Iteration  28: Energy = 3.3058876983149803 dE =  1.19379E-01
SCF Iteration  29: Energy = 3.1853788763889863 dE = -1.20509E-01
SCF Iteration  30: Energy = 3.3049707017598555 dE =  1.19592E-01
SCF Iteration  31: Energy = 3.1844781576514407 dE = -1.20493E-01
SCF Iteration  32: Energy = 3.3042468830397338 dE =  1.19769E-01
SCF Iteration  33: Energy = 3.1837651780373237 dE = -1.20482E-01
SCF Iteration  34: Energy = 3.3036781011062635 dE =  1.19913E-01
SCF Iteration  35: Energy = 3.1832037543312897 dE = -1.20474E-01
SCF Iteration  36: Energy = 3.3032326447524971 dE =  1.20029E-01
SCF Iteration  37: Energy = 3.1827633871019652 dE = -1.20469E-01
SCF Iteration  38: Energy = 3.3028846528875873 dE =  1.20121E-01
SCF Iteration  39: Energy = 3.1824189773150096 dE = -1.20466E-01
SCF Iteration  40: Energy = 3.3026133176734715 dE =  1.20194E-01
SCF Iteration  41: Energy = 3.1821502043097860 dE = -1.20463E-01
SCF Iteration  42: Energy = 3.3024020576679360 dE =  1.20252E-01
SCF Iteration  43: Energy = 3.1819408035027212 dE = -1.20461E-01
SCF Iteration  44: Energy = 3.3022377516346308 dE =  1.20297E-01
SCF Iteration  45: Energy = 3.1817778634749203 dE = -1.20460E-01
SCF Iteration  46: Energy = 3.3021100698909240 dE =  1.20332E-01
SCF Iteration  47: Energy = 3.1816511960560305 dE = -1.20459E-01
SCF Iteration  48: Energy = 3.3020109115108047 dE =  1.20360E-01
SCF Iteration  49: Energy = 3.1815527975253195 dE = -1.20458E-01
SCF Iteration  50: Energy = 3.3019339416337870 dE =  1.20381E-01
SCF Iteration  51: Energy = 3.1814764009823335 dE = -1.20458E-01
SCF Iteration  52: Energy = 3.3018742171191295 dE =  1.20398E-01
SCF Iteration  53: Energy = 3.1814171115910881 dE = -1.20457E-01
SCF Iteration  54: Energy = 3.3018278870697975 dE =  1.20411E-01
SCF Iteration  55: Energy = 3.1813711133066072 dE = -1.20457E-01
SCF Iteration  56: Energy = 3.3017919551841182 dE =  1.20421E-01
SCF Iteration  57: Energy = 3.1813354353071714 dE = -1.20457E-01
SCF Iteration  58: Energy = 3.3017640922828608 dE =  1.20429E-01
SCF Iteration  59: Energy = 3.1813077672539096 dE = -1.20456E-01
SCF Iteration  60: Energy = 3.3017424890622911 dE =  1.20435E-01
SCF Iteration  61: Energy = 3.1812863139072993 dE = -1.20456E-01
SCF Iteration  62: Energy = 3.3017257408178935 dE =  1.20439E-01
SCF Iteration  63: Energy = 3.1812696811443795 dE = -1.20456E-01
SCF Iteration  64: Energy = 3.3017127574169267 dE =  1.20443E-01
SCF Iteration  65: Energy = 3.1812567868446155 dE = -1.20456E-01
SCF Iteration  66: Energy = 3.3017026931187363 dE =  1.20446E-01
SCF Iteration  67: Energy = 3.1812467913650844 dE = -1.20456E-01
SCF Iteration  68: Energy = 3.3016948919429581 dE =  1.20448E-01
SCF Iteration  69: Energy = 3.1812390433850180 dE = -1.20456E-01
SCF Iteration  70: Energy = 3.3016888451858311 dE =  1.20450E-01
SCF Iteration  71: Energy = 3.1812330377726390 dE = -1.20456E-01
SCF Iteration  72: Energy = 3.3016841584097492 dE =  1.20451E-01
SCF Iteration  73: Energy = 3.1812283828354211 dE = -1.20456E-01
SCF Iteration  74: Energy = 3.3016805258091937 dE =  1.20452E-01
SCF Iteration  75: Energy = 3.1812247748815459 dE = -1.20456E-01
SCF Iteration  76: Energy = 3.3016777103140393 dE =  1.20453E-01
SCF Iteration  77: Energy = 3.1812219784708580 dE = -1.20456E-01
SCF Iteration  78: Energy = 3.3016755281514385 dE =  1.20454E-01
SCF Iteration  79: Energy = 3.1812198110889192 dE = -1.20456E-01
SCF Iteration  80: Energy = 3.3016738368705134 dE =  1.20454E-01
SCF Iteration  81: Energy = 3.1812181312573058 dE = -1.20456E-01
SCF Iteration  82: Energy = 3.3016725260549622 dE =  1.20454E-01
SCF Iteration  83: Energy = 3.1812168293116532 dE = -1.20456E-01
SCF Iteration  84: Energy = 3.3016715101215111 dE =  1.20455E-01
SCF Iteration  85: Energy = 3.1812158202504568 dE = -1.20456E-01
SCF Iteration  86: Energy = 3.3016707227362145 dE =  1.20455E-01
SCF Iteration  87: Energy = 3.1812150381900857 dE = -1.20456E-01
SCF Iteration  88: Energy = 3.3016701124858114 dE =  1.20455E-01
SCF Iteration  89: Energy = 3.1812144320658780 dE = -1.20456E-01
SCF Iteration  90: Energy = 3.3016696395220215 dE =  1.20455E-01
SCF Iteration  91: Energy = 3.1812139622995472 dE = -1.20456E-01
SCF Iteration  92: Energy = 3.3016692729604191 dE =  1.20455E-01
SCF Iteration  93: Energy = 3.1812135982158054 dE = -1.20456E-01
SCF Iteration  94: Energy = 3.3016689888641748 dE =  1.20455E-01
SCF Iteration  95: Energy = 3.1812133160398046 dE = -1.20456E-01
SCF Iteration  96: Energy = 3.3016687686812745 dE =  1.20455E-01
SCF Iteration  97: Energy = 3.1812130973450499 dE = -1.20456E-01
SCF Iteration  98: Energy = 3.3016685980332152 dE =  1.20456E-01
SCF Iteration  99: Energy = 3.1812129278502894 dE = -1.20456E-01
SCF Iteration 100: Energy = 3.3016684657761539 dE =  1.20456E-01
SCF Iteration 101: Energy = 3.1812127964870358 dE = -1.20456E-01
SCF Iteration 102: Energy = 3.3016683632732473 dE =  1.20456E-01
SCF Iteration 103: Energy = 3.1812126946768382 dE = -1.20456E-01
SCF Iteration 104: Energy = 3.3016682838306703 dE =  1.20456E-01
SCF Iteration 105: Energy = 3.1812126157711038 dE = -1.20456E-01
SCF Iteration 106: Energy = 3.3016682222604876 dE =  1.20456E-01
SCF Iteration 107: Energy = 3.1812125546169971 dE = -1.20456E-01
SCF Iteration 108: Energy = 3.3016681745419234 dE =  1.20456E-01
SCF Iteration 109: Energy = 3.1812125072208950 dE = -1.20456E-01
SCF Iteration 110: Energy = 3.3016681375587362 dE =  1.20456E-01
SCF Iteration 111: Energy = 3.1812124704876137 dE = -1.20456E-01
SCF Iteration 112: Energy = 3.3016681088957727 dE =  1.20456E-01
SCF Iteration 113: Energy = 3.1812124420183414 dE = -1.20456E-01
SCF Iteration 114: Energy = 3.3016680866811994 dE =  1.20456E-01
SCF Iteration 115: Energy = 3.1812124199538836 dE = -1.20456E-01
SCF Iteration 116: Energy = 3.3016680694642977 dE =  1.20456E-01
SCF Iteration 117: Energy = 3.1812124028533306 dE = -1.20456E-01
SCF Iteration 118: Energy = 3.3016680561207474 dE =  1.20456E-01
SCF Iteration 119: Energy = 3.1812123895999402 dE = -1.20456E-01
SCF Iteration 120: Energy = 3.3016680457791345 dE =  1.20456E-01
SCF Iteration 121: Energy = 3.1812123793281923 dE = -1.20456E-01
SCF Iteration 122: Energy = 3.3016680377641023 dE =  1.20456E-01
SCF Iteration 123: Energy = 3.1812123713673284 dE = -1.20456E-01
SCF Iteration 124: Energy = 3.3016680315522349 dE =  1.20456E-01
SCF Iteration 125: Energy = 3.1812123651974398 dE = -1.20456E-01
SCF Iteration 126: Energy = 3.3016680267378726 dE =  1.20456E-01
SCF Iteration 127: Energy = 3.1812123604156133 dE = -1.20456E-01
SCF Iteration 128: Energy = 3.3016680230066200 dE =  1.20456E-01
SCF Iteration 129: Energy = 3.1812123567095698 dE = -1.20456E-01
SCF Iteration 130: Energy = 3.3016680201147937 dE =  1.20456E-01
SCF Iteration 131: Energy = 3.1812123538372870 dE = -1.20456E-01
SCF Iteration 132: Energy = 3.3016680178735527 dE =  1.20456E-01
SCF Iteration 133: Energy = 3.1812123516111868 dE = -1.20456E-01
SCF Iteration 134: Energy = 3.3016680161365306 dE =  1.20456E-01
SCF Iteration 135: Energy = 3.1812123498859046 dE = -1.20456E-01
SCF Iteration 136: Energy = 3.3016680147902964 dE =  1.20456E-01
SCF Iteration 137: Energy = 3.1812123485487680 dE = -1.20456E-01
SCF Iteration 138: Energy = 3.3016680137469283 dE =  1.20456E-01
SCF Iteration 139: Energy = 3.1812123475124441 dE = -1.20456E-01
SCF Iteration 140: Energy = 3.3016680129382756 dE =  1.20456E-01
SCF Iteration 141: Energy = 3.1812123467092670 dE = -1.20456E-01
SCF Iteration 142: Energy = 3.3016680123115716 dE =  1.20456E-01
SCF Iteration 143: Energy = 3.1812123460867934 dE = -1.20456E-01
SCF Iteration 144: Energy = 3.3016680118258517 dE =  1.20456E-01
SCF Iteration 145: Energy = 3.1812123456043517 dE = -1.20456E-01
SCF Iteration 146: Energy = 3.3016680114493990 dE =  1.20456E-01
SCF Iteration 147: Energy = 3.1812123452304384 dE = -1.20456E-01
SCF Iteration 148: Energy = 3.3016680111576395 dE =  1.20456E-01
SCF Iteration 149: Energy = 3.1812123449406471 dE = -1.20456E-01
SCF Iteration 150: Energy = 3.3016680109315146 dE =  1.20456E-01
SCF Iteration 151: Energy = 3.1812123447160632 dE = -1.20456E-01
SCF Iteration 152: Energy = 3.3016680107562673 dE =  1.20456E-01
SCF Iteration 153: Energy = 3.1812123445419997 dE = -1.20456E-01
SCF Iteration 154: Energy = 3.3016680106204506 dE =  1.20456E-01
SCF Iteration 155: Energy = 3.1812123444070970 dE = -1.20456E-01
SCF Iteration 156: Energy = 3.3016680105151810 dE =  1.20456E-01
SCF Iteration 157: Energy = 3.1812123443025451 dE = -1.20456E-01
SCF Iteration 158: Energy = 3.3016680104335991 dE =  1.20456E-01
SCF Iteration 159: Energy = 3.1812123442215112 dE = -1.20456E-01
SCF Iteration 160: Energy = 3.3016680103703653 dE =  1.20456E-01
SCF Iteration 161: Energy = 3.1812123441586992 dE = -1.20456E-01
SCF Iteration 162: Energy = 3.3016680103213663 dE =  1.20456E-01
SCF Iteration 163: Energy = 3.1812123441100351 dE = -1.20456E-01
SCF Iteration 164: Energy = 3.3016680102833886 dE =  1.20456E-01
SCF Iteration 165: Energy = 3.1812123440723132 dE = -1.20456E-01
SCF Iteration 166: Energy = 3.3016680102539473 dE =  1.20456E-01
SCF Iteration 167: Energy = 3.1812123440430717 dE = -1.20456E-01
SCF Iteration 168: Energy = 3.3016680102311327 dE =  1.20456E-01
SCF Iteration 169: Energy = 3.1812123440204152 dE = -1.20456E-01
SCF Iteration 170: Energy = 3.3016680102134561 dE =  1.20456E-01
SCF Iteration 171: Energy = 3.1812123440028435 dE = -1.20456E-01
SCF Iteration 172: Energy = 3.3016680101997524 dE =  1.20456E-01
SCF Iteration 173: Energy = 3.1812123439892437 dE = -1.20456E-01
SCF Iteration 174: Energy = 3.3016680101891307 dE =  1.20456E-01
SCF Iteration 175: Energy = 3.1812123439786868 dE = -1.20456E-01
SCF Iteration 176: Energy = 3.3016680101808991 dE =  1.20456E-01
SCF Iteration 177: Energy = 3.1812123439705129 dE = -1.20456E-01
SCF Iteration 178: Energy = 3.3016680101745184 dE =  1.20456E-01
SCF Iteration 179: Energy = 3.1812123439641846 dE = -1.20456E-01
SCF Iteration 180: Energy = 3.3016680101695757 dE =  1.20456E-01
SCF Iteration 181: Energy = 3.1812123439592659 dE = -1.20456E-01
SCF Iteration 182: Energy = 3.3016680101657476 dE =  1.20456E-01
SCF Iteration 183: Energy = 3.1812123439554707 dE = -1.20456E-01
SCF Iteration 184: Energy = 3.3016680101627829 dE =  1.20456E-01
SCF Iteration 185: Energy = 3.1812123439525175 dE = -1.20456E-01
SCF Iteration 186: Energy = 3.3016680101604754 dE =  1.20456E-01
SCF Iteration 187: Energy = 3.1812123439502296 dE = -1.20456E-01
SCF Iteration 188: Energy = 3.3016680101586928 dE =  1.20456E-01
SCF Iteration 189: Energy = 3.1812123439484585 dE = -1.20456E-01
SCF Iteration 190: Energy = 3.3016680101573037 dE =  1.20456E-01
SCF Iteration 191: Energy = 3.1812123439470819 dE = -1.20456E-01
SCF Iteration 192: Energy = 3.3016680101562317 dE =  1.20456E-01
SCF Iteration 193: Energy = 3.1812123439460160 dE = -1.20456E-01
SCF Iteration 194: Energy = 3.3016680101554021 dE =  1.20456E-01
SCF Iteration 195: Energy = 3.1812123439451927 dE = -1.20456E-01
SCF Iteration 196: Energy = 3.3016680101547591 dE =  1.20456E-01
SCF Iteration 197: Energy = 3.1812123439445559 dE = -1.20456E-01
SCF Iteration 198: Energy = 3.3016680101542564 dE =  1.20456E-01
SCF Iteration 199: Energy = 3.1812123439440549 dE = -1.20456E-01
SCF Iteration 200: Energy = 3.3016680101538762 dE =  1.20456E-01
SCF Iteration 201: Energy = 3.1812123439436695 dE = -1.20456E-01
SCF Iteration 202: Energy = 3.3016680101535716 dE =  1.20456E-01
SCF Iteration 203: Energy = 3.1812123439433710 dE = -1.20456E-01
SCF Iteration 204: Energy = 3.3016680101533398 dE =  1.20456E-01
SCF Iteration 205: Energy = 3.1812123439431392 dE = -1.20456E-01
SCF Iteration 206: Energy = 3.3016680101531595 dE =  1.20456E-01
SCF Iteration 207: Energy = 3.1812123439429669 dE = -1.20456E-01
SCF Iteration 208: Energy = 3.3016680101530174 dE =  1.20456E-01
SCF Iteration 209: Energy = 3.1812123439428239 dE = -1.20456E-01
SCF Iteration 210: Energy = 3.3016680101529152 dE =  1.20456E-01
SCF Iteration 211: Energy = 3.1812123439427298 dE = -1.20456E-01
SCF Iteration 212: Energy = 3.3016680101528282 dE =  1.20456E-01
SCF Iteration 213: Energy = 3.1812123439426383 dE = -1.20456E-01
SCF Iteration 214: Energy = 3.3016680101527651 dE =  1.20456E-01
SCF Iteration 215: Energy = 3.1812123439425752 dE = -1.20456E-01
SCF Iteration 216: Energy = 3.3016680101527189 dE =  1.20456E-01
SCF Iteration 217: Energy = 3.1812123439425273 dE = -1.20456E-01
SCF Iteration 218: Energy = 3.3016680101526781 dE =  1.20456E-01
SCF Iteration 219: Energy = 3.1812123439424873 dE = -1.20456E-01
SCF Iteration 220: Energy = 3.3016680101526505 dE =  1.20456E-01
SCF Iteration 221: Energy = 3.1812123439424598 dE = -1.20456E-01
SCF Iteration 222: Energy = 3.3016680101526230 dE =  1.20456E-01
SCF Iteration 223: Energy = 3.1812123439424287 dE = -1.20456E-01
SCF Iteration 224: Energy = 3.3016680101526088 dE =  1.20456E-01
SCF Iteration 225: Energy = 3.1812123439424180 dE = -1.20456E-01
SCF Iteration 226: Energy = 3.3016680101525973 dE =  1.20456E-01
SCF Iteration 227: Energy = 3.1812123439424012 dE = -1.20456E-01
SCF Iteration 228: Energy = 3.3016680101525813 dE =  1.20456E-01
SCF Iteration 229: Energy = 3.1812123439423896 dE = -1.20456E-01
SCF Iteration 230: Energy = 3.3016680101525706 dE =  1.20456E-01
SCF Iteration 231: Energy = 3.1812123439423736 dE = -1.20456E-01
SCF Iteration 232: Energy = 3.3016680101525635 dE =  1.20456E-01
SCF Iteration 233: Energy = 3.1812123439423736 dE = -1.20456E-01
SCF Iteration 234: Energy = 3.3016680101525608 dE =  1.20456E-01
SCF Iteration 235: Energy = 3.1812123439423621 dE = -1.20456E-01
SCF Iteration 236: Energy = 3.3016680101525573 dE =  1.20456E-01
SCF Iteration 237: Energy = 3.1812123439423612 dE = -1.20456E-01
SCF Iteration 238: Energy = 3.3016680101525528 dE =  1.20456E-01
SCF Iteration 239: Energy = 3.1812123439423603 dE = -1.20456E-01
SCF Iteration 240: Energy = 3.3016680101525537 dE =  1.20456E-01
SCF Iteration 241: Energy = 3.1812123439423621 dE = -1.20456E-01
SCF Iteration 242: Energy = 3.3016680101525537 dE =  1.20456E-01
SCF Iteration 243: Energy = 3.1812123439423612 dE = -1.20456E-01
SCF Iteration 244: Energy = 3.3016680101525546 dE =  1.20456E-01
SCF Iteration 245: Energy = 3.1812123439423639 dE = -1.20456E-01
SCF Iteration 246: Energy = 3.3016680101525502 dE =  1.20456E-01
SCF Iteration 247: Energy = 3.1812123439423621 dE = -1.20456E-01
SCF Iteration 248: Energy = 3.3016680101525528 dE =  1.20456E-01
SCF Iteration 249: Energy = 3.1812123439423656 dE = -1.20456E-01
SCF Iteration 250: Energy = 3.3016680101525511 dE =  1.20456E-01
SCF Iteration 251: Energy = 3.1812123439423585 dE = -1.20456E-01
SCF Iteration 252: Energy = 3.3016680101525511 dE =  1.20456E-01
SCF Iteration 253: Energy = 3.1812123439423550 dE = -1.20456E-01
SCF Iteration 254: Energy = 3.3016680101525564 dE =  1.20456E-01
SCF Iteration 255: Energy = 3.1812123439423594 dE = -1.20456E-01
SCF Iteration 256: Energy = 3.3016680101525493 dE =  1.20456E-01
SCF Iteration 257: Energy = 3.1812123439423567 dE = -1.20456E-01
SCF Iteration 258: Energy = 3.3016680101525466 dE =  1.20456E-01
SCF Iteration 259: Energy = 3.1812123439423630 dE = -1.20456E-01
SCF Iteration 260: Energy = 3.3016680101525484 dE =  1.20456E-01
SCF Iteration 261: Energy = 3.1812123439423639 dE = -1.20456E-01
SCF Iteration 262: Energy = 3.3016680101525537 dE =  1.20456E-01
SCF Iteration 263: Energy = 3.1812123439423630 dE = -1.20456E-01
SCF Iteration 264: Energy = 3.3016680101525546 dE =  1.20456E-01
SCF Iteration 265: Energy = 3.1812123439423585 dE = -1.20456E-01
SCF Iteration 266: Energy = 3.3016680101525528 dE =  1.20456E-01
SCF Iteration 267: Energy = 3.1812123439423567 dE = -1.20456E-01
SCF Iteration 268: Energy = 3.3016680101525475 dE =  1.20456E-01
SCF Iteration 269: Energy = 3.1812123439423576 dE = -1.20456E-01
SCF Iteration 270: Energy = 3.3016680101525466 dE =  1.20456E-01
SCF Iteration 271: Energy = 3.1812123439423576 dE = -1.20456E-01
SCF Iteration 272: Energy = 3.3016680101525475 dE =  1.20456E-01
SCF Iteration 273: Energy = 3.1812123439423514 dE = -1.20456E-01
SCF Iteration 274: Energy = 3.3016680101525457 dE =  1.20456E-01
SCF Iteration 275: Energy = 3.1812123439423488 dE = -1.20456E-01
SCF Iteration 276: Energy = 3.3016680101525413 dE =  1.20456E-01
SCF Iteration 277: Energy = 3.1812123439423541 dE = -1.20456E-01
SCF Iteration 278: Energy = 3.3016680101525404 dE =  1.20456E-01
SCF Iteration 279: Energy = 3.1812123439423514 dE = -1.20456E-01
SCF Iteration 280: Energy = 3.3016680101525440 dE =  1.20456E-01
SCF Iteration 281: Energy = 3.1812123439423488 dE = -1.20456E-01
SCF Iteration 282: Energy = 3.3016680101525369 dE =  1.20456E-01
SCF Iteration 283: Energy = 3.1812123439423461 dE = -1.20456E-01
SCF Iteration 284: Energy = 3.3016680101525395 dE =  1.20456E-01
SCF Iteration 285: Energy = 3.1812123439423541 dE = -1.20456E-01
SCF Iteration 286: Energy = 3.3016680101525422 dE =  1.20456E-01
SCF Iteration 287: Energy = 3.1812123439423461 dE = -1.20456E-01
SCF Iteration 288: Energy = 3.3016680101525431 dE =  1.20456E-01
SCF Iteration 289: Energy = 3.1812123439423559 dE = -1.20456E-01
SCF Iteration 290: Energy = 3.3016680101525511 dE =  1.20456E-01
SCF Iteration 291: Energy = 3.1812123439423621 dE = -1.20456E-01
SCF Iteration 292: Energy = 3.3016680101525484 dE =  1.20456E-01
SCF Iteration 293: Energy = 3.1812123439423603 dE = -1.20456E-01
SCF Iteration 294: Energy = 3.3016680101525475 dE =  1.20456E-01
SCF Iteration 295: Energy = 3.1812123439423639 dE = -1.20456E-01
SCF Iteration 296: Energy = 3.3016680101525422 dE =  1.20456E-01
SCF Iteration 297: Energy = 3.1812123439423523 dE = -1.20456E-01
SCF Iteration 298: Energy = 3.3016680101525440 dE =  1.20456E-01
SCF Iteration 299: Energy = 3.1812123439423470 dE = -1.20456E-01
SCF Iteration 300: Energy = 3.3016680101525431 dE =  1.20456E-01
SCF Iteration 301: Energy = 3.1812123439423514 dE = -1.20456E-01
SCF Iteration 302: Energy = 3.3016680101525422 dE =  1.20456E-01
SCF Iteration 303: Energy = 3.1812123439423576 dE = -1.20456E-01
SCF Iteration 304: Energy = 3.3016680101525422 dE =  1.20456E-01
SCF Iteration 305: Energy = 3.1812123439423496 dE = -1.20456E-01
SCF Iteration 306: Energy = 3.3016680101525431 dE =  1.20456E-01
SCF Iteration 307: Energy = 3.1812123439423585 dE = -1.20456E-01
SCF Iteration 308: Energy = 3.3016680101525457 dE =  1.20456E-01
SCF Iteration 309: Energy = 3.1812123439423541 dE = -1.20456E-01
SCF Iteration 310: Energy = 3.3016680101525404 dE =  1.20456E-01
SCF Iteration 311: Energy = 3.1812123439423479 dE = -1.20456E-01
SCF Iteration 312: Energy = 3.3016680101525466 dE =  1.20456E-01
SCF Iteration 313: Energy = 3.1812123439423576 dE = -1.20456E-01
SCF Iteration 314: Energy = 3.3016680101525431 dE =  1.20456E-01
SCF Iteration 315: Energy = 3.1812123439423514 dE = -1.20456E-01
SCF Iteration 316: Energy = 3.3016680101525422 dE =  1.20456E-01
SCF Iteration 317: Energy = 3.1812123439423559 dE = -1.20456E-01
SCF Iteration 318: Energy = 3.3016680101525449 dE =  1.20456E-01
SCF Iteration 319: Energy = 3.1812123439423603 dE = -1.20456E-01
SCF Iteration 320: Energy = 3.3016680101525449 dE =  1.20456E-01
SCF Iteration 321: Energy = 3.1812123439423603 dE = -1.20456E-01
SCF Iteration 322: Energy = 3.3016680101525431 dE =  1.20456E-01
SCF Iteration 323: Energy = 3.1812123439423452 dE = -1.20456E-01
SCF Iteration 324: Energy = 3.3016680101525413 dE =  1.20456E-01
SCF Iteration 325: Energy = 3.1812123439423496 dE = -1.20456E-01
SCF Iteration 326: Energy = 3.3016680101525386 dE =  1.20456E-01
SCF Iteration 327: Energy = 3.1812123439423479 dE = -1.20456E-01
SCF Iteration 328: Energy = 3.3016680101525431 dE =  1.20456E-01
SCF Iteration 329: Energy = 3.1812123439423541 dE = -1.20456E-01
SCF Iteration 330: Energy = 3.3016680101525466 dE =  1.20456E-01
SCF Iteration 331: Energy = 3.1812123439423523 dE = -1.20456E-01
SCF Iteration 332: Energy = 3.3016680101525449 dE =  1.20456E-01
SCF Iteration 333: Energy = 3.1812123439423461 dE = -1.20456E-01
SCF Iteration 334: Energy = 3.3016680101525440 dE =  1.20456E-01
SCF Iteration 335: Energy = 3.1812123439423532 dE = -1.20456E-01
SCF Iteration 336: Energy = 3.3016680101525422 dE =  1.20456E-01
SCF Iteration 337: Energy = 3.1812123439423505 dE = -1.20456E-01
SCF Iteration 338: Energy = 3.3016680101525431 dE =  1.20456E-01
SCF Iteration 339: Energy = 3.1812123439423479 dE = -1.20456E-01
SCF Iteration 340: Energy = 3.3016680101525413 dE =  1.20456E-01
SCF Iteration 341: Energy = 3.1812123439423461 dE = -1.20456E-01
SCF Iteration 342: Energy = 3.3016680101525449 dE =  1.20456E-01
SCF Iteration 343: Energy = 3.1812123439423488 dE = -1.20456E-01
SCF Iteration 344: Energy = 3.3016680101525404 dE =  1.20456E-01
SCF Iteration 345: Energy = 3.1812123439423541 dE = -1.20456E-01
SCF Iteration 346: Energy = 3.3016680101525449 dE =  1.20456E-01
SCF Iteration 347: Energy = 3.1812123439423550 dE = -1.20456E-01
SCF Iteration 348: Energy = 3.3016680101525431 dE =  1.20456E-01
SCF Iteration 349: Energy = 3.1812123439423505 dE = -1.20456E-01
SCF Iteration 350: Energy = 3.3016680101525377 dE =  1.20456E-01
SCF Iteration 351: Energy = 3.1812123439423425 dE = -1.20456E-01
SCF Iteration 352: Energy = 3.3016680101525369 dE =  1.20456E-01
SCF Iteration 353: Energy = 3.1812123439423479 dE = -1.20456E-01
SCF Iteration 354: Energy = 3.3016680101525440 dE =  1.20456E-01
SCF Iteration 355: Energy = 3.1812123439423523 dE = -1.20456E-01
SCF Iteration 356: Energy = 3.3016680101525440 dE =  1.20456E-01
SCF Iteration 357: Energy = 3.1812123439423505 dE = -1.20456E-01
SCF Iteration 358: Energy = 3.3016680101525475 dE =  1.20456E-01
SCF Iteration 359: Energy = 3.1812123439423461 dE = -1.20456E-01
SCF Iteration 360: Energy = 3.3016680101525422 dE =  1.20456E-01
SCF Iteration 361: Energy = 3.1812123439423523 dE = -1.20456E-01
SCF Iteration 362: Energy = 3.3016680101525449 dE =  1.20456E-01
SCF Iteration 363: Energy = 3.1812123439423505 dE = -1.20456E-01
SCF Iteration 364: Energy = 3.3016680101525422 dE =  1.20456E-01
SCF Iteration 365: Energy = 3.1812123439423488 dE = -1.20456E-01
SCF Iteration 366: Energy = 3.3016680101525386 dE =  1.20456E-01
SCF Iteration 367: Energy = 3.1812123439423470 dE = -1.20456E-01
SCF Iteration 368: Energy = 3.3016680101525431 dE =  1.20456E-01
SCF Iteration 369: Energy = 3.1812123439423443 dE = -1.20456E-01
SCF Iteration 370: Energy = 3.3016680101525449 dE =  1.20456E-01
SCF Iteration 371: Energy = 3.1812123439423514 dE = -1.20456E-01
SCF Iteration 372: Energy = 3.3016680101525440 dE =  1.20456E-01
SCF Iteration 373: Energy = 3.1812123439423594 dE = -1.20456E-01
SCF Iteration 374: Energy = 3.3016680101525440 dE =  1.20456E-01
SCF Iteration 375: Energy = 3.1812123439423523 dE = -1.20456E-01
SCF Iteration 376: Energy = 3.3016680101525431 dE =  1.20456E-01
SCF Iteration 377: Energy = 3.1812123439423550 dE = -1.20456E-01
SCF Iteration 378: Energy = 3.3016680101525422 dE =  1.20456E-01
SCF Iteration 379: Energy = 3.1812123439423452 dE = -1.20456E-01
SCF Iteration 380: Energy = 3.3016680101525422 dE =  1.20456E-01
SCF Iteration 381: Energy = 3.1812123439423479 dE = -1.20456E-01
SCF Iteration 382: Energy = 3.3016680101525431 dE =  1.20456E-01
SCF Iteration 383: Energy = 3.1812123439423505 dE = -1.20456E-01
SCF Iteration 384: Energy = 3.3016680101525413 dE =  1.20456E-01
SCF Iteration 385: Energy = 3.1812123439423541 dE = -1.20456E-01
SCF Iteration 386: Energy = 3.3016680101525422 dE =  1.20456E-01
SCF Iteration 387: Energy = 3.1812123439423479 dE = -1.20456E-01
SCF Iteration 388: Energy = 3.3016680101525413 dE =  1.20456E-01
SCF Iteration 389: Energy = 3.1812123439423479 dE = -1.20456E-01
SCF Iteration 390: Energy = 3.3016680101525422 dE =  1.20456E-01
SCF Iteration 391: Energy = 3.1812123439423532 dE = -1.20456E-01
SCF Iteration 392: Energy = 3.3016680101525466 dE =  1.20456E-01
SCF Iteration 393: Energy = 3.1812123439423470 dE = -1.20456E-01
SCF Iteration 394: Energy = 3.3016680101525440 dE =  1.20456E-01
SCF Iteration 395: Energy = 3.1812123439423550 dE = -1.20456E-01
SCF Iteration 396: Energy = 3.3016680101525449 dE =  1.20456E-01
SCF Iteration 397: Energy = 3.1812123439423479 dE = -1.20456E-01
SCF Iteration 398: Energy = 3.3016680101525466 dE =  1.20456E-01
SCF Iteration 399: Energy = 3.1812123439423594 dE = -1.20456E-01
SCF Iteration 400: Energy = 3.3016680101525466 dE =  1.20456E-01
SCF Iteration 401: Energy = 3.1812123439423541 dE = -1.20456E-01
SCF Iteration 402: Energy = 3.3016680101525449 dE =  1.20456E-01
SCF Iteration 403: Energy = 3.1812123439423479 dE = -1.20456E-01
SCF Iteration 404: Energy = 3.3016680101525431 dE =  1.20456E-01
SCF Iteration 405: Energy = 3.1812123439423523 dE = -1.20456E-01
SCF Iteration 406: Energy = 3.3016680101525422 dE =  1.20456E-01
SCF Iteration 407: Energy = 3.1812123439423470 dE = -1.20456E-01
SCF Iteration 408: Energy = 3.3016680101525449 dE =  1.20456E-01
SCF Iteration 409: Energy = 3.1812123439423532 dE = -1.20456E-01
SCF Iteration 410: Energy = 3.3016680101525413 dE =  1.20456E-01
SCF Iteration 411: Energy = 3.1812123439423567 dE = -1.20456E-01
SCF Iteration 412: Energy = 3.3016680101525431 dE =  1.20456E-01
SCF Iteration 413: Energy = 3.1812123439423594 dE = -1.20456E-01
SCF Iteration 414: Energy = 3.3016680101525449 dE =  1.20456E-01
SCF Iteration 415: Energy = 3.1812123439423532 dE = -1.20456E-01
SCF Iteration 416: Energy = 3.3016680101525404 dE =  1.20456E-01
SCF Iteration 417: Energy = 3.1812123439423488 dE = -1.20456E-01
SCF Iteration 418: Energy = 3.3016680101525404 dE =  1.20456E-01
SCF Iteration 419: Energy = 3.1812123439423505 dE = -1.20456E-01
SCF Iteration 420: Energy = 3.3016680101525493 dE =  1.20456E-01
SCF Iteration 421: Energy = 3.1812123439423523 dE = -1.20456E-01
SCF Iteration 422: Energy = 3.3016680101525466 dE =  1.20456E-01
SCF Iteration 423: Energy = 3.1812123439423550 dE = -1.20456E-01
SCF Iteration 424: Energy = 3.3016680101525457 dE =  1.20456E-01
SCF Iteration 425: Energy = 3.1812123439423576 dE = -1.20456E-01
SCF Iteration 426: Energy = 3.3016680101525457 dE =  1.20456E-01
SCF Iteration 427: Energy = 3.1812123439423550 dE = -1.20456E-01
SCF Iteration 428: Energy = 3.3016680101525431 dE =  1.20456E-01
SCF Iteration 429: Energy = 3.1812123439423567 dE = -1.20456E-01
SCF Iteration 430: Energy = 3.3016680101525466 dE =  1.20456E-01
SCF Iteration 431: Energy = 3.1812123439423488 dE = -1.20456E-01
SCF Iteration 432: Energy = 3.3016680101525386 dE =  1.20456E-01
SCF Iteration 433: Energy = 3.1812123439423496 dE = -1.20456E-01
SCF Iteration 434: Energy = 3.3016680101525404 dE =  1.20456E-01
SCF Iteration 435: Energy = 3.1812123439423550 dE = -1.20456E-01
SCF Iteration 436: Energy = 3.3016680101525466 dE =  1.20456E-01
SCF Iteration 437: Energy = 3.1812123439423576 dE = -1.20456E-01
SCF Iteration 438: Energy = 3.3016680101525475 dE =  1.20456E-01
SCF Iteration 439: Energy = 3.1812123439423505 dE = -1.20456E-01
SCF Iteration 440: Energy = 3.3016680101525449 dE =  1.20456E-01
SCF Iteration 441: Energy = 3.1812123439423488 dE = -1.20456E-01
SCF Iteration 442: Energy = 3.3016680101525377 dE =  1.20456E-01
SCF Iteration 443: Energy = 3.1812123439423425 dE = -1.20456E-01
SCF Iteration 444: Energy = 3.3016680101525431 dE =  1.20456E-01
SCF Iteration 445: Energy = 3.1812123439423514 dE = -1.20456E-01
SCF Iteration 446: Energy = 3.3016680101525395 dE =  1.20456E-01
SCF Iteration 447: Energy = 3.1812123439423425 dE = -1.20456E-01
SCF Iteration 448: Energy = 3.3016680101525457 dE =  1.20456E-01
SCF Iteration 449: Energy = 3.1812123439423523 dE = -1.20456E-01
SCF Iteration 450: Energy = 3.3016680101525395 dE =  1.20456E-01
SCF Iteration 451: Energy = 3.1812123439423488 dE = -1.20456E-01
SCF Iteration 452: Energy = 3.3016680101525377 dE =  1.20456E-01
SCF Iteration 453: Energy = 3.1812123439423452 dE = -1.20456E-01
SCF Iteration 454: Energy = 3.3016680101525395 dE =  1.20456E-01
SCF Iteration 455: Energy = 3.1812123439423567 dE = -1.20456E-01
SCF Iteration 456: Energy = 3.3016680101525466 dE =  1.20456E-01
SCF Iteration 457: Energy = 3.1812123439423585 dE = -1.20456E-01
SCF Iteration 458: Energy = 3.3016680101525475 dE =  1.20456E-01
SCF Iteration 459: Energy = 3.1812123439423523 dE = -1.20456E-01
SCF Iteration 460: Energy = 3.3016680101525475 dE =  1.20456E-01
SCF Iteration 461: Energy = 3.1812123439423550 dE = -1.20456E-01
SCF Iteration 462: Energy = 3.3016680101525457 dE =  1.20456E-01
SCF Iteration 463: Energy = 3.1812123439423603 dE = -1.20456E-01
SCF Iteration 464: Energy = 3.3016680101525431 dE =  1.20456E-01
SCF Iteration 465: Energy = 3.1812123439423559 dE = -1.20456E-01
SCF Iteration 466: Energy = 3.3016680101525395 dE =  1.20456E-01
SCF Iteration 467: Energy = 3.1812123439423532 dE = -1.20456E-01
SCF Iteration 468: Energy = 3.3016680101525413 dE =  1.20456E-01
SCF Iteration 469: Energy = 3.1812123439423488 dE = -1.20456E-01
SCF Iteration 470: Energy = 3.3016680101525369 dE =  1.20456E-01
SCF Iteration 471: Energy = 3.1812123439423532 dE = -1.20456E-01
SCF Iteration 472: Energy = 3.3016680101525413 dE =  1.20456E-01
SCF Iteration 473: Energy = 3.1812123439423514 dE = -1.20456E-01
SCF Iteration 474: Energy = 3.3016680101525386 dE =  1.20456E-01
SCF Iteration 475: Energy = 3.1812123439423452 dE = -1.20456E-01
SCF Iteration 476: Energy = 3.3016680101525422 dE =  1.20456E-01
SCF Iteration 477: Energy = 3.1812123439423505 dE = -1.20456E-01
SCF Iteration 478: Energy = 3.3016680101525377 dE =  1.20456E-01
SCF Iteration 479: Energy = 3.1812123439423505 dE = -1.20456E-01
SCF Iteration 480: Energy = 3.3016680101525431 dE =  1.20456E-01
SCF Iteration 481: Energy = 3.1812123439423470 dE = -1.20456E-01
SCF Iteration 482: Energy = 3.3016680101525449 dE =  1.20456E-01
SCF Iteration 483: Energy = 3.1812123439423496 dE = -1.20456E-01
SCF Iteration 484: Energy = 3.3016680101525440 dE =  1.20456E-01
SCF Iteration 485: Energy = 3.1812123439423550 dE = -1.20456E-01
SCF Iteration 486: Energy = 3.3016680101525484 dE =  1.20456E-01
SCF Iteration 487: Energy = 3.1812123439423550 dE = -1.20456E-01
SCF Iteration 488: Energy = 3.3016680101525431 dE =  1.20456E-01
SCF Iteration 489: Energy = 3.1812123439423496 dE = -1.20456E-01
SCF Iteration 490: Energy = 3.3016680101525413 dE =  1.20456E-01
SCF Iteration 491: Energy = 3.1812123439423496 dE = -1.20456E-01
SCF Iteration 492: Energy = 3.3016680101525457 dE =  1.20456E-01
SCF Iteration 493: Energy = 3.1812123439423523 dE = -1.20456E-01
SCF Iteration 494: Energy = 3.3016680101525431 dE =  1.20456E-01
SCF Iteration 495: Energy = 3.1812123439423541 dE = -1.20456E-01
SCF Iteration 496: Energy = 3.3016680101525413 dE =  1.20456E-01
SCF Iteration 497: Energy = 3.1812123439423594 dE = -1.20456E-01
SCF Iteration 498: Energy = 3.3016680101525466 dE =  1.20456E-01
SCF Iteration 499: Energy = 3.1812123439423559 dE = -1.20456E-01
SCF Iteration 500: Energy = 3.3016680101525449 dE =  1.20456E-01
