
  Memory set to  55.879 GiB by Python driver.
  Threads set to 1 by Python driver.
Settings:
	LOT = CCSD-S1-U21
	wc = 20.0 eV
	lambda = [0.848697 0.       0.      ] a.u.
	Equivalent A0 = LAMBDA / sqrt(2 wc) = [0.7 0.  0. ])
doing QED-CCSD-1 (or QED-CCSD-21)
Number of occupied orbitals:   1
Number of basis functions:  60
SCF Iteration   1: Energy = 2.0212905202418434 dE =  2.02129E+00
SCF Iteration   2: Energy = 2.5942747518722338 dE =  5.72984E-01
SCF Iteration   3: Energy = 2.2285602789878523 dE = -3.65714E-01
SCF Iteration   4: Energy = 2.5633889700236550 dE =  3.34829E-01
SCF Iteration   5: Energy = 2.2794290659703087 dE = -2.83960E-01
SCF Iteration   6: Energy = 2.5527235891840552 dE =  2.73295E-01
SCF Iteration   7: Energy = 2.2910387744587686 dE = -2.61685E-01
SCF Iteration   8: Energy = 2.5455401858683393 dE =  2.54501E-01
SCF Iteration   9: Energy = 2.2918214527967171 dE = -2.53719E-01
SCF Iteration  10: Energy = 2.5397561706601515 dE =  2.47935E-01
SCF Iteration  11: Energy = 2.2891897711896538 dE = -2.50566E-01
SCF Iteration  12: Energy = 2.5349289842691238 dE =  2.45739E-01
SCF Iteration  13: Energy = 2.2856762333362548 dE = -2.49253E-01
SCF Iteration  14: Energy = 2.5309698161418197 dE =  2.45294E-01
SCF Iteration  15: Energy = 2.2822698250540316 dE = -2.48700E-01
SCF Iteration  16: Energy = 2.5278123284475016 dE =  2.45543E-01
SCF Iteration  17: Energy = 2.2793338999404171 dE = -2.48478E-01
SCF Iteration  18: Energy = 2.5253561259726283 dE =  2.46022E-01
SCF Iteration  19: Energy = 2.2769525894722351 dE = -2.48404E-01
SCF Iteration  20: Energy = 2.5234818449013900 dE =  2.46529E-01
SCF Iteration  21: Energy = 2.2750897493388456 dE = -2.48392E-01
SCF Iteration  22: Energy = 2.5220717317638703 dE =  2.46982E-01
SCF Iteration  23: Energy = 2.2736659264580084 dE = -2.48406E-01
SCF Iteration  24: Energy = 2.5210216683080713 dE =  2.47356E-01
SCF Iteration  25: Energy = 2.2725944465872336 dE = -2.48427E-01
SCF Iteration  26: Energy = 2.5202454925643396 dE =  2.47651E-01
SCF Iteration  27: Energy = 2.2717967049132830 dE = -2.48449E-01
SCF Iteration  28: Energy = 2.5196748275579655 dE =  2.47878E-01
SCF Iteration  29: Energy = 2.2712072115719195 dE = -2.48468E-01
SCF Iteration  30: Energy = 2.5192568812727045 dE =  2.48050E-01
SCF Iteration  31: Energy = 2.2707739222158505 dE = -2.48483E-01
SCF Iteration  32: Energy = 2.5189516432024526 dE =  2.48178E-01
SCF Iteration  33: Energy = 2.2704566621914681 dE = -2.48495E-01
SCF Iteration  34: Energy = 2.5187291748360159 dE =  2.48273E-01
SCF Iteration  35: Energy = 2.2702250010328759 dE = -2.48504E-01
SCF Iteration  36: Energy = 2.5185672737992286 dE =  2.48342E-01
SCF Iteration  37: Energy = 2.2700561820862193 dE = -2.48511E-01
SCF Iteration  38: Energy = 2.5184495789793555 dE =  2.48393E-01
SCF Iteration  39: Energy = 2.2699333374933861 dE = -2.48516E-01
SCF Iteration  40: Energy = 2.5183640883547342 dE =  2.48431E-01
SCF Iteration  41: Energy = 2.2698440421179975 dE = -2.48520E-01
SCF Iteration  42: Energy = 2.5183020263553795 dE =  2.48458E-01
SCF Iteration  43: Energy = 2.2697791840194781 dE = -2.48523E-01
SCF Iteration  44: Energy = 2.5182569916917878 dE =  2.48478E-01
SCF Iteration  45: Energy = 2.2697321023043915 dE = -2.48525E-01
SCF Iteration  46: Energy = 2.5182243230136745 dE =  2.48492E-01
SCF Iteration  47: Energy = 2.2696979390513796 dE = -2.48526E-01
SCF Iteration  48: Energy = 2.5182006302343480 dE =  2.48503E-01
SCF Iteration  49: Energy = 2.2696731572228881 dE = -2.48527E-01
SCF Iteration  50: Energy = 2.5181834500862292 dE =  2.48510E-01
SCF Iteration  51: Energy = 2.2696551846590602 dE = -2.48528E-01
SCF Iteration  52: Energy = 2.5181709939374430 dE =  2.48516E-01
SCF Iteration  53: Energy = 2.2696421525350718 dE = -2.48529E-01
SCF Iteration  54: Energy = 2.5181619636619059 dE =  2.48520E-01
SCF Iteration  55: Energy = 2.2696327039263933 dE = -2.48529E-01
SCF Iteration  56: Energy = 2.5181554174647962 dE =  2.48523E-01
SCF Iteration  57: Energy = 2.2696258540621561 dE = -2.48530E-01
SCF Iteration  58: Energy = 2.5181506722513882 dE =  2.48525E-01
SCF Iteration  59: Energy = 2.2696208885077489 dE = -2.48530E-01
SCF Iteration  60: Energy = 2.5181472326612768 dE =  2.48526E-01
SCF Iteration  61: Energy = 2.2696172890861170 dE = -2.48530E-01
SCF Iteration  62: Energy = 2.5181447395246255 dE =  2.48527E-01
SCF Iteration  63: Energy = 2.2696146800360002 dE = -2.48530E-01
SCF Iteration  64: Energy = 2.5181429324462670 dE =  2.48528E-01
SCF Iteration  65: Energy = 2.2696127889081454 dE = -2.48530E-01
SCF Iteration  66: Energy = 2.5181416226563451 dE =  2.48529E-01
SCF Iteration  67: Energy = 2.2696114181806708 dE = -2.48530E-01
SCF Iteration  68: Energy = 2.5181406733164606 dE =  2.48529E-01
SCF Iteration  69: Energy = 2.2696104246637194 dE = -2.48530E-01
SCF Iteration  70: Energy = 2.5181399852372417 dE =  2.48530E-01
SCF Iteration  71: Energy = 2.2696097045600983 dE = -2.48530E-01
SCF Iteration  72: Energy = 2.5181394865219588 dE =  2.48530E-01
SCF Iteration  73: Energy = 2.2696091826310871 dE = -2.48530E-01
SCF Iteration  74: Energy = 2.5181391250579153 dE =  2.48530E-01
SCF Iteration  75: Energy = 2.2696088043405487 dE = -2.48530E-01
SCF Iteration  76: Energy = 2.5181388630730677 dE =  2.48530E-01
SCF Iteration  77: Energy = 2.2696085301593101 dE = -2.48530E-01
SCF Iteration  78: Energy = 2.5181386731899869 dE =  2.48530E-01
SCF Iteration  79: Energy = 2.2696083314360411 dE = -2.48530E-01
SCF Iteration  80: Energy = 2.5181385355655079 dE =  2.48530E-01
SCF Iteration  81: Energy = 2.2696081874041178 dE = -2.48530E-01
SCF Iteration  82: Energy = 2.5181384358174377 dE =  2.48530E-01
SCF Iteration  83: Energy = 2.2696080830119145 dE = -2.48530E-01
SCF Iteration  84: Energy = 2.5181383635216532 dE =  2.48530E-01
SCF Iteration  85: Energy = 2.2696080073500791 dE = -2.48530E-01
SCF Iteration  86: Energy = 2.5181383111228750 dE =  2.48530E-01
SCF Iteration  87: Energy = 2.2696079525116115 dE = -2.48530E-01
SCF Iteration  88: Energy = 2.5181382731451381 dE =  2.48530E-01
SCF Iteration  89: Energy = 2.2696079127656130 dE = -2.48530E-01
SCF Iteration  90: Energy = 2.5181382456195278 dE =  2.48530E-01
SCF Iteration  91: Energy = 2.2696078839583889 dE = -2.48530E-01
SCF Iteration  92: Energy = 2.5181382256694533 dE =  2.48530E-01
SCF Iteration  93: Energy = 2.2696078630794148 dE = -2.48530E-01
SCF Iteration  94: Energy = 2.5181382112099855 dE =  2.48530E-01
SCF Iteration  95: Energy = 2.2696078479466917 dE = -2.48530E-01
SCF Iteration  96: Energy = 2.5181382007300206 dE =  2.48530E-01
SCF Iteration  97: Energy = 2.2696078369787673 dE = -2.48530E-01
SCF Iteration  98: Energy = 2.5181381931343298 dE =  2.48530E-01
SCF Iteration  99: Energy = 2.2696078290294066 dE = -2.48530E-01
SCF Iteration 100: Energy = 2.5181381876291056 dE =  2.48530E-01
SCF Iteration 101: Energy = 2.2696078232678598 dE = -2.48530E-01
SCF Iteration 102: Energy = 2.5181381836390178 dE =  2.48530E-01
SCF Iteration 103: Energy = 2.2696078190919793 dE = -2.48530E-01
SCF Iteration 104: Energy = 2.5181381807470791 dE =  2.48530E-01
SCF Iteration 105: Energy = 2.2696078160653821 dE = -2.48530E-01
SCF Iteration 106: Energy = 2.5181381786510446 dE =  2.48530E-01
SCF Iteration 107: Energy = 2.2696078138717652 dE = -2.48530E-01
SCF Iteration 108: Energy = 2.5181381771318785 dE =  2.48530E-01
SCF Iteration 109: Energy = 2.2696078122818575 dE = -2.48530E-01
SCF Iteration 110: Energy = 2.5181381760308144 dE =  2.48530E-01
SCF Iteration 111: Energy = 2.2696078111295357 dE = -2.48530E-01
SCF Iteration 112: Energy = 2.5181381752327918 dE =  2.48530E-01
SCF Iteration 113: Energy = 2.2696078102943442 dE = -2.48530E-01
SCF Iteration 114: Energy = 2.5181381746543892 dE =  2.48530E-01
SCF Iteration 115: Energy = 2.2696078096890169 dE = -2.48530E-01
SCF Iteration 116: Energy = 2.5181381742351778 dE =  2.48530E-01
SCF Iteration 117: Energy = 2.2696078092502883 dE = -2.48530E-01
SCF Iteration 118: Energy = 2.5181381739313418 dE =  2.48530E-01
SCF Iteration 119: Energy = 2.2696078089323093 dE = -2.48530E-01
SCF Iteration 120: Energy = 2.5181381737111321 dE =  2.48530E-01
SCF Iteration 121: Energy = 2.2696078087018350 dE = -2.48530E-01
SCF Iteration 122: Energy = 2.5181381735515211 dE =  2.48530E-01
SCF Iteration 123: Energy = 2.2696078085347926 dE = -2.48530E-01
SCF Iteration 124: Energy = 2.5181381734358395 dE =  2.48530E-01
SCF Iteration 125: Energy = 2.2696078084137290 dE = -2.48530E-01
SCF Iteration 126: Energy = 2.5181381733519959 dE =  2.48530E-01
SCF Iteration 127: Energy = 2.2696078083259827 dE = -2.48530E-01
SCF Iteration 128: Energy = 2.5181381732912334 dE =  2.48530E-01
SCF Iteration 129: Energy = 2.2696078082623874 dE = -2.48530E-01
SCF Iteration 130: Energy = 2.5181381732471864 dE =  2.48530E-01
SCF Iteration 131: Energy = 2.2696078082162918 dE = -2.48530E-01
SCF Iteration 132: Energy = 2.5181381732152612 dE =  2.48530E-01
SCF Iteration 133: Energy = 2.2696078081828821 dE = -2.48530E-01
SCF Iteration 134: Energy = 2.5181381731921286 dE =  2.48530E-01
SCF Iteration 135: Energy = 2.2696078081586659 dE = -2.48530E-01
SCF Iteration 136: Energy = 2.5181381731753594 dE =  2.48530E-01
SCF Iteration 137: Energy = 2.2696078081411128 dE = -2.48530E-01
SCF Iteration 138: Energy = 2.5181381731632020 dE =  2.48530E-01
SCF Iteration 139: Energy = 2.2696078081283950 dE = -2.48530E-01
SCF Iteration 140: Energy = 2.5181381731543944 dE =  2.48530E-01
SCF Iteration 141: Energy = 2.2696078081191766 dE = -2.48530E-01
SCF Iteration 142: Energy = 2.5181381731480101 dE =  2.48530E-01
SCF Iteration 143: Energy = 2.2696078081124966 dE = -2.48530E-01
SCF Iteration 144: Energy = 2.5181381731433765 dE =  2.48530E-01
SCF Iteration 145: Energy = 2.2696078081076507 dE = -2.48530E-01
SCF Iteration 146: Energy = 2.5181381731400299 dE =  2.48530E-01
SCF Iteration 147: Energy = 2.2696078081041420 dE = -2.48530E-01
SCF Iteration 148: Energy = 2.5181381731375954 dE =  2.48530E-01
SCF Iteration 149: Energy = 2.2696078081015956 dE = -2.48530E-01
SCF Iteration 150: Energy = 2.5181381731358332 dE =  2.48530E-01
SCF Iteration 151: Energy = 2.2696078080997513 dE = -2.48530E-01
SCF Iteration 152: Energy = 2.5181381731345596 dE =  2.48530E-01
SCF Iteration 153: Energy = 2.2696078080984203 dE = -2.48530E-01
SCF Iteration 154: Energy = 2.5181381731336323 dE =  2.48530E-01
SCF Iteration 155: Energy = 2.2696078080974473 dE = -2.48530E-01
SCF Iteration 156: Energy = 2.5181381731329644 dE =  2.48530E-01
SCF Iteration 157: Energy = 2.2696078080967466 dE = -2.48530E-01
SCF Iteration 158: Energy = 2.5181381731324706 dE =  2.48530E-01
SCF Iteration 159: Energy = 2.2696078080962305 dE = -2.48530E-01
SCF Iteration 160: Energy = 2.5181381731321206 dE =  2.48530E-01
SCF Iteration 161: Energy = 2.2696078080958637 dE = -2.48530E-01
SCF Iteration 162: Energy = 2.5181381731318657 dE =  2.48530E-01
SCF Iteration 163: Energy = 2.2696078080955964 dE = -2.48530E-01
SCF Iteration 164: Energy = 2.5181381731316899 dE =  2.48530E-01
SCF Iteration 165: Energy = 2.2696078080954121 dE = -2.48530E-01
SCF Iteration 166: Energy = 2.5181381731315557 dE =  2.48530E-01
SCF Iteration 167: Energy = 2.2696078080952677 dE = -2.48530E-01
SCF Iteration 168: Energy = 2.5181381731314554 dE =  2.48530E-01
SCF Iteration 169: Energy = 2.2696078080951665 dE = -2.48530E-01
SCF Iteration 170: Energy = 2.5181381731313821 dE =  2.48530E-01
SCF Iteration 171: Energy = 2.2696078080950928 dE = -2.48530E-01
SCF Iteration 172: Energy = 2.5181381731313381 dE =  2.48530E-01
SCF Iteration 173: Energy = 2.2696078080950453 dE = -2.48530E-01
SCF Iteration 174: Energy = 2.5181381731313008 dE =  2.48530E-01
SCF Iteration 175: Energy = 2.2696078080950119 dE = -2.48530E-01
SCF Iteration 176: Energy = 2.5181381731312733 dE =  2.48530E-01
SCF Iteration 177: Energy = 2.2696078080949809 dE = -2.48530E-01
SCF Iteration 178: Energy = 2.5181381731312569 dE =  2.48530E-01
SCF Iteration 179: Energy = 2.2696078080949595 dE = -2.48530E-01
SCF Iteration 180: Energy = 2.5181381731312387 dE =  2.48530E-01
SCF Iteration 181: Energy = 2.2696078080949436 dE = -2.48530E-01
SCF Iteration 182: Energy = 2.5181381731312307 dE =  2.48530E-01
SCF Iteration 183: Energy = 2.2696078080949302 dE = -2.48530E-01
SCF Iteration 184: Energy = 2.5181381731312253 dE =  2.48530E-01
SCF Iteration 185: Energy = 2.2696078080949285 dE = -2.48530E-01
SCF Iteration 186: Energy = 2.5181381731312209 dE =  2.48530E-01
SCF Iteration 187: Energy = 2.2696078080949222 dE = -2.48530E-01
SCF Iteration 188: Energy = 2.5181381731312182 dE =  2.48530E-01
SCF Iteration 189: Energy = 2.2696078080949227 dE = -2.48530E-01
SCF Iteration 190: Energy = 2.5181381731312147 dE =  2.48530E-01
SCF Iteration 191: Energy = 2.2696078080949196 dE = -2.48530E-01
SCF Iteration 192: Energy = 2.5181381731312076 dE =  2.48530E-01
SCF Iteration 193: Energy = 2.2696078080949120 dE = -2.48530E-01
SCF Iteration 194: Energy = 2.5181381731312031 dE =  2.48530E-01
SCF Iteration 195: Energy = 2.2696078080949063 dE = -2.48530E-01
SCF Iteration 196: Energy = 2.5181381731312027 dE =  2.48530E-01
SCF Iteration 197: Energy = 2.2696078080949125 dE = -2.48530E-01
SCF Iteration 198: Energy = 2.5181381731312049 dE =  2.48530E-01
SCF Iteration 199: Energy = 2.2696078080949054 dE = -2.48530E-01
SCF Iteration 200: Energy = 2.5181381731312062 dE =  2.48530E-01
SCF Iteration 201: Energy = 2.2696078080949045 dE = -2.48530E-01
SCF Iteration 202: Energy = 2.5181381731312023 dE =  2.48530E-01
SCF Iteration 203: Energy = 2.2696078080949018 dE = -2.48530E-01
SCF Iteration 204: Energy = 2.5181381731312031 dE =  2.48530E-01
SCF Iteration 205: Energy = 2.2696078080949054 dE = -2.48530E-01
SCF Iteration 206: Energy = 2.5181381731312023 dE =  2.48530E-01
SCF Iteration 207: Energy = 2.2696078080949071 dE = -2.48530E-01
SCF Iteration 208: Energy = 2.5181381731312067 dE =  2.48530E-01
SCF Iteration 209: Energy = 2.2696078080949054 dE = -2.48530E-01
SCF Iteration 210: Energy = 2.5181381731312005 dE =  2.48530E-01
SCF Iteration 211: Energy = 2.2696078080948983 dE = -2.48530E-01
SCF Iteration 212: Energy = 2.5181381731312018 dE =  2.48530E-01
SCF Iteration 213: Energy = 2.2696078080949036 dE = -2.48530E-01
SCF Iteration 214: Energy = 2.5181381731311996 dE =  2.48530E-01
SCF Iteration 215: Energy = 2.2696078080949005 dE = -2.48530E-01
SCF Iteration 216: Energy = 2.5181381731311978 dE =  2.48530E-01
SCF Iteration 217: Energy = 2.2696078080948991 dE = -2.48530E-01
SCF Iteration 218: Energy = 2.5181381731311987 dE =  2.48530E-01
SCF Iteration 219: Energy = 2.2696078080949009 dE = -2.48530E-01
SCF Iteration 220: Energy = 2.5181381731311951 dE =  2.48530E-01
SCF Iteration 221: Energy = 2.2696078080949054 dE = -2.48530E-01
SCF Iteration 222: Energy = 2.5181381731311987 dE =  2.48530E-01
SCF Iteration 223: Energy = 2.2696078080949027 dE = -2.48530E-01
SCF Iteration 224: Energy = 2.5181381731311996 dE =  2.48530E-01
SCF Iteration 225: Energy = 2.2696078080949054 dE = -2.48530E-01
SCF Iteration 226: Energy = 2.5181381731311965 dE =  2.48530E-01
SCF Iteration 227: Energy = 2.2696078080949000 dE = -2.48530E-01
SCF Iteration 228: Energy = 2.5181381731311983 dE =  2.48530E-01
SCF Iteration 229: Energy = 2.2696078080949005 dE = -2.48530E-01
SCF Iteration 230: Energy = 2.5181381731311991 dE =  2.48530E-01
SCF Iteration 231: Energy = 2.2696078080949009 dE = -2.48530E-01
SCF Iteration 232: Energy = 2.5181381731312005 dE =  2.48530E-01
SCF Iteration 233: Energy = 2.2696078080948996 dE = -2.48530E-01
SCF Iteration 234: Energy = 2.5181381731311951 dE =  2.48530E-01
SCF Iteration 235: Energy = 2.2696078080948960 dE = -2.48530E-01
SCF Iteration 236: Energy = 2.5181381731311969 dE =  2.48530E-01
SCF Iteration 237: Energy = 2.2696078080949036 dE = -2.48530E-01
SCF Iteration 238: Energy = 2.5181381731312000 dE =  2.48530E-01
SCF Iteration 239: Energy = 2.2696078080948991 dE = -2.48530E-01
SCF Iteration 240: Energy = 2.5181381731311934 dE =  2.48530E-01
SCF Iteration 241: Energy = 2.2696078080948947 dE = -2.48530E-01
SCF Iteration 242: Energy = 2.5181381731311951 dE =  2.48530E-01
SCF Iteration 243: Energy = 2.2696078080948938 dE = -2.48530E-01
SCF Iteration 244: Energy = 2.5181381731311951 dE =  2.48530E-01
SCF Iteration 245: Energy = 2.2696078080948969 dE = -2.48530E-01
SCF Iteration 246: Energy = 2.5181381731311978 dE =  2.48530E-01
SCF Iteration 247: Energy = 2.2696078080949036 dE = -2.48530E-01
SCF Iteration 248: Energy = 2.5181381731311996 dE =  2.48530E-01
SCF Iteration 249: Energy = 2.2696078080949014 dE = -2.48530E-01
SCF Iteration 250: Energy = 2.5181381731312040 dE =  2.48530E-01
SCF Iteration 251: Energy = 2.2696078080948978 dE = -2.48530E-01
SCF Iteration 252: Energy = 2.5181381731311929 dE =  2.48530E-01
SCF Iteration 253: Energy = 2.2696078080948991 dE = -2.48530E-01
SCF Iteration 254: Energy = 2.5181381731311969 dE =  2.48530E-01
SCF Iteration 255: Energy = 2.2696078080948996 dE = -2.48530E-01
SCF Iteration 256: Energy = 2.5181381731311969 dE =  2.48530E-01
SCF Iteration 257: Energy = 2.2696078080948983 dE = -2.48530E-01
SCF Iteration 258: Energy = 2.5181381731312005 dE =  2.48530E-01
SCF Iteration 259: Energy = 2.2696078080949027 dE = -2.48530E-01
SCF Iteration 260: Energy = 2.5181381731311969 dE =  2.48530E-01
SCF Iteration 261: Energy = 2.2696078080949009 dE = -2.48530E-01
SCF Iteration 262: Energy = 2.5181381731311987 dE =  2.48530E-01
SCF Iteration 263: Energy = 2.2696078080948983 dE = -2.48530E-01
SCF Iteration 264: Energy = 2.5181381731311969 dE =  2.48530E-01
SCF Iteration 265: Energy = 2.2696078080948920 dE = -2.48530E-01
SCF Iteration 266: Energy = 2.5181381731311965 dE =  2.48530E-01
SCF Iteration 267: Energy = 2.2696078080948965 dE = -2.48530E-01
SCF Iteration 268: Energy = 2.5181381731311951 dE =  2.48530E-01
SCF Iteration 269: Energy = 2.2696078080948987 dE = -2.48530E-01
SCF Iteration 270: Energy = 2.5181381731311934 dE =  2.48530E-01
SCF Iteration 271: Energy = 2.2696078080949005 dE = -2.48530E-01
SCF Iteration 272: Energy = 2.5181381731311934 dE =  2.48530E-01
SCF Iteration 273: Energy = 2.2696078080948952 dE = -2.48530E-01
SCF Iteration 274: Energy = 2.5181381731311903 dE =  2.48530E-01
SCF Iteration 275: Energy = 2.2696078080948938 dE = -2.48530E-01
SCF Iteration 276: Energy = 2.5181381731311947 dE =  2.48530E-01
SCF Iteration 277: Energy = 2.2696078080948929 dE = -2.48530E-01
SCF Iteration 278: Energy = 2.5181381731311943 dE =  2.48530E-01
SCF Iteration 279: Energy = 2.2696078080948983 dE = -2.48530E-01
SCF Iteration 280: Energy = 2.5181381731311916 dE =  2.48530E-01
SCF Iteration 281: Energy = 2.2696078080948938 dE = -2.48530E-01
SCF Iteration 282: Energy = 2.5181381731312005 dE =  2.48530E-01
SCF Iteration 283: Energy = 2.2696078080949000 dE = -2.48530E-01
SCF Iteration 284: Energy = 2.5181381731311934 dE =  2.48530E-01
SCF Iteration 285: Energy = 2.2696078080948943 dE = -2.48530E-01
SCF Iteration 286: Energy = 2.5181381731311960 dE =  2.48530E-01
SCF Iteration 287: Energy = 2.2696078080948983 dE = -2.48530E-01
SCF Iteration 288: Energy = 2.5181381731312009 dE =  2.48530E-01
SCF Iteration 289: Energy = 2.2696078080949036 dE = -2.48530E-01
SCF Iteration 290: Energy = 2.5181381731312005 dE =  2.48530E-01
SCF Iteration 291: Energy = 2.2696078080949009 dE = -2.48530E-01
SCF Iteration 292: Energy = 2.5181381731311978 dE =  2.48530E-01
SCF Iteration 293: Energy = 2.2696078080949045 dE = -2.48530E-01
SCF Iteration 294: Energy = 2.5181381731312009 dE =  2.48530E-01
SCF Iteration 295: Energy = 2.2696078080949054 dE = -2.48530E-01
SCF Iteration 296: Energy = 2.5181381731312040 dE =  2.48530E-01
SCF Iteration 297: Energy = 2.2696078080948983 dE = -2.48530E-01
SCF Iteration 298: Energy = 2.5181381731311965 dE =  2.48530E-01
SCF Iteration 299: Energy = 2.2696078080949036 dE = -2.48530E-01
SCF Iteration 300: Energy = 2.5181381731312009 dE =  2.48530E-01
SCF Iteration 301: Energy = 2.2696078080949000 dE = -2.48530E-01
SCF Iteration 302: Energy = 2.5181381731311974 dE =  2.48530E-01
SCF Iteration 303: Energy = 2.2696078080948983 dE = -2.48530E-01
SCF Iteration 304: Energy = 2.5181381731311991 dE =  2.48530E-01
SCF Iteration 305: Energy = 2.2696078080948974 dE = -2.48530E-01
SCF Iteration 306: Energy = 2.5181381731311978 dE =  2.48530E-01
SCF Iteration 307: Energy = 2.2696078080949023 dE = -2.48530E-01
SCF Iteration 308: Energy = 2.5181381731311960 dE =  2.48530E-01
SCF Iteration 309: Energy = 2.2696078080949023 dE = -2.48530E-01
SCF Iteration 310: Energy = 2.5181381731312031 dE =  2.48530E-01
SCF Iteration 311: Energy = 2.2696078080949018 dE = -2.48530E-01
SCF Iteration 312: Energy = 2.5181381731311978 dE =  2.48530E-01
SCF Iteration 313: Energy = 2.2696078080948991 dE = -2.48530E-01
SCF Iteration 314: Energy = 2.5181381731311943 dE =  2.48530E-01
SCF Iteration 315: Energy = 2.2696078080948903 dE = -2.48530E-01
SCF Iteration 316: Energy = 2.5181381731311965 dE =  2.48530E-01
SCF Iteration 317: Energy = 2.2696078080949049 dE = -2.48530E-01
SCF Iteration 318: Energy = 2.5181381731311951 dE =  2.48530E-01
SCF Iteration 319: Energy = 2.2696078080948956 dE = -2.48530E-01
SCF Iteration 320: Energy = 2.5181381731311969 dE =  2.48530E-01
SCF Iteration 321: Energy = 2.2696078080948978 dE = -2.48530E-01
SCF Iteration 322: Energy = 2.5181381731311907 dE =  2.48530E-01
SCF Iteration 323: Energy = 2.2696078080949027 dE = -2.48530E-01
SCF Iteration 324: Energy = 2.5181381731312014 dE =  2.48530E-01
SCF Iteration 325: Energy = 2.2696078080949018 dE = -2.48530E-01
SCF Iteration 326: Energy = 2.5181381731311987 dE =  2.48530E-01
SCF Iteration 327: Energy = 2.2696078080949054 dE = -2.48530E-01
SCF Iteration 328: Energy = 2.5181381731312023 dE =  2.48530E-01
SCF Iteration 329: Energy = 2.2696078080949045 dE = -2.48530E-01
SCF Iteration 330: Energy = 2.5181381731312005 dE =  2.48530E-01
SCF Iteration 331: Energy = 2.2696078080949009 dE = -2.48530E-01
SCF Iteration 332: Energy = 2.5181381731311996 dE =  2.48530E-01
SCF Iteration 333: Energy = 2.2696078080949018 dE = -2.48530E-01
SCF Iteration 334: Energy = 2.5181381731312023 dE =  2.48530E-01
SCF Iteration 335: Energy = 2.2696078080949027 dE = -2.48530E-01
SCF Iteration 336: Energy = 2.5181381731312031 dE =  2.48530E-01
SCF Iteration 337: Energy = 2.2696078080949009 dE = -2.48530E-01
SCF Iteration 338: Energy = 2.5181381731312031 dE =  2.48530E-01
SCF Iteration 339: Energy = 2.2696078080949036 dE = -2.48530E-01
SCF Iteration 340: Energy = 2.5181381731311943 dE =  2.48530E-01
SCF Iteration 341: Energy = 2.2696078080948956 dE = -2.48530E-01
SCF Iteration 342: Energy = 2.5181381731311934 dE =  2.48530E-01
SCF Iteration 343: Energy = 2.2696078080948991 dE = -2.48530E-01
SCF Iteration 344: Energy = 2.5181381731311947 dE =  2.48530E-01
SCF Iteration 345: Energy = 2.2696078080949000 dE = -2.48530E-01
SCF Iteration 346: Energy = 2.5181381731311987 dE =  2.48530E-01
SCF Iteration 347: Energy = 2.2696078080949000 dE = -2.48530E-01
SCF Iteration 348: Energy = 2.5181381731311991 dE =  2.48530E-01
SCF Iteration 349: Energy = 2.2696078080949000 dE = -2.48530E-01
SCF Iteration 350: Energy = 2.5181381731312000 dE =  2.48530E-01
SCF Iteration 351: Energy = 2.2696078080948983 dE = -2.48530E-01
SCF Iteration 352: Energy = 2.5181381731312000 dE =  2.48530E-01
SCF Iteration 353: Energy = 2.2696078080948965 dE = -2.48530E-01
SCF Iteration 354: Energy = 2.5181381731311960 dE =  2.48530E-01
SCF Iteration 355: Energy = 2.2696078080948991 dE = -2.48530E-01
SCF Iteration 356: Energy = 2.5181381731311925 dE =  2.48530E-01
SCF Iteration 357: Energy = 2.2696078080948969 dE = -2.48530E-01
SCF Iteration 358: Energy = 2.5181381731311969 dE =  2.48530E-01
SCF Iteration 359: Energy = 2.2696078080948965 dE = -2.48530E-01
SCF Iteration 360: Energy = 2.5181381731311929 dE =  2.48530E-01
SCF Iteration 361: Energy = 2.2696078080948969 dE = -2.48530E-01
SCF Iteration 362: Energy = 2.5181381731311925 dE =  2.48530E-01
SCF Iteration 363: Energy = 2.2696078080948960 dE = -2.48530E-01
SCF Iteration 364: Energy = 2.5181381731311960 dE =  2.48530E-01
SCF Iteration 365: Energy = 2.2696078080948965 dE = -2.48530E-01
SCF Iteration 366: Energy = 2.5181381731311983 dE =  2.48530E-01
SCF Iteration 367: Energy = 2.2696078080949000 dE = -2.48530E-01
SCF Iteration 368: Energy = 2.5181381731311943 dE =  2.48530E-01
SCF Iteration 369: Energy = 2.2696078080948965 dE = -2.48530E-01
SCF Iteration 370: Energy = 2.5181381731311947 dE =  2.48530E-01
SCF Iteration 371: Energy = 2.2696078080948978 dE = -2.48530E-01
SCF Iteration 372: Energy = 2.5181381731311969 dE =  2.48530E-01
SCF Iteration 373: Energy = 2.2696078080949027 dE = -2.48530E-01
SCF Iteration 374: Energy = 2.5181381731312040 dE =  2.48530E-01
SCF Iteration 375: Energy = 2.2696078080949058 dE = -2.48530E-01
SCF Iteration 376: Energy = 2.5181381731311969 dE =  2.48530E-01
SCF Iteration 377: Energy = 2.2696078080948956 dE = -2.48530E-01
SCF Iteration 378: Energy = 2.5181381731311969 dE =  2.48530E-01
SCF Iteration 379: Energy = 2.2696078080948978 dE = -2.48530E-01
SCF Iteration 380: Energy = 2.5181381731311965 dE =  2.48530E-01
SCF Iteration 381: Energy = 2.2696078080949009 dE = -2.48530E-01
SCF Iteration 382: Energy = 2.5181381731311991 dE =  2.48530E-01
SCF Iteration 383: Energy = 2.2696078080948991 dE = -2.48530E-01
SCF Iteration 384: Energy = 2.5181381731311925 dE =  2.48530E-01
SCF Iteration 385: Energy = 2.2696078080948987 dE = -2.48530E-01
SCF Iteration 386: Energy = 2.5181381731311987 dE =  2.48530E-01
SCF Iteration 387: Energy = 2.2696078080948991 dE = -2.48530E-01
SCF Iteration 388: Energy = 2.5181381731311951 dE =  2.48530E-01
SCF Iteration 389: Energy = 2.2696078080948974 dE = -2.48530E-01
SCF Iteration 390: Energy = 2.5181381731311969 dE =  2.48530E-01
SCF Iteration 391: Energy = 2.2696078080948974 dE = -2.48530E-01
SCF Iteration 392: Energy = 2.5181381731311969 dE =  2.48530E-01
SCF Iteration 393: Energy = 2.2696078080949018 dE = -2.48530E-01
SCF Iteration 394: Energy = 2.5181381731311951 dE =  2.48530E-01
SCF Iteration 395: Energy = 2.2696078080948956 dE = -2.48530E-01
SCF Iteration 396: Energy = 2.5181381731311920 dE =  2.48530E-01
SCF Iteration 397: Energy = 2.2696078080948960 dE = -2.48530E-01
SCF Iteration 398: Energy = 2.5181381731311951 dE =  2.48530E-01
SCF Iteration 399: Energy = 2.2696078080948983 dE = -2.48530E-01
SCF Iteration 400: Energy = 2.5181381731311925 dE =  2.48530E-01
SCF Iteration 401: Energy = 2.2696078080948965 dE = -2.48530E-01
SCF Iteration 402: Energy = 2.5181381731311929 dE =  2.48530E-01
SCF Iteration 403: Energy = 2.2696078080948983 dE = -2.48530E-01
SCF Iteration 404: Energy = 2.5181381731311943 dE =  2.48530E-01
SCF Iteration 405: Energy = 2.2696078080948947 dE = -2.48530E-01
SCF Iteration 406: Energy = 2.5181381731311951 dE =  2.48530E-01
SCF Iteration 407: Energy = 2.2696078080948974 dE = -2.48530E-01
SCF Iteration 408: Energy = 2.5181381731311960 dE =  2.48530E-01
SCF Iteration 409: Energy = 2.2696078080948969 dE = -2.48530E-01
SCF Iteration 410: Energy = 2.5181381731311943 dE =  2.48530E-01
SCF Iteration 411: Energy = 2.2696078080948983 dE = -2.48530E-01
SCF Iteration 412: Energy = 2.5181381731311943 dE =  2.48530E-01
SCF Iteration 413: Energy = 2.2696078080948991 dE = -2.48530E-01
SCF Iteration 414: Energy = 2.5181381731311938 dE =  2.48530E-01
SCF Iteration 415: Energy = 2.2696078080948965 dE = -2.48530E-01
SCF Iteration 416: Energy = 2.5181381731311925 dE =  2.48530E-01
SCF Iteration 417: Energy = 2.2696078080948965 dE = -2.48530E-01
SCF Iteration 418: Energy = 2.5181381731311907 dE =  2.48530E-01
SCF Iteration 419: Energy = 2.2696078080949005 dE = -2.48530E-01
SCF Iteration 420: Energy = 2.5181381731311978 dE =  2.48530E-01
SCF Iteration 421: Energy = 2.2696078080948983 dE = -2.48530E-01
SCF Iteration 422: Energy = 2.5181381731311969 dE =  2.48530E-01
SCF Iteration 423: Energy = 2.2696078080949027 dE = -2.48530E-01
SCF Iteration 424: Energy = 2.5181381731311969 dE =  2.48530E-01
SCF Iteration 425: Energy = 2.2696078080948983 dE = -2.48530E-01
SCF Iteration 426: Energy = 2.5181381731312014 dE =  2.48530E-01
SCF Iteration 427: Energy = 2.2696078080948991 dE = -2.48530E-01
SCF Iteration 428: Energy = 2.5181381731312027 dE =  2.48530E-01
SCF Iteration 429: Energy = 2.2696078080949045 dE = -2.48530E-01
SCF Iteration 430: Energy = 2.5181381731312005 dE =  2.48530E-01
SCF Iteration 431: Energy = 2.2696078080949045 dE = -2.48530E-01
SCF Iteration 432: Energy = 2.5181381731311987 dE =  2.48530E-01
SCF Iteration 433: Energy = 2.2696078080949027 dE = -2.48530E-01
SCF Iteration 434: Energy = 2.5181381731311947 dE =  2.48530E-01
SCF Iteration 435: Energy = 2.2696078080948974 dE = -2.48530E-01
SCF Iteration 436: Energy = 2.5181381731311938 dE =  2.48530E-01
SCF Iteration 437: Energy = 2.2696078080948991 dE = -2.48530E-01
SCF Iteration 438: Energy = 2.5181381731311996 dE =  2.48530E-01
SCF Iteration 439: Energy = 2.2696078080948978 dE = -2.48530E-01
SCF Iteration 440: Energy = 2.5181381731312049 dE =  2.48530E-01
SCF Iteration 441: Energy = 2.2696078080949036 dE = -2.48530E-01
SCF Iteration 442: Energy = 2.5181381731311996 dE =  2.48530E-01
SCF Iteration 443: Energy = 2.2696078080949027 dE = -2.48530E-01
SCF Iteration 444: Energy = 2.5181381731311991 dE =  2.48530E-01
SCF Iteration 445: Energy = 2.2696078080949027 dE = -2.48530E-01
SCF Iteration 446: Energy = 2.5181381731311916 dE =  2.48530E-01
SCF Iteration 447: Energy = 2.2696078080948956 dE = -2.48530E-01
SCF Iteration 448: Energy = 2.5181381731311978 dE =  2.48530E-01
SCF Iteration 449: Energy = 2.2696078080949018 dE = -2.48530E-01
SCF Iteration 450: Energy = 2.5181381731311965 dE =  2.48530E-01
SCF Iteration 451: Energy = 2.2696078080949076 dE = -2.48530E-01
SCF Iteration 452: Energy = 2.5181381731312023 dE =  2.48530E-01
SCF Iteration 453: Energy = 2.2696078080949040 dE = -2.48530E-01
SCF Iteration 454: Energy = 2.5181381731311960 dE =  2.48530E-01
SCF Iteration 455: Energy = 2.2696078080949098 dE = -2.48530E-01
SCF Iteration 456: Energy = 2.5181381731311925 dE =  2.48530E-01
SCF Iteration 457: Energy = 2.2696078080948952 dE = -2.48530E-01
SCF Iteration 458: Energy = 2.5181381731311929 dE =  2.48530E-01
SCF Iteration 459: Energy = 2.2696078080948965 dE = -2.48530E-01
SCF Iteration 460: Energy = 2.5181381731311943 dE =  2.48530E-01
SCF Iteration 461: Energy = 2.2696078080948991 dE = -2.48530E-01
SCF Iteration 462: Energy = 2.5181381731311960 dE =  2.48530E-01
SCF Iteration 463: Energy = 2.2696078080949000 dE = -2.48530E-01
SCF Iteration 464: Energy = 2.5181381731311960 dE =  2.48530E-01
SCF Iteration 465: Energy = 2.2696078080949005 dE = -2.48530E-01
SCF Iteration 466: Energy = 2.5181381731312040 dE =  2.48530E-01
SCF Iteration 467: Energy = 2.2696078080949058 dE = -2.48530E-01
SCF Iteration 468: Energy = 2.5181381731311969 dE =  2.48530E-01
SCF Iteration 469: Energy = 2.2696078080949018 dE = -2.48530E-01
SCF Iteration 470: Energy = 2.5181381731311991 dE =  2.48530E-01
SCF Iteration 471: Energy = 2.2696078080949036 dE = -2.48530E-01
SCF Iteration 472: Energy = 2.5181381731311983 dE =  2.48530E-01
SCF Iteration 473: Energy = 2.2696078080949027 dE = -2.48530E-01
SCF Iteration 474: Energy = 2.5181381731311987 dE =  2.48530E-01
SCF Iteration 475: Energy = 2.2696078080949018 dE = -2.48530E-01
SCF Iteration 476: Energy = 2.5181381731311951 dE =  2.48530E-01
SCF Iteration 477: Energy = 2.2696078080949027 dE = -2.48530E-01
SCF Iteration 478: Energy = 2.5181381731311969 dE =  2.48530E-01
SCF Iteration 479: Energy = 2.2696078080948965 dE = -2.48530E-01
SCF Iteration 480: Energy = 2.5181381731311938 dE =  2.48530E-01
SCF Iteration 481: Energy = 2.2696078080948974 dE = -2.48530E-01
SCF Iteration 482: Energy = 2.5181381731311863 dE =  2.48530E-01
SCF Iteration 483: Energy = 2.2696078080948978 dE = -2.48530E-01
SCF Iteration 484: Energy = 2.5181381731311934 dE =  2.48530E-01
SCF Iteration 485: Energy = 2.2696078080948947 dE = -2.48530E-01
SCF Iteration 486: Energy = 2.5181381731311947 dE =  2.48530E-01
SCF Iteration 487: Energy = 2.2696078080948965 dE = -2.48530E-01
SCF Iteration 488: Energy = 2.5181381731311943 dE =  2.48530E-01
SCF Iteration 489: Energy = 2.2696078080948920 dE = -2.48530E-01
SCF Iteration 490: Energy = 2.5181381731311969 dE =  2.48530E-01
SCF Iteration 491: Energy = 2.2696078080948983 dE = -2.48530E-01
SCF Iteration 492: Energy = 2.5181381731311960 dE =  2.48530E-01
SCF Iteration 493: Energy = 2.2696078080948983 dE = -2.48530E-01
SCF Iteration 494: Energy = 2.5181381731311951 dE =  2.48530E-01
SCF Iteration 495: Energy = 2.2696078080948947 dE = -2.48530E-01
SCF Iteration 496: Energy = 2.5181381731312014 dE =  2.48530E-01
SCF Iteration 497: Energy = 2.2696078080949009 dE = -2.48530E-01
SCF Iteration 498: Energy = 2.5181381731311920 dE =  2.48530E-01
SCF Iteration 499: Energy = 2.2696078080949027 dE = -2.48530E-01
SCF Iteration 500: Energy = 2.5181381731311996 dE =  2.48530E-01
