
  Memory set to  55.879 GiB by Python driver.
  Threads set to 1 by Python driver.
Settings:
	LOT = CCSD-S1-U21
	wc = 20.0 eV
	lambda = [0.848697 0.       0.      ] a.u.
	Equivalent A0 = LAMBDA / sqrt(2 wc) = [0.7 0.  0. ])
doing QED-CCSD-1 (or QED-CCSD-21)
Number of occupied orbitals:   1
Number of basis functions:  60
SCF Iteration   1: Energy = 5.5714468642482400 dE =  5.57145E+00
SCF Iteration   2: Energy = 5.9643845924264536 dE =  3.92938E-01
SCF Iteration   3: Energy = 5.7493993524464191 dE = -2.14985E-01
SCF Iteration   4: Energy = 5.9442837989355999 dE =  1.94884E-01
SCF Iteration   5: Energy = 5.8571773869871162 dE = -8.71064E-02
SCF Iteration   6: Energy = 5.9565223742811249 dE =  9.93450E-02
SCF Iteration   7: Energy = 5.9116979862271517 dE = -4.48244E-02
SCF Iteration   8: Energy = 5.9672986012100697 dE =  5.56006E-02
SCF Iteration   9: Energy = 5.9379017171734700 dE = -2.93969E-02
SCF Iteration  10: Energy = 5.9724851904446474 dE =  3.45835E-02
SCF Iteration  11: Energy = 5.9491524849524149 dE = -2.33327E-02
SCF Iteration  12: Energy = 5.9730035261734828 dE =  2.38510E-02
SCF Iteration  13: Energy = 5.9522144191376736 dE = -2.07891E-02
SCF Iteration  14: Energy = 5.9703262342399883 dE =  1.81118E-02
SCF Iteration  15: Energy = 5.9507039357699503 dE = -1.96223E-02
SCF Iteration  16: Energy = 5.9656862551250107 dE =  1.49823E-02
SCF Iteration  17: Energy = 5.9466880154553365 dE = -1.89982E-02
SCF Iteration  18: Energy = 5.9599912559917234 dE =  1.33032E-02
SCF Iteration  19: Energy = 5.9414055078255084 dE = -1.85857E-02
SCF Iteration  20: Energy = 5.9538706822917105 dE =  1.24652E-02
SCF Iteration  21: Energy = 5.9356150050968637 dE = -1.82557E-02
SCF Iteration  22: Energy = 5.9477404684179120 dE =  1.21255E-02
SCF Iteration  23: Energy = 5.9297795110232476 dE = -1.79610E-02
SCF Iteration  24: Energy = 5.9418607751953898 dE =  1.20813E-02
SCF Iteration  25: Energy = 5.9241737349683294 dE = -1.76870E-02
SCF Iteration  26: Energy = 5.9363820273910628 dE =  1.22083E-02
SCF Iteration  27: Energy = 5.9189507412872544 dE = -1.74313E-02
SCF Iteration  28: Energy = 5.9313796922261162 dE =  1.24290E-02
SCF Iteration  29: Energy = 5.9141851023794230 dE = -1.71946E-02
SCF Iteration  30: Energy = 5.9268796539235566 dE =  1.26946E-02
SCF Iteration  31: Energy = 5.9099014477844278 dE = -1.69782E-02
SCF Iteration  32: Energy = 5.9228762449883945 dE =  1.29748E-02
SCF Iteration  33: Energy = 5.9060935022106200 dE = -1.67827E-02
SCF Iteration  34: Energy = 5.9193447729791187 dE =  1.32513E-02
SCF Iteration  35: Energy = 5.9027367637835386 dE = -1.66080E-02
SCF Iteration  36: Energy = 5.9162500356848469 dE =  1.35133E-02
SCF Iteration  37: Energy = 5.8997968754186303 dE = -1.64532E-02
SCF Iteration  38: Energy = 5.9135519741800397 dE =  1.37551E-02
SCF Iteration  39: Energy = 5.8972350678904260 dE = -1.63169E-02
SCF Iteration  40: Energy = 5.9112093192971455 dE =  1.39743E-02
SCF Iteration  41: Energy = 5.8950116152425460 dE = -1.61977E-02
SCF Iteration  42: Energy = 5.9091818535071017 dE =  1.41702E-02
SCF Iteration  43: Energy = 5.8930879489018588 dE = -1.60939E-02
SCF Iteration  44: Energy = 5.9074317325881758 dE =  1.43438E-02
SCF Iteration  45: Energy = 5.8914278753590619 dE = -1.60039E-02
SCF Iteration  46: Energy = 5.9059241801801390 dE =  1.44963E-02
SCF Iteration  47: Energy = 5.8899982030338389 dE = -1.59260E-02
SCF Iteration  48: Energy = 5.9046277731712618 dE =  1.46296E-02
SCF Iteration  49: Energy = 5.8887689873774995 dE = -1.58588E-02
SCF Iteration  50: Energy = 5.9035144678887495 dE =  1.47455E-02
SCF Iteration  51: Energy = 5.8877135362831448 dE = -1.58009E-02
SCF Iteration  52: Energy = 5.9025594690438190 dE =  1.48459E-02
SCF Iteration  53: Energy = 5.8868082714965633 dE = -1.57512E-02
SCF Iteration  54: Energy = 5.9017410097789060 dE =  1.49327E-02
SCF Iteration  55: Energy = 5.8860325097168129 dE = -1.57085E-02
SCF Iteration  56: Energy = 5.9010400878518192 dE =  1.50076E-02
SCF Iteration  57: Energy = 5.8853682050914662 dE = -1.56719E-02
SCF Iteration  58: Energy = 5.9004401869571259 dE =  1.50720E-02
SCF Iteration  59: Energy = 5.8847996798022972 dE = -1.56405E-02
SCF Iteration  60: Energy = 5.8999270012616307 dE =  1.51273E-02
SCF Iteration  61: Energy = 5.8843133592676065 dE = -1.56136E-02
SCF Iteration  62: Energy = 5.8994881738697638 dE =  1.51748E-02
SCF Iteration  63: Energy = 5.8838975216672722 dE = -1.55907E-02
SCF Iteration  64: Energy = 5.8991130550437454 dE =  1.52155E-02
SCF Iteration  65: Energy = 5.8835420669838143 dE = -1.55710E-02
SCF Iteration  66: Energy = 5.8987924828121159 dE =  1.52504E-02
SCF Iteration  67: Energy = 5.8832383078197514 dE = -1.55542E-02
SCF Iteration  68: Energy = 5.8985185865692138 dE =  1.52803E-02
SCF Iteration  69: Energy = 5.8829787823951971 dE = -1.55398E-02
SCF Iteration  70: Energy = 5.8982846130244724 dE =  1.53058E-02
SCF Iteration  71: Energy = 5.8827570889993845 dE = -1.55275E-02
SCF Iteration  72: Energy = 5.8980847731413384 dE =  1.53277E-02
SCF Iteration  73: Energy = 5.8825677405243280 dE = -1.55170E-02
SCF Iteration  74: Energy = 5.8979141083351081 dE =  1.53464E-02
SCF Iteration  75: Energy = 5.8824060373813003 dE = -1.55081E-02
SCF Iteration  76: Energy = 5.8977683740510436 dE =  1.53623E-02
SCF Iteration  77: Energy = 5.8822679569797858 dE = -1.55004E-02
SCF Iteration  78: Energy = 5.8976439388391864 dE =  1.53760E-02
SCF Iteration  79: Energy = 5.8821500579548163 dE = -1.54939E-02
SCF Iteration  80: Energy = 5.8975376971197502 dE =  1.53876E-02
SCF Iteration  81: Energy = 5.8820493974118655 dE = -1.54883E-02
SCF Iteration  82: Energy = 5.8974469939598793 dE =  1.53976E-02
SCF Iteration  83: Energy = 5.8819634595838703 dE = -1.54835E-02
SCF Iteration  84: Energy = 5.8973695603308283 dE =  1.54061E-02
SCF Iteration  85: Energy = 5.8818900944402763 dE = -1.54795E-02
SCF Iteration  86: Energy = 5.8973034574709793 dE =  1.54134E-02
SCF Iteration  87: Energy = 5.8818274649390130 dE = -1.54760E-02
SCF Iteration  88: Energy = 5.8972470291333510 dE =  1.54196E-02
SCF Iteration  89: Energy = 5.8817740017592097 dE = -1.54730E-02
SCF Iteration  90: Energy = 5.8971988606418364 dE =  1.54249E-02
SCF Iteration  91: Energy = 5.8817283644924476 dE = -1.54705E-02
SCF Iteration  92: Energy = 5.8971577438140486 dE =  1.54294E-02
SCF Iteration  93: Energy = 5.8816894083975146 dE = -1.54683E-02
SCF Iteration  94: Energy = 5.8971226469307672 dE =  1.54332E-02
SCF Iteration  95: Energy = 5.8816561559398659 dE = -1.54665E-02
SCF Iteration  96: Energy = 5.8970926890395807 dE =  1.54365E-02
SCF Iteration  97: Energy = 5.8816277724404227 dE = -1.54649E-02
SCF Iteration  98: Energy = 5.8970671179774765 dE =  1.54393E-02
SCF Iteration  99: Energy = 5.8816035452492015 dE = -1.54636E-02
SCF Iteration 100: Energy = 5.8970452915807954 dE =  1.54417E-02
SCF Iteration 101: Energy = 5.8815828659402101 dE = -1.54624E-02
SCF Iteration 102: Energy = 5.8970266616253184 dE =  1.54438E-02
SCF Iteration 103: Energy = 5.8815652150937447 dE = -1.54614E-02
SCF Iteration 104: Energy = 5.8970107601030204 dE =  1.54455E-02
SCF Iteration 105: Energy = 5.8815501492931457 dE = -1.54606E-02
SCF Iteration 106: Energy = 5.8969971874981741 dE =  1.54470E-02
SCF Iteration 107: Energy = 5.8815372900161167 dE = -1.54599E-02
SCF Iteration 108: Energy = 5.8969856027727303 dE =  1.54483E-02
SCF Iteration 109: Energy = 5.8815263141459573 dE = -1.54593E-02
SCF Iteration 110: Energy = 5.8969757148135411 dE =  1.54494E-02
SCF Iteration 111: Energy = 5.8815169458678778 dE = -1.54588E-02
SCF Iteration 112: Energy = 5.8969672751283175 dE =  1.54503E-02
SCF Iteration 113: Energy = 5.8815089497484276 dE = -1.54583E-02
SCF Iteration 114: Energy = 5.8969600716089525 dE =  1.54511E-02
SCF Iteration 115: Energy = 5.8815021248265111 dE = -1.54579E-02
SCF Iteration 116: Energy = 5.8969539232063699 dE =  1.54518E-02
SCF Iteration 117: Energy = 5.8814962995680347 dE = -1.54576E-02
SCF Iteration 118: Energy = 5.8969486753841220 dE =  1.54524E-02
SCF Iteration 119: Energy = 5.8814913275582210 dE = -1.54573E-02
SCF Iteration 120: Energy = 5.8969441962371763 dE =  1.54529E-02
SCF Iteration 121: Energy = 5.8814870838243571 dE = -1.54571E-02
SCF Iteration 122: Energy = 5.8969403731782384 dE =  1.54533E-02
SCF Iteration 123: Energy = 5.8814834616963445 dE = -1.54569E-02
SCF Iteration 124: Energy = 5.8969371101092580 dE =  1.54536E-02
SCF Iteration 125: Energy = 5.8814803701266847 dE = -1.54567E-02
SCF Iteration 126: Energy = 5.8969343250069137 dE =  1.54540E-02
SCF Iteration 127: Energy = 5.8814777314029190 dE = -1.54566E-02
SCF Iteration 128: Energy = 5.8969319478613178 dE =  1.54542E-02
SCF Iteration 129: Energy = 5.8814754791947319 dE = -1.54565E-02
SCF Iteration 130: Energy = 5.8969299189168645 dE =  1.54544E-02
SCF Iteration 131: Energy = 5.8814735568870500 dE = -1.54564E-02
SCF Iteration 132: Energy = 5.8969281871702783 dE =  1.54546E-02
SCF Iteration 133: Energy = 5.8814719161571958 dE = -1.54563E-02
SCF Iteration 134: Energy = 5.8969267090888611 dE =  1.54548E-02
SCF Iteration 135: Energy = 5.8814705157604585 dE = -1.54562E-02
SCF Iteration 136: Energy = 5.8969254475162884 dE =  1.54549E-02
SCF Iteration 137: Energy = 5.8814693204933750 dE = -1.54561E-02
SCF Iteration 138: Energy = 5.8969243707387085 dE =  1.54551E-02
SCF Iteration 139: Energy = 5.8814683003088586 dE = -1.54561E-02
SCF Iteration 140: Energy = 5.8969234516875595 dE =  1.54552E-02
SCF Iteration 141: Energy = 5.8814674295610239 dE = -1.54560E-02
SCF Iteration 142: Energy = 5.8969226672592194 dE =  1.54552E-02
SCF Iteration 143: Energy = 5.8814666863605183 dE = -1.54560E-02
SCF Iteration 144: Energy = 5.8969219977342044 dE =  1.54553E-02
SCF Iteration 145: Energy = 5.8814660520242690 dE = -1.54559E-02
SCF Iteration 146: Energy = 5.8969214262814882 dE =  1.54554E-02
SCF Iteration 147: Energy = 5.8814655106058780 dE = -1.54559E-02
SCF Iteration 148: Energy = 5.8969209385354802 dE =  1.54554E-02
SCF Iteration 149: Energy = 5.8814650484947242 dE = -1.54559E-02
SCF Iteration 150: Energy = 5.8969205222347831 dE =  1.54555E-02
SCF Iteration 151: Energy = 5.8814646540738806 dE = -1.54559E-02
SCF Iteration 152: Energy = 5.8969201669141027 dE =  1.54555E-02
SCF Iteration 153: Energy = 5.8814643174280707 dE = -1.54558E-02
SCF Iteration 154: Energy = 5.8969198636410312 dE =  1.54555E-02
SCF Iteration 155: Energy = 5.8814640300943752 dE = -1.54558E-02
SCF Iteration 156: Energy = 5.8969196047916279 dE =  1.54556E-02
SCF Iteration 157: Energy = 5.8814637848495428 dE = -1.54558E-02
SCF Iteration 158: Energy = 5.8969193838586751 dE =  1.54556E-02
SCF Iteration 159: Energy = 5.8814635755283344 dE = -1.54558E-02
SCF Iteration 160: Energy = 5.8969191952881763 dE =  1.54556E-02
SCF Iteration 161: Energy = 5.8814633968686980 dE = -1.54558E-02
SCF Iteration 162: Energy = 5.8969190343396383 dE =  1.54556E-02
SCF Iteration 163: Energy = 5.8814632443792494 dE = -1.54558E-02
SCF Iteration 164: Energy = 5.8969188969669881 dE =  1.54557E-02
SCF Iteration 165: Energy = 5.8814631142266105 dE = -1.54558E-02
SCF Iteration 166: Energy = 5.8969187797167848 dE =  1.54557E-02
SCF Iteration 167: Energy = 5.8814630031388244 dE = -1.54558E-02
SCF Iteration 168: Energy = 5.8969186796415052 dE =  1.54557E-02
SCF Iteration 169: Energy = 5.8814629083232743 dE = -1.54558E-02
SCF Iteration 170: Energy = 5.8969185942253288 dE =  1.54557E-02
SCF Iteration 171: Energy = 5.8814628273963958 dE = -1.54558E-02
SCF Iteration 172: Energy = 5.8969185213209974 dE =  1.54557E-02
SCF Iteration 173: Energy = 5.8814627583237620 dE = -1.54558E-02
SCF Iteration 174: Energy = 5.8969184590957591 dE =  1.54557E-02
SCF Iteration 175: Energy = 5.8814626993689476 dE = -1.54558E-02
SCF Iteration 176: Energy = 5.8969184059853301 dE =  1.54557E-02
SCF Iteration 177: Energy = 5.8814626490498787 dE = -1.54558E-02
SCF Iteration 178: Energy = 5.8969183606545581 dE =  1.54557E-02
SCF Iteration 179: Energy = 5.8814626061016044 dE = -1.54558E-02
SCF Iteration 180: Energy = 5.8969183219639074 dE =  1.54557E-02
SCF Iteration 181: Energy = 5.8814625694444320 dE = -1.54558E-02
SCF Iteration 182: Energy = 5.8969182889406859 dE =  1.54557E-02
SCF Iteration 183: Energy = 5.8814625381568355 dE = -1.54558E-02
SCF Iteration 184: Energy = 5.8969182607547239 dE =  1.54557E-02
SCF Iteration 185: Energy = 5.8814625114522734 dE = -1.54557E-02
SCF Iteration 186: Energy = 5.8969182366974868 dE =  1.54557E-02
SCF Iteration 187: Energy = 5.8814624886594213 dE = -1.54557E-02
SCF Iteration 188: Energy = 5.8969182161641616 dE =  1.54557E-02
SCF Iteration 189: Energy = 5.8814624692053004 dE = -1.54557E-02
SCF Iteration 190: Energy = 5.8969181986385681 dE =  1.54557E-02
SCF Iteration 191: Energy = 5.8814624526008172 dE = -1.54557E-02
SCF Iteration 192: Energy = 5.8969181836801567 dE =  1.54557E-02
SCF Iteration 193: Energy = 5.8814624384285921 dE = -1.54557E-02
SCF Iteration 194: Energy = 5.8969181709128620 dE =  1.54557E-02
SCF Iteration 195: Energy = 5.8814624263323125 dE = -1.54557E-02
SCF Iteration 196: Energy = 5.8969181600157423 dE =  1.54557E-02
SCF Iteration 197: Energy = 5.8814624160079170 dE = -1.54557E-02
SCF Iteration 198: Energy = 5.8969181507148400 dE =  1.54557E-02
SCF Iteration 199: Energy = 5.8814624071958423 dE = -1.54557E-02
SCF Iteration 200: Energy = 5.8969181427763253 dE =  1.54557E-02
SCF Iteration 201: Energy = 5.8814623996745734 dE = -1.54557E-02
SCF Iteration 202: Energy = 5.8969181360006608 dE =  1.54557E-02
SCF Iteration 203: Energy = 5.8814623932550267 dE = -1.54557E-02
SCF Iteration 204: Energy = 5.8969181302175091 dE =  1.54557E-02
SCF Iteration 205: Energy = 5.8814623877758265 dE = -1.54557E-02
SCF Iteration 206: Energy = 5.8969181252814797 dE =  1.54557E-02
SCF Iteration 207: Energy = 5.8814623830992119 dE = -1.54557E-02
SCF Iteration 208: Energy = 5.8969181210684791 dE =  1.54557E-02
SCF Iteration 209: Energy = 5.8814623791076333 dE = -1.54557E-02
SCF Iteration 210: Energy = 5.8969181174726053 dE =  1.54557E-02
SCF Iteration 211: Energy = 5.8814623757007567 dE = -1.54557E-02
SCF Iteration 212: Energy = 5.8969181144034462 dE =  1.54557E-02
SCF Iteration 213: Energy = 5.8814623727929218 dE = -1.54557E-02
SCF Iteration 214: Energy = 5.8969181117838723 dE =  1.54557E-02
SCF Iteration 215: Energy = 5.8814623703110236 dE = -1.54557E-02
SCF Iteration 216: Energy = 5.8969181095480154 dE =  1.54557E-02
SCF Iteration 217: Energy = 5.8814623681926737 dE = -1.54557E-02
SCF Iteration 218: Energy = 5.8969181076396673 dE =  1.54557E-02
SCF Iteration 219: Energy = 5.8814623663846213 dE = -1.54557E-02
SCF Iteration 220: Energy = 5.8969181060108671 dE =  1.54557E-02
SCF Iteration 221: Energy = 5.8814623648414210 dE = -1.54557E-02
SCF Iteration 222: Energy = 5.8969181046206431 dE =  1.54557E-02
SCF Iteration 223: Energy = 5.8814623635242764 dE = -1.54557E-02
SCF Iteration 224: Energy = 5.8969181034340705 dE =  1.54557E-02
SCF Iteration 225: Energy = 5.8814623624000557 dE = -1.54557E-02
SCF Iteration 226: Energy = 5.8969181024213011 dE =  1.54557E-02
SCF Iteration 227: Energy = 5.8814623614405193 dE = -1.54557E-02
SCF Iteration 228: Energy = 5.8969181015568823 dE =  1.54557E-02
SCF Iteration 229: Energy = 5.8814623606215299 dE = -1.54557E-02
SCF Iteration 230: Energy = 5.8969181008190690 dE =  1.54557E-02
SCF Iteration 231: Energy = 5.8814623599225015 dE = -1.54557E-02
SCF Iteration 232: Energy = 5.8969181001893585 dE =  1.54557E-02
SCF Iteration 233: Energy = 5.8814623593258766 dE = -1.54557E-02
SCF Iteration 234: Energy = 5.8969180996518791 dE =  1.54557E-02
SCF Iteration 235: Energy = 5.8814623588166466 dE = -1.54557E-02
SCF Iteration 236: Energy = 5.8969180991931260 dE =  1.54557E-02
SCF Iteration 237: Energy = 5.8814623583820111 dE = -1.54557E-02
SCF Iteration 238: Energy = 5.8969180988015779 dE =  1.54557E-02
SCF Iteration 239: Energy = 5.8814623580110439 dE = -1.54557E-02
SCF Iteration 240: Energy = 5.8969180984673759 dE =  1.54557E-02
SCF Iteration 241: Energy = 5.8814623576944038 dE = -1.54557E-02
SCF Iteration 242: Energy = 5.8969180981821481 dE =  1.54557E-02
SCF Iteration 243: Energy = 5.8814623574241516 dE = -1.54557E-02
SCF Iteration 244: Energy = 5.8969180979386771 dE =  1.54557E-02
SCF Iteration 245: Energy = 5.8814623571934845 dE = -1.54557E-02
SCF Iteration 246: Energy = 5.8969180977308726 dE =  1.54557E-02
SCF Iteration 247: Energy = 5.8814623569966038 dE = -1.54557E-02
SCF Iteration 248: Energy = 5.8969180975535114 dE =  1.54557E-02
SCF Iteration 249: Energy = 5.8814623568285729 dE = -1.54557E-02
SCF Iteration 250: Energy = 5.8969180974021302 dE =  1.54557E-02
SCF Iteration 251: Energy = 5.8814623566851445 dE = -1.54557E-02
SCF Iteration 252: Energy = 5.8969180972729323 dE =  1.54557E-02
SCF Iteration 253: Energy = 5.8814623565627349 dE = -1.54557E-02
SCF Iteration 254: Energy = 5.8969180971626578 dE =  1.54557E-02
SCF Iteration 255: Energy = 5.8814623564582513 dE = -1.54557E-02
SCF Iteration 256: Energy = 5.8969180970685269 dE =  1.54557E-02
SCF Iteration 257: Energy = 5.8814623563690738 dE = -1.54557E-02
SCF Iteration 258: Energy = 5.8969180969881911 dE =  1.54557E-02
SCF Iteration 259: Energy = 5.8814623562929516 dE = -1.54557E-02
SCF Iteration 260: Energy = 5.8969180969196149 dE =  1.54557E-02
SCF Iteration 261: Energy = 5.8814623562279831 dE = -1.54557E-02
SCF Iteration 262: Energy = 5.8969180968610821 dE =  1.54557E-02
SCF Iteration 263: Energy = 5.8814623561725323 dE = -1.54557E-02
SCF Iteration 264: Energy = 5.8969180968111310 dE =  1.54557E-02
SCF Iteration 265: Energy = 5.8814623561252013 dE = -1.54557E-02
SCF Iteration 266: Energy = 5.8969180967685002 dE =  1.54557E-02
SCF Iteration 267: Energy = 5.8814623560848016 dE = -1.54557E-02
SCF Iteration 268: Energy = 5.8969180967321080 dE =  1.54557E-02
SCF Iteration 269: Energy = 5.8814623560503234 dE = -1.54557E-02
SCF Iteration 270: Energy = 5.8969180967010439 dE =  1.54557E-02
SCF Iteration 271: Energy = 5.8814623560208954 dE = -1.54557E-02
SCF Iteration 272: Energy = 5.8969180966745309 dE =  1.54557E-02
SCF Iteration 273: Energy = 5.8814623559957839 dE = -1.54557E-02
SCF Iteration 274: Energy = 5.8969180966518939 dE =  1.54557E-02
SCF Iteration 275: Energy = 5.8814623559743424 dE = -1.54557E-02
SCF Iteration 276: Energy = 5.8969180966325903 dE =  1.54557E-02
SCF Iteration 277: Energy = 5.8814623559560575 dE = -1.54557E-02
SCF Iteration 278: Energy = 5.8969180966160994 dE =  1.54557E-02
SCF Iteration 279: Energy = 5.8814623559404193 dE = -1.54557E-02
SCF Iteration 280: Energy = 5.8969180966020431 dE =  1.54557E-02
SCF Iteration 281: Energy = 5.8814623559271038 dE = -1.54557E-02
SCF Iteration 282: Energy = 5.8969180965900296 dE =  1.54557E-02
SCF Iteration 283: Energy = 5.8814623559157102 dE = -1.54557E-02
SCF Iteration 284: Energy = 5.8969180965797676 dE =  1.54557E-02
SCF Iteration 285: Energy = 5.8814623559060131 dE = -1.54557E-02
SCF Iteration 286: Energy = 5.8969180965710262 dE =  1.54557E-02
SCF Iteration 287: Energy = 5.8814623558977157 dE = -1.54557E-02
SCF Iteration 288: Energy = 5.8969180965635566 dE =  1.54557E-02
SCF Iteration 289: Energy = 5.8814623558906458 dE = -1.54557E-02
SCF Iteration 290: Energy = 5.8969180965571866 dE =  1.54557E-02
SCF Iteration 291: Energy = 5.8814623558846044 dE = -1.54557E-02
SCF Iteration 292: Energy = 5.8969180965517367 dE =  1.54557E-02
SCF Iteration 293: Energy = 5.8814623558794459 dE = -1.54557E-02
SCF Iteration 294: Energy = 5.8969180965471093 dE =  1.54557E-02
SCF Iteration 295: Energy = 5.8814623558750494 dE = -1.54557E-02
SCF Iteration 296: Energy = 5.8969180965431480 dE =  1.54557E-02
SCF Iteration 297: Energy = 5.8814623558713093 dE = -1.54557E-02
SCF Iteration 298: Energy = 5.8969180965397685 dE =  1.54557E-02
SCF Iteration 299: Energy = 5.8814623558680967 dE = -1.54557E-02
SCF Iteration 300: Energy = 5.8969180965368828 dE =  1.54557E-02
SCF Iteration 301: Energy = 5.8814623558653736 dE = -1.54557E-02
SCF Iteration 302: Energy = 5.8969180965344110 dE =  1.54557E-02
SCF Iteration 303: Energy = 5.8814623558630270 dE = -1.54557E-02
SCF Iteration 304: Energy = 5.8969180965323229 dE =  1.54557E-02
SCF Iteration 305: Energy = 5.8814623558610410 dE = -1.54557E-02
SCF Iteration 306: Energy = 5.8969180965305252 dE =  1.54557E-02
SCF Iteration 307: Energy = 5.8814623558593384 dE = -1.54557E-02
SCF Iteration 308: Energy = 5.8969180965289958 dE =  1.54557E-02
SCF Iteration 309: Energy = 5.8814623558579031 dE = -1.54557E-02
SCF Iteration 310: Energy = 5.8969180965276786 dE =  1.54557E-02
SCF Iteration 311: Energy = 5.8814623558566694 dE = -1.54557E-02
SCF Iteration 312: Energy = 5.8969180965265693 dE =  1.54557E-02
SCF Iteration 313: Energy = 5.8814623558555983 dE = -1.54557E-02
SCF Iteration 314: Energy = 5.8969180965256127 dE =  1.54557E-02
SCF Iteration 315: Energy = 5.8814623558546906 dE = -1.54557E-02
SCF Iteration 316: Energy = 5.8969180965248107 dE =  1.54557E-02
SCF Iteration 317: Energy = 5.8814623558539196 dE = -1.54557E-02
SCF Iteration 318: Energy = 5.8969180965240984 dE =  1.54557E-02
SCF Iteration 319: Energy = 5.8814623558532650 dE = -1.54557E-02
SCF Iteration 320: Energy = 5.8969180965235051 dE =  1.54557E-02
SCF Iteration 321: Energy = 5.8814623558526922 dE = -1.54557E-02
SCF Iteration 322: Energy = 5.8969180965229979 dE =  1.54557E-02
SCF Iteration 323: Energy = 5.8814623558522232 dE = -1.54557E-02
SCF Iteration 324: Energy = 5.8969180965225778 dE =  1.54557E-02
SCF Iteration 325: Energy = 5.8814623558518093 dE = -1.54557E-02
SCF Iteration 326: Energy = 5.8969180965222092 dE =  1.54557E-02
SCF Iteration 327: Energy = 5.8814623558514691 dE = -1.54557E-02
SCF Iteration 328: Energy = 5.8969180965218850 dE =  1.54557E-02
SCF Iteration 329: Energy = 5.8814623558511645 dE = -1.54557E-02
SCF Iteration 330: Energy = 5.8969180965216212 dE =  1.54557E-02
SCF Iteration 331: Energy = 5.8814623558509069 dE = -1.54557E-02
SCF Iteration 332: Energy = 5.8969180965213965 dE =  1.54557E-02
SCF Iteration 333: Energy = 5.8814623558506867 dE = -1.54557E-02
SCF Iteration 334: Energy = 5.8969180965212065 dE =  1.54557E-02
SCF Iteration 335: Energy = 5.8814623558505055 dE = -1.54557E-02
SCF Iteration 336: Energy = 5.8969180965210253 dE =  1.54557E-02
SCF Iteration 337: Energy = 5.8814623558503438 dE = -1.54557E-02
SCF Iteration 338: Energy = 5.8969180965208778 dE =  1.54557E-02
SCF Iteration 339: Energy = 5.8814623558502133 dE = -1.54557E-02
SCF Iteration 340: Energy = 5.8969180965207615 dE =  1.54557E-02
SCF Iteration 341: Energy = 5.8814623558500987 dE = -1.54557E-02
SCF Iteration 342: Energy = 5.8969180965206487 dE =  1.54557E-02
SCF Iteration 343: Energy = 5.8814623558499957 dE = -1.54557E-02
SCF Iteration 344: Energy = 5.8969180965205741 dE =  1.54557E-02
SCF Iteration 345: Energy = 5.8814623558499246 dE = -1.54557E-02
SCF Iteration 346: Energy = 5.8969180965205004 dE =  1.54557E-02
SCF Iteration 347: Energy = 5.8814623558498536 dE = -1.54557E-02
SCF Iteration 348: Energy = 5.8969180965204373 dE =  1.54557E-02
SCF Iteration 349: Energy = 5.8814623558497896 dE = -1.54557E-02
SCF Iteration 350: Energy = 5.8969180965203796 dE =  1.54557E-02
SCF Iteration 351: Energy = 5.8814623558497487 dE = -1.54557E-02
SCF Iteration 352: Energy = 5.8969180965203396 dE =  1.54557E-02
SCF Iteration 353: Energy = 5.8814623558496955 dE = -1.54557E-02
SCF Iteration 354: Energy = 5.8969180965202899 dE =  1.54557E-02
SCF Iteration 355: Energy = 5.8814623558496635 dE = -1.54557E-02
SCF Iteration 356: Energy = 5.8969180965202579 dE =  1.54557E-02
SCF Iteration 357: Energy = 5.8814623558496066 dE = -1.54557E-02
SCF Iteration 358: Energy = 5.8969180965202224 dE =  1.54557E-02
SCF Iteration 359: Energy = 5.8814623558495898 dE = -1.54557E-02
SCF Iteration 360: Energy = 5.8969180965201993 dE =  1.54557E-02
SCF Iteration 361: Energy = 5.8814623558495569 dE = -1.54557E-02
SCF Iteration 362: Energy = 5.8969180965201904 dE =  1.54557E-02
SCF Iteration 363: Energy = 5.8814623558495454 dE = -1.54557E-02
SCF Iteration 364: Energy = 5.8969180965201522 dE =  1.54557E-02
SCF Iteration 365: Energy = 5.8814623558495223 dE = -1.54557E-02
SCF Iteration 366: Energy = 5.8969180965201424 dE =  1.54557E-02
SCF Iteration 367: Energy = 5.8814623558494992 dE = -1.54557E-02
SCF Iteration 368: Energy = 5.8969180965201273 dE =  1.54557E-02
SCF Iteration 369: Energy = 5.8814623558494956 dE = -1.54557E-02
SCF Iteration 370: Energy = 5.8969180965201247 dE =  1.54557E-02
SCF Iteration 371: Energy = 5.8814623558494823 dE = -1.54557E-02
SCF Iteration 372: Energy = 5.8969180965201184 dE =  1.54557E-02
SCF Iteration 373: Energy = 5.8814623558494707 dE = -1.54557E-02
SCF Iteration 374: Energy = 5.8969180965200980 dE =  1.54557E-02
SCF Iteration 375: Energy = 5.8814623558494752 dE = -1.54557E-02
SCF Iteration 376: Energy = 5.8969180965201033 dE =  1.54557E-02
SCF Iteration 377: Energy = 5.8814623558494601 dE = -1.54557E-02
SCF Iteration 378: Energy = 5.8969180965200865 dE =  1.54557E-02
SCF Iteration 379: Energy = 5.8814623558494681 dE = -1.54557E-02
SCF Iteration 380: Energy = 5.8969180965200962 dE =  1.54557E-02
SCF Iteration 381: Energy = 5.8814623558494565 dE = -1.54557E-02
SCF Iteration 382: Energy = 5.8969180965200900 dE =  1.54557E-02
SCF Iteration 383: Energy = 5.8814623558494494 dE = -1.54557E-02
SCF Iteration 384: Energy = 5.8969180965200740 dE =  1.54557E-02
SCF Iteration 385: Energy = 5.8814623558494468 dE = -1.54557E-02
SCF Iteration 386: Energy = 5.8969180965200820 dE =  1.54557E-02
SCF Iteration 387: Energy = 5.8814623558494468 dE = -1.54557E-02
SCF Iteration 388: Energy = 5.8969180965200749 dE =  1.54557E-02
SCF Iteration 389: Energy = 5.8814623558494450 dE = -1.54557E-02
SCF Iteration 390: Energy = 5.8969180965200678 dE =  1.54557E-02
SCF Iteration 391: Energy = 5.8814623558494450 dE = -1.54557E-02
SCF Iteration 392: Energy = 5.8969180965200652 dE =  1.54557E-02
SCF Iteration 393: Energy = 5.8814623558494334 dE = -1.54557E-02
SCF Iteration 394: Energy = 5.8969180965200714 dE =  1.54557E-02
SCF Iteration 395: Energy = 5.8814623558494414 dE = -1.54557E-02
SCF Iteration 396: Energy = 5.8969180965200714 dE =  1.54557E-02
SCF Iteration 397: Energy = 5.8814623558494450 dE = -1.54557E-02
SCF Iteration 398: Energy = 5.8969180965200740 dE =  1.54557E-02
SCF Iteration 399: Energy = 5.8814623558494397 dE = -1.54557E-02
SCF Iteration 400: Energy = 5.8969180965200731 dE =  1.54557E-02
SCF Iteration 401: Energy = 5.8814623558494468 dE = -1.54557E-02
SCF Iteration 402: Energy = 5.8969180965200705 dE =  1.54557E-02
SCF Iteration 403: Energy = 5.8814623558494379 dE = -1.54557E-02
SCF Iteration 404: Energy = 5.8969180965200749 dE =  1.54557E-02
SCF Iteration 405: Energy = 5.8814623558494361 dE = -1.54557E-02
SCF Iteration 406: Energy = 5.8969180965200634 dE =  1.54557E-02
SCF Iteration 407: Energy = 5.8814623558494414 dE = -1.54557E-02
SCF Iteration 408: Energy = 5.8969180965200696 dE =  1.54557E-02
SCF Iteration 409: Energy = 5.8814623558494254 dE = -1.54557E-02
SCF Iteration 410: Energy = 5.8969180965200687 dE =  1.54557E-02
SCF Iteration 411: Energy = 5.8814623558494290 dE = -1.54557E-02
SCF Iteration 412: Energy = 5.8969180965200572 dE =  1.54557E-02
SCF Iteration 413: Energy = 5.8814623558494326 dE = -1.54557E-02
SCF Iteration 414: Energy = 5.8969180965200536 dE =  1.54557E-02
SCF Iteration 415: Energy = 5.8814623558494130 dE = -1.54557E-02
SCF Iteration 416: Energy = 5.8969180965200509 dE =  1.54557E-02
SCF Iteration 417: Energy = 5.8814623558494326 dE = -1.54557E-02
SCF Iteration 418: Energy = 5.8969180965200643 dE =  1.54557E-02
SCF Iteration 419: Energy = 5.8814623558494503 dE = -1.54557E-02
SCF Iteration 420: Energy = 5.8969180965200723 dE =  1.54557E-02
SCF Iteration 421: Energy = 5.8814623558494459 dE = -1.54557E-02
SCF Iteration 422: Energy = 5.8969180965200696 dE =  1.54557E-02
SCF Iteration 423: Energy = 5.8814623558494405 dE = -1.54557E-02
SCF Iteration 424: Energy = 5.8969180965200749 dE =  1.54557E-02
SCF Iteration 425: Energy = 5.8814623558494397 dE = -1.54557E-02
SCF Iteration 426: Energy = 5.8969180965200749 dE =  1.54557E-02
SCF Iteration 427: Energy = 5.8814623558494308 dE = -1.54557E-02
SCF Iteration 428: Energy = 5.8969180965200767 dE =  1.54557E-02
SCF Iteration 429: Energy = 5.8814623558494405 dE = -1.54557E-02
SCF Iteration 430: Energy = 5.8969180965200696 dE =  1.54557E-02
SCF Iteration 431: Energy = 5.8814623558494343 dE = -1.54557E-02
SCF Iteration 432: Energy = 5.8969180965200767 dE =  1.54557E-02
SCF Iteration 433: Energy = 5.8814623558494370 dE = -1.54557E-02
SCF Iteration 434: Energy = 5.8969180965200678 dE =  1.54557E-02
SCF Iteration 435: Energy = 5.8814623558494361 dE = -1.54557E-02
SCF Iteration 436: Energy = 5.8969180965200749 dE =  1.54557E-02
SCF Iteration 437: Energy = 5.8814623558494308 dE = -1.54557E-02
SCF Iteration 438: Energy = 5.8969180965200643 dE =  1.54557E-02
SCF Iteration 439: Energy = 5.8814623558494308 dE = -1.54557E-02
SCF Iteration 440: Energy = 5.8969180965200696 dE =  1.54557E-02
SCF Iteration 441: Energy = 5.8814623558494432 dE = -1.54557E-02
SCF Iteration 442: Energy = 5.8969180965200607 dE =  1.54557E-02
SCF Iteration 443: Energy = 5.8814623558494361 dE = -1.54557E-02
SCF Iteration 444: Energy = 5.8969180965200545 dE =  1.54557E-02
SCF Iteration 445: Energy = 5.8814623558494183 dE = -1.54557E-02
SCF Iteration 446: Energy = 5.8969180965200430 dE =  1.54557E-02
SCF Iteration 447: Energy = 5.8814623558494308 dE = -1.54557E-02
SCF Iteration 448: Energy = 5.8969180965200572 dE =  1.54557E-02
SCF Iteration 449: Energy = 5.8814623558494290 dE = -1.54557E-02
SCF Iteration 450: Energy = 5.8969180965200465 dE =  1.54557E-02
SCF Iteration 451: Energy = 5.8814623558494246 dE = -1.54557E-02
SCF Iteration 452: Energy = 5.8969180965200572 dE =  1.54557E-02
SCF Iteration 453: Energy = 5.8814623558494397 dE = -1.54557E-02
SCF Iteration 454: Energy = 5.8969180965200554 dE =  1.54557E-02
SCF Iteration 455: Energy = 5.8814623558494308 dE = -1.54557E-02
SCF Iteration 456: Energy = 5.8969180965200660 dE =  1.54557E-02
SCF Iteration 457: Energy = 5.8814623558494388 dE = -1.54557E-02
SCF Iteration 458: Energy = 5.8969180965200660 dE =  1.54557E-02
SCF Iteration 459: Energy = 5.8814623558494272 dE = -1.54557E-02
SCF Iteration 460: Energy = 5.8969180965200696 dE =  1.54557E-02
SCF Iteration 461: Energy = 5.8814623558494326 dE = -1.54557E-02
SCF Iteration 462: Energy = 5.8969180965200607 dE =  1.54557E-02
SCF Iteration 463: Energy = 5.8814623558494361 dE = -1.54557E-02
SCF Iteration 464: Energy = 5.8969180965200652 dE =  1.54557E-02
SCF Iteration 465: Energy = 5.8814623558494379 dE = -1.54557E-02
SCF Iteration 466: Energy = 5.8969180965200652 dE =  1.54557E-02
SCF Iteration 467: Energy = 5.8814623558494343 dE = -1.54557E-02
SCF Iteration 468: Energy = 5.8969180965200589 dE =  1.54557E-02
SCF Iteration 469: Energy = 5.8814623558494379 dE = -1.54557E-02
SCF Iteration 470: Energy = 5.8969180965200607 dE =  1.54557E-02
SCF Iteration 471: Energy = 5.8814623558494272 dE = -1.54557E-02
SCF Iteration 472: Energy = 5.8969180965200501 dE =  1.54557E-02
SCF Iteration 473: Energy = 5.8814623558494219 dE = -1.54557E-02
SCF Iteration 474: Energy = 5.8969180965200536 dE =  1.54557E-02
SCF Iteration 475: Energy = 5.8814623558494317 dE = -1.54557E-02
SCF Iteration 476: Energy = 5.8969180965200581 dE =  1.54557E-02
SCF Iteration 477: Energy = 5.8814623558494263 dE = -1.54557E-02
SCF Iteration 478: Energy = 5.8969180965200749 dE =  1.54557E-02
SCF Iteration 479: Energy = 5.8814623558494317 dE = -1.54557E-02
SCF Iteration 480: Energy = 5.8969180965200705 dE =  1.54557E-02
SCF Iteration 481: Energy = 5.8814623558494361 dE = -1.54557E-02
SCF Iteration 482: Energy = 5.8969180965200607 dE =  1.54557E-02
SCF Iteration 483: Energy = 5.8814623558494281 dE = -1.54557E-02
SCF Iteration 484: Energy = 5.8969180965200660 dE =  1.54557E-02
SCF Iteration 485: Energy = 5.8814623558494343 dE = -1.54557E-02
SCF Iteration 486: Energy = 5.8969180965200536 dE =  1.54557E-02
SCF Iteration 487: Energy = 5.8814623558494361 dE = -1.54557E-02
SCF Iteration 488: Energy = 5.8969180965200696 dE =  1.54557E-02
SCF Iteration 489: Energy = 5.8814623558494352 dE = -1.54557E-02
SCF Iteration 490: Energy = 5.8969180965200669 dE =  1.54557E-02
SCF Iteration 491: Energy = 5.8814623558494326 dE = -1.54557E-02
SCF Iteration 492: Energy = 5.8969180965200607 dE =  1.54557E-02
SCF Iteration 493: Energy = 5.8814623558494361 dE = -1.54557E-02
SCF Iteration 494: Energy = 5.8969180965200660 dE =  1.54557E-02
SCF Iteration 495: Energy = 5.8814623558494326 dE = -1.54557E-02
SCF Iteration 496: Energy = 5.8969180965200625 dE =  1.54557E-02
SCF Iteration 497: Energy = 5.8814623558494379 dE = -1.54557E-02
SCF Iteration 498: Energy = 5.8969180965200652 dE =  1.54557E-02
SCF Iteration 499: Energy = 5.8814623558494272 dE = -1.54557E-02
SCF Iteration 500: Energy = 5.8969180965200501 dE =  1.54557E-02
