
  Memory set to  55.879 GiB by Python driver.
  Threads set to 1 by Python driver.
Settings:
	LOT = CCSD-S1-U21
	wc = 20.0 eV
	lambda = [0.848697 0.       0.      ] a.u.
	Equivalent A0 = LAMBDA / sqrt(2 wc) = [0.7 0.  0. ])
doing QED-CCSD-1 (or QED-CCSD-21)
Number of occupied orbitals:   1
Number of basis functions:  60
SCF Iteration   1: Energy = 0.8430179455365914 dE =  8.43018E-01
SCF Iteration   2: Energy = 1.6874635380727350 dE =  8.44446E-01
SCF Iteration   3: Energy = 1.0071205200237086 dE = -6.80343E-01
SCF Iteration   4: Energy = 1.6602628401654100 dE =  6.53142E-01
SCF Iteration   5: Energy = 1.0218591019727539 dE = -6.38404E-01
SCF Iteration   6: Energy = 1.6484543442776820 dE =  6.26595E-01
SCF Iteration   7: Energy = 1.0186956135659373 dE = -6.29759E-01
SCF Iteration   8: Energy = 1.6414893181025643 dE =  6.22794E-01
SCF Iteration   9: Energy = 1.0139090004200053 dE = -6.27580E-01
SCF Iteration  10: Energy = 1.6370782596113198 dE =  6.23169E-01
SCF Iteration  11: Energy = 1.0099791952831461 dE = -6.27099E-01
SCF Iteration  12: Energy = 1.6342587485140956 dE =  6.24280E-01
SCF Iteration  13: Energy = 1.0071764035615294 dE = -6.27082E-01
SCF Iteration  14: Energy = 1.6324759866655625 dE =  6.25300E-01
SCF Iteration  15: Energy = 1.0053028133457547 dE = -6.27173E-01
SCF Iteration  16: Energy = 1.6313631913437887 dE =  6.26060E-01
SCF Iteration  17: Energy = 1.0040955522874451 dE = -6.27268E-01
SCF Iteration  18: Energy = 1.6306757199459221 dE =  6.26580E-01
SCF Iteration  19: Energy = 1.0033350121202385 dE = -6.27341E-01
SCF Iteration  20: Energy = 1.6302541561009418 dE =  6.26919E-01
SCF Iteration  21: Energy = 1.0028627610966754 dE = -6.27391E-01
SCF Iteration  22: Energy = 1.6299969840214379 dE =  6.27134E-01
SCF Iteration  23: Energy = 1.0025722808868158 dE = -6.27425E-01
SCF Iteration  24: Energy = 1.6298406559213725 dE =  6.27268E-01
SCF Iteration  25: Energy = 1.0023947284693986 dE = -6.27446E-01
SCF Iteration  26: Energy = 1.6297458603047548 dE =  6.27351E-01
SCF Iteration  27: Energy = 1.0022866604796357 dE = -6.27459E-01
SCF Iteration  28: Energy = 1.6296884737391264 dE =  6.27402E-01
SCF Iteration  29: Energy = 1.0022210731213512 dE = -6.27467E-01
SCF Iteration  30: Energy = 1.6296537736222052 dE =  6.27433E-01
SCF Iteration  31: Energy = 1.0021813454774315 dE = -6.27472E-01
SCF Iteration  32: Energy = 1.6296328080524174 dE =  6.27451E-01
SCF Iteration  33: Energy = 1.0021573138270801 dE = -6.27475E-01
SCF Iteration  34: Energy = 1.6296201477297036 dE =  6.27463E-01
SCF Iteration  35: Energy = 1.0021427901961220 dE = -6.27477E-01
SCF Iteration  36: Energy = 1.6296125055176049 dE =  6.27470E-01
SCF Iteration  37: Energy = 1.0021340183201213 dE = -6.27478E-01
SCF Iteration  38: Energy = 1.6296078936116918 dE =  6.27474E-01
SCF Iteration  39: Energy = 1.0021287226490823 dE = -6.27479E-01
SCF Iteration  40: Energy = 1.6296051109278555 dE =  6.27476E-01
SCF Iteration  41: Energy = 1.0021255265552536 dE = -6.27480E-01
SCF Iteration  42: Energy = 1.6296034321488855 dE =  6.27478E-01
SCF Iteration  43: Energy = 1.0021235980161083 dE = -6.27480E-01
SCF Iteration  44: Energy = 1.6296024194366092 dE =  6.27479E-01
SCF Iteration  45: Energy = 1.0021224344913042 dE = -6.27480E-01
SCF Iteration  46: Energy = 1.6296018085606838 dE =  6.27479E-01
SCF Iteration  47: Energy = 1.0021217325832144 dE = -6.27480E-01
SCF Iteration  48: Energy = 1.6296014400905583 dE =  6.27480E-01
SCF Iteration  49: Energy = 1.0021213091787011 dE = -6.27480E-01
SCF Iteration  50: Energy = 1.6296012178417998 dE =  6.27480E-01
SCF Iteration  51: Energy = 1.0021210537848444 dE = -6.27480E-01
SCF Iteration  52: Energy = 1.6296010837914388 dE =  6.27480E-01
SCF Iteration  53: Energy = 1.0021208997384805 dE = -6.27480E-01
SCF Iteration  54: Energy = 1.6296010029394248 dE =  6.27480E-01
SCF Iteration  55: Energy = 1.0021208068241272 dE = -6.27480E-01
SCF Iteration  56: Energy = 1.6296009541742651 dE =  6.27480E-01
SCF Iteration  57: Energy = 1.0021207507829144 dE = -6.27480E-01
SCF Iteration  58: Energy = 1.6296009247621825 dE =  6.27480E-01
SCF Iteration  59: Energy = 1.0021207169820605 dE = -6.27480E-01
SCF Iteration  60: Energy = 1.6296009070227468 dE =  6.27480E-01
SCF Iteration  61: Energy = 1.0021206965954763 dE = -6.27480E-01
SCF Iteration  62: Energy = 1.6296008963235056 dE =  6.27480E-01
SCF Iteration  63: Energy = 1.0021206842995991 dE = -6.27480E-01
SCF Iteration  64: Energy = 1.6296008898704593 dE =  6.27480E-01
SCF Iteration  65: Energy = 1.0021206768835509 dE = -6.27480E-01
SCF Iteration  66: Energy = 1.6296008859784183 dE =  6.27480E-01
SCF Iteration  67: Energy = 1.0021206724106859 dE = -6.27480E-01
SCF Iteration  68: Energy = 1.6296008836309925 dE =  6.27480E-01
SCF Iteration  69: Energy = 1.0021206697129454 dE = -6.27480E-01
SCF Iteration  70: Energy = 1.6296008822151142 dE =  6.27480E-01
SCF Iteration  71: Energy = 1.0021206680857948 dE = -6.27480E-01
SCF Iteration  72: Energy = 1.6296008813609639 dE =  6.27480E-01
SCF Iteration  73: Energy = 1.0021206671042546 dE = -6.27480E-01
SCF Iteration  74: Energy = 1.6296008808452720 dE =  6.27480E-01
SCF Iteration  75: Energy = 1.0021206665118256 dE = -6.27480E-01
SCF Iteration  76: Energy = 1.6296008805328048 dE =  6.27480E-01
SCF Iteration  77: Energy = 1.0021206661533362 dE = -6.27480E-01
SCF Iteration  78: Energy = 1.6296008803404205 dE =  6.27480E-01
SCF Iteration  79: Energy = 1.0021206659339175 dE = -6.27480E-01
SCF Iteration  80: Energy = 1.6296008802136919 dE =  6.27480E-01
SCF Iteration  81: Energy = 1.0021206657928305 dE = -6.27480E-01
SCF Iteration  82: Energy = 1.6296008801081077 dE =  6.27480E-01
SCF Iteration  83: Energy = 1.0021206656839061 dE = -6.27480E-01
SCF Iteration  84: Energy = 1.6296008799649688 dE =  6.27480E-01
SCF Iteration  85: Energy = 1.0021206655532442 dE = -6.27480E-01
SCF Iteration  86: Energy = 1.6296008796621007 dE =  6.27480E-01
SCF Iteration  87: Energy = 1.0021206652974044 dE = -6.27480E-01
SCF Iteration  88: Energy = 1.6296008788892649 dE =  6.27480E-01
SCF Iteration  89: Energy = 1.0021206646605771 dE = -6.27480E-01
SCF Iteration  90: Energy = 1.6296008768147010 dE =  6.27480E-01
SCF Iteration  91: Energy = 1.0021206629614450 dE = -6.27480E-01
SCF Iteration  92: Energy = 1.6296008711798253 dE =  6.27480E-01
SCF Iteration  93: Energy = 1.0021206583526141 dE = -6.27480E-01
SCF Iteration  94: Energy = 1.6296008558340405 dE =  6.27480E-01
SCF Iteration  95: Energy = 1.0021206458049559 dE = -6.27480E-01
SCF Iteration  96: Energy = 1.6296008140175449 dE =  6.27480E-01
SCF Iteration  97: Energy = 1.0021206116155177 dE = -6.27480E-01
SCF Iteration  98: Energy = 1.6296007000548933 dE =  6.27480E-01
SCF Iteration  99: Energy = 1.0021205184403019 dE = -6.27480E-01
SCF Iteration 100: Energy = 1.6296003894632056 dE =  6.27480E-01
SCF Iteration 101: Energy = 1.0021202645031577 dE = -6.27480E-01
SCF Iteration 102: Energy = 1.6295995429773331 dE =  6.27479E-01
SCF Iteration 103: Energy = 1.0021195724240521 dE = -6.27480E-01
SCF Iteration 104: Energy = 1.6295972359657755 dE =  6.27478E-01
SCF Iteration 105: Energy = 1.0021176862334946 dE = -6.27480E-01
SCF Iteration 106: Energy = 1.6295909484546556 dE =  6.27473E-01
SCF Iteration 107: Energy = 1.0021125456298161 dE = -6.27478E-01
SCF Iteration 108: Energy = 1.6295738126487855 dE =  6.27461E-01
SCF Iteration 109: Energy = 1.0020985356105789 dE = -6.27475E-01
SCF Iteration 110: Energy = 1.6295271121600752 dE =  6.27429E-01
SCF Iteration 111: Energy = 1.0020603541555528 dE = -6.27467E-01
SCF Iteration 112: Energy = 1.6293998456566139 dE =  6.27339E-01
SCF Iteration 113: Energy = 1.0019563054738851 dE = -6.27444E-01
SCF Iteration 114: Energy = 1.6290530762006925 dE =  6.27097E-01
SCF Iteration 115: Energy = 1.0016728140479574 dE = -6.27380E-01
SCF Iteration 116: Energy = 1.6281086068865958 dE =  6.26436E-01
SCF Iteration 117: Energy = 1.0009008034515854 dE = -6.27208E-01
SCF Iteration 118: Energy = 1.6255391249211004 dE =  6.24638E-01
SCF Iteration 119: Energy = 0.9988013431546348 dE = -6.26738E-01
SCF Iteration 120: Energy = 1.6185700781228423 dE =  6.19769E-01
SCF Iteration 121: Energy = 0.9931132734605150 dE = -6.25457E-01
SCF Iteration 122: Energy = 1.5998243131683345 dE =  6.06711E-01
SCF Iteration 123: Energy = 0.9778578111896165 dE = -6.21967E-01
SCF Iteration 124: Energy = 1.5505048033031128 dE =  5.72647E-01
SCF Iteration 125: Energy = 0.9380309726308624 dE = -6.12474E-01
SCF Iteration 126: Energy = 1.4279700516050080 dE =  4.89939E-01
SCF Iteration 127: Energy = 0.8410060696085908 dE = -5.86964E-01
SCF Iteration 128: Energy = 1.1625345368980988 dE =  3.21528E-01
SCF Iteration 129: Energy = 0.6400533458830445 dE = -5.22481E-01
SCF Iteration 130: Energy = 0.7276513069470262 dE =  8.75980E-02
SCF Iteration 131: Energy = 0.3371639469326227 dE = -3.90487E-01
SCF Iteration 132: Energy = 0.2679711689788689 dE = -6.91928E-02
SCF Iteration 133: Energy = 0.0513147148278450 dE = -2.16656E-01
SCF Iteration 134: Energy = -0.0266354842271257 dE = -7.79502E-02
SCF Iteration 135: Energy = -0.1134523705338268 dE = -8.68169E-02
SCF Iteration 136: Energy = -0.1509805644184485 dE = -3.75282E-02
SCF Iteration 137: Energy = -0.1784096854860491 dE = -2.74291E-02
SCF Iteration 138: Energy = -0.1911217040502411 dE = -1.27120E-02
SCF Iteration 139: Energy = -0.1987042631273406 dE = -7.58256E-03
SCF Iteration 140: Energy = -0.2023378935191418 dE = -3.63363E-03
SCF Iteration 141: Energy = -0.2043020677174319 dE = -1.96417E-03
SCF Iteration 142: Energy = -0.2052613721544576 dE = -9.59304E-04
SCF Iteration 143: Energy = -0.2057578773864004 dE = -4.96505E-04
SCF Iteration 144: Energy = -0.2060041822254421 dE = -2.46305E-04
SCF Iteration 145: Energy = -0.2061301965357749 dE = -1.26014E-04
SCF Iteration 146: Energy = -0.2061939057284763 dE = -6.37092E-05
SCF Iteration 147: Energy = -0.2062267999285712 dE = -3.28942E-05
SCF Iteration 148: Energy = -0.2062438586983832 dE = -1.70588E-05
SCF Iteration 149: Energy = -0.2062528719498351 dE = -9.01325E-06
SCF Iteration 150: Energy = -0.2062576950237724 dE = -4.82307E-06
SCF Iteration 151: Energy = -0.2062603229712210 dE = -2.62795E-06
SCF Iteration 152: Energy = -0.2062617772313748 dE = -1.45426E-06
SCF Iteration 153: Energy = -0.2062625953813642 dE = -8.18150E-07
SCF Iteration 154: Energy = -0.2062630623974184 dE = -4.67016E-07
SCF Iteration 155: Energy = -0.2062633326046779 dE = -2.70207E-07
SCF Iteration 156: Energy = -0.2062634907617762 dE = -1.58157E-07
SCF Iteration 157: Energy = -0.2062635842607781 dE = -9.34990E-08
SCF Iteration 158: Energy = -0.2062636399933611 dE = -5.57326E-08
SCF Iteration 159: Energy = -0.2062636734400214 dE = -3.34467E-08
SCF Iteration 160: Energy = -0.2062636936221403 dE = -2.01821E-08
SCF Iteration 161: Energy = -0.2062637058533621 dE = -1.22312E-08
SCF Iteration 162: Energy = -0.2062637132915359 dE = -7.43817E-09
SCF Iteration 163: Energy = -0.2062637178271087 dE = -4.53557E-09
SCF Iteration 164: Energy = -0.2062637205985813 dE = -2.77147E-09
SCF Iteration 165: Energy = -0.2062637222948509 dE = -1.69627E-09
SCF Iteration 166: Energy = -0.2062637233343689 dE = -1.03952E-09
SCF Iteration 167: Energy = -0.2062637239720160 dE = -6.37647E-10
SCF Iteration 168: Energy = -0.2062637243634482 dE = -3.91432E-10
SCF Iteration 169: Energy = -0.2062637246038788 dE = -2.40431E-10
SCF Iteration 170: Energy = -0.2062637247516237 dE = -1.47745E-10
SCF Iteration 171: Energy = -0.2062637248424408 dE = -9.08171E-11

SCF converged.
E_QED_HF          = -0.206263724842441
HF  (psi4)        = -0.998587740125337
Starting with the CCSD calculation:

Iter  Energy(CCSD)      E_diff    time(sec)
  1:  -0.1831356000  1.83136E-01   10.084
  2:  -0.2614344311  7.82988E-02   10.084
  3:  -0.2726702604  1.12358E-02   10.082
  4:  -0.2695455190  3.12474E-03   10.081
  5:  -0.2748547156  5.30920E-03   10.089
  6:  -0.2786022709  3.74756E-03   10.091
  7:  -0.2884065776  9.80431E-03   10.086
  8:  -0.2968792252  8.47265E-03   10.090
  9:  -0.3015247290  4.64550E-03   10.082
 10:  -0.3115070337  9.98230E-03   10.079
 11:  -0.3166080319  5.10100E-03   10.079
 12:  -0.3195181708  2.91014E-03   10.080
 13:  -0.3217497481  2.23158E-03   10.086
 14:  -0.3231196497  1.36990E-03   10.084
 15:  -0.3240115415  8.91892E-04   10.079
 16:  -0.3244488557  4.37314E-04   10.077
 17:  -0.3246371661  1.88310E-04   10.081
 18:  -0.3247197059  8.25398E-05   10.085
 19:  -0.3247921362  7.24303E-05   10.084
 20:  -0.3248447759  5.26397E-05   10.080
 21:  -0.3248695969  2.48210E-05   10.085
 22:  -0.3248709644  1.36755E-06   10.084
 23:  -0.3248825117  1.15472E-05   10.082
 24:  -0.3248839188  1.40714E-06   10.082
 25:  -0.3248856974  1.77861E-06   10.085
 26:  -0.3248868552  1.15782E-06   10.095
 27:  -0.3248859467  9.08509E-07   10.083
 28:  -0.3248859633  1.65488E-08   10.082
 29:  -0.3248865466  5.83332E-07   10.084
 30:  -0.3248868486  3.01997E-07   10.086
 31:  -0.3248863776  4.71057E-07   10.081
 32:  -0.3248858904  4.87198E-07   10.084
 33:  -0.3248861240  2.33618E-07   10.091
 34:  -0.3248859121  2.11828E-07   10.083
 35:  -0.3248858475  6.46088E-08   10.085
 36:  -0.3248859289  8.13156E-08   10.086
 37:  -0.3248859176  1.12222E-08   10.081
 38:  -0.3248860262  1.08609E-07   10.085
 39:  -0.3248861141  8.78803E-08   10.100
 40:  -0.3248861415  2.73794E-08   10.075
 41:  -0.3248862831  1.41582E-07   10.086
 42:  -0.3248864117  1.28666E-07   10.086
 43:  -0.3248864204  8.64491E-09   10.082
E_QED_CCSD  (Corr.)  = -0.324886420391241
E_QED_CCSD tot       = -0.531150145233682
E_CCSD_psi4 (Corr.)  = -0.064513892816634
E_CCSD_psi4 tot      = -1.063101632941971
