
  Memory set to  55.879 GiB by Python driver.
  Threads set to 1 by Python driver.
Settings:
	LOT = CCSD-S1-U21
	wc = 20.0 eV
	lambda = [0.848697 0.       0.      ] a.u.
	Equivalent A0 = LAMBDA / sqrt(2 wc) = [0.7 0.  0. ])
doing QED-CCSD-1 (or QED-CCSD-21)
Number of occupied orbitals:   1
Number of basis functions:  60
SCF Iteration   1: Energy = 0.6349437083821845 dE =  6.34944E-01
SCF Iteration   2: Energy = 1.5645646007726075 dE =  9.29621E-01
SCF Iteration   3: Energy = 0.7932506546336455 dE = -7.71314E-01
SCF Iteration   4: Energy = 1.5425993124084658 dE =  7.49349E-01
SCF Iteration   5: Energy = 0.8045715108105349 dE = -7.38028E-01
SCF Iteration   6: Energy = 1.5328440204655056 dE =  7.28273E-01
SCF Iteration   7: Energy = 0.8012331929335141 dE = -7.31611E-01
SCF Iteration   8: Energy = 1.5272763976510961 dE =  7.26043E-01
SCF Iteration   9: Energy = 0.7971501390882864 dE = -7.30126E-01
SCF Iteration  10: Energy = 1.5239145430260792 dE =  7.26764E-01
SCF Iteration  11: Energy = 0.7940583855533453 dE = -7.29856E-01
SCF Iteration  12: Energy = 1.5218765180230145 dE =  7.27818E-01
SCF Iteration  13: Energy = 0.7919904549324138 dE = -7.29886E-01
SCF Iteration  14: Energy = 1.5206557840650619 dE =  7.28665E-01
SCF Iteration  15: Energy = 0.7906869308539834 dE = -7.29969E-01
SCF Iteration  16: Energy = 1.5199336722087469 dE =  7.29247E-01
SCF Iteration  17: Energy = 0.7898926738236589 dE = -7.30041E-01
SCF Iteration  18: Energy = 1.5195105827570350 dE =  7.29618E-01
SCF Iteration  19: Energy = 0.7894187033220194 dE = -7.30092E-01
SCF Iteration  20: Energy = 1.5192643562724730 dE =  7.29846E-01
SCF Iteration  21: Energy = 0.7891395932872233 dE = -7.30125E-01
SCF Iteration  22: Energy = 1.5191217196140481 dE =  7.29982E-01
SCF Iteration  23: Energy = 0.7889766484328442 dE = -7.30145E-01
SCF Iteration  24: Energy = 1.5190393511310654 dE =  7.30063E-01
SCF Iteration  25: Energy = 0.7888820645895633 dE = -7.30157E-01
SCF Iteration  26: Energy = 1.5189918875249613 dE =  7.30110E-01
SCF Iteration  27: Energy = 0.7888273721103327 dE = -7.30165E-01
SCF Iteration  28: Energy = 1.5189645772337084 dE =  7.30137E-01
SCF Iteration  29: Energy = 0.7887958282142213 dE = -7.30169E-01
SCF Iteration  30: Energy = 1.5189488786990508 dE =  7.30153E-01
SCF Iteration  31: Energy = 0.7887776671129270 dE = -7.30171E-01
SCF Iteration  32: Energy = 1.5189398609925844 dE =  7.30162E-01
SCF Iteration  33: Energy = 0.7887672234779848 dE = -7.30173E-01
SCF Iteration  34: Energy = 1.5189346833660338 dE =  7.30167E-01
SCF Iteration  35: Energy = 0.7887612226857932 dE = -7.30173E-01
SCF Iteration  36: Energy = 1.5189317115163319 dE =  7.30170E-01
SCF Iteration  37: Energy = 0.7887577766103258 dE = -7.30174E-01
SCF Iteration  38: Energy = 1.5189300061090572 dE =  7.30172E-01
SCF Iteration  39: Energy = 0.7887557983817229 dE = -7.30174E-01
SCF Iteration  40: Energy = 1.5189290276009917 dE =  7.30173E-01
SCF Iteration  41: Energy = 0.7887546630686159 dE = -7.30174E-01
SCF Iteration  42: Energy = 1.5189284662219382 dE =  7.30174E-01
SCF Iteration  43: Energy = 0.7887540116234917 dE = -7.30174E-01
SCF Iteration  44: Energy = 1.5189281441762252 dE =  7.30174E-01
SCF Iteration  45: Energy = 0.7887536378682185 dE = -7.30175E-01
SCF Iteration  46: Energy = 1.5189279594374558 dE =  7.30174E-01
SCF Iteration  47: Energy = 0.7887534234504375 dE = -7.30175E-01
SCF Iteration  48: Energy = 1.5189278534669068 dE =  7.30174E-01
SCF Iteration  49: Energy = 0.7887533004490072 dE = -7.30175E-01
SCF Iteration  50: Energy = 1.5189277926800302 dE =  7.30174E-01
SCF Iteration  51: Energy = 0.7887532298908104 dE = -7.30175E-01
SCF Iteration  52: Energy = 1.5189277578073261 dE =  7.30175E-01
SCF Iteration  53: Energy = 0.7887531894134698 dE = -7.30175E-01
SCF Iteration  54: Energy = 1.5189277377802977 dE =  7.30175E-01
SCF Iteration  55: Energy = 0.7887531661766967 dE = -7.30175E-01
SCF Iteration  56: Energy = 1.5189277261827181 dE =  7.30175E-01
SCF Iteration  57: Energy = 0.7887531527625998 dE = -7.30175E-01
SCF Iteration  58: Energy = 1.5189277190287249 dE =  7.30175E-01
SCF Iteration  59: Energy = 0.7887531446790736 dE = -7.30175E-01
SCF Iteration  60: Energy = 1.5189277126421354 dE =  7.30175E-01
SCF Iteration  61: Energy = 0.7887531382709683 dE = -7.30175E-01
SCF Iteration  62: Energy = 1.5189276985898494 dE =  7.30175E-01
SCF Iteration  63: Energy = 0.7887531265345975 dE = -7.30175E-01
SCF Iteration  64: Energy = 1.5189276432565886 dE =  7.30175E-01
SCF Iteration  65: Energy = 0.7887530831240241 dE = -7.30175E-01
SCF Iteration  66: Energy = 1.5189273964124574 dE =  7.30174E-01
SCF Iteration  67: Energy = 0.7887528913256543 dE = -7.30175E-01
SCF Iteration  68: Energy = 1.5189262760350202 dE =  7.30173E-01
SCF Iteration  69: Energy = 0.7887520218775260 dE = -7.30174E-01
SCF Iteration  70: Energy = 1.5189211796443487 dE =  7.30169E-01
SCF Iteration  71: Energy = 0.7887480675470653 dE = -7.30173E-01
SCF Iteration  72: Energy = 1.5188979909434968 dE =  7.30150E-01
SCF Iteration  73: Energy = 0.7887300756871843 dE = -7.30168E-01
SCF Iteration  74: Energy = 1.5187924842973486 dE =  7.30062E-01
SCF Iteration  75: Energy = 0.7886482161081068 dE = -7.30144E-01
SCF Iteration  76: Energy = 1.5183125642722419 dE =  7.29664E-01
SCF Iteration  77: Energy = 0.7882758946105013 dE = -7.30037E-01
SCF Iteration  78: Energy = 1.5161321973717594 dE =  7.27856E-01
SCF Iteration  79: Energy = 0.7865850814359167 dE = -7.29547E-01
SCF Iteration  80: Energy = 1.5062808706652859 dE =  7.19696E-01
SCF Iteration  81: Energy = 0.7789602151474402 dE = -7.27321E-01
SCF Iteration  82: Energy = 1.4628544827158840 dE =  6.83894E-01
SCF Iteration  83: Energy = 0.7456313008323383 dE = -7.17223E-01
SCF Iteration  84: Energy = 1.2903007956886532 dE =  5.44669E-01
SCF Iteration  85: Energy = 0.6176682869323351 dE = -6.72633E-01
SCF Iteration  86: Energy = 0.8096188601572700 dE =  1.91951E-01
SCF Iteration  87: Energy = 0.2967926346187284 dE = -5.12826E-01
SCF Iteration  88: Energy = 0.1859356500091083 dE = -1.10857E-01
SCF Iteration  89: Energy = -0.0480293252973427 dE = -2.33965E-01
SCF Iteration  90: Energy = -0.1352886377582601 dE = -8.72593E-02
SCF Iteration  91: Energy = -0.1956284334129956 dE = -6.03398E-02
SCF Iteration  92: Energy = -0.2192166337370103 dE = -2.35882E-02
SCF Iteration  93: Energy = -0.2305069643984008 dE = -1.12903E-02
SCF Iteration  94: Energy = -0.2349906420192418 dE = -4.48368E-03
SCF Iteration  95: Energy = -0.2369180135557365 dE = -1.92737E-03
SCF Iteration  96: Energy = -0.2377249844878366 dE = -8.06971E-04
SCF Iteration  97: Energy = -0.2380849999347292 dE = -3.60015E-04
SCF Iteration  98: Energy = -0.2382533139262160 dE = -1.68314E-04
SCF Iteration  99: Energy = -0.2383373532843414 dE = -8.40394E-05
SCF Iteration 100: Energy = -0.2383816772573415 dE = -4.43240E-05
SCF Iteration 101: Energy = -0.2384061020887742 dE = -2.44248E-05
SCF Iteration 102: Energy = -0.2384199790929797 dE = -1.38770E-05
SCF Iteration 103: Energy = -0.2384280174676900 dE = -8.03837E-06
SCF Iteration 104: Energy = -0.2384327299257998 dE = -4.71246E-06
SCF Iteration 105: Energy = -0.2384355115492944 dE = -2.78162E-06
SCF Iteration 106: Energy = -0.2384371600353845 dE = -1.64849E-06
SCF Iteration 107: Energy = -0.2384381391023893 dE = -9.79067E-07
SCF Iteration 108: Energy = -0.2384387212993262 dE = -5.82197E-07
SCF Iteration 109: Energy = -0.2384390677188377 dE = -3.46420E-07
SCF Iteration 110: Energy = -0.2384392739164838 dE = -2.06198E-07
SCF Iteration 111: Energy = -0.2384393966708365 dE = -1.22754E-07
SCF Iteration 112: Energy = -0.2384394697554044 dE = -7.30846E-08
SCF Iteration 113: Energy = -0.2384395132693420 dE = -4.35139E-08
SCF Iteration 114: Energy = -0.2384395391774481 dE = -2.59081E-08
SCF Iteration 115: Energy = -0.2384395546030560 dE = -1.54256E-08
SCF Iteration 116: Energy = -0.2384395637873671 dE = -9.18431E-09
SCF Iteration 117: Energy = -0.2384395692556061 dE = -5.46824E-09
SCF Iteration 118: Energy = -0.2384395725113122 dE = -3.25571E-09
SCF Iteration 119: Energy = -0.2384395744497010 dE = -1.93839E-09
SCF Iteration 120: Energy = -0.2384395756037738 dE = -1.15407E-09
SCF Iteration 121: Energy = -0.2384395762908798 dE = -6.87106E-10
SCF Iteration 122: Energy = -0.2384395766999685 dE = -4.09089E-10
SCF Iteration 123: Energy = -0.2384395769435266 dE = -2.43558E-10
SCF Iteration 124: Energy = -0.2384395770885344 dE = -1.45008E-10
SCF Iteration 125: Energy = -0.2384395771748671 dE = -8.63327E-11

SCF converged.
E_QED_HF          = -0.238439577174867
HF  (psi4)        = -1.018175295488575
Starting with the CCSD calculation:

Iter  Energy(CCSD)      E_diff    time(sec)
  1:  -0.2113217808  2.11322E-01   10.103
  2:  -0.3039692519  9.26475E-02   10.108
  3:  -0.3151845713  1.12153E-02   10.113
  4:  -0.3019991257  1.31854E-02   10.105
  5:  -0.3040180626  2.01894E-03   10.103
  6:  -0.3065709865  2.55292E-03   10.107
  7:  -0.3201384275  1.35674E-02   10.107
  8:  -0.3273094122  7.17098E-03   10.107
  9:  -0.3347103074  7.40090E-03   10.098
 10:  -0.3428633485  8.15304E-03   10.096
 11:  -0.3473433954  4.48005E-03   10.094
 12:  -0.3496074901  2.26409E-03   10.099
 13:  -0.3509253727  1.31788E-03   10.096
 14:  -0.3516789421  7.53569E-04   10.098
 15:  -0.3521979204  5.18978E-04   10.100
 16:  -0.3523965778  1.98657E-04   10.100
 17:  -0.3524378126  4.12348E-05   10.099
 18:  -0.3524860902  4.82776E-05   10.096
 19:  -0.3525158971  2.98070E-05   10.093
 20:  -0.3525469774  3.10802E-05   10.100
 21:  -0.3525564273  9.44994E-06   10.108
 22:  -0.3525553133  1.11400E-06   10.104
 23:  -0.3525610110  5.69768E-06   10.106
 24:  -0.3525624305  1.41951E-06   10.106
 25:  -0.3525633100  8.79517E-07   10.105
 26:  -0.3525645006  1.19054E-06   10.106
 27:  -0.3525645591  5.85361E-08   10.110
 28:  -0.3525647776  2.18487E-07   10.108
 29:  -0.3525655692  7.91635E-07   10.107
 30:  -0.3525651637  4.05548E-07   10.106
 31:  -0.3525649372  2.26424E-07   10.105
 32:  -0.3525649179  1.93433E-08   10.108
 33:  -0.3525645986  3.19331E-07   10.105
 34:  -0.3525645371  6.14201E-08   10.105
 35:  -0.3525646451  1.07989E-07   10.106
 36:  -0.3525646887  4.36079E-08   10.105
 37:  -0.3525646904  1.61996E-09   10.103
E_QED_CCSD  (Corr.)  = -0.352564690365778
E_QED_CCSD tot       = -0.591004267540645
E_CCSD_psi4 (Corr.)  = -0.059205318951360
E_CCSD_psi4 tot      = -1.077380614439935
