
  Memory set to  55.879 GiB by Python driver.
  Threads set to 1 by Python driver.
Settings:
	LOT = CCSD-S1-U21
	wc = 20.0 eV
	lambda = [0.848697 0.       0.      ] a.u.
	Equivalent A0 = LAMBDA / sqrt(2 wc) = [0.7 0.  0. ])
doing QED-CCSD-1 (or QED-CCSD-21)
Number of occupied orbitals:   1
Number of basis functions:  60
SCF Iteration   1: Energy = 1.1801180831981020 dE =  1.18012E+00
SCF Iteration   2: Energy = 1.9174068359291003 dE =  7.37289E-01
SCF Iteration   3: Energy = 1.3561681373086283 dE = -5.61239E-01
SCF Iteration   4: Energy = 1.8846657186749387 dE =  5.28498E-01
SCF Iteration   5: Energy = 1.3789766746258649 dE = -5.05689E-01
SCF Iteration   6: Energy = 1.8709406719246910 dE =  4.91964E-01
SCF Iteration   7: Energy = 1.3780381089823237 dE = -4.92903E-01
SCF Iteration   8: Energy = 1.8624930887503350 dE =  4.84455E-01
SCF Iteration   9: Energy = 1.3732991082190105 dE = -4.89194E-01
SCF Iteration  10: Energy = 1.8567579745842591 dE =  4.83459E-01
SCF Iteration  11: Energy = 1.3686385953073943 dE = -4.88119E-01
SCF Iteration  12: Energy = 1.8527920646223475 dE =  4.84153E-01
SCF Iteration  13: Energy = 1.3649119621302890 dE = -4.87880E-01
SCF Iteration  14: Energy = 1.8500762443661425 dE =  4.85164E-01
SCF Iteration  15: Energy = 1.3621743245230922 dE = -4.87902E-01
SCF Iteration  16: Energy = 1.8482434398557668 dE =  4.86069E-01
SCF Iteration  17: Energy = 1.3602537383162212 dE = -4.87990E-01
SCF Iteration  18: Energy = 1.8470219320501757 dE =  4.86768E-01
SCF Iteration  19: Energy = 1.3589434659830886 dE = -4.88078E-01
SCF Iteration  20: Energy = 1.8462154188751319 dE =  4.87272E-01
SCF Iteration  21: Energy = 1.3580653817232895 dE = -4.88150E-01
SCF Iteration  22: Energy = 1.8456864547898189 dE =  4.87621E-01
SCF Iteration  23: Energy = 1.3574838078757510 dE = -4.88203E-01
SCF Iteration  24: Energy = 1.8453411473321146 dE =  4.87857E-01
SCF Iteration  25: Energy = 1.3571016471342761 dE = -4.88240E-01
SCF Iteration  26: Energy = 1.8451164666897653 dE =  4.88015E-01
SCF Iteration  27: Energy = 1.3568518678070074 dE = -4.88265E-01
SCF Iteration  28: Energy = 1.8449706070155982 dE =  4.88119E-01
SCF Iteration  29: Energy = 1.3566892127575538 dE = -4.88281E-01
SCF Iteration  30: Energy = 1.8448760673627356 dE =  4.88187E-01
SCF Iteration  31: Energy = 1.3565835616248447 dE = -4.88293E-01
SCF Iteration  32: Energy = 1.8448148590726847 dE =  4.88231E-01
SCF Iteration  33: Energy = 1.3565150578254404 dE = -4.88300E-01
SCF Iteration  34: Energy = 1.8447752614504387 dE =  4.88260E-01
SCF Iteration  35: Energy = 1.3564706947068288 dE = -4.88305E-01
SCF Iteration  36: Energy = 1.8447496583909162 dE =  4.88279E-01
SCF Iteration  37: Energy = 1.3564419896970978 dE = -4.88308E-01
SCF Iteration  38: Energy = 1.8447331102471147 dE =  4.88291E-01
SCF Iteration  39: Energy = 1.3564234273178508 dE = -4.88310E-01
SCF Iteration  40: Energy = 1.8447224174612575 dE =  4.88299E-01
SCF Iteration  41: Energy = 1.3564114287892344 dE = -4.88311E-01
SCF Iteration  42: Energy = 1.8447155094781316 dE =  4.88304E-01
SCF Iteration  43: Energy = 1.3564036753344282 dE = -4.88312E-01
SCF Iteration  44: Energy = 1.8447110472193491 dE =  4.88307E-01
SCF Iteration  45: Energy = 1.3563986660747851 dE = -4.88312E-01
SCF Iteration  46: Energy = 1.8447081650577002 dE =  4.88309E-01
SCF Iteration  47: Energy = 1.3563954302165002 dE = -4.88313E-01
SCF Iteration  48: Energy = 1.8447063035967299 dE =  4.88311E-01
SCF Iteration  49: Energy = 1.3563933401419856 dE = -4.88313E-01
SCF Iteration  50: Energy = 1.8447051014155806 dE =  4.88312E-01
SCF Iteration  51: Energy = 1.3563919902362667 dE = -4.88313E-01
SCF Iteration  52: Energy = 1.8447043250395263 dE =  4.88312E-01
SCF Iteration  53: Energy = 1.3563911184226338 dE = -4.88313E-01
SCF Iteration  54: Energy = 1.8447038236621909 dE =  4.88313E-01
SCF Iteration  55: Energy = 1.3563905553961435 dE = -4.88313E-01
SCF Iteration  56: Energy = 1.8447034998818344 dE =  4.88313E-01
SCF Iteration  57: Energy = 1.3563901917964847 dE = -4.88313E-01
SCF Iteration  58: Energy = 1.8447032907926610 dE =  4.88313E-01
SCF Iteration  59: Energy = 1.3563899569896658 dE = -4.88313E-01
SCF Iteration  60: Energy = 1.8447031557691851 dE =  4.88313E-01
SCF Iteration  61: Energy = 1.3563898053569969 dE = -4.88313E-01
SCF Iteration  62: Energy = 1.8447030685755788 dE =  4.88313E-01
SCF Iteration  63: Energy = 1.3563897074370468 dE = -4.88313E-01
SCF Iteration  64: Energy = 1.8447030122690962 dE =  4.88313E-01
SCF Iteration  65: Energy = 1.3563896442035666 dE = -4.88313E-01
SCF Iteration  66: Energy = 1.8447029759084965 dE =  4.88313E-01
SCF Iteration  67: Energy = 1.3563896033696308 dE = -4.88313E-01
SCF Iteration  68: Energy = 1.8447029524282428 dE =  4.88313E-01
SCF Iteration  69: Energy = 1.3563895770006078 dE = -4.88313E-01
SCF Iteration  70: Energy = 1.8447029372656274 dE =  4.88313E-01
SCF Iteration  71: Energy = 1.3563895599725235 dE = -4.88313E-01
SCF Iteration  72: Energy = 1.8447029274742297 dE =  4.88313E-01
SCF Iteration  73: Energy = 1.3563895489764564 dE = -4.88313E-01
SCF Iteration  74: Energy = 1.8447029211513430 dE =  4.88313E-01
SCF Iteration  75: Energy = 1.3563895418756393 dE = -4.88313E-01
SCF Iteration  76: Energy = 1.8447029170682832 dE =  4.88313E-01
SCF Iteration  77: Energy = 1.3563895372902199 dE = -4.88313E-01
SCF Iteration  78: Energy = 1.8447029144316072 dE =  4.88313E-01
SCF Iteration  79: Energy = 1.3563895343291452 dE = -4.88313E-01
SCF Iteration  80: Energy = 1.8447029127289583 dE =  4.88313E-01
SCF Iteration  81: Energy = 1.3563895324170110 dE = -4.88313E-01
SCF Iteration  82: Energy = 1.8447029116294571 dE =  4.88313E-01
SCF Iteration  83: Energy = 1.3563895311822280 dE = -4.88313E-01
SCF Iteration  84: Energy = 1.8447029109194422 dE =  4.88313E-01
SCF Iteration  85: Energy = 1.3563895303848608 dE = -4.88313E-01
SCF Iteration  86: Energy = 1.8447029104609416 dE =  4.88313E-01
SCF Iteration  87: Energy = 1.3563895298699542 dE = -4.88313E-01
SCF Iteration  88: Energy = 1.8447029101648647 dE =  4.88313E-01
SCF Iteration  89: Energy = 1.3563895295374411 dE = -4.88313E-01
SCF Iteration  90: Energy = 1.8447029099736683 dE =  4.88313E-01
SCF Iteration  91: Energy = 1.3563895293227239 dE = -4.88313E-01
SCF Iteration  92: Energy = 1.8447029098502035 dE =  4.88313E-01
SCF Iteration  93: Energy = 1.3563895291840664 dE = -4.88313E-01
SCF Iteration  94: Energy = 1.8447029097704752 dE =  4.88313E-01
SCF Iteration  95: Energy = 1.3563895290945300 dE = -4.88313E-01
SCF Iteration  96: Energy = 1.8447029097189911 dE =  4.88313E-01
SCF Iteration  97: Energy = 1.3563895290367121 dE = -4.88313E-01
SCF Iteration  98: Energy = 1.8447029096857439 dE =  4.88313E-01
SCF Iteration  99: Energy = 1.3563895289993702 dE = -4.88313E-01
SCF Iteration 100: Energy = 1.8447029096642777 dE =  4.88313E-01
SCF Iteration 101: Energy = 1.3563895289752661 dE = -4.88313E-01
SCF Iteration 102: Energy = 1.8447029096504060 dE =  4.88313E-01
SCF Iteration 103: Energy = 1.3563895289596914 dE = -4.88313E-01
SCF Iteration 104: Energy = 1.8447029096414544 dE =  4.88313E-01
SCF Iteration 105: Energy = 1.3563895289496348 dE = -4.88313E-01
SCF Iteration 106: Energy = 1.8447029096356771 dE =  4.88313E-01
SCF Iteration 107: Energy = 1.3563895289431476 dE = -4.88313E-01
SCF Iteration 108: Energy = 1.8447029096319463 dE =  4.88313E-01
SCF Iteration 109: Energy = 1.3563895289389545 dE = -4.88313E-01
SCF Iteration 110: Energy = 1.8447029096295342 dE =  4.88313E-01
SCF Iteration 111: Energy = 1.3563895289362482 dE = -4.88313E-01
SCF Iteration 112: Energy = 1.8447029096279723 dE =  4.88313E-01
SCF Iteration 113: Energy = 1.3563895289344992 dE = -4.88313E-01
SCF Iteration 114: Energy = 1.8447029096269649 dE =  4.88313E-01
SCF Iteration 115: Energy = 1.3563895289333625 dE = -4.88313E-01
SCF Iteration 116: Energy = 1.8447029096263172 dE =  4.88313E-01
SCF Iteration 117: Energy = 1.3563895289326324 dE = -4.88313E-01
SCF Iteration 118: Energy = 1.8447029096258929 dE =  4.88313E-01
SCF Iteration 119: Energy = 1.3563895289321615 dE = -4.88313E-01
SCF Iteration 120: Energy = 1.8447029096256164 dE =  4.88313E-01
SCF Iteration 121: Energy = 1.3563895289318524 dE = -4.88313E-01
SCF Iteration 122: Energy = 1.8447029096254255 dE =  4.88313E-01
SCF Iteration 123: Energy = 1.3563895289316412 dE = -4.88313E-01
SCF Iteration 124: Energy = 1.8447029096252894 dE =  4.88313E-01
SCF Iteration 125: Energy = 1.3563895289314960 dE = -4.88313E-01
SCF Iteration 126: Energy = 1.8447029096251828 dE =  4.88313E-01
SCF Iteration 127: Energy = 1.3563895289313843 dE = -4.88313E-01
SCF Iteration 128: Energy = 1.8447029096250627 dE =  4.88313E-01
SCF Iteration 129: Energy = 1.3563895289312693 dE = -4.88313E-01
SCF Iteration 130: Energy = 1.8447029096249232 dE =  4.88313E-01
SCF Iteration 131: Energy = 1.3563895289311390 dE = -4.88313E-01
SCF Iteration 132: Energy = 1.8447029096247070 dE =  4.88313E-01
SCF Iteration 133: Energy = 1.3563895289309433 dE = -4.88313E-01
SCF Iteration 134: Energy = 1.8447029096243484 dE =  4.88313E-01
SCF Iteration 135: Energy = 1.3563895289306347 dE = -4.88313E-01
SCF Iteration 136: Energy = 1.8447029096237622 dE =  4.88313E-01
SCF Iteration 137: Energy = 1.3563895289301213 dE = -4.88313E-01
SCF Iteration 138: Energy = 1.8447029096227547 dE =  4.88313E-01
SCF Iteration 139: Energy = 1.3563895289292438 dE = -4.88313E-01
SCF Iteration 140: Energy = 1.8447029096210208 dE =  4.88313E-01
SCF Iteration 141: Energy = 1.3563895289277426 dE = -4.88313E-01
SCF Iteration 142: Energy = 1.8447029096180345 dE =  4.88313E-01
SCF Iteration 143: Energy = 1.3563895289251509 dE = -4.88313E-01
SCF Iteration 144: Energy = 1.8447029096128869 dE =  4.88313E-01
SCF Iteration 145: Energy = 1.3563895289206798 dE = -4.88313E-01
SCF Iteration 146: Energy = 1.8447029096040082 dE =  4.88313E-01
SCF Iteration 147: Energy = 1.3563895289129788 dE = -4.88313E-01
SCF Iteration 148: Energy = 1.8447029095887146 dE =  4.88313E-01
SCF Iteration 149: Energy = 1.3563895288997085 dE = -4.88313E-01
SCF Iteration 150: Energy = 1.8447029095623517 dE =  4.88313E-01
SCF Iteration 151: Energy = 1.3563895288768368 dE = -4.88313E-01
SCF Iteration 152: Energy = 1.8447029095169043 dE =  4.88313E-01
SCF Iteration 153: Energy = 1.3563895288374035 dE = -4.88313E-01
SCF Iteration 154: Energy = 1.8447029094385583 dE =  4.88313E-01
SCF Iteration 155: Energy = 1.3563895287694312 dE = -4.88313E-01
SCF Iteration 156: Energy = 1.8447029093035050 dE =  4.88313E-01
SCF Iteration 157: Energy = 1.3563895286522527 dE = -4.88313E-01
SCF Iteration 158: Energy = 1.8447029090706855 dE =  4.88313E-01
SCF Iteration 159: Energy = 1.3563895284502492 dE = -4.88313E-01
SCF Iteration 160: Energy = 1.8447029086693358 dE =  4.88313E-01
SCF Iteration 161: Energy = 1.3563895281020333 dE = -4.88313E-01
SCF Iteration 162: Energy = 1.8447029079774702 dE =  4.88313E-01
SCF Iteration 163: Energy = 1.3563895275017479 dE = -4.88313E-01
SCF Iteration 164: Energy = 1.8447029067847831 dE =  4.88313E-01
SCF Iteration 165: Energy = 1.3563895264669441 dE = -4.88313E-01
SCF Iteration 166: Energy = 1.8447029047287546 dE =  4.88313E-01
SCF Iteration 167: Energy = 1.3563895246830893 dE = -4.88313E-01
SCF Iteration 168: Energy = 1.8447029011844411 dE =  4.88313E-01
SCF Iteration 169: Energy = 1.3563895216079536 dE = -4.88313E-01
SCF Iteration 170: Energy = 1.8447028950745350 dE =  4.88313E-01
SCF Iteration 171: Energy = 1.3563895163068376 dE = -4.88313E-01
SCF Iteration 172: Energy = 1.8447028845418758 dE =  4.88313E-01
SCF Iteration 173: Energy = 1.3563895071684435 dE = -4.88313E-01
SCF Iteration 174: Energy = 1.8447028663850042 dE =  4.88313E-01
SCF Iteration 175: Energy = 1.3563894914150836 dE = -4.88313E-01
SCF Iteration 176: Energy = 1.8447028350850454 dE =  4.88313E-01
SCF Iteration 177: Energy = 1.3563894642584469 dE = -4.88313E-01
SCF Iteration 178: Energy = 1.8447027811281675 dE =  4.88313E-01
SCF Iteration 179: Energy = 1.3563894174440996 dE = -4.88313E-01
SCF Iteration 180: Energy = 1.8447026881138651 dE =  4.88313E-01
SCF Iteration 181: Energy = 1.3563893367425464 dE = -4.88313E-01
SCF Iteration 182: Energy = 1.8447025277698883 dE =  4.88313E-01
SCF Iteration 183: Energy = 1.3563891976240772 dE = -4.88313E-01
SCF Iteration 184: Energy = 1.8447022513587705 dE =  4.88313E-01
SCF Iteration 185: Energy = 1.3563889578028452 dE = -4.88313E-01
SCF Iteration 186: Energy = 1.8447017748638039 dE =  4.88313E-01
SCF Iteration 187: Energy = 1.3563885443838410 dE = -4.88313E-01
SCF Iteration 188: Energy = 1.8447009534518002 dE =  4.88312E-01
SCF Iteration 189: Energy = 1.3563878317062161 dE = -4.88313E-01
SCF Iteration 190: Energy = 1.8446995374506736 dE =  4.88312E-01
SCF Iteration 191: Energy = 1.3563866031483562 dE = -4.88313E-01
SCF Iteration 192: Energy = 1.8446970964614395 dE =  4.88310E-01
SCF Iteration 193: Energy = 1.3563844852857705 dE = -4.88313E-01
SCF Iteration 194: Energy = 1.8446928885398979 dE =  4.88308E-01
SCF Iteration 195: Energy = 1.3563808343905657 dE = -4.88312E-01
SCF Iteration 196: Energy = 1.8446856346902682 dE =  4.88305E-01
SCF Iteration 197: Energy = 1.3563745407784613 dE = -4.88311E-01
SCF Iteration 198: Energy = 1.8446731301425285 dE =  4.88299E-01
SCF Iteration 199: Energy = 1.3563636915493942 dE = -4.88309E-01
SCF Iteration 200: Energy = 1.8446515743056777 dE =  4.88288E-01
SCF Iteration 201: Energy = 1.3563449892563442 dE = -4.88307E-01
SCF Iteration 202: Energy = 1.8446144158714353 dE =  4.88269E-01
SCF Iteration 203: Energy = 1.3563127499425771 dE = -4.88302E-01
SCF Iteration 204: Energy = 1.8445503624442992 dE =  4.88238E-01
SCF Iteration 205: Energy = 1.3562571764079430 dE = -4.88293E-01
SCF Iteration 206: Energy = 1.8444399509421365 dE =  4.88183E-01
SCF Iteration 207: Energy = 1.3561613830817756 dE = -4.88279E-01
SCF Iteration 208: Energy = 1.8442496399711026 dE =  4.88088E-01
SCF Iteration 209: Energy = 1.3559962718435628 dE = -4.88253E-01
SCF Iteration 210: Energy = 1.8439216393608984 dE =  4.87925E-01
SCF Iteration 211: Energy = 1.3557117121034301 dE = -4.88210E-01
SCF Iteration 212: Energy = 1.8433564176804023 dE =  4.87645E-01
SCF Iteration 213: Energy = 1.3552213764431025 dE = -4.88135E-01
SCF Iteration 214: Energy = 1.8423826662976182 dE =  4.87161E-01
SCF Iteration 215: Energy = 1.3543767179277499 dE = -4.88006E-01
SCF Iteration 216: Energy = 1.8407058733760697 dE =  4.86329E-01
SCF Iteration 217: Energy = 1.3529224619091715 dE = -4.87783E-01
SCF Iteration 218: Energy = 1.8378207133158637 dE =  4.84898E-01
SCF Iteration 219: Energy = 1.3504209186473222 dE = -4.87400E-01
SCF Iteration 220: Energy = 1.8328630869014781 dE =  4.82442E-01
SCF Iteration 221: Energy = 1.3461245673332449 dE = -4.86739E-01
SCF Iteration 222: Energy = 1.8243640548669711 dE =  4.78239E-01
SCF Iteration 223: Energy = 1.3387653565430735 dE = -4.85599E-01
SCF Iteration 224: Energy = 1.8098517652267427 dE =  4.71086E-01
SCF Iteration 225: Energy = 1.3262173676195472 dE = -4.83634E-01
SCF Iteration 226: Energy = 1.7852397348842617 dE =  4.59022E-01
SCF Iteration 227: Energy = 1.3049886799307646 dE = -4.80251E-01
SCF Iteration 228: Energy = 1.7439786614376085 dE =  4.38990E-01
SCF Iteration 229: Energy = 1.2695464626436703 dE = -4.74432E-01
SCF Iteration 230: Energy = 1.6761365329757409 dE =  4.06590E-01
SCF Iteration 231: Energy = 1.2116718432000777 dE = -4.64465E-01
SCF Iteration 232: Energy = 1.5681106662558184 dE =  3.56439E-01
SCF Iteration 233: Energy = 1.1205452459326211 dE = -4.47565E-01
SCF Iteration 234: Energy = 1.4047356562977211 dE =  2.84190E-01
SCF Iteration 235: Energy = 0.9851317954633780 dE = -4.19604E-01
SCF Iteration 236: Energy = 1.1764570421064728 dE =  1.91325E-01
SCF Iteration 237: Energy = 0.8007872235798610 dE = -3.75670E-01
SCF Iteration 238: Energy = 0.8918544421565757 dE =  9.10672E-02
SCF Iteration 239: Energy = 0.5789531132757957 dE = -3.12901E-01
SCF Iteration 240: Energy = 0.5864879505107323 dE =  7.53484E-03
SCF Iteration 241: Energy = 0.3509120262161907 dE = -2.35576E-01
SCF Iteration 242: Energy = 0.3118782338577182 dE = -3.90338E-02
SCF Iteration 243: Energy = 0.1548001083478319 dE = -1.57078E-01
SCF Iteration 244: Energy = 0.1061209461224708 dE = -4.86792E-02
SCF Iteration 245: Energy = 0.0135062013283349 dE = -9.26147E-02
SCF Iteration 246: Energy = -0.0246228823815557 dE = -3.81291E-02
SCF Iteration 247: Energy = -0.0737645861721217 dE = -4.91417E-02
SCF Iteration 248: Energy = -0.0974913534112427 dE = -2.37268E-02
SCF Iteration 249: Energy = -0.1216010419282689 dE = -2.41097E-02
SCF Iteration 250: Energy = -0.1344645686827404 dE = -1.28635E-02
SCF Iteration 251: Energy = -0.1456907019621800 dE = -1.12261E-02
SCF Iteration 252: Energy = -0.1520919439376480 dE = -6.40124E-03
SCF Iteration 253: Energy = -0.1571519247458233 dE = -5.05998E-03
SCF Iteration 254: Energy = -0.1601707324966277 dE = -3.01881E-03
SCF Iteration 255: Energy = -0.1624074041252244 dE = -2.23667E-03
SCF Iteration 256: Energy = -0.1637836470768153 dE = -1.37624E-03
SCF Iteration 257: Energy = -0.1647609642863475 dE = -9.77317E-04
SCF Iteration 258: Energy = -0.1653750294574605 dE = -6.14065E-04
SCF Iteration 259: Energy = -0.1657991350969543 dE = -4.24106E-04
SCF Iteration 260: Energy = -0.1660693817038559 dE = -2.70247E-04
SCF Iteration 261: Energy = -0.1662526550770260 dE = -1.83273E-04
SCF Iteration 262: Energy = -0.1663705406389773 dE = -1.17886E-04
SCF Iteration 263: Energy = -0.1664495371147892 dE = -7.89965E-05
SCF Iteration 264: Energy = -0.1665006667322557 dE = -5.11296E-05
SCF Iteration 265: Energy = -0.1665346618635604 dE = -3.39951E-05
SCF Iteration 266: Energy = -0.1665567555314391 dE = -2.20937E-05
SCF Iteration 267: Energy = -0.1665713699650531 dE = -1.46144E-05
SCF Iteration 268: Energy = -0.1665808937563860 dE = -9.52379E-06
SCF Iteration 269: Energy = -0.1665871723563086 dE = -6.27860E-06
SCF Iteration 270: Energy = -0.1665912712288740 dE = -4.09887E-06
SCF Iteration 271: Energy = -0.1665939674775609 dE = -2.69625E-06
SCF Iteration 272: Energy = -0.1665957297359624 dE = -1.76226E-06
SCF Iteration 273: Energy = -0.1665968872808734 dE = -1.15754E-06
SCF Iteration 274: Energy = -0.1665976444288781 dE = -7.57148E-07
SCF Iteration 275: Energy = -0.1665981412935085 dE = -4.96865E-07
SCF Iteration 276: Energy = -0.1665984664553255 dE = -3.25162E-07
SCF Iteration 277: Energy = -0.1665986797046193 dE = -2.13249E-07
SCF Iteration 278: Energy = -0.1665988193068224 dE = -1.39602E-07
SCF Iteration 279: Energy = -0.1665989108242818 dE = -9.15175E-08
SCF Iteration 280: Energy = -0.1665989707485145 dE = -5.99242E-08
SCF Iteration 281: Energy = -0.1665990100219208 dE = -3.92734E-08
SCF Iteration 282: Energy = -0.1665990357411884 dE = -2.57193E-08
SCF Iteration 283: Energy = -0.1665990525942633 dE = -1.68531E-08
SCF Iteration 284: Energy = -0.1665990636319790 dE = -1.10377E-08
SCF Iteration 285: Energy = -0.1665990708638430 dE = -7.23186E-09
SCF Iteration 286: Energy = -0.1665990756005553 dE = -4.73671E-09
SCF Iteration 287: Energy = -0.1665990787037970 dE = -3.10324E-09
SCF Iteration 288: Energy = -0.1665990807364301 dE = -2.03263E-09
SCF Iteration 289: Energy = -0.1665990820680321 dE = -1.33160E-09
SCF Iteration 290: Energy = -0.1665990829402655 dE = -8.72233E-10
SCF Iteration 291: Energy = -0.1665990835116617 dE = -5.71396E-10
SCF Iteration 292: Energy = -0.1665990838859344 dE = -3.74273E-10
SCF Iteration 293: Energy = -0.1665990841311213 dE = -2.45187E-10
SCF Iteration 294: Energy = -0.1665990842917329 dE = -1.60612E-10
SCF Iteration 295: Energy = -0.1665990843969332 dE = -1.05200E-10
SCF Iteration 296: Energy = -0.1665990844658451 dE = -6.89120E-11

SCF converged.
E_QED_HF          = -0.166599084465845
HF  (psi4)        = -0.971303496032686
Starting with the CCSD calculation:

Iter  Energy(CCSD)      E_diff    time(sec)
  1:  -0.1557760381  1.55776E-01   10.100
  2:  -0.2208685186  6.50925E-02   10.101
  3:  -0.2349127288  1.40442E-02   10.104
  4:  -0.2391630685  4.25034E-03   10.101
  5:  -0.2478230304  8.65996E-03   10.103
  6:  -0.2526321571  4.80913E-03   10.100
  7:  -0.2601157975  7.48364E-03   10.100
  8:  -0.2666645092  6.54871E-03   10.099
  9:  -0.2709489905  4.28448E-03   10.097
 10:  -0.2794203331  8.47134E-03   10.099
 11:  -0.2843276527  4.90732E-03   10.097
 12:  -0.2867742094  2.44656E-03   10.097
 13:  -0.2890493203  2.27511E-03   10.098
 14:  -0.2905434216  1.49410E-03   10.101
 15:  -0.2916351875  1.09177E-03   10.107
 16:  -0.2922288131  5.93626E-04   10.099
 17:  -0.2926062131  3.77400E-04   10.098
 18:  -0.2927856757  1.79463E-04   10.101
 19:  -0.2929472714  1.61596E-04   10.100
 20:  -0.2930148087  6.75373E-05   10.094
 21:  -0.2930681406  5.33318E-05   10.102
 22:  -0.2930816851  1.35445E-05   10.099
 23:  -0.2930880185  6.33342E-06   10.098
 24:  -0.2930844514  3.56711E-06   10.101
 25:  -0.2930876092  3.15779E-06   10.097
 26:  -0.2930857199  1.88925E-06   10.098
 27:  -0.2930848797  8.40189E-07   10.101
 28:  -0.2930863093  1.42956E-06   10.096
 29:  -0.2930840513  2.25800E-06   10.097
 30:  -0.2930867414  2.69015E-06   10.108
 31:  -0.2930877893  1.04789E-06   10.097
 32:  -0.2930850345  2.75485E-06   10.098
 33:  -0.2930821344  2.90010E-06   10.101
 34:  -0.2930806177  1.51670E-06   10.099
 35:  -0.2930806868  6.91773E-08   10.099
 36:  -0.2930807738  8.69841E-08   10.100
 37:  -0.2930808058  3.19342E-08   10.099
 38:  -0.2930807570  4.87915E-08   10.099
 39:  -0.2930805044  2.52561E-07   10.102
 40:  -0.2930807194  2.14991E-07   10.097
 41:  -0.2930805553  1.64112E-07   10.100
 42:  -0.2930805896  3.42779E-08   10.103
 43:  -0.2930804689  1.20642E-07   10.110
 44:  -0.2930805499  8.09899E-08   10.101
 45:  -0.2930803612  1.88676E-07   10.103
 46:  -0.2930804522  9.09784E-08   10.100
 47:  -0.2930801704  2.81790E-07   10.101
 48:  -0.2930794169  7.53492E-07   10.101
 49:  -0.2930792958  1.21169E-07   10.104
 50:  -0.2930796770  3.81238E-07   10.101
E_QED_CCSD  (Corr.)  = -0.293079677010641
E_QED_CCSD tot       = -0.459678761476486
E_CCSD_psi4 (Corr.)  = -0.073791196473185
E_CCSD_psi4 tot      = -1.045094692505872
