
  Memory set to  55.879 GiB by Python driver.
  Threads set to 1 by Python driver.
Settings:
	LOT = CCSD-S1-U21
	wc = 20.0 eV
	lambda = [0.848697 0.       0.      ] a.u.
	Equivalent A0 = LAMBDA / sqrt(2 wc) = [0.7 0.  0. ])
doing QED-CCSD-1 (or QED-CCSD-21)
Number of occupied orbitals:   1
Number of basis functions:  60
SCF Iteration   1: Energy = 2.2382352039546536 dE =  2.23824E+00
SCF Iteration   2: Energy = 2.7841018290662407 dE =  5.45867E-01
SCF Iteration   3: Energy = 2.4517090884615764 dE = -3.32393E-01
SCF Iteration   4: Energy = 2.7562234447593457 dE =  3.04514E-01
SCF Iteration   5: Energy = 2.5104259456977007 dE = -2.45797E-01
SCF Iteration   6: Energy = 2.7478533628673794 dE =  2.37427E-01
SCF Iteration   7: Energy = 2.5261137370872579 dE = -2.21740E-01
SCF Iteration   8: Energy = 2.7419899571009352 dE =  2.15876E-01
SCF Iteration   9: Energy = 2.5290600642054928 dE = -2.12930E-01
SCF Iteration  10: Energy = 2.7369078620067269 dE =  2.07848E-01
SCF Iteration  11: Energy = 2.5275746470335574 dE = -2.09333E-01
SCF Iteration  12: Energy = 2.7323738972416325 dE =  2.04799E-01
SCF Iteration  13: Energy = 2.5246091432731483 dE = -2.07765E-01
SCF Iteration  14: Energy = 2.7284469429836569 dE =  2.03838E-01
SCF Iteration  15: Energy = 2.5213921589704551 dE = -2.07055E-01
SCF Iteration  16: Energy = 2.7251716407432243 dE =  2.03779E-01
SCF Iteration  17: Energy = 2.5184399986104431 dE = -2.06732E-01
SCF Iteration  18: Energy = 2.7225251011002789 dE =  2.04085E-01
SCF Iteration  19: Energy = 2.5159353626684280 dE = -2.06590E-01
SCF Iteration  20: Energy = 2.7204372057828112 dE =  2.04502E-01
SCF Iteration  21: Energy = 2.5139033330804259 dE = -2.06534E-01
SCF Iteration  22: Energy = 2.7188185569782926 dE =  2.04915E-01
SCF Iteration  23: Energy = 2.5123003421536398 dE = -2.06518E-01
SCF Iteration  24: Energy = 2.7175794373145830 dE =  2.05279E-01
SCF Iteration  25: Energy = 2.5110591053065456 dE = -2.06520E-01
SCF Iteration  26: Energy = 2.7166394728197587 dE =  2.05580E-01
SCF Iteration  27: Energy = 2.5101101701688990 dE = -2.06529E-01
SCF Iteration  28: Energy = 2.7159311405088773 dE =  2.05821E-01
SCF Iteration  29: Energy = 2.5093911701406131 dE = -2.06540E-01
SCF Iteration  30: Energy = 2.7153999241241524 dE =  2.06009E-01
SCF Iteration  31: Energy = 2.5088498574182632 dE = -2.06550E-01
SCF Iteration  32: Energy = 2.7150029361670538 dE =  2.06153E-01
SCF Iteration  33: Energy = 2.5084441916501867 dE = -2.06559E-01
SCF Iteration  34: Energy = 2.7147070245939413 dE =  2.06263E-01
SCF Iteration  35: Energy = 2.5081411965667528 dE = -2.06566E-01
SCF Iteration  36: Energy = 2.7144868730928677 dE =  2.06346E-01
SCF Iteration  37: Energy = 2.5079154398293815 dE = -2.06571E-01
SCF Iteration  38: Energy = 2.7143233146329577 dE =  2.06408E-01
SCF Iteration  39: Energy = 2.5077475338598796 dE = -2.06576E-01
SCF Iteration  40: Energy = 2.7142019268667057 dE =  2.06454E-01
SCF Iteration  41: Energy = 2.5076228192555821 dE = -2.06579E-01
SCF Iteration  42: Energy = 2.7141119057734002 dE =  2.06489E-01
SCF Iteration  43: Energy = 2.5075302760388203 dE = -2.06582E-01
SCF Iteration  44: Energy = 2.7140451840380879 dE =  2.06515E-01
SCF Iteration  45: Energy = 2.5074616548226056 dE = -2.06584E-01
SCF Iteration  46: Energy = 2.7139957520830404 dE =  2.06534E-01
SCF Iteration  47: Energy = 2.5074107990634400 dE = -2.06585E-01
SCF Iteration  48: Energy = 2.7139591409814776 dE =  2.06548E-01
SCF Iteration  49: Energy = 2.5073731243578443 dE = -2.06586E-01
SCF Iteration  50: Energy = 2.7139320317449518 dE =  2.06559E-01
SCF Iteration  51: Energy = 2.5073452225703678 dE = -2.06587E-01
SCF Iteration  52: Energy = 2.7139119617550804 dE =  2.06567E-01
SCF Iteration  53: Energy = 2.5073245630836332 dE = -2.06587E-01
SCF Iteration  54: Energy = 2.7138971050807092 dE =  2.06573E-01
SCF Iteration  55: Energy = 2.5073092685315417 dE = -2.06588E-01
SCF Iteration  56: Energy = 2.7138861085701049 dE =  2.06577E-01
SCF Iteration  57: Energy = 2.5072979470875212 dE = -2.06588E-01
SCF Iteration  58: Energy = 2.7138779698218620 dE =  2.06580E-01
SCF Iteration  59: Energy = 2.5072895673940185 dE = -2.06588E-01
SCF Iteration  60: Energy = 2.7138719464785441 dE =  2.06582E-01
SCF Iteration  61: Energy = 2.5072833654811366 dE = -2.06589E-01
SCF Iteration  62: Energy = 2.7138674888821375 dE =  2.06584E-01
SCF Iteration  63: Energy = 2.5072787755961263 dE = -2.06589E-01
SCF Iteration  64: Energy = 2.7138641901175062 dE =  2.06585E-01
SCF Iteration  65: Energy = 2.5072753788580293 dE = -2.06589E-01
SCF Iteration  66: Energy = 2.7138617489780072 dE =  2.06586E-01
SCF Iteration  67: Energy = 2.5072728651749796 dE = -2.06589E-01
SCF Iteration  68: Energy = 2.7138599425238561 dE =  2.06587E-01
SCF Iteration  69: Energy = 2.5072710050154199 dE = -2.06589E-01
SCF Iteration  70: Energy = 2.7138586057555596 dE =  2.06588E-01
SCF Iteration  71: Energy = 2.5072696284927742 dE = -2.06589E-01
SCF Iteration  72: Energy = 2.7138576165614627 dE =  2.06588E-01
SCF Iteration  73: Energy = 2.5072686098739738 dE = -2.06589E-01
SCF Iteration  74: Energy = 2.7138568845733171 dE =  2.06588E-01
SCF Iteration  75: Energy = 2.5072678561082165 dE = -2.06589E-01
SCF Iteration  76: Energy = 2.7138563429161802 dE =  2.06588E-01
SCF Iteration  77: Energy = 2.5072672983339639 dE = -2.06589E-01
SCF Iteration  78: Energy = 2.7138559421017705 dE =  2.06589E-01
SCF Iteration  79: Energy = 2.5072668855920957 dE = -2.06589E-01
SCF Iteration  80: Energy = 2.7138556455086920 dE =  2.06589E-01
SCF Iteration  81: Energy = 2.5072665801723617 dE = -2.06589E-01
SCF Iteration  82: Energy = 2.7138554260373460 dE =  2.06589E-01
SCF Iteration  83: Energy = 2.5072663541691576 dE = -2.06589E-01
SCF Iteration  84: Energy = 2.7138552636343642 dE =  2.06589E-01
SCF Iteration  85: Energy = 2.5072661869325823 dE = -2.06589E-01
SCF Iteration  86: Energy = 2.7138551434605875 dE =  2.06589E-01
SCF Iteration  87: Energy = 2.5072660631819810 dE = -2.06589E-01
SCF Iteration  88: Energy = 2.7138550545353475 dE =  2.06589E-01
SCF Iteration  89: Energy = 2.5072659716099293 dE = -2.06589E-01
SCF Iteration  90: Energy = 2.7138549887331895 dE =  2.06589E-01
SCF Iteration  91: Energy = 2.5072659038491736 dE = -2.06589E-01
SCF Iteration  92: Energy = 2.7138549400414829 dE =  2.06589E-01
SCF Iteration  93: Energy = 2.5072658537081343 dE = -2.06589E-01
SCF Iteration  94: Energy = 2.7138549040110287 dE =  2.06589E-01
SCF Iteration  95: Energy = 2.5072658166052144 dE = -2.06589E-01
SCF Iteration  96: Energy = 2.7138548773495352 dE =  2.06589E-01
SCF Iteration  97: Energy = 2.5072657891501358 dE = -2.06589E-01
SCF Iteration  98: Energy = 2.7138548576208250 dE =  2.06589E-01
SCF Iteration  99: Energy = 2.5072657688341748 dE = -2.06589E-01
SCF Iteration 100: Energy = 2.7138548430221543 dE =  2.06589E-01
SCF Iteration 101: Energy = 2.5072657538009575 dE = -2.06589E-01
SCF Iteration 102: Energy = 2.7138548322195630 dE =  2.06589E-01
SCF Iteration 103: Energy = 2.5072657426768141 dE = -2.06589E-01
SCF Iteration 104: Energy = 2.7138548242259608 dE =  2.06589E-01
SCF Iteration 105: Energy = 2.5072657344452760 dE = -2.06589E-01
SCF Iteration 106: Energy = 2.7138548183109399 dE =  2.06589E-01
SCF Iteration 107: Energy = 2.5072657283541795 dE = -2.06589E-01
SCF Iteration 108: Energy = 2.7138548139339878 dE =  2.06589E-01
SCF Iteration 109: Energy = 2.5072657238469511 dE = -2.06589E-01
SCF Iteration 110: Energy = 2.7138548106951799 dE =  2.06589E-01
SCF Iteration 111: Energy = 2.5072657205117337 dE = -2.06589E-01
SCF Iteration 112: Energy = 2.7138548082985570 dE =  2.06589E-01
SCF Iteration 113: Energy = 2.5072657180437754 dE = -2.06589E-01
SCF Iteration 114: Energy = 2.7138548065251298 dE =  2.06589E-01
SCF Iteration 115: Energy = 2.5072657162175576 dE = -2.06589E-01
SCF Iteration 116: Energy = 2.7138548052128519 dE =  2.06589E-01
SCF Iteration 117: Energy = 2.5072657148662172 dE = -2.06589E-01
SCF Iteration 118: Energy = 2.7138548042417971 dE =  2.06589E-01
SCF Iteration 119: Energy = 2.5072657138662549 dE = -2.06589E-01
SCF Iteration 120: Energy = 2.7138548035232444 dE =  2.06589E-01
SCF Iteration 121: Energy = 2.5072657131263161 dE = -2.06589E-01
SCF Iteration 122: Energy = 2.7138548029915390 dE =  2.06589E-01
SCF Iteration 123: Energy = 2.5072657125787829 dE = -2.06589E-01
SCF Iteration 124: Energy = 2.7138548025980955 dE =  2.06589E-01
SCF Iteration 125: Energy = 2.5072657121736266 dE = -2.06589E-01
SCF Iteration 126: Energy = 2.7138548023069569 dE =  2.06589E-01
SCF Iteration 127: Energy = 2.5072657118738202 dE = -2.06589E-01
SCF Iteration 128: Energy = 2.7138548020915207 dE =  2.06589E-01
SCF Iteration 129: Energy = 2.5072657116519745 dE = -2.06589E-01
SCF Iteration 130: Energy = 2.7138548019321056 dE =  2.06589E-01
SCF Iteration 131: Energy = 2.5072657114878103 dE = -2.06589E-01
SCF Iteration 132: Energy = 2.7138548018141528 dE =  2.06589E-01
SCF Iteration 133: Energy = 2.5072657113663426 dE = -2.06589E-01
SCF Iteration 134: Energy = 2.7138548017268533 dE =  2.06589E-01
SCF Iteration 135: Energy = 2.5072657112764518 dE = -2.06589E-01
SCF Iteration 136: Energy = 2.7138548016622672 dE =  2.06589E-01
SCF Iteration 137: Energy = 2.5072657112099370 dE = -2.06589E-01
SCF Iteration 138: Energy = 2.7138548016144681 dE =  2.06589E-01
SCF Iteration 139: Energy = 2.5072657111607115 dE = -2.06589E-01
SCF Iteration 140: Energy = 2.7138548015790991 dE =  2.06589E-01
SCF Iteration 141: Energy = 2.5072657111242975 dE = -2.06589E-01
SCF Iteration 142: Energy = 2.7138548015529316 dE =  2.06589E-01
SCF Iteration 143: Energy = 2.5072657110973489 dE = -2.06589E-01
SCF Iteration 144: Energy = 2.7138548015335648 dE =  2.06589E-01
SCF Iteration 145: Energy = 2.5072657110774053 dE = -2.06589E-01
SCF Iteration 146: Energy = 2.7138548015192319 dE =  2.06589E-01
SCF Iteration 147: Energy = 2.5072657110626531 dE = -2.06589E-01
SCF Iteration 148: Energy = 2.7138548015086310 dE =  2.06589E-01
SCF Iteration 149: Energy = 2.5072657110517298 dE = -2.06589E-01
SCF Iteration 150: Energy = 2.7138548015007786 dE =  2.06589E-01
SCF Iteration 151: Energy = 2.5072657110436452 dE = -2.06589E-01
SCF Iteration 152: Energy = 2.7138548014949762 dE =  2.06589E-01
SCF Iteration 153: Energy = 2.5072657110376717 dE = -2.06589E-01
SCF Iteration 154: Energy = 2.7138548014906880 dE =  2.06589E-01
SCF Iteration 155: Energy = 2.5072657110332508 dE = -2.06589E-01
SCF Iteration 156: Energy = 2.7138548014874977 dE =  2.06589E-01
SCF Iteration 157: Energy = 2.5072657110299761 dE = -2.06589E-01
SCF Iteration 158: Energy = 2.7138548014851511 dE =  2.06589E-01
SCF Iteration 159: Energy = 2.5072657110275522 dE = -2.06589E-01
SCF Iteration 160: Energy = 2.7138548014834099 dE =  2.06589E-01
SCF Iteration 161: Energy = 2.5072657110257572 dE = -2.06589E-01
SCF Iteration 162: Energy = 2.7138548014821180 dE =  2.06589E-01
SCF Iteration 163: Energy = 2.5072657110244276 dE = -2.06589E-01
SCF Iteration 164: Energy = 2.7138548014811641 dE =  2.06589E-01
SCF Iteration 165: Energy = 2.5072657110234480 dE = -2.06589E-01
SCF Iteration 166: Energy = 2.7138548014804593 dE =  2.06589E-01
SCF Iteration 167: Energy = 2.5072657110227219 dE = -2.06589E-01
SCF Iteration 168: Energy = 2.7138548014799375 dE =  2.06589E-01
SCF Iteration 169: Energy = 2.5072657110221823 dE = -2.06589E-01
SCF Iteration 170: Energy = 2.7138548014795547 dE =  2.06589E-01
SCF Iteration 171: Energy = 2.5072657110217880 dE = -2.06589E-01
SCF Iteration 172: Energy = 2.7138548014792625 dE =  2.06589E-01
SCF Iteration 173: Energy = 2.5072657110214940 dE = -2.06589E-01
SCF Iteration 174: Energy = 2.7138548014790560 dE =  2.06589E-01
SCF Iteration 175: Energy = 2.5072657110212719 dE = -2.06589E-01
SCF Iteration 176: Energy = 2.7138548014788935 dE =  2.06589E-01
SCF Iteration 177: Energy = 2.5072657110211125 dE = -2.06589E-01
SCF Iteration 178: Energy = 2.7138548014787811 dE =  2.06589E-01
SCF Iteration 179: Energy = 2.5072657110209966 dE = -2.06589E-01
SCF Iteration 180: Energy = 2.7138548014786950 dE =  2.06589E-01
SCF Iteration 181: Energy = 2.5072657110209051 dE = -2.06589E-01
SCF Iteration 182: Energy = 2.7138548014786386 dE =  2.06589E-01
SCF Iteration 183: Energy = 2.5072657110208527 dE = -2.06589E-01
SCF Iteration 184: Energy = 2.7138548014785973 dE =  2.06589E-01
SCF Iteration 185: Energy = 2.5072657110208119 dE = -2.06589E-01
SCF Iteration 186: Energy = 2.7138548014785648 dE =  2.06589E-01
SCF Iteration 187: Energy = 2.5072657110207759 dE = -2.06589E-01
SCF Iteration 188: Energy = 2.7138548014785377 dE =  2.06589E-01
SCF Iteration 189: Energy = 2.5072657110207439 dE = -2.06589E-01
SCF Iteration 190: Energy = 2.7138548014785138 dE =  2.06589E-01
SCF Iteration 191: Energy = 2.5072657110207186 dE = -2.06589E-01
SCF Iteration 192: Energy = 2.7138548014784987 dE =  2.06589E-01
SCF Iteration 193: Energy = 2.5072657110207044 dE = -2.06589E-01
SCF Iteration 194: Energy = 2.7138548014784849 dE =  2.06589E-01
SCF Iteration 195: Energy = 2.5072657110206875 dE = -2.06589E-01
SCF Iteration 196: Energy = 2.7138548014784774 dE =  2.06589E-01
SCF Iteration 197: Energy = 2.5072657110206769 dE = -2.06589E-01
SCF Iteration 198: Energy = 2.7138548014784694 dE =  2.06589E-01
SCF Iteration 199: Energy = 2.5072657110206786 dE = -2.06589E-01
SCF Iteration 200: Energy = 2.7138548014784667 dE =  2.06589E-01
SCF Iteration 201: Energy = 2.5072657110206715 dE = -2.06589E-01
SCF Iteration 202: Energy = 2.7138548014784631 dE =  2.06589E-01
SCF Iteration 203: Energy = 2.5072657110206724 dE = -2.06589E-01
SCF Iteration 204: Energy = 2.7138548014784605 dE =  2.06589E-01
SCF Iteration 205: Energy = 2.5072657110206706 dE = -2.06589E-01
SCF Iteration 206: Energy = 2.7138548014784605 dE =  2.06589E-01
SCF Iteration 207: Energy = 2.5072657110206644 dE = -2.06589E-01
SCF Iteration 208: Energy = 2.7138548014784605 dE =  2.06589E-01
SCF Iteration 209: Energy = 2.5072657110206653 dE = -2.06589E-01
SCF Iteration 210: Energy = 2.7138548014784583 dE =  2.06589E-01
SCF Iteration 211: Energy = 2.5072657110206626 dE = -2.06589E-01
SCF Iteration 212: Energy = 2.7138548014784534 dE =  2.06589E-01
SCF Iteration 213: Energy = 2.5072657110206626 dE = -2.06589E-01
SCF Iteration 214: Energy = 2.7138548014784503 dE =  2.06589E-01
SCF Iteration 215: Energy = 2.5072657110206564 dE = -2.06589E-01
SCF Iteration 216: Energy = 2.7138548014784543 dE =  2.06589E-01
SCF Iteration 217: Energy = 2.5072657110206569 dE = -2.06589E-01
SCF Iteration 218: Energy = 2.7138548014784587 dE =  2.06589E-01
SCF Iteration 219: Energy = 2.5072657110206626 dE = -2.06589E-01
SCF Iteration 220: Energy = 2.7138548014784623 dE =  2.06589E-01
SCF Iteration 221: Energy = 2.5072657110206666 dE = -2.06589E-01
SCF Iteration 222: Energy = 2.7138548014784662 dE =  2.06589E-01
SCF Iteration 223: Energy = 2.5072657110206689 dE = -2.06589E-01
SCF Iteration 224: Energy = 2.7138548014784676 dE =  2.06589E-01
SCF Iteration 225: Energy = 2.5072657110206733 dE = -2.06589E-01
SCF Iteration 226: Energy = 2.7138548014784631 dE =  2.06589E-01
SCF Iteration 227: Energy = 2.5072657110206626 dE = -2.06589E-01
SCF Iteration 228: Energy = 2.7138548014784649 dE =  2.06589E-01
SCF Iteration 229: Energy = 2.5072657110206640 dE = -2.06589E-01
SCF Iteration 230: Energy = 2.7138548014784623 dE =  2.06589E-01
SCF Iteration 231: Energy = 2.5072657110206671 dE = -2.06589E-01
SCF Iteration 232: Energy = 2.7138548014784578 dE =  2.06589E-01
SCF Iteration 233: Energy = 2.5072657110206555 dE = -2.06589E-01
SCF Iteration 234: Energy = 2.7138548014784605 dE =  2.06589E-01
SCF Iteration 235: Energy = 2.5072657110206591 dE = -2.06589E-01
SCF Iteration 236: Energy = 2.7138548014784596 dE =  2.06589E-01
SCF Iteration 237: Energy = 2.5072657110206582 dE = -2.06589E-01
SCF Iteration 238: Energy = 2.7138548014784543 dE =  2.06589E-01
SCF Iteration 239: Energy = 2.5072657110206600 dE = -2.06589E-01
SCF Iteration 240: Energy = 2.7138548014784569 dE =  2.06589E-01
SCF Iteration 241: Energy = 2.5072657110206560 dE = -2.06589E-01
SCF Iteration 242: Energy = 2.7138548014784569 dE =  2.06589E-01
SCF Iteration 243: Energy = 2.5072657110206564 dE = -2.06589E-01
SCF Iteration 244: Energy = 2.7138548014784565 dE =  2.06589E-01
SCF Iteration 245: Energy = 2.5072657110206591 dE = -2.06589E-01
SCF Iteration 246: Energy = 2.7138548014784525 dE =  2.06589E-01
SCF Iteration 247: Energy = 2.5072657110206591 dE = -2.06589E-01
SCF Iteration 248: Energy = 2.7138548014784547 dE =  2.06589E-01
SCF Iteration 249: Energy = 2.5072657110206586 dE = -2.06589E-01
SCF Iteration 250: Energy = 2.7138548014784587 dE =  2.06589E-01
SCF Iteration 251: Energy = 2.5072657110206560 dE = -2.06589E-01
SCF Iteration 252: Energy = 2.7138548014784538 dE =  2.06589E-01
SCF Iteration 253: Energy = 2.5072657110206533 dE = -2.06589E-01
SCF Iteration 254: Energy = 2.7138548014784516 dE =  2.06589E-01
SCF Iteration 255: Energy = 2.5072657110206547 dE = -2.06589E-01
SCF Iteration 256: Energy = 2.7138548014784512 dE =  2.06589E-01
SCF Iteration 257: Energy = 2.5072657110206475 dE = -2.06589E-01
SCF Iteration 258: Energy = 2.7138548014784525 dE =  2.06589E-01
SCF Iteration 259: Energy = 2.5072657110206547 dE = -2.06589E-01
SCF Iteration 260: Energy = 2.7138548014784498 dE =  2.06589E-01
SCF Iteration 261: Energy = 2.5072657110206542 dE = -2.06589E-01
SCF Iteration 262: Energy = 2.7138548014784498 dE =  2.06589E-01
SCF Iteration 263: Energy = 2.5072657110206529 dE = -2.06589E-01
SCF Iteration 264: Energy = 2.7138548014784516 dE =  2.06589E-01
SCF Iteration 265: Energy = 2.5072657110206484 dE = -2.06589E-01
SCF Iteration 266: Energy = 2.7138548014784498 dE =  2.06589E-01
SCF Iteration 267: Energy = 2.5072657110206462 dE = -2.06589E-01
SCF Iteration 268: Energy = 2.7138548014784472 dE =  2.06589E-01
SCF Iteration 269: Energy = 2.5072657110206440 dE = -2.06589E-01
SCF Iteration 270: Energy = 2.7138548014784418 dE =  2.06589E-01
SCF Iteration 271: Energy = 2.5072657110206467 dE = -2.06589E-01
SCF Iteration 272: Energy = 2.7138548014784423 dE =  2.06589E-01
SCF Iteration 273: Energy = 2.5072657110206475 dE = -2.06589E-01
SCF Iteration 274: Energy = 2.7138548014784463 dE =  2.06589E-01
SCF Iteration 275: Energy = 2.5072657110206484 dE = -2.06589E-01
SCF Iteration 276: Energy = 2.7138548014784485 dE =  2.06589E-01
SCF Iteration 277: Energy = 2.5072657110206484 dE = -2.06589E-01
SCF Iteration 278: Energy = 2.7138548014784525 dE =  2.06589E-01
SCF Iteration 279: Energy = 2.5072657110206573 dE = -2.06589E-01
SCF Iteration 280: Energy = 2.7138548014784507 dE =  2.06589E-01
SCF Iteration 281: Energy = 2.5072657110206564 dE = -2.06589E-01
SCF Iteration 282: Energy = 2.7138548014784560 dE =  2.06589E-01
SCF Iteration 283: Energy = 2.5072657110206551 dE = -2.06589E-01
SCF Iteration 284: Energy = 2.7138548014784472 dE =  2.06589E-01
SCF Iteration 285: Energy = 2.5072657110206515 dE = -2.06589E-01
SCF Iteration 286: Energy = 2.7138548014784507 dE =  2.06589E-01
SCF Iteration 287: Energy = 2.5072657110206547 dE = -2.06589E-01
SCF Iteration 288: Energy = 2.7138548014784538 dE =  2.06589E-01
SCF Iteration 289: Energy = 2.5072657110206511 dE = -2.06589E-01
SCF Iteration 290: Energy = 2.7138548014784565 dE =  2.06589E-01
SCF Iteration 291: Energy = 2.5072657110206533 dE = -2.06589E-01
SCF Iteration 292: Energy = 2.7138548014784543 dE =  2.06589E-01
SCF Iteration 293: Energy = 2.5072657110206555 dE = -2.06589E-01
SCF Iteration 294: Energy = 2.7138548014784569 dE =  2.06589E-01
SCF Iteration 295: Energy = 2.5072657110206573 dE = -2.06589E-01
SCF Iteration 296: Energy = 2.7138548014784520 dE =  2.06589E-01
SCF Iteration 297: Energy = 2.5072657110206591 dE = -2.06589E-01
SCF Iteration 298: Energy = 2.7138548014784516 dE =  2.06589E-01
SCF Iteration 299: Energy = 2.5072657110206502 dE = -2.06589E-01
SCF Iteration 300: Energy = 2.7138548014784525 dE =  2.06589E-01
SCF Iteration 301: Energy = 2.5072657110206511 dE = -2.06589E-01
SCF Iteration 302: Energy = 2.7138548014784525 dE =  2.06589E-01
SCF Iteration 303: Energy = 2.5072657110206542 dE = -2.06589E-01
SCF Iteration 304: Energy = 2.7138548014784560 dE =  2.06589E-01
SCF Iteration 305: Energy = 2.5072657110206547 dE = -2.06589E-01
SCF Iteration 306: Energy = 2.7138548014784556 dE =  2.06589E-01
SCF Iteration 307: Energy = 2.5072657110206609 dE = -2.06589E-01
SCF Iteration 308: Energy = 2.7138548014784569 dE =  2.06589E-01
SCF Iteration 309: Energy = 2.5072657110206582 dE = -2.06589E-01
SCF Iteration 310: Energy = 2.7138548014784534 dE =  2.06589E-01
SCF Iteration 311: Energy = 2.5072657110206573 dE = -2.06589E-01
SCF Iteration 312: Energy = 2.7138548014784623 dE =  2.06589E-01
SCF Iteration 313: Energy = 2.5072657110206591 dE = -2.06589E-01
SCF Iteration 314: Energy = 2.7138548014784578 dE =  2.06589E-01
SCF Iteration 315: Energy = 2.5072657110206600 dE = -2.06589E-01
SCF Iteration 316: Energy = 2.7138548014784631 dE =  2.06589E-01
SCF Iteration 317: Energy = 2.5072657110206613 dE = -2.06589E-01
SCF Iteration 318: Energy = 2.7138548014784578 dE =  2.06589E-01
SCF Iteration 319: Energy = 2.5072657110206586 dE = -2.06589E-01
SCF Iteration 320: Energy = 2.7138548014784569 dE =  2.06589E-01
SCF Iteration 321: Energy = 2.5072657110206564 dE = -2.06589E-01
SCF Iteration 322: Energy = 2.7138548014784534 dE =  2.06589E-01
SCF Iteration 323: Energy = 2.5072657110206547 dE = -2.06589E-01
SCF Iteration 324: Energy = 2.7138548014784551 dE =  2.06589E-01
SCF Iteration 325: Energy = 2.5072657110206555 dE = -2.06589E-01
SCF Iteration 326: Energy = 2.7138548014784578 dE =  2.06589E-01
SCF Iteration 327: Energy = 2.5072657110206582 dE = -2.06589E-01
SCF Iteration 328: Energy = 2.7138548014784547 dE =  2.06589E-01
SCF Iteration 329: Energy = 2.5072657110206520 dE = -2.06589E-01
SCF Iteration 330: Energy = 2.7138548014784547 dE =  2.06589E-01
SCF Iteration 331: Energy = 2.5072657110206573 dE = -2.06589E-01
SCF Iteration 332: Energy = 2.7138548014784556 dE =  2.06589E-01
SCF Iteration 333: Energy = 2.5072657110206600 dE = -2.06589E-01
SCF Iteration 334: Energy = 2.7138548014784534 dE =  2.06589E-01
SCF Iteration 335: Energy = 2.5072657110206626 dE = -2.06589E-01
SCF Iteration 336: Energy = 2.7138548014784516 dE =  2.06589E-01
SCF Iteration 337: Energy = 2.5072657110206538 dE = -2.06589E-01
SCF Iteration 338: Energy = 2.7138548014784480 dE =  2.06589E-01
SCF Iteration 339: Energy = 2.5072657110206529 dE = -2.06589E-01
SCF Iteration 340: Energy = 2.7138548014784507 dE =  2.06589E-01
SCF Iteration 341: Energy = 2.5072657110206551 dE = -2.06589E-01
SCF Iteration 342: Energy = 2.7138548014784476 dE =  2.06589E-01
SCF Iteration 343: Energy = 2.5072657110206564 dE = -2.06589E-01
SCF Iteration 344: Energy = 2.7138548014784525 dE =  2.06589E-01
SCF Iteration 345: Energy = 2.5072657110206529 dE = -2.06589E-01
SCF Iteration 346: Energy = 2.7138548014784525 dE =  2.06589E-01
SCF Iteration 347: Energy = 2.5072657110206600 dE = -2.06589E-01
SCF Iteration 348: Energy = 2.7138548014784560 dE =  2.06589E-01
SCF Iteration 349: Energy = 2.5072657110206547 dE = -2.06589E-01
SCF Iteration 350: Energy = 2.7138548014784534 dE =  2.06589E-01
SCF Iteration 351: Energy = 2.5072657110206586 dE = -2.06589E-01
SCF Iteration 352: Energy = 2.7138548014784472 dE =  2.06589E-01
SCF Iteration 353: Energy = 2.5072657110206564 dE = -2.06589E-01
SCF Iteration 354: Energy = 2.7138548014784560 dE =  2.06589E-01
SCF Iteration 355: Energy = 2.5072657110206573 dE = -2.06589E-01
SCF Iteration 356: Energy = 2.7138548014784529 dE =  2.06589E-01
SCF Iteration 357: Energy = 2.5072657110206547 dE = -2.06589E-01
SCF Iteration 358: Energy = 2.7138548014784512 dE =  2.06589E-01
SCF Iteration 359: Energy = 2.5072657110206573 dE = -2.06589E-01
SCF Iteration 360: Energy = 2.7138548014784551 dE =  2.06589E-01
SCF Iteration 361: Energy = 2.5072657110206573 dE = -2.06589E-01
SCF Iteration 362: Energy = 2.7138548014784534 dE =  2.06589E-01
SCF Iteration 363: Energy = 2.5072657110206547 dE = -2.06589E-01
SCF Iteration 364: Energy = 2.7138548014784578 dE =  2.06589E-01
SCF Iteration 365: Energy = 2.5072657110206609 dE = -2.06589E-01
SCF Iteration 366: Energy = 2.7138548014784596 dE =  2.06589E-01
SCF Iteration 367: Energy = 2.5072657110206573 dE = -2.06589E-01
SCF Iteration 368: Energy = 2.7138548014784534 dE =  2.06589E-01
SCF Iteration 369: Energy = 2.5072657110206604 dE = -2.06589E-01
SCF Iteration 370: Energy = 2.7138548014784583 dE =  2.06589E-01
SCF Iteration 371: Energy = 2.5072657110206578 dE = -2.06589E-01
SCF Iteration 372: Energy = 2.7138548014784463 dE =  2.06589E-01
SCF Iteration 373: Energy = 2.5072657110206529 dE = -2.06589E-01
SCF Iteration 374: Energy = 2.7138548014784489 dE =  2.06589E-01
SCF Iteration 375: Energy = 2.5072657110206480 dE = -2.06589E-01
SCF Iteration 376: Energy = 2.7138548014784503 dE =  2.06589E-01
SCF Iteration 377: Energy = 2.5072657110206551 dE = -2.06589E-01
SCF Iteration 378: Energy = 2.7138548014784498 dE =  2.06589E-01
SCF Iteration 379: Energy = 2.5072657110206529 dE = -2.06589E-01
SCF Iteration 380: Energy = 2.7138548014784569 dE =  2.06589E-01
SCF Iteration 381: Energy = 2.5072657110206564 dE = -2.06589E-01
SCF Iteration 382: Energy = 2.7138548014784494 dE =  2.06589E-01
SCF Iteration 383: Energy = 2.5072657110206502 dE = -2.06589E-01
SCF Iteration 384: Energy = 2.7138548014784547 dE =  2.06589E-01
SCF Iteration 385: Energy = 2.5072657110206618 dE = -2.06589E-01
SCF Iteration 386: Energy = 2.7138548014784574 dE =  2.06589E-01
SCF Iteration 387: Energy = 2.5072657110206618 dE = -2.06589E-01
SCF Iteration 388: Energy = 2.7138548014784560 dE =  2.06589E-01
SCF Iteration 389: Energy = 2.5072657110206626 dE = -2.06589E-01
SCF Iteration 390: Energy = 2.7138548014784560 dE =  2.06589E-01
SCF Iteration 391: Energy = 2.5072657110206618 dE = -2.06589E-01
SCF Iteration 392: Energy = 2.7138548014784543 dE =  2.06589E-01
SCF Iteration 393: Energy = 2.5072657110206591 dE = -2.06589E-01
SCF Iteration 394: Energy = 2.7138548014784512 dE =  2.06589E-01
SCF Iteration 395: Energy = 2.5072657110206564 dE = -2.06589E-01
SCF Iteration 396: Energy = 2.7138548014784543 dE =  2.06589E-01
SCF Iteration 397: Energy = 2.5072657110206582 dE = -2.06589E-01
SCF Iteration 398: Energy = 2.7138548014784551 dE =  2.06589E-01
SCF Iteration 399: Energy = 2.5072657110206591 dE = -2.06589E-01
SCF Iteration 400: Energy = 2.7138548014784560 dE =  2.06589E-01
SCF Iteration 401: Energy = 2.5072657110206662 dE = -2.06589E-01
SCF Iteration 402: Energy = 2.7138548014784596 dE =  2.06589E-01
SCF Iteration 403: Energy = 2.5072657110206618 dE = -2.06589E-01
SCF Iteration 404: Energy = 2.7138548014784583 dE =  2.06589E-01
SCF Iteration 405: Energy = 2.5072657110206604 dE = -2.06589E-01
SCF Iteration 406: Energy = 2.7138548014784605 dE =  2.06589E-01
SCF Iteration 407: Energy = 2.5072657110206635 dE = -2.06589E-01
SCF Iteration 408: Energy = 2.7138548014784658 dE =  2.06589E-01
SCF Iteration 409: Energy = 2.5072657110206595 dE = -2.06589E-01
SCF Iteration 410: Energy = 2.7138548014784587 dE =  2.06589E-01
SCF Iteration 411: Energy = 2.5072657110206600 dE = -2.06589E-01
SCF Iteration 412: Energy = 2.7138548014784578 dE =  2.06589E-01
SCF Iteration 413: Energy = 2.5072657110206613 dE = -2.06589E-01
SCF Iteration 414: Energy = 2.7138548014784574 dE =  2.06589E-01
SCF Iteration 415: Energy = 2.5072657110206640 dE = -2.06589E-01
SCF Iteration 416: Energy = 2.7138548014784591 dE =  2.06589E-01
SCF Iteration 417: Energy = 2.5072657110206635 dE = -2.06589E-01
SCF Iteration 418: Energy = 2.7138548014784587 dE =  2.06589E-01
SCF Iteration 419: Energy = 2.5072657110206613 dE = -2.06589E-01
SCF Iteration 420: Energy = 2.7138548014784605 dE =  2.06589E-01
SCF Iteration 421: Energy = 2.5072657110206635 dE = -2.06589E-01
SCF Iteration 422: Energy = 2.7138548014784560 dE =  2.06589E-01
SCF Iteration 423: Energy = 2.5072657110206555 dE = -2.06589E-01
SCF Iteration 424: Energy = 2.7138548014784543 dE =  2.06589E-01
SCF Iteration 425: Energy = 2.5072657110206586 dE = -2.06589E-01
SCF Iteration 426: Energy = 2.7138548014784551 dE =  2.06589E-01
SCF Iteration 427: Energy = 2.5072657110206573 dE = -2.06589E-01
SCF Iteration 428: Energy = 2.7138548014784565 dE =  2.06589E-01
SCF Iteration 429: Energy = 2.5072657110206573 dE = -2.06589E-01
SCF Iteration 430: Energy = 2.7138548014784551 dE =  2.06589E-01
SCF Iteration 431: Energy = 2.5072657110206582 dE = -2.06589E-01
SCF Iteration 432: Energy = 2.7138548014784445 dE =  2.06589E-01
SCF Iteration 433: Energy = 2.5072657110206511 dE = -2.06589E-01
SCF Iteration 434: Energy = 2.7138548014784463 dE =  2.06589E-01
SCF Iteration 435: Energy = 2.5072657110206547 dE = -2.06589E-01
SCF Iteration 436: Energy = 2.7138548014784507 dE =  2.06589E-01
SCF Iteration 437: Energy = 2.5072657110206533 dE = -2.06589E-01
SCF Iteration 438: Energy = 2.7138548014784525 dE =  2.06589E-01
SCF Iteration 439: Energy = 2.5072657110206564 dE = -2.06589E-01
SCF Iteration 440: Energy = 2.7138548014784556 dE =  2.06589E-01
SCF Iteration 441: Energy = 2.5072657110206533 dE = -2.06589E-01
SCF Iteration 442: Energy = 2.7138548014784569 dE =  2.06589E-01
SCF Iteration 443: Energy = 2.5072657110206542 dE = -2.06589E-01
SCF Iteration 444: Energy = 2.7138548014784578 dE =  2.06589E-01
SCF Iteration 445: Energy = 2.5072657110206604 dE = -2.06589E-01
SCF Iteration 446: Energy = 2.7138548014784569 dE =  2.06589E-01
SCF Iteration 447: Energy = 2.5072657110206609 dE = -2.06589E-01
SCF Iteration 448: Energy = 2.7138548014784560 dE =  2.06589E-01
SCF Iteration 449: Energy = 2.5072657110206560 dE = -2.06589E-01
SCF Iteration 450: Energy = 2.7138548014784556 dE =  2.06589E-01
SCF Iteration 451: Energy = 2.5072657110206555 dE = -2.06589E-01
SCF Iteration 452: Energy = 2.7138548014784543 dE =  2.06589E-01
SCF Iteration 453: Energy = 2.5072657110206600 dE = -2.06589E-01
SCF Iteration 454: Energy = 2.7138548014784543 dE =  2.06589E-01
SCF Iteration 455: Energy = 2.5072657110206538 dE = -2.06589E-01
SCF Iteration 456: Energy = 2.7138548014784512 dE =  2.06589E-01
SCF Iteration 457: Energy = 2.5072657110206600 dE = -2.06589E-01
SCF Iteration 458: Energy = 2.7138548014784520 dE =  2.06589E-01
SCF Iteration 459: Energy = 2.5072657110206538 dE = -2.06589E-01
SCF Iteration 460: Energy = 2.7138548014784498 dE =  2.06589E-01
SCF Iteration 461: Energy = 2.5072657110206564 dE = -2.06589E-01
SCF Iteration 462: Energy = 2.7138548014784516 dE =  2.06589E-01
SCF Iteration 463: Energy = 2.5072657110206542 dE = -2.06589E-01
SCF Iteration 464: Energy = 2.7138548014784534 dE =  2.06589E-01
SCF Iteration 465: Energy = 2.5072657110206573 dE = -2.06589E-01
SCF Iteration 466: Energy = 2.7138548014784498 dE =  2.06589E-01
SCF Iteration 467: Energy = 2.5072657110206533 dE = -2.06589E-01
SCF Iteration 468: Energy = 2.7138548014784480 dE =  2.06589E-01
SCF Iteration 469: Energy = 2.5072657110206511 dE = -2.06589E-01
SCF Iteration 470: Energy = 2.7138548014784507 dE =  2.06589E-01
SCF Iteration 471: Energy = 2.5072657110206502 dE = -2.06589E-01
SCF Iteration 472: Energy = 2.7138548014784538 dE =  2.06589E-01
SCF Iteration 473: Energy = 2.5072657110206511 dE = -2.06589E-01
SCF Iteration 474: Energy = 2.7138548014784569 dE =  2.06589E-01
SCF Iteration 475: Energy = 2.5072657110206586 dE = -2.06589E-01
SCF Iteration 476: Energy = 2.7138548014784547 dE =  2.06589E-01
SCF Iteration 477: Energy = 2.5072657110206573 dE = -2.06589E-01
SCF Iteration 478: Energy = 2.7138548014784543 dE =  2.06589E-01
SCF Iteration 479: Energy = 2.5072657110206600 dE = -2.06589E-01
SCF Iteration 480: Energy = 2.7138548014784498 dE =  2.06589E-01
SCF Iteration 481: Energy = 2.5072657110206520 dE = -2.06589E-01
SCF Iteration 482: Energy = 2.7138548014784463 dE =  2.06589E-01
SCF Iteration 483: Energy = 2.5072657110206555 dE = -2.06589E-01
SCF Iteration 484: Energy = 2.7138548014784503 dE =  2.06589E-01
SCF Iteration 485: Energy = 2.5072657110206480 dE = -2.06589E-01
SCF Iteration 486: Energy = 2.7138548014784529 dE =  2.06589E-01
SCF Iteration 487: Energy = 2.5072657110206484 dE = -2.06589E-01
SCF Iteration 488: Energy = 2.7138548014784472 dE =  2.06589E-01
SCF Iteration 489: Energy = 2.5072657110206515 dE = -2.06589E-01
SCF Iteration 490: Energy = 2.7138548014784507 dE =  2.06589E-01
SCF Iteration 491: Energy = 2.5072657110206547 dE = -2.06589E-01
SCF Iteration 492: Energy = 2.7138548014784525 dE =  2.06589E-01
SCF Iteration 493: Energy = 2.5072657110206555 dE = -2.06589E-01
SCF Iteration 494: Energy = 2.7138548014784507 dE =  2.06589E-01
SCF Iteration 495: Energy = 2.5072657110206604 dE = -2.06589E-01
SCF Iteration 496: Energy = 2.7138548014784560 dE =  2.06589E-01
SCF Iteration 497: Energy = 2.5072657110206591 dE = -2.06589E-01
SCF Iteration 498: Energy = 2.7138548014784631 dE =  2.06589E-01
SCF Iteration 499: Energy = 2.5072657110206595 dE = -2.06589E-01
SCF Iteration 500: Energy = 2.7138548014784551 dE =  2.06589E-01
