
  Memory set to  55.879 GiB by Python driver.
  Threads set to 1 by Python driver.
Settings:
	LOT = CCSD-S1-U21
	wc = 20.0 eV
	lambda = [0.848697 0.       0.      ] a.u.
	Equivalent A0 = LAMBDA / sqrt(2 wc) = [0.7 0.  0. ])
doing QED-CCSD-1 (or QED-CCSD-21)
Number of occupied orbitals:   1
Number of basis functions:  60
SCF Iteration   1: Energy = 4.3072042173721172 dE =  4.30720E+00
SCF Iteration   2: Energy = 4.7302879477250404 dE =  4.23084E-01
SCF Iteration   3: Energy = 4.5173676809971619 dE = -2.12920E-01
SCF Iteration   4: Energy = 4.7194189272083253 dE =  2.02051E-01
SCF Iteration   5: Energy = 4.6234621779143978 dE = -9.59567E-02
SCF Iteration   6: Energy = 4.7315904062706409 dE =  1.08128E-01
SCF Iteration   7: Energy = 4.6707954154705913 dE = -6.07950E-02
SCF Iteration   8: Energy = 4.7399042403581753 dE =  6.91088E-02
SCF Iteration   9: Energy = 4.6918394140464112 dE = -4.80648E-02
SCF Iteration  10: Energy = 4.7432740847122243 dE =  5.14347E-02
SCF Iteration  11: Energy = 4.7003483100610230 dE = -4.29258E-02
SCF Iteration  12: Energy = 4.7431238311088055 dE =  4.27755E-02
SCF Iteration  13: Energy = 4.7024503435407796 dE = -4.06735E-02
SCF Iteration  14: Energy = 4.7407851771279095 dE =  3.83348E-02
SCF Iteration  15: Energy = 4.7011984155530495 dE = -3.95868E-02
SCF Iteration  16: Energy = 4.7372480131338488 dE =  3.60496E-02
SCF Iteration  17: Energy = 4.6982582365860974 dE = -3.89898E-02
SCF Iteration  18: Energy = 4.7331924372788690 dE =  3.49342E-02
SCF Iteration  19: Energy = 4.6945834302792395 dE = -3.86090E-02
SCF Iteration  20: Energy = 4.7290566279345931 dE =  3.44732E-02
SCF Iteration  21: Energy = 4.6907243577615665 dE = -3.83323E-02
SCF Iteration  22: Energy = 4.7251030696473908 dE =  3.43787E-02
SCF Iteration  23: Energy = 4.6869900937166502 dE = -3.81130E-02
SCF Iteration  24: Energy = 4.7214735211924994 dE =  3.44834E-02
SCF Iteration  25: Energy = 4.6835423677301291 dE = -3.79312E-02
SCF Iteration  26: Energy = 4.7182307577494038 dE =  3.46884E-02
SCF Iteration  27: Energy = 4.6804532437132380 dE = -3.77775E-02
SCF Iteration  28: Energy = 4.7153884084618634 dE =  3.49352E-02
SCF Iteration  29: Energy = 4.6777414140482225 dE = -3.76470E-02
SCF Iteration  30: Energy = 4.7129313400819299 dE =  3.51899E-02
SCF Iteration  31: Energy = 4.6753951374407512 dE = -3.75362E-02
SCF Iteration  32: Energy = 4.7108290665729342 dE =  3.54339E-02
SCF Iteration  33: Energy = 4.6733866164740387 dE = -3.74425E-02
SCF Iteration  34: Energy = 4.7090442580550027 dE =  3.56576E-02
SCF Iteration  35: Energy = 4.6716808480334953 dE = -3.73634E-02
SCF Iteration  36: Energy = 4.7075379254510539 dE =  3.58571E-02
SCF Iteration  37: Energy = 4.6702409154261559 dE = -3.72970E-02
SCF Iteration  38: Energy = 4.7062724137647329 dE =  3.60315E-02
SCF Iteration  39: Energy = 4.6690310109482667 dE = -3.72414E-02
SCF Iteration  40: Energy = 4.7052129886098335 dE =  3.61820E-02
SCF Iteration  41: Energy = 4.6680180318918847 dE = -3.71950E-02
SCF Iteration  42: Energy = 4.7043285449844667 dE =  3.63105E-02
SCF Iteration  43: Energy = 4.6671722983274462 dE = -3.71562E-02
SCF Iteration  44: Energy = 4.7035917872973183 dE =  3.64195E-02
SCF Iteration  45: Energy = 4.6664677462229482 dE = -3.71240E-02
SCF Iteration  46: Energy = 4.7029791064000506 dE =  3.65114E-02
SCF Iteration  47: Energy = 4.6658818212172974 dE = -3.70973E-02
SCF Iteration  48: Energy = 4.7024702966725664 dE =  3.65885E-02
SCF Iteration  49: Energy = 4.6653952144423059 dE = -3.70751E-02
SCF Iteration  50: Energy = 4.7020482016155221 dE =  3.66530E-02
SCF Iteration  51: Energy = 4.6649915272874036 dE = -3.70567E-02
SCF Iteration  52: Energy = 4.7016983409029329 dE =  3.67068E-02
SCF Iteration  53: Energy = 4.6646569169376857 dE = -3.70414E-02
SCF Iteration  54: Energy = 4.7014085491118722 dE =  3.67516E-02
SCF Iteration  55: Energy = 4.6643797522179575 dE = -3.70288E-02
SCF Iteration  56: Energy = 4.7011686420409502 dE =  3.67889E-02
SCF Iteration  57: Energy = 4.6641502953109715 dE = -3.70183E-02
SCF Iteration  58: Energy = 4.7009701177269632 dE =  3.68198E-02
SCF Iteration  59: Energy = 4.6639604163488926 dE = -3.70097E-02
SCF Iteration  60: Energy = 4.7008058940179698 dE =  3.68455E-02
SCF Iteration  61: Energy = 4.6638033427731944 dE = -3.70026E-02
SCF Iteration  62: Energy = 4.7006700815728593 dE =  3.68667E-02
SCF Iteration  63: Energy = 4.6636734424532893 dE = -3.69966E-02
SCF Iteration  64: Energy = 4.7005577895857868 dE =  3.68843E-02
SCF Iteration  65: Energy = 4.6635660380245954 dE = -3.69918E-02
SCF Iteration  66: Energy = 4.7004649608331004 dE =  3.68989E-02
SCF Iteration  67: Energy = 4.6634772492194365 dE = -3.69877E-02
SCF Iteration  68: Energy = 4.7003882324567385 dE =  3.69110E-02
SCF Iteration  69: Energy = 4.6634038597793266 dE = -3.69844E-02
SCF Iteration  70: Energy = 4.7003248190086664 dE =  3.69210E-02
SCF Iteration  71: Energy = 4.6633432056360569 dE = -3.69816E-02
SCF Iteration  72: Energy = 4.7002724145464310 dE =  3.69292E-02
SCF Iteration  73: Energy = 4.6632930812992690 dE = -3.69793E-02
SCF Iteration  74: Energy = 4.7002291109035905 dE =  3.69360E-02
SCF Iteration  75: Energy = 4.6632516617044582 dE = -3.69774E-02
SCF Iteration  76: Energy = 4.7001933296109311 dE =  3.69417E-02
SCF Iteration  77: Energy = 4.6632174371108661 dE = -3.69759E-02
SCF Iteration  78: Energy = 4.7001637652852670 dE =  3.69463E-02
SCF Iteration  79: Energy = 4.6631891589630659 dE = -3.69746E-02
SCF Iteration  80: Energy = 4.7001393386176744 dE =  3.69502E-02
SCF Iteration  81: Energy = 4.6631657949312313 dE = -3.69735E-02
SCF Iteration  82: Energy = 4.7001191573748518 dE =  3.69534E-02
SCF Iteration  83: Energy = 4.6631464916136167 dE = -3.69727E-02
SCF Iteration  84: Energy = 4.7001024840755123 dE =  3.69560E-02
SCF Iteration  85: Energy = 4.6631305436221826 dE = -3.69719E-02
SCF Iteration  86: Energy = 4.7000887092168622 dE =  3.69582E-02
SCF Iteration  87: Energy = 4.6631173679759419 dE = -3.69713E-02
SCF Iteration  88: Energy = 4.7000773291103517 dE =  3.69600E-02
SCF Iteration  89: Energy = 4.6631064829022835 dE = -3.69708E-02
SCF Iteration  90: Energy = 4.7000679275408768 dE =  3.69614E-02
SCF Iteration  91: Energy = 4.6630974902949953 dE = -3.69704E-02
SCF Iteration  92: Energy = 4.7000601605950347 dE =  3.69627E-02
SCF Iteration  93: Energy = 4.6630900612030990 dE = -3.69701E-02
SCF Iteration  94: Energy = 4.7000537441141859 dE =  3.69637E-02
SCF Iteration  95: Energy = 4.6630839238302686 dE = -3.69698E-02
SCF Iteration  96: Energy = 4.7000484433206289 dE =  3.69645E-02
SCF Iteration  97: Energy = 4.6630788536124079 dE = -3.69696E-02
SCF Iteration  98: Energy = 4.7000440642417320 dE =  3.69652E-02
SCF Iteration  99: Energy = 4.6630746650151353 dE = -3.69694E-02
SCF Iteration 100: Energy = 4.7000404466215882 dE =  3.69658E-02
SCF Iteration 101: Energy = 4.6630712047539404 dE = -3.69692E-02
SCF Iteration 102: Energy = 4.7000374580628286 dE =  3.69663E-02
SCF Iteration 103: Energy = 4.6630683461908040 dE = -3.69691E-02
SCF Iteration 104: Energy = 4.7000349891852453 dE =  3.69666E-02
SCF Iteration 105: Energy = 4.6630659847035538 dE = -3.69690E-02
SCF Iteration 106: Energy = 4.7000329496254283 dE =  3.69670E-02
SCF Iteration 107: Energy = 4.6630640338595448 dE = -3.69689E-02
SCF Iteration 108: Energy = 4.7000312647312033 dE =  3.69672E-02
SCF Iteration 109: Energy = 4.6630624222538986 dE = -3.69688E-02
SCF Iteration 110: Energy = 4.7000298728304095 dE =  3.69675E-02
SCF Iteration 111: Energy = 4.6630610908971342 dE = -3.69688E-02
SCF Iteration 112: Energy = 4.7000287229743423 dE =  3.69676E-02
SCF Iteration 113: Energy = 4.6630599910567128 dE = -3.69687E-02
SCF Iteration 114: Energy = 4.7000277730734137 dE =  3.69678E-02
SCF Iteration 115: Energy = 4.6630590824738656 dE = -3.69687E-02
SCF Iteration 116: Energy = 4.7000269883567620 dE =  3.69679E-02
SCF Iteration 117: Energy = 4.6630583318902126 dE = -3.69687E-02
SCF Iteration 118: Energy = 4.7000263400998010 dE =  3.69680E-02
SCF Iteration 119: Energy = 4.6630577118305965 dE = -3.69686E-02
SCF Iteration 120: Energy = 4.7000258045728582 dE =  3.69681E-02
SCF Iteration 121: Energy = 4.6630571995975636 dE = -3.69686E-02
SCF Iteration 122: Energy = 4.7000253621726484 dE =  3.69682E-02
SCF Iteration 123: Energy = 4.6630567764404915 dE = -3.69686E-02
SCF Iteration 124: Energy = 4.7000249967047916 dE =  3.69682E-02
SCF Iteration 125: Energy = 4.6630564268694306 dE = -3.69686E-02
SCF Iteration 126: Energy = 4.7000246947909670 dE =  3.69683E-02
SCF Iteration 127: Energy = 4.6630561380879874 dE = -3.69686E-02
SCF Iteration 128: Energy = 4.7000244453793592 dE =  3.69683E-02
SCF Iteration 129: Energy = 4.6630558995250588 dE = -3.69685E-02
SCF Iteration 130: Energy = 4.7000242393399407 dE =  3.69683E-02
SCF Iteration 131: Energy = 4.6630557024477390 dE = -3.69685E-02
SCF Iteration 132: Energy = 4.7000240691303929 dE =  3.69684E-02
SCF Iteration 133: Energy = 4.6630555396418139 dE = -3.69685E-02
SCF Iteration 134: Energy = 4.7000239285199878 dE =  3.69684E-02
SCF Iteration 135: Energy = 4.6630554051475404 dE = -3.69685E-02
SCF Iteration 136: Energy = 4.7000238123614890 dE =  3.69684E-02
SCF Iteration 137: Energy = 4.6630552940416017 dE = -3.69685E-02
SCF Iteration 138: Energy = 4.7000237164027538 dE =  3.69684E-02
SCF Iteration 139: Energy = 4.6630552022567837 dE = -3.69685E-02
SCF Iteration 140: Energy = 4.7000236371310873 dE =  3.69684E-02
SCF Iteration 141: Energy = 4.6630551264332007 dE = -3.69685E-02
SCF Iteration 142: Energy = 4.7000235716446408 dE =  3.69684E-02
SCF Iteration 143: Energy = 4.6630550637952259 dE = -3.69685E-02
SCF Iteration 144: Energy = 4.7000235175461862 dE =  3.69685E-02
SCF Iteration 145: Energy = 4.6630550120498917 dE = -3.69685E-02
SCF Iteration 146: Energy = 4.7000234728553592 dE =  3.69685E-02
SCF Iteration 147: Energy = 4.6630549693029923 dE = -3.69685E-02
SCF Iteration 148: Energy = 4.7000234359362150 dE =  3.69685E-02
SCF Iteration 149: Energy = 4.6630549339897192 dE = -3.69685E-02
SCF Iteration 150: Energy = 4.7000234054372374 dE =  3.69685E-02
SCF Iteration 151: Energy = 4.6630549048173577 dE = -3.69685E-02
SCF Iteration 152: Energy = 4.7000233802419960 dE =  3.69685E-02
SCF Iteration 153: Energy = 4.6630548807180308 dE = -3.69685E-02
SCF Iteration 154: Energy = 4.7000233594281653 dE =  3.69685E-02
SCF Iteration 155: Energy = 4.6630548608095497 dE = -3.69685E-02
SCF Iteration 156: Energy = 4.7000233422338198 dE =  3.69685E-02
SCF Iteration 157: Energy = 4.6630548443630957 dE = -3.69685E-02
SCF Iteration 158: Energy = 4.7000233280295607 dE =  3.69685E-02
SCF Iteration 159: Energy = 4.6630548307766766 dE = -3.69685E-02
SCF Iteration 160: Energy = 4.7000233162953915 dE =  3.69685E-02
SCF Iteration 161: Energy = 4.6630548195529151 dE = -3.69685E-02
SCF Iteration 162: Energy = 4.7000233066017749 dE =  3.69685E-02
SCF Iteration 163: Energy = 4.6630548102809453 dE = -3.69685E-02
SCF Iteration 164: Energy = 4.7000232985938712 dE =  3.69685E-02
SCF Iteration 165: Energy = 4.6630548026213576 dE = -3.69685E-02
SCF Iteration 166: Energy = 4.7000232919785319 dE =  3.69685E-02
SCF Iteration 167: Energy = 4.6630547962937676 dE = -3.69685E-02
SCF Iteration 168: Energy = 4.7000232865135931 dE =  3.69685E-02
SCF Iteration 169: Energy = 4.6630547910665356 dE = -3.69685E-02
SCF Iteration 170: Energy = 4.7000232819989849 dE =  3.69685E-02
SCF Iteration 171: Energy = 4.6630547867483063 dE = -3.69685E-02
SCF Iteration 172: Energy = 4.7000232782694660 dE =  3.69685E-02
SCF Iteration 173: Energy = 4.6630547831810016 dE = -3.69685E-02
SCF Iteration 174: Energy = 4.7000232751885065 dE =  3.69685E-02
SCF Iteration 175: Energy = 4.6630547802340612 dE = -3.69685E-02
SCF Iteration 176: Energy = 4.7000232726433318 dE =  3.69685E-02
SCF Iteration 177: Energy = 4.6630547777995774 dE = -3.69685E-02
SCF Iteration 178: Energy = 4.7000232705407452 dE =  3.69685E-02
SCF Iteration 179: Energy = 4.6630547757884635 dE = -3.69685E-02
SCF Iteration 180: Energy = 4.7000232688038022 dE =  3.69685E-02
SCF Iteration 181: Energy = 4.6630547741270600 dE = -3.69685E-02
SCF Iteration 182: Energy = 4.7000232673689037 dE =  3.69685E-02
SCF Iteration 183: Energy = 4.6630547727545864 dE = -3.69685E-02
SCF Iteration 184: Energy = 4.7000232661835337 dE =  3.69685E-02
SCF Iteration 185: Energy = 4.6630547716207733 dE = -3.69685E-02
SCF Iteration 186: Energy = 4.7000232652043099 dE =  3.69685E-02
SCF Iteration 187: Energy = 4.6630547706841421 dE = -3.69685E-02
SCF Iteration 188: Energy = 4.7000232643953677 dE =  3.69685E-02
SCF Iteration 189: Energy = 4.6630547699103904 dE = -3.69685E-02
SCF Iteration 190: Energy = 4.7000232637270880 dE =  3.69685E-02
SCF Iteration 191: Energy = 4.6630547692711826 dE = -3.69685E-02
SCF Iteration 192: Energy = 4.7000232631750354 dE =  3.69685E-02
SCF Iteration 193: Energy = 4.6630547687431267 dE = -3.69685E-02
SCF Iteration 194: Energy = 4.7000232627189718 dE =  3.69685E-02
SCF Iteration 195: Energy = 4.6630547683069175 dE = -3.69685E-02
SCF Iteration 196: Energy = 4.7000232623422100 dE =  3.69685E-02
SCF Iteration 197: Energy = 4.6630547679465373 dE = -3.69685E-02
SCF Iteration 198: Energy = 4.7000232620309852 dE =  3.69685E-02
SCF Iteration 199: Energy = 4.6630547676488519 dE = -3.69685E-02
SCF Iteration 200: Energy = 4.7000232617738735 dE =  3.69685E-02
SCF Iteration 201: Energy = 4.6630547674029277 dE = -3.69685E-02
SCF Iteration 202: Energy = 4.7000232615614799 dE =  3.69685E-02
SCF Iteration 203: Energy = 4.6630547671997622 dE = -3.69685E-02
SCF Iteration 204: Energy = 4.7000232613860122 dE =  3.69685E-02
SCF Iteration 205: Energy = 4.6630547670319249 dE = -3.69685E-02
SCF Iteration 206: Energy = 4.7000232612410588 dE =  3.69685E-02
SCF Iteration 207: Energy = 4.6630547668932856 dE = -3.69685E-02
SCF Iteration 208: Energy = 4.7000232611213075 dE =  3.69685E-02
SCF Iteration 209: Energy = 4.6630547667787487 dE = -3.69685E-02
SCF Iteration 210: Energy = 4.7000232610224000 dE =  3.69685E-02
SCF Iteration 211: Energy = 4.6630547666841249 dE = -3.69685E-02
SCF Iteration 212: Energy = 4.7000232609406734 dE =  3.69685E-02
SCF Iteration 213: Energy = 4.6630547666059705 dE = -3.69685E-02
SCF Iteration 214: Energy = 4.7000232608731833 dE =  3.69685E-02
SCF Iteration 215: Energy = 4.6630547665413991 dE = -3.69685E-02
SCF Iteration 216: Energy = 4.7000232608174093 dE =  3.69685E-02
SCF Iteration 217: Energy = 4.6630547664880657 dE = -3.69685E-02
SCF Iteration 218: Energy = 4.7000232607713279 dE =  3.69685E-02
SCF Iteration 219: Energy = 4.6630547664439934 dE = -3.69685E-02
SCF Iteration 220: Energy = 4.7000232607332730 dE =  3.69685E-02
SCF Iteration 221: Energy = 4.6630547664075817 dE = -3.69685E-02
SCF Iteration 222: Energy = 4.7000232607018395 dE =  3.69685E-02
SCF Iteration 223: Energy = 4.6630547663775186 dE = -3.69685E-02
SCF Iteration 224: Energy = 4.7000232606758701 dE =  3.69685E-02
SCF Iteration 225: Energy = 4.6630547663526745 dE = -3.69685E-02
SCF Iteration 226: Energy = 4.7000232606544010 dE =  3.69685E-02
SCF Iteration 227: Energy = 4.6630547663321424 dE = -3.69685E-02
SCF Iteration 228: Energy = 4.7000232606366819 dE =  3.69685E-02
SCF Iteration 229: Energy = 4.6630547663151969 dE = -3.69685E-02
SCF Iteration 230: Energy = 4.7000232606220465 dE =  3.69685E-02
SCF Iteration 231: Energy = 4.6630547663011912 dE = -3.69685E-02
SCF Iteration 232: Energy = 4.7000232606099415 dE =  3.69685E-02
SCF Iteration 233: Energy = 4.6630547662896111 dE = -3.69685E-02
SCF Iteration 234: Energy = 4.7000232605999468 dE =  3.69685E-02
SCF Iteration 235: Energy = 4.6630547662800570 dE = -3.69685E-02
SCF Iteration 236: Energy = 4.7000232605916885 dE =  3.69685E-02
SCF Iteration 237: Energy = 4.6630547662721593 dE = -3.69685E-02
SCF Iteration 238: Energy = 4.7000232605848717 dE =  3.69685E-02
SCF Iteration 239: Energy = 4.6630547662656312 dE = -3.69685E-02
SCF Iteration 240: Energy = 4.7000232605792389 dE =  3.69685E-02
SCF Iteration 241: Energy = 4.6630547662602453 dE = -3.69685E-02
SCF Iteration 242: Energy = 4.7000232605745857 dE =  3.69685E-02
SCF Iteration 243: Energy = 4.6630547662557991 dE = -3.69685E-02
SCF Iteration 244: Energy = 4.7000232605707453 dE =  3.69685E-02
SCF Iteration 245: Energy = 4.6630547662521185 dE = -3.69685E-02
SCF Iteration 246: Energy = 4.7000232605675558 dE =  3.69685E-02
SCF Iteration 247: Energy = 4.6630547662490880 dE = -3.69685E-02
SCF Iteration 248: Energy = 4.7000232605649348 dE =  3.69685E-02
SCF Iteration 249: Energy = 4.6630547662465629 dE = -3.69685E-02
SCF Iteration 250: Energy = 4.7000232605627685 dE =  3.69685E-02
SCF Iteration 251: Energy = 4.6630547662444952 dE = -3.69685E-02
SCF Iteration 252: Energy = 4.7000232605609735 dE =  3.69685E-02
SCF Iteration 253: Energy = 4.6630547662427828 dE = -3.69685E-02
SCF Iteration 254: Energy = 4.7000232605594991 dE =  3.69685E-02
SCF Iteration 255: Energy = 4.6630547662413662 dE = -3.69685E-02
SCF Iteration 256: Energy = 4.7000232605582681 dE =  3.69685E-02
SCF Iteration 257: Energy = 4.6630547662401991 dE = -3.69685E-02
SCF Iteration 258: Energy = 4.7000232605572663 dE =  3.69685E-02
SCF Iteration 259: Energy = 4.6630547662392345 dE = -3.69685E-02
SCF Iteration 260: Energy = 4.7000232605564296 dE =  3.69685E-02
SCF Iteration 261: Energy = 4.6630547662384370 dE = -3.69685E-02
SCF Iteration 262: Energy = 4.7000232605557368 dE =  3.69685E-02
SCF Iteration 263: Energy = 4.6630547662377815 dE = -3.69685E-02
SCF Iteration 264: Energy = 4.7000232605551675 dE =  3.69685E-02
SCF Iteration 265: Energy = 4.6630547662372308 dE = -3.69685E-02
SCF Iteration 266: Energy = 4.7000232605547083 dE =  3.69685E-02
SCF Iteration 267: Energy = 4.6630547662367814 dE = -3.69685E-02
SCF Iteration 268: Energy = 4.7000232605543157 dE =  3.69685E-02
SCF Iteration 269: Energy = 4.6630547662364155 dE = -3.69685E-02
SCF Iteration 270: Energy = 4.7000232605539889 dE =  3.69685E-02
SCF Iteration 271: Energy = 4.6630547662360975 dE = -3.69685E-02
SCF Iteration 272: Energy = 4.7000232605537313 dE =  3.69685E-02
SCF Iteration 273: Energy = 4.6630547662358461 dE = -3.69685E-02
SCF Iteration 274: Energy = 4.7000232605535031 dE =  3.69685E-02
SCF Iteration 275: Energy = 4.6630547662356427 dE = -3.69685E-02
SCF Iteration 276: Energy = 4.7000232605533281 dE =  3.69685E-02
SCF Iteration 277: Energy = 4.6630547662354598 dE = -3.69685E-02
SCF Iteration 278: Energy = 4.7000232605531851 dE =  3.69685E-02
SCF Iteration 279: Energy = 4.6630547662353310 dE = -3.69685E-02
SCF Iteration 280: Energy = 4.7000232605530607 dE =  3.69685E-02
SCF Iteration 281: Energy = 4.6630547662352075 dE = -3.69685E-02
SCF Iteration 282: Energy = 4.7000232605529479 dE =  3.69685E-02
SCF Iteration 283: Energy = 4.6630547662351045 dE = -3.69685E-02
SCF Iteration 284: Energy = 4.7000232605528680 dE =  3.69685E-02
SCF Iteration 285: Energy = 4.6630547662350246 dE = -3.69685E-02
SCF Iteration 286: Energy = 4.7000232605528014 dE =  3.69685E-02
SCF Iteration 287: Energy = 4.6630547662349588 dE = -3.69685E-02
SCF Iteration 288: Energy = 4.7000232605527579 dE =  3.69685E-02
SCF Iteration 289: Energy = 4.6630547662349207 dE = -3.69685E-02
SCF Iteration 290: Energy = 4.7000232605527055 dE =  3.69685E-02
SCF Iteration 291: Energy = 4.6630547662348683 dE = -3.69685E-02
SCF Iteration 292: Energy = 4.7000232605526655 dE =  3.69685E-02
SCF Iteration 293: Energy = 4.6630547662348345 dE = -3.69685E-02
SCF Iteration 294: Energy = 4.7000232605526291 dE =  3.69685E-02
SCF Iteration 295: Energy = 4.6630547662347945 dE = -3.69685E-02
SCF Iteration 296: Energy = 4.7000232605525989 dE =  3.69685E-02
SCF Iteration 297: Energy = 4.6630547662347688 dE = -3.69685E-02
SCF Iteration 298: Energy = 4.7000232605525749 dE =  3.69685E-02
SCF Iteration 299: Energy = 4.6630547662347501 dE = -3.69685E-02
SCF Iteration 300: Energy = 4.7000232605525616 dE =  3.69685E-02
SCF Iteration 301: Energy = 4.6630547662347244 dE = -3.69685E-02
SCF Iteration 302: Energy = 4.7000232605525412 dE =  3.69685E-02
SCF Iteration 303: Energy = 4.6630547662347066 dE = -3.69685E-02
SCF Iteration 304: Energy = 4.7000232605525252 dE =  3.69685E-02
SCF Iteration 305: Energy = 4.6630547662347048 dE = -3.69685E-02
SCF Iteration 306: Energy = 4.7000232605525234 dE =  3.69685E-02
SCF Iteration 307: Energy = 4.6630547662346977 dE = -3.69685E-02
SCF Iteration 308: Energy = 4.7000232605525127 dE =  3.69685E-02
SCF Iteration 309: Energy = 4.6630547662346924 dE = -3.69685E-02
SCF Iteration 310: Energy = 4.7000232605525047 dE =  3.69685E-02
SCF Iteration 311: Energy = 4.6630547662346764 dE = -3.69685E-02
SCF Iteration 312: Energy = 4.7000232605524914 dE =  3.69685E-02
SCF Iteration 313: Energy = 4.6630547662346755 dE = -3.69685E-02
SCF Iteration 314: Energy = 4.7000232605524914 dE =  3.69685E-02
SCF Iteration 315: Energy = 4.6630547662346604 dE = -3.69685E-02
SCF Iteration 316: Energy = 4.7000232605524888 dE =  3.69685E-02
SCF Iteration 317: Energy = 4.6630547662346586 dE = -3.69685E-02
SCF Iteration 318: Energy = 4.7000232605524843 dE =  3.69685E-02
SCF Iteration 319: Energy = 4.6630547662346551 dE = -3.69685E-02
SCF Iteration 320: Energy = 4.7000232605524710 dE =  3.69685E-02
SCF Iteration 321: Energy = 4.6630547662346533 dE = -3.69685E-02
SCF Iteration 322: Energy = 4.7000232605524737 dE =  3.69685E-02
SCF Iteration 323: Energy = 4.6630547662346382 dE = -3.69685E-02
SCF Iteration 324: Energy = 4.7000232605524719 dE =  3.69685E-02
SCF Iteration 325: Energy = 4.6630547662346409 dE = -3.69685E-02
SCF Iteration 326: Energy = 4.7000232605524710 dE =  3.69685E-02
SCF Iteration 327: Energy = 4.6630547662346480 dE = -3.69685E-02
SCF Iteration 328: Energy = 4.7000232605524683 dE =  3.69685E-02
SCF Iteration 329: Energy = 4.6630547662346480 dE = -3.69685E-02
SCF Iteration 330: Energy = 4.7000232605524674 dE =  3.69685E-02
SCF Iteration 331: Energy = 4.6630547662346453 dE = -3.69685E-02
SCF Iteration 332: Energy = 4.7000232605524648 dE =  3.69685E-02
SCF Iteration 333: Energy = 4.6630547662346418 dE = -3.69685E-02
SCF Iteration 334: Energy = 4.7000232605524612 dE =  3.69685E-02
SCF Iteration 335: Energy = 4.6630547662346373 dE = -3.69685E-02
SCF Iteration 336: Energy = 4.7000232605524674 dE =  3.69685E-02
SCF Iteration 337: Energy = 4.6630547662346435 dE = -3.69685E-02
SCF Iteration 338: Energy = 4.7000232605524737 dE =  3.69685E-02
SCF Iteration 339: Energy = 4.6630547662346471 dE = -3.69685E-02
SCF Iteration 340: Energy = 4.7000232605524648 dE =  3.69685E-02
SCF Iteration 341: Energy = 4.6630547662346444 dE = -3.69685E-02
SCF Iteration 342: Energy = 4.7000232605524630 dE =  3.69685E-02
SCF Iteration 343: Energy = 4.6630547662346462 dE = -3.69685E-02
SCF Iteration 344: Energy = 4.7000232605524612 dE =  3.69685E-02
SCF Iteration 345: Energy = 4.6630547662346462 dE = -3.69685E-02
SCF Iteration 346: Energy = 4.7000232605524683 dE =  3.69685E-02
SCF Iteration 347: Energy = 4.6630547662346338 dE = -3.69685E-02
SCF Iteration 348: Energy = 4.7000232605524586 dE =  3.69685E-02
SCF Iteration 349: Energy = 4.6630547662346373 dE = -3.69685E-02
SCF Iteration 350: Energy = 4.7000232605524594 dE =  3.69685E-02
SCF Iteration 351: Energy = 4.6630547662346373 dE = -3.69685E-02
SCF Iteration 352: Energy = 4.7000232605524594 dE =  3.69685E-02
SCF Iteration 353: Energy = 4.6630547662346356 dE = -3.69685E-02
SCF Iteration 354: Energy = 4.7000232605524657 dE =  3.69685E-02
SCF Iteration 355: Energy = 4.6630547662346391 dE = -3.69685E-02
SCF Iteration 356: Energy = 4.7000232605524710 dE =  3.69685E-02
SCF Iteration 357: Energy = 4.6630547662346373 dE = -3.69685E-02
SCF Iteration 358: Energy = 4.7000232605524683 dE =  3.69685E-02
SCF Iteration 359: Energy = 4.6630547662346391 dE = -3.69685E-02
SCF Iteration 360: Energy = 4.7000232605524630 dE =  3.69685E-02
SCF Iteration 361: Energy = 4.6630547662346391 dE = -3.69685E-02
SCF Iteration 362: Energy = 4.7000232605524612 dE =  3.69685E-02
SCF Iteration 363: Energy = 4.6630547662346338 dE = -3.69685E-02
SCF Iteration 364: Energy = 4.7000232605524648 dE =  3.69685E-02
SCF Iteration 365: Energy = 4.6630547662346418 dE = -3.69685E-02
SCF Iteration 366: Energy = 4.7000232605524594 dE =  3.69685E-02
SCF Iteration 367: Energy = 4.6630547662346373 dE = -3.69685E-02
SCF Iteration 368: Energy = 4.7000232605524621 dE =  3.69685E-02
SCF Iteration 369: Energy = 4.6630547662346409 dE = -3.69685E-02
SCF Iteration 370: Energy = 4.7000232605524612 dE =  3.69685E-02
SCF Iteration 371: Energy = 4.6630547662346480 dE = -3.69685E-02
SCF Iteration 372: Energy = 4.7000232605524586 dE =  3.69685E-02
SCF Iteration 373: Energy = 4.6630547662346364 dE = -3.69685E-02
SCF Iteration 374: Energy = 4.7000232605524594 dE =  3.69685E-02
SCF Iteration 375: Energy = 4.6630547662346444 dE = -3.69685E-02
SCF Iteration 376: Energy = 4.7000232605524621 dE =  3.69685E-02
SCF Iteration 377: Energy = 4.6630547662346338 dE = -3.69685E-02
SCF Iteration 378: Energy = 4.7000232605524541 dE =  3.69685E-02
SCF Iteration 379: Energy = 4.6630547662346391 dE = -3.69685E-02
SCF Iteration 380: Energy = 4.7000232605524648 dE =  3.69685E-02
SCF Iteration 381: Energy = 4.6630547662346356 dE = -3.69685E-02
SCF Iteration 382: Energy = 4.7000232605524594 dE =  3.69685E-02
SCF Iteration 383: Energy = 4.6630547662346320 dE = -3.69685E-02
SCF Iteration 384: Energy = 4.7000232605524630 dE =  3.69685E-02
SCF Iteration 385: Energy = 4.6630547662346356 dE = -3.69685E-02
SCF Iteration 386: Energy = 4.7000232605524612 dE =  3.69685E-02
SCF Iteration 387: Energy = 4.6630547662346444 dE = -3.69685E-02
SCF Iteration 388: Energy = 4.7000232605524630 dE =  3.69685E-02
SCF Iteration 389: Energy = 4.6630547662346498 dE = -3.69685E-02
SCF Iteration 390: Energy = 4.7000232605524657 dE =  3.69685E-02
SCF Iteration 391: Energy = 4.6630547662346382 dE = -3.69685E-02
SCF Iteration 392: Energy = 4.7000232605524639 dE =  3.69685E-02
SCF Iteration 393: Energy = 4.6630547662346356 dE = -3.69685E-02
SCF Iteration 394: Energy = 4.7000232605524630 dE =  3.69685E-02
SCF Iteration 395: Energy = 4.6630547662346427 dE = -3.69685E-02
SCF Iteration 396: Energy = 4.7000232605524683 dE =  3.69685E-02
SCF Iteration 397: Energy = 4.6630547662346462 dE = -3.69685E-02
SCF Iteration 398: Energy = 4.7000232605524692 dE =  3.69685E-02
SCF Iteration 399: Energy = 4.6630547662346480 dE = -3.69685E-02
SCF Iteration 400: Energy = 4.7000232605524594 dE =  3.69685E-02
SCF Iteration 401: Energy = 4.6630547662346427 dE = -3.69685E-02
SCF Iteration 402: Energy = 4.7000232605524630 dE =  3.69685E-02
SCF Iteration 403: Energy = 4.6630547662346373 dE = -3.69685E-02
SCF Iteration 404: Energy = 4.7000232605524594 dE =  3.69685E-02
SCF Iteration 405: Energy = 4.6630547662346435 dE = -3.69685E-02
SCF Iteration 406: Energy = 4.7000232605524701 dE =  3.69685E-02
SCF Iteration 407: Energy = 4.6630547662346382 dE = -3.69685E-02
SCF Iteration 408: Energy = 4.7000232605524666 dE =  3.69685E-02
SCF Iteration 409: Energy = 4.6630547662346498 dE = -3.69685E-02
SCF Iteration 410: Energy = 4.7000232605524728 dE =  3.69685E-02
SCF Iteration 411: Energy = 4.6630547662346515 dE = -3.69685E-02
SCF Iteration 412: Energy = 4.7000232605524745 dE =  3.69685E-02
SCF Iteration 413: Energy = 4.6630547662346427 dE = -3.69685E-02
SCF Iteration 414: Energy = 4.7000232605524772 dE =  3.69685E-02
SCF Iteration 415: Energy = 4.6630547662346506 dE = -3.69685E-02
SCF Iteration 416: Energy = 4.7000232605524737 dE =  3.69685E-02
SCF Iteration 417: Energy = 4.6630547662346471 dE = -3.69685E-02
SCF Iteration 418: Energy = 4.7000232605524683 dE =  3.69685E-02
SCF Iteration 419: Energy = 4.6630547662346480 dE = -3.69685E-02
SCF Iteration 420: Energy = 4.7000232605524754 dE =  3.69685E-02
SCF Iteration 421: Energy = 4.6630547662346435 dE = -3.69685E-02
SCF Iteration 422: Energy = 4.7000232605524710 dE =  3.69685E-02
SCF Iteration 423: Energy = 4.6630547662346409 dE = -3.69685E-02
SCF Iteration 424: Energy = 4.7000232605524674 dE =  3.69685E-02
SCF Iteration 425: Energy = 4.6630547662346524 dE = -3.69685E-02
SCF Iteration 426: Energy = 4.7000232605524701 dE =  3.69685E-02
SCF Iteration 427: Energy = 4.6630547662346462 dE = -3.69685E-02
SCF Iteration 428: Energy = 4.7000232605524666 dE =  3.69685E-02
SCF Iteration 429: Energy = 4.6630547662346480 dE = -3.69685E-02
SCF Iteration 430: Energy = 4.7000232605524719 dE =  3.69685E-02
SCF Iteration 431: Energy = 4.6630547662346471 dE = -3.69685E-02
SCF Iteration 432: Energy = 4.7000232605524612 dE =  3.69685E-02
SCF Iteration 433: Energy = 4.6630547662346409 dE = -3.69685E-02
SCF Iteration 434: Energy = 4.7000232605524754 dE =  3.69685E-02
SCF Iteration 435: Energy = 4.6630547662346462 dE = -3.69685E-02
SCF Iteration 436: Energy = 4.7000232605524745 dE =  3.69685E-02
SCF Iteration 437: Energy = 4.6630547662346435 dE = -3.69685E-02
SCF Iteration 438: Energy = 4.7000232605524621 dE =  3.69685E-02
SCF Iteration 439: Energy = 4.6630547662346373 dE = -3.69685E-02
SCF Iteration 440: Energy = 4.7000232605524612 dE =  3.69685E-02
SCF Iteration 441: Energy = 4.6630547662346320 dE = -3.69685E-02
SCF Iteration 442: Energy = 4.7000232605524586 dE =  3.69685E-02
SCF Iteration 443: Energy = 4.6630547662346391 dE = -3.69685E-02
SCF Iteration 444: Energy = 4.7000232605524621 dE =  3.69685E-02
SCF Iteration 445: Energy = 4.6630547662346400 dE = -3.69685E-02
SCF Iteration 446: Energy = 4.7000232605524541 dE =  3.69685E-02
SCF Iteration 447: Energy = 4.6630547662346391 dE = -3.69685E-02
SCF Iteration 448: Energy = 4.7000232605524594 dE =  3.69685E-02
SCF Iteration 449: Energy = 4.6630547662346373 dE = -3.69685E-02
SCF Iteration 450: Energy = 4.7000232605524559 dE =  3.69685E-02
SCF Iteration 451: Energy = 4.6630547662346293 dE = -3.69685E-02
SCF Iteration 452: Energy = 4.7000232605524612 dE =  3.69685E-02
SCF Iteration 453: Energy = 4.6630547662346284 dE = -3.69685E-02
SCF Iteration 454: Energy = 4.7000232605524666 dE =  3.69685E-02
SCF Iteration 455: Energy = 4.6630547662346391 dE = -3.69685E-02
SCF Iteration 456: Energy = 4.7000232605524719 dE =  3.69685E-02
SCF Iteration 457: Energy = 4.6630547662346427 dE = -3.69685E-02
SCF Iteration 458: Energy = 4.7000232605524603 dE =  3.69685E-02
SCF Iteration 459: Energy = 4.6630547662346418 dE = -3.69685E-02
SCF Iteration 460: Energy = 4.7000232605524683 dE =  3.69685E-02
SCF Iteration 461: Energy = 4.6630547662346373 dE = -3.69685E-02
SCF Iteration 462: Energy = 4.7000232605524559 dE =  3.69685E-02
SCF Iteration 463: Energy = 4.6630547662346427 dE = -3.69685E-02
SCF Iteration 464: Energy = 4.7000232605524594 dE =  3.69685E-02
SCF Iteration 465: Energy = 4.6630547662346356 dE = -3.69685E-02
SCF Iteration 466: Energy = 4.7000232605524603 dE =  3.69685E-02
SCF Iteration 467: Energy = 4.6630547662346427 dE = -3.69685E-02
SCF Iteration 468: Energy = 4.7000232605524754 dE =  3.69685E-02
SCF Iteration 469: Energy = 4.6630547662346409 dE = -3.69685E-02
SCF Iteration 470: Energy = 4.7000232605524683 dE =  3.69685E-02
SCF Iteration 471: Energy = 4.6630547662346462 dE = -3.69685E-02
SCF Iteration 472: Energy = 4.7000232605524737 dE =  3.69685E-02
SCF Iteration 473: Energy = 4.6630547662346569 dE = -3.69685E-02
SCF Iteration 474: Energy = 4.7000232605524683 dE =  3.69685E-02
SCF Iteration 475: Energy = 4.6630547662346435 dE = -3.69685E-02
SCF Iteration 476: Energy = 4.7000232605524692 dE =  3.69685E-02
SCF Iteration 477: Energy = 4.6630547662346409 dE = -3.69685E-02
SCF Iteration 478: Energy = 4.7000232605524657 dE =  3.69685E-02
SCF Iteration 479: Energy = 4.6630547662346302 dE = -3.69685E-02
SCF Iteration 480: Energy = 4.7000232605524666 dE =  3.69685E-02
SCF Iteration 481: Energy = 4.6630547662346373 dE = -3.69685E-02
SCF Iteration 482: Energy = 4.7000232605524639 dE =  3.69685E-02
SCF Iteration 483: Energy = 4.6630547662346427 dE = -3.69685E-02
SCF Iteration 484: Energy = 4.7000232605524586 dE =  3.69685E-02
SCF Iteration 485: Energy = 4.6630547662346382 dE = -3.69685E-02
SCF Iteration 486: Energy = 4.7000232605524639 dE =  3.69685E-02
SCF Iteration 487: Energy = 4.6630547662346320 dE = -3.69685E-02
SCF Iteration 488: Energy = 4.7000232605524674 dE =  3.69685E-02
SCF Iteration 489: Energy = 4.6630547662346471 dE = -3.69685E-02
SCF Iteration 490: Energy = 4.7000232605524648 dE =  3.69685E-02
SCF Iteration 491: Energy = 4.6630547662346400 dE = -3.69685E-02
SCF Iteration 492: Energy = 4.7000232605524701 dE =  3.69685E-02
SCF Iteration 493: Energy = 4.6630547662346320 dE = -3.69685E-02
SCF Iteration 494: Energy = 4.7000232605524674 dE =  3.69685E-02
SCF Iteration 495: Energy = 4.6630547662346391 dE = -3.69685E-02
SCF Iteration 496: Energy = 4.7000232605524666 dE =  3.69685E-02
SCF Iteration 497: Energy = 4.6630547662346391 dE = -3.69685E-02
SCF Iteration 498: Energy = 4.7000232605524719 dE =  3.69685E-02
SCF Iteration 499: Energy = 4.6630547662346427 dE = -3.69685E-02
SCF Iteration 500: Energy = 4.7000232605524657 dE =  3.69685E-02
