
  Memory set to  55.879 GiB by Python driver.
  Threads set to 1 by Python driver.
Settings:
	LOT = CCSD-S1-U21
	wc = 20.0 eV
	lambda = [0.727454 0.       0.      ] a.u.
	Equivalent A0 = LAMBDA / sqrt(2 wc) = [0.6 0.  0. ])
doing QED-CCSD-1 (or QED-CCSD-21)
Number of occupied orbitals:   1
Number of basis functions:  60
SCF Iteration   1: Energy = 3.0125579707234671 dE =  3.01256E+00
SCF Iteration   2: Energy = 3.3853900808682171 dE =  3.72832E-01
SCF Iteration   3: Energy = 3.2014385758719004 dE = -1.83952E-01
SCF Iteration   4: Energy = 3.3887144461572341 dE =  1.87276E-01
SCF Iteration   5: Energy = 3.2879695717069555 dE = -1.00745E-01
SCF Iteration   6: Energy = 3.4005988074225537 dE =  1.12629E-01
SCF Iteration   7: Energy = 3.3261669473910493 dE = -7.44319E-02
SCF Iteration   8: Energy = 3.4075434891422964 dE =  8.13765E-02
SCF Iteration   9: Energy = 3.3434695354045547 dE = -6.40740E-02
SCF Iteration  10: Energy = 3.4102246522258608 dE =  6.67551E-02
SCF Iteration  11: Energy = 3.3507508276888758 dE = -5.94738E-02
SCF Iteration  12: Energy = 3.4101179128363097 dE =  5.93671E-02
SCF Iteration  13: Energy = 3.3528971393415081 dE = -5.72208E-02
SCF Iteration  14: Energy = 3.4084127029223201 dE =  5.55156E-02
SCF Iteration  15: Energy = 3.3524093134232626 dE = -5.60034E-02
SCF Iteration  16: Energy = 3.4059411426451973 dE =  5.35318E-02
SCF Iteration  17: Energy = 3.3506612343104378 dE = -5.52799E-02
SCF Iteration  18: Energy = 3.4032334665079662 dE =  5.25722E-02
SCF Iteration  19: Energy = 3.3484202083404342 dE = -5.48133E-02
SCF Iteration  20: Energy = 3.4005978522685507 dE =  5.21776E-02
SCF Iteration  21: Energy = 3.3461050509534620 dE = -5.44928E-02
SCF Iteration  22: Energy = 3.3981934587095419 dE =  5.20884E-02
SCF Iteration  23: Energy = 3.3439306436798879 dE = -5.42628E-02
SCF Iteration  24: Energy = 3.3960864074854613 dE =  5.21558E-02
SCF Iteration  25: Energy = 3.3419936276222972 dE = -5.40928E-02
SCF Iteration  26: Energy = 3.3942885902393010 dE =  5.22950E-02
SCF Iteration  27: Energy = 3.3403240394370743 dE = -5.39646E-02
SCF Iteration  28: Energy = 3.3927828222830398 dE =  5.24588E-02
SCF Iteration  29: Energy = 3.3389162795752281 dE = -5.38665E-02
SCF Iteration  30: Energy = 3.3915383060474968 dE =  5.26220E-02
SCF Iteration  31: Energy = 3.3377473750275479 dE = -5.37909E-02
SCF Iteration  32: Energy = 3.3905196653133594 dE =  5.27723E-02
SCF Iteration  33: Energy = 3.3367874587703676 dE = -5.37322E-02
SCF Iteration  34: Energy = 3.3896919090322570 dE =  5.29045E-02
SCF Iteration  35: Energy = 3.3360055365119705 dE = -5.36864E-02
SCF Iteration  36: Energy = 3.3890229154699254 dE =  5.30174E-02
SCF Iteration  37: Energy = 3.3353724489645962 dE = -5.36505E-02
SCF Iteration  38: Energy = 3.3884844625476740 dE =  5.31120E-02
SCF Iteration  39: Energy = 3.3348622044593026 dE = -5.36223E-02
SCF Iteration  40: Energy = 3.3880524445615410 dE =  5.31902E-02
SCF Iteration  41: Energy = 3.3344523962130861 dE = -5.36000E-02
SCF Iteration  42: Energy = 3.3877066635491269 dE =  5.32543E-02
SCF Iteration  43: Energy = 3.3341241318414547 dE = -5.35825E-02
SCF Iteration  44: Energy = 3.3874304239563777 dE =  5.33063E-02
SCF Iteration  45: Energy = 3.3338617259741166 dE = -5.35687E-02
SCF Iteration  46: Energy = 3.3872100604821784 dE =  5.33483E-02
SCF Iteration  47: Energy = 3.3336522991206325 dE = -5.35578E-02
SCF Iteration  48: Energy = 3.3870344691599921 dE =  5.33822E-02
SCF Iteration  49: Energy = 3.3334853611636710 dE = -5.35491E-02
SCF Iteration  50: Energy = 3.3868946763358214 dE =  5.34093E-02
SCF Iteration  51: Energy = 3.3333524195637945 dE = -5.35423E-02
SCF Iteration  52: Energy = 3.3867834598444770 dE =  5.34310E-02
SCF Iteration  53: Energy = 3.3332466302303168 dE = -5.35368E-02
SCF Iteration  54: Energy = 3.3866950254408827 dE =  5.34484E-02
SCF Iteration  55: Energy = 3.3331624966396824 dE = -5.35325E-02
SCF Iteration  56: Energy = 3.3866247357173926 dE =  5.34622E-02
SCF Iteration  57: Energy = 3.3330956162169074 dE = -5.35291E-02
SCF Iteration  58: Energy = 3.3865688860612067 dE =  5.34733E-02
SCF Iteration  59: Energy = 3.3330424698186030 dE = -5.35264E-02
SCF Iteration  60: Energy = 3.3865245213020292 dE =  5.34821E-02
SCF Iteration  61: Energy = 3.3330002489077377 dE = -5.35243E-02
SCF Iteration  62: Energy = 3.3864892867445096 dE =  5.34890E-02
SCF Iteration  63: Energy = 3.3329667148123368 dE = -5.35226E-02
SCF Iteration  64: Energy = 3.3864613077929620 dE =  5.34946E-02
SCF Iteration  65: Energy = 3.3329400847987811 dE = -5.35212E-02
SCF Iteration  66: Energy = 3.3864390930793653 dE =  5.34990E-02
SCF Iteration  67: Energy = 3.3329189402679620 dE = -5.35202E-02
SCF Iteration  68: Energy = 3.3864214567495714 dE =  5.35025E-02
SCF Iteration  69: Energy = 3.3329021530327751 dE = -5.35193E-02
SCF Iteration  70: Energy = 3.3864074562686537 dE =  5.35053E-02
SCF Iteration  71: Energy = 3.3328888262718990 dE = -5.35186E-02
SCF Iteration  72: Energy = 3.3863963427386605 dE =  5.35075E-02
SCF Iteration  73: Energy = 3.3328782473342025 dE = -5.35181E-02
SCF Iteration  74: Energy = 3.3863875212684231 dE =  5.35093E-02
SCF Iteration  75: Energy = 3.3328698500745682 dE = -5.35177E-02
SCF Iteration  76: Energy = 3.3863805193967873 dE =  5.35107E-02
SCF Iteration  77: Energy = 3.3328631848327546 dE = -5.35173E-02
SCF Iteration  78: Energy = 3.3863749619547314 dE =  5.35118E-02
SCF Iteration  79: Energy = 3.3328578945271849 dE = -5.35171E-02
SCF Iteration  80: Energy = 3.3863705510665807 dE =  5.35127E-02
SCF Iteration  81: Energy = 3.3328536956320125 dE = -5.35169E-02
SCF Iteration  82: Energy = 3.3863670502485315 dE =  5.35134E-02
SCF Iteration  83: Energy = 3.3328503630486690 dE = -5.35167E-02
SCF Iteration  84: Energy = 3.3863642717698501 dE =  5.35139E-02
SCF Iteration  85: Energy = 3.3328477180801763 dE = -5.35166E-02
SCF Iteration  86: Energy = 3.3863620666107801 dE =  5.35143E-02
SCF Iteration  87: Energy = 3.3328456188749849 dE = -5.35164E-02
SCF Iteration  88: Energy = 3.3863603164856233 dE =  5.35147E-02
SCF Iteration  89: Energy = 3.3328439528355354 dE = -5.35164E-02
SCF Iteration  90: Energy = 3.3863589275074708 dE =  5.35150E-02
SCF Iteration  91: Energy = 3.3328426305887207 dE = -5.35163E-02
SCF Iteration  92: Energy = 3.3863578251575763 dE =  5.35152E-02
SCF Iteration  93: Energy = 3.3328415811977492 dE = -5.35162E-02
SCF Iteration  94: Energy = 3.3863569502911588 dE =  5.35154E-02
SCF Iteration  95: Energy = 3.3328407483604079 dE = -5.35162E-02
SCF Iteration  96: Energy = 3.3863562559664260 dE =  5.35155E-02
SCF Iteration  97: Energy = 3.3328400873907387 dE = -5.35162E-02
SCF Iteration  98: Energy = 3.3863557049272792 dE =  5.35156E-02
SCF Iteration  99: Energy = 3.3328395628228482 dE = -5.35161E-02
SCF Iteration 100: Energy = 3.3863552676052131 dE =  5.35157E-02
SCF Iteration 101: Energy = 3.3328391465089218 dE = -5.35161E-02
SCF Iteration 102: Energy = 3.3863549205331247 dE =  5.35158E-02
SCF Iteration 103: Energy = 3.3328388161093740 dE = -5.35161E-02
SCF Iteration 104: Energy = 3.3863546450865147 dE =  5.35158E-02
SCF Iteration 105: Energy = 3.3328385538944731 dE = -5.35161E-02
SCF Iteration 106: Energy = 3.3863544264841887 dE =  5.35159E-02
SCF Iteration 107: Energy = 3.3328383457931463 dE = -5.35161E-02
SCF Iteration 108: Energy = 3.3863542529952517 dE =  5.35159E-02
SCF Iteration 109: Energy = 3.3328381806380629 dE = -5.35161E-02
SCF Iteration 110: Energy = 3.3863541153096310 dE =  5.35159E-02
SCF Iteration 111: Energy = 3.3328380495663947 dE = -5.35161E-02
SCF Iteration 112: Energy = 3.3863540060385744 dE =  5.35160E-02
SCF Iteration 113: Energy = 3.3328379455443291 dE = -5.35161E-02
SCF Iteration 114: Energy = 3.3863539193181191 dE =  5.35160E-02
SCF Iteration 115: Energy = 3.3328378629895976 dE = -5.35161E-02
SCF Iteration 116: Energy = 3.3863538504944466 dE =  5.35160E-02
SCF Iteration 117: Energy = 3.3328377974719543 dE = -5.35161E-02
SCF Iteration 118: Energy = 3.3863537958741579 dE =  5.35160E-02
SCF Iteration 119: Energy = 3.3328377454754183 dE = -5.35161E-02
SCF Iteration 120: Energy = 3.3863537525260443 dE =  5.35160E-02
SCF Iteration 121: Energy = 3.3328377042095840 dE = -5.35160E-02
SCF Iteration 122: Energy = 3.3863537181238494 dE =  5.35160E-02
SCF Iteration 123: Energy = 3.3328376714599304 dE = -5.35160E-02
SCF Iteration 124: Energy = 3.3863536908213550 dE =  5.35160E-02
SCF Iteration 125: Energy = 3.3328376454689459 dE = -5.35160E-02
SCF Iteration 126: Energy = 3.3863536691533875 dE =  5.35160E-02
SCF Iteration 127: Energy = 3.3328376248418126 dE = -5.35160E-02
SCF Iteration 128: Energy = 3.3863536519571276 dE =  5.35160E-02
SCF Iteration 129: Energy = 3.3328376084715958 dE = -5.35160E-02
SCF Iteration 130: Energy = 3.3863536383097208 dE =  5.35160E-02
SCF Iteration 131: Energy = 3.3328375954797536 dE = -5.35160E-02
SCF Iteration 132: Energy = 3.3863536274787838 dE =  5.35160E-02
SCF Iteration 133: Energy = 3.3328375851690892 dE = -5.35160E-02
SCF Iteration 134: Energy = 3.3863536188830636 dE =  5.35160E-02
SCF Iteration 135: Energy = 3.3328375769862801 dE = -5.35160E-02
SCF Iteration 136: Energy = 3.3863536120612774 dE =  5.35160E-02
SCF Iteration 137: Energy = 3.3328375704921900 dE = -5.35160E-02
SCF Iteration 138: Energy = 3.3863536066473396 dE =  5.35160E-02
SCF Iteration 139: Energy = 3.3328375653383060 dE = -5.35160E-02
SCF Iteration 140: Energy = 3.3863536023507010 dE =  5.35160E-02
SCF Iteration 141: Energy = 3.3328375612480561 dE = -5.35160E-02
SCF Iteration 142: Energy = 3.3863535989407745 dE =  5.35160E-02
SCF Iteration 143: Energy = 3.3328375580019274 dE = -5.35160E-02
SCF Iteration 144: Energy = 3.3863535962345557 dE =  5.35160E-02
SCF Iteration 145: Energy = 3.3328375554257046 dE = -5.35160E-02
SCF Iteration 146: Energy = 3.3863535940868337 dE =  5.35160E-02
SCF Iteration 147: Energy = 3.3328375533811645 dE = -5.35160E-02
SCF Iteration 148: Energy = 3.3863535923823540 dE =  5.35160E-02
SCF Iteration 149: Energy = 3.3328375517585553 dE = -5.35160E-02
SCF Iteration 150: Energy = 3.3863535910296378 dE =  5.35160E-02
SCF Iteration 151: Energy = 3.3328375504708103 dE = -5.35160E-02
SCF Iteration 152: Energy = 3.3863535899560788 dE =  5.35160E-02
SCF Iteration 153: Energy = 3.3328375494488300 dE = -5.35160E-02
SCF Iteration 154: Energy = 3.3863535891040737 dE =  5.35160E-02
SCF Iteration 155: Energy = 3.3328375486377486 dE = -5.35160E-02
SCF Iteration 156: Energy = 3.3863535884279048 dE =  5.35160E-02
SCF Iteration 157: Energy = 3.3328375479940671 dE = -5.35160E-02
SCF Iteration 158: Energy = 3.3863535878912843 dE =  5.35160E-02
SCF Iteration 159: Energy = 3.3328375474832090 dE = -5.35160E-02
SCF Iteration 160: Energy = 3.3863535874654018 dE =  5.35160E-02
SCF Iteration 161: Energy = 3.3328375470777920 dE = -5.35160E-02
SCF Iteration 162: Energy = 3.3863535871274082 dE =  5.35160E-02
SCF Iteration 163: Energy = 3.3328375467560312 dE = -5.35160E-02
SCF Iteration 164: Energy = 3.3863535868591672 dE =  5.35160E-02
SCF Iteration 165: Energy = 3.3328375465006834 dE = -5.35160E-02
SCF Iteration 166: Energy = 3.3863535866462908 dE =  5.35160E-02
SCF Iteration 167: Energy = 3.3328375462980229 dE = -5.35160E-02
SCF Iteration 168: Energy = 3.3863535864773451 dE =  5.35160E-02
SCF Iteration 169: Energy = 3.3328375461371902 dE = -5.35160E-02
SCF Iteration 170: Energy = 3.3863535863432657 dE =  5.35160E-02
SCF Iteration 171: Energy = 3.3328375460095563 dE = -5.35160E-02
SCF Iteration 172: Energy = 3.3863535862368521 dE =  5.35160E-02
SCF Iteration 173: Energy = 3.3328375459082595 dE = -5.35160E-02
SCF Iteration 174: Energy = 3.3863535861524032 dE =  5.35160E-02
SCF Iteration 175: Energy = 3.3328375458278621 dE = -5.35160E-02
SCF Iteration 176: Energy = 3.3863535860853786 dE =  5.35160E-02
SCF Iteration 177: Energy = 3.3328375457640607 dE = -5.35160E-02
SCF Iteration 178: Energy = 3.3863535860321936 dE =  5.35160E-02
SCF Iteration 179: Energy = 3.3328375457134256 dE = -5.35160E-02
SCF Iteration 180: Energy = 3.3863535859899838 dE =  5.35160E-02
SCF Iteration 181: Energy = 3.3328375456732369 dE = -5.35160E-02
SCF Iteration 182: Energy = 3.3863535859564826 dE =  5.35160E-02
SCF Iteration 183: Energy = 3.3328375456413437 dE = -5.35160E-02
SCF Iteration 184: Energy = 3.3863535859298937 dE =  5.35160E-02
SCF Iteration 185: Energy = 3.3328375456160368 dE = -5.35160E-02
SCF Iteration 186: Energy = 3.3863535859087843 dE =  5.35160E-02
SCF Iteration 187: Energy = 3.3328375455959498 dE = -5.35160E-02
SCF Iteration 188: Energy = 3.3863535858920497 dE =  5.35160E-02
SCF Iteration 189: Energy = 3.3328375455800070 dE = -5.35160E-02
SCF Iteration 190: Energy = 3.3863535858787563 dE =  5.35160E-02
SCF Iteration 191: Energy = 3.3328375455673576 dE = -5.35160E-02
SCF Iteration 192: Energy = 3.3863535858682061 dE =  5.35160E-02
SCF Iteration 193: Energy = 3.3328375455573220 dE = -5.35160E-02
SCF Iteration 194: Energy = 3.3863535858598390 dE =  5.35160E-02
SCF Iteration 195: Energy = 3.3328375455493560 dE = -5.35160E-02
SCF Iteration 196: Energy = 3.3863535858531937 dE =  5.35160E-02
SCF Iteration 197: Energy = 3.3328375455430237 dE = -5.35160E-02
SCF Iteration 198: Energy = 3.3863535858479166 dE =  5.35160E-02
SCF Iteration 199: Energy = 3.3328375455380010 dE = -5.35160E-02
SCF Iteration 200: Energy = 3.3863535858437346 dE =  5.35160E-02
SCF Iteration 201: Energy = 3.3328375455340242 dE = -5.35160E-02
SCF Iteration 202: Energy = 3.3863535858404137 dE =  5.35160E-02
SCF Iteration 203: Energy = 3.3328375455308659 dE = -5.35160E-02
SCF Iteration 204: Energy = 3.3863535858377802 dE =  5.35160E-02
SCF Iteration 205: Energy = 3.3328375455283452 dE = -5.35160E-02
SCF Iteration 206: Energy = 3.3863535858356846 dE =  5.35160E-02
SCF Iteration 207: Energy = 3.3328375455263584 dE = -5.35160E-02
SCF Iteration 208: Energy = 3.3863535858340232 dE =  5.35160E-02
SCF Iteration 209: Energy = 3.3328375455247841 dE = -5.35160E-02
SCF Iteration 210: Energy = 3.3863535858327176 dE =  5.35160E-02
SCF Iteration 211: Energy = 3.3328375455235326 dE = -5.35160E-02
SCF Iteration 212: Energy = 3.3863535858316758 dE =  5.35160E-02
SCF Iteration 213: Energy = 3.3328375455225396 dE = -5.35160E-02
SCF Iteration 214: Energy = 3.3863535858308356 dE =  5.35160E-02
SCF Iteration 215: Energy = 3.3328375455217416 dE = -5.35160E-02
SCF Iteration 216: Energy = 3.3863535858301765 dE =  5.35160E-02
SCF Iteration 217: Energy = 3.3328375455211190 dE = -5.35160E-02
SCF Iteration 218: Energy = 3.3863535858296578 dE =  5.35160E-02
SCF Iteration 219: Energy = 3.3328375455206136 dE = -5.35160E-02
SCF Iteration 220: Energy = 3.3863535858292422 dE =  5.35160E-02
SCF Iteration 221: Energy = 3.3328375455202295 dE = -5.35160E-02
SCF Iteration 222: Energy = 3.3863535858289171 dE =  5.35160E-02
SCF Iteration 223: Energy = 3.3328375455199146 dE = -5.35160E-02
SCF Iteration 224: Energy = 3.3863535858286551 dE =  5.35160E-02
SCF Iteration 225: Energy = 3.3328375455196642 dE = -5.35160E-02
SCF Iteration 226: Energy = 3.3863535858284357 dE =  5.35160E-02
SCF Iteration 227: Energy = 3.3328375455194643 dE = -5.35160E-02
SCF Iteration 228: Energy = 3.3863535858282723 dE =  5.35160E-02
SCF Iteration 229: Energy = 3.3328375455193018 dE = -5.35160E-02
SCF Iteration 230: Energy = 3.3863535858281435 dE =  5.35160E-02
SCF Iteration 231: Energy = 3.3328375455191819 dE = -5.35160E-02
SCF Iteration 232: Energy = 3.3863535858280422 dE =  5.35160E-02
SCF Iteration 233: Energy = 3.3328375455190815 dE = -5.35160E-02
SCF Iteration 234: Energy = 3.3863535858279588 dE =  5.35160E-02
SCF Iteration 235: Energy = 3.3328375455190096 dE = -5.35160E-02
SCF Iteration 236: Energy = 3.3863535858278895 dE =  5.35160E-02
SCF Iteration 237: Energy = 3.3328375455189421 dE = -5.35160E-02
SCF Iteration 238: Energy = 3.3863535858278424 dE =  5.35160E-02
SCF Iteration 239: Energy = 3.3328375455188923 dE = -5.35160E-02
SCF Iteration 240: Energy = 3.3863535858278042 dE =  5.35160E-02
SCF Iteration 241: Energy = 3.3328375455188524 dE = -5.35160E-02
SCF Iteration 242: Energy = 3.3863535858277651 dE =  5.35160E-02
SCF Iteration 243: Energy = 3.3328375455188186 dE = -5.35160E-02
SCF Iteration 244: Energy = 3.3863535858277385 dE =  5.35160E-02
SCF Iteration 245: Energy = 3.3328375455187933 dE = -5.35160E-02
SCF Iteration 246: Energy = 3.3863535858277234 dE =  5.35160E-02
SCF Iteration 247: Energy = 3.3328375455187733 dE = -5.35160E-02
SCF Iteration 248: Energy = 3.3863535858277114 dE =  5.35160E-02
SCF Iteration 249: Energy = 3.3328375455187591 dE = -5.35160E-02
SCF Iteration 250: Energy = 3.3863535858276967 dE =  5.35160E-02
SCF Iteration 251: Energy = 3.3328375455187502 dE = -5.35160E-02
SCF Iteration 252: Energy = 3.3863535858276830 dE =  5.35160E-02
SCF Iteration 253: Energy = 3.3328375455187347 dE = -5.35160E-02
SCF Iteration 254: Energy = 3.3863535858276745 dE =  5.35160E-02
SCF Iteration 255: Energy = 3.3328375455187360 dE = -5.35160E-02
SCF Iteration 256: Energy = 3.3863535858276683 dE =  5.35160E-02
SCF Iteration 257: Energy = 3.3328375455187289 dE = -5.35160E-02
SCF Iteration 258: Energy = 3.3863535858276679 dE =  5.35160E-02
SCF Iteration 259: Energy = 3.3328375455187200 dE = -5.35160E-02
SCF Iteration 260: Energy = 3.3863535858276594 dE =  5.35160E-02
SCF Iteration 261: Energy = 3.3328375455187254 dE = -5.35160E-02
SCF Iteration 262: Energy = 3.3863535858276523 dE =  5.35160E-02
SCF Iteration 263: Energy = 3.3328375455187187 dE = -5.35160E-02
SCF Iteration 264: Energy = 3.3863535858276559 dE =  5.35160E-02
SCF Iteration 265: Energy = 3.3328375455187085 dE = -5.35160E-02
SCF Iteration 266: Energy = 3.3863535858276554 dE =  5.35160E-02
SCF Iteration 267: Energy = 3.3328375455187080 dE = -5.35160E-02
SCF Iteration 268: Energy = 3.3863535858276537 dE =  5.35160E-02
SCF Iteration 269: Energy = 3.3328375455187098 dE = -5.35160E-02
SCF Iteration 270: Energy = 3.3863535858276510 dE =  5.35160E-02
SCF Iteration 271: Energy = 3.3328375455187085 dE = -5.35160E-02
SCF Iteration 272: Energy = 3.3863535858276514 dE =  5.35160E-02
SCF Iteration 273: Energy = 3.3328375455187063 dE = -5.35160E-02
SCF Iteration 274: Energy = 3.3863535858276479 dE =  5.35160E-02
SCF Iteration 275: Energy = 3.3328375455187076 dE = -5.35160E-02
SCF Iteration 276: Energy = 3.3863535858276474 dE =  5.35160E-02
SCF Iteration 277: Energy = 3.3328375455186978 dE = -5.35160E-02
SCF Iteration 278: Energy = 3.3863535858276497 dE =  5.35160E-02
SCF Iteration 279: Energy = 3.3328375455187076 dE = -5.35160E-02
SCF Iteration 280: Energy = 3.3863535858276443 dE =  5.35160E-02
SCF Iteration 281: Energy = 3.3328375455187049 dE = -5.35160E-02
SCF Iteration 282: Energy = 3.3863535858276550 dE =  5.35160E-02
SCF Iteration 283: Energy = 3.3328375455187063 dE = -5.35160E-02
SCF Iteration 284: Energy = 3.3863535858276466 dE =  5.35160E-02
SCF Iteration 285: Energy = 3.3328375455187049 dE = -5.35160E-02
SCF Iteration 286: Energy = 3.3863535858276488 dE =  5.35160E-02
SCF Iteration 287: Energy = 3.3328375455186987 dE = -5.35160E-02
SCF Iteration 288: Energy = 3.3863535858276386 dE =  5.35160E-02
SCF Iteration 289: Energy = 3.3328375455186987 dE = -5.35160E-02
SCF Iteration 290: Energy = 3.3863535858276403 dE =  5.35160E-02
SCF Iteration 291: Energy = 3.3328375455186969 dE = -5.35160E-02
SCF Iteration 292: Energy = 3.3863535858276430 dE =  5.35160E-02
SCF Iteration 293: Energy = 3.3328375455187040 dE = -5.35160E-02
SCF Iteration 294: Energy = 3.3863535858276435 dE =  5.35160E-02
SCF Iteration 295: Energy = 3.3328375455186983 dE = -5.35160E-02
SCF Iteration 296: Energy = 3.3863535858276443 dE =  5.35160E-02
SCF Iteration 297: Energy = 3.3328375455186978 dE = -5.35160E-02
SCF Iteration 298: Energy = 3.3863535858276426 dE =  5.35160E-02
SCF Iteration 299: Energy = 3.3328375455187036 dE = -5.35160E-02
SCF Iteration 300: Energy = 3.3863535858276430 dE =  5.35160E-02
SCF Iteration 301: Energy = 3.3328375455187058 dE = -5.35160E-02
SCF Iteration 302: Energy = 3.3863535858276426 dE =  5.35160E-02
SCF Iteration 303: Energy = 3.3328375455186952 dE = -5.35160E-02
SCF Iteration 304: Energy = 3.3863535858276488 dE =  5.35160E-02
SCF Iteration 305: Energy = 3.3328375455187031 dE = -5.35160E-02
SCF Iteration 306: Energy = 3.3863535858276514 dE =  5.35160E-02
SCF Iteration 307: Energy = 3.3328375455187036 dE = -5.35160E-02
SCF Iteration 308: Energy = 3.3863535858276492 dE =  5.35160E-02
SCF Iteration 309: Energy = 3.3328375455187058 dE = -5.35160E-02
SCF Iteration 310: Energy = 3.3863535858276448 dE =  5.35160E-02
SCF Iteration 311: Energy = 3.3328375455187049 dE = -5.35160E-02
SCF Iteration 312: Energy = 3.3863535858276523 dE =  5.35160E-02
SCF Iteration 313: Energy = 3.3328375455187049 dE = -5.35160E-02
SCF Iteration 314: Energy = 3.3863535858276479 dE =  5.35160E-02
SCF Iteration 315: Energy = 3.3328375455187023 dE = -5.35160E-02
SCF Iteration 316: Energy = 3.3863535858276408 dE =  5.35160E-02
SCF Iteration 317: Energy = 3.3328375455187023 dE = -5.35160E-02
SCF Iteration 318: Energy = 3.3863535858276461 dE =  5.35160E-02
SCF Iteration 319: Energy = 3.3328375455187018 dE = -5.35160E-02
SCF Iteration 320: Energy = 3.3863535858276466 dE =  5.35160E-02
SCF Iteration 321: Energy = 3.3328375455187045 dE = -5.35160E-02
SCF Iteration 322: Energy = 3.3863535858276532 dE =  5.35160E-02
SCF Iteration 323: Energy = 3.3328375455187014 dE = -5.35160E-02
SCF Iteration 324: Energy = 3.3863535858276483 dE =  5.35160E-02
SCF Iteration 325: Energy = 3.3328375455187027 dE = -5.35160E-02
SCF Iteration 326: Energy = 3.3863535858276466 dE =  5.35160E-02
SCF Iteration 327: Energy = 3.3328375455187023 dE = -5.35160E-02
SCF Iteration 328: Energy = 3.3863535858276426 dE =  5.35160E-02
SCF Iteration 329: Energy = 3.3328375455187045 dE = -5.35160E-02
SCF Iteration 330: Energy = 3.3863535858276452 dE =  5.35160E-02
SCF Iteration 331: Energy = 3.3328375455186996 dE = -5.35160E-02
SCF Iteration 332: Energy = 3.3863535858276408 dE =  5.35160E-02
SCF Iteration 333: Energy = 3.3328375455186969 dE = -5.35160E-02
SCF Iteration 334: Energy = 3.3863535858276426 dE =  5.35160E-02
SCF Iteration 335: Energy = 3.3328375455186983 dE = -5.35160E-02
SCF Iteration 336: Energy = 3.3863535858276421 dE =  5.35160E-02
SCF Iteration 337: Energy = 3.3328375455187036 dE = -5.35160E-02
SCF Iteration 338: Energy = 3.3863535858276399 dE =  5.35160E-02
SCF Iteration 339: Energy = 3.3328375455186987 dE = -5.35160E-02
SCF Iteration 340: Energy = 3.3863535858276466 dE =  5.35160E-02
SCF Iteration 341: Energy = 3.3328375455186996 dE = -5.35160E-02
SCF Iteration 342: Energy = 3.3863535858276443 dE =  5.35160E-02
SCF Iteration 343: Energy = 3.3328375455186978 dE = -5.35160E-02
SCF Iteration 344: Energy = 3.3863535858276399 dE =  5.35160E-02
SCF Iteration 345: Energy = 3.3328375455187000 dE = -5.35160E-02
SCF Iteration 346: Energy = 3.3863535858276466 dE =  5.35160E-02
SCF Iteration 347: Energy = 3.3328375455187027 dE = -5.35160E-02
SCF Iteration 348: Energy = 3.3863535858276408 dE =  5.35160E-02
SCF Iteration 349: Energy = 3.3328375455187040 dE = -5.35160E-02
SCF Iteration 350: Energy = 3.3863535858276426 dE =  5.35160E-02
SCF Iteration 351: Energy = 3.3328375455187031 dE = -5.35160E-02
SCF Iteration 352: Energy = 3.3863535858276399 dE =  5.35160E-02
SCF Iteration 353: Energy = 3.3328375455187023 dE = -5.35160E-02
SCF Iteration 354: Energy = 3.3863535858276421 dE =  5.35160E-02
SCF Iteration 355: Energy = 3.3328375455187049 dE = -5.35160E-02
SCF Iteration 356: Energy = 3.3863535858276403 dE =  5.35160E-02
SCF Iteration 357: Energy = 3.3328375455187076 dE = -5.35160E-02
SCF Iteration 358: Energy = 3.3863535858276501 dE =  5.35160E-02
SCF Iteration 359: Energy = 3.3328375455187085 dE = -5.35160E-02
SCF Iteration 360: Energy = 3.3863535858276497 dE =  5.35160E-02
SCF Iteration 361: Energy = 3.3328375455187031 dE = -5.35160E-02
SCF Iteration 362: Energy = 3.3863535858276568 dE =  5.35160E-02
SCF Iteration 363: Energy = 3.3328375455187094 dE = -5.35160E-02
SCF Iteration 364: Energy = 3.3863535858276506 dE =  5.35160E-02
SCF Iteration 365: Energy = 3.3328375455187058 dE = -5.35160E-02
SCF Iteration 366: Energy = 3.3863535858276470 dE =  5.35160E-02
SCF Iteration 367: Energy = 3.3328375455187085 dE = -5.35160E-02
SCF Iteration 368: Energy = 3.3863535858276497 dE =  5.35160E-02
SCF Iteration 369: Energy = 3.3328375455187058 dE = -5.35160E-02
SCF Iteration 370: Energy = 3.3863535858276497 dE =  5.35160E-02
SCF Iteration 371: Energy = 3.3328375455187036 dE = -5.35160E-02
SCF Iteration 372: Energy = 3.3863535858276399 dE =  5.35160E-02
SCF Iteration 373: Energy = 3.3328375455187031 dE = -5.35160E-02
SCF Iteration 374: Energy = 3.3863535858276506 dE =  5.35160E-02
SCF Iteration 375: Energy = 3.3328375455187040 dE = -5.35160E-02
SCF Iteration 376: Energy = 3.3863535858276532 dE =  5.35160E-02
SCF Iteration 377: Energy = 3.3328375455187089 dE = -5.35160E-02
SCF Iteration 378: Energy = 3.3863535858276497 dE =  5.35160E-02
SCF Iteration 379: Energy = 3.3328375455187040 dE = -5.35160E-02
SCF Iteration 380: Energy = 3.3863535858276470 dE =  5.35160E-02
SCF Iteration 381: Energy = 3.3328375455187111 dE = -5.35160E-02
SCF Iteration 382: Energy = 3.3863535858276528 dE =  5.35160E-02
SCF Iteration 383: Energy = 3.3328375455187134 dE = -5.35160E-02
SCF Iteration 384: Energy = 3.3863535858276514 dE =  5.35160E-02
SCF Iteration 385: Energy = 3.3328375455187058 dE = -5.35160E-02
SCF Iteration 386: Energy = 3.3863535858276497 dE =  5.35160E-02
SCF Iteration 387: Energy = 3.3328375455187085 dE = -5.35160E-02
SCF Iteration 388: Energy = 3.3863535858276492 dE =  5.35160E-02
SCF Iteration 389: Energy = 3.3328375455187005 dE = -5.35160E-02
SCF Iteration 390: Energy = 3.3863535858276497 dE =  5.35160E-02
SCF Iteration 391: Energy = 3.3328375455187018 dE = -5.35160E-02
SCF Iteration 392: Energy = 3.3863535858276497 dE =  5.35160E-02
SCF Iteration 393: Energy = 3.3328375455187120 dE = -5.35160E-02
SCF Iteration 394: Energy = 3.3863535858276532 dE =  5.35160E-02
SCF Iteration 395: Energy = 3.3328375455187107 dE = -5.35160E-02
SCF Iteration 396: Energy = 3.3863535858276523 dE =  5.35160E-02
SCF Iteration 397: Energy = 3.3328375455187049 dE = -5.35160E-02
SCF Iteration 398: Energy = 3.3863535858276426 dE =  5.35160E-02
SCF Iteration 399: Energy = 3.3328375455187058 dE = -5.35160E-02
SCF Iteration 400: Energy = 3.3863535858276506 dE =  5.35160E-02
SCF Iteration 401: Energy = 3.3328375455187031 dE = -5.35160E-02
SCF Iteration 402: Energy = 3.3863535858276514 dE =  5.35160E-02
SCF Iteration 403: Energy = 3.3328375455187036 dE = -5.35160E-02
SCF Iteration 404: Energy = 3.3863535858276443 dE =  5.35160E-02
SCF Iteration 405: Energy = 3.3328375455186960 dE = -5.35160E-02
SCF Iteration 406: Energy = 3.3863535858276452 dE =  5.35160E-02
SCF Iteration 407: Energy = 3.3328375455186987 dE = -5.35160E-02
SCF Iteration 408: Energy = 3.3863535858276426 dE =  5.35160E-02
SCF Iteration 409: Energy = 3.3328375455186987 dE = -5.35160E-02
SCF Iteration 410: Energy = 3.3863535858276421 dE =  5.35160E-02
SCF Iteration 411: Energy = 3.3328375455187031 dE = -5.35160E-02
SCF Iteration 412: Energy = 3.3863535858276443 dE =  5.35160E-02
SCF Iteration 413: Energy = 3.3328375455186960 dE = -5.35160E-02
SCF Iteration 414: Energy = 3.3863535858276435 dE =  5.35160E-02
SCF Iteration 415: Energy = 3.3328375455187005 dE = -5.35160E-02
SCF Iteration 416: Energy = 3.3863535858276417 dE =  5.35160E-02
SCF Iteration 417: Energy = 3.3328375455186996 dE = -5.35160E-02
SCF Iteration 418: Energy = 3.3863535858276452 dE =  5.35160E-02
SCF Iteration 419: Energy = 3.3328375455186983 dE = -5.35160E-02
SCF Iteration 420: Energy = 3.3863535858276408 dE =  5.35160E-02
SCF Iteration 421: Energy = 3.3328375455187009 dE = -5.35160E-02
SCF Iteration 422: Energy = 3.3863535858276457 dE =  5.35160E-02
SCF Iteration 423: Energy = 3.3328375455186969 dE = -5.35160E-02
SCF Iteration 424: Energy = 3.3863535858276315 dE =  5.35160E-02
SCF Iteration 425: Energy = 3.3328375455186898 dE = -5.35160E-02
SCF Iteration 426: Energy = 3.3863535858276417 dE =  5.35160E-02
SCF Iteration 427: Energy = 3.3328375455187009 dE = -5.35160E-02
SCF Iteration 428: Energy = 3.3863535858276363 dE =  5.35160E-02
SCF Iteration 429: Energy = 3.3328375455187067 dE = -5.35160E-02
SCF Iteration 430: Energy = 3.3863535858276435 dE =  5.35160E-02
SCF Iteration 431: Energy = 3.3328375455187040 dE = -5.35160E-02
SCF Iteration 432: Energy = 3.3863535858276439 dE =  5.35160E-02
SCF Iteration 433: Energy = 3.3328375455186974 dE = -5.35160E-02
SCF Iteration 434: Energy = 3.3863535858276488 dE =  5.35160E-02
SCF Iteration 435: Energy = 3.3328375455187049 dE = -5.35160E-02
SCF Iteration 436: Energy = 3.3863535858276532 dE =  5.35160E-02
SCF Iteration 437: Energy = 3.3328375455187058 dE = -5.35160E-02
SCF Iteration 438: Energy = 3.3863535858276514 dE =  5.35160E-02
SCF Iteration 439: Energy = 3.3328375455187063 dE = -5.35160E-02
SCF Iteration 440: Energy = 3.3863535858276506 dE =  5.35160E-02
SCF Iteration 441: Energy = 3.3328375455187071 dE = -5.35160E-02
SCF Iteration 442: Energy = 3.3863535858276541 dE =  5.35160E-02
SCF Iteration 443: Energy = 3.3328375455187071 dE = -5.35160E-02
SCF Iteration 444: Energy = 3.3863535858276532 dE =  5.35160E-02
SCF Iteration 445: Energy = 3.3328375455187076 dE = -5.35160E-02
SCF Iteration 446: Energy = 3.3863535858276479 dE =  5.35160E-02
SCF Iteration 447: Energy = 3.3328375455187040 dE = -5.35160E-02
SCF Iteration 448: Energy = 3.3863535858276461 dE =  5.35160E-02
SCF Iteration 449: Energy = 3.3328375455187085 dE = -5.35160E-02
SCF Iteration 450: Energy = 3.3863535858276452 dE =  5.35160E-02
SCF Iteration 451: Energy = 3.3328375455187058 dE = -5.35160E-02
SCF Iteration 452: Energy = 3.3863535858276390 dE =  5.35160E-02
SCF Iteration 453: Energy = 3.3328375455187058 dE = -5.35160E-02
SCF Iteration 454: Energy = 3.3863535858276452 dE =  5.35160E-02
SCF Iteration 455: Energy = 3.3328375455187005 dE = -5.35160E-02
SCF Iteration 456: Energy = 3.3863535858276443 dE =  5.35160E-02
SCF Iteration 457: Energy = 3.3328375455187049 dE = -5.35160E-02
SCF Iteration 458: Energy = 3.3863535858276488 dE =  5.35160E-02
SCF Iteration 459: Energy = 3.3328375455187111 dE = -5.35160E-02
SCF Iteration 460: Energy = 3.3863535858276528 dE =  5.35160E-02
SCF Iteration 461: Energy = 3.3328375455187103 dE = -5.35160E-02
SCF Iteration 462: Energy = 3.3863535858276426 dE =  5.35160E-02
SCF Iteration 463: Energy = 3.3328375455187023 dE = -5.35160E-02
SCF Iteration 464: Energy = 3.3863535858276426 dE =  5.35160E-02
SCF Iteration 465: Energy = 3.3328375455187036 dE = -5.35160E-02
SCF Iteration 466: Energy = 3.3863535858276532 dE =  5.35160E-02
SCF Iteration 467: Energy = 3.3328375455187063 dE = -5.35160E-02
SCF Iteration 468: Energy = 3.3863535858276559 dE =  5.35160E-02
SCF Iteration 469: Energy = 3.3328375455186969 dE = -5.35160E-02
SCF Iteration 470: Energy = 3.3863535858276497 dE =  5.35160E-02
SCF Iteration 471: Energy = 3.3328375455187085 dE = -5.35160E-02
SCF Iteration 472: Energy = 3.3863535858276452 dE =  5.35160E-02
SCF Iteration 473: Energy = 3.3328375455187054 dE = -5.35160E-02
SCF Iteration 474: Energy = 3.3863535858276532 dE =  5.35160E-02
SCF Iteration 475: Energy = 3.3328375455187045 dE = -5.35160E-02
SCF Iteration 476: Energy = 3.3863535858276461 dE =  5.35160E-02
SCF Iteration 477: Energy = 3.3328375455187049 dE = -5.35160E-02
SCF Iteration 478: Energy = 3.3863535858276439 dE =  5.35160E-02
SCF Iteration 479: Energy = 3.3328375455187054 dE = -5.35160E-02
SCF Iteration 480: Energy = 3.3863535858276439 dE =  5.35160E-02
SCF Iteration 481: Energy = 3.3328375455187040 dE = -5.35160E-02
SCF Iteration 482: Energy = 3.3863535858276417 dE =  5.35160E-02
SCF Iteration 483: Energy = 3.3328375455187071 dE = -5.35160E-02
SCF Iteration 484: Energy = 3.3863535858276514 dE =  5.35160E-02
SCF Iteration 485: Energy = 3.3328375455187071 dE = -5.35160E-02
SCF Iteration 486: Energy = 3.3863535858276523 dE =  5.35160E-02
SCF Iteration 487: Energy = 3.3328375455187040 dE = -5.35160E-02
SCF Iteration 488: Energy = 3.3863535858276532 dE =  5.35160E-02
SCF Iteration 489: Energy = 3.3328375455187058 dE = -5.35160E-02
SCF Iteration 490: Energy = 3.3863535858276506 dE =  5.35160E-02
SCF Iteration 491: Energy = 3.3328375455187018 dE = -5.35160E-02
SCF Iteration 492: Energy = 3.3863535858276497 dE =  5.35160E-02
SCF Iteration 493: Energy = 3.3328375455187045 dE = -5.35160E-02
SCF Iteration 494: Energy = 3.3863535858276519 dE =  5.35160E-02
SCF Iteration 495: Energy = 3.3328375455187120 dE = -5.35160E-02
SCF Iteration 496: Energy = 3.3863535858276497 dE =  5.35160E-02
SCF Iteration 497: Energy = 3.3328375455187063 dE = -5.35160E-02
SCF Iteration 498: Energy = 3.3863535858276470 dE =  5.35160E-02
SCF Iteration 499: Energy = 3.3328375455186978 dE = -5.35160E-02
SCF Iteration 500: Energy = 3.3863535858276448 dE =  5.35160E-02
