
  Memory set to  55.879 GiB by Python driver.
  Threads set to 1 by Python driver.
Settings:
	LOT = CCSD-S1-U21
	wc = 20.0 eV
	lambda = [0.727454 0.       0.      ] a.u.
	Equivalent A0 = LAMBDA / sqrt(2 wc) = [0.6 0.  0. ])
doing QED-CCSD-1 (or QED-CCSD-21)
Number of occupied orbitals:   1
Number of basis functions:  60
SCF Iteration   1: Energy = 1.6869552653087327 dE =  1.68696E+00
SCF Iteration   2: Energy = 2.1646227458826361 dE =  4.77667E-01
SCF Iteration   3: Energy = 1.8952853538065246 dE = -2.69337E-01
SCF Iteration   4: Energy = 2.1618966340577743 dE =  2.66611E-01
SCF Iteration   5: Energy = 1.9552226529205059 dE = -2.06674E-01
SCF Iteration   6: Energy = 2.1628566612465994 dE =  2.07634E-01
SCF Iteration   7: Energy = 1.9747698263541513 dE = -1.88087E-01
SCF Iteration   8: Energy = 2.1623630586329834 dE =  1.87593E-01
SCF Iteration   9: Energy = 1.9815297254451345 dE = -1.80833E-01
SCF Iteration  10: Energy = 2.1609387523275845 dE =  1.79409E-01
SCF Iteration  11: Energy = 1.9832493788768564 dE = -1.77689E-01
SCF Iteration  12: Energy = 2.1591040068846779 dE =  1.75855E-01
SCF Iteration  13: Energy = 1.9828816359106061 dE = -1.76222E-01
SCF Iteration  14: Energy = 2.1572521804137983 dE =  1.74371E-01
SCF Iteration  15: Energy = 1.9817522956528628 dE = -1.75500E-01
SCF Iteration  16: Energy = 2.1556004032252152 dE =  1.73848E-01
SCF Iteration  17: Energy = 1.9804694687472342 dE = -1.75131E-01
SCF Iteration  18: Energy = 2.1542297609221968 dE =  1.73760E-01
SCF Iteration  19: Energy = 1.9792915567874776 dE = -1.74938E-01
SCF Iteration  20: Energy = 2.1531427981954105 dE =  1.73851E-01
SCF Iteration  21: Energy = 1.9783066549557187 dE = -1.74836E-01
SCF Iteration  22: Energy = 2.1523060484952907 dE =  1.73999E-01
SCF Iteration  23: Energy = 1.9775243969419538 dE = -1.74782E-01
SCF Iteration  24: Energy = 2.1516747495956370 dE =  1.74150E-01
SCF Iteration  25: Energy = 1.9769223421651099 dE = -1.74752E-01
SCF Iteration  26: Energy = 2.1512050585180891 dE =  1.74283E-01
SCF Iteration  27: Energy = 1.9764684022055994 dE = -1.74737E-01
SCF Iteration  28: Energy = 2.1508590332190223 dE =  1.74391E-01
SCF Iteration  29: Energy = 1.9761308858696773 dE = -1.74728E-01
SCF Iteration  30: Energy = 2.1506059074817117 dE =  1.74475E-01
SCF Iteration  31: Energy = 1.9758823703247912 dE = -1.74724E-01
SCF Iteration  32: Energy = 2.1504216844954263 dE =  1.74539E-01
SCF Iteration  33: Energy = 1.9757006534702544 dE = -1.74721E-01
SCF Iteration  34: Energy = 2.1502881081058858 dE =  1.74587E-01
SCF Iteration  35: Energy = 1.9755684449422477 dE = -1.74720E-01
SCF Iteration  36: Energy = 2.1501915199172679 dE =  1.74623E-01
SCF Iteration  37: Energy = 1.9754726071290210 dE = -1.74719E-01
SCF Iteration  38: Energy = 2.1501218189880684 dE =  1.74649E-01
SCF Iteration  39: Energy = 1.9754033204769277 dE = -1.74718E-01
SCF Iteration  40: Energy = 2.1500715961591572 dE =  1.74668E-01
SCF Iteration  41: Energy = 1.9753533282112608 dE = -1.74718E-01
SCF Iteration  42: Energy = 2.1500354485704221 dE =  1.74682E-01
SCF Iteration  43: Energy = 1.9753173102248287 dE = -1.74718E-01
SCF Iteration  44: Energy = 2.1500094531546861 dE =  1.74692E-01
SCF Iteration  45: Energy = 1.9752913885481560 dE = -1.74718E-01
SCF Iteration  46: Energy = 2.1499907702164136 dE =  1.74699E-01
SCF Iteration  47: Energy = 1.9752727481734171 dE = -1.74718E-01
SCF Iteration  48: Energy = 2.1499773489739655 dE =  1.74705E-01
SCF Iteration  49: Energy = 1.9752593519116450 dE = -1.74718E-01
SCF Iteration  50: Energy = 2.1499677109022626 dE =  1.74708E-01
SCF Iteration  51: Energy = 1.9752497287764335 dE = -1.74718E-01
SCF Iteration  52: Energy = 2.1499607913924628 dE =  1.74711E-01
SCF Iteration  53: Energy = 1.9752428183782491 dE = -1.74718E-01
SCF Iteration  54: Energy = 2.1499558245942350 dE =  1.74713E-01
SCF Iteration  55: Energy = 1.9752378572548568 dE = -1.74718E-01
SCF Iteration  56: Energy = 2.1499522599610392 dE =  1.74714E-01
SCF Iteration  57: Energy = 1.9752342962296561 dE = -1.74718E-01
SCF Iteration  58: Energy = 2.1499497019282043 dE =  1.74715E-01
SCF Iteration  59: Energy = 1.9752317405363216 dE = -1.74718E-01
SCF Iteration  60: Energy = 2.1499478663954332 dE =  1.74716E-01
SCF Iteration  61: Energy = 1.9752299065481738 dE = -1.74718E-01
SCF Iteration  62: Energy = 2.1499465493772258 dE =  1.74717E-01
SCF Iteration  63: Energy = 1.9752285905661953 dE = -1.74718E-01
SCF Iteration  64: Energy = 2.1499456044428542 dE =  1.74717E-01
SCF Iteration  65: Energy = 1.9752276463365883 dE = -1.74718E-01
SCF Iteration  66: Energy = 2.1499449264943493 dE =  1.74717E-01
SCF Iteration  67: Energy = 1.9752269688729209 dE = -1.74718E-01
SCF Iteration  68: Energy = 2.1499444401087855 dE =  1.74717E-01
SCF Iteration  69: Energy = 1.9752264828240256 dE = -1.74718E-01
SCF Iteration  70: Energy = 2.1499440911642949 dE =  1.74718E-01
SCF Iteration  71: Energy = 1.9752261341150639 dE = -1.74718E-01
SCF Iteration  72: Energy = 2.1499438408268836 dE =  1.74718E-01
SCF Iteration  73: Energy = 1.9752258839433898 dE = -1.74718E-01
SCF Iteration  74: Energy = 2.1499436612334106 dE =  1.74718E-01
SCF Iteration  75: Energy = 1.9752257044670967 dE = -1.74718E-01
SCF Iteration  76: Energy = 2.1499435323930869 dE =  1.74718E-01
SCF Iteration  77: Energy = 1.9752255757098933 dE = -1.74718E-01
SCF Iteration  78: Energy = 2.1499434399636188 dE =  1.74718E-01
SCF Iteration  79: Energy = 1.9752254833395544 dE = -1.74718E-01
SCF Iteration  80: Energy = 2.1499433736554283 dE =  1.74718E-01
SCF Iteration  81: Energy = 1.9752254170735288 dE = -1.74718E-01
SCF Iteration  82: Energy = 2.1499433260866176 dE =  1.74718E-01
SCF Iteration  83: Energy = 1.9752253695348088 dE = -1.74718E-01
SCF Iteration  84: Energy = 2.1499432919613155 dE =  1.74718E-01
SCF Iteration  85: Energy = 1.9752253354310176 dE = -1.74718E-01
SCF Iteration  86: Energy = 2.1499432674802774 dE =  1.74718E-01
SCF Iteration  87: Energy = 1.9752253109653735 dE = -1.74718E-01
SCF Iteration  88: Energy = 2.1499432499179330 dE =  1.74718E-01
SCF Iteration  89: Energy = 1.9752252934140440 dE = -1.74718E-01
SCF Iteration  90: Energy = 2.1499432373189715 dE =  1.74718E-01
SCF Iteration  91: Energy = 1.9752252808229802 dE = -1.74718E-01
SCF Iteration  92: Energy = 2.1499432282806699 dE =  1.74718E-01
SCF Iteration  93: Energy = 1.9752252717903325 dE = -1.74718E-01
SCF Iteration  94: Energy = 2.1499432217967462 dE =  1.74718E-01
SCF Iteration  95: Energy = 1.9752252653104649 dE = -1.74718E-01
SCF Iteration  96: Energy = 2.1499432171452875 dE =  1.74718E-01
SCF Iteration  97: Energy = 1.9752252606619090 dE = -1.74718E-01
SCF Iteration  98: Energy = 2.1499432138083989 dE =  1.74718E-01
SCF Iteration  99: Energy = 1.9752252573271007 dE = -1.74718E-01
SCF Iteration 100: Energy = 2.1499432114145733 dE =  1.74718E-01
SCF Iteration 101: Energy = 1.9752252549347775 dE = -1.74718E-01
SCF Iteration 102: Energy = 2.1499432096972870 dE =  1.74718E-01
SCF Iteration 103: Energy = 1.9752252532185601 dE = -1.74718E-01
SCF Iteration 104: Energy = 2.1499432084653374 dE =  1.74718E-01
SCF Iteration 105: Energy = 1.9752252519873765 dE = -1.74718E-01
SCF Iteration 106: Energy = 2.1499432075815537 dE =  1.74718E-01
SCF Iteration 107: Energy = 1.9752252511041435 dE = -1.74718E-01
SCF Iteration 108: Energy = 2.1499432069475426 dE =  1.74718E-01
SCF Iteration 109: Energy = 1.9752252504705317 dE = -1.74718E-01
SCF Iteration 110: Energy = 2.1499432064927149 dE =  1.74718E-01
SCF Iteration 111: Energy = 1.9752252500159848 dE = -1.74718E-01
SCF Iteration 112: Energy = 2.1499432061664328 dE =  1.74718E-01
SCF Iteration 113: Energy = 1.9752252496899079 dE = -1.74718E-01
SCF Iteration 114: Energy = 2.1499432059323604 dE =  1.74718E-01
SCF Iteration 115: Energy = 1.9752252494559854 dE = -1.74718E-01
SCF Iteration 116: Energy = 2.1499432057644428 dE =  1.74718E-01
SCF Iteration 117: Energy = 1.9752252492881699 dE = -1.74718E-01
SCF Iteration 118: Energy = 2.1499432056439836 dE =  1.74718E-01
SCF Iteration 119: Energy = 1.9752252491677853 dE = -1.74718E-01
SCF Iteration 120: Energy = 2.1499432055575638 dE =  1.74718E-01
SCF Iteration 121: Energy = 1.9752252490814215 dE = -1.74718E-01
SCF Iteration 122: Energy = 2.1499432054955707 dE =  1.74718E-01
SCF Iteration 123: Energy = 1.9752252490194644 dE = -1.74718E-01
SCF Iteration 124: Energy = 2.1499432054510930 dE =  1.74718E-01
SCF Iteration 125: Energy = 1.9752252489750124 dE = -1.74718E-01
SCF Iteration 126: Energy = 2.1499432054191896 dE =  1.74718E-01
SCF Iteration 127: Energy = 1.9752252489431297 dE = -1.74718E-01
SCF Iteration 128: Energy = 2.1499432053963003 dE =  1.74718E-01
SCF Iteration 129: Energy = 1.9752252489202566 dE = -1.74718E-01
SCF Iteration 130: Energy = 2.1499432053798837 dE =  1.74718E-01
SCF Iteration 131: Energy = 1.9752252489038484 dE = -1.74718E-01
SCF Iteration 132: Energy = 2.1499432053681011 dE =  1.74718E-01
SCF Iteration 133: Energy = 1.9752252488920743 dE = -1.74718E-01
SCF Iteration 134: Energy = 2.1499432053596506 dE =  1.74718E-01
SCF Iteration 135: Energy = 1.9752252488836330 dE = -1.74718E-01
SCF Iteration 136: Energy = 2.1499432053535941 dE =  1.74718E-01
SCF Iteration 137: Energy = 1.9752252488775752 dE = -1.74718E-01
SCF Iteration 138: Energy = 2.1499432053492455 dE =  1.74718E-01
SCF Iteration 139: Energy = 1.9752252488732287 dE = -1.74718E-01
SCF Iteration 140: Energy = 2.1499432053461227 dE =  1.74718E-01
SCF Iteration 141: Energy = 1.9752252488701083 dE = -1.74718E-01
SCF Iteration 142: Energy = 2.1499432053438809 dE =  1.74718E-01
SCF Iteration 143: Energy = 1.9752252488678665 dE = -1.74718E-01
SCF Iteration 144: Energy = 2.1499432053422742 dE =  1.74718E-01
SCF Iteration 145: Energy = 1.9752252488662629 dE = -1.74718E-01
SCF Iteration 146: Energy = 2.1499432053411192 dE =  1.74718E-01
SCF Iteration 147: Energy = 1.9752252488651123 dE = -1.74718E-01
SCF Iteration 148: Energy = 2.1499432053402954 dE =  1.74718E-01
SCF Iteration 149: Energy = 1.9752252488642907 dE = -1.74718E-01
SCF Iteration 150: Energy = 2.1499432053397025 dE =  1.74718E-01
SCF Iteration 151: Energy = 1.9752252488636892 dE = -1.74718E-01
SCF Iteration 152: Energy = 2.1499432053392749 dE =  1.74718E-01
SCF Iteration 153: Energy = 1.9752252488632636 dE = -1.74718E-01
SCF Iteration 154: Energy = 2.1499432053389724 dE =  1.74718E-01
SCF Iteration 155: Energy = 1.9752252488629705 dE = -1.74718E-01
SCF Iteration 156: Energy = 2.1499432053387610 dE =  1.74718E-01
SCF Iteration 157: Energy = 1.9752252488627511 dE = -1.74718E-01
SCF Iteration 158: Energy = 2.1499432053386021 dE =  1.74718E-01
SCF Iteration 159: Energy = 1.9752252488625925 dE = -1.74718E-01
SCF Iteration 160: Energy = 2.1499432053384897 dE =  1.74718E-01
SCF Iteration 161: Energy = 1.9752252488624829 dE = -1.74718E-01
SCF Iteration 162: Energy = 2.1499432053384098 dE =  1.74718E-01
SCF Iteration 163: Energy = 1.9752252488623998 dE = -1.74718E-01
SCF Iteration 164: Energy = 2.1499432053383529 dE =  1.74718E-01
SCF Iteration 165: Energy = 1.9752252488623476 dE = -1.74718E-01
SCF Iteration 166: Energy = 2.1499432053383143 dE =  1.74718E-01
SCF Iteration 167: Energy = 1.9752252488623030 dE = -1.74718E-01
SCF Iteration 168: Energy = 2.1499432053382814 dE =  1.74718E-01
SCF Iteration 169: Energy = 1.9752252488622772 dE = -1.74718E-01
SCF Iteration 170: Energy = 2.1499432053382619 dE =  1.74718E-01
SCF Iteration 171: Energy = 1.9752252488622524 dE = -1.74718E-01
SCF Iteration 172: Energy = 2.1499432053382428 dE =  1.74718E-01
SCF Iteration 173: Energy = 1.9752252488622373 dE = -1.74718E-01
SCF Iteration 174: Energy = 2.1499432053382299 dE =  1.74718E-01
SCF Iteration 175: Energy = 1.9752252488622211 dE = -1.74718E-01
SCF Iteration 176: Energy = 2.1499432053382277 dE =  1.74718E-01
SCF Iteration 177: Energy = 1.9752252488622191 dE = -1.74718E-01
SCF Iteration 178: Energy = 2.1499432053382206 dE =  1.74718E-01
SCF Iteration 179: Energy = 1.9752252488622093 dE = -1.74718E-01
SCF Iteration 180: Energy = 2.1499432053382170 dE =  1.74718E-01
SCF Iteration 181: Energy = 1.9752252488622091 dE = -1.74718E-01
SCF Iteration 182: Energy = 2.1499432053382135 dE =  1.74718E-01
SCF Iteration 183: Energy = 1.9752252488622066 dE = -1.74718E-01
SCF Iteration 184: Energy = 2.1499432053382077 dE =  1.74718E-01
SCF Iteration 185: Energy = 1.9752252488622013 dE = -1.74718E-01
SCF Iteration 186: Energy = 2.1499432053382086 dE =  1.74718E-01
SCF Iteration 187: Energy = 1.9752252488621969 dE = -1.74718E-01
SCF Iteration 188: Energy = 2.1499432053382068 dE =  1.74718E-01
SCF Iteration 189: Energy = 1.9752252488621971 dE = -1.74718E-01
SCF Iteration 190: Energy = 2.1499432053382046 dE =  1.74718E-01
SCF Iteration 191: Energy = 1.9752252488621955 dE = -1.74718E-01
SCF Iteration 192: Energy = 2.1499432053382028 dE =  1.74718E-01
SCF Iteration 193: Energy = 1.9752252488621940 dE = -1.74718E-01
SCF Iteration 194: Energy = 2.1499432053382059 dE =  1.74718E-01
SCF Iteration 195: Energy = 1.9752252488621973 dE = -1.74718E-01
SCF Iteration 196: Energy = 2.1499432053382046 dE =  1.74718E-01
SCF Iteration 197: Energy = 1.9752252488621960 dE = -1.74718E-01
SCF Iteration 198: Energy = 2.1499432053382068 dE =  1.74718E-01
SCF Iteration 199: Energy = 1.9752252488621942 dE = -1.74718E-01
SCF Iteration 200: Energy = 2.1499432053382068 dE =  1.74718E-01
SCF Iteration 201: Energy = 1.9752252488621966 dE = -1.74718E-01
SCF Iteration 202: Energy = 2.1499432053382082 dE =  1.74718E-01
SCF Iteration 203: Energy = 1.9752252488621986 dE = -1.74718E-01
SCF Iteration 204: Energy = 2.1499432053382068 dE =  1.74718E-01
SCF Iteration 205: Energy = 1.9752252488621973 dE = -1.74718E-01
SCF Iteration 206: Energy = 2.1499432053382055 dE =  1.74718E-01
SCF Iteration 207: Energy = 1.9752252488621986 dE = -1.74718E-01
SCF Iteration 208: Energy = 2.1499432053382050 dE =  1.74718E-01
SCF Iteration 209: Energy = 1.9752252488621991 dE = -1.74718E-01
SCF Iteration 210: Energy = 2.1499432053382073 dE =  1.74718E-01
SCF Iteration 211: Energy = 1.9752252488621960 dE = -1.74718E-01
SCF Iteration 212: Energy = 2.1499432053382077 dE =  1.74718E-01
SCF Iteration 213: Energy = 1.9752252488621955 dE = -1.74718E-01
SCF Iteration 214: Energy = 2.1499432053382082 dE =  1.74718E-01
SCF Iteration 215: Energy = 1.9752252488622015 dE = -1.74718E-01
SCF Iteration 216: Energy = 2.1499432053382086 dE =  1.74718E-01
SCF Iteration 217: Energy = 1.9752252488621960 dE = -1.74718E-01
SCF Iteration 218: Energy = 2.1499432053382082 dE =  1.74718E-01
SCF Iteration 219: Energy = 1.9752252488621977 dE = -1.74718E-01
SCF Iteration 220: Energy = 2.1499432053382064 dE =  1.74718E-01
SCF Iteration 221: Energy = 1.9752252488622004 dE = -1.74718E-01
SCF Iteration 222: Energy = 2.1499432053382082 dE =  1.74718E-01
SCF Iteration 223: Energy = 1.9752252488621973 dE = -1.74718E-01
SCF Iteration 224: Energy = 2.1499432053382064 dE =  1.74718E-01
SCF Iteration 225: Energy = 1.9752252488622017 dE = -1.74718E-01
SCF Iteration 226: Energy = 2.1499432053382077 dE =  1.74718E-01
SCF Iteration 227: Energy = 1.9752252488621973 dE = -1.74718E-01
SCF Iteration 228: Energy = 2.1499432053382042 dE =  1.74718E-01
SCF Iteration 229: Energy = 1.9752252488621977 dE = -1.74718E-01
SCF Iteration 230: Energy = 2.1499432053382073 dE =  1.74718E-01
SCF Iteration 231: Energy = 1.9752252488621980 dE = -1.74718E-01
SCF Iteration 232: Energy = 2.1499432053382082 dE =  1.74718E-01
SCF Iteration 233: Energy = 1.9752252488621986 dE = -1.74718E-01
SCF Iteration 234: Energy = 2.1499432053382077 dE =  1.74718E-01
SCF Iteration 235: Energy = 1.9752252488621989 dE = -1.74718E-01
SCF Iteration 236: Energy = 2.1499432053382130 dE =  1.74718E-01
SCF Iteration 237: Energy = 1.9752252488622013 dE = -1.74718E-01
SCF Iteration 238: Energy = 2.1499432053382068 dE =  1.74718E-01
SCF Iteration 239: Energy = 1.9752252488622037 dE = -1.74718E-01
SCF Iteration 240: Energy = 2.1499432053382073 dE =  1.74718E-01
SCF Iteration 241: Energy = 1.9752252488622009 dE = -1.74718E-01
SCF Iteration 242: Energy = 2.1499432053382082 dE =  1.74718E-01
SCF Iteration 243: Energy = 1.9752252488621973 dE = -1.74718E-01
SCF Iteration 244: Energy = 2.1499432053382028 dE =  1.74718E-01
SCF Iteration 245: Energy = 1.9752252488621971 dE = -1.74718E-01
SCF Iteration 246: Energy = 2.1499432053382082 dE =  1.74718E-01
SCF Iteration 247: Energy = 1.9752252488621946 dE = -1.74718E-01
SCF Iteration 248: Energy = 2.1499432053382046 dE =  1.74718E-01
SCF Iteration 249: Energy = 1.9752252488622009 dE = -1.74718E-01
SCF Iteration 250: Energy = 2.1499432053382073 dE =  1.74718E-01
SCF Iteration 251: Energy = 1.9752252488621977 dE = -1.74718E-01
SCF Iteration 252: Energy = 2.1499432053382050 dE =  1.74718E-01
SCF Iteration 253: Energy = 1.9752252488622033 dE = -1.74718E-01
SCF Iteration 254: Energy = 2.1499432053382055 dE =  1.74718E-01
SCF Iteration 255: Energy = 1.9752252488621964 dE = -1.74718E-01
SCF Iteration 256: Energy = 2.1499432053382064 dE =  1.74718E-01
SCF Iteration 257: Energy = 1.9752252488621993 dE = -1.74718E-01
SCF Iteration 258: Energy = 2.1499432053382055 dE =  1.74718E-01
SCF Iteration 259: Energy = 1.9752252488621924 dE = -1.74718E-01
SCF Iteration 260: Energy = 2.1499432053382104 dE =  1.74718E-01
SCF Iteration 261: Energy = 1.9752252488622009 dE = -1.74718E-01
SCF Iteration 262: Energy = 2.1499432053382068 dE =  1.74718E-01
SCF Iteration 263: Energy = 1.9752252488622002 dE = -1.74718E-01
SCF Iteration 264: Energy = 2.1499432053382121 dE =  1.74718E-01
SCF Iteration 265: Energy = 1.9752252488622020 dE = -1.74718E-01
SCF Iteration 266: Energy = 2.1499432053382090 dE =  1.74718E-01
SCF Iteration 267: Energy = 1.9752252488622022 dE = -1.74718E-01
SCF Iteration 268: Energy = 2.1499432053382077 dE =  1.74718E-01
SCF Iteration 269: Energy = 1.9752252488622031 dE = -1.74718E-01
SCF Iteration 270: Energy = 2.1499432053382055 dE =  1.74718E-01
SCF Iteration 271: Energy = 1.9752252488621991 dE = -1.74718E-01
SCF Iteration 272: Energy = 2.1499432053382042 dE =  1.74718E-01
SCF Iteration 273: Energy = 1.9752252488621966 dE = -1.74718E-01
SCF Iteration 274: Energy = 2.1499432053382042 dE =  1.74718E-01
SCF Iteration 275: Energy = 1.9752252488622017 dE = -1.74718E-01
SCF Iteration 276: Energy = 2.1499432053382082 dE =  1.74718E-01
SCF Iteration 277: Energy = 1.9752252488622053 dE = -1.74718E-01
SCF Iteration 278: Energy = 2.1499432053382104 dE =  1.74718E-01
SCF Iteration 279: Energy = 1.9752252488622035 dE = -1.74718E-01
SCF Iteration 280: Energy = 2.1499432053382126 dE =  1.74718E-01
SCF Iteration 281: Energy = 1.9752252488622060 dE = -1.74718E-01
SCF Iteration 282: Energy = 2.1499432053382117 dE =  1.74718E-01
SCF Iteration 283: Energy = 1.9752252488622006 dE = -1.74718E-01
SCF Iteration 284: Energy = 2.1499432053382090 dE =  1.74718E-01
SCF Iteration 285: Energy = 1.9752252488622009 dE = -1.74718E-01
SCF Iteration 286: Energy = 2.1499432053382073 dE =  1.74718E-01
SCF Iteration 287: Energy = 1.9752252488622044 dE = -1.74718E-01
SCF Iteration 288: Energy = 2.1499432053382104 dE =  1.74718E-01
SCF Iteration 289: Energy = 1.9752252488621964 dE = -1.74718E-01
SCF Iteration 290: Energy = 2.1499432053382082 dE =  1.74718E-01
SCF Iteration 291: Energy = 1.9752252488622006 dE = -1.74718E-01
SCF Iteration 292: Energy = 2.1499432053382068 dE =  1.74718E-01
SCF Iteration 293: Energy = 1.9752252488622004 dE = -1.74718E-01
SCF Iteration 294: Energy = 2.1499432053382104 dE =  1.74718E-01
SCF Iteration 295: Energy = 1.9752252488621986 dE = -1.74718E-01
SCF Iteration 296: Energy = 2.1499432053382050 dE =  1.74718E-01
SCF Iteration 297: Energy = 1.9752252488621995 dE = -1.74718E-01
SCF Iteration 298: Energy = 2.1499432053382086 dE =  1.74718E-01
SCF Iteration 299: Energy = 1.9752252488621937 dE = -1.74718E-01
SCF Iteration 300: Energy = 2.1499432053382082 dE =  1.74718E-01
SCF Iteration 301: Energy = 1.9752252488621980 dE = -1.74718E-01
SCF Iteration 302: Energy = 2.1499432053382064 dE =  1.74718E-01
SCF Iteration 303: Energy = 1.9752252488621929 dE = -1.74718E-01
SCF Iteration 304: Energy = 2.1499432053382059 dE =  1.74718E-01
SCF Iteration 305: Energy = 1.9752252488621935 dE = -1.74718E-01
SCF Iteration 306: Energy = 2.1499432053382099 dE =  1.74718E-01
SCF Iteration 307: Energy = 1.9752252488622024 dE = -1.74718E-01
SCF Iteration 308: Energy = 2.1499432053382104 dE =  1.74718E-01
SCF Iteration 309: Energy = 1.9752252488622022 dE = -1.74718E-01
SCF Iteration 310: Energy = 2.1499432053382099 dE =  1.74718E-01
SCF Iteration 311: Energy = 1.9752252488622024 dE = -1.74718E-01
SCF Iteration 312: Energy = 2.1499432053382082 dE =  1.74718E-01
SCF Iteration 313: Energy = 1.9752252488621995 dE = -1.74718E-01
SCF Iteration 314: Energy = 2.1499432053382104 dE =  1.74718E-01
SCF Iteration 315: Energy = 1.9752252488622049 dE = -1.74718E-01
SCF Iteration 316: Energy = 2.1499432053382086 dE =  1.74718E-01
SCF Iteration 317: Energy = 1.9752252488622004 dE = -1.74718E-01
SCF Iteration 318: Energy = 2.1499432053382042 dE =  1.74718E-01
SCF Iteration 319: Energy = 1.9752252488621957 dE = -1.74718E-01
SCF Iteration 320: Energy = 2.1499432053382064 dE =  1.74718E-01
SCF Iteration 321: Energy = 1.9752252488621980 dE = -1.74718E-01
SCF Iteration 322: Energy = 2.1499432053382077 dE =  1.74718E-01
SCF Iteration 323: Energy = 1.9752252488622020 dE = -1.74718E-01
SCF Iteration 324: Energy = 2.1499432053382037 dE =  1.74718E-01
SCF Iteration 325: Energy = 1.9752252488621993 dE = -1.74718E-01
SCF Iteration 326: Energy = 2.1499432053382077 dE =  1.74718E-01
SCF Iteration 327: Energy = 1.9752252488621955 dE = -1.74718E-01
SCF Iteration 328: Energy = 2.1499432053382033 dE =  1.74718E-01
SCF Iteration 329: Energy = 1.9752252488621969 dE = -1.74718E-01
SCF Iteration 330: Energy = 2.1499432053382050 dE =  1.74718E-01
SCF Iteration 331: Energy = 1.9752252488621995 dE = -1.74718E-01
SCF Iteration 332: Energy = 2.1499432053382050 dE =  1.74718E-01
SCF Iteration 333: Energy = 1.9752252488621973 dE = -1.74718E-01
SCF Iteration 334: Energy = 2.1499432053382042 dE =  1.74718E-01
SCF Iteration 335: Energy = 1.9752252488621942 dE = -1.74718E-01
SCF Iteration 336: Energy = 2.1499432053382006 dE =  1.74718E-01
SCF Iteration 337: Energy = 1.9752252488621933 dE = -1.74718E-01
SCF Iteration 338: Energy = 2.1499432053381975 dE =  1.74718E-01
SCF Iteration 339: Energy = 1.9752252488621893 dE = -1.74718E-01
SCF Iteration 340: Energy = 2.1499432053382046 dE =  1.74718E-01
SCF Iteration 341: Energy = 1.9752252488621960 dE = -1.74718E-01
SCF Iteration 342: Energy = 2.1499432053382010 dE =  1.74718E-01
SCF Iteration 343: Energy = 1.9752252488621924 dE = -1.74718E-01
SCF Iteration 344: Energy = 2.1499432053382037 dE =  1.74718E-01
SCF Iteration 345: Energy = 1.9752252488621977 dE = -1.74718E-01
SCF Iteration 346: Energy = 2.1499432053382082 dE =  1.74718E-01
SCF Iteration 347: Energy = 1.9752252488622000 dE = -1.74718E-01
SCF Iteration 348: Energy = 2.1499432053382121 dE =  1.74718E-01
SCF Iteration 349: Energy = 1.9752252488622031 dE = -1.74718E-01
SCF Iteration 350: Energy = 2.1499432053382104 dE =  1.74718E-01
SCF Iteration 351: Energy = 1.9752252488622000 dE = -1.74718E-01
SCF Iteration 352: Energy = 2.1499432053382046 dE =  1.74718E-01
SCF Iteration 353: Energy = 1.9752252488622031 dE = -1.74718E-01
SCF Iteration 354: Energy = 2.1499432053382161 dE =  1.74718E-01
SCF Iteration 355: Energy = 1.9752252488622080 dE = -1.74718E-01
SCF Iteration 356: Energy = 2.1499432053382099 dE =  1.74718E-01
SCF Iteration 357: Energy = 1.9752252488622066 dE = -1.74718E-01
SCF Iteration 358: Energy = 2.1499432053382104 dE =  1.74718E-01
SCF Iteration 359: Energy = 1.9752252488622031 dE = -1.74718E-01
SCF Iteration 360: Energy = 2.1499432053382046 dE =  1.74718E-01
SCF Iteration 361: Energy = 1.9752252488621922 dE = -1.74718E-01
SCF Iteration 362: Energy = 2.1499432053382055 dE =  1.74718E-01
SCF Iteration 363: Energy = 1.9752252488621995 dE = -1.74718E-01
SCF Iteration 364: Energy = 2.1499432053382050 dE =  1.74718E-01
SCF Iteration 365: Energy = 1.9752252488621995 dE = -1.74718E-01
SCF Iteration 366: Energy = 2.1499432053382099 dE =  1.74718E-01
SCF Iteration 367: Energy = 1.9752252488622004 dE = -1.74718E-01
SCF Iteration 368: Energy = 2.1499432053382055 dE =  1.74718E-01
SCF Iteration 369: Energy = 1.9752252488621995 dE = -1.74718E-01
SCF Iteration 370: Energy = 2.1499432053382033 dE =  1.74718E-01
SCF Iteration 371: Energy = 1.9752252488622009 dE = -1.74718E-01
SCF Iteration 372: Energy = 2.1499432053382055 dE =  1.74718E-01
SCF Iteration 373: Energy = 1.9752252488621920 dE = -1.74718E-01
SCF Iteration 374: Energy = 2.1499432053382059 dE =  1.74718E-01
SCF Iteration 375: Energy = 1.9752252488621989 dE = -1.74718E-01
SCF Iteration 376: Energy = 2.1499432053382068 dE =  1.74718E-01
SCF Iteration 377: Energy = 1.9752252488621977 dE = -1.74718E-01
SCF Iteration 378: Energy = 2.1499432053382037 dE =  1.74718E-01
SCF Iteration 379: Energy = 1.9752252488621995 dE = -1.74718E-01
SCF Iteration 380: Energy = 2.1499432053382046 dE =  1.74718E-01
SCF Iteration 381: Energy = 1.9752252488622002 dE = -1.74718E-01
SCF Iteration 382: Energy = 2.1499432053382055 dE =  1.74718E-01
SCF Iteration 383: Energy = 1.9752252488621980 dE = -1.74718E-01
SCF Iteration 384: Energy = 2.1499432053382042 dE =  1.74718E-01
SCF Iteration 385: Energy = 1.9752252488621989 dE = -1.74718E-01
SCF Iteration 386: Energy = 2.1499432053382042 dE =  1.74718E-01
SCF Iteration 387: Energy = 1.9752252488621953 dE = -1.74718E-01
SCF Iteration 388: Energy = 2.1499432053382033 dE =  1.74718E-01
SCF Iteration 389: Energy = 1.9752252488621951 dE = -1.74718E-01
SCF Iteration 390: Energy = 2.1499432053382006 dE =  1.74718E-01
SCF Iteration 391: Energy = 1.9752252488621924 dE = -1.74718E-01
SCF Iteration 392: Energy = 2.1499432053381962 dE =  1.74718E-01
SCF Iteration 393: Energy = 1.9752252488621946 dE = -1.74718E-01
SCF Iteration 394: Energy = 2.1499432053381975 dE =  1.74718E-01
SCF Iteration 395: Energy = 1.9752252488621902 dE = -1.74718E-01
SCF Iteration 396: Energy = 2.1499432053382015 dE =  1.74718E-01
SCF Iteration 397: Energy = 1.9752252488621973 dE = -1.74718E-01
SCF Iteration 398: Energy = 2.1499432053382055 dE =  1.74718E-01
SCF Iteration 399: Energy = 1.9752252488621944 dE = -1.74718E-01
SCF Iteration 400: Energy = 2.1499432053382019 dE =  1.74718E-01
SCF Iteration 401: Energy = 1.9752252488621982 dE = -1.74718E-01
SCF Iteration 402: Energy = 2.1499432053382046 dE =  1.74718E-01
SCF Iteration 403: Energy = 1.9752252488622013 dE = -1.74718E-01
SCF Iteration 404: Energy = 2.1499432053382077 dE =  1.74718E-01
SCF Iteration 405: Energy = 1.9752252488621982 dE = -1.74718E-01
SCF Iteration 406: Energy = 2.1499432053382082 dE =  1.74718E-01
SCF Iteration 407: Energy = 1.9752252488621991 dE = -1.74718E-01
SCF Iteration 408: Energy = 2.1499432053382095 dE =  1.74718E-01
SCF Iteration 409: Energy = 1.9752252488622000 dE = -1.74718E-01
SCF Iteration 410: Energy = 2.1499432053382073 dE =  1.74718E-01
SCF Iteration 411: Energy = 1.9752252488621989 dE = -1.74718E-01
SCF Iteration 412: Energy = 2.1499432053382077 dE =  1.74718E-01
SCF Iteration 413: Energy = 1.9752252488621997 dE = -1.74718E-01
SCF Iteration 414: Energy = 2.1499432053382090 dE =  1.74718E-01
SCF Iteration 415: Energy = 1.9752252488622022 dE = -1.74718E-01
SCF Iteration 416: Energy = 2.1499432053382050 dE =  1.74718E-01
SCF Iteration 417: Energy = 1.9752252488621977 dE = -1.74718E-01
SCF Iteration 418: Energy = 2.1499432053382037 dE =  1.74718E-01
SCF Iteration 419: Energy = 1.9752252488621946 dE = -1.74718E-01
SCF Iteration 420: Energy = 2.1499432053382042 dE =  1.74718E-01
SCF Iteration 421: Energy = 1.9752252488621986 dE = -1.74718E-01
SCF Iteration 422: Energy = 2.1499432053382090 dE =  1.74718E-01
SCF Iteration 423: Energy = 1.9752252488622020 dE = -1.74718E-01
SCF Iteration 424: Energy = 2.1499432053382037 dE =  1.74718E-01
SCF Iteration 425: Energy = 1.9752252488622000 dE = -1.74718E-01
SCF Iteration 426: Energy = 2.1499432053382126 dE =  1.74718E-01
SCF Iteration 427: Energy = 1.9752252488622053 dE = -1.74718E-01
SCF Iteration 428: Energy = 2.1499432053382090 dE =  1.74718E-01
SCF Iteration 429: Energy = 1.9752252488621986 dE = -1.74718E-01
SCF Iteration 430: Energy = 2.1499432053382130 dE =  1.74718E-01
SCF Iteration 431: Energy = 1.9752252488622013 dE = -1.74718E-01
SCF Iteration 432: Energy = 2.1499432053382082 dE =  1.74718E-01
SCF Iteration 433: Energy = 1.9752252488622022 dE = -1.74718E-01
SCF Iteration 434: Energy = 2.1499432053382077 dE =  1.74718E-01
SCF Iteration 435: Energy = 1.9752252488621986 dE = -1.74718E-01
SCF Iteration 436: Energy = 2.1499432053382064 dE =  1.74718E-01
SCF Iteration 437: Energy = 1.9752252488621973 dE = -1.74718E-01
SCF Iteration 438: Energy = 2.1499432053382033 dE =  1.74718E-01
SCF Iteration 439: Energy = 1.9752252488621973 dE = -1.74718E-01
SCF Iteration 440: Energy = 2.1499432053382050 dE =  1.74718E-01
SCF Iteration 441: Energy = 1.9752252488621975 dE = -1.74718E-01
SCF Iteration 442: Energy = 2.1499432053382068 dE =  1.74718E-01
SCF Iteration 443: Energy = 1.9752252488621995 dE = -1.74718E-01
SCF Iteration 444: Energy = 2.1499432053382050 dE =  1.74718E-01
SCF Iteration 445: Energy = 1.9752252488622024 dE = -1.74718E-01
SCF Iteration 446: Energy = 2.1499432053382077 dE =  1.74718E-01
SCF Iteration 447: Energy = 1.9752252488622017 dE = -1.74718E-01
SCF Iteration 448: Energy = 2.1499432053382117 dE =  1.74718E-01
SCF Iteration 449: Energy = 1.9752252488622057 dE = -1.74718E-01
SCF Iteration 450: Energy = 2.1499432053382108 dE =  1.74718E-01
SCF Iteration 451: Energy = 1.9752252488622002 dE = -1.74718E-01
SCF Iteration 452: Energy = 2.1499432053382148 dE =  1.74718E-01
SCF Iteration 453: Energy = 1.9752252488622057 dE = -1.74718E-01
SCF Iteration 454: Energy = 2.1499432053382086 dE =  1.74718E-01
SCF Iteration 455: Energy = 1.9752252488621982 dE = -1.74718E-01
SCF Iteration 456: Energy = 2.1499432053382086 dE =  1.74718E-01
SCF Iteration 457: Energy = 1.9752252488622044 dE = -1.74718E-01
SCF Iteration 458: Energy = 2.1499432053382073 dE =  1.74718E-01
SCF Iteration 459: Energy = 1.9752252488621997 dE = -1.74718E-01
SCF Iteration 460: Energy = 2.1499432053382073 dE =  1.74718E-01
SCF Iteration 461: Energy = 1.9752252488622004 dE = -1.74718E-01
SCF Iteration 462: Energy = 2.1499432053382082 dE =  1.74718E-01
SCF Iteration 463: Energy = 1.9752252488621977 dE = -1.74718E-01
SCF Iteration 464: Energy = 2.1499432053382108 dE =  1.74718E-01
SCF Iteration 465: Energy = 1.9752252488622053 dE = -1.74718E-01
SCF Iteration 466: Energy = 2.1499432053382095 dE =  1.74718E-01
SCF Iteration 467: Energy = 1.9752252488622017 dE = -1.74718E-01
SCF Iteration 468: Energy = 2.1499432053382059 dE =  1.74718E-01
SCF Iteration 469: Energy = 1.9752252488621984 dE = -1.74718E-01
SCF Iteration 470: Energy = 2.1499432053382046 dE =  1.74718E-01
SCF Iteration 471: Energy = 1.9752252488622009 dE = -1.74718E-01
SCF Iteration 472: Energy = 2.1499432053382055 dE =  1.74718E-01
SCF Iteration 473: Energy = 1.9752252488622013 dE = -1.74718E-01
SCF Iteration 474: Energy = 2.1499432053382059 dE =  1.74718E-01
SCF Iteration 475: Energy = 1.9752252488622004 dE = -1.74718E-01
SCF Iteration 476: Energy = 2.1499432053382073 dE =  1.74718E-01
SCF Iteration 477: Energy = 1.9752252488622046 dE = -1.74718E-01
SCF Iteration 478: Energy = 2.1499432053382046 dE =  1.74718E-01
SCF Iteration 479: Energy = 1.9752252488621969 dE = -1.74718E-01
SCF Iteration 480: Energy = 2.1499432053382095 dE =  1.74718E-01
SCF Iteration 481: Energy = 1.9752252488622017 dE = -1.74718E-01
SCF Iteration 482: Energy = 2.1499432053382024 dE =  1.74718E-01
SCF Iteration 483: Energy = 1.9752252488622013 dE = -1.74718E-01
SCF Iteration 484: Energy = 2.1499432053382028 dE =  1.74718E-01
SCF Iteration 485: Energy = 1.9752252488621993 dE = -1.74718E-01
SCF Iteration 486: Energy = 2.1499432053382059 dE =  1.74718E-01
SCF Iteration 487: Energy = 1.9752252488622000 dE = -1.74718E-01
SCF Iteration 488: Energy = 2.1499432053382064 dE =  1.74718E-01
SCF Iteration 489: Energy = 1.9752252488622026 dE = -1.74718E-01
SCF Iteration 490: Energy = 2.1499432053382113 dE =  1.74718E-01
SCF Iteration 491: Energy = 1.9752252488621991 dE = -1.74718E-01
SCF Iteration 492: Energy = 2.1499432053382068 dE =  1.74718E-01
SCF Iteration 493: Energy = 1.9752252488622017 dE = -1.74718E-01
SCF Iteration 494: Energy = 2.1499432053382028 dE =  1.74718E-01
SCF Iteration 495: Energy = 1.9752252488621995 dE = -1.74718E-01
SCF Iteration 496: Energy = 2.1499432053382064 dE =  1.74718E-01
SCF Iteration 497: Energy = 1.9752252488621982 dE = -1.74718E-01
SCF Iteration 498: Energy = 2.1499432053382113 dE =  1.74718E-01
SCF Iteration 499: Energy = 1.9752252488622031 dE = -1.74718E-01
SCF Iteration 500: Energy = 2.1499432053382104 dE =  1.74718E-01
