
  Memory set to  55.879 GiB by Python driver.
  Threads set to 1 by Python driver.
Settings:
	LOT = CCSD-S1-U21
	wc = 20.0 eV
	lambda = [0.727454 0.       0.      ] a.u.
	Equivalent A0 = LAMBDA / sqrt(2 wc) = [0.6 0.  0. ])
doing QED-CCSD-1 (or QED-CCSD-21)
Number of occupied orbitals:   1
Number of basis functions:  60
SCF Iteration   1: Energy = 2.7226371111708616 dE =  2.72264E+00
SCF Iteration   2: Energy = 3.1115687981895652 dE =  3.88932E-01
SCF Iteration   3: Energy = 2.9201711131583119 dE = -1.91398E-01
SCF Iteration   4: Energy = 3.1159044455063603 dE =  1.95733E-01
SCF Iteration   5: Energy = 3.0039603921156814 dE = -1.11944E-01
SCF Iteration   6: Energy = 3.1264986596632696 dE =  1.22538E-01
SCF Iteration   7: Energy = 3.0391994686994948 dE = -8.72992E-02
SCF Iteration   8: Energy = 3.1322410394895135 dE =  9.30416E-02
SCF Iteration   9: Energy = 3.0546735416006996 dE = -7.75675E-02
SCF Iteration  10: Energy = 3.1342202858723995 dE =  7.95467E-02
SCF Iteration  11: Energy = 3.0609877942884181 dE = -7.32325E-02
SCF Iteration  12: Energy = 3.1338429912822652 dE =  7.28552E-02
SCF Iteration  13: Energy = 3.0627327068589949 dE = -7.11103E-02
SCF Iteration  14: Energy = 3.1321790317624032 dE =  6.94463E-02
SCF Iteration  15: Energy = 3.0622064383611516 dE = -6.99726E-02
SCF Iteration  16: Energy = 3.1299536363920097 dE =  6.77472E-02
SCF Iteration  17: Energy = 3.0606444624006528 dE = -6.93092E-02
SCF Iteration  18: Energy = 3.1276116663250466 dE =  6.69672E-02
SCF Iteration  19: Energy = 3.0587176870390329 dE = -6.88940E-02
SCF Iteration  20: Energy = 3.1253979689731519 dE =  6.66803E-02
SCF Iteration  21: Energy = 3.0567784446234967 dE = -6.86195E-02
SCF Iteration  22: Energy = 3.1234279569590964 dE =  6.66495E-02
SCF Iteration  23: Energy = 3.0549973249779301 dE = -6.84306E-02
SCF Iteration  24: Energy = 3.1217397761243211 dE =  6.67425E-02
SCF Iteration  25: Energy = 3.0534430229432230 dE = -6.82968E-02
SCF Iteration  26: Energy = 3.1203291098087114 dE =  6.68861E-02
SCF Iteration  27: Energy = 3.0521293161854031 dE = -6.81998E-02
SCF Iteration  28: Energy = 3.1191708105668736 dE =  6.70415E-02
SCF Iteration  29: Energy = 3.0510423879656643 dE = -6.81284E-02
SCF Iteration  30: Energy = 3.1182315708856647 dE =  6.71892E-02
SCF Iteration  31: Energy = 3.0501563437823731 dE = -6.80752E-02
SCF Iteration  32: Energy = 3.1174768923806595 dE =  6.73205E-02
SCF Iteration  33: Energy = 3.0494417029128482 dE = -6.80352E-02
SCF Iteration  34: Energy = 3.1168746007057102 dE =  6.74329E-02
SCF Iteration  35: Energy = 3.0488697791227599 dE = -6.80048E-02
SCF Iteration  36: Energy = 3.1163963574377993 dE =  6.75266E-02
SCF Iteration  37: Energy = 3.0484147111312798 dE = -6.79816E-02
SCF Iteration  38: Energy = 3.1160180660777645 dE =  6.76034E-02
SCF Iteration  39: Energy = 3.0480541925488058 dE = -6.79639E-02
SCF Iteration  40: Energy = 3.1157197078533345 dE =  6.76655E-02
SCF Iteration  41: Energy = 3.0477695169965493 dE = -6.79502E-02
SCF Iteration  42: Energy = 3.1154849166648502 dE =  6.77154E-02
SCF Iteration  43: Energy = 3.0475452921160127 dE = -6.79396E-02
SCF Iteration  44: Energy = 3.1153004649210461 dE =  6.77552E-02
SCF Iteration  45: Energy = 3.0473690199923924 dE = -6.79314E-02
SCF Iteration  46: Energy = 3.1151557504814824 dE =  6.77867E-02
SCF Iteration  47: Energy = 3.0472306497618376 dE = -6.79251E-02
SCF Iteration  48: Energy = 3.1150423278682604 dE =  6.78117E-02
SCF Iteration  49: Energy = 3.0471221552394239 dE = -6.79202E-02
SCF Iteration  50: Energy = 3.1149535006164566 dE =  6.78313E-02
SCF Iteration  51: Energy = 3.0470371606089328 dE = -6.79163E-02
SCF Iteration  52: Energy = 3.1148839775981014 dE =  6.78468E-02
SCF Iteration  53: Energy = 3.0469706210333776 dE = -6.79134E-02
SCF Iteration  54: Energy = 3.1148295892043283 dE =  6.78590E-02
SCF Iteration  55: Energy = 3.0469185567475945 dE = -6.79110E-02
SCF Iteration  56: Energy = 3.1147870563061337 dE =  6.78685E-02
SCF Iteration  57: Energy = 3.0468778353672672 dE = -6.79092E-02
SCF Iteration  58: Energy = 3.1147538041063885 dE =  6.78760E-02
SCF Iteration  59: Energy = 3.0468459957781553 dE = -6.79078E-02
SCF Iteration  60: Energy = 3.1147278132864917 dE =  6.78818E-02
SCF Iteration  61: Energy = 3.0468211068867417 dE = -6.79067E-02
SCF Iteration  62: Energy = 3.1147075016399564 dE =  6.78864E-02
SCF Iteration  63: Energy = 3.0468016550496562 dE = -6.79058E-02
SCF Iteration  64: Energy = 3.1146916303433048 dE =  6.78900E-02
SCF Iteration  65: Energy = 3.0467864547845194 dE = -6.79052E-02
SCF Iteration  66: Energy = 3.1146792299719404 dE =  6.78928E-02
SCF Iteration  67: Energy = 3.0467745782008304 dE = -6.79047E-02
SCF Iteration  68: Energy = 3.1146695422429653 dE =  6.78950E-02
SCF Iteration  69: Energy = 3.0467652993778298 dE = -6.79042E-02
SCF Iteration  70: Energy = 3.1146619742268125 dE =  6.78967E-02
SCF Iteration  71: Energy = 3.0467580506147591 dE = -6.79039E-02
SCF Iteration  72: Energy = 3.1146560624102624 dE =  6.78980E-02
SCF Iteration  73: Energy = 3.0467523880743159 dE = -6.79037E-02
SCF Iteration  74: Energy = 3.1146514445224813 dE =  6.78991E-02
SCF Iteration  75: Energy = 3.0467479648357023 dE = -6.79035E-02
SCF Iteration  76: Energy = 3.1146478374656512 dE =  6.78999E-02
SCF Iteration  77: Energy = 3.0467445097793693 dE = -6.79033E-02
SCF Iteration  78: Energy = 3.1146450200389575 dE =  6.79005E-02
SCF Iteration  79: Energy = 3.0467418110534323 dE = -6.79032E-02
SCF Iteration  80: Energy = 3.1146428194217535 dE =  6.79010E-02
SCF Iteration  81: Energy = 3.0467397031350858 dE = -6.79031E-02
SCF Iteration  82: Energy = 3.1146411006019665 dE =  6.79014E-02
SCF Iteration  83: Energy = 3.0467380567096920 dE = -6.79030E-02
SCF Iteration  84: Energy = 3.1146397581106240 dE =  6.79017E-02
SCF Iteration  85: Energy = 3.0467367707567066 dE = -6.79030E-02
SCF Iteration  86: Energy = 3.1146387095610204 dE =  6.79019E-02
SCF Iteration  87: Energy = 3.0467357663628429 dE = -6.79029E-02
SCF Iteration  88: Energy = 3.1146378905992655 dE =  6.79021E-02
SCF Iteration  89: Energy = 3.0467349818865128 dE = -6.79029E-02
SCF Iteration  90: Energy = 3.1146372509586184 dE =  6.79023E-02
SCF Iteration  91: Energy = 3.0467343691790658 dE = -6.79029E-02
SCF Iteration  92: Energy = 3.1146367513766524 dE =  6.79024E-02
SCF Iteration  93: Energy = 3.0467338906321086 dE = -6.79029E-02
SCF Iteration  94: Energy = 3.1146363611866628 dE =  6.79025E-02
SCF Iteration  95: Energy = 3.0467335168706948 dE = -6.79028E-02
SCF Iteration  96: Energy = 3.1146360564361508 dE =  6.79025E-02
SCF Iteration  97: Energy = 3.0467332249511276 dE = -6.79028E-02
SCF Iteration  98: Energy = 3.1146358184169731 dE =  6.79026E-02
SCF Iteration  99: Energy = 3.0467329969531227 dE = -6.79028E-02
SCF Iteration 100: Energy = 3.1146356325172082 dE =  6.79026E-02
SCF Iteration 101: Energy = 3.0467328188800780 dE = -6.79028E-02
SCF Iteration 102: Energy = 3.1146354873243549 dE =  6.79027E-02
SCF Iteration 103: Energy = 3.0467326798000500 dE = -6.79028E-02
SCF Iteration 104: Energy = 3.1146353739248331 dE =  6.79027E-02
SCF Iteration 105: Energy = 3.0467325711747719 dE = -6.79028E-02
SCF Iteration 106: Energy = 3.1146352853568127 dE =  6.79027E-02
SCF Iteration 107: Energy = 3.0467324863355412 dE = -6.79028E-02
SCF Iteration 108: Energy = 3.1146352161828923 dE =  6.79027E-02
SCF Iteration 109: Energy = 3.0467324200738757 dE = -6.79028E-02
SCF Iteration 110: Energy = 3.1146351621562904 dE =  6.79027E-02
SCF Iteration 111: Energy = 3.0467323683218108 dE = -6.79028E-02
SCF Iteration 112: Energy = 3.1146351199601350 dE =  6.79028E-02
SCF Iteration 113: Energy = 3.0467323279021299 dE = -6.79028E-02
SCF Iteration 114: Energy = 3.1146350870038777 dE =  6.79028E-02
SCF Iteration 115: Energy = 3.0467322963333370 dE = -6.79028E-02
SCF Iteration 116: Energy = 3.1146350612642140 dE =  6.79028E-02
SCF Iteration 117: Energy = 3.0467322716773171 dE = -6.79028E-02
SCF Iteration 118: Energy = 3.1146350411608958 dE =  6.79028E-02
SCF Iteration 119: Energy = 3.0467322524203500 dE = -6.79028E-02
SCF Iteration 120: Energy = 3.1146350254597044 dE =  6.79028E-02
SCF Iteration 121: Energy = 3.0467322373801689 dE = -6.79028E-02
SCF Iteration 122: Energy = 3.1146350131966836 dE =  6.79028E-02
SCF Iteration 123: Energy = 3.0467322256334297 dE = -6.79028E-02
SCF Iteration 124: Energy = 3.1146350036189610 dE =  6.79028E-02
SCF Iteration 125: Energy = 3.0467322164589339 dE = -6.79028E-02
SCF Iteration 126: Energy = 3.1146349961385251 dE =  6.79028E-02
SCF Iteration 127: Energy = 3.0467322092934213 dE = -6.79028E-02
SCF Iteration 128: Energy = 3.1146349902961177 dE =  6.79028E-02
SCF Iteration 129: Energy = 3.0467322036969859 dE = -6.79028E-02
SCF Iteration 130: Energy = 3.1146349857330673 dE =  6.79028E-02
SCF Iteration 131: Energy = 3.0467321993260348 dE = -6.79028E-02
SCF Iteration 132: Energy = 3.1146349821691954 dE =  6.79028E-02
SCF Iteration 133: Energy = 3.0467321959122060 dE = -6.79028E-02
SCF Iteration 134: Energy = 3.1146349793857397 dE =  6.79028E-02
SCF Iteration 135: Energy = 3.0467321932459308 dE = -6.79028E-02
SCF Iteration 136: Energy = 3.1146349772117876 dE =  6.79028E-02
SCF Iteration 137: Energy = 3.0467321911634966 dE = -6.79028E-02
SCF Iteration 138: Energy = 3.1146349755138738 dE =  6.79028E-02
SCF Iteration 139: Energy = 3.0467321895370572 dE = -6.79028E-02
SCF Iteration 140: Energy = 3.1146349741877559 dE =  6.79028E-02
SCF Iteration 141: Energy = 3.0467321882667719 dE = -6.79028E-02
SCF Iteration 142: Energy = 3.1146349731520333 dE =  6.79028E-02
SCF Iteration 143: Energy = 3.0467321872746611 dE = -6.79028E-02
SCF Iteration 144: Energy = 3.1146349723431079 dE =  6.79028E-02
SCF Iteration 145: Energy = 3.0467321864997920 dE = -6.79028E-02
SCF Iteration 146: Energy = 3.1146349717113164 dE =  6.79028E-02
SCF Iteration 147: Energy = 3.0467321858945988 dE = -6.79028E-02
SCF Iteration 148: Energy = 3.1146349712178778 dE =  6.79028E-02
SCF Iteration 149: Energy = 3.0467321854219289 dE = -6.79028E-02
SCF Iteration 150: Energy = 3.1146349708324776 dE =  6.79028E-02
SCF Iteration 151: Energy = 3.0467321850527584 dE = -6.79028E-02
SCF Iteration 152: Energy = 3.1146349705314744 dE =  6.79028E-02
SCF Iteration 153: Energy = 3.0467321847644220 dE = -6.79028E-02
SCF Iteration 154: Energy = 3.1146349702963905 dE =  6.79028E-02
SCF Iteration 155: Energy = 3.0467321845392323 dE = -6.79028E-02
SCF Iteration 156: Energy = 3.1146349701127800 dE =  6.79028E-02
SCF Iteration 157: Energy = 3.0467321843633526 dE = -6.79028E-02
SCF Iteration 158: Energy = 3.1146349699693769 dE =  6.79028E-02
SCF Iteration 159: Energy = 3.0467321842259913 dE = -6.79028E-02
SCF Iteration 160: Energy = 3.1146349698573608 dE =  6.79028E-02
SCF Iteration 161: Energy = 3.0467321841186958 dE = -6.79028E-02
SCF Iteration 162: Energy = 3.1146349697698890 dE =  6.79028E-02
SCF Iteration 163: Energy = 3.0467321840349069 dE = -6.79028E-02
SCF Iteration 164: Energy = 3.1146349697015765 dE =  6.79028E-02
SCF Iteration 165: Energy = 3.0467321839694592 dE = -6.79028E-02
SCF Iteration 166: Energy = 3.1146349696482067 dE =  6.79028E-02
SCF Iteration 167: Energy = 3.0467321839183472 dE = -6.79028E-02
SCF Iteration 168: Energy = 3.1146349696065361 dE =  6.79028E-02
SCF Iteration 169: Energy = 3.0467321838784303 dE = -6.79028E-02
SCF Iteration 170: Energy = 3.1146349695739879 dE =  6.79028E-02
SCF Iteration 171: Energy = 3.0467321838472499 dE = -6.79028E-02
SCF Iteration 172: Energy = 3.1146349695485651 dE =  6.79028E-02
SCF Iteration 173: Energy = 3.0467321838228978 dE = -6.79028E-02
SCF Iteration 174: Energy = 3.1146349695287077 dE =  6.79028E-02
SCF Iteration 175: Energy = 3.0467321838038721 dE = -6.79028E-02
SCF Iteration 176: Energy = 3.1146349695131992 dE =  6.79028E-02
SCF Iteration 177: Energy = 3.0467321837890204 dE = -6.79028E-02
SCF Iteration 178: Energy = 3.1146349695010906 dE =  6.79028E-02
SCF Iteration 179: Energy = 3.0467321837774186 dE = -6.79028E-02
SCF Iteration 180: Energy = 3.1146349694916271 dE =  6.79028E-02
SCF Iteration 181: Energy = 3.0467321837683579 dE = -6.79028E-02
SCF Iteration 182: Energy = 3.1146349694842472 dE =  6.79028E-02
SCF Iteration 183: Energy = 3.0467321837612849 dE = -6.79028E-02
SCF Iteration 184: Energy = 3.1146349694784714 dE =  6.79028E-02
SCF Iteration 185: Energy = 3.0467321837557577 dE = -6.79028E-02
SCF Iteration 186: Energy = 3.1146349694739701 dE =  6.79028E-02
SCF Iteration 187: Energy = 3.0467321837514412 dE = -6.79028E-02
SCF Iteration 188: Energy = 3.1146349694704543 dE =  6.79028E-02
SCF Iteration 189: Energy = 3.0467321837480767 dE = -6.79028E-02
SCF Iteration 190: Energy = 3.1146349694677058 dE =  6.79028E-02
SCF Iteration 191: Energy = 3.0467321837454415 dE = -6.79028E-02
SCF Iteration 192: Energy = 3.1146349694655613 dE =  6.79028E-02
SCF Iteration 193: Energy = 3.0467321837433765 dE = -6.79028E-02
SCF Iteration 194: Energy = 3.1146349694638760 dE =  6.79028E-02
SCF Iteration 195: Energy = 3.0467321837417689 dE = -6.79028E-02
SCF Iteration 196: Energy = 3.1146349694625624 dE =  6.79028E-02
SCF Iteration 197: Energy = 3.0467321837405104 dE = -6.79028E-02
SCF Iteration 198: Energy = 3.1146349694615396 dE =  6.79028E-02
SCF Iteration 199: Energy = 3.0467321837395307 dE = -6.79028E-02
SCF Iteration 200: Energy = 3.1146349694607380 dE =  6.79028E-02
SCF Iteration 201: Energy = 3.0467321837387704 dE = -6.79028E-02
SCF Iteration 202: Energy = 3.1146349694601230 dE =  6.79028E-02
SCF Iteration 203: Energy = 3.0467321837381780 dE = -6.79028E-02
SCF Iteration 204: Energy = 3.1146349694596314 dE =  6.79028E-02
SCF Iteration 205: Energy = 3.0467321837377055 dE = -6.79028E-02
SCF Iteration 206: Energy = 3.1146349694592432 dE =  6.79028E-02
SCF Iteration 207: Energy = 3.0467321837373387 dE = -6.79028E-02
SCF Iteration 208: Energy = 3.1146349694589501 dE =  6.79028E-02
SCF Iteration 209: Energy = 3.0467321837370567 dE = -6.79028E-02
SCF Iteration 210: Energy = 3.1146349694587192 dE =  6.79028E-02
SCF Iteration 211: Energy = 3.0467321837368235 dE = -6.79028E-02
SCF Iteration 212: Energy = 3.1146349694585371 dE =  6.79028E-02
SCF Iteration 213: Energy = 3.0467321837366543 dE = -6.79028E-02
SCF Iteration 214: Energy = 3.1146349694583950 dE =  6.79028E-02
SCF Iteration 215: Energy = 3.0467321837365198 dE = -6.79028E-02
SCF Iteration 216: Energy = 3.1146349694582871 dE =  6.79028E-02
SCF Iteration 217: Energy = 3.0467321837364132 dE = -6.79028E-02
SCF Iteration 218: Energy = 3.1146349694581970 dE =  6.79028E-02
SCF Iteration 219: Energy = 3.0467321837363261 dE = -6.79028E-02
SCF Iteration 220: Energy = 3.1146349694581277 dE =  6.79028E-02
SCF Iteration 221: Energy = 3.0467321837362711 dE = -6.79028E-02
SCF Iteration 222: Energy = 3.1146349694580788 dE =  6.79028E-02
SCF Iteration 223: Energy = 3.0467321837362240 dE = -6.79028E-02
SCF Iteration 224: Energy = 3.1146349694580358 dE =  6.79028E-02
SCF Iteration 225: Energy = 3.0467321837361778 dE = -6.79028E-02
SCF Iteration 226: Energy = 3.1146349694580024 dE =  6.79028E-02
SCF Iteration 227: Energy = 3.0467321837361521 dE = -6.79028E-02
SCF Iteration 228: Energy = 3.1146349694579794 dE =  6.79028E-02
SCF Iteration 229: Energy = 3.0467321837361245 dE = -6.79028E-02
SCF Iteration 230: Energy = 3.1146349694579580 dE =  6.79028E-02
SCF Iteration 231: Energy = 3.0467321837361121 dE = -6.79028E-02
SCF Iteration 232: Energy = 3.1146349694579509 dE =  6.79028E-02
SCF Iteration 233: Energy = 3.0467321837360917 dE = -6.79028E-02
SCF Iteration 234: Energy = 3.1146349694579367 dE =  6.79028E-02
SCF Iteration 235: Energy = 3.0467321837360837 dE = -6.79028E-02
SCF Iteration 236: Energy = 3.1146349694579332 dE =  6.79028E-02
SCF Iteration 237: Energy = 3.0467321837360748 dE = -6.79028E-02
SCF Iteration 238: Energy = 3.1146349694579181 dE =  6.79028E-02
SCF Iteration 239: Energy = 3.0467321837360624 dE = -6.79028E-02
SCF Iteration 240: Energy = 3.1146349694579163 dE =  6.79028E-02
SCF Iteration 241: Energy = 3.0467321837360606 dE = -6.79028E-02
SCF Iteration 242: Energy = 3.1146349694579056 dE =  6.79028E-02
SCF Iteration 243: Energy = 3.0467321837360477 dE = -6.79028E-02
SCF Iteration 244: Energy = 3.1146349694579021 dE =  6.79028E-02
SCF Iteration 245: Energy = 3.0467321837360517 dE = -6.79028E-02
SCF Iteration 246: Energy = 3.1146349694578999 dE =  6.79028E-02
SCF Iteration 247: Energy = 3.0467321837360415 dE = -6.79028E-02
SCF Iteration 248: Energy = 3.1146349694579003 dE =  6.79028E-02
SCF Iteration 249: Energy = 3.0467321837360402 dE = -6.79028E-02
SCF Iteration 250: Energy = 3.1146349694578968 dE =  6.79028E-02
SCF Iteration 251: Energy = 3.0467321837360357 dE = -6.79028E-02
SCF Iteration 252: Energy = 3.1146349694578936 dE =  6.79028E-02
SCF Iteration 253: Energy = 3.0467321837360410 dE = -6.79028E-02
SCF Iteration 254: Energy = 3.1146349694578950 dE =  6.79028E-02
SCF Iteration 255: Energy = 3.0467321837360428 dE = -6.79028E-02
SCF Iteration 256: Energy = 3.1146349694578972 dE =  6.79028E-02
SCF Iteration 257: Energy = 3.0467321837360464 dE = -6.79028E-02
SCF Iteration 258: Energy = 3.1146349694578932 dE =  6.79028E-02
SCF Iteration 259: Energy = 3.0467321837360384 dE = -6.79028E-02
SCF Iteration 260: Energy = 3.1146349694578941 dE =  6.79028E-02
SCF Iteration 261: Energy = 3.0467321837360410 dE = -6.79028E-02
SCF Iteration 262: Energy = 3.1146349694578896 dE =  6.79028E-02
SCF Iteration 263: Energy = 3.0467321837360335 dE = -6.79028E-02
SCF Iteration 264: Energy = 3.1146349694578910 dE =  6.79028E-02
SCF Iteration 265: Energy = 3.0467321837360428 dE = -6.79028E-02
SCF Iteration 266: Energy = 3.1146349694578950 dE =  6.79028E-02
SCF Iteration 267: Energy = 3.0467321837360486 dE = -6.79028E-02
SCF Iteration 268: Energy = 3.1146349694578888 dE =  6.79028E-02
SCF Iteration 269: Energy = 3.0467321837360402 dE = -6.79028E-02
SCF Iteration 270: Energy = 3.1146349694578928 dE =  6.79028E-02
SCF Iteration 271: Energy = 3.0467321837360388 dE = -6.79028E-02
SCF Iteration 272: Energy = 3.1146349694578923 dE =  6.79028E-02
SCF Iteration 273: Energy = 3.0467321837360384 dE = -6.79028E-02
SCF Iteration 274: Energy = 3.1146349694578994 dE =  6.79028E-02
SCF Iteration 275: Energy = 3.0467321837360375 dE = -6.79028E-02
SCF Iteration 276: Energy = 3.1146349694578896 dE =  6.79028E-02
SCF Iteration 277: Energy = 3.0467321837360393 dE = -6.79028E-02
SCF Iteration 278: Energy = 3.1146349694578932 dE =  6.79028E-02
SCF Iteration 279: Energy = 3.0467321837360455 dE = -6.79028E-02
SCF Iteration 280: Energy = 3.1146349694578905 dE =  6.79028E-02
SCF Iteration 281: Energy = 3.0467321837360419 dE = -6.79028E-02
SCF Iteration 282: Energy = 3.1146349694578985 dE =  6.79028E-02
SCF Iteration 283: Energy = 3.0467321837360428 dE = -6.79028E-02
SCF Iteration 284: Energy = 3.1146349694578968 dE =  6.79028E-02
SCF Iteration 285: Energy = 3.0467321837360415 dE = -6.79028E-02
SCF Iteration 286: Energy = 3.1146349694578896 dE =  6.79028E-02
SCF Iteration 287: Energy = 3.0467321837360424 dE = -6.79028E-02
SCF Iteration 288: Energy = 3.1146349694578923 dE =  6.79028E-02
SCF Iteration 289: Energy = 3.0467321837360357 dE = -6.79028E-02
SCF Iteration 290: Energy = 3.1146349694578932 dE =  6.79028E-02
SCF Iteration 291: Energy = 3.0467321837360402 dE = -6.79028E-02
SCF Iteration 292: Energy = 3.1146349694578950 dE =  6.79028E-02
SCF Iteration 293: Energy = 3.0467321837360437 dE = -6.79028E-02
SCF Iteration 294: Energy = 3.1146349694578910 dE =  6.79028E-02
SCF Iteration 295: Energy = 3.0467321837360419 dE = -6.79028E-02
SCF Iteration 296: Energy = 3.1146349694578985 dE =  6.79028E-02
SCF Iteration 297: Energy = 3.0467321837360402 dE = -6.79028E-02
SCF Iteration 298: Energy = 3.1146349694578905 dE =  6.79028E-02
SCF Iteration 299: Energy = 3.0467321837360344 dE = -6.79028E-02
SCF Iteration 300: Energy = 3.1146349694578870 dE =  6.79028E-02
SCF Iteration 301: Energy = 3.0467321837360384 dE = -6.79028E-02
SCF Iteration 302: Energy = 3.1146349694578932 dE =  6.79028E-02
SCF Iteration 303: Energy = 3.0467321837360410 dE = -6.79028E-02
SCF Iteration 304: Energy = 3.1146349694578959 dE =  6.79028E-02
SCF Iteration 305: Energy = 3.0467321837360375 dE = -6.79028E-02
SCF Iteration 306: Energy = 3.1146349694578950 dE =  6.79028E-02
SCF Iteration 307: Energy = 3.0467321837360455 dE = -6.79028E-02
SCF Iteration 308: Energy = 3.1146349694578901 dE =  6.79028E-02
SCF Iteration 309: Energy = 3.0467321837360353 dE = -6.79028E-02
SCF Iteration 310: Energy = 3.1146349694578901 dE =  6.79028E-02
SCF Iteration 311: Energy = 3.0467321837360406 dE = -6.79028E-02
SCF Iteration 312: Energy = 3.1146349694578972 dE =  6.79028E-02
SCF Iteration 313: Energy = 3.0467321837360464 dE = -6.79028E-02
SCF Iteration 314: Energy = 3.1146349694578968 dE =  6.79028E-02
SCF Iteration 315: Energy = 3.0467321837360419 dE = -6.79028E-02
SCF Iteration 316: Energy = 3.1146349694578985 dE =  6.79028E-02
SCF Iteration 317: Energy = 3.0467321837360402 dE = -6.79028E-02
SCF Iteration 318: Energy = 3.1146349694578923 dE =  6.79028E-02
SCF Iteration 319: Energy = 3.0467321837360339 dE = -6.79028E-02
SCF Iteration 320: Energy = 3.1146349694578896 dE =  6.79028E-02
SCF Iteration 321: Energy = 3.0467321837360393 dE = -6.79028E-02
SCF Iteration 322: Energy = 3.1146349694578932 dE =  6.79028E-02
SCF Iteration 323: Energy = 3.0467321837360304 dE = -6.79028E-02
SCF Iteration 324: Energy = 3.1146349694578870 dE =  6.79028E-02
SCF Iteration 325: Energy = 3.0467321837360339 dE = -6.79028E-02
SCF Iteration 326: Energy = 3.1146349694578888 dE =  6.79028E-02
SCF Iteration 327: Energy = 3.0467321837360268 dE = -6.79028E-02
SCF Iteration 328: Energy = 3.1146349694578848 dE =  6.79028E-02
SCF Iteration 329: Energy = 3.0467321837360268 dE = -6.79028E-02
SCF Iteration 330: Energy = 3.1146349694578852 dE =  6.79028E-02
SCF Iteration 331: Energy = 3.0467321837360379 dE = -6.79028E-02
SCF Iteration 332: Energy = 3.1146349694578852 dE =  6.79028E-02
SCF Iteration 333: Energy = 3.0467321837360353 dE = -6.79028E-02
SCF Iteration 334: Energy = 3.1146349694578861 dE =  6.79028E-02
SCF Iteration 335: Energy = 3.0467321837360344 dE = -6.79028E-02
SCF Iteration 336: Energy = 3.1146349694578865 dE =  6.79028E-02
SCF Iteration 337: Energy = 3.0467321837360344 dE = -6.79028E-02
SCF Iteration 338: Energy = 3.1146349694578883 dE =  6.79028E-02
SCF Iteration 339: Energy = 3.0467321837360402 dE = -6.79028E-02
SCF Iteration 340: Energy = 3.1146349694578923 dE =  6.79028E-02
SCF Iteration 341: Energy = 3.0467321837360339 dE = -6.79028E-02
SCF Iteration 342: Energy = 3.1146349694578870 dE =  6.79028E-02
SCF Iteration 343: Energy = 3.0467321837360375 dE = -6.79028E-02
SCF Iteration 344: Energy = 3.1146349694578843 dE =  6.79028E-02
SCF Iteration 345: Energy = 3.0467321837360339 dE = -6.79028E-02
SCF Iteration 346: Energy = 3.1146349694578919 dE =  6.79028E-02
SCF Iteration 347: Energy = 3.0467321837360428 dE = -6.79028E-02
SCF Iteration 348: Energy = 3.1146349694578905 dE =  6.79028E-02
SCF Iteration 349: Energy = 3.0467321837360402 dE = -6.79028E-02
SCF Iteration 350: Energy = 3.1146349694578959 dE =  6.79028E-02
SCF Iteration 351: Energy = 3.0467321837360415 dE = -6.79028E-02
SCF Iteration 352: Energy = 3.1146349694578892 dE =  6.79028E-02
SCF Iteration 353: Energy = 3.0467321837360317 dE = -6.79028E-02
SCF Iteration 354: Energy = 3.1146349694578856 dE =  6.79028E-02
SCF Iteration 355: Energy = 3.0467321837360304 dE = -6.79028E-02
SCF Iteration 356: Energy = 3.1146349694578910 dE =  6.79028E-02
SCF Iteration 357: Energy = 3.0467321837360406 dE = -6.79028E-02
SCF Iteration 358: Energy = 3.1146349694578910 dE =  6.79028E-02
SCF Iteration 359: Energy = 3.0467321837360442 dE = -6.79028E-02
SCF Iteration 360: Energy = 3.1146349694578910 dE =  6.79028E-02
SCF Iteration 361: Energy = 3.0467321837360366 dE = -6.79028E-02
SCF Iteration 362: Energy = 3.1146349694578959 dE =  6.79028E-02
SCF Iteration 363: Energy = 3.0467321837360419 dE = -6.79028E-02
SCF Iteration 364: Energy = 3.1146349694578968 dE =  6.79028E-02
SCF Iteration 365: Energy = 3.0467321837360362 dE = -6.79028E-02
SCF Iteration 366: Energy = 3.1146349694578941 dE =  6.79028E-02
SCF Iteration 367: Energy = 3.0467321837360428 dE = -6.79028E-02
SCF Iteration 368: Energy = 3.1146349694578932 dE =  6.79028E-02
SCF Iteration 369: Energy = 3.0467321837360450 dE = -6.79028E-02
SCF Iteration 370: Energy = 3.1146349694579003 dE =  6.79028E-02
SCF Iteration 371: Energy = 3.0467321837360446 dE = -6.79028E-02
SCF Iteration 372: Energy = 3.1146349694578950 dE =  6.79028E-02
SCF Iteration 373: Energy = 3.0467321837360419 dE = -6.79028E-02
SCF Iteration 374: Energy = 3.1146349694578981 dE =  6.79028E-02
SCF Iteration 375: Energy = 3.0467321837360539 dE = -6.79028E-02
SCF Iteration 376: Energy = 3.1146349694578972 dE =  6.79028E-02
SCF Iteration 377: Energy = 3.0467321837360446 dE = -6.79028E-02
SCF Iteration 378: Energy = 3.1146349694579025 dE =  6.79028E-02
SCF Iteration 379: Energy = 3.0467321837360450 dE = -6.79028E-02
SCF Iteration 380: Energy = 3.1146349694578968 dE =  6.79028E-02
SCF Iteration 381: Energy = 3.0467321837360428 dE = -6.79028E-02
SCF Iteration 382: Energy = 3.1146349694578985 dE =  6.79028E-02
SCF Iteration 383: Energy = 3.0467321837360415 dE = -6.79028E-02
SCF Iteration 384: Energy = 3.1146349694578985 dE =  6.79028E-02
SCF Iteration 385: Energy = 3.0467321837360393 dE = -6.79028E-02
SCF Iteration 386: Energy = 3.1146349694578941 dE =  6.79028E-02
SCF Iteration 387: Energy = 3.0467321837360446 dE = -6.79028E-02
SCF Iteration 388: Energy = 3.1146349694578879 dE =  6.79028E-02
SCF Iteration 389: Energy = 3.0467321837360366 dE = -6.79028E-02
SCF Iteration 390: Energy = 3.1146349694578914 dE =  6.79028E-02
SCF Iteration 391: Energy = 3.0467321837360419 dE = -6.79028E-02
SCF Iteration 392: Energy = 3.1146349694578896 dE =  6.79028E-02
SCF Iteration 393: Energy = 3.0467321837360446 dE = -6.79028E-02
SCF Iteration 394: Energy = 3.1146349694578914 dE =  6.79028E-02
SCF Iteration 395: Energy = 3.0467321837360410 dE = -6.79028E-02
SCF Iteration 396: Energy = 3.1146349694578959 dE =  6.79028E-02
SCF Iteration 397: Energy = 3.0467321837360442 dE = -6.79028E-02
SCF Iteration 398: Energy = 3.1146349694578985 dE =  6.79028E-02
SCF Iteration 399: Energy = 3.0467321837360450 dE = -6.79028E-02
SCF Iteration 400: Energy = 3.1146349694578950 dE =  6.79028E-02
SCF Iteration 401: Energy = 3.0467321837360450 dE = -6.79028E-02
SCF Iteration 402: Energy = 3.1146349694578976 dE =  6.79028E-02
SCF Iteration 403: Energy = 3.0467321837360419 dE = -6.79028E-02
SCF Iteration 404: Energy = 3.1146349694578936 dE =  6.79028E-02
SCF Iteration 405: Energy = 3.0467321837360402 dE = -6.79028E-02
SCF Iteration 406: Energy = 3.1146349694578928 dE =  6.79028E-02
SCF Iteration 407: Energy = 3.0467321837360375 dE = -6.79028E-02
SCF Iteration 408: Energy = 3.1146349694578932 dE =  6.79028E-02
SCF Iteration 409: Energy = 3.0467321837360393 dE = -6.79028E-02
SCF Iteration 410: Energy = 3.1146349694578910 dE =  6.79028E-02
SCF Iteration 411: Energy = 3.0467321837360450 dE = -6.79028E-02
SCF Iteration 412: Energy = 3.1146349694578959 dE =  6.79028E-02
SCF Iteration 413: Energy = 3.0467321837360459 dE = -6.79028E-02
SCF Iteration 414: Energy = 3.1146349694578994 dE =  6.79028E-02
SCF Iteration 415: Energy = 3.0467321837360406 dE = -6.79028E-02
SCF Iteration 416: Energy = 3.1146349694578950 dE =  6.79028E-02
SCF Iteration 417: Energy = 3.0467321837360464 dE = -6.79028E-02
SCF Iteration 418: Energy = 3.1146349694578968 dE =  6.79028E-02
SCF Iteration 419: Energy = 3.0467321837360366 dE = -6.79028E-02
SCF Iteration 420: Energy = 3.1146349694578905 dE =  6.79028E-02
SCF Iteration 421: Energy = 3.0467321837360393 dE = -6.79028E-02
SCF Iteration 422: Energy = 3.1146349694578896 dE =  6.79028E-02
SCF Iteration 423: Energy = 3.0467321837360402 dE = -6.79028E-02
SCF Iteration 424: Energy = 3.1146349694578914 dE =  6.79028E-02
SCF Iteration 425: Energy = 3.0467321837360424 dE = -6.79028E-02
SCF Iteration 426: Energy = 3.1146349694578968 dE =  6.79028E-02
SCF Iteration 427: Energy = 3.0467321837360442 dE = -6.79028E-02
SCF Iteration 428: Energy = 3.1146349694578905 dE =  6.79028E-02
SCF Iteration 429: Energy = 3.0467321837360291 dE = -6.79028E-02
SCF Iteration 430: Energy = 3.1146349694578879 dE =  6.79028E-02
SCF Iteration 431: Energy = 3.0467321837360366 dE = -6.79028E-02
SCF Iteration 432: Energy = 3.1146349694578888 dE =  6.79028E-02
SCF Iteration 433: Energy = 3.0467321837360313 dE = -6.79028E-02
SCF Iteration 434: Energy = 3.1146349694578905 dE =  6.79028E-02
SCF Iteration 435: Energy = 3.0467321837360415 dE = -6.79028E-02
SCF Iteration 436: Energy = 3.1146349694578994 dE =  6.79028E-02
SCF Iteration 437: Energy = 3.0467321837360419 dE = -6.79028E-02
SCF Iteration 438: Energy = 3.1146349694578936 dE =  6.79028E-02
SCF Iteration 439: Energy = 3.0467321837360393 dE = -6.79028E-02
SCF Iteration 440: Energy = 3.1146349694578945 dE =  6.79028E-02
SCF Iteration 441: Energy = 3.0467321837360459 dE = -6.79028E-02
SCF Iteration 442: Energy = 3.1146349694578959 dE =  6.79028E-02
SCF Iteration 443: Energy = 3.0467321837360446 dE = -6.79028E-02
SCF Iteration 444: Energy = 3.1146349694578932 dE =  6.79028E-02
SCF Iteration 445: Energy = 3.0467321837360402 dE = -6.79028E-02
SCF Iteration 446: Energy = 3.1146349694578932 dE =  6.79028E-02
SCF Iteration 447: Energy = 3.0467321837360393 dE = -6.79028E-02
SCF Iteration 448: Energy = 3.1146349694578888 dE =  6.79028E-02
SCF Iteration 449: Energy = 3.0467321837360344 dE = -6.79028E-02
SCF Iteration 450: Energy = 3.1146349694578896 dE =  6.79028E-02
SCF Iteration 451: Energy = 3.0467321837360428 dE = -6.79028E-02
SCF Iteration 452: Energy = 3.1146349694578968 dE =  6.79028E-02
SCF Iteration 453: Energy = 3.0467321837360344 dE = -6.79028E-02
SCF Iteration 454: Energy = 3.1146349694578932 dE =  6.79028E-02
SCF Iteration 455: Energy = 3.0467321837360366 dE = -6.79028E-02
SCF Iteration 456: Energy = 3.1146349694578870 dE =  6.79028E-02
SCF Iteration 457: Energy = 3.0467321837360353 dE = -6.79028E-02
SCF Iteration 458: Energy = 3.1146349694578843 dE =  6.79028E-02
SCF Iteration 459: Energy = 3.0467321837360366 dE = -6.79028E-02
SCF Iteration 460: Energy = 3.1146349694578843 dE =  6.79028E-02
SCF Iteration 461: Energy = 3.0467321837360291 dE = -6.79028E-02
SCF Iteration 462: Energy = 3.1146349694578896 dE =  6.79028E-02
SCF Iteration 463: Energy = 3.0467321837360322 dE = -6.79028E-02
SCF Iteration 464: Energy = 3.1146349694578879 dE =  6.79028E-02
SCF Iteration 465: Energy = 3.0467321837360348 dE = -6.79028E-02
SCF Iteration 466: Energy = 3.1146349694578870 dE =  6.79028E-02
SCF Iteration 467: Energy = 3.0467321837360402 dE = -6.79028E-02
SCF Iteration 468: Energy = 3.1146349694578941 dE =  6.79028E-02
SCF Iteration 469: Energy = 3.0467321837360428 dE = -6.79028E-02
SCF Iteration 470: Energy = 3.1146349694578950 dE =  6.79028E-02
SCF Iteration 471: Energy = 3.0467321837360415 dE = -6.79028E-02
SCF Iteration 472: Energy = 3.1146349694578888 dE =  6.79028E-02
SCF Iteration 473: Energy = 3.0467321837360406 dE = -6.79028E-02
SCF Iteration 474: Energy = 3.1146349694578919 dE =  6.79028E-02
SCF Iteration 475: Energy = 3.0467321837360402 dE = -6.79028E-02
SCF Iteration 476: Energy = 3.1146349694578914 dE =  6.79028E-02
SCF Iteration 477: Energy = 3.0467321837360428 dE = -6.79028E-02
SCF Iteration 478: Energy = 3.1146349694578879 dE =  6.79028E-02
SCF Iteration 479: Energy = 3.0467321837360437 dE = -6.79028E-02
SCF Iteration 480: Energy = 3.1146349694578919 dE =  6.79028E-02
SCF Iteration 481: Energy = 3.0467321837360384 dE = -6.79028E-02
SCF Iteration 482: Energy = 3.1146349694578856 dE =  6.79028E-02
SCF Iteration 483: Energy = 3.0467321837360353 dE = -6.79028E-02
SCF Iteration 484: Energy = 3.1146349694578932 dE =  6.79028E-02
SCF Iteration 485: Energy = 3.0467321837360388 dE = -6.79028E-02
SCF Iteration 486: Energy = 3.1146349694578905 dE =  6.79028E-02
SCF Iteration 487: Energy = 3.0467321837360437 dE = -6.79028E-02
SCF Iteration 488: Energy = 3.1146349694578976 dE =  6.79028E-02
SCF Iteration 489: Energy = 3.0467321837360393 dE = -6.79028E-02
SCF Iteration 490: Energy = 3.1146349694578941 dE =  6.79028E-02
SCF Iteration 491: Energy = 3.0467321837360366 dE = -6.79028E-02
SCF Iteration 492: Energy = 3.1146349694578870 dE =  6.79028E-02
SCF Iteration 493: Energy = 3.0467321837360410 dE = -6.79028E-02
SCF Iteration 494: Energy = 3.1146349694578888 dE =  6.79028E-02
SCF Iteration 495: Energy = 3.0467321837360339 dE = -6.79028E-02
SCF Iteration 496: Energy = 3.1146349694578883 dE =  6.79028E-02
SCF Iteration 497: Energy = 3.0467321837360375 dE = -6.79028E-02
SCF Iteration 498: Energy = 3.1146349694578870 dE =  6.79028E-02
SCF Iteration 499: Energy = 3.0467321837360339 dE = -6.79028E-02
SCF Iteration 500: Energy = 3.1146349694578910 dE =  6.79028E-02
