
  Memory set to  55.879 GiB by Python driver.
  Threads set to 1 by Python driver.
Settings:
	LOT = CCSD-S1-U21
	wc = 20.0 eV
	lambda = [0.727454 0.       0.      ] a.u.
	Equivalent A0 = LAMBDA / sqrt(2 wc) = [0.6 0.  0. ])
doing QED-CCSD-1 (or QED-CCSD-21)
Number of occupied orbitals:   1
Number of basis functions:  60
SCF Iteration   1: Energy = 2.9389089757582099 dE =  2.93891E+00
SCF Iteration   2: Energy = 3.3156081811133236 dE =  3.76699E-01
SCF Iteration   3: Energy = 3.1301155305406114 dE = -1.85493E-01
SCF Iteration   4: Energy = 3.3192957011277002 dE =  1.89180E-01
SCF Iteration   5: Energy = 3.2160990094720940 dE = -1.03197E-01
SCF Iteration   6: Energy = 3.3309217074225144 dE =  1.14823E-01
SCF Iteration   7: Energy = 3.2536115512905419 dE = -7.73102E-02
SCF Iteration   8: Energy = 3.3375933677302623 dE =  8.39818E-02
SCF Iteration   9: Energy = 3.2704794317285084 dE = -6.71139E-02
SCF Iteration  10: Energy = 3.3401119018521461 dE =  6.96325E-02
SCF Iteration  11: Energy = 3.2775299674744094 dE = -6.25819E-02
SCF Iteration  12: Energy = 3.3399446472881507 dE =  6.24147E-02
SCF Iteration  13: Energy = 3.2795825015874072 dE = -6.03621E-02
SCF Iteration  14: Energy = 3.3382546907482094 dE =  5.86722E-02
SCF Iteration  15: Energy = 3.2790899210347946 dE = -5.91648E-02
SCF Iteration  16: Energy = 3.3358490696303669 dE =  5.67591E-02
SCF Iteration  17: Energy = 3.2773927764018400 dE = -5.84563E-02
SCF Iteration  18: Energy = 3.3332374386132657 dE =  5.58447E-02
SCF Iteration  19: Energy = 3.2752348717432671 dE = -5.80026E-02
SCF Iteration  20: Energy = 3.3307124050566457 dE =  5.54775E-02
SCF Iteration  21: Energy = 3.2730186112824482 dE = -5.76938E-02
SCF Iteration  22: Energy = 3.3284221694841509 dE =  5.54036E-02
SCF Iteration  23: Energy = 3.2709477891099672 dE = -5.74744E-02
SCF Iteration  24: Energy = 3.3264257018262882 dE =  5.54779E-02
SCF Iteration  25: Energy = 3.2691119339871255 dE = -5.73138E-02
SCF Iteration  26: Energy = 3.3247306423590262 dE =  5.56187E-02
SCF Iteration  27: Energy = 3.2675368551785646 dE = -5.71938E-02
SCF Iteration  28: Energy = 3.3233176279095593 dE =  5.57808E-02
SCF Iteration  29: Energy = 3.2662147428324264 dE = -5.71029E-02
SCF Iteration  30: Energy = 3.3221550814916254 dE =  5.59403E-02
SCF Iteration  31: Energy = 3.2651217654266409 dE = -5.70333E-02
SCF Iteration  32: Energy = 3.3212077371851025 dE =  5.60860E-02
SCF Iteration  33: Energy = 3.2642280592227242 dE = -5.69797E-02
SCF Iteration  34: Energy = 3.3204412393053744 dE =  5.62132E-02
SCF Iteration  35: Energy = 3.2635031474525853 dE = -5.69381E-02
SCF Iteration  36: Energy = 3.3198243769353697 dE =  5.63212E-02
SCF Iteration  37: Energy = 3.2629186647549040 dE = -5.69057E-02
SCF Iteration  38: Energy = 3.3193299505153635 dE =  5.64113E-02
SCF Iteration  39: Energy = 3.2624495329581498 dE = -5.68804E-02
SCF Iteration  40: Energy = 3.3189348860898038 dE =  5.64854E-02
SCF Iteration  41: Energy = 3.2620742792653039 dE = -5.68606E-02
SCF Iteration  42: Energy = 3.3186199664122293 dE =  5.65457E-02
SCF Iteration  43: Energy = 3.2617749066185477 dE = -5.68451E-02
SCF Iteration  44: Energy = 3.3183693935098253 dE =  5.65945E-02
SCF Iteration  45: Energy = 3.2615365539917391 dE = -5.68328E-02
SCF Iteration  46: Energy = 3.3181703026021241 dE =  5.66337E-02
SCF Iteration  47: Energy = 3.2613470804052875 dE = -5.68232E-02
SCF Iteration  48: Energy = 3.3180122905377321 dE =  5.66652E-02
SCF Iteration  49: Energy = 3.2611966445401892 dE = -5.68156E-02
SCF Iteration  50: Energy = 3.3178869887629778 dE =  5.66903E-02
SCF Iteration  51: Energy = 3.2610773156210113 dE = -5.68097E-02
SCF Iteration  52: Energy = 3.3177876920699392 dE =  5.67104E-02
SCF Iteration  53: Energy = 3.2609827305946708 dE = -5.68050E-02
SCF Iteration  54: Energy = 3.3177090442266035 dE =  5.67263E-02
SCF Iteration  55: Energy = 3.2609078012943966 dE = -5.68012E-02
SCF Iteration  56: Energy = 3.3176467765107995 dE =  5.67390E-02
SCF Iteration  57: Energy = 3.2608484694198618 dE = -5.67983E-02
SCF Iteration  58: Energy = 3.3175974929894747 dE =  5.67490E-02
SCF Iteration  59: Energy = 3.2608015044624494 dE = -5.67960E-02
SCF Iteration  60: Energy = 3.3175584958033513 dE =  5.67570E-02
SCF Iteration  61: Energy = 3.2607643387682690 dE = -5.67942E-02
SCF Iteration  62: Energy = 3.3175276439683969 dE =  5.67633E-02
SCF Iteration  63: Energy = 3.2607349339346845 dE = -5.67927E-02
SCF Iteration  64: Energy = 3.3175032398450739 dE =  5.67683E-02
SCF Iteration  65: Energy = 3.2607116732004311 dE = -5.67916E-02
SCF Iteration  66: Energy = 3.3174839382059065 dE =  5.67723E-02
SCF Iteration  67: Energy = 3.2606932751421942 dE = -5.67907E-02
SCF Iteration  68: Energy = 3.3174686736172037 dE =  5.67754E-02
SCF Iteration  69: Energy = 3.2606787246841620 dE = -5.67899E-02
SCF Iteration  70: Energy = 3.3174566025774879 dE =  5.67779E-02
SCF Iteration  71: Energy = 3.2606672180844223 dE = -5.67894E-02
SCF Iteration  72: Energy = 3.3174470574940615 dE =  5.67798E-02
SCF Iteration  73: Energy = 3.2606581191510338 dE = -5.67889E-02
SCF Iteration  74: Energy = 3.3174395101249106 dE =  5.67814E-02
SCF Iteration  75: Energy = 3.2606509244467632 dE = -5.67886E-02
SCF Iteration  76: Energy = 3.3174335425697574 dE =  5.67826E-02
SCF Iteration  77: Energy = 3.2606452356690516 dE = -5.67883E-02
SCF Iteration  78: Energy = 3.3174288242698600 dE =  5.67836E-02
SCF Iteration  79: Energy = 3.2606407377450970 dE = -5.67881E-02
SCF Iteration  80: Energy = 3.3174250937835885 dE =  5.67844E-02
SCF Iteration  81: Energy = 3.2606371814713793 dE = -5.67879E-02
SCF Iteration  82: Energy = 3.3174221443531851 dE =  5.67850E-02
SCF Iteration  83: Energy = 3.2606343697624247 dE = -5.67878E-02
SCF Iteration  84: Energy = 3.3174198124783993 dE =  5.67854E-02
SCF Iteration  85: Energy = 3.2606321467628261 dE = -5.67877E-02
SCF Iteration  86: Energy = 3.3174179688733418 dE =  5.67858E-02
SCF Iteration  87: Energy = 3.2606303892295019 dE = -5.67876E-02
SCF Iteration  88: Energy = 3.3174165113111007 dE =  5.67861E-02
SCF Iteration  89: Energy = 3.2606289997121598 dE = -5.67875E-02
SCF Iteration  90: Energy = 3.3174153589631956 dE =  5.67864E-02
SCF Iteration  91: Energy = 3.2606279011581316 dE = -5.67875E-02
SCF Iteration  92: Energy = 3.3174144479219985 dE =  5.67865E-02
SCF Iteration  93: Energy = 3.2606270326446847 dE = -5.67874E-02
SCF Iteration  94: Energy = 3.3174137276595799 dE =  5.67867E-02
SCF Iteration  95: Energy = 3.2606263460034821 dE = -5.67874E-02
SCF Iteration  96: Energy = 3.3174131582271391 dE =  5.67868E-02
SCF Iteration  97: Energy = 3.2606258031510915 dE = -5.67874E-02
SCF Iteration  98: Energy = 3.3174127080404694 dE =  5.67869E-02
SCF Iteration  99: Energy = 3.2606253739779447 dE = -5.67873E-02
SCF Iteration 100: Energy = 3.3174123521287617 dE =  5.67870E-02
SCF Iteration 101: Energy = 3.2606250346790482 dE = -5.67873E-02
SCF Iteration 102: Energy = 3.3174120707500050 dE =  5.67870E-02
SCF Iteration 103: Energy = 3.2606247664340149 dE = -5.67873E-02
SCF Iteration 104: Energy = 3.3174118482962172 dE =  5.67871E-02
SCF Iteration 105: Energy = 3.2606245543634538 dE = -5.67873E-02
SCF Iteration 106: Energy = 3.3174116724277498 dE =  5.67871E-02
SCF Iteration 107: Energy = 3.2606243867037694 dE = -5.67873E-02
SCF Iteration 108: Energy = 3.3174115333890173 dE =  5.67871E-02
SCF Iteration 109: Energy = 3.2606242541547159 dE = -5.67873E-02
SCF Iteration 110: Energy = 3.3174114234673082 dE =  5.67872E-02
SCF Iteration 111: Energy = 3.2606241493636343 dE = -5.67873E-02
SCF Iteration 112: Energy = 3.3174113365650908 dE =  5.67872E-02
SCF Iteration 113: Energy = 3.2606240665175821 dE = -5.67873E-02
SCF Iteration 114: Energy = 3.3174112678617016 dE =  5.67872E-02
SCF Iteration 115: Energy = 3.2606240010209246 dE = -5.67873E-02
SCF Iteration 116: Energy = 3.3174112135460061 dE =  5.67872E-02
SCF Iteration 117: Energy = 3.2606239492404043 dE = -5.67873E-02
SCF Iteration 118: Energy = 3.3174111706049798 dE =  5.67872E-02
SCF Iteration 119: Energy = 3.2606239083036437 dE = -5.67873E-02
SCF Iteration 120: Energy = 3.3174111366565677 dE =  5.67872E-02
SCF Iteration 121: Energy = 3.2606238759397677 dE = -5.67873E-02
SCF Iteration 122: Energy = 3.3174111098175603 dE =  5.67872E-02
SCF Iteration 123: Energy = 3.2606238503534732 dE = -5.67873E-02
SCF Iteration 124: Energy = 3.3174110885991235 dE =  5.67872E-02
SCF Iteration 125: Energy = 3.2606238301253936 dE = -5.67873E-02
SCF Iteration 126: Energy = 3.3174110718242140 dE =  5.67872E-02
SCF Iteration 127: Energy = 3.2606238141334529 dE = -5.67873E-02
SCF Iteration 128: Energy = 3.3174110585622785 dE =  5.67872E-02
SCF Iteration 129: Energy = 3.2606238014905120 dE = -5.67873E-02
SCF Iteration 130: Energy = 3.3174110480776213 dE =  5.67872E-02
SCF Iteration 131: Energy = 3.2606237914952136 dE = -5.67873E-02
SCF Iteration 132: Energy = 3.3174110397886509 dE =  5.67872E-02
SCF Iteration 133: Energy = 3.2606237835931280 dE = -5.67873E-02
SCF Iteration 134: Energy = 3.3174110332355342 dE =  5.67872E-02
SCF Iteration 135: Energy = 3.2606237773458751 dE = -5.67873E-02
SCF Iteration 136: Energy = 3.3174110280547664 dE =  5.67873E-02
SCF Iteration 137: Energy = 3.2606237724069240 dE = -5.67873E-02
SCF Iteration 138: Energy = 3.3174110239589401 dE =  5.67873E-02
SCF Iteration 139: Energy = 3.2606237685022608 dE = -5.67873E-02
SCF Iteration 140: Energy = 3.3174110207208622 dE =  5.67873E-02
SCF Iteration 141: Energy = 3.2606237654153212 dE = -5.67873E-02
SCF Iteration 142: Energy = 3.3174110181608905 dE =  5.67873E-02
SCF Iteration 143: Energy = 3.2606237629748347 dE = -5.67873E-02
SCF Iteration 144: Energy = 3.3174110161370276 dE =  5.67873E-02
SCF Iteration 145: Energy = 3.2606237610454420 dE = -5.67873E-02
SCF Iteration 146: Energy = 3.3174110145369906 dE =  5.67873E-02
SCF Iteration 147: Energy = 3.2606237595200898 dE = -5.67873E-02
SCF Iteration 148: Energy = 3.3174110132720420 dE =  5.67873E-02
SCF Iteration 149: Energy = 3.2606237583141806 dE = -5.67873E-02
SCF Iteration 150: Energy = 3.3174110122719975 dE =  5.67873E-02
SCF Iteration 151: Energy = 3.2606237573608001 dE = -5.67873E-02
SCF Iteration 152: Energy = 3.3174110114813695 dE =  5.67873E-02
SCF Iteration 153: Energy = 3.2606237566070866 dE = -5.67873E-02
SCF Iteration 154: Energy = 3.3174110108563166 dE =  5.67873E-02
SCF Iteration 155: Energy = 3.2606237560112095 dE = -5.67873E-02
SCF Iteration 156: Energy = 3.3174110103621626 dE =  5.67873E-02
SCF Iteration 157: Energy = 3.2606237555401258 dE = -5.67873E-02
SCF Iteration 158: Energy = 3.3174110099714955 dE =  5.67873E-02
SCF Iteration 159: Energy = 3.2606237551676802 dE = -5.67873E-02
SCF Iteration 160: Energy = 3.3174110096626390 dE =  5.67873E-02
SCF Iteration 161: Energy = 3.2606237548732384 dE = -5.67873E-02
SCF Iteration 162: Energy = 3.3174110094184694 dE =  5.67873E-02
SCF Iteration 163: Energy = 3.2606237546404655 dE = -5.67873E-02
SCF Iteration 164: Energy = 3.3174110092254283 dE =  5.67873E-02
SCF Iteration 165: Energy = 3.2606237544564376 dE = -5.67873E-02
SCF Iteration 166: Energy = 3.3174110090728157 dE =  5.67873E-02
SCF Iteration 167: Energy = 3.2606237543109495 dE = -5.67873E-02
SCF Iteration 168: Energy = 3.3174110089521536 dE =  5.67873E-02
SCF Iteration 169: Energy = 3.2606237541959189 dE = -5.67873E-02
SCF Iteration 170: Energy = 3.3174110088567681 dE =  5.67873E-02
SCF Iteration 171: Energy = 3.2606237541049885 dE = -5.67873E-02
SCF Iteration 172: Energy = 3.3174110087813498 dE =  5.67873E-02
SCF Iteration 173: Energy = 3.2606237540330945 dE = -5.67873E-02
SCF Iteration 174: Energy = 3.3174110087217326 dE =  5.67873E-02
SCF Iteration 175: Energy = 3.2606237539762546 dE = -5.67873E-02
SCF Iteration 176: Energy = 3.3174110086746014 dE =  5.67873E-02
SCF Iteration 177: Energy = 3.2606237539313230 dE = -5.67873E-02
SCF Iteration 178: Energy = 3.3174110086373294 dE =  5.67873E-02
SCF Iteration 179: Energy = 3.2606237538957954 dE = -5.67873E-02
SCF Iteration 180: Energy = 3.3174110086078765 dE =  5.67873E-02
SCF Iteration 181: Energy = 3.2606237538677152 dE = -5.67873E-02
SCF Iteration 182: Energy = 3.3174110085845854 dE =  5.67873E-02
SCF Iteration 183: Energy = 3.2606237538455085 dE = -5.67873E-02
SCF Iteration 184: Energy = 3.3174110085661743 dE =  5.67873E-02
SCF Iteration 185: Energy = 3.2606237538279661 dE = -5.67873E-02
SCF Iteration 186: Energy = 3.3174110085516206 dE =  5.67873E-02
SCF Iteration 187: Energy = 3.2606237538140777 dE = -5.67873E-02
SCF Iteration 188: Energy = 3.3174110085401143 dE =  5.67873E-02
SCF Iteration 189: Energy = 3.2606237538031078 dE = -5.67873E-02
SCF Iteration 190: Energy = 3.3174110085310078 dE =  5.67873E-02
SCF Iteration 191: Energy = 3.2606237537944307 dE = -5.67873E-02
SCF Iteration 192: Energy = 3.3174110085238109 dE =  5.67873E-02
SCF Iteration 193: Energy = 3.2606237537875757 dE = -5.67873E-02
SCF Iteration 194: Energy = 3.3174110085181328 dE =  5.67873E-02
SCF Iteration 195: Energy = 3.2606237537821565 dE = -5.67873E-02
SCF Iteration 196: Energy = 3.3174110085136341 dE =  5.67873E-02
SCF Iteration 197: Energy = 3.2606237537778711 dE = -5.67873E-02
SCF Iteration 198: Energy = 3.3174110085100788 dE =  5.67873E-02
SCF Iteration 199: Energy = 3.2606237537744800 dE = -5.67873E-02
SCF Iteration 200: Energy = 3.3174110085072717 dE =  5.67873E-02
SCF Iteration 201: Energy = 3.2606237537718017 dE = -5.67873E-02
SCF Iteration 202: Energy = 3.3174110085050530 dE =  5.67873E-02
SCF Iteration 203: Energy = 3.2606237537696856 dE = -5.67873E-02
SCF Iteration 204: Energy = 3.3174110085032966 dE =  5.67873E-02
SCF Iteration 205: Energy = 3.2606237537680096 dE = -5.67873E-02
SCF Iteration 206: Energy = 3.3174110085019080 dE =  5.67873E-02
SCF Iteration 207: Energy = 3.2606237537666880 dE = -5.67873E-02
SCF Iteration 208: Energy = 3.3174110085008186 dE =  5.67873E-02
SCF Iteration 209: Energy = 3.2606237537656382 dE = -5.67873E-02
SCF Iteration 210: Energy = 3.3174110084999433 dE =  5.67873E-02
SCF Iteration 211: Energy = 3.2606237537648073 dE = -5.67873E-02
SCF Iteration 212: Energy = 3.3174110084992541 dE =  5.67873E-02
SCF Iteration 213: Energy = 3.2606237537641549 dE = -5.67873E-02
SCF Iteration 214: Energy = 3.3174110084987118 dE =  5.67873E-02
SCF Iteration 215: Energy = 3.2606237537636353 dE = -5.67873E-02
SCF Iteration 216: Energy = 3.3174110084982829 dE =  5.67873E-02
SCF Iteration 217: Energy = 3.2606237537632365 dE = -5.67873E-02
SCF Iteration 218: Energy = 3.3174110084979498 dE =  5.67873E-02
SCF Iteration 219: Energy = 3.2606237537629097 dE = -5.67873E-02
SCF Iteration 220: Energy = 3.3174110084976749 dE =  5.67873E-02
SCF Iteration 221: Energy = 3.2606237537626526 dE = -5.67873E-02
SCF Iteration 222: Energy = 3.3174110084974560 dE =  5.67873E-02
SCF Iteration 223: Energy = 3.2606237537624381 dE = -5.67873E-02
SCF Iteration 224: Energy = 3.3174110084972890 dE =  5.67873E-02
SCF Iteration 225: Energy = 3.2606237537622893 dE = -5.67873E-02
SCF Iteration 226: Energy = 3.3174110084971620 dE =  5.67873E-02
SCF Iteration 227: Energy = 3.2606237537621596 dE = -5.67873E-02
SCF Iteration 228: Energy = 3.3174110084970554 dE =  5.67873E-02
SCF Iteration 229: Energy = 3.2606237537620579 dE = -5.67873E-02
SCF Iteration 230: Energy = 3.3174110084969728 dE =  5.67873E-02
SCF Iteration 231: Energy = 3.2606237537619789 dE = -5.67873E-02
SCF Iteration 232: Energy = 3.3174110084969102 dE =  5.67873E-02
SCF Iteration 233: Energy = 3.2606237537619194 dE = -5.67873E-02
SCF Iteration 234: Energy = 3.3174110084968578 dE =  5.67873E-02
SCF Iteration 235: Energy = 3.2606237537618674 dE = -5.67873E-02
SCF Iteration 236: Energy = 3.3174110084968107 dE =  5.67873E-02
SCF Iteration 237: Energy = 3.2606237537618377 dE = -5.67873E-02
SCF Iteration 238: Energy = 3.3174110084967827 dE =  5.67873E-02
SCF Iteration 239: Energy = 3.2606237537617990 dE = -5.67873E-02
SCF Iteration 240: Energy = 3.3174110084967552 dE =  5.67873E-02
SCF Iteration 241: Energy = 3.2606237537617733 dE = -5.67873E-02
SCF Iteration 242: Energy = 3.3174110084967334 dE =  5.67873E-02
SCF Iteration 243: Energy = 3.2606237537617533 dE = -5.67873E-02
SCF Iteration 244: Energy = 3.3174110084967214 dE =  5.67873E-02
SCF Iteration 245: Energy = 3.2606237537617400 dE = -5.67873E-02
SCF Iteration 246: Energy = 3.3174110084967090 dE =  5.67873E-02
SCF Iteration 247: Energy = 3.2606237537617333 dE = -5.67873E-02
SCF Iteration 248: Energy = 3.3174110084966970 dE =  5.67873E-02
SCF Iteration 249: Energy = 3.2606237537617204 dE = -5.67873E-02
SCF Iteration 250: Energy = 3.3174110084966957 dE =  5.67873E-02
SCF Iteration 251: Energy = 3.2606237537617151 dE = -5.67873E-02
SCF Iteration 252: Energy = 3.3174110084966859 dE =  5.67873E-02
SCF Iteration 253: Energy = 3.2606237537617115 dE = -5.67873E-02
SCF Iteration 254: Energy = 3.3174110084966868 dE =  5.67873E-02
SCF Iteration 255: Energy = 3.2606237537617098 dE = -5.67873E-02
SCF Iteration 256: Energy = 3.3174110084966864 dE =  5.67873E-02
SCF Iteration 257: Energy = 3.2606237537617058 dE = -5.67873E-02
SCF Iteration 258: Energy = 3.3174110084966761 dE =  5.67873E-02
SCF Iteration 259: Energy = 3.2606237537616987 dE = -5.67873E-02
SCF Iteration 260: Energy = 3.3174110084966770 dE =  5.67873E-02
SCF Iteration 261: Energy = 3.2606237537617018 dE = -5.67873E-02
SCF Iteration 262: Energy = 3.3174110084966726 dE =  5.67873E-02
SCF Iteration 263: Energy = 3.2606237537617027 dE = -5.67873E-02
SCF Iteration 264: Energy = 3.3174110084966668 dE =  5.67873E-02
SCF Iteration 265: Energy = 3.2606237537616973 dE = -5.67873E-02
SCF Iteration 266: Energy = 3.3174110084966735 dE =  5.67873E-02
SCF Iteration 267: Energy = 3.2606237537616911 dE = -5.67873E-02
SCF Iteration 268: Energy = 3.3174110084966673 dE =  5.67873E-02
SCF Iteration 269: Energy = 3.2606237537616893 dE = -5.67873E-02
SCF Iteration 270: Energy = 3.3174110084966655 dE =  5.67873E-02
SCF Iteration 271: Energy = 3.2606237537616973 dE = -5.67873E-02
SCF Iteration 272: Energy = 3.3174110084966690 dE =  5.67873E-02
SCF Iteration 273: Energy = 3.2606237537616911 dE = -5.67873E-02
SCF Iteration 274: Energy = 3.3174110084966673 dE =  5.67873E-02
SCF Iteration 275: Energy = 3.2606237537616876 dE = -5.67873E-02
SCF Iteration 276: Energy = 3.3174110084966646 dE =  5.67873E-02
SCF Iteration 277: Energy = 3.2606237537616893 dE = -5.67873E-02
SCF Iteration 278: Energy = 3.3174110084966655 dE =  5.67873E-02
SCF Iteration 279: Energy = 3.2606237537616880 dE = -5.67873E-02
SCF Iteration 280: Energy = 3.3174110084966664 dE =  5.67873E-02
SCF Iteration 281: Energy = 3.2606237537616920 dE = -5.67873E-02
SCF Iteration 282: Energy = 3.3174110084966681 dE =  5.67873E-02
SCF Iteration 283: Energy = 3.2606237537616911 dE = -5.67873E-02
SCF Iteration 284: Energy = 3.3174110084966681 dE =  5.67873E-02
SCF Iteration 285: Energy = 3.2606237537616929 dE = -5.67873E-02
SCF Iteration 286: Energy = 3.3174110084966655 dE =  5.67873E-02
SCF Iteration 287: Energy = 3.2606237537616947 dE = -5.67873E-02
SCF Iteration 288: Energy = 3.3174110084966726 dE =  5.67873E-02
SCF Iteration 289: Energy = 3.2606237537616933 dE = -5.67873E-02
SCF Iteration 290: Energy = 3.3174110084966593 dE =  5.67873E-02
SCF Iteration 291: Energy = 3.2606237537616964 dE = -5.67873E-02
SCF Iteration 292: Energy = 3.3174110084966593 dE =  5.67873E-02
SCF Iteration 293: Energy = 3.2606237537616938 dE = -5.67873E-02
SCF Iteration 294: Energy = 3.3174110084966677 dE =  5.67873E-02
SCF Iteration 295: Energy = 3.2606237537616902 dE = -5.67873E-02
SCF Iteration 296: Energy = 3.3174110084966602 dE =  5.67873E-02
SCF Iteration 297: Energy = 3.2606237537616911 dE = -5.67873E-02
SCF Iteration 298: Energy = 3.3174110084966619 dE =  5.67873E-02
SCF Iteration 299: Energy = 3.2606237537616884 dE = -5.67873E-02
SCF Iteration 300: Energy = 3.3174110084966610 dE =  5.67873E-02
SCF Iteration 301: Energy = 3.2606237537616924 dE = -5.67873E-02
SCF Iteration 302: Energy = 3.3174110084966650 dE =  5.67873E-02
SCF Iteration 303: Energy = 3.2606237537616920 dE = -5.67873E-02
SCF Iteration 304: Energy = 3.3174110084966610 dE =  5.67873E-02
SCF Iteration 305: Energy = 3.2606237537616916 dE = -5.67873E-02
SCF Iteration 306: Energy = 3.3174110084966681 dE =  5.67873E-02
SCF Iteration 307: Energy = 3.2606237537616884 dE = -5.67873E-02
SCF Iteration 308: Energy = 3.3174110084966566 dE =  5.67873E-02
SCF Iteration 309: Energy = 3.2606237537616920 dE = -5.67873E-02
SCF Iteration 310: Energy = 3.3174110084966641 dE =  5.67873E-02
SCF Iteration 311: Energy = 3.2606237537616858 dE = -5.67873E-02
SCF Iteration 312: Energy = 3.3174110084966619 dE =  5.67873E-02
SCF Iteration 313: Energy = 3.2606237537616893 dE = -5.67873E-02
SCF Iteration 314: Energy = 3.3174110084966575 dE =  5.67873E-02
SCF Iteration 315: Energy = 3.2606237537616858 dE = -5.67873E-02
SCF Iteration 316: Energy = 3.3174110084966686 dE =  5.67873E-02
SCF Iteration 317: Energy = 3.2606237537616889 dE = -5.67873E-02
SCF Iteration 318: Energy = 3.3174110084966619 dE =  5.67873E-02
SCF Iteration 319: Energy = 3.2606237537616907 dE = -5.67873E-02
SCF Iteration 320: Energy = 3.3174110084966624 dE =  5.67873E-02
SCF Iteration 321: Energy = 3.2606237537616911 dE = -5.67873E-02
SCF Iteration 322: Energy = 3.3174110084966664 dE =  5.67873E-02
SCF Iteration 323: Energy = 3.2606237537616933 dE = -5.67873E-02
SCF Iteration 324: Energy = 3.3174110084966650 dE =  5.67873E-02
SCF Iteration 325: Energy = 3.2606237537616876 dE = -5.67873E-02
SCF Iteration 326: Energy = 3.3174110084966690 dE =  5.67873E-02
SCF Iteration 327: Energy = 3.2606237537616876 dE = -5.67873E-02
SCF Iteration 328: Energy = 3.3174110084966615 dE =  5.67873E-02
SCF Iteration 329: Energy = 3.2606237537616893 dE = -5.67873E-02
SCF Iteration 330: Energy = 3.3174110084966628 dE =  5.67873E-02
SCF Iteration 331: Energy = 3.2606237537616902 dE = -5.67873E-02
SCF Iteration 332: Energy = 3.3174110084966619 dE =  5.67873E-02
SCF Iteration 333: Energy = 3.2606237537616871 dE = -5.67873E-02
SCF Iteration 334: Energy = 3.3174110084966628 dE =  5.67873E-02
SCF Iteration 335: Energy = 3.2606237537616867 dE = -5.67873E-02
SCF Iteration 336: Energy = 3.3174110084966686 dE =  5.67873E-02
SCF Iteration 337: Energy = 3.2606237537616907 dE = -5.67873E-02
SCF Iteration 338: Energy = 3.3174110084966628 dE =  5.67873E-02
SCF Iteration 339: Energy = 3.2606237537616938 dE = -5.67873E-02
SCF Iteration 340: Energy = 3.3174110084966588 dE =  5.67873E-02
SCF Iteration 341: Energy = 3.2606237537616893 dE = -5.67873E-02
SCF Iteration 342: Energy = 3.3174110084966659 dE =  5.67873E-02
SCF Iteration 343: Energy = 3.2606237537616902 dE = -5.67873E-02
SCF Iteration 344: Energy = 3.3174110084966686 dE =  5.67873E-02
SCF Iteration 345: Energy = 3.2606237537616964 dE = -5.67873E-02
SCF Iteration 346: Energy = 3.3174110084966646 dE =  5.67873E-02
SCF Iteration 347: Energy = 3.2606237537616911 dE = -5.67873E-02
SCF Iteration 348: Energy = 3.3174110084966668 dE =  5.67873E-02
SCF Iteration 349: Energy = 3.2606237537616929 dE = -5.67873E-02
SCF Iteration 350: Energy = 3.3174110084966610 dE =  5.67873E-02
SCF Iteration 351: Energy = 3.2606237537616938 dE = -5.67873E-02
SCF Iteration 352: Energy = 3.3174110084966664 dE =  5.67873E-02
SCF Iteration 353: Energy = 3.2606237537616893 dE = -5.67873E-02
SCF Iteration 354: Energy = 3.3174110084966633 dE =  5.67873E-02
SCF Iteration 355: Energy = 3.2606237537616876 dE = -5.67873E-02
SCF Iteration 356: Energy = 3.3174110084966606 dE =  5.67873E-02
SCF Iteration 357: Energy = 3.2606237537616876 dE = -5.67873E-02
SCF Iteration 358: Energy = 3.3174110084966593 dE =  5.67873E-02
SCF Iteration 359: Energy = 3.2606237537616858 dE = -5.67873E-02
SCF Iteration 360: Energy = 3.3174110084966664 dE =  5.67873E-02
SCF Iteration 361: Energy = 3.2606237537616858 dE = -5.67873E-02
SCF Iteration 362: Energy = 3.3174110084966593 dE =  5.67873E-02
SCF Iteration 363: Energy = 3.2606237537616911 dE = -5.67873E-02
SCF Iteration 364: Energy = 3.3174110084966637 dE =  5.67873E-02
SCF Iteration 365: Energy = 3.2606237537616911 dE = -5.67873E-02
SCF Iteration 366: Energy = 3.3174110084966650 dE =  5.67873E-02
SCF Iteration 367: Energy = 3.2606237537616849 dE = -5.67873E-02
SCF Iteration 368: Energy = 3.3174110084966655 dE =  5.67873E-02
SCF Iteration 369: Energy = 3.2606237537616964 dE = -5.67873E-02
SCF Iteration 370: Energy = 3.3174110084966633 dE =  5.67873E-02
SCF Iteration 371: Energy = 3.2606237537616902 dE = -5.67873E-02
SCF Iteration 372: Energy = 3.3174110084966673 dE =  5.67873E-02
SCF Iteration 373: Energy = 3.2606237537616933 dE = -5.67873E-02
SCF Iteration 374: Energy = 3.3174110084966748 dE =  5.67873E-02
SCF Iteration 375: Energy = 3.2606237537616893 dE = -5.67873E-02
SCF Iteration 376: Energy = 3.3174110084966699 dE =  5.67873E-02
SCF Iteration 377: Energy = 3.2606237537616938 dE = -5.67873E-02
SCF Iteration 378: Energy = 3.3174110084966624 dE =  5.67873E-02
SCF Iteration 379: Energy = 3.2606237537616947 dE = -5.67873E-02
SCF Iteration 380: Energy = 3.3174110084966664 dE =  5.67873E-02
SCF Iteration 381: Energy = 3.2606237537616960 dE = -5.67873E-02
SCF Iteration 382: Energy = 3.3174110084966735 dE =  5.67873E-02
SCF Iteration 383: Energy = 3.2606237537616938 dE = -5.67873E-02
SCF Iteration 384: Energy = 3.3174110084966628 dE =  5.67873E-02
SCF Iteration 385: Energy = 3.2606237537616907 dE = -5.67873E-02
SCF Iteration 386: Energy = 3.3174110084966646 dE =  5.67873E-02
SCF Iteration 387: Energy = 3.2606237537616898 dE = -5.67873E-02
SCF Iteration 388: Energy = 3.3174110084966717 dE =  5.67873E-02
SCF Iteration 389: Energy = 3.2606237537616898 dE = -5.67873E-02
SCF Iteration 390: Energy = 3.3174110084966664 dE =  5.67873E-02
SCF Iteration 391: Energy = 3.2606237537616889 dE = -5.67873E-02
SCF Iteration 392: Energy = 3.3174110084966690 dE =  5.67873E-02
SCF Iteration 393: Energy = 3.2606237537616876 dE = -5.67873E-02
SCF Iteration 394: Energy = 3.3174110084966664 dE =  5.67873E-02
SCF Iteration 395: Energy = 3.2606237537616973 dE = -5.67873E-02
SCF Iteration 396: Energy = 3.3174110084966704 dE =  5.67873E-02
SCF Iteration 397: Energy = 3.2606237537616947 dE = -5.67873E-02
SCF Iteration 398: Energy = 3.3174110084966673 dE =  5.67873E-02
SCF Iteration 399: Energy = 3.2606237537617035 dE = -5.67873E-02
SCF Iteration 400: Energy = 3.3174110084966730 dE =  5.67873E-02
SCF Iteration 401: Energy = 3.2606237537616978 dE = -5.67873E-02
SCF Iteration 402: Energy = 3.3174110084966646 dE =  5.67873E-02
SCF Iteration 403: Energy = 3.2606237537616902 dE = -5.67873E-02
SCF Iteration 404: Energy = 3.3174110084966610 dE =  5.67873E-02
SCF Iteration 405: Energy = 3.2606237537616964 dE = -5.67873E-02
SCF Iteration 406: Energy = 3.3174110084966668 dE =  5.67873E-02
SCF Iteration 407: Energy = 3.2606237537616876 dE = -5.67873E-02
SCF Iteration 408: Energy = 3.3174110084966619 dE =  5.67873E-02
SCF Iteration 409: Energy = 3.2606237537616964 dE = -5.67873E-02
SCF Iteration 410: Energy = 3.3174110084966610 dE =  5.67873E-02
SCF Iteration 411: Energy = 3.2606237537616947 dE = -5.67873E-02
SCF Iteration 412: Energy = 3.3174110084966668 dE =  5.67873E-02
SCF Iteration 413: Energy = 3.2606237537616991 dE = -5.67873E-02
SCF Iteration 414: Energy = 3.3174110084966619 dE =  5.67873E-02
SCF Iteration 415: Energy = 3.2606237537616787 dE = -5.67873E-02
SCF Iteration 416: Energy = 3.3174110084966588 dE =  5.67873E-02
SCF Iteration 417: Energy = 3.2606237537616916 dE = -5.67873E-02
SCF Iteration 418: Energy = 3.3174110084966628 dE =  5.67873E-02
SCF Iteration 419: Energy = 3.2606237537616933 dE = -5.67873E-02
SCF Iteration 420: Energy = 3.3174110084966664 dE =  5.67873E-02
SCF Iteration 421: Energy = 3.2606237537616929 dE = -5.67873E-02
SCF Iteration 422: Energy = 3.3174110084966664 dE =  5.67873E-02
SCF Iteration 423: Energy = 3.2606237537616898 dE = -5.67873E-02
SCF Iteration 424: Energy = 3.3174110084966637 dE =  5.67873E-02
SCF Iteration 425: Energy = 3.2606237537616911 dE = -5.67873E-02
SCF Iteration 426: Energy = 3.3174110084966699 dE =  5.67873E-02
SCF Iteration 427: Energy = 3.2606237537616876 dE = -5.67873E-02
SCF Iteration 428: Energy = 3.3174110084966664 dE =  5.67873E-02
SCF Iteration 429: Energy = 3.2606237537616902 dE = -5.67873E-02
SCF Iteration 430: Energy = 3.3174110084966673 dE =  5.67873E-02
SCF Iteration 431: Energy = 3.2606237537616911 dE = -5.67873E-02
SCF Iteration 432: Energy = 3.3174110084966637 dE =  5.67873E-02
SCF Iteration 433: Energy = 3.2606237537616858 dE = -5.67873E-02
SCF Iteration 434: Energy = 3.3174110084966619 dE =  5.67873E-02
SCF Iteration 435: Energy = 3.2606237537616849 dE = -5.67873E-02
SCF Iteration 436: Energy = 3.3174110084966650 dE =  5.67873E-02
SCF Iteration 437: Energy = 3.2606237537616929 dE = -5.67873E-02
SCF Iteration 438: Energy = 3.3174110084966664 dE =  5.67873E-02
SCF Iteration 439: Energy = 3.2606237537616867 dE = -5.67873E-02
SCF Iteration 440: Energy = 3.3174110084966624 dE =  5.67873E-02
SCF Iteration 441: Energy = 3.2606237537616884 dE = -5.67873E-02
SCF Iteration 442: Energy = 3.3174110084966597 dE =  5.67873E-02
SCF Iteration 443: Energy = 3.2606237537616920 dE = -5.67873E-02
SCF Iteration 444: Energy = 3.3174110084966593 dE =  5.67873E-02
SCF Iteration 445: Energy = 3.2606237537616831 dE = -5.67873E-02
SCF Iteration 446: Energy = 3.3174110084966602 dE =  5.67873E-02
SCF Iteration 447: Energy = 3.2606237537616876 dE = -5.67873E-02
SCF Iteration 448: Energy = 3.3174110084966615 dE =  5.67873E-02
SCF Iteration 449: Energy = 3.2606237537616911 dE = -5.67873E-02
SCF Iteration 450: Energy = 3.3174110084966593 dE =  5.67873E-02
SCF Iteration 451: Energy = 3.2606237537616902 dE = -5.67873E-02
SCF Iteration 452: Energy = 3.3174110084966681 dE =  5.67873E-02
SCF Iteration 453: Energy = 3.2606237537616902 dE = -5.67873E-02
SCF Iteration 454: Energy = 3.3174110084966673 dE =  5.67873E-02
SCF Iteration 455: Energy = 3.2606237537616853 dE = -5.67873E-02
SCF Iteration 456: Energy = 3.3174110084966664 dE =  5.67873E-02
SCF Iteration 457: Energy = 3.2606237537616858 dE = -5.67873E-02
SCF Iteration 458: Energy = 3.3174110084966557 dE =  5.67873E-02
SCF Iteration 459: Energy = 3.2606237537616836 dE = -5.67873E-02
SCF Iteration 460: Energy = 3.3174110084966628 dE =  5.67873E-02
SCF Iteration 461: Energy = 3.2606237537616920 dE = -5.67873E-02
SCF Iteration 462: Energy = 3.3174110084966646 dE =  5.67873E-02
SCF Iteration 463: Energy = 3.2606237537616876 dE = -5.67873E-02
SCF Iteration 464: Energy = 3.3174110084966690 dE =  5.67873E-02
SCF Iteration 465: Energy = 3.2606237537616938 dE = -5.67873E-02
SCF Iteration 466: Energy = 3.3174110084966681 dE =  5.67873E-02
SCF Iteration 467: Energy = 3.2606237537616938 dE = -5.67873E-02
SCF Iteration 468: Energy = 3.3174110084966646 dE =  5.67873E-02
SCF Iteration 469: Energy = 3.2606237537616929 dE = -5.67873E-02
SCF Iteration 470: Energy = 3.3174110084966619 dE =  5.67873E-02
SCF Iteration 471: Energy = 3.2606237537616871 dE = -5.67873E-02
SCF Iteration 472: Energy = 3.3174110084966646 dE =  5.67873E-02
SCF Iteration 473: Energy = 3.2606237537616938 dE = -5.67873E-02
SCF Iteration 474: Energy = 3.3174110084966646 dE =  5.67873E-02
SCF Iteration 475: Energy = 3.2606237537616858 dE = -5.67873E-02
SCF Iteration 476: Energy = 3.3174110084966615 dE =  5.67873E-02
SCF Iteration 477: Energy = 3.2606237537616840 dE = -5.67873E-02
SCF Iteration 478: Energy = 3.3174110084966641 dE =  5.67873E-02
SCF Iteration 479: Energy = 3.2606237537616911 dE = -5.67873E-02
SCF Iteration 480: Energy = 3.3174110084966673 dE =  5.67873E-02
SCF Iteration 481: Energy = 3.2606237537616991 dE = -5.67873E-02
SCF Iteration 482: Energy = 3.3174110084966664 dE =  5.67873E-02
SCF Iteration 483: Energy = 3.2606237537616929 dE = -5.67873E-02
SCF Iteration 484: Energy = 3.3174110084966659 dE =  5.67873E-02
SCF Iteration 485: Energy = 3.2606237537616893 dE = -5.67873E-02
SCF Iteration 486: Energy = 3.3174110084966655 dE =  5.67873E-02
SCF Iteration 487: Energy = 3.2606237537616840 dE = -5.67873E-02
SCF Iteration 488: Energy = 3.3174110084966633 dE =  5.67873E-02
SCF Iteration 489: Energy = 3.2606237537616991 dE = -5.67873E-02
SCF Iteration 490: Energy = 3.3174110084966699 dE =  5.67873E-02
SCF Iteration 491: Energy = 3.2606237537616876 dE = -5.67873E-02
SCF Iteration 492: Energy = 3.3174110084966655 dE =  5.67873E-02
SCF Iteration 493: Energy = 3.2606237537616893 dE = -5.67873E-02
SCF Iteration 494: Energy = 3.3174110084966593 dE =  5.67873E-02
SCF Iteration 495: Energy = 3.2606237537616920 dE = -5.67873E-02
SCF Iteration 496: Energy = 3.3174110084966673 dE =  5.67873E-02
SCF Iteration 497: Energy = 3.2606237537616902 dE = -5.67873E-02
SCF Iteration 498: Energy = 3.3174110084966668 dE =  5.67873E-02
SCF Iteration 499: Energy = 3.2606237537616884 dE = -5.67873E-02
SCF Iteration 500: Energy = 3.3174110084966602 dE =  5.67873E-02
