
  Memory set to  55.879 GiB by Python driver.
  Threads set to 1 by Python driver.
Settings:
	LOT = CCSD-S1-U21
	wc = 20.0 eV
	lambda = [0.727454 0.       0.      ] a.u.
	Equivalent A0 = LAMBDA / sqrt(2 wc) = [0.6 0.  0. ])
doing QED-CCSD-1 (or QED-CCSD-21)
Number of occupied orbitals:   1
Number of basis functions:  60
SCF Iteration   1: Energy = 2.5823616245325720 dE =  2.58236E+00
SCF Iteration   2: Energy = 2.9800420203240616 dE =  3.97680E-01
SCF Iteration   3: Energy = 2.7834911905037147 dE = -1.96551E-01
SCF Iteration   4: Energy = 2.9844239194628726 dE =  2.00933E-01
SCF Iteration   5: Energy = 2.8653588404382528 dE = -1.19065E-01
SCF Iteration   6: Energy = 2.9941279163955579 dE =  1.28769E-01
SCF Iteration   7: Energy = 2.8989129423852411 dE = -9.52150E-02
SCF Iteration   8: Energy = 2.9991689127442851 dE =  1.00256E-01
SCF Iteration   9: Energy = 2.9133897204842265 dE = -8.57792E-02
SCF Iteration  10: Energy = 3.0007503156098112 dE =  8.73606E-02
SCF Iteration  11: Energy = 2.9191783429099640 dE = -8.15720E-02
SCF Iteration  12: Energy = 3.0002105077909746 dE =  8.10322E-02
SCF Iteration  13: Energy = 2.9206958848469613 dE = -7.95146E-02
SCF Iteration  14: Energy = 2.9985469826060061 dE =  7.78511E-02
SCF Iteration  15: Energy = 2.9201295849301188 dE = -7.84174E-02
SCF Iteration  16: Energy = 2.9964258169453024 dE =  7.62962E-02
SCF Iteration  17: Energy = 2.9186412606706034 dE = -7.77846E-02
SCF Iteration  18: Energy = 2.9942466479117162 dE =  7.56054E-02
SCF Iteration  19: Energy = 2.9168515772997230 dE = -7.73951E-02
SCF Iteration  20: Energy = 2.9922219457992236 dE =  7.53704E-02
SCF Iteration  21: Energy = 2.9150789981689735 dE = -7.71429E-02
SCF Iteration  22: Energy = 2.9904455453653562 dE =  7.53665E-02
SCF Iteration  23: Energy = 2.9134721482645087 dE = -7.69734E-02
SCF Iteration  24: Energy = 2.9889423432410869 dE =  7.54702E-02
SCF Iteration  25: Energy = 2.9120863082338317 dE = -7.68560E-02
SCF Iteration  26: Energy = 2.9877007488052740 dE =  7.56144E-02
SCF Iteration  27: Energy = 2.9109277825587490 dE = -7.67730E-02
SCF Iteration  28: Energy = 2.9866923679093702 dE =  7.57646E-02
SCF Iteration  29: Energy = 2.9099792420284087 dE = -7.67131E-02
SCF Iteration  30: Energy = 2.9858832008520708 dE =  7.59040E-02
SCF Iteration  31: Energy = 2.9092137968441074 dE = -7.66694E-02
SCF Iteration  32: Energy = 2.9852395671428900 dE =  7.60258E-02
SCF Iteration  33: Energy = 2.9086024774322685 dE = -7.66371E-02
SCF Iteration  34: Energy = 2.9847309161537510 dE =  7.61284E-02
SCF Iteration  35: Energy = 2.9081179340351269 dE = -7.66130E-02
SCF Iteration  36: Energy = 2.9843308853360844 dE =  7.62130E-02
SCF Iteration  37: Energy = 2.9077360255196911 dE = -7.65949E-02
SCF Iteration  38: Energy = 2.9840174279299125 dE =  7.62814E-02
SCF Iteration  39: Energy = 2.9074362750707392 dE = -7.65812E-02
SCF Iteration  40: Energy = 2.9837724884638206 dE =  7.63362E-02
SCF Iteration  41: Energy = 2.9072017542990913 dE = -7.65707E-02
SCF Iteration  42: Energy = 2.9835814940620660 dE =  7.63797E-02
SCF Iteration  43: Energy = 2.9070187104840883 dE = -7.65628E-02
SCF Iteration  44: Energy = 2.9834328047098158 dE =  7.64141E-02
SCF Iteration  45: Energy = 2.9068761073423612 dE = -7.65567E-02
SCF Iteration  46: Energy = 2.9833171935025540 dE =  7.64411E-02
SCF Iteration  47: Energy = 2.9067651667279524 dE = -7.65520E-02
SCF Iteration  48: Energy = 2.9832273875050972 dE =  7.64622E-02
SCF Iteration  49: Energy = 2.9066789519812288 dE = -7.65484E-02
SCF Iteration  50: Energy = 2.9831576781162212 dE =  7.64787E-02
SCF Iteration  51: Energy = 2.9066120081697719 dE = -7.65457E-02
SCF Iteration  52: Energy = 2.9831035988557453 dE =  7.64916E-02
SCF Iteration  53: Energy = 2.9065600612065445 dE = -7.65435E-02
SCF Iteration  54: Energy = 2.9830616635448193 dE =  7.65016E-02
SCF Iteration  55: Energy = 2.9065197714696152 dE = -7.65419E-02
SCF Iteration  56: Energy = 2.9830291561723952 dE =  7.65094E-02
SCF Iteration  57: Energy = 2.9064885349789256 dE = -7.65406E-02
SCF Iteration  58: Energy = 2.9830039637414307 dE =  7.65154E-02
SCF Iteration  59: Energy = 2.9064643246137885 dE = -7.65396E-02
SCF Iteration  60: Energy = 2.9829844441718514 dE =  7.65201E-02
SCF Iteration  61: Energy = 2.9064455642662903 dE = -7.65389E-02
SCF Iteration  62: Energy = 2.9829693224154590 dE =  7.65238E-02
SCF Iteration  63: Energy = 2.9064310296570324 dE = -7.65383E-02
SCF Iteration  64: Energy = 2.9829576090563203 dE =  7.65266E-02
SCF Iteration  65: Energy = 2.9064197704919903 dE = -7.65378E-02
SCF Iteration  66: Energy = 2.9829485367061537 dE =  7.65288E-02
SCF Iteration  67: Energy = 2.9064110495617945 dE = -7.65375E-02
SCF Iteration  68: Energy = 2.9829415104094670 dE =  7.65305E-02
SCF Iteration  69: Energy = 2.9064042952104225 dE = -7.65372E-02
SCF Iteration  70: Energy = 2.9829360690347873 dE =  7.65318E-02
SCF Iteration  71: Energy = 2.9063990643062061 dE = -7.65370E-02
SCF Iteration  72: Energy = 2.9829318552556359 dE =  7.65328E-02
SCF Iteration  73: Energy = 2.9063950134352785 dE = -7.65368E-02
SCF Iteration  74: Energy = 2.9829285922323114 dE =  7.65336E-02
SCF Iteration  75: Energy = 2.9063918765155825 dE = -7.65367E-02
SCF Iteration  76: Energy = 2.9829260655119869 dE =  7.65342E-02
SCF Iteration  77: Energy = 2.9063894474149925 dE = -7.65366E-02
SCF Iteration  78: Energy = 2.9829241089873602 dE =  7.65347E-02
SCF Iteration  79: Energy = 2.9063875664634757 dE = -7.65365E-02
SCF Iteration  80: Energy = 2.9829225940083619 dE =  7.65350E-02
SCF Iteration  81: Energy = 2.9063861099920860 dE = -7.65365E-02
SCF Iteration  82: Energy = 2.9829214209419801 dE =  7.65353E-02
SCF Iteration  83: Energy = 2.9063849822226713 dE = -7.65364E-02
SCF Iteration  84: Energy = 2.9829205126312437 dE =  7.65355E-02
SCF Iteration  85: Energy = 2.9063841089818974 dE = -7.65364E-02
SCF Iteration  86: Energy = 2.9829198093271998 dE =  7.65357E-02
SCF Iteration  87: Energy = 2.9063834328302471 dE = -7.65364E-02
SCF Iteration  88: Energy = 2.9829192647627281 dE =  7.65358E-02
SCF Iteration  89: Energy = 2.9063829092884061 dE = -7.65364E-02
SCF Iteration  90: Energy = 2.9829188431113041 dE =  7.65359E-02
SCF Iteration  91: Energy = 2.9063825039137887 dE = -7.65363E-02
SCF Iteration  92: Energy = 2.9829185166314440 dE =  7.65360E-02
SCF Iteration  93: Energy = 2.9063821900364308 dE = -7.65363E-02
SCF Iteration  94: Energy = 2.9829182638425396 dE =  7.65361E-02
SCF Iteration  95: Energy = 2.9063819470051691 dE = -7.65363E-02
SCF Iteration  96: Energy = 2.9829180681119292 dE =  7.65361E-02
SCF Iteration  97: Energy = 2.9063817588295802 dE = -7.65363E-02
SCF Iteration  98: Energy = 2.9829179165609272 dE =  7.65362E-02
SCF Iteration  99: Energy = 2.9063816131282096 dE = -7.65363E-02
SCF Iteration 100: Energy = 2.9829177992176303 dE =  7.65362E-02
SCF Iteration 101: Energy = 2.9063815003141040 dE = -7.65363E-02
SCF Iteration 102: Energy = 2.9829177083608283 dE =  7.65362E-02
SCF Iteration 103: Energy = 2.9063814129641501 dE = -7.65363E-02
SCF Iteration 104: Energy = 2.9829176380121085 dE =  7.65362E-02
SCF Iteration 105: Energy = 2.9063813453306864 dE = -7.65363E-02
SCF Iteration 106: Energy = 2.9829175835424486 dE =  7.65362E-02
SCF Iteration 107: Energy = 2.9063812929633848 dE = -7.65363E-02
SCF Iteration 108: Energy = 2.9829175413676374 dE =  7.65362E-02
SCF Iteration 109: Energy = 2.9063812524163799 dE = -7.65363E-02
SCF Iteration 110: Energy = 2.9829175087125206 dE =  7.65363E-02
SCF Iteration 111: Energy = 2.9063812210216429 dE = -7.65363E-02
SCF Iteration 112: Energy = 2.9829174834283201 dE =  7.65363E-02
SCF Iteration 113: Energy = 2.9063811967133213 dE = -7.65363E-02
SCF Iteration 114: Energy = 2.9829174638512699 dE =  7.65363E-02
SCF Iteration 115: Energy = 2.9063811778918742 dE = -7.65363E-02
SCF Iteration 116: Energy = 2.9829174486931547 dE =  7.65363E-02
SCF Iteration 117: Energy = 2.9063811633188004 dE = -7.65363E-02
SCF Iteration 118: Energy = 2.9829174369565408 dE =  7.65363E-02
SCF Iteration 119: Energy = 2.9063811520351770 dE = -7.65363E-02
SCF Iteration 120: Energy = 2.9829174278691140 dE =  7.65363E-02
SCF Iteration 121: Energy = 2.9063811432984945 dE = -7.65363E-02
SCF Iteration 122: Energy = 2.9829174208328966 dE =  7.65363E-02
SCF Iteration 123: Energy = 2.9063811365338497 dE = -7.65363E-02
SCF Iteration 124: Energy = 2.9829174153849083 dE =  7.65363E-02
SCF Iteration 125: Energy = 2.9063811312961318 dE = -7.65363E-02
SCF Iteration 126: Energy = 2.9829174111666434 dE =  7.65363E-02
SCF Iteration 127: Energy = 2.9063811272406772 dE = -7.65363E-02
SCF Iteration 128: Energy = 2.9829174079005250 dE =  7.65363E-02
SCF Iteration 129: Energy = 2.9063811241006157 dE = -7.65363E-02
SCF Iteration 130: Energy = 2.9829174053716354 dE =  7.65363E-02
SCF Iteration 131: Energy = 2.9063811216693294 dE = -7.65363E-02
SCF Iteration 132: Energy = 2.9829174034135781 dE =  7.65363E-02
SCF Iteration 133: Energy = 2.9063811197868379 dE = -7.65363E-02
SCF Iteration 134: Energy = 2.9829174018974873 dE =  7.65363E-02
SCF Iteration 135: Energy = 2.9063811183292572 dE = -7.65363E-02
SCF Iteration 136: Energy = 2.9829174007236041 dE =  7.65363E-02
SCF Iteration 137: Energy = 2.9063811172006901 dE = -7.65363E-02
SCF Iteration 138: Energy = 2.9829173998146938 dE =  7.65363E-02
SCF Iteration 139: Energy = 2.9063811163268634 dE = -7.65363E-02
SCF Iteration 140: Energy = 2.9829173991109452 dE =  7.65363E-02
SCF Iteration 141: Energy = 2.9063811156502837 dE = -7.65363E-02
SCF Iteration 142: Energy = 2.9829173985660504 dE =  7.65363E-02
SCF Iteration 143: Energy = 2.9063811151264112 dE = -7.65363E-02
SCF Iteration 144: Energy = 2.9829173981441430 dE =  7.65363E-02
SCF Iteration 145: Energy = 2.9063811147207854 dE = -7.65363E-02
SCF Iteration 146: Energy = 2.9829173978174728 dE =  7.65363E-02
SCF Iteration 147: Energy = 2.9063811144067313 dE = -7.65363E-02
SCF Iteration 148: Energy = 2.9829173975645276 dE =  7.65363E-02
SCF Iteration 149: Energy = 2.9063811141635520 dE = -7.65363E-02
SCF Iteration 150: Energy = 2.9829173973686962 dE =  7.65363E-02
SCF Iteration 151: Energy = 2.9063811139752742 dE = -7.65363E-02
SCF Iteration 152: Energy = 2.9829173972170562 dE =  7.65363E-02
SCF Iteration 153: Energy = 2.9063811138294851 dE = -7.65363E-02
SCF Iteration 154: Energy = 2.9829173970996479 dE =  7.65363E-02
SCF Iteration 155: Energy = 2.9063811137166060 dE = -7.65363E-02
SCF Iteration 156: Energy = 2.9829173970087339 dE =  7.65363E-02
SCF Iteration 157: Energy = 2.9063811136292017 dE = -7.65363E-02
SCF Iteration 158: Energy = 2.9829173969383529 dE =  7.65363E-02
SCF Iteration 159: Energy = 2.9063811135615341 dE = -7.65363E-02
SCF Iteration 160: Energy = 2.9829173968838520 dE =  7.65363E-02
SCF Iteration 161: Energy = 2.9063811135091360 dE = -7.65363E-02
SCF Iteration 162: Energy = 2.9829173968416520 dE =  7.65363E-02
SCF Iteration 163: Energy = 2.9063811134685720 dE = -7.65363E-02
SCF Iteration 164: Energy = 2.9829173968089755 dE =  7.65363E-02
SCF Iteration 165: Energy = 2.9063811134371549 dE = -7.65363E-02
SCF Iteration 166: Energy = 2.9829173967836726 dE =  7.65363E-02
SCF Iteration 167: Energy = 2.9063811134128259 dE = -7.65363E-02
SCF Iteration 168: Energy = 2.9829173967640914 dE =  7.65363E-02
SCF Iteration 169: Energy = 2.9063811133940032 dE = -7.65363E-02
SCF Iteration 170: Energy = 2.9829173967489191 dE =  7.65363E-02
SCF Iteration 171: Energy = 2.9063811133794246 dE = -7.65363E-02
SCF Iteration 172: Energy = 2.9829173967371778 dE =  7.65363E-02
SCF Iteration 173: Energy = 2.9063811133681314 dE = -7.65363E-02
SCF Iteration 174: Energy = 2.9829173967280855 dE =  7.65363E-02
SCF Iteration 175: Energy = 2.9063811133593882 dE = -7.65363E-02
SCF Iteration 176: Energy = 2.9829173967210512 dE =  7.65363E-02
SCF Iteration 177: Energy = 2.9063811133526136 dE = -7.65363E-02
SCF Iteration 178: Energy = 2.9829173967155960 dE =  7.65363E-02
SCF Iteration 179: Energy = 2.9063811133473800 dE = -7.65363E-02
SCF Iteration 180: Energy = 2.9829173967113727 dE =  7.65363E-02
SCF Iteration 181: Energy = 2.9063811133433228 dE = -7.65363E-02
SCF Iteration 182: Energy = 2.9829173967081095 dE =  7.65363E-02
SCF Iteration 183: Energy = 2.9063811133401796 dE = -7.65363E-02
SCF Iteration 184: Energy = 2.9829173967055866 dE =  7.65363E-02
SCF Iteration 185: Energy = 2.9063811133377562 dE = -7.65363E-02
SCF Iteration 186: Energy = 2.9829173967036207 dE =  7.65363E-02
SCF Iteration 187: Energy = 2.9063811133358683 dE = -7.65363E-02
SCF Iteration 188: Energy = 2.9829173967021045 dE =  7.65363E-02
SCF Iteration 189: Energy = 2.9063811133344064 dE = -7.65363E-02
SCF Iteration 190: Energy = 2.9829173967009224 dE =  7.65363E-02
SCF Iteration 191: Energy = 2.9063811133332731 dE = -7.65363E-02
SCF Iteration 192: Energy = 2.9829173967000195 dE =  7.65363E-02
SCF Iteration 193: Energy = 2.9063811133323991 dE = -7.65363E-02
SCF Iteration 194: Energy = 2.9829173966993121 dE =  7.65363E-02
SCF Iteration 195: Energy = 2.9063811133317268 dE = -7.65363E-02
SCF Iteration 196: Energy = 2.9829173966987694 dE =  7.65363E-02
SCF Iteration 197: Energy = 2.9063811133312036 dE = -7.65363E-02
SCF Iteration 198: Energy = 2.9829173966983484 dE =  7.65363E-02
SCF Iteration 199: Energy = 2.9063811133307991 dE = -7.65363E-02
SCF Iteration 200: Energy = 2.9829173966980225 dE =  7.65363E-02
SCF Iteration 201: Energy = 2.9063811133304869 dE = -7.65363E-02
SCF Iteration 202: Energy = 2.9829173966977698 dE =  7.65363E-02
SCF Iteration 203: Energy = 2.9063811133302426 dE = -7.65363E-02
SCF Iteration 204: Energy = 2.9829173966975731 dE =  7.65363E-02
SCF Iteration 205: Energy = 2.9063811133300490 dE = -7.65363E-02
SCF Iteration 206: Energy = 2.9829173966974176 dE =  7.65363E-02
SCF Iteration 207: Energy = 2.9063811133299060 dE = -7.65363E-02
SCF Iteration 208: Energy = 2.9829173966973017 dE =  7.65363E-02
SCF Iteration 209: Energy = 2.9063811133297959 dE = -7.65363E-02
SCF Iteration 210: Energy = 2.9829173966972093 dE =  7.65363E-02
SCF Iteration 211: Energy = 2.9063811133297053 dE = -7.65363E-02
SCF Iteration 212: Energy = 2.9829173966971370 dE =  7.65363E-02
SCF Iteration 213: Energy = 2.9063811133296369 dE = -7.65363E-02
SCF Iteration 214: Energy = 2.9829173966970841 dE =  7.65363E-02
SCF Iteration 215: Energy = 2.9063811133295889 dE = -7.65363E-02
SCF Iteration 216: Energy = 2.9829173966970410 dE =  7.65363E-02
SCF Iteration 217: Energy = 2.9063811133295445 dE = -7.65363E-02
SCF Iteration 218: Energy = 2.9829173966970073 dE =  7.65363E-02
SCF Iteration 219: Energy = 2.9063811133295125 dE = -7.65363E-02
SCF Iteration 220: Energy = 2.9829173966969860 dE =  7.65363E-02
SCF Iteration 221: Energy = 2.9063811133294837 dE = -7.65363E-02
SCF Iteration 222: Energy = 2.9829173966969700 dE =  7.65363E-02
SCF Iteration 223: Energy = 2.9063811133294717 dE = -7.65363E-02
SCF Iteration 224: Energy = 2.9829173966969544 dE =  7.65363E-02
SCF Iteration 225: Energy = 2.9063811133294597 dE = -7.65363E-02
SCF Iteration 226: Energy = 2.9829173966969367 dE =  7.65363E-02
SCF Iteration 227: Energy = 2.9063811133294379 dE = -7.65363E-02
SCF Iteration 228: Energy = 2.9829173966969247 dE =  7.65363E-02
SCF Iteration 229: Energy = 2.9063811133294326 dE = -7.65363E-02
SCF Iteration 230: Energy = 2.9829173966969216 dE =  7.65363E-02
SCF Iteration 231: Energy = 2.9063811133294224 dE = -7.65363E-02
SCF Iteration 232: Energy = 2.9829173966969060 dE =  7.65363E-02
SCF Iteration 233: Energy = 2.9063811133294122 dE = -7.65363E-02
SCF Iteration 234: Energy = 2.9829173966969069 dE =  7.65363E-02
SCF Iteration 235: Energy = 2.9063811133294148 dE = -7.65363E-02
SCF Iteration 236: Energy = 2.9829173966969096 dE =  7.65363E-02
SCF Iteration 237: Energy = 2.9063811133294175 dE = -7.65363E-02
SCF Iteration 238: Energy = 2.9829173966969091 dE =  7.65363E-02
SCF Iteration 239: Energy = 2.9063811133294175 dE = -7.65363E-02
SCF Iteration 240: Energy = 2.9829173966969060 dE =  7.65363E-02
SCF Iteration 241: Energy = 2.9063811133294166 dE = -7.65363E-02
SCF Iteration 242: Energy = 2.9829173966969043 dE =  7.65363E-02
SCF Iteration 243: Energy = 2.9063811133294095 dE = -7.65363E-02
SCF Iteration 244: Energy = 2.9829173966969020 dE =  7.65363E-02
SCF Iteration 245: Energy = 2.9063811133294077 dE = -7.65363E-02
SCF Iteration 246: Energy = 2.9829173966969083 dE =  7.65363E-02
SCF Iteration 247: Energy = 2.9063811133294157 dE = -7.65363E-02
SCF Iteration 248: Energy = 2.9829173966968989 dE =  7.65363E-02
SCF Iteration 249: Energy = 2.9063811133294122 dE = -7.65363E-02
SCF Iteration 250: Energy = 2.9829173966969016 dE =  7.65363E-02
SCF Iteration 251: Energy = 2.9063811133294077 dE = -7.65363E-02
SCF Iteration 252: Energy = 2.9829173966968963 dE =  7.65363E-02
SCF Iteration 253: Energy = 2.9063811133293989 dE = -7.65363E-02
SCF Iteration 254: Energy = 2.9829173966968994 dE =  7.65363E-02
SCF Iteration 255: Energy = 2.9063811133294086 dE = -7.65363E-02
SCF Iteration 256: Energy = 2.9829173966969038 dE =  7.65363E-02
SCF Iteration 257: Energy = 2.9063811133294100 dE = -7.65363E-02
SCF Iteration 258: Energy = 2.9829173966969025 dE =  7.65363E-02
SCF Iteration 259: Energy = 2.9063811133294069 dE = -7.65363E-02
SCF Iteration 260: Energy = 2.9829173966969020 dE =  7.65363E-02
SCF Iteration 261: Energy = 2.9063811133294077 dE = -7.65363E-02
SCF Iteration 262: Energy = 2.9829173966969011 dE =  7.65363E-02
SCF Iteration 263: Energy = 2.9063811133294015 dE = -7.65363E-02
SCF Iteration 264: Energy = 2.9829173966968967 dE =  7.65363E-02
SCF Iteration 265: Energy = 2.9063811133294077 dE = -7.65363E-02
SCF Iteration 266: Energy = 2.9829173966969020 dE =  7.65363E-02
SCF Iteration 267: Energy = 2.9063811133294011 dE = -7.65363E-02
SCF Iteration 268: Energy = 2.9829173966968900 dE =  7.65363E-02
SCF Iteration 269: Energy = 2.9063811133293980 dE = -7.65363E-02
SCF Iteration 270: Energy = 2.9829173966968900 dE =  7.65363E-02
SCF Iteration 271: Energy = 2.9063811133294006 dE = -7.65363E-02
SCF Iteration 272: Energy = 2.9829173966968936 dE =  7.65363E-02
SCF Iteration 273: Energy = 2.9063811133293980 dE = -7.65363E-02
SCF Iteration 274: Energy = 2.9829173966968949 dE =  7.65363E-02
SCF Iteration 275: Energy = 2.9063811133294024 dE = -7.65363E-02
SCF Iteration 276: Energy = 2.9829173966968963 dE =  7.65363E-02
SCF Iteration 277: Energy = 2.9063811133294042 dE = -7.65363E-02
SCF Iteration 278: Energy = 2.9829173966968927 dE =  7.65363E-02
SCF Iteration 279: Energy = 2.9063811133293993 dE = -7.65363E-02
SCF Iteration 280: Energy = 2.9829173966969007 dE =  7.65363E-02
SCF Iteration 281: Energy = 2.9063811133294033 dE = -7.65363E-02
SCF Iteration 282: Energy = 2.9829173966968971 dE =  7.65363E-02
SCF Iteration 283: Energy = 2.9063811133294020 dE = -7.65363E-02
SCF Iteration 284: Energy = 2.9829173966968963 dE =  7.65363E-02
SCF Iteration 285: Energy = 2.9063811133294020 dE = -7.65363E-02
SCF Iteration 286: Energy = 2.9829173966968980 dE =  7.65363E-02
SCF Iteration 287: Energy = 2.9063811133294024 dE = -7.65363E-02
SCF Iteration 288: Energy = 2.9829173966968998 dE =  7.65363E-02
SCF Iteration 289: Energy = 2.9063811133294042 dE = -7.65363E-02
SCF Iteration 290: Energy = 2.9829173966968980 dE =  7.65363E-02
SCF Iteration 291: Energy = 2.9063811133294104 dE = -7.65363E-02
SCF Iteration 292: Energy = 2.9829173966969016 dE =  7.65363E-02
SCF Iteration 293: Energy = 2.9063811133294024 dE = -7.65363E-02
SCF Iteration 294: Energy = 2.9829173966969016 dE =  7.65363E-02
SCF Iteration 295: Energy = 2.9063811133294140 dE = -7.65363E-02
SCF Iteration 296: Energy = 2.9829173966969016 dE =  7.65363E-02
SCF Iteration 297: Energy = 2.9063811133294104 dE = -7.65363E-02
SCF Iteration 298: Energy = 2.9829173966969029 dE =  7.65363E-02
SCF Iteration 299: Energy = 2.9063811133294055 dE = -7.65363E-02
SCF Iteration 300: Energy = 2.9829173966968954 dE =  7.65363E-02
SCF Iteration 301: Energy = 2.9063811133294024 dE = -7.65363E-02
SCF Iteration 302: Energy = 2.9829173966968949 dE =  7.65363E-02
SCF Iteration 303: Energy = 2.9063811133294033 dE = -7.65363E-02
SCF Iteration 304: Energy = 2.9829173966968971 dE =  7.65363E-02
SCF Iteration 305: Energy = 2.9063811133294042 dE = -7.65363E-02
SCF Iteration 306: Energy = 2.9829173966968945 dE =  7.65363E-02
SCF Iteration 307: Energy = 2.9063811133294033 dE = -7.65363E-02
SCF Iteration 308: Energy = 2.9829173966968936 dE =  7.65363E-02
SCF Iteration 309: Energy = 2.9063811133293997 dE = -7.65363E-02
SCF Iteration 310: Energy = 2.9829173966968936 dE =  7.65363E-02
SCF Iteration 311: Energy = 2.9063811133293895 dE = -7.65363E-02
SCF Iteration 312: Energy = 2.9829173966968900 dE =  7.65363E-02
SCF Iteration 313: Energy = 2.9063811133294051 dE = -7.65363E-02
SCF Iteration 314: Energy = 2.9829173966968918 dE =  7.65363E-02
SCF Iteration 315: Energy = 2.9063811133294006 dE = -7.65363E-02
SCF Iteration 316: Energy = 2.9829173966968954 dE =  7.65363E-02
SCF Iteration 317: Energy = 2.9063811133293984 dE = -7.65363E-02
SCF Iteration 318: Energy = 2.9829173966968963 dE =  7.65363E-02
SCF Iteration 319: Energy = 2.9063811133294015 dE = -7.65363E-02
SCF Iteration 320: Energy = 2.9829173966968896 dE =  7.65363E-02
SCF Iteration 321: Energy = 2.9063811133293944 dE = -7.65363E-02
SCF Iteration 322: Energy = 2.9829173966968918 dE =  7.65363E-02
SCF Iteration 323: Energy = 2.9063811133293953 dE = -7.65363E-02
SCF Iteration 324: Energy = 2.9829173966969007 dE =  7.65363E-02
SCF Iteration 325: Energy = 2.9063811133294011 dE = -7.65363E-02
SCF Iteration 326: Energy = 2.9829173966968945 dE =  7.65363E-02
SCF Iteration 327: Energy = 2.9063811133293984 dE = -7.65363E-02
SCF Iteration 328: Energy = 2.9829173966968958 dE =  7.65363E-02
SCF Iteration 329: Energy = 2.9063811133293962 dE = -7.65363E-02
SCF Iteration 330: Energy = 2.9829173966968945 dE =  7.65363E-02
SCF Iteration 331: Energy = 2.9063811133294002 dE = -7.65363E-02
SCF Iteration 332: Energy = 2.9829173966968949 dE =  7.65363E-02
SCF Iteration 333: Energy = 2.9063811133293953 dE = -7.65363E-02
SCF Iteration 334: Energy = 2.9829173966968900 dE =  7.65363E-02
SCF Iteration 335: Energy = 2.9063811133293926 dE = -7.65363E-02
SCF Iteration 336: Energy = 2.9829173966968914 dE =  7.65363E-02
SCF Iteration 337: Energy = 2.9063811133294015 dE = -7.65363E-02
SCF Iteration 338: Energy = 2.9829173966968900 dE =  7.65363E-02
SCF Iteration 339: Energy = 2.9063811133293926 dE = -7.65363E-02
SCF Iteration 340: Energy = 2.9829173966968883 dE =  7.65363E-02
SCF Iteration 341: Energy = 2.9063811133293989 dE = -7.65363E-02
SCF Iteration 342: Energy = 2.9829173966968892 dE =  7.65363E-02
SCF Iteration 343: Energy = 2.9063811133293989 dE = -7.65363E-02
SCF Iteration 344: Energy = 2.9829173966968909 dE =  7.65363E-02
SCF Iteration 345: Energy = 2.9063811133293949 dE = -7.65363E-02
SCF Iteration 346: Energy = 2.9829173966968865 dE =  7.65363E-02
SCF Iteration 347: Energy = 2.9063811133293971 dE = -7.65363E-02
SCF Iteration 348: Energy = 2.9829173966968869 dE =  7.65363E-02
SCF Iteration 349: Energy = 2.9063811133293984 dE = -7.65363E-02
SCF Iteration 350: Energy = 2.9829173966968918 dE =  7.65363E-02
SCF Iteration 351: Energy = 2.9063811133294046 dE = -7.65363E-02
SCF Iteration 352: Energy = 2.9829173966969011 dE =  7.65363E-02
SCF Iteration 353: Energy = 2.9063811133294006 dE = -7.65363E-02
SCF Iteration 354: Energy = 2.9829173966969007 dE =  7.65363E-02
SCF Iteration 355: Energy = 2.9063811133294073 dE = -7.65363E-02
SCF Iteration 356: Energy = 2.9829173966969007 dE =  7.65363E-02
SCF Iteration 357: Energy = 2.9063811133294024 dE = -7.65363E-02
SCF Iteration 358: Energy = 2.9829173966968980 dE =  7.65363E-02
SCF Iteration 359: Energy = 2.9063811133294055 dE = -7.65363E-02
SCF Iteration 360: Energy = 2.9829173966968998 dE =  7.65363E-02
SCF Iteration 361: Energy = 2.9063811133294033 dE = -7.65363E-02
SCF Iteration 362: Energy = 2.9829173966969051 dE =  7.65363E-02
SCF Iteration 363: Energy = 2.9063811133294077 dE = -7.65363E-02
SCF Iteration 364: Energy = 2.9829173966968958 dE =  7.65363E-02
SCF Iteration 365: Energy = 2.9063811133294015 dE = -7.65363E-02
SCF Iteration 366: Energy = 2.9829173966968967 dE =  7.65363E-02
SCF Iteration 367: Energy = 2.9063811133294006 dE = -7.65363E-02
SCF Iteration 368: Energy = 2.9829173966968985 dE =  7.65363E-02
SCF Iteration 369: Energy = 2.9063811133294002 dE = -7.65363E-02
SCF Iteration 370: Energy = 2.9829173966969025 dE =  7.65363E-02
SCF Iteration 371: Energy = 2.9063811133294024 dE = -7.65363E-02
SCF Iteration 372: Energy = 2.9829173966968980 dE =  7.65363E-02
SCF Iteration 373: Energy = 2.9063811133294015 dE = -7.65363E-02
SCF Iteration 374: Energy = 2.9829173966968954 dE =  7.65363E-02
SCF Iteration 375: Energy = 2.9063811133294051 dE = -7.65363E-02
SCF Iteration 376: Energy = 2.9829173966968963 dE =  7.65363E-02
SCF Iteration 377: Energy = 2.9063811133294024 dE = -7.65363E-02
SCF Iteration 378: Energy = 2.9829173966968971 dE =  7.65363E-02
SCF Iteration 379: Energy = 2.9063811133293993 dE = -7.65363E-02
SCF Iteration 380: Energy = 2.9829173966968936 dE =  7.65363E-02
SCF Iteration 381: Energy = 2.9063811133293962 dE = -7.65363E-02
SCF Iteration 382: Energy = 2.9829173966968918 dE =  7.65363E-02
SCF Iteration 383: Energy = 2.9063811133293935 dE = -7.65363E-02
SCF Iteration 384: Energy = 2.9829173966968932 dE =  7.65363E-02
SCF Iteration 385: Energy = 2.9063811133293971 dE = -7.65363E-02
SCF Iteration 386: Energy = 2.9829173966968945 dE =  7.65363E-02
SCF Iteration 387: Energy = 2.9063811133293980 dE = -7.65363E-02
SCF Iteration 388: Energy = 2.9829173966968927 dE =  7.65363E-02
SCF Iteration 389: Energy = 2.9063811133293993 dE = -7.65363E-02
SCF Iteration 390: Energy = 2.9829173966968909 dE =  7.65363E-02
SCF Iteration 391: Energy = 2.9063811133293975 dE = -7.65363E-02
SCF Iteration 392: Energy = 2.9829173966968874 dE =  7.65363E-02
SCF Iteration 393: Energy = 2.9063811133293971 dE = -7.65363E-02
SCF Iteration 394: Energy = 2.9829173966968923 dE =  7.65363E-02
SCF Iteration 395: Energy = 2.9063811133293971 dE = -7.65363E-02
SCF Iteration 396: Energy = 2.9829173966968963 dE =  7.65363E-02
SCF Iteration 397: Energy = 2.9063811133293944 dE = -7.65363E-02
SCF Iteration 398: Energy = 2.9829173966968945 dE =  7.65363E-02
SCF Iteration 399: Energy = 2.9063811133293971 dE = -7.65363E-02
SCF Iteration 400: Energy = 2.9829173966968883 dE =  7.65363E-02
SCF Iteration 401: Energy = 2.9063811133293953 dE = -7.65363E-02
SCF Iteration 402: Energy = 2.9829173966968945 dE =  7.65363E-02
SCF Iteration 403: Energy = 2.9063811133293984 dE = -7.65363E-02
SCF Iteration 404: Energy = 2.9829173966968909 dE =  7.65363E-02
SCF Iteration 405: Energy = 2.9063811133293962 dE = -7.65363E-02
SCF Iteration 406: Energy = 2.9829173966968936 dE =  7.65363E-02
SCF Iteration 407: Energy = 2.9063811133294015 dE = -7.65363E-02
SCF Iteration 408: Energy = 2.9829173966968932 dE =  7.65363E-02
SCF Iteration 409: Energy = 2.9063811133293997 dE = -7.65363E-02
SCF Iteration 410: Energy = 2.9829173966968940 dE =  7.65363E-02
SCF Iteration 411: Energy = 2.9063811133294037 dE = -7.65363E-02
SCF Iteration 412: Energy = 2.9829173966968918 dE =  7.65363E-02
SCF Iteration 413: Energy = 2.9063811133293935 dE = -7.65363E-02
SCF Iteration 414: Energy = 2.9829173966968874 dE =  7.65363E-02
SCF Iteration 415: Energy = 2.9063811133293944 dE = -7.65363E-02
SCF Iteration 416: Energy = 2.9829173966968909 dE =  7.65363E-02
SCF Iteration 417: Energy = 2.9063811133293935 dE = -7.65363E-02
SCF Iteration 418: Energy = 2.9829173966968980 dE =  7.65363E-02
SCF Iteration 419: Energy = 2.9063811133294037 dE = -7.65363E-02
SCF Iteration 420: Energy = 2.9829173966968949 dE =  7.65363E-02
SCF Iteration 421: Energy = 2.9063811133294020 dE = -7.65363E-02
SCF Iteration 422: Energy = 2.9829173966968985 dE =  7.65363E-02
SCF Iteration 423: Energy = 2.9063811133293989 dE = -7.65363E-02
SCF Iteration 424: Energy = 2.9829173966968945 dE =  7.65363E-02
SCF Iteration 425: Energy = 2.9063811133293997 dE = -7.65363E-02
SCF Iteration 426: Energy = 2.9829173966968976 dE =  7.65363E-02
SCF Iteration 427: Energy = 2.9063811133294033 dE = -7.65363E-02
SCF Iteration 428: Energy = 2.9829173966968963 dE =  7.65363E-02
SCF Iteration 429: Energy = 2.9063811133294033 dE = -7.65363E-02
SCF Iteration 430: Energy = 2.9829173966968954 dE =  7.65363E-02
SCF Iteration 431: Energy = 2.9063811133293980 dE = -7.65363E-02
SCF Iteration 432: Energy = 2.9829173966968936 dE =  7.65363E-02
SCF Iteration 433: Energy = 2.9063811133294011 dE = -7.65363E-02
SCF Iteration 434: Energy = 2.9829173966968954 dE =  7.65363E-02
SCF Iteration 435: Energy = 2.9063811133293993 dE = -7.65363E-02
SCF Iteration 436: Energy = 2.9829173966968923 dE =  7.65363E-02
SCF Iteration 437: Energy = 2.9063811133293971 dE = -7.65363E-02
SCF Iteration 438: Energy = 2.9829173966968963 dE =  7.65363E-02
SCF Iteration 439: Energy = 2.9063811133293997 dE = -7.65363E-02
SCF Iteration 440: Energy = 2.9829173966968989 dE =  7.65363E-02
SCF Iteration 441: Energy = 2.9063811133294051 dE = -7.65363E-02
SCF Iteration 442: Energy = 2.9829173966968976 dE =  7.65363E-02
SCF Iteration 443: Energy = 2.9063811133294064 dE = -7.65363E-02
SCF Iteration 444: Energy = 2.9829173966968971 dE =  7.65363E-02
SCF Iteration 445: Energy = 2.9063811133293975 dE = -7.65363E-02
SCF Iteration 446: Energy = 2.9829173966968963 dE =  7.65363E-02
SCF Iteration 447: Energy = 2.9063811133293980 dE = -7.65363E-02
SCF Iteration 448: Energy = 2.9829173966968892 dE =  7.65363E-02
SCF Iteration 449: Energy = 2.9063811133293993 dE = -7.65363E-02
SCF Iteration 450: Energy = 2.9829173966968927 dE =  7.65363E-02
SCF Iteration 451: Energy = 2.9063811133293953 dE = -7.65363E-02
SCF Iteration 452: Energy = 2.9829173966968954 dE =  7.65363E-02
SCF Iteration 453: Energy = 2.9063811133293993 dE = -7.65363E-02
SCF Iteration 454: Energy = 2.9829173966968980 dE =  7.65363E-02
SCF Iteration 455: Energy = 2.9063811133294033 dE = -7.65363E-02
SCF Iteration 456: Energy = 2.9829173966968954 dE =  7.65363E-02
SCF Iteration 457: Energy = 2.9063811133293989 dE = -7.65363E-02
SCF Iteration 458: Energy = 2.9829173966968918 dE =  7.65363E-02
SCF Iteration 459: Energy = 2.9063811133294006 dE = -7.65363E-02
SCF Iteration 460: Energy = 2.9829173966968918 dE =  7.65363E-02
SCF Iteration 461: Energy = 2.9063811133293971 dE = -7.65363E-02
SCF Iteration 462: Energy = 2.9829173966968985 dE =  7.65363E-02
SCF Iteration 463: Energy = 2.9063811133294024 dE = -7.65363E-02
SCF Iteration 464: Energy = 2.9829173966968892 dE =  7.65363E-02
SCF Iteration 465: Energy = 2.9063811133294033 dE = -7.65363E-02
SCF Iteration 466: Energy = 2.9829173966968998 dE =  7.65363E-02
SCF Iteration 467: Energy = 2.9063811133294051 dE = -7.65363E-02
SCF Iteration 468: Energy = 2.9829173966969007 dE =  7.65363E-02
SCF Iteration 469: Energy = 2.9063811133293993 dE = -7.65363E-02
SCF Iteration 470: Energy = 2.9829173966968989 dE =  7.65363E-02
SCF Iteration 471: Energy = 2.9063811133294060 dE = -7.65363E-02
SCF Iteration 472: Energy = 2.9829173966968985 dE =  7.65363E-02
SCF Iteration 473: Energy = 2.9063811133294024 dE = -7.65363E-02
SCF Iteration 474: Energy = 2.9829173966969007 dE =  7.65363E-02
SCF Iteration 475: Energy = 2.9063811133294104 dE = -7.65363E-02
SCF Iteration 476: Energy = 2.9829173966968989 dE =  7.65363E-02
SCF Iteration 477: Energy = 2.9063811133293997 dE = -7.65363E-02
SCF Iteration 478: Energy = 2.9829173966969007 dE =  7.65363E-02
SCF Iteration 479: Energy = 2.9063811133294024 dE = -7.65363E-02
SCF Iteration 480: Energy = 2.9829173966968963 dE =  7.65363E-02
SCF Iteration 481: Energy = 2.9063811133294033 dE = -7.65363E-02
SCF Iteration 482: Energy = 2.9829173966968989 dE =  7.65363E-02
SCF Iteration 483: Energy = 2.9063811133294086 dE = -7.65363E-02
SCF Iteration 484: Energy = 2.9829173966969060 dE =  7.65363E-02
SCF Iteration 485: Energy = 2.9063811133294033 dE = -7.65363E-02
SCF Iteration 486: Energy = 2.9829173966968976 dE =  7.65363E-02
SCF Iteration 487: Energy = 2.9063811133294104 dE = -7.65363E-02
SCF Iteration 488: Energy = 2.9829173966968958 dE =  7.65363E-02
SCF Iteration 489: Energy = 2.9063811133293962 dE = -7.65363E-02
SCF Iteration 490: Energy = 2.9829173966968971 dE =  7.65363E-02
SCF Iteration 491: Energy = 2.9063811133294002 dE = -7.65363E-02
SCF Iteration 492: Energy = 2.9829173966969025 dE =  7.65363E-02
SCF Iteration 493: Energy = 2.9063811133294104 dE = -7.65363E-02
SCF Iteration 494: Energy = 2.9829173966968989 dE =  7.65363E-02
SCF Iteration 495: Energy = 2.9063811133294060 dE = -7.65363E-02
SCF Iteration 496: Energy = 2.9829173966968927 dE =  7.65363E-02
SCF Iteration 497: Energy = 2.9063811133294006 dE = -7.65363E-02
SCF Iteration 498: Energy = 2.9829173966968967 dE =  7.65363E-02
SCF Iteration 499: Energy = 2.9063811133293980 dE = -7.65363E-02
SCF Iteration 500: Energy = 2.9829173966969007 dE =  7.65363E-02
