
  Memory set to  55.879 GiB by Python driver.
  Threads set to 1 by Python driver.
Settings:
	LOT = CCSD-S1-U21
	wc = 20.0 eV
	lambda = [0.727454 0.       0.      ] a.u.
	Equivalent A0 = LAMBDA / sqrt(2 wc) = [0.6 0.  0. ])
doing QED-CCSD-1 (or QED-CCSD-21)
Number of occupied orbitals:   1
Number of basis functions:  60
SCF Iteration   1: Energy = 3.2381534323896628 dE =  3.23815E+00
SCF Iteration   2: Energy = 3.5999253759224166 dE =  3.61772E-01
SCF Iteration   3: Energy = 3.4195220020951895 dE = -1.80403E-01
SCF Iteration   4: Energy = 3.6017607953702124 dE =  1.82239E-01
SCF Iteration   5: Energy = 3.5071556345466193 dE = -9.46052E-02
SCF Iteration   6: Energy = 3.6141579811354578 dE =  1.07002E-01
SCF Iteration   7: Energy = 3.5471760950663134 dE = -6.69819E-02
SCF Iteration   8: Energy = 3.6218022999100543 dE =  7.46262E-02
SCF Iteration   9: Energy = 3.5656862820957875 dE = -5.61160E-02
SCF Iteration  10: Energy = 3.6249161846610263 dE =  5.92299E-02
SCF Iteration  11: Energy = 3.5736146393143611 dE = -5.13015E-02
SCF Iteration  12: Energy = 3.6249625706939139 dE =  5.13479E-02
SCF Iteration  13: Energy = 3.5760177572982750 dE = -4.89448E-02
SCF Iteration  14: Energy = 3.6231939483556443 dE =  4.71762E-02
SCF Iteration  15: Energy = 3.5755278497545580 dE = -4.76661E-02
SCF Iteration  16: Energy = 3.6205100552035638 dE =  4.49822E-02
SCF Iteration  17: Energy = 3.5736128747855056 dE = -4.68972E-02
SCF Iteration  18: Energy = 3.6174991518958795 dE =  4.38863E-02
SCF Iteration  19: Energy = 3.5711077784179550 dE = -4.63914E-02
SCF Iteration  20: Energy = 3.6145146452487729 dE =  4.34069E-02
SCF Iteration  21: Energy = 3.5684794795590609 dE = -4.60352E-02
SCF Iteration  22: Energy = 3.6117483817350755 dE =  4.32689E-02
SCF Iteration  23: Energy = 3.5659760067131900 dE = -4.57724E-02
SCF Iteration  24: Energy = 3.6092884220271890 dE =  4.33124E-02
SCF Iteration  25: Energy = 3.5637157575370551 dE = -4.55727E-02
SCF Iteration  26: Energy = 3.6071601590649216 dE =  4.34444E-02
SCF Iteration  27: Energy = 3.5617420863713054 dE = -4.54181E-02
SCF Iteration  28: Energy = 3.6053537126572235 dE =  4.36116E-02
SCF Iteration  29: Energy = 3.5600566815918921 dE = -4.52970E-02
SCF Iteration  30: Energy = 3.6038412906683792 dE =  4.37846E-02
SCF Iteration  31: Energy = 3.5586397207656377 dE = -4.52016E-02
SCF Iteration  32: Energy = 3.6025877030009994 dE =  4.39480E-02
SCF Iteration  33: Energy = 3.5574617770503143 dE = -4.51259E-02
SCF Iteration  34: Energy = 3.6015564144214385 dE =  4.40946E-02
SCF Iteration  35: Energy = 3.5564906218261250 dE = -4.50658E-02
SCF Iteration  36: Energy = 3.6007127943550854 dE =  4.42222E-02
SCF Iteration  37: Energy = 3.5556949128093538 dE = -4.50179E-02
SCF Iteration  38: Energy = 3.6000256638514450 dE =  4.43308E-02
SCF Iteration  39: Energy = 3.5550460176676411 dE = -4.49796E-02
SCF Iteration  40: Energy = 3.5994678462591070 dE =  4.44218E-02
SCF Iteration  41: Energy = 3.5545187508001246 dE = -4.49491E-02
SCF Iteration  42: Energy = 3.5990161634322893 dE =  4.44974E-02
SCF Iteration  43: Energy = 3.5540915009597716 dE = -4.49247E-02
SCF Iteration  44: Energy = 3.5986511468188280 dE =  4.45596E-02
SCF Iteration  45: Energy = 3.5537460384338062 dE = -4.49051E-02
SCF Iteration  46: Energy = 3.5983566230085597 dE =  4.46106E-02
SCF Iteration  47: Energy = 3.5534671725996652 dE = -4.48895E-02
SCF Iteration  48: Energy = 3.5981192648298381 dE =  4.46521E-02
SCF Iteration  49: Energy = 3.5532423579180565 dE = -4.48769E-02
SCF Iteration  50: Energy = 3.5979281571723463 dE =  4.46858E-02
SCF Iteration  51: Energy = 3.5530613021237438 dE = -4.48669E-02
SCF Iteration  52: Energy = 3.5977744016314417 dE =  4.47131E-02
SCF Iteration  53: Energy = 3.5529156038624152 dE = -4.48588E-02
SCF Iteration  54: Energy = 3.5976507694797566 dE =  4.47352E-02
SCF Iteration  55: Energy = 3.5527984315253320 dE = -4.48523E-02
SCF Iteration  56: Energy = 3.5975514043259209 dE =  4.47530E-02
SCF Iteration  57: Energy = 3.5527042462847338 dE = -4.48472E-02
SCF Iteration  58: Energy = 3.5974715715638417 dE =  4.47673E-02
SCF Iteration  59: Energy = 3.5526285676599145 dE = -4.48430E-02
SCF Iteration  60: Energy = 3.5974074497547530 dE =  4.47789E-02
SCF Iteration  61: Energy = 3.5525677776851015 dE = -4.48397E-02
SCF Iteration  62: Energy = 3.5973559584365011 dE =  4.47882E-02
SCF Iteration  63: Energy = 3.5525189588863451 dE = -4.48370E-02
SCF Iteration  64: Energy = 3.5973146169229753 dE =  4.47957E-02
SCF Iteration  65: Energy = 3.5524797611814365 dE = -4.48349E-02
SCF Iteration  66: Energy = 3.5972814290849211 dE =  4.48017E-02
SCF Iteration  67: Energy = 3.5524482931238279 dE = -4.48331E-02
SCF Iteration  68: Energy = 3.5972547896837592 dE =  4.48065E-02
SCF Iteration  69: Energy = 3.5524230333992568 dE = -4.48318E-02
SCF Iteration  70: Energy = 3.5972334084461197 dE =  4.48104E-02
SCF Iteration  71: Energy = 3.5524027590282299 dE = -4.48306E-02
SCF Iteration  72: Energy = 3.5972162486560992 dE =  4.48135E-02
SCF Iteration  73: Energy = 3.5523864872609887 dE = -4.48298E-02
SCF Iteration  74: Energy = 3.5972024775749571 dE =  4.48160E-02
SCF Iteration  75: Energy = 3.5523734286415243 dE = -4.48290E-02
SCF Iteration  76: Energy = 3.5971914264644016 dE =  4.48180E-02
SCF Iteration  77: Energy = 3.5523629491487121 dE = -4.48285E-02
SCF Iteration  78: Energy = 3.5971825583870181 dE =  4.48196E-02
SCF Iteration  79: Energy = 3.5523545396937446 dE = -4.48280E-02
SCF Iteration  80: Energy = 3.5971754422923077 dE =  4.48209E-02
SCF Iteration  81: Energy = 3.5523477915662274 dE = -4.48277E-02
SCF Iteration  82: Energy = 3.5971697321747480 dE =  4.48219E-02
SCF Iteration  83: Energy = 3.5523423766826085 dE = -4.48274E-02
SCF Iteration  84: Energy = 3.5971651503196527 dE =  4.48228E-02
SCF Iteration  85: Energy = 3.5523380317062947 dE = -4.48271E-02
SCF Iteration  86: Energy = 3.5971614738405351 dE =  4.48234E-02
SCF Iteration  87: Energy = 3.5523345452860444 dE = -4.48269E-02
SCF Iteration  88: Energy = 3.5971585238645192 dE =  4.48240E-02
SCF Iteration  89: Energy = 3.5523317478036929 dE = -4.48268E-02
SCF Iteration  90: Energy = 3.5971561568473009 dE =  4.48244E-02
SCF Iteration  91: Energy = 3.5523295031400832 dE = -4.48267E-02
SCF Iteration  92: Energy = 3.5971542575995357 dE =  4.48248E-02
SCF Iteration  93: Energy = 3.5523277020632356 dE = -4.48266E-02
SCF Iteration  94: Energy = 3.5971527336882407 dE =  4.48250E-02
SCF Iteration  95: Energy = 3.5523262569198981 dE = -4.48265E-02
SCF Iteration  96: Energy = 3.5971515109427696 dE =  4.48253E-02
SCF Iteration  97: Energy = 3.5523250973744451 dE = -4.48264E-02
SCF Iteration  98: Energy = 3.5971505298477093 dE =  4.48254E-02
SCF Iteration  99: Energy = 3.5523241669884036 dE = -4.48264E-02
SCF Iteration 100: Energy = 3.5971497426477321 dE =  4.48256E-02
SCF Iteration 101: Energy = 3.5523234204752452 dE = -4.48263E-02
SCF Iteration 102: Energy = 3.5971491110243208 dE =  4.48257E-02
SCF Iteration 103: Energy = 3.5523228214972669 dE = -4.48263E-02
SCF Iteration 104: Energy = 3.5971486042311915 dE =  4.48258E-02
SCF Iteration 105: Energy = 3.5523223408975215 dE = -4.48263E-02
SCF Iteration 106: Energy = 3.5971481975981265 dE =  4.48259E-02
SCF Iteration 107: Energy = 3.5523219552809686 dE = -4.48262E-02
SCF Iteration 108: Energy = 3.5971478713302871 dE =  4.48259E-02
SCF Iteration 109: Energy = 3.5523216458759599 dE = -4.48262E-02
SCF Iteration 110: Energy = 3.5971476095448360 dE =  4.48260E-02
SCF Iteration 111: Energy = 3.5523213976205712 dE = -4.48262E-02
SCF Iteration 112: Energy = 3.5971473994978296 dE =  4.48260E-02
SCF Iteration 113: Energy = 3.5523211984295471 dE = -4.48262E-02
SCF Iteration 114: Energy = 3.5971472309639210 dE =  4.48260E-02
SCF Iteration 115: Energy = 3.5523210386060655 dE = -4.48262E-02
SCF Iteration 116: Energy = 3.5971470957386282 dE =  4.48261E-02
SCF Iteration 117: Energy = 3.5523209103696707 dE = -4.48262E-02
SCF Iteration 118: Energy = 3.5971469872389572 dE =  4.48261E-02
SCF Iteration 119: Energy = 3.5523208074776202 dE = -4.48262E-02
SCF Iteration 120: Energy = 3.5971469001829370 dE =  4.48261E-02
SCF Iteration 121: Energy = 3.5523207249209454 dE = -4.48262E-02
SCF Iteration 122: Energy = 3.5971468303324943 dE =  4.48261E-02
SCF Iteration 123: Energy = 3.5523206586805887 dE = -4.48262E-02
SCF Iteration 124: Energy = 3.5971467742871597 dE =  4.48261E-02
SCF Iteration 125: Energy = 3.5523206055318561 dE = -4.48262E-02
SCF Iteration 126: Energy = 3.5971467293185388 dE =  4.48261E-02
SCF Iteration 127: Energy = 3.5523205628873495 dE = -4.48262E-02
SCF Iteration 128: Energy = 3.5971466932374208 dE =  4.48261E-02
SCF Iteration 129: Energy = 3.5523205286710282 dE = -4.48262E-02
SCF Iteration 130: Energy = 3.5971466642873344 dE =  4.48261E-02
SCF Iteration 131: Energy = 3.5523205012171597 dE = -4.48262E-02
SCF Iteration 132: Energy = 3.5971466410588886 dE =  4.48261E-02
SCF Iteration 133: Energy = 3.5523204791892349 dE = -4.48262E-02
SCF Iteration 134: Energy = 3.5971466224212718 dE =  4.48261E-02
SCF Iteration 135: Energy = 3.5523204615148689 dE = -4.48262E-02
SCF Iteration 136: Energy = 3.5971466074671747 dE =  4.48261E-02
SCF Iteration 137: Energy = 3.5523204473336465 dE = -4.48262E-02
SCF Iteration 138: Energy = 3.5971465954685704 dE =  4.48261E-02
SCF Iteration 139: Energy = 3.5523204359551621 dE = -4.48262E-02
SCF Iteration 140: Energy = 3.5971465858413620 dE =  4.48261E-02
SCF Iteration 141: Energy = 3.5523204268255215 dE = -4.48262E-02
SCF Iteration 142: Energy = 3.5971465781168539 dE =  4.48262E-02
SCF Iteration 143: Energy = 3.5523204195002367 dE = -4.48262E-02
SCF Iteration 144: Energy = 3.5971465719190143 dE =  4.48262E-02
SCF Iteration 145: Energy = 3.5523204136227164 dE = -4.48262E-02
SCF Iteration 146: Energy = 3.5971465669461060 dE =  4.48262E-02
SCF Iteration 147: Energy = 3.5523204089068199 dE = -4.48262E-02
SCF Iteration 148: Energy = 3.5971465629560355 dE =  4.48262E-02
SCF Iteration 149: Energy = 3.5523204051229755 dE = -4.48262E-02
SCF Iteration 150: Energy = 3.5971465597545529 dE =  4.48262E-02
SCF Iteration 151: Energy = 3.5523204020869614 dE = -4.48262E-02
SCF Iteration 152: Energy = 3.5971465571858121 dE =  4.48262E-02
SCF Iteration 153: Energy = 3.5523203996509722 dE = -4.48262E-02
SCF Iteration 154: Energy = 3.5971465551247501 dE =  4.48262E-02
SCF Iteration 155: Energy = 3.5523203976964393 dE = -4.48262E-02
SCF Iteration 156: Energy = 3.5971465534710361 dE =  4.48262E-02
SCF Iteration 157: Energy = 3.5523203961281911 dE = -4.48262E-02
SCF Iteration 158: Energy = 3.5971465521441561 dE =  4.48262E-02
SCF Iteration 159: Energy = 3.5523203948698865 dE = -4.48262E-02
SCF Iteration 160: Energy = 3.5971465510795211 dE =  4.48262E-02
SCF Iteration 161: Energy = 3.5523203938602665 dE = -4.48262E-02
SCF Iteration 162: Energy = 3.5971465502253026 dE =  4.48262E-02
SCF Iteration 163: Energy = 3.5523203930502052 dE = -4.48262E-02
SCF Iteration 164: Energy = 3.5971465495399064 dE =  4.48262E-02
SCF Iteration 165: Energy = 3.5523203924002327 dE = -4.48262E-02
SCF Iteration 166: Energy = 3.5971465489899734 dE =  4.48262E-02
SCF Iteration 167: Energy = 3.5523203918787072 dE = -4.48262E-02
SCF Iteration 168: Energy = 3.5971465485487237 dE =  4.48262E-02
SCF Iteration 169: Energy = 3.5523203914602779 dE = -4.48262E-02
SCF Iteration 170: Energy = 3.5971465481946798 dE =  4.48262E-02
SCF Iteration 171: Energy = 3.5523203911245318 dE = -4.48262E-02
SCF Iteration 172: Energy = 3.5971465479106093 dE =  4.48262E-02
SCF Iteration 173: Energy = 3.5523203908551406 dE = -4.48262E-02
SCF Iteration 174: Energy = 3.5971465476826840 dE =  4.48262E-02
SCF Iteration 175: Energy = 3.5523203906390051 dE = -4.48262E-02
SCF Iteration 176: Energy = 3.5971465474998232 dE =  4.48262E-02
SCF Iteration 177: Energy = 3.5523203904655811 dE = -4.48262E-02
SCF Iteration 178: Energy = 3.5971465473530859 dE =  4.48262E-02
SCF Iteration 179: Energy = 3.5523203903264284 dE = -4.48262E-02
SCF Iteration 180: Energy = 3.5971465472353534 dE =  4.48262E-02
SCF Iteration 181: Energy = 3.5523203902147769 dE = -4.48262E-02
SCF Iteration 182: Energy = 3.5971465471408806 dE =  4.48262E-02
SCF Iteration 183: Energy = 3.5523203901251978 dE = -4.48262E-02
SCF Iteration 184: Energy = 3.5971465470650856 dE =  4.48262E-02
SCF Iteration 185: Energy = 3.5523203900533198 dE = -4.48262E-02
SCF Iteration 186: Energy = 3.5971465470042738 dE =  4.48262E-02
SCF Iteration 187: Energy = 3.5523203899956468 dE = -4.48262E-02
SCF Iteration 188: Energy = 3.5971465469554809 dE =  4.48262E-02
SCF Iteration 189: Energy = 3.5523203899493794 dE = -4.48262E-02
SCF Iteration 190: Energy = 3.5971465469163229 dE =  4.48262E-02
SCF Iteration 191: Energy = 3.5523203899122446 dE = -4.48262E-02
SCF Iteration 192: Energy = 3.5971465468849133 dE =  4.48262E-02
SCF Iteration 193: Energy = 3.5523203898824618 dE = -4.48262E-02
SCF Iteration 194: Energy = 3.5971465468597135 dE =  4.48262E-02
SCF Iteration 195: Energy = 3.5523203898585591 dE = -4.48262E-02
SCF Iteration 196: Energy = 3.5971465468394928 dE =  4.48262E-02
SCF Iteration 197: Energy = 3.5523203898393767 dE = -4.48262E-02
SCF Iteration 198: Energy = 3.5971465468232489 dE =  4.48262E-02
SCF Iteration 199: Energy = 3.5523203898239863 dE = -4.48262E-02
SCF Iteration 200: Energy = 3.5971465468102370 dE =  4.48262E-02
SCF Iteration 201: Energy = 3.5523203898116367 dE = -4.48262E-02
SCF Iteration 202: Energy = 3.5971465467997894 dE =  4.48262E-02
SCF Iteration 203: Energy = 3.5523203898017361 dE = -4.48262E-02
SCF Iteration 204: Energy = 3.5971465467914077 dE =  4.48262E-02
SCF Iteration 205: Energy = 3.5523203897937878 dE = -4.48262E-02
SCF Iteration 206: Energy = 3.5971465467846806 dE =  4.48262E-02
SCF Iteration 207: Energy = 3.5523203897874085 dE = -4.48262E-02
SCF Iteration 208: Energy = 3.5971465467792814 dE =  4.48262E-02
SCF Iteration 209: Energy = 3.5523203897822855 dE = -4.48262E-02
SCF Iteration 210: Energy = 3.5971465467749550 dE =  4.48262E-02
SCF Iteration 211: Energy = 3.5523203897781821 dE = -4.48262E-02
SCF Iteration 212: Energy = 3.5971465467714823 dE =  4.48262E-02
SCF Iteration 213: Energy = 3.5523203897748821 dE = -4.48262E-02
SCF Iteration 214: Energy = 3.5971465467686818 dE =  4.48262E-02
SCF Iteration 215: Energy = 3.5523203897722362 dE = -4.48262E-02
SCF Iteration 216: Energy = 3.5971465467664578 dE =  4.48262E-02
SCF Iteration 217: Energy = 3.5523203897701205 dE = -4.48262E-02
SCF Iteration 218: Energy = 3.5971465467646584 dE =  4.48262E-02
SCF Iteration 219: Energy = 3.5523203897684197 dE = -4.48262E-02
SCF Iteration 220: Energy = 3.5971465467632191 dE =  4.48262E-02
SCF Iteration 221: Energy = 3.5523203897670514 dE = -4.48262E-02
SCF Iteration 222: Energy = 3.5971465467620667 dE =  4.48262E-02
SCF Iteration 223: Energy = 3.5523203897659608 dE = -4.48262E-02
SCF Iteration 224: Energy = 3.5971465467611394 dE =  4.48262E-02
SCF Iteration 225: Energy = 3.5523203897650784 dE = -4.48262E-02
SCF Iteration 226: Energy = 3.5971465467603987 dE =  4.48262E-02
SCF Iteration 227: Energy = 3.5523203897643669 dE = -4.48262E-02
SCF Iteration 228: Energy = 3.5971465467598045 dE =  4.48262E-02
SCF Iteration 229: Energy = 3.5523203897638127 dE = -4.48262E-02
SCF Iteration 230: Energy = 3.5971465467593298 dE =  4.48262E-02
SCF Iteration 231: Energy = 3.5523203897633544 dE = -4.48262E-02
SCF Iteration 232: Energy = 3.5971465467589394 dE =  4.48262E-02
SCF Iteration 233: Energy = 3.5523203897629951 dE = -4.48262E-02
SCF Iteration 234: Energy = 3.5971465467586348 dE =  4.48262E-02
SCF Iteration 235: Energy = 3.5523203897627020 dE = -4.48262E-02
SCF Iteration 236: Energy = 3.5971465467583790 dE =  4.48262E-02
SCF Iteration 237: Energy = 3.5523203897624636 dE = -4.48262E-02
SCF Iteration 238: Energy = 3.5971465467581818 dE =  4.48262E-02
SCF Iteration 239: Energy = 3.5523203897622744 dE = -4.48262E-02
SCF Iteration 240: Energy = 3.5971465467580299 dE =  4.48262E-02
SCF Iteration 241: Energy = 3.5523203897621287 dE = -4.48262E-02
SCF Iteration 242: Energy = 3.5971465467579002 dE =  4.48262E-02
SCF Iteration 243: Energy = 3.5523203897620061 dE = -4.48262E-02
SCF Iteration 244: Energy = 3.5971465467577959 dE =  4.48262E-02
SCF Iteration 245: Energy = 3.5523203897619107 dE = -4.48262E-02
SCF Iteration 246: Energy = 3.5971465467577128 dE =  4.48262E-02
SCF Iteration 247: Energy = 3.5523203897618338 dE = -4.48262E-02
SCF Iteration 248: Energy = 3.5971465467576471 dE =  4.48262E-02
SCF Iteration 249: Energy = 3.5523203897617672 dE = -4.48262E-02
SCF Iteration 250: Energy = 3.5971465467575992 dE =  4.48262E-02
SCF Iteration 251: Energy = 3.5523203897617166 dE = -4.48262E-02
SCF Iteration 252: Energy = 3.5971465467575565 dE =  4.48262E-02
SCF Iteration 253: Energy = 3.5523203897616855 dE = -4.48262E-02
SCF Iteration 254: Energy = 3.5971465467575183 dE =  4.48262E-02
SCF Iteration 255: Energy = 3.5523203897616429 dE = -4.48262E-02
SCF Iteration 256: Energy = 3.5971465467574952 dE =  4.48262E-02
SCF Iteration 257: Energy = 3.5523203897616171 dE = -4.48262E-02
SCF Iteration 258: Energy = 3.5971465467574695 dE =  4.48262E-02
SCF Iteration 259: Energy = 3.5523203897615985 dE = -4.48262E-02
SCF Iteration 260: Energy = 3.5971465467574473 dE =  4.48262E-02
SCF Iteration 261: Energy = 3.5523203897615843 dE = -4.48262E-02
SCF Iteration 262: Energy = 3.5971465467574384 dE =  4.48262E-02
SCF Iteration 263: Energy = 3.5523203897615745 dE = -4.48262E-02
SCF Iteration 264: Energy = 3.5971465467574251 dE =  4.48262E-02
SCF Iteration 265: Energy = 3.5523203897615581 dE = -4.48262E-02
SCF Iteration 266: Energy = 3.5971465467574135 dE =  4.48262E-02
SCF Iteration 267: Energy = 3.5523203897615478 dE = -4.48262E-02
SCF Iteration 268: Energy = 3.5971465467574033 dE =  4.48262E-02
SCF Iteration 269: Energy = 3.5523203897615336 dE = -4.48262E-02
SCF Iteration 270: Energy = 3.5971465467573980 dE =  4.48262E-02
SCF Iteration 271: Energy = 3.5523203897615354 dE = -4.48262E-02
SCF Iteration 272: Energy = 3.5971465467573895 dE =  4.48262E-02
SCF Iteration 273: Energy = 3.5523203897615203 dE = -4.48262E-02
SCF Iteration 274: Energy = 3.5971465467573833 dE =  4.48262E-02
SCF Iteration 275: Energy = 3.5523203897615274 dE = -4.48262E-02
SCF Iteration 276: Energy = 3.5971465467573904 dE =  4.48262E-02
SCF Iteration 277: Energy = 3.5523203897615216 dE = -4.48262E-02
SCF Iteration 278: Energy = 3.5971465467573940 dE =  4.48262E-02
SCF Iteration 279: Energy = 3.5523203897615185 dE = -4.48262E-02
SCF Iteration 280: Energy = 3.5971465467573949 dE =  4.48262E-02
SCF Iteration 281: Energy = 3.5523203897615176 dE = -4.48262E-02
SCF Iteration 282: Energy = 3.5971465467573949 dE =  4.48262E-02
SCF Iteration 283: Energy = 3.5523203897615243 dE = -4.48262E-02
SCF Iteration 284: Energy = 3.5971465467573971 dE =  4.48262E-02
SCF Iteration 285: Energy = 3.5523203897615248 dE = -4.48262E-02
SCF Iteration 286: Energy = 3.5971465467573882 dE =  4.48262E-02
SCF Iteration 287: Energy = 3.5523203897615243 dE = -4.48262E-02
SCF Iteration 288: Energy = 3.5971465467573931 dE =  4.48262E-02
SCF Iteration 289: Energy = 3.5523203897615172 dE = -4.48262E-02
SCF Iteration 290: Energy = 3.5971465467573838 dE =  4.48262E-02
SCF Iteration 291: Energy = 3.5523203897615190 dE = -4.48262E-02
SCF Iteration 292: Energy = 3.5971465467573855 dE =  4.48262E-02
SCF Iteration 293: Energy = 3.5523203897615168 dE = -4.48262E-02
SCF Iteration 294: Energy = 3.5971465467573780 dE =  4.48262E-02
SCF Iteration 295: Energy = 3.5523203897615145 dE = -4.48262E-02
SCF Iteration 296: Energy = 3.5971465467573869 dE =  4.48262E-02
SCF Iteration 297: Energy = 3.5523203897615132 dE = -4.48262E-02
SCF Iteration 298: Energy = 3.5971465467573842 dE =  4.48262E-02
SCF Iteration 299: Energy = 3.5523203897615101 dE = -4.48262E-02
SCF Iteration 300: Energy = 3.5971465467573691 dE =  4.48262E-02
SCF Iteration 301: Energy = 3.5523203897615061 dE = -4.48262E-02
SCF Iteration 302: Energy = 3.5971465467573789 dE =  4.48262E-02
SCF Iteration 303: Energy = 3.5523203897615123 dE = -4.48262E-02
SCF Iteration 304: Energy = 3.5971465467573758 dE =  4.48262E-02
SCF Iteration 305: Energy = 3.5523203897615168 dE = -4.48262E-02
SCF Iteration 306: Energy = 3.5971465467573820 dE =  4.48262E-02
SCF Iteration 307: Energy = 3.5523203897615159 dE = -4.48262E-02
SCF Iteration 308: Energy = 3.5971465467573887 dE =  4.48262E-02
SCF Iteration 309: Energy = 3.5523203897615132 dE = -4.48262E-02
SCF Iteration 310: Energy = 3.5971465467573833 dE =  4.48262E-02
SCF Iteration 311: Energy = 3.5523203897615181 dE = -4.48262E-02
SCF Iteration 312: Energy = 3.5971465467573842 dE =  4.48262E-02
SCF Iteration 313: Energy = 3.5523203897615181 dE = -4.48262E-02
SCF Iteration 314: Energy = 3.5971465467573789 dE =  4.48262E-02
SCF Iteration 315: Energy = 3.5523203897615225 dE = -4.48262E-02
SCF Iteration 316: Energy = 3.5971465467573869 dE =  4.48262E-02
SCF Iteration 317: Energy = 3.5523203897615194 dE = -4.48262E-02
SCF Iteration 318: Energy = 3.5971465467573904 dE =  4.48262E-02
SCF Iteration 319: Energy = 3.5523203897615239 dE = -4.48262E-02
SCF Iteration 320: Energy = 3.5971465467573860 dE =  4.48262E-02
SCF Iteration 321: Energy = 3.5523203897615185 dE = -4.48262E-02
SCF Iteration 322: Energy = 3.5971465467573913 dE =  4.48262E-02
SCF Iteration 323: Energy = 3.5523203897615239 dE = -4.48262E-02
SCF Iteration 324: Energy = 3.5971465467573869 dE =  4.48262E-02
SCF Iteration 325: Energy = 3.5523203897615194 dE = -4.48262E-02
SCF Iteration 326: Energy = 3.5971465467573904 dE =  4.48262E-02
SCF Iteration 327: Energy = 3.5523203897615119 dE = -4.48262E-02
SCF Iteration 328: Energy = 3.5971465467573873 dE =  4.48262E-02
SCF Iteration 329: Energy = 3.5523203897615168 dE = -4.48262E-02
SCF Iteration 330: Energy = 3.5971465467573833 dE =  4.48262E-02
SCF Iteration 331: Energy = 3.5523203897615190 dE = -4.48262E-02
SCF Iteration 332: Energy = 3.5971465467573744 dE =  4.48262E-02
SCF Iteration 333: Energy = 3.5523203897615123 dE = -4.48262E-02
SCF Iteration 334: Energy = 3.5971465467573802 dE =  4.48262E-02
SCF Iteration 335: Energy = 3.5523203897615083 dE = -4.48262E-02
SCF Iteration 336: Energy = 3.5971465467573731 dE =  4.48262E-02
SCF Iteration 337: Energy = 3.5523203897615168 dE = -4.48262E-02
SCF Iteration 338: Energy = 3.5971465467573771 dE =  4.48262E-02
SCF Iteration 339: Energy = 3.5523203897615092 dE = -4.48262E-02
SCF Iteration 340: Energy = 3.5971465467573713 dE =  4.48262E-02
SCF Iteration 341: Energy = 3.5523203897615119 dE = -4.48262E-02
SCF Iteration 342: Energy = 3.5971465467573700 dE =  4.48262E-02
SCF Iteration 343: Energy = 3.5523203897615079 dE = -4.48262E-02
SCF Iteration 344: Energy = 3.5971465467573798 dE =  4.48262E-02
SCF Iteration 345: Energy = 3.5523203897615097 dE = -4.48262E-02
SCF Iteration 346: Energy = 3.5971465467573820 dE =  4.48262E-02
SCF Iteration 347: Energy = 3.5523203897615132 dE = -4.48262E-02
SCF Iteration 348: Energy = 3.5971465467573807 dE =  4.48262E-02
SCF Iteration 349: Energy = 3.5523203897615176 dE = -4.48262E-02
SCF Iteration 350: Energy = 3.5971465467573815 dE =  4.48262E-02
SCF Iteration 351: Energy = 3.5523203897615168 dE = -4.48262E-02
SCF Iteration 352: Energy = 3.5971465467573815 dE =  4.48262E-02
SCF Iteration 353: Energy = 3.5523203897615105 dE = -4.48262E-02
SCF Iteration 354: Energy = 3.5971465467573753 dE =  4.48262E-02
SCF Iteration 355: Energy = 3.5523203897615199 dE = -4.48262E-02
SCF Iteration 356: Energy = 3.5971465467573829 dE =  4.48262E-02
SCF Iteration 357: Energy = 3.5523203897615221 dE = -4.48262E-02
SCF Iteration 358: Energy = 3.5971465467573878 dE =  4.48262E-02
SCF Iteration 359: Energy = 3.5523203897615132 dE = -4.48262E-02
SCF Iteration 360: Energy = 3.5971465467573869 dE =  4.48262E-02
SCF Iteration 361: Energy = 3.5523203897615150 dE = -4.48262E-02
SCF Iteration 362: Energy = 3.5971465467573780 dE =  4.48262E-02
SCF Iteration 363: Energy = 3.5523203897615212 dE = -4.48262E-02
SCF Iteration 364: Energy = 3.5971465467573753 dE =  4.48262E-02
SCF Iteration 365: Energy = 3.5523203897615141 dE = -4.48262E-02
SCF Iteration 366: Energy = 3.5971465467573789 dE =  4.48262E-02
SCF Iteration 367: Energy = 3.5523203897615052 dE = -4.48262E-02
SCF Iteration 368: Energy = 3.5971465467573798 dE =  4.48262E-02
SCF Iteration 369: Energy = 3.5523203897615065 dE = -4.48262E-02
SCF Iteration 370: Energy = 3.5971465467573798 dE =  4.48262E-02
SCF Iteration 371: Energy = 3.5523203897615163 dE = -4.48262E-02
SCF Iteration 372: Energy = 3.5971465467573744 dE =  4.48262E-02
SCF Iteration 373: Energy = 3.5523203897615114 dE = -4.48262E-02
SCF Iteration 374: Energy = 3.5971465467573758 dE =  4.48262E-02
SCF Iteration 375: Energy = 3.5523203897615154 dE = -4.48262E-02
SCF Iteration 376: Energy = 3.5971465467573824 dE =  4.48262E-02
SCF Iteration 377: Energy = 3.5523203897615101 dE = -4.48262E-02
SCF Iteration 378: Energy = 3.5971465467573807 dE =  4.48262E-02
SCF Iteration 379: Energy = 3.5523203897615190 dE = -4.48262E-02
SCF Iteration 380: Energy = 3.5971465467573762 dE =  4.48262E-02
SCF Iteration 381: Energy = 3.5523203897615145 dE = -4.48262E-02
SCF Iteration 382: Energy = 3.5971465467573771 dE =  4.48262E-02
SCF Iteration 383: Energy = 3.5523203897615114 dE = -4.48262E-02
SCF Iteration 384: Energy = 3.5971465467573775 dE =  4.48262E-02
SCF Iteration 385: Energy = 3.5523203897615176 dE = -4.48262E-02
SCF Iteration 386: Energy = 3.5971465467573762 dE =  4.48262E-02
SCF Iteration 387: Energy = 3.5523203897615141 dE = -4.48262E-02
SCF Iteration 388: Energy = 3.5971465467573798 dE =  4.48262E-02
SCF Iteration 389: Energy = 3.5523203897615203 dE = -4.48262E-02
SCF Iteration 390: Energy = 3.5971465467573784 dE =  4.48262E-02
SCF Iteration 391: Energy = 3.5523203897615141 dE = -4.48262E-02
SCF Iteration 392: Energy = 3.5971465467573824 dE =  4.48262E-02
SCF Iteration 393: Energy = 3.5523203897615159 dE = -4.48262E-02
SCF Iteration 394: Energy = 3.5971465467573798 dE =  4.48262E-02
SCF Iteration 395: Energy = 3.5523203897615114 dE = -4.48262E-02
SCF Iteration 396: Energy = 3.5971465467573775 dE =  4.48262E-02
SCF Iteration 397: Energy = 3.5523203897615128 dE = -4.48262E-02
SCF Iteration 398: Energy = 3.5971465467573878 dE =  4.48262E-02
SCF Iteration 399: Energy = 3.5523203897615141 dE = -4.48262E-02
SCF Iteration 400: Energy = 3.5971465467573882 dE =  4.48262E-02
SCF Iteration 401: Energy = 3.5523203897615216 dE = -4.48262E-02
SCF Iteration 402: Energy = 3.5971465467573869 dE =  4.48262E-02
SCF Iteration 403: Energy = 3.5523203897615181 dE = -4.48262E-02
SCF Iteration 404: Energy = 3.5971465467573780 dE =  4.48262E-02
SCF Iteration 405: Energy = 3.5523203897615168 dE = -4.48262E-02
SCF Iteration 406: Energy = 3.5971465467573798 dE =  4.48262E-02
SCF Iteration 407: Energy = 3.5523203897615132 dE = -4.48262E-02
SCF Iteration 408: Energy = 3.5971465467573798 dE =  4.48262E-02
SCF Iteration 409: Energy = 3.5523203897615097 dE = -4.48262E-02
SCF Iteration 410: Energy = 3.5971465467573762 dE =  4.48262E-02
SCF Iteration 411: Energy = 3.5523203897615168 dE = -4.48262E-02
SCF Iteration 412: Energy = 3.5971465467573789 dE =  4.48262E-02
SCF Iteration 413: Energy = 3.5523203897615105 dE = -4.48262E-02
SCF Iteration 414: Energy = 3.5971465467573753 dE =  4.48262E-02
SCF Iteration 415: Energy = 3.5523203897615079 dE = -4.48262E-02
SCF Iteration 416: Energy = 3.5971465467573780 dE =  4.48262E-02
SCF Iteration 417: Energy = 3.5523203897615128 dE = -4.48262E-02
SCF Iteration 418: Energy = 3.5971465467573780 dE =  4.48262E-02
SCF Iteration 419: Energy = 3.5523203897615105 dE = -4.48262E-02
SCF Iteration 420: Energy = 3.5971465467573789 dE =  4.48262E-02
SCF Iteration 421: Energy = 3.5523203897615083 dE = -4.48262E-02
SCF Iteration 422: Energy = 3.5971465467573762 dE =  4.48262E-02
SCF Iteration 423: Energy = 3.5523203897615119 dE = -4.48262E-02
SCF Iteration 424: Energy = 3.5971465467573793 dE =  4.48262E-02
SCF Iteration 425: Energy = 3.5523203897615065 dE = -4.48262E-02
SCF Iteration 426: Energy = 3.5971465467573829 dE =  4.48262E-02
SCF Iteration 427: Energy = 3.5523203897615092 dE = -4.48262E-02
SCF Iteration 428: Energy = 3.5971465467573802 dE =  4.48262E-02
SCF Iteration 429: Energy = 3.5523203897615141 dE = -4.48262E-02
SCF Iteration 430: Energy = 3.5971465467573802 dE =  4.48262E-02
SCF Iteration 431: Energy = 3.5523203897615132 dE = -4.48262E-02
SCF Iteration 432: Energy = 3.5971465467573753 dE =  4.48262E-02
SCF Iteration 433: Energy = 3.5523203897615061 dE = -4.48262E-02
SCF Iteration 434: Energy = 3.5971465467573815 dE =  4.48262E-02
SCF Iteration 435: Energy = 3.5523203897615159 dE = -4.48262E-02
SCF Iteration 436: Energy = 3.5971465467573833 dE =  4.48262E-02
SCF Iteration 437: Energy = 3.5523203897615159 dE = -4.48262E-02
SCF Iteration 438: Energy = 3.5971465467573824 dE =  4.48262E-02
SCF Iteration 439: Energy = 3.5523203897615203 dE = -4.48262E-02
SCF Iteration 440: Energy = 3.5971465467573784 dE =  4.48262E-02
SCF Iteration 441: Energy = 3.5523203897615190 dE = -4.48262E-02
SCF Iteration 442: Energy = 3.5971465467573815 dE =  4.48262E-02
SCF Iteration 443: Energy = 3.5523203897615137 dE = -4.48262E-02
SCF Iteration 444: Energy = 3.5971465467573696 dE =  4.48262E-02
SCF Iteration 445: Energy = 3.5523203897615159 dE = -4.48262E-02
SCF Iteration 446: Energy = 3.5971465467573798 dE =  4.48262E-02
SCF Iteration 447: Energy = 3.5523203897615119 dE = -4.48262E-02
SCF Iteration 448: Energy = 3.5971465467573789 dE =  4.48262E-02
SCF Iteration 449: Energy = 3.5523203897615114 dE = -4.48262E-02
SCF Iteration 450: Energy = 3.5971465467573753 dE =  4.48262E-02
SCF Iteration 451: Energy = 3.5523203897615150 dE = -4.48262E-02
SCF Iteration 452: Energy = 3.5971465467573709 dE =  4.48262E-02
SCF Iteration 453: Energy = 3.5523203897615123 dE = -4.48262E-02
SCF Iteration 454: Energy = 3.5971465467573784 dE =  4.48262E-02
SCF Iteration 455: Energy = 3.5523203897615123 dE = -4.48262E-02
SCF Iteration 456: Energy = 3.5971465467573762 dE =  4.48262E-02
SCF Iteration 457: Energy = 3.5523203897615079 dE = -4.48262E-02
SCF Iteration 458: Energy = 3.5971465467573771 dE =  4.48262E-02
SCF Iteration 459: Energy = 3.5523203897615110 dE = -4.48262E-02
SCF Iteration 460: Energy = 3.5971465467573767 dE =  4.48262E-02
SCF Iteration 461: Energy = 3.5523203897615105 dE = -4.48262E-02
SCF Iteration 462: Energy = 3.5971465467573722 dE =  4.48262E-02
SCF Iteration 463: Energy = 3.5523203897615061 dE = -4.48262E-02
SCF Iteration 464: Energy = 3.5971465467573736 dE =  4.48262E-02
SCF Iteration 465: Energy = 3.5523203897615159 dE = -4.48262E-02
SCF Iteration 466: Energy = 3.5971465467573775 dE =  4.48262E-02
SCF Iteration 467: Energy = 3.5523203897615097 dE = -4.48262E-02
SCF Iteration 468: Energy = 3.5971465467573736 dE =  4.48262E-02
SCF Iteration 469: Energy = 3.5523203897615061 dE = -4.48262E-02
SCF Iteration 470: Energy = 3.5971465467573727 dE =  4.48262E-02
SCF Iteration 471: Energy = 3.5523203897615105 dE = -4.48262E-02
SCF Iteration 472: Energy = 3.5971465467573780 dE =  4.48262E-02
SCF Iteration 473: Energy = 3.5523203897615079 dE = -4.48262E-02
SCF Iteration 474: Energy = 3.5971465467573838 dE =  4.48262E-02
SCF Iteration 475: Energy = 3.5523203897615119 dE = -4.48262E-02
SCF Iteration 476: Energy = 3.5971465467573762 dE =  4.48262E-02
SCF Iteration 477: Energy = 3.5523203897615110 dE = -4.48262E-02
SCF Iteration 478: Energy = 3.5971465467573727 dE =  4.48262E-02
SCF Iteration 479: Energy = 3.5523203897615105 dE = -4.48262E-02
SCF Iteration 480: Energy = 3.5971465467573815 dE =  4.48262E-02
SCF Iteration 481: Energy = 3.5523203897615070 dE = -4.48262E-02
SCF Iteration 482: Energy = 3.5971465467573771 dE =  4.48262E-02
SCF Iteration 483: Energy = 3.5523203897615256 dE = -4.48262E-02
SCF Iteration 484: Energy = 3.5971465467573824 dE =  4.48262E-02
SCF Iteration 485: Energy = 3.5523203897615114 dE = -4.48262E-02
SCF Iteration 486: Energy = 3.5971465467573789 dE =  4.48262E-02
SCF Iteration 487: Energy = 3.5523203897615003 dE = -4.48262E-02
SCF Iteration 488: Energy = 3.5971465467573673 dE =  4.48262E-02
SCF Iteration 489: Energy = 3.5523203897615105 dE = -4.48262E-02
SCF Iteration 490: Energy = 3.5971465467573727 dE =  4.48262E-02
SCF Iteration 491: Energy = 3.5523203897615034 dE = -4.48262E-02
SCF Iteration 492: Energy = 3.5971465467573691 dE =  4.48262E-02
SCF Iteration 493: Energy = 3.5523203897615132 dE = -4.48262E-02
SCF Iteration 494: Energy = 3.5971465467573722 dE =  4.48262E-02
SCF Iteration 495: Energy = 3.5523203897615132 dE = -4.48262E-02
SCF Iteration 496: Energy = 3.5971465467573749 dE =  4.48262E-02
SCF Iteration 497: Energy = 3.5523203897615061 dE = -4.48262E-02
SCF Iteration 498: Energy = 3.5971465467573811 dE =  4.48262E-02
SCF Iteration 499: Energy = 3.5523203897615185 dE = -4.48262E-02
SCF Iteration 500: Energy = 3.5971465467573824 dE =  4.48262E-02
