
  Memory set to  55.879 GiB by Python driver.
  Threads set to 1 by Python driver.
Settings:
	LOT = CCSD-S1-U21
	wc = 20.0 eV
	lambda = [0.727454 0.       0.      ] a.u.
	Equivalent A0 = LAMBDA / sqrt(2 wc) = [0.6 0.  0. ])
doing QED-CCSD-1 (or QED-CCSD-21)
Number of occupied orbitals:   1
Number of basis functions:  60
SCF Iteration   1: Energy = 4.1237897720972647 dE =  4.12379E+00
SCF Iteration   2: Energy = 4.4497068723556064 dE =  3.25917E-01
SCF Iteration   3: Energy = 4.2736969155127946 dE = -1.76010E-01
SCF Iteration   4: Energy = 4.4426323592439827 dE =  1.68935E-01
SCF Iteration   5: Energy = 4.3592547743662946 dE = -8.33776E-02
SCF Iteration   6: Energy = 4.4538523814664517 dE =  9.45976E-02
SCF Iteration   7: Energy = 4.4029251358253143 dE = -5.09272E-02
SCF Iteration   8: Energy = 4.4624943770646253 dE =  5.95692E-02
SCF Iteration   9: Energy = 4.4245437814778210 dE = -3.79506E-02
SCF Iteration  10: Energy = 4.4664825693534889 dE =  4.19388E-02
SCF Iteration  11: Energy = 4.4342752474125824 dE = -3.22073E-02
SCF Iteration  12: Energy = 4.4667841695347184 dE =  3.25089E-02
SCF Iteration  13: Energy = 4.4373783101413453 dE = -2.94059E-02
SCF Iteration  14: Energy = 4.4646553610249420 dE =  2.72771E-02
SCF Iteration  15: Energy = 4.4367761700072359 dE = -2.78792E-02
SCF Iteration  16: Energy = 4.4611258035774917 dE =  2.43496E-02
SCF Iteration  17: Energy = 4.4341866241173307 dE = -2.69392E-02
SCF Iteration  18: Energy = 4.4569347432381896 dE =  2.27481E-02
SCF Iteration  19: Energy = 4.4306440312476276 dE = -2.62907E-02
SCF Iteration  20: Energy = 4.4525723961794954 dE =  2.19284E-02
SCF Iteration  21: Energy = 4.4267694418939820 dE = -2.58030E-02
SCF Iteration  22: Energy = 4.4483411910288932 dE =  2.15717E-02
SCF Iteration  23: Energy = 4.4229258875396473 dE = -2.54153E-02
SCF Iteration  24: Energy = 4.4444116383776047 dE =  2.14858E-02
SCF Iteration  25: Energy = 4.4193139716991743 dE = -2.50977E-02
SCF Iteration  26: Energy = 4.4408662505366907 dE =  2.15523E-02
SCF Iteration  27: Energy = 4.4160327917269635 dE = -2.48335E-02
SCF Iteration  28: Energy = 4.4377315426358299 dE =  2.16988E-02
SCF Iteration  29: Energy = 4.4131192617242876 dE = -2.46123E-02
SCF Iteration  30: Energy = 4.4350002426653949 dE =  2.18810E-02
SCF Iteration  31: Energy = 4.4105734863192749 dE = -2.44268E-02
SCF Iteration  32: Energy = 4.4326461480333910 dE =  2.20727E-02
SCF Iteration  33: Energy = 4.4083749934410976 dE = -2.42712E-02
SCF Iteration  34: Energy = 4.4306337403331932 dE =  2.22587E-02
SCF Iteration  35: Energy = 4.4064929607083823 dE = -2.41408E-02
SCF Iteration  36: Energy = 4.4289241929105527 dE =  2.24312E-02
SCF Iteration  37: Energy = 4.4048925106815355 dE = -2.40317E-02
SCF Iteration  38: Energy = 4.4274789624945443 dE =  2.25865E-02
SCF Iteration  39: Energy = 4.4035384544147869 dE = -2.39405E-02
SCF Iteration  40: Energy = 4.4262618011442765 dE =  2.27233E-02
SCF Iteration  41: Energy = 4.4023973985307219 dE = -2.38644E-02
SCF Iteration  42: Energy = 4.4252397604341569 dE =  2.28424E-02
SCF Iteration  43: Energy = 4.4014388199476526 dE = -2.38009E-02
SCF Iteration  44: Energy = 4.4243835711566231 dE =  2.29448E-02
SCF Iteration  45: Energy = 4.4006355041160887 dE = -2.37481E-02
SCF Iteration  46: Energy = 4.4236676508481230 dE =  2.30321E-02
SCF Iteration  47: Energy = 4.3999636036912291 dE = -2.37040E-02
SCF Iteration  48: Energy = 4.4230699022769935 dE =  2.31063E-02
SCF Iteration  49: Energy = 4.3994024823749518 dE = -2.36674E-02
SCF Iteration  50: Energy = 4.4225714062576982 dE =  2.31689E-02
SCF Iteration  51: Energy = 4.3989344478655523 dE = -2.36370E-02
SCF Iteration  52: Energy = 4.4221560726244986 dE =  2.32216E-02
SCF Iteration  53: Energy = 4.3985444380664998 dE = -2.36116E-02
SCF Iteration  54: Energy = 4.4218102874006062 dE =  2.32658E-02
SCF Iteration  55: Energy = 4.3982196989056979 dE = -2.35906E-02
SCF Iteration  56: Energy = 4.4215225776117544 dE =  2.33029E-02
SCF Iteration  57: Energy = 4.3979494755842419 dE = -2.35731E-02
SCF Iteration  58: Energy = 4.4212833047147129 dE =  2.33338E-02
SCF Iteration  59: Energy = 4.3977247286378942 dE = -2.35586E-02
SCF Iteration  60: Energy = 4.4210843911479811 dE =  2.33597E-02
SCF Iteration  61: Energy = 4.3975378797476079 dE = -2.35465E-02
SCF Iteration  62: Energy = 4.4209190806547838 dE =  2.33812E-02
SCF Iteration  63: Energy = 4.3973825883711273 dE = -2.35365E-02
SCF Iteration  64: Energy = 4.4207817308437072 dE =  2.33991E-02
SCF Iteration  65: Energy = 4.3972535580581082 dE = -2.35282E-02
SCF Iteration  66: Energy = 4.4206676353230820 dE =  2.34141E-02
SCF Iteration  67: Energy = 4.3971463701477944 dE = -2.35213E-02
SCF Iteration  68: Energy = 4.4205728722658222 dE =  2.34265E-02
SCF Iteration  69: Energy = 4.3970573420302204 dE = -2.35155E-02
SCF Iteration  70: Energy = 4.4204941761727445 dE =  2.34368E-02
SCF Iteration  71: Energy = 4.3969834070236073 dE = -2.35108E-02
SCF Iteration  72: Energy = 4.4204288297336403 dE =  2.34454E-02
SCF Iteration  73: Energy = 4.3969220130144526 dE = -2.35068E-02
SCF Iteration  74: Energy = 4.4203745729336523 dE =  2.34526E-02
SCF Iteration  75: Energy = 4.3968710372201407 dE = -2.35035E-02
SCF Iteration  76: Energy = 4.4203295268504146 dE =  2.34585E-02
SCF Iteration  77: Energy = 4.3968287147003435 dE = -2.35008E-02
SCF Iteration  78: Energy = 4.4202921298965352 dE =  2.34634E-02
SCF Iteration  79: Energy = 4.3967935785257763 dE = -2.34986E-02
SCF Iteration  80: Energy = 4.4202610845606758 dE =  2.34675E-02
SCF Iteration  81: Energy = 4.3967644097865994 dE = -2.34967E-02
SCF Iteration  82: Energy = 4.4202353129747705 dE =  2.34709E-02
SCF Iteration  83: Energy = 4.3967401958776753 dE = -2.34951E-02
SCF Iteration  84: Energy = 4.4202139198827775 dE =  2.34737E-02
SCF Iteration  85: Energy = 4.3967200957269279 dE = -2.34938E-02
SCF Iteration  86: Energy = 4.4201961618027834 dE =  2.34761E-02
SCF Iteration  87: Energy = 4.3967034108356815 dE = -2.34928E-02
SCF Iteration  88: Energy = 4.4201814213634556 dE =  2.34780E-02
SCF Iteration  89: Energy = 4.3966895611757684 dE = -2.34919E-02
SCF Iteration  90: Energy = 4.4201691859576782 dE =  2.34796E-02
SCF Iteration  91: Energy = 4.3966780651396808 dE = -2.34911E-02
SCF Iteration  92: Energy = 4.4201590299946769 dE =  2.34810E-02
SCF Iteration  93: Energy = 4.3966685228694748 dE = -2.34905E-02
SCF Iteration  94: Energy = 4.4201506001487063 dE =  2.34821E-02
SCF Iteration  95: Energy = 4.3966606023997832 dE = -2.34900E-02
SCF Iteration  96: Energy = 4.4201436031018915 dE =  2.34830E-02
SCF Iteration  97: Energy = 4.3966540281433373 dE = -2.34896E-02
SCF Iteration  98: Energy = 4.4201377953615983 dE =  2.34838E-02
SCF Iteration  99: Energy = 4.3966485713248682 dE = -2.34892E-02
SCF Iteration 100: Energy = 4.4201329748027307 dE =  2.34844E-02
SCF Iteration 101: Energy = 4.3966440420353647 dE = -2.34889E-02
SCF Iteration 102: Energy = 4.4201289736436431 dE =  2.34849E-02
SCF Iteration 103: Energy = 4.3966402826329984 dE = -2.34887E-02
SCF Iteration 104: Energy = 4.4201256526135300 dE =  2.34854E-02
SCF Iteration 105: Energy = 4.3966371622633167 dE = -2.34885E-02
SCF Iteration 106: Energy = 4.4201228961093681 dE =  2.34857E-02
SCF Iteration 107: Energy = 4.3966345723091029 dE = -2.34883E-02
SCF Iteration 108: Energy = 4.4201206081750097 dE =  2.34860E-02
SCF Iteration 109: Energy = 4.3966324226125781 dE = -2.34882E-02
SCF Iteration 110: Energy = 4.4201187091629874 dE =  2.34863E-02
SCF Iteration 111: Energy = 4.3966306383390190 dE = -2.34881E-02
SCF Iteration 112: Energy = 4.4201171329632105 dE =  2.34865E-02
SCF Iteration 113: Energy = 4.3966291573730070 dE = -2.34880E-02
SCF Iteration 114: Energy = 4.4201158247024406 dE =  2.34867E-02
SCF Iteration 115: Energy = 4.3966279281569163 dE = -2.34879E-02
SCF Iteration 116: Energy = 4.4201147388345809 dE =  2.34868E-02
SCF Iteration 117: Energy = 4.3966269078966684 dE = -2.34878E-02
SCF Iteration 118: Energy = 4.4201138375554336 dE =  2.34869E-02
SCF Iteration 119: Energy = 4.3966260610722516 dE = -2.34878E-02
SCF Iteration 120: Energy = 4.4201130894868585 dE =  2.34870E-02
SCF Iteration 121: Energy = 4.3966253582014501 dE = -2.34877E-02
SCF Iteration 122: Energy = 4.4201124685845228 dE =  2.34871E-02
SCF Iteration 123: Energy = 4.3966247748135494 dE = -2.34877E-02
SCF Iteration 124: Energy = 4.4201119532312907 dE =  2.34872E-02
SCF Iteration 125: Energy = 4.3966242905975275 dE = -2.34877E-02
SCF Iteration 126: Energy = 4.4201115254846917 dE =  2.34872E-02
SCF Iteration 127: Energy = 4.3966238886949833 dE = -2.34876E-02
SCF Iteration 128: Energy = 4.4201111704522562 dE =  2.34873E-02
SCF Iteration 129: Energy = 4.3966235551132646 dE = -2.34876E-02
SCF Iteration 130: Energy = 4.4201108757731005 dE =  2.34873E-02
SCF Iteration 131: Energy = 4.3966232782383416 dE = -2.34876E-02
SCF Iteration 132: Energy = 4.4201106311876037 dE =  2.34874E-02
SCF Iteration 133: Energy = 4.3966230484304498 dE = -2.34876E-02
SCF Iteration 134: Energy = 4.4201104281801493 dE =  2.34874E-02
SCF Iteration 135: Energy = 4.3966228576885094 dE = -2.34876E-02
SCF Iteration 136: Energy = 4.4201102596827750 dE =  2.34874E-02
SCF Iteration 137: Energy = 4.3966226993715480 dE = -2.34876E-02
SCF Iteration 138: Energy = 4.4201101198289514 dE =  2.34874E-02
SCF Iteration 139: Energy = 4.3966225679675359 dE = -2.34876E-02
SCF Iteration 140: Energy = 4.4201100037494649 dE =  2.34874E-02
SCF Iteration 141: Energy = 4.3966224589014606 dE = -2.34875E-02
SCF Iteration 142: Energy = 4.4201099074028365 dE =  2.34874E-02
SCF Iteration 143: Energy = 4.3966223683759802 dE = -2.34875E-02
SCF Iteration 144: Energy = 4.4201098274345751 dE =  2.34875E-02
SCF Iteration 145: Energy = 4.3966222932393082 dE = -2.34875E-02
SCF Iteration 146: Energy = 4.4201097610604636 dE =  2.34875E-02
SCF Iteration 147: Energy = 4.3966222308754519 dE = -2.34875E-02
SCF Iteration 148: Energy = 4.4201097059695789 dE =  2.34875E-02
SCF Iteration 149: Energy = 4.3966221791130859 dE = -2.34875E-02
SCF Iteration 150: Energy = 4.4201096602438232 dE =  2.34875E-02
SCF Iteration 151: Energy = 4.3966221361500333 dE = -2.34875E-02
SCF Iteration 152: Energy = 4.4201096222911938 dE =  2.34875E-02
SCF Iteration 153: Energy = 4.3966221004904646 dE = -2.34875E-02
SCF Iteration 154: Energy = 4.4201095907902941 dE =  2.34875E-02
SCF Iteration 155: Energy = 4.3966220708928168 dE = -2.34875E-02
SCF Iteration 156: Energy = 4.4201095646443784 dE =  2.34875E-02
SCF Iteration 157: Energy = 4.3966220463265904 dE = -2.34875E-02
SCF Iteration 158: Energy = 4.4201095429431136 dE =  2.34875E-02
SCF Iteration 159: Energy = 4.3966220259365061 dE = -2.34875E-02
SCF Iteration 160: Energy = 4.4201095249309397 dE =  2.34875E-02
SCF Iteration 161: Energy = 4.3966220090126091 dE = -2.34875E-02
SCF Iteration 162: Energy = 4.4201095099807413 dE =  2.34875E-02
SCF Iteration 163: Energy = 4.3966219949656944 dE = -2.34875E-02
SCF Iteration 164: Energy = 4.4201094975719979 dE =  2.34875E-02
SCF Iteration 165: Energy = 4.3966219833066580 dE = -2.34875E-02
SCF Iteration 166: Energy = 4.4201094872726552 dE =  2.34875E-02
SCF Iteration 167: Energy = 4.3966219736295953 dE = -2.34875E-02
SCF Iteration 168: Energy = 4.4201094787241564 dE =  2.34875E-02
SCF Iteration 169: Energy = 4.3966219655975776 dE = -2.34875E-02
SCF Iteration 170: Energy = 4.4201094716288472 dE =  2.34875E-02
SCF Iteration 171: Energy = 4.3966219589309752 dE = -2.34875E-02
SCF Iteration 172: Energy = 4.4201094657397038 dE =  2.34875E-02
SCF Iteration 173: Energy = 4.3966219533976458 dE = -2.34875E-02
SCF Iteration 174: Energy = 4.4201094608516858 dE =  2.34875E-02
SCF Iteration 175: Energy = 4.3966219488049498 dE = -2.34875E-02
SCF Iteration 176: Energy = 4.4201094567946013 dE =  2.34875E-02
SCF Iteration 177: Energy = 4.3966219449929946 dE = -2.34875E-02
SCF Iteration 178: Energy = 4.4201094534272061 dE =  2.34875E-02
SCF Iteration 179: Energy = 4.3966219418290455 dE = -2.34875E-02
SCF Iteration 180: Energy = 4.4201094506322391 dE =  2.34875E-02
SCF Iteration 181: Energy = 4.3966219392029506 dE = -2.34875E-02
SCF Iteration 182: Energy = 4.4201094483124068 dE =  2.34875E-02
SCF Iteration 183: Energy = 4.3966219370232862 dE = -2.34875E-02
SCF Iteration 184: Energy = 4.4201094463869337 dE =  2.34875E-02
SCF Iteration 185: Energy = 4.3966219352141476 dE = -2.34875E-02
SCF Iteration 186: Energy = 4.4201094447887748 dE =  2.34875E-02
SCF Iteration 187: Energy = 4.3966219337125443 dE = -2.34875E-02
SCF Iteration 188: Energy = 4.4201094434623043 dE =  2.34875E-02
SCF Iteration 189: Energy = 4.3966219324662115 dE = -2.34875E-02
SCF Iteration 190: Energy = 4.4201094423613156 dE =  2.34875E-02
SCF Iteration 191: Energy = 4.3966219314317412 dE = -2.34875E-02
SCF Iteration 192: Energy = 4.4201094414474822 dE =  2.34875E-02
SCF Iteration 193: Energy = 4.3966219305731267 dE = -2.34875E-02
SCF Iteration 194: Energy = 4.4201094406890080 dE =  2.34875E-02
SCF Iteration 195: Energy = 4.3966219298604781 dE = -2.34875E-02
SCF Iteration 196: Energy = 4.4201094400594743 dE =  2.34875E-02
SCF Iteration 197: Energy = 4.3966219292689717 dE = -2.34875E-02
SCF Iteration 198: Energy = 4.4201094395369429 dE =  2.34875E-02
SCF Iteration 199: Energy = 4.3966219287780257 dE = -2.34875E-02
SCF Iteration 200: Energy = 4.4201094391032578 dE =  2.34875E-02
SCF Iteration 201: Energy = 4.3966219283705330 dE = -2.34875E-02
SCF Iteration 202: Energy = 4.4201094387432924 dE =  2.34875E-02
SCF Iteration 203: Energy = 4.3966219280323058 dE = -2.34875E-02
SCF Iteration 204: Energy = 4.4201094384445101 dE =  2.34875E-02
SCF Iteration 205: Energy = 4.3966219277515917 dE = -2.34875E-02
SCF Iteration 206: Energy = 4.4201094381965174 dE =  2.34875E-02
SCF Iteration 207: Energy = 4.3966219275185781 dE = -2.34875E-02
SCF Iteration 208: Energy = 4.4201094379906900 dE =  2.34875E-02
SCF Iteration 209: Energy = 4.3966219273251896 dE = -2.34875E-02
SCF Iteration 210: Energy = 4.4201094378198542 dE =  2.34875E-02
SCF Iteration 211: Energy = 4.3966219271646709 dE = -2.34875E-02
SCF Iteration 212: Energy = 4.4201094376780583 dE =  2.34875E-02
SCF Iteration 213: Energy = 4.3966219270314415 dE = -2.34875E-02
SCF Iteration 214: Energy = 4.4201094375603667 dE =  2.34875E-02
SCF Iteration 215: Energy = 4.3966219269208677 dE = -2.34875E-02
SCF Iteration 216: Energy = 4.4201094374626688 dE =  2.34875E-02
SCF Iteration 217: Energy = 4.3966219268290772 dE = -2.34875E-02
SCF Iteration 218: Energy = 4.4201094373815986 dE =  2.34875E-02
SCF Iteration 219: Energy = 4.3966219267528972 dE = -2.34875E-02
SCF Iteration 220: Energy = 4.4201094373142995 dE =  2.34875E-02
SCF Iteration 221: Energy = 4.3966219266896562 dE = -2.34875E-02
SCF Iteration 222: Energy = 4.4201094372584455 dE =  2.34875E-02
SCF Iteration 223: Energy = 4.3966219266371853 dE = -2.34875E-02
SCF Iteration 224: Energy = 4.4201094372120862 dE =  2.34875E-02
SCF Iteration 225: Energy = 4.3966219265936237 dE = -2.34875E-02
SCF Iteration 226: Energy = 4.4201094371736023 dE =  2.34875E-02
SCF Iteration 227: Energy = 4.3966219265574615 dE = -2.34875E-02
SCF Iteration 228: Energy = 4.4201094371416607 dE =  2.34875E-02
SCF Iteration 229: Energy = 4.3966219265274606 dE = -2.34875E-02
SCF Iteration 230: Energy = 4.4201094371151450 dE =  2.34875E-02
SCF Iteration 231: Energy = 4.3966219265025464 dE = -2.34875E-02
SCF Iteration 232: Energy = 4.4201094370931484 dE =  2.34875E-02
SCF Iteration 233: Energy = 4.3966219264818793 dE = -2.34875E-02
SCF Iteration 234: Energy = 4.4201094370748857 dE =  2.34875E-02
SCF Iteration 235: Energy = 4.3966219264647188 dE = -2.34875E-02
SCF Iteration 236: Energy = 4.4201094370597334 dE =  2.34875E-02
SCF Iteration 237: Energy = 4.3966219264504671 dE = -2.34875E-02
SCF Iteration 238: Energy = 4.4201094370471461 dE =  2.34875E-02
SCF Iteration 239: Energy = 4.3966219264386481 dE = -2.34875E-02
SCF Iteration 240: Energy = 4.4201094370366976 dE =  2.34875E-02
SCF Iteration 241: Energy = 4.3966219264288311 dE = -2.34875E-02
SCF Iteration 242: Energy = 4.4201094370280272 dE =  2.34875E-02
SCF Iteration 243: Energy = 4.3966219264206927 dE = -2.34875E-02
SCF Iteration 244: Energy = 4.4201094370208391 dE =  2.34875E-02
SCF Iteration 245: Energy = 4.3966219264139328 dE = -2.34875E-02
SCF Iteration 246: Energy = 4.4201094370148661 dE =  2.34875E-02
SCF Iteration 247: Energy = 4.3966219264083177 dE = -2.34875E-02
SCF Iteration 248: Energy = 4.4201094370099163 dE =  2.34875E-02
SCF Iteration 249: Energy = 4.3966219264036734 dE = -2.34875E-02
SCF Iteration 250: Energy = 4.4201094370057987 dE =  2.34875E-02
SCF Iteration 251: Energy = 4.3966219263998054 dE = -2.34875E-02
SCF Iteration 252: Energy = 4.4201094370023819 dE =  2.34875E-02
SCF Iteration 253: Energy = 4.3966219263965973 dE = -2.34875E-02
SCF Iteration 254: Energy = 4.4201094369995433 dE =  2.34875E-02
SCF Iteration 255: Energy = 4.3966219263939328 dE = -2.34875E-02
SCF Iteration 256: Energy = 4.4201094369971985 dE =  2.34875E-02
SCF Iteration 257: Energy = 4.3966219263917194 dE = -2.34875E-02
SCF Iteration 258: Energy = 4.4201094369952427 dE =  2.34875E-02
SCF Iteration 259: Energy = 4.3966219263898951 dE = -2.34875E-02
SCF Iteration 260: Energy = 4.4201094369936298 dE =  2.34875E-02
SCF Iteration 261: Energy = 4.3966219263883684 dE = -2.34875E-02
SCF Iteration 262: Energy = 4.4201094369922815 dE =  2.34875E-02
SCF Iteration 263: Energy = 4.3966219263871062 dE = -2.34875E-02
SCF Iteration 264: Energy = 4.4201094369911651 dE =  2.34875E-02
SCF Iteration 265: Energy = 4.3966219263860529 dE = -2.34875E-02
SCF Iteration 266: Energy = 4.4201094369902378 dE =  2.34875E-02
SCF Iteration 267: Energy = 4.3966219263851771 dE = -2.34875E-02
SCF Iteration 268: Energy = 4.4201094369894589 dE =  2.34875E-02
SCF Iteration 269: Energy = 4.3966219263844524 dE = -2.34875E-02
SCF Iteration 270: Energy = 4.4201094369888230 dE =  2.34875E-02
SCF Iteration 271: Energy = 4.3966219263838626 dE = -2.34875E-02
SCF Iteration 272: Energy = 4.4201094369882972 dE =  2.34875E-02
SCF Iteration 273: Energy = 4.3966219263833688 dE = -2.34875E-02
SCF Iteration 274: Energy = 4.4201094369878584 dE =  2.34875E-02
SCF Iteration 275: Energy = 4.3966219263829425 dE = -2.34875E-02
SCF Iteration 276: Energy = 4.4201094369874827 dE =  2.34875E-02
SCF Iteration 277: Energy = 4.3966219263825961 dE = -2.34875E-02
SCF Iteration 278: Energy = 4.4201094369871905 dE =  2.34875E-02
SCF Iteration 279: Energy = 4.3966219263823190 dE = -2.34875E-02
SCF Iteration 280: Energy = 4.4201094369869365 dE =  2.34875E-02
SCF Iteration 281: Energy = 4.3966219263820836 dE = -2.34875E-02
SCF Iteration 282: Energy = 4.4201094369867295 dE =  2.34875E-02
SCF Iteration 283: Energy = 4.3966219263818811 dE = -2.34875E-02
SCF Iteration 284: Energy = 4.4201094369865546 dE =  2.34875E-02
SCF Iteration 285: Energy = 4.3966219263817203 dE = -2.34875E-02
SCF Iteration 286: Energy = 4.4201094369864196 dE =  2.34875E-02
SCF Iteration 287: Energy = 4.3966219263815871 dE = -2.34875E-02
SCF Iteration 288: Energy = 4.4201094369862988 dE =  2.34875E-02
SCF Iteration 289: Energy = 4.3966219263814867 dE = -2.34875E-02
SCF Iteration 290: Energy = 4.4201094369861993 dE =  2.34875E-02
SCF Iteration 291: Energy = 4.3966219263813882 dE = -2.34875E-02
SCF Iteration 292: Energy = 4.4201094369861176 dE =  2.34875E-02
SCF Iteration 293: Energy = 4.3966219263813109 dE = -2.34875E-02
SCF Iteration 294: Energy = 4.4201094369860430 dE =  2.34875E-02
SCF Iteration 295: Energy = 4.3966219263812487 dE = -2.34875E-02
SCF Iteration 296: Energy = 4.4201094369859897 dE =  2.34875E-02
SCF Iteration 297: Energy = 4.3966219263811883 dE = -2.34875E-02
SCF Iteration 298: Energy = 4.4201094369859506 dE =  2.34875E-02
SCF Iteration 299: Energy = 4.3966219263811483 dE = -2.34875E-02
SCF Iteration 300: Energy = 4.4201094369859089 dE =  2.34875E-02
SCF Iteration 301: Energy = 4.3966219263811173 dE = -2.34875E-02
SCF Iteration 302: Energy = 4.4201094369858742 dE =  2.34875E-02
SCF Iteration 303: Energy = 4.3966219263810853 dE = -2.34875E-02
SCF Iteration 304: Energy = 4.4201094369858467 dE =  2.34875E-02
SCF Iteration 305: Energy = 4.3966219263810578 dE = -2.34875E-02
SCF Iteration 306: Energy = 4.4201094369858227 dE =  2.34875E-02
SCF Iteration 307: Energy = 4.3966219263810400 dE = -2.34875E-02
SCF Iteration 308: Energy = 4.4201094369858032 dE =  2.34875E-02
SCF Iteration 309: Energy = 4.3966219263810187 dE = -2.34875E-02
SCF Iteration 310: Energy = 4.4201094369857961 dE =  2.34875E-02
SCF Iteration 311: Energy = 4.3966219263809991 dE = -2.34875E-02
SCF Iteration 312: Energy = 4.4201094369857756 dE =  2.34875E-02
SCF Iteration 313: Energy = 4.3966219263809849 dE = -2.34875E-02
SCF Iteration 314: Energy = 4.4201094369857667 dE =  2.34875E-02
SCF Iteration 315: Energy = 4.3966219263809787 dE = -2.34875E-02
SCF Iteration 316: Energy = 4.4201094369857552 dE =  2.34875E-02
SCF Iteration 317: Energy = 4.3966219263809689 dE = -2.34875E-02
SCF Iteration 318: Energy = 4.4201094369857454 dE =  2.34875E-02
SCF Iteration 319: Energy = 4.3966219263809592 dE = -2.34875E-02
SCF Iteration 320: Energy = 4.4201094369857401 dE =  2.34875E-02
SCF Iteration 321: Energy = 4.3966219263809636 dE = -2.34875E-02
SCF Iteration 322: Energy = 4.4201094369857348 dE =  2.34875E-02
SCF Iteration 323: Energy = 4.3966219263809529 dE = -2.34875E-02
SCF Iteration 324: Energy = 4.4201094369857303 dE =  2.34875E-02
SCF Iteration 325: Energy = 4.3966219263809476 dE = -2.34875E-02
SCF Iteration 326: Energy = 4.4201094369857321 dE =  2.34875E-02
SCF Iteration 327: Energy = 4.3966219263809547 dE = -2.34875E-02
SCF Iteration 328: Energy = 4.4201094369857357 dE =  2.34875E-02
SCF Iteration 329: Energy = 4.3966219263809423 dE = -2.34875E-02
SCF Iteration 330: Energy = 4.4201094369857161 dE =  2.34875E-02
SCF Iteration 331: Energy = 4.3966219263809334 dE = -2.34875E-02
SCF Iteration 332: Energy = 4.4201094369857268 dE =  2.34875E-02
SCF Iteration 333: Energy = 4.3966219263809396 dE = -2.34875E-02
SCF Iteration 334: Energy = 4.4201094369857241 dE =  2.34875E-02
SCF Iteration 335: Energy = 4.3966219263809432 dE = -2.34875E-02
SCF Iteration 336: Energy = 4.4201094369857232 dE =  2.34875E-02
SCF Iteration 337: Energy = 4.3966219263809379 dE = -2.34875E-02
SCF Iteration 338: Energy = 4.4201094369857241 dE =  2.34875E-02
SCF Iteration 339: Energy = 4.3966219263809396 dE = -2.34875E-02
SCF Iteration 340: Energy = 4.4201094369857197 dE =  2.34875E-02
SCF Iteration 341: Energy = 4.3966219263809396 dE = -2.34875E-02
SCF Iteration 342: Energy = 4.4201094369857161 dE =  2.34875E-02
SCF Iteration 343: Energy = 4.3966219263809343 dE = -2.34875E-02
SCF Iteration 344: Energy = 4.4201094369857161 dE =  2.34875E-02
SCF Iteration 345: Energy = 4.3966219263809379 dE = -2.34875E-02
SCF Iteration 346: Energy = 4.4201094369857135 dE =  2.34875E-02
SCF Iteration 347: Energy = 4.3966219263809334 dE = -2.34875E-02
SCF Iteration 348: Energy = 4.4201094369857143 dE =  2.34875E-02
SCF Iteration 349: Energy = 4.3966219263809396 dE = -2.34875E-02
SCF Iteration 350: Energy = 4.4201094369857268 dE =  2.34875E-02
SCF Iteration 351: Energy = 4.3966219263809405 dE = -2.34875E-02
SCF Iteration 352: Energy = 4.4201094369857161 dE =  2.34875E-02
SCF Iteration 353: Energy = 4.3966219263809263 dE = -2.34875E-02
SCF Iteration 354: Energy = 4.4201094369857152 dE =  2.34875E-02
SCF Iteration 355: Energy = 4.3966219263809405 dE = -2.34875E-02
SCF Iteration 356: Energy = 4.4201094369857170 dE =  2.34875E-02
SCF Iteration 357: Energy = 4.3966219263809352 dE = -2.34875E-02
SCF Iteration 358: Energy = 4.4201094369857170 dE =  2.34875E-02
SCF Iteration 359: Energy = 4.3966219263809361 dE = -2.34875E-02
SCF Iteration 360: Energy = 4.4201094369857090 dE =  2.34875E-02
SCF Iteration 361: Energy = 4.3966219263809352 dE = -2.34875E-02
SCF Iteration 362: Energy = 4.4201094369857161 dE =  2.34875E-02
SCF Iteration 363: Energy = 4.3966219263809290 dE = -2.34875E-02
SCF Iteration 364: Energy = 4.4201094369857206 dE =  2.34875E-02
SCF Iteration 365: Energy = 4.3966219263809405 dE = -2.34875E-02
SCF Iteration 366: Energy = 4.4201094369857232 dE =  2.34875E-02
SCF Iteration 367: Energy = 4.3966219263809334 dE = -2.34875E-02
SCF Iteration 368: Energy = 4.4201094369857232 dE =  2.34875E-02
SCF Iteration 369: Energy = 4.3966219263809361 dE = -2.34875E-02
SCF Iteration 370: Energy = 4.4201094369857188 dE =  2.34875E-02
SCF Iteration 371: Energy = 4.3966219263809281 dE = -2.34875E-02
SCF Iteration 372: Energy = 4.4201094369857197 dE =  2.34875E-02
SCF Iteration 373: Energy = 4.3966219263809352 dE = -2.34875E-02
SCF Iteration 374: Energy = 4.4201094369857223 dE =  2.34875E-02
SCF Iteration 375: Energy = 4.3966219263809370 dE = -2.34875E-02
SCF Iteration 376: Energy = 4.4201094369857126 dE =  2.34875E-02
SCF Iteration 377: Energy = 4.3966219263809334 dE = -2.34875E-02
SCF Iteration 378: Energy = 4.4201094369857143 dE =  2.34875E-02
SCF Iteration 379: Energy = 4.3966219263809316 dE = -2.34875E-02
SCF Iteration 380: Energy = 4.4201094369857126 dE =  2.34875E-02
SCF Iteration 381: Energy = 4.3966219263809299 dE = -2.34875E-02
SCF Iteration 382: Energy = 4.4201094369857072 dE =  2.34875E-02
SCF Iteration 383: Energy = 4.3966219263809307 dE = -2.34875E-02
SCF Iteration 384: Energy = 4.4201094369857046 dE =  2.34875E-02
SCF Iteration 385: Energy = 4.3966219263809210 dE = -2.34875E-02
SCF Iteration 386: Energy = 4.4201094369857090 dE =  2.34875E-02
SCF Iteration 387: Energy = 4.3966219263809254 dE = -2.34875E-02
SCF Iteration 388: Energy = 4.4201094369857135 dE =  2.34875E-02
SCF Iteration 389: Energy = 4.3966219263809263 dE = -2.34875E-02
SCF Iteration 390: Energy = 4.4201094369857135 dE =  2.34875E-02
SCF Iteration 391: Energy = 4.3966219263809290 dE = -2.34875E-02
SCF Iteration 392: Energy = 4.4201094369857223 dE =  2.34875E-02
SCF Iteration 393: Energy = 4.3966219263809387 dE = -2.34875E-02
SCF Iteration 394: Energy = 4.4201094369857143 dE =  2.34875E-02
SCF Iteration 395: Energy = 4.3966219263809387 dE = -2.34875E-02
SCF Iteration 396: Energy = 4.4201094369857135 dE =  2.34875E-02
SCF Iteration 397: Energy = 4.3966219263809387 dE = -2.34875E-02
SCF Iteration 398: Energy = 4.4201094369857250 dE =  2.34875E-02
SCF Iteration 399: Energy = 4.3966219263809387 dE = -2.34875E-02
SCF Iteration 400: Energy = 4.4201094369857215 dE =  2.34875E-02
SCF Iteration 401: Energy = 4.3966219263809334 dE = -2.34875E-02
SCF Iteration 402: Energy = 4.4201094369857215 dE =  2.34875E-02
SCF Iteration 403: Energy = 4.3966219263809352 dE = -2.34875E-02
SCF Iteration 404: Energy = 4.4201094369857126 dE =  2.34875E-02
SCF Iteration 405: Energy = 4.3966219263809316 dE = -2.34875E-02
SCF Iteration 406: Energy = 4.4201094369857126 dE =  2.34875E-02
SCF Iteration 407: Energy = 4.3966219263809316 dE = -2.34875E-02
SCF Iteration 408: Energy = 4.4201094369857250 dE =  2.34875E-02
SCF Iteration 409: Energy = 4.3966219263809387 dE = -2.34875E-02
SCF Iteration 410: Energy = 4.4201094369857108 dE =  2.34875E-02
SCF Iteration 411: Energy = 4.3966219263809370 dE = -2.34875E-02
SCF Iteration 412: Energy = 4.4201094369857250 dE =  2.34875E-02
SCF Iteration 413: Energy = 4.3966219263809334 dE = -2.34875E-02
SCF Iteration 414: Energy = 4.4201094369857161 dE =  2.34875E-02
SCF Iteration 415: Energy = 4.3966219263809361 dE = -2.34875E-02
SCF Iteration 416: Energy = 4.4201094369857206 dE =  2.34875E-02
SCF Iteration 417: Energy = 4.3966219263809405 dE = -2.34875E-02
SCF Iteration 418: Energy = 4.4201094369857215 dE =  2.34875E-02
SCF Iteration 419: Energy = 4.3966219263809370 dE = -2.34875E-02
SCF Iteration 420: Energy = 4.4201094369857135 dE =  2.34875E-02
SCF Iteration 421: Energy = 4.3966219263809334 dE = -2.34875E-02
SCF Iteration 422: Energy = 4.4201094369857099 dE =  2.34875E-02
SCF Iteration 423: Energy = 4.3966219263809370 dE = -2.34875E-02
SCF Iteration 424: Energy = 4.4201094369857108 dE =  2.34875E-02
SCF Iteration 425: Energy = 4.3966219263809343 dE = -2.34875E-02
SCF Iteration 426: Energy = 4.4201094369857188 dE =  2.34875E-02
SCF Iteration 427: Energy = 4.3966219263809370 dE = -2.34875E-02
SCF Iteration 428: Energy = 4.4201094369857215 dE =  2.34875E-02
SCF Iteration 429: Energy = 4.3966219263809396 dE = -2.34875E-02
SCF Iteration 430: Energy = 4.4201094369857170 dE =  2.34875E-02
SCF Iteration 431: Energy = 4.3966219263809370 dE = -2.34875E-02
SCF Iteration 432: Energy = 4.4201094369857197 dE =  2.34875E-02
SCF Iteration 433: Energy = 4.3966219263809299 dE = -2.34875E-02
SCF Iteration 434: Energy = 4.4201094369857197 dE =  2.34875E-02
SCF Iteration 435: Energy = 4.3966219263809334 dE = -2.34875E-02
SCF Iteration 436: Energy = 4.4201094369857108 dE =  2.34875E-02
SCF Iteration 437: Energy = 4.3966219263809325 dE = -2.34875E-02
SCF Iteration 438: Energy = 4.4201094369857108 dE =  2.34875E-02
SCF Iteration 439: Energy = 4.3966219263809281 dE = -2.34875E-02
SCF Iteration 440: Energy = 4.4201094369857143 dE =  2.34875E-02
SCF Iteration 441: Energy = 4.3966219263809316 dE = -2.34875E-02
SCF Iteration 442: Energy = 4.4201094369857179 dE =  2.34875E-02
SCF Iteration 443: Energy = 4.3966219263809387 dE = -2.34875E-02
SCF Iteration 444: Energy = 4.4201094369857108 dE =  2.34875E-02
SCF Iteration 445: Energy = 4.3966219263809245 dE = -2.34875E-02
SCF Iteration 446: Energy = 4.4201094369857081 dE =  2.34875E-02
SCF Iteration 447: Energy = 4.3966219263809281 dE = -2.34875E-02
SCF Iteration 448: Energy = 4.4201094369857055 dE =  2.34875E-02
SCF Iteration 449: Energy = 4.3966219263809281 dE = -2.34875E-02
SCF Iteration 450: Energy = 4.4201094369857072 dE =  2.34875E-02
SCF Iteration 451: Energy = 4.3966219263809352 dE = -2.34875E-02
SCF Iteration 452: Energy = 4.4201094369857099 dE =  2.34875E-02
SCF Iteration 453: Energy = 4.3966219263809228 dE = -2.34875E-02
SCF Iteration 454: Energy = 4.4201094369857037 dE =  2.34875E-02
SCF Iteration 455: Energy = 4.3966219263809334 dE = -2.34875E-02
SCF Iteration 456: Energy = 4.4201094369857170 dE =  2.34875E-02
SCF Iteration 457: Energy = 4.3966219263809299 dE = -2.34875E-02
SCF Iteration 458: Energy = 4.4201094369857126 dE =  2.34875E-02
SCF Iteration 459: Energy = 4.3966219263809299 dE = -2.34875E-02
SCF Iteration 460: Energy = 4.4201094369857126 dE =  2.34875E-02
SCF Iteration 461: Energy = 4.3966219263809316 dE = -2.34875E-02
SCF Iteration 462: Energy = 4.4201094369857197 dE =  2.34875E-02
SCF Iteration 463: Energy = 4.3966219263809370 dE = -2.34875E-02
SCF Iteration 464: Energy = 4.4201094369857126 dE =  2.34875E-02
SCF Iteration 465: Energy = 4.3966219263809423 dE = -2.34875E-02
SCF Iteration 466: Energy = 4.4201094369857143 dE =  2.34875E-02
SCF Iteration 467: Energy = 4.3966219263809334 dE = -2.34875E-02
SCF Iteration 468: Energy = 4.4201094369857179 dE =  2.34875E-02
SCF Iteration 469: Energy = 4.3966219263809281 dE = -2.34875E-02
SCF Iteration 470: Energy = 4.4201094369857179 dE =  2.34875E-02
SCF Iteration 471: Energy = 4.3966219263809307 dE = -2.34875E-02
SCF Iteration 472: Energy = 4.4201094369857197 dE =  2.34875E-02
SCF Iteration 473: Energy = 4.3966219263809396 dE = -2.34875E-02
SCF Iteration 474: Energy = 4.4201094369857215 dE =  2.34875E-02
SCF Iteration 475: Energy = 4.3966219263809343 dE = -2.34875E-02
SCF Iteration 476: Energy = 4.4201094369857072 dE =  2.34875E-02
SCF Iteration 477: Energy = 4.3966219263809325 dE = -2.34875E-02
SCF Iteration 478: Energy = 4.4201094369857179 dE =  2.34875E-02
SCF Iteration 479: Energy = 4.3966219263809307 dE = -2.34875E-02
SCF Iteration 480: Energy = 4.4201094369857161 dE =  2.34875E-02
SCF Iteration 481: Energy = 4.3966219263809370 dE = -2.34875E-02
SCF Iteration 482: Energy = 4.4201094369857117 dE =  2.34875E-02
SCF Iteration 483: Energy = 4.3966219263809263 dE = -2.34875E-02
SCF Iteration 484: Energy = 4.4201094369857072 dE =  2.34875E-02
SCF Iteration 485: Energy = 4.3966219263809316 dE = -2.34875E-02
SCF Iteration 486: Energy = 4.4201094369857099 dE =  2.34875E-02
SCF Iteration 487: Energy = 4.3966219263809307 dE = -2.34875E-02
SCF Iteration 488: Energy = 4.4201094369857099 dE =  2.34875E-02
SCF Iteration 489: Energy = 4.3966219263809245 dE = -2.34875E-02
SCF Iteration 490: Energy = 4.4201094369857161 dE =  2.34875E-02
SCF Iteration 491: Energy = 4.3966219263809316 dE = -2.34875E-02
SCF Iteration 492: Energy = 4.4201094369857108 dE =  2.34875E-02
SCF Iteration 493: Energy = 4.3966219263809299 dE = -2.34875E-02
SCF Iteration 494: Energy = 4.4201094369857197 dE =  2.34875E-02
SCF Iteration 495: Energy = 4.3966219263809334 dE = -2.34875E-02
SCF Iteration 496: Energy = 4.4201094369857152 dE =  2.34875E-02
SCF Iteration 497: Energy = 4.3966219263809343 dE = -2.34875E-02
SCF Iteration 498: Energy = 4.4201094369857179 dE =  2.34875E-02
SCF Iteration 499: Energy = 4.3966219263809361 dE = -2.34875E-02
SCF Iteration 500: Energy = 4.4201094369857215 dE =  2.34875E-02
