
  Memory set to  55.879 GiB by Python driver.
  Threads set to 1 by Python driver.
Settings:
	LOT = CCSD-S1-U21
	wc = 20.0 eV
	lambda = [0.727454 0.       0.      ] a.u.
	Equivalent A0 = LAMBDA / sqrt(2 wc) = [0.6 0.  0. ])
doing QED-CCSD-1 (or QED-CCSD-21)
Number of occupied orbitals:   1
Number of basis functions:  60
SCF Iteration   1: Energy = 0.4369779956407341 dE =  4.36978E-01
SCF Iteration   2: Energy = 1.2022504862678542 dE =  7.65272E-01
SCF Iteration   3: Energy = 0.6011372480346406 dE = -6.01113E-01
SCF Iteration   4: Energy = 1.1962095992490227 dE =  5.95072E-01
SCF Iteration   5: Energy = 0.6229674837942096 dE = -5.73242E-01
SCF Iteration   6: Energy = 1.1934354489206473 dE =  5.70468E-01
SCF Iteration   7: Energy = 0.6267302328331652 dE = -5.66705E-01
SCF Iteration   8: Energy = 1.1915501161535080 dE =  5.64820E-01
SCF Iteration   9: Energy = 0.6267907178330107 dE = -5.64759E-01
SCF Iteration  10: Energy = 1.1902146887182339 dE =  5.63424E-01
SCF Iteration  11: Energy = 0.6260732570470302 dE = -5.64141E-01
SCF Iteration  12: Energy = 1.1893170482410818 dE =  5.63244E-01
SCF Iteration  13: Energy = 0.6253687628616461 dE = -5.63948E-01
SCF Iteration  14: Energy = 1.1887458819519841 dE =  5.63377E-01
SCF Iteration  15: Energy = 0.6248506621507031 dE = -5.63895E-01
SCF Iteration  16: Energy = 1.1883962621853006 dE =  5.63546E-01
SCF Iteration  17: Energy = 0.6245097660339824 dE = -5.63886E-01
SCF Iteration  18: Energy = 1.1881876224742558 dE =  5.63678E-01
SCF Iteration  19: Energy = 0.6242977915391458 dE = -5.63890E-01
SCF Iteration  20: Energy = 1.1880651583342614 dE =  5.63767E-01
SCF Iteration  21: Energy = 0.6241701938121944 dE = -5.63895E-01
SCF Iteration  22: Energy = 1.1879940556660391 dE =  5.63824E-01
SCF Iteration  23: Energy = 0.6240949048792499 dE = -5.63899E-01
SCF Iteration  24: Energy = 1.1879530726981375 dE =  5.63858E-01
SCF Iteration  25: Energy = 0.6240510454445896 dE = -5.63902E-01
SCF Iteration  26: Energy = 1.1879295661337737 dE =  5.63879E-01
SCF Iteration  27: Energy = 0.6240257093720940 dE = -5.63904E-01
SCF Iteration  28: Energy = 1.1879161284543507 dE =  5.63890E-01
SCF Iteration  29: Energy = 0.6240111558435453 dE = -5.63905E-01
SCF Iteration  30: Energy = 1.1879084642667219 dE =  5.63897E-01
SCF Iteration  31: Energy = 0.6240028278604529 dE = -5.63906E-01
SCF Iteration  32: Energy = 1.1879040998632240 dE =  5.63901E-01
SCF Iteration  33: Energy = 0.6239980747280033 dE = -5.63906E-01
SCF Iteration  34: Energy = 1.1879016172306343 dE =  5.63904E-01
SCF Iteration  35: Energy = 0.6239953667603703 dE = -5.63906E-01
SCF Iteration  36: Energy = 1.1879002060771136 dE =  5.63905E-01
SCF Iteration  37: Energy = 0.6239938258686792 dE = -5.63906E-01
SCF Iteration  38: Energy = 1.1878994043795581 dE =  5.63906E-01
SCF Iteration  39: Energy = 0.6239929498137260 dE = -5.63906E-01
SCF Iteration  40: Energy = 1.1878989490869840 dE =  5.63906E-01
SCF Iteration  41: Energy = 0.6239924520364915 dE = -5.63906E-01
SCF Iteration  42: Energy = 1.1878986905860038 dE =  5.63906E-01
SCF Iteration  43: Energy = 0.6239921693131278 dE = -5.63907E-01
SCF Iteration  44: Energy = 1.1878985438425929 dE =  5.63906E-01
SCF Iteration  45: Energy = 0.6239920087796346 dE = -5.63907E-01
SCF Iteration  46: Energy = 1.1878984605506722 dE =  5.63906E-01
SCF Iteration  47: Energy = 0.6239919176447764 dE = -5.63907E-01
SCF Iteration  48: Energy = 1.1878984132779231 dE =  5.63906E-01
SCF Iteration  49: Energy = 0.6239918659145607 dE = -5.63907E-01
SCF Iteration  50: Energy = 1.1878983864495891 dE =  5.63907E-01
SCF Iteration  51: Energy = 0.6239918365540825 dE = -5.63907E-01
SCF Iteration  52: Energy = 1.1878983712245184 dE =  5.63907E-01
SCF Iteration  53: Energy = 0.6239918198910659 dE = -5.63907E-01
SCF Iteration  54: Energy = 1.1878983625845092 dE =  5.63907E-01
SCF Iteration  55: Energy = 0.6239918104346781 dE = -5.63907E-01
SCF Iteration  56: Energy = 1.1878983576814368 dE =  5.63907E-01
SCF Iteration  57: Energy = 0.6239918050681986 dE = -5.63907E-01
SCF Iteration  58: Energy = 1.1878983548987063 dE =  5.63907E-01
SCF Iteration  59: Energy = 0.6239918020225236 dE = -5.63907E-01
SCF Iteration  60: Energy = 1.1878983533181653 dE =  5.63907E-01
SCF Iteration  61: Energy = 0.6239918002930139 dE = -5.63907E-01
SCF Iteration  62: Energy = 1.1878983524159894 dE =  5.63907E-01
SCF Iteration  63: Energy = 0.6239917993072797 dE = -5.63907E-01
SCF Iteration  64: Energy = 1.1878983518848996 dE =  5.63907E-01
SCF Iteration  65: Energy = 0.6239917987323200 dE = -5.63907E-01
SCF Iteration  66: Energy = 1.1878983515141284 dE =  5.63907E-01
SCF Iteration  67: Energy = 0.6239917983495249 dE = -5.63907E-01
SCF Iteration  68: Energy = 1.1878983510522039 dE =  5.63907E-01
SCF Iteration  69: Energy = 0.6239917979274298 dE = -5.63907E-01
SCF Iteration  70: Energy = 1.1878983498785352 dE =  5.63907E-01
SCF Iteration  71: Energy = 0.6239917969454213 dE = -5.63907E-01
SCF Iteration  72: Energy = 1.1878983459089796 dE =  5.63907E-01
SCF Iteration  73: Energy = 0.6239917936973137 dE = -5.63907E-01
SCF Iteration  74: Energy = 1.1878983316840717 dE =  5.63907E-01
SCF Iteration  75: Energy = 0.6239917821022257 dE = -5.63907E-01
SCF Iteration  76: Energy = 1.1878982802231124 dE =  5.63906E-01
SCF Iteration  77: Energy = 0.6239917401806429 dE = -5.63907E-01
SCF Iteration  78: Energy = 1.1878980937757708 dE =  5.63906E-01
SCF Iteration  79: Energy = 0.6239915883097877 dE = -5.63907E-01
SCF Iteration  80: Energy = 1.1878974181032473 dE =  5.63906E-01
SCF Iteration  81: Energy = 0.6239910379484319 dE = -5.63906E-01
SCF Iteration  82: Energy = 1.1878949694256091 dE =  5.63904E-01
SCF Iteration  83: Energy = 0.6239890434117518 dE = -5.63906E-01
SCF Iteration  84: Energy = 1.1878860952680079 dE =  5.63897E-01
SCF Iteration  85: Energy = 0.6239818151059229 dE = -5.63904E-01
SCF Iteration  86: Energy = 1.1878539353769990 dE =  5.63872E-01
SCF Iteration  87: Energy = 0.6239556199633740 dE = -5.63898E-01
SCF Iteration  88: Energy = 1.1877373963683953 dE =  5.63782E-01
SCF Iteration  89: Energy = 0.6238606981412083 dE = -5.63877E-01
SCF Iteration  90: Energy = 1.1873151978595295 dE =  5.63454E-01
SCF Iteration  91: Energy = 0.6235168473957564 dE = -5.63798E-01
SCF Iteration  92: Energy = 1.1857870735159295 dE =  5.62270E-01
SCF Iteration  93: Energy = 0.6222727286543889 dE = -5.63514E-01
SCF Iteration  94: Energy = 1.1802746495057639 dE =  5.58002E-01
SCF Iteration  95: Energy = 0.6177903995928472 dE = -5.62484E-01
SCF Iteration  96: Energy = 1.1606278581171994 dE =  5.42837E-01
SCF Iteration  97: Energy = 0.6018860674735137 dE = -5.58742E-01
SCF Iteration  98: Energy = 1.0935022845993929 dE =  4.91616E-01
SCF Iteration  99: Energy = 0.5483774047569692 dE = -5.45125E-01
SCF Iteration 100: Energy = 0.8935322735663391 dE =  3.45155E-01
SCF Iteration 101: Energy = 0.3963823612101002 dE = -4.97150E-01
SCF Iteration 102: Energy = 0.4781377046916240 dE =  8.17553E-02
SCF Iteration 103: Energy = 0.1140412209764705 dE = -3.64096E-01
SCF Iteration 104: Energy = 0.0254580810113740 dE = -8.85831E-02
SCF Iteration 105: Energy = -0.1460809412130737 dE = -1.71539E-01
SCF Iteration 106: Energy = -0.2122575972323588 dE = -6.61767E-02
SCF Iteration 107: Energy = -0.2634033968435072 dE = -5.11458E-02
SCF Iteration 108: Energy = -0.2846575267940668 dE = -2.12541E-02
SCF Iteration 109: Energy = -0.2962298363674165 dE = -1.15723E-02
SCF Iteration 110: Energy = -0.3011471670243786 dE = -4.91733E-03
SCF Iteration 111: Energy = -0.3034759005955339 dE = -2.32873E-03
SCF Iteration 112: Energy = -0.3044855636655086 dE = -1.00966E-03
SCF Iteration 113: Energy = -0.3049461841026881 dE = -4.60620E-04
SCF Iteration 114: Energy = -0.3051533812054248 dE = -2.07197E-04
SCF Iteration 115: Energy = -0.3052502629970113 dE = -9.68818E-05
SCF Iteration 116: Energy = -0.3052965742414504 dE = -4.63112E-05
SCF Iteration 117: Energy = -0.3053195927977104 dE = -2.30186E-05
SCF Iteration 118: Energy = -0.3053314231274857 dE = -1.18303E-05
SCF Iteration 119: Energy = -0.3053377118949658 dE = -6.28877E-06
SCF Iteration 120: Energy = -0.3053411489474629 dE = -3.43705E-06
SCF Iteration 121: Energy = -0.3053430701828410 dE = -1.92124E-06
SCF Iteration 122: Energy = -0.3053441624992252 dE = -1.09232E-06
SCF Iteration 123: Energy = -0.3053447912322382 dE = -6.28733E-07
SCF Iteration 124: Energy = -0.3053451563072538 dE = -3.65075E-07
SCF Iteration 125: Energy = -0.3053453695642567 dE = -2.13257E-07
SCF Iteration 126: Energy = -0.3053454946511374 dE = -1.25087E-07
SCF Iteration 127: Energy = -0.3053455682232586 dE = -7.35721E-08
SCF Iteration 128: Energy = -0.3053456115761828 dE = -4.33529E-08
SCF Iteration 129: Energy = -0.3053456371533709 dE = -2.55772E-08
SCF Iteration 130: Energy = -0.3053456522555638 dE = -1.51022E-08
SCF Iteration 131: Energy = -0.3053456611774812 dE = -8.92192E-09
SCF Iteration 132: Energy = -0.3053456664501299 dE = -5.27265E-09
SCF Iteration 133: Energy = -0.3053456695668557 dE = -3.11673E-09
SCF Iteration 134: Energy = -0.3053456714094724 dE = -1.84262E-09
SCF Iteration 135: Energy = -0.3053456724989358 dE = -1.08946E-09
SCF Iteration 136: Energy = -0.3053456731431310 dE = -6.44195E-10
SCF Iteration 137: Energy = -0.3053456735240563 dE = -3.80925E-10
SCF Iteration 138: Energy = -0.3053456737493163 dE = -2.25260E-10
SCF Iteration 139: Energy = -0.3053456738825191 dE = -1.33203E-10
SCF Iteration 140: Energy = -0.3053456739612914 dE = -7.87723E-11

SCF converged.
E_QED_HF          = -0.305345673961291
HF  (psi4)        = -0.989203381512651
Starting with the CCSD calculation:

Iter  Energy(CCSD)      E_diff    time(sec)
  1:  -0.1774378460  1.77438E-01   10.113
  2:  -0.2583447728  8.09069E-02   10.111
  3:  -0.2748162472  1.64715E-02   10.109
  4:  -0.2678282280  6.98802E-03   10.109
  5:  -0.2696827807  1.85455E-03   10.109
  6:  -0.2724133775  2.73060E-03   10.105
  7:  -0.2825232732  1.01099E-02   10.107
  8:  -0.2895826443  7.05937E-03   10.107
  9:  -0.2940001555  4.41751E-03   10.101
 10:  -0.3017964021  7.79625E-03   10.104
 11:  -0.3058231702  4.02677E-03   10.106
 12:  -0.3075360326  1.71286E-03   10.106
 13:  -0.3085677038  1.03167E-03   10.102
 14:  -0.3092744804  7.06777E-04   10.115
 15:  -0.3097456420  4.71162E-04   10.101
 16:  -0.3099563778  2.10736E-04   10.101
 17:  -0.3100136749  5.72971E-05   10.105
 18:  -0.3100384481  2.47731E-05   10.106
 19:  -0.3100622797  2.38316E-05   10.103
 20:  -0.3100838246  2.15449E-05   10.105
 21:  -0.3100907100  6.88538E-06   10.108
 22:  -0.3100881890  2.52096E-06   10.112
 23:  -0.3100902983  2.10927E-06   10.109
 24:  -0.3100920752  1.77696E-06   10.111
 25:  -0.3100924986  4.23425E-07   10.109
 26:  -0.3100930945  5.95876E-07   10.112
 27:  -0.3100927034  3.91126E-07   10.107
 28:  -0.3100927687  6.52807E-08   10.117
 29:  -0.3100934423  6.73634E-07   10.110
 30:  -0.3100932474  1.94895E-07   10.110
 31:  -0.3100931039  1.43549E-07   10.110
 32:  -0.3100931381  3.42818E-08   10.112
 33:  -0.3100931272  1.09405E-08   10.108
 34:  -0.3100930857  4.14591E-08   10.108
 35:  -0.3100930732  1.25670E-08   10.109
 36:  -0.3100930776  4.46791E-09   10.110
E_QED_CCSD  (Corr.)  = -0.310093077648181
E_QED_CCSD tot       = -0.615438751609472
E_CCSD_psi4 (Corr.)  = -0.067434596672859
E_CCSD_psi4 tot      = -1.056637978185510
