
  Memory set to  55.879 GiB by Python driver.
  Threads set to 1 by Python driver.
Settings:
	LOT = CCSD-S1-U21
	wc = 20.0 eV
	lambda = [0.727454 0.       0.      ] a.u.
	Equivalent A0 = LAMBDA / sqrt(2 wc) = [0.6 0.  0. ])
doing QED-CCSD-1 (or QED-CCSD-21)
Number of occupied orbitals:   1
Number of basis functions:  60
SCF Iteration   1: Energy = 0.4791504924193880 dE =  4.79150E-01
SCF Iteration   2: Energy = 1.2276055147701346 dE =  7.48455E-01
SCF Iteration   3: Energy = 0.6451662015317168 dE = -5.82439E-01
SCF Iteration   4: Energy = 1.2208746427108659 dE =  5.75708E-01
SCF Iteration   5: Energy = 0.6677887110305496 dE = -5.53086E-01
SCF Iteration   6: Energy = 1.2178155054402131 dE =  5.50027E-01
SCF Iteration   7: Energy = 0.6716970906968444 dE = -5.46118E-01
SCF Iteration   8: Energy = 1.2157460791295647 dE =  5.44049E-01
SCF Iteration   9: Energy = 0.6717276238810351 dE = -5.44018E-01
SCF Iteration  10: Energy = 1.2142753803584969 dE =  5.42548E-01
SCF Iteration  11: Energy = 0.6709329323990625 dE = -5.43342E-01
SCF Iteration  12: Energy = 1.2132778981566978 dE =  5.42345E-01
SCF Iteration  13: Energy = 0.6701502818403714 dE = -5.43128E-01
SCF Iteration  14: Energy = 1.2126359683614170 dE =  5.42486E-01
SCF Iteration  15: Energy = 0.6695688283318029 dE = -5.43067E-01
SCF Iteration  16: Energy = 1.2122382147000095 dE =  5.42669E-01
SCF Iteration  17: Energy = 0.6691817141866326 dE = -5.43057E-01
SCF Iteration  18: Energy = 1.2119978681660344 dE =  5.42816E-01
SCF Iteration  19: Energy = 0.6689380173750610 dE = -5.43060E-01
SCF Iteration  20: Energy = 1.2118550070118914 dE =  5.42917E-01
SCF Iteration  21: Energy = 0.6687894769077828 dE = -5.43066E-01
SCF Iteration  22: Energy = 1.2117710098654644 dE =  5.42982E-01
SCF Iteration  23: Energy = 0.6687007205821888 dE = -5.43070E-01
SCF Iteration  24: Energy = 1.2117219809359026 dE =  5.43021E-01
SCF Iteration  25: Energy = 0.6686483599481625 dE = -5.43074E-01
SCF Iteration  26: Energy = 1.2116935034722338 dE =  5.43045E-01
SCF Iteration  27: Energy = 0.6686177295833743 dE = -5.43076E-01
SCF Iteration  28: Energy = 1.2116770183790337 dE =  5.43059E-01
SCF Iteration  29: Energy = 0.6685999121367771 dE = -5.43077E-01
SCF Iteration  30: Energy = 1.2116674974241399 dE =  5.43068E-01
SCF Iteration  31: Energy = 0.6685895875328726 dE = -5.43078E-01
SCF Iteration  32: Energy = 1.2116620073306770 dE =  5.43072E-01
SCF Iteration  33: Energy = 0.6685836204482610 dE = -5.43078E-01
SCF Iteration  34: Energy = 1.2116588450380006 dE =  5.43075E-01
SCF Iteration  35: Energy = 0.6685801779986854 dE = -5.43079E-01
SCF Iteration  36: Energy = 1.2116570249432534 dE =  5.43077E-01
SCF Iteration  37: Energy = 0.6685781944986640 dE = -5.43079E-01
SCF Iteration  38: Energy = 1.2116559779190850 dE =  5.43078E-01
SCF Iteration  39: Energy = 0.6685770526130639 dE = -5.43079E-01
SCF Iteration  40: Energy = 1.2116553758307509 dE =  5.43078E-01
SCF Iteration  41: Energy = 0.6685763956309714 dE = -5.43079E-01
SCF Iteration  42: Energy = 1.2116550296897253 dE =  5.43079E-01
SCF Iteration  43: Energy = 0.6685760177940581 dE = -5.43079E-01
SCF Iteration  44: Energy = 1.2116548307282491 dE =  5.43079E-01
SCF Iteration  45: Energy = 0.6685758005589022 dE = -5.43079E-01
SCF Iteration  46: Energy = 1.2116547163795017 dE =  5.43079E-01
SCF Iteration  47: Energy = 0.6685756756858052 dE = -5.43079E-01
SCF Iteration  48: Energy = 1.2116546506657018 dE =  5.43079E-01
SCF Iteration  49: Energy = 0.6685756039151101 dE = -5.43079E-01
SCF Iteration  50: Energy = 1.2116546129036245 dE =  5.43079E-01
SCF Iteration  51: Energy = 0.6685755626689617 dE = -5.43079E-01
SCF Iteration  52: Energy = 1.2116545912047583 dE =  5.43079E-01
SCF Iteration  53: Energy = 0.6685755389666708 dE = -5.43079E-01
SCF Iteration  54: Energy = 1.2116545787364950 dE =  5.43079E-01
SCF Iteration  55: Energy = 0.6685755253466694 dE = -5.43079E-01
SCF Iteration  56: Energy = 1.2116545715723293 dE =  5.43079E-01
SCF Iteration  57: Energy = 0.6685755175205020 dE = -5.43079E-01
SCF Iteration  58: Energy = 1.2116545674559094 dE =  5.43079E-01
SCF Iteration  59: Energy = 0.6685755130236180 dE = -5.43079E-01
SCF Iteration  60: Energy = 1.2116545650907060 dE =  5.43079E-01
SCF Iteration  61: Energy = 0.6685755104397646 dE = -5.43079E-01
SCF Iteration  62: Energy = 1.2116545637317120 dE =  5.43079E-01
SCF Iteration  63: Energy = 0.6685755089551335 dE = -5.43079E-01
SCF Iteration  64: Energy = 1.2116545629508702 dE =  5.43079E-01
SCF Iteration  65: Energy = 0.6685755081020999 dE = -5.43079E-01
SCF Iteration  66: Energy = 1.2116545625022175 dE =  5.43079E-01
SCF Iteration  67: Energy = 0.6685755076119611 dE = -5.43079E-01
SCF Iteration  68: Energy = 1.2116545622444079 dE =  5.43079E-01
SCF Iteration  69: Energy = 0.6685755073303247 dE = -5.43079E-01
SCF Iteration  70: Energy = 1.2116545620962029 dE =  5.43079E-01
SCF Iteration  71: Energy = 0.6685755071684374 dE = -5.43079E-01
SCF Iteration  72: Energy = 1.2116545620107801 dE =  5.43079E-01
SCF Iteration  73: Energy = 0.6685755070752006 dE = -5.43079E-01
SCF Iteration  74: Energy = 1.2116545619608623 dE =  5.43079E-01
SCF Iteration  75: Energy = 0.6685755070209445 dE = -5.43079E-01
SCF Iteration  76: Energy = 1.2116545619295145 dE =  5.43079E-01
SCF Iteration  77: Energy = 0.6685755069875720 dE = -5.43079E-01
SCF Iteration  78: Energy = 1.2116545619029675 dE =  5.43079E-01
SCF Iteration  79: Energy = 0.6685755069613706 dE = -5.43079E-01
SCF Iteration  80: Energy = 1.2116545618604571 dE =  5.43079E-01
SCF Iteration  81: Energy = 0.6685755069238790 dE = -5.43079E-01
SCF Iteration  82: Energy = 1.2116545617489447 dE =  5.43079E-01
SCF Iteration  83: Energy = 0.6685755068306635 dE = -5.43079E-01
SCF Iteration  84: Energy = 1.2116545614066501 dE =  5.43079E-01
SCF Iteration  85: Energy = 0.6685755065480936 dE = -5.43079E-01
SCF Iteration  86: Energy = 1.2116545603210893 dE =  5.43079E-01
SCF Iteration  87: Energy = 0.6685755056541102 dE = -5.43079E-01
SCF Iteration  88: Energy = 1.2116545568575192 dE =  5.43079E-01
SCF Iteration  89: Energy = 0.6685755028029873 dE = -5.43079E-01
SCF Iteration  90: Energy = 1.2116545457946144 dE =  5.43079E-01
SCF Iteration  91: Energy = 0.6685754936970130 dE = -5.43079E-01
SCF Iteration  92: Energy = 1.2116545104519654 dE =  5.43079E-01
SCF Iteration  93: Energy = 0.6685754646065702 dE = -5.43079E-01
SCF Iteration  94: Energy = 1.2116543975388943 dE =  5.43079E-01
SCF Iteration  95: Energy = 0.6685753716683569 dE = -5.43079E-01
SCF Iteration  96: Energy = 1.2116540368007438 dE =  5.43079E-01
SCF Iteration  97: Energy = 0.6685750747466633 dE = -5.43079E-01
SCF Iteration  98: Energy = 1.2116528843029026 dE =  5.43078E-01
SCF Iteration  99: Energy = 0.6685741261319853 dE = -5.43079E-01
SCF Iteration 100: Energy = 1.2116492022726828 dE =  5.43075E-01
SCF Iteration 101: Energy = 0.6685710954754539 dE = -5.43078E-01
SCF Iteration 102: Energy = 1.2116374389050240 dE =  5.43066E-01
SCF Iteration 103: Energy = 0.6685614131438501 dE = -5.43076E-01
SCF Iteration 104: Energy = 1.2115998580490581 dE =  5.43038E-01
SCF Iteration 105: Energy = 0.6685304808966707 dE = -5.43069E-01
SCF Iteration 106: Energy = 1.2114798053677771 dE =  5.42949E-01
SCF Iteration 107: Energy = 0.6684316698360971 dE = -5.43048E-01
SCF Iteration 108: Energy = 1.2110963790946148 dE =  5.42665E-01
SCF Iteration 109: Energy = 0.6681161111878284 dE = -5.42980E-01
SCF Iteration 110: Energy = 1.2098726425719615 dE =  5.41757E-01
SCF Iteration 111: Energy = 0.6671092423769033 dE = -5.42763E-01
SCF Iteration 112: Energy = 1.2059756940753177 dE =  5.38866E-01
SCF Iteration 113: Energy = 0.6639055650759628 dE = -5.42070E-01
SCF Iteration 114: Energy = 1.1936536577734989 dE =  5.29748E-01
SCF Iteration 115: Energy = 0.6538022638091207 dE = -5.39851E-01
SCF Iteration 116: Energy = 1.1555487025896876 dE =  5.01746E-01
SCF Iteration 117: Energy = 0.6228134626181971 dE = -5.32735E-01
SCF Iteration 118: Energy = 1.0453684400085903 dE =  4.22555E-01
SCF Iteration 119: Energy = 0.5353479333635323 dE = -5.10021E-01
SCF Iteration 120: Energy = 0.7800287276129720 dE =  2.44681E-01
SCF Iteration 121: Energy = 0.3373289253641292 dE = -4.42700E-01
SCF Iteration 122: Energy = 0.3497813908902918 dE =  1.24525E-02
SCF Iteration 123: Energy = 0.0520282093830833 dE = -2.97753E-01
SCF Iteration 124: Energy = -0.0340218635847649 dE = -8.60501E-02
SCF Iteration 125: Energy = -0.1671318358471157 dE = -1.33110E-01
SCF Iteration 126: Energy = -0.2204973355193867 dE = -5.33655E-02
SCF Iteration 127: Energy = -0.2615557625448814 dE = -4.10584E-02
SCF Iteration 128: Energy = -0.2793318765110979 dE = -1.77761E-02
SCF Iteration 129: Energy = -0.2895077552167240 dE = -1.01759E-02
SCF Iteration 130: Energy = -0.2940439084714197 dE = -4.53615E-03
SCF Iteration 131: Energy = -0.2963260097683680 dE = -2.28210E-03
SCF Iteration 132: Energy = -0.2973620056530006 dE = -1.03600E-03
SCF Iteration 133: Energy = -0.2978588528945176 dE = -4.96847E-04
SCF Iteration 134: Energy = -0.2980893399273896 dE = -2.30487E-04
SCF Iteration 135: Energy = -0.2981997488862986 dE = -1.10409E-04
SCF Iteration 136: Energy = -0.2982527200622203 dE = -5.29712E-05
SCF Iteration 137: Energy = -0.2982788476595992 dE = -2.61276E-05
SCF Iteration 138: Energy = -0.2982919775629604 dE = -1.31299E-05
SCF Iteration 139: Energy = -0.2982987585789652 dE = -6.78102E-06
SCF Iteration 140: Energy = -0.2983023444829662 dE = -3.58590E-06
SCF Iteration 141: Energy = -0.2983042868782442 dE = -1.94240E-06
SCF Iteration 142: Energy = -0.2983053608099924 dE = -1.07393E-06
SCF Iteration 143: Energy = -0.2983059651829238 dE = -6.04373E-07
SCF Iteration 144: Energy = -0.2983063101893304 dE = -3.45006E-07
SCF Iteration 145: Energy = -0.2983065093680008 dE = -1.99179E-07
SCF Iteration 146: Energy = -0.2983066253567808 dE = -1.15989E-07
SCF Iteration 147: Energy = -0.2983066933416667 dE = -6.79849E-08
SCF Iteration 148: Energy = -0.2983067333831286 dE = -4.00415E-08
SCF Iteration 149: Energy = -0.2983067570501565 dE = -2.36670E-08
SCF Iteration 150: Energy = -0.2983067710750658 dE = -1.40249E-08
SCF Iteration 151: Energy = -0.2983067794016183 dE = -8.32655E-09
SCF Iteration 152: Energy = -0.2983067843517362 dE = -4.95012E-09
SCF Iteration 153: Energy = -0.2983067872974037 dE = -2.94567E-09
SCF Iteration 154: Energy = -0.2983067890515008 dE = -1.75410E-09
SCF Iteration 155: Energy = -0.2983067900965517 dE = -1.04505E-09
SCF Iteration 156: Energy = -0.2983067907193884 dE = -6.22837E-10
SCF Iteration 157: Energy = -0.2983067910906858 dE = -3.71297E-10
SCF Iteration 158: Energy = -0.2983067913120667 dE = -2.21381E-10
SCF Iteration 159: Energy = -0.2983067914440833 dE = -1.32017E-10
SCF Iteration 160: Energy = -0.2983067915228128 dE = -7.87295E-11

SCF converged.
E_QED_HF          = -0.298306791522813
HF  (psi4)        = -0.984618703912881
Starting with the CCSD calculation:

Iter  Energy(CCSD)      E_diff    time(sec)
  1:  -0.1716141694  1.71614E-01   10.075
  2:  -0.2488464824  7.72323E-02   10.080
  3:  -0.2644879258  1.56414E-02   10.082
  4:  -0.2597303501  4.75758E-03   10.080
  5:  -0.2626296843  2.89933E-03   10.081
  6:  -0.2655755712  2.94589E-03   10.079
  7:  -0.2746495617  9.07399E-03   10.080
  8:  -0.2820867590  7.43720E-03   10.076
  9:  -0.2858931126  3.80635E-03   10.073
 10:  -0.2938228679  7.92976E-03   10.078
 11:  -0.2979851708  4.16230E-03   10.073
 12:  -0.2998290318  1.84386E-03   10.078
 13:  -0.3009887884  1.15976E-03   10.077
 14:  -0.3018091239  8.20336E-04   10.075
 15:  -0.3023408863  5.31762E-04   10.079
 16:  -0.3025954723  2.54586E-04   10.080
 17:  -0.3026780206  8.25483E-05   10.075
 18:  -0.3027049529  2.69323E-05   10.078
 19:  -0.3027309101  2.59572E-05   10.078
 20:  -0.3027563611  2.54509E-05   10.082
 21:  -0.3027654169  9.05581E-06   10.079
 22:  -0.3027631315  2.28539E-06   10.079
 23:  -0.3027659828  2.85128E-06   10.078
 24:  -0.3027681718  2.18898E-06   10.082
 25:  -0.3027688011  6.29310E-07   10.075
 26:  -0.3027695005  6.99422E-07   10.075
 27:  -0.3027689625  5.37980E-07   10.079
 28:  -0.3027690055  4.29740E-08   10.078
 29:  -0.3027697702  7.64721E-07   10.077
 30:  -0.3027696867  8.35501E-08   10.079
 31:  -0.3027694868  1.99873E-07   10.076
 32:  -0.3027694276  5.92228E-08   10.078
 33:  -0.3027694528  2.51915E-08   10.080
 34:  -0.3027693734  7.94069E-08   10.075
 35:  -0.3027693312  4.21938E-08   10.078
 36:  -0.3027693371  5.93139E-09   10.082
E_QED_CCSD  (Corr.)  = -0.302769337089579
E_QED_CCSD tot       = -0.601076128612392
E_CCSD_psi4 (Corr.)  = -0.068960376003799
E_CCSD_psi4 tot      = -1.053579079916680
