
  Memory set to  55.879 GiB by Python driver.
  Threads set to 1 by Python driver.
Settings:
	LOT = CCSD-S1-U21
	wc = 20.0 eV
	lambda = [0.727454 0.       0.      ] a.u.
	Equivalent A0 = LAMBDA / sqrt(2 wc) = [0.6 0.  0. ])
doing QED-CCSD-1 (or QED-CCSD-21)
Number of occupied orbitals:   1
Number of basis functions:  60
SCF Iteration   1: Energy = 0.0474399313786619 dE =  4.74399E-02
SCF Iteration   2: Energy = -0.3850821263317573 dE = -4.32522E-01
SCF Iteration   3: Energy = -0.3909620067567181 dE = -5.87988E-03
SCF Iteration   4: Energy = -0.3910998499925851 dE = -1.37843E-04
SCF Iteration   5: Energy = -0.3911041360919236 dE = -4.28610E-06
SCF Iteration   6: Energy = -0.3911042933368705 dE = -1.57245E-07
SCF Iteration   7: Energy = -0.3911042996015173 dE = -6.26465E-09
SCF Iteration   8: Energy = -0.3911042998606686 dE = -2.59151E-10
SCF Iteration   9: Energy = -0.3911042998715696 dE = -1.09009E-11

SCF converged.
E_QED_HF          = -0.391104299871570
HF  (psi4)        = -1.038714414567201
Starting with the CCSD calculation:

Iter  Energy(CCSD)      E_diff    time(sec)
  1:  -0.4684940729  4.68494E-01   11.878
  2:  -0.4270057351  4.14883E-02   11.033
  3:  -0.3995028143  2.75029E-02   10.378
  4:  -0.4487617412  4.92589E-02   10.115
  5:  -0.4477943462  9.67395E-04   10.115
  6:  -0.4461646937  1.62965E-03   10.119
  7:  -0.4479340692  1.76938E-03   10.114
  8:  -0.4500751219  2.14105E-03   10.119
  9:  -0.4506989034  6.23781E-04   10.108
 10:  -0.4506212030  7.77004E-05   10.105
 11:  -0.4505583345  6.28684E-05   10.110
 12:  -0.4505826854  2.43509E-05   10.111
 13:  -0.4505944404  1.17550E-05   10.110
 14:  -0.4505906014  3.83904E-06   10.106
 15:  -0.4505885432  2.05817E-06   10.115
 16:  -0.4505881990  3.44196E-07   10.106
 17:  -0.4505883588  1.59803E-07   10.105
 18:  -0.4505884111  5.23084E-08   10.108
 19:  -0.4505883942  1.69164E-08   10.109
 20:  -0.4505883965  2.32446E-09   10.110
E_QED_CCSD  (Corr.)  = -0.450588396508177
E_QED_CCSD tot       = -0.841692696379747
E_CCSD_psi4 (Corr.)  = -0.054606948690208
E_CCSD_psi4 tot      = -1.093321363257408
