
  Memory set to  55.879 GiB by Python driver.
  Threads set to 1 by Python driver.
Settings:
	LOT = CCSD-S1-U21
	wc = 20.0 eV
	lambda = [0.727454 0.       0.      ] a.u.
	Equivalent A0 = LAMBDA / sqrt(2 wc) = [0.6 0.  0. ])
doing QED-CCSD-1 (or QED-CCSD-21)
Number of occupied orbitals:   1
Number of basis functions:  60
SCF Iteration   1: Energy = 0.2350113015334295 dE =  2.35011E-01
SCF Iteration   2: Energy = 1.0935586536707318 dE =  8.58547E-01
SCF Iteration   3: Energy = 0.3910193731844155 dE = -7.02539E-01
SCF Iteration   4: Energy = 1.0916130092082681 dE =  7.00594E-01
SCF Iteration   5: Energy = 0.4099562468248721 dE = -6.81657E-01
SCF Iteration   6: Energy = 1.0905201626668144 dE =  6.80564E-01
SCF Iteration   7: Energy = 0.4135301721347225 dE = -6.76990E-01
SCF Iteration   8: Energy = 1.0896416124041217 dE =  6.76111E-01
SCF Iteration   9: Energy = 0.4139731394318341 dE = -6.75668E-01
SCF Iteration  10: Energy = 1.0889815216834617 dE =  6.75008E-01
SCF Iteration  11: Energy = 0.4137128040212682 dE = -6.75269E-01
SCF Iteration  12: Energy = 1.0885423048231437 dE =  6.74830E-01
SCF Iteration  13: Energy = 0.4133928251836408 dE = -6.75149E-01
SCF Iteration  14: Energy = 1.0882737909509725 dE =  6.74881E-01
SCF Iteration  15: Energy = 0.4131560418955527 dE = -6.75118E-01
SCF Iteration  16: Energy = 1.0881178888887661 dE =  6.74962E-01
SCF Iteration  17: Energy = 0.4130057729333925 dE = -6.75112E-01
SCF Iteration  18: Energy = 1.0880301716292986 dE =  6.75024E-01
SCF Iteration  19: Energy = 0.4129169907625959 dE = -6.75113E-01
SCF Iteration  20: Energy = 1.0879817789049873 dE =  6.75065E-01
SCF Iteration  21: Energy = 0.4128665553742463 dE = -6.75115E-01
SCF Iteration  22: Energy = 1.0879554159944178 dE =  6.75089E-01
SCF Iteration  23: Energy = 0.4128385683615855 dE = -6.75117E-01
SCF Iteration  24: Energy = 1.0879411726128276 dE =  6.75103E-01
SCF Iteration  25: Energy = 0.4128232653621831 dE = -6.75118E-01
SCF Iteration  26: Energy = 1.0879335194489801 dE =  6.75110E-01
SCF Iteration  27: Energy = 0.4128149773970403 dE = -6.75119E-01
SCF Iteration  28: Energy = 1.0879294225073166 dE =  6.75114E-01
SCF Iteration  29: Energy = 0.4128105169737742 dE = -6.75119E-01
SCF Iteration  30: Energy = 1.0879272348057825 dE =  6.75117E-01
SCF Iteration  31: Energy = 0.4128081265970831 dE = -6.75119E-01
SCF Iteration  32: Energy = 1.0879260685989092 dE =  6.75118E-01
SCF Iteration  33: Energy = 0.4128068492298807 dE = -6.75119E-01
SCF Iteration  34: Energy = 1.0879254475966857 dE =  6.75119E-01
SCF Iteration  35: Energy = 0.4128061679166745 dE = -6.75119E-01
SCF Iteration  36: Energy = 1.0879251166700812 dE =  6.75119E-01
SCF Iteration  37: Energy = 0.4128058046151855 dE = -6.75119E-01
SCF Iteration  38: Energy = 1.0879249356278204 dE =  6.75119E-01
SCF Iteration  39: Energy = 0.4128056073995279 dE = -6.75119E-01
SCF Iteration  40: Energy = 1.0879247916187069 dE =  6.75119E-01
SCF Iteration  41: Energy = 0.4128054659594314 dE = -6.75119E-01
SCF Iteration  42: Energy = 1.0879242656000725 dE =  6.75119E-01
SCF Iteration  43: Energy = 0.4128050468479102 dE = -6.75119E-01
SCF Iteration  44: Energy = 1.0879197575223660 dE =  6.75115E-01
SCF Iteration  45: Energy = 0.4128015886417458 dE = -6.75118E-01
SCF Iteration  46: Energy = 1.0878775836594456 dE =  6.75076E-01
SCF Iteration  47: Energy = 0.4127693149177507 dE = -6.75108E-01
SCF Iteration  48: Energy = 1.0874811006095046 dE =  6.74712E-01
SCF Iteration  49: Energy = 0.4124659811569826 dE = -6.75015E-01
SCF Iteration  50: Energy = 1.0837636570832128 dE =  6.71298E-01
SCF Iteration  51: Energy = 0.4096249950016749 dE = -6.74139E-01
SCF Iteration  52: Energy = 1.0498520496908916 dE =  6.40227E-01
SCF Iteration  53: Energy = 0.3839626587155244 dE = -6.65889E-01
SCF Iteration  54: Energy = 0.8023033775924457 dE =  4.18341E-01
SCF Iteration  55: Energy = 0.2098699834793454 dE = -5.92433E-01
SCF Iteration  56: Energy = 0.1244872569938364 dE = -8.53827E-02
SCF Iteration  57: Energy = -0.1631082798074535 dE = -2.87596E-01
SCF Iteration  58: Energy = -0.2652919994058698 dE = -1.02184E-01
SCF Iteration  59: Energy = -0.3185137344752915 dE = -5.32217E-02
SCF Iteration  60: Energy = -0.3360884972166380 dE = -1.75748E-02
SCF Iteration  61: Energy = -0.3424235951030823 dE = -6.33510E-03
SCF Iteration  62: Energy = -0.3446431919077970 dE = -2.21960E-03
SCF Iteration  63: Energy = -0.3455196469885227 dE = -8.76455E-04
SCF Iteration  64: Energy = -0.3459135076360556 dE = -3.93861E-04
SCF Iteration  65: Energy = -0.3461120970557594 dE = -1.98589E-04
SCF Iteration  66: Energy = -0.3462200150964194 dE = -1.07918E-04
SCF Iteration  67: Energy = -0.3462808633096255 dE = -6.08482E-05
SCF Iteration  68: Energy = -0.3463157858386050 dE = -3.49225E-05
SCF Iteration  69: Energy = -0.3463359698181596 dE = -2.01840E-05
SCF Iteration  70: Energy = -0.3463476716376790 dE = -1.17018E-05
SCF Iteration  71: Energy = -0.3463544634280493 dE = -6.79179E-06
SCF Iteration  72: Energy = -0.3463584073727268 dE = -3.94394E-06
SCF Iteration  73: Energy = -0.3463606979860030 dE = -2.29061E-06
SCF Iteration  74: Energy = -0.3463620284683582 dE = -1.33048E-06
SCF Iteration  75: Energy = -0.3463628012914188 dE = -7.72823E-07
SCF Iteration  76: Energy = -0.3463632502014520 dE = -4.48910E-07
SCF Iteration  77: Energy = -0.3463635109625067 dE = -2.60761E-07
SCF Iteration  78: Energy = -0.3463636624334439 dE = -1.51471E-07
SCF Iteration  79: Energy = -0.3463637504203387 dE = -8.79869E-08
SCF Iteration  80: Energy = -0.3463638015306236 dE = -5.11103E-08
SCF Iteration  81: Energy = -0.3463638312199191 dE = -2.96893E-08
SCF Iteration  82: Energy = -0.3463638484660836 dE = -1.72462E-08
SCF Iteration  83: Energy = -0.3463638584841906 dE = -1.00181E-08
SCF Iteration  84: Energy = -0.3463638643036107 dE = -5.81942E-09
SCF Iteration  85: Energy = -0.3463638676840546 dE = -3.38044E-09
SCF Iteration  86: Energy = -0.3463638696477225 dE = -1.96367E-09
SCF Iteration  87: Energy = -0.3463638707884000 dE = -1.14068E-09
SCF Iteration  88: Energy = -0.3463638714510122 dE = -6.62612E-10
SCF Iteration  89: Energy = -0.3463638718359163 dE = -3.84904E-10
SCF Iteration  90: Energy = -0.3463638720595063 dE = -2.23590E-10
SCF Iteration  91: Energy = -0.3463638721893846 dE = -1.29878E-10
SCF Iteration  92: Energy = -0.3463638722648319 dE = -7.54473E-11

SCF converged.
E_QED_HF          = -0.346363872264832
HF  (psi4)        = -1.013181104745060
Starting with the CCSD calculation:

Iter  Energy(CCSD)      E_diff    time(sec)
  1:  -0.2184839063  2.18484E-01   10.093
  2:  -0.3215754568  1.03092E-01   10.090
  3:  -0.3419484683  2.03730E-02   10.096
  4:  -0.3089599471  3.29885E-02   10.092
  5:  -0.3142752484  5.31530E-03   10.091
  6:  -0.3213906050  7.11536E-03   10.093
  7:  -0.3301269916  8.73639E-03   10.093
  8:  -0.3400013831  9.87439E-03   10.088
  9:  -0.3446676383  4.66626E-03   10.086
 10:  -0.3471979740  2.53034E-03   10.089
 11:  -0.3483863799  1.18841E-03   10.085
 12:  -0.3487620500  3.75670E-04   10.086
 13:  -0.3491172731  3.55223E-04   10.087
 14:  -0.3493586703  2.41397E-04   10.086
 15:  -0.3494285709  6.99006E-05   10.084
 16:  -0.3494882233  5.96524E-05   10.086
 17:  -0.3494899218  1.69851E-06   10.083
 18:  -0.3495032759  1.33542E-05   10.087
 19:  -0.3495082864  5.01049E-06   10.085
 20:  -0.3495127337  4.44731E-06   10.086
 21:  -0.3495129962  2.62478E-07   10.088
 22:  -0.3495141230  1.12681E-06   10.096
 23:  -0.3495148947  7.71711E-07   10.085
 24:  -0.3495154031  5.08380E-07   10.088
 25:  -0.3495157891  3.85943E-07   10.089
 26:  -0.3495159362  1.47131E-07   10.085
 27:  -0.3495161984  2.62209E-07   10.090
 28:  -0.3495160836  1.14754E-07   10.088
 29:  -0.3495157234  3.60261E-07   10.086
 30:  -0.3495157304  6.98818E-09   10.088
E_QED_CCSD  (Corr.)  = -0.349515730370762
E_QED_CCSD tot       = -0.695879602635594
E_CCSD_psi4 (Corr.)  = -0.060465507368238
E_CCSD_psi4 tot      = -1.073646612113297
