
  Memory set to  55.879 GiB by Python driver.
  Threads set to 1 by Python driver.
Settings:
	LOT = CCSD-S1-U21
	wc = 20.0 eV
	lambda = [0.727454 0.       0.      ] a.u.
	Equivalent A0 = LAMBDA / sqrt(2 wc) = [0.6 0.  0. ])
doing QED-CCSD-1 (or QED-CCSD-21)
Number of occupied orbitals:   1
Number of basis functions:  60
SCF Iteration   1: Energy = 3.8733027186903159 dE =  3.87330E+00
SCF Iteration   2: Energy = 4.2085049168377964 dE =  3.35202E-01
SCF Iteration   3: Energy = 4.0321018224269976 dE = -1.76403E-01
SCF Iteration   4: Energy = 4.2041877130025984 dE =  1.72086E-01
SCF Iteration   5: Energy = 4.1190627086394924 dE = -8.51250E-02
SCF Iteration   6: Energy = 4.2161438866123397 dE =  9.70812E-02
SCF Iteration   7: Energy = 4.1622004899011174 dE = -5.39434E-02
SCF Iteration   8: Energy = 4.2247486532692502 dE =  6.25482E-02
SCF Iteration   9: Energy = 4.1831795932417180 dE = -4.15691E-02
SCF Iteration  10: Energy = 4.2286047118540084 dE =  4.54251E-02
SCF Iteration  11: Energy = 4.1925051618172713 dE = -3.60996E-02
SCF Iteration  12: Energy = 4.2288758098419050 dE =  3.63706E-02
SCF Iteration  13: Energy = 4.1954466565699153 dE = -3.34292E-02
SCF Iteration  14: Energy = 4.2268529840899092 dE =  3.14063E-02
SCF Iteration  15: Energy = 4.1948797856012634 dE = -3.19732E-02
SCF Iteration  16: Energy = 4.2235503217729455 dE =  2.86705E-02
SCF Iteration  17: Energy = 4.1924707171552145 dE = -3.10796E-02
SCF Iteration  18: Energy = 4.2196767942562809 dE =  2.72061E-02
SCF Iteration  19: Energy = 4.1892081749413377 dE = -3.04686E-02
SCF Iteration  20: Energy = 4.2156908306354595 dE =  2.64827E-02
SCF Iteration  21: Energy = 4.1856754782772363 dE = -3.00154E-02
SCF Iteration  22: Energy = 4.2118668906823373 dE =  2.61914E-02
SCF Iteration  23: Energy = 4.1822059059670202 dE = -2.96610E-02
SCF Iteration  24: Energy = 4.2083531890890589 dE =  2.61473E-02
SCF Iteration  25: Energy = 4.1789776524742468 dE = -2.93755E-02
SCF Iteration  26: Energy = 4.2052157580185323 dE =  2.62381E-02
SCF Iteration  27: Energy = 4.1760737494303140 dE = -2.91420E-02
SCF Iteration  28: Energy = 4.2024697914360241 dE =  2.63960E-02
SCF Iteration  29: Energy = 4.1735202478934266 dE = -2.89495E-02
SCF Iteration  30: Energy = 4.2001009059366492 dE =  2.65807E-02
SCF Iteration  31: Energy = 4.1713104715332276 dE = -2.87904E-02
SCF Iteration  32: Energy = 4.1980790256493847 dE =  2.67686E-02
SCF Iteration  33: Energy = 4.1694202448889790 dE = -2.86588E-02
SCF Iteration  34: Energy = 4.1963671306302777 dE =  2.69469E-02
SCF Iteration  35: Energy = 4.1678172745176232 dE = -2.85499E-02
SCF Iteration  36: Energy = 4.1949265496539168 dE =  2.71093E-02
SCF Iteration  37: Energy = 4.1664667657769829 dE = -2.84598E-02
SCF Iteration  38: Energy = 4.1937199920531345 dE =  2.72532E-02
SCF Iteration  39: Energy = 4.1653346418471529 dE = -2.83854E-02
SCF Iteration  40: Energy = 4.1927131383038141 dE =  2.73785E-02
SCF Iteration  41: Energy = 4.1643892581052127 dE = -2.83239E-02
SCF Iteration  42: Energy = 4.1918753376517852 dE =  2.74861E-02
SCF Iteration  43: Energy = 4.1636021914845722 dE = -2.82731E-02
SCF Iteration  44: Energy = 4.1911797720030588 dE =  2.75776E-02
SCF Iteration  45: Energy = 4.1629484775396151 dE = -2.82313E-02
SCF Iteration  46: Energy = 4.1906033169103134 dE =  2.76548E-02
SCF Iteration  47: Energy = 4.1624065320808636 dE = -2.81968E-02
SCF Iteration  48: Energy = 4.1901262449491208 dE =  2.77197E-02
SCF Iteration  49: Energy = 4.1619579056272089 dE = -2.81683E-02
SCF Iteration  50: Energy = 4.1897318606743967 dE =  2.77740E-02
SCF Iteration  51: Energy = 4.1615869615623788 dE = -2.81449E-02
SCF Iteration  52: Energy = 4.1894061200851569 dE =  2.78192E-02
SCF Iteration  53: Energy = 4.1612805321019346 dE = -2.81256E-02
SCF Iteration  54: Energy = 4.1891372644467140 dE =  2.78567E-02
SCF Iteration  55: Energy = 4.1610275828645555 dE = -2.81097E-02
SCF Iteration  56: Energy = 4.1889154838948190 dE =  2.78879E-02
SCF Iteration  57: Energy = 4.1608189022869988 dE = -2.80966E-02
SCF Iteration  58: Energy = 4.1887326174411719 dE =  2.79137E-02
SCF Iteration  59: Energy = 4.1606468232214366 dE = -2.80858E-02
SCF Iteration  60: Energy = 4.1885818907985950 dE =  2.79351E-02
SCF Iteration  61: Energy = 4.1605049787690103 dE = -2.80769E-02
SCF Iteration  62: Energy = 4.1884576905255972 dE =  2.79527E-02
SCF Iteration  63: Energy = 4.1603880914059355 dE = -2.80696E-02
SCF Iteration  64: Energy = 4.1883553714911663 dE =  2.79673E-02
SCF Iteration  65: Energy = 4.1602917928856114 dE = -2.80636E-02
SCF Iteration  66: Energy = 4.1882710940258701 dE =  2.79793E-02
SCF Iteration  67: Energy = 4.1602124716973954 dE = -2.80586E-02
SCF Iteration  68: Energy = 4.1882016869983829 dE =  2.79892E-02
SCF Iteration  69: Energy = 4.1601471446737088 dE = -2.80545E-02
SCF Iteration  70: Energy = 4.1881445332143619 dE =  2.79974E-02
SCF Iteration  71: Energy = 4.1600933494412384 dE = -2.80512E-02
SCF Iteration  72: Energy = 4.1880974738366330 dE =  2.80041E-02
SCF Iteration  73: Energy = 4.1600490546660298 dE = -2.80484E-02
SCF Iteration  74: Energy = 4.1880587288890823 dE =  2.80097E-02
SCF Iteration  75: Energy = 4.1600125853650374 dE = -2.80461E-02
SCF Iteration  76: Energy = 4.1880268312803715 dE =  2.80142E-02
SCF Iteration  77: Energy = 4.1599825608958030 dE = -2.80443E-02
SCF Iteration  78: Energy = 4.1880005721413873 dE =  2.80180E-02
SCF Iteration  79: Energy = 4.1599578435637863 dE = -2.80427E-02
SCF Iteration  80: Energy = 4.1879789555969786 dE =  2.80211E-02
SCF Iteration  81: Energy = 4.1599374960894222 dE = -2.80415E-02
SCF Iteration  82: Energy = 4.1879611613837540 dE =  2.80237E-02
SCF Iteration  83: Energy = 4.1599207464467209 dE = -2.80404E-02
SCF Iteration  84: Energy = 4.1879465139788863 dE =  2.80258E-02
SCF Iteration  85: Energy = 4.1599069588216118 dE = -2.80396E-02
SCF Iteration  86: Energy = 4.1879344571229415 dE =  2.80275E-02
SCF Iteration  87: Energy = 4.1598956096417661 dE = -2.80388E-02
SCF Iteration  88: Energy = 4.1879245328056438 dE =  2.80289E-02
SCF Iteration  89: Energy = 4.1598862678032695 dE = -2.80383E-02
SCF Iteration  90: Energy = 4.1879163639400669 dE =  2.80301E-02
SCF Iteration  91: Energy = 4.1598785783667687 dE = -2.80378E-02
SCF Iteration  92: Energy = 4.1879096400828359 dE =  2.80311E-02
SCF Iteration  93: Energy = 4.1598722491190232 dE = -2.80374E-02
SCF Iteration  94: Energy = 4.1879041056679709 dE =  2.80319E-02
SCF Iteration  95: Energy = 4.1598670394995301 dE = -2.80371E-02
SCF Iteration  96: Energy = 4.1878995503139853 dE =  2.80325E-02
SCF Iteration  97: Energy = 4.1598627514778510 dE = -2.80368E-02
SCF Iteration  98: Energy = 4.1878958008403853 dE =  2.80330E-02
SCF Iteration  99: Energy = 4.1598592220396577 dE = -2.80366E-02
SCF Iteration 100: Energy = 4.1878927146929943 dE =  2.80335E-02
SCF Iteration 101: Energy = 4.1598563169984271 dE = -2.80364E-02
SCF Iteration 102: Energy = 4.1878901745300077 dE =  2.80339E-02
SCF Iteration 103: Energy = 4.1598539258997143 dE = -2.80362E-02
SCF Iteration 104: Energy = 4.1878880837644266 dE =  2.80342E-02
SCF Iteration 105: Energy = 4.1598519578254036 dE = -2.80361E-02
SCF Iteration 106: Energy = 4.1878863628939911 dE =  2.80344E-02
SCF Iteration 107: Energy = 4.1598503379391767 dE = -2.80360E-02
SCF Iteration 108: Energy = 4.1878849464798353 dE =  2.80346E-02
SCF Iteration 109: Energy = 4.1598490046426591 dE = -2.80359E-02
SCF Iteration 110: Energy = 4.1878837806591749 dE =  2.80348E-02
SCF Iteration 111: Energy = 4.1598479072340604 dE = -2.80359E-02
SCF Iteration 112: Energy = 4.1878828210977925 dE =  2.80349E-02
SCF Iteration 113: Energy = 4.1598470039809596 dE = -2.80358E-02
SCF Iteration 114: Energy = 4.1878820313045981 dE =  2.80350E-02
SCF Iteration 115: Energy = 4.1598462605336897 dE = -2.80358E-02
SCF Iteration 116: Energy = 4.1878813812442175 dE =  2.80351E-02
SCF Iteration 117: Energy = 4.1598456486194673 dE = -2.80357E-02
SCF Iteration 118: Energy = 4.1878808461949504 dE =  2.80352E-02
SCF Iteration 119: Energy = 4.1598451449673517 dE = -2.80357E-02
SCF Iteration 120: Energy = 4.1878804058088104 dE =  2.80353E-02
SCF Iteration 121: Energy = 4.1598447304234005 dE = -2.80357E-02
SCF Iteration 122: Energy = 4.1878800433377332 dE =  2.80353E-02
SCF Iteration 123: Energy = 4.1598443892223766 dE = -2.80357E-02
SCF Iteration 124: Energy = 4.1878797449967280 dE =  2.80354E-02
SCF Iteration 125: Energy = 4.1598441083882092 dE = -2.80356E-02
SCF Iteration 126: Energy = 4.1878794994396564 dE =  2.80354E-02
SCF Iteration 127: Energy = 4.1598438772405757 dE = -2.80356E-02
SCF Iteration 128: Energy = 4.1878792973277879 dE =  2.80354E-02
SCF Iteration 129: Energy = 4.1598436869887268 dE = -2.80356E-02
SCF Iteration 130: Energy = 4.1878791309745811 dE =  2.80354E-02
SCF Iteration 131: Energy = 4.1598435303972172 dE = -2.80356E-02
SCF Iteration 132: Energy = 4.1878789940534542 dE =  2.80355E-02
SCF Iteration 133: Energy = 4.1598434015106927 dE = -2.80356E-02
SCF Iteration 134: Energy = 4.1878788813571468 dE =  2.80355E-02
SCF Iteration 135: Energy = 4.1598432954274536 dE = -2.80356E-02
SCF Iteration 136: Energy = 4.1878787885996829 dE =  2.80355E-02
SCF Iteration 137: Energy = 4.1598432081130374 dE = -2.80356E-02
SCF Iteration 138: Energy = 4.1878787122533652 dE =  2.80355E-02
SCF Iteration 139: Energy = 4.1598431362467503 dE = -2.80356E-02
SCF Iteration 140: Energy = 4.1878786494146496 dE =  2.80355E-02
SCF Iteration 141: Energy = 4.1598430770954486 dE = -2.80356E-02
SCF Iteration 142: Energy = 4.1878785976937181 dE =  2.80355E-02
SCF Iteration 143: Energy = 4.1598430284095196 dE = -2.80356E-02
SCF Iteration 144: Energy = 4.1878785551235369 dE =  2.80355E-02
SCF Iteration 145: Energy = 4.1598429883373687 dE = -2.80356E-02
SCF Iteration 146: Energy = 4.1878785200851150 dE =  2.80355E-02
SCF Iteration 147: Energy = 4.1598429553550096 dE = -2.80356E-02
SCF Iteration 148: Energy = 4.1878784912458773 dE =  2.80355E-02
SCF Iteration 149: Energy = 4.1598429282080840 dE = -2.80356E-02
SCF Iteration 150: Energy = 4.1878784675090444 dE =  2.80355E-02
SCF Iteration 151: Energy = 4.1598429058641324 dE = -2.80356E-02
SCF Iteration 152: Energy = 4.1878784479718618 dE =  2.80355E-02
SCF Iteration 153: Energy = 4.1598428874734115 dE = -2.80356E-02
SCF Iteration 154: Energy = 4.1878784318913134 dE =  2.80355E-02
SCF Iteration 155: Energy = 4.1598428723364629 dE = -2.80356E-02
SCF Iteration 156: Energy = 4.1878784186558216 dE =  2.80355E-02
SCF Iteration 157: Energy = 4.1598428598776378 dE = -2.80356E-02
SCF Iteration 158: Energy = 4.1878784077620308 dE =  2.80355E-02
SCF Iteration 159: Energy = 4.1598428496230957 dE = -2.80356E-02
SCF Iteration 160: Energy = 4.1878783987956210 dE =  2.80355E-02
SCF Iteration 161: Energy = 4.1598428411828490 dE = -2.80356E-02
SCF Iteration 162: Energy = 4.1878783914156079 dE =  2.80356E-02
SCF Iteration 163: Energy = 4.1598428342358886 dE = -2.80356E-02
SCF Iteration 164: Energy = 4.1878783853412997 dE =  2.80356E-02
SCF Iteration 165: Energy = 4.1598428285180296 dE = -2.80356E-02
SCF Iteration 166: Energy = 4.1878783803416955 dE =  2.80356E-02
SCF Iteration 167: Energy = 4.1598428238118119 dE = -2.80356E-02
SCF Iteration 168: Energy = 4.1878783762266494 dE =  2.80356E-02
SCF Iteration 169: Energy = 4.1598428199382376 dE = -2.80356E-02
SCF Iteration 170: Energy = 4.1878783728396742 dE =  2.80356E-02
SCF Iteration 171: Energy = 4.1598428167500030 dE = -2.80356E-02
SCF Iteration 172: Energy = 4.1878783700519318 dE =  2.80356E-02
SCF Iteration 173: Energy = 4.1598428141258417 dE = -2.80356E-02
SCF Iteration 174: Energy = 4.1878783677574152 dE =  2.80356E-02
SCF Iteration 175: Energy = 4.1598428119659747 dE = -2.80356E-02
SCF Iteration 176: Energy = 4.1878783658688494 dE =  2.80356E-02
SCF Iteration 177: Energy = 4.1598428101882243 dE = -2.80356E-02
SCF Iteration 178: Energy = 4.1878783643144253 dE =  2.80356E-02
SCF Iteration 179: Energy = 4.1598428087250214 dE = -2.80356E-02
SCF Iteration 180: Energy = 4.1878783630350256 dE =  2.80356E-02
SCF Iteration 181: Energy = 4.1598428075206870 dE = -2.80356E-02
SCF Iteration 182: Energy = 4.1878783619819693 dE =  2.80356E-02
SCF Iteration 183: Energy = 4.1598428065294293 dE = -2.80356E-02
SCF Iteration 184: Energy = 4.1878783611152279 dE =  2.80356E-02
SCF Iteration 185: Energy = 4.1598428057135504 dE = -2.80356E-02
SCF Iteration 186: Energy = 4.1878783604018404 dE =  2.80356E-02
SCF Iteration 187: Energy = 4.1598428050420200 dE = -2.80356E-02
SCF Iteration 188: Energy = 4.1878783598146718 dE =  2.80356E-02
SCF Iteration 189: Energy = 4.1598428044892986 dE = -2.80356E-02
SCF Iteration 190: Energy = 4.1878783593313766 dE =  2.80356E-02
SCF Iteration 191: Energy = 4.1598428040343816 dE = -2.80356E-02
SCF Iteration 192: Energy = 4.1878783589335979 dE =  2.80356E-02
SCF Iteration 193: Energy = 4.1598428036599353 dE = -2.80356E-02
SCF Iteration 194: Energy = 4.1878783586062021 dE =  2.80356E-02
SCF Iteration 195: Energy = 4.1598428033517569 dE = -2.80356E-02
SCF Iteration 196: Energy = 4.1878783583367198 dE =  2.80356E-02
SCF Iteration 197: Energy = 4.1598428030980799 dE = -2.80356E-02
SCF Iteration 198: Energy = 4.1878783581149222 dE =  2.80356E-02
SCF Iteration 199: Energy = 4.1598428028893037 dE = -2.80356E-02
SCF Iteration 200: Energy = 4.1878783579323571 dE =  2.80356E-02
SCF Iteration 201: Energy = 4.1598428027174537 dE = -2.80356E-02
SCF Iteration 202: Energy = 4.1878783577820986 dE =  2.80356E-02
SCF Iteration 203: Energy = 4.1598428025760157 dE = -2.80356E-02
SCF Iteration 204: Energy = 4.1878783576584304 dE =  2.80356E-02
SCF Iteration 205: Energy = 4.1598428024595897 dE = -2.80356E-02
SCF Iteration 206: Energy = 4.1878783575566327 dE =  2.80356E-02
SCF Iteration 207: Energy = 4.1598428023637783 dE = -2.80356E-02
SCF Iteration 208: Energy = 4.1878783574728455 dE =  2.80356E-02
SCF Iteration 209: Energy = 4.1598428022849054 dE = -2.80356E-02
SCF Iteration 210: Energy = 4.1878783574038794 dE =  2.80356E-02
SCF Iteration 211: Energy = 4.1598428022199903 dE = -2.80356E-02
SCF Iteration 212: Energy = 4.1878783573471221 dE =  2.80356E-02
SCF Iteration 213: Energy = 4.1598428021665583 dE = -2.80356E-02
SCF Iteration 214: Energy = 4.1878783573004128 dE =  2.80356E-02
SCF Iteration 215: Energy = 4.1598428021225828 dE = -2.80356E-02
SCF Iteration 216: Energy = 4.1878783572619573 dE =  2.80356E-02
SCF Iteration 217: Energy = 4.1598428020863976 dE = -2.80356E-02
SCF Iteration 218: Energy = 4.1878783572303204 dE =  2.80356E-02
SCF Iteration 219: Energy = 4.1598428020566027 dE = -2.80356E-02
SCF Iteration 220: Energy = 4.1878783572042648 dE =  2.80356E-02
SCF Iteration 221: Energy = 4.1598428020320837 dE = -2.80356E-02
SCF Iteration 222: Energy = 4.1878783571828295 dE =  2.80356E-02
SCF Iteration 223: Energy = 4.1598428020119025 dE = -2.80356E-02
SCF Iteration 224: Energy = 4.1878783571651779 dE =  2.80356E-02
SCF Iteration 225: Energy = 4.1598428019952962 dE = -2.80356E-02
SCF Iteration 226: Energy = 4.1878783571506641 dE =  2.80356E-02
SCF Iteration 227: Energy = 4.1598428019816271 dE = -2.80356E-02
SCF Iteration 228: Energy = 4.1878783571387075 dE =  2.80356E-02
SCF Iteration 229: Energy = 4.1598428019703739 dE = -2.80356E-02
SCF Iteration 230: Energy = 4.1878783571288718 dE =  2.80356E-02
SCF Iteration 231: Energy = 4.1598428019611058 dE = -2.80356E-02
SCF Iteration 232: Energy = 4.1878783571207663 dE =  2.80356E-02
SCF Iteration 233: Energy = 4.1598428019534879 dE = -2.80356E-02
SCF Iteration 234: Energy = 4.1878783571140978 dE =  2.80356E-02
SCF Iteration 235: Energy = 4.1598428019472120 dE = -2.80356E-02
SCF Iteration 236: Energy = 4.1878783571086142 dE =  2.80356E-02
SCF Iteration 237: Energy = 4.1598428019420446 dE = -2.80356E-02
SCF Iteration 238: Energy = 4.1878783571040925 dE =  2.80356E-02
SCF Iteration 239: Energy = 4.1598428019377902 dE = -2.80356E-02
SCF Iteration 240: Energy = 4.1878783571003755 dE =  2.80356E-02
SCF Iteration 241: Energy = 4.1598428019342899 dE = -2.80356E-02
SCF Iteration 242: Energy = 4.1878783570973273 dE =  2.80356E-02
SCF Iteration 243: Energy = 4.1598428019314122 dE = -2.80356E-02
SCF Iteration 244: Energy = 4.1878783570948093 dE =  2.80356E-02
SCF Iteration 245: Energy = 4.1598428019290452 dE = -2.80356E-02
SCF Iteration 246: Energy = 4.1878783570927318 dE =  2.80356E-02
SCF Iteration 247: Energy = 4.1598428019270957 dE = -2.80356E-02
SCF Iteration 248: Energy = 4.1878783570910292 dE =  2.80356E-02
SCF Iteration 249: Energy = 4.1598428019254898 dE = -2.80356E-02
SCF Iteration 250: Energy = 4.1878783570896214 dE =  2.80356E-02
SCF Iteration 251: Energy = 4.1598428019241638 dE = -2.80356E-02
SCF Iteration 252: Energy = 4.1878783570884588 dE =  2.80356E-02
SCF Iteration 253: Energy = 4.1598428019230749 dE = -2.80356E-02
SCF Iteration 254: Energy = 4.1878783570875129 dE =  2.80356E-02
SCF Iteration 255: Energy = 4.1598428019221805 dE = -2.80356E-02
SCF Iteration 256: Energy = 4.1878783570867242 dE =  2.80356E-02
SCF Iteration 257: Energy = 4.1598428019214442 dE = -2.80356E-02
SCF Iteration 258: Energy = 4.1878783570860856 dE =  2.80356E-02
SCF Iteration 259: Energy = 4.1598428019208367 dE = -2.80356E-02
SCF Iteration 260: Energy = 4.1878783570855571 dE =  2.80356E-02
SCF Iteration 261: Energy = 4.1598428019203402 dE = -2.80356E-02
SCF Iteration 262: Energy = 4.1878783570851184 dE =  2.80356E-02
SCF Iteration 263: Energy = 4.1598428019199289 dE = -2.80356E-02
SCF Iteration 264: Energy = 4.1878783570847560 dE =  2.80356E-02
SCF Iteration 265: Energy = 4.1598428019195870 dE = -2.80356E-02
SCF Iteration 266: Energy = 4.1878783570844567 dE =  2.80356E-02
SCF Iteration 267: Energy = 4.1598428019193081 dE = -2.80356E-02
SCF Iteration 268: Energy = 4.1878783570842160 dE =  2.80356E-02
SCF Iteration 269: Energy = 4.1598428019190878 dE = -2.80356E-02
SCF Iteration 270: Energy = 4.1878783570840215 dE =  2.80356E-02
SCF Iteration 271: Energy = 4.1598428019189013 dE = -2.80356E-02
SCF Iteration 272: Energy = 4.1878783570838536 dE =  2.80356E-02
SCF Iteration 273: Energy = 4.1598428019187361 dE = -2.80356E-02
SCF Iteration 274: Energy = 4.1878783570837159 dE =  2.80356E-02
SCF Iteration 275: Energy = 4.1598428019186100 dE = -2.80356E-02
SCF Iteration 276: Energy = 4.1878783570836156 dE =  2.80356E-02
SCF Iteration 277: Energy = 4.1598428019185070 dE = -2.80356E-02
SCF Iteration 278: Energy = 4.1878783570835125 dE =  2.80356E-02
SCF Iteration 279: Energy = 4.1598428019184173 dE = -2.80356E-02
SCF Iteration 280: Energy = 4.1878783570834326 dE =  2.80356E-02
SCF Iteration 281: Energy = 4.1598428019183533 dE = -2.80356E-02
SCF Iteration 282: Energy = 4.1878783570833811 dE =  2.80356E-02
SCF Iteration 283: Energy = 4.1598428019182876 dE = -2.80356E-02
SCF Iteration 284: Energy = 4.1878783570833331 dE =  2.80356E-02
SCF Iteration 285: Energy = 4.1598428019182414 dE = -2.80356E-02
SCF Iteration 286: Energy = 4.1878783570832878 dE =  2.80356E-02
SCF Iteration 287: Energy = 4.1598428019182041 dE = -2.80356E-02
SCF Iteration 288: Energy = 4.1878783570832496 dE =  2.80356E-02
SCF Iteration 289: Energy = 4.1598428019181597 dE = -2.80356E-02
SCF Iteration 290: Energy = 4.1878783570832230 dE =  2.80356E-02
SCF Iteration 291: Energy = 4.1598428019181428 dE = -2.80356E-02
SCF Iteration 292: Energy = 4.1878783570831981 dE =  2.80356E-02
SCF Iteration 293: Energy = 4.1598428019181153 dE = -2.80356E-02
SCF Iteration 294: Energy = 4.1878783570831803 dE =  2.80356E-02
SCF Iteration 295: Energy = 4.1598428019181002 dE = -2.80356E-02
SCF Iteration 296: Energy = 4.1878783570831679 dE =  2.80356E-02
SCF Iteration 297: Energy = 4.1598428019180869 dE = -2.80356E-02
SCF Iteration 298: Energy = 4.1878783570831395 dE =  2.80356E-02
SCF Iteration 299: Energy = 4.1598428019180744 dE = -2.80356E-02
SCF Iteration 300: Energy = 4.1878783570831386 dE =  2.80356E-02
SCF Iteration 301: Energy = 4.1598428019180629 dE = -2.80356E-02
SCF Iteration 302: Energy = 4.1878783570831279 dE =  2.80356E-02
SCF Iteration 303: Energy = 4.1598428019180567 dE = -2.80356E-02
SCF Iteration 304: Energy = 4.1878783570831279 dE =  2.80356E-02
SCF Iteration 305: Energy = 4.1598428019180469 dE = -2.80356E-02
SCF Iteration 306: Energy = 4.1878783570831137 dE =  2.80356E-02
SCF Iteration 307: Energy = 4.1598428019180389 dE = -2.80356E-02
SCF Iteration 308: Energy = 4.1878783570831102 dE =  2.80356E-02
SCF Iteration 309: Energy = 4.1598428019180318 dE = -2.80356E-02
SCF Iteration 310: Energy = 4.1878783570831128 dE =  2.80356E-02
SCF Iteration 311: Energy = 4.1598428019180345 dE = -2.80356E-02
SCF Iteration 312: Energy = 4.1878783570831031 dE =  2.80356E-02
SCF Iteration 313: Energy = 4.1598428019180309 dE = -2.80356E-02
SCF Iteration 314: Energy = 4.1878783570830986 dE =  2.80356E-02
SCF Iteration 315: Energy = 4.1598428019180309 dE = -2.80356E-02
SCF Iteration 316: Energy = 4.1878783570830951 dE =  2.80356E-02
SCF Iteration 317: Energy = 4.1598428019180309 dE = -2.80356E-02
SCF Iteration 318: Energy = 4.1878783570830969 dE =  2.80356E-02
SCF Iteration 319: Energy = 4.1598428019180256 dE = -2.80356E-02
SCF Iteration 320: Energy = 4.1878783570830933 dE =  2.80356E-02
SCF Iteration 321: Energy = 4.1598428019180220 dE = -2.80356E-02
SCF Iteration 322: Energy = 4.1878783570830942 dE =  2.80356E-02
SCF Iteration 323: Energy = 4.1598428019180238 dE = -2.80356E-02
SCF Iteration 324: Energy = 4.1878783570830880 dE =  2.80356E-02
SCF Iteration 325: Energy = 4.1598428019180185 dE = -2.80356E-02
SCF Iteration 326: Energy = 4.1878783570830933 dE =  2.80356E-02
SCF Iteration 327: Energy = 4.1598428019180238 dE = -2.80356E-02
SCF Iteration 328: Energy = 4.1878783570830898 dE =  2.80356E-02
SCF Iteration 329: Energy = 4.1598428019180158 dE = -2.80356E-02
SCF Iteration 330: Energy = 4.1878783570830933 dE =  2.80356E-02
SCF Iteration 331: Energy = 4.1598428019180194 dE = -2.80356E-02
SCF Iteration 332: Energy = 4.1878783570830889 dE =  2.80356E-02
SCF Iteration 333: Energy = 4.1598428019180194 dE = -2.80356E-02
SCF Iteration 334: Energy = 4.1878783570830915 dE =  2.80356E-02
SCF Iteration 335: Energy = 4.1598428019180140 dE = -2.80356E-02
SCF Iteration 336: Energy = 4.1878783570830818 dE =  2.80356E-02
SCF Iteration 337: Energy = 4.1598428019180140 dE = -2.80356E-02
SCF Iteration 338: Energy = 4.1878783570830915 dE =  2.80356E-02
SCF Iteration 339: Energy = 4.1598428019180211 dE = -2.80356E-02
SCF Iteration 340: Energy = 4.1878783570830880 dE =  2.80356E-02
SCF Iteration 341: Energy = 4.1598428019180158 dE = -2.80356E-02
SCF Iteration 342: Energy = 4.1878783570830880 dE =  2.80356E-02
SCF Iteration 343: Energy = 4.1598428019180185 dE = -2.80356E-02
SCF Iteration 344: Energy = 4.1878783570830933 dE =  2.80356E-02
SCF Iteration 345: Energy = 4.1598428019180158 dE = -2.80356E-02
SCF Iteration 346: Energy = 4.1878783570830862 dE =  2.80356E-02
SCF Iteration 347: Energy = 4.1598428019180176 dE = -2.80356E-02
SCF Iteration 348: Energy = 4.1878783570830871 dE =  2.80356E-02
SCF Iteration 349: Energy = 4.1598428019180167 dE = -2.80356E-02
SCF Iteration 350: Energy = 4.1878783570830880 dE =  2.80356E-02
SCF Iteration 351: Energy = 4.1598428019180256 dE = -2.80356E-02
SCF Iteration 352: Energy = 4.1878783570830933 dE =  2.80356E-02
SCF Iteration 353: Energy = 4.1598428019180194 dE = -2.80356E-02
SCF Iteration 354: Energy = 4.1878783570830826 dE =  2.80356E-02
SCF Iteration 355: Energy = 4.1598428019180123 dE = -2.80356E-02
SCF Iteration 356: Energy = 4.1878783570830862 dE =  2.80356E-02
SCF Iteration 357: Energy = 4.1598428019180176 dE = -2.80356E-02
SCF Iteration 358: Energy = 4.1878783570830880 dE =  2.80356E-02
SCF Iteration 359: Energy = 4.1598428019180265 dE = -2.80356E-02
SCF Iteration 360: Energy = 4.1878783570830880 dE =  2.80356E-02
SCF Iteration 361: Energy = 4.1598428019180229 dE = -2.80356E-02
SCF Iteration 362: Energy = 4.1878783570830889 dE =  2.80356E-02
SCF Iteration 363: Energy = 4.1598428019180211 dE = -2.80356E-02
SCF Iteration 364: Energy = 4.1878783570830915 dE =  2.80356E-02
SCF Iteration 365: Energy = 4.1598428019180247 dE = -2.80356E-02
SCF Iteration 366: Energy = 4.1878783570830969 dE =  2.80356E-02
SCF Iteration 367: Energy = 4.1598428019180194 dE = -2.80356E-02
SCF Iteration 368: Energy = 4.1878783570830933 dE =  2.80356E-02
SCF Iteration 369: Energy = 4.1598428019180247 dE = -2.80356E-02
SCF Iteration 370: Energy = 4.1878783570830862 dE =  2.80356E-02
SCF Iteration 371: Energy = 4.1598428019180229 dE = -2.80356E-02
SCF Iteration 372: Energy = 4.1878783570830880 dE =  2.80356E-02
SCF Iteration 373: Energy = 4.1598428019180229 dE = -2.80356E-02
SCF Iteration 374: Energy = 4.1878783570830986 dE =  2.80356E-02
SCF Iteration 375: Energy = 4.1598428019180220 dE = -2.80356E-02
SCF Iteration 376: Energy = 4.1878783570830933 dE =  2.80356E-02
SCF Iteration 377: Energy = 4.1598428019180229 dE = -2.80356E-02
SCF Iteration 378: Energy = 4.1878783570830880 dE =  2.80356E-02
SCF Iteration 379: Energy = 4.1598428019180211 dE = -2.80356E-02
SCF Iteration 380: Energy = 4.1878783570830818 dE =  2.80356E-02
SCF Iteration 381: Energy = 4.1598428019180123 dE = -2.80356E-02
SCF Iteration 382: Energy = 4.1878783570830826 dE =  2.80356E-02
SCF Iteration 383: Energy = 4.1598428019180149 dE = -2.80356E-02
SCF Iteration 384: Energy = 4.1878783570830898 dE =  2.80356E-02
SCF Iteration 385: Energy = 4.1598428019180176 dE = -2.80356E-02
SCF Iteration 386: Energy = 4.1878783570830898 dE =  2.80356E-02
SCF Iteration 387: Energy = 4.1598428019180167 dE = -2.80356E-02
SCF Iteration 388: Energy = 4.1878783570830835 dE =  2.80356E-02
SCF Iteration 389: Energy = 4.1598428019180202 dE = -2.80356E-02
SCF Iteration 390: Energy = 4.1878783570830898 dE =  2.80356E-02
SCF Iteration 391: Energy = 4.1598428019180220 dE = -2.80356E-02
SCF Iteration 392: Energy = 4.1878783570830800 dE =  2.80356E-02
SCF Iteration 393: Energy = 4.1598428019180167 dE = -2.80356E-02
SCF Iteration 394: Energy = 4.1878783570830880 dE =  2.80356E-02
SCF Iteration 395: Energy = 4.1598428019180185 dE = -2.80356E-02
SCF Iteration 396: Energy = 4.1878783570830906 dE =  2.80356E-02
SCF Iteration 397: Energy = 4.1598428019180167 dE = -2.80356E-02
SCF Iteration 398: Energy = 4.1878783570830969 dE =  2.80356E-02
SCF Iteration 399: Energy = 4.1598428019180211 dE = -2.80356E-02
SCF Iteration 400: Energy = 4.1878783570830844 dE =  2.80356E-02
SCF Iteration 401: Energy = 4.1598428019180211 dE = -2.80356E-02
SCF Iteration 402: Energy = 4.1878783570830951 dE =  2.80356E-02
SCF Iteration 403: Energy = 4.1598428019180176 dE = -2.80356E-02
SCF Iteration 404: Energy = 4.1878783570830880 dE =  2.80356E-02
SCF Iteration 405: Energy = 4.1598428019180167 dE = -2.80356E-02
SCF Iteration 406: Energy = 4.1878783570830915 dE =  2.80356E-02
SCF Iteration 407: Energy = 4.1598428019180149 dE = -2.80356E-02
SCF Iteration 408: Energy = 4.1878783570830889 dE =  2.80356E-02
SCF Iteration 409: Energy = 4.1598428019180194 dE = -2.80356E-02
SCF Iteration 410: Energy = 4.1878783570830906 dE =  2.80356E-02
SCF Iteration 411: Energy = 4.1598428019180140 dE = -2.80356E-02
SCF Iteration 412: Energy = 4.1878783570830889 dE =  2.80356E-02
SCF Iteration 413: Energy = 4.1598428019180202 dE = -2.80356E-02
SCF Iteration 414: Energy = 4.1878783570830880 dE =  2.80356E-02
SCF Iteration 415: Energy = 4.1598428019180229 dE = -2.80356E-02
SCF Iteration 416: Energy = 4.1878783570830844 dE =  2.80356E-02
SCF Iteration 417: Energy = 4.1598428019180131 dE = -2.80356E-02
SCF Iteration 418: Energy = 4.1878783570830915 dE =  2.80356E-02
SCF Iteration 419: Energy = 4.1598428019180167 dE = -2.80356E-02
SCF Iteration 420: Energy = 4.1878783570830826 dE =  2.80356E-02
SCF Iteration 421: Energy = 4.1598428019180114 dE = -2.80356E-02
SCF Iteration 422: Energy = 4.1878783570830942 dE =  2.80356E-02
SCF Iteration 423: Energy = 4.1598428019180194 dE = -2.80356E-02
SCF Iteration 424: Energy = 4.1878783570830880 dE =  2.80356E-02
SCF Iteration 425: Energy = 4.1598428019180194 dE = -2.80356E-02
SCF Iteration 426: Energy = 4.1878783570830906 dE =  2.80356E-02
SCF Iteration 427: Energy = 4.1598428019180202 dE = -2.80356E-02
SCF Iteration 428: Energy = 4.1878783570830844 dE =  2.80356E-02
SCF Iteration 429: Energy = 4.1598428019180060 dE = -2.80356E-02
SCF Iteration 430: Energy = 4.1878783570830915 dE =  2.80356E-02
SCF Iteration 431: Energy = 4.1598428019180167 dE = -2.80356E-02
SCF Iteration 432: Energy = 4.1878783570830906 dE =  2.80356E-02
SCF Iteration 433: Energy = 4.1598428019180140 dE = -2.80356E-02
SCF Iteration 434: Energy = 4.1878783570830844 dE =  2.80356E-02
SCF Iteration 435: Energy = 4.1598428019180229 dE = -2.80356E-02
SCF Iteration 436: Energy = 4.1878783570830942 dE =  2.80356E-02
SCF Iteration 437: Energy = 4.1598428019180167 dE = -2.80356E-02
SCF Iteration 438: Energy = 4.1878783570830898 dE =  2.80356E-02
SCF Iteration 439: Energy = 4.1598428019180185 dE = -2.80356E-02
SCF Iteration 440: Energy = 4.1878783570830933 dE =  2.80356E-02
SCF Iteration 441: Energy = 4.1598428019180167 dE = -2.80356E-02
SCF Iteration 442: Energy = 4.1878783570830835 dE =  2.80356E-02
SCF Iteration 443: Energy = 4.1598428019180176 dE = -2.80356E-02
SCF Iteration 444: Energy = 4.1878783570830915 dE =  2.80356E-02
SCF Iteration 445: Energy = 4.1598428019180149 dE = -2.80356E-02
SCF Iteration 446: Energy = 4.1878783570830844 dE =  2.80356E-02
SCF Iteration 447: Energy = 4.1598428019180185 dE = -2.80356E-02
SCF Iteration 448: Energy = 4.1878783570830826 dE =  2.80356E-02
SCF Iteration 449: Energy = 4.1598428019180194 dE = -2.80356E-02
SCF Iteration 450: Energy = 4.1878783570830880 dE =  2.80356E-02
SCF Iteration 451: Energy = 4.1598428019180149 dE = -2.80356E-02
SCF Iteration 452: Energy = 4.1878783570830826 dE =  2.80356E-02
SCF Iteration 453: Energy = 4.1598428019180105 dE = -2.80356E-02
SCF Iteration 454: Energy = 4.1878783570830880 dE =  2.80356E-02
SCF Iteration 455: Energy = 4.1598428019180211 dE = -2.80356E-02
SCF Iteration 456: Energy = 4.1878783570830880 dE =  2.80356E-02
SCF Iteration 457: Energy = 4.1598428019180140 dE = -2.80356E-02
SCF Iteration 458: Energy = 4.1878783570830898 dE =  2.80356E-02
SCF Iteration 459: Energy = 4.1598428019180123 dE = -2.80356E-02
SCF Iteration 460: Energy = 4.1878783570830880 dE =  2.80356E-02
SCF Iteration 461: Energy = 4.1598428019180114 dE = -2.80356E-02
SCF Iteration 462: Energy = 4.1878783570830826 dE =  2.80356E-02
SCF Iteration 463: Energy = 4.1598428019180096 dE = -2.80356E-02
SCF Iteration 464: Energy = 4.1878783570830755 dE =  2.80356E-02
SCF Iteration 465: Energy = 4.1598428019180114 dE = -2.80356E-02
SCF Iteration 466: Energy = 4.1878783570830871 dE =  2.80356E-02
SCF Iteration 467: Energy = 4.1598428019180105 dE = -2.80356E-02
SCF Iteration 468: Energy = 4.1878783570830835 dE =  2.80356E-02
SCF Iteration 469: Energy = 4.1598428019180069 dE = -2.80356E-02
SCF Iteration 470: Energy = 4.1878783570830862 dE =  2.80356E-02
SCF Iteration 471: Energy = 4.1598428019180105 dE = -2.80356E-02
SCF Iteration 472: Energy = 4.1878783570830791 dE =  2.80356E-02
SCF Iteration 473: Energy = 4.1598428019180096 dE = -2.80356E-02
SCF Iteration 474: Energy = 4.1878783570830862 dE =  2.80356E-02
SCF Iteration 475: Energy = 4.1598428019180220 dE = -2.80356E-02
SCF Iteration 476: Energy = 4.1878783570830915 dE =  2.80356E-02
SCF Iteration 477: Energy = 4.1598428019180176 dE = -2.80356E-02
SCF Iteration 478: Energy = 4.1878783570830844 dE =  2.80356E-02
SCF Iteration 479: Energy = 4.1598428019180105 dE = -2.80356E-02
SCF Iteration 480: Energy = 4.1878783570830844 dE =  2.80356E-02
SCF Iteration 481: Energy = 4.1598428019180229 dE = -2.80356E-02
SCF Iteration 482: Energy = 4.1878783570830915 dE =  2.80356E-02
SCF Iteration 483: Energy = 4.1598428019180202 dE = -2.80356E-02
SCF Iteration 484: Energy = 4.1878783570830951 dE =  2.80356E-02
SCF Iteration 485: Energy = 4.1598428019180158 dE = -2.80356E-02
SCF Iteration 486: Energy = 4.1878783570830960 dE =  2.80356E-02
SCF Iteration 487: Energy = 4.1598428019180229 dE = -2.80356E-02
SCF Iteration 488: Energy = 4.1878783570830889 dE =  2.80356E-02
SCF Iteration 489: Energy = 4.1598428019180211 dE = -2.80356E-02
SCF Iteration 490: Energy = 4.1878783570830871 dE =  2.80356E-02
SCF Iteration 491: Energy = 4.1598428019180149 dE = -2.80356E-02
SCF Iteration 492: Energy = 4.1878783570830915 dE =  2.80356E-02
SCF Iteration 493: Energy = 4.1598428019180194 dE = -2.80356E-02
SCF Iteration 494: Energy = 4.1878783570830933 dE =  2.80356E-02
SCF Iteration 495: Energy = 4.1598428019180220 dE = -2.80356E-02
SCF Iteration 496: Energy = 4.1878783570830844 dE =  2.80356E-02
SCF Iteration 497: Energy = 4.1598428019180185 dE = -2.80356E-02
SCF Iteration 498: Energy = 4.1878783570830898 dE =  2.80356E-02
SCF Iteration 499: Energy = 4.1598428019180211 dE = -2.80356E-02
SCF Iteration 500: Energy = 4.1878783570830844 dE =  2.80356E-02
