
  Memory set to  55.879 GiB by Python driver.
  Threads set to 1 by Python driver.
Settings:
	LOT = CCSD-S1-U21
	wc = 20.0 eV
	lambda = [0.727454 0.       0.      ] a.u.
	Equivalent A0 = LAMBDA / sqrt(2 wc) = [0.6 0.  0. ])
doing QED-CCSD-1 (or QED-CCSD-21)
Number of occupied orbitals:   1
Number of basis functions:  60
SCF Iteration   1: Energy = 1.7459974597398289 dE =  1.74600E+00
SCF Iteration   2: Energy = 2.2165862904211968 dE =  4.70589E-01
SCF Iteration   3: Energy = 1.9549286647794826 dE = -2.61658E-01
SCF Iteration   4: Energy = 2.2146360815938482 dE =  2.59707E-01
SCF Iteration   5: Energy = 2.0167712741196300 dE = -1.97865E-01
SCF Iteration   6: Energy = 2.2162349126121579 dE =  1.99464E-01
SCF Iteration   7: Energy = 2.0373526202553567 dE = -1.78882E-01
SCF Iteration   8: Energy = 2.2161025339421916 dE =  1.78750E-01
SCF Iteration   9: Energy = 2.0446572556923837 dE = -1.71445E-01
SCF Iteration  10: Energy = 2.2148655391932439 dE =  1.70208E-01
SCF Iteration  11: Energy = 2.0466602941942948 dE = -1.68205E-01
SCF Iteration  12: Energy = 2.2131070837835600 dE =  1.66447E-01
SCF Iteration  13: Energy = 2.0464238884500956 dE = -1.66683E-01
SCF Iteration  14: Energy = 2.2112632635589669 dE =  1.64839E-01
SCF Iteration  15: Energy = 2.0453367529354685 dE = -1.65927E-01
SCF Iteration  16: Energy = 2.2095819765700084 dE =  1.64245E-01
SCF Iteration  17: Energy = 2.0440468166324122 dE = -1.65535E-01
SCF Iteration  18: Energy = 2.2081649158943684 dE =  1.64118E-01
SCF Iteration  19: Energy = 2.0428375381669248 dE = -1.65327E-01
SCF Iteration  20: Energy = 2.2070271399732433 dE =  1.64190E-01
SCF Iteration  21: Energy = 2.0418120288665094 dE = -1.65215E-01
SCF Iteration  22: Energy = 2.2061419917477805 dE =  1.64330E-01
SCF Iteration  23: Energy = 2.0409883054619673 dE = -1.65154E-01
SCF Iteration  24: Energy = 2.2054678789235718 dE =  1.64480E-01
SCF Iteration  25: Energy = 2.0403481473750360 dE = -1.65120E-01
SCF Iteration  26: Energy = 2.2049619929667035 dE =  1.64614E-01
SCF Iteration  27: Energy = 2.0398612155047249 dE = -1.65101E-01
SCF Iteration  28: Energy = 2.2045862784749595 dE =  1.64725E-01
SCF Iteration  29: Energy = 2.0394961924756254 dE = -1.65090E-01
SCF Iteration  30: Energy = 2.2043093110540322 dE =  1.64813E-01
SCF Iteration  31: Energy = 2.0392253276351182 dE = -1.65084E-01
SCF Iteration  32: Energy = 2.2041062365987267 dE =  1.64881E-01
SCF Iteration  33: Energy = 2.0390257844862965 dE = -1.65080E-01
SCF Iteration  34: Energy = 2.2039579273786614 dE =  1.64932E-01
SCF Iteration  35: Energy = 2.0388795510543494 dE = -1.65078E-01
SCF Iteration  36: Energy = 2.2038499283853872 dE =  1.64970E-01
SCF Iteration  37: Energy = 2.0387727939888607 dE = -1.65077E-01
SCF Iteration  38: Energy = 2.2037714521360390 dE =  1.64999E-01
SCF Iteration  39: Energy = 2.0386950751957693 dE = -1.65076E-01
SCF Iteration  40: Energy = 2.2037145191564491 dE =  1.65019E-01
SCF Iteration  41: Energy = 2.0386386136132173 dE = -1.65076E-01
SCF Iteration  42: Energy = 2.2036732644429944 dE =  1.65035E-01
SCF Iteration  43: Energy = 2.0385976583143002 dE = -1.65076E-01
SCF Iteration  44: Energy = 2.2036433969973759 dE =  1.65046E-01
SCF Iteration  45: Energy = 2.0385679848478420 dE = -1.65075E-01
SCF Iteration  46: Energy = 2.2036217879994702 dE =  1.65054E-01
SCF Iteration  47: Energy = 2.0385465038650996 dE = -1.65075E-01
SCF Iteration  48: Energy = 2.2036061617191809 dE =  1.65060E-01
SCF Iteration  49: Energy = 2.0385309634839892 dE = -1.65075E-01
SCF Iteration  50: Energy = 2.2035948659691478 dE =  1.65064E-01
SCF Iteration  51: Energy = 2.0385197262135359 dE = -1.65075E-01
SCF Iteration  52: Energy = 2.2035867029009699 dE =  1.65067E-01
SCF Iteration  53: Energy = 2.0385116034484176 dE = -1.65075E-01
SCF Iteration  54: Energy = 2.2035808049533037 dE =  1.65069E-01
SCF Iteration  55: Energy = 2.0385057335590950 dE = -1.65075E-01
SCF Iteration  56: Energy = 2.2035765442605992 dE =  1.65071E-01
SCF Iteration  57: Energy = 2.0385014925605311 dE = -1.65075E-01
SCF Iteration  58: Energy = 2.2035734666879438 dE =  1.65072E-01
SCF Iteration  59: Energy = 2.0384984289013981 dE = -1.65075E-01
SCF Iteration  60: Energy = 2.2035712439002935 dE =  1.65073E-01
SCF Iteration  61: Energy = 2.0384962159937245 dE = -1.65075E-01
SCF Iteration  62: Energy = 2.2035696385908503 dE =  1.65073E-01
SCF Iteration  63: Energy = 2.0384946177279470 dE = -1.65075E-01
SCF Iteration  64: Energy = 2.2035684792854489 dE =  1.65074E-01
SCF Iteration  65: Energy = 2.0384934634595249 dE = -1.65075E-01
SCF Iteration  66: Energy = 2.2035676421019339 dE =  1.65074E-01
SCF Iteration  67: Energy = 2.0384926298864525 dE = -1.65075E-01
SCF Iteration  68: Energy = 2.2035670375533076 dE =  1.65074E-01
SCF Iteration  69: Energy = 2.0384920279303822 dE = -1.65075E-01
SCF Iteration  70: Energy = 2.2035666010046957 dE =  1.65075E-01
SCF Iteration  71: Energy = 2.0384915932459382 dE = -1.65075E-01
SCF Iteration  72: Energy = 2.2035662857750347 dE =  1.65075E-01
SCF Iteration  73: Energy = 2.0384912793580710 dE = -1.65075E-01
SCF Iteration  74: Energy = 2.2035660581519307 dE =  1.65075E-01
SCF Iteration  75: Energy = 2.0384910527015339 dE = -1.65075E-01
SCF Iteration  76: Energy = 2.2035658937898122 dE =  1.65075E-01
SCF Iteration  77: Energy = 2.0384908890360811 dE = -1.65075E-01
SCF Iteration  78: Energy = 2.2035657751079913 dE =  1.65075E-01
SCF Iteration  79: Energy = 2.0384907708566247 dE = -1.65075E-01
SCF Iteration  80: Energy = 2.2035656894112297 dE =  1.65075E-01
SCF Iteration  81: Energy = 2.0384906855222256 dE = -1.65075E-01
SCF Iteration  82: Energy = 2.2035656275322717 dE =  1.65075E-01
SCF Iteration  83: Energy = 2.0384906239047185 dE = -1.65075E-01
SCF Iteration  84: Energy = 2.2035655828515317 dE =  1.65075E-01
SCF Iteration  85: Energy = 2.0384905794126524 dE = -1.65075E-01
SCF Iteration  86: Energy = 2.2035655505891234 dE =  1.65075E-01
SCF Iteration  87: Energy = 2.0384905472864268 dE = -1.65075E-01
SCF Iteration  88: Energy = 2.2035655272936001 dE =  1.65075E-01
SCF Iteration  89: Energy = 2.0384905240891977 dE = -1.65075E-01
SCF Iteration  90: Energy = 2.2035655104727634 dE =  1.65075E-01
SCF Iteration  91: Energy = 2.0384905073393229 dE = -1.65075E-01
SCF Iteration  92: Energy = 2.2035654983270656 dE =  1.65075E-01
SCF Iteration  93: Energy = 2.0384904952448464 dE = -1.65075E-01
SCF Iteration  94: Energy = 2.2035654895571208 dE =  1.65075E-01
SCF Iteration  95: Energy = 2.0384904865118880 dE = -1.65075E-01
SCF Iteration  96: Energy = 2.2035654832246747 dE =  1.65075E-01
SCF Iteration  97: Energy = 2.0384904802061485 dE = -1.65075E-01
SCF Iteration  98: Energy = 2.2035654786522709 dE =  1.65075E-01
SCF Iteration  99: Energy = 2.0384904756530173 dE = -1.65075E-01
SCF Iteration 100: Energy = 2.2035654753507088 dE =  1.65075E-01
SCF Iteration 101: Energy = 2.0384904723653769 dE = -1.65075E-01
SCF Iteration 102: Energy = 2.2035654729667780 dE =  1.65075E-01
SCF Iteration 103: Energy = 2.0384904699914985 dE = -1.65075E-01
SCF Iteration 104: Energy = 2.2035654712454393 dE =  1.65075E-01
SCF Iteration 105: Energy = 2.0384904682774141 dE = -1.65075E-01
SCF Iteration 106: Energy = 2.2035654700025233 dE =  1.65075E-01
SCF Iteration 107: Energy = 2.0384904670397406 dE = -1.65075E-01
SCF Iteration 108: Energy = 2.2035654691050679 dE =  1.65075E-01
SCF Iteration 109: Energy = 2.0384904661460652 dE = -1.65075E-01
SCF Iteration 110: Energy = 2.2035654684570471 dE =  1.65075E-01
SCF Iteration 111: Energy = 2.0384904655007765 dE = -1.65075E-01
SCF Iteration 112: Energy = 2.2035654679891410 dE =  1.65075E-01
SCF Iteration 113: Energy = 2.0384904650348394 dE = -1.65075E-01
SCF Iteration 114: Energy = 2.2035654676512766 dE =  1.65075E-01
SCF Iteration 115: Energy = 2.0384904646984072 dE = -1.65075E-01
SCF Iteration 116: Energy = 2.2035654674073273 dE =  1.65075E-01
SCF Iteration 117: Energy = 2.0384904644554851 dE = -1.65075E-01
SCF Iteration 118: Energy = 2.2035654672311722 dE =  1.65075E-01
SCF Iteration 119: Energy = 2.0384904642800725 dE = -1.65075E-01
SCF Iteration 120: Energy = 2.2035654671039846 dE =  1.65075E-01
SCF Iteration 121: Energy = 2.0384904641534196 dE = -1.65075E-01
SCF Iteration 122: Energy = 2.2035654670121461 dE =  1.65075E-01
SCF Iteration 123: Energy = 2.0384904640619661 dE = -1.65075E-01
SCF Iteration 124: Energy = 2.2035654669458280 dE =  1.65075E-01
SCF Iteration 125: Energy = 2.0384904639959340 dE = -1.65075E-01
SCF Iteration 126: Energy = 2.2035654668979503 dE =  1.65075E-01
SCF Iteration 127: Energy = 2.0384904639482482 dE = -1.65075E-01
SCF Iteration 128: Energy = 2.2035654668633686 dE =  1.65075E-01
SCF Iteration 129: Energy = 2.0384904639138193 dE = -1.65075E-01
SCF Iteration 130: Energy = 2.2035654668384050 dE =  1.65075E-01
SCF Iteration 131: Energy = 2.0384904638889596 dE = -1.65075E-01
SCF Iteration 132: Energy = 2.2035654668203826 dE =  1.65075E-01
SCF Iteration 133: Energy = 2.0384904638710157 dE = -1.65075E-01
SCF Iteration 134: Energy = 2.2035654668073645 dE =  1.65075E-01
SCF Iteration 135: Energy = 2.0384904638580528 dE = -1.65075E-01
SCF Iteration 136: Energy = 2.2035654667979667 dE =  1.65075E-01
SCF Iteration 137: Energy = 2.0384904638486958 dE = -1.65075E-01
SCF Iteration 138: Energy = 2.2035654667911837 dE =  1.65075E-01
SCF Iteration 139: Energy = 2.0384904638419323 dE = -1.65075E-01
SCF Iteration 140: Energy = 2.2035654667862801 dE =  1.65075E-01
SCF Iteration 141: Energy = 2.0384904638370589 dE = -1.65075E-01
SCF Iteration 142: Energy = 2.2035654667827442 dE =  1.65075E-01
SCF Iteration 143: Energy = 2.0384904638335390 dE = -1.65075E-01
SCF Iteration 144: Energy = 2.2035654667801921 dE =  1.65075E-01
SCF Iteration 145: Energy = 2.0384904638309895 dE = -1.65075E-01
SCF Iteration 146: Energy = 2.2035654667783406 dE =  1.65075E-01
SCF Iteration 147: Energy = 2.0384904638291461 dE = -1.65075E-01
SCF Iteration 148: Energy = 2.2035654667770119 dE =  1.65075E-01
SCF Iteration 149: Energy = 2.0384904638278245 dE = -1.65075E-01
SCF Iteration 150: Energy = 2.2035654667760451 dE =  1.65075E-01
SCF Iteration 151: Energy = 2.0384904638268622 dE = -1.65075E-01
SCF Iteration 152: Energy = 2.2035654667753533 dE =  1.65075E-01
SCF Iteration 153: Energy = 2.0384904638261734 dE = -1.65075E-01
SCF Iteration 154: Energy = 2.2035654667748519 dE =  1.65075E-01
SCF Iteration 155: Energy = 2.0384904638256796 dE = -1.65075E-01
SCF Iteration 156: Energy = 2.2035654667744939 dE =  1.65075E-01
SCF Iteration 157: Energy = 2.0384904638253185 dE = -1.65075E-01
SCF Iteration 158: Energy = 2.2035654667742328 dE =  1.65075E-01
SCF Iteration 159: Energy = 2.0384904638250556 dE = -1.65075E-01
SCF Iteration 160: Energy = 2.2035654667740396 dE =  1.65075E-01
SCF Iteration 161: Energy = 2.0384904638248682 dE = -1.65075E-01
SCF Iteration 162: Energy = 2.2035654667739086 dE =  1.65075E-01
SCF Iteration 163: Energy = 2.0384904638247345 dE = -1.65075E-01
SCF Iteration 164: Energy = 2.2035654667738083 dE =  1.65075E-01
SCF Iteration 165: Energy = 2.0384904638246395 dE = -1.65075E-01
SCF Iteration 166: Energy = 2.2035654667737323 dE =  1.65075E-01
SCF Iteration 167: Energy = 2.0384904638245658 dE = -1.65075E-01
SCF Iteration 168: Energy = 2.2035654667736879 dE =  1.65075E-01
SCF Iteration 169: Energy = 2.0384904638245152 dE = -1.65075E-01
SCF Iteration 170: Energy = 2.2035654667736506 dE =  1.65075E-01
SCF Iteration 171: Energy = 2.0384904638244823 dE = -1.65075E-01
SCF Iteration 172: Energy = 2.2035654667736191 dE =  1.65075E-01
SCF Iteration 173: Energy = 2.0384904638244477 dE = -1.65075E-01
SCF Iteration 174: Energy = 2.2035654667735982 dE =  1.65075E-01
SCF Iteration 175: Energy = 2.0384904638244254 dE = -1.65075E-01
SCF Iteration 176: Energy = 2.2035654667735884 dE =  1.65075E-01
SCF Iteration 177: Energy = 2.0384904638244192 dE = -1.65075E-01
SCF Iteration 178: Energy = 2.2035654667735809 dE =  1.65075E-01
SCF Iteration 179: Energy = 2.0384904638244059 dE = -1.65075E-01
SCF Iteration 180: Energy = 2.2035654667735702 dE =  1.65075E-01
SCF Iteration 181: Energy = 2.0384904638244024 dE = -1.65075E-01
SCF Iteration 182: Energy = 2.2035654667735622 dE =  1.65075E-01
SCF Iteration 183: Energy = 2.0384904638243952 dE = -1.65075E-01
SCF Iteration 184: Energy = 2.2035654667735654 dE =  1.65075E-01
SCF Iteration 185: Energy = 2.0384904638243908 dE = -1.65075E-01
SCF Iteration 186: Energy = 2.2035654667735654 dE =  1.65075E-01
SCF Iteration 187: Energy = 2.0384904638243886 dE = -1.65075E-01
SCF Iteration 188: Energy = 2.2035654667735574 dE =  1.65075E-01
SCF Iteration 189: Energy = 2.0384904638243881 dE = -1.65075E-01
SCF Iteration 190: Energy = 2.2035654667735578 dE =  1.65075E-01
SCF Iteration 191: Energy = 2.0384904638243873 dE = -1.65075E-01
SCF Iteration 192: Energy = 2.2035654667735516 dE =  1.65075E-01
SCF Iteration 193: Energy = 2.0384904638243784 dE = -1.65075E-01
SCF Iteration 194: Energy = 2.2035654667735476 dE =  1.65075E-01
SCF Iteration 195: Energy = 2.0384904638243757 dE = -1.65075E-01
SCF Iteration 196: Energy = 2.2035654667735525 dE =  1.65075E-01
SCF Iteration 197: Energy = 2.0384904638243819 dE = -1.65075E-01
SCF Iteration 198: Energy = 2.2035654667735516 dE =  1.65075E-01
SCF Iteration 199: Energy = 2.0384904638243810 dE = -1.65075E-01
SCF Iteration 200: Energy = 2.2035654667735538 dE =  1.65075E-01
SCF Iteration 201: Energy = 2.0384904638243850 dE = -1.65075E-01
SCF Iteration 202: Energy = 2.2035654667735520 dE =  1.65075E-01
SCF Iteration 203: Energy = 2.0384904638243864 dE = -1.65075E-01
SCF Iteration 204: Energy = 2.2035654667735511 dE =  1.65075E-01
SCF Iteration 205: Energy = 2.0384904638243819 dE = -1.65075E-01
SCF Iteration 206: Energy = 2.2035654667735569 dE =  1.65075E-01
SCF Iteration 207: Energy = 2.0384904638243873 dE = -1.65075E-01
SCF Iteration 208: Energy = 2.2035654667735578 dE =  1.65075E-01
SCF Iteration 209: Energy = 2.0384904638243850 dE = -1.65075E-01
SCF Iteration 210: Energy = 2.2035654667735609 dE =  1.65075E-01
SCF Iteration 211: Energy = 2.0384904638243850 dE = -1.65075E-01
SCF Iteration 212: Energy = 2.2035654667735578 dE =  1.65075E-01
SCF Iteration 213: Energy = 2.0384904638243828 dE = -1.65075E-01
SCF Iteration 214: Energy = 2.2035654667735534 dE =  1.65075E-01
SCF Iteration 215: Energy = 2.0384904638243828 dE = -1.65075E-01
SCF Iteration 216: Energy = 2.2035654667735507 dE =  1.65075E-01
SCF Iteration 217: Energy = 2.0384904638243819 dE = -1.65075E-01
SCF Iteration 218: Energy = 2.2035654667735498 dE =  1.65075E-01
SCF Iteration 219: Energy = 2.0384904638243806 dE = -1.65075E-01
SCF Iteration 220: Energy = 2.2035654667735525 dE =  1.65075E-01
SCF Iteration 221: Energy = 2.0384904638243824 dE = -1.65075E-01
SCF Iteration 222: Energy = 2.2035654667735542 dE =  1.65075E-01
SCF Iteration 223: Energy = 2.0384904638243802 dE = -1.65075E-01
SCF Iteration 224: Energy = 2.2035654667735498 dE =  1.65075E-01
SCF Iteration 225: Energy = 2.0384904638243762 dE = -1.65075E-01
SCF Iteration 226: Energy = 2.2035654667735480 dE =  1.65075E-01
SCF Iteration 227: Energy = 2.0384904638243784 dE = -1.65075E-01
SCF Iteration 228: Energy = 2.2035654667735440 dE =  1.65075E-01
SCF Iteration 229: Energy = 2.0384904638243722 dE = -1.65075E-01
SCF Iteration 230: Energy = 2.2035654667735458 dE =  1.65075E-01
SCF Iteration 231: Energy = 2.0384904638243739 dE = -1.65075E-01
SCF Iteration 232: Energy = 2.2035654667735454 dE =  1.65075E-01
SCF Iteration 233: Energy = 2.0384904638243735 dE = -1.65075E-01
SCF Iteration 234: Energy = 2.2035654667735489 dE =  1.65075E-01
SCF Iteration 235: Energy = 2.0384904638243748 dE = -1.65075E-01
SCF Iteration 236: Energy = 2.2035654667735507 dE =  1.65075E-01
SCF Iteration 237: Energy = 2.0384904638243810 dE = -1.65075E-01
SCF Iteration 238: Energy = 2.2035654667735529 dE =  1.65075E-01
SCF Iteration 239: Energy = 2.0384904638243802 dE = -1.65075E-01
SCF Iteration 240: Energy = 2.2035654667735547 dE =  1.65075E-01
SCF Iteration 241: Energy = 2.0384904638243797 dE = -1.65075E-01
SCF Iteration 242: Energy = 2.2035654667735596 dE =  1.65075E-01
SCF Iteration 243: Energy = 2.0384904638243855 dE = -1.65075E-01
SCF Iteration 244: Energy = 2.2035654667735534 dE =  1.65075E-01
SCF Iteration 245: Energy = 2.0384904638243819 dE = -1.65075E-01
SCF Iteration 246: Energy = 2.2035654667735507 dE =  1.65075E-01
SCF Iteration 247: Energy = 2.0384904638243784 dE = -1.65075E-01
SCF Iteration 248: Energy = 2.2035654667735476 dE =  1.65075E-01
SCF Iteration 249: Energy = 2.0384904638243744 dE = -1.65075E-01
SCF Iteration 250: Energy = 2.2035654667735489 dE =  1.65075E-01
SCF Iteration 251: Energy = 2.0384904638243708 dE = -1.65075E-01
SCF Iteration 252: Energy = 2.2035654667735489 dE =  1.65075E-01
SCF Iteration 253: Energy = 2.0384904638243775 dE = -1.65075E-01
SCF Iteration 254: Energy = 2.2035654667735471 dE =  1.65075E-01
SCF Iteration 255: Energy = 2.0384904638243793 dE = -1.65075E-01
SCF Iteration 256: Energy = 2.2035654667735498 dE =  1.65075E-01
SCF Iteration 257: Energy = 2.0384904638243828 dE = -1.65075E-01
SCF Iteration 258: Energy = 2.2035654667735507 dE =  1.65075E-01
SCF Iteration 259: Energy = 2.0384904638243793 dE = -1.65075E-01
SCF Iteration 260: Energy = 2.2035654667735454 dE =  1.65075E-01
SCF Iteration 261: Energy = 2.0384904638243810 dE = -1.65075E-01
SCF Iteration 262: Energy = 2.2035654667735498 dE =  1.65075E-01
SCF Iteration 263: Energy = 2.0384904638243793 dE = -1.65075E-01
SCF Iteration 264: Energy = 2.2035654667735503 dE =  1.65075E-01
SCF Iteration 265: Energy = 2.0384904638243828 dE = -1.65075E-01
SCF Iteration 266: Energy = 2.2035654667735454 dE =  1.65075E-01
SCF Iteration 267: Energy = 2.0384904638243802 dE = -1.65075E-01
SCF Iteration 268: Energy = 2.2035654667735476 dE =  1.65075E-01
SCF Iteration 269: Energy = 2.0384904638243806 dE = -1.65075E-01
SCF Iteration 270: Energy = 2.2035654667735551 dE =  1.65075E-01
SCF Iteration 271: Energy = 2.0384904638243855 dE = -1.65075E-01
SCF Iteration 272: Energy = 2.2035654667735534 dE =  1.65075E-01
SCF Iteration 273: Energy = 2.0384904638243819 dE = -1.65075E-01
SCF Iteration 274: Energy = 2.2035654667735591 dE =  1.65075E-01
SCF Iteration 275: Energy = 2.0384904638243908 dE = -1.65075E-01
SCF Iteration 276: Energy = 2.2035654667735618 dE =  1.65075E-01
SCF Iteration 277: Energy = 2.0384904638243864 dE = -1.65075E-01
SCF Iteration 278: Energy = 2.2035654667735542 dE =  1.65075E-01
SCF Iteration 279: Energy = 2.0384904638243868 dE = -1.65075E-01
SCF Iteration 280: Energy = 2.2035654667735560 dE =  1.65075E-01
SCF Iteration 281: Energy = 2.0384904638243815 dE = -1.65075E-01
SCF Iteration 282: Energy = 2.2035654667735520 dE =  1.65075E-01
SCF Iteration 283: Energy = 2.0384904638243837 dE = -1.65075E-01
SCF Iteration 284: Energy = 2.2035654667735529 dE =  1.65075E-01
SCF Iteration 285: Energy = 2.0384904638243846 dE = -1.65075E-01
SCF Iteration 286: Energy = 2.2035654667735516 dE =  1.65075E-01
SCF Iteration 287: Energy = 2.0384904638243837 dE = -1.65075E-01
SCF Iteration 288: Energy = 2.2035654667735542 dE =  1.65075E-01
SCF Iteration 289: Energy = 2.0384904638243819 dE = -1.65075E-01
SCF Iteration 290: Energy = 2.2035654667735538 dE =  1.65075E-01
SCF Iteration 291: Energy = 2.0384904638243841 dE = -1.65075E-01
SCF Iteration 292: Energy = 2.2035654667735507 dE =  1.65075E-01
SCF Iteration 293: Energy = 2.0384904638243815 dE = -1.65075E-01
SCF Iteration 294: Energy = 2.2035654667735538 dE =  1.65075E-01
SCF Iteration 295: Energy = 2.0384904638243802 dE = -1.65075E-01
SCF Iteration 296: Energy = 2.2035654667735427 dE =  1.65075E-01
SCF Iteration 297: Energy = 2.0384904638243802 dE = -1.65075E-01
SCF Iteration 298: Energy = 2.2035654667735471 dE =  1.65075E-01
SCF Iteration 299: Energy = 2.0384904638243810 dE = -1.65075E-01
SCF Iteration 300: Energy = 2.2035654667735507 dE =  1.65075E-01
SCF Iteration 301: Energy = 2.0384904638243828 dE = -1.65075E-01
SCF Iteration 302: Energy = 2.2035654667735476 dE =  1.65075E-01
SCF Iteration 303: Energy = 2.0384904638243793 dE = -1.65075E-01
SCF Iteration 304: Energy = 2.2035654667735547 dE =  1.65075E-01
SCF Iteration 305: Energy = 2.0384904638243815 dE = -1.65075E-01
SCF Iteration 306: Energy = 2.2035654667735476 dE =  1.65075E-01
SCF Iteration 307: Energy = 2.0384904638243748 dE = -1.65075E-01
SCF Iteration 308: Energy = 2.2035654667735467 dE =  1.65075E-01
SCF Iteration 309: Energy = 2.0384904638243779 dE = -1.65075E-01
SCF Iteration 310: Energy = 2.2035654667735507 dE =  1.65075E-01
SCF Iteration 311: Energy = 2.0384904638243793 dE = -1.65075E-01
SCF Iteration 312: Energy = 2.2035654667735463 dE =  1.65075E-01
SCF Iteration 313: Energy = 2.0384904638243788 dE = -1.65075E-01
SCF Iteration 314: Energy = 2.2035654667735494 dE =  1.65075E-01
SCF Iteration 315: Energy = 2.0384904638243810 dE = -1.65075E-01
SCF Iteration 316: Energy = 2.2035654667735525 dE =  1.65075E-01
SCF Iteration 317: Energy = 2.0384904638243824 dE = -1.65075E-01
SCF Iteration 318: Energy = 2.2035654667735565 dE =  1.65075E-01
SCF Iteration 319: Energy = 2.0384904638243864 dE = -1.65075E-01
SCF Iteration 320: Energy = 2.2035654667735516 dE =  1.65075E-01
SCF Iteration 321: Energy = 2.0384904638243784 dE = -1.65075E-01
SCF Iteration 322: Energy = 2.2035654667735471 dE =  1.65075E-01
SCF Iteration 323: Energy = 2.0384904638243757 dE = -1.65075E-01
SCF Iteration 324: Energy = 2.2035654667735525 dE =  1.65075E-01
SCF Iteration 325: Energy = 2.0384904638243806 dE = -1.65075E-01
SCF Iteration 326: Energy = 2.2035654667735489 dE =  1.65075E-01
SCF Iteration 327: Energy = 2.0384904638243766 dE = -1.65075E-01
SCF Iteration 328: Energy = 2.2035654667735542 dE =  1.65075E-01
SCF Iteration 329: Energy = 2.0384904638243793 dE = -1.65075E-01
SCF Iteration 330: Energy = 2.2035654667735476 dE =  1.65075E-01
SCF Iteration 331: Energy = 2.0384904638243828 dE = -1.65075E-01
SCF Iteration 332: Energy = 2.2035654667735498 dE =  1.65075E-01
SCF Iteration 333: Energy = 2.0384904638243828 dE = -1.65075E-01
SCF Iteration 334: Energy = 2.2035654667735498 dE =  1.65075E-01
SCF Iteration 335: Energy = 2.0384904638243819 dE = -1.65075E-01
SCF Iteration 336: Energy = 2.2035654667735529 dE =  1.65075E-01
SCF Iteration 337: Energy = 2.0384904638243810 dE = -1.65075E-01
SCF Iteration 338: Energy = 2.2035654667735542 dE =  1.65075E-01
SCF Iteration 339: Energy = 2.0384904638243846 dE = -1.65075E-01
SCF Iteration 340: Energy = 2.2035654667735560 dE =  1.65075E-01
SCF Iteration 341: Energy = 2.0384904638243877 dE = -1.65075E-01
SCF Iteration 342: Energy = 2.2035654667735587 dE =  1.65075E-01
SCF Iteration 343: Energy = 2.0384904638243837 dE = -1.65075E-01
SCF Iteration 344: Energy = 2.2035654667735547 dE =  1.65075E-01
SCF Iteration 345: Energy = 2.0384904638243873 dE = -1.65075E-01
SCF Iteration 346: Energy = 2.2035654667735529 dE =  1.65075E-01
SCF Iteration 347: Energy = 2.0384904638243788 dE = -1.65075E-01
SCF Iteration 348: Energy = 2.2035654667735494 dE =  1.65075E-01
SCF Iteration 349: Energy = 2.0384904638243748 dE = -1.65075E-01
SCF Iteration 350: Energy = 2.2035654667735498 dE =  1.65075E-01
SCF Iteration 351: Energy = 2.0384904638243748 dE = -1.65075E-01
SCF Iteration 352: Energy = 2.2035654667735480 dE =  1.65075E-01
SCF Iteration 353: Energy = 2.0384904638243784 dE = -1.65075E-01
SCF Iteration 354: Energy = 2.2035654667735494 dE =  1.65075E-01
SCF Iteration 355: Energy = 2.0384904638243797 dE = -1.65075E-01
SCF Iteration 356: Energy = 2.2035654667735489 dE =  1.65075E-01
SCF Iteration 357: Energy = 2.0384904638243802 dE = -1.65075E-01
SCF Iteration 358: Energy = 2.2035654667735507 dE =  1.65075E-01
SCF Iteration 359: Energy = 2.0384904638243841 dE = -1.65075E-01
SCF Iteration 360: Energy = 2.2035654667735516 dE =  1.65075E-01
SCF Iteration 361: Energy = 2.0384904638243793 dE = -1.65075E-01
SCF Iteration 362: Energy = 2.2035654667735507 dE =  1.65075E-01
SCF Iteration 363: Energy = 2.0384904638243824 dE = -1.65075E-01
SCF Iteration 364: Energy = 2.2035654667735498 dE =  1.65075E-01
SCF Iteration 365: Energy = 2.0384904638243788 dE = -1.65075E-01
SCF Iteration 366: Energy = 2.2035654667735551 dE =  1.65075E-01
SCF Iteration 367: Energy = 2.0384904638243828 dE = -1.65075E-01
SCF Iteration 368: Energy = 2.2035654667735525 dE =  1.65075E-01
SCF Iteration 369: Energy = 2.0384904638243815 dE = -1.65075E-01
SCF Iteration 370: Energy = 2.2035654667735556 dE =  1.65075E-01
SCF Iteration 371: Energy = 2.0384904638243837 dE = -1.65075E-01
SCF Iteration 372: Energy = 2.2035654667735547 dE =  1.65075E-01
SCF Iteration 373: Energy = 2.0384904638243837 dE = -1.65075E-01
SCF Iteration 374: Energy = 2.2035654667735507 dE =  1.65075E-01
SCF Iteration 375: Energy = 2.0384904638243841 dE = -1.65075E-01
SCF Iteration 376: Energy = 2.2035654667735542 dE =  1.65075E-01
SCF Iteration 377: Energy = 2.0384904638243828 dE = -1.65075E-01
SCF Iteration 378: Energy = 2.2035654667735516 dE =  1.65075E-01
SCF Iteration 379: Energy = 2.0384904638243802 dE = -1.65075E-01
SCF Iteration 380: Energy = 2.2035654667735511 dE =  1.65075E-01
SCF Iteration 381: Energy = 2.0384904638243793 dE = -1.65075E-01
SCF Iteration 382: Energy = 2.2035654667735542 dE =  1.65075E-01
SCF Iteration 383: Energy = 2.0384904638243846 dE = -1.65075E-01
SCF Iteration 384: Energy = 2.2035654667735503 dE =  1.65075E-01
SCF Iteration 385: Energy = 2.0384904638243802 dE = -1.65075E-01
SCF Iteration 386: Energy = 2.2035654667735507 dE =  1.65075E-01
SCF Iteration 387: Energy = 2.0384904638243797 dE = -1.65075E-01
SCF Iteration 388: Energy = 2.2035654667735542 dE =  1.65075E-01
SCF Iteration 389: Energy = 2.0384904638243802 dE = -1.65075E-01
SCF Iteration 390: Energy = 2.2035654667735485 dE =  1.65075E-01
SCF Iteration 391: Energy = 2.0384904638243819 dE = -1.65075E-01
SCF Iteration 392: Energy = 2.2035654667735498 dE =  1.65075E-01
SCF Iteration 393: Energy = 2.0384904638243837 dE = -1.65075E-01
SCF Iteration 394: Energy = 2.2035654667735498 dE =  1.65075E-01
SCF Iteration 395: Energy = 2.0384904638243810 dE = -1.65075E-01
SCF Iteration 396: Energy = 2.2035654667735569 dE =  1.65075E-01
SCF Iteration 397: Energy = 2.0384904638243864 dE = -1.65075E-01
SCF Iteration 398: Energy = 2.2035654667735542 dE =  1.65075E-01
SCF Iteration 399: Energy = 2.0384904638243855 dE = -1.65075E-01
SCF Iteration 400: Energy = 2.2035654667735542 dE =  1.65075E-01
SCF Iteration 401: Energy = 2.0384904638243806 dE = -1.65075E-01
SCF Iteration 402: Energy = 2.2035654667735520 dE =  1.65075E-01
SCF Iteration 403: Energy = 2.0384904638243810 dE = -1.65075E-01
SCF Iteration 404: Energy = 2.2035654667735520 dE =  1.65075E-01
SCF Iteration 405: Energy = 2.0384904638243873 dE = -1.65075E-01
SCF Iteration 406: Energy = 2.2035654667735560 dE =  1.65075E-01
SCF Iteration 407: Energy = 2.0384904638243850 dE = -1.65075E-01
SCF Iteration 408: Energy = 2.2035654667735542 dE =  1.65075E-01
SCF Iteration 409: Energy = 2.0384904638243873 dE = -1.65075E-01
SCF Iteration 410: Energy = 2.2035654667735542 dE =  1.65075E-01
SCF Iteration 411: Energy = 2.0384904638243868 dE = -1.65075E-01
SCF Iteration 412: Energy = 2.2035654667735574 dE =  1.65075E-01
SCF Iteration 413: Energy = 2.0384904638243881 dE = -1.65075E-01
SCF Iteration 414: Energy = 2.2035654667735578 dE =  1.65075E-01
SCF Iteration 415: Energy = 2.0384904638243855 dE = -1.65075E-01
SCF Iteration 416: Energy = 2.2035654667735591 dE =  1.65075E-01
SCF Iteration 417: Energy = 2.0384904638243841 dE = -1.65075E-01
SCF Iteration 418: Energy = 2.2035654667735520 dE =  1.65075E-01
SCF Iteration 419: Energy = 2.0384904638243828 dE = -1.65075E-01
SCF Iteration 420: Energy = 2.2035654667735516 dE =  1.65075E-01
SCF Iteration 421: Energy = 2.0384904638243810 dE = -1.65075E-01
SCF Iteration 422: Energy = 2.2035654667735551 dE =  1.65075E-01
SCF Iteration 423: Energy = 2.0384904638243837 dE = -1.65075E-01
SCF Iteration 424: Energy = 2.2035654667735569 dE =  1.65075E-01
SCF Iteration 425: Energy = 2.0384904638243841 dE = -1.65075E-01
SCF Iteration 426: Energy = 2.2035654667735520 dE =  1.65075E-01
SCF Iteration 427: Energy = 2.0384904638243815 dE = -1.65075E-01
SCF Iteration 428: Energy = 2.2035654667735511 dE =  1.65075E-01
SCF Iteration 429: Energy = 2.0384904638243797 dE = -1.65075E-01
SCF Iteration 430: Energy = 2.2035654667735503 dE =  1.65075E-01
SCF Iteration 431: Energy = 2.0384904638243802 dE = -1.65075E-01
SCF Iteration 432: Energy = 2.2035654667735534 dE =  1.65075E-01
SCF Iteration 433: Energy = 2.0384904638243802 dE = -1.65075E-01
SCF Iteration 434: Energy = 2.2035654667735463 dE =  1.65075E-01
SCF Iteration 435: Energy = 2.0384904638243744 dE = -1.65075E-01
SCF Iteration 436: Energy = 2.2035654667735489 dE =  1.65075E-01
SCF Iteration 437: Energy = 2.0384904638243748 dE = -1.65075E-01
SCF Iteration 438: Energy = 2.2035654667735498 dE =  1.65075E-01
SCF Iteration 439: Energy = 2.0384904638243748 dE = -1.65075E-01
SCF Iteration 440: Energy = 2.2035654667735436 dE =  1.65075E-01
SCF Iteration 441: Energy = 2.0384904638243739 dE = -1.65075E-01
SCF Iteration 442: Energy = 2.2035654667735454 dE =  1.65075E-01
SCF Iteration 443: Energy = 2.0384904638243739 dE = -1.65075E-01
SCF Iteration 444: Energy = 2.2035654667735498 dE =  1.65075E-01
SCF Iteration 445: Energy = 2.0384904638243784 dE = -1.65075E-01
SCF Iteration 446: Energy = 2.2035654667735476 dE =  1.65075E-01
SCF Iteration 447: Energy = 2.0384904638243788 dE = -1.65075E-01
SCF Iteration 448: Energy = 2.2035654667735503 dE =  1.65075E-01
SCF Iteration 449: Energy = 2.0384904638243784 dE = -1.65075E-01
SCF Iteration 450: Energy = 2.2035654667735516 dE =  1.65075E-01
SCF Iteration 451: Energy = 2.0384904638243779 dE = -1.65075E-01
SCF Iteration 452: Energy = 2.2035654667735485 dE =  1.65075E-01
SCF Iteration 453: Energy = 2.0384904638243779 dE = -1.65075E-01
SCF Iteration 454: Energy = 2.2035654667735498 dE =  1.65075E-01
SCF Iteration 455: Energy = 2.0384904638243815 dE = -1.65075E-01
SCF Iteration 456: Energy = 2.2035654667735547 dE =  1.65075E-01
SCF Iteration 457: Energy = 2.0384904638243819 dE = -1.65075E-01
SCF Iteration 458: Energy = 2.2035654667735520 dE =  1.65075E-01
SCF Iteration 459: Energy = 2.0384904638243864 dE = -1.65075E-01
SCF Iteration 460: Energy = 2.2035654667735596 dE =  1.65075E-01
SCF Iteration 461: Energy = 2.0384904638243917 dE = -1.65075E-01
SCF Iteration 462: Energy = 2.2035654667735605 dE =  1.65075E-01
SCF Iteration 463: Energy = 2.0384904638243890 dE = -1.65075E-01
SCF Iteration 464: Energy = 2.2035654667735578 dE =  1.65075E-01
SCF Iteration 465: Energy = 2.0384904638243850 dE = -1.65075E-01
SCF Iteration 466: Energy = 2.2035654667735489 dE =  1.65075E-01
SCF Iteration 467: Energy = 2.0384904638243810 dE = -1.65075E-01
SCF Iteration 468: Energy = 2.2035654667735542 dE =  1.65075E-01
SCF Iteration 469: Energy = 2.0384904638243802 dE = -1.65075E-01
SCF Iteration 470: Energy = 2.2035654667735574 dE =  1.65075E-01
SCF Iteration 471: Energy = 2.0384904638243815 dE = -1.65075E-01
SCF Iteration 472: Energy = 2.2035654667735565 dE =  1.65075E-01
SCF Iteration 473: Energy = 2.0384904638243833 dE = -1.65075E-01
SCF Iteration 474: Energy = 2.2035654667735534 dE =  1.65075E-01
SCF Iteration 475: Energy = 2.0384904638243833 dE = -1.65075E-01
SCF Iteration 476: Energy = 2.2035654667735498 dE =  1.65075E-01
SCF Iteration 477: Energy = 2.0384904638243762 dE = -1.65075E-01
SCF Iteration 478: Energy = 2.2035654667735569 dE =  1.65075E-01
SCF Iteration 479: Energy = 2.0384904638243877 dE = -1.65075E-01
SCF Iteration 480: Energy = 2.2035654667735547 dE =  1.65075E-01
SCF Iteration 481: Energy = 2.0384904638243846 dE = -1.65075E-01
SCF Iteration 482: Energy = 2.2035654667735582 dE =  1.65075E-01
SCF Iteration 483: Energy = 2.0384904638243797 dE = -1.65075E-01
SCF Iteration 484: Energy = 2.2035654667735565 dE =  1.65075E-01
SCF Iteration 485: Energy = 2.0384904638243855 dE = -1.65075E-01
SCF Iteration 486: Energy = 2.2035654667735587 dE =  1.65075E-01
SCF Iteration 487: Energy = 2.0384904638243837 dE = -1.65075E-01
SCF Iteration 488: Energy = 2.2035654667735596 dE =  1.65075E-01
SCF Iteration 489: Energy = 2.0384904638243899 dE = -1.65075E-01
SCF Iteration 490: Energy = 2.2035654667735605 dE =  1.65075E-01
SCF Iteration 491: Energy = 2.0384904638243859 dE = -1.65075E-01
SCF Iteration 492: Energy = 2.2035654667735569 dE =  1.65075E-01
SCF Iteration 493: Energy = 2.0384904638243881 dE = -1.65075E-01
SCF Iteration 494: Energy = 2.2035654667735525 dE =  1.65075E-01
SCF Iteration 495: Energy = 2.0384904638243859 dE = -1.65075E-01
SCF Iteration 496: Energy = 2.2035654667735574 dE =  1.65075E-01
SCF Iteration 497: Energy = 2.0384904638243841 dE = -1.65075E-01
SCF Iteration 498: Energy = 2.2035654667735534 dE =  1.65075E-01
SCF Iteration 499: Energy = 2.0384904638243873 dE = -1.65075E-01
SCF Iteration 500: Energy = 2.2035654667735551 dE =  1.65075E-01
