
  Memory set to  55.879 GiB by Python driver.
  Threads set to 1 by Python driver.
Settings:
	LOT = CCSD-S2-U22
	wc = 20.0 eV
	lambda = [0. 0. 0.] a.u.
	Equivalent A0 = LAMBDA / sqrt(2 wc) = [0. 0. 0.])
doing QED-CCSD-Full (or QED-CCSD-22)
Number of occupied orbitals:   1
Number of basis functions:  60
SCF Iteration   1: Energy = -0.9144897497361101 dE = -9.14490E-01
SCF Iteration   2: Energy = -0.9144897497361134 dE = -3.33067E-15

SCF converged.
E_QED_HF          = -0.914489749736113
HF  (psi4)        = -0.914489749732051
Starting with the CCSD calculation:

Iter  Energy(CCSD)      E_diff    time(sec)
  1:  -0.0559540794  5.59541E-02   20.449
  2:  -0.0757228013  1.97687E-02   20.457
  3:  -0.0946990228  1.89762E-02   20.448
  4:  -0.1030014153  8.30239E-03   20.453
  5:  -0.1019686493  1.03277E-03   20.452
  6:  -0.1024949324  5.26283E-04   20.450
  7:  -0.1024099830  8.49494E-05   20.448
  8:  -0.1024307478  2.07647E-05   20.437
  9:  -0.1024304177  3.30055E-07   20.436
 10:  -0.1024302343  1.83445E-07   20.443
 11:  -0.1024302971  6.28038E-08   20.447
 12:  -0.1024303050  7.97261E-09   20.438
E_QED_CCSD  (Corr.)  = -0.102430305048405
E_QED_CCSD tot       = -1.016920054784518
E_CCSD_psi4 (Corr.)  = -0.102430301781710
E_CCSD_psi4 tot      = -1.016920051513761
