
  Memory set to  55.879 GiB by Python driver.
  Threads set to 1 by Python driver.
Settings:
	LOT = CCSD-S2-U22
	wc = 20.0 eV
	lambda = [0. 0. 0.] a.u.
	Equivalent A0 = LAMBDA / sqrt(2 wc) = [0. 0. 0.])
doing QED-CCSD-Full (or QED-CCSD-22)
Number of occupied orbitals:   1
Number of basis functions:  60
SCF Iteration   1: Energy = -1.0811645755795662 dE = -1.08116E+00
SCF Iteration   2: Energy = -1.0811645755796262 dE = -5.99520E-14

SCF converged.
E_QED_HF          = -1.081164575579626
HF  (psi4)        = -1.081164575569375
Starting with the CCSD calculation:

Iter  Energy(CCSD)      E_diff    time(sec)
  1:  -0.0356047644  3.56048E-02   20.457
  2:  -0.0423677330  6.76297E-03   20.461
  3:  -0.0460717581  3.70403E-03   20.454
  4:  -0.0473569154  1.28516E-03   20.454
  5:  -0.0474222066  6.52912E-05   20.464
  6:  -0.0474324655  1.02589E-05   20.432
  7:  -0.0474293607  3.10478E-06   20.444
  8:  -0.0474296318  2.71054E-07   20.446
  9:  -0.0474296177  1.41150E-08   20.443
 10:  -0.0474296164  1.29063E-09   20.439
E_QED_CCSD  (Corr.)  = -0.047429616372155
E_QED_CCSD tot       = -1.128594191951781
E_CCSD_psi4 (Corr.)  = -0.047429613508255
E_CCSD_psi4 tot      = -1.128594189077630
