
  Memory set to  55.879 GiB by Python driver.
  Threads set to 1 by Python driver.
Settings:
	LOT = CCSD-S2-U22
	wc = 20.0 eV
	lambda = [0.969939 0.       0.      ] a.u.
	Equivalent A0 = LAMBDA / sqrt(2 wc) = [0.8 0.  0. ])
doing QED-CCSD-Full (or QED-CCSD-22)
Number of occupied orbitals:   1
Number of basis functions:  60
SCF Iteration   1: Energy = 7.5308439552766337 dE =  7.53084E+00
SCF Iteration   2: Energy = 7.9875091977699100 dE =  4.56665E-01
SCF Iteration   3: Energy = 7.7270668739766313 dE = -2.60442E-01
SCF Iteration   4: Energy = 7.9478892499864324 dE =  2.20822E-01
SCF Iteration   5: Energy = 7.8561492685096548 dE = -9.17400E-02
SCF Iteration   6: Energy = 7.9590398037516836 dE =  1.02891E-01
SCF Iteration   7: Energy = 7.9213569119839118 dE = -3.76829E-02
SCF Iteration   8: Energy = 7.9710742616485168 dE =  4.97173E-02
SCF Iteration   9: Energy = 7.9515740642589954 dE = -1.95002E-02
SCF Iteration  10: Energy = 7.9768120415516393 dE =  2.52380E-02
SCF Iteration  11: Energy = 7.9635464926752286 dE = -1.32655E-02
SCF Iteration  12: Energy = 7.9769243508339720 dE =  1.33779E-02
SCF Iteration  13: Energy = 7.9657304437181224 dE = -1.11939E-02
SCF Iteration  14: Energy = 7.9730921063810047 dE =  7.36166E-03
SCF Iteration  15: Energy = 7.9625207325639717 dE = -1.05714E-02
SCF Iteration  16: Energy = 7.9667594933985280 dE =  4.23876E-03
SCF Iteration  17: Energy = 7.9563506469767677 dE = -1.04088E-02
SCF Iteration  18: Energy = 7.9589949523050203 dE =  2.64431E-03
SCF Iteration  19: Energy = 7.9486492586649993 dE = -1.03457E-02
SCF Iteration  20: Energy = 7.9505510419623295 dE =  1.90178E-03
SCF Iteration  21: Energy = 7.9402903198831734 dE = -1.02607E-02
SCF Iteration  22: Energy = 7.9419421963721426 dE =  1.65188E-03
SCF Iteration  23: Energy = 7.9318175996846740 dE = -1.01246E-02
SCF Iteration  24: Energy = 7.9335090258190579 dE =  1.69143E-03
SCF Iteration  25: Energy = 7.9235676773638106 dE = -9.94135E-03
SCF Iteration  26: Energy = 7.9254672207053467 dE =  1.89954E-03
SCF Iteration  27: Energy = 7.9157423247182770 dE = -9.72490E-03
SCF Iteration  28: Energy = 7.9179438987857900 dE =  2.20157E-03
SCF Iteration  29: Energy = 7.9084539804387219 dE = -9.48992E-03
SCF Iteration  30: Energy = 7.9110043481732042 dE =  2.55037E-03
SCF Iteration  31: Energy = 7.9017556407656606 dE = -9.24871E-03
SCF Iteration  32: Energy = 7.9046715443769990 dE =  2.91590E-03
SCF Iteration  33: Energy = 7.8956610729130405 dE = -9.01047E-03
SCF Iteration  34: Energy = 7.8989402703854044 dE =  3.27920E-03
SCF Iteration  35: Energy = 7.8901586950424161 dE = -8.78158E-03
SCF Iteration  36: Energy = 7.8937872312687407 dE =  3.62854E-03
SCF Iteration  37: Energy = 7.8852211608565934 dE = -8.56607E-03
SCF Iteration  38: Energy = 7.8891782158847459 dE =  3.95706E-03
SCF Iteration  39: Energy = 7.8808119662223923 dE = -8.36625E-03
SCF Iteration  40: Energy = 7.8850730970888563 dE =  4.26113E-03
SCF Iteration  41: Energy = 7.8768899659997125 dE = -8.18313E-03
SCF Iteration  42: Energy = 7.8814292615369297 dE =  4.53930E-03
SCF Iteration  43: Energy = 7.8734124166730481 dE = -8.01684E-03
SCF Iteration  44: Energy = 7.8782039075837433 dE =  4.79149E-03
SCF Iteration  45: Energy = 7.8703369787156117 dE = -7.86693E-03
SCF Iteration  46: Energy = 7.8753555344693584 dE =  5.01856E-03
SCF Iteration  47: Energy = 7.8676229874533652 dE = -7.73255E-03
SCF Iteration  48: Energy = 7.8728448595147258 dE =  5.22187E-03
SCF Iteration  49: Energy = 7.8652322131065411 dE = -7.61265E-03
SCF Iteration  50: Energy = 7.8706353356660648 dE =  5.40312E-03
SCF Iteration  51: Energy = 7.8631292678889730 dE = -7.50607E-03
SCF Iteration  52: Energy = 7.8686933940911974 dE =  5.56413E-03
SCF Iteration  53: Energy = 7.8612817729541629 dE = -7.41162E-03
SCF Iteration  54: Energy = 7.8669885014787599 dE =  5.70673E-03
SCF Iteration  55: Energy = 7.8596603654837338 dE = -7.32814E-03
SCF Iteration  56: Energy = 7.8654930960258600 dE =  5.83273E-03
SCF Iteration  57: Energy = 7.8582386027693598 dE = -7.25449E-03
SCF Iteration  58: Energy = 7.8641824473917161 dE =  5.94384E-03
SCF Iteration  59: Energy = 7.8569928032324068 dE = -7.18964E-03
SCF Iteration  60: Energy = 7.8630344723198924 dE =  6.04167E-03
SCF Iteration  61: Energy = 7.8559018521531989 dE = -7.13262E-03
SCF Iteration  62: Energy = 7.8620295278265449 dE =  6.12768E-03
SCF Iteration  63: Energy = 7.8549469911440557 dE = -7.08254E-03
SCF Iteration  64: Energy = 7.8611501968065145 dE =  6.20321E-03
SCF Iteration  65: Energy = 7.8541116041538714 dE = -7.03859E-03
SCF Iteration  66: Energy = 7.8603810758772230 dE =  6.26947E-03
SCF Iteration  67: Energy = 7.8533810083509978 dE = -7.00007E-03
SCF Iteration  68: Energy = 7.8597085717129724 dE =  6.32756E-03
SCF Iteration  69: Energy = 7.8527422550975281 dE = -6.96632E-03
SCF Iteration  70: Energy = 7.8591207096165148 dE =  6.37845E-03
SCF Iteration  71: Energy = 7.8521839440376198 dE = -6.93677E-03
SCF Iteration  72: Energy = 7.8586069563366436 dE =  6.42301E-03
SCF Iteration  73: Energy = 7.8516960518127838 dE = -6.91090E-03
SCF Iteration  74: Energy = 7.8581580579530650 dE =  6.46201E-03
SCF Iteration  75: Energy = 7.8512697758931100 dE = -6.88828E-03
SCF Iteration  76: Energy = 7.8577658928585254 dE =  6.49612E-03
SCF Iteration  77: Energy = 7.8508973933390109 dE = -6.86850E-03
SCF Iteration  78: Energy = 7.8574233393560871 dE =  6.52595E-03
SCF Iteration  79: Energy = 7.8505721338776286 dE = -6.85121E-03
SCF Iteration  80: Energy = 7.8571241570759609 dE =  6.55202E-03
SCF Iteration  81: Energy = 7.8502880664232748 dE = -6.83609E-03
SCF Iteration  82: Energy = 7.8568628812402741 dE =  6.57481E-03
SCF Iteration  83: Energy = 7.8500399980332949 dE = -6.82288E-03
SCF Iteration  84: Energy = 7.8566347287230265 dE =  6.59473E-03
SCF Iteration  85: Energy = 7.8498233842375065 dE = -6.81134E-03
SCF Iteration  86: Energy = 7.8564355148352041 dE =  6.61213E-03
SCF Iteration  87: Energy = 7.8496342496786911 dE = -6.80127E-03
SCF Iteration  88: Energy = 7.8562615797883897 dE =  6.62733E-03
SCF Iteration  89: Energy = 7.8494691180366738 dE = -6.79246E-03
SCF Iteration  90: Energy = 7.8561097238418647 dE =  6.64061E-03
SCF Iteration  91: Energy = 7.8493249502661628 dE = -6.78477E-03
SCF Iteration  92: Energy = 7.8559771502024187 dE =  6.65220E-03
SCF Iteration  93: Energy = 7.8491990902460174 dE = -6.77806E-03
SCF Iteration  94: Energy = 7.8558614148196391 dE =  6.66232E-03
SCF Iteration  95: Energy = 7.8490892170128070 dE = -6.77220E-03
SCF Iteration  96: Energy = 7.8557603822952631 dE =  6.67117E-03
SCF Iteration  97: Energy = 7.8489933028265213 dE = -6.76708E-03
SCF Iteration  98: Energy = 7.8556721871990565 dE =  6.67888E-03
SCF Iteration  99: Energy = 7.8489095763897696 dE = -6.76261E-03
SCF Iteration 100: Energy = 7.8555952001562570 dE =  6.68562E-03
SCF Iteration 101: Energy = 7.8488364906115553 dE = -6.75871E-03
SCF Iteration 102: Energy = 7.8555279981379753 dE =  6.69151E-03
SCF Iteration 103: Energy = 7.8487726943726228 dE = -6.75530E-03
SCF Iteration 104: Energy = 7.8554693384488594 dE =  6.69664E-03
SCF Iteration 105: Energy = 7.8487170078083652 dE = -6.75233E-03
SCF Iteration 106: Energy = 7.8554181359626547 dE =  6.70113E-03
SCF Iteration 107: Energy = 7.8486684006819241 dE = -6.74974E-03
SCF Iteration 108: Energy = 7.8553734432085811 dE =  6.70504E-03
SCF Iteration 109: Energy = 7.8486259734673247 dE = -6.74747E-03
SCF Iteration 110: Energy = 7.8553344329574060 dE =  6.70846E-03
SCF Iteration 111: Energy = 7.8485889408090648 dE = -6.74549E-03
SCF Iteration 112: Energy = 7.8553003829977124 dE =  6.71144E-03
SCF Iteration 113: Energy = 7.8485566170637320 dE = -6.74377E-03
SCF Iteration 114: Energy = 7.8552706628303390 dE =  6.71405E-03
SCF Iteration 115: Energy = 7.8485284036639236 dE = -6.74226E-03
SCF Iteration 116: Energy = 7.8552447220418831 dE =  6.71632E-03
SCF Iteration 117: Energy = 7.8485037780774256 dE = -6.74094E-03
SCF Iteration 118: Energy = 7.8552220801467749 dE =  6.71830E-03
SCF Iteration 119: Energy = 7.8484822841617037 dE = -6.73980E-03
SCF Iteration 120: Energy = 7.8552023177140615 dE =  6.72003E-03
SCF Iteration 121: Energy = 7.8484635237386602 dE = -6.73879E-03
SCF Iteration 122: Energy = 7.8551850686173736 dE =  6.72154E-03
SCF Iteration 123: Energy = 7.8484471492359074 dE = -6.73792E-03
SCF Iteration 124: Energy = 7.8551700132665117 dE =  6.72286E-03
SCF Iteration 125: Energy = 7.8484328572606339 dE = -6.73716E-03
SCF Iteration 126: Energy = 7.8551568726969068 dE =  6.72402E-03
SCF Iteration 127: Energy = 7.8484203829878290 dE = -6.73649E-03
SCF Iteration 128: Energy = 7.8551454034086783 dE =  6.72502E-03
SCF Iteration 129: Energy = 7.8484094952604444 dE = -6.73591E-03
SCF Iteration 130: Energy = 7.8551353928604275 dE =  6.72590E-03
SCF Iteration 131: Energy = 7.8483999923114496 dE = -6.73540E-03
SCF Iteration 132: Energy = 7.8551266555350381 dE =  6.72666E-03
SCF Iteration 133: Energy = 7.8483916980285038 dE = -6.73496E-03
SCF Iteration 134: Energy = 7.8551190295048965 dE =  6.72733E-03
SCF Iteration 135: Energy = 7.8483844586932490 dE = -6.73457E-03
SCF Iteration 136: Energy = 7.8551123734333341 dE =  6.72791E-03
SCF Iteration 137: Energy = 7.8483781401347317 dE = -6.73423E-03
SCF Iteration 138: Energy = 7.8551065639570039 dE =  6.72842E-03
SCF Iteration 139: Energy = 7.8483726252442381 dE = -6.73394E-03
SCF Iteration 140: Energy = 7.8551014934009160 dE =  6.72887E-03
SCF Iteration 141: Energy = 7.8483678118060531 dE = -6.73368E-03
SCF Iteration 142: Energy = 7.8550970677835563 dE =  6.72926E-03
SCF Iteration 143: Energy = 7.8483636106038084 dE = -6.73346E-03
SCF Iteration 144: Energy = 7.8550932050758142 dE =  6.72959E-03
SCF Iteration 145: Energy = 7.8483599437676954 dE = -6.73326E-03
SCF Iteration 146: Energy = 7.8550898336812196 dE =  6.72989E-03
SCF Iteration 147: Energy = 7.8483567433314612 dE = -6.73309E-03
SCF Iteration 148: Energy = 7.8550868911090550 dE =  6.73015E-03
SCF Iteration 149: Energy = 7.8483539499730934 dE = -6.73294E-03
SCF Iteration 150: Energy = 7.8550843228166292 dE =  6.73037E-03
SCF Iteration 151: Energy = 7.8483515119154639 dE = -6.73281E-03
SCF Iteration 152: Energy = 7.8550820811982645 dE =  6.73057E-03
SCF Iteration 153: Energy = 7.8483493839668581 dE = -6.73270E-03
SCF Iteration 154: Energy = 7.8550801247032602 dE =  6.73074E-03
SCF Iteration 155: Energy = 7.8483475266834812 dE = -6.73260E-03
SCF Iteration 156: Energy = 7.8550784170656289 dE =  6.73089E-03
SCF Iteration 157: Energy = 7.8483459056383200 dE = -6.73251E-03
SCF Iteration 158: Energy = 7.8550769266322424 dE =  6.73102E-03
SCF Iteration 159: Energy = 7.8483444907832620 dE = -6.73244E-03
SCF Iteration 160: Energy = 7.8550756257758012 dE =  6.73113E-03
SCF Iteration 161: Energy = 7.8483432558919572 dE = -6.73237E-03
SCF Iteration 162: Energy = 7.8550744903831475 dE =  6.73123E-03
SCF Iteration 163: Energy = 7.8483421780739864 dE = -6.73231E-03
SCF Iteration 164: Energy = 7.8550734994080367 dE =  6.73132E-03
SCF Iteration 165: Energy = 7.8483412373503070 dE = -6.73226E-03
SCF Iteration 166: Energy = 7.8550726344812363 dE =  6.73140E-03
SCF Iteration 167: Energy = 7.8483404162831629 dE = -6.73222E-03
SCF Iteration 168: Energy = 7.8550718795699535 dE =  6.73146E-03
SCF Iteration 169: Energy = 7.8483396996527617 dE = -6.73218E-03
SCF Iteration 170: Energy = 7.8550712206806450 dE =  6.73152E-03
SCF Iteration 171: Energy = 7.8483390741751604 dE = -6.73215E-03
SCF Iteration 172: Energy = 7.8550706455997457 dE =  6.73157E-03
SCF Iteration 173: Energy = 7.8483385282561144 dE = -6.73212E-03
SCF Iteration 174: Energy = 7.8550701436671311 dE =  6.73162E-03
SCF Iteration 175: Energy = 7.8483380517760732 dE = -6.73209E-03
SCF Iteration 176: Energy = 7.8550697055786092 dE =  6.73165E-03
SCF Iteration 177: Energy = 7.8483376359026682 dE = -6.73207E-03
SCF Iteration 178: Energy = 7.8550693232134670 dE =  6.73169E-03
SCF Iteration 179: Energy = 7.8483372729269458 dE = -6.73205E-03
SCF Iteration 180: Energy = 7.8550689894838808 dE =  6.73172E-03
SCF Iteration 181: Energy = 7.8483369561205132 dE = -6.73203E-03
SCF Iteration 182: Energy = 7.8550686982035876 dE =  6.73174E-03
SCF Iteration 183: Energy = 7.8483366796108074 dE = -6.73202E-03
SCF Iteration 184: Energy = 7.8550684439731828 dE =  6.73176E-03
SCF Iteration 185: Energy = 7.8483364382722272 dE = -6.73201E-03
SCF Iteration 186: Energy = 7.8550682220800443 dE =  6.73178E-03
SCF Iteration 187: Energy = 7.8483362276311102 dE = -6.73199E-03
SCF Iteration 188: Energy = 7.8550680284109795 dE =  6.73180E-03
SCF Iteration 189: Energy = 7.8483360437828580 dE = -6.73198E-03
SCF Iteration 190: Energy = 7.8550678593759953 dE =  6.73182E-03
SCF Iteration 191: Energy = 7.8483358833195069 dE = -6.73198E-03
SCF Iteration 192: Energy = 7.8550677118417287 dE =  6.73183E-03
SCF Iteration 193: Energy = 7.8483357432665652 dE = -6.73197E-03
SCF Iteration 194: Energy = 7.8550675830733159 dE =  6.73184E-03
SCF Iteration 195: Energy = 7.8483356210279211 dE = -6.73196E-03
SCF Iteration 196: Energy = 7.8550674706838413 dE =  6.73185E-03
SCF Iteration 197: Energy = 7.8483355143376254 dE = -6.73196E-03
SCF Iteration 198: Energy = 7.8550673725899500 dE =  6.73186E-03
SCF Iteration 199: Energy = 7.8483354212179952 dE = -6.73195E-03
SCF Iteration 200: Energy = 7.8550672869732754 dE =  6.73187E-03
SCF Iteration 201: Energy = 7.8483353399428637 dE = -6.73195E-03
SCF Iteration 202: Energy = 7.8550672122467784 dE =  6.73187E-03
SCF Iteration 203: Energy = 7.8483352690057071 dE = -6.73194E-03
SCF Iteration 204: Energy = 7.8550671470252578 dE =  6.73188E-03
SCF Iteration 205: Energy = 7.8483352070915142 dE = -6.73194E-03
SCF Iteration 206: Energy = 7.8550670900997002 dE =  6.73188E-03
SCF Iteration 207: Energy = 7.8483351530526120 dE = -6.73194E-03
SCF Iteration 208: Energy = 7.8550670404148910 dE =  6.73189E-03
SCF Iteration 209: Energy = 7.8483351058872763 dE = -6.73193E-03
SCF Iteration 210: Energy = 7.8550669970498372 dE =  6.73189E-03
SCF Iteration 211: Energy = 7.8483350647212387 dE = -6.73193E-03
SCF Iteration 212: Energy = 7.8550669592006734 dE =  6.73189E-03
SCF Iteration 213: Energy = 7.8483350287913716 dE = -6.73193E-03
SCF Iteration 214: Energy = 7.8550669261657937 dE =  6.73190E-03
SCF Iteration 215: Energy = 7.8483349974316861 dE = -6.73193E-03
SCF Iteration 216: Energy = 7.8550668973328701 dE =  6.73190E-03
SCF Iteration 217: Energy = 7.8483349700608311 dE = -6.73193E-03
SCF Iteration 218: Energy = 7.8550668721673871 dE =  6.73190E-03
SCF Iteration 219: Energy = 7.8483349461714589 dE = -6.73193E-03
SCF Iteration 220: Energy = 7.8550668502028778 dE =  6.73190E-03
SCF Iteration 221: Energy = 7.8483349253207528 dE = -6.73192E-03
SCF Iteration 222: Energy = 7.8550668310321834 dE =  6.73191E-03
SCF Iteration 223: Energy = 7.8483349071222097 dE = -6.73192E-03
SCF Iteration 224: Energy = 7.8550668142999642 dE =  6.73191E-03
SCF Iteration 225: Energy = 7.8483348912384479 dE = -6.73192E-03
SCF Iteration 226: Energy = 7.8550667996959884 dE =  6.73191E-03
SCF Iteration 227: Energy = 7.8483348773750432 dE = -6.73192E-03
SCF Iteration 228: Energy = 7.8550667869496227 dE =  6.73191E-03
SCF Iteration 229: Energy = 7.8483348652750369 dE = -6.73192E-03
SCF Iteration 230: Energy = 7.8550667758245378 dE =  6.73191E-03
SCF Iteration 231: Energy = 7.8483348547141087 dE = -6.73192E-03
SCF Iteration 232: Energy = 7.8550667661145432 dE =  6.73191E-03
SCF Iteration 233: Energy = 7.8483348454964901 dE = -6.73192E-03
SCF Iteration 234: Energy = 7.8550667576396140 dE =  6.73191E-03
SCF Iteration 235: Energy = 7.8483348374513202 dE = -6.73192E-03
SCF Iteration 236: Energy = 7.8550667502426723 dE =  6.73191E-03
SCF Iteration 237: Energy = 7.8483348304294758 dE = -6.73192E-03
SCF Iteration 238: Energy = 7.8550667437866135 dE =  6.73191E-03
SCF Iteration 239: Energy = 7.8483348243008049 dE = -6.73192E-03
SCF Iteration 240: Energy = 7.8550667381517174 dE =  6.73191E-03
SCF Iteration 241: Energy = 7.8483348189516517 dE = -6.73192E-03
SCF Iteration 242: Energy = 7.8550667332336008 dE =  6.73191E-03
SCF Iteration 243: Energy = 7.8483348142829001 dE = -6.73192E-03
SCF Iteration 244: Energy = 7.8550667289410123 dE =  6.73191E-03
SCF Iteration 245: Energy = 7.8483348102080068 dE = -6.73192E-03
SCF Iteration 246: Energy = 7.8550667251944457 dE =  6.73191E-03
SCF Iteration 247: Energy = 7.8483348066514056 dE = -6.73192E-03
SCF Iteration 248: Energy = 7.8550667219244286 dE =  6.73192E-03
SCF Iteration 249: Energy = 7.8483348035472256 dE = -6.73192E-03
SCF Iteration 250: Energy = 7.8550667190703392 dE =  6.73192E-03
SCF Iteration 251: Energy = 7.8483348008378790 dE = -6.73192E-03
SCF Iteration 252: Energy = 7.8550667165793122 dE =  6.73192E-03
SCF Iteration 253: Energy = 7.8483347984731342 dE = -6.73192E-03
SCF Iteration 254: Energy = 7.8550667144051110 dE =  6.73192E-03
SCF Iteration 255: Energy = 7.8483347964091816 dE = -6.73192E-03
SCF Iteration 256: Energy = 7.8550667125074476 dE =  6.73192E-03
SCF Iteration 257: Energy = 7.8483347946077675 dE = -6.73192E-03
SCF Iteration 258: Energy = 7.8550667108511920 dE =  6.73192E-03
SCF Iteration 259: Energy = 7.8483347930354972 dE = -6.73192E-03
SCF Iteration 260: Energy = 7.8550667094055875 dE =  6.73192E-03
SCF Iteration 261: Energy = 7.8483347916631949 dE = -6.73192E-03
SCF Iteration 262: Energy = 7.8550667081438661 dE =  6.73192E-03
SCF Iteration 263: Energy = 7.8483347904654490 dE = -6.73192E-03
SCF Iteration 264: Energy = 7.8550667070426377 dE =  6.73192E-03
SCF Iteration 265: Energy = 7.8483347894200630 dE = -6.73192E-03
SCF Iteration 266: Energy = 7.8550667060814803 dE =  6.73192E-03
SCF Iteration 267: Energy = 7.8483347885076586 dE = -6.73192E-03
SCF Iteration 268: Energy = 7.8550667052425753 dE =  6.73192E-03
SCF Iteration 269: Energy = 7.8483347877112832 dE = -6.73192E-03
SCF Iteration 270: Energy = 7.8550667045103637 dE =  6.73192E-03
SCF Iteration 271: Energy = 7.8483347870162126 dE = -6.73192E-03
SCF Iteration 272: Energy = 7.8550667038712909 dE =  6.73192E-03
SCF Iteration 273: Energy = 7.8483347864095609 dE = -6.73192E-03
SCF Iteration 274: Energy = 7.8550667033135335 dE =  6.73192E-03
SCF Iteration 275: Energy = 7.8483347858800636 dE = -6.73192E-03
SCF Iteration 276: Energy = 7.8550667028266918 dE =  6.73192E-03
SCF Iteration 277: Energy = 7.8483347854179097 dE = -6.73192E-03
SCF Iteration 278: Energy = 7.8550667024017677 dE =  6.73192E-03
SCF Iteration 279: Energy = 7.8483347850145453 dE = -6.73192E-03
SCF Iteration 280: Energy = 7.8550667020309231 dE =  6.73192E-03
SCF Iteration 281: Energy = 7.8483347846625025 dE = -6.73192E-03
SCF Iteration 282: Energy = 7.8550667017072380 dE =  6.73192E-03
SCF Iteration 283: Energy = 7.8483347843552025 dE = -6.73192E-03
SCF Iteration 284: Energy = 7.8550667014247040 dE =  6.73192E-03
SCF Iteration 285: Energy = 7.8483347840870081 dE = -6.73192E-03
SCF Iteration 286: Energy = 7.8550667011781332 dE =  6.73192E-03
SCF Iteration 287: Energy = 7.8483347838529376 dE = -6.73192E-03
SCF Iteration 288: Energy = 7.8550667009629098 dE =  6.73192E-03
SCF Iteration 289: Energy = 7.8483347836486281 dE = -6.73192E-03
SCF Iteration 290: Energy = 7.8550667007750619 dE =  6.73192E-03
SCF Iteration 291: Energy = 7.8483347834703228 dE = -6.73192E-03
SCF Iteration 292: Energy = 7.8550667006111228 dE =  6.73192E-03
SCF Iteration 293: Energy = 7.8483347833146722 dE = -6.73192E-03
SCF Iteration 294: Energy = 7.8550667004680346 dE =  6.73192E-03
SCF Iteration 295: Energy = 7.8483347831788519 dE = -6.73192E-03
SCF Iteration 296: Energy = 7.8550667003431318 dE =  6.73192E-03
SCF Iteration 297: Energy = 7.8483347830602899 dE = -6.73192E-03
SCF Iteration 298: Energy = 7.8550667002341301 dE =  6.73192E-03
SCF Iteration 299: Energy = 7.8483347829568153 dE = -6.73192E-03
SCF Iteration 300: Energy = 7.8550667001389947 dE =  6.73192E-03
SCF Iteration 301: Energy = 7.8483347828664911 dE = -6.73192E-03
SCF Iteration 302: Energy = 7.8550667000559251 dE =  6.73192E-03
SCF Iteration 303: Energy = 7.8483347827876768 dE = -6.73192E-03
SCF Iteration 304: Energy = 7.8550666999834462 dE =  6.73192E-03
SCF Iteration 305: Energy = 7.8483347827188474 dE = -6.73192E-03
SCF Iteration 306: Energy = 7.8550666999201928 dE =  6.73192E-03
SCF Iteration 307: Energy = 7.8483347826587977 dE = -6.73192E-03
SCF Iteration 308: Energy = 7.8550666998649783 dE =  6.73192E-03
SCF Iteration 309: Energy = 7.8483347826063916 dE = -6.73192E-03
SCF Iteration 310: Energy = 7.8550666998167973 dE =  6.73192E-03
SCF Iteration 311: Energy = 7.8483347825606344 dE = -6.73192E-03
SCF Iteration 312: Energy = 7.8550666997747456 dE =  6.73192E-03
SCF Iteration 313: Energy = 7.8483347825207108 dE = -6.73192E-03
SCF Iteration 314: Energy = 7.8550666997380123 dE =  6.73192E-03
SCF Iteration 315: Energy = 7.8483347824858676 dE = -6.73192E-03
SCF Iteration 316: Energy = 7.8550666997059766 dE =  6.73192E-03
SCF Iteration 317: Energy = 7.8483347824554386 dE = -6.73192E-03
SCF Iteration 318: Energy = 7.8550666996780087 dE =  6.73192E-03
SCF Iteration 319: Energy = 7.8483347824289194 dE = -6.73192E-03
SCF Iteration 320: Energy = 7.8550666996536123 dE =  6.73192E-03
SCF Iteration 321: Energy = 7.8483347824057397 dE = -6.73192E-03
SCF Iteration 322: Energy = 7.8550666996323288 dE =  6.73192E-03
SCF Iteration 323: Energy = 7.8483347823855194 dE = -6.73192E-03
SCF Iteration 324: Energy = 7.8550666996137188 dE =  6.73192E-03
SCF Iteration 325: Energy = 7.8483347823678624 dE = -6.73192E-03
SCF Iteration 326: Energy = 7.8550666995974900 dE =  6.73192E-03
SCF Iteration 327: Energy = 7.8483347823524490 dE = -6.73192E-03
SCF Iteration 328: Energy = 7.8550666995833289 dE =  6.73192E-03
SCF Iteration 329: Energy = 7.8483347823390082 dE = -6.73192E-03
SCF Iteration 330: Energy = 7.8550666995709690 dE =  6.73192E-03
SCF Iteration 331: Energy = 7.8483347823272762 dE = -6.73192E-03
SCF Iteration 332: Energy = 7.8550666995601723 dE =  6.73192E-03
SCF Iteration 333: Energy = 7.8483347823170320 dE = -6.73192E-03
SCF Iteration 334: Energy = 7.8550666995507568 dE =  6.73192E-03
SCF Iteration 335: Energy = 7.8483347823080827 dE = -6.73192E-03
SCF Iteration 336: Energy = 7.8550666995425500 dE =  6.73192E-03
SCF Iteration 337: Energy = 7.8483347823003040 dE = -6.73192E-03
SCF Iteration 338: Energy = 7.8550666995353771 dE =  6.73192E-03
SCF Iteration 339: Energy = 7.8483347822934970 dE = -6.73192E-03
SCF Iteration 340: Energy = 7.8550666995291083 dE =  6.73192E-03
SCF Iteration 341: Energy = 7.8483347822875444 dE = -6.73192E-03
SCF Iteration 342: Energy = 7.8550666995236593 dE =  6.73192E-03
SCF Iteration 343: Energy = 7.8483347822823575 dE = -6.73192E-03
SCF Iteration 344: Energy = 7.8550666995188738 dE =  6.73192E-03
SCF Iteration 345: Energy = 7.8483347822778242 dE = -6.73192E-03
SCF Iteration 346: Energy = 7.8550666995147127 dE =  6.73192E-03
SCF Iteration 347: Energy = 7.8483347822738798 dE = -6.73192E-03
SCF Iteration 348: Energy = 7.8550666995110774 dE =  6.73192E-03
SCF Iteration 349: Energy = 7.8483347822704310 dE = -6.73192E-03
SCF Iteration 350: Energy = 7.8550666995079039 dE =  6.73192E-03
SCF Iteration 351: Energy = 7.8483347822674183 dE = -6.73192E-03
SCF Iteration 352: Energy = 7.8550666995051399 dE =  6.73192E-03
SCF Iteration 353: Energy = 7.8483347822647893 dE = -6.73192E-03
SCF Iteration 354: Energy = 7.8550666995027161 dE =  6.73192E-03
SCF Iteration 355: Energy = 7.8483347822624818 dE = -6.73192E-03
SCF Iteration 356: Energy = 7.8550666995006146 dE =  6.73192E-03
SCF Iteration 357: Energy = 7.8483347822604976 dE = -6.73192E-03
SCF Iteration 358: Energy = 7.8550666994987592 dE =  6.73192E-03
SCF Iteration 359: Energy = 7.8483347822587355 dE = -6.73192E-03
SCF Iteration 360: Energy = 7.8550666994971650 dE =  6.73192E-03
SCF Iteration 361: Energy = 7.8483347822572167 dE = -6.73192E-03
SCF Iteration 362: Energy = 7.8550666994957572 dE =  6.73192E-03
SCF Iteration 363: Energy = 7.8483347822558809 dE = -6.73192E-03
SCF Iteration 364: Energy = 7.8550666994945191 dE =  6.73192E-03
SCF Iteration 365: Energy = 7.8483347822547094 dE = -6.73192E-03
SCF Iteration 366: Energy = 7.8550666994934710 dE =  6.73192E-03
SCF Iteration 367: Energy = 7.8483347822536951 dE = -6.73192E-03
SCF Iteration 368: Energy = 7.8550666994925287 dE =  6.73192E-03
SCF Iteration 369: Energy = 7.8483347822528282 dE = -6.73192E-03
SCF Iteration 370: Energy = 7.8550666994917187 dE =  6.73192E-03
SCF Iteration 371: Energy = 7.8483347822520315 dE = -6.73192E-03
SCF Iteration 372: Energy = 7.8550666994910117 dE =  6.73192E-03
SCF Iteration 373: Energy = 7.8483347822513752 dE = -6.73192E-03
SCF Iteration 374: Energy = 7.8550666994903793 dE =  6.73192E-03
SCF Iteration 375: Energy = 7.8483347822507854 dE = -6.73192E-03
SCF Iteration 376: Energy = 7.8550666994898561 dE =  6.73192E-03
SCF Iteration 377: Energy = 7.8483347822502632 dE = -6.73192E-03
SCF Iteration 378: Energy = 7.8550666994893756 dE =  6.73192E-03
SCF Iteration 379: Energy = 7.8483347822498146 dE = -6.73192E-03
SCF Iteration 380: Energy = 7.8550666994889600 dE =  6.73192E-03
SCF Iteration 381: Energy = 7.8483347822494247 dE = -6.73192E-03
SCF Iteration 382: Energy = 7.8550666994885887 dE =  6.73192E-03
SCF Iteration 383: Energy = 7.8483347822490934 dE = -6.73192E-03
SCF Iteration 384: Energy = 7.8550666994882707 dE =  6.73192E-03
SCF Iteration 385: Energy = 7.8483347822487985 dE = -6.73192E-03
SCF Iteration 386: Energy = 7.8550666994880132 dE =  6.73192E-03
SCF Iteration 387: Energy = 7.8483347822485330 dE = -6.73192E-03
SCF Iteration 388: Energy = 7.8550666994877609 dE =  6.73192E-03
SCF Iteration 389: Energy = 7.8483347822482843 dE = -6.73192E-03
SCF Iteration 390: Energy = 7.8550666994875655 dE =  6.73192E-03
SCF Iteration 391: Energy = 7.8483347822481075 dE = -6.73192E-03
SCF Iteration 392: Energy = 7.8550666994873719 dE =  6.73192E-03
SCF Iteration 393: Energy = 7.8483347822479530 dE = -6.73192E-03
SCF Iteration 394: Energy = 7.8550666994872227 dE =  6.73192E-03
SCF Iteration 395: Energy = 7.8483347822477896 dE = -6.73192E-03
SCF Iteration 396: Energy = 7.8550666994870735 dE =  6.73192E-03
SCF Iteration 397: Energy = 7.8483347822476652 dE = -6.73192E-03
SCF Iteration 398: Energy = 7.8550666994869598 dE =  6.73192E-03
SCF Iteration 399: Energy = 7.8483347822475285 dE = -6.73192E-03
SCF Iteration 400: Energy = 7.8550666994868621 dE =  6.73192E-03
SCF Iteration 401: Energy = 7.8483347822474467 dE = -6.73192E-03
SCF Iteration 402: Energy = 7.8550666994867662 dE =  6.73192E-03
SCF Iteration 403: Energy = 7.8483347822473384 dE = -6.73192E-03
SCF Iteration 404: Energy = 7.8550666994866694 dE =  6.73192E-03
SCF Iteration 405: Energy = 7.8483347822472487 dE = -6.73192E-03
SCF Iteration 406: Energy = 7.8550666994865912 dE =  6.73192E-03
SCF Iteration 407: Energy = 7.8483347822471856 dE = -6.73192E-03
SCF Iteration 408: Energy = 7.8550666994865423 dE =  6.73192E-03
SCF Iteration 409: Energy = 7.8483347822471394 dE = -6.73192E-03
SCF Iteration 410: Energy = 7.8550666994864962 dE =  6.73192E-03
SCF Iteration 411: Energy = 7.8483347822470924 dE = -6.73192E-03
SCF Iteration 412: Energy = 7.8550666994864375 dE =  6.73192E-03
SCF Iteration 413: Energy = 7.8483347822470426 dE = -6.73192E-03
SCF Iteration 414: Energy = 7.8550666994863914 dE =  6.73192E-03
SCF Iteration 415: Energy = 7.8483347822469955 dE = -6.73192E-03
SCF Iteration 416: Energy = 7.8550666994863700 dE =  6.73192E-03
SCF Iteration 417: Energy = 7.8483347822469751 dE = -6.73192E-03
SCF Iteration 418: Energy = 7.8550666994863487 dE =  6.73192E-03
SCF Iteration 419: Energy = 7.8483347822469494 dE = -6.73192E-03
SCF Iteration 420: Energy = 7.8550666994863185 dE =  6.73192E-03
SCF Iteration 421: Energy = 7.8483347822469218 dE = -6.73192E-03
SCF Iteration 422: Energy = 7.8550666994862901 dE =  6.73192E-03
SCF Iteration 423: Energy = 7.8483347822469076 dE = -6.73192E-03
SCF Iteration 424: Energy = 7.8550666994862866 dE =  6.73192E-03
SCF Iteration 425: Energy = 7.8483347822468836 dE = -6.73192E-03
SCF Iteration 426: Energy = 7.8550666994862590 dE =  6.73192E-03
SCF Iteration 427: Energy = 7.8483347822468721 dE = -6.73192E-03
SCF Iteration 428: Energy = 7.8550666994862466 dE =  6.73192E-03
SCF Iteration 429: Energy = 7.8483347822468410 dE = -6.73192E-03
SCF Iteration 430: Energy = 7.8550666994862262 dE =  6.73192E-03
SCF Iteration 431: Energy = 7.8483347822468446 dE = -6.73192E-03
SCF Iteration 432: Energy = 7.8550666994862146 dE =  6.73192E-03
SCF Iteration 433: Energy = 7.8483347822468241 dE = -6.73192E-03
SCF Iteration 434: Energy = 7.8550666994861960 dE =  6.73192E-03
SCF Iteration 435: Energy = 7.8483347822468108 dE = -6.73192E-03
SCF Iteration 436: Energy = 7.8550666994861897 dE =  6.73192E-03
SCF Iteration 437: Energy = 7.8483347822467984 dE = -6.73192E-03
SCF Iteration 438: Energy = 7.8550666994861880 dE =  6.73192E-03
SCF Iteration 439: Energy = 7.8483347822467993 dE = -6.73192E-03
SCF Iteration 440: Energy = 7.8550666994861764 dE =  6.73192E-03
SCF Iteration 441: Energy = 7.8483347822467868 dE = -6.73192E-03
SCF Iteration 442: Energy = 7.8550666994861569 dE =  6.73192E-03
SCF Iteration 443: Energy = 7.8483347822467717 dE = -6.73192E-03
SCF Iteration 444: Energy = 7.8550666994861578 dE =  6.73192E-03
SCF Iteration 445: Energy = 7.8483347822467771 dE = -6.73192E-03
SCF Iteration 446: Energy = 7.8550666994861480 dE =  6.73192E-03
SCF Iteration 447: Energy = 7.8483347822467682 dE = -6.73192E-03
SCF Iteration 448: Energy = 7.8550666994861631 dE =  6.73192E-03
SCF Iteration 449: Energy = 7.8483347822467717 dE = -6.73192E-03
SCF Iteration 450: Energy = 7.8550666994861622 dE =  6.73192E-03
SCF Iteration 451: Energy = 7.8483347822467824 dE = -6.73192E-03
SCF Iteration 452: Energy = 7.8550666994861498 dE =  6.73192E-03
SCF Iteration 453: Energy = 7.8483347822467699 dE = -6.73192E-03
SCF Iteration 454: Energy = 7.8550666994861338 dE =  6.73192E-03
SCF Iteration 455: Energy = 7.8483347822467611 dE = -6.73192E-03
SCF Iteration 456: Energy = 7.8550666994861427 dE =  6.73192E-03
SCF Iteration 457: Energy = 7.8483347822467433 dE = -6.73192E-03
SCF Iteration 458: Energy = 7.8550666994861285 dE =  6.73192E-03
SCF Iteration 459: Energy = 7.8483347822467602 dE = -6.73192E-03
SCF Iteration 460: Energy = 7.8550666994861320 dE =  6.73192E-03
SCF Iteration 461: Energy = 7.8483347822467362 dE = -6.73192E-03
SCF Iteration 462: Energy = 7.8550666994861258 dE =  6.73192E-03
SCF Iteration 463: Energy = 7.8483347822467424 dE = -6.73192E-03
SCF Iteration 464: Energy = 7.8550666994861400 dE =  6.73192E-03
SCF Iteration 465: Energy = 7.8483347822467424 dE = -6.73192E-03
SCF Iteration 466: Energy = 7.8550666994861240 dE =  6.73192E-03
SCF Iteration 467: Energy = 7.8483347822467424 dE = -6.73192E-03
SCF Iteration 468: Energy = 7.8550666994861267 dE =  6.73192E-03
SCF Iteration 469: Energy = 7.8483347822467540 dE = -6.73192E-03
SCF Iteration 470: Energy = 7.8550666994861285 dE =  6.73192E-03
SCF Iteration 471: Energy = 7.8483347822467611 dE = -6.73192E-03
SCF Iteration 472: Energy = 7.8550666994861436 dE =  6.73192E-03
SCF Iteration 473: Energy = 7.8483347822467389 dE = -6.73192E-03
SCF Iteration 474: Energy = 7.8550666994861258 dE =  6.73192E-03
SCF Iteration 475: Energy = 7.8483347822467531 dE = -6.73192E-03
SCF Iteration 476: Energy = 7.8550666994861409 dE =  6.73192E-03
SCF Iteration 477: Energy = 7.8483347822467522 dE = -6.73192E-03
SCF Iteration 478: Energy = 7.8550666994861391 dE =  6.73192E-03
SCF Iteration 479: Energy = 7.8483347822467540 dE = -6.73192E-03
SCF Iteration 480: Energy = 7.8550666994861276 dE =  6.73192E-03
SCF Iteration 481: Energy = 7.8483347822467451 dE = -6.73192E-03
SCF Iteration 482: Energy = 7.8550666994861373 dE =  6.73192E-03
SCF Iteration 483: Energy = 7.8483347822467540 dE = -6.73192E-03
SCF Iteration 484: Energy = 7.8550666994861302 dE =  6.73192E-03
SCF Iteration 485: Energy = 7.8483347822467575 dE = -6.73192E-03
SCF Iteration 486: Energy = 7.8550666994861409 dE =  6.73192E-03
SCF Iteration 487: Energy = 7.8483347822467513 dE = -6.73192E-03
SCF Iteration 488: Energy = 7.8550666994861356 dE =  6.73192E-03
SCF Iteration 489: Energy = 7.8483347822467469 dE = -6.73192E-03
SCF Iteration 490: Energy = 7.8550666994861338 dE =  6.73192E-03
SCF Iteration 491: Energy = 7.8483347822467540 dE = -6.73192E-03
SCF Iteration 492: Energy = 7.8550666994861267 dE =  6.73192E-03
SCF Iteration 493: Energy = 7.8483347822467495 dE = -6.73192E-03
SCF Iteration 494: Energy = 7.8550666994861231 dE =  6.73192E-03
SCF Iteration 495: Energy = 7.8483347822467593 dE = -6.73192E-03
SCF Iteration 496: Energy = 7.8550666994861302 dE =  6.73192E-03
SCF Iteration 497: Energy = 7.8483347822467486 dE = -6.73192E-03
SCF Iteration 498: Energy = 7.8550666994861285 dE =  6.73192E-03
SCF Iteration 499: Energy = 7.8483347822467504 dE = -6.73192E-03
SCF Iteration 500: Energy = 7.8550666994861231 dE =  6.73192E-03
