
  Memory set to  55.879 GiB by Python driver.
  Threads set to 1 by Python driver.
Settings:
	LOT = CCSD-S2-U22
	wc = 20.0 eV
	lambda = [0.969939 0.       0.      ] a.u.
	Equivalent A0 = LAMBDA / sqrt(2 wc) = [0.8 0.  0. ])
doing QED-CCSD-Full (or QED-CCSD-22)
Number of occupied orbitals:   1
Number of basis functions:  60
SCF Iteration   1: Energy = 3.5945281795624719 dE =  3.59453E+00
SCF Iteration   2: Energy = 4.1326526019930849 dE =  5.38124E-01
SCF Iteration   3: Energy = 3.8167703713439236 dE = -3.15882E-01
SCF Iteration   4: Energy = 4.0852903351174499 dE =  2.68520E-01
SCF Iteration   5: Energy = 3.8974297583792956 dE = -1.87861E-01
SCF Iteration   6: Energy = 4.0765663754077179 dE =  1.79137E-01
SCF Iteration   7: Energy = 3.9234342719870225 dE = -1.53132E-01
SCF Iteration   8: Energy = 4.0714794070652580 dE =  1.48045E-01
SCF Iteration   9: Energy = 3.9305813745166711 dE = -1.40898E-01
SCF Iteration  10: Energy = 4.0663690406495965 dE =  1.35788E-01
SCF Iteration  11: Energy = 3.9303591314882502 dE = -1.36010E-01
SCF Iteration  12: Energy = 4.0610262509865738 dE =  1.30667E-01
SCF Iteration  13: Energy = 3.9271456500720623 dE = -1.33881E-01
SCF Iteration  14: Energy = 4.0557563882972119 dE =  1.28611E-01
SCF Iteration  15: Energy = 3.9228730328518493 dE = -1.32883E-01
SCF Iteration  16: Energy = 4.0508476677004062 dE =  1.27975E-01
SCF Iteration  17: Energy = 3.9184612670768173 dE = -1.32386E-01
SCF Iteration  18: Energy = 4.0464712334035644 dE =  1.28010E-01
SCF Iteration  19: Energy = 3.9143451108353382 dE = -1.32126E-01
SCF Iteration  20: Energy = 4.0426920013932044 dE =  1.28347E-01
SCF Iteration  21: Energy = 3.9107072273474826 dE = -1.31985E-01
SCF Iteration  22: Energy = 4.0395031365274710 dE =  1.28796E-01
SCF Iteration  23: Energy = 3.9075969310117431 dE = -1.31906E-01
SCF Iteration  24: Energy = 4.0368573873307732 dE =  1.29260E-01
SCF Iteration  25: Energy = 3.9049953705173159 dE = -1.31862E-01
SCF Iteration  26: Energy = 4.0346892490634110 dE =  1.29694E-01
SCF Iteration  27: Energy = 3.9028521213915734 dE = -1.31837E-01
SCF Iteration  28: Energy = 4.0329287056796002 dE =  1.30077E-01
SCF Iteration  29: Energy = 3.9011054750917955 dE = -1.31823E-01
SCF Iteration  30: Energy = 4.0315088676273989 dE =  1.30403E-01
SCF Iteration  31: Energy = 3.8996932370001787 dE = -1.31816E-01
SCF Iteration  32: Energy = 4.0303696604205230 dE =  1.30676E-01
SCF Iteration  33: Energy = 3.8985580288688357 dE = -1.31812E-01
SCF Iteration  34: Energy = 4.0294591508213307 dE =  1.30901E-01
SCF Iteration  35: Energy = 3.8976494788935261 dE = -1.31810E-01
SCF Iteration  36: Energy = 4.0287335617006033 dE =  1.31084E-01
SCF Iteration  37: Energy = 3.8969247160497917 dE = -1.31809E-01
SCF Iteration  38: Energy = 4.0281566276036020 dE =  1.31232E-01
SCF Iteration  39: Energy = 3.8963479987771379 dE = -1.31809E-01
SCF Iteration  40: Energy = 4.0276986748372794 dE =  1.31351E-01
SCF Iteration  41: Energy = 3.8958899533794957 dE = -1.31809E-01
SCF Iteration  42: Energy = 4.0273356399790714 dE =  1.31446E-01
SCF Iteration  43: Energy = 3.8955266853027517 dE = -1.31809E-01
SCF Iteration  44: Energy = 4.0270481375249210 dE =  1.31521E-01
SCF Iteration  45: Energy = 3.8952389014623101 dE = -1.31809E-01
SCF Iteration  46: Energy = 4.0268206270516167 dE =  1.31582E-01
SCF Iteration  47: Energy = 3.8950111096951829 dE = -1.31810E-01
SCF Iteration  48: Energy = 4.0266406964265125 dE =  1.31630E-01
SCF Iteration  49: Energy = 3.8948309210090128 dE = -1.31810E-01
SCF Iteration  50: Energy = 4.0264984596761648 dE =  1.31668E-01
SCF Iteration  51: Energy = 3.8946884586224693 dE = -1.31810E-01
SCF Iteration  52: Energy = 4.0263860594983054 dE =  1.31698E-01
SCF Iteration  53: Energy = 3.8945758669761896 dE = -1.31810E-01
SCF Iteration  54: Energy = 4.0262972610253636 dE =  1.31721E-01
SCF Iteration  55: Energy = 3.8944869092256695 dE = -1.31810E-01
SCF Iteration  56: Energy = 4.0262271229033937 dE =  1.31740E-01
SCF Iteration  57: Energy = 3.8944166404160794 dE = -1.31810E-01
SCF Iteration  58: Energy = 4.0261717326266595 dE =  1.31755E-01
SCF Iteration  59: Energy = 3.8943611439569019 dE = -1.31811E-01
SCF Iteration  60: Energy = 4.0261279945598227 dE =  1.31767E-01
SCF Iteration  61: Energy = 3.8943173202317292 dE = -1.31811E-01
SCF Iteration  62: Energy = 4.0260934607487133 dE =  1.31776E-01
SCF Iteration  63: Energy = 3.8942827176827857 dE = -1.31811E-01
SCF Iteration  64: Energy = 4.0260661962364956 dE =  1.31783E-01
SCF Iteration  65: Energy = 3.8942553982277248 dE = -1.31811E-01
SCF Iteration  66: Energy = 4.0260446720616150 dE =  1.31789E-01
SCF Iteration  67: Energy = 3.8942338302665451 dE = -1.31811E-01
SCF Iteration  68: Energy = 4.0260276803767727 dE =  1.31794E-01
SCF Iteration  69: Energy = 3.8942168037648783 dE = -1.31811E-01
SCF Iteration  70: Energy = 4.0260142671940331 dE =  1.31797E-01
SCF Iteration  71: Energy = 3.8942033629447397 dE = -1.31811E-01
SCF Iteration  72: Energy = 4.0260036791429243 dE =  1.31800E-01
SCF Iteration  73: Energy = 3.8941927529838809 dE = -1.31811E-01
SCF Iteration  74: Energy = 4.0259953213506794 dE =  1.31803E-01
SCF Iteration  75: Energy = 3.8941843778399337 dE = -1.31811E-01
SCF Iteration  76: Energy = 4.0259887241386219 dE =  1.31804E-01
SCF Iteration  77: Energy = 3.8941777668965027 dE = -1.31811E-01
SCF Iteration  78: Energy = 4.0259835166998288 dE =  1.31806E-01
SCF Iteration  79: Energy = 3.8941725485977576 dE = -1.31811E-01
SCF Iteration  80: Energy = 4.0259794063012802 dE =  1.31807E-01
SCF Iteration  81: Energy = 3.8941684296141181 dE = -1.31811E-01
SCF Iteration  82: Energy = 4.0259761618546559 dE =  1.31808E-01
SCF Iteration  83: Energy = 3.8941651783831359 dE = -1.31811E-01
SCF Iteration  84: Energy = 4.0259736009407971 dE =  1.31808E-01
SCF Iteration  85: Energy = 3.8941626121093869 dE = -1.31811E-01
SCF Iteration  86: Energy = 4.0259715795630129 dE =  1.31809E-01
SCF Iteration  87: Energy = 3.8941605864980025 dE = -1.31811E-01
SCF Iteration  88: Energy = 4.0259699840564434 dE =  1.31809E-01
SCF Iteration  89: Energy = 3.8941589876479616 dE = -1.31811E-01
SCF Iteration  90: Energy = 4.0259687247001308 dE =  1.31810E-01
SCF Iteration  91: Energy = 3.8941577256514996 dE = -1.31811E-01
SCF Iteration  92: Energy = 4.0259677306739805 dE =  1.31810E-01
SCF Iteration  93: Energy = 3.8941567295407831 dE = -1.31811E-01
SCF Iteration  94: Energy = 4.0259669460775118 dE =  1.31810E-01
SCF Iteration  95: Energy = 3.8941559432985198 dE = -1.31811E-01
SCF Iteration  96: Energy = 4.0259663267870494 dE =  1.31810E-01
SCF Iteration  97: Energy = 3.8941553227087553 dE = -1.31811E-01
SCF Iteration  98: Energy = 4.0259658379748249 dE =  1.31811E-01
SCF Iteration  99: Energy = 3.8941548328708446 dE = -1.31811E-01
SCF Iteration 100: Energy = 4.0259654521506683 dE =  1.31811E-01
SCF Iteration 101: Energy = 3.8941544462369935 dE = -1.31811E-01
SCF Iteration 102: Energy = 4.0259651476161391 dE =  1.31811E-01
SCF Iteration 103: Energy = 3.8941541410633103 dE = -1.31811E-01
SCF Iteration 104: Energy = 4.0259649072443411 dE =  1.31811E-01
SCF Iteration 105: Energy = 3.8941539001869900 dE = -1.31811E-01
SCF Iteration 106: Energy = 4.0259647175168221 dE =  1.31811E-01
SCF Iteration 107: Energy = 3.8941537100612296 dE = -1.31811E-01
SCF Iteration 108: Energy = 4.0259645677633076 dE =  1.31811E-01
SCF Iteration 109: Energy = 3.8941535599933594 dE = -1.31811E-01
SCF Iteration 110: Energy = 4.0259644495616200 dE =  1.31811E-01
SCF Iteration 111: Energy = 3.8941534415435450 dE = -1.31811E-01
SCF Iteration 112: Energy = 4.0259643562640628 dE =  1.31811E-01
SCF Iteration 113: Energy = 3.8941533480501307 dE = -1.31811E-01
SCF Iteration 114: Energy = 4.0259642826235540 dE =  1.31811E-01
SCF Iteration 115: Energy = 3.8941532742550433 dE = -1.31811E-01
SCF Iteration 116: Energy = 4.0259642244985212 dE =  1.31811E-01
SCF Iteration 117: Energy = 3.8941532160079686 dE = -1.31811E-01
SCF Iteration 118: Energy = 4.0259641786199705 dE =  1.31811E-01
SCF Iteration 119: Energy = 3.8941531700331051 dE = -1.31811E-01
SCF Iteration 120: Energy = 4.0259641424076618 dE =  1.31811E-01
SCF Iteration 121: Energy = 3.8941531337447799 dE = -1.31811E-01
SCF Iteration 122: Energy = 4.0259641138250108 dE =  1.31811E-01
SCF Iteration 123: Energy = 3.8941531051021143 dE = -1.31811E-01
SCF Iteration 124: Energy = 4.0259640912644965 dE =  1.31811E-01
SCF Iteration 125: Energy = 3.8941530824942450 dE = -1.31811E-01
SCF Iteration 126: Energy = 4.0259640734573061 dE =  1.31811E-01
SCF Iteration 127: Energy = 3.8941530646496805 dE = -1.31811E-01
SCF Iteration 128: Energy = 4.0259640594019581 dE =  1.31811E-01
SCF Iteration 129: Energy = 3.8941530505648272 dE = -1.31811E-01
SCF Iteration 130: Energy = 4.0259640483079675 dE =  1.31811E-01
SCF Iteration 131: Energy = 3.8941530394475299 dE = -1.31811E-01
SCF Iteration 132: Energy = 4.0259640395513889 dE =  1.31811E-01
SCF Iteration 133: Energy = 3.8941530306725696 dE = -1.31811E-01
SCF Iteration 134: Energy = 4.0259640326397532 dE =  1.31811E-01
SCF Iteration 135: Energy = 3.8941530237464259 dE = -1.31811E-01
SCF Iteration 136: Energy = 4.0259640271843420 dE =  1.31811E-01
SCF Iteration 137: Energy = 3.8941530182795674 dE = -1.31811E-01
SCF Iteration 138: Energy = 4.0259640228783455 dE =  1.31811E-01
SCF Iteration 139: Energy = 3.8941530139645240 dE = -1.31811E-01
SCF Iteration 140: Energy = 4.0259640194795860 dE =  1.31811E-01
SCF Iteration 141: Energy = 3.8941530105586324 dE = -1.31811E-01
SCF Iteration 142: Energy = 4.0259640167969239 dE =  1.31811E-01
SCF Iteration 143: Energy = 3.8941530078703295 dE = -1.31811E-01
SCF Iteration 144: Energy = 4.0259640146794737 dE =  1.31811E-01
SCF Iteration 145: Energy = 3.8941530057484406 dE = -1.31811E-01
SCF Iteration 146: Energy = 4.0259640130081573 dE =  1.31811E-01
SCF Iteration 147: Energy = 3.8941530040736181 dE = -1.31811E-01
SCF Iteration 148: Energy = 4.0259640116889761 dE =  1.31811E-01
SCF Iteration 149: Energy = 3.8941530027516591 dE = -1.31811E-01
SCF Iteration 150: Energy = 4.0259640106477370 dE =  1.31811E-01
SCF Iteration 151: Energy = 3.8941530017082338 dE = -1.31811E-01
SCF Iteration 152: Energy = 4.0259640098258771 dE =  1.31811E-01
SCF Iteration 153: Energy = 3.8941530008846570 dE = -1.31811E-01
SCF Iteration 154: Energy = 4.0259640091771782 dE =  1.31811E-01
SCF Iteration 155: Energy = 3.8941530002345868 dE = -1.31811E-01
SCF Iteration 156: Energy = 4.0259640086651505 dE =  1.31811E-01
SCF Iteration 157: Energy = 3.8941529997214888 dE = -1.31811E-01
SCF Iteration 158: Energy = 4.0259640082610071 dE =  1.31811E-01
SCF Iteration 159: Energy = 3.8941529993164945 dE = -1.31811E-01
SCF Iteration 160: Energy = 4.0259640079420160 dE =  1.31811E-01
SCF Iteration 161: Energy = 3.8941529989968293 dE = -1.31811E-01
SCF Iteration 162: Energy = 4.0259640076902281 dE =  1.31811E-01
SCF Iteration 163: Energy = 3.8941529987445205 dE = -1.31811E-01
SCF Iteration 164: Energy = 4.0259640074914973 dE =  1.31811E-01
SCF Iteration 165: Energy = 3.8941529985453678 dE = -1.31811E-01
SCF Iteration 166: Energy = 4.0259640073346254 dE =  1.31811E-01
SCF Iteration 167: Energy = 3.8941529983881700 dE = -1.31811E-01
SCF Iteration 168: Energy = 4.0259640072108072 dE =  1.31811E-01
SCF Iteration 169: Energy = 3.8941529982640861 dE = -1.31811E-01
SCF Iteration 170: Energy = 4.0259640071130862 dE =  1.31811E-01
SCF Iteration 171: Energy = 3.8941529981661658 dE = -1.31811E-01
SCF Iteration 172: Energy = 4.0259640070359470 dE =  1.31811E-01
SCF Iteration 173: Energy = 3.8941529980888698 dE = -1.31811E-01
SCF Iteration 174: Energy = 4.0259640069750615 dE =  1.31811E-01
SCF Iteration 175: Energy = 3.8941529980278569 dE = -1.31811E-01
SCF Iteration 176: Energy = 4.0259640069269995 dE =  1.31811E-01
SCF Iteration 177: Energy = 3.8941529979796803 dE = -1.31811E-01
SCF Iteration 178: Energy = 4.0259640068890699 dE =  1.31811E-01
SCF Iteration 179: Energy = 3.8941529979416796 dE = -1.31811E-01
SCF Iteration 180: Energy = 4.0259640068591338 dE =  1.31811E-01
SCF Iteration 181: Energy = 3.8941529979116787 dE = -1.31811E-01
SCF Iteration 182: Energy = 4.0259640068355003 dE =  1.31811E-01
SCF Iteration 183: Energy = 3.8941529978879936 dE = -1.31811E-01
SCF Iteration 184: Energy = 4.0259640068168467 dE =  1.31811E-01
SCF Iteration 185: Energy = 3.8941529978693037 dE = -1.31811E-01
SCF Iteration 186: Energy = 4.0259640068021296 dE =  1.31811E-01
SCF Iteration 187: Energy = 3.8941529978545528 dE = -1.31811E-01
SCF Iteration 188: Energy = 4.0259640067905043 dE =  1.31811E-01
SCF Iteration 189: Energy = 3.8941529978429061 dE = -1.31811E-01
SCF Iteration 190: Energy = 4.0259640067813383 dE =  1.31811E-01
SCF Iteration 191: Energy = 3.8941529978337255 dE = -1.31811E-01
SCF Iteration 192: Energy = 4.0259640067740987 dE =  1.31811E-01
SCF Iteration 193: Energy = 3.8941529978264651 dE = -1.31811E-01
SCF Iteration 194: Energy = 4.0259640067683868 dE =  1.31811E-01
SCF Iteration 195: Energy = 3.8941529978207443 dE = -1.31811E-01
SCF Iteration 196: Energy = 4.0259640067638767 dE =  1.31811E-01
SCF Iteration 197: Energy = 3.8941529978162208 dE = -1.31811E-01
SCF Iteration 198: Energy = 4.0259640067603160 dE =  1.31811E-01
SCF Iteration 199: Energy = 3.8941529978126566 dE = -1.31811E-01
SCF Iteration 200: Energy = 4.0259640067575111 dE =  1.31811E-01
SCF Iteration 201: Energy = 3.8941529978098437 dE = -1.31811E-01
SCF Iteration 202: Energy = 4.0259640067552880 dE =  1.31811E-01
SCF Iteration 203: Energy = 3.8941529978076170 dE = -1.31811E-01
SCF Iteration 204: Energy = 4.0259640067535365 dE =  1.31811E-01
SCF Iteration 205: Energy = 3.8941529978058629 dE = -1.31811E-01
SCF Iteration 206: Energy = 4.0259640067521527 dE =  1.31811E-01
SCF Iteration 207: Energy = 3.8941529978044791 dE = -1.31811E-01
SCF Iteration 208: Energy = 4.0259640067510674 dE =  1.31811E-01
SCF Iteration 209: Energy = 3.8941529978033915 dE = -1.31811E-01
SCF Iteration 210: Energy = 4.0259640067502040 dE =  1.31811E-01
SCF Iteration 211: Energy = 3.8941529978025153 dE = -1.31811E-01
SCF Iteration 212: Energy = 4.0259640067495157 dE =  1.31811E-01
SCF Iteration 213: Energy = 3.8941529978018341 dE = -1.31811E-01
SCF Iteration 214: Energy = 4.0259640067489793 dE =  1.31811E-01
SCF Iteration 215: Energy = 3.8941529978012968 dE = -1.31811E-01
SCF Iteration 216: Energy = 4.0259640067485574 dE =  1.31811E-01
SCF Iteration 217: Energy = 3.8941529978008758 dE = -1.31811E-01
SCF Iteration 218: Energy = 4.0259640067482216 dE =  1.31811E-01
SCF Iteration 219: Energy = 3.8941529978005409 dE = -1.31811E-01
SCF Iteration 220: Energy = 4.0259640067479614 dE =  1.31811E-01
SCF Iteration 221: Energy = 3.8941529978002771 dE = -1.31811E-01
SCF Iteration 222: Energy = 4.0259640067477598 dE =  1.31811E-01
SCF Iteration 223: Energy = 3.8941529978000791 dE = -1.31811E-01
SCF Iteration 224: Energy = 4.0259640067475901 dE =  1.31811E-01
SCF Iteration 225: Energy = 3.8941529977999085 dE = -1.31811E-01
SCF Iteration 226: Energy = 4.0259640067474614 dE =  1.31811E-01
SCF Iteration 227: Energy = 3.8941529977997740 dE = -1.31811E-01
SCF Iteration 228: Energy = 4.0259640067473628 dE =  1.31811E-01
SCF Iteration 229: Energy = 3.8941529977996732 dE = -1.31811E-01
SCF Iteration 230: Energy = 4.0259640067472722 dE =  1.31811E-01
SCF Iteration 231: Energy = 3.8941529977995852 dE = -1.31811E-01
SCF Iteration 232: Energy = 4.0259640067472109 dE =  1.31811E-01
SCF Iteration 233: Energy = 3.8941529977995200 dE = -1.31811E-01
SCF Iteration 234: Energy = 4.0259640067471567 dE =  1.31811E-01
SCF Iteration 235: Energy = 3.8941529977994747 dE = -1.31811E-01
SCF Iteration 236: Energy = 4.0259640067471238 dE =  1.31811E-01
SCF Iteration 237: Energy = 3.8941529977994334 dE = -1.31811E-01
SCF Iteration 238: Energy = 4.0259640067470830 dE =  1.31811E-01
SCF Iteration 239: Energy = 3.8941529977994032 dE = -1.31811E-01
SCF Iteration 240: Energy = 4.0259640067470643 dE =  1.31811E-01
SCF Iteration 241: Energy = 3.8941529977993805 dE = -1.31811E-01
SCF Iteration 242: Energy = 4.0259640067470457 dE =  1.31811E-01
SCF Iteration 243: Energy = 3.8941529977993530 dE = -1.31811E-01
SCF Iteration 244: Energy = 4.0259640067470270 dE =  1.31811E-01
SCF Iteration 245: Energy = 3.8941529977993410 dE = -1.31811E-01
SCF Iteration 246: Energy = 4.0259640067470155 dE =  1.31811E-01
SCF Iteration 247: Energy = 3.8941529977993277 dE = -1.31811E-01
SCF Iteration 248: Energy = 4.0259640067470075 dE =  1.31811E-01
SCF Iteration 249: Energy = 3.8941529977993223 dE = -1.31811E-01
SCF Iteration 250: Energy = 4.0259640067469995 dE =  1.31811E-01
SCF Iteration 251: Energy = 3.8941529977993135 dE = -1.31811E-01
SCF Iteration 252: Energy = 4.0259640067469933 dE =  1.31811E-01
SCF Iteration 253: Energy = 3.8941529977993063 dE = -1.31811E-01
SCF Iteration 254: Energy = 4.0259640067469826 dE =  1.31811E-01
SCF Iteration 255: Energy = 3.8941529977992988 dE = -1.31811E-01
SCF Iteration 256: Energy = 4.0259640067469880 dE =  1.31811E-01
SCF Iteration 257: Energy = 3.8941529977993019 dE = -1.31811E-01
SCF Iteration 258: Energy = 4.0259640067469871 dE =  1.31811E-01
SCF Iteration 259: Energy = 3.8941529977992997 dE = -1.31811E-01
SCF Iteration 260: Energy = 4.0259640067469791 dE =  1.31811E-01
SCF Iteration 261: Energy = 3.8941529977992921 dE = -1.31811E-01
SCF Iteration 262: Energy = 4.0259640067469835 dE =  1.31811E-01
SCF Iteration 263: Energy = 3.8941529977992921 dE = -1.31811E-01
SCF Iteration 264: Energy = 4.0259640067469835 dE =  1.31811E-01
SCF Iteration 265: Energy = 3.8941529977992868 dE = -1.31811E-01
SCF Iteration 266: Energy = 4.0259640067469800 dE =  1.31811E-01
SCF Iteration 267: Energy = 3.8941529977992881 dE = -1.31811E-01
SCF Iteration 268: Energy = 4.0259640067469684 dE =  1.31811E-01
SCF Iteration 269: Energy = 3.8941529977992877 dE = -1.31811E-01
SCF Iteration 270: Energy = 4.0259640067469737 dE =  1.31811E-01
SCF Iteration 271: Energy = 3.8941529977992868 dE = -1.31811E-01
SCF Iteration 272: Energy = 4.0259640067469693 dE =  1.31811E-01
SCF Iteration 273: Energy = 3.8941529977992868 dE = -1.31811E-01
SCF Iteration 274: Energy = 4.0259640067469729 dE =  1.31811E-01
SCF Iteration 275: Energy = 3.8941529977992837 dE = -1.31811E-01
SCF Iteration 276: Energy = 4.0259640067469693 dE =  1.31811E-01
SCF Iteration 277: Energy = 3.8941529977992841 dE = -1.31811E-01
SCF Iteration 278: Energy = 4.0259640067469773 dE =  1.31811E-01
SCF Iteration 279: Energy = 3.8941529977992797 dE = -1.31811E-01
SCF Iteration 280: Energy = 4.0259640067469746 dE =  1.31811E-01
SCF Iteration 281: Energy = 3.8941529977992859 dE = -1.31811E-01
SCF Iteration 282: Energy = 4.0259640067469684 dE =  1.31811E-01
SCF Iteration 283: Energy = 3.8941529977992868 dE = -1.31811E-01
SCF Iteration 284: Energy = 4.0259640067469684 dE =  1.31811E-01
SCF Iteration 285: Energy = 3.8941529977992864 dE = -1.31811E-01
SCF Iteration 286: Energy = 4.0259640067469808 dE =  1.31811E-01
SCF Iteration 287: Energy = 3.8941529977992864 dE = -1.31811E-01
SCF Iteration 288: Energy = 4.0259640067469720 dE =  1.31811E-01
SCF Iteration 289: Energy = 3.8941529977992806 dE = -1.31811E-01
SCF Iteration 290: Energy = 4.0259640067469649 dE =  1.31811E-01
SCF Iteration 291: Energy = 3.8941529977992757 dE = -1.31811E-01
SCF Iteration 292: Energy = 4.0259640067469631 dE =  1.31811E-01
SCF Iteration 293: Energy = 3.8941529977992895 dE = -1.31811E-01
SCF Iteration 294: Energy = 4.0259640067469720 dE =  1.31811E-01
SCF Iteration 295: Energy = 3.8941529977992895 dE = -1.31811E-01
SCF Iteration 296: Energy = 4.0259640067469649 dE =  1.31811E-01
SCF Iteration 297: Energy = 3.8941529977992864 dE = -1.31811E-01
SCF Iteration 298: Energy = 4.0259640067469666 dE =  1.31811E-01
SCF Iteration 299: Energy = 3.8941529977992775 dE = -1.31811E-01
SCF Iteration 300: Energy = 4.0259640067469666 dE =  1.31811E-01
SCF Iteration 301: Energy = 3.8941529977992806 dE = -1.31811E-01
SCF Iteration 302: Energy = 4.0259640067469666 dE =  1.31811E-01
SCF Iteration 303: Energy = 3.8941529977992819 dE = -1.31811E-01
SCF Iteration 304: Energy = 4.0259640067469702 dE =  1.31811E-01
SCF Iteration 305: Energy = 3.8941529977992824 dE = -1.31811E-01
SCF Iteration 306: Energy = 4.0259640067469684 dE =  1.31811E-01
SCF Iteration 307: Energy = 3.8941529977992801 dE = -1.31811E-01
SCF Iteration 308: Energy = 4.0259640067469675 dE =  1.31811E-01
SCF Iteration 309: Energy = 3.8941529977992864 dE = -1.31811E-01
SCF Iteration 310: Energy = 4.0259640067469729 dE =  1.31811E-01
SCF Iteration 311: Energy = 3.8941529977992881 dE = -1.31811E-01
SCF Iteration 312: Energy = 4.0259640067469702 dE =  1.31811E-01
SCF Iteration 313: Energy = 3.8941529977992895 dE = -1.31811E-01
SCF Iteration 314: Energy = 4.0259640067469684 dE =  1.31811E-01
SCF Iteration 315: Energy = 3.8941529977992810 dE = -1.31811E-01
SCF Iteration 316: Energy = 4.0259640067469684 dE =  1.31811E-01
SCF Iteration 317: Energy = 3.8941529977992762 dE = -1.31811E-01
SCF Iteration 318: Energy = 4.0259640067469560 dE =  1.31811E-01
SCF Iteration 319: Energy = 3.8941529977992788 dE = -1.31811E-01
SCF Iteration 320: Energy = 4.0259640067469675 dE =  1.31811E-01
SCF Iteration 321: Energy = 3.8941529977992837 dE = -1.31811E-01
SCF Iteration 322: Energy = 4.0259640067469684 dE =  1.31811E-01
SCF Iteration 323: Energy = 3.8941529977992886 dE = -1.31811E-01
SCF Iteration 324: Energy = 4.0259640067469729 dE =  1.31811E-01
SCF Iteration 325: Energy = 3.8941529977992904 dE = -1.31811E-01
SCF Iteration 326: Energy = 4.0259640067469764 dE =  1.31811E-01
SCF Iteration 327: Energy = 3.8941529977992886 dE = -1.31811E-01
SCF Iteration 328: Energy = 4.0259640067469773 dE =  1.31811E-01
SCF Iteration 329: Energy = 3.8941529977992886 dE = -1.31811E-01
SCF Iteration 330: Energy = 4.0259640067469791 dE =  1.31811E-01
SCF Iteration 331: Energy = 3.8941529977992841 dE = -1.31811E-01
SCF Iteration 332: Energy = 4.0259640067469622 dE =  1.31811E-01
SCF Iteration 333: Energy = 3.8941529977992797 dE = -1.31811E-01
SCF Iteration 334: Energy = 4.0259640067469720 dE =  1.31811E-01
SCF Iteration 335: Energy = 3.8941529977992819 dE = -1.31811E-01
SCF Iteration 336: Energy = 4.0259640067469622 dE =  1.31811E-01
SCF Iteration 337: Energy = 3.8941529977992793 dE = -1.31811E-01
SCF Iteration 338: Energy = 4.0259640067469684 dE =  1.31811E-01
SCF Iteration 339: Energy = 3.8941529977992770 dE = -1.31811E-01
SCF Iteration 340: Energy = 4.0259640067469666 dE =  1.31811E-01
SCF Iteration 341: Energy = 3.8941529977992890 dE = -1.31811E-01
SCF Iteration 342: Energy = 4.0259640067469666 dE =  1.31811E-01
SCF Iteration 343: Energy = 3.8941529977992806 dE = -1.31811E-01
SCF Iteration 344: Energy = 4.0259640067469666 dE =  1.31811E-01
SCF Iteration 345: Energy = 3.8941529977992779 dE = -1.31811E-01
SCF Iteration 346: Energy = 4.0259640067469720 dE =  1.31811E-01
SCF Iteration 347: Energy = 3.8941529977992868 dE = -1.31811E-01
SCF Iteration 348: Energy = 4.0259640067469737 dE =  1.31811E-01
SCF Iteration 349: Energy = 3.8941529977992841 dE = -1.31811E-01
SCF Iteration 350: Energy = 4.0259640067469613 dE =  1.31811E-01
SCF Iteration 351: Energy = 3.8941529977992859 dE = -1.31811E-01
SCF Iteration 352: Energy = 4.0259640067469737 dE =  1.31811E-01
SCF Iteration 353: Energy = 3.8941529977992881 dE = -1.31811E-01
SCF Iteration 354: Energy = 4.0259640067469702 dE =  1.31811E-01
SCF Iteration 355: Energy = 3.8941529977992837 dE = -1.31811E-01
SCF Iteration 356: Energy = 4.0259640067469675 dE =  1.31811E-01
SCF Iteration 357: Energy = 3.8941529977992801 dE = -1.31811E-01
SCF Iteration 358: Energy = 4.0259640067469631 dE =  1.31811E-01
SCF Iteration 359: Energy = 3.8941529977992770 dE = -1.31811E-01
SCF Iteration 360: Energy = 4.0259640067469684 dE =  1.31811E-01
SCF Iteration 361: Energy = 3.8941529977992819 dE = -1.31811E-01
SCF Iteration 362: Energy = 4.0259640067469675 dE =  1.31811E-01
SCF Iteration 363: Energy = 3.8941529977992748 dE = -1.31811E-01
SCF Iteration 364: Energy = 4.0259640067469622 dE =  1.31811E-01
SCF Iteration 365: Energy = 3.8941529977992748 dE = -1.31811E-01
SCF Iteration 366: Energy = 4.0259640067469684 dE =  1.31811E-01
SCF Iteration 367: Energy = 3.8941529977992806 dE = -1.31811E-01
SCF Iteration 368: Energy = 4.0259640067469658 dE =  1.31811E-01
SCF Iteration 369: Energy = 3.8941529977992859 dE = -1.31811E-01
SCF Iteration 370: Energy = 4.0259640067469737 dE =  1.31811E-01
SCF Iteration 371: Energy = 3.8941529977992841 dE = -1.31811E-01
SCF Iteration 372: Energy = 4.0259640067469640 dE =  1.31811E-01
SCF Iteration 373: Energy = 3.8941529977992868 dE = -1.31811E-01
SCF Iteration 374: Energy = 4.0259640067469746 dE =  1.31811E-01
SCF Iteration 375: Energy = 3.8941529977992841 dE = -1.31811E-01
SCF Iteration 376: Energy = 4.0259640067469711 dE =  1.31811E-01
SCF Iteration 377: Energy = 3.8941529977992912 dE = -1.31811E-01
SCF Iteration 378: Energy = 4.0259640067469782 dE =  1.31811E-01
SCF Iteration 379: Energy = 3.8941529977992873 dE = -1.31811E-01
SCF Iteration 380: Energy = 4.0259640067469649 dE =  1.31811E-01
SCF Iteration 381: Energy = 3.8941529977992855 dE = -1.31811E-01
SCF Iteration 382: Energy = 4.0259640067469702 dE =  1.31811E-01
SCF Iteration 383: Energy = 3.8941529977992841 dE = -1.31811E-01
SCF Iteration 384: Energy = 4.0259640067469729 dE =  1.31811E-01
SCF Iteration 385: Energy = 3.8941529977992868 dE = -1.31811E-01
SCF Iteration 386: Energy = 4.0259640067469711 dE =  1.31811E-01
SCF Iteration 387: Energy = 3.8941529977992859 dE = -1.31811E-01
SCF Iteration 388: Energy = 4.0259640067469613 dE =  1.31811E-01
SCF Iteration 389: Energy = 3.8941529977992739 dE = -1.31811E-01
SCF Iteration 390: Energy = 4.0259640067469729 dE =  1.31811E-01
SCF Iteration 391: Energy = 3.8941529977992939 dE = -1.31811E-01
SCF Iteration 392: Energy = 4.0259640067469711 dE =  1.31811E-01
SCF Iteration 393: Energy = 3.8941529977992855 dE = -1.31811E-01
SCF Iteration 394: Energy = 4.0259640067469675 dE =  1.31811E-01
SCF Iteration 395: Energy = 3.8941529977992841 dE = -1.31811E-01
SCF Iteration 396: Energy = 4.0259640067469693 dE =  1.31811E-01
SCF Iteration 397: Energy = 3.8941529977992850 dE = -1.31811E-01
SCF Iteration 398: Energy = 4.0259640067469737 dE =  1.31811E-01
SCF Iteration 399: Energy = 3.8941529977992939 dE = -1.31811E-01
SCF Iteration 400: Energy = 4.0259640067469764 dE =  1.31811E-01
SCF Iteration 401: Energy = 3.8941529977992859 dE = -1.31811E-01
SCF Iteration 402: Energy = 4.0259640067469702 dE =  1.31811E-01
SCF Iteration 403: Energy = 3.8941529977992797 dE = -1.31811E-01
SCF Iteration 404: Energy = 4.0259640067469720 dE =  1.31811E-01
SCF Iteration 405: Energy = 3.8941529977992806 dE = -1.31811E-01
SCF Iteration 406: Energy = 4.0259640067469782 dE =  1.31811E-01
SCF Iteration 407: Energy = 3.8941529977992886 dE = -1.31811E-01
SCF Iteration 408: Energy = 4.0259640067469764 dE =  1.31811E-01
SCF Iteration 409: Energy = 3.8941529977992841 dE = -1.31811E-01
SCF Iteration 410: Energy = 4.0259640067469684 dE =  1.31811E-01
SCF Iteration 411: Energy = 3.8941529977992788 dE = -1.31811E-01
SCF Iteration 412: Energy = 4.0259640067469640 dE =  1.31811E-01
SCF Iteration 413: Energy = 3.8941529977992744 dE = -1.31811E-01
SCF Iteration 414: Energy = 4.0259640067469640 dE =  1.31811E-01
SCF Iteration 415: Energy = 3.8941529977992726 dE = -1.31811E-01
SCF Iteration 416: Energy = 4.0259640067469675 dE =  1.31811E-01
SCF Iteration 417: Energy = 3.8941529977992850 dE = -1.31811E-01
SCF Iteration 418: Energy = 4.0259640067469666 dE =  1.31811E-01
SCF Iteration 419: Energy = 3.8941529977992708 dE = -1.31811E-01
SCF Iteration 420: Energy = 4.0259640067469631 dE =  1.31811E-01
SCF Iteration 421: Energy = 3.8941529977992762 dE = -1.31811E-01
SCF Iteration 422: Energy = 4.0259640067469631 dE =  1.31811E-01
SCF Iteration 423: Energy = 3.8941529977992779 dE = -1.31811E-01
SCF Iteration 424: Energy = 4.0259640067469640 dE =  1.31811E-01
SCF Iteration 425: Energy = 3.8941529977992797 dE = -1.31811E-01
SCF Iteration 426: Energy = 4.0259640067469702 dE =  1.31811E-01
SCF Iteration 427: Energy = 3.8941529977992877 dE = -1.31811E-01
SCF Iteration 428: Energy = 4.0259640067469675 dE =  1.31811E-01
SCF Iteration 429: Energy = 3.8941529977992797 dE = -1.31811E-01
SCF Iteration 430: Energy = 4.0259640067469666 dE =  1.31811E-01
SCF Iteration 431: Energy = 3.8941529977992877 dE = -1.31811E-01
SCF Iteration 432: Energy = 4.0259640067469782 dE =  1.31811E-01
SCF Iteration 433: Energy = 3.8941529977992886 dE = -1.31811E-01
SCF Iteration 434: Energy = 4.0259640067469702 dE =  1.31811E-01
SCF Iteration 435: Energy = 3.8941529977992806 dE = -1.31811E-01
SCF Iteration 436: Energy = 4.0259640067469649 dE =  1.31811E-01
SCF Iteration 437: Energy = 3.8941529977992952 dE = -1.31811E-01
SCF Iteration 438: Energy = 4.0259640067469764 dE =  1.31811E-01
SCF Iteration 439: Energy = 3.8941529977992850 dE = -1.31811E-01
SCF Iteration 440: Energy = 4.0259640067469755 dE =  1.31811E-01
SCF Iteration 441: Energy = 3.8941529977992908 dE = -1.31811E-01
SCF Iteration 442: Energy = 4.0259640067469658 dE =  1.31811E-01
SCF Iteration 443: Energy = 3.8941529977992824 dE = -1.31811E-01
SCF Iteration 444: Energy = 4.0259640067469737 dE =  1.31811E-01
SCF Iteration 445: Energy = 3.8941529977992868 dE = -1.31811E-01
SCF Iteration 446: Energy = 4.0259640067469729 dE =  1.31811E-01
SCF Iteration 447: Energy = 3.8941529977992881 dE = -1.31811E-01
SCF Iteration 448: Energy = 4.0259640067469791 dE =  1.31811E-01
SCF Iteration 449: Energy = 3.8941529977992930 dE = -1.31811E-01
SCF Iteration 450: Energy = 4.0259640067469773 dE =  1.31811E-01
SCF Iteration 451: Energy = 3.8941529977992921 dE = -1.31811E-01
SCF Iteration 452: Energy = 4.0259640067469746 dE =  1.31811E-01
SCF Iteration 453: Energy = 3.8941529977992970 dE = -1.31811E-01
SCF Iteration 454: Energy = 4.0259640067469737 dE =  1.31811E-01
SCF Iteration 455: Energy = 3.8941529977992886 dE = -1.31811E-01
SCF Iteration 456: Energy = 4.0259640067469800 dE =  1.31811E-01
SCF Iteration 457: Energy = 3.8941529977992877 dE = -1.31811E-01
SCF Iteration 458: Energy = 4.0259640067469666 dE =  1.31811E-01
SCF Iteration 459: Energy = 3.8941529977992833 dE = -1.31811E-01
SCF Iteration 460: Energy = 4.0259640067469675 dE =  1.31811E-01
SCF Iteration 461: Energy = 3.8941529977992766 dE = -1.31811E-01
SCF Iteration 462: Energy = 4.0259640067469684 dE =  1.31811E-01
SCF Iteration 463: Energy = 3.8941529977992895 dE = -1.31811E-01
SCF Iteration 464: Energy = 4.0259640067469711 dE =  1.31811E-01
SCF Iteration 465: Energy = 3.8941529977992850 dE = -1.31811E-01
SCF Iteration 466: Energy = 4.0259640067469675 dE =  1.31811E-01
SCF Iteration 467: Energy = 3.8941529977992855 dE = -1.31811E-01
SCF Iteration 468: Energy = 4.0259640067469729 dE =  1.31811E-01
SCF Iteration 469: Energy = 3.8941529977992855 dE = -1.31811E-01
SCF Iteration 470: Energy = 4.0259640067469666 dE =  1.31811E-01
SCF Iteration 471: Energy = 3.8941529977992833 dE = -1.31811E-01
SCF Iteration 472: Energy = 4.0259640067469649 dE =  1.31811E-01
SCF Iteration 473: Energy = 3.8941529977992833 dE = -1.31811E-01
SCF Iteration 474: Energy = 4.0259640067469684 dE =  1.31811E-01
SCF Iteration 475: Energy = 3.8941529977992770 dE = -1.31811E-01
SCF Iteration 476: Energy = 4.0259640067469613 dE =  1.31811E-01
SCF Iteration 477: Energy = 3.8941529977992824 dE = -1.31811E-01
SCF Iteration 478: Energy = 4.0259640067469720 dE =  1.31811E-01
SCF Iteration 479: Energy = 3.8941529977992859 dE = -1.31811E-01
SCF Iteration 480: Energy = 4.0259640067469791 dE =  1.31811E-01
SCF Iteration 481: Energy = 3.8941529977992944 dE = -1.31811E-01
SCF Iteration 482: Energy = 4.0259640067469737 dE =  1.31811E-01
SCF Iteration 483: Energy = 3.8941529977992948 dE = -1.31811E-01
SCF Iteration 484: Energy = 4.0259640067469755 dE =  1.31811E-01
SCF Iteration 485: Energy = 3.8941529977992926 dE = -1.31811E-01
SCF Iteration 486: Energy = 4.0259640067469622 dE =  1.31811E-01
SCF Iteration 487: Energy = 3.8941529977992806 dE = -1.31811E-01
SCF Iteration 488: Energy = 4.0259640067469737 dE =  1.31811E-01
SCF Iteration 489: Energy = 3.8941529977992806 dE = -1.31811E-01
SCF Iteration 490: Energy = 4.0259640067469702 dE =  1.31811E-01
SCF Iteration 491: Energy = 3.8941529977992833 dE = -1.31811E-01
SCF Iteration 492: Energy = 4.0259640067469675 dE =  1.31811E-01
SCF Iteration 493: Energy = 3.8941529977992797 dE = -1.31811E-01
SCF Iteration 494: Energy = 4.0259640067469658 dE =  1.31811E-01
SCF Iteration 495: Energy = 3.8941529977992846 dE = -1.31811E-01
SCF Iteration 496: Energy = 4.0259640067469604 dE =  1.31811E-01
SCF Iteration 497: Energy = 3.8941529977992695 dE = -1.31811E-01
SCF Iteration 498: Energy = 4.0259640067469569 dE =  1.31811E-01
SCF Iteration 499: Energy = 3.8941529977992690 dE = -1.31811E-01
SCF Iteration 500: Energy = 4.0259640067469595 dE =  1.31811E-01
