
  Memory set to  55.879 GiB by Python driver.
  Threads set to 1 by Python driver.
Settings:
	LOT = CCSD-S2-U22
	wc = 20.0 eV
	lambda = [0.969939 0.       0.      ] a.u.
	Equivalent A0 = LAMBDA / sqrt(2 wc) = [0.8 0.  0. ])
doing QED-CCSD-Full (or QED-CCSD-22)
Number of occupied orbitals:   1
Number of basis functions:  60
SCF Iteration   1: Energy = 2.3960323683963347 dE =  2.39603E+00
SCF Iteration   2: Energy = 3.0550712237000521 dE =  6.59039E-01
SCF Iteration   3: Energy = 2.5834428650377395 dE = -4.71628E-01
SCF Iteration   4: Energy = 2.9912081682534213 dE =  4.07765E-01
SCF Iteration   5: Energy = 2.6226508778056212 dE = -3.68557E-01
SCF Iteration   6: Energy = 2.9686915434009049 dE =  3.46041E-01
SCF Iteration   7: Energy = 2.6258547085187534 dE = -3.42837E-01
SCF Iteration   8: Energy = 2.9547826444794110 dE =  3.28928E-01
SCF Iteration   9: Energy = 2.6202005310739622 dE = -3.34582E-01
SCF Iteration  10: Energy = 2.9444541797008692 dE =  3.24254E-01
SCF Iteration  11: Energy = 2.6127372142427516 dE = -3.31717E-01
SCF Iteration  12: Energy = 2.9364106294151036 dE =  3.23673E-01
SCF Iteration  13: Energy = 2.6056585955090474 dE = -3.30752E-01
SCF Iteration  14: Energy = 2.9301438361560814 dE =  3.24485E-01
SCF Iteration  15: Energy = 2.5996411584947889 dE = -3.30503E-01
SCF Iteration  16: Energy = 2.9253210623520456 dE =  3.25680E-01
SCF Iteration  17: Energy = 2.5947979245667643 dE = -3.30523E-01
SCF Iteration  18: Energy = 2.9216589597997915 dE =  3.26861E-01
SCF Iteration  19: Energy = 2.5910244736119661 dE = -3.30634E-01
SCF Iteration  20: Energy = 2.9189093771838404 dE =  3.27885E-01
SCF Iteration  21: Energy = 2.5881457417985638 dE = -3.30764E-01
SCF Iteration  22: Energy = 2.9168628668925125 dE =  3.28717E-01
SCF Iteration  23: Energy = 2.5859806377871450 dE = -3.30882E-01
SCF Iteration  24: Energy = 2.9153495550009181 dE =  3.29369E-01
SCF Iteration  25: Energy = 2.5843682699788308 dE = -3.30981E-01
SCF Iteration  26: Energy = 2.9142358843294183 dE =  3.29868E-01
SCF Iteration  27: Energy = 2.5831758652562833 dE = -3.31060E-01
SCF Iteration  28: Energy = 2.9134191916785355 dE =  3.30243E-01
SCF Iteration  29: Energy = 2.5822984037578758 dE = -3.31121E-01
SCF Iteration  30: Energy = 2.9128218174104434 dE =  3.30523E-01
SCF Iteration  31: Energy = 2.5816549957790351 dE = -3.31167E-01
SCF Iteration  32: Energy = 2.9123856812466618 dE =  3.30731E-01
SCF Iteration  33: Energy = 2.5811844192652789 dE = -3.31201E-01
SCF Iteration  34: Energy = 2.9120676970944714 dE =  3.30883E-01
SCF Iteration  35: Energy = 2.5808408868994417 dE = -3.31227E-01
SCF Iteration  36: Energy = 2.9118360872571638 dE =  3.30995E-01
SCF Iteration  37: Energy = 2.5805904374119821 dE = -3.31246E-01
SCF Iteration  38: Energy = 2.9116675121188011 dE =  3.31077E-01
SCF Iteration  39: Energy = 2.5804080278643564 dE = -3.31259E-01
SCF Iteration  40: Energy = 2.9115448811341134 dE =  3.31137E-01
SCF Iteration  41: Energy = 2.5802752683448364 dE = -3.31270E-01
SCF Iteration  42: Energy = 2.9114557069435101 dE =  3.31180E-01
SCF Iteration  43: Energy = 2.5801786947323140 dE = -3.31277E-01
SCF Iteration  44: Energy = 2.9113908799761128 dE =  3.31212E-01
SCF Iteration  45: Energy = 2.5801084704902553 dE = -3.31282E-01
SCF Iteration  46: Energy = 2.9113437624090879 dE =  3.31235E-01
SCF Iteration  47: Energy = 2.5800574204744855 dE = -3.31286E-01
SCF Iteration  48: Energy = 2.9113095215421270 dE =  3.31252E-01
SCF Iteration  49: Energy = 2.5800203167652884 dE = -3.31289E-01
SCF Iteration  50: Energy = 2.9112846410480726 dE =  3.31264E-01
SCF Iteration  51: Energy = 2.5799933533429336 dE = -3.31291E-01
SCF Iteration  52: Energy = 2.9112665635445545 dE =  3.31273E-01
SCF Iteration  53: Energy = 2.5799737610094655 dE = -3.31293E-01
SCF Iteration  54: Energy = 2.9112534296809134 dE =  3.31280E-01
SCF Iteration  55: Energy = 2.5799595258170509 dE = -3.31294E-01
SCF Iteration  56: Energy = 2.9112438879316893 dE =  3.31284E-01
SCF Iteration  57: Energy = 2.5799491835507053 dE = -3.31295E-01
SCF Iteration  58: Energy = 2.9112369560691165 dE =  3.31288E-01
SCF Iteration  59: Energy = 2.5799416699175648 dE = -3.31295E-01
SCF Iteration  60: Energy = 2.9112319203442292 dE =  3.31290E-01
SCF Iteration  61: Energy = 2.5799362114462485 dE = -3.31296E-01
SCF Iteration  62: Energy = 2.9112282621494865 dE =  3.31292E-01
SCF Iteration  63: Energy = 2.5799322460880374 dE = -3.31296E-01
SCF Iteration  64: Energy = 2.9112256046917211 dE =  3.31293E-01
SCF Iteration  65: Energy = 2.5799293654627542 dE = -3.31296E-01
SCF Iteration  66: Energy = 2.9112236742261226 dE =  3.31294E-01
SCF Iteration  67: Energy = 2.5799272728639977 dE = -3.31296E-01
SCF Iteration  68: Energy = 2.9112222718808831 dE =  3.31295E-01
SCF Iteration  69: Energy = 2.5799257527316573 dE = -3.31297E-01
SCF Iteration  70: Energy = 2.9112212531821293 dE =  3.31296E-01
SCF Iteration  71: Energy = 2.5799246484646634 dE = -3.31297E-01
SCF Iteration  72: Energy = 2.9112205131763664 dE =  3.31296E-01
SCF Iteration  73: Energy = 2.5799238462976799 dE = -3.31297E-01
SCF Iteration  74: Energy = 2.9112199756208441 dE =  3.31296E-01
SCF Iteration  75: Energy = 2.5799232635856288 dE = -3.31297E-01
SCF Iteration  76: Energy = 2.9112195851300893 dE =  3.31296E-01
SCF Iteration  77: Energy = 2.5799228402915766 dE = -3.31297E-01
SCF Iteration  78: Energy = 2.9112193014704095 dE =  3.31296E-01
SCF Iteration  79: Energy = 2.5799225328026245 dE = -3.31297E-01
SCF Iteration  80: Energy = 2.9112190954150012 dE =  3.31297E-01
SCF Iteration  81: Energy = 2.5799223094369941 dE = -3.31297E-01
SCF Iteration  82: Energy = 2.9112189457328066 dE =  3.31297E-01
SCF Iteration  83: Energy = 2.5799221471802589 dE = -3.31297E-01
SCF Iteration  84: Energy = 2.9112188370011549 dE =  3.31297E-01
SCF Iteration  85: Energy = 2.5799220293141758 dE = -3.31297E-01
SCF Iteration  86: Energy = 2.9112187580166839 dE =  3.31297E-01
SCF Iteration  87: Energy = 2.5799219436942975 dE = -3.31297E-01
SCF Iteration  88: Energy = 2.9112187006410783 dE =  3.31297E-01
SCF Iteration  89: Energy = 2.5799218814985956 dE = -3.31297E-01
SCF Iteration  90: Energy = 2.9112186589625075 dE =  3.31297E-01
SCF Iteration  91: Energy = 2.5799218363186252 dE = -3.31297E-01
SCF Iteration  92: Energy = 2.9112186286865249 dE =  3.31297E-01
SCF Iteration  93: Energy = 2.5799218034991624 dE = -3.31297E-01
SCF Iteration  94: Energy = 2.9112186066935664 dE =  3.31297E-01
SCF Iteration  95: Energy = 2.5799217796585729 dE = -3.31297E-01
SCF Iteration  96: Energy = 2.9112185907175308 dE =  3.31297E-01
SCF Iteration  97: Energy = 2.5799217623403909 dE = -3.31297E-01
SCF Iteration  98: Energy = 2.9112185791122851 dE =  3.31297E-01
SCF Iteration  99: Energy = 2.5799217497601870 dE = -3.31297E-01
SCF Iteration 100: Energy = 2.9112185706820464 dE =  3.31297E-01
SCF Iteration 101: Energy = 2.5799217406217263 dE = -3.31297E-01
SCF Iteration 102: Energy = 2.9112185645581916 dE =  3.31297E-01
SCF Iteration 103: Energy = 2.5799217339834080 dE = -3.31297E-01
SCF Iteration 104: Energy = 2.9112185601097278 dE =  3.31297E-01
SCF Iteration 105: Energy = 2.5799217291612218 dE = -3.31297E-01
SCF Iteration 106: Energy = 2.9112185568782927 dE =  3.31297E-01
SCF Iteration 107: Energy = 2.5799217256583207 dE = -3.31297E-01
SCF Iteration 108: Energy = 2.9112185545309246 dE =  3.31297E-01
SCF Iteration 109: Energy = 2.5799217231137481 dE = -3.31297E-01
SCF Iteration 110: Energy = 2.9112185528257544 dE =  3.31297E-01
SCF Iteration 111: Energy = 2.5799217212653280 dE = -3.31297E-01
SCF Iteration 112: Energy = 2.9112185515870976 dE =  3.31297E-01
SCF Iteration 113: Energy = 2.5799217199226190 dE = -3.31297E-01
SCF Iteration 114: Energy = 2.9112185506873227 dE =  3.31297E-01
SCF Iteration 115: Energy = 2.5799217189472432 dE = -3.31297E-01
SCF Iteration 116: Energy = 2.9112185500337047 dE =  3.31297E-01
SCF Iteration 117: Energy = 2.5799217182387197 dE = -3.31297E-01
SCF Iteration 118: Energy = 2.9112185495589085 dE =  3.31297E-01
SCF Iteration 119: Energy = 2.5799217177240350 dE = -3.31297E-01
SCF Iteration 120: Energy = 2.9112185492140150 dE =  3.31297E-01
SCF Iteration 121: Energy = 2.5799217173501612 dE = -3.31297E-01
SCF Iteration 122: Energy = 2.9112185489634657 dE =  3.31297E-01
SCF Iteration 123: Energy = 2.5799217170785655 dE = -3.31297E-01
SCF Iteration 124: Energy = 2.9112185487814708 dE =  3.31297E-01
SCF Iteration 125: Energy = 2.5799217168812780 dE = -3.31297E-01
SCF Iteration 126: Energy = 2.9112185486492619 dE =  3.31297E-01
SCF Iteration 127: Energy = 2.5799217167379691 dE = -3.31297E-01
SCF Iteration 128: Energy = 2.9112185485532320 dE =  3.31297E-01
SCF Iteration 129: Energy = 2.5799217166338639 dE = -3.31297E-01
SCF Iteration 130: Energy = 2.9112185484834665 dE =  3.31297E-01
SCF Iteration 131: Energy = 2.5799217165582400 dE = -3.31297E-01
SCF Iteration 132: Energy = 2.9112185484327924 dE =  3.31297E-01
SCF Iteration 133: Energy = 2.5799217165033141 dE = -3.31297E-01
SCF Iteration 134: Energy = 2.9112185483959836 dE =  3.31297E-01
SCF Iteration 135: Energy = 2.5799217164634065 dE = -3.31297E-01
SCF Iteration 136: Energy = 2.9112185483692405 dE =  3.31297E-01
SCF Iteration 137: Energy = 2.5799217164344226 dE = -3.31297E-01
SCF Iteration 138: Energy = 2.9112185483498121 dE =  3.31297E-01
SCF Iteration 139: Energy = 2.5799217164133599 dE = -3.31297E-01
SCF Iteration 140: Energy = 2.9112185483357038 dE =  3.31297E-01
SCF Iteration 141: Energy = 2.5799217163980694 dE = -3.31297E-01
SCF Iteration 142: Energy = 2.9112185483254578 dE =  3.31297E-01
SCF Iteration 143: Energy = 2.5799217163869601 dE = -3.31297E-01
SCF Iteration 144: Energy = 2.9112185483180135 dE =  3.31297E-01
SCF Iteration 145: Energy = 2.5799217163788821 dE = -3.31297E-01
SCF Iteration 146: Energy = 2.9112185483126036 dE =  3.31297E-01
SCF Iteration 147: Energy = 2.5799217163730268 dE = -3.31297E-01
SCF Iteration 148: Energy = 2.9112185483086690 dE =  3.31297E-01
SCF Iteration 149: Energy = 2.5799217163687596 dE = -3.31297E-01
SCF Iteration 150: Energy = 2.9112185483058095 dE =  3.31297E-01
SCF Iteration 151: Energy = 2.5799217163656669 dE = -3.31297E-01
SCF Iteration 152: Energy = 2.9112185483037445 dE =  3.31297E-01
SCF Iteration 153: Energy = 2.5799217163634180 dE = -3.31297E-01
SCF Iteration 154: Energy = 2.9112185483022373 dE =  3.31297E-01
SCF Iteration 155: Energy = 2.5799217163617865 dE = -3.31297E-01
SCF Iteration 156: Energy = 2.9112185483011381 dE =  3.31297E-01
SCF Iteration 157: Energy = 2.5799217163606034 dE = -3.31297E-01
SCF Iteration 158: Energy = 2.9112185483003508 dE =  3.31297E-01
SCF Iteration 159: Energy = 2.5799217163597419 dE = -3.31297E-01
SCF Iteration 160: Energy = 2.9112185482997743 dE =  3.31297E-01
SCF Iteration 161: Energy = 2.5799217163591193 dE = -3.31297E-01
SCF Iteration 162: Energy = 2.9112185482993587 dE =  3.31297E-01
SCF Iteration 163: Energy = 2.5799217163586663 dE = -3.31297E-01
SCF Iteration 164: Energy = 2.9112185482990540 dE =  3.31297E-01
SCF Iteration 165: Energy = 2.5799217163583399 dE = -3.31297E-01
SCF Iteration 166: Energy = 2.9112185482988342 dE =  3.31297E-01
SCF Iteration 167: Energy = 2.5799217163580974 dE = -3.31297E-01
SCF Iteration 168: Energy = 2.9112185482986708 dE =  3.31297E-01
SCF Iteration 169: Energy = 2.5799217163579184 dE = -3.31297E-01
SCF Iteration 170: Energy = 2.9112185482985553 dE =  3.31297E-01
SCF Iteration 171: Energy = 2.5799217163577950 dE = -3.31297E-01
SCF Iteration 172: Energy = 2.9112185482984616 dE =  3.31297E-01
SCF Iteration 173: Energy = 2.5799217163577026 dE = -3.31297E-01
SCF Iteration 174: Energy = 2.9112185482984048 dE =  3.31297E-01
SCF Iteration 175: Energy = 2.5799217163576280 dE = -3.31297E-01
SCF Iteration 176: Energy = 2.9112185482983541 dE =  3.31297E-01
SCF Iteration 177: Energy = 2.5799217163575738 dE = -3.31297E-01
SCF Iteration 178: Energy = 2.9112185482983266 dE =  3.31297E-01
SCF Iteration 179: Energy = 2.5799217163575441 dE = -3.31297E-01
SCF Iteration 180: Energy = 2.9112185482982986 dE =  3.31297E-01
SCF Iteration 181: Energy = 2.5799217163575214 dE = -3.31297E-01
SCF Iteration 182: Energy = 2.9112185482982866 dE =  3.31297E-01
SCF Iteration 183: Energy = 2.5799217163575046 dE = -3.31297E-01
SCF Iteration 184: Energy = 2.9112185482982742 dE =  3.31297E-01
SCF Iteration 185: Energy = 2.5799217163574877 dE = -3.31297E-01
SCF Iteration 186: Energy = 2.9112185482982609 dE =  3.31297E-01
SCF Iteration 187: Energy = 2.5799217163574752 dE = -3.31297E-01
SCF Iteration 188: Energy = 2.9112185482982538 dE =  3.31297E-01
SCF Iteration 189: Energy = 2.5799217163574673 dE = -3.31297E-01
SCF Iteration 190: Energy = 2.9112185482982476 dE =  3.31297E-01
SCF Iteration 191: Energy = 2.5799217163574619 dE = -3.31297E-01
SCF Iteration 192: Energy = 2.9112185482982493 dE =  3.31297E-01
SCF Iteration 193: Energy = 2.5799217163574584 dE = -3.31297E-01
SCF Iteration 194: Energy = 2.9112185482982449 dE =  3.31297E-01
SCF Iteration 195: Energy = 2.5799217163574593 dE = -3.31297E-01
SCF Iteration 196: Energy = 2.9112185482982413 dE =  3.31297E-01
SCF Iteration 197: Energy = 2.5799217163574530 dE = -3.31297E-01
SCF Iteration 198: Energy = 2.9112185482982373 dE =  3.31297E-01
SCF Iteration 199: Energy = 2.5799217163574584 dE = -3.31297E-01
SCF Iteration 200: Energy = 2.9112185482982360 dE =  3.31297E-01
SCF Iteration 201: Energy = 2.5799217163574557 dE = -3.31297E-01
SCF Iteration 202: Energy = 2.9112185482982413 dE =  3.31297E-01
SCF Iteration 203: Energy = 2.5799217163574508 dE = -3.31297E-01
SCF Iteration 204: Energy = 2.9112185482982342 dE =  3.31297E-01
SCF Iteration 205: Energy = 2.5799217163574513 dE = -3.31297E-01
SCF Iteration 206: Energy = 2.9112185482982351 dE =  3.31297E-01
SCF Iteration 207: Energy = 2.5799217163574473 dE = -3.31297E-01
SCF Iteration 208: Energy = 2.9112185482982356 dE =  3.31297E-01
SCF Iteration 209: Energy = 2.5799217163574504 dE = -3.31297E-01
SCF Iteration 210: Energy = 2.9112185482982378 dE =  3.31297E-01
SCF Iteration 211: Energy = 2.5799217163574522 dE = -3.31297E-01
SCF Iteration 212: Energy = 2.9112185482982338 dE =  3.31297E-01
SCF Iteration 213: Energy = 2.5799217163574486 dE = -3.31297E-01
SCF Iteration 214: Energy = 2.9112185482982396 dE =  3.31297E-01
SCF Iteration 215: Energy = 2.5799217163574522 dE = -3.31297E-01
SCF Iteration 216: Energy = 2.9112185482982360 dE =  3.31297E-01
SCF Iteration 217: Energy = 2.5799217163574499 dE = -3.31297E-01
SCF Iteration 218: Energy = 2.9112185482982378 dE =  3.31297E-01
SCF Iteration 219: Energy = 2.5799217163574490 dE = -3.31297E-01
SCF Iteration 220: Energy = 2.9112185482982356 dE =  3.31297E-01
SCF Iteration 221: Energy = 2.5799217163574486 dE = -3.31297E-01
SCF Iteration 222: Energy = 2.9112185482982360 dE =  3.31297E-01
SCF Iteration 223: Energy = 2.5799217163574486 dE = -3.31297E-01
SCF Iteration 224: Energy = 2.9112185482982311 dE =  3.31297E-01
SCF Iteration 225: Energy = 2.5799217163574446 dE = -3.31297E-01
SCF Iteration 226: Energy = 2.9112185482982369 dE =  3.31297E-01
SCF Iteration 227: Energy = 2.5799217163574504 dE = -3.31297E-01
SCF Iteration 228: Energy = 2.9112185482982342 dE =  3.31297E-01
SCF Iteration 229: Energy = 2.5799217163574379 dE = -3.31297E-01
SCF Iteration 230: Energy = 2.9112185482982316 dE =  3.31297E-01
SCF Iteration 231: Energy = 2.5799217163574495 dE = -3.31297E-01
SCF Iteration 232: Energy = 2.9112185482982360 dE =  3.31297E-01
SCF Iteration 233: Energy = 2.5799217163574482 dE = -3.31297E-01
SCF Iteration 234: Energy = 2.9112185482982360 dE =  3.31297E-01
SCF Iteration 235: Energy = 2.5799217163574553 dE = -3.31297E-01
SCF Iteration 236: Energy = 2.9112185482982378 dE =  3.31297E-01
SCF Iteration 237: Energy = 2.5799217163574495 dE = -3.31297E-01
SCF Iteration 238: Energy = 2.9112185482982325 dE =  3.31297E-01
SCF Iteration 239: Energy = 2.5799217163574495 dE = -3.31297E-01
SCF Iteration 240: Energy = 2.9112185482982409 dE =  3.31297E-01
SCF Iteration 241: Energy = 2.5799217163574548 dE = -3.31297E-01
SCF Iteration 242: Energy = 2.9112185482982404 dE =  3.31297E-01
SCF Iteration 243: Energy = 2.5799217163574584 dE = -3.31297E-01
SCF Iteration 244: Energy = 2.9112185482982422 dE =  3.31297E-01
SCF Iteration 245: Energy = 2.5799217163574619 dE = -3.31297E-01
SCF Iteration 246: Energy = 2.9112185482982440 dE =  3.31297E-01
SCF Iteration 247: Energy = 2.5799217163574548 dE = -3.31297E-01
SCF Iteration 248: Energy = 2.9112185482982378 dE =  3.31297E-01
SCF Iteration 249: Energy = 2.5799217163574522 dE = -3.31297E-01
SCF Iteration 250: Energy = 2.9112185482982387 dE =  3.31297E-01
SCF Iteration 251: Energy = 2.5799217163574606 dE = -3.31297E-01
SCF Iteration 252: Energy = 2.9112185482982387 dE =  3.31297E-01
SCF Iteration 253: Energy = 2.5799217163574557 dE = -3.31297E-01
SCF Iteration 254: Energy = 2.9112185482982431 dE =  3.31297E-01
SCF Iteration 255: Energy = 2.5799217163574508 dE = -3.31297E-01
SCF Iteration 256: Energy = 2.9112185482982360 dE =  3.31297E-01
SCF Iteration 257: Energy = 2.5799217163574548 dE = -3.31297E-01
SCF Iteration 258: Energy = 2.9112185482982360 dE =  3.31297E-01
SCF Iteration 259: Energy = 2.5799217163574504 dE = -3.31297E-01
SCF Iteration 260: Energy = 2.9112185482982369 dE =  3.31297E-01
SCF Iteration 261: Energy = 2.5799217163574504 dE = -3.31297E-01
SCF Iteration 262: Energy = 2.9112185482982369 dE =  3.31297E-01
SCF Iteration 263: Energy = 2.5799217163574539 dE = -3.31297E-01
SCF Iteration 264: Energy = 2.9112185482982409 dE =  3.31297E-01
SCF Iteration 265: Energy = 2.5799217163574539 dE = -3.31297E-01
SCF Iteration 266: Energy = 2.9112185482982360 dE =  3.31297E-01
SCF Iteration 267: Energy = 2.5799217163574544 dE = -3.31297E-01
SCF Iteration 268: Energy = 2.9112185482982431 dE =  3.31297E-01
SCF Iteration 269: Energy = 2.5799217163574570 dE = -3.31297E-01
SCF Iteration 270: Energy = 2.9112185482982413 dE =  3.31297E-01
SCF Iteration 271: Energy = 2.5799217163574570 dE = -3.31297E-01
SCF Iteration 272: Energy = 2.9112185482982396 dE =  3.31297E-01
SCF Iteration 273: Energy = 2.5799217163574508 dE = -3.31297E-01
SCF Iteration 274: Energy = 2.9112185482982351 dE =  3.31297E-01
SCF Iteration 275: Energy = 2.5799217163574490 dE = -3.31297E-01
SCF Iteration 276: Energy = 2.9112185482982378 dE =  3.31297E-01
SCF Iteration 277: Energy = 2.5799217163574495 dE = -3.31297E-01
SCF Iteration 278: Energy = 2.9112185482982338 dE =  3.31297E-01
SCF Iteration 279: Energy = 2.5799217163574513 dE = -3.31297E-01
SCF Iteration 280: Energy = 2.9112185482982387 dE =  3.31297E-01
SCF Iteration 281: Energy = 2.5799217163574557 dE = -3.31297E-01
SCF Iteration 282: Energy = 2.9112185482982404 dE =  3.31297E-01
SCF Iteration 283: Energy = 2.5799217163574522 dE = -3.31297E-01
SCF Iteration 284: Energy = 2.9112185482982378 dE =  3.31297E-01
SCF Iteration 285: Energy = 2.5799217163574504 dE = -3.31297E-01
SCF Iteration 286: Energy = 2.9112185482982413 dE =  3.31297E-01
SCF Iteration 287: Energy = 2.5799217163574548 dE = -3.31297E-01
SCF Iteration 288: Energy = 2.9112185482982404 dE =  3.31297E-01
SCF Iteration 289: Energy = 2.5799217163574593 dE = -3.31297E-01
SCF Iteration 290: Energy = 2.9112185482982431 dE =  3.31297E-01
SCF Iteration 291: Energy = 2.5799217163574615 dE = -3.31297E-01
SCF Iteration 292: Energy = 2.9112185482982404 dE =  3.31297E-01
SCF Iteration 293: Energy = 2.5799217163574566 dE = -3.31297E-01
SCF Iteration 294: Energy = 2.9112185482982378 dE =  3.31297E-01
SCF Iteration 295: Energy = 2.5799217163574473 dE = -3.31297E-01
SCF Iteration 296: Energy = 2.9112185482982365 dE =  3.31297E-01
SCF Iteration 297: Energy = 2.5799217163574593 dE = -3.31297E-01
SCF Iteration 298: Energy = 2.9112185482982476 dE =  3.31297E-01
SCF Iteration 299: Energy = 2.5799217163574575 dE = -3.31297E-01
SCF Iteration 300: Energy = 2.9112185482982427 dE =  3.31297E-01
SCF Iteration 301: Energy = 2.5799217163574562 dE = -3.31297E-01
SCF Iteration 302: Energy = 2.9112185482982458 dE =  3.31297E-01
SCF Iteration 303: Energy = 2.5799217163574588 dE = -3.31297E-01
SCF Iteration 304: Energy = 2.9112185482982409 dE =  3.31297E-01
SCF Iteration 305: Energy = 2.5799217163574588 dE = -3.31297E-01
SCF Iteration 306: Energy = 2.9112185482982440 dE =  3.31297E-01
SCF Iteration 307: Energy = 2.5799217163574570 dE = -3.31297E-01
SCF Iteration 308: Energy = 2.9112185482982413 dE =  3.31297E-01
SCF Iteration 309: Energy = 2.5799217163574553 dE = -3.31297E-01
SCF Iteration 310: Energy = 2.9112185482982493 dE =  3.31297E-01
SCF Iteration 311: Energy = 2.5799217163574579 dE = -3.31297E-01
SCF Iteration 312: Energy = 2.9112185482982422 dE =  3.31297E-01
SCF Iteration 313: Energy = 2.5799217163574548 dE = -3.31297E-01
SCF Iteration 314: Energy = 2.9112185482982458 dE =  3.31297E-01
SCF Iteration 315: Energy = 2.5799217163574522 dE = -3.31297E-01
SCF Iteration 316: Energy = 2.9112185482982413 dE =  3.31297E-01
SCF Iteration 317: Energy = 2.5799217163574513 dE = -3.31297E-01
SCF Iteration 318: Energy = 2.9112185482982369 dE =  3.31297E-01
SCF Iteration 319: Energy = 2.5799217163574464 dE = -3.31297E-01
SCF Iteration 320: Energy = 2.9112185482982316 dE =  3.31297E-01
SCF Iteration 321: Energy = 2.5799217163574490 dE = -3.31297E-01
SCF Iteration 322: Energy = 2.9112185482982382 dE =  3.31297E-01
SCF Iteration 323: Energy = 2.5799217163574508 dE = -3.31297E-01
SCF Iteration 324: Energy = 2.9112185482982444 dE =  3.31297E-01
SCF Iteration 325: Energy = 2.5799217163574566 dE = -3.31297E-01
SCF Iteration 326: Energy = 2.9112185482982422 dE =  3.31297E-01
SCF Iteration 327: Energy = 2.5799217163574610 dE = -3.31297E-01
SCF Iteration 328: Energy = 2.9112185482982431 dE =  3.31297E-01
SCF Iteration 329: Energy = 2.5799217163574530 dE = -3.31297E-01
SCF Iteration 330: Energy = 2.9112185482982418 dE =  3.31297E-01
SCF Iteration 331: Energy = 2.5799217163574619 dE = -3.31297E-01
SCF Iteration 332: Energy = 2.9112185482982422 dE =  3.31297E-01
SCF Iteration 333: Energy = 2.5799217163574495 dE = -3.31297E-01
SCF Iteration 334: Energy = 2.9112185482982365 dE =  3.31297E-01
SCF Iteration 335: Energy = 2.5799217163574535 dE = -3.31297E-01
SCF Iteration 336: Energy = 2.9112185482982382 dE =  3.31297E-01
SCF Iteration 337: Energy = 2.5799217163574588 dE = -3.31297E-01
SCF Iteration 338: Energy = 2.9112185482982418 dE =  3.31297E-01
SCF Iteration 339: Energy = 2.5799217163574544 dE = -3.31297E-01
SCF Iteration 340: Energy = 2.9112185482982369 dE =  3.31297E-01
SCF Iteration 341: Energy = 2.5799217163574535 dE = -3.31297E-01
SCF Iteration 342: Energy = 2.9112185482982409 dE =  3.31297E-01
SCF Iteration 343: Energy = 2.5799217163574659 dE = -3.31297E-01
SCF Iteration 344: Energy = 2.9112185482982440 dE =  3.31297E-01
SCF Iteration 345: Energy = 2.5799217163574650 dE = -3.31297E-01
SCF Iteration 346: Energy = 2.9112185482982480 dE =  3.31297E-01
SCF Iteration 347: Energy = 2.5799217163574597 dE = -3.31297E-01
SCF Iteration 348: Energy = 2.9112185482982440 dE =  3.31297E-01
SCF Iteration 349: Energy = 2.5799217163574606 dE = -3.31297E-01
SCF Iteration 350: Energy = 2.9112185482982440 dE =  3.31297E-01
SCF Iteration 351: Energy = 2.5799217163574597 dE = -3.31297E-01
SCF Iteration 352: Energy = 2.9112185482982378 dE =  3.31297E-01
SCF Iteration 353: Energy = 2.5799217163574557 dE = -3.31297E-01
SCF Iteration 354: Energy = 2.9112185482982365 dE =  3.31297E-01
SCF Iteration 355: Energy = 2.5799217163574588 dE = -3.31297E-01
SCF Iteration 356: Energy = 2.9112185482982471 dE =  3.31297E-01
SCF Iteration 357: Energy = 2.5799217163574606 dE = -3.31297E-01
SCF Iteration 358: Energy = 2.9112185482982329 dE =  3.31297E-01
SCF Iteration 359: Energy = 2.5799217163574526 dE = -3.31297E-01
SCF Iteration 360: Energy = 2.9112185482982338 dE =  3.31297E-01
SCF Iteration 361: Energy = 2.5799217163574513 dE = -3.31297E-01
SCF Iteration 362: Energy = 2.9112185482982436 dE =  3.31297E-01
SCF Iteration 363: Energy = 2.5799217163574575 dE = -3.31297E-01
SCF Iteration 364: Energy = 2.9112185482982409 dE =  3.31297E-01
SCF Iteration 365: Energy = 2.5799217163574508 dE = -3.31297E-01
SCF Iteration 366: Energy = 2.9112185482982396 dE =  3.31297E-01
SCF Iteration 367: Energy = 2.5799217163574641 dE = -3.31297E-01
SCF Iteration 368: Energy = 2.9112185482982382 dE =  3.31297E-01
SCF Iteration 369: Energy = 2.5799217163574522 dE = -3.31297E-01
SCF Iteration 370: Energy = 2.9112185482982387 dE =  3.31297E-01
SCF Iteration 371: Energy = 2.5799217163574473 dE = -3.31297E-01
SCF Iteration 372: Energy = 2.9112185482982369 dE =  3.31297E-01
SCF Iteration 373: Energy = 2.5799217163574522 dE = -3.31297E-01
SCF Iteration 374: Energy = 2.9112185482982373 dE =  3.31297E-01
SCF Iteration 375: Energy = 2.5799217163574562 dE = -3.31297E-01
SCF Iteration 376: Energy = 2.9112185482982360 dE =  3.31297E-01
SCF Iteration 377: Energy = 2.5799217163574504 dE = -3.31297E-01
SCF Iteration 378: Energy = 2.9112185482982400 dE =  3.31297E-01
SCF Iteration 379: Energy = 2.5799217163574513 dE = -3.31297E-01
SCF Iteration 380: Energy = 2.9112185482982365 dE =  3.31297E-01
SCF Iteration 381: Energy = 2.5799217163574495 dE = -3.31297E-01
SCF Iteration 382: Energy = 2.9112185482982418 dE =  3.31297E-01
SCF Iteration 383: Energy = 2.5799217163574597 dE = -3.31297E-01
SCF Iteration 384: Energy = 2.9112185482982431 dE =  3.31297E-01
SCF Iteration 385: Energy = 2.5799217163574570 dE = -3.31297E-01
SCF Iteration 386: Energy = 2.9112185482982391 dE =  3.31297E-01
SCF Iteration 387: Energy = 2.5799217163574508 dE = -3.31297E-01
SCF Iteration 388: Energy = 2.9112185482982427 dE =  3.31297E-01
SCF Iteration 389: Energy = 2.5799217163574566 dE = -3.31297E-01
SCF Iteration 390: Energy = 2.9112185482982329 dE =  3.31297E-01
SCF Iteration 391: Energy = 2.5799217163574504 dE = -3.31297E-01
SCF Iteration 392: Energy = 2.9112185482982396 dE =  3.31297E-01
SCF Iteration 393: Energy = 2.5799217163574539 dE = -3.31297E-01
SCF Iteration 394: Energy = 2.9112185482982320 dE =  3.31297E-01
SCF Iteration 395: Energy = 2.5799217163574513 dE = -3.31297E-01
SCF Iteration 396: Energy = 2.9112185482982342 dE =  3.31297E-01
SCF Iteration 397: Energy = 2.5799217163574477 dE = -3.31297E-01
SCF Iteration 398: Energy = 2.9112185482982280 dE =  3.31297E-01
SCF Iteration 399: Energy = 2.5799217163574419 dE = -3.31297E-01
SCF Iteration 400: Energy = 2.9112185482982293 dE =  3.31297E-01
SCF Iteration 401: Energy = 2.5799217163574402 dE = -3.31297E-01
SCF Iteration 402: Energy = 2.9112185482982258 dE =  3.31297E-01
SCF Iteration 403: Energy = 2.5799217163574428 dE = -3.31297E-01
SCF Iteration 404: Energy = 2.9112185482982231 dE =  3.31297E-01
SCF Iteration 405: Energy = 2.5799217163574406 dE = -3.31297E-01
SCF Iteration 406: Energy = 2.9112185482982125 dE =  3.31297E-01
SCF Iteration 407: Energy = 2.5799217163574300 dE = -3.31297E-01
SCF Iteration 408: Energy = 2.9112185482982098 dE =  3.31297E-01
SCF Iteration 409: Energy = 2.5799217163574251 dE = -3.31297E-01
SCF Iteration 410: Energy = 2.9112185482982040 dE =  3.31297E-01
SCF Iteration 411: Energy = 2.5799217163574171 dE = -3.31297E-01
SCF Iteration 412: Energy = 2.9112185482981956 dE =  3.31297E-01
SCF Iteration 413: Energy = 2.5799217163574140 dE = -3.31297E-01
SCF Iteration 414: Energy = 2.9112185482981916 dE =  3.31297E-01
SCF Iteration 415: Energy = 2.5799217163574069 dE = -3.31297E-01
SCF Iteration 416: Energy = 2.9112185482981756 dE =  3.31297E-01
SCF Iteration 417: Energy = 2.5799217163573958 dE = -3.31297E-01
SCF Iteration 418: Energy = 2.9112185482981694 dE =  3.31297E-01
SCF Iteration 419: Energy = 2.5799217163573851 dE = -3.31297E-01
SCF Iteration 420: Energy = 2.9112185482981596 dE =  3.31297E-01
SCF Iteration 421: Energy = 2.5799217163573767 dE = -3.31297E-01
SCF Iteration 422: Energy = 2.9112185482981467 dE =  3.31297E-01
SCF Iteration 423: Energy = 2.5799217163573633 dE = -3.31297E-01
SCF Iteration 424: Energy = 2.9112185482981294 dE =  3.31297E-01
SCF Iteration 425: Energy = 2.5799217163573598 dE = -3.31297E-01
SCF Iteration 426: Energy = 2.9112185482981197 dE =  3.31297E-01
SCF Iteration 427: Energy = 2.5799217163573447 dE = -3.31297E-01
SCF Iteration 428: Energy = 2.9112185482981001 dE =  3.31297E-01
SCF Iteration 429: Energy = 2.5799217163573287 dE = -3.31297E-01
SCF Iteration 430: Energy = 2.9112185482980819 dE =  3.31297E-01
SCF Iteration 431: Energy = 2.5799217163573096 dE = -3.31297E-01
SCF Iteration 432: Energy = 2.9112185482980539 dE =  3.31297E-01
SCF Iteration 433: Energy = 2.5799217163572954 dE = -3.31297E-01
SCF Iteration 434: Energy = 2.9112185482980224 dE =  3.31297E-01
SCF Iteration 435: Energy = 2.5799217163572576 dE = -3.31297E-01
SCF Iteration 436: Energy = 2.9112185482979962 dE =  3.31297E-01
SCF Iteration 437: Energy = 2.5799217163572248 dE = -3.31297E-01
SCF Iteration 438: Energy = 2.9112185482979487 dE =  3.31297E-01
SCF Iteration 439: Energy = 2.5799217163571866 dE = -3.31297E-01
SCF Iteration 440: Energy = 2.9112185482979016 dE =  3.31297E-01
SCF Iteration 441: Energy = 2.5799217163571413 dE = -3.31297E-01
SCF Iteration 442: Energy = 2.9112185482978545 dE =  3.31297E-01
SCF Iteration 443: Energy = 2.5799217163570889 dE = -3.31297E-01
SCF Iteration 444: Energy = 2.9112185482977777 dE =  3.31297E-01
SCF Iteration 445: Energy = 2.5799217163570223 dE = -3.31297E-01
SCF Iteration 446: Energy = 2.9112185482977058 dE =  3.31297E-01
SCF Iteration 447: Energy = 2.5799217163569645 dE = -3.31297E-01
SCF Iteration 448: Energy = 2.9112185482976254 dE =  3.31297E-01
SCF Iteration 449: Energy = 2.5799217163568873 dE = -3.31297E-01
SCF Iteration 450: Energy = 2.9112185482975304 dE =  3.31297E-01
SCF Iteration 451: Energy = 2.5799217163567985 dE = -3.31297E-01
SCF Iteration 452: Energy = 2.9112185482974140 dE =  3.31297E-01
SCF Iteration 453: Energy = 2.5799217163566892 dE = -3.31297E-01
SCF Iteration 454: Energy = 2.9112185482972799 dE =  3.31297E-01
SCF Iteration 455: Energy = 2.5799217163565720 dE = -3.31297E-01
SCF Iteration 456: Energy = 2.9112185482971316 dE =  3.31297E-01
SCF Iteration 457: Energy = 2.5799217163564347 dE = -3.31297E-01
SCF Iteration 458: Energy = 2.9112185482969526 dE =  3.31297E-01
SCF Iteration 459: Energy = 2.5799217163562687 dE = -3.31297E-01
SCF Iteration 460: Energy = 2.9112185482967479 dE =  3.31297E-01
SCF Iteration 461: Energy = 2.5799217163560826 dE = -3.31297E-01
SCF Iteration 462: Energy = 2.9112185482965187 dE =  3.31297E-01
SCF Iteration 463: Energy = 2.5799217163558570 dE = -3.31297E-01
SCF Iteration 464: Energy = 2.9112185482962345 dE =  3.31297E-01
SCF Iteration 465: Energy = 2.5799217163555990 dE = -3.31297E-01
SCF Iteration 466: Energy = 2.9112185482959139 dE =  3.31297E-01
SCF Iteration 467: Energy = 2.5799217163553103 dE = -3.31297E-01
SCF Iteration 468: Energy = 2.9112185482955426 dE =  3.31297E-01
SCF Iteration 469: Energy = 2.5799217163549670 dE = -3.31297E-01
SCF Iteration 470: Energy = 2.9112185482951167 dE =  3.31297E-01
SCF Iteration 471: Energy = 2.5799217163545691 dE = -3.31297E-01
SCF Iteration 472: Energy = 2.9112185482946242 dE =  3.31297E-01
SCF Iteration 473: Energy = 2.5799217163541170 dE = -3.31297E-01
SCF Iteration 474: Energy = 2.9112185482940531 dE =  3.31297E-01
SCF Iteration 475: Energy = 2.5799217163535855 dE = -3.31297E-01
SCF Iteration 476: Energy = 2.9112185482933808 dE =  3.31297E-01
SCF Iteration 477: Energy = 2.5799217163529637 dE = -3.31297E-01
SCF Iteration 478: Energy = 2.9112185482926027 dE =  3.31297E-01
SCF Iteration 479: Energy = 2.5799217163522483 dE = -3.31297E-01
SCF Iteration 480: Energy = 2.9112185482917101 dE =  3.31297E-01
SCF Iteration 481: Energy = 2.5799217163514161 dE = -3.31297E-01
SCF Iteration 482: Energy = 2.9112185482906665 dE =  3.31297E-01
SCF Iteration 483: Energy = 2.5799217163504569 dE = -3.31297E-01
SCF Iteration 484: Energy = 2.9112185482894644 dE =  3.31297E-01
SCF Iteration 485: Energy = 2.5799217163493506 dE = -3.31297E-01
SCF Iteration 486: Energy = 2.9112185482880726 dE =  3.31297E-01
SCF Iteration 487: Energy = 2.5799217163480579 dE = -3.31297E-01
SCF Iteration 488: Energy = 2.9112185482864508 dE =  3.31297E-01
SCF Iteration 489: Energy = 2.5799217163465626 dE = -3.31297E-01
SCF Iteration 490: Energy = 2.9112185482845763 dE =  3.31297E-01
SCF Iteration 491: Energy = 2.5799217163448276 dE = -3.31297E-01
SCF Iteration 492: Energy = 2.9112185482823967 dE =  3.31297E-01
SCF Iteration 493: Energy = 2.5799217163428145 dE = -3.31297E-01
SCF Iteration 494: Energy = 2.9112185482798836 dE =  3.31297E-01
SCF Iteration 495: Energy = 2.5799217163404875 dE = -3.31297E-01
SCF Iteration 496: Energy = 2.9112185482769579 dE =  3.31297E-01
SCF Iteration 497: Energy = 2.5799217163377897 dE = -3.31297E-01
SCF Iteration 498: Energy = 2.9112185482735726 dE =  3.31297E-01
SCF Iteration 499: Energy = 2.5799217163346557 dE = -3.31297E-01
SCF Iteration 500: Energy = 2.9112185482696513 dE =  3.31297E-01
