
  Memory set to  55.879 GiB by Python driver.
  Threads set to 1 by Python driver.
Settings:
	LOT = CCSD-S2-U22
	wc = 20.0 eV
	lambda = [0.969939 0.       0.      ] a.u.
	Equivalent A0 = LAMBDA / sqrt(2 wc) = [0.8 0.  0. ])
doing QED-CCSD-Full (or QED-CCSD-22)
Number of occupied orbitals:   1
Number of basis functions:  60
SCF Iteration   1: Energy = 2.6533319386493748 dE =  2.65333E+00
SCF Iteration   2: Energy = 3.2767795401637270 dE =  6.23448E-01
SCF Iteration   3: Energy = 2.8494360540750603 dE = -4.27343E-01
SCF Iteration   4: Energy = 3.2149477974442524 dE =  3.65512E-01
SCF Iteration   5: Energy = 2.8976521914608333 dE = -3.17296E-01
SCF Iteration   6: Energy = 3.1945479873827138 dE =  2.96896E-01
SCF Iteration   7: Energy = 2.9056180078092604 dE = -2.88930E-01
SCF Iteration   8: Energy = 3.1819724725231278 dE =  2.76354E-01
SCF Iteration   9: Energy = 2.9025251200215685 dE = -2.79447E-01
SCF Iteration  10: Energy = 3.1723235433709678 dE =  2.69798E-01
SCF Iteration  11: Energy = 2.8963858760972943 dE = -2.75938E-01
SCF Iteration  12: Energy = 3.1644938132361640 dE =  2.68108E-01
SCF Iteration  13: Energy = 2.8898932129229924 dE = -2.74601E-01
SCF Iteration  14: Energy = 3.1581443483527294 dE =  2.68251E-01
SCF Iteration  15: Energy = 2.8840226510429567 dE = -2.74122E-01
SCF Iteration  16: Energy = 3.1530744581310022 dE =  2.69052E-01
SCF Iteration  17: Energy = 2.8790787271435714 dE = -2.73996E-01
SCF Iteration  18: Energy = 3.1490925619413805 dE =  2.70014E-01
SCF Iteration  19: Energy = 2.8750797119979046 dE = -2.74013E-01
SCF Iteration  20: Energy = 3.1460081460293998 dE =  2.70928E-01
SCF Iteration  21: Energy = 2.8719264079720346 dE = -2.74082E-01
SCF Iteration  22: Energy = 3.1436443976345427 dE =  2.71718E-01
SCF Iteration  23: Energy = 2.8694820223985289 dE = -2.74162E-01
SCF Iteration  24: Energy = 3.1418474537785661 dE =  2.72365E-01
SCF Iteration  25: Energy = 2.8676094099605107 dE = -2.74238E-01
SCF Iteration  26: Energy = 3.1404895241796855 dE =  2.72880E-01
SCF Iteration  27: Energy = 2.8661867315920841 dE = -2.74303E-01
SCF Iteration  28: Energy = 3.1394678565428937 dE =  2.73281E-01
SCF Iteration  29: Energy = 2.8651123088424839 dE = -2.74356E-01
SCF Iteration  30: Energy = 3.1387016684257749 dE =  2.73589E-01
SCF Iteration  31: Energy = 2.8643043810099660 dE = -2.74397E-01
SCF Iteration  32: Energy = 3.1381284428919627 dE =  2.73824E-01
SCF Iteration  33: Energy = 2.8636987479468803 dE = -2.74430E-01
SCF Iteration  34: Energy = 3.1377003355553126 dE =  2.74002E-01
SCF Iteration  35: Energy = 2.8632457951829910 dE = -2.74455E-01
SCF Iteration  36: Energy = 3.1373810220246079 dE =  2.74135E-01
SCF Iteration  37: Energy = 2.8629075995630440 dE = -2.74473E-01
SCF Iteration  38: Energy = 3.1371430822796516 dE =  2.74235E-01
SCF Iteration  39: Energy = 2.8626553978877687 dE = -2.74488E-01
SCF Iteration  40: Energy = 3.1369659040647737 dE =  2.74311E-01
SCF Iteration  41: Energy = 2.8624674947138442 dE = -2.74498E-01
SCF Iteration  42: Energy = 3.1368340397142411 dE =  2.74367E-01
SCF Iteration  43: Energy = 2.8623275907568053 dE = -2.74506E-01
SCF Iteration  44: Energy = 3.1367359378381998 dE =  2.74408E-01
SCF Iteration  45: Energy = 2.8622234761313696 dE = -2.74512E-01
SCF Iteration  46: Energy = 3.1366629746708941 dE =  2.74439E-01
SCF Iteration  47: Energy = 2.8621460236398404 dE = -2.74517E-01
SCF Iteration  48: Energy = 3.1366087198025836 dE =  2.74463E-01
SCF Iteration  49: Energy = 2.8620884210154007 dE = -2.74520E-01
SCF Iteration  50: Energy = 3.1365683825584960 dE =  2.74480E-01
SCF Iteration  51: Energy = 2.8620455895572352 dE = -2.74523E-01
SCF Iteration  52: Energy = 3.1365383961950672 dE =  2.74493E-01
SCF Iteration  53: Energy = 2.8620137461398971 dE = -2.74525E-01
SCF Iteration  54: Energy = 3.1365161064833571 dE =  2.74502E-01
SCF Iteration  55: Energy = 2.8619900744466609 dE = -2.74526E-01
SCF Iteration  56: Energy = 3.1364995389523238 dE =  2.74509E-01
SCF Iteration  57: Energy = 2.8619724788453564 dE = -2.74527E-01
SCF Iteration  58: Energy = 3.1364872251852085 dE =  2.74515E-01
SCF Iteration  59: Energy = 2.8619594004904774 dE = -2.74528E-01
SCF Iteration  60: Energy = 3.1364780733300357 dE =  2.74519E-01
SCF Iteration  61: Energy = 2.8619496801147175 dE = -2.74528E-01
SCF Iteration  62: Energy = 3.1364712716485381 dE =  2.74522E-01
SCF Iteration  63: Energy = 2.8619424557629536 dE = -2.74529E-01
SCF Iteration  64: Energy = 3.1364662167170971 dE =  2.74524E-01
SCF Iteration  65: Energy = 2.8619370866284499 dE = -2.74529E-01
SCF Iteration  66: Energy = 3.1364624600025071 dE =  2.74525E-01
SCF Iteration  67: Energy = 2.8619330963613780 dE = -2.74529E-01
SCF Iteration  68: Energy = 3.1364596681230510 dE =  2.74527E-01
SCF Iteration  69: Energy = 2.8619301308886080 dE = -2.74530E-01
SCF Iteration  70: Energy = 3.1364575932964316 dE =  2.74527E-01
SCF Iteration  71: Energy = 2.8619279270403464 dE = -2.74530E-01
SCF Iteration  72: Energy = 3.1364560513669306 dE =  2.74528E-01
SCF Iteration  73: Energy = 2.8619262892197823 dE = -2.74530E-01
SCF Iteration  74: Energy = 3.1364549054703850 dE =  2.74529E-01
SCF Iteration  75: Energy = 2.8619250720570784 dE = -2.74530E-01
SCF Iteration  76: Energy = 3.1364540538913355 dE =  2.74529E-01
SCF Iteration  77: Energy = 2.8619241675140246 dE = -2.74530E-01
SCF Iteration  78: Energy = 3.1364534210373378 dE =  2.74529E-01
SCF Iteration  79: Energy = 2.8619234952984329 dE = -2.74530E-01
SCF Iteration  80: Energy = 3.1364529507304240 dE =  2.74529E-01
SCF Iteration  81: Energy = 2.8619229957391892 dE = -2.74530E-01
SCF Iteration  82: Energy = 3.1364526012211882 dE =  2.74530E-01
SCF Iteration  83: Energy = 2.8619226244906848 dE = -2.74530E-01
SCF Iteration  84: Energy = 3.1364523414831655 dE =  2.74530E-01
SCF Iteration  85: Energy = 2.8619223485969085 dE = -2.74530E-01
SCF Iteration  86: Energy = 3.1364521484588059 dE =  2.74530E-01
SCF Iteration  87: Energy = 2.8619221435662729 dE = -2.74530E-01
SCF Iteration  88: Energy = 3.1364520050127811 dE =  2.74530E-01
SCF Iteration  89: Energy = 2.8619219911977427 dE = -2.74530E-01
SCF Iteration  90: Energy = 3.1364518984109337 dE =  2.74530E-01
SCF Iteration  91: Energy = 2.8619218779651043 dE = -2.74530E-01
SCF Iteration  92: Energy = 3.1364518191898543 dE =  2.74530E-01
SCF Iteration  93: Energy = 2.8619217938163213 dE = -2.74530E-01
SCF Iteration  94: Energy = 3.1364517603167608 dE =  2.74530E-01
SCF Iteration  95: Energy = 2.8619217312812197 dE = -2.74530E-01
SCF Iteration  96: Energy = 3.1364517165652743 dE =  2.74530E-01
SCF Iteration  97: Energy = 2.8619216848083036 dE = -2.74530E-01
SCF Iteration  98: Energy = 3.1364516840514187 dE =  2.74530E-01
SCF Iteration  99: Energy = 2.8619216502720115 dE = -2.74530E-01
SCF Iteration 100: Energy = 3.1364516598887762 dE =  2.74530E-01
SCF Iteration 101: Energy = 2.8619216246064032 dE = -2.74530E-01
SCF Iteration 102: Energy = 3.1364516419323292 dE =  2.74530E-01
SCF Iteration 103: Energy = 2.8619216055330274 dE = -2.74530E-01
SCF Iteration 104: Energy = 3.1364516285880231 dE =  2.74530E-01
SCF Iteration 105: Energy = 2.8619215913586751 dE = -2.74530E-01
SCF Iteration 106: Energy = 3.1364516186712197 dE =  2.74530E-01
SCF Iteration 107: Energy = 2.8619215808250171 dE = -2.74530E-01
SCF Iteration 108: Energy = 3.1364516113015548 dE =  2.74530E-01
SCF Iteration 109: Energy = 2.8619215729969487 dE = -2.74530E-01
SCF Iteration 110: Energy = 3.1364516058247989 dE =  2.74530E-01
SCF Iteration 111: Energy = 2.8619215671795133 dE = -2.74530E-01
SCF Iteration 112: Energy = 3.1364516017547519 dE =  2.74530E-01
SCF Iteration 113: Energy = 2.8619215628563075 dE = -2.74530E-01
SCF Iteration 114: Energy = 3.1364515987301007 dE =  2.74530E-01
SCF Iteration 115: Energy = 2.8619215596435219 dE = -2.74530E-01
SCF Iteration 116: Energy = 3.1364515964823334 dE =  2.74530E-01
SCF Iteration 117: Energy = 2.8619215572559455 dE = -2.74530E-01
SCF Iteration 118: Energy = 3.1364515948119105 dE =  2.74530E-01
SCF Iteration 119: Energy = 2.8619215554816102 dE = -2.74530E-01
SCF Iteration 120: Energy = 3.1364515935705373 dE =  2.74530E-01
SCF Iteration 121: Energy = 2.8619215541630152 dE = -2.74530E-01
SCF Iteration 122: Energy = 3.1364515926480130 dE =  2.74530E-01
SCF Iteration 123: Energy = 2.8619215531831110 dE = -2.74530E-01
SCF Iteration 124: Energy = 3.1364515919624423 dE =  2.74530E-01
SCF Iteration 125: Energy = 2.8619215524548940 dE = -2.74530E-01
SCF Iteration 126: Energy = 3.1364515914529592 dE =  2.74530E-01
SCF Iteration 127: Energy = 2.8619215519137202 dE = -2.74530E-01
SCF Iteration 128: Energy = 3.1364515910743438 dE =  2.74530E-01
SCF Iteration 129: Energy = 2.8619215515115539 dE = -2.74530E-01
SCF Iteration 130: Energy = 3.1364515907929698 dE =  2.74530E-01
SCF Iteration 131: Energy = 2.8619215512126801 dE = -2.74530E-01
SCF Iteration 132: Energy = 3.1364515905838659 dE =  2.74530E-01
SCF Iteration 133: Energy = 2.8619215509905702 dE = -2.74530E-01
SCF Iteration 134: Energy = 3.1364515904284738 dE =  2.74530E-01
SCF Iteration 135: Energy = 2.8619215508255129 dE = -2.74530E-01
SCF Iteration 136: Energy = 3.1364515903129941 dE =  2.74530E-01
SCF Iteration 137: Energy = 2.8619215507028462 dE = -2.74530E-01
SCF Iteration 138: Energy = 3.1364515902271717 dE =  2.74530E-01
SCF Iteration 139: Energy = 2.8619215506116849 dE = -2.74530E-01
SCF Iteration 140: Energy = 3.1364515901633925 dE =  2.74530E-01
SCF Iteration 141: Energy = 2.8619215505439528 dE = -2.74530E-01
SCF Iteration 142: Energy = 3.1364515901160046 dE =  2.74530E-01
SCF Iteration 143: Energy = 2.8619215504936037 dE = -2.74530E-01
SCF Iteration 144: Energy = 3.1364515900807852 dE =  2.74530E-01
SCF Iteration 145: Energy = 2.8619215504561955 dE = -2.74530E-01
SCF Iteration 146: Energy = 3.1364515900546106 dE =  2.74530E-01
SCF Iteration 147: Energy = 2.8619215504283946 dE = -2.74530E-01
SCF Iteration 148: Energy = 3.1364515900351528 dE =  2.74530E-01
SCF Iteration 149: Energy = 2.8619215504077258 dE = -2.74530E-01
SCF Iteration 150: Energy = 3.1364515900206986 dE =  2.74530E-01
SCF Iteration 151: Energy = 2.8619215503923709 dE = -2.74530E-01
SCF Iteration 152: Energy = 3.1364515900099534 dE =  2.74530E-01
SCF Iteration 153: Energy = 2.8619215503809601 dE = -2.74530E-01
SCF Iteration 154: Energy = 3.1364515900019749 dE =  2.74530E-01
SCF Iteration 155: Energy = 2.8619215503724864 dE = -2.74530E-01
SCF Iteration 156: Energy = 3.1364515899960459 dE =  2.74530E-01
SCF Iteration 157: Energy = 2.8619215503661870 dE = -2.74530E-01
SCF Iteration 158: Energy = 3.1364515899916379 dE =  2.74530E-01
SCF Iteration 159: Energy = 2.8619215503615032 dE = -2.74530E-01
SCF Iteration 160: Energy = 3.1364515899883543 dE =  2.74530E-01
SCF Iteration 161: Energy = 2.8619215503580149 dE = -2.74530E-01
SCF Iteration 162: Energy = 3.1364515899859176 dE =  2.74530E-01
SCF Iteration 163: Energy = 2.8619215503554249 dE = -2.74530E-01
SCF Iteration 164: Energy = 3.1364515899841061 dE =  2.74530E-01
SCF Iteration 165: Energy = 2.8619215503535069 dE = -2.74530E-01
SCF Iteration 166: Energy = 3.1364515899827663 dE =  2.74530E-01
SCF Iteration 167: Energy = 2.8619215503520796 dE = -2.74530E-01
SCF Iteration 168: Energy = 3.1364515899817644 dE =  2.74530E-01
SCF Iteration 169: Energy = 2.8619215503510191 dE = -2.74530E-01
SCF Iteration 170: Energy = 3.1364515899810255 dE =  2.74530E-01
SCF Iteration 171: Energy = 2.8619215503502287 dE = -2.74530E-01
SCF Iteration 172: Energy = 3.1364515899804699 dE =  2.74530E-01
SCF Iteration 173: Energy = 2.8619215503496416 dE = -2.74530E-01
SCF Iteration 174: Energy = 3.1364515899800591 dE =  2.74530E-01
SCF Iteration 175: Energy = 2.8619215503492073 dE = -2.74530E-01
SCF Iteration 176: Energy = 3.1364515899797558 dE =  2.74530E-01
SCF Iteration 177: Energy = 2.8619215503488844 dE = -2.74530E-01
SCF Iteration 178: Energy = 3.1364515899795298 dE =  2.74530E-01
SCF Iteration 179: Energy = 2.8619215503486370 dE = -2.74530E-01
SCF Iteration 180: Energy = 3.1364515899793584 dE =  2.74530E-01
SCF Iteration 181: Energy = 2.8619215503484541 dE = -2.74530E-01
SCF Iteration 182: Energy = 3.1364515899792305 dE =  2.74530E-01
SCF Iteration 183: Energy = 2.8619215503483280 dE = -2.74530E-01
SCF Iteration 184: Energy = 3.1364515899791412 dE =  2.74530E-01
SCF Iteration 185: Energy = 2.8619215503482311 dE = -2.74530E-01
SCF Iteration 186: Energy = 3.1364515899790768 dE =  2.74530E-01
SCF Iteration 187: Energy = 2.8619215503481557 dE = -2.74530E-01
SCF Iteration 188: Energy = 3.1364515899790231 dE =  2.74530E-01
SCF Iteration 189: Energy = 2.8619215503481068 dE = -2.74530E-01
SCF Iteration 190: Energy = 3.1364515899789889 dE =  2.74530E-01
SCF Iteration 191: Energy = 2.8619215503480575 dE = -2.74530E-01
SCF Iteration 192: Energy = 3.1364515899789578 dE =  2.74530E-01
SCF Iteration 193: Energy = 2.8619215503480286 dE = -2.74530E-01
SCF Iteration 194: Energy = 3.1364515899789409 dE =  2.74530E-01
SCF Iteration 195: Energy = 2.8619215503480131 dE = -2.74530E-01
SCF Iteration 196: Energy = 3.1364515899789240 dE =  2.74530E-01
SCF Iteration 197: Energy = 2.8619215503479967 dE = -2.74530E-01
SCF Iteration 198: Energy = 3.1364515899789187 dE =  2.74530E-01
SCF Iteration 199: Energy = 2.8619215503479878 dE = -2.74530E-01
SCF Iteration 200: Energy = 3.1364515899789116 dE =  2.74530E-01
SCF Iteration 201: Energy = 2.8619215503479833 dE = -2.74530E-01
SCF Iteration 202: Energy = 3.1364515899788992 dE =  2.74530E-01
SCF Iteration 203: Energy = 2.8619215503479745 dE = -2.74530E-01
SCF Iteration 204: Energy = 3.1364515899788925 dE =  2.74530E-01
SCF Iteration 205: Energy = 2.8619215503479607 dE = -2.74530E-01
SCF Iteration 206: Energy = 3.1364515899788912 dE =  2.74530E-01
SCF Iteration 207: Energy = 2.8619215503479585 dE = -2.74530E-01
SCF Iteration 208: Energy = 3.1364515899788841 dE =  2.74530E-01
SCF Iteration 209: Energy = 2.8619215503479567 dE = -2.74530E-01
SCF Iteration 210: Energy = 3.1364515899788827 dE =  2.74530E-01
SCF Iteration 211: Energy = 2.8619215503479611 dE = -2.74530E-01
SCF Iteration 212: Energy = 3.1364515899788787 dE =  2.74530E-01
SCF Iteration 213: Energy = 2.8619215503479478 dE = -2.74530E-01
SCF Iteration 214: Energy = 3.1364515899788814 dE =  2.74530E-01
SCF Iteration 215: Energy = 2.8619215503479478 dE = -2.74530E-01
SCF Iteration 216: Energy = 3.1364515899788756 dE =  2.74530E-01
SCF Iteration 217: Energy = 2.8619215503479416 dE = -2.74530E-01
SCF Iteration 218: Energy = 3.1364515899788716 dE =  2.74530E-01
SCF Iteration 219: Energy = 2.8619215503479363 dE = -2.74530E-01
SCF Iteration 220: Energy = 3.1364515899788699 dE =  2.74530E-01
SCF Iteration 221: Energy = 2.8619215503479443 dE = -2.74530E-01
SCF Iteration 222: Energy = 3.1364515899788747 dE =  2.74530E-01
SCF Iteration 223: Energy = 2.8619215503479443 dE = -2.74530E-01
SCF Iteration 224: Energy = 3.1364515899788725 dE =  2.74530E-01
SCF Iteration 225: Energy = 2.8619215503479443 dE = -2.74530E-01
SCF Iteration 226: Energy = 3.1364515899788712 dE =  2.74530E-01
SCF Iteration 227: Energy = 2.8619215503479420 dE = -2.74530E-01
SCF Iteration 228: Energy = 3.1364515899788747 dE =  2.74530E-01
SCF Iteration 229: Energy = 2.8619215503479443 dE = -2.74530E-01
SCF Iteration 230: Energy = 3.1364515899788805 dE =  2.74530E-01
SCF Iteration 231: Energy = 2.8619215503479425 dE = -2.74530E-01
SCF Iteration 232: Energy = 3.1364515899788761 dE =  2.74530E-01
SCF Iteration 233: Energy = 2.8619215503479434 dE = -2.74530E-01
SCF Iteration 234: Energy = 3.1364515899788743 dE =  2.74530E-01
SCF Iteration 235: Energy = 2.8619215503479460 dE = -2.74530E-01
SCF Iteration 236: Energy = 3.1364515899788743 dE =  2.74530E-01
SCF Iteration 237: Energy = 2.8619215503479372 dE = -2.74530E-01
SCF Iteration 238: Energy = 3.1364515899788707 dE =  2.74530E-01
SCF Iteration 239: Energy = 2.8619215503479358 dE = -2.74530E-01
SCF Iteration 240: Energy = 3.1364515899788699 dE =  2.74530E-01
SCF Iteration 241: Energy = 2.8619215503479425 dE = -2.74530E-01
SCF Iteration 242: Energy = 3.1364515899788725 dE =  2.74530E-01
SCF Iteration 243: Energy = 2.8619215503479425 dE = -2.74530E-01
SCF Iteration 244: Energy = 3.1364515899788716 dE =  2.74530E-01
SCF Iteration 245: Energy = 2.8619215503479372 dE = -2.74530E-01
SCF Iteration 246: Energy = 3.1364515899788699 dE =  2.74530E-01
SCF Iteration 247: Energy = 2.8619215503479372 dE = -2.74530E-01
SCF Iteration 248: Energy = 3.1364515899788672 dE =  2.74530E-01
SCF Iteration 249: Energy = 2.8619215503479354 dE = -2.74530E-01
SCF Iteration 250: Energy = 3.1364515899788681 dE =  2.74530E-01
SCF Iteration 251: Energy = 2.8619215503479301 dE = -2.74530E-01
SCF Iteration 252: Energy = 3.1364515899788721 dE =  2.74530E-01
SCF Iteration 253: Energy = 2.8619215503479372 dE = -2.74530E-01
SCF Iteration 254: Energy = 3.1364515899788747 dE =  2.74530E-01
SCF Iteration 255: Energy = 2.8619215503479438 dE = -2.74530E-01
SCF Iteration 256: Energy = 3.1364515899788725 dE =  2.74530E-01
SCF Iteration 257: Energy = 2.8619215503479372 dE = -2.74530E-01
SCF Iteration 258: Energy = 3.1364515899788676 dE =  2.74530E-01
SCF Iteration 259: Energy = 2.8619215503479358 dE = -2.74530E-01
SCF Iteration 260: Energy = 3.1364515899788650 dE =  2.74530E-01
SCF Iteration 261: Energy = 2.8619215503479367 dE = -2.74530E-01
SCF Iteration 262: Energy = 3.1364515899788699 dE =  2.74530E-01
SCF Iteration 263: Energy = 2.8619215503479474 dE = -2.74530E-01
SCF Iteration 264: Energy = 3.1364515899788699 dE =  2.74530E-01
SCF Iteration 265: Energy = 2.8619215503479363 dE = -2.74530E-01
SCF Iteration 266: Energy = 3.1364515899788739 dE =  2.74530E-01
SCF Iteration 267: Energy = 2.8619215503479425 dE = -2.74530E-01
SCF Iteration 268: Energy = 3.1364515899788739 dE =  2.74530E-01
SCF Iteration 269: Energy = 2.8619215503479443 dE = -2.74530E-01
SCF Iteration 270: Energy = 3.1364515899788725 dE =  2.74530E-01
SCF Iteration 271: Energy = 2.8619215503479434 dE = -2.74530E-01
SCF Iteration 272: Energy = 3.1364515899788805 dE =  2.74530E-01
SCF Iteration 273: Energy = 2.8619215503479531 dE = -2.74530E-01
SCF Iteration 274: Energy = 3.1364515899788756 dE =  2.74530E-01
SCF Iteration 275: Energy = 2.8619215503479496 dE = -2.74530E-01
SCF Iteration 276: Energy = 3.1364515899788814 dE =  2.74530E-01
SCF Iteration 277: Energy = 2.8619215503479523 dE = -2.74530E-01
SCF Iteration 278: Energy = 3.1364515899788823 dE =  2.74530E-01
SCF Iteration 279: Energy = 2.8619215503479478 dE = -2.74530E-01
SCF Iteration 280: Energy = 3.1364515899788858 dE =  2.74530E-01
SCF Iteration 281: Energy = 2.8619215503479483 dE = -2.74530E-01
SCF Iteration 282: Energy = 3.1364515899788796 dE =  2.74530E-01
SCF Iteration 283: Energy = 2.8619215503479425 dE = -2.74530E-01
SCF Iteration 284: Energy = 3.1364515899788770 dE =  2.74530E-01
SCF Iteration 285: Energy = 2.8619215503479420 dE = -2.74530E-01
SCF Iteration 286: Energy = 3.1364515899788739 dE =  2.74530E-01
SCF Iteration 287: Energy = 2.8619215503479460 dE = -2.74530E-01
SCF Iteration 288: Energy = 3.1364515899788743 dE =  2.74530E-01
SCF Iteration 289: Energy = 2.8619215503479469 dE = -2.74530E-01
SCF Iteration 290: Energy = 3.1364515899788765 dE =  2.74530E-01
SCF Iteration 291: Energy = 2.8619215503479469 dE = -2.74530E-01
SCF Iteration 292: Energy = 3.1364515899788796 dE =  2.74530E-01
SCF Iteration 293: Energy = 2.8619215503479407 dE = -2.74530E-01
SCF Iteration 294: Energy = 3.1364515899788734 dE =  2.74530E-01
SCF Iteration 295: Energy = 2.8619215503479420 dE = -2.74530E-01
SCF Iteration 296: Energy = 3.1364515899788676 dE =  2.74530E-01
SCF Iteration 297: Energy = 2.8619215503479443 dE = -2.74530E-01
SCF Iteration 298: Energy = 3.1364515899788725 dE =  2.74530E-01
SCF Iteration 299: Energy = 2.8619215503479469 dE = -2.74530E-01
SCF Iteration 300: Energy = 3.1364515899788707 dE =  2.74530E-01
SCF Iteration 301: Energy = 2.8619215503479469 dE = -2.74530E-01
SCF Iteration 302: Energy = 3.1364515899788752 dE =  2.74530E-01
SCF Iteration 303: Energy = 2.8619215503479443 dE = -2.74530E-01
SCF Iteration 304: Energy = 3.1364515899788765 dE =  2.74530E-01
SCF Iteration 305: Energy = 2.8619215503479434 dE = -2.74530E-01
SCF Iteration 306: Energy = 3.1364515899788779 dE =  2.74530E-01
SCF Iteration 307: Energy = 2.8619215503479478 dE = -2.74530E-01
SCF Iteration 308: Energy = 3.1364515899788823 dE =  2.74530E-01
SCF Iteration 309: Energy = 2.8619215503479531 dE = -2.74530E-01
SCF Iteration 310: Energy = 3.1364515899788832 dE =  2.74530E-01
SCF Iteration 311: Energy = 2.8619215503479474 dE = -2.74530E-01
SCF Iteration 312: Energy = 3.1364515899788818 dE =  2.74530E-01
SCF Iteration 313: Energy = 2.8619215503479452 dE = -2.74530E-01
SCF Iteration 314: Energy = 3.1364515899788787 dE =  2.74530E-01
SCF Iteration 315: Energy = 2.8619215503479465 dE = -2.74530E-01
SCF Iteration 316: Energy = 3.1364515899788761 dE =  2.74530E-01
SCF Iteration 317: Energy = 2.8619215503479487 dE = -2.74530E-01
SCF Iteration 318: Energy = 3.1364515899788787 dE =  2.74530E-01
SCF Iteration 319: Energy = 2.8619215503479438 dE = -2.74530E-01
SCF Iteration 320: Energy = 3.1364515899788707 dE =  2.74530E-01
SCF Iteration 321: Energy = 2.8619215503479443 dE = -2.74530E-01
SCF Iteration 322: Energy = 3.1364515899788694 dE =  2.74530E-01
SCF Iteration 323: Energy = 2.8619215503479372 dE = -2.74530E-01
SCF Iteration 324: Energy = 3.1364515899788716 dE =  2.74530E-01
SCF Iteration 325: Energy = 2.8619215503479292 dE = -2.74530E-01
SCF Iteration 326: Energy = 3.1364515899788645 dE =  2.74530E-01
SCF Iteration 327: Energy = 2.8619215503479363 dE = -2.74530E-01
SCF Iteration 328: Energy = 3.1364515899788734 dE =  2.74530E-01
SCF Iteration 329: Energy = 2.8619215503479389 dE = -2.74530E-01
SCF Iteration 330: Energy = 3.1364515899788694 dE =  2.74530E-01
SCF Iteration 331: Energy = 2.8619215503479403 dE = -2.74530E-01
SCF Iteration 332: Energy = 3.1364515899788752 dE =  2.74530E-01
SCF Iteration 333: Energy = 2.8619215503479452 dE = -2.74530E-01
SCF Iteration 334: Energy = 3.1364515899788645 dE =  2.74530E-01
SCF Iteration 335: Energy = 2.8619215503479385 dE = -2.74530E-01
SCF Iteration 336: Energy = 3.1364515899788663 dE =  2.74530E-01
SCF Iteration 337: Energy = 2.8619215503479274 dE = -2.74530E-01
SCF Iteration 338: Energy = 3.1364515899788725 dE =  2.74530E-01
SCF Iteration 339: Energy = 2.8619215503479407 dE = -2.74530E-01
SCF Iteration 340: Energy = 3.1364515899788690 dE =  2.74530E-01
SCF Iteration 341: Energy = 2.8619215503479443 dE = -2.74530E-01
SCF Iteration 342: Energy = 3.1364515899788681 dE =  2.74530E-01
SCF Iteration 343: Energy = 2.8619215503479447 dE = -2.74530E-01
SCF Iteration 344: Energy = 3.1364515899788774 dE =  2.74530E-01
SCF Iteration 345: Energy = 2.8619215503479447 dE = -2.74530E-01
SCF Iteration 346: Energy = 3.1364515899788690 dE =  2.74530E-01
SCF Iteration 347: Energy = 2.8619215503479412 dE = -2.74530E-01
SCF Iteration 348: Energy = 3.1364515899788707 dE =  2.74530E-01
SCF Iteration 349: Energy = 2.8619215503479443 dE = -2.74530E-01
SCF Iteration 350: Energy = 3.1364515899788743 dE =  2.74530E-01
SCF Iteration 351: Energy = 2.8619215503479460 dE = -2.74530E-01
SCF Iteration 352: Energy = 3.1364515899788752 dE =  2.74530E-01
SCF Iteration 353: Energy = 2.8619215503479549 dE = -2.74530E-01
SCF Iteration 354: Energy = 3.1364515899788841 dE =  2.74530E-01
SCF Iteration 355: Energy = 2.8619215503479531 dE = -2.74530E-01
SCF Iteration 356: Energy = 3.1364515899788858 dE =  2.74530E-01
SCF Iteration 357: Energy = 2.8619215503479594 dE = -2.74530E-01
SCF Iteration 358: Energy = 3.1364515899788779 dE =  2.74530E-01
SCF Iteration 359: Energy = 2.8619215503479434 dE = -2.74530E-01
SCF Iteration 360: Energy = 3.1364515899788796 dE =  2.74530E-01
SCF Iteration 361: Energy = 2.8619215503479487 dE = -2.74530E-01
SCF Iteration 362: Energy = 3.1364515899788716 dE =  2.74530E-01
SCF Iteration 363: Energy = 2.8619215503479425 dE = -2.74530E-01
SCF Iteration 364: Energy = 3.1364515899788721 dE =  2.74530E-01
SCF Iteration 365: Energy = 2.8619215503479460 dE = -2.74530E-01
SCF Iteration 366: Energy = 3.1364515899788730 dE =  2.74530E-01
SCF Iteration 367: Energy = 2.8619215503479443 dE = -2.74530E-01
SCF Iteration 368: Energy = 3.1364515899788743 dE =  2.74530E-01
SCF Iteration 369: Energy = 2.8619215503479438 dE = -2.74530E-01
SCF Iteration 370: Energy = 3.1364515899788752 dE =  2.74530E-01
SCF Iteration 371: Energy = 2.8619215503479447 dE = -2.74530E-01
SCF Iteration 372: Energy = 3.1364515899788752 dE =  2.74530E-01
SCF Iteration 373: Energy = 2.8619215503479500 dE = -2.74530E-01
SCF Iteration 374: Energy = 3.1364515899788805 dE =  2.74530E-01
SCF Iteration 375: Energy = 2.8619215503479496 dE = -2.74530E-01
SCF Iteration 376: Energy = 3.1364515899788779 dE =  2.74530E-01
SCF Iteration 377: Energy = 2.8619215503479492 dE = -2.74530E-01
SCF Iteration 378: Energy = 3.1364515899788783 dE =  2.74530E-01
SCF Iteration 379: Energy = 2.8619215503479452 dE = -2.74530E-01
SCF Iteration 380: Energy = 3.1364515899788752 dE =  2.74530E-01
SCF Iteration 381: Energy = 2.8619215503479492 dE = -2.74530E-01
SCF Iteration 382: Energy = 3.1364515899788818 dE =  2.74530E-01
SCF Iteration 383: Energy = 2.8619215503479500 dE = -2.74530E-01
SCF Iteration 384: Energy = 3.1364515899788787 dE =  2.74530E-01
SCF Iteration 385: Energy = 2.8619215503479465 dE = -2.74530E-01
SCF Iteration 386: Energy = 3.1364515899788801 dE =  2.74530E-01
SCF Iteration 387: Energy = 2.8619215503479509 dE = -2.74530E-01
SCF Iteration 388: Energy = 3.1364515899788783 dE =  2.74530E-01
SCF Iteration 389: Energy = 2.8619215503479478 dE = -2.74530E-01
SCF Iteration 390: Energy = 3.1364515899788739 dE =  2.74530E-01
SCF Iteration 391: Energy = 2.8619215503479452 dE = -2.74530E-01
SCF Iteration 392: Energy = 3.1364515899788734 dE =  2.74530E-01
SCF Iteration 393: Energy = 2.8619215503479460 dE = -2.74530E-01
SCF Iteration 394: Energy = 3.1364515899788743 dE =  2.74530E-01
SCF Iteration 395: Energy = 2.8619215503479416 dE = -2.74530E-01
SCF Iteration 396: Energy = 3.1364515899788779 dE =  2.74530E-01
SCF Iteration 397: Energy = 2.8619215503479540 dE = -2.74530E-01
SCF Iteration 398: Energy = 3.1364515899788796 dE =  2.74530E-01
SCF Iteration 399: Energy = 2.8619215503479554 dE = -2.74530E-01
SCF Iteration 400: Energy = 3.1364515899788752 dE =  2.74530E-01
SCF Iteration 401: Energy = 2.8619215503479478 dE = -2.74530E-01
SCF Iteration 402: Energy = 3.1364515899788787 dE =  2.74530E-01
SCF Iteration 403: Energy = 2.8619215503479389 dE = -2.74530E-01
SCF Iteration 404: Energy = 3.1364515899788761 dE =  2.74530E-01
SCF Iteration 405: Energy = 2.8619215503479460 dE = -2.74530E-01
SCF Iteration 406: Energy = 3.1364515899788752 dE =  2.74530E-01
SCF Iteration 407: Energy = 2.8619215503479452 dE = -2.74530E-01
SCF Iteration 408: Energy = 3.1364515899788716 dE =  2.74530E-01
SCF Iteration 409: Energy = 2.8619215503479456 dE = -2.74530E-01
SCF Iteration 410: Energy = 3.1364515899788743 dE =  2.74530E-01
SCF Iteration 411: Energy = 2.8619215503479425 dE = -2.74530E-01
SCF Iteration 412: Energy = 3.1364515899788779 dE =  2.74530E-01
SCF Iteration 413: Energy = 2.8619215503479412 dE = -2.74530E-01
SCF Iteration 414: Energy = 3.1364515899788752 dE =  2.74530E-01
SCF Iteration 415: Energy = 2.8619215503479505 dE = -2.74530E-01
SCF Iteration 416: Energy = 3.1364515899788765 dE =  2.74530E-01
SCF Iteration 417: Energy = 2.8619215503479518 dE = -2.74530E-01
SCF Iteration 418: Energy = 3.1364515899788779 dE =  2.74530E-01
SCF Iteration 419: Energy = 2.8619215503479483 dE = -2.74530E-01
SCF Iteration 420: Energy = 3.1364515899788765 dE =  2.74530E-01
SCF Iteration 421: Energy = 2.8619215503479487 dE = -2.74530E-01
SCF Iteration 422: Energy = 3.1364515899788707 dE =  2.74530E-01
SCF Iteration 423: Energy = 2.8619215503479505 dE = -2.74530E-01
SCF Iteration 424: Energy = 3.1364515899788761 dE =  2.74530E-01
SCF Iteration 425: Energy = 2.8619215503479434 dE = -2.74530E-01
SCF Iteration 426: Energy = 3.1364515899788734 dE =  2.74530E-01
SCF Iteration 427: Energy = 2.8619215503479469 dE = -2.74530E-01
SCF Iteration 428: Energy = 3.1364515899788699 dE =  2.74530E-01
SCF Iteration 429: Energy = 2.8619215503479452 dE = -2.74530E-01
SCF Iteration 430: Energy = 3.1364515899788690 dE =  2.74530E-01
SCF Iteration 431: Energy = 2.8619215503479394 dE = -2.74530E-01
SCF Iteration 432: Energy = 3.1364515899788770 dE =  2.74530E-01
SCF Iteration 433: Energy = 2.8619215503479487 dE = -2.74530E-01
SCF Iteration 434: Energy = 3.1364515899788716 dE =  2.74530E-01
SCF Iteration 435: Energy = 2.8619215503479469 dE = -2.74530E-01
SCF Iteration 436: Energy = 3.1364515899788752 dE =  2.74530E-01
SCF Iteration 437: Energy = 2.8619215503479372 dE = -2.74530E-01
SCF Iteration 438: Energy = 3.1364515899788703 dE =  2.74530E-01
SCF Iteration 439: Energy = 2.8619215503479460 dE = -2.74530E-01
SCF Iteration 440: Energy = 3.1364515899788783 dE =  2.74530E-01
SCF Iteration 441: Energy = 2.8619215503479469 dE = -2.74530E-01
SCF Iteration 442: Energy = 3.1364515899788743 dE =  2.74530E-01
SCF Iteration 443: Energy = 2.8619215503479398 dE = -2.74530E-01
SCF Iteration 444: Energy = 3.1364515899788743 dE =  2.74530E-01
SCF Iteration 445: Energy = 2.8619215503479460 dE = -2.74530E-01
SCF Iteration 446: Energy = 3.1364515899788734 dE =  2.74530E-01
SCF Iteration 447: Energy = 2.8619215503479452 dE = -2.74530E-01
SCF Iteration 448: Energy = 3.1364515899788734 dE =  2.74530E-01
SCF Iteration 449: Energy = 2.8619215503479460 dE = -2.74530E-01
SCF Iteration 450: Energy = 3.1364515899788743 dE =  2.74530E-01
SCF Iteration 451: Energy = 2.8619215503479465 dE = -2.74530E-01
SCF Iteration 452: Energy = 3.1364515899788787 dE =  2.74530E-01
SCF Iteration 453: Energy = 2.8619215503479460 dE = -2.74530E-01
SCF Iteration 454: Energy = 3.1364515899788761 dE =  2.74530E-01
SCF Iteration 455: Energy = 2.8619215503479469 dE = -2.74530E-01
SCF Iteration 456: Energy = 3.1364515899788725 dE =  2.74530E-01
SCF Iteration 457: Energy = 2.8619215503479465 dE = -2.74530E-01
SCF Iteration 458: Energy = 3.1364515899788734 dE =  2.74530E-01
SCF Iteration 459: Energy = 2.8619215503479452 dE = -2.74530E-01
SCF Iteration 460: Energy = 3.1364515899788747 dE =  2.74530E-01
SCF Iteration 461: Energy = 2.8619215503479523 dE = -2.74530E-01
SCF Iteration 462: Energy = 3.1364515899788761 dE =  2.74530E-01
SCF Iteration 463: Energy = 2.8619215503479469 dE = -2.74530E-01
SCF Iteration 464: Energy = 3.1364515899788752 dE =  2.74530E-01
SCF Iteration 465: Energy = 2.8619215503479434 dE = -2.74530E-01
SCF Iteration 466: Energy = 3.1364515899788779 dE =  2.74530E-01
SCF Iteration 467: Energy = 2.8619215503479465 dE = -2.74530E-01
SCF Iteration 468: Energy = 3.1364515899788761 dE =  2.74530E-01
SCF Iteration 469: Energy = 2.8619215503479496 dE = -2.74530E-01
SCF Iteration 470: Energy = 3.1364515899788850 dE =  2.74530E-01
SCF Iteration 471: Energy = 2.8619215503479567 dE = -2.74530E-01
SCF Iteration 472: Energy = 3.1364515899788801 dE =  2.74530E-01
SCF Iteration 473: Energy = 2.8619215503479478 dE = -2.74530E-01
SCF Iteration 474: Energy = 3.1364515899788796 dE =  2.74530E-01
SCF Iteration 475: Energy = 2.8619215503479523 dE = -2.74530E-01
SCF Iteration 476: Energy = 3.1364515899788814 dE =  2.74530E-01
SCF Iteration 477: Energy = 2.8619215503479443 dE = -2.74530E-01
SCF Iteration 478: Energy = 3.1364515899788752 dE =  2.74530E-01
SCF Iteration 479: Energy = 2.8619215503479487 dE = -2.74530E-01
SCF Iteration 480: Energy = 3.1364515899788734 dE =  2.74530E-01
SCF Iteration 481: Energy = 2.8619215503479452 dE = -2.74530E-01
SCF Iteration 482: Energy = 3.1364515899788743 dE =  2.74530E-01
SCF Iteration 483: Energy = 2.8619215503479465 dE = -2.74530E-01
SCF Iteration 484: Energy = 3.1364515899788743 dE =  2.74530E-01
SCF Iteration 485: Energy = 2.8619215503479443 dE = -2.74530E-01
SCF Iteration 486: Energy = 3.1364515899788739 dE =  2.74530E-01
SCF Iteration 487: Energy = 2.8619215503479438 dE = -2.74530E-01
SCF Iteration 488: Energy = 3.1364515899788752 dE =  2.74530E-01
SCF Iteration 489: Energy = 2.8619215503479509 dE = -2.74530E-01
SCF Iteration 490: Energy = 3.1364515899788747 dE =  2.74530E-01
SCF Iteration 491: Energy = 2.8619215503479380 dE = -2.74530E-01
SCF Iteration 492: Energy = 3.1364515899788672 dE =  2.74530E-01
SCF Iteration 493: Energy = 2.8619215503479469 dE = -2.74530E-01
SCF Iteration 494: Energy = 3.1364515899788645 dE =  2.74530E-01
SCF Iteration 495: Energy = 2.8619215503479372 dE = -2.74530E-01
SCF Iteration 496: Energy = 3.1364515899788672 dE =  2.74530E-01
SCF Iteration 497: Energy = 2.8619215503479425 dE = -2.74530E-01
SCF Iteration 498: Energy = 3.1364515899788734 dE =  2.74530E-01
SCF Iteration 499: Energy = 2.8619215503479443 dE = -2.74530E-01
SCF Iteration 500: Energy = 3.1364515899788707 dE =  2.74530E-01
