
  Memory set to  55.879 GiB by Python driver.
  Threads set to 1 by Python driver.
Settings:
	LOT = CCSD-S2-U22
	wc = 20.0 eV
	lambda = [0.969939 0.       0.      ] a.u.
	Equivalent A0 = LAMBDA / sqrt(2 wc) = [0.8 0.  0. ])
doing QED-CCSD-Full (or QED-CCSD-22)
Number of occupied orbitals:   1
Number of basis functions:  60
SCF Iteration   1: Energy = 1.5462301778767578 dE =  1.54623E+00
SCF Iteration   2: Energy = 2.3834331984001462 dE =  8.37203E-01
SCF Iteration   3: Energy = 1.7073740870712737 dE = -6.76059E-01
SCF Iteration   4: Energy = 2.3250084539322504 dE =  6.17634E-01
SCF Iteration   5: Energy = 1.7204109861973285 dE = -6.04597E-01
SCF Iteration   6: Energy = 2.3012170328332848 dE =  5.80806E-01
SCF Iteration   7: Energy = 1.7111690039267005 dE = -5.90048E-01
SCF Iteration   8: Energy = 2.2868269162520631 dE =  5.75658E-01
SCF Iteration   9: Energy = 1.7002705173037576 dE = -5.86556E-01
SCF Iteration  10: Energy = 2.2772559550802143 dE =  5.76985E-01
SCF Iteration  11: Energy = 1.6913082857516208 dE = -5.85948E-01
SCF Iteration  12: Energy = 2.2707516867445268 dE =  5.79443E-01
SCF Iteration  13: Energy = 1.6846340043435399 dE = -5.86118E-01
SCF Iteration  14: Energy = 2.2663401331487201 dE =  5.81706E-01
SCF Iteration  15: Energy = 1.6798909292427091 dE = -5.86449E-01
SCF Iteration  16: Energy = 2.2633707220440806 dE =  5.83480E-01
SCF Iteration  17: Energy = 1.6766119627385143 dE = -5.86759E-01
SCF Iteration  18: Energy = 2.2613869878932551 dE =  5.84775E-01
SCF Iteration  19: Energy = 1.6743850069319819 dE = -5.87002E-01
SCF Iteration  20: Energy = 2.2600696751741829 dE =  5.85685E-01
SCF Iteration  21: Energy = 1.6728903186793993 dE = -5.87179E-01
SCF Iteration  22: Energy = 2.2591987930544972 dE =  5.86308E-01
SCF Iteration  23: Energy = 1.6718951309025989 dE = -5.87304E-01
SCF Iteration  24: Energy = 2.2586248913550619 dE =  5.86730E-01
SCF Iteration  25: Energy = 1.6712361522971879 dE = -5.87389E-01
SCF Iteration  26: Energy = 2.2582475560980546 dE =  5.87011E-01
SCF Iteration  27: Energy = 1.6708014515893210 dE = -5.87446E-01
SCF Iteration  28: Energy = 2.2579998593772626 dE =  5.87198E-01
SCF Iteration  29: Energy = 1.6705154502122057 dE = -5.87484E-01
SCF Iteration  30: Energy = 2.2578374455447787 dE =  5.87322E-01
SCF Iteration  31: Energy = 1.6703276254993595 dE = -5.87510E-01
SCF Iteration  32: Energy = 2.2577310357427827 dE =  5.87403E-01
SCF Iteration  33: Energy = 1.6702044328309242 dE = -5.87527E-01
SCF Iteration  34: Energy = 2.2576613572434434 dE =  5.87457E-01
SCF Iteration  35: Energy = 1.6701237034641763 dE = -5.87538E-01
SCF Iteration  36: Energy = 2.2576157486607524 dE =  5.87492E-01
SCF Iteration  37: Energy = 1.6700708335007584 dE = -5.87545E-01
SCF Iteration  38: Energy = 2.2575859033851460 dE =  5.87515E-01
SCF Iteration  39: Energy = 1.6700362237652937 dE = -5.87550E-01
SCF Iteration  40: Energy = 2.2575663770234042 dE =  5.87530E-01
SCF Iteration  41: Energy = 1.6700135744061544 dE = -5.87553E-01
SCF Iteration  42: Energy = 2.2575536035597210 dE =  5.87540E-01
SCF Iteration  43: Energy = 1.6699987553191311 dE = -5.87555E-01
SCF Iteration  44: Energy = 2.2575452483936287 dE =  5.87546E-01
SCF Iteration  45: Energy = 1.6699890608840451 dE = -5.87556E-01
SCF Iteration  46: Energy = 2.2575397836121747 dE =  5.87551E-01
SCF Iteration  47: Energy = 1.6699827195821533 dE = -5.87557E-01
SCF Iteration  48: Energy = 2.2575362094817915 dE =  5.87553E-01
SCF Iteration  49: Energy = 1.6699785719259925 dE = -5.87558E-01
SCF Iteration  50: Energy = 2.2575338719696245 dE =  5.87555E-01
SCF Iteration  51: Energy = 1.6699758592062430 dE = -5.87558E-01
SCF Iteration  52: Energy = 2.2575323432512668 dE =  5.87556E-01
SCF Iteration  53: Energy = 1.6699740850510316 dE = -5.87558E-01
SCF Iteration  54: Energy = 2.2575313434949509 dE =  5.87557E-01
SCF Iteration  55: Energy = 1.6699729247586583 dE = -5.87558E-01
SCF Iteration  56: Energy = 2.2575306896783003 dE =  5.87558E-01
SCF Iteration  57: Energy = 1.6699721659440891 dE = -5.87559E-01
SCF Iteration  58: Energy = 2.2575302621012510 dE =  5.87558E-01
SCF Iteration  59: Energy = 1.6699716696963351 dE = -5.87559E-01
SCF Iteration  60: Energy = 2.2575299824798503 dE =  5.87558E-01
SCF Iteration  61: Energy = 1.6699713451641944 dE = -5.87559E-01
SCF Iteration  62: Energy = 2.2575297996173038 dE =  5.87558E-01
SCF Iteration  63: Energy = 1.6699711329305329 dE = -5.87559E-01
SCF Iteration  64: Energy = 2.2575296800319622 dE =  5.87559E-01
SCF Iteration  65: Energy = 1.6699709941370793 dE = -5.87559E-01
SCF Iteration  66: Energy = 2.2575296018277218 dE =  5.87559E-01
SCF Iteration  67: Energy = 1.6699709033712418 dE = -5.87559E-01
SCF Iteration  68: Energy = 2.2575295506852004 dE =  5.87559E-01
SCF Iteration  69: Energy = 1.6699708440138268 dE = -5.87559E-01
SCF Iteration  70: Energy = 2.2575295172400320 dE =  5.87559E-01
SCF Iteration  71: Energy = 1.6699708051963913 dE = -5.87559E-01
SCF Iteration  72: Energy = 2.2575294953682254 dE =  5.87559E-01
SCF Iteration  73: Energy = 1.6699707798113232 dE = -5.87559E-01
SCF Iteration  74: Energy = 2.2575294810649535 dE =  5.87559E-01
SCF Iteration  75: Energy = 1.6699707632105067 dE = -5.87559E-01
SCF Iteration  76: Energy = 2.2575294717111980 dE =  5.87559E-01
SCF Iteration  77: Energy = 1.6699707523542426 dE = -5.87559E-01
SCF Iteration  78: Energy = 2.2575294655942191 dE =  5.87559E-01
SCF Iteration  79: Energy = 1.6699707452546819 dE = -5.87559E-01
SCF Iteration  80: Energy = 2.2575294615939572 dE =  5.87559E-01
SCF Iteration  81: Energy = 1.6699707406118591 dE = -5.87559E-01
SCF Iteration  82: Energy = 2.2575294589779515 dE =  5.87559E-01
SCF Iteration  83: Energy = 1.6699707375756432 dE = -5.87559E-01
SCF Iteration  84: Energy = 2.2575294572672004 dE =  5.87559E-01
SCF Iteration  85: Energy = 1.6699707355900875 dE = -5.87559E-01
SCF Iteration  86: Energy = 2.2575294561484358 dE =  5.87559E-01
SCF Iteration  87: Energy = 1.6699707342916132 dE = -5.87559E-01
SCF Iteration  88: Energy = 2.2575294554168126 dE =  5.87559E-01
SCF Iteration  89: Energy = 1.6699707334424665 dE = -5.87559E-01
SCF Iteration  90: Energy = 2.2575294549383553 dE =  5.87559E-01
SCF Iteration  91: Energy = 1.6699707328871536 dE = -5.87559E-01
SCF Iteration  92: Energy = 2.2575294546254669 dE =  5.87559E-01
SCF Iteration  93: Energy = 1.6699707325240045 dE = -5.87559E-01
SCF Iteration  94: Energy = 2.2575294544208511 dE =  5.87559E-01
SCF Iteration  95: Energy = 1.6699707322865214 dE = -5.87559E-01
SCF Iteration  96: Energy = 2.2575294542870465 dE =  5.87559E-01
SCF Iteration  97: Energy = 1.6699707321312178 dE = -5.87559E-01
SCF Iteration  98: Energy = 2.2575294541995348 dE =  5.87559E-01
SCF Iteration  99: Energy = 1.6699707320296497 dE = -5.87559E-01
SCF Iteration 100: Energy = 2.2575294541423068 dE =  5.87559E-01
SCF Iteration 101: Energy = 1.6699707319632331 dE = -5.87559E-01
SCF Iteration 102: Energy = 2.2575294541048820 dE =  5.87559E-01
SCF Iteration 103: Energy = 1.6699707319197932 dE = -5.87559E-01
SCF Iteration 104: Energy = 2.2575294540804056 dE =  5.87559E-01
SCF Iteration 105: Energy = 1.6699707318913890 dE = -5.87559E-01
SCF Iteration 106: Energy = 2.2575294540644055 dE =  5.87559E-01
SCF Iteration 107: Energy = 1.6699707318728199 dE = -5.87559E-01
SCF Iteration 108: Energy = 2.2575294540539375 dE =  5.87559E-01
SCF Iteration 109: Energy = 1.6699707318606667 dE = -5.87559E-01
SCF Iteration 110: Energy = 2.2575294540470914 dE =  5.87559E-01
SCF Iteration 111: Energy = 1.6699707318527206 dE = -5.87559E-01
SCF Iteration 112: Energy = 2.2575294540426047 dE =  5.87559E-01
SCF Iteration 113: Energy = 1.6699707318475192 dE = -5.87559E-01
SCF Iteration 114: Energy = 2.2575294540396649 dE =  5.87559E-01
SCF Iteration 115: Energy = 1.6699707318441115 dE = -5.87559E-01
SCF Iteration 116: Energy = 2.2575294540377340 dE =  5.87559E-01
SCF Iteration 117: Energy = 1.6699707318418764 dE = -5.87559E-01
SCF Iteration 118: Energy = 2.2575294540364488 dE =  5.87559E-01
SCF Iteration 119: Energy = 1.6699707318403954 dE = -5.87559E-01
SCF Iteration 120: Energy = 2.2575294540355735 dE =  5.87559E-01
SCF Iteration 121: Energy = 1.6699707318393964 dE = -5.87559E-01
SCF Iteration 122: Energy = 2.2575294540349384 dE =  5.87559E-01
SCF Iteration 123: Energy = 1.6699707318386825 dE = -5.87559E-01
SCF Iteration 124: Energy = 2.2575294540344171 dE =  5.87559E-01
SCF Iteration 125: Energy = 1.6699707318381372 dE = -5.87559E-01
SCF Iteration 126: Energy = 2.2575294540338882 dE =  5.87559E-01
SCF Iteration 127: Energy = 1.6699707318376145 dE = -5.87559E-01
SCF Iteration 128: Energy = 2.2575294540332083 dE =  5.87559E-01
SCF Iteration 129: Energy = 1.6699707318369854 dE = -5.87559E-01
SCF Iteration 130: Energy = 2.2575294540321851 dE =  5.87559E-01
SCF Iteration 131: Energy = 1.6699707318360786 dE = -5.87559E-01
SCF Iteration 132: Energy = 2.2575294540305104 dE =  5.87559E-01
SCF Iteration 133: Energy = 1.6699707318346262 dE = -5.87559E-01
SCF Iteration 134: Energy = 2.2575294540276518 dE =  5.87559E-01
SCF Iteration 135: Energy = 1.6699707318321728 dE = -5.87559E-01
SCF Iteration 136: Energy = 2.2575294540227104 dE =  5.87559E-01
SCF Iteration 137: Energy = 1.6699707318279398 dE = -5.87559E-01
SCF Iteration 138: Energy = 2.2575294540141155 dE =  5.87559E-01
SCF Iteration 139: Energy = 1.6699707318205783 dE = -5.87559E-01
SCF Iteration 140: Energy = 2.2575294539991138 dE =  5.87559E-01
SCF Iteration 141: Energy = 1.6699707318077428 dE = -5.87559E-01
SCF Iteration 142: Energy = 2.2575294539729400 dE =  5.87559E-01
SCF Iteration 143: Energy = 1.6699707317853540 dE = -5.87559E-01
SCF Iteration 144: Energy = 2.2575294539272401 dE =  5.87559E-01
SCF Iteration 145: Energy = 1.6699707317462786 dE = -5.87559E-01
SCF Iteration 146: Energy = 2.2575294538474577 dE =  5.87559E-01
SCF Iteration 147: Energy = 1.6699707316780388 dE = -5.87559E-01
SCF Iteration 148: Energy = 2.2575294537081239 dE =  5.87559E-01
SCF Iteration 149: Energy = 1.6699707315588768 dE = -5.87559E-01
SCF Iteration 150: Energy = 2.2575294534648256 dE =  5.87559E-01
SCF Iteration 151: Energy = 1.6699707313508012 dE = -5.87559E-01
SCF Iteration 152: Energy = 2.2575294530399828 dE =  5.87559E-01
SCF Iteration 153: Energy = 1.6699707309874547 dE = -5.87559E-01
SCF Iteration 154: Energy = 2.2575294522981166 dE =  5.87559E-01
SCF Iteration 155: Energy = 1.6699707303529907 dE = -5.87559E-01
SCF Iteration 156: Energy = 2.2575294510026715 dE =  5.87559E-01
SCF Iteration 157: Energy = 1.6699707292450705 dE = -5.87559E-01
SCF Iteration 158: Energy = 2.2575294487405477 dE =  5.87559E-01
SCF Iteration 159: Energy = 1.6699707273104145 dE = -5.87559E-01
SCF Iteration 160: Energy = 2.2575294447904213 dE =  5.87559E-01
SCF Iteration 161: Energy = 1.6699707239321218 dE = -5.87559E-01
SCF Iteration 162: Energy = 2.2575294378926896 dE =  5.87559E-01
SCF Iteration 163: Energy = 1.6699707180329251 dE = -5.87559E-01
SCF Iteration 164: Energy = 2.2575294258478311 dE =  5.87559E-01
SCF Iteration 165: Energy = 1.6699707077317041 dE = -5.87559E-01
SCF Iteration 166: Energy = 2.2575294048150187 dE =  5.87559E-01
SCF Iteration 167: Energy = 1.6699706897436579 dE = -5.87559E-01
SCF Iteration 168: Energy = 2.2575293680874076 dE =  5.87559E-01
SCF Iteration 169: Energy = 1.6699706583328295 dE = -5.87559E-01
SCF Iteration 170: Energy = 2.2575293039534206 dE =  5.87559E-01
SCF Iteration 171: Energy = 1.6699706034830479 dE = -5.87559E-01
SCF Iteration 172: Energy = 2.2575291919622784 dE =  5.87559E-01
SCF Iteration 173: Energy = 1.6699705077040286 dE = -5.87559E-01
SCF Iteration 174: Energy = 2.2575289964026806 dE =  5.87558E-01
SCF Iteration 175: Energy = 1.6699703404541457 dE = -5.87559E-01
SCF Iteration 176: Energy = 2.2575286549154061 dE =  5.87558E-01
SCF Iteration 177: Energy = 1.6699700484014548 dE = -5.87559E-01
SCF Iteration 178: Energy = 2.2575280586084658 dE =  5.87558E-01
SCF Iteration 179: Energy = 1.6699695384174911 dE = -5.87559E-01
SCF Iteration 180: Energy = 2.2575270173343003 dE =  5.87557E-01
SCF Iteration 181: Energy = 1.6699686478810065 dE = -5.87558E-01
SCF Iteration 182: Energy = 2.2575251990569387 dE =  5.87557E-01
SCF Iteration 183: Energy = 1.6699670928226580 dE = -5.87558E-01
SCF Iteration 184: Energy = 2.2575220239757008 dE =  5.87555E-01
SCF Iteration 185: Energy = 1.6699643773759580 dE = -5.87558E-01
SCF Iteration 186: Energy = 2.2575164796469762 dE =  5.87552E-01
SCF Iteration 187: Energy = 1.6699596356635247 dE = -5.87557E-01
SCF Iteration 188: Energy = 2.2575067981594192 dE =  5.87547E-01
SCF Iteration 189: Energy = 1.6699513557084360 dE = -5.87555E-01
SCF Iteration 190: Energy = 2.2574898924481248 dE =  5.87539E-01
SCF Iteration 191: Energy = 1.6699368973587587 dE = -5.87553E-01
SCF Iteration 192: Energy = 2.2574603720830337 dE =  5.87523E-01
SCF Iteration 193: Energy = 1.6699116505826026 dE = -5.87549E-01
SCF Iteration 194: Energy = 2.2574088249373112 dE =  5.87497E-01
SCF Iteration 195: Energy = 1.6698675659771862 dE = -5.87541E-01
SCF Iteration 196: Energy = 2.2573188175553693 dE =  5.87451E-01
SCF Iteration 197: Energy = 1.6697905896474270 dE = -5.87528E-01
SCF Iteration 198: Energy = 2.2571616600093929 dE =  5.87371E-01
SCF Iteration 199: Energy = 1.6696561867570801 dE = -5.87505E-01
SCF Iteration 200: Energy = 2.2568872728927674 dE =  5.87231E-01
SCF Iteration 201: Energy = 1.6694215332054263 dE = -5.87466E-01
SCF Iteration 202: Energy = 2.2564082655138327 dE =  5.86987E-01
SCF Iteration 203: Energy = 1.6690119065195514 dE = -5.87396E-01
SCF Iteration 204: Energy = 2.2555722132609870 dE =  5.86560E-01
SCF Iteration 205: Energy = 1.6682970002185575 dE = -5.87275E-01
SCF Iteration 206: Energy = 2.2541134919869550 dE =  5.85816E-01
SCF Iteration 207: Energy = 1.6670498031510004 dE = -5.87064E-01
SCF Iteration 208: Energy = 2.2515699117966648 dE =  5.84520E-01
SCF Iteration 209: Energy = 1.6648755212412161 dE = -5.86694E-01
SCF Iteration 210: Energy = 2.2471393879072434 dE =  5.82264E-01
SCF Iteration 211: Energy = 1.6610896613207429 dE = -5.86050E-01
SCF Iteration 212: Energy = 2.2394364331224033 dE =  5.78347E-01
SCF Iteration 213: Energy = 1.6545117709575039 dE = -5.84925E-01
SCF Iteration 214: Energy = 2.2260872218259782 dE =  5.71575E-01
SCF Iteration 215: Energy = 1.6431250585693686 dE = -5.82962E-01
SCF Iteration 216: Energy = 2.2030823487529014 dE =  5.59957E-01
SCF Iteration 217: Energy = 1.6235401681788353 dE = -5.79542E-01
SCF Iteration 218: Energy = 2.1638190562334261 dE =  5.40279E-01
SCF Iteration 219: Energy = 1.5902249203351453 dE = -5.73594E-01
SCF Iteration 220: Energy = 2.0979045612647851 dE =  5.07680E-01
SCF Iteration 221: Energy = 1.5346107203207171 dE = -5.63294E-01
SCF Iteration 222: Energy = 1.9902815983728026 dE =  4.55671E-01
SCF Iteration 223: Energy = 1.4446538681832355 dE = -5.45628E-01
SCF Iteration 224: Energy = 1.8223910902390541 dE =  3.77737E-01
SCF Iteration 225: Energy = 1.3064233353216239 dE = -5.15968E-01
SCF Iteration 226: Energy = 1.5786398240575352 dE =  2.72216E-01
SCF Iteration 227: Energy = 1.1102956936882671 dE = -4.68344E-01
SCF Iteration 228: Energy = 1.2604916041615384 dE =  1.50196E-01
SCF Iteration 229: Energy = 0.8624560540578526 dE = -3.98036E-01
SCF Iteration 230: Energy = 0.9011999264992625 dE =  3.87439E-02
SCF Iteration 231: Energy = 0.5937275830162660 dE = -3.07472E-01
SCF Iteration 232: Energy = 0.5609700920874179 dE = -3.27575E-02
SCF Iteration 233: Energy = 0.3502836562232816 dE = -2.10686E-01
SCF Iteration 234: Energy = 0.2940774000097877 dE = -5.62063E-02
SCF Iteration 235: Energy = 0.1669114674302419 dE = -1.27166E-01
SCF Iteration 236: Energy = 0.1184089421796690 dE = -4.85025E-02
SCF Iteration 237: Energy = 0.0498644109703075 dE = -6.85445E-02
SCF Iteration 238: Energy = 0.0182453279382062 dE = -3.16191E-02
SCF Iteration 239: Energy = -0.0156285332474249 dE = -3.38739E-02
SCF Iteration 240: Energy = -0.0331670926587742 dE = -1.75386E-02
SCF Iteration 241: Energy = -0.0489414431067705 dE = -1.57744E-02
SCF Iteration 242: Energy = -0.0577478391839472 dE = -8.80640E-03
SCF Iteration 243: Energy = -0.0648216992407704 dE = -7.07386E-03
SCF Iteration 244: Energy = -0.0689758931733309 dE = -4.15419E-03
SCF Iteration 245: Energy = -0.0720758303073326 dE = -3.09994E-03
SCF Iteration 246: Energy = -0.0739595699163997 dE = -1.88374E-03
SCF Iteration 247: Energy = -0.0752992232555756 dE = -1.33965E-03
SCF Iteration 248: Energy = -0.0761321590022135 dE = -8.32936E-04
SCF Iteration 249: Energy = -0.0767061872199006 dE = -5.74028E-04
SCF Iteration 250: Energy = -0.0770685686278316 dE = -3.62381E-04
SCF Iteration 251: Energy = -0.0773132356312605 dE = -2.44667E-04
SCF Iteration 252: Energy = -0.0774692510288593 dE = -1.56015E-04
SCF Iteration 253: Energy = -0.0775731862404654 dE = -1.03935E-04
SCF Iteration 254: Energy = -0.0776398992078620 dE = -6.67130E-05
SCF Iteration 255: Energy = -0.0776839563124083 dE = -4.40571E-05
SCF Iteration 256: Energy = -0.0777123568190423 dE = -2.84005E-05
SCF Iteration 257: Energy = -0.0777310062102057 dE = -1.86494E-05
SCF Iteration 258: Energy = -0.0777430617611161 dE = -1.20556E-05
SCF Iteration 259: Energy = -0.0777509489421928 dE = -7.88718E-06
SCF Iteration 260: Energy = -0.0777560567326279 dE = -5.10779E-06
SCF Iteration 261: Energy = -0.0777593904393790 dE = -3.33371E-06
SCF Iteration 262: Energy = -0.0777615519284267 dE = -2.16149E-06
SCF Iteration 263: Energy = -0.0777629604858907 dE = -1.40856E-06
SCF Iteration 264: Energy = -0.0777638744671214 dE = -9.13981E-07
SCF Iteration 265: Energy = -0.0777644694794115 dE = -5.95012E-07
SCF Iteration 266: Energy = -0.0777648557676485 dE = -3.86288E-07
SCF Iteration 267: Energy = -0.0777651070858298 dE = -2.51318E-07
SCF Iteration 268: Energy = -0.0777652703003886 dE = -1.63215E-07
SCF Iteration 269: Energy = -0.0777653764448800 dE = -1.06144E-07
SCF Iteration 270: Energy = -0.0777654453949888 dE = -6.89501E-08
SCF Iteration 271: Energy = -0.0777654902247598 dE = -4.48298E-08
SCF Iteration 272: Energy = -0.0777655193504772 dE = -2.91257E-08
SCF Iteration 273: Energy = -0.0777655382846092 dE = -1.89341E-08
SCF Iteration 274: Energy = -0.0777655505875425 dE = -1.23029E-08
SCF Iteration 275: Energy = -0.0777655585848467 dE = -7.99730E-09
SCF Iteration 276: Energy = -0.0777655637817984 dE = -5.19695E-09
SCF Iteration 277: Energy = -0.0777655671598660 dE = -3.37807E-09
SCF Iteration 278: Energy = -0.0777655693552415 dE = -2.19538E-09
SCF Iteration 279: Energy = -0.0777655707822480 dE = -1.42701E-09
SCF Iteration 280: Energy = -0.0777655717097070 dE = -9.27459E-10
SCF Iteration 281: Energy = -0.0777655723125732 dE = -6.02866E-10
SCF Iteration 282: Energy = -0.0777655727044109 dE = -3.91838E-10
SCF Iteration 283: Energy = -0.0777655729591333 dE = -2.54722E-10
SCF Iteration 284: Energy = -0.0777655731247062 dE = -1.65573E-10
SCF Iteration 285: Energy = -0.0777655732323277 dE = -1.07621E-10
SCF Iteration 286: Energy = -0.0777655733022953 dE = -6.99676E-11

SCF converged.
E_QED_HF          = -0.077765573302295
HF  (psi4)        = -0.989203381512646
Starting with the CCSD calculation:

Iter  Energy(CCSD)      E_diff    time(sec)
  1:  -0.1711171582  1.71117E-01   19.071
  2:  -0.2603706074  8.92534E-02   19.078
  3:  -0.3083780235  4.80074E-02   19.077
  4:  -0.3357496165  2.73716E-02   19.082
  5:  -0.3614913758  2.57418E-02   19.079
  6:  -0.3864334056  2.49420E-02   19.057
  7:  -0.4000266631  1.35933E-02   19.064
  8:  -0.4123648992  1.23382E-02   19.057
  9:  -0.4261648799  1.38000E-02   19.061
 10:  -0.4428828575  1.67180E-02   19.055
 11:  -0.4562639759  1.33811E-02   19.068
 12:  -0.4702533434  1.39894E-02   19.058
 13:  -0.4761509956  5.89765E-03   19.064
 14:  -0.4864803436  1.03293E-02   19.056
 15:  -0.4912762251  4.79588E-03   19.064
 16:  -0.5002117049  8.93548E-03   19.063
 17:  -0.5047200816  4.50838E-03   19.061
 18:  -0.5089355399  4.21546E-03   19.052
 19:  -0.5111717831  2.23624E-03   19.053
 20:  -0.5124825066  1.31072E-03   19.062
 21:  -0.5141532315  1.67072E-03   19.061
 22:  -0.5155526785  1.39945E-03   19.057
 23:  -0.5149683897  5.84289E-04   19.062
 24:  -0.5150914834  1.23094E-04   19.063
 25:  -0.5155330173  4.41534E-04   19.067
 26:  -0.5154682420  6.47753E-05   19.071
 27:  -0.5157493319  2.81090E-04   19.070
 28:  -0.5158764789  1.27147E-04   19.069
 29:  -0.5158666389  9.84003E-06   19.070
 30:  -0.5157093216  1.57317E-04   19.068
 31:  -0.5156610700  4.82516E-05   19.086
 32:  -0.5153951687  2.65901E-04   19.072
 33:  -0.5153527010  4.24678E-05   19.074
 34:  -0.5151922432  1.60458E-04   19.067
 35:  -0.5151431806  4.90625E-05   19.068
 36:  -0.5150709619  7.22187E-05   19.064
 37:  -0.5150131325  5.78294E-05   19.071
 38:  -0.5149446894  6.84431E-05   19.070
 39:  -0.5148570604  8.76290E-05   19.063
 40:  -0.5148124715  4.45888E-05   19.068
 41:  -0.5147657176  4.67539E-05   19.071
 42:  -0.5147321633  3.35543E-05   19.068
 43:  -0.5147142134  1.79499E-05   19.068
 44:  -0.5147023841  1.18294E-05   19.074
 45:  -0.5146874224  1.49617E-05   19.064
 46:  -0.5146721777  1.52447E-05   19.070
 47:  -0.5146601424  1.20353E-05   19.066
 48:  -0.5146467786  1.33638E-05   19.064
 49:  -0.5146353944  1.13842E-05   19.064
 50:  -0.5146263194  9.07500E-06   19.064
E_QED_CCSD  (Corr.)  = -0.514626319383200
E_QED_CCSD tot       = -0.592391892685495
E_CCSD_psi4 (Corr.)  = -0.067434596672864
E_CCSD_psi4 tot      = -1.056637978185510
