
  Memory set to  55.879 GiB by Python driver.
  Threads set to 1 by Python driver.
Settings:
	LOT = CCSD-S2-U22
	wc = 20.0 eV
	lambda = [0.969939 0.       0.      ] a.u.
	Equivalent A0 = LAMBDA / sqrt(2 wc) = [0.8 0.  0. ])
doing QED-CCSD-Full (or QED-CCSD-22)
Number of occupied orbitals:   1
Number of basis functions:  60
SCF Iteration   1: Energy = 0.4964698460518791 dE =  4.96470E-01
SCF Iteration   2: Energy = -0.2269514651051567 dE = -7.23421E-01
SCF Iteration   3: Energy = -0.2334903580497122 dE = -6.53889E-03
SCF Iteration   4: Energy = -0.2336217014657609 dE = -1.31343E-04
SCF Iteration   5: Energy = -0.2336254614257909 dE = -3.75996E-06
SCF Iteration   6: Energy = -0.2336255878048161 dE = -1.26379E-07
SCF Iteration   7: Energy = -0.2336255923581414 dE = -4.55333E-09
SCF Iteration   8: Energy = -0.2336255925271331 dE = -1.68992E-10
SCF Iteration   9: Energy = -0.2336255925334849 dE = -6.35181E-12

SCF converged.
E_QED_HF          = -0.233625592533485
HF  (psi4)        = -1.075884431769524
Starting with the CCSD calculation:

Iter  Energy(CCSD)      E_diff    time(sec)
  1:  -0.5372001544  5.37200E-01   19.082
  2:  -0.5127343464  2.44658E-02   19.070
  3:  -0.5073223247  5.41202E-03   19.085
  4:  -0.5318931572  2.45708E-02   19.067
  5:  -0.5526939716  2.08008E-02   19.072
  6:  -0.5510317903  1.66218E-03   19.058
  7:  -0.5531999333  2.16814E-03   19.054
  8:  -0.5576466481  4.44671E-03   19.070
  9:  -0.5584972545  8.50606E-04   19.060
 10:  -0.5592740508  7.76796E-04   19.056
 11:  -0.5595498306  2.75780E-04   19.063
 12:  -0.5595831615  3.33309E-05   19.056
 13:  -0.5596091772  2.60157E-05   19.053
 14:  -0.5596029610  6.21627E-06   19.062
 15:  -0.5596045519  1.59093E-06   19.061
 16:  -0.5595961886  8.36325E-06   19.066
 17:  -0.5595922590  3.92967E-06   19.053
 18:  -0.5595910271  1.23182E-06   19.055
 19:  -0.5595912399  2.12782E-07   19.052
 20:  -0.5595913194  7.95209E-08   19.057
 21:  -0.5595914052  8.57918E-08   19.065
 22:  -0.5595913749  3.03603E-08   19.075
 23:  -0.5595913908  1.59671E-08   19.066
 24:  -0.5595913630  2.78589E-08   19.073
 25:  -0.5595913500  1.29689E-08   19.086
 26:  -0.5595913711  2.10681E-08   19.065
 27:  -0.5595913772  6.11449E-09   19.069
E_QED_CCSD  (Corr.)  = -0.559591377197409
E_QED_CCSD tot       = -0.793216969730894
E_CCSD_psi4 (Corr.)  = -0.048188346925660
E_CCSD_psi4 tot      = -1.124072778695184
