
  Memory set to  55.879 GiB by Python driver.
  Threads set to 1 by Python driver.
Settings:
	LOT = CCSD-S2-U22
	wc = 20.0 eV
	lambda = [0.969939 0.       0.      ] a.u.
	Equivalent A0 = LAMBDA / sqrt(2 wc) = [0.8 0.  0. ])
doing QED-CCSD-Full (or QED-CCSD-22)
Number of occupied orbitals:   1
Number of basis functions:  60
SCF Iteration   1: Energy = 4.5561837285298665 dE =  4.55618E+00
SCF Iteration   2: Energy = 5.0521048605799894 dE =  4.95921E-01
SCF Iteration   3: Energy = 4.7896324173804992 dE = -2.62472E-01
SCF Iteration   4: Energy = 5.0183131487918970 dE =  2.28681E-01
SCF Iteration   5: Energy = 4.8963755648056946 dE = -1.21938E-01
SCF Iteration   6: Energy = 5.0216622228068495 dE =  1.25287E-01
SCF Iteration   7: Energy = 4.9383433843164646 dE = -8.33188E-02
SCF Iteration   8: Energy = 5.0246375847971603 dE =  8.62942E-02
SCF Iteration   9: Energy = 4.9545911395268396 dE = -7.00464E-02
SCF Iteration  10: Energy = 5.0245747454935668 dE =  6.99836E-02
SCF Iteration  11: Energy = 4.9596379599552600 dE = -6.49368E-02
SCF Iteration  12: Energy = 5.0222221944940273 dE =  6.25842E-02
SCF Iteration  13: Energy = 4.9594082255608107 dE = -6.28140E-02
SCF Iteration  14: Energy = 5.0185142821662243 dE =  5.91061E-02
SCF Iteration  15: Energy = 4.9566581804331697 dE = -6.18561E-02
SCF Iteration  16: Energy = 5.0141783383769791 dE =  5.75202E-02
SCF Iteration  17: Energy = 4.9528068289628120 dE = -6.13715E-02
SCF Iteration  18: Energy = 5.0097112030932802 dE =  5.69044E-02
SCF Iteration  19: Energy = 4.9486231869340447 dE = -6.10880E-02
SCF Iteration  20: Energy = 5.0054209445700035 dE =  5.67978E-02
SCF Iteration  21: Energy = 4.9445245356109888 dE = -6.08964E-02
SCF Iteration  22: Energy = 5.0014780087238844 dE =  5.69535E-02
SCF Iteration  23: Energy = 4.9407259258978193 dE = -6.07521E-02
SCF Iteration  24: Energy = 4.9979599192700688 dE =  5.72340E-02
SCF Iteration  25: Energy = 4.9373236841766399 dE = -6.06362E-02
SCF Iteration  26: Energy = 4.9948854423032696 dE =  5.75618E-02
SCF Iteration  27: Energy = 4.9343450714847208 dE = -6.05404E-02
SCF Iteration  28: Energy = 4.9922387266031389 dE =  5.78937E-02
SCF Iteration  29: Energy = 4.9317786144727478 dE = -6.04601E-02
SCF Iteration  30: Energy = 4.9899854368080572 dE =  5.82068E-02
SCF Iteration  31: Energy = 4.9295926882929537 dE = -6.03927E-02
SCF Iteration  32: Energy = 4.9880830408586441 dE =  5.84904E-02
SCF Iteration  33: Energy = 4.9277467538087985 dE = -6.03363E-02
SCF Iteration  34: Energy = 4.9864870627612916 dE =  5.87403E-02
SCF Iteration  35: Energy = 4.9261979673861820 dE = -6.02891E-02
SCF Iteration  36: Energy = 4.9851546613140973 dE =  5.89567E-02
SCF Iteration  37: Energy = 4.9249048895720087 dE = -6.02498E-02
SCF Iteration  38: Energy = 4.9840464959437494 dE =  5.91416E-02
SCF Iteration  39: Energy = 4.9238293988045365 dE = -6.02171E-02
SCF Iteration  40: Energy = 4.9831275319098411 dE =  5.92981E-02
SCF Iteration  41: Energy = 4.9229375179269832 dE = -6.01900E-02
SCF Iteration  42: Energy = 4.9823672146191935 dE =  5.94297E-02
SCF Iteration  43: Energy = 4.9221996030662742 dE = -6.01676E-02
SCF Iteration  44: Energy = 4.9817392891990737 dE =  5.95397E-02
SCF Iteration  45: Energy = 4.9215901770978805 dE = -6.01491E-02
SCF Iteration  46: Energy = 4.9812214384652984 dE =  5.96313E-02
SCF Iteration  47: Energy = 4.9210875819752893 dE = -6.01339E-02
SCF Iteration  48: Energy = 4.9807948448122135 dE =  5.97073E-02
SCF Iteration  49: Energy = 4.9206735550920122 dE = -6.01213E-02
SCF Iteration  50: Energy = 4.9804437379935056 dE =  5.97702E-02
SCF Iteration  51: Energy = 4.9203327910297947 dE = -6.01109E-02
SCF Iteration  52: Energy = 4.9801549632066262 dE =  5.98222E-02
SCF Iteration  53: Energy = 4.9200525226220773 dE = -6.01024E-02
SCF Iteration  54: Energy = 4.9799175868151364 dE =  5.98651E-02
SCF Iteration  55: Energy = 4.9198221383858014 dE = -6.00954E-02
SCF Iteration  56: Energy = 4.9797225467308097 dE =  5.99004E-02
SCF Iteration  57: Energy = 4.9196328432346146 dE = -6.00897E-02
SCF Iteration  58: Energy = 4.9795623484743023 dE =  5.99295E-02
SCF Iteration  59: Energy = 4.9194773635019011 dE = -6.00850E-02
SCF Iteration  60: Energy = 4.9794308046336644 dE =  5.99534E-02
SCF Iteration  61: Energy = 4.9193496940763968 dE = -6.00811E-02
SCF Iteration  62: Energy = 4.9793228138038979 dE =  5.99731E-02
SCF Iteration  63: Energy = 4.9192448838543283 dE = -6.00779E-02
SCF Iteration  64: Energy = 4.9792341744540352 dE =  5.99893E-02
SCF Iteration  65: Energy = 4.9191588550901315 dE = -6.00753E-02
SCF Iteration  66: Energy = 4.9791614291072168 dE =  6.00026E-02
SCF Iteration  67: Energy = 4.9190882521677679 dE = -6.00732E-02
SCF Iteration  68: Energy = 4.9791017344736845 dE =  6.00135E-02
SCF Iteration  69: Energy = 4.9190303155604802 dE = -6.00714E-02
SCF Iteration  70: Energy = 4.9790527535835682 dE =  6.00224E-02
SCF Iteration  71: Energy = 4.9189827771424328 dE = -6.00700E-02
SCF Iteration  72: Energy = 4.9790125664304350 dE =  6.00298E-02
SCF Iteration  73: Energy = 4.9189437734656689 dE = -6.00688E-02
SCF Iteration  74: Energy = 4.9789795961026968 dE =  6.00358E-02
SCF Iteration  75: Energy = 4.9189117740683947 dE = -6.00678E-02
SCF Iteration  76: Energy = 4.9789525478179453 dE =  6.00408E-02
SCF Iteration  77: Energy = 4.9188855223059544 dE = -6.00670E-02
SCF Iteration  78: Energy = 4.9789303586706524 dE =  6.00448E-02
SCF Iteration  79: Energy = 4.9188639865795318 dE = -6.00664E-02
SCF Iteration  80: Energy = 4.9789121562528535 dE =  6.00482E-02
SCF Iteration  81: Energy = 4.9188463201760264 dE = -6.00658E-02
SCF Iteration  82: Energy = 4.9788972246081471 dE =  6.00509E-02
SCF Iteration  83: Energy = 4.9188318282252759 dE = -6.00654E-02
SCF Iteration  84: Energy = 4.9788849762372802 dE =  6.00531E-02
SCF Iteration  85: Energy = 4.9188199405304971 dE = -6.00650E-02
SCF Iteration  86: Energy = 4.9788749290911039 dE =  6.00550E-02
SCF Iteration  87: Energy = 4.9188101892389913 dE = -6.00647E-02
SCF Iteration  88: Energy = 4.9788666876700898 dE =  6.00565E-02
SCF Iteration  89: Energy = 4.9188021904985195 dE = -6.00645E-02
SCF Iteration  90: Energy = 4.9788599275021399 dE =  6.00577E-02
SCF Iteration  91: Energy = 4.9187956293923802 dE = -6.00643E-02
SCF Iteration  92: Energy = 4.9788543823983122 dE =  6.00588E-02
SCF Iteration  93: Energy = 4.9187902475704561 dE = -6.00641E-02
SCF Iteration  94: Energy = 4.9788498339911058 dE =  6.00596E-02
SCF Iteration  95: Energy = 4.9187858330957193 dE = -6.00640E-02
SCF Iteration  96: Energy = 4.9788461031481157 dE =  6.00603E-02
SCF Iteration  97: Energy = 4.9187822121108287 dE = -6.00639E-02
SCF Iteration  98: Energy = 4.9788430429257344 dE =  6.00608E-02
SCF Iteration  99: Energy = 4.9187792419992462 dE = -6.00638E-02
SCF Iteration 100: Energy = 4.9788405327870553 dE =  6.00613E-02
SCF Iteration 101: Energy = 4.9187768057734980 dE = -6.00637E-02
SCF Iteration 102: Energy = 4.9788384738578486 dE =  6.00617E-02
SCF Iteration 103: Energy = 4.9187748074709070 dE = -6.00637E-02
SCF Iteration 104: Energy = 4.9788367850342308 dE =  6.00620E-02
SCF Iteration 105: Energy = 4.9187731683757807 dE = -6.00636E-02
SCF Iteration 106: Energy = 4.9788353997894639 dE =  6.00622E-02
SCF Iteration 107: Energy = 4.9187718239203893 dE = -6.00636E-02
SCF Iteration 108: Energy = 4.9788342635543126 dE =  6.00624E-02
SCF Iteration 109: Energy = 4.9187707211423142 dE = -6.00635E-02
SCF Iteration 110: Energy = 4.9788333315680546 dE =  6.00626E-02
SCF Iteration 111: Energy = 4.9187698165988802 dE = -6.00635E-02
SCF Iteration 112: Energy = 4.9788325671156173 dE =  6.00628E-02
SCF Iteration 113: Energy = 4.9187690746561445 dE = -6.00635E-02
SCF Iteration 114: Energy = 4.9788319400815135 dE =  6.00629E-02
SCF Iteration 115: Energy = 4.9187684660853659 dE = -6.00635E-02
SCF Iteration 116: Energy = 4.9788314257636355 dE =  6.00630E-02
SCF Iteration 117: Energy = 4.9187679669118101 dE = -6.00635E-02
SCF Iteration 118: Energy = 4.9788310039001304 dE =  6.00630E-02
SCF Iteration 119: Energy = 4.9187675574702752 dE = -6.00634E-02
SCF Iteration 120: Energy = 4.9788306578714341 dE =  6.00631E-02
SCF Iteration 121: Energy = 4.9187672216305467 dE = -6.00634E-02
SCF Iteration 122: Energy = 4.9788303740454349 dE =  6.00632E-02
SCF Iteration 123: Energy = 4.9187669461619219 dE = -6.00634E-02
SCF Iteration 124: Energy = 4.9788301412405040 dE =  6.00632E-02
SCF Iteration 125: Energy = 4.9187667202120346 dE = -6.00634E-02
SCF Iteration 126: Energy = 4.9788299502850348 dE =  6.00632E-02
SCF Iteration 127: Energy = 4.9187665348793326 dE = -6.00634E-02
SCF Iteration 128: Energy = 4.9788297936561134 dE =  6.00633E-02
SCF Iteration 129: Energy = 4.9187663828624029 dE = -6.00634E-02
SCF Iteration 130: Energy = 4.9788296651831487 dE =  6.00633E-02
SCF Iteration 131: Energy = 4.9187662581723810 dE = -6.00634E-02
SCF Iteration 132: Energy = 4.9788295598047689 dE =  6.00633E-02
SCF Iteration 133: Energy = 4.9187661558969138 dE = -6.00634E-02
SCF Iteration 134: Energy = 4.9788294733694434 dE =  6.00633E-02
SCF Iteration 135: Energy = 4.9187660720067079 dE = -6.00634E-02
SCF Iteration 136: Energy = 4.9788294024719280 dE =  6.00633E-02
SCF Iteration 137: Energy = 4.9187660031967981 dE = -6.00634E-02
SCF Iteration 138: Energy = 4.9788293443191272 dE =  6.00633E-02
SCF Iteration 139: Energy = 4.9187659467563227 dE = -6.00634E-02
SCF Iteration 140: Energy = 4.9788292966199803 dE =  6.00633E-02
SCF Iteration 141: Energy = 4.9187659004616906 dE = -6.00634E-02
SCF Iteration 142: Energy = 4.9788292574953523 dE =  6.00634E-02
SCF Iteration 143: Energy = 4.9187658624891206 dE = -6.00634E-02
SCF Iteration 144: Energy = 4.9788292254038842 dE =  6.00634E-02
SCF Iteration 145: Energy = 4.9187658313425926 dE = -6.00634E-02
SCF Iteration 146: Energy = 4.9788291990812432 dE =  6.00634E-02
SCF Iteration 147: Energy = 4.9187658057950276 dE = -6.00634E-02
SCF Iteration 148: Energy = 4.9788291774904234 dE =  6.00634E-02
SCF Iteration 149: Energy = 4.9187657848399642 dE = -6.00634E-02
SCF Iteration 150: Energy = 4.9788291597808314 dE =  6.00634E-02
SCF Iteration 151: Energy = 4.9187657676518235 dE = -6.00634E-02
SCF Iteration 152: Energy = 4.9788291452547409 dE =  6.00634E-02
SCF Iteration 153: Energy = 4.9187657535534726 dE = -6.00634E-02
SCF Iteration 154: Energy = 4.9788291333399046 dE =  6.00634E-02
SCF Iteration 155: Energy = 4.9187657419894641 dE = -6.00634E-02
SCF Iteration 156: Energy = 4.9788291235669035 dE =  6.00634E-02
SCF Iteration 157: Energy = 4.9187657325042462 dE = -6.00634E-02
SCF Iteration 158: Energy = 4.9788291155507300 dE =  6.00634E-02
SCF Iteration 159: Energy = 4.9187657247241088 dE = -6.00634E-02
SCF Iteration 160: Energy = 4.9788291089755754 dE =  6.00634E-02
SCF Iteration 161: Energy = 4.9187657183425477 dE = -6.00634E-02
SCF Iteration 162: Energy = 4.9788291035823686 dE =  6.00634E-02
SCF Iteration 163: Energy = 4.9187657131081473 dE = -6.00634E-02
SCF Iteration 164: Energy = 4.9788290991586557 dE =  6.00634E-02
SCF Iteration 165: Energy = 4.9187657088146945 dE = -6.00634E-02
SCF Iteration 166: Energy = 4.9788290955301626 dE =  6.00634E-02
SCF Iteration 167: Energy = 4.9187657052930494 dE = -6.00634E-02
SCF Iteration 168: Energy = 4.9788290925539407 dE =  6.00634E-02
SCF Iteration 169: Energy = 4.9187657024044675 dE = -6.00634E-02
SCF Iteration 170: Energy = 4.9788290901127272 dE =  6.00634E-02
SCF Iteration 171: Energy = 4.9187657000351175 dE = -6.00634E-02
SCF Iteration 172: Energy = 4.9788290881103494 dE =  6.00634E-02
SCF Iteration 173: Energy = 4.9187656980917129 dE = -6.00634E-02
SCF Iteration 174: Energy = 4.9788290864679308 dE =  6.00634E-02
SCF Iteration 175: Energy = 4.9187656964976574 dE = -6.00634E-02
SCF Iteration 176: Energy = 4.9788290851207471 dE =  6.00634E-02
SCF Iteration 177: Energy = 4.9187656951901531 dE = -6.00634E-02
SCF Iteration 178: Energy = 4.9788290840157625 dE =  6.00634E-02
SCF Iteration 179: Energy = 4.9187656941176883 dE = -6.00634E-02
SCF Iteration 180: Energy = 4.9788290831093835 dE =  6.00634E-02
SCF Iteration 181: Energy = 4.9187656932380044 dE = -6.00634E-02
SCF Iteration 182: Energy = 4.9788290823659533 dE =  6.00634E-02
SCF Iteration 183: Energy = 4.9187656925164589 dE = -6.00634E-02
SCF Iteration 184: Energy = 4.9788290817561611 dE =  6.00634E-02
SCF Iteration 185: Energy = 4.9187656919246248 dE = -6.00634E-02
SCF Iteration 186: Energy = 4.9788290812559888 dE =  6.00634E-02
SCF Iteration 187: Energy = 4.9187656914391766 dE = -6.00634E-02
SCF Iteration 188: Energy = 4.9788290808457187 dE =  6.00634E-02
SCF Iteration 189: Energy = 4.9187656910409938 dE = -6.00634E-02
SCF Iteration 190: Energy = 4.9788290805092057 dE =  6.00634E-02
SCF Iteration 191: Energy = 4.9187656907143813 dE = -6.00634E-02
SCF Iteration 192: Energy = 4.9788290802331900 dE =  6.00634E-02
SCF Iteration 193: Energy = 4.9187656904464863 dE = -6.00634E-02
SCF Iteration 194: Energy = 4.9788290800067880 dE =  6.00634E-02
SCF Iteration 195: Energy = 4.9187656902267634 dE = -6.00634E-02
SCF Iteration 196: Energy = 4.9788290798210753 dE =  6.00634E-02
SCF Iteration 197: Energy = 4.9187656900465182 dE = -6.00634E-02
SCF Iteration 198: Energy = 4.9788290796687598 dE =  6.00634E-02
SCF Iteration 199: Energy = 4.9187656898986916 dE = -6.00634E-02
SCF Iteration 200: Energy = 4.9788290795438090 dE =  6.00634E-02
SCF Iteration 201: Energy = 4.9187656897774268 dE = -6.00634E-02
SCF Iteration 202: Energy = 4.9788290794413363 dE =  6.00634E-02
SCF Iteration 203: Energy = 4.9187656896779703 dE = -6.00634E-02
SCF Iteration 204: Energy = 4.9788290793572809 dE =  6.00634E-02
SCF Iteration 205: Energy = 4.9187656895963814 dE = -6.00634E-02
SCF Iteration 206: Energy = 4.9788290792883441 dE =  6.00634E-02
SCF Iteration 207: Energy = 4.9187656895294793 dE = -6.00634E-02
SCF Iteration 208: Energy = 4.9788290792317804 dE =  6.00634E-02
SCF Iteration 209: Energy = 4.9187656894745828 dE = -6.00634E-02
SCF Iteration 210: Energy = 4.9788290791853900 dE =  6.00634E-02
SCF Iteration 211: Energy = 4.9187656894295557 dE = -6.00634E-02
SCF Iteration 212: Energy = 4.9788290791473422 dE =  6.00634E-02
SCF Iteration 213: Energy = 4.9187656893926182 dE = -6.00634E-02
SCF Iteration 214: Energy = 4.9788290791161272 dE =  6.00634E-02
SCF Iteration 215: Energy = 4.9187656893623286 dE = -6.00634E-02
SCF Iteration 216: Energy = 4.9788290790905343 dE =  6.00634E-02
SCF Iteration 217: Energy = 4.9187656893374889 dE = -6.00634E-02
SCF Iteration 218: Energy = 4.9788290790695333 dE =  6.00634E-02
SCF Iteration 219: Energy = 4.9187656893171070 dE = -6.00634E-02
SCF Iteration 220: Energy = 4.9788290790523142 dE =  6.00634E-02
SCF Iteration 221: Energy = 4.9187656893003950 dE = -6.00634E-02
SCF Iteration 222: Energy = 4.9788290790381939 dE =  6.00634E-02
SCF Iteration 223: Energy = 4.9187656892866833 dE = -6.00634E-02
SCF Iteration 224: Energy = 4.9788290790266139 dE =  6.00634E-02
SCF Iteration 225: Energy = 4.9187656892754390 dE = -6.00634E-02
SCF Iteration 226: Energy = 4.9788290790171112 dE =  6.00634E-02
SCF Iteration 227: Energy = 4.9187656892662215 dE = -6.00634E-02
SCF Iteration 228: Energy = 4.9788290790093184 dE =  6.00634E-02
SCF Iteration 229: Energy = 4.9187656892586649 dE = -6.00634E-02
SCF Iteration 230: Energy = 4.9788290790029217 dE =  6.00634E-02
SCF Iteration 231: Energy = 4.9187656892524529 dE = -6.00634E-02
SCF Iteration 232: Energy = 4.9788290789976735 dE =  6.00634E-02
SCF Iteration 233: Energy = 4.9187656892473708 dE = -6.00634E-02
SCF Iteration 234: Energy = 4.9788290789933765 dE =  6.00634E-02
SCF Iteration 235: Energy = 4.9187656892431981 dE = -6.00634E-02
SCF Iteration 236: Energy = 4.9788290789898442 dE =  6.00634E-02
SCF Iteration 237: Energy = 4.9187656892397609 dE = -6.00634E-02
SCF Iteration 238: Energy = 4.9788290789869460 dE =  6.00634E-02
SCF Iteration 239: Energy = 4.9187656892369525 dE = -6.00634E-02
SCF Iteration 240: Energy = 4.9788290789845675 dE =  6.00634E-02
SCF Iteration 241: Energy = 4.9187656892346308 dE = -6.00634E-02
SCF Iteration 242: Energy = 4.9788290789826259 dE =  6.00634E-02
SCF Iteration 243: Energy = 4.9187656892327514 dE = -6.00634E-02
SCF Iteration 244: Energy = 4.9788290789810254 dE =  6.00634E-02
SCF Iteration 245: Energy = 4.9187656892312095 dE = -6.00634E-02
SCF Iteration 246: Energy = 4.9788290789797163 dE =  6.00634E-02
SCF Iteration 247: Energy = 4.9187656892299350 dE = -6.00634E-02
SCF Iteration 248: Energy = 4.9788290789786407 dE =  6.00634E-02
SCF Iteration 249: Energy = 4.9187656892288878 dE = -6.00634E-02
SCF Iteration 250: Energy = 4.9788290789777605 dE =  6.00634E-02
SCF Iteration 251: Energy = 4.9187656892280263 dE = -6.00634E-02
SCF Iteration 252: Energy = 4.9788290789770357 dE =  6.00634E-02
SCF Iteration 253: Energy = 4.9187656892273246 dE = -6.00634E-02
SCF Iteration 254: Energy = 4.9788290789764345 dE =  6.00634E-02
SCF Iteration 255: Energy = 4.9187656892267571 dE = -6.00634E-02
SCF Iteration 256: Energy = 4.9788290789759531 dE =  6.00634E-02
SCF Iteration 257: Energy = 4.9187656892262774 dE = -6.00634E-02
SCF Iteration 258: Energy = 4.9788290789755543 dE =  6.00634E-02
SCF Iteration 259: Energy = 4.9187656892258964 dE = -6.00634E-02
SCF Iteration 260: Energy = 4.9788290789752265 dE =  6.00634E-02
SCF Iteration 261: Energy = 4.9187656892255802 dE = -6.00634E-02
SCF Iteration 262: Energy = 4.9788290789749547 dE =  6.00634E-02
SCF Iteration 263: Energy = 4.9187656892253075 dE = -6.00634E-02
SCF Iteration 264: Energy = 4.9788290789747389 dE =  6.00634E-02
SCF Iteration 265: Energy = 4.9187656892250917 dE = -6.00634E-02
SCF Iteration 266: Energy = 4.9788290789745568 dE =  6.00634E-02
SCF Iteration 267: Energy = 4.9187656892249256 dE = -6.00634E-02
SCF Iteration 268: Energy = 4.9788290789744032 dE =  6.00634E-02
SCF Iteration 269: Energy = 4.9187656892247835 dE = -6.00634E-02
SCF Iteration 270: Energy = 4.9788290789742948 dE =  6.00634E-02
SCF Iteration 271: Energy = 4.9187656892246689 dE = -6.00634E-02
SCF Iteration 272: Energy = 4.9788290789741936 dE =  6.00634E-02
SCF Iteration 273: Energy = 4.9187656892245748 dE = -6.00634E-02
SCF Iteration 274: Energy = 4.9788290789741190 dE =  6.00634E-02
SCF Iteration 275: Energy = 4.9187656892244842 dE = -6.00634E-02
SCF Iteration 276: Energy = 4.9788290789740284 dE =  6.00634E-02
SCF Iteration 277: Energy = 4.9187656892244203 dE = -6.00634E-02
SCF Iteration 278: Energy = 4.9788290789739760 dE =  6.00634E-02
SCF Iteration 279: Energy = 4.9187656892243581 dE = -6.00634E-02
SCF Iteration 280: Energy = 4.9788290789739325 dE =  6.00634E-02
SCF Iteration 281: Energy = 4.9187656892243234 dE = -6.00634E-02
SCF Iteration 282: Energy = 4.9788290789738978 dE =  6.00634E-02
SCF Iteration 283: Energy = 4.9187656892242861 dE = -6.00634E-02
SCF Iteration 284: Energy = 4.9788290789738703 dE =  6.00634E-02
SCF Iteration 285: Energy = 4.9187656892242524 dE = -6.00634E-02
SCF Iteration 286: Energy = 4.9788290789738463 dE =  6.00634E-02
SCF Iteration 287: Energy = 4.9187656892242373 dE = -6.00634E-02
SCF Iteration 288: Energy = 4.9788290789738312 dE =  6.00634E-02
SCF Iteration 289: Energy = 4.9187656892242151 dE = -6.00634E-02
SCF Iteration 290: Energy = 4.9788290789738099 dE =  6.00634E-02
SCF Iteration 291: Energy = 4.9187656892241947 dE = -6.00634E-02
SCF Iteration 292: Energy = 4.9788290789738010 dE =  6.00634E-02
SCF Iteration 293: Energy = 4.9187656892241911 dE = -6.00634E-02
SCF Iteration 294: Energy = 4.9788290789737903 dE =  6.00634E-02
SCF Iteration 295: Energy = 4.9187656892241733 dE = -6.00634E-02
SCF Iteration 296: Energy = 4.9788290789737841 dE =  6.00634E-02
SCF Iteration 297: Energy = 4.9187656892241787 dE = -6.00634E-02
SCF Iteration 298: Energy = 4.9788290789737761 dE =  6.00634E-02
SCF Iteration 299: Energy = 4.9187656892241556 dE = -6.00634E-02
SCF Iteration 300: Energy = 4.9788290789737566 dE =  6.00634E-02
SCF Iteration 301: Energy = 4.9187656892241369 dE = -6.00634E-02
SCF Iteration 302: Energy = 4.9788290789737539 dE =  6.00634E-02
SCF Iteration 303: Energy = 4.9187656892241423 dE = -6.00634E-02
SCF Iteration 304: Energy = 4.9788290789737566 dE =  6.00634E-02
SCF Iteration 305: Energy = 4.9187656892241556 dE = -6.00634E-02
SCF Iteration 306: Energy = 4.9788290789737495 dE =  6.00634E-02
SCF Iteration 307: Energy = 4.9187656892241360 dE = -6.00634E-02
SCF Iteration 308: Energy = 4.9788290789737513 dE =  6.00634E-02
SCF Iteration 309: Energy = 4.9187656892241431 dE = -6.00634E-02
SCF Iteration 310: Energy = 4.9788290789737504 dE =  6.00634E-02
SCF Iteration 311: Energy = 4.9187656892241360 dE = -6.00634E-02
SCF Iteration 312: Energy = 4.9788290789737459 dE =  6.00634E-02
SCF Iteration 313: Energy = 4.9187656892241387 dE = -6.00634E-02
SCF Iteration 314: Energy = 4.9788290789737442 dE =  6.00634E-02
SCF Iteration 315: Energy = 4.9187656892241440 dE = -6.00634E-02
SCF Iteration 316: Energy = 4.9788290789737379 dE =  6.00634E-02
SCF Iteration 317: Energy = 4.9187656892241289 dE = -6.00634E-02
SCF Iteration 318: Energy = 4.9788290789737353 dE =  6.00634E-02
SCF Iteration 319: Energy = 4.9187656892241254 dE = -6.00634E-02
SCF Iteration 320: Energy = 4.9788290789737459 dE =  6.00634E-02
SCF Iteration 321: Energy = 4.9187656892241272 dE = -6.00634E-02
SCF Iteration 322: Energy = 4.9788290789737371 dE =  6.00634E-02
SCF Iteration 323: Energy = 4.9187656892241218 dE = -6.00634E-02
SCF Iteration 324: Energy = 4.9788290789737406 dE =  6.00634E-02
SCF Iteration 325: Energy = 4.9187656892241254 dE = -6.00634E-02
SCF Iteration 326: Energy = 4.9788290789737406 dE =  6.00634E-02
SCF Iteration 327: Energy = 4.9187656892241334 dE = -6.00634E-02
SCF Iteration 328: Energy = 4.9788290789737433 dE =  6.00634E-02
SCF Iteration 329: Energy = 4.9187656892241280 dE = -6.00634E-02
SCF Iteration 330: Energy = 4.9788290789737353 dE =  6.00634E-02
SCF Iteration 331: Energy = 4.9187656892241183 dE = -6.00634E-02
SCF Iteration 332: Energy = 4.9788290789737371 dE =  6.00634E-02
SCF Iteration 333: Energy = 4.9187656892241218 dE = -6.00634E-02
SCF Iteration 334: Energy = 4.9788290789737344 dE =  6.00634E-02
SCF Iteration 335: Energy = 4.9187656892241298 dE = -6.00634E-02
SCF Iteration 336: Energy = 4.9788290789737397 dE =  6.00634E-02
SCF Iteration 337: Energy = 4.9187656892241236 dE = -6.00634E-02
SCF Iteration 338: Energy = 4.9788290789737299 dE =  6.00634E-02
SCF Iteration 339: Energy = 4.9187656892241218 dE = -6.00634E-02
SCF Iteration 340: Energy = 4.9788290789737379 dE =  6.00634E-02
SCF Iteration 341: Energy = 4.9187656892241201 dE = -6.00634E-02
SCF Iteration 342: Energy = 4.9788290789737406 dE =  6.00634E-02
SCF Iteration 343: Energy = 4.9187656892241183 dE = -6.00634E-02
SCF Iteration 344: Energy = 4.9788290789737397 dE =  6.00634E-02
SCF Iteration 345: Energy = 4.9187656892241289 dE = -6.00634E-02
SCF Iteration 346: Energy = 4.9788290789737264 dE =  6.00634E-02
SCF Iteration 347: Energy = 4.9187656892241165 dE = -6.00634E-02
SCF Iteration 348: Energy = 4.9788290789737299 dE =  6.00634E-02
SCF Iteration 349: Energy = 4.9187656892241165 dE = -6.00634E-02
SCF Iteration 350: Energy = 4.9788290789737335 dE =  6.00634E-02
SCF Iteration 351: Energy = 4.9187656892241201 dE = -6.00634E-02
SCF Iteration 352: Energy = 4.9788290789737317 dE =  6.00634E-02
SCF Iteration 353: Energy = 4.9187656892241121 dE = -6.00634E-02
SCF Iteration 354: Energy = 4.9788290789737317 dE =  6.00634E-02
SCF Iteration 355: Energy = 4.9187656892241307 dE = -6.00634E-02
SCF Iteration 356: Energy = 4.9788290789737246 dE =  6.00634E-02
SCF Iteration 357: Energy = 4.9187656892241147 dE = -6.00634E-02
SCF Iteration 358: Energy = 4.9788290789737264 dE =  6.00634E-02
SCF Iteration 359: Energy = 4.9187656892241343 dE = -6.00634E-02
SCF Iteration 360: Energy = 4.9788290789737388 dE =  6.00634E-02
SCF Iteration 361: Energy = 4.9187656892241192 dE = -6.00634E-02
SCF Iteration 362: Energy = 4.9788290789737388 dE =  6.00634E-02
SCF Iteration 363: Energy = 4.9187656892241316 dE = -6.00634E-02
SCF Iteration 364: Energy = 4.9788290789737450 dE =  6.00634E-02
SCF Iteration 365: Energy = 4.9187656892241218 dE = -6.00634E-02
SCF Iteration 366: Energy = 4.9788290789737299 dE =  6.00634E-02
SCF Iteration 367: Energy = 4.9187656892241263 dE = -6.00634E-02
SCF Iteration 368: Energy = 4.9788290789737406 dE =  6.00634E-02
SCF Iteration 369: Energy = 4.9187656892241254 dE = -6.00634E-02
SCF Iteration 370: Energy = 4.9788290789737282 dE =  6.00634E-02
SCF Iteration 371: Energy = 4.9187656892241236 dE = -6.00634E-02
SCF Iteration 372: Energy = 4.9788290789737299 dE =  6.00634E-02
SCF Iteration 373: Energy = 4.9187656892241236 dE = -6.00634E-02
SCF Iteration 374: Energy = 4.9788290789737273 dE =  6.00634E-02
SCF Iteration 375: Energy = 4.9187656892241218 dE = -6.00634E-02
SCF Iteration 376: Energy = 4.9788290789737344 dE =  6.00634E-02
SCF Iteration 377: Energy = 4.9187656892241183 dE = -6.00634E-02
SCF Iteration 378: Energy = 4.9788290789737335 dE =  6.00634E-02
SCF Iteration 379: Energy = 4.9187656892241201 dE = -6.00634E-02
SCF Iteration 380: Energy = 4.9788290789737379 dE =  6.00634E-02
SCF Iteration 381: Energy = 4.9187656892241201 dE = -6.00634E-02
SCF Iteration 382: Energy = 4.9788290789737299 dE =  6.00634E-02
SCF Iteration 383: Energy = 4.9187656892241236 dE = -6.00634E-02
SCF Iteration 384: Energy = 4.9788290789737433 dE =  6.00634E-02
SCF Iteration 385: Energy = 4.9187656892241369 dE = -6.00634E-02
SCF Iteration 386: Energy = 4.9788290789737299 dE =  6.00634E-02
SCF Iteration 387: Energy = 4.9187656892241263 dE = -6.00634E-02
SCF Iteration 388: Energy = 4.9788290789737388 dE =  6.00634E-02
SCF Iteration 389: Energy = 4.9187656892241316 dE = -6.00634E-02
SCF Iteration 390: Energy = 4.9788290789737406 dE =  6.00634E-02
SCF Iteration 391: Energy = 4.9187656892241245 dE = -6.00634E-02
SCF Iteration 392: Energy = 4.9788290789737353 dE =  6.00634E-02
SCF Iteration 393: Energy = 4.9187656892241360 dE = -6.00634E-02
SCF Iteration 394: Energy = 4.9788290789737371 dE =  6.00634E-02
SCF Iteration 395: Energy = 4.9187656892241218 dE = -6.00634E-02
SCF Iteration 396: Energy = 4.9788290789737282 dE =  6.00634E-02
SCF Iteration 397: Energy = 4.9187656892241298 dE = -6.00634E-02
SCF Iteration 398: Energy = 4.9788290789737433 dE =  6.00634E-02
SCF Iteration 399: Energy = 4.9187656892241289 dE = -6.00634E-02
SCF Iteration 400: Energy = 4.9788290789737442 dE =  6.00634E-02
SCF Iteration 401: Energy = 4.9187656892241236 dE = -6.00634E-02
SCF Iteration 402: Energy = 4.9788290789737317 dE =  6.00634E-02
SCF Iteration 403: Energy = 4.9187656892241218 dE = -6.00634E-02
SCF Iteration 404: Energy = 4.9788290789737379 dE =  6.00634E-02
SCF Iteration 405: Energy = 4.9187656892241254 dE = -6.00634E-02
SCF Iteration 406: Energy = 4.9788290789737344 dE =  6.00634E-02
SCF Iteration 407: Energy = 4.9187656892241307 dE = -6.00634E-02
SCF Iteration 408: Energy = 4.9788290789737442 dE =  6.00634E-02
SCF Iteration 409: Energy = 4.9187656892241360 dE = -6.00634E-02
SCF Iteration 410: Energy = 4.9788290789737353 dE =  6.00634E-02
SCF Iteration 411: Energy = 4.9187656892241307 dE = -6.00634E-02
SCF Iteration 412: Energy = 4.9788290789737371 dE =  6.00634E-02
SCF Iteration 413: Energy = 4.9187656892241209 dE = -6.00634E-02
SCF Iteration 414: Energy = 4.9788290789737317 dE =  6.00634E-02
SCF Iteration 415: Energy = 4.9187656892241165 dE = -6.00634E-02
SCF Iteration 416: Energy = 4.9788290789737459 dE =  6.00634E-02
SCF Iteration 417: Energy = 4.9187656892241431 dE = -6.00634E-02
SCF Iteration 418: Energy = 4.9788290789737317 dE =  6.00634E-02
SCF Iteration 419: Energy = 4.9187656892241272 dE = -6.00634E-02
SCF Iteration 420: Energy = 4.9788290789737379 dE =  6.00634E-02
SCF Iteration 421: Energy = 4.9187656892241227 dE = -6.00634E-02
SCF Iteration 422: Energy = 4.9788290789737371 dE =  6.00634E-02
SCF Iteration 423: Energy = 4.9187656892241236 dE = -6.00634E-02
SCF Iteration 424: Energy = 4.9788290789737424 dE =  6.00634E-02
SCF Iteration 425: Energy = 4.9187656892241254 dE = -6.00634E-02
SCF Iteration 426: Energy = 4.9788290789737371 dE =  6.00634E-02
SCF Iteration 427: Energy = 4.9187656892241378 dE = -6.00634E-02
SCF Iteration 428: Energy = 4.9788290789737433 dE =  6.00634E-02
SCF Iteration 429: Energy = 4.9187656892241352 dE = -6.00634E-02
SCF Iteration 430: Energy = 4.9788290789737388 dE =  6.00634E-02
SCF Iteration 431: Energy = 4.9187656892241369 dE = -6.00634E-02
SCF Iteration 432: Energy = 4.9788290789737495 dE =  6.00634E-02
SCF Iteration 433: Energy = 4.9187656892241298 dE = -6.00634E-02
SCF Iteration 434: Energy = 4.9788290789737468 dE =  6.00634E-02
SCF Iteration 435: Energy = 4.9187656892241414 dE = -6.00634E-02
SCF Iteration 436: Energy = 4.9788290789737388 dE =  6.00634E-02
SCF Iteration 437: Energy = 4.9187656892241378 dE = -6.00634E-02
SCF Iteration 438: Energy = 4.9788290789737344 dE =  6.00634E-02
SCF Iteration 439: Energy = 4.9187656892241272 dE = -6.00634E-02
SCF Iteration 440: Energy = 4.9788290789737424 dE =  6.00634E-02
SCF Iteration 441: Energy = 4.9187656892241325 dE = -6.00634E-02
SCF Iteration 442: Energy = 4.9788290789737388 dE =  6.00634E-02
SCF Iteration 443: Energy = 4.9187656892241254 dE = -6.00634E-02
SCF Iteration 444: Energy = 4.9788290789737353 dE =  6.00634E-02
SCF Iteration 445: Energy = 4.9187656892241218 dE = -6.00634E-02
SCF Iteration 446: Energy = 4.9788290789737335 dE =  6.00634E-02
SCF Iteration 447: Energy = 4.9187656892241254 dE = -6.00634E-02
SCF Iteration 448: Energy = 4.9788290789737353 dE =  6.00634E-02
SCF Iteration 449: Energy = 4.9187656892241307 dE = -6.00634E-02
SCF Iteration 450: Energy = 4.9788290789737442 dE =  6.00634E-02
SCF Iteration 451: Energy = 4.9187656892241369 dE = -6.00634E-02
SCF Iteration 452: Energy = 4.9788290789737362 dE =  6.00634E-02
SCF Iteration 453: Energy = 4.9187656892241201 dE = -6.00634E-02
SCF Iteration 454: Energy = 4.9788290789737326 dE =  6.00634E-02
SCF Iteration 455: Energy = 4.9187656892241289 dE = -6.00634E-02
SCF Iteration 456: Energy = 4.9788290789737273 dE =  6.00634E-02
SCF Iteration 457: Energy = 4.9187656892241192 dE = -6.00634E-02
SCF Iteration 458: Energy = 4.9788290789737291 dE =  6.00634E-02
SCF Iteration 459: Energy = 4.9187656892241272 dE = -6.00634E-02
SCF Iteration 460: Energy = 4.9788290789737353 dE =  6.00634E-02
SCF Iteration 461: Energy = 4.9187656892241218 dE = -6.00634E-02
SCF Iteration 462: Energy = 4.9788290789737317 dE =  6.00634E-02
SCF Iteration 463: Energy = 4.9187656892241236 dE = -6.00634E-02
SCF Iteration 464: Energy = 4.9788290789737344 dE =  6.00634E-02
SCF Iteration 465: Energy = 4.9187656892241289 dE = -6.00634E-02
SCF Iteration 466: Energy = 4.9788290789737326 dE =  6.00634E-02
SCF Iteration 467: Energy = 4.9187656892241236 dE = -6.00634E-02
SCF Iteration 468: Energy = 4.9788290789737308 dE =  6.00634E-02
SCF Iteration 469: Energy = 4.9187656892241165 dE = -6.00634E-02
SCF Iteration 470: Energy = 4.9788290789737371 dE =  6.00634E-02
SCF Iteration 471: Energy = 4.9187656892241209 dE = -6.00634E-02
SCF Iteration 472: Energy = 4.9788290789737397 dE =  6.00634E-02
SCF Iteration 473: Energy = 4.9187656892241218 dE = -6.00634E-02
SCF Iteration 474: Energy = 4.9788290789737459 dE =  6.00634E-02
SCF Iteration 475: Energy = 4.9187656892241316 dE = -6.00634E-02
SCF Iteration 476: Energy = 4.9788290789737308 dE =  6.00634E-02
SCF Iteration 477: Energy = 4.9187656892241272 dE = -6.00634E-02
SCF Iteration 478: Energy = 4.9788290789737344 dE =  6.00634E-02
SCF Iteration 479: Energy = 4.9187656892241209 dE = -6.00634E-02
SCF Iteration 480: Energy = 4.9788290789737335 dE =  6.00634E-02
SCF Iteration 481: Energy = 4.9187656892241280 dE = -6.00634E-02
SCF Iteration 482: Energy = 4.9788290789737424 dE =  6.00634E-02
SCF Iteration 483: Energy = 4.9187656892241280 dE = -6.00634E-02
SCF Iteration 484: Energy = 4.9788290789737282 dE =  6.00634E-02
SCF Iteration 485: Energy = 4.9187656892241165 dE = -6.00634E-02
SCF Iteration 486: Energy = 4.9788290789737273 dE =  6.00634E-02
SCF Iteration 487: Energy = 4.9187656892241254 dE = -6.00634E-02
SCF Iteration 488: Energy = 4.9788290789737362 dE =  6.00634E-02
SCF Iteration 489: Energy = 4.9187656892241289 dE = -6.00634E-02
SCF Iteration 490: Energy = 4.9788290789737371 dE =  6.00634E-02
SCF Iteration 491: Energy = 4.9187656892241272 dE = -6.00634E-02
SCF Iteration 492: Energy = 4.9788290789737362 dE =  6.00634E-02
SCF Iteration 493: Energy = 4.9187656892241218 dE = -6.00634E-02
SCF Iteration 494: Energy = 4.9788290789737335 dE =  6.00634E-02
SCF Iteration 495: Energy = 4.9187656892241254 dE = -6.00634E-02
SCF Iteration 496: Energy = 4.9788290789737335 dE =  6.00634E-02
SCF Iteration 497: Energy = 4.9187656892241236 dE = -6.00634E-02
SCF Iteration 498: Energy = 4.9788290789737264 dE =  6.00634E-02
SCF Iteration 499: Energy = 4.9187656892241218 dE = -6.00634E-02
SCF Iteration 500: Energy = 4.9788290789737433 dE =  6.00634E-02
