
  Memory set to  55.879 GiB by Python driver.
  Threads set to 1 by Python driver.
Settings:
	LOT = CCSD-S2-U22
	wc = 20.0 eV
	lambda = [0.969939 0.       0.      ] a.u.
	Equivalent A0 = LAMBDA / sqrt(2 wc) = [0.8 0.  0. ])
doing QED-CCSD-Full (or QED-CCSD-22)
Number of occupied orbitals:   1
Number of basis functions:  60
SCF Iteration   1: Energy = 0.3925933098548776 dE =  3.92593E-01
SCF Iteration   2: Energy = -0.2728215196207212 dE = -6.65415E-01
SCF Iteration   3: Energy = -0.2789589310746202 dE = -6.13741E-03
SCF Iteration   4: Energy = -0.2790800122727078 dE = -1.21081E-04
SCF Iteration   5: Energy = -0.2790833949247160 dE = -3.38265E-06
SCF Iteration   6: Energy = -0.2790835065182639 dE = -1.11594E-07
SCF Iteration   7: Energy = -0.2790835104873658 dE = -3.96910E-09
SCF Iteration   8: Energy = -0.2790835106332862 dE = -1.45920E-10
SCF Iteration   9: Energy = -0.2790835106387279 dE = -5.44176E-12

SCF converged.
E_QED_HF          = -0.279083510638728
HF  (psi4)        = -1.086391655392218
Starting with the CCSD calculation:

Iter  Energy(CCSD)      E_diff    time(sec)
  1:  -0.5046292305  5.04629E-01   19.090
  2:  -0.4811614319  2.34678E-02   19.094
  3:  -0.4827375557  1.57612E-03   19.093
  4:  -0.5046385780  2.19010E-02   19.089
  5:  -0.5202621251  1.56235E-02   19.087
  6:  -0.5196881093  5.74016E-04   19.086
  7:  -0.5221198571  2.43175E-03   19.080
  8:  -0.5253536487  3.23379E-03   19.070
  9:  -0.5259919825  6.38334E-04   19.070
 10:  -0.5265578319  5.65849E-04   19.073
 11:  -0.5267295120  1.71680E-04   19.077
 12:  -0.5267589796  2.94676E-05   19.078
 13:  -0.5267768453  1.78657E-05   19.082
 14:  -0.5267686928  8.15250E-06   19.073
 15:  -0.5267682258  4.67031E-07   19.073
 16:  -0.5267621908  6.03496E-06   19.065
 17:  -0.5267596472  2.54357E-06   19.076
 18:  -0.5267590334  6.13799E-07   19.088
 19:  -0.5267591908  1.57360E-07   19.070
 20:  -0.5267592435  5.27319E-08   19.069
 21:  -0.5267592763  3.27779E-08   19.092
 22:  -0.5267592616  1.47339E-08   19.088
 23:  -0.5267592924  3.08238E-08   19.084
 24:  -0.5267592753  1.70633E-08   19.088
 25:  -0.5267592660  9.28245E-09   19.097
E_QED_CCSD  (Corr.)  = -0.526759266038608
E_QED_CCSD tot       = -0.805842776677336
E_CCSD_psi4 (Corr.)  = -0.046708000368888
E_CCSD_psi4 tot      = -1.133099655761106
