
  Memory set to  55.879 GiB by Python driver.
  Threads set to 1 by Python driver.
Settings:
	LOT = CCSD-S2-U22
	wc = 20.0 eV
	lambda = [0.969939 0.       0.      ] a.u.
	Equivalent A0 = LAMBDA / sqrt(2 wc) = [0.8 0.  0. ])
doing QED-CCSD-Full (or QED-CCSD-22)
Number of occupied orbitals:   1
Number of basis functions:  60
SCF Iteration   1: Energy = 3.6959061298737979 dE =  3.69591E+00
SCF Iteration   2: Energy = 4.2279536244683937 dE =  5.32047E-01
SCF Iteration   3: Energy = 3.9201306274471004 dE = -3.07823E-01
SCF Iteration   4: Energy = 4.1823061192172180 dE =  2.62175E-01
SCF Iteration   5: Energy = 4.0039792502186629 dE = -1.78327E-01
SCF Iteration   6: Energy = 4.1749740526645125 dE =  1.70995E-01
SCF Iteration   7: Energy = 4.0318412217060606 dE = -1.43133E-01
SCF Iteration   8: Energy = 4.1707923621167282 dE =  1.38951E-01
SCF Iteration   9: Energy = 4.0400534978390263 dE = -1.30739E-01
SCF Iteration  10: Energy = 4.1662502634098049 dE =  1.26197E-01
SCF Iteration  11: Energy = 4.0404610927269715 dE = -1.25789E-01
SCF Iteration  12: Energy = 4.1612466171515869 dE =  1.20786E-01
SCF Iteration  13: Energy = 4.0376145391475937 dE = -1.23632E-01
SCF Iteration  14: Energy = 4.1561563226626248 dE =  1.18542E-01
SCF Iteration  15: Energy = 4.0335388565430952 dE = -1.22617E-01
SCF Iteration  16: Energy = 4.1513176079689371 dE =  1.17779E-01
SCF Iteration  17: Energy = 4.0292119414063636 dE = -1.22106E-01
SCF Iteration  18: Energy = 4.1469391619516296 dE =  1.17727E-01
SCF Iteration  19: Energy = 4.0251080072879821 dE = -1.21831E-01
SCF Iteration  20: Energy = 4.1431136288618822 dE =  1.18006E-01
SCF Iteration  21: Energy = 4.0214373891725375 dE = -1.21676E-01
SCF Iteration  22: Energy = 4.1398538974728645 dE =  1.18417E-01
SCF Iteration  23: Energy = 4.0182686809901735 dE = -1.21585E-01
SCF Iteration  24: Energy = 4.1371261528611925 dE =  1.18857E-01
SCF Iteration  25: Energy = 4.0155961415547319 dE = -1.21530E-01
SCF Iteration  26: Energy = 4.1348736191337023 dE =  1.19277E-01
SCF Iteration  27: Energy = 4.0133779539447669 dE = -1.21496E-01
SCF Iteration  28: Energy = 4.1330316328383452 dE =  1.19654E-01
SCF Iteration  29: Energy = 4.0115578015876814 dE = -1.21474E-01
SCF Iteration  30: Energy = 4.1315363253491135 dE =  1.19979E-01
SCF Iteration  31: Energy = 4.0100766451389624 dE = -1.21460E-01
SCF Iteration  32: Energy = 4.1303290890898561 dE =  1.20252E-01
SCF Iteration  33: Energy = 4.0088787499663328 dE = -1.21450E-01
SCF Iteration  34: Energy = 4.1293584605025311 dE =  1.20480E-01
SCF Iteration  35: Energy = 4.0079143989302963 dE = -1.21444E-01
SCF Iteration  36: Energy = 4.1285805214123412 dE =  1.20666E-01
SCF Iteration  37: Energy = 4.0071407541997148 dE = -1.21440E-01
SCF Iteration  38: Energy = 4.1279585157392056 dE =  1.20818E-01
SCF Iteration  39: Energy = 4.0065217381923608 dE = -1.21437E-01
SCF Iteration  40: Energy = 4.1274621013860990 dE =  1.20940E-01
SCF Iteration  41: Energy = 4.0060274409871930 dE = -1.21435E-01
SCF Iteration  42: Energy = 4.1270664784284463 dE =  1.21039E-01
SCF Iteration  43: Energy = 4.0056333418153169 dE = -1.21433E-01
SCF Iteration  44: Energy = 4.1267515241394195 dE =  1.21118E-01
SCF Iteration  45: Energy = 4.0053195008857960 dE = -1.21432E-01
SCF Iteration  46: Energy = 4.1265009992781883 dE =  1.21181E-01
SCF Iteration  47: Energy = 4.0050698006684016 dE = -1.21431E-01
SCF Iteration  48: Energy = 4.1263018519439942 dE =  1.21232E-01
SCF Iteration  49: Energy = 4.0048712715348964 dE = -1.21431E-01
SCF Iteration  50: Energy = 4.1261436242916343 dE =  1.21272E-01
SCF Iteration  51: Energy = 4.0047135121745345 dE = -1.21430E-01
SCF Iteration  52: Energy = 4.1260179565988642 dE =  1.21304E-01
SCF Iteration  53: Energy = 4.0045882023649035 dE = -1.21430E-01
SCF Iteration  54: Energy = 4.1259181782880727 dE =  1.21330E-01
SCF Iteration  55: Energy = 4.0044886995824731 dE = -1.21429E-01
SCF Iteration  56: Energy = 4.1258389739217352 dE =  1.21350E-01
SCF Iteration  57: Energy = 4.0044097086306785 dE = -1.21429E-01
SCF Iteration  58: Energy = 4.1257761123648455 dE =  1.21366E-01
SCF Iteration  59: Energy = 4.0043470131937484 dE = -1.21429E-01
SCF Iteration  60: Energy = 4.1257262283264504 dE =  1.21379E-01
SCF Iteration  61: Energy = 4.0042972589758277 dE = -1.21429E-01
SCF Iteration  62: Energy = 4.1256866468480107 dE =  1.21389E-01
SCF Iteration  63: Energy = 4.0042577792725353 dE = -1.21429E-01
SCF Iteration  64: Energy = 4.1256552427176514 dE =  1.21397E-01
SCF Iteration  65: Energy = 4.0042264551319384 dE = -1.21429E-01
SCF Iteration  66: Energy = 4.1256303281164222 dE =  1.21404E-01
SCF Iteration  67: Energy = 4.0042016035236045 dE = -1.21429E-01
SCF Iteration  68: Energy = 4.1256105629829101 dE =  1.21409E-01
SCF Iteration  69: Energy = 4.0041818880755891 dE = -1.21429E-01
SCF Iteration  70: Energy = 4.1255948835976639 dE =  1.21413E-01
SCF Iteration  71: Energy = 4.0041662479279134 dE = -1.21429E-01
SCF Iteration  72: Energy = 4.1255824457421140 dE =  1.21416E-01
SCF Iteration  73: Energy = 4.0041538410888915 dE = -1.21429E-01
SCF Iteration  74: Energy = 4.1255725794930296 dE =  1.21419E-01
SCF Iteration  75: Energy = 4.0041439993762404 dE = -1.21429E-01
SCF Iteration  76: Energy = 4.1255647532925819 dE =  1.21421E-01
SCF Iteration  77: Energy = 4.0041361925974002 dE = -1.21429E-01
SCF Iteration  78: Energy = 4.1255585454039716 dE =  1.21422E-01
SCF Iteration  79: Energy = 4.0041300000888427 dE = -1.21429E-01
SCF Iteration  80: Energy = 4.1255536212427657 dE =  1.21424E-01
SCF Iteration  81: Energy = 4.0041250881115271 dE = -1.21429E-01
SCF Iteration  82: Energy = 4.1255497153794174 dE =  1.21425E-01
SCF Iteration  83: Energy = 4.0041211919028141 dE = -1.21429E-01
SCF Iteration  84: Energy = 4.1255466172534989 dE =  1.21425E-01
SCF Iteration  85: Energy = 4.0041181014289489 dE = -1.21429E-01
SCF Iteration  86: Energy = 4.1255441598359903 dE =  1.21426E-01
SCF Iteration  87: Energy = 4.0041156500773285 dE = -1.21429E-01
SCF Iteration  88: Energy = 4.1255422106325259 dE =  1.21427E-01
SCF Iteration  89: Energy = 4.0041137056830127 dE = -1.21429E-01
SCF Iteration  90: Energy = 4.1255406645448547 dE =  1.21427E-01
SCF Iteration  91: Energy = 4.0041121634085028 dE = -1.21429E-01
SCF Iteration  92: Energy = 4.1255394382071948 dE =  1.21427E-01
SCF Iteration  93: Energy = 4.0041109400945230 dE = -1.21428E-01
SCF Iteration  94: Energy = 4.1255384654930136 dE =  1.21428E-01
SCF Iteration  95: Energy = 4.0041099697781641 dE = -1.21428E-01
SCF Iteration  96: Energy = 4.1255376939505508 dE =  1.21428E-01
SCF Iteration  97: Energy = 4.0041092001372869 dE = -1.21428E-01
SCF Iteration  98: Energy = 4.1255370819751711 dE =  1.21428E-01
SCF Iteration  99: Energy = 4.0041085896700110 dE = -1.21428E-01
SCF Iteration 100: Energy = 4.1255365965663016 dE =  1.21428E-01
SCF Iteration 101: Energy = 4.0041081054572158 dE = -1.21428E-01
SCF Iteration 102: Energy = 4.1255362115481553 dE =  1.21428E-01
SCF Iteration 103: Energy = 4.0041077213877125 dE = -1.21428E-01
SCF Iteration 104: Energy = 4.1255359061583983 dE =  1.21428E-01
SCF Iteration 105: Energy = 4.0041074167503474 dE = -1.21428E-01
SCF Iteration 106: Energy = 4.1255356639286020 dE =  1.21428E-01
SCF Iteration 107: Energy = 4.0041071751172916 dE = -1.21428E-01
SCF Iteration 108: Energy = 4.1255354717962298 dE =  1.21428E-01
SCF Iteration 109: Energy = 4.0041069834582368 dE = -1.21428E-01
SCF Iteration 110: Energy = 4.1255353194002762 dE =  1.21428E-01
SCF Iteration 111: Energy = 4.0041068314377029 dE = -1.21428E-01
SCF Iteration 112: Energy = 4.1255351985225754 dE =  1.21428E-01
SCF Iteration 113: Energy = 4.0041067108577764 dE = -1.21428E-01
SCF Iteration 114: Energy = 4.1255351026445766 dE =  1.21428E-01
SCF Iteration 115: Energy = 4.0041066152159495 dE = -1.21428E-01
SCF Iteration 116: Energy = 4.1255350265959079 dE =  1.21428E-01
SCF Iteration 117: Energy = 4.0041065393546083 dE = -1.21428E-01
SCF Iteration 118: Energy = 4.1255349662754925 dE =  1.21428E-01
SCF Iteration 119: Energy = 4.0041064791827834 dE = -1.21428E-01
SCF Iteration 120: Energy = 4.1255349184304579 dE =  1.21428E-01
SCF Iteration 121: Energy = 4.0041064314555879 dE = -1.21428E-01
SCF Iteration 122: Energy = 4.1255348804806466 dE =  1.21428E-01
SCF Iteration 123: Energy = 4.0041063935992698 dE = -1.21428E-01
SCF Iteration 124: Energy = 4.1255348503795748 dE =  1.21428E-01
SCF Iteration 125: Energy = 4.0041063635723377 dE = -1.21428E-01
SCF Iteration 126: Energy = 4.1255348265039480 dE =  1.21428E-01
SCF Iteration 127: Energy = 4.0041063397555154 dE = -1.21428E-01
SCF Iteration 128: Energy = 4.1255348075662424 dE =  1.21428E-01
SCF Iteration 129: Energy = 4.0041063208644649 dE = -1.21428E-01
SCF Iteration 130: Energy = 4.1255347925452153 dE =  1.21428E-01
SCF Iteration 131: Energy = 4.0041063058804314 dE = -1.21428E-01
SCF Iteration 132: Energy = 4.1255347806308071 dE =  1.21428E-01
SCF Iteration 133: Energy = 4.0041062939953678 dE = -1.21428E-01
SCF Iteration 134: Energy = 4.1255347711805159 dE =  1.21428E-01
SCF Iteration 135: Energy = 4.0041062845683637 dE = -1.21428E-01
SCF Iteration 136: Energy = 4.1255347636847208 dE =  1.21428E-01
SCF Iteration 137: Energy = 4.0041062770910330 dE = -1.21428E-01
SCF Iteration 138: Energy = 4.1255347577391959 dE =  1.21428E-01
SCF Iteration 139: Energy = 4.0041062711601425 dE = -1.21428E-01
SCF Iteration 140: Energy = 4.1255347530233211 dE =  1.21428E-01
SCF Iteration 141: Energy = 4.0041062664558931 dE = -1.21428E-01
SCF Iteration 142: Energy = 4.1255347492827790 dE =  1.21428E-01
SCF Iteration 143: Energy = 4.0041062627245649 dE = -1.21428E-01
SCF Iteration 144: Energy = 4.1255347463158518 dE =  1.21428E-01
SCF Iteration 145: Energy = 4.0041062597649386 dE = -1.21428E-01
SCF Iteration 146: Energy = 4.1255347439625396 dE =  1.21428E-01
SCF Iteration 147: Energy = 4.0041062574174271 dE = -1.21428E-01
SCF Iteration 148: Energy = 4.1255347420959350 dE =  1.21428E-01
SCF Iteration 149: Energy = 4.0041062555554197 dE = -1.21428E-01
SCF Iteration 150: Energy = 4.1255347406153815 dE =  1.21428E-01
SCF Iteration 151: Energy = 4.0041062540785095 dE = -1.21428E-01
SCF Iteration 152: Energy = 4.1255347394410213 dE =  1.21428E-01
SCF Iteration 153: Energy = 4.0041062529070492 dE = -1.21428E-01
SCF Iteration 154: Energy = 4.1255347385095504 dE =  1.21428E-01
SCF Iteration 155: Energy = 4.0041062519778734 dE = -1.21428E-01
SCF Iteration 156: Energy = 4.1255347377707228 dE =  1.21428E-01
SCF Iteration 157: Energy = 4.0041062512408629 dE = -1.21428E-01
SCF Iteration 158: Energy = 4.1255347371847026 dE =  1.21428E-01
SCF Iteration 159: Energy = 4.0041062506562861 dE = -1.21428E-01
SCF Iteration 160: Energy = 4.1255347367198798 dE =  1.21428E-01
SCF Iteration 161: Energy = 4.0041062501926064 dE = -1.21428E-01
SCF Iteration 162: Energy = 4.1255347363511961 dE =  1.21428E-01
SCF Iteration 163: Energy = 4.0041062498248339 dE = -1.21428E-01
SCF Iteration 164: Energy = 4.1255347360587553 dE =  1.21428E-01
SCF Iteration 165: Energy = 4.0041062495331134 dE = -1.21428E-01
SCF Iteration 166: Energy = 4.1255347358267995 dE =  1.21428E-01
SCF Iteration 167: Energy = 4.0041062493017217 dE = -1.21428E-01
SCF Iteration 168: Energy = 4.1255347356428107 dE =  1.21428E-01
SCF Iteration 169: Energy = 4.0041062491181947 dE = -1.21428E-01
SCF Iteration 170: Energy = 4.1255347354968768 dE =  1.21428E-01
SCF Iteration 171: Energy = 4.0041062489726196 dE = -1.21428E-01
SCF Iteration 172: Energy = 4.1255347353811258 dE =  1.21428E-01
SCF Iteration 173: Energy = 4.0041062488571564 dE = -1.21428E-01
SCF Iteration 174: Energy = 4.1255347352893104 dE =  1.21428E-01
SCF Iteration 175: Energy = 4.0041062487655656 dE = -1.21428E-01
SCF Iteration 176: Energy = 4.1255347352164904 dE =  1.21428E-01
SCF Iteration 177: Energy = 4.0041062486929189 dE = -1.21428E-01
SCF Iteration 178: Energy = 4.1255347351587259 dE =  1.21428E-01
SCF Iteration 179: Energy = 4.0041062486353001 dE = -1.21428E-01
SCF Iteration 180: Energy = 4.1255347351129164 dE =  1.21428E-01
SCF Iteration 181: Energy = 4.0041062485896033 dE = -1.21428E-01
SCF Iteration 182: Energy = 4.1255347350765730 dE =  1.21428E-01
SCF Iteration 183: Energy = 4.0041062485533452 dE = -1.21428E-01
SCF Iteration 184: Energy = 4.1255347350477543 dE =  1.21428E-01
SCF Iteration 185: Energy = 4.0041062485245922 dE = -1.21428E-01
SCF Iteration 186: Energy = 4.1255347350248845 dE =  1.21428E-01
SCF Iteration 187: Energy = 4.0041062485017918 dE = -1.21428E-01
SCF Iteration 188: Energy = 4.1255347350067586 dE =  1.21428E-01
SCF Iteration 189: Energy = 4.0041062484836987 dE = -1.21428E-01
SCF Iteration 190: Energy = 4.1255347349923701 dE =  1.21428E-01
SCF Iteration 191: Energy = 4.0041062484693501 dE = -1.21428E-01
SCF Iteration 192: Energy = 4.1255347349809668 dE =  1.21428E-01
SCF Iteration 193: Energy = 4.0041062484579752 dE = -1.21428E-01
SCF Iteration 194: Energy = 4.1255347349719109 dE =  1.21428E-01
SCF Iteration 195: Energy = 4.0041062484489380 dE = -1.21428E-01
SCF Iteration 196: Energy = 4.1255347349647282 dE =  1.21428E-01
SCF Iteration 197: Energy = 4.0041062484417775 dE = -1.21428E-01
SCF Iteration 198: Energy = 4.1255347349590377 dE =  1.21428E-01
SCF Iteration 199: Energy = 4.0041062484361047 dE = -1.21428E-01
SCF Iteration 200: Energy = 4.1255347349545239 dE =  1.21428E-01
SCF Iteration 201: Energy = 4.0041062484315919 dE = -1.21428E-01
SCF Iteration 202: Energy = 4.1255347349509384 dE =  1.21428E-01
SCF Iteration 203: Energy = 4.0041062484280188 dE = -1.21428E-01
SCF Iteration 204: Energy = 4.1255347349480989 dE =  1.21428E-01
SCF Iteration 205: Energy = 4.0041062484251837 dE = -1.21428E-01
SCF Iteration 206: Energy = 4.1255347349458393 dE =  1.21428E-01
SCF Iteration 207: Energy = 4.0041062484229393 dE = -1.21428E-01
SCF Iteration 208: Energy = 4.1255347349440559 dE =  1.21428E-01
SCF Iteration 209: Energy = 4.0041062484211576 dE = -1.21428E-01
SCF Iteration 210: Energy = 4.1255347349426401 dE =  1.21428E-01
SCF Iteration 211: Energy = 4.0041062484197427 dE = -1.21428E-01
SCF Iteration 212: Energy = 4.1255347349415166 dE =  1.21428E-01
SCF Iteration 213: Energy = 4.0041062484186263 dE = -1.21428E-01
SCF Iteration 214: Energy = 4.1255347349406346 dE =  1.21428E-01
SCF Iteration 215: Energy = 4.0041062484177408 dE = -1.21428E-01
SCF Iteration 216: Energy = 4.1255347349399178 dE =  1.21428E-01
SCF Iteration 217: Energy = 4.0041062484170240 dE = -1.21428E-01
SCF Iteration 218: Energy = 4.1255347349393530 dE =  1.21428E-01
SCF Iteration 219: Energy = 4.0041062484164600 dE = -1.21428E-01
SCF Iteration 220: Energy = 4.1255347349389115 dE =  1.21428E-01
SCF Iteration 221: Energy = 4.0041062484160213 dE = -1.21428E-01
SCF Iteration 222: Energy = 4.1255347349385554 dE =  1.21428E-01
SCF Iteration 223: Energy = 4.0041062484156731 dE = -1.21428E-01
SCF Iteration 224: Energy = 4.1255347349382738 dE =  1.21428E-01
SCF Iteration 225: Energy = 4.0041062484153951 dE = -1.21428E-01
SCF Iteration 226: Energy = 4.1255347349380491 dE =  1.21428E-01
SCF Iteration 227: Energy = 4.0041062484151775 dE = -1.21428E-01
SCF Iteration 228: Energy = 4.1255347349378848 dE =  1.21428E-01
SCF Iteration 229: Energy = 4.0041062484149936 dE = -1.21428E-01
SCF Iteration 230: Energy = 4.1255347349377418 dE =  1.21428E-01
SCF Iteration 231: Energy = 4.0041062484148551 dE = -1.21428E-01
SCF Iteration 232: Energy = 4.1255347349376326 dE =  1.21428E-01
SCF Iteration 233: Energy = 4.0041062484147467 dE = -1.21428E-01
SCF Iteration 234: Energy = 4.1255347349375437 dE =  1.21428E-01
SCF Iteration 235: Energy = 4.0041062484146543 dE = -1.21428E-01
SCF Iteration 236: Energy = 4.1255347349374665 dE =  1.21428E-01
SCF Iteration 237: Energy = 4.0041062484145904 dE = -1.21428E-01
SCF Iteration 238: Energy = 4.1255347349374185 dE =  1.21428E-01
SCF Iteration 239: Energy = 4.0041062484145353 dE = -1.21428E-01
SCF Iteration 240: Energy = 4.1255347349373777 dE =  1.21428E-01
SCF Iteration 241: Energy = 4.0041062484144856 dE = -1.21428E-01
SCF Iteration 242: Energy = 4.1255347349373404 dE =  1.21428E-01
SCF Iteration 243: Energy = 4.0041062484144483 dE = -1.21428E-01
SCF Iteration 244: Energy = 4.1255347349373004 dE =  1.21428E-01
SCF Iteration 245: Energy = 4.0041062484144296 dE = -1.21428E-01
SCF Iteration 246: Energy = 4.1255347349372906 dE =  1.21428E-01
SCF Iteration 247: Energy = 4.0041062484144119 dE = -1.21428E-01
SCF Iteration 248: Energy = 4.1255347349372800 dE =  1.21428E-01
SCF Iteration 249: Energy = 4.0041062484143994 dE = -1.21428E-01
SCF Iteration 250: Energy = 4.1255347349372711 dE =  1.21428E-01
SCF Iteration 251: Energy = 4.0041062484143808 dE = -1.21428E-01
SCF Iteration 252: Energy = 4.1255347349372524 dE =  1.21428E-01
SCF Iteration 253: Energy = 4.0041062484143710 dE = -1.21428E-01
SCF Iteration 254: Energy = 4.1255347349372444 dE =  1.21428E-01
SCF Iteration 255: Energy = 4.0041062484143666 dE = -1.21428E-01
SCF Iteration 256: Energy = 4.1255347349372373 dE =  1.21428E-01
SCF Iteration 257: Energy = 4.0041062484143515 dE = -1.21428E-01
SCF Iteration 258: Energy = 4.1255347349372311 dE =  1.21428E-01
SCF Iteration 259: Energy = 4.0041062484143497 dE = -1.21428E-01
SCF Iteration 260: Energy = 4.1255347349372276 dE =  1.21428E-01
SCF Iteration 261: Energy = 4.0041062484143444 dE = -1.21428E-01
SCF Iteration 262: Energy = 4.1255347349372240 dE =  1.21428E-01
SCF Iteration 263: Energy = 4.0041062484143435 dE = -1.21428E-01
SCF Iteration 264: Energy = 4.1255347349372178 dE =  1.21428E-01
SCF Iteration 265: Energy = 4.0041062484143426 dE = -1.21428E-01
SCF Iteration 266: Energy = 4.1255347349372196 dE =  1.21428E-01
SCF Iteration 267: Energy = 4.0041062484143382 dE = -1.21428E-01
SCF Iteration 268: Energy = 4.1255347349372142 dE =  1.21428E-01
SCF Iteration 269: Energy = 4.0041062484143355 dE = -1.21428E-01
SCF Iteration 270: Energy = 4.1255347349372133 dE =  1.21428E-01
SCF Iteration 271: Energy = 4.0041062484143346 dE = -1.21428E-01
SCF Iteration 272: Energy = 4.1255347349372196 dE =  1.21428E-01
SCF Iteration 273: Energy = 4.0041062484143302 dE = -1.21428E-01
SCF Iteration 274: Energy = 4.1255347349372071 dE =  1.21428E-01
SCF Iteration 275: Energy = 4.0041062484143213 dE = -1.21428E-01
SCF Iteration 276: Energy = 4.1255347349372080 dE =  1.21428E-01
SCF Iteration 277: Energy = 4.0041062484143284 dE = -1.21428E-01
SCF Iteration 278: Energy = 4.1255347349372062 dE =  1.21428E-01
SCF Iteration 279: Energy = 4.0041062484143275 dE = -1.21428E-01
SCF Iteration 280: Energy = 4.1255347349372133 dE =  1.21428E-01
SCF Iteration 281: Energy = 4.0041062484143319 dE = -1.21428E-01
SCF Iteration 282: Energy = 4.1255347349372089 dE =  1.21428E-01
SCF Iteration 283: Energy = 4.0041062484143364 dE = -1.21428E-01
SCF Iteration 284: Energy = 4.1255347349372080 dE =  1.21428E-01
SCF Iteration 285: Energy = 4.0041062484143302 dE = -1.21428E-01
SCF Iteration 286: Energy = 4.1255347349372089 dE =  1.21428E-01
SCF Iteration 287: Energy = 4.0041062484143293 dE = -1.21428E-01
SCF Iteration 288: Energy = 4.1255347349372080 dE =  1.21428E-01
SCF Iteration 289: Energy = 4.0041062484143204 dE = -1.21428E-01
SCF Iteration 290: Energy = 4.1255347349372036 dE =  1.21428E-01
SCF Iteration 291: Energy = 4.0041062484143151 dE = -1.21428E-01
SCF Iteration 292: Energy = 4.1255347349372036 dE =  1.21428E-01
SCF Iteration 293: Energy = 4.0041062484143177 dE = -1.21428E-01
SCF Iteration 294: Energy = 4.1255347349372009 dE =  1.21428E-01
SCF Iteration 295: Energy = 4.0041062484143177 dE = -1.21428E-01
SCF Iteration 296: Energy = 4.1255347349372000 dE =  1.21428E-01
SCF Iteration 297: Energy = 4.0041062484143222 dE = -1.21428E-01
SCF Iteration 298: Energy = 4.1255347349372027 dE =  1.21428E-01
SCF Iteration 299: Energy = 4.0041062484143213 dE = -1.21428E-01
SCF Iteration 300: Energy = 4.1255347349372089 dE =  1.21428E-01
SCF Iteration 301: Energy = 4.0041062484143106 dE = -1.21428E-01
SCF Iteration 302: Energy = 4.1255347349372062 dE =  1.21428E-01
SCF Iteration 303: Energy = 4.0041062484143222 dE = -1.21428E-01
SCF Iteration 304: Energy = 4.1255347349372009 dE =  1.21428E-01
SCF Iteration 305: Energy = 4.0041062484143151 dE = -1.21428E-01
SCF Iteration 306: Energy = 4.1255347349371974 dE =  1.21428E-01
SCF Iteration 307: Energy = 4.0041062484143177 dE = -1.21428E-01
SCF Iteration 308: Energy = 4.1255347349372036 dE =  1.21428E-01
SCF Iteration 309: Energy = 4.0041062484143186 dE = -1.21428E-01
SCF Iteration 310: Energy = 4.1255347349371947 dE =  1.21428E-01
SCF Iteration 311: Energy = 4.0041062484143151 dE = -1.21428E-01
SCF Iteration 312: Energy = 4.1255347349371956 dE =  1.21428E-01
SCF Iteration 313: Energy = 4.0041062484143248 dE = -1.21428E-01
SCF Iteration 314: Energy = 4.1255347349372045 dE =  1.21428E-01
SCF Iteration 315: Energy = 4.0041062484143239 dE = -1.21428E-01
SCF Iteration 316: Energy = 4.1255347349372098 dE =  1.21428E-01
SCF Iteration 317: Energy = 4.0041062484143239 dE = -1.21428E-01
SCF Iteration 318: Energy = 4.1255347349372089 dE =  1.21428E-01
SCF Iteration 319: Energy = 4.0041062484143239 dE = -1.21428E-01
SCF Iteration 320: Energy = 4.1255347349372133 dE =  1.21428E-01
SCF Iteration 321: Energy = 4.0041062484143275 dE = -1.21428E-01
SCF Iteration 322: Energy = 4.1255347349372027 dE =  1.21428E-01
SCF Iteration 323: Energy = 4.0041062484143168 dE = -1.21428E-01
SCF Iteration 324: Energy = 4.1255347349372000 dE =  1.21428E-01
SCF Iteration 325: Energy = 4.0041062484143168 dE = -1.21428E-01
SCF Iteration 326: Energy = 4.1255347349372098 dE =  1.21428E-01
SCF Iteration 327: Energy = 4.0041062484143275 dE = -1.21428E-01
SCF Iteration 328: Energy = 4.1255347349372054 dE =  1.21428E-01
SCF Iteration 329: Energy = 4.0041062484143310 dE = -1.21428E-01
SCF Iteration 330: Energy = 4.1255347349372142 dE =  1.21428E-01
SCF Iteration 331: Energy = 4.0041062484143231 dE = -1.21428E-01
SCF Iteration 332: Energy = 4.1255347349372098 dE =  1.21428E-01
SCF Iteration 333: Energy = 4.0041062484143284 dE = -1.21428E-01
SCF Iteration 334: Energy = 4.1255347349372071 dE =  1.21428E-01
SCF Iteration 335: Energy = 4.0041062484143177 dE = -1.21428E-01
SCF Iteration 336: Energy = 4.1255347349372027 dE =  1.21428E-01
SCF Iteration 337: Energy = 4.0041062484143302 dE = -1.21428E-01
SCF Iteration 338: Energy = 4.1255347349372036 dE =  1.21428E-01
SCF Iteration 339: Energy = 4.0041062484143231 dE = -1.21428E-01
SCF Iteration 340: Energy = 4.1255347349372036 dE =  1.21428E-01
SCF Iteration 341: Energy = 4.0041062484143186 dE = -1.21428E-01
SCF Iteration 342: Energy = 4.1255347349372080 dE =  1.21428E-01
SCF Iteration 343: Energy = 4.0041062484143284 dE = -1.21428E-01
SCF Iteration 344: Energy = 4.1255347349372160 dE =  1.21428E-01
SCF Iteration 345: Energy = 4.0041062484143337 dE = -1.21428E-01
SCF Iteration 346: Energy = 4.1255347349372222 dE =  1.21428E-01
SCF Iteration 347: Energy = 4.0041062484143319 dE = -1.21428E-01
SCF Iteration 348: Energy = 4.1255347349372125 dE =  1.21428E-01
SCF Iteration 349: Energy = 4.0041062484143382 dE = -1.21428E-01
SCF Iteration 350: Energy = 4.1255347349372045 dE =  1.21428E-01
SCF Iteration 351: Energy = 4.0041062484143310 dE = -1.21428E-01
SCF Iteration 352: Energy = 4.1255347349372107 dE =  1.21428E-01
SCF Iteration 353: Energy = 4.0041062484143248 dE = -1.21428E-01
SCF Iteration 354: Energy = 4.1255347349372071 dE =  1.21428E-01
SCF Iteration 355: Energy = 4.0041062484143248 dE = -1.21428E-01
SCF Iteration 356: Energy = 4.1255347349372089 dE =  1.21428E-01
SCF Iteration 357: Energy = 4.0041062484143266 dE = -1.21428E-01
SCF Iteration 358: Energy = 4.1255347349372080 dE =  1.21428E-01
SCF Iteration 359: Energy = 4.0041062484143204 dE = -1.21428E-01
SCF Iteration 360: Energy = 4.1255347349372036 dE =  1.21428E-01
SCF Iteration 361: Energy = 4.0041062484143231 dE = -1.21428E-01
SCF Iteration 362: Energy = 4.1255347349372027 dE =  1.21428E-01
SCF Iteration 363: Energy = 4.0041062484143195 dE = -1.21428E-01
SCF Iteration 364: Energy = 4.1255347349372036 dE =  1.21428E-01
SCF Iteration 365: Energy = 4.0041062484143151 dE = -1.21428E-01
SCF Iteration 366: Energy = 4.1255347349372080 dE =  1.21428E-01
SCF Iteration 367: Energy = 4.0041062484143213 dE = -1.21428E-01
SCF Iteration 368: Energy = 4.1255347349372027 dE =  1.21428E-01
SCF Iteration 369: Energy = 4.0041062484143195 dE = -1.21428E-01
SCF Iteration 370: Energy = 4.1255347349372054 dE =  1.21428E-01
SCF Iteration 371: Energy = 4.0041062484143248 dE = -1.21428E-01
SCF Iteration 372: Energy = 4.1255347349372045 dE =  1.21428E-01
SCF Iteration 373: Energy = 4.0041062484143142 dE = -1.21428E-01
SCF Iteration 374: Energy = 4.1255347349372045 dE =  1.21428E-01
SCF Iteration 375: Energy = 4.0041062484143231 dE = -1.21428E-01
SCF Iteration 376: Energy = 4.1255347349372071 dE =  1.21428E-01
SCF Iteration 377: Energy = 4.0041062484143337 dE = -1.21428E-01
SCF Iteration 378: Energy = 4.1255347349372116 dE =  1.21428E-01
SCF Iteration 379: Energy = 4.0041062484143328 dE = -1.21428E-01
SCF Iteration 380: Energy = 4.1255347349372133 dE =  1.21428E-01
SCF Iteration 381: Energy = 4.0041062484143293 dE = -1.21428E-01
SCF Iteration 382: Energy = 4.1255347349372116 dE =  1.21428E-01
SCF Iteration 383: Energy = 4.0041062484143204 dE = -1.21428E-01
SCF Iteration 384: Energy = 4.1255347349372089 dE =  1.21428E-01
SCF Iteration 385: Energy = 4.0041062484143239 dE = -1.21428E-01
SCF Iteration 386: Energy = 4.1255347349372045 dE =  1.21428E-01
SCF Iteration 387: Energy = 4.0041062484143195 dE = -1.21428E-01
SCF Iteration 388: Energy = 4.1255347349372089 dE =  1.21428E-01
SCF Iteration 389: Energy = 4.0041062484143231 dE = -1.21428E-01
SCF Iteration 390: Energy = 4.1255347349372089 dE =  1.21428E-01
SCF Iteration 391: Energy = 4.0041062484143257 dE = -1.21428E-01
SCF Iteration 392: Energy = 4.1255347349372125 dE =  1.21428E-01
SCF Iteration 393: Energy = 4.0041062484143257 dE = -1.21428E-01
SCF Iteration 394: Energy = 4.1255347349372098 dE =  1.21428E-01
SCF Iteration 395: Energy = 4.0041062484143355 dE = -1.21428E-01
SCF Iteration 396: Energy = 4.1255347349372107 dE =  1.21428E-01
SCF Iteration 397: Energy = 4.0041062484143284 dE = -1.21428E-01
SCF Iteration 398: Energy = 4.1255347349372107 dE =  1.21428E-01
SCF Iteration 399: Energy = 4.0041062484143399 dE = -1.21428E-01
SCF Iteration 400: Energy = 4.1255347349372151 dE =  1.21428E-01
SCF Iteration 401: Energy = 4.0041062484143310 dE = -1.21428E-01
SCF Iteration 402: Energy = 4.1255347349372142 dE =  1.21428E-01
SCF Iteration 403: Energy = 4.0041062484143231 dE = -1.21428E-01
SCF Iteration 404: Energy = 4.1255347349372098 dE =  1.21428E-01
SCF Iteration 405: Energy = 4.0041062484143257 dE = -1.21428E-01
SCF Iteration 406: Energy = 4.1255347349372160 dE =  1.21428E-01
SCF Iteration 407: Energy = 4.0041062484143284 dE = -1.21428E-01
SCF Iteration 408: Energy = 4.1255347349372018 dE =  1.21428E-01
SCF Iteration 409: Energy = 4.0041062484143302 dE = -1.21428E-01
SCF Iteration 410: Energy = 4.1255347349372071 dE =  1.21428E-01
SCF Iteration 411: Energy = 4.0041062484143204 dE = -1.21428E-01
SCF Iteration 412: Energy = 4.1255347349371982 dE =  1.21428E-01
SCF Iteration 413: Energy = 4.0041062484143248 dE = -1.21428E-01
SCF Iteration 414: Energy = 4.1255347349372133 dE =  1.21428E-01
SCF Iteration 415: Energy = 4.0041062484143302 dE = -1.21428E-01
SCF Iteration 416: Energy = 4.1255347349372116 dE =  1.21428E-01
SCF Iteration 417: Energy = 4.0041062484143328 dE = -1.21428E-01
SCF Iteration 418: Energy = 4.1255347349372089 dE =  1.21428E-01
SCF Iteration 419: Energy = 4.0041062484143177 dE = -1.21428E-01
SCF Iteration 420: Energy = 4.1255347349372151 dE =  1.21428E-01
SCF Iteration 421: Energy = 4.0041062484143284 dE = -1.21428E-01
SCF Iteration 422: Energy = 4.1255347349372089 dE =  1.21428E-01
SCF Iteration 423: Energy = 4.0041062484143239 dE = -1.21428E-01
SCF Iteration 424: Energy = 4.1255347349372080 dE =  1.21428E-01
SCF Iteration 425: Energy = 4.0041062484143275 dE = -1.21428E-01
SCF Iteration 426: Energy = 4.1255347349372054 dE =  1.21428E-01
SCF Iteration 427: Energy = 4.0041062484143257 dE = -1.21428E-01
SCF Iteration 428: Energy = 4.1255347349372036 dE =  1.21428E-01
SCF Iteration 429: Energy = 4.0041062484143257 dE = -1.21428E-01
SCF Iteration 430: Energy = 4.1255347349372045 dE =  1.21428E-01
SCF Iteration 431: Energy = 4.0041062484143266 dE = -1.21428E-01
SCF Iteration 432: Energy = 4.1255347349372098 dE =  1.21428E-01
SCF Iteration 433: Energy = 4.0041062484143257 dE = -1.21428E-01
SCF Iteration 434: Energy = 4.1255347349372080 dE =  1.21428E-01
SCF Iteration 435: Energy = 4.0041062484143319 dE = -1.21428E-01
SCF Iteration 436: Energy = 4.1255347349372098 dE =  1.21428E-01
SCF Iteration 437: Energy = 4.0041062484143257 dE = -1.21428E-01
SCF Iteration 438: Energy = 4.1255347349372116 dE =  1.21428E-01
SCF Iteration 439: Energy = 4.0041062484143204 dE = -1.21428E-01
SCF Iteration 440: Energy = 4.1255347349372045 dE =  1.21428E-01
SCF Iteration 441: Energy = 4.0041062484143248 dE = -1.21428E-01
SCF Iteration 442: Energy = 4.1255347349372000 dE =  1.21428E-01
SCF Iteration 443: Energy = 4.0041062484143222 dE = -1.21428E-01
SCF Iteration 444: Energy = 4.1255347349372089 dE =  1.21428E-01
SCF Iteration 445: Energy = 4.0041062484143328 dE = -1.21428E-01
SCF Iteration 446: Energy = 4.1255347349372071 dE =  1.21428E-01
SCF Iteration 447: Energy = 4.0041062484143239 dE = -1.21428E-01
SCF Iteration 448: Energy = 4.1255347349372080 dE =  1.21428E-01
SCF Iteration 449: Energy = 4.0041062484143213 dE = -1.21428E-01
SCF Iteration 450: Energy = 4.1255347349372036 dE =  1.21428E-01
SCF Iteration 451: Energy = 4.0041062484143133 dE = -1.21428E-01
SCF Iteration 452: Energy = 4.1255347349372054 dE =  1.21428E-01
SCF Iteration 453: Energy = 4.0041062484143239 dE = -1.21428E-01
SCF Iteration 454: Energy = 4.1255347349372071 dE =  1.21428E-01
SCF Iteration 455: Energy = 4.0041062484143168 dE = -1.21428E-01
SCF Iteration 456: Energy = 4.1255347349372045 dE =  1.21428E-01
SCF Iteration 457: Energy = 4.0041062484143142 dE = -1.21428E-01
SCF Iteration 458: Energy = 4.1255347349371947 dE =  1.21428E-01
SCF Iteration 459: Energy = 4.0041062484143151 dE = -1.21428E-01
SCF Iteration 460: Energy = 4.1255347349371903 dE =  1.21428E-01
SCF Iteration 461: Energy = 4.0041062484143159 dE = -1.21428E-01
SCF Iteration 462: Energy = 4.1255347349372045 dE =  1.21428E-01
SCF Iteration 463: Energy = 4.0041062484143222 dE = -1.21428E-01
SCF Iteration 464: Energy = 4.1255347349371965 dE =  1.21428E-01
SCF Iteration 465: Energy = 4.0041062484143186 dE = -1.21428E-01
SCF Iteration 466: Energy = 4.1255347349371965 dE =  1.21428E-01
SCF Iteration 467: Energy = 4.0041062484143142 dE = -1.21428E-01
SCF Iteration 468: Energy = 4.1255347349371965 dE =  1.21428E-01
SCF Iteration 469: Energy = 4.0041062484143159 dE = -1.21428E-01
SCF Iteration 470: Energy = 4.1255347349372018 dE =  1.21428E-01
SCF Iteration 471: Energy = 4.0041062484143213 dE = -1.21428E-01
SCF Iteration 472: Energy = 4.1255347349372027 dE =  1.21428E-01
SCF Iteration 473: Energy = 4.0041062484143231 dE = -1.21428E-01
SCF Iteration 474: Energy = 4.1255347349372027 dE =  1.21428E-01
SCF Iteration 475: Energy = 4.0041062484143177 dE = -1.21428E-01
SCF Iteration 476: Energy = 4.1255347349372054 dE =  1.21428E-01
SCF Iteration 477: Energy = 4.0041062484143177 dE = -1.21428E-01
SCF Iteration 478: Energy = 4.1255347349372062 dE =  1.21428E-01
SCF Iteration 479: Energy = 4.0041062484143222 dE = -1.21428E-01
SCF Iteration 480: Energy = 4.1255347349372000 dE =  1.21428E-01
SCF Iteration 481: Energy = 4.0041062484143257 dE = -1.21428E-01
SCF Iteration 482: Energy = 4.1255347349371991 dE =  1.21428E-01
SCF Iteration 483: Energy = 4.0041062484143257 dE = -1.21428E-01
SCF Iteration 484: Energy = 4.1255347349371982 dE =  1.21428E-01
SCF Iteration 485: Energy = 4.0041062484143159 dE = -1.21428E-01
SCF Iteration 486: Energy = 4.1255347349372107 dE =  1.21428E-01
SCF Iteration 487: Energy = 4.0041062484143231 dE = -1.21428E-01
SCF Iteration 488: Energy = 4.1255347349372045 dE =  1.21428E-01
SCF Iteration 489: Energy = 4.0041062484143222 dE = -1.21428E-01
SCF Iteration 490: Energy = 4.1255347349372071 dE =  1.21428E-01
SCF Iteration 491: Energy = 4.0041062484143222 dE = -1.21428E-01
SCF Iteration 492: Energy = 4.1255347349372000 dE =  1.21428E-01
SCF Iteration 493: Energy = 4.0041062484143186 dE = -1.21428E-01
SCF Iteration 494: Energy = 4.1255347349372036 dE =  1.21428E-01
SCF Iteration 495: Energy = 4.0041062484143257 dE = -1.21428E-01
SCF Iteration 496: Energy = 4.1255347349372009 dE =  1.21428E-01
SCF Iteration 497: Energy = 4.0041062484143222 dE = -1.21428E-01
SCF Iteration 498: Energy = 4.1255347349372125 dE =  1.21428E-01
SCF Iteration 499: Energy = 4.0041062484143284 dE = -1.21428E-01
SCF Iteration 500: Energy = 4.1255347349372089 dE =  1.21428E-01
