
  Memory set to  55.879 GiB by Python driver.
  Threads set to 1 by Python driver.
Settings:
	LOT = CCSD-S2-U22
	wc = 20.0 eV
	lambda = [0.969939 0.       0.      ] a.u.
	Equivalent A0 = LAMBDA / sqrt(2 wc) = [0.8 0.  0. ])
doing QED-CCSD-Full (or QED-CCSD-22)
Number of occupied orbitals:   1
Number of basis functions:  60
SCF Iteration   1: Energy = 0.0631485406913681 dE =  6.31485E-02
SCF Iteration   2: Energy = -0.4252980476510857 dE = -4.88447E-01
SCF Iteration   3: Energy = -0.4300820842065136 dE = -4.78404E-03
SCF Iteration   4: Energy = -0.4301708765490639 dE = -8.87923E-05
SCF Iteration   5: Energy = -0.4301731345235675 dE = -2.25797E-06
SCF Iteration   6: Energy = -0.4301732035960282 dE = -6.90725E-08
SCF Iteration   7: Energy = -0.4301732059364349 dE = -2.34041E-09
SCF Iteration   8: Energy = -0.4301732060199550 dE = -8.35201E-11

SCF converged.
E_QED_HF          = -0.430173206019955
HF  (psi4)        = -1.119247447020965
Starting with the CCSD calculation:

Iter  Energy(CCSD)      E_diff    time(sec)
  1:  -0.3957870748  3.95787E-01   19.094
  2:  -0.3838721811  1.19149E-02   19.065
  3:  -0.3960668640  1.21947E-02   19.073
  4:  -0.4093360870  1.32692E-02   19.074
  5:  -0.4160632870  6.72720E-03   19.071
  6:  -0.4174870785  1.42379E-03   19.082
  7:  -0.4188934684  1.40639E-03   19.066
  8:  -0.4198664946  9.73026E-04   19.057
  9:  -0.4200853478  2.18853E-04   19.059
 10:  -0.4202894440  2.04096E-04   19.056
 11:  -0.4202993597  9.91574E-06   19.059
 12:  -0.4203184446  1.90849E-05   19.060
 13:  -0.4203180563  3.88252E-07   19.064
 14:  -0.4203133859  4.67042E-06   19.062
 15:  -0.4203120166  1.36931E-06   19.066
 16:  -0.4203105906  1.42599E-06   19.049
 17:  -0.4203103376  2.53013E-07   19.060
 18:  -0.4203103828  4.52054E-08   19.055
 19:  -0.4203104540  7.11615E-08   19.062
 20:  -0.4203104595  5.55512E-09   19.059
E_QED_CCSD  (Corr.)  = -0.420310459506116
E_QED_CCSD tot       = -0.850483665526071
E_CCSD_psi4 (Corr.)  = -0.042625605697953
E_CCSD_psi4 tot      = -1.161873052718918
