
  Memory set to  55.879 GiB by Python driver.
  Threads set to 1 by Python driver.
Settings:
	LOT = CCSD-S2-U22
	wc = 20.0 eV
	lambda = [0.969939 0.       0.      ] a.u.
	Equivalent A0 = LAMBDA / sqrt(2 wc) = [0.8 0.  0. ])
doing QED-CCSD-Full (or QED-CCSD-22)
Number of occupied orbitals:   1
Number of basis functions:  60
SCF Iteration   1: Energy = 5.0198608657887407 dE =  5.01986E+00
SCF Iteration   2: Energy = 5.5043461563654708 dE =  4.84485E-01
SCF Iteration   3: Energy = 5.2530597303935815 dE = -2.51286E-01
SCF Iteration   4: Energy = 5.4740534519244095 dE =  2.20994E-01
SCF Iteration   5: Energy = 5.3687165464374553 dE = -1.05337E-01
SCF Iteration   6: Energy = 5.4816586896992741 dE =  1.12942E-01
SCF Iteration   7: Energy = 5.4168416513637867 dE = -6.48170E-02
SCF Iteration   8: Energy = 5.4877159597935732 dE =  7.08743E-02
SCF Iteration   9: Energy = 5.4365688140744108 dE = -5.11471E-02
SCF Iteration  10: Energy = 5.4895533537756700 dE =  5.29845E-02
SCF Iteration  11: Energy = 5.4435056613876966 dE = -4.60477E-02
SCF Iteration  12: Energy = 5.4882532892252387 dE =  4.47476E-02
SCF Iteration  13: Energy = 5.4442248836969549 dE = -4.40284E-02
SCF Iteration  14: Energy = 5.4850088984730911 dE =  4.07840E-02
SCF Iteration  15: Energy = 5.4418356283936786 dE = -4.31733E-02
SCF Iteration  16: Energy = 5.4807276510555258 dE =  3.88920E-02
SCF Iteration  17: Energy = 5.4379641626717534 dE = -4.27635E-02
SCF Iteration  18: Energy = 5.4760374659869306 dE =  3.80733E-02
SCF Iteration  19: Energy = 5.4335139653604090 dE = -4.25235E-02
SCF Iteration  20: Energy = 5.4713447954311336 dE =  3.78308E-02
SCF Iteration  21: Energy = 5.4289956827687016 dE = -4.23491E-02
SCF Iteration  22: Energy = 5.4668937806234554 dE =  3.78981E-02
SCF Iteration  23: Energy = 5.4246909806892356 dE = -4.22028E-02
SCF Iteration  24: Energy = 5.4628159112880619 dE =  3.81249E-02
SCF Iteration  25: Energy = 5.4207435823073498 dE = -4.20723E-02
SCF Iteration  26: Energy = 5.4591681522360807 dE =  3.84246E-02
SCF Iteration  27: Energy = 5.4172137283663764 dE = -4.19544E-02
SCF Iteration  28: Energy = 5.4559605408529332 dE =  3.87468E-02
SCF Iteration  29: Energy = 5.4141120408621344 dE = -4.18485E-02
SCF Iteration  30: Energy = 5.4531753002327479 dE =  3.90633E-02
SCF Iteration  31: Energy = 5.4114208732080833 dE = -4.17544E-02
SCF Iteration  32: Energy = 5.4507795972647584 dE =  3.93587E-02
SCF Iteration  33: Energy = 5.4091077367916780 dE = -4.16719E-02
SCF Iteration  34: Energy = 5.4487337650802514 dE =  3.96260E-02
SCF Iteration  35: Energy = 5.4071336208234255 dE = -4.16001E-02
SCF Iteration  36: Energy = 5.4469963999482589 dE =  3.98628E-02
SCF Iteration  37: Energy = 5.4054580099333842 dE = -4.15384E-02
SCF Iteration  38: Energy = 5.4455273642244411 dE =  4.00694E-02
SCF Iteration  39: Energy = 5.4040417781093790 dE = -4.14856E-02
SCF Iteration  40: Energy = 5.4442894220089633 dE =  4.02476E-02
SCF Iteration  41: Energy = 5.4028487333519619 dE = -4.14407E-02
SCF Iteration  42: Energy = 5.4432490056414577 dE =  4.04003E-02
SCF Iteration  43: Energy = 5.4018463210161327 dE = -4.14027E-02
SCF Iteration  44: Energy = 5.4423764472476153 dE =  4.05301E-02
SCF Iteration  45: Energy = 5.4010058169954460 dE = -4.13706E-02
SCF Iteration  46: Energy = 5.4416458953442737 dE =  4.06401E-02
SCF Iteration  47: Energy = 5.4003022245369383 dE = -4.13437E-02
SCF Iteration  48: Energy = 5.4410350585736253 dE =  4.07328E-02
SCF Iteration  49: Energy = 5.3997140108410582 dE = -4.13210E-02
SCF Iteration  50: Energy = 5.4405248663145143 dE =  4.08109E-02
SCF Iteration  51: Energy = 5.3992227685467364 dE = -4.13021E-02
SCF Iteration  52: Energy = 5.4400991012899604 dE =  4.08763E-02
SCF Iteration  53: Energy = 5.3988128538876063 dE = -4.12862E-02
SCF Iteration  54: Energy = 5.4397440366910530 dE =  4.09312E-02
SCF Iteration  55: Energy = 5.3984710317842914 dE = -4.12730E-02
SCF Iteration  56: Energy = 5.4394480958191105 dE =  4.09771E-02
SCF Iteration  57: Energy = 5.3981861444186805 dE = -4.12620E-02
SCF Iteration  58: Energy = 5.4392015430957299 dE =  4.10154E-02
SCF Iteration  59: Energy = 5.3979488112443592 dE = -4.12527E-02
SCF Iteration  60: Energy = 5.4389962096677822 dE =  4.10474E-02
SCF Iteration  61: Energy = 5.3977511631430293 dE = -4.12450E-02
SCF Iteration  62: Energy = 5.4388252535047199 dE =  4.10741E-02
SCF Iteration  63: Energy = 5.3975866103544385 dE = -4.12386E-02
SCF Iteration  64: Energy = 5.4386829520272109 dE =  4.10963E-02
SCF Iteration  65: Energy = 5.3974496421045250 dE = -4.12333E-02
SCF Iteration  66: Energy = 5.4385645243735743 dE =  4.11149E-02
SCF Iteration  67: Energy = 5.3973356550196039 dE = -4.12289E-02
SCF Iteration  68: Energy = 5.4384659800497497 dE =  4.11303E-02
SCF Iteration  69: Energy = 5.3972408071087532 dE = -4.12252E-02
SCF Iteration  70: Energy = 5.4383839906856775 dE =  4.11432E-02
SCF Iteration  71: Energy = 5.3971618941019726 dE = -4.12221E-02
SCF Iteration  72: Energy = 5.4383157817902497 dE =  4.11539E-02
SCF Iteration  73: Energy = 5.3970962451140547 dE = -4.12195E-02
SCF Iteration  74: Energy = 5.4382590416621097 dE =  4.11628E-02
SCF Iteration  75: Energy = 5.3970416348726902 dE = -4.12174E-02
SCF Iteration  76: Energy = 5.4382118449207413 dE =  4.11702E-02
SCF Iteration  77: Energy = 5.3969962100523228 dE = -4.12156E-02
SCF Iteration  78: Energy = 5.4381725884320051 dE =  4.11764E-02
SCF Iteration  79: Energy = 5.3969584275602376 dE = -4.12142E-02
SCF Iteration  80: Energy = 5.4381399376999768 dE =  4.11815E-02
SCF Iteration  81: Energy = 5.3969270029114957 dE = -4.12129E-02
SCF Iteration  82: Energy = 5.4381127820694450 dE =  4.11858E-02
SCF Iteration  83: Energy = 5.3969008670935752 dE = -4.12119E-02
SCF Iteration  84: Energy = 5.4380901973263684 dE =  4.11893E-02
SCF Iteration  85: Energy = 5.3968791305583164 dE = -4.12111E-02
SCF Iteration  86: Energy = 5.4380714144989719 dE =  4.11923E-02
SCF Iteration  87: Energy = 5.3968610531858383 dE = -4.12104E-02
SCF Iteration  88: Energy = 5.4380557938471883 dE =  4.11947E-02
SCF Iteration  89: Energy = 5.3968460192451202 dE = -4.12098E-02
SCF Iteration  90: Energy = 5.4380428031884387 dE =  4.11968E-02
SCF Iteration  91: Energy = 5.3968335165300676 dE = -4.12093E-02
SCF Iteration  92: Energy = 5.4380319998439921 dE =  4.11985E-02
SCF Iteration  93: Energy = 5.3968231189812714 dE = -4.12089E-02
SCF Iteration  94: Energy = 5.4380230156058822 dE =  4.11999E-02
SCF Iteration  95: Energy = 5.3968144722160263 dE = -4.12085E-02
SCF Iteration  96: Energy = 5.4380155442222149 dE =  4.12011E-02
SCF Iteration  97: Energy = 5.3968072814825483 dE = -4.12083E-02
SCF Iteration  98: Energy = 5.4380093309811572 dE =  4.12020E-02
SCF Iteration  99: Energy = 5.3968013016344774 dE = -4.12080E-02
SCF Iteration 100: Energy = 5.4380041640431473 dE =  4.12029E-02
SCF Iteration 101: Energy = 5.3967963287882190 dE = -4.12078E-02
SCF Iteration 102: Energy = 5.4379998672288190 dE =  4.12035E-02
SCF Iteration 103: Energy = 5.3967921933813958 dE = -4.12077E-02
SCF Iteration 104: Energy = 5.4379962940188138 dE =  4.12041E-02
SCF Iteration 105: Energy = 5.3967887543979201 dE = -4.12075E-02
SCF Iteration 106: Energy = 5.4379933225622974 dE =  4.12046E-02
SCF Iteration 107: Energy = 5.3967858945637701 dE = -4.12074E-02
SCF Iteration 108: Energy = 5.4379908515249298 dE =  4.12050E-02
SCF Iteration 109: Energy = 5.3967835163509417 dE = -4.12073E-02
SCF Iteration 110: Energy = 5.4379887966352127 dE =  4.12053E-02
SCF Iteration 111: Energy = 5.3967815386534008 dE = -4.12073E-02
SCF Iteration 112: Energy = 5.4379870878120036 dE =  4.12055E-02
SCF Iteration 113: Energy = 5.3967798940224911 dE = -4.12072E-02
SCF Iteration 114: Energy = 5.4379856667753694 dE =  4.12058E-02
SCF Iteration 115: Energy = 5.3967785263674903 dE = -4.12071E-02
SCF Iteration 116: Energy = 5.4379844850596113 dE =  4.12060E-02
SCF Iteration 117: Energy = 5.3967773890432804 dE = -4.12071E-02
SCF Iteration 118: Energy = 5.4379835023607077 dE =  4.12061E-02
SCF Iteration 119: Energy = 5.3967764432598333 dE = -4.12071E-02
SCF Iteration 120: Energy = 5.4379826851620159 dE =  4.12062E-02
SCF Iteration 121: Energy = 5.3967756567595453 dE = -4.12070E-02
SCF Iteration 122: Energy = 5.4379820055913166 dE =  4.12063E-02
SCF Iteration 123: Energy = 5.3967750027172023 dE = -4.12070E-02
SCF Iteration 124: Energy = 5.4379814404702875 dE =  4.12064E-02
SCF Iteration 125: Energy = 5.3967744588252060 dE = -4.12070E-02
SCF Iteration 126: Energy = 5.4379809705240687 dE =  4.12065E-02
SCF Iteration 127: Energy = 5.3967740065327403 dE = -4.12070E-02
SCF Iteration 128: Energy = 5.4379805797238978 dE =  4.12066E-02
SCF Iteration 129: Energy = 5.3967736304131622 dE = -4.12069E-02
SCF Iteration 130: Energy = 5.4379802547404603 dE =  4.12066E-02
SCF Iteration 131: Energy = 5.3967733176378827 dE = -4.12069E-02
SCF Iteration 132: Energy = 5.4379799844892505 dE =  4.12067E-02
SCF Iteration 133: Energy = 5.3967730575387938 dE = -4.12069E-02
SCF Iteration 134: Energy = 5.4379797597525386 dE =  4.12067E-02
SCF Iteration 135: Energy = 5.3967728412444274 dE = -4.12069E-02
SCF Iteration 136: Energy = 5.4379795728649869 dE =  4.12067E-02
SCF Iteration 137: Energy = 5.3967726613774083 dE = -4.12069E-02
SCF Iteration 138: Energy = 5.4379794174522402 dE =  4.12068E-02
SCF Iteration 139: Energy = 5.3967725118028280 dE = -4.12069E-02
SCF Iteration 140: Energy = 5.4379792882134605 dE =  4.12068E-02
SCF Iteration 141: Energy = 5.3967723874189675 dE = -4.12069E-02
SCF Iteration 142: Energy = 5.4379791807405145 dE =  4.12068E-02
SCF Iteration 143: Energy = 5.3967722839832977 dE = -4.12069E-02
SCF Iteration 144: Energy = 5.4379790913677288 dE =  4.12068E-02
SCF Iteration 145: Energy = 5.3967721979678389 dE = -4.12069E-02
SCF Iteration 146: Energy = 5.4379790170467324 dE =  4.12068E-02
SCF Iteration 147: Energy = 5.3967721264387558 dE = -4.12069E-02
SCF Iteration 148: Energy = 5.4379789552425777 dE =  4.12068E-02
SCF Iteration 149: Energy = 5.3967720669563120 dE = -4.12069E-02
SCF Iteration 150: Energy = 5.4379789038472213 dE =  4.12068E-02
SCF Iteration 151: Energy = 5.3967720174916458 dE = -4.12069E-02
SCF Iteration 152: Energy = 5.4379788611076618 dE =  4.12068E-02
SCF Iteration 153: Energy = 5.3967719763576110 dE = -4.12069E-02
SCF Iteration 154: Energy = 5.4379788255661277 dE =  4.12068E-02
SCF Iteration 155: Energy = 5.3967719421512257 dE = -4.12069E-02
SCF Iteration 156: Energy = 5.4379787960103707 dE =  4.12069E-02
SCF Iteration 157: Energy = 5.3967719137057193 dE = -4.12069E-02
SCF Iteration 158: Energy = 5.4379787714322561 dE =  4.12069E-02
SCF Iteration 159: Energy = 5.3967718900509096 dE = -4.12069E-02
SCF Iteration 160: Energy = 5.4379787509934996 dE =  4.12069E-02
SCF Iteration 161: Energy = 5.3967718703799408 dE = -4.12069E-02
SCF Iteration 162: Energy = 5.4379787339969274 dE =  4.12069E-02
SCF Iteration 163: Energy = 5.3967718540218650 dE = -4.12069E-02
SCF Iteration 164: Energy = 5.4379787198628735 dE =  4.12069E-02
SCF Iteration 165: Energy = 5.3967718404187721 dE = -4.12069E-02
SCF Iteration 166: Energy = 5.4379787081092417 dE =  4.12069E-02
SCF Iteration 167: Energy = 5.3967718291066538 dE = -4.12069E-02
SCF Iteration 168: Energy = 5.4379786983350833 dE =  4.12069E-02
SCF Iteration 169: Energy = 5.3967718196996657 dE = -4.12069E-02
SCF Iteration 170: Energy = 5.4379786902070490 dE =  4.12069E-02
SCF Iteration 171: Energy = 5.3967718118769756 dE = -4.12069E-02
SCF Iteration 172: Energy = 5.4379786834479136 dE =  4.12069E-02
SCF Iteration 173: Energy = 5.3967718053717535 dE = -4.12069E-02
SCF Iteration 174: Energy = 5.4379786778271244 dE =  4.12069E-02
SCF Iteration 175: Energy = 5.3967717999621021 dE = -4.12069E-02
SCF Iteration 176: Energy = 5.4379786731529576 dE =  4.12069E-02
SCF Iteration 177: Energy = 5.3967717954635290 dE = -4.12069E-02
SCF Iteration 178: Energy = 5.4379786692660037 dE =  4.12069E-02
SCF Iteration 179: Energy = 5.3967717917225917 dE = -4.12069E-02
SCF Iteration 180: Energy = 5.4379786660336871 dE =  4.12069E-02
SCF Iteration 181: Energy = 5.3967717886116846 dE = -4.12069E-02
SCF Iteration 182: Energy = 5.4379786633457217 dE =  4.12069E-02
SCF Iteration 183: Energy = 5.3967717860247060 dE = -4.12069E-02
SCF Iteration 184: Energy = 5.4379786611104519 dE =  4.12069E-02
SCF Iteration 185: Energy = 5.3967717838734073 dE = -4.12069E-02
SCF Iteration 186: Energy = 5.4379786592516508 dE =  4.12069E-02
SCF Iteration 187: Energy = 5.3967717820844259 dE = -4.12069E-02
SCF Iteration 188: Energy = 5.4379786577058953 dE =  4.12069E-02
SCF Iteration 189: Energy = 5.3967717805967350 dE = -4.12069E-02
SCF Iteration 190: Energy = 5.4379786564204791 dE =  4.12069E-02
SCF Iteration 191: Energy = 5.3967717793595948 dE = -4.12069E-02
SCF Iteration 192: Energy = 5.4379786553515244 dE =  4.12069E-02
SCF Iteration 193: Energy = 5.3967717783308169 dE = -4.12069E-02
SCF Iteration 194: Energy = 5.4379786544626105 dE =  4.12069E-02
SCF Iteration 195: Energy = 5.3967717774753003 dE = -4.12069E-02
SCF Iteration 196: Energy = 5.4379786537234116 dE =  4.12069E-02
SCF Iteration 197: Energy = 5.3967717767638641 dE = -4.12069E-02
SCF Iteration 198: Energy = 5.4379786531087033 dE =  4.12069E-02
SCF Iteration 199: Energy = 5.3967717761722396 dE = -4.12069E-02
SCF Iteration 200: Energy = 5.4379786525975238 dE =  4.12069E-02
SCF Iteration 201: Energy = 5.3967717756802731 dE = -4.12069E-02
SCF Iteration 202: Energy = 5.4379786521724283 dE =  4.12069E-02
SCF Iteration 203: Energy = 5.3967717752711426 dE = -4.12069E-02
SCF Iteration 204: Energy = 5.4379786518189315 dE =  4.12069E-02
SCF Iteration 205: Energy = 5.3967717749309250 dE = -4.12069E-02
SCF Iteration 206: Energy = 5.4379786515249604 dE =  4.12069E-02
SCF Iteration 207: Energy = 5.3967717746480099 dE = -4.12069E-02
SCF Iteration 208: Energy = 5.4379786512805106 dE =  4.12069E-02
SCF Iteration 209: Energy = 5.3967717744127306 dE = -4.12069E-02
SCF Iteration 210: Energy = 5.4379786510772190 dE =  4.12069E-02
SCF Iteration 211: Energy = 5.3967717742170720 dE = -4.12069E-02
SCF Iteration 212: Energy = 5.4379786509081702 dE =  4.12069E-02
SCF Iteration 213: Energy = 5.3967717740543870 dE = -4.12069E-02
SCF Iteration 214: Energy = 5.4379786507675911 dE =  4.12069E-02
SCF Iteration 215: Energy = 5.3967717739190837 dE = -4.12069E-02
SCF Iteration 216: Energy = 5.4379786506506891 dE =  4.12069E-02
SCF Iteration 217: Energy = 5.3967717738065639 dE = -4.12069E-02
SCF Iteration 218: Energy = 5.4379786505534708 dE =  4.12069E-02
SCF Iteration 219: Energy = 5.3967717737130103 dE = -4.12069E-02
SCF Iteration 220: Energy = 5.4379786504726244 dE =  4.12069E-02
SCF Iteration 221: Energy = 5.3967717736351881 dE = -4.12069E-02
SCF Iteration 222: Energy = 5.4379786504053937 dE =  4.12069E-02
SCF Iteration 223: Energy = 5.3967717735704896 dE = -4.12069E-02
SCF Iteration 224: Energy = 5.4379786503494953 dE =  4.12069E-02
SCF Iteration 225: Energy = 5.3967717735166802 dE = -4.12069E-02
SCF Iteration 226: Energy = 5.4379786503030072 dE =  4.12069E-02
SCF Iteration 227: Energy = 5.3967717734719516 dE = -4.12069E-02
SCF Iteration 228: Energy = 5.4379786502643492 dE =  4.12069E-02
SCF Iteration 229: Energy = 5.3967717734347422 dE = -4.12069E-02
SCF Iteration 230: Energy = 5.4379786502322007 dE =  4.12069E-02
SCF Iteration 231: Energy = 5.3967717734037981 dE = -4.12069E-02
SCF Iteration 232: Energy = 5.4379786502054595 dE =  4.12069E-02
SCF Iteration 233: Energy = 5.3967717733780676 dE = -4.12069E-02
SCF Iteration 234: Energy = 5.4379786501832301 dE =  4.12069E-02
SCF Iteration 235: Energy = 5.3967717733566714 dE = -4.12069E-02
SCF Iteration 236: Energy = 5.4379786501647391 dE =  4.12069E-02
SCF Iteration 237: Energy = 5.3967717733388820 dE = -4.12069E-02
SCF Iteration 238: Energy = 5.4379786501493710 dE =  4.12069E-02
SCF Iteration 239: Energy = 5.3967717733240823 dE = -4.12069E-02
SCF Iteration 240: Energy = 5.4379786501365857 dE =  4.12069E-02
SCF Iteration 241: Energy = 5.3967717733117846 dE = -4.12069E-02
SCF Iteration 242: Energy = 5.4379786501259550 dE =  4.12069E-02
SCF Iteration 243: Energy = 5.3967717733015483 dE = -4.12069E-02
SCF Iteration 244: Energy = 5.4379786501171123 dE =  4.12069E-02
SCF Iteration 245: Energy = 5.3967717732930334 dE = -4.12069E-02
SCF Iteration 246: Energy = 5.4379786501097609 dE =  4.12069E-02
SCF Iteration 247: Energy = 5.3967717732859599 dE = -4.12069E-02
SCF Iteration 248: Energy = 5.4379786501036422 dE =  4.12069E-02
SCF Iteration 249: Energy = 5.3967717732800891 dE = -4.12069E-02
SCF Iteration 250: Energy = 5.4379786500985583 dE =  4.12069E-02
SCF Iteration 251: Energy = 5.3967717732751774 dE = -4.12069E-02
SCF Iteration 252: Energy = 5.4379786500943235 dE =  4.12069E-02
SCF Iteration 253: Energy = 5.3967717732711042 dE = -4.12069E-02
SCF Iteration 254: Energy = 5.4379786500908152 dE =  4.12069E-02
SCF Iteration 255: Energy = 5.3967717732677274 dE = -4.12069E-02
SCF Iteration 256: Energy = 5.4379786500878913 dE =  4.12069E-02
SCF Iteration 257: Energy = 5.3967717732649243 dE = -4.12069E-02
SCF Iteration 258: Energy = 5.4379786500854621 dE =  4.12069E-02
SCF Iteration 259: Energy = 5.3967717732625831 dE = -4.12069E-02
SCF Iteration 260: Energy = 5.4379786500834379 dE =  4.12069E-02
SCF Iteration 261: Energy = 5.3967717732606308 dE = -4.12069E-02
SCF Iteration 262: Energy = 5.4379786500817611 dE =  4.12069E-02
SCF Iteration 263: Energy = 5.3967717732590064 dE = -4.12069E-02
SCF Iteration 264: Energy = 5.4379786500803631 dE =  4.12069E-02
SCF Iteration 265: Energy = 5.3967717732576652 dE = -4.12069E-02
SCF Iteration 266: Energy = 5.4379786500792013 dE =  4.12069E-02
SCF Iteration 267: Energy = 5.3967717732565434 dE = -4.12069E-02
SCF Iteration 268: Energy = 5.4379786500782314 dE =  4.12069E-02
SCF Iteration 269: Energy = 5.3967717732556091 dE = -4.12069E-02
SCF Iteration 270: Energy = 5.4379786500774250 dE =  4.12069E-02
SCF Iteration 271: Energy = 5.3967717732548337 dE = -4.12069E-02
SCF Iteration 272: Energy = 5.4379786500767588 dE =  4.12069E-02
SCF Iteration 273: Energy = 5.3967717732542049 dE = -4.12069E-02
SCF Iteration 274: Energy = 5.4379786500762028 dE =  4.12069E-02
SCF Iteration 275: Energy = 5.3967717732536595 dE = -4.12069E-02
SCF Iteration 276: Energy = 5.4379786500757374 dE =  4.12069E-02
SCF Iteration 277: Energy = 5.3967717732532234 dE = -4.12069E-02
SCF Iteration 278: Energy = 5.4379786500753502 dE =  4.12069E-02
SCF Iteration 279: Energy = 5.3967717732528531 dE = -4.12069E-02
SCF Iteration 280: Energy = 5.4379786500750305 dE =  4.12069E-02
SCF Iteration 281: Energy = 5.3967717732525315 dE = -4.12069E-02
SCF Iteration 282: Energy = 5.4379786500747640 dE =  4.12069E-02
SCF Iteration 283: Energy = 5.3967717732522891 dE = -4.12069E-02
SCF Iteration 284: Energy = 5.4379786500745420 dE =  4.12069E-02
SCF Iteration 285: Energy = 5.3967717732520599 dE = -4.12069E-02
SCF Iteration 286: Energy = 5.4379786500743563 dE =  4.12069E-02
SCF Iteration 287: Energy = 5.3967717732518841 dE = -4.12069E-02
SCF Iteration 288: Energy = 5.4379786500742062 dE =  4.12069E-02
SCF Iteration 289: Energy = 5.3967717732517437 dE = -4.12069E-02
SCF Iteration 290: Energy = 5.4379786500740757 dE =  4.12069E-02
SCF Iteration 291: Energy = 5.3967717732516176 dE = -4.12069E-02
SCF Iteration 292: Energy = 5.4379786500739709 dE =  4.12069E-02
SCF Iteration 293: Energy = 5.3967717732515235 dE = -4.12069E-02
SCF Iteration 294: Energy = 5.4379786500738883 dE =  4.12069E-02
SCF Iteration 295: Energy = 5.3967717732514293 dE = -4.12069E-02
SCF Iteration 296: Energy = 5.4379786500738101 dE =  4.12069E-02
SCF Iteration 297: Energy = 5.3967717732513716 dE = -4.12069E-02
SCF Iteration 298: Energy = 5.4379786500737559 dE =  4.12069E-02
SCF Iteration 299: Energy = 5.3967717732513067 dE = -4.12069E-02
SCF Iteration 300: Energy = 5.4379786500737053 dE =  4.12069E-02
SCF Iteration 301: Energy = 5.3967717732512606 dE = -4.12069E-02
SCF Iteration 302: Energy = 5.4379786500736609 dE =  4.12069E-02
SCF Iteration 303: Energy = 5.3967717732512144 dE = -4.12069E-02
SCF Iteration 304: Energy = 5.4379786500736245 dE =  4.12069E-02
SCF Iteration 305: Energy = 5.3967717732511860 dE = -4.12069E-02
SCF Iteration 306: Energy = 5.4379786500735952 dE =  4.12069E-02
SCF Iteration 307: Energy = 5.3967717732511611 dE = -4.12069E-02
SCF Iteration 308: Energy = 5.4379786500735685 dE =  4.12069E-02
SCF Iteration 309: Energy = 5.3967717732511407 dE = -4.12069E-02
SCF Iteration 310: Energy = 5.4379786500735534 dE =  4.12069E-02
SCF Iteration 311: Energy = 5.3967717732511202 dE = -4.12069E-02
SCF Iteration 312: Energy = 5.4379786500735339 dE =  4.12069E-02
SCF Iteration 313: Energy = 5.3967717732510989 dE = -4.12069E-02
SCF Iteration 314: Energy = 5.4379786500735223 dE =  4.12069E-02
SCF Iteration 315: Energy = 5.3967717732510749 dE = -4.12069E-02
SCF Iteration 316: Energy = 5.4379786500735099 dE =  4.12069E-02
SCF Iteration 317: Energy = 5.3967717732510705 dE = -4.12069E-02
SCF Iteration 318: Energy = 5.4379786500734957 dE =  4.12069E-02
SCF Iteration 319: Energy = 5.3967717732510669 dE = -4.12069E-02
SCF Iteration 320: Energy = 5.4379786500734957 dE =  4.12069E-02
SCF Iteration 321: Energy = 5.3967717732510545 dE = -4.12069E-02
SCF Iteration 322: Energy = 5.4379786500734868 dE =  4.12069E-02
SCF Iteration 323: Energy = 5.3967717732510545 dE = -4.12069E-02
SCF Iteration 324: Energy = 5.4379786500734815 dE =  4.12069E-02
SCF Iteration 325: Energy = 5.3967717732510492 dE = -4.12069E-02
SCF Iteration 326: Energy = 5.4379786500734824 dE =  4.12069E-02
SCF Iteration 327: Energy = 5.3967717732510465 dE = -4.12069E-02
SCF Iteration 328: Energy = 5.4379786500734832 dE =  4.12069E-02
SCF Iteration 329: Energy = 5.3967717732510332 dE = -4.12069E-02
SCF Iteration 330: Energy = 5.4379786500734726 dE =  4.12069E-02
SCF Iteration 331: Energy = 5.3967717732510438 dE = -4.12069E-02
SCF Iteration 332: Energy = 5.4379786500734735 dE =  4.12069E-02
SCF Iteration 333: Energy = 5.3967717732510385 dE = -4.12069E-02
SCF Iteration 334: Energy = 5.4379786500734726 dE =  4.12069E-02
SCF Iteration 335: Energy = 5.3967717732510314 dE = -4.12069E-02
SCF Iteration 336: Energy = 5.4379786500734788 dE =  4.12069E-02
SCF Iteration 337: Energy = 5.3967717732510438 dE = -4.12069E-02
SCF Iteration 338: Energy = 5.4379786500734664 dE =  4.12069E-02
SCF Iteration 339: Energy = 5.3967717732510350 dE = -4.12069E-02
SCF Iteration 340: Energy = 5.4379786500734673 dE =  4.12069E-02
SCF Iteration 341: Energy = 5.3967717732510181 dE = -4.12069E-02
SCF Iteration 342: Energy = 5.4379786500734575 dE =  4.12069E-02
SCF Iteration 343: Energy = 5.3967717732510279 dE = -4.12069E-02
SCF Iteration 344: Energy = 5.4379786500734673 dE =  4.12069E-02
SCF Iteration 345: Energy = 5.3967717732510287 dE = -4.12069E-02
SCF Iteration 346: Energy = 5.4379786500734619 dE =  4.12069E-02
SCF Iteration 347: Energy = 5.3967717732510225 dE = -4.12069E-02
SCF Iteration 348: Energy = 5.4379786500734566 dE =  4.12069E-02
SCF Iteration 349: Energy = 5.3967717732510314 dE = -4.12069E-02
SCF Iteration 350: Energy = 5.4379786500734699 dE =  4.12069E-02
SCF Iteration 351: Energy = 5.3967717732510287 dE = -4.12069E-02
SCF Iteration 352: Energy = 5.4379786500734646 dE =  4.12069E-02
SCF Iteration 353: Energy = 5.3967717732510261 dE = -4.12069E-02
SCF Iteration 354: Energy = 5.4379786500734637 dE =  4.12069E-02
SCF Iteration 355: Energy = 5.3967717732510279 dE = -4.12069E-02
SCF Iteration 356: Energy = 5.4379786500734602 dE =  4.12069E-02
SCF Iteration 357: Energy = 5.3967717732510261 dE = -4.12069E-02
SCF Iteration 358: Energy = 5.4379786500734637 dE =  4.12069E-02
SCF Iteration 359: Energy = 5.3967717732510225 dE = -4.12069E-02
SCF Iteration 360: Energy = 5.4379786500734637 dE =  4.12069E-02
SCF Iteration 361: Energy = 5.3967717732510314 dE = -4.12069E-02
SCF Iteration 362: Energy = 5.4379786500734673 dE =  4.12069E-02
SCF Iteration 363: Energy = 5.3967717732510243 dE = -4.12069E-02
SCF Iteration 364: Energy = 5.4379786500734646 dE =  4.12069E-02
SCF Iteration 365: Energy = 5.3967717732510261 dE = -4.12069E-02
SCF Iteration 366: Energy = 5.4379786500734575 dE =  4.12069E-02
SCF Iteration 367: Energy = 5.3967717732510243 dE = -4.12069E-02
SCF Iteration 368: Energy = 5.4379786500734566 dE =  4.12069E-02
SCF Iteration 369: Energy = 5.3967717732510181 dE = -4.12069E-02
SCF Iteration 370: Energy = 5.4379786500734584 dE =  4.12069E-02
SCF Iteration 371: Energy = 5.3967717732510279 dE = -4.12069E-02
SCF Iteration 372: Energy = 5.4379786500734610 dE =  4.12069E-02
SCF Iteration 373: Energy = 5.3967717732510243 dE = -4.12069E-02
SCF Iteration 374: Energy = 5.4379786500734619 dE =  4.12069E-02
SCF Iteration 375: Energy = 5.3967717732510110 dE = -4.12069E-02
SCF Iteration 376: Energy = 5.4379786500734548 dE =  4.12069E-02
SCF Iteration 377: Energy = 5.3967717732510199 dE = -4.12069E-02
SCF Iteration 378: Energy = 5.4379786500734566 dE =  4.12069E-02
SCF Iteration 379: Energy = 5.3967717732510296 dE = -4.12069E-02
SCF Iteration 380: Energy = 5.4379786500734619 dE =  4.12069E-02
SCF Iteration 381: Energy = 5.3967717732510287 dE = -4.12069E-02
SCF Iteration 382: Energy = 5.4379786500734584 dE =  4.12069E-02
SCF Iteration 383: Energy = 5.3967717732510367 dE = -4.12069E-02
SCF Iteration 384: Energy = 5.4379786500734584 dE =  4.12069E-02
SCF Iteration 385: Energy = 5.3967717732510243 dE = -4.12069E-02
SCF Iteration 386: Energy = 5.4379786500734708 dE =  4.12069E-02
SCF Iteration 387: Energy = 5.3967717732510243 dE = -4.12069E-02
SCF Iteration 388: Energy = 5.4379786500734655 dE =  4.12069E-02
SCF Iteration 389: Energy = 5.3967717732510101 dE = -4.12069E-02
SCF Iteration 390: Energy = 5.4379786500734539 dE =  4.12069E-02
SCF Iteration 391: Energy = 5.3967717732510261 dE = -4.12069E-02
SCF Iteration 392: Energy = 5.4379786500734593 dE =  4.12069E-02
SCF Iteration 393: Energy = 5.3967717732510243 dE = -4.12069E-02
SCF Iteration 394: Energy = 5.4379786500734548 dE =  4.12069E-02
SCF Iteration 395: Energy = 5.3967717732510208 dE = -4.12069E-02
SCF Iteration 396: Energy = 5.4379786500734548 dE =  4.12069E-02
SCF Iteration 397: Energy = 5.3967717732510243 dE = -4.12069E-02
SCF Iteration 398: Energy = 5.4379786500734619 dE =  4.12069E-02
SCF Iteration 399: Energy = 5.3967717732510216 dE = -4.12069E-02
SCF Iteration 400: Energy = 5.4379786500734690 dE =  4.12069E-02
SCF Iteration 401: Energy = 5.3967717732510296 dE = -4.12069E-02
SCF Iteration 402: Energy = 5.4379786500734673 dE =  4.12069E-02
SCF Iteration 403: Energy = 5.3967717732510296 dE = -4.12069E-02
SCF Iteration 404: Energy = 5.4379786500734655 dE =  4.12069E-02
SCF Iteration 405: Energy = 5.3967717732510350 dE = -4.12069E-02
SCF Iteration 406: Energy = 5.4379786500734628 dE =  4.12069E-02
SCF Iteration 407: Energy = 5.3967717732510350 dE = -4.12069E-02
SCF Iteration 408: Energy = 5.4379786500734681 dE =  4.12069E-02
SCF Iteration 409: Energy = 5.3967717732510172 dE = -4.12069E-02
SCF Iteration 410: Energy = 5.4379786500734681 dE =  4.12069E-02
SCF Iteration 411: Energy = 5.3967717732510287 dE = -4.12069E-02
SCF Iteration 412: Energy = 5.4379786500734690 dE =  4.12069E-02
SCF Iteration 413: Energy = 5.3967717732510305 dE = -4.12069E-02
SCF Iteration 414: Energy = 5.4379786500734655 dE =  4.12069E-02
SCF Iteration 415: Energy = 5.3967717732510261 dE = -4.12069E-02
SCF Iteration 416: Energy = 5.4379786500734673 dE =  4.12069E-02
SCF Iteration 417: Energy = 5.3967717732510261 dE = -4.12069E-02
SCF Iteration 418: Energy = 5.4379786500734610 dE =  4.12069E-02
SCF Iteration 419: Energy = 5.3967717732510332 dE = -4.12069E-02
SCF Iteration 420: Energy = 5.4379786500734735 dE =  4.12069E-02
SCF Iteration 421: Energy = 5.3967717732510296 dE = -4.12069E-02
SCF Iteration 422: Energy = 5.4379786500734673 dE =  4.12069E-02
SCF Iteration 423: Energy = 5.3967717732510225 dE = -4.12069E-02
SCF Iteration 424: Energy = 5.4379786500734602 dE =  4.12069E-02
SCF Iteration 425: Energy = 5.3967717732510234 dE = -4.12069E-02
SCF Iteration 426: Energy = 5.4379786500734566 dE =  4.12069E-02
SCF Iteration 427: Energy = 5.3967717732510296 dE = -4.12069E-02
SCF Iteration 428: Energy = 5.4379786500734584 dE =  4.12069E-02
SCF Iteration 429: Energy = 5.3967717732510332 dE = -4.12069E-02
SCF Iteration 430: Energy = 5.4379786500734566 dE =  4.12069E-02
SCF Iteration 431: Energy = 5.3967717732510243 dE = -4.12069E-02
SCF Iteration 432: Energy = 5.4379786500734637 dE =  4.12069E-02
SCF Iteration 433: Energy = 5.3967717732510270 dE = -4.12069E-02
SCF Iteration 434: Energy = 5.4379786500734628 dE =  4.12069E-02
SCF Iteration 435: Energy = 5.3967717732510172 dE = -4.12069E-02
SCF Iteration 436: Energy = 5.4379786500734690 dE =  4.12069E-02
SCF Iteration 437: Energy = 5.3967717732510367 dE = -4.12069E-02
SCF Iteration 438: Energy = 5.4379786500734619 dE =  4.12069E-02
SCF Iteration 439: Energy = 5.3967717732510279 dE = -4.12069E-02
SCF Iteration 440: Energy = 5.4379786500734708 dE =  4.12069E-02
SCF Iteration 441: Energy = 5.3967717732510332 dE = -4.12069E-02
SCF Iteration 442: Energy = 5.4379786500734619 dE =  4.12069E-02
SCF Iteration 443: Energy = 5.3967717732510199 dE = -4.12069E-02
SCF Iteration 444: Energy = 5.4379786500734530 dE =  4.12069E-02
SCF Iteration 445: Energy = 5.3967717732510199 dE = -4.12069E-02
SCF Iteration 446: Energy = 5.4379786500734628 dE =  4.12069E-02
SCF Iteration 447: Energy = 5.3967717732510216 dE = -4.12069E-02
SCF Iteration 448: Energy = 5.4379786500734593 dE =  4.12069E-02
SCF Iteration 449: Energy = 5.3967717732510252 dE = -4.12069E-02
SCF Iteration 450: Energy = 5.4379786500734566 dE =  4.12069E-02
SCF Iteration 451: Energy = 5.3967717732510172 dE = -4.12069E-02
SCF Iteration 452: Energy = 5.4379786500734602 dE =  4.12069E-02
SCF Iteration 453: Energy = 5.3967717732510305 dE = -4.12069E-02
SCF Iteration 454: Energy = 5.4379786500734619 dE =  4.12069E-02
SCF Iteration 455: Energy = 5.3967717732510279 dE = -4.12069E-02
SCF Iteration 456: Energy = 5.4379786500734566 dE =  4.12069E-02
SCF Iteration 457: Energy = 5.3967717732510208 dE = -4.12069E-02
SCF Iteration 458: Energy = 5.4379786500734655 dE =  4.12069E-02
SCF Iteration 459: Energy = 5.3967717732510261 dE = -4.12069E-02
SCF Iteration 460: Energy = 5.4379786500734584 dE =  4.12069E-02
SCF Iteration 461: Energy = 5.3967717732510190 dE = -4.12069E-02
SCF Iteration 462: Energy = 5.4379786500734495 dE =  4.12069E-02
SCF Iteration 463: Energy = 5.3967717732510243 dE = -4.12069E-02
SCF Iteration 464: Energy = 5.4379786500734637 dE =  4.12069E-02
SCF Iteration 465: Energy = 5.3967717732510208 dE = -4.12069E-02
SCF Iteration 466: Energy = 5.4379786500734673 dE =  4.12069E-02
SCF Iteration 467: Energy = 5.3967717732510225 dE = -4.12069E-02
SCF Iteration 468: Energy = 5.4379786500734593 dE =  4.12069E-02
SCF Iteration 469: Energy = 5.3967717732510296 dE = -4.12069E-02
SCF Iteration 470: Energy = 5.4379786500734566 dE =  4.12069E-02
SCF Iteration 471: Energy = 5.3967717732510154 dE = -4.12069E-02
SCF Iteration 472: Energy = 5.4379786500734584 dE =  4.12069E-02
SCF Iteration 473: Energy = 5.3967717732510136 dE = -4.12069E-02
SCF Iteration 474: Energy = 5.4379786500734557 dE =  4.12069E-02
SCF Iteration 475: Energy = 5.3967717732510190 dE = -4.12069E-02
SCF Iteration 476: Energy = 5.4379786500734539 dE =  4.12069E-02
SCF Iteration 477: Energy = 5.3967717732510128 dE = -4.12069E-02
SCF Iteration 478: Energy = 5.4379786500734522 dE =  4.12069E-02
SCF Iteration 479: Energy = 5.3967717732510154 dE = -4.12069E-02
SCF Iteration 480: Energy = 5.4379786500734593 dE =  4.12069E-02
SCF Iteration 481: Energy = 5.3967717732510136 dE = -4.12069E-02
SCF Iteration 482: Energy = 5.4379786500734495 dE =  4.12069E-02
SCF Iteration 483: Energy = 5.3967717732510252 dE = -4.12069E-02
SCF Iteration 484: Energy = 5.4379786500734610 dE =  4.12069E-02
SCF Iteration 485: Energy = 5.3967717732510243 dE = -4.12069E-02
SCF Iteration 486: Energy = 5.4379786500734619 dE =  4.12069E-02
SCF Iteration 487: Energy = 5.3967717732510190 dE = -4.12069E-02
SCF Iteration 488: Energy = 5.4379786500734664 dE =  4.12069E-02
SCF Iteration 489: Energy = 5.3967717732510296 dE = -4.12069E-02
SCF Iteration 490: Energy = 5.4379786500734637 dE =  4.12069E-02
SCF Iteration 491: Energy = 5.3967717732510181 dE = -4.12069E-02
SCF Iteration 492: Energy = 5.4379786500734619 dE =  4.12069E-02
SCF Iteration 493: Energy = 5.3967717732510163 dE = -4.12069E-02
SCF Iteration 494: Energy = 5.4379786500734530 dE =  4.12069E-02
SCF Iteration 495: Energy = 5.3967717732510216 dE = -4.12069E-02
SCF Iteration 496: Energy = 5.4379786500734495 dE =  4.12069E-02
SCF Iteration 497: Energy = 5.3967717732510225 dE = -4.12069E-02
SCF Iteration 498: Energy = 5.4379786500734637 dE =  4.12069E-02
SCF Iteration 499: Energy = 5.3967717732510101 dE = -4.12069E-02
SCF Iteration 500: Energy = 5.4379786500734530 dE =  4.12069E-02
