
  Memory set to  55.879 GiB by Python driver.
  Threads set to 1 by Python driver.
Settings:
	LOT = CCSD-S2-U22
	wc = 20.0 eV
	lambda = [0.969939 0.       0.      ] a.u.
	Equivalent A0 = LAMBDA / sqrt(2 wc) = [0.8 0.  0. ])
doing QED-CCSD-Full (or QED-CCSD-22)
Number of occupied orbitals:   1
Number of basis functions:  60
SCF Iteration   1: Energy = -0.0201813458868526 dE = -2.01813E-02
SCF Iteration   2: Energy = -0.4650276156265726 dE = -4.44846E-01
SCF Iteration   3: Energy = -0.4694504007085679 dE = -4.42279E-03
SCF Iteration   4: Energy = -0.4695311445539280 dE = -8.07438E-05
SCF Iteration   5: Energy = -0.4695331347543948 dE = -1.99020E-06
SCF Iteration   6: Energy = -0.4695331939521342 dE = -5.91977E-08
SCF Iteration   7: Energy = -0.4695331959227388 dE = -1.97060E-09
SCF Iteration   8: Energy = -0.4695331959924530 dE = -6.97142E-11

SCF converged.
E_QED_HF          = -0.469533195992453
HF  (psi4)        = -1.126230059360557
Starting with the CCSD calculation:

Iter  Energy(CCSD)      E_diff    time(sec)
  1:  -0.3669524900  3.66952E-01   19.063
  2:  -0.3592401161  7.71237E-03   19.058
  3:  -0.3718853795  1.26453E-02   19.063
  4:  -0.3833012906  1.14159E-02   19.060
  5:  -0.3888776357  5.57635E-03   19.056
  6:  -0.3903524038  1.47477E-03   19.058
  7:  -0.3914438617  1.09146E-03   19.060
  8:  -0.3921294905  6.85629E-04   19.051
  9:  -0.3922896310  1.60141E-04   19.062
 10:  -0.3924357468  1.46116E-04   19.048
 11:  -0.3924372387  1.49194E-06   19.056
 12:  -0.3924511186  1.38799E-05   19.050
 13:  -0.3924496293  1.48926E-06   19.052
 14:  -0.3924461225  3.50683E-06   19.050
 15:  -0.3924450811  1.04146E-06   19.062
 16:  -0.3924442582  8.22850E-07   19.048
 17:  -0.3924441767  8.14889E-08   19.058
 18:  -0.3924442333  5.66008E-08   19.055
 19:  -0.3924442858  5.24936E-08   19.053
 20:  -0.3924442880  2.23681E-09   19.053
E_QED_CCSD  (Corr.)  = -0.392444288042903
E_QED_CCSD tot       = -0.861977484035356
E_CCSD_psi4 (Corr.)  = -0.041746525965731
E_CCSD_psi4 tot      = -1.167976585326288
