
  Memory set to  55.879 GiB by Python driver.
  Threads set to 1 by Python driver.
Settings:
	LOT = CCSD-S2-U22
	wc = 20.0 eV
	lambda = [0.606212 0.       0.      ] a.u.
	Equivalent A0 = LAMBDA / sqrt(2 wc) = [0.5 0.  0. ])
doing QED-CCSD-Full (or QED-CCSD-22)
Number of occupied orbitals:   1
Number of basis functions:  60
SCF Iteration   1: Energy = -0.8031762192628762 dE = -8.03176E-01
SCF Iteration   2: Energy = -0.8630416939597105 dE = -5.98655E-02
SCF Iteration   3: Energy = -0.8642936344019831 dE = -1.25194E-03
SCF Iteration   4: Energy = -0.8643266835508210 dE = -3.30491E-05
SCF Iteration   5: Energy = -0.8643276238909980 dE = -9.40340E-07
SCF Iteration   6: Energy = -0.8643276520592618 dE = -2.81683E-08
SCF Iteration   7: Energy = -0.8643276529464037 dE = -8.87142E-10
SCF Iteration   8: Energy = -0.8643276529759059 dE = -2.95022E-11

SCF converged.
E_QED_HF          = -0.864327652975906
HF  (psi4)        = -1.084788994813107
Starting with the CCSD calculation:

Iter  Energy(CCSD)      E_diff    time(sec)
  1:  -0.1224368965  1.22437E-01   19.105
  2:  -0.1369592497  1.45224E-02   19.099
  3:  -0.1422275291  5.26828E-03   19.103
  4:  -0.1445116245  2.28410E-03   19.095
  5:  -0.1449540087  4.42384E-04   19.100
  6:  -0.1450184536  6.44449E-05   19.099
  7:  -0.1450304866  1.20330E-05   19.094
  8:  -0.1450323039  1.81730E-06   19.092
  9:  -0.1450310120  1.29185E-06   19.087
 10:  -0.1450305940  4.18058E-07   19.090
 11:  -0.1450305465  4.74664E-08   19.093
 12:  -0.1450305440  2.53528E-09   19.090
E_QED_CCSD  (Corr.)  = -0.145030543974664
E_QED_CCSD tot       = -1.009358196950569
E_CCSD_psi4 (Corr.)  = -0.038779840833508
E_CCSD_psi4 tot      = -1.123568835646615
