
  Memory set to  55.879 GiB by Python driver.
  Threads set to 1 by Python driver.
Settings:
	LOT = CCSD-S2-U22
	wc = 20.0 eV
	lambda = [0.606212 0.       0.      ] a.u.
	Equivalent A0 = LAMBDA / sqrt(2 wc) = [0.5 0.  0. ])
doing QED-CCSD-Full (or QED-CCSD-22)
Number of occupied orbitals:   1
Number of basis functions:  60
SCF Iteration   1: Energy = 0.6956303242423959 dE =  6.95630E-01
SCF Iteration   2: Energy = 1.1749727526673508 dE =  4.79342E-01
SCF Iteration   3: Energy = 0.8770657195757421 dE = -2.97907E-01
SCF Iteration   4: Energy = 1.1843141590237682 dE =  3.07248E-01
SCF Iteration   5: Energy = 0.9187772346186260 dE = -2.65537E-01
SCF Iteration   6: Energy = 1.1881435932678166 dE =  2.69366E-01
SCF Iteration   7: Energy = 0.9322171866347637 dE = -2.55926E-01
SCF Iteration   8: Energy = 1.1893483962485549 dE =  2.57131E-01
SCF Iteration   9: Energy = 0.9370313507688663 dE = -2.52317E-01
SCF Iteration  10: Energy = 1.1893937231834522 dE =  2.52362E-01
SCF Iteration  11: Energy = 0.9385635230688061 dE = -2.50830E-01
SCF Iteration  12: Energy = 1.1890287723031676 dE =  2.50465E-01
SCF Iteration  13: Energy = 0.9388497548507062 dE = -2.50179E-01
SCF Iteration  14: Energy = 1.1886026552895221 dE =  2.49753E-01
SCF Iteration  15: Energy = 0.9387198741155209 dE = -2.49883E-01
SCF Iteration  16: Energy = 1.1882421430438672 dE =  2.49522E-01
SCF Iteration  17: Energy = 0.9384974224637888 dE = -2.49745E-01
SCF Iteration  18: Energy = 1.1879734133149378 dE =  2.49476E-01
SCF Iteration  19: Energy = 0.9382941966845215 dE = -2.49679E-01
SCF Iteration  20: Energy = 1.1877858456506520 dE =  2.49492E-01
SCF Iteration  21: Energy = 0.9381382136507290 dE = -2.49648E-01
SCF Iteration  22: Energy = 1.1876598988689790 dE =  2.49522E-01
SCF Iteration  23: Energy = 0.9380277542590221 dE = -2.49632E-01
SCF Iteration  24: Energy = 1.1875773755243322 dE =  2.49550E-01
SCF Iteration  25: Energy = 0.9379529670511682 dE = -2.49624E-01
SCF Iteration  26: Energy = 1.1875241748135132 dE =  2.49571E-01
SCF Iteration  27: Energy = 0.9379037105986894 dE = -2.49620E-01
SCF Iteration  28: Energy = 1.1874902560063541 dE =  2.49587E-01
SCF Iteration  29: Energy = 0.9378718476996650 dE = -2.49618E-01
SCF Iteration  30: Energy = 1.1874687974942530 dE =  2.49597E-01
SCF Iteration  31: Energy = 0.9378514857054361 dE = -2.49617E-01
SCF Iteration  32: Energy = 1.1874552962653062 dE =  2.49604E-01
SCF Iteration  33: Energy = 0.9378385828297053 dE = -2.49617E-01
SCF Iteration  34: Energy = 1.1874468349658969 dE =  2.49608E-01
SCF Iteration  35: Energy = 0.9378304552323133 dE = -2.49616E-01
SCF Iteration  36: Energy = 1.1874415472837028 dE =  2.49611E-01
SCF Iteration  37: Energy = 0.9378253573931223 dE = -2.49616E-01
SCF Iteration  38: Energy = 1.1874382496999891 dE =  2.49613E-01
SCF Iteration  39: Energy = 0.9378221697121654 dE = -2.49616E-01
SCF Iteration  40: Energy = 1.1874361963112239 dE =  2.49614E-01
SCF Iteration  41: Energy = 0.9378201808958389 dE = -2.49616E-01
SCF Iteration  42: Energy = 1.1874349190873927 dE =  2.49615E-01
SCF Iteration  43: Energy = 0.9378189420757683 dE = -2.49616E-01
SCF Iteration  44: Energy = 1.1874341252874174 dE =  2.49615E-01
SCF Iteration  45: Energy = 0.9378181713404981 dE = -2.49616E-01
SCF Iteration  46: Energy = 1.1874336322309238 dE =  2.49615E-01
SCF Iteration  47: Energy = 0.9378176922434200 dE = -2.49616E-01
SCF Iteration  48: Energy = 1.1874333261106174 dE =  2.49616E-01
SCF Iteration  49: Energy = 0.9378173946223636 dE = -2.49616E-01
SCF Iteration  50: Energy = 1.1874331361132429 dE =  2.49616E-01
SCF Iteration  51: Energy = 0.9378172098235293 dE = -2.49616E-01
SCF Iteration  52: Energy = 1.1874330182170194 dE =  2.49616E-01
SCF Iteration  53: Energy = 0.9378170951180362 dE = -2.49616E-01
SCF Iteration  54: Energy = 1.1874329450734489 dE =  2.49616E-01
SCF Iteration  55: Energy = 0.9378170239379919 dE = -2.49616E-01
SCF Iteration  56: Energy = 1.1874328997005714 dE =  2.49616E-01
SCF Iteration  57: Energy = 0.9378169797758025 dE = -2.49616E-01
SCF Iteration  58: Energy = 1.1874328715572586 dE =  2.49616E-01
SCF Iteration  59: Energy = 0.9378169523800926 dE = -2.49616E-01
SCF Iteration  60: Energy = 1.1874328541021093 dE =  2.49616E-01
SCF Iteration  61: Energy = 0.9378169353870875 dE = -2.49616E-01
SCF Iteration  62: Energy = 1.1874328432765726 dE =  2.49616E-01
SCF Iteration  63: Energy = 0.9378169248474684 dE = -2.49616E-01
SCF Iteration  64: Energy = 1.1874328365629254 dE =  2.49616E-01
SCF Iteration  65: Energy = 0.9378169183108140 dE = -2.49616E-01
SCF Iteration  66: Energy = 1.1874328323994541 dE =  2.49616E-01
SCF Iteration  67: Energy = 0.9378169142569608 dE = -2.49616E-01
SCF Iteration  68: Energy = 1.1874328298175321 dE =  2.49616E-01
SCF Iteration  69: Energy = 0.9378169117429471 dE = -2.49616E-01
SCF Iteration  70: Energy = 1.1874328282164079 dE =  2.49616E-01
SCF Iteration  71: Energy = 0.9378169101839064 dE = -2.49616E-01
SCF Iteration  72: Energy = 1.1874328272235191 dE =  2.49616E-01
SCF Iteration  73: Energy = 0.9378169092170987 dE = -2.49616E-01
SCF Iteration  74: Energy = 1.1874328266078142 dE =  2.49616E-01
SCF Iteration  75: Energy = 0.9378169086175592 dE = -2.49616E-01
SCF Iteration  76: Energy = 1.1874328262260081 dE =  2.49616E-01
SCF Iteration  77: Energy = 0.9378169082457768 dE = -2.49616E-01
SCF Iteration  78: Energy = 1.1874328259892475 dE =  2.49616E-01
SCF Iteration  79: Energy = 0.9378169080152285 dE = -2.49616E-01
SCF Iteration  80: Energy = 1.1874328258424296 dE =  2.49616E-01
SCF Iteration  81: Energy = 0.9378169078722656 dE = -2.49616E-01
SCF Iteration  82: Energy = 1.1874328257513871 dE =  2.49616E-01
SCF Iteration  83: Energy = 0.9378169077836114 dE = -2.49616E-01
SCF Iteration  84: Energy = 1.1874328256949329 dE =  2.49616E-01
SCF Iteration  85: Energy = 0.9378169077286367 dE = -2.49616E-01
SCF Iteration  86: Energy = 1.1874328256599223 dE =  2.49616E-01
SCF Iteration  87: Energy = 0.9378169076945446 dE = -2.49616E-01
SCF Iteration  88: Energy = 1.1874328256382143 dE =  2.49616E-01
SCF Iteration  89: Energy = 0.9378169076734080 dE = -2.49616E-01
SCF Iteration  90: Energy = 1.1874328256247528 dE =  2.49616E-01
SCF Iteration  91: Energy = 0.9378169076602962 dE = -2.49616E-01
SCF Iteration  92: Energy = 1.1874328256164040 dE =  2.49616E-01
SCF Iteration  93: Energy = 0.9378169076521672 dE = -2.49616E-01
SCF Iteration  94: Energy = 1.1874328256112272 dE =  2.49616E-01
SCF Iteration  95: Energy = 0.9378169076471277 dE = -2.49616E-01
SCF Iteration  96: Energy = 1.1874328256080182 dE =  2.49616E-01
SCF Iteration  97: Energy = 0.9378169076440037 dE = -2.49616E-01
SCF Iteration  98: Energy = 1.1874328256060298 dE =  2.49616E-01
SCF Iteration  99: Energy = 0.9378169076420666 dE = -2.49616E-01
SCF Iteration 100: Energy = 1.1874328256047944 dE =  2.49616E-01
SCF Iteration 101: Energy = 0.9378169076408627 dE = -2.49616E-01
SCF Iteration 102: Energy = 1.1874328256040301 dE =  2.49616E-01
SCF Iteration 103: Energy = 0.9378169076401206 dE = -2.49616E-01
SCF Iteration 104: Energy = 1.1874328256035562 dE =  2.49616E-01
SCF Iteration 105: Energy = 0.9378169076396585 dE = -2.49616E-01
SCF Iteration 106: Energy = 1.1874328256032616 dE =  2.49616E-01
SCF Iteration 107: Energy = 0.9378169076393714 dE = -2.49616E-01
SCF Iteration 108: Energy = 1.1874328256030793 dE =  2.49616E-01
SCF Iteration 109: Energy = 0.9378169076391913 dE = -2.49616E-01
SCF Iteration 110: Energy = 1.1874328256029640 dE =  2.49616E-01
SCF Iteration 111: Energy = 0.9378169076390817 dE = -2.49616E-01
SCF Iteration 112: Energy = 1.1874328256028970 dE =  2.49616E-01
SCF Iteration 113: Energy = 0.9378169076390153 dE = -2.49616E-01
SCF Iteration 114: Energy = 1.1874328256028546 dE =  2.49616E-01
SCF Iteration 115: Energy = 0.9378169076389746 dE = -2.49616E-01
SCF Iteration 116: Energy = 1.1874328256028261 dE =  2.49616E-01
SCF Iteration 117: Energy = 0.9378169076389480 dE = -2.49616E-01
SCF Iteration 118: Energy = 1.1874328256028117 dE =  2.49616E-01
SCF Iteration 119: Energy = 0.9378169076389324 dE = -2.49616E-01
SCF Iteration 120: Energy = 1.1874328256027997 dE =  2.49616E-01
SCF Iteration 121: Energy = 0.9378169076389204 dE = -2.49616E-01
SCF Iteration 122: Energy = 1.1874328256027913 dE =  2.49616E-01
SCF Iteration 123: Energy = 0.9378169076389127 dE = -2.49616E-01
SCF Iteration 124: Energy = 1.1874328256027871 dE =  2.49616E-01
SCF Iteration 125: Energy = 0.9378169076389093 dE = -2.49616E-01
SCF Iteration 126: Energy = 1.1874328256027824 dE =  2.49616E-01
SCF Iteration 127: Energy = 0.9378169076389047 dE = -2.49616E-01
SCF Iteration 128: Energy = 1.1874328256027813 dE =  2.49616E-01
SCF Iteration 129: Energy = 0.9378169076389018 dE = -2.49616E-01
SCF Iteration 130: Energy = 1.1874328256027793 dE =  2.49616E-01
SCF Iteration 131: Energy = 0.9378169076388994 dE = -2.49616E-01
SCF Iteration 132: Energy = 1.1874328256027766 dE =  2.49616E-01
SCF Iteration 133: Energy = 0.9378169076389005 dE = -2.49616E-01
SCF Iteration 134: Energy = 1.1874328256027815 dE =  2.49616E-01
SCF Iteration 135: Energy = 0.9378169076389040 dE = -2.49616E-01
SCF Iteration 136: Energy = 1.1874328256027815 dE =  2.49616E-01
SCF Iteration 137: Energy = 0.9378169076389051 dE = -2.49616E-01
SCF Iteration 138: Energy = 1.1874328256027817 dE =  2.49616E-01
SCF Iteration 139: Energy = 0.9378169076389027 dE = -2.49616E-01
SCF Iteration 140: Energy = 1.1874328256027831 dE =  2.49616E-01
SCF Iteration 141: Energy = 0.9378169076389031 dE = -2.49616E-01
SCF Iteration 142: Energy = 1.1874328256027826 dE =  2.49616E-01
SCF Iteration 143: Energy = 0.9378169076389051 dE = -2.49616E-01
SCF Iteration 144: Energy = 1.1874328256027822 dE =  2.49616E-01
SCF Iteration 145: Energy = 0.9378169076389022 dE = -2.49616E-01
SCF Iteration 146: Energy = 1.1874328256027813 dE =  2.49616E-01
SCF Iteration 147: Energy = 0.9378169076389020 dE = -2.49616E-01
SCF Iteration 148: Energy = 1.1874328256027786 dE =  2.49616E-01
SCF Iteration 149: Energy = 0.9378169076389005 dE = -2.49616E-01
SCF Iteration 150: Energy = 1.1874328256027791 dE =  2.49616E-01
SCF Iteration 151: Energy = 0.9378169076388998 dE = -2.49616E-01
SCF Iteration 152: Energy = 1.1874328256027811 dE =  2.49616E-01
SCF Iteration 153: Energy = 0.9378169076389020 dE = -2.49616E-01
SCF Iteration 154: Energy = 1.1874328256027809 dE =  2.49616E-01
SCF Iteration 155: Energy = 0.9378169076389034 dE = -2.49616E-01
SCF Iteration 156: Energy = 1.1874328256027802 dE =  2.49616E-01
SCF Iteration 157: Energy = 0.9378169076389029 dE = -2.49616E-01
SCF Iteration 158: Energy = 1.1874328256027809 dE =  2.49616E-01
SCF Iteration 159: Energy = 0.9378169076389027 dE = -2.49616E-01
SCF Iteration 160: Energy = 1.1874328256027773 dE =  2.49616E-01
SCF Iteration 161: Energy = 0.9378169076388994 dE = -2.49616E-01
SCF Iteration 162: Energy = 1.1874328256027771 dE =  2.49616E-01
SCF Iteration 163: Energy = 0.9378169076388974 dE = -2.49616E-01
SCF Iteration 164: Energy = 1.1874328256027762 dE =  2.49616E-01
SCF Iteration 165: Energy = 0.9378169076388978 dE = -2.49616E-01
SCF Iteration 166: Energy = 1.1874328256027766 dE =  2.49616E-01
SCF Iteration 167: Energy = 0.9378169076388994 dE = -2.49616E-01
SCF Iteration 168: Energy = 1.1874328256027782 dE =  2.49616E-01
SCF Iteration 169: Energy = 0.9378169076388998 dE = -2.49616E-01
SCF Iteration 170: Energy = 1.1874328256027791 dE =  2.49616E-01
SCF Iteration 171: Energy = 0.9378169076389016 dE = -2.49616E-01
SCF Iteration 172: Energy = 1.1874328256027804 dE =  2.49616E-01
SCF Iteration 173: Energy = 0.9378169076389027 dE = -2.49616E-01
SCF Iteration 174: Energy = 1.1874328256027789 dE =  2.49616E-01
SCF Iteration 175: Energy = 0.9378169076389018 dE = -2.49616E-01
SCF Iteration 176: Energy = 1.1874328256027809 dE =  2.49616E-01
SCF Iteration 177: Energy = 0.9378169076389007 dE = -2.49616E-01
SCF Iteration 178: Energy = 1.1874328256027797 dE =  2.49616E-01
SCF Iteration 179: Energy = 0.9378169076389029 dE = -2.49616E-01
SCF Iteration 180: Energy = 1.1874328256027826 dE =  2.49616E-01
SCF Iteration 181: Energy = 0.9378169076389020 dE = -2.49616E-01
SCF Iteration 182: Energy = 1.1874328256027802 dE =  2.49616E-01
SCF Iteration 183: Energy = 0.9378169076389002 dE = -2.49616E-01
SCF Iteration 184: Energy = 1.1874328256027780 dE =  2.49616E-01
SCF Iteration 185: Energy = 0.9378169076389002 dE = -2.49616E-01
SCF Iteration 186: Energy = 1.1874328256027793 dE =  2.49616E-01
SCF Iteration 187: Energy = 0.9378169076389002 dE = -2.49616E-01
SCF Iteration 188: Energy = 1.1874328256027769 dE =  2.49616E-01
SCF Iteration 189: Energy = 0.9378169076388987 dE = -2.49616E-01
SCF Iteration 190: Energy = 1.1874328256027786 dE =  2.49616E-01
SCF Iteration 191: Energy = 0.9378169076388969 dE = -2.49616E-01
SCF Iteration 192: Energy = 1.1874328256027771 dE =  2.49616E-01
SCF Iteration 193: Energy = 0.9378169076388971 dE = -2.49616E-01
SCF Iteration 194: Energy = 1.1874328256027757 dE =  2.49616E-01
SCF Iteration 195: Energy = 0.9378169076388969 dE = -2.49616E-01
SCF Iteration 196: Energy = 1.1874328256027777 dE =  2.49616E-01
SCF Iteration 197: Energy = 0.9378169076388985 dE = -2.49616E-01
SCF Iteration 198: Energy = 1.1874328256027762 dE =  2.49616E-01
SCF Iteration 199: Energy = 0.9378169076388962 dE = -2.49616E-01
SCF Iteration 200: Energy = 1.1874328256027762 dE =  2.49616E-01
SCF Iteration 201: Energy = 0.9378169076388969 dE = -2.49616E-01
SCF Iteration 202: Energy = 1.1874328256027775 dE =  2.49616E-01
SCF Iteration 203: Energy = 0.9378169076388977 dE = -2.49616E-01
SCF Iteration 204: Energy = 1.1874328256027775 dE =  2.49616E-01
SCF Iteration 205: Energy = 0.9378169076388981 dE = -2.49616E-01
SCF Iteration 206: Energy = 1.1874328256027773 dE =  2.49616E-01
SCF Iteration 207: Energy = 0.9378169076388979 dE = -2.49616E-01
SCF Iteration 208: Energy = 1.1874328256027780 dE =  2.49616E-01
SCF Iteration 209: Energy = 0.9378169076388972 dE = -2.49616E-01
SCF Iteration 210: Energy = 1.1874328256027786 dE =  2.49616E-01
SCF Iteration 211: Energy = 0.9378169076389026 dE = -2.49616E-01
SCF Iteration 212: Energy = 1.1874328256027793 dE =  2.49616E-01
SCF Iteration 213: Energy = 0.9378169076388998 dE = -2.49616E-01
SCF Iteration 214: Energy = 1.1874328256027789 dE =  2.49616E-01
SCF Iteration 215: Energy = 0.9378169076388978 dE = -2.49616E-01
SCF Iteration 216: Energy = 1.1874328256027786 dE =  2.49616E-01
SCF Iteration 217: Energy = 0.9378169076388979 dE = -2.49616E-01
SCF Iteration 218: Energy = 1.1874328256027771 dE =  2.49616E-01
SCF Iteration 219: Energy = 0.9378169076388980 dE = -2.49616E-01
SCF Iteration 220: Energy = 1.1874328256027775 dE =  2.49616E-01
SCF Iteration 221: Energy = 0.9378169076389001 dE = -2.49616E-01
SCF Iteration 222: Energy = 1.1874328256027786 dE =  2.49616E-01
SCF Iteration 223: Energy = 0.9378169076389009 dE = -2.49616E-01
SCF Iteration 224: Energy = 1.1874328256027809 dE =  2.49616E-01
SCF Iteration 225: Energy = 0.9378169076389005 dE = -2.49616E-01
SCF Iteration 226: Energy = 1.1874328256027775 dE =  2.49616E-01
SCF Iteration 227: Energy = 0.9378169076388997 dE = -2.49616E-01
SCF Iteration 228: Energy = 1.1874328256027771 dE =  2.49616E-01
SCF Iteration 229: Energy = 0.9378169076388950 dE = -2.49616E-01
SCF Iteration 230: Energy = 1.1874328256027744 dE =  2.49616E-01
SCF Iteration 231: Energy = 0.9378169076388968 dE = -2.49616E-01
SCF Iteration 232: Energy = 1.1874328256027764 dE =  2.49616E-01
SCF Iteration 233: Energy = 0.9378169076388969 dE = -2.49616E-01
SCF Iteration 234: Energy = 1.1874328256027740 dE =  2.49616E-01
SCF Iteration 235: Energy = 0.9378169076388954 dE = -2.49616E-01
SCF Iteration 236: Energy = 1.1874328256027735 dE =  2.49616E-01
SCF Iteration 237: Energy = 0.9378169076388936 dE = -2.49616E-01
SCF Iteration 238: Energy = 1.1874328256027753 dE =  2.49616E-01
SCF Iteration 239: Energy = 0.9378169076388949 dE = -2.49616E-01
SCF Iteration 240: Energy = 1.1874328256027733 dE =  2.49616E-01
SCF Iteration 241: Energy = 0.9378169076388937 dE = -2.49616E-01
SCF Iteration 242: Energy = 1.1874328256027724 dE =  2.49616E-01
SCF Iteration 243: Energy = 0.9378169076388958 dE = -2.49616E-01
SCF Iteration 244: Energy = 1.1874328256027733 dE =  2.49616E-01
SCF Iteration 245: Energy = 0.9378169076388939 dE = -2.49616E-01
SCF Iteration 246: Energy = 1.1874328256027717 dE =  2.49616E-01
SCF Iteration 247: Energy = 0.9378169076388921 dE = -2.49616E-01
SCF Iteration 248: Energy = 1.1874328256027691 dE =  2.49616E-01
SCF Iteration 249: Energy = 0.9378169076388914 dE = -2.49616E-01
SCF Iteration 250: Energy = 1.1874328256027673 dE =  2.49616E-01
SCF Iteration 251: Energy = 0.9378169076388879 dE = -2.49616E-01
SCF Iteration 252: Energy = 1.1874328256027626 dE =  2.49616E-01
SCF Iteration 253: Energy = 0.9378169076388840 dE = -2.49616E-01
SCF Iteration 254: Energy = 1.1874328256027540 dE =  2.49616E-01
SCF Iteration 255: Energy = 0.9378169076388783 dE = -2.49616E-01
SCF Iteration 256: Energy = 1.1874328256027493 dE =  2.49616E-01
SCF Iteration 257: Energy = 0.9378169076388749 dE = -2.49616E-01
SCF Iteration 258: Energy = 1.1874328256027429 dE =  2.49616E-01
SCF Iteration 259: Energy = 0.9378169076388692 dE = -2.49616E-01
SCF Iteration 260: Energy = 1.1874328256027367 dE =  2.49616E-01
SCF Iteration 261: Energy = 0.9378169076388613 dE = -2.49616E-01
SCF Iteration 262: Energy = 1.1874328256027236 dE =  2.49616E-01
SCF Iteration 263: Energy = 0.9378169076388500 dE = -2.49616E-01
SCF Iteration 264: Energy = 1.1874328256027047 dE =  2.49616E-01
SCF Iteration 265: Energy = 0.9378169076388339 dE = -2.49616E-01
SCF Iteration 266: Energy = 1.1874328256026845 dE =  2.49616E-01
SCF Iteration 267: Energy = 0.9378169076388162 dE = -2.49616E-01
SCF Iteration 268: Energy = 1.1874328256026563 dE =  2.49616E-01
SCF Iteration 269: Energy = 0.9378169076387911 dE = -2.49616E-01
SCF Iteration 270: Energy = 1.1874328256026248 dE =  2.49616E-01
SCF Iteration 271: Energy = 0.9378169076387605 dE = -2.49616E-01
SCF Iteration 272: Energy = 1.1874328256025801 dE =  2.49616E-01
SCF Iteration 273: Energy = 0.9378169076387245 dE = -2.49616E-01
SCF Iteration 274: Energy = 1.1874328256025248 dE =  2.49616E-01
SCF Iteration 275: Energy = 0.9378169076386750 dE = -2.49616E-01
SCF Iteration 276: Energy = 1.1874328256024524 dE =  2.49616E-01
SCF Iteration 277: Energy = 0.9378169076386093 dE = -2.49616E-01
SCF Iteration 278: Energy = 1.1874328256023583 dE =  2.49616E-01
SCF Iteration 279: Energy = 0.9378169076385297 dE = -2.49616E-01
SCF Iteration 280: Energy = 1.1874328256022455 dE =  2.49616E-01
SCF Iteration 281: Energy = 0.9378169076384253 dE = -2.49616E-01
SCF Iteration 282: Energy = 1.1874328256020941 dE =  2.49616E-01
SCF Iteration 283: Energy = 0.9378169076382912 dE = -2.49616E-01
SCF Iteration 284: Energy = 1.1874328256019011 dE =  2.49616E-01
SCF Iteration 285: Energy = 0.9378169076381236 dE = -2.49616E-01
SCF Iteration 286: Energy = 1.1874328256016546 dE =  2.49616E-01
SCF Iteration 287: Energy = 0.9378169076379047 dE = -2.49616E-01
SCF Iteration 288: Energy = 1.1874328256013367 dE =  2.49616E-01
SCF Iteration 289: Energy = 0.9378169076376200 dE = -2.49616E-01
SCF Iteration 290: Energy = 1.1874328256009328 dE =  2.49616E-01
SCF Iteration 291: Energy = 0.9378169076372604 dE = -2.49616E-01
SCF Iteration 292: Energy = 1.1874328256004145 dE =  2.49616E-01
SCF Iteration 293: Energy = 0.9378169076368021 dE = -2.49616E-01
SCF Iteration 294: Energy = 1.1874328255997515 dE =  2.49616E-01
SCF Iteration 295: Energy = 0.9378169076362125 dE = -2.49616E-01
SCF Iteration 296: Energy = 1.1874328255989022 dE =  2.49616E-01
SCF Iteration 297: Energy = 0.9378169076354603 dE = -2.49616E-01
SCF Iteration 298: Energy = 1.1874328255978155 dE =  2.49616E-01
SCF Iteration 299: Energy = 0.9378169076344975 dE = -2.49616E-01
SCF Iteration 300: Energy = 1.1874328255964219 dE =  2.49616E-01
SCF Iteration 301: Energy = 0.9378169076332613 dE = -2.49616E-01
SCF Iteration 302: Energy = 1.1874328255946383 dE =  2.49616E-01
SCF Iteration 303: Energy = 0.9378169076316758 dE = -2.49616E-01
SCF Iteration 304: Energy = 1.1874328255923514 dE =  2.49616E-01
SCF Iteration 305: Energy = 0.9378169076296510 dE = -2.49616E-01
SCF Iteration 306: Energy = 1.1874328255894253 dE =  2.49616E-01
SCF Iteration 307: Energy = 0.9378169076270544 dE = -2.49616E-01
SCF Iteration 308: Energy = 1.1874328255856745 dE =  2.49616E-01
SCF Iteration 309: Energy = 0.9378169076237310 dE = -2.49616E-01
SCF Iteration 310: Energy = 1.1874328255808779 dE =  2.49616E-01
SCF Iteration 311: Energy = 0.9378169076194720 dE = -2.49616E-01
SCF Iteration 312: Energy = 1.1874328255747302 dE =  2.49616E-01
SCF Iteration 313: Energy = 0.9378169076140198 dE = -2.49616E-01
SCF Iteration 314: Energy = 1.1874328255668563 dE =  2.49616E-01
SCF Iteration 315: Energy = 0.9378169076070357 dE = -2.49616E-01
SCF Iteration 316: Energy = 1.1874328255567739 dE =  2.49616E-01
SCF Iteration 317: Energy = 0.9378169075980904 dE = -2.49616E-01
SCF Iteration 318: Energy = 1.1874328255438609 dE =  2.49616E-01
SCF Iteration 319: Energy = 0.9378169075866393 dE = -2.49616E-01
SCF Iteration 320: Energy = 1.1874328255273237 dE =  2.49616E-01
SCF Iteration 321: Energy = 0.9378169075719702 dE = -2.49616E-01
SCF Iteration 322: Energy = 1.1874328255061468 dE =  2.49616E-01
SCF Iteration 323: Energy = 0.9378169075531829 dE = -2.49616E-01
SCF Iteration 324: Energy = 1.1874328254790190 dE =  2.49616E-01
SCF Iteration 325: Energy = 0.9378169075291202 dE = -2.49616E-01
SCF Iteration 326: Energy = 1.1874328254442723 dE =  2.49616E-01
SCF Iteration 327: Energy = 0.9378169074982998 dE = -2.49616E-01
SCF Iteration 328: Energy = 1.1874328253997766 dE =  2.49616E-01
SCF Iteration 329: Energy = 0.9378169074588315 dE = -2.49616E-01
SCF Iteration 330: Energy = 1.1874328253427939 dE =  2.49616E-01
SCF Iteration 331: Energy = 0.9378169074082867 dE = -2.49616E-01
SCF Iteration 332: Energy = 1.1874328252698123 dE =  2.49616E-01
SCF Iteration 333: Energy = 0.9378169073435484 dE = -2.49616E-01
SCF Iteration 334: Energy = 1.1874328251763449 dE =  2.49616E-01
SCF Iteration 335: Energy = 0.9378169072606406 dE = -2.49616E-01
SCF Iteration 336: Energy = 1.1874328250566377 dE =  2.49616E-01
SCF Iteration 337: Energy = 0.9378169071544576 dE = -2.49616E-01
SCF Iteration 338: Energy = 1.1874328249033259 dE =  2.49616E-01
SCF Iteration 339: Energy = 0.9378169070184629 dE = -2.49616E-01
SCF Iteration 340: Energy = 1.1874328247069794 dE =  2.49616E-01
SCF Iteration 341: Energy = 0.9378169068442977 dE = -2.49616E-01
SCF Iteration 342: Energy = 1.1874328244555143 dE =  2.49616E-01
SCF Iteration 343: Energy = 0.9378169066212408 dE = -2.49616E-01
SCF Iteration 344: Energy = 1.1874328241334586 dE =  2.49616E-01
SCF Iteration 345: Energy = 0.9378169063355687 dE = -2.49616E-01
SCF Iteration 346: Energy = 1.1874328237210003 dE =  2.49616E-01
SCF Iteration 347: Energy = 0.9378169059697063 dE = -2.49616E-01
SCF Iteration 348: Energy = 1.1874328231927544 dE =  2.49616E-01
SCF Iteration 349: Energy = 0.9378169055011342 dE = -2.49616E-01
SCF Iteration 350: Energy = 1.1874328225162218 dE =  2.49616E-01
SCF Iteration 351: Energy = 0.9378169049010319 dE = -2.49616E-01
SCF Iteration 352: Energy = 1.1874328216497800 dE =  2.49616E-01
SCF Iteration 353: Energy = 0.9378169041324723 dE = -2.49616E-01
SCF Iteration 354: Energy = 1.1874328205401141 dE =  2.49616E-01
SCF Iteration 355: Energy = 0.9378169031481665 dE = -2.49616E-01
SCF Iteration 356: Energy = 1.1874328191189476 dE =  2.49616E-01
SCF Iteration 357: Energy = 0.9378169018875493 dE = -2.49616E-01
SCF Iteration 358: Energy = 1.1874328172988391 dE =  2.49616E-01
SCF Iteration 359: Energy = 0.9378169002730588 dE = -2.49616E-01
SCF Iteration 360: Energy = 1.1874328149677955 dE =  2.49616E-01
SCF Iteration 361: Energy = 0.9378168982053540 dE = -2.49616E-01
SCF Iteration 362: Energy = 1.1874328119823954 dE =  2.49616E-01
SCF Iteration 363: Energy = 0.9378168955572135 dE = -2.49616E-01
SCF Iteration 364: Energy = 1.1874328081589436 dE =  2.49616E-01
SCF Iteration 365: Energy = 0.9378168921657004 dE = -2.49616E-01
SCF Iteration 366: Energy = 1.1874328032621926 dE =  2.49616E-01
SCF Iteration 367: Energy = 0.9378168878221367 dE = -2.49616E-01
SCF Iteration 368: Energy = 1.1874327969908551 dE =  2.49616E-01
SCF Iteration 369: Energy = 0.9378168822592712 dE = -2.49616E-01
SCF Iteration 370: Energy = 1.1874327889590528 dE =  2.49616E-01
SCF Iteration 371: Energy = 0.9378168751348239 dE = -2.49616E-01
SCF Iteration 372: Energy = 1.1874327786725998 dE =  2.49616E-01
SCF Iteration 373: Energy = 0.9378168660104347 dE = -2.49616E-01
SCF Iteration 374: Energy = 1.1874327654985855 dE =  2.49616E-01
SCF Iteration 375: Energy = 0.9378168543246895 dE = -2.49616E-01
SCF Iteration 376: Energy = 1.1874327486264258 dE =  2.49616E-01
SCF Iteration 377: Energy = 0.9378168393585832 dE = -2.49616E-01
SCF Iteration 378: Energy = 1.1874327270179947 dE =  2.49616E-01
SCF Iteration 379: Energy = 0.9378168201912612 dE = -2.49616E-01
SCF Iteration 380: Energy = 1.1874326993437514 dE =  2.49616E-01
SCF Iteration 381: Energy = 0.9378167956433830 dE = -2.49616E-01
SCF Iteration 382: Energy = 1.1874326639009281 dE =  2.49616E-01
SCF Iteration 383: Energy = 0.9378167642045472 dE = -2.49616E-01
SCF Iteration 384: Energy = 1.1874326185087634 dE =  2.49616E-01
SCF Iteration 385: Energy = 0.9378167239403484 dE = -2.49616E-01
SCF Iteration 386: Energy = 1.1874325603743370 dE =  2.49616E-01
SCF Iteration 387: Energy = 0.9378166723733862 dE = -2.49616E-01
SCF Iteration 388: Energy = 1.1874324859206988 dE =  2.49616E-01
SCF Iteration 389: Energy = 0.9378166063307898 dE = -2.49616E-01
SCF Iteration 390: Energy = 1.1874323905667901 dE =  2.49616E-01
SCF Iteration 391: Energy = 0.9378165217490417 dE = -2.49616E-01
SCF Iteration 392: Energy = 1.1874322684456085 dE =  2.49616E-01
SCF Iteration 393: Energy = 0.9378164134239235 dE = -2.49616E-01
SCF Iteration 394: Energy = 1.1874321120431723 dE =  2.49616E-01
SCF Iteration 395: Energy = 0.9378162746903145 dE = -2.49616E-01
SCF Iteration 396: Energy = 1.1874319117362269 dE =  2.49616E-01
SCF Iteration 397: Energy = 0.9378160970121037 dE = -2.49616E-01
SCF Iteration 398: Energy = 1.1874316552001269 dE =  2.49616E-01
SCF Iteration 399: Energy = 0.9378158694569696 dE = -2.49616E-01
SCF Iteration 400: Energy = 1.1874313266505347 dE =  2.49615E-01
SCF Iteration 401: Energy = 0.9378155780237338 dE = -2.49616E-01
SCF Iteration 402: Energy = 1.1874309058722072 dE =  2.49615E-01
SCF Iteration 403: Energy = 0.9378152047808803 dE = -2.49616E-01
SCF Iteration 404: Energy = 1.1874303669752364 dE =  2.49615E-01
SCF Iteration 405: Energy = 0.9378147267633037 dE = -2.49616E-01
SCF Iteration 406: Energy = 1.1874296768020676 dE =  2.49615E-01
SCF Iteration 407: Energy = 0.9378141145592870 dE = -2.49616E-01
SCF Iteration 408: Energy = 1.1874287928874032 dE =  2.49615E-01
SCF Iteration 409: Energy = 0.9378133305008682 dE = -2.49615E-01
SCF Iteration 410: Energy = 1.1874276608454470 dE =  2.49614E-01
SCF Iteration 411: Energy = 0.9378123263462805 dE = -2.49615E-01
SCF Iteration 412: Energy = 1.1874262110237355 dE =  2.49614E-01
SCF Iteration 413: Energy = 0.9378110403117923 dE = -2.49615E-01
SCF Iteration 414: Energy = 1.1874243542176957 dE =  2.49613E-01
SCF Iteration 415: Energy = 0.9378093932704175 dE = -2.49615E-01
SCF Iteration 416: Energy = 1.1874219761823486 dE =  2.49613E-01
SCF Iteration 417: Energy = 0.9378072838836672 dE = -2.49615E-01
SCF Iteration 418: Energy = 1.1874189306034997 dE =  2.49612E-01
SCF Iteration 419: Energy = 0.9378045823668294 dE = -2.49614E-01
SCF Iteration 420: Energy = 1.1874150300961250 dE =  2.49610E-01
SCF Iteration 421: Energy = 0.9378011225043726 dE = -2.49614E-01
SCF Iteration 422: Energy = 1.1874100346763214 dE =  2.49609E-01
SCF Iteration 423: Energy = 0.9377966914243302 dE = -2.49613E-01
SCF Iteration 424: Energy = 1.1874036369978525 dE =  2.49607E-01
SCF Iteration 425: Energy = 0.9377910165029376 dE = -2.49613E-01
SCF Iteration 426: Energy = 1.1873954434456220 dE =  2.49604E-01
SCF Iteration 427: Energy = 0.9377837485943256 dE = -2.49612E-01
SCF Iteration 428: Energy = 1.1873849499237439 dE =  2.49601E-01
SCF Iteration 429: Energy = 0.9377744405544350 dE = -2.49611E-01
SCF Iteration 430: Energy = 1.1873715108501921 dE =  2.49597E-01
SCF Iteration 431: Energy = 0.9377625197393525 dE = -2.49609E-01
SCF Iteration 432: Energy = 1.1873542994530792 dE =  2.49592E-01
SCF Iteration 433: Energy = 0.9377472527885480 dE = -2.49607E-01
SCF Iteration 434: Energy = 1.1873322569302209 dE =  2.49585E-01
SCF Iteration 435: Energy = 0.9377277005305875 dE = -2.49605E-01
SCF Iteration 436: Energy = 1.1873040273512494 dE =  2.49576E-01
SCF Iteration 437: Energy = 0.9377026602437767 dE = -2.49601E-01
SCF Iteration 438: Energy = 1.1872678743092240 dE =  2.49565E-01
SCF Iteration 439: Energy = 0.9376705917308616 dE = -2.49597E-01
SCF Iteration 440: Energy = 1.1872215742134336 dE =  2.49551E-01
SCF Iteration 441: Energy = 0.9376295226784007 dE = -2.49592E-01
SCF Iteration 442: Energy = 1.1871622796908319 dE =  2.49533E-01
SCF Iteration 443: Energy = 0.9375769275091861 dE = -2.49585E-01
SCF Iteration 444: Energy = 1.1870863447454771 dE =  2.49509E-01
SCF Iteration 445: Energy = 0.9375095723252750 dE = -2.49577E-01
SCF Iteration 446: Energy = 1.1869891010068285 dE =  2.49480E-01
SCF Iteration 447: Energy = 0.9374233164857306 dE = -2.49566E-01
SCF Iteration 448: Energy = 1.1868645714452117 dE =  2.49441E-01
SCF Iteration 449: Energy = 0.9373128587492782 dE = -2.49552E-01
SCF Iteration 450: Energy = 1.1867051041780841 dE =  2.49392E-01
SCF Iteration 451: Energy = 0.9371714125897843 dE = -2.49534E-01
SCF Iteration 452: Energy = 1.1865009042264196 dE =  2.49329E-01
SCF Iteration 453: Energy = 0.9369902910801120 dE = -2.49511E-01
SCF Iteration 454: Energy = 1.1862394350512651 dE =  2.49249E-01
SCF Iteration 455: Energy = 0.9367583764139530 dE = -2.49481E-01
SCF Iteration 456: Energy = 1.1859046540973333 dE =  2.49146E-01
SCF Iteration 457: Energy = 0.9364614424275580 dE = -2.49443E-01
SCF Iteration 458: Energy = 1.1854760370269288 dE =  2.49015E-01
SCF Iteration 459: Energy = 0.9360812900773036 dE = -2.49395E-01
SCF Iteration 460: Energy = 1.1849273334220569 dE =  2.48846E-01
SCF Iteration 461: Energy = 0.9355946453661537 dE = -2.49333E-01
SCF Iteration 462: Energy = 1.1842249820033681 dE =  2.48630E-01
SCF Iteration 463: Energy = 0.9349717563054885 dE = -2.49253E-01
SCF Iteration 464: Energy = 1.1833260953952844 dE =  2.48354E-01
SCF Iteration 465: Energy = 0.9341746097741149 dE = -2.49151E-01
SCF Iteration 466: Energy = 1.1821759027660623 dE =  2.48001E-01
SCF Iteration 467: Energy = 0.9331546703078930 dE = -2.49021E-01
SCF Iteration 468: Energy = 1.1807045131160914 dE =  2.47550E-01
SCF Iteration 469: Energy = 0.9318500208675177 dE = -2.48854E-01
SCF Iteration 470: Energy = 1.1788228328867136 dE =  2.46973E-01
SCF Iteration 471: Energy = 0.9301817609216150 dE = -2.48641E-01
SCF Iteration 472: Energy = 1.1764174401525807 dE =  2.46236E-01
SCF Iteration 473: Energy = 0.9280494910969578 dE = -2.48368E-01
SCF Iteration 474: Energy = 1.1733441868643817 dE =  2.45295E-01
SCF Iteration 475: Energy = 0.9253256891722969 dE = -2.48018E-01
SCF Iteration 476: Energy = 1.1694202762495549 dE =  2.44095E-01
SCF Iteration 477: Energy = 0.9218487650997882 dE = -2.47572E-01
SCF Iteration 478: Energy = 1.1644145552217910 dE =  2.42566E-01
SCF Iteration 479: Energy = 0.9174145834033653 dE = -2.47000E-01
SCF Iteration 480: Energy = 1.1580357899712608 dE =  2.40621E-01
SCF Iteration 481: Energy = 0.9117662774503101 dE = -2.46270E-01
SCF Iteration 482: Energy = 1.1499187874721943 dE =  2.38153E-01
SCF Iteration 483: Energy = 0.9045822807793221 dE = -2.45337E-01
SCF Iteration 484: Energy = 1.1396084353965157 dE =  2.35026E-01
SCF Iteration 485: Energy = 0.8954627116897574 dE = -2.44146E-01
SCF Iteration 486: Energy = 1.1265421327743128 dE =  2.31079E-01
SCF Iteration 487: Energy = 0.8839146376954472 dE = -2.42627E-01
SCF Iteration 488: Energy = 1.1100317825602368 dE =  2.26117E-01
SCF Iteration 489: Energy = 0.8693374145254047 dE = -2.40694E-01
SCF Iteration 490: Energy = 1.0892476619824942 dE =  2.19910E-01
SCF Iteration 491: Energy = 0.8510103686047246 dE = -2.38237E-01
SCF Iteration 492: Energy = 1.0632082522700468 dE =  2.12198E-01
SCF Iteration 493: Energy = 0.8280867163753035 dE = -2.35122E-01
SCF Iteration 494: Energy = 1.0307826542245155 dE =  2.02696E-01
SCF Iteration 495: Energy = 0.7995998965647362 dE = -2.31183E-01
SCF Iteration 496: Energy = 0.9907155621864370 dE =  1.91116E-01
SCF Iteration 497: Energy = 0.7644913802697326 dE = -2.26224E-01
SCF Iteration 498: Energy = 0.9416885498485699 dE =  1.77197E-01
SCF Iteration 499: Energy = 0.7216720568206685 dE = -2.20016E-01
SCF Iteration 500: Energy = 0.8824344345296636 dE =  1.60762E-01
