
  Memory set to  55.879 GiB by Python driver.
  Threads set to 1 by Python driver.
Settings:
	LOT = CCSD-S2-U22
	wc = 20.0 eV
	lambda = [0.606212 0.       0.      ] a.u.
	Equivalent A0 = LAMBDA / sqrt(2 wc) = [0.5 0.  0. ])
doing QED-CCSD-Full (or QED-CCSD-22)
Number of occupied orbitals:   1
Number of basis functions:  60
SCF Iteration   1: Energy = 1.8851301859460023 dE =  1.88513E+00
SCF Iteration   2: Energy = 2.2071800939563220 dE =  3.22050E-01
SCF Iteration   3: Energy = 2.0481178786013334 dE = -1.59062E-01
SCF Iteration   4: Energy = 2.2204843675258772 dE =  1.72366E-01
SCF Iteration   5: Energy = 2.1149448525582049 dE = -1.05540E-01
SCF Iteration   6: Energy = 2.2316006763000367 dE =  1.16656E-01
SCF Iteration   7: Energy = 2.1436416186062628 dE = -8.79591E-02
SCF Iteration   8: Energy = 2.2371160148935125 dE =  9.34744E-02
SCF Iteration   9: Energy = 2.1564541471705114 dE = -8.06619E-02
SCF Iteration  10: Energy = 2.2389944896464735 dE =  8.25403E-02
SCF Iteration  11: Energy = 2.1617541618680072 dE = -7.72403E-02
SCF Iteration  12: Energy = 2.2388339542347007 dE =  7.70798E-02
SCF Iteration  13: Energy = 2.1633641300054482 dE = -7.54698E-02
SCF Iteration  14: Energy = 2.2377020325409243 dE =  7.43379E-02
SCF Iteration  15: Energy = 2.1632275016702636 dE = -7.44745E-02
SCF Iteration  16: Energy = 2.2362344328361310 dE =  7.30069E-02
SCF Iteration  17: Energy = 2.1623566815697823 dE = -7.38778E-02
SCF Iteration  18: Energy = 2.2347688319747041 dE =  7.24122E-02
SCF Iteration  19: Energy = 2.1612663099382186 dE = -7.35025E-02
SCF Iteration  20: Energy = 2.2334600557457644 dE =  7.21937E-02
SCF Iteration  21: Energy = 2.1602017506738855 dE = -7.32583E-02
SCF Iteration  22: Energy = 2.2323607396939380 dE =  7.21590E-02
SCF Iteration  23: Energy = 2.1592655140425032 dE = -7.30952E-02
SCF Iteration  24: Energy = 2.2314715358414698 dE =  7.22060E-02
SCF Iteration  25: Energy = 2.1584873817997590 dE = -7.29842E-02
SCF Iteration  26: Energy = 2.2307699510339258 dE =  7.22826E-02
SCF Iteration  27: Energy = 2.1578626445655860 dE = -7.29073E-02
SCF Iteration  28: Energy = 2.2302258032925373 dE =  7.23632E-02
SCF Iteration  29: Energy = 2.1573723482201190 dE = -7.28535E-02
SCF Iteration  30: Energy = 2.2298088693892346 dE =  7.24365E-02
SCF Iteration  31: Energy = 2.1569935474387467 dE = -7.28153E-02
SCF Iteration  32: Energy = 2.2294922189067305 dE =  7.24987E-02
SCF Iteration  33: Energy = 2.1567041320187723 dE = -7.27881E-02
SCF Iteration  34: Energy = 2.2292532934234988 dE =  7.25492E-02
SCF Iteration  35: Energy = 2.1564847945989358 dE = -7.27685E-02
SCF Iteration  36: Energy = 2.2290738896083502 dE =  7.25891E-02
SCF Iteration  37: Energy = 2.1563195590882600 dE = -7.27543E-02
SCF Iteration  38: Energy = 2.2289396721433299 dE =  7.26201E-02
SCF Iteration  39: Energy = 2.1561956366674435 dE = -7.27440E-02
SCF Iteration  40: Energy = 2.2288395387533901 dE =  7.26439E-02
SCF Iteration  41: Energy = 2.1561030113062500 dE = -7.27365E-02
SCF Iteration  42: Energy = 2.2287649921192330 dE =  7.26620E-02
SCF Iteration  43: Energy = 2.1560339561126449 dE = -7.27310E-02
SCF Iteration  44: Energy = 2.2287095841590823 dE =  7.26756E-02
SCF Iteration  45: Energy = 2.1559825738950869 dE = -7.27270E-02
SCF Iteration  46: Energy = 2.2286684526351497 dE =  7.26859E-02
SCF Iteration  47: Energy = 2.1559443989770068 dE = -7.27241E-02
SCF Iteration  48: Energy = 2.2286379483719223 dE =  7.26935E-02
SCF Iteration  49: Energy = 2.1559160692151096 dE = -7.27219E-02
SCF Iteration  50: Energy = 2.2286153423210209 dE =  7.26993E-02
SCF Iteration  51: Energy = 2.1558950642357946 dE = -7.27203E-02
SCF Iteration  52: Energy = 2.2285985990443447 dE =  7.27035E-02
SCF Iteration  53: Energy = 2.1558795008473477 dE = -7.27191E-02
SCF Iteration  54: Energy = 2.2285862035427657 dE =  7.27067E-02
SCF Iteration  55: Energy = 2.1558679754410823 dE = -7.27182E-02
SCF Iteration  56: Energy = 2.2285770299581467 dE =  7.27091E-02
SCF Iteration  57: Energy = 2.1558594438392267 dE = -7.27176E-02
SCF Iteration  58: Energy = 2.2285702426294725 dE =  7.27108E-02
SCF Iteration  59: Energy = 2.1558531303808453 dE = -7.27171E-02
SCF Iteration  60: Energy = 2.2285652218695704 dE =  7.27121E-02
SCF Iteration  61: Energy = 2.1558484595139529 dE = -7.27168E-02
SCF Iteration  62: Energy = 2.2285615084771289 dE =  7.27130E-02
SCF Iteration  63: Energy = 2.1558450045376887 dE = -7.27165E-02
SCF Iteration  64: Energy = 2.2285587623628587 dE =  7.27138E-02
SCF Iteration  65: Energy = 2.1558424493157795 dE = -7.27163E-02
SCF Iteration  66: Energy = 2.2285567317611292 dE =  7.27143E-02
SCF Iteration  67: Energy = 2.1558405597477628 dE = -7.27162E-02
SCF Iteration  68: Energy = 2.2285552303534804 dE =  7.27147E-02
SCF Iteration  69: Energy = 2.1558391625498565 dE = -7.27161E-02
SCF Iteration  70: Energy = 2.2285541202909336 dE =  7.27150E-02
SCF Iteration  71: Energy = 2.1558381294948328 dE = -7.27160E-02
SCF Iteration  72: Energy = 2.2285532996052586 dE =  7.27152E-02
SCF Iteration  73: Energy = 2.1558373657191998 dE = -7.27159E-02
SCF Iteration  74: Energy = 2.2285526928812702 dE =  7.27153E-02
SCF Iteration  75: Energy = 2.1558368010551137 dE = -7.27159E-02
SCF Iteration  76: Energy = 2.2285522443489141 dE =  7.27154E-02
SCF Iteration  77: Energy = 2.1558363836088521 dE = -7.27159E-02
SCF Iteration  78: Energy = 2.2285519127696851 dE =  7.27155E-02
SCF Iteration  79: Energy = 2.1558360750058410 dE = -7.27158E-02
SCF Iteration  80: Energy = 2.2285516676524901 dE =  7.27156E-02
SCF Iteration  81: Energy = 2.1558358468711507 dE = -7.27158E-02
SCF Iteration  82: Energy = 2.2285514864538962 dE =  7.27156E-02
SCF Iteration  83: Energy = 2.1558356782251744 dE = -7.27158E-02
SCF Iteration  84: Energy = 2.2285513525073348 dE =  7.27157E-02
SCF Iteration  85: Energy = 2.1558355535570066 dE = -7.27158E-02
SCF Iteration  86: Energy = 2.2285512534914114 dE =  7.27157E-02
SCF Iteration  87: Energy = 2.1558354613993851 dE = -7.27158E-02
SCF Iteration  88: Energy = 2.2285511802973339 dE =  7.27157E-02
SCF Iteration  89: Energy = 2.1558353932747991 dE = -7.27158E-02
SCF Iteration  90: Energy = 2.2285511261914026 dE =  7.27157E-02
SCF Iteration  91: Energy = 2.1558353429161499 dE = -7.27158E-02
SCF Iteration  92: Energy = 2.2285510861957949 dE =  7.27157E-02
SCF Iteration  93: Energy = 2.1558353056904798 dE = -7.27158E-02
SCF Iteration  94: Energy = 2.2285510566307503 dE =  7.27158E-02
SCF Iteration  95: Energy = 2.1558352781729448 dE = -7.27158E-02
SCF Iteration  96: Energy = 2.2285510347761184 dE =  7.27158E-02
SCF Iteration  97: Energy = 2.1558352578318019 dE = -7.27158E-02
SCF Iteration  98: Energy = 2.2285510186210651 dE =  7.27158E-02
SCF Iteration  99: Energy = 2.1558352427955194 dE = -7.27158E-02
SCF Iteration 100: Energy = 2.2285510066792007 dE =  7.27158E-02
SCF Iteration 101: Energy = 2.1558352316806406 dE = -7.27158E-02
SCF Iteration 102: Energy = 2.2285509978517375 dE =  7.27158E-02
SCF Iteration 103: Energy = 2.1558352234644893 dE = -7.27158E-02
SCF Iteration 104: Energy = 2.2285509913264629 dE =  7.27158E-02
SCF Iteration 105: Energy = 2.1558352173910889 dE = -7.27158E-02
SCF Iteration 106: Energy = 2.2285509865029614 dE =  7.27158E-02
SCF Iteration 107: Energy = 2.1558352129016107 dE = -7.27158E-02
SCF Iteration 108: Energy = 2.2285509829374313 dE =  7.27158E-02
SCF Iteration 109: Energy = 2.1558352095829934 dE = -7.27158E-02
SCF Iteration 110: Energy = 2.2285509803017787 dE =  7.27158E-02
SCF Iteration 111: Energy = 2.1558352071298579 dE = -7.27158E-02
SCF Iteration 112: Energy = 2.2285509783535078 dE =  7.27158E-02
SCF Iteration 113: Energy = 2.1558352053164986 dE = -7.27158E-02
SCF Iteration 114: Energy = 2.2285509769133443 dE =  7.27158E-02
SCF Iteration 115: Energy = 2.1558352039760642 dE = -7.27158E-02
SCF Iteration 116: Energy = 2.2285509758487727 dE =  7.27158E-02
SCF Iteration 117: Energy = 2.1558352029852186 dE = -7.27158E-02
SCF Iteration 118: Energy = 2.2285509750618386 dE =  7.27158E-02
SCF Iteration 119: Energy = 2.1558352022527831 dE = -7.27158E-02
SCF Iteration 120: Energy = 2.2285509744801431 dE =  7.27158E-02
SCF Iteration 121: Energy = 2.1558352017113607 dE = -7.27158E-02
SCF Iteration 122: Energy = 2.2285509740501510 dE =  7.27158E-02
SCF Iteration 123: Energy = 2.1558352013111479 dE = -7.27158E-02
SCF Iteration 124: Energy = 2.2285509737322977 dE =  7.27158E-02
SCF Iteration 125: Energy = 2.1558352010153090 dE = -7.27158E-02
SCF Iteration 126: Energy = 2.2285509734973434 dE =  7.27158E-02
SCF Iteration 127: Energy = 2.1558352007966191 dE = -7.27158E-02
SCF Iteration 128: Energy = 2.2285509733236646 dE =  7.27158E-02
SCF Iteration 129: Energy = 2.1558352006349768 dE = -7.27158E-02
SCF Iteration 130: Energy = 2.2285509731952828 dE =  7.27158E-02
SCF Iteration 131: Energy = 2.1558352005154759 dE = -7.27158E-02
SCF Iteration 132: Energy = 2.2285509731003783 dE =  7.27158E-02
SCF Iteration 133: Energy = 2.1558352004271502 dE = -7.27158E-02
SCF Iteration 134: Energy = 2.2285509730302300 dE =  7.27158E-02
SCF Iteration 135: Energy = 2.1558352003618513 dE = -7.27158E-02
SCF Iteration 136: Energy = 2.2285509729783719 dE =  7.27158E-02
SCF Iteration 137: Energy = 2.1558352003135850 dE = -7.27158E-02
SCF Iteration 138: Energy = 2.2285509729400399 dE =  7.27158E-02
SCF Iteration 139: Energy = 2.1558352002779113 dE = -7.27158E-02
SCF Iteration 140: Energy = 2.2285509729117026 dE =  7.27158E-02
SCF Iteration 141: Energy = 2.1558352002515315 dE = -7.27158E-02
SCF Iteration 142: Energy = 2.2285509728907540 dE =  7.27158E-02
SCF Iteration 143: Energy = 2.1558352002320404 dE = -7.27158E-02
SCF Iteration 144: Energy = 2.2285509728752793 dE =  7.27158E-02
SCF Iteration 145: Energy = 2.1558352002176360 dE = -7.27158E-02
SCF Iteration 146: Energy = 2.2285509728638342 dE =  7.27158E-02
SCF Iteration 147: Energy = 2.1558352002069818 dE = -7.27158E-02
SCF Iteration 148: Energy = 2.2285509728553770 dE =  7.27158E-02
SCF Iteration 149: Energy = 2.1558352001991095 dE = -7.27158E-02
SCF Iteration 150: Energy = 2.2285509728491162 dE =  7.27158E-02
SCF Iteration 151: Energy = 2.1558352001932861 dE = -7.27158E-02
SCF Iteration 152: Energy = 2.2285509728444994 dE =  7.27158E-02
SCF Iteration 153: Energy = 2.1558352001889869 dE = -7.27158E-02
SCF Iteration 154: Energy = 2.2285509728410853 dE =  7.27158E-02
SCF Iteration 155: Energy = 2.1558352001858081 dE = -7.27158E-02
SCF Iteration 156: Energy = 2.2285509728385522 dE =  7.27158E-02
SCF Iteration 157: Energy = 2.1558352001834566 dE = -7.27158E-02
SCF Iteration 158: Energy = 2.2285509728366915 dE =  7.27158E-02
SCF Iteration 159: Energy = 2.1558352001817127 dE = -7.27158E-02
SCF Iteration 160: Energy = 2.2285509728353086 dE =  7.27158E-02
SCF Iteration 161: Energy = 2.1558352001804293 dE = -7.27158E-02
SCF Iteration 162: Energy = 2.2285509728342916 dE =  7.27158E-02
SCF Iteration 163: Energy = 2.1558352001794852 dE = -7.27158E-02
SCF Iteration 164: Energy = 2.2285509728335375 dE =  7.27158E-02
SCF Iteration 165: Energy = 2.1558352001787808 dE = -7.27158E-02
SCF Iteration 166: Energy = 2.2285509728329744 dE =  7.27158E-02
SCF Iteration 167: Energy = 2.1558352001782604 dE = -7.27158E-02
SCF Iteration 168: Energy = 2.2285509728325703 dE =  7.27158E-02
SCF Iteration 169: Energy = 2.1558352001778833 dE = -7.27158E-02
SCF Iteration 170: Energy = 2.2285509728322612 dE =  7.27158E-02
SCF Iteration 171: Energy = 2.1558352001775969 dE = -7.27158E-02
SCF Iteration 172: Energy = 2.2285509728320338 dE =  7.27158E-02
SCF Iteration 173: Energy = 2.1558352001773837 dE = -7.27158E-02
SCF Iteration 174: Energy = 2.2285509728318678 dE =  7.27158E-02
SCF Iteration 175: Energy = 2.1558352001772310 dE = -7.27158E-02
SCF Iteration 176: Energy = 2.2285509728317505 dE =  7.27158E-02
SCF Iteration 177: Energy = 2.1558352001771199 dE = -7.27158E-02
SCF Iteration 178: Energy = 2.2285509728316590 dE =  7.27158E-02
SCF Iteration 179: Energy = 2.1558352001770338 dE = -7.27158E-02
SCF Iteration 180: Energy = 2.2285509728315889 dE =  7.27158E-02
SCF Iteration 181: Energy = 2.1558352001769694 dE = -7.27158E-02
SCF Iteration 182: Energy = 2.2285509728315356 dE =  7.27158E-02
SCF Iteration 183: Energy = 2.1558352001769219 dE = -7.27158E-02
SCF Iteration 184: Energy = 2.2285509728314992 dE =  7.27158E-02
SCF Iteration 185: Energy = 2.1558352001768935 dE = -7.27158E-02
SCF Iteration 186: Energy = 2.2285509728314761 dE =  7.27158E-02
SCF Iteration 187: Energy = 2.1558352001768615 dE = -7.27158E-02
SCF Iteration 188: Energy = 2.2285509728314574 dE =  7.27158E-02
SCF Iteration 189: Energy = 2.1558352001768482 dE = -7.27158E-02
SCF Iteration 190: Energy = 2.2285509728314361 dE =  7.27158E-02
SCF Iteration 191: Energy = 2.1558352001768286 dE = -7.27158E-02
SCF Iteration 192: Energy = 2.2285509728314254 dE =  7.27158E-02
SCF Iteration 193: Energy = 2.1558352001768148 dE = -7.27158E-02
SCF Iteration 194: Energy = 2.2285509728314210 dE =  7.27158E-02
SCF Iteration 195: Energy = 2.1558352001768126 dE = -7.27158E-02
SCF Iteration 196: Energy = 2.2285509728314086 dE =  7.27158E-02
SCF Iteration 197: Energy = 2.1558352001767993 dE = -7.27158E-02
SCF Iteration 198: Energy = 2.2285509728314077 dE =  7.27158E-02
SCF Iteration 199: Energy = 2.1558352001767940 dE = -7.27158E-02
SCF Iteration 200: Energy = 2.2285509728313997 dE =  7.27158E-02
SCF Iteration 201: Energy = 2.1558352001767940 dE = -7.27158E-02
SCF Iteration 202: Energy = 2.2285509728314006 dE =  7.27158E-02
SCF Iteration 203: Energy = 2.1558352001767940 dE = -7.27158E-02
SCF Iteration 204: Energy = 2.2285509728313970 dE =  7.27158E-02
SCF Iteration 205: Energy = 2.1558352001767922 dE = -7.27158E-02
SCF Iteration 206: Energy = 2.2285509728313926 dE =  7.27158E-02
SCF Iteration 207: Energy = 2.1558352001767878 dE = -7.27158E-02
SCF Iteration 208: Energy = 2.2285509728313899 dE =  7.27158E-02
SCF Iteration 209: Energy = 2.1558352001767878 dE = -7.27158E-02
SCF Iteration 210: Energy = 2.2285509728313926 dE =  7.27158E-02
SCF Iteration 211: Energy = 2.1558352001767904 dE = -7.27158E-02
SCF Iteration 212: Energy = 2.2285509728313952 dE =  7.27158E-02
SCF Iteration 213: Energy = 2.1558352001767913 dE = -7.27158E-02
SCF Iteration 214: Energy = 2.2285509728313935 dE =  7.27158E-02
SCF Iteration 215: Energy = 2.1558352001767842 dE = -7.27158E-02
SCF Iteration 216: Energy = 2.2285509728313890 dE =  7.27158E-02
SCF Iteration 217: Energy = 2.1558352001767807 dE = -7.27158E-02
SCF Iteration 218: Energy = 2.2285509728313917 dE =  7.27158E-02
SCF Iteration 219: Energy = 2.1558352001767860 dE = -7.27158E-02
SCF Iteration 220: Energy = 2.2285509728313935 dE =  7.27158E-02
SCF Iteration 221: Energy = 2.1558352001767860 dE = -7.27158E-02
SCF Iteration 222: Energy = 2.2285509728313926 dE =  7.27158E-02
SCF Iteration 223: Energy = 2.1558352001767904 dE = -7.27158E-02
SCF Iteration 224: Energy = 2.2285509728313979 dE =  7.27158E-02
SCF Iteration 225: Energy = 2.1558352001767895 dE = -7.27158E-02
SCF Iteration 226: Energy = 2.2285509728313899 dE =  7.27158E-02
SCF Iteration 227: Energy = 2.1558352001767833 dE = -7.27158E-02
SCF Iteration 228: Energy = 2.2285509728313908 dE =  7.27158E-02
SCF Iteration 229: Energy = 2.1558352001767860 dE = -7.27158E-02
SCF Iteration 230: Energy = 2.2285509728313961 dE =  7.27158E-02
SCF Iteration 231: Energy = 2.1558352001767922 dE = -7.27158E-02
SCF Iteration 232: Energy = 2.2285509728313970 dE =  7.27158E-02
SCF Iteration 233: Energy = 2.1558352001767913 dE = -7.27158E-02
SCF Iteration 234: Energy = 2.2285509728313935 dE =  7.27158E-02
SCF Iteration 235: Energy = 2.1558352001767846 dE = -7.27158E-02
SCF Iteration 236: Energy = 2.2285509728313926 dE =  7.27158E-02
SCF Iteration 237: Energy = 2.1558352001767869 dE = -7.27158E-02
SCF Iteration 238: Energy = 2.2285509728313908 dE =  7.27158E-02
SCF Iteration 239: Energy = 2.1558352001767860 dE = -7.27158E-02
SCF Iteration 240: Energy = 2.2285509728313917 dE =  7.27158E-02
SCF Iteration 241: Energy = 2.1558352001767886 dE = -7.27158E-02
SCF Iteration 242: Energy = 2.2285509728313899 dE =  7.27158E-02
SCF Iteration 243: Energy = 2.1558352001767904 dE = -7.27158E-02
SCF Iteration 244: Energy = 2.2285509728313935 dE =  7.27158E-02
SCF Iteration 245: Energy = 2.1558352001767900 dE = -7.27158E-02
SCF Iteration 246: Energy = 2.2285509728313926 dE =  7.27158E-02
SCF Iteration 247: Energy = 2.1558352001767904 dE = -7.27158E-02
SCF Iteration 248: Energy = 2.2285509728314006 dE =  7.27158E-02
SCF Iteration 249: Energy = 2.1558352001767878 dE = -7.27158E-02
SCF Iteration 250: Energy = 2.2285509728313970 dE =  7.27158E-02
SCF Iteration 251: Energy = 2.1558352001767878 dE = -7.27158E-02
SCF Iteration 252: Energy = 2.2285509728313908 dE =  7.27158E-02
SCF Iteration 253: Energy = 2.1558352001767860 dE = -7.27158E-02
SCF Iteration 254: Energy = 2.2285509728313961 dE =  7.27158E-02
SCF Iteration 255: Energy = 2.1558352001767864 dE = -7.27158E-02
SCF Iteration 256: Energy = 2.2285509728313952 dE =  7.27158E-02
SCF Iteration 257: Energy = 2.1558352001767869 dE = -7.27158E-02
SCF Iteration 258: Energy = 2.2285509728313944 dE =  7.27158E-02
SCF Iteration 259: Energy = 2.1558352001767869 dE = -7.27158E-02
SCF Iteration 260: Energy = 2.2285509728313881 dE =  7.27158E-02
SCF Iteration 261: Energy = 2.1558352001767869 dE = -7.27158E-02
SCF Iteration 262: Energy = 2.2285509728313917 dE =  7.27158E-02
SCF Iteration 263: Energy = 2.1558352001767869 dE = -7.27158E-02
SCF Iteration 264: Energy = 2.2285509728313935 dE =  7.27158E-02
SCF Iteration 265: Energy = 2.1558352001767851 dE = -7.27158E-02
SCF Iteration 266: Energy = 2.2285509728313926 dE =  7.27158E-02
SCF Iteration 267: Energy = 2.1558352001767833 dE = -7.27158E-02
SCF Iteration 268: Energy = 2.2285509728313908 dE =  7.27158E-02
SCF Iteration 269: Energy = 2.1558352001767833 dE = -7.27158E-02
SCF Iteration 270: Energy = 2.2285509728313899 dE =  7.27158E-02
SCF Iteration 271: Energy = 2.1558352001767833 dE = -7.27158E-02
SCF Iteration 272: Energy = 2.2285509728313899 dE =  7.27158E-02
SCF Iteration 273: Energy = 2.1558352001767860 dE = -7.27158E-02
SCF Iteration 274: Energy = 2.2285509728313917 dE =  7.27158E-02
SCF Iteration 275: Energy = 2.1558352001767842 dE = -7.27158E-02
SCF Iteration 276: Energy = 2.2285509728313926 dE =  7.27158E-02
SCF Iteration 277: Energy = 2.1558352001767895 dE = -7.27158E-02
SCF Iteration 278: Energy = 2.2285509728313926 dE =  7.27158E-02
SCF Iteration 279: Energy = 2.1558352001767895 dE = -7.27158E-02
SCF Iteration 280: Energy = 2.2285509728313961 dE =  7.27158E-02
SCF Iteration 281: Energy = 2.1558352001767833 dE = -7.27158E-02
SCF Iteration 282: Energy = 2.2285509728313961 dE =  7.27158E-02
SCF Iteration 283: Energy = 2.1558352001767895 dE = -7.27158E-02
SCF Iteration 284: Energy = 2.2285509728313944 dE =  7.27158E-02
SCF Iteration 285: Energy = 2.1558352001767895 dE = -7.27158E-02
SCF Iteration 286: Energy = 2.2285509728313970 dE =  7.27158E-02
SCF Iteration 287: Energy = 2.1558352001767966 dE = -7.27158E-02
SCF Iteration 288: Energy = 2.2285509728313970 dE =  7.27158E-02
SCF Iteration 289: Energy = 2.1558352001767869 dE = -7.27158E-02
SCF Iteration 290: Energy = 2.2285509728313970 dE =  7.27158E-02
SCF Iteration 291: Energy = 2.1558352001767886 dE = -7.27158E-02
SCF Iteration 292: Energy = 2.2285509728313935 dE =  7.27158E-02
SCF Iteration 293: Energy = 2.1558352001767904 dE = -7.27158E-02
SCF Iteration 294: Energy = 2.2285509728313988 dE =  7.27158E-02
SCF Iteration 295: Energy = 2.1558352001767886 dE = -7.27158E-02
SCF Iteration 296: Energy = 2.2285509728313908 dE =  7.27158E-02
SCF Iteration 297: Energy = 2.1558352001767833 dE = -7.27158E-02
SCF Iteration 298: Energy = 2.2285509728313917 dE =  7.27158E-02
SCF Iteration 299: Energy = 2.1558352001767824 dE = -7.27158E-02
SCF Iteration 300: Energy = 2.2285509728313890 dE =  7.27158E-02
SCF Iteration 301: Energy = 2.1558352001767838 dE = -7.27158E-02
SCF Iteration 302: Energy = 2.2285509728313899 dE =  7.27158E-02
SCF Iteration 303: Energy = 2.1558352001767833 dE = -7.27158E-02
SCF Iteration 304: Energy = 2.2285509728313944 dE =  7.27158E-02
SCF Iteration 305: Energy = 2.1558352001767878 dE = -7.27158E-02
SCF Iteration 306: Energy = 2.2285509728313935 dE =  7.27158E-02
SCF Iteration 307: Energy = 2.1558352001767904 dE = -7.27158E-02
SCF Iteration 308: Energy = 2.2285509728313952 dE =  7.27158E-02
SCF Iteration 309: Energy = 2.1558352001767878 dE = -7.27158E-02
SCF Iteration 310: Energy = 2.2285509728313952 dE =  7.27158E-02
SCF Iteration 311: Energy = 2.1558352001767860 dE = -7.27158E-02
SCF Iteration 312: Energy = 2.2285509728313988 dE =  7.27158E-02
SCF Iteration 313: Energy = 2.1558352001767931 dE = -7.27158E-02
SCF Iteration 314: Energy = 2.2285509728313997 dE =  7.27158E-02
SCF Iteration 315: Energy = 2.1558352001767869 dE = -7.27158E-02
SCF Iteration 316: Energy = 2.2285509728313970 dE =  7.27158E-02
SCF Iteration 317: Energy = 2.1558352001767851 dE = -7.27158E-02
SCF Iteration 318: Energy = 2.2285509728313890 dE =  7.27158E-02
SCF Iteration 319: Energy = 2.1558352001767860 dE = -7.27158E-02
SCF Iteration 320: Energy = 2.2285509728313890 dE =  7.27158E-02
SCF Iteration 321: Energy = 2.1558352001767851 dE = -7.27158E-02
SCF Iteration 322: Energy = 2.2285509728313952 dE =  7.27158E-02
SCF Iteration 323: Energy = 2.1558352001767833 dE = -7.27158E-02
SCF Iteration 324: Energy = 2.2285509728313944 dE =  7.27158E-02
SCF Iteration 325: Energy = 2.1558352001767904 dE = -7.27158E-02
SCF Iteration 326: Energy = 2.2285509728313908 dE =  7.27158E-02
SCF Iteration 327: Energy = 2.1558352001767869 dE = -7.27158E-02
SCF Iteration 328: Energy = 2.2285509728313917 dE =  7.27158E-02
SCF Iteration 329: Energy = 2.1558352001767851 dE = -7.27158E-02
SCF Iteration 330: Energy = 2.2285509728313899 dE =  7.27158E-02
SCF Iteration 331: Energy = 2.1558352001767878 dE = -7.27158E-02
SCF Iteration 332: Energy = 2.2285509728313970 dE =  7.27158E-02
SCF Iteration 333: Energy = 2.1558352001767878 dE = -7.27158E-02
SCF Iteration 334: Energy = 2.2285509728313944 dE =  7.27158E-02
SCF Iteration 335: Energy = 2.1558352001767891 dE = -7.27158E-02
SCF Iteration 336: Energy = 2.2285509728313908 dE =  7.27158E-02
SCF Iteration 337: Energy = 2.1558352001767940 dE = -7.27158E-02
SCF Iteration 338: Energy = 2.2285509728314006 dE =  7.27158E-02
SCF Iteration 339: Energy = 2.1558352001767913 dE = -7.27158E-02
SCF Iteration 340: Energy = 2.2285509728314006 dE =  7.27158E-02
SCF Iteration 341: Energy = 2.1558352001767931 dE = -7.27158E-02
SCF Iteration 342: Energy = 2.2285509728313979 dE =  7.27158E-02
SCF Iteration 343: Energy = 2.1558352001767922 dE = -7.27158E-02
SCF Iteration 344: Energy = 2.2285509728313935 dE =  7.27158E-02
SCF Iteration 345: Energy = 2.1558352001767873 dE = -7.27158E-02
SCF Iteration 346: Energy = 2.2285509728313917 dE =  7.27158E-02
SCF Iteration 347: Energy = 2.1558352001767833 dE = -7.27158E-02
SCF Iteration 348: Energy = 2.2285509728313908 dE =  7.27158E-02
SCF Iteration 349: Energy = 2.1558352001767869 dE = -7.27158E-02
SCF Iteration 350: Energy = 2.2285509728313952 dE =  7.27158E-02
SCF Iteration 351: Energy = 2.1558352001767913 dE = -7.27158E-02
SCF Iteration 352: Energy = 2.2285509728313935 dE =  7.27158E-02
SCF Iteration 353: Energy = 2.1558352001767842 dE = -7.27158E-02
SCF Iteration 354: Energy = 2.2285509728313908 dE =  7.27158E-02
SCF Iteration 355: Energy = 2.1558352001767851 dE = -7.27158E-02
SCF Iteration 356: Energy = 2.2285509728313935 dE =  7.27158E-02
SCF Iteration 357: Energy = 2.1558352001767913 dE = -7.27158E-02
SCF Iteration 358: Energy = 2.2285509728313944 dE =  7.27158E-02
SCF Iteration 359: Energy = 2.1558352001767878 dE = -7.27158E-02
SCF Iteration 360: Energy = 2.2285509728313944 dE =  7.27158E-02
SCF Iteration 361: Energy = 2.1558352001767869 dE = -7.27158E-02
SCF Iteration 362: Energy = 2.2285509728313935 dE =  7.27158E-02
SCF Iteration 363: Energy = 2.1558352001767851 dE = -7.27158E-02
SCF Iteration 364: Energy = 2.2285509728313873 dE =  7.27158E-02
SCF Iteration 365: Energy = 2.1558352001767824 dE = -7.27158E-02
SCF Iteration 366: Energy = 2.2285509728313899 dE =  7.27158E-02
SCF Iteration 367: Energy = 2.1558352001767789 dE = -7.27158E-02
SCF Iteration 368: Energy = 2.2285509728313908 dE =  7.27158E-02
SCF Iteration 369: Energy = 2.1558352001767842 dE = -7.27158E-02
SCF Iteration 370: Energy = 2.2285509728313917 dE =  7.27158E-02
SCF Iteration 371: Energy = 2.1558352001767913 dE = -7.27158E-02
SCF Iteration 372: Energy = 2.2285509728313997 dE =  7.27158E-02
SCF Iteration 373: Energy = 2.1558352001767931 dE = -7.27158E-02
SCF Iteration 374: Energy = 2.2285509728313961 dE =  7.27158E-02
SCF Iteration 375: Energy = 2.1558352001767940 dE = -7.27158E-02
SCF Iteration 376: Energy = 2.2285509728313997 dE =  7.27158E-02
SCF Iteration 377: Energy = 2.1558352001767886 dE = -7.27158E-02
SCF Iteration 378: Energy = 2.2285509728313944 dE =  7.27158E-02
SCF Iteration 379: Energy = 2.1558352001767886 dE = -7.27158E-02
SCF Iteration 380: Energy = 2.2285509728313917 dE =  7.27158E-02
SCF Iteration 381: Energy = 2.1558352001767842 dE = -7.27158E-02
SCF Iteration 382: Energy = 2.2285509728313926 dE =  7.27158E-02
SCF Iteration 383: Energy = 2.1558352001767851 dE = -7.27158E-02
SCF Iteration 384: Energy = 2.2285509728313917 dE =  7.27158E-02
SCF Iteration 385: Energy = 2.1558352001767860 dE = -7.27158E-02
SCF Iteration 386: Energy = 2.2285509728313890 dE =  7.27158E-02
SCF Iteration 387: Energy = 2.1558352001767886 dE = -7.27158E-02
SCF Iteration 388: Energy = 2.2285509728313926 dE =  7.27158E-02
SCF Iteration 389: Energy = 2.1558352001767860 dE = -7.27158E-02
SCF Iteration 390: Energy = 2.2285509728313881 dE =  7.27158E-02
SCF Iteration 391: Energy = 2.1558352001767869 dE = -7.27158E-02
SCF Iteration 392: Energy = 2.2285509728313908 dE =  7.27158E-02
SCF Iteration 393: Energy = 2.1558352001767802 dE = -7.27158E-02
SCF Iteration 394: Energy = 2.2285509728313908 dE =  7.27158E-02
SCF Iteration 395: Energy = 2.1558352001767833 dE = -7.27158E-02
SCF Iteration 396: Energy = 2.2285509728313935 dE =  7.27158E-02
SCF Iteration 397: Energy = 2.1558352001767869 dE = -7.27158E-02
SCF Iteration 398: Energy = 2.2285509728313890 dE =  7.27158E-02
SCF Iteration 399: Energy = 2.1558352001767798 dE = -7.27158E-02
SCF Iteration 400: Energy = 2.2285509728313908 dE =  7.27158E-02
SCF Iteration 401: Energy = 2.1558352001767815 dE = -7.27158E-02
SCF Iteration 402: Energy = 2.2285509728313881 dE =  7.27158E-02
SCF Iteration 403: Energy = 2.1558352001767851 dE = -7.27158E-02
SCF Iteration 404: Energy = 2.2285509728313952 dE =  7.27158E-02
SCF Iteration 405: Energy = 2.1558352001767811 dE = -7.27158E-02
SCF Iteration 406: Energy = 2.2285509728313873 dE =  7.27158E-02
SCF Iteration 407: Energy = 2.1558352001767798 dE = -7.27158E-02
SCF Iteration 408: Energy = 2.2285509728313944 dE =  7.27158E-02
SCF Iteration 409: Energy = 2.1558352001767869 dE = -7.27158E-02
SCF Iteration 410: Energy = 2.2285509728313899 dE =  7.27158E-02
SCF Iteration 411: Energy = 2.1558352001767807 dE = -7.27158E-02
SCF Iteration 412: Energy = 2.2285509728313917 dE =  7.27158E-02
SCF Iteration 413: Energy = 2.1558352001767860 dE = -7.27158E-02
SCF Iteration 414: Energy = 2.2285509728313881 dE =  7.27158E-02
SCF Iteration 415: Energy = 2.1558352001767842 dE = -7.27158E-02
SCF Iteration 416: Energy = 2.2285509728313917 dE =  7.27158E-02
SCF Iteration 417: Energy = 2.1558352001767886 dE = -7.27158E-02
SCF Iteration 418: Energy = 2.2285509728313944 dE =  7.27158E-02
SCF Iteration 419: Energy = 2.1558352001767860 dE = -7.27158E-02
SCF Iteration 420: Energy = 2.2285509728313961 dE =  7.27158E-02
SCF Iteration 421: Energy = 2.1558352001767922 dE = -7.27158E-02
SCF Iteration 422: Energy = 2.2285509728313952 dE =  7.27158E-02
SCF Iteration 423: Energy = 2.1558352001767886 dE = -7.27158E-02
SCF Iteration 424: Energy = 2.2285509728313970 dE =  7.27158E-02
SCF Iteration 425: Energy = 2.1558352001767949 dE = -7.27158E-02
SCF Iteration 426: Energy = 2.2285509728313979 dE =  7.27158E-02
SCF Iteration 427: Energy = 2.1558352001767931 dE = -7.27158E-02
SCF Iteration 428: Energy = 2.2285509728313970 dE =  7.27158E-02
SCF Iteration 429: Energy = 2.1558352001767860 dE = -7.27158E-02
SCF Iteration 430: Energy = 2.2285509728313926 dE =  7.27158E-02
SCF Iteration 431: Energy = 2.1558352001767878 dE = -7.27158E-02
SCF Iteration 432: Energy = 2.2285509728313944 dE =  7.27158E-02
SCF Iteration 433: Energy = 2.1558352001767886 dE = -7.27158E-02
SCF Iteration 434: Energy = 2.2285509728313944 dE =  7.27158E-02
SCF Iteration 435: Energy = 2.1558352001767878 dE = -7.27158E-02
SCF Iteration 436: Energy = 2.2285509728313935 dE =  7.27158E-02
SCF Iteration 437: Energy = 2.1558352001767860 dE = -7.27158E-02
SCF Iteration 438: Energy = 2.2285509728313908 dE =  7.27158E-02
SCF Iteration 439: Energy = 2.1558352001767869 dE = -7.27158E-02
SCF Iteration 440: Energy = 2.2285509728313926 dE =  7.27158E-02
SCF Iteration 441: Energy = 2.1558352001767842 dE = -7.27158E-02
SCF Iteration 442: Energy = 2.2285509728313988 dE =  7.27158E-02
SCF Iteration 443: Energy = 2.1558352001767878 dE = -7.27158E-02
SCF Iteration 444: Energy = 2.2285509728313979 dE =  7.27158E-02
SCF Iteration 445: Energy = 2.1558352001767869 dE = -7.27158E-02
SCF Iteration 446: Energy = 2.2285509728313935 dE =  7.27158E-02
SCF Iteration 447: Energy = 2.1558352001767878 dE = -7.27158E-02
SCF Iteration 448: Energy = 2.2285509728313970 dE =  7.27158E-02
SCF Iteration 449: Energy = 2.1558352001767878 dE = -7.27158E-02
SCF Iteration 450: Energy = 2.2285509728313917 dE =  7.27158E-02
SCF Iteration 451: Energy = 2.1558352001767886 dE = -7.27158E-02
SCF Iteration 452: Energy = 2.2285509728313935 dE =  7.27158E-02
SCF Iteration 453: Energy = 2.1558352001767855 dE = -7.27158E-02
SCF Iteration 454: Energy = 2.2285509728313979 dE =  7.27158E-02
SCF Iteration 455: Energy = 2.1558352001767909 dE = -7.27158E-02
SCF Iteration 456: Energy = 2.2285509728313952 dE =  7.27158E-02
SCF Iteration 457: Energy = 2.1558352001767904 dE = -7.27158E-02
SCF Iteration 458: Energy = 2.2285509728314006 dE =  7.27158E-02
SCF Iteration 459: Energy = 2.1558352001767922 dE = -7.27158E-02
SCF Iteration 460: Energy = 2.2285509728313935 dE =  7.27158E-02
SCF Iteration 461: Energy = 2.1558352001767904 dE = -7.27158E-02
SCF Iteration 462: Energy = 2.2285509728313961 dE =  7.27158E-02
SCF Iteration 463: Energy = 2.1558352001767904 dE = -7.27158E-02
SCF Iteration 464: Energy = 2.2285509728313944 dE =  7.27158E-02
SCF Iteration 465: Energy = 2.1558352001767904 dE = -7.27158E-02
SCF Iteration 466: Energy = 2.2285509728313970 dE =  7.27158E-02
SCF Iteration 467: Energy = 2.1558352001767891 dE = -7.27158E-02
SCF Iteration 468: Energy = 2.2285509728313935 dE =  7.27158E-02
SCF Iteration 469: Energy = 2.1558352001767900 dE = -7.27158E-02
SCF Iteration 470: Energy = 2.2285509728313944 dE =  7.27158E-02
SCF Iteration 471: Energy = 2.1558352001767842 dE = -7.27158E-02
SCF Iteration 472: Energy = 2.2285509728313997 dE =  7.27158E-02
SCF Iteration 473: Energy = 2.1558352001767958 dE = -7.27158E-02
SCF Iteration 474: Energy = 2.2285509728313997 dE =  7.27158E-02
SCF Iteration 475: Energy = 2.1558352001767860 dE = -7.27158E-02
SCF Iteration 476: Energy = 2.2285509728313935 dE =  7.27158E-02
SCF Iteration 477: Energy = 2.1558352001767851 dE = -7.27158E-02
SCF Iteration 478: Energy = 2.2285509728313926 dE =  7.27158E-02
SCF Iteration 479: Energy = 2.1558352001767895 dE = -7.27158E-02
SCF Iteration 480: Energy = 2.2285509728313961 dE =  7.27158E-02
SCF Iteration 481: Energy = 2.1558352001767882 dE = -7.27158E-02
SCF Iteration 482: Energy = 2.2285509728313935 dE =  7.27158E-02
SCF Iteration 483: Energy = 2.1558352001767855 dE = -7.27158E-02
SCF Iteration 484: Energy = 2.2285509728313926 dE =  7.27158E-02
SCF Iteration 485: Energy = 2.1558352001767909 dE = -7.27158E-02
SCF Iteration 486: Energy = 2.2285509728313935 dE =  7.27158E-02
SCF Iteration 487: Energy = 2.1558352001767953 dE = -7.27158E-02
SCF Iteration 488: Energy = 2.2285509728313908 dE =  7.27158E-02
SCF Iteration 489: Energy = 2.1558352001767886 dE = -7.27158E-02
SCF Iteration 490: Energy = 2.2285509728313997 dE =  7.27158E-02
SCF Iteration 491: Energy = 2.1558352001767913 dE = -7.27158E-02
SCF Iteration 492: Energy = 2.2285509728314024 dE =  7.27158E-02
SCF Iteration 493: Energy = 2.1558352001767940 dE = -7.27158E-02
SCF Iteration 494: Energy = 2.2285509728313997 dE =  7.27158E-02
SCF Iteration 495: Energy = 2.1558352001767878 dE = -7.27158E-02
SCF Iteration 496: Energy = 2.2285509728313926 dE =  7.27158E-02
SCF Iteration 497: Energy = 2.1558352001767842 dE = -7.27158E-02
SCF Iteration 498: Energy = 2.2285509728313917 dE =  7.27158E-02
SCF Iteration 499: Energy = 2.1558352001767878 dE = -7.27158E-02
SCF Iteration 500: Energy = 2.2285509728313926 dE =  7.27158E-02
