
  Memory set to  55.879 GiB by Python driver.
  Threads set to 1 by Python driver.
Settings:
	LOT = CCSD-S2-U22
	wc = 20.0 eV
	lambda = [0.606212 0.       0.      ] a.u.
	Equivalent A0 = LAMBDA / sqrt(2 wc) = [0.5 0.  0. ])
doing QED-CCSD-Full (or QED-CCSD-22)
Number of occupied orbitals:   1
Number of basis functions:  60
SCF Iteration   1: Energy = 1.5794431225390535 dE =  1.57944E+00
SCF Iteration   2: Energy = 1.9292004146404582 dE =  3.49757E-01
SCF Iteration   3: Energy = 1.7544856319062934 dE = -1.74715E-01
SCF Iteration   4: Energy = 1.9440194185084185 dE =  1.89534E-01
SCF Iteration   5: Energy = 1.8183312475372677 dE = -1.25688E-01
SCF Iteration   6: Energy = 1.9540589836930335 dE =  1.35728E-01
SCF Iteration   7: Energy = 1.8440312007891055 dE = -1.10028E-01
SCF Iteration   8: Energy = 1.9586508433423395 dE =  1.14620E-01
SCF Iteration   9: Energy = 1.8550628175553641 dE = -1.03588E-01
SCF Iteration  10: Energy = 1.9600890023906667 dE =  1.05026E-01
SCF Iteration  11: Energy = 1.8594758398927507 dE = -1.00613E-01
SCF Iteration  12: Energy = 1.9598838397108453 dE =  1.00408E-01
SCF Iteration  13: Energy = 1.8607753575731811 dE = -9.91085E-02
SCF Iteration  14: Energy = 1.9589650016207893 dE =  9.81896E-02
SCF Iteration  15: Energy = 1.8606749469091959 dE = -9.82901E-02
SCF Iteration  16: Energy = 1.9578474223630824 dE =  9.71725E-02
SCF Iteration  17: Energy = 1.8600276031434202 dE = -9.78198E-02
SCF Iteration  18: Energy = 1.9567817103151590 dE =  9.67541E-02
SCF Iteration  19: Energy = 1.8592432407400930 dE = -9.75385E-02
SCF Iteration  20: Energy = 1.9558680530479116 dE =  9.66248E-02
SCF Iteration  21: Energy = 1.8585031827570084 dE = -9.73649E-02
SCF Iteration  22: Energy = 1.9551293468625577 dE =  9.66262E-02
SCF Iteration  23: Energy = 1.8578742590187849 dE = -9.72551E-02
SCF Iteration  24: Energy = 1.9545532741543159 dE =  9.66790E-02
SCF Iteration  25: Energy = 1.8573690546412358 dE = -9.71842E-02
SCF Iteration  26: Energy = 1.9541145782224674 dE =  9.67455E-02
SCF Iteration  27: Energy = 1.8569769220445482 dE = -9.71377E-02
SCF Iteration  28: Energy = 1.9537859056339060 dE =  9.68090E-02
SCF Iteration  29: Energy = 1.8566793146361018 dE = -9.71066E-02
SCF Iteration  30: Energy = 1.9535424883710313 dE =  9.68632E-02
SCF Iteration  31: Energy = 1.8564568971378805 dE = -9.70856E-02
SCF Iteration  32: Energy = 1.9533637084233213 dE =  9.69068E-02
SCF Iteration  33: Energy = 1.8562924723485286 dE = -9.70712E-02
SCF Iteration  34: Energy = 1.9532332025184922 dE =  9.69407E-02
SCF Iteration  35: Energy = 1.8561718716963971 dE = -9.70613E-02
SCF Iteration  36: Energy = 1.9531383671430067 dE =  9.69665E-02
SCF Iteration  37: Energy = 1.8560839240688267 dE = -9.70544E-02
SCF Iteration  38: Energy = 1.9530696863954953 dE =  9.69858E-02
SCF Iteration  39: Energy = 1.8560200630304968 dE = -9.70496E-02
SCF Iteration  40: Energy = 1.9530200742697437 dE =  9.70000E-02
SCF Iteration  41: Energy = 1.8559738406289226 dE = -9.70462E-02
SCF Iteration  42: Energy = 1.9529843059336693 dE =  9.70105E-02
SCF Iteration  43: Energy = 1.8559404659541880 dE = -9.70438E-02
SCF Iteration  44: Energy = 1.9529585563813288 dE =  9.70181E-02
SCF Iteration  45: Energy = 1.8559164121056821 dE = -9.70421E-02
SCF Iteration  46: Energy = 1.9529400401421109 dE =  9.70236E-02
SCF Iteration  47: Energy = 1.8558991001530551 dE = -9.70409E-02
SCF Iteration  48: Energy = 1.9529267367261292 dE =  9.70276E-02
SCF Iteration  49: Energy = 1.8558866537056078 dE = -9.70401E-02
SCF Iteration  50: Energy = 1.9529171848577920 dE =  9.70305E-02
SCF Iteration  51: Energy = 1.8558777125917323 dE = -9.70395E-02
SCF Iteration  52: Energy = 1.9529103300557482 dE =  9.70326E-02
SCF Iteration  53: Energy = 1.8558712935891690 dE = -9.70390E-02
SCF Iteration  54: Energy = 1.9529054126747352 dE =  9.70341E-02
SCF Iteration  55: Energy = 1.8558666874576679 dE = -9.70387E-02
SCF Iteration  56: Energy = 1.9529018861729117 dE =  9.70352E-02
SCF Iteration  57: Energy = 1.8558633834106231 dE = -9.70385E-02
SCF Iteration  58: Energy = 1.9528993577161842 dE =  9.70360E-02
SCF Iteration  59: Energy = 1.8558610140337852 dE = -9.70383E-02
SCF Iteration  60: Energy = 1.9528975451620427 dE =  9.70365E-02
SCF Iteration  61: Energy = 1.8558593152880976 dE = -9.70382E-02
SCF Iteration  62: Energy = 1.9528962459857993 dE =  9.70369E-02
SCF Iteration  63: Energy = 1.8558580975591958 dE = -9.70381E-02
SCF Iteration  64: Energy = 1.9528953148773582 dE =  9.70372E-02
SCF Iteration  65: Energy = 1.8558572247535992 dE = -9.70381E-02
SCF Iteration  66: Energy = 1.9528946476129740 dE =  9.70374E-02
SCF Iteration  67: Energy = 1.8558565992326033 dE = -9.70380E-02
SCF Iteration  68: Energy = 1.9528941694575641 dE =  9.70376E-02
SCF Iteration  69: Energy = 1.8558561509689286 dE = -9.70380E-02
SCF Iteration  70: Energy = 1.9528938268319851 dE =  9.70377E-02
SCF Iteration  71: Energy = 1.8558558297508130 dE = -9.70380E-02
SCF Iteration  72: Energy = 1.9528935813301262 dE =  9.70378E-02
SCF Iteration  73: Energy = 1.8558555995816302 dE = -9.70380E-02
SCF Iteration  74: Energy = 1.9528934054253355 dE =  9.70378E-02
SCF Iteration  75: Energy = 1.8558554346593237 dE = -9.70380E-02
SCF Iteration  76: Energy = 1.9528932793902918 dE =  9.70378E-02
SCF Iteration  77: Energy = 1.8558553164912301 dE = -9.70380E-02
SCF Iteration  78: Energy = 1.9528931890882166 dE =  9.70379E-02
SCF Iteration  79: Energy = 1.8558552318246204 dE = -9.70380E-02
SCF Iteration  80: Energy = 1.9528931243890422 dE =  9.70379E-02
SCF Iteration  81: Energy = 1.8558551711625282 dE = -9.70380E-02
SCF Iteration  82: Energy = 1.9528930780341716 dE =  9.70379E-02
SCF Iteration  83: Energy = 1.8558551276997579 dE = -9.70380E-02
SCF Iteration  84: Energy = 1.9528930448226425 dE =  9.70379E-02
SCF Iteration  85: Energy = 1.8558550965601315 dE = -9.70379E-02
SCF Iteration  86: Energy = 1.9528930210279594 dE =  9.70379E-02
SCF Iteration  87: Energy = 1.8558550742497864 dE = -9.70379E-02
SCF Iteration  88: Energy = 1.9528930039801398 dE =  9.70379E-02
SCF Iteration  89: Energy = 1.8558550582653752 dE = -9.70379E-02
SCF Iteration  90: Energy = 1.9528929917661819 dE =  9.70379E-02
SCF Iteration  91: Energy = 1.8558550468132640 dE = -9.70379E-02
SCF Iteration  92: Energy = 1.9528929830154840 dE =  9.70379E-02
SCF Iteration  93: Energy = 1.8558550386083792 dE = -9.70379E-02
SCF Iteration  94: Energy = 1.9528929767460443 dE =  9.70379E-02
SCF Iteration  95: Energy = 1.8558550327299765 dE = -9.70379E-02
SCF Iteration  96: Energy = 1.9528929722543285 dE =  9.70379E-02
SCF Iteration  97: Energy = 1.8558550285184046 dE = -9.70379E-02
SCF Iteration  98: Energy = 1.9528929690362378 dE =  9.70379E-02
SCF Iteration  99: Energy = 1.8558550255010293 dE = -9.70379E-02
SCF Iteration 100: Energy = 1.9528929667306505 dE =  9.70379E-02
SCF Iteration 101: Energy = 1.8558550233392408 dE = -9.70379E-02
SCF Iteration 102: Energy = 1.9528929650788216 dE =  9.70379E-02
SCF Iteration 103: Energy = 1.8558550217904313 dE = -9.70379E-02
SCF Iteration 104: Energy = 1.9528929638953723 dE =  9.70379E-02
SCF Iteration 105: Energy = 1.8558550206807967 dE = -9.70379E-02
SCF Iteration 106: Energy = 1.9528929630475047 dE =  9.70379E-02
SCF Iteration 107: Energy = 1.8558550198858037 dE = -9.70379E-02
SCF Iteration 108: Energy = 1.9528929624400457 dE =  9.70379E-02
SCF Iteration 109: Energy = 1.8558550193162309 dE = -9.70379E-02
SCF Iteration 110: Energy = 1.9528929620048370 dE =  9.70379E-02
SCF Iteration 111: Energy = 1.8558550189081697 dE = -9.70379E-02
SCF Iteration 112: Energy = 1.9528929616930322 dE =  9.70379E-02
SCF Iteration 113: Energy = 1.8558550186158134 dE = -9.70379E-02
SCF Iteration 114: Energy = 1.9528929614696438 dE =  9.70379E-02
SCF Iteration 115: Energy = 1.8558550184063565 dE = -9.70379E-02
SCF Iteration 116: Energy = 1.9528929613095993 dE =  9.70379E-02
SCF Iteration 117: Energy = 1.8558550182562970 dE = -9.70379E-02
SCF Iteration 118: Energy = 1.9528929611949328 dE =  9.70379E-02
SCF Iteration 119: Energy = 1.8558550181487772 dE = -9.70379E-02
SCF Iteration 120: Energy = 1.9528929611127785 dE =  9.70379E-02
SCF Iteration 121: Energy = 1.8558550180717490 dE = -9.70379E-02
SCF Iteration 122: Energy = 1.9528929610539270 dE =  9.70379E-02
SCF Iteration 123: Energy = 1.8558550180165674 dE = -9.70379E-02
SCF Iteration 124: Energy = 1.9528929610117580 dE =  9.70379E-02
SCF Iteration 125: Energy = 1.8558550179770243 dE = -9.70379E-02
SCF Iteration 126: Energy = 1.9528929609815431 dE =  9.70379E-02
SCF Iteration 127: Energy = 1.8558550179486972 dE = -9.70379E-02
SCF Iteration 128: Energy = 1.9528929609598999 dE =  9.70379E-02
SCF Iteration 129: Energy = 1.8558550179284041 dE = -9.70379E-02
SCF Iteration 130: Energy = 1.9528929609443928 dE =  9.70379E-02
SCF Iteration 131: Energy = 1.8558550179138638 dE = -9.70379E-02
SCF Iteration 132: Energy = 1.9528929609332817 dE =  9.70379E-02
SCF Iteration 133: Energy = 1.8558550179034512 dE = -9.70379E-02
SCF Iteration 134: Energy = 1.9528929609253272 dE =  9.70379E-02
SCF Iteration 135: Energy = 1.8558550178959852 dE = -9.70379E-02
SCF Iteration 136: Energy = 1.9528929609196224 dE =  9.70379E-02
SCF Iteration 137: Energy = 1.8558550178906392 dE = -9.70379E-02
SCF Iteration 138: Energy = 1.9528929609155372 dE =  9.70379E-02
SCF Iteration 139: Energy = 1.8558550178868107 dE = -9.70379E-02
SCF Iteration 140: Energy = 1.9528929609126102 dE =  9.70379E-02
SCF Iteration 141: Energy = 1.8558550178840632 dE = -9.70379E-02
SCF Iteration 142: Energy = 1.9528929609105177 dE =  9.70379E-02
SCF Iteration 143: Energy = 1.8558550178821003 dE = -9.70379E-02
SCF Iteration 144: Energy = 1.9528929609090104 dE =  9.70379E-02
SCF Iteration 145: Energy = 1.8558550178806925 dE = -9.70379E-02
SCF Iteration 146: Energy = 1.9528929609079348 dE =  9.70379E-02
SCF Iteration 147: Energy = 1.8558550178796773 dE = -9.70379E-02
SCF Iteration 148: Energy = 1.9528929609071639 dE =  9.70379E-02
SCF Iteration 149: Energy = 1.8558550178789566 dE = -9.70379E-02
SCF Iteration 150: Energy = 1.9528929609066150 dE =  9.70379E-02
SCF Iteration 151: Energy = 1.8558550178784370 dE = -9.70379E-02
SCF Iteration 152: Energy = 1.9528929609062202 dE =  9.70379E-02
SCF Iteration 153: Energy = 1.8558550178780728 dE = -9.70379E-02
SCF Iteration 154: Energy = 1.9528929609059347 dE =  9.70379E-02
SCF Iteration 155: Energy = 1.8558550178778064 dE = -9.70379E-02
SCF Iteration 156: Energy = 1.9528929609057304 dE =  9.70379E-02
SCF Iteration 157: Energy = 1.8558550178776136 dE = -9.70379E-02
SCF Iteration 158: Energy = 1.9528929609055816 dE =  9.70379E-02
SCF Iteration 159: Energy = 1.8558550178774746 dE = -9.70379E-02
SCF Iteration 160: Energy = 1.9528929609054804 dE =  9.70379E-02
SCF Iteration 161: Energy = 1.8558550178773747 dE = -9.70379E-02
SCF Iteration 162: Energy = 1.9528929609054035 dE =  9.70379E-02
SCF Iteration 163: Energy = 1.8558550178773041 dE = -9.70379E-02
SCF Iteration 164: Energy = 1.9528929609053445 dE =  9.70379E-02
SCF Iteration 165: Energy = 1.8558550178772473 dE = -9.70379E-02
SCF Iteration 166: Energy = 1.9528929609053041 dE =  9.70379E-02
SCF Iteration 167: Energy = 1.8558550178772144 dE = -9.70379E-02
SCF Iteration 168: Energy = 1.9528929609052832 dE =  9.70379E-02
SCF Iteration 169: Energy = 1.8558550178771931 dE = -9.70379E-02
SCF Iteration 170: Energy = 1.9528929609052650 dE =  9.70379E-02
SCF Iteration 171: Energy = 1.8558550178771762 dE = -9.70379E-02
SCF Iteration 172: Energy = 1.9528929609052463 dE =  9.70379E-02
SCF Iteration 173: Energy = 1.8558550178771558 dE = -9.70379E-02
SCF Iteration 174: Energy = 1.9528929609052370 dE =  9.70379E-02
SCF Iteration 175: Energy = 1.8558550178771500 dE = -9.70379E-02
SCF Iteration 176: Energy = 1.9528929609052268 dE =  9.70379E-02
SCF Iteration 177: Energy = 1.8558550178771465 dE = -9.70379E-02
SCF Iteration 178: Energy = 1.9528929609052277 dE =  9.70379E-02
SCF Iteration 179: Energy = 1.8558550178771394 dE = -9.70379E-02
SCF Iteration 180: Energy = 1.9528929609052277 dE =  9.70379E-02
SCF Iteration 181: Energy = 1.8558550178771358 dE = -9.70379E-02
SCF Iteration 182: Energy = 1.9528929609052210 dE =  9.70379E-02
SCF Iteration 183: Energy = 1.8558550178771362 dE = -9.70379E-02
SCF Iteration 184: Energy = 1.9528929609052197 dE =  9.70379E-02
SCF Iteration 185: Energy = 1.8558550178771358 dE = -9.70379E-02
SCF Iteration 186: Energy = 1.9528929609052215 dE =  9.70379E-02
SCF Iteration 187: Energy = 1.8558550178771358 dE = -9.70379E-02
SCF Iteration 188: Energy = 1.9528929609052210 dE =  9.70379E-02
SCF Iteration 189: Energy = 1.8558550178771349 dE = -9.70379E-02
SCF Iteration 190: Energy = 1.9528929609052197 dE =  9.70379E-02
SCF Iteration 191: Energy = 1.8558550178771314 dE = -9.70379E-02
SCF Iteration 192: Energy = 1.9528929609052170 dE =  9.70379E-02
SCF Iteration 193: Energy = 1.8558550178771300 dE = -9.70379E-02
SCF Iteration 194: Energy = 1.9528929609052152 dE =  9.70379E-02
SCF Iteration 195: Energy = 1.8558550178771225 dE = -9.70379E-02
SCF Iteration 196: Energy = 1.9528929609052108 dE =  9.70379E-02
SCF Iteration 197: Energy = 1.8558550178771234 dE = -9.70379E-02
SCF Iteration 198: Energy = 1.9528929609052121 dE =  9.70379E-02
SCF Iteration 199: Energy = 1.8558550178771260 dE = -9.70379E-02
SCF Iteration 200: Energy = 1.9528929609052135 dE =  9.70379E-02
SCF Iteration 201: Energy = 1.8558550178771291 dE = -9.70379E-02
SCF Iteration 202: Energy = 1.9528929609052081 dE =  9.70379E-02
SCF Iteration 203: Energy = 1.8558550178771260 dE = -9.70379E-02
SCF Iteration 204: Energy = 1.9528929609052130 dE =  9.70379E-02
SCF Iteration 205: Energy = 1.8558550178771247 dE = -9.70379E-02
SCF Iteration 206: Energy = 1.9528929609052130 dE =  9.70379E-02
SCF Iteration 207: Energy = 1.8558550178771238 dE = -9.70379E-02
SCF Iteration 208: Energy = 1.9528929609052095 dE =  9.70379E-02
SCF Iteration 209: Energy = 1.8558550178771247 dE = -9.70379E-02
SCF Iteration 210: Energy = 1.9528929609052090 dE =  9.70379E-02
SCF Iteration 211: Energy = 1.8558550178771269 dE = -9.70379E-02
SCF Iteration 212: Energy = 1.9528929609052135 dE =  9.70379E-02
SCF Iteration 213: Energy = 1.8558550178771274 dE = -9.70379E-02
SCF Iteration 214: Energy = 1.9528929609052152 dE =  9.70379E-02
SCF Iteration 215: Energy = 1.8558550178771265 dE = -9.70379E-02
SCF Iteration 216: Energy = 1.9528929609052152 dE =  9.70379E-02
SCF Iteration 217: Energy = 1.8558550178771278 dE = -9.70379E-02
SCF Iteration 218: Energy = 1.9528929609052139 dE =  9.70379E-02
SCF Iteration 219: Energy = 1.8558550178771300 dE = -9.70379E-02
SCF Iteration 220: Energy = 1.9528929609052130 dE =  9.70379E-02
SCF Iteration 221: Energy = 1.8558550178771296 dE = -9.70379E-02
SCF Iteration 222: Energy = 1.9528929609052161 dE =  9.70379E-02
SCF Iteration 223: Energy = 1.8558550178771238 dE = -9.70379E-02
SCF Iteration 224: Energy = 1.9528929609052104 dE =  9.70379E-02
SCF Iteration 225: Energy = 1.8558550178771243 dE = -9.70379E-02
SCF Iteration 226: Energy = 1.9528929609052126 dE =  9.70379E-02
SCF Iteration 227: Energy = 1.8558550178771283 dE = -9.70379E-02
SCF Iteration 228: Energy = 1.9528929609052130 dE =  9.70379E-02
SCF Iteration 229: Energy = 1.8558550178771256 dE = -9.70379E-02
SCF Iteration 230: Energy = 1.9528929609052135 dE =  9.70379E-02
SCF Iteration 231: Energy = 1.8558550178771274 dE = -9.70379E-02
SCF Iteration 232: Energy = 1.9528929609052148 dE =  9.70379E-02
SCF Iteration 233: Energy = 1.8558550178771318 dE = -9.70379E-02
SCF Iteration 234: Energy = 1.9528929609052197 dE =  9.70379E-02
SCF Iteration 235: Energy = 1.8558550178771300 dE = -9.70379E-02
SCF Iteration 236: Energy = 1.9528929609052206 dE =  9.70379E-02
SCF Iteration 237: Energy = 1.8558550178771300 dE = -9.70379E-02
SCF Iteration 238: Energy = 1.9528929609052192 dE =  9.70379E-02
SCF Iteration 239: Energy = 1.8558550178771314 dE = -9.70379E-02
SCF Iteration 240: Energy = 1.9528929609052152 dE =  9.70379E-02
SCF Iteration 241: Energy = 1.8558550178771323 dE = -9.70379E-02
SCF Iteration 242: Energy = 1.9528929609052152 dE =  9.70379E-02
SCF Iteration 243: Energy = 1.8558550178771305 dE = -9.70379E-02
SCF Iteration 244: Energy = 1.9528929609052175 dE =  9.70379E-02
SCF Iteration 245: Energy = 1.8558550178771300 dE = -9.70379E-02
SCF Iteration 246: Energy = 1.9528929609052170 dE =  9.70379E-02
SCF Iteration 247: Energy = 1.8558550178771287 dE = -9.70379E-02
SCF Iteration 248: Energy = 1.9528929609052152 dE =  9.70379E-02
SCF Iteration 249: Energy = 1.8558550178771291 dE = -9.70379E-02
SCF Iteration 250: Energy = 1.9528929609052184 dE =  9.70379E-02
SCF Iteration 251: Energy = 1.8558550178771336 dE = -9.70379E-02
SCF Iteration 252: Energy = 1.9528929609052179 dE =  9.70379E-02
SCF Iteration 253: Energy = 1.8558550178771327 dE = -9.70379E-02
SCF Iteration 254: Energy = 1.9528929609052179 dE =  9.70379E-02
SCF Iteration 255: Energy = 1.8558550178771300 dE = -9.70379E-02
SCF Iteration 256: Energy = 1.9528929609052108 dE =  9.70379E-02
SCF Iteration 257: Energy = 1.8558550178771278 dE = -9.70379E-02
SCF Iteration 258: Energy = 1.9528929609052152 dE =  9.70379E-02
SCF Iteration 259: Energy = 1.8558550178771323 dE = -9.70379E-02
SCF Iteration 260: Energy = 1.9528929609052121 dE =  9.70379E-02
SCF Iteration 261: Energy = 1.8558550178771278 dE = -9.70379E-02
SCF Iteration 262: Energy = 1.9528929609052139 dE =  9.70379E-02
SCF Iteration 263: Energy = 1.8558550178771283 dE = -9.70379E-02
SCF Iteration 264: Energy = 1.9528929609052184 dE =  9.70379E-02
SCF Iteration 265: Energy = 1.8558550178771300 dE = -9.70379E-02
SCF Iteration 266: Energy = 1.9528929609052130 dE =  9.70379E-02
SCF Iteration 267: Energy = 1.8558550178771274 dE = -9.70379E-02
SCF Iteration 268: Energy = 1.9528929609052121 dE =  9.70379E-02
SCF Iteration 269: Energy = 1.8558550178771278 dE = -9.70379E-02
SCF Iteration 270: Energy = 1.9528929609052166 dE =  9.70379E-02
SCF Iteration 271: Energy = 1.8558550178771305 dE = -9.70379E-02
SCF Iteration 272: Energy = 1.9528929609052157 dE =  9.70379E-02
SCF Iteration 273: Energy = 1.8558550178771300 dE = -9.70379E-02
SCF Iteration 274: Energy = 1.9528929609052090 dE =  9.70379E-02
SCF Iteration 275: Energy = 1.8558550178771260 dE = -9.70379E-02
SCF Iteration 276: Energy = 1.9528929609052166 dE =  9.70379E-02
SCF Iteration 277: Energy = 1.8558550178771331 dE = -9.70379E-02
SCF Iteration 278: Energy = 1.9528929609052152 dE =  9.70379E-02
SCF Iteration 279: Energy = 1.8558550178771314 dE = -9.70379E-02
SCF Iteration 280: Energy = 1.9528929609052161 dE =  9.70379E-02
SCF Iteration 281: Energy = 1.8558550178771318 dE = -9.70379E-02
SCF Iteration 282: Energy = 1.9528929609052201 dE =  9.70379E-02
SCF Iteration 283: Energy = 1.8558550178771296 dE = -9.70379E-02
SCF Iteration 284: Energy = 1.9528929609052139 dE =  9.70379E-02
SCF Iteration 285: Energy = 1.8558550178771305 dE = -9.70379E-02
SCF Iteration 286: Energy = 1.9528929609052170 dE =  9.70379E-02
SCF Iteration 287: Energy = 1.8558550178771291 dE = -9.70379E-02
SCF Iteration 288: Energy = 1.9528929609052135 dE =  9.70379E-02
SCF Iteration 289: Energy = 1.8558550178771256 dE = -9.70379E-02
SCF Iteration 290: Energy = 1.9528929609052130 dE =  9.70379E-02
SCF Iteration 291: Energy = 1.8558550178771243 dE = -9.70379E-02
SCF Iteration 292: Energy = 1.9528929609052126 dE =  9.70379E-02
SCF Iteration 293: Energy = 1.8558550178771296 dE = -9.70379E-02
SCF Iteration 294: Energy = 1.9528929609052121 dE =  9.70379E-02
SCF Iteration 295: Energy = 1.8558550178771296 dE = -9.70379E-02
SCF Iteration 296: Energy = 1.9528929609052179 dE =  9.70379E-02
SCF Iteration 297: Energy = 1.8558550178771309 dE = -9.70379E-02
SCF Iteration 298: Energy = 1.9528929609052188 dE =  9.70379E-02
SCF Iteration 299: Energy = 1.8558550178771314 dE = -9.70379E-02
SCF Iteration 300: Energy = 1.9528929609052148 dE =  9.70379E-02
SCF Iteration 301: Energy = 1.8558550178771260 dE = -9.70379E-02
SCF Iteration 302: Energy = 1.9528929609052166 dE =  9.70379E-02
SCF Iteration 303: Energy = 1.8558550178771318 dE = -9.70379E-02
SCF Iteration 304: Energy = 1.9528929609052113 dE =  9.70379E-02
SCF Iteration 305: Energy = 1.8558550178771318 dE = -9.70379E-02
SCF Iteration 306: Energy = 1.9528929609052152 dE =  9.70379E-02
SCF Iteration 307: Energy = 1.8558550178771309 dE = -9.70379E-02
SCF Iteration 308: Energy = 1.9528929609052201 dE =  9.70379E-02
SCF Iteration 309: Energy = 1.8558550178771305 dE = -9.70379E-02
SCF Iteration 310: Energy = 1.9528929609052113 dE =  9.70379E-02
SCF Iteration 311: Energy = 1.8558550178771314 dE = -9.70379E-02
SCF Iteration 312: Energy = 1.9528929609052139 dE =  9.70379E-02
SCF Iteration 313: Energy = 1.8558550178771296 dE = -9.70379E-02
SCF Iteration 314: Energy = 1.9528929609052117 dE =  9.70379E-02
SCF Iteration 315: Energy = 1.8558550178771265 dE = -9.70379E-02
SCF Iteration 316: Energy = 1.9528929609052166 dE =  9.70379E-02
SCF Iteration 317: Energy = 1.8558550178771327 dE = -9.70379E-02
SCF Iteration 318: Energy = 1.9528929609052192 dE =  9.70379E-02
SCF Iteration 319: Energy = 1.8558550178771323 dE = -9.70379E-02
SCF Iteration 320: Energy = 1.9528929609052188 dE =  9.70379E-02
SCF Iteration 321: Energy = 1.8558550178771309 dE = -9.70379E-02
SCF Iteration 322: Energy = 1.9528929609052184 dE =  9.70379E-02
SCF Iteration 323: Energy = 1.8558550178771309 dE = -9.70379E-02
SCF Iteration 324: Energy = 1.9528929609052117 dE =  9.70379E-02
SCF Iteration 325: Energy = 1.8558550178771283 dE = -9.70379E-02
SCF Iteration 326: Energy = 1.9528929609052135 dE =  9.70379E-02
SCF Iteration 327: Energy = 1.8558550178771349 dE = -9.70379E-02
SCF Iteration 328: Energy = 1.9528929609052166 dE =  9.70379E-02
SCF Iteration 329: Energy = 1.8558550178771278 dE = -9.70379E-02
SCF Iteration 330: Energy = 1.9528929609052144 dE =  9.70379E-02
SCF Iteration 331: Energy = 1.8558550178771278 dE = -9.70379E-02
SCF Iteration 332: Energy = 1.9528929609052135 dE =  9.70379E-02
SCF Iteration 333: Energy = 1.8558550178771287 dE = -9.70379E-02
SCF Iteration 334: Energy = 1.9528929609052197 dE =  9.70379E-02
SCF Iteration 335: Energy = 1.8558550178771327 dE = -9.70379E-02
SCF Iteration 336: Energy = 1.9528929609052148 dE =  9.70379E-02
SCF Iteration 337: Energy = 1.8558550178771336 dE = -9.70379E-02
SCF Iteration 338: Energy = 1.9528929609052135 dE =  9.70379E-02
SCF Iteration 339: Energy = 1.8558550178771345 dE = -9.70379E-02
SCF Iteration 340: Energy = 1.9528929609052157 dE =  9.70379E-02
SCF Iteration 341: Energy = 1.8558550178771336 dE = -9.70379E-02
SCF Iteration 342: Energy = 1.9528929609052135 dE =  9.70379E-02
SCF Iteration 343: Energy = 1.8558550178771345 dE = -9.70379E-02
SCF Iteration 344: Energy = 1.9528929609052170 dE =  9.70379E-02
SCF Iteration 345: Energy = 1.8558550178771287 dE = -9.70379E-02
SCF Iteration 346: Energy = 1.9528929609052179 dE =  9.70379E-02
SCF Iteration 347: Energy = 1.8558550178771336 dE = -9.70379E-02
SCF Iteration 348: Energy = 1.9528929609052144 dE =  9.70379E-02
SCF Iteration 349: Energy = 1.8558550178771287 dE = -9.70379E-02
SCF Iteration 350: Energy = 1.9528929609052179 dE =  9.70379E-02
SCF Iteration 351: Energy = 1.8558550178771309 dE = -9.70379E-02
SCF Iteration 352: Energy = 1.9528929609052161 dE =  9.70379E-02
SCF Iteration 353: Energy = 1.8558550178771274 dE = -9.70379E-02
SCF Iteration 354: Energy = 1.9528929609052157 dE =  9.70379E-02
SCF Iteration 355: Energy = 1.8558550178771278 dE = -9.70379E-02
SCF Iteration 356: Energy = 1.9528929609052139 dE =  9.70379E-02
SCF Iteration 357: Energy = 1.8558550178771309 dE = -9.70379E-02
SCF Iteration 358: Energy = 1.9528929609052121 dE =  9.70379E-02
SCF Iteration 359: Energy = 1.8558550178771318 dE = -9.70379E-02
SCF Iteration 360: Energy = 1.9528929609052139 dE =  9.70379E-02
SCF Iteration 361: Energy = 1.8558550178771291 dE = -9.70379E-02
SCF Iteration 362: Energy = 1.9528929609052121 dE =  9.70379E-02
SCF Iteration 363: Energy = 1.8558550178771300 dE = -9.70379E-02
SCF Iteration 364: Energy = 1.9528929609052148 dE =  9.70379E-02
SCF Iteration 365: Energy = 1.8558550178771287 dE = -9.70379E-02
SCF Iteration 366: Energy = 1.9528929609052175 dE =  9.70379E-02
SCF Iteration 367: Energy = 1.8558550178771354 dE = -9.70379E-02
SCF Iteration 368: Energy = 1.9528929609052148 dE =  9.70379E-02
SCF Iteration 369: Energy = 1.8558550178771327 dE = -9.70379E-02
SCF Iteration 370: Energy = 1.9528929609052184 dE =  9.70379E-02
SCF Iteration 371: Energy = 1.8558550178771309 dE = -9.70379E-02
SCF Iteration 372: Energy = 1.9528929609052188 dE =  9.70379E-02
SCF Iteration 373: Energy = 1.8558550178771314 dE = -9.70379E-02
SCF Iteration 374: Energy = 1.9528929609052139 dE =  9.70379E-02
SCF Iteration 375: Energy = 1.8558550178771354 dE = -9.70379E-02
SCF Iteration 376: Energy = 1.9528929609052135 dE =  9.70379E-02
SCF Iteration 377: Energy = 1.8558550178771256 dE = -9.70379E-02
SCF Iteration 378: Energy = 1.9528929609052135 dE =  9.70379E-02
SCF Iteration 379: Energy = 1.8558550178771265 dE = -9.70379E-02
SCF Iteration 380: Energy = 1.9528929609052157 dE =  9.70379E-02
SCF Iteration 381: Energy = 1.8558550178771287 dE = -9.70379E-02
SCF Iteration 382: Energy = 1.9528929609052144 dE =  9.70379E-02
SCF Iteration 383: Energy = 1.8558550178771318 dE = -9.70379E-02
SCF Iteration 384: Energy = 1.9528929609052130 dE =  9.70379E-02
SCF Iteration 385: Energy = 1.8558550178771274 dE = -9.70379E-02
SCF Iteration 386: Energy = 1.9528929609052175 dE =  9.70379E-02
SCF Iteration 387: Energy = 1.8558550178771309 dE = -9.70379E-02
SCF Iteration 388: Energy = 1.9528929609052126 dE =  9.70379E-02
SCF Iteration 389: Energy = 1.8558550178771287 dE = -9.70379E-02
SCF Iteration 390: Energy = 1.9528929609052117 dE =  9.70379E-02
SCF Iteration 391: Energy = 1.8558550178771251 dE = -9.70379E-02
SCF Iteration 392: Energy = 1.9528929609052197 dE =  9.70379E-02
SCF Iteration 393: Energy = 1.8558550178771283 dE = -9.70379E-02
SCF Iteration 394: Energy = 1.9528929609052104 dE =  9.70379E-02
SCF Iteration 395: Energy = 1.8558550178771220 dE = -9.70379E-02
SCF Iteration 396: Energy = 1.9528929609052095 dE =  9.70379E-02
SCF Iteration 397: Energy = 1.8558550178771247 dE = -9.70379E-02
SCF Iteration 398: Energy = 1.9528929609052104 dE =  9.70379E-02
SCF Iteration 399: Energy = 1.8558550178771296 dE = -9.70379E-02
SCF Iteration 400: Energy = 1.9528929609052086 dE =  9.70379E-02
SCF Iteration 401: Energy = 1.8558550178771225 dE = -9.70379E-02
SCF Iteration 402: Energy = 1.9528929609052144 dE =  9.70379E-02
SCF Iteration 403: Energy = 1.8558550178771287 dE = -9.70379E-02
SCF Iteration 404: Energy = 1.9528929609052139 dE =  9.70379E-02
SCF Iteration 405: Energy = 1.8558550178771300 dE = -9.70379E-02
SCF Iteration 406: Energy = 1.9528929609052117 dE =  9.70379E-02
SCF Iteration 407: Energy = 1.8558550178771314 dE = -9.70379E-02
SCF Iteration 408: Energy = 1.9528929609052175 dE =  9.70379E-02
SCF Iteration 409: Energy = 1.8558550178771291 dE = -9.70379E-02
SCF Iteration 410: Energy = 1.9528929609052117 dE =  9.70379E-02
SCF Iteration 411: Energy = 1.8558550178771256 dE = -9.70379E-02
SCF Iteration 412: Energy = 1.9528929609052113 dE =  9.70379E-02
SCF Iteration 413: Energy = 1.8558550178771269 dE = -9.70379E-02
SCF Iteration 414: Energy = 1.9528929609052175 dE =  9.70379E-02
SCF Iteration 415: Energy = 1.8558550178771278 dE = -9.70379E-02
SCF Iteration 416: Energy = 1.9528929609052144 dE =  9.70379E-02
SCF Iteration 417: Energy = 1.8558550178771283 dE = -9.70379E-02
SCF Iteration 418: Energy = 1.9528929609052188 dE =  9.70379E-02
SCF Iteration 419: Energy = 1.8558550178771283 dE = -9.70379E-02
SCF Iteration 420: Energy = 1.9528929609052144 dE =  9.70379E-02
SCF Iteration 421: Energy = 1.8558550178771327 dE = -9.70379E-02
SCF Iteration 422: Energy = 1.9528929609052170 dE =  9.70379E-02
SCF Iteration 423: Energy = 1.8558550178771309 dE = -9.70379E-02
SCF Iteration 424: Energy = 1.9528929609052170 dE =  9.70379E-02
SCF Iteration 425: Energy = 1.8558550178771296 dE = -9.70379E-02
SCF Iteration 426: Energy = 1.9528929609052121 dE =  9.70379E-02
SCF Iteration 427: Energy = 1.8558550178771283 dE = -9.70379E-02
SCF Iteration 428: Energy = 1.9528929609052130 dE =  9.70379E-02
SCF Iteration 429: Energy = 1.8558550178771278 dE = -9.70379E-02
SCF Iteration 430: Energy = 1.9528929609052126 dE =  9.70379E-02
SCF Iteration 431: Energy = 1.8558550178771331 dE = -9.70379E-02
SCF Iteration 432: Energy = 1.9528929609052179 dE =  9.70379E-02
SCF Iteration 433: Energy = 1.8558550178771269 dE = -9.70379E-02
SCF Iteration 434: Energy = 1.9528929609052148 dE =  9.70379E-02
SCF Iteration 435: Energy = 1.8558550178771269 dE = -9.70379E-02
SCF Iteration 436: Energy = 1.9528929609052157 dE =  9.70379E-02
SCF Iteration 437: Energy = 1.8558550178771305 dE = -9.70379E-02
SCF Iteration 438: Energy = 1.9528929609052113 dE =  9.70379E-02
SCF Iteration 439: Energy = 1.8558550178771278 dE = -9.70379E-02
SCF Iteration 440: Energy = 1.9528929609052108 dE =  9.70379E-02
SCF Iteration 441: Energy = 1.8558550178771314 dE = -9.70379E-02
SCF Iteration 442: Energy = 1.9528929609052148 dE =  9.70379E-02
SCF Iteration 443: Energy = 1.8558550178771327 dE = -9.70379E-02
SCF Iteration 444: Energy = 1.9528929609052099 dE =  9.70379E-02
SCF Iteration 445: Energy = 1.8558550178771305 dE = -9.70379E-02
SCF Iteration 446: Energy = 1.9528929609052117 dE =  9.70379E-02
SCF Iteration 447: Energy = 1.8558550178771291 dE = -9.70379E-02
SCF Iteration 448: Energy = 1.9528929609052104 dE =  9.70379E-02
SCF Iteration 449: Energy = 1.8558550178771300 dE = -9.70379E-02
SCF Iteration 450: Energy = 1.9528929609052161 dE =  9.70379E-02
SCF Iteration 451: Energy = 1.8558550178771300 dE = -9.70379E-02
SCF Iteration 452: Energy = 1.9528929609052130 dE =  9.70379E-02
SCF Iteration 453: Energy = 1.8558550178771251 dE = -9.70379E-02
SCF Iteration 454: Energy = 1.9528929609052126 dE =  9.70379E-02
SCF Iteration 455: Energy = 1.8558550178771229 dE = -9.70379E-02
SCF Iteration 456: Energy = 1.9528929609052152 dE =  9.70379E-02
SCF Iteration 457: Energy = 1.8558550178771300 dE = -9.70379E-02
SCF Iteration 458: Energy = 1.9528929609052166 dE =  9.70379E-02
SCF Iteration 459: Energy = 1.8558550178771340 dE = -9.70379E-02
SCF Iteration 460: Energy = 1.9528929609052197 dE =  9.70379E-02
SCF Iteration 461: Energy = 1.8558550178771354 dE = -9.70379E-02
SCF Iteration 462: Energy = 1.9528929609052232 dE =  9.70379E-02
SCF Iteration 463: Energy = 1.8558550178771371 dE = -9.70379E-02
SCF Iteration 464: Energy = 1.9528929609052184 dE =  9.70379E-02
SCF Iteration 465: Energy = 1.8558550178771318 dE = -9.70379E-02
SCF Iteration 466: Energy = 1.9528929609052184 dE =  9.70379E-02
SCF Iteration 467: Energy = 1.8558550178771314 dE = -9.70379E-02
SCF Iteration 468: Energy = 1.9528929609052170 dE =  9.70379E-02
SCF Iteration 469: Energy = 1.8558550178771269 dE = -9.70379E-02
SCF Iteration 470: Energy = 1.9528929609052135 dE =  9.70379E-02
SCF Iteration 471: Energy = 1.8558550178771300 dE = -9.70379E-02
SCF Iteration 472: Energy = 1.9528929609052113 dE =  9.70379E-02
SCF Iteration 473: Energy = 1.8558550178771287 dE = -9.70379E-02
SCF Iteration 474: Energy = 1.9528929609052161 dE =  9.70379E-02
SCF Iteration 475: Energy = 1.8558550178771314 dE = -9.70379E-02
SCF Iteration 476: Energy = 1.9528929609052135 dE =  9.70379E-02
SCF Iteration 477: Energy = 1.8558550178771247 dE = -9.70379E-02
SCF Iteration 478: Energy = 1.9528929609052104 dE =  9.70379E-02
SCF Iteration 479: Energy = 1.8558550178771283 dE = -9.70379E-02
SCF Iteration 480: Energy = 1.9528929609052126 dE =  9.70379E-02
SCF Iteration 481: Energy = 1.8558550178771225 dE = -9.70379E-02
SCF Iteration 482: Energy = 1.9528929609052121 dE =  9.70379E-02
SCF Iteration 483: Energy = 1.8558550178771278 dE = -9.70379E-02
SCF Iteration 484: Energy = 1.9528929609052152 dE =  9.70379E-02
SCF Iteration 485: Energy = 1.8558550178771283 dE = -9.70379E-02
SCF Iteration 486: Energy = 1.9528929609052184 dE =  9.70379E-02
SCF Iteration 487: Energy = 1.8558550178771323 dE = -9.70379E-02
SCF Iteration 488: Energy = 1.9528929609052175 dE =  9.70379E-02
SCF Iteration 489: Energy = 1.8558550178771300 dE = -9.70379E-02
SCF Iteration 490: Energy = 1.9528929609052184 dE =  9.70379E-02
SCF Iteration 491: Energy = 1.8558550178771314 dE = -9.70379E-02
SCF Iteration 492: Energy = 1.9528929609052255 dE =  9.70379E-02
SCF Iteration 493: Energy = 1.8558550178771358 dE = -9.70379E-02
SCF Iteration 494: Energy = 1.9528929609052175 dE =  9.70379E-02
SCF Iteration 495: Energy = 1.8558550178771305 dE = -9.70379E-02
SCF Iteration 496: Energy = 1.9528929609052184 dE =  9.70379E-02
SCF Iteration 497: Energy = 1.8558550178771349 dE = -9.70379E-02
SCF Iteration 498: Energy = 1.9528929609052139 dE =  9.70379E-02
SCF Iteration 499: Energy = 1.8558550178771296 dE = -9.70379E-02
SCF Iteration 500: Energy = 1.9528929609052139 dE =  9.70379E-02
