
  Memory set to  55.879 GiB by Python driver.
  Threads set to 1 by Python driver.
Settings:
	LOT = CCSD-S2-U22
	wc = 20.0 eV
	lambda = [0.363727 0.       0.      ] a.u.
	Equivalent A0 = LAMBDA / sqrt(2 wc) = [0.3 0.  0. ])
doing QED-CCSD-Full (or QED-CCSD-22)
Number of occupied orbitals:   1
Number of basis functions:  60
SCF Iteration   1: Energy = -0.3648599563752066 dE = -3.64860E-01
SCF Iteration   2: Energy = -0.4982074164612812 dE = -1.33347E-01
SCF Iteration   3: Energy = -0.5018808533180564 dE = -3.67344E-03
SCF Iteration   4: Energy = -0.5020060829097610 dE = -1.25230E-04
SCF Iteration   5: Energy = -0.5020107963180876 dE = -4.71341E-06
SCF Iteration   6: Energy = -0.5020109921445499 dE = -1.95826E-07
SCF Iteration   7: Energy = -0.5020110011263563 dE = -8.98181E-09
SCF Iteration   8: Energy = -0.5020110015747287 dE = -4.48372E-10
SCF Iteration   9: Energy = -0.5020110015985436 dE = -2.38150E-11

SCF converged.
E_QED_HF          = -0.502011001598544
HF  (psi4)        = -0.917794187930824
Starting with the CCSD calculation:

Iter  Energy(CCSD)      E_diff    time(sec)
  1:  -0.5262081259  5.26208E-01   20.397
  2:  -0.4784222829  4.77858E-02   20.399
  3:  -0.4380746433  4.03476E-02   20.383
  4:  -0.4132217951  2.48528E-02   20.391
  5:  -0.4572332874  4.40115E-02   20.391
  6:  -0.4603247268  3.09144E-03   20.368
  7:  -0.4546801853  5.64454E-03   20.371
  8:  -0.4543853275  2.94858E-04   20.367
  9:  -0.4542049733  1.80354E-04   20.371
 10:  -0.4542161174  1.11441E-05   20.375
 11:  -0.4542235364  7.41901E-06   20.370
 12:  -0.4542180758  5.46056E-06   20.358
 13:  -0.4542213785  3.30270E-06   20.373
 14:  -0.4542218003  4.21820E-07   20.368
 15:  -0.4542219841  1.83757E-07   20.369
 16:  -0.4542219607  2.33548E-08   20.367
 17:  -0.4542219751  1.43216E-08   20.372
 18:  -0.4542219771  2.02815E-09   20.360
E_QED_CCSD  (Corr.)  = -0.454221977098328
E_QED_CCSD tot       = -0.956232978696871
E_CCSD_psi4 (Corr.)  = -0.100365852586840
E_CCSD_psi4 tot      = -1.018160040517664
