
  Memory set to  55.879 GiB by Python driver.
  Threads set to 1 by Python driver.
Settings:
	LOT = CCSD-S1-U21
	wc = 20.0 eV
	lambda = [0.969939 0.       0.      ] a.u.
	Equivalent A0 = LAMBDA / sqrt(2 wc) = [0.8 0.  0. ])
doing QED-CCSD-1 (or QED-CCSD-21)
Number of occupied orbitals:   1
Number of basis functions:  60
SCF Iteration   1: Energy = 2.5663079893690517 dE =  2.56631E+00
SCF Iteration   2: Energy = 3.2010581494481185 dE =  6.34750E-01
SCF Iteration   3: Energy = 2.7594990524045651 dE = -4.41559E-01
SCF Iteration   4: Energy = 3.1383876133682902 dE =  3.78889E-01
SCF Iteration   5: Energy = 2.8046421976462028 dE = -3.33745E-01
SCF Iteration   6: Energy = 3.1171954177544592 dE =  3.12553E-01
SCF Iteration   7: Energy = 2.8109701452688078 dE = -3.06225E-01
SCF Iteration   8: Energy = 3.1041183979741183 dE =  2.93148E-01
SCF Iteration   9: Energy = 2.8069825693657311 dE = -2.97136E-01
SCF Iteration  10: Energy = 3.0942000234478773 dE =  2.87217E-01
SCF Iteration  11: Energy = 2.8003664706743860 dE = -2.93834E-01
SCF Iteration  12: Energy = 3.0862661769832451 dE =  2.85900E-01
SCF Iteration  13: Energy = 2.7936486986039055 dE = -2.92617E-01
SCF Iteration  14: Energy = 3.0799200989663476 dE =  2.86271E-01
SCF Iteration  15: Energy = 2.7877056132952838 dE = -2.92214E-01
SCF Iteration  16: Energy = 3.0749157986527074 dE =  2.87210E-01
SCF Iteration  17: Energy = 2.7827777475709796 dE = -2.92138E-01
SCF Iteration  18: Energy = 3.0710296482539476 dE =  2.88252E-01
SCF Iteration  19: Energy = 2.7788417327001751 dE = -2.92188E-01
SCF Iteration  20: Energy = 3.0680504710279601 dE =  2.89209E-01
SCF Iteration  21: Energy = 2.7757720706535443 dE = -2.92278E-01
SCF Iteration  22: Energy = 3.0657893006613683 dE =  2.90017E-01
SCF Iteration  23: Energy = 2.7734161689016217 dE = -2.92373E-01
SCF Iteration  24: Energy = 3.0640859084384493 dE =  2.90670E-01
SCF Iteration  25: Energy = 2.7716280498486627 dE = -2.92458E-01
SCF Iteration  26: Energy = 3.0628098008430191 dE =  2.91182E-01
SCF Iteration  27: Energy = 2.7702814835681524 dE = -2.92528E-01
SCF Iteration  28: Energy = 3.0618576894017115 dE =  2.91576E-01
SCF Iteration  29: Energy = 2.7692731057185611 dE = -2.92585E-01
SCF Iteration  30: Energy = 3.0611494386149216 dE =  2.91876E-01
SCF Iteration  31: Energy = 2.7685210271803919 dE = -2.92628E-01
SCF Iteration  32: Energy = 3.0606237467389015 dE =  2.92103E-01
SCF Iteration  33: Energy = 2.7679617461790675 dE = -2.92662E-01
SCF Iteration  34: Energy = 3.0602341868590566 dE =  2.92272E-01
SCF Iteration  35: Energy = 2.7675467253186499 dE = -2.92687E-01
SCF Iteration  36: Energy = 3.0599458487518945 dE =  2.92399E-01
SCF Iteration  37: Energy = 2.7672392341415106 dE = -2.92707E-01
SCF Iteration  38: Energy = 3.0597326173146397 dE =  2.92493E-01
SCF Iteration  39: Energy = 2.7670116721731715 dE = -2.92721E-01
SCF Iteration  40: Energy = 3.0595750297303645 dE =  2.92563E-01
SCF Iteration  41: Energy = 2.7668434035223672 dE = -2.92732E-01
SCF Iteration  42: Energy = 3.0594586203605703 dE =  2.92615E-01
SCF Iteration  43: Energy = 2.7667190552127483 dE = -2.92740E-01
SCF Iteration  44: Energy = 3.0593726590251187 dE =  2.92654E-01
SCF Iteration  45: Energy = 2.7666272049348768 dE = -2.92745E-01
SCF Iteration  46: Energy = 3.0593091979494647 dE =  2.92682E-01
SCF Iteration  47: Energy = 2.7665593819515397 dE = -2.92750E-01
SCF Iteration  48: Energy = 3.0592623565316339 dE =  2.92703E-01
SCF Iteration  49: Energy = 2.7665093131439509 dE = -2.92753E-01
SCF Iteration  50: Energy = 3.0592277870790872 dE =  2.92718E-01
SCF Iteration  51: Energy = 2.7664723576028054 dE = -2.92755E-01
SCF Iteration  52: Energy = 3.0592022770653680 dE =  2.92730E-01
SCF Iteration  53: Energy = 2.7664450845068309 dE = -2.92757E-01
SCF Iteration  54: Energy = 3.0591834537432296 dE =  2.92738E-01
SCF Iteration  55: Energy = 2.7664249589906875 dE = -2.92758E-01
SCF Iteration  56: Energy = 3.0591695651632529 dE =  2.92745E-01
SCF Iteration  57: Energy = 2.7664101089214874 dE = -2.92759E-01
SCF Iteration  58: Energy = 3.0591593180454915 dE =  2.92749E-01
SCF Iteration  59: Energy = 2.7663991520390985 dE = -2.92760E-01
SCF Iteration  60: Energy = 3.0591517578576637 dE =  2.92753E-01
SCF Iteration  61: Energy = 2.7663910679956460 dE = -2.92761E-01
SCF Iteration  62: Energy = 3.0591461801743716 dE =  2.92755E-01
SCF Iteration  63: Energy = 2.7663851037181368 dE = -2.92761E-01
SCF Iteration  64: Energy = 3.0591420651913328 dE =  2.92757E-01
SCF Iteration  65: Energy = 2.7663807034626791 dE = -2.92761E-01
SCF Iteration  66: Energy = 3.0591390293641512 dE =  2.92758E-01
SCF Iteration  67: Energy = 2.7663774571436957 dE = -2.92762E-01
SCF Iteration  68: Energy = 3.0591367897035706 dE =  2.92759E-01
SCF Iteration  69: Energy = 2.7663750621767429 dE = -2.92762E-01
SCF Iteration  70: Energy = 3.0591351374201468 dE =  2.92760E-01
SCF Iteration  71: Energy = 2.7663732953083509 dE = -2.92762E-01
SCF Iteration  72: Energy = 3.0591339184731927 dE =  2.92761E-01
SCF Iteration  73: Energy = 2.7663719918229210 dE = -2.92762E-01
SCF Iteration  74: Energy = 3.0591330192168043 dE =  2.92761E-01
SCF Iteration  75: Energy = 2.7663710301969653 dE = -2.92762E-01
SCF Iteration  76: Energy = 3.0591323558081456 dE =  2.92761E-01
SCF Iteration  77: Energy = 2.7663703207748611 dE = -2.92762E-01
SCF Iteration  78: Energy = 3.0591318663924403 dE =  2.92762E-01
SCF Iteration  79: Energy = 2.7663697974128798 dE = -2.92762E-01
SCF Iteration  80: Energy = 3.0591315053368557 dE =  2.92762E-01
SCF Iteration  81: Energy = 2.7663694113137476 dE = -2.92762E-01
SCF Iteration  82: Energy = 3.0591312389763985 dE =  2.92762E-01
SCF Iteration  83: Energy = 2.7663691264777270 dE = -2.92762E-01
SCF Iteration  84: Energy = 3.0591310424752258 dE =  2.92762E-01
SCF Iteration  85: Energy = 2.7663689163465151 dE = -2.92762E-01
SCF Iteration  86: Energy = 3.0591308975111851 dE =  2.92762E-01
SCF Iteration  87: Energy = 2.7663687613271719 dE = -2.92762E-01
SCF Iteration  88: Energy = 3.0591307905674814 dE =  2.92762E-01
SCF Iteration  89: Energy = 2.7663686469653666 dE = -2.92762E-01
SCF Iteration  90: Energy = 3.0591307116723874 dE =  2.92762E-01
SCF Iteration  91: Energy = 2.7663685625977248 dE = -2.92762E-01
SCF Iteration  92: Energy = 3.0591306534694622 dE =  2.92762E-01
SCF Iteration  93: Energy = 2.7663685003575553 dE = -2.92762E-01
SCF Iteration  94: Energy = 3.0591306105317013 dE =  2.92762E-01
SCF Iteration  95: Energy = 2.7663684544414142 dE = -2.92762E-01
SCF Iteration  96: Energy = 3.0591305788554335 dE =  2.92762E-01
SCF Iteration  97: Energy = 2.7663684205679102 dE = -2.92762E-01
SCF Iteration  98: Energy = 3.0591305554870614 dE =  2.92762E-01
SCF Iteration  99: Energy = 2.7663683955785858 dE = -2.92762E-01
SCF Iteration 100: Energy = 3.0591305382476266 dE =  2.92762E-01
SCF Iteration 101: Energy = 2.7663683771433387 dE = -2.92762E-01
SCF Iteration 102: Energy = 3.0591305255296621 dE =  2.92762E-01
SCF Iteration 103: Energy = 2.7663683635431786 dE = -2.92762E-01
SCF Iteration 104: Energy = 3.0591305161472997 dE =  2.92762E-01
SCF Iteration 105: Energy = 2.7663683535100034 dE = -2.92762E-01
SCF Iteration 106: Energy = 3.0591305092256951 dE =  2.92762E-01
SCF Iteration 107: Energy = 2.7663683461082798 dE = -2.92762E-01
SCF Iteration 108: Energy = 3.0591305041194596 dE =  2.92762E-01
SCF Iteration 109: Energy = 2.7663683406478476 dE = -2.92762E-01
SCF Iteration 110: Energy = 3.0591305003524623 dE =  2.92762E-01
SCF Iteration 111: Energy = 2.7663683366195517 dE = -2.92762E-01
SCF Iteration 112: Energy = 3.0591304975734550 dE =  2.92762E-01
SCF Iteration 113: Energy = 2.7663683336477778 dE = -2.92762E-01
SCF Iteration 114: Energy = 3.0591304955233083 dE =  2.92762E-01
SCF Iteration 115: Energy = 2.7663683314554213 dE = -2.92762E-01
SCF Iteration 116: Energy = 3.0591304940108746 dE =  2.92762E-01
SCF Iteration 117: Energy = 2.7663683298380786 dE = -2.92762E-01
SCF Iteration 118: Energy = 3.0591304928951075 dE =  2.92762E-01
SCF Iteration 119: Energy = 2.7663683286449086 dE = -2.92762E-01
SCF Iteration 120: Energy = 3.0591304920719740 dE =  2.92762E-01
SCF Iteration 121: Energy = 2.7663683277646873 dE = -2.92762E-01
SCF Iteration 122: Energy = 3.0591304914647308 dE =  2.92762E-01
SCF Iteration 123: Energy = 2.7663683271153170 dE = -2.92762E-01
SCF Iteration 124: Energy = 3.0591304910167514 dE =  2.92762E-01
SCF Iteration 125: Energy = 2.7663683266362655 dE = -2.92762E-01
SCF Iteration 126: Energy = 3.0591304906862664 dE =  2.92762E-01
SCF Iteration 127: Energy = 2.7663683262828656 dE = -2.92762E-01
SCF Iteration 128: Energy = 3.0591304904424614 dE =  2.92762E-01
SCF Iteration 129: Energy = 2.7663683260221328 dE = -2.92762E-01
SCF Iteration 130: Energy = 3.0591304902625955 dE =  2.92762E-01
SCF Iteration 131: Energy = 2.7663683258297969 dE = -2.92762E-01
SCF Iteration 132: Energy = 3.0591304901299035 dE =  2.92762E-01
SCF Iteration 133: Energy = 2.7663683256879006 dE = -2.92762E-01
SCF Iteration 134: Energy = 3.0591304900320191 dE =  2.92762E-01
SCF Iteration 135: Energy = 2.7663683255832172 dE = -2.92762E-01
SCF Iteration 136: Energy = 3.0591304899598022 dE =  2.92762E-01
SCF Iteration 137: Energy = 2.7663683255060016 dE = -2.92762E-01
SCF Iteration 138: Energy = 3.0591304899065292 dE =  2.92762E-01
SCF Iteration 139: Energy = 2.7663683254490428 dE = -2.92762E-01
SCF Iteration 140: Energy = 3.0591304898672327 dE =  2.92762E-01
SCF Iteration 141: Energy = 2.7663683254070124 dE = -2.92762E-01
SCF Iteration 142: Energy = 3.0591304898382381 dE =  2.92762E-01
SCF Iteration 143: Energy = 2.7663683253760132 dE = -2.92762E-01
SCF Iteration 144: Energy = 3.0591304898168445 dE =  2.92762E-01
SCF Iteration 145: Energy = 2.7663683253531275 dE = -2.92762E-01
SCF Iteration 146: Energy = 3.0591304898010625 dE =  2.92762E-01
SCF Iteration 147: Energy = 2.7663683253362557 dE = -2.92762E-01
SCF Iteration 148: Energy = 3.0591304897894220 dE =  2.92762E-01
SCF Iteration 149: Energy = 2.7663683253238016 dE = -2.92762E-01
SCF Iteration 150: Energy = 3.0591304897808387 dE =  2.92762E-01
SCF Iteration 151: Energy = 2.7663683253146196 dE = -2.92762E-01
SCF Iteration 152: Energy = 3.0591304897745024 dE =  2.92762E-01
SCF Iteration 153: Energy = 2.7663683253078490 dE = -2.92762E-01
SCF Iteration 154: Energy = 3.0591304897698324 dE =  2.92762E-01
SCF Iteration 155: Energy = 2.7663683253028539 dE = -2.92762E-01
SCF Iteration 156: Energy = 3.0591304897663800 dE =  2.92762E-01
SCF Iteration 157: Energy = 2.7663683252991635 dE = -2.92762E-01
SCF Iteration 158: Energy = 3.0591304897638381 dE =  2.92762E-01
SCF Iteration 159: Energy = 2.7663683252964395 dE = -2.92762E-01
SCF Iteration 160: Energy = 3.0591304897619596 dE =  2.92762E-01
SCF Iteration 161: Energy = 2.7663683252944384 dE = -2.92762E-01
SCF Iteration 162: Energy = 3.0591304897605784 dE =  2.92762E-01
SCF Iteration 163: Energy = 2.7663683252929587 dE = -2.92762E-01
SCF Iteration 164: Energy = 3.0591304897595597 dE =  2.92762E-01
SCF Iteration 165: Energy = 2.7663683252918565 dE = -2.92762E-01
SCF Iteration 166: Energy = 3.0591304897588003 dE =  2.92762E-01
SCF Iteration 167: Energy = 2.7663683252910625 dE = -2.92762E-01
SCF Iteration 168: Energy = 3.0591304897582470 dE =  2.92762E-01
SCF Iteration 169: Energy = 2.7663683252904647 dE = -2.92762E-01
SCF Iteration 170: Energy = 3.0591304897578384 dE =  2.92762E-01
SCF Iteration 171: Energy = 2.7663683252900277 dE = -2.92762E-01
SCF Iteration 172: Energy = 3.0591304897575373 dE =  2.92762E-01
SCF Iteration 173: Energy = 2.7663683252897062 dE = -2.92762E-01
SCF Iteration 174: Energy = 3.0591304897573153 dE =  2.92762E-01
SCF Iteration 175: Energy = 2.7663683252894637 dE = -2.92762E-01
SCF Iteration 176: Energy = 3.0591304897571474 dE =  2.92762E-01
SCF Iteration 177: Energy = 2.7663683252892879 dE = -2.92762E-01
SCF Iteration 178: Energy = 3.0591304897570213 dE =  2.92762E-01
SCF Iteration 179: Energy = 2.7663683252891547 dE = -2.92762E-01
SCF Iteration 180: Energy = 3.0591304897569378 dE =  2.92762E-01
SCF Iteration 181: Energy = 2.7663683252890650 dE = -2.92762E-01
SCF Iteration 182: Energy = 3.0591304897568721 dE =  2.92762E-01
SCF Iteration 183: Energy = 2.7663683252889921 dE = -2.92762E-01
SCF Iteration 184: Energy = 3.0591304897568286 dE =  2.92762E-01
SCF Iteration 185: Energy = 2.7663683252889477 dE = -2.92762E-01
SCF Iteration 186: Energy = 3.0591304897567895 dE =  2.92762E-01
SCF Iteration 187: Energy = 2.7663683252889086 dE = -2.92762E-01
SCF Iteration 188: Energy = 3.0591304897567646 dE =  2.92762E-01
SCF Iteration 189: Energy = 2.7663683252888811 dE = -2.92762E-01
SCF Iteration 190: Energy = 3.0591304897567406 dE =  2.92762E-01
SCF Iteration 191: Energy = 2.7663683252888545 dE = -2.92762E-01
SCF Iteration 192: Energy = 3.0591304897567282 dE =  2.92762E-01
SCF Iteration 193: Energy = 2.7663683252888420 dE = -2.92762E-01
SCF Iteration 194: Energy = 3.0591304897567158 dE =  2.92762E-01
SCF Iteration 195: Energy = 2.7663683252888278 dE = -2.92762E-01
SCF Iteration 196: Energy = 3.0591304897567078 dE =  2.92762E-01
SCF Iteration 197: Energy = 2.7663683252888189 dE = -2.92762E-01
SCF Iteration 198: Energy = 3.0591304897567024 dE =  2.92762E-01
SCF Iteration 199: Energy = 2.7663683252888100 dE = -2.92762E-01
SCF Iteration 200: Energy = 3.0591304897566971 dE =  2.92762E-01
SCF Iteration 201: Energy = 2.7663683252888012 dE = -2.92762E-01
SCF Iteration 202: Energy = 3.0591304897566944 dE =  2.92762E-01
SCF Iteration 203: Energy = 2.7663683252888056 dE = -2.92762E-01
SCF Iteration 204: Energy = 3.0591304897566927 dE =  2.92762E-01
SCF Iteration 205: Energy = 2.7663683252887985 dE = -2.92762E-01
SCF Iteration 206: Energy = 3.0591304897566918 dE =  2.92762E-01
SCF Iteration 207: Energy = 2.7663683252888047 dE = -2.92762E-01
SCF Iteration 208: Energy = 3.0591304897566918 dE =  2.92762E-01
SCF Iteration 209: Energy = 2.7663683252888021 dE = -2.92762E-01
SCF Iteration 210: Energy = 3.0591304897566918 dE =  2.92762E-01
SCF Iteration 211: Energy = 2.7663683252887976 dE = -2.92762E-01
SCF Iteration 212: Energy = 3.0591304897566847 dE =  2.92762E-01
SCF Iteration 213: Energy = 2.7663683252887958 dE = -2.92762E-01
SCF Iteration 214: Energy = 3.0591304897566838 dE =  2.92762E-01
SCF Iteration 215: Energy = 2.7663683252887967 dE = -2.92762E-01
SCF Iteration 216: Energy = 3.0591304897566873 dE =  2.92762E-01
SCF Iteration 217: Energy = 2.7663683252887949 dE = -2.92762E-01
SCF Iteration 218: Energy = 3.0591304897566864 dE =  2.92762E-01
SCF Iteration 219: Energy = 2.7663683252887914 dE = -2.92762E-01
SCF Iteration 220: Energy = 3.0591304897566873 dE =  2.92762E-01
SCF Iteration 221: Energy = 2.7663683252887985 dE = -2.92762E-01
SCF Iteration 222: Energy = 3.0591304897566909 dE =  2.92762E-01
SCF Iteration 223: Energy = 2.7663683252887958 dE = -2.92762E-01
SCF Iteration 224: Energy = 3.0591304897566838 dE =  2.92762E-01
SCF Iteration 225: Energy = 2.7663683252887896 dE = -2.92762E-01
SCF Iteration 226: Energy = 3.0591304897566785 dE =  2.92762E-01
SCF Iteration 227: Energy = 2.7663683252887825 dE = -2.92762E-01
SCF Iteration 228: Energy = 3.0591304897566891 dE =  2.92762E-01
SCF Iteration 229: Energy = 2.7663683252888012 dE = -2.92762E-01
SCF Iteration 230: Energy = 3.0591304897566918 dE =  2.92762E-01
SCF Iteration 231: Energy = 2.7663683252887967 dE = -2.92762E-01
SCF Iteration 232: Energy = 3.0591304897566891 dE =  2.92762E-01
SCF Iteration 233: Energy = 2.7663683252887994 dE = -2.92762E-01
SCF Iteration 234: Energy = 3.0591304897566900 dE =  2.92762E-01
SCF Iteration 235: Energy = 2.7663683252887985 dE = -2.92762E-01
SCF Iteration 236: Energy = 3.0591304897566847 dE =  2.92762E-01
SCF Iteration 237: Energy = 2.7663683252887932 dE = -2.92762E-01
SCF Iteration 238: Energy = 3.0591304897566820 dE =  2.92762E-01
SCF Iteration 239: Energy = 2.7663683252887923 dE = -2.92762E-01
SCF Iteration 240: Energy = 3.0591304897566838 dE =  2.92762E-01
SCF Iteration 241: Energy = 2.7663683252887932 dE = -2.92762E-01
SCF Iteration 242: Energy = 3.0591304897566793 dE =  2.92762E-01
SCF Iteration 243: Energy = 2.7663683252887932 dE = -2.92762E-01
SCF Iteration 244: Energy = 3.0591304897566847 dE =  2.92762E-01
SCF Iteration 245: Energy = 2.7663683252887932 dE = -2.92762E-01
SCF Iteration 246: Energy = 3.0591304897566864 dE =  2.92762E-01
SCF Iteration 247: Energy = 2.7663683252887976 dE = -2.92762E-01
SCF Iteration 248: Energy = 3.0591304897566918 dE =  2.92762E-01
SCF Iteration 249: Energy = 2.7663683252887985 dE = -2.92762E-01
SCF Iteration 250: Energy = 3.0591304897566891 dE =  2.92762E-01
SCF Iteration 251: Energy = 2.7663683252888003 dE = -2.92762E-01
SCF Iteration 252: Energy = 3.0591304897566847 dE =  2.92762E-01
SCF Iteration 253: Energy = 2.7663683252887923 dE = -2.92762E-01
SCF Iteration 254: Energy = 3.0591304897566856 dE =  2.92762E-01
SCF Iteration 255: Energy = 2.7663683252887896 dE = -2.92762E-01
SCF Iteration 256: Energy = 3.0591304897566847 dE =  2.92762E-01
SCF Iteration 257: Energy = 2.7663683252887914 dE = -2.92762E-01
SCF Iteration 258: Energy = 3.0591304897566829 dE =  2.92762E-01
SCF Iteration 259: Energy = 2.7663683252887861 dE = -2.92762E-01
SCF Iteration 260: Energy = 3.0591304897566793 dE =  2.92762E-01
SCF Iteration 261: Energy = 2.7663683252887861 dE = -2.92762E-01
SCF Iteration 262: Energy = 3.0591304897566767 dE =  2.92762E-01
SCF Iteration 263: Energy = 2.7663683252887878 dE = -2.92762E-01
SCF Iteration 264: Energy = 3.0591304897566802 dE =  2.92762E-01
SCF Iteration 265: Energy = 2.7663683252887870 dE = -2.92762E-01
SCF Iteration 266: Energy = 3.0591304897566873 dE =  2.92762E-01
SCF Iteration 267: Energy = 2.7663683252887976 dE = -2.92762E-01
SCF Iteration 268: Energy = 3.0591304897566864 dE =  2.92762E-01
SCF Iteration 269: Energy = 2.7663683252887949 dE = -2.92762E-01
SCF Iteration 270: Energy = 3.0591304897566909 dE =  2.92762E-01
SCF Iteration 271: Energy = 2.7663683252888074 dE = -2.92762E-01
SCF Iteration 272: Energy = 3.0591304897566971 dE =  2.92762E-01
SCF Iteration 273: Energy = 2.7663683252888056 dE = -2.92762E-01
SCF Iteration 274: Energy = 3.0591304897566944 dE =  2.92762E-01
SCF Iteration 275: Energy = 2.7663683252887976 dE = -2.92762E-01
SCF Iteration 276: Energy = 3.0591304897566873 dE =  2.92762E-01
SCF Iteration 277: Energy = 2.7663683252888029 dE = -2.92762E-01
SCF Iteration 278: Energy = 3.0591304897566900 dE =  2.92762E-01
SCF Iteration 279: Energy = 2.7663683252887985 dE = -2.92762E-01
SCF Iteration 280: Energy = 3.0591304897566847 dE =  2.92762E-01
SCF Iteration 281: Energy = 2.7663683252887949 dE = -2.92762E-01
SCF Iteration 282: Energy = 3.0591304897566838 dE =  2.92762E-01
SCF Iteration 283: Energy = 2.7663683252887967 dE = -2.92762E-01
SCF Iteration 284: Energy = 3.0591304897566909 dE =  2.92762E-01
SCF Iteration 285: Energy = 2.7663683252887958 dE = -2.92762E-01
SCF Iteration 286: Energy = 3.0591304897566935 dE =  2.92762E-01
SCF Iteration 287: Energy = 2.7663683252887994 dE = -2.92762E-01
SCF Iteration 288: Energy = 3.0591304897566829 dE =  2.92762E-01
SCF Iteration 289: Energy = 2.7663683252887932 dE = -2.92762E-01
SCF Iteration 290: Energy = 3.0591304897566864 dE =  2.92762E-01
SCF Iteration 291: Energy = 2.7663683252887967 dE = -2.92762E-01
SCF Iteration 292: Energy = 3.0591304897566864 dE =  2.92762E-01
SCF Iteration 293: Energy = 2.7663683252887985 dE = -2.92762E-01
SCF Iteration 294: Energy = 3.0591304897566882 dE =  2.92762E-01
SCF Iteration 295: Energy = 2.7663683252887923 dE = -2.92762E-01
SCF Iteration 296: Energy = 3.0591304897566802 dE =  2.92762E-01
SCF Iteration 297: Energy = 2.7663683252887923 dE = -2.92762E-01
SCF Iteration 298: Energy = 3.0591304897566864 dE =  2.92762E-01
SCF Iteration 299: Energy = 2.7663683252887941 dE = -2.92762E-01
SCF Iteration 300: Energy = 3.0591304897566856 dE =  2.92762E-01
SCF Iteration 301: Energy = 2.7663683252887878 dE = -2.92762E-01
SCF Iteration 302: Energy = 3.0591304897566838 dE =  2.92762E-01
SCF Iteration 303: Energy = 2.7663683252887887 dE = -2.92762E-01
SCF Iteration 304: Energy = 3.0591304897566847 dE =  2.92762E-01
SCF Iteration 305: Energy = 2.7663683252887958 dE = -2.92762E-01
SCF Iteration 306: Energy = 3.0591304897566838 dE =  2.92762E-01
SCF Iteration 307: Energy = 2.7663683252887949 dE = -2.92762E-01
SCF Iteration 308: Energy = 3.0591304897566864 dE =  2.92762E-01
SCF Iteration 309: Energy = 2.7663683252887967 dE = -2.92762E-01
SCF Iteration 310: Energy = 3.0591304897566856 dE =  2.92762E-01
SCF Iteration 311: Energy = 2.7663683252887949 dE = -2.92762E-01
SCF Iteration 312: Energy = 3.0591304897566864 dE =  2.92762E-01
SCF Iteration 313: Energy = 2.7663683252887985 dE = -2.92762E-01
SCF Iteration 314: Energy = 3.0591304897566873 dE =  2.92762E-01
SCF Iteration 315: Energy = 2.7663683252887967 dE = -2.92762E-01
SCF Iteration 316: Energy = 3.0591304897566953 dE =  2.92762E-01
SCF Iteration 317: Energy = 2.7663683252887976 dE = -2.92762E-01
SCF Iteration 318: Energy = 3.0591304897566935 dE =  2.92762E-01
SCF Iteration 319: Energy = 2.7663683252888012 dE = -2.92762E-01
SCF Iteration 320: Energy = 3.0591304897566918 dE =  2.92762E-01
SCF Iteration 321: Energy = 2.7663683252887994 dE = -2.92762E-01
SCF Iteration 322: Energy = 3.0591304897566864 dE =  2.92762E-01
SCF Iteration 323: Energy = 2.7663683252888021 dE = -2.92762E-01
SCF Iteration 324: Energy = 3.0591304897566900 dE =  2.92762E-01
SCF Iteration 325: Energy = 2.7663683252887976 dE = -2.92762E-01
SCF Iteration 326: Energy = 3.0591304897566935 dE =  2.92762E-01
SCF Iteration 327: Energy = 2.7663683252887941 dE = -2.92762E-01
SCF Iteration 328: Energy = 3.0591304897566847 dE =  2.92762E-01
SCF Iteration 329: Energy = 2.7663683252887949 dE = -2.92762E-01
SCF Iteration 330: Energy = 3.0591304897566873 dE =  2.92762E-01
SCF Iteration 331: Energy = 2.7663683252887958 dE = -2.92762E-01
SCF Iteration 332: Energy = 3.0591304897566856 dE =  2.92762E-01
SCF Iteration 333: Energy = 2.7663683252888003 dE = -2.92762E-01
SCF Iteration 334: Energy = 3.0591304897566927 dE =  2.92762E-01
SCF Iteration 335: Energy = 2.7663683252888003 dE = -2.92762E-01
SCF Iteration 336: Energy = 3.0591304897566882 dE =  2.92762E-01
SCF Iteration 337: Energy = 2.7663683252888003 dE = -2.92762E-01
SCF Iteration 338: Energy = 3.0591304897566918 dE =  2.92762E-01
SCF Iteration 339: Energy = 2.7663683252888021 dE = -2.92762E-01
SCF Iteration 340: Energy = 3.0591304897566900 dE =  2.92762E-01
SCF Iteration 341: Energy = 2.7663683252887985 dE = -2.92762E-01
SCF Iteration 342: Energy = 3.0591304897566864 dE =  2.92762E-01
SCF Iteration 343: Energy = 2.7663683252887994 dE = -2.92762E-01
SCF Iteration 344: Energy = 3.0591304897566900 dE =  2.92762E-01
SCF Iteration 345: Energy = 2.7663683252887985 dE = -2.92762E-01
SCF Iteration 346: Energy = 3.0591304897566847 dE =  2.92762E-01
SCF Iteration 347: Energy = 2.7663683252887905 dE = -2.92762E-01
SCF Iteration 348: Energy = 3.0591304897566891 dE =  2.92762E-01
SCF Iteration 349: Energy = 2.7663683252888029 dE = -2.92762E-01
SCF Iteration 350: Energy = 3.0591304897566927 dE =  2.92762E-01
SCF Iteration 351: Energy = 2.7663683252888029 dE = -2.92762E-01
SCF Iteration 352: Energy = 3.0591304897566927 dE =  2.92762E-01
SCF Iteration 353: Energy = 2.7663683252888038 dE = -2.92762E-01
SCF Iteration 354: Energy = 3.0591304897566900 dE =  2.92762E-01
SCF Iteration 355: Energy = 2.7663683252887949 dE = -2.92762E-01
SCF Iteration 356: Energy = 3.0591304897566882 dE =  2.92762E-01
SCF Iteration 357: Energy = 2.7663683252888003 dE = -2.92762E-01
SCF Iteration 358: Energy = 3.0591304897566927 dE =  2.92762E-01
SCF Iteration 359: Energy = 2.7663683252888021 dE = -2.92762E-01
SCF Iteration 360: Energy = 3.0591304897566927 dE =  2.92762E-01
SCF Iteration 361: Energy = 2.7663683252888003 dE = -2.92762E-01
SCF Iteration 362: Energy = 3.0591304897566847 dE =  2.92762E-01
SCF Iteration 363: Energy = 2.7663683252887914 dE = -2.92762E-01
SCF Iteration 364: Energy = 3.0591304897566838 dE =  2.92762E-01
SCF Iteration 365: Energy = 2.7663683252887985 dE = -2.92762E-01
SCF Iteration 366: Energy = 3.0591304897566935 dE =  2.92762E-01
SCF Iteration 367: Energy = 2.7663683252887976 dE = -2.92762E-01
SCF Iteration 368: Energy = 3.0591304897566856 dE =  2.92762E-01
SCF Iteration 369: Energy = 2.7663683252887976 dE = -2.92762E-01
SCF Iteration 370: Energy = 3.0591304897566856 dE =  2.92762E-01
SCF Iteration 371: Energy = 2.7663683252887985 dE = -2.92762E-01
SCF Iteration 372: Energy = 3.0591304897566927 dE =  2.92762E-01
SCF Iteration 373: Energy = 2.7663683252887958 dE = -2.92762E-01
SCF Iteration 374: Energy = 3.0591304897566944 dE =  2.92762E-01
SCF Iteration 375: Energy = 2.7663683252887985 dE = -2.92762E-01
SCF Iteration 376: Energy = 3.0591304897566918 dE =  2.92762E-01
SCF Iteration 377: Energy = 2.7663683252887985 dE = -2.92762E-01
SCF Iteration 378: Energy = 3.0591304897566856 dE =  2.92762E-01
SCF Iteration 379: Energy = 2.7663683252887896 dE = -2.92762E-01
SCF Iteration 380: Energy = 3.0591304897566891 dE =  2.92762E-01
SCF Iteration 381: Energy = 2.7663683252887958 dE = -2.92762E-01
SCF Iteration 382: Energy = 3.0591304897566918 dE =  2.92762E-01
SCF Iteration 383: Energy = 2.7663683252888012 dE = -2.92762E-01
SCF Iteration 384: Energy = 3.0591304897566811 dE =  2.92762E-01
SCF Iteration 385: Energy = 2.7663683252887967 dE = -2.92762E-01
SCF Iteration 386: Energy = 3.0591304897566882 dE =  2.92762E-01
SCF Iteration 387: Energy = 2.7663683252888003 dE = -2.92762E-01
SCF Iteration 388: Energy = 3.0591304897566856 dE =  2.92762E-01
SCF Iteration 389: Energy = 2.7663683252887905 dE = -2.92762E-01
SCF Iteration 390: Energy = 3.0591304897566873 dE =  2.92762E-01
SCF Iteration 391: Energy = 2.7663683252887941 dE = -2.92762E-01
SCF Iteration 392: Energy = 3.0591304897566847 dE =  2.92762E-01
SCF Iteration 393: Energy = 2.7663683252887976 dE = -2.92762E-01
SCF Iteration 394: Energy = 3.0591304897566900 dE =  2.92762E-01
SCF Iteration 395: Energy = 2.7663683252887994 dE = -2.92762E-01
SCF Iteration 396: Energy = 3.0591304897566820 dE =  2.92762E-01
SCF Iteration 397: Energy = 2.7663683252887958 dE = -2.92762E-01
SCF Iteration 398: Energy = 3.0591304897566882 dE =  2.92762E-01
SCF Iteration 399: Energy = 2.7663683252887994 dE = -2.92762E-01
SCF Iteration 400: Energy = 3.0591304897566891 dE =  2.92762E-01
SCF Iteration 401: Energy = 2.7663683252887985 dE = -2.92762E-01
SCF Iteration 402: Energy = 3.0591304897566856 dE =  2.92762E-01
SCF Iteration 403: Energy = 2.7663683252887958 dE = -2.92762E-01
SCF Iteration 404: Energy = 3.0591304897566935 dE =  2.92762E-01
SCF Iteration 405: Energy = 2.7663683252887976 dE = -2.92762E-01
SCF Iteration 406: Energy = 3.0591304897566856 dE =  2.92762E-01
SCF Iteration 407: Energy = 2.7663683252887994 dE = -2.92762E-01
SCF Iteration 408: Energy = 3.0591304897566864 dE =  2.92762E-01
SCF Iteration 409: Energy = 2.7663683252887914 dE = -2.92762E-01
SCF Iteration 410: Energy = 3.0591304897566891 dE =  2.92762E-01
SCF Iteration 411: Energy = 2.7663683252887949 dE = -2.92762E-01
SCF Iteration 412: Energy = 3.0591304897566927 dE =  2.92762E-01
SCF Iteration 413: Energy = 2.7663683252887985 dE = -2.92762E-01
SCF Iteration 414: Energy = 3.0591304897566927 dE =  2.92762E-01
SCF Iteration 415: Energy = 2.7663683252887994 dE = -2.92762E-01
SCF Iteration 416: Energy = 3.0591304897566873 dE =  2.92762E-01
SCF Iteration 417: Energy = 2.7663683252887994 dE = -2.92762E-01
SCF Iteration 418: Energy = 3.0591304897566891 dE =  2.92762E-01
SCF Iteration 419: Energy = 2.7663683252887949 dE = -2.92762E-01
SCF Iteration 420: Energy = 3.0591304897566935 dE =  2.92762E-01
SCF Iteration 421: Energy = 2.7663683252887967 dE = -2.92762E-01
SCF Iteration 422: Energy = 3.0591304897566918 dE =  2.92762E-01
SCF Iteration 423: Energy = 2.7663683252887976 dE = -2.92762E-01
SCF Iteration 424: Energy = 3.0591304897566962 dE =  2.92762E-01
SCF Iteration 425: Energy = 2.7663683252888074 dE = -2.92762E-01
SCF Iteration 426: Energy = 3.0591304897566927 dE =  2.92762E-01
SCF Iteration 427: Energy = 2.7663683252887994 dE = -2.92762E-01
SCF Iteration 428: Energy = 3.0591304897566864 dE =  2.92762E-01
SCF Iteration 429: Energy = 2.7663683252887967 dE = -2.92762E-01
SCF Iteration 430: Energy = 3.0591304897566838 dE =  2.92762E-01
SCF Iteration 431: Energy = 2.7663683252887914 dE = -2.92762E-01
SCF Iteration 432: Energy = 3.0591304897566891 dE =  2.92762E-01
SCF Iteration 433: Energy = 2.7663683252887985 dE = -2.92762E-01
SCF Iteration 434: Energy = 3.0591304897566891 dE =  2.92762E-01
SCF Iteration 435: Energy = 2.7663683252887941 dE = -2.92762E-01
SCF Iteration 436: Energy = 3.0591304897566820 dE =  2.92762E-01
SCF Iteration 437: Energy = 2.7663683252887949 dE = -2.92762E-01
SCF Iteration 438: Energy = 3.0591304897566847 dE =  2.92762E-01
SCF Iteration 439: Energy = 2.7663683252887896 dE = -2.92762E-01
SCF Iteration 440: Energy = 3.0591304897566793 dE =  2.92762E-01
SCF Iteration 441: Energy = 2.7663683252887834 dE = -2.92762E-01
SCF Iteration 442: Energy = 3.0591304897566838 dE =  2.92762E-01
SCF Iteration 443: Energy = 2.7663683252887985 dE = -2.92762E-01
SCF Iteration 444: Energy = 3.0591304897566873 dE =  2.92762E-01
SCF Iteration 445: Energy = 2.7663683252887958 dE = -2.92762E-01
SCF Iteration 446: Energy = 3.0591304897566882 dE =  2.92762E-01
SCF Iteration 447: Energy = 2.7663683252887958 dE = -2.92762E-01
SCF Iteration 448: Energy = 3.0591304897566856 dE =  2.92762E-01
SCF Iteration 449: Energy = 2.7663683252887994 dE = -2.92762E-01
SCF Iteration 450: Energy = 3.0591304897566900 dE =  2.92762E-01
SCF Iteration 451: Energy = 2.7663683252887994 dE = -2.92762E-01
SCF Iteration 452: Energy = 3.0591304897566873 dE =  2.92762E-01
SCF Iteration 453: Energy = 2.7663683252888038 dE = -2.92762E-01
SCF Iteration 454: Energy = 3.0591304897566909 dE =  2.92762E-01
SCF Iteration 455: Energy = 2.7663683252888038 dE = -2.92762E-01
SCF Iteration 456: Energy = 3.0591304897566802 dE =  2.92762E-01
SCF Iteration 457: Energy = 2.7663683252887941 dE = -2.92762E-01
SCF Iteration 458: Energy = 3.0591304897566847 dE =  2.92762E-01
SCF Iteration 459: Energy = 2.7663683252887825 dE = -2.92762E-01
SCF Iteration 460: Energy = 3.0591304897566820 dE =  2.92762E-01
SCF Iteration 461: Energy = 2.7663683252887923 dE = -2.92762E-01
SCF Iteration 462: Energy = 3.0591304897566820 dE =  2.92762E-01
SCF Iteration 463: Energy = 2.7663683252887994 dE = -2.92762E-01
SCF Iteration 464: Energy = 3.0591304897566820 dE =  2.92762E-01
SCF Iteration 465: Energy = 2.7663683252887985 dE = -2.92762E-01
SCF Iteration 466: Energy = 3.0591304897566891 dE =  2.92762E-01
SCF Iteration 467: Energy = 2.7663683252887914 dE = -2.92762E-01
SCF Iteration 468: Energy = 3.0591304897566873 dE =  2.92762E-01
SCF Iteration 469: Energy = 2.7663683252887994 dE = -2.92762E-01
SCF Iteration 470: Energy = 3.0591304897566864 dE =  2.92762E-01
SCF Iteration 471: Energy = 2.7663683252887941 dE = -2.92762E-01
SCF Iteration 472: Energy = 3.0591304897566856 dE =  2.92762E-01
SCF Iteration 473: Energy = 2.7663683252887949 dE = -2.92762E-01
SCF Iteration 474: Energy = 3.0591304897566847 dE =  2.92762E-01
SCF Iteration 475: Energy = 2.7663683252887985 dE = -2.92762E-01
SCF Iteration 476: Energy = 3.0591304897566873 dE =  2.92762E-01
SCF Iteration 477: Energy = 2.7663683252887958 dE = -2.92762E-01
SCF Iteration 478: Energy = 3.0591304897566882 dE =  2.92762E-01
SCF Iteration 479: Energy = 2.7663683252887949 dE = -2.92762E-01
SCF Iteration 480: Energy = 3.0591304897566918 dE =  2.92762E-01
SCF Iteration 481: Energy = 2.7663683252888047 dE = -2.92762E-01
SCF Iteration 482: Energy = 3.0591304897566860 dE =  2.92762E-01
SCF Iteration 483: Energy = 2.7663683252887936 dE = -2.92762E-01
SCF Iteration 484: Energy = 3.0591304897566887 dE =  2.92762E-01
SCF Iteration 485: Energy = 2.7663683252887998 dE = -2.92762E-01
SCF Iteration 486: Energy = 3.0591304897566878 dE =  2.92762E-01
SCF Iteration 487: Energy = 2.7663683252887972 dE = -2.92762E-01
SCF Iteration 488: Energy = 3.0591304897566851 dE =  2.92762E-01
SCF Iteration 489: Energy = 2.7663683252887998 dE = -2.92762E-01
SCF Iteration 490: Energy = 3.0591304897566940 dE =  2.92762E-01
SCF Iteration 491: Energy = 2.7663683252888043 dE = -2.92762E-01
SCF Iteration 492: Energy = 3.0591304897566904 dE =  2.92762E-01
SCF Iteration 493: Energy = 2.7663683252888007 dE = -2.92762E-01
SCF Iteration 494: Energy = 3.0591304897566878 dE =  2.92762E-01
SCF Iteration 495: Energy = 2.7663683252887927 dE = -2.92762E-01
SCF Iteration 496: Energy = 3.0591304897566798 dE =  2.92762E-01
SCF Iteration 497: Energy = 2.7663683252887901 dE = -2.92762E-01
SCF Iteration 498: Energy = 3.0591304897566860 dE =  2.92762E-01
SCF Iteration 499: Energy = 2.7663683252887954 dE = -2.92762E-01
SCF Iteration 500: Energy = 3.0591304897566851 dE =  2.92762E-01
