
  Memory set to  55.879 GiB by Python driver.
  Threads set to 1 by Python driver.
Settings:
	LOT = CCSD-S1-U21
	wc = 20.0 eV
	lambda = [0.969939 0.       0.      ] a.u.
	Equivalent A0 = LAMBDA / sqrt(2 wc) = [0.8 0.  0. ])
doing QED-CCSD-1 (or QED-CCSD-21)
Number of occupied orbitals:   1
Number of basis functions:  60
SCF Iteration   1: Energy = 1.2058276175342810 dE =  1.20583E+00
SCF Iteration   2: Energy = 2.1526821300973031 dE =  9.46855E-01
SCF Iteration   3: Energy = 1.3603076007598534 dE = -7.92375E-01
SCF Iteration   4: Energy = 2.1022094982474768 dE =  7.41902E-01
SCF Iteration   5: Energy = 1.3655150500144935 dE = -7.36694E-01
SCF Iteration   6: Energy = 2.0806520710630934 dE =  7.15137E-01
SCF Iteration   7: Energy = 1.3539245918321428 dE = -7.26727E-01
SCF Iteration   8: Energy = 2.0679972228604875 dE =  7.14073E-01
SCF Iteration   9: Energy = 1.3431760149375760 dE = -7.24821E-01
SCF Iteration  10: Energy = 2.0600568925323866 dE =  7.16881E-01
SCF Iteration  11: Energy = 1.3352744485742840 dE = -7.24782E-01
SCF Iteration  12: Energy = 2.0550030198032436 dE =  7.19729E-01
SCF Iteration  13: Energy = 1.3298698147260586 dE = -7.25133E-01
SCF Iteration  14: Energy = 2.0517952590183661 dE =  7.21925E-01
SCF Iteration  15: Energy = 1.3263054264531793 dE = -7.25490E-01
SCF Iteration  16: Energy = 2.0497724662493084 dE =  7.23467E-01
SCF Iteration  17: Energy = 1.3240063763545260 dE = -7.25766E-01
SCF Iteration  18: Energy = 2.0485045810471769 dE =  7.24498E-01
SCF Iteration  19: Energy = 1.3225447480439629 dE = -7.25960E-01
SCF Iteration  20: Energy = 2.0477135730975031 dE =  7.25169E-01
SCF Iteration  21: Energy = 1.3216244102401247 dE = -7.26089E-01
SCF Iteration  22: Energy = 2.0472217487203332 dE =  7.25597E-01
SCF Iteration  23: Energy = 1.3210486495391751 dE = -7.26173E-01
SCF Iteration  24: Energy = 2.0469166793882825 dE =  7.25868E-01
SCF Iteration  25: Energy = 1.3206900370735375 dE = -7.26227E-01
SCF Iteration  26: Energy = 2.0467277674445885 dE =  7.26038E-01
SCF Iteration  27: Energy = 1.3204673451315911 dE = -7.26260E-01
SCF Iteration  28: Energy = 2.0466109213739641 dE =  7.26144E-01
SCF Iteration  29: Energy = 1.3203293415405490 dE = -7.26282E-01
SCF Iteration  30: Energy = 2.0465387080186703 dE =  7.26209E-01
SCF Iteration  31: Energy = 1.3202439405537016 dE = -7.26295E-01
SCF Iteration  32: Energy = 2.0464941036476061 dE =  7.26250E-01
SCF Iteration  33: Energy = 1.3201911430524991 dE = -7.26303E-01
SCF Iteration  34: Energy = 2.0464665633515744 dE =  7.26275E-01
SCF Iteration  35: Energy = 1.3201585238691613 dE = -7.26308E-01
SCF Iteration  36: Energy = 2.0464495635856772 dE =  7.26291E-01
SCF Iteration  37: Energy = 1.3201383804927656 dE = -7.26311E-01
SCF Iteration  38: Energy = 2.0464390721150805 dE =  7.26301E-01
SCF Iteration  39: Energy = 1.3201259452847669 dE = -7.26313E-01
SCF Iteration  40: Energy = 2.0464325980989435 dE =  7.26307E-01
SCF Iteration  41: Energy = 1.3201182702867167 dE = -7.26314E-01
SCF Iteration  42: Energy = 2.0464286035071102 dE =  7.26310E-01
SCF Iteration  43: Energy = 1.3201135340055064 dE = -7.26315E-01
SCF Iteration  44: Energy = 2.0464261389198302 dE =  7.26313E-01
SCF Iteration  45: Energy = 1.3201106115286982 dE = -7.26316E-01
SCF Iteration  46: Energy = 2.0464246183813519 dE =  7.26314E-01
SCF Iteration  47: Energy = 1.3201088083733512 dE = -7.26316E-01
SCF Iteration  48: Energy = 2.0464236803058911 dE =  7.26315E-01
SCF Iteration  49: Energy = 1.3201076958902351 dE = -7.26316E-01
SCF Iteration  50: Energy = 2.0464231015849053 dE =  7.26315E-01
SCF Iteration  51: Energy = 1.3201070095512877 dE = -7.26316E-01
SCF Iteration  52: Energy = 2.0464227445632717 dE =  7.26316E-01
SCF Iteration  53: Energy = 1.3201065861292514 dE = -7.26316E-01
SCF Iteration  54: Energy = 2.0464225243134337 dE =  7.26316E-01
SCF Iteration  55: Energy = 1.3201063249124620 dE = -7.26316E-01
SCF Iteration  56: Energy = 2.0464223884402610 dE =  7.26316E-01
SCF Iteration  57: Energy = 1.3201061637649067 dE = -7.26316E-01
SCF Iteration  58: Energy = 2.0464223046198637 dE =  7.26316E-01
SCF Iteration  59: Energy = 1.3201060643519698 dE = -7.26316E-01
SCF Iteration  60: Energy = 2.0464222529110665 dE =  7.26316E-01
SCF Iteration  61: Energy = 1.3201060030238418 dE = -7.26316E-01
SCF Iteration  62: Energy = 2.0464222210120013 dE =  7.26316E-01
SCF Iteration  63: Energy = 1.3201059651904892 dE = -7.26316E-01
SCF Iteration  64: Energy = 2.0464222013335340 dE =  7.26316E-01
SCF Iteration  65: Energy = 1.3201059418511254 dE = -7.26316E-01
SCF Iteration  66: Energy = 2.0464221891939620 dE =  7.26316E-01
SCF Iteration  67: Energy = 1.3201059274531293 dE = -7.26316E-01
SCF Iteration  68: Energy = 2.0464221817050849 dE =  7.26316E-01
SCF Iteration  69: Energy = 1.3201059185710273 dE = -7.26316E-01
SCF Iteration  70: Energy = 2.0464221770852120 dE =  7.26316E-01
SCF Iteration  71: Energy = 1.3201059130916852 dE = -7.26316E-01
SCF Iteration  72: Energy = 2.0464221742351971 dE =  7.26316E-01
SCF Iteration  73: Energy = 1.3201059097114689 dE = -7.26316E-01
SCF Iteration  74: Energy = 2.0464221724769227 dE =  7.26316E-01
SCF Iteration  75: Energy = 1.3201059076261366 dE = -7.26316E-01
SCF Iteration  76: Energy = 2.0464221713919861 dE =  7.26316E-01
SCF Iteration  77: Energy = 1.3201059063394878 dE = -7.26316E-01
SCF Iteration  78: Energy = 2.0464221707220429 dE =  7.26316E-01
SCF Iteration  79: Energy = 1.3201059055452329 dE = -7.26316E-01
SCF Iteration  80: Energy = 2.0464221703070948 dE =  7.26316E-01
SCF Iteration  81: Energy = 1.3201059050539246 dE = -7.26316E-01
SCF Iteration  82: Energy = 2.0464221700469380 dE =  7.26316E-01
SCF Iteration  83: Energy = 1.3201059047474695 dE = -7.26316E-01
SCF Iteration  84: Energy = 2.0464221698759411 dE =  7.26316E-01
SCF Iteration  85: Energy = 1.3201059045499437 dE = -7.26316E-01
SCF Iteration  86: Energy = 2.0464221697440017 dE =  7.26316E-01
SCF Iteration  87: Energy = 1.3201059044067633 dE = -7.26316E-01
SCF Iteration  88: Energy = 2.0464221695960649 dE =  7.26316E-01
SCF Iteration  89: Energy = 1.3201059042647718 dE = -7.26316E-01
SCF Iteration  90: Energy = 2.0464221693373803 dE =  7.26316E-01
SCF Iteration  91: Energy = 1.3201059040421721 dE = -7.26316E-01
SCF Iteration  92: Energy = 2.0464221687565041 dE =  7.26316E-01
SCF Iteration  93: Energy = 1.3201059035651181 dE = -7.26316E-01
SCF Iteration  94: Energy = 2.0464221673380791 dE =  7.26316E-01
SCF Iteration  95: Energy = 1.3201059024159831 dE = -7.26316E-01
SCF Iteration  96: Energy = 2.0464221637956670 dE =  7.26316E-01
SCF Iteration  97: Energy = 1.3201058995561199 dE = -7.26316E-01
SCF Iteration  98: Energy = 2.0464221548986248 dE =  7.26316E-01
SCF Iteration  99: Energy = 1.3201058923795674 dE = -7.26316E-01
SCF Iteration 100: Energy = 2.0464221325218461 dE =  7.26316E-01
SCF Iteration 101: Energy = 1.3201058743338205 dE = -7.26316E-01
SCF Iteration 102: Energy = 2.0464220762232421 dE =  7.26316E-01
SCF Iteration 103: Energy = 1.3201058289341945 dE = -7.26316E-01
SCF Iteration 104: Energy = 2.0464219345674532 dE =  7.26316E-01
SCF Iteration 105: Energy = 1.3201057147033590 dE = -7.26316E-01
SCF Iteration 106: Energy = 2.0464215781328234 dE =  7.26316E-01
SCF Iteration 107: Energy = 1.3201054272763686 dE = -7.26316E-01
SCF Iteration 108: Energy = 2.0464206812669854 dE =  7.26315E-01
SCF Iteration 109: Energy = 1.3201047040491543 dE = -7.26316E-01
SCF Iteration 110: Energy = 2.0464184245594796 dE =  7.26314E-01
SCF Iteration 111: Energy = 1.3201028842546456 dE = -7.26316E-01
SCF Iteration 112: Energy = 2.0464127462074759 dE =  7.26310E-01
SCF Iteration 113: Energy = 1.3200983052712139 dE = -7.26314E-01
SCF Iteration 114: Energy = 2.0463984583481585 dE =  7.26300E-01
SCF Iteration 115: Energy = 1.3200867836610410 dE = -7.26312E-01
SCF Iteration 116: Energy = 2.0463625077226486 dE =  7.26276E-01
SCF Iteration 117: Energy = 1.3200577935026307 dE = -7.26305E-01
SCF Iteration 118: Energy = 2.0462720529040492 dE =  7.26214E-01
SCF Iteration 119: Energy = 1.3199848526003162 dE = -7.26287E-01
SCF Iteration 120: Energy = 2.0460444794195527 dE =  7.26060E-01
SCF Iteration 121: Energy = 1.3198013470405745 dE = -7.26243E-01
SCF Iteration 122: Energy = 2.0454720488800051 dE =  7.25671E-01
SCF Iteration 123: Energy = 1.3193397951475201 dE = -7.26132E-01
SCF Iteration 124: Energy = 2.0440329171178182 dE =  7.24693E-01
SCF Iteration 125: Energy = 1.3181796206930767 dE = -7.25853E-01
SCF Iteration 126: Energy = 2.0404195096271209 dE =  7.22240E-01
SCF Iteration 127: Energy = 1.3152678895256840 dE = -7.25152E-01
SCF Iteration 128: Energy = 2.0313762493257803 dE =  7.16108E-01
SCF Iteration 129: Energy = 1.3079886289732225 dE = -7.23388E-01
SCF Iteration 130: Energy = 2.0089262524623415 dE =  7.00938E-01
SCF Iteration 131: Energy = 1.2899666324347727 dE = -7.18960E-01
SCF Iteration 132: Energy = 1.9542972390850535 dE =  6.64331E-01
SCF Iteration 133: Energy = 1.2464026895529945 dE = -7.07895E-01
SCF Iteration 134: Energy = 1.8276020744693566 dE =  5.81199E-01
SCF Iteration 135: Energy = 1.1469423274955584 dE = -6.80660E-01
SCF Iteration 136: Energy = 1.5640046625077622 dE =  4.17062E-01
SCF Iteration 137: Energy = 0.9469582258860619 dE = -6.17046E-01
SCF Iteration 138: Energy = 1.1223487925815017 dE =  1.75391E-01
SCF Iteration 139: Energy = 0.6324570572421366 dE = -4.89892E-01
SCF Iteration 140: Energy = 0.6013017685610260 dE = -3.11553E-02
SCF Iteration 141: Energy = 0.2937278492080204 dE = -3.07574E-01
SCF Iteration 142: Energy = 0.2028064257456208 dE = -9.09214E-02
SCF Iteration 143: Energy = 0.0580829326108252 dE = -1.44723E-01
SCF Iteration 144: Energy = -0.0009012784214497 dE = -5.89842E-02
SCF Iteration 145: Energy = -0.0542737775956303 dE = -5.33725E-02
SCF Iteration 146: Energy = -0.0788023532601967 dE = -2.45286E-02
SCF Iteration 147: Energy = -0.0956533626950908 dE = -1.68510E-02
SCF Iteration 148: Energy = -0.1038510608793901 dE = -8.19770E-03
SCF Iteration 149: Energy = -0.1087390897568334 dE = -4.88803E-03
SCF Iteration 150: Energy = -0.1111892705146746 dE = -2.45018E-03
SCF Iteration 151: Energy = -0.1125491661770184 dE = -1.35990E-03
SCF Iteration 152: Energy = -0.1132430325311429 dE = -6.93866E-04
SCF Iteration 153: Energy = -0.1136157744302295 dE = -3.72742E-04
SCF Iteration 154: Energy = -0.1138086977676220 dE = -1.92923E-04
SCF Iteration 155: Energy = -0.1139114097067990 dE = -1.02712E-04
SCF Iteration 156: Energy = -0.1139654365974168 dE = -5.40269E-05
SCF Iteration 157: Energy = -0.1139943958800416 dE = -2.89593E-05
SCF Iteration 158: Energy = -0.1140099453219876 dE = -1.55494E-05
SCF Iteration 159: Energy = -0.1140184287090356 dE = -8.48339E-06
SCF Iteration 160: Energy = -0.1140230996534268 dE = -4.67094E-06
SCF Iteration 161: Energy = -0.1140257109054570 dE = -2.61125E-06
SCF Iteration 162: Energy = -0.1140271889275324 dE = -1.47802E-06
SCF Iteration 163: Energy = -0.1140280375852711 dE = -8.48658E-07
SCF Iteration 164: Energy = -0.1140285310657450 dE = -4.93480E-07
SCF Iteration 165: Energy = -0.1140288216181617 dE = -2.90552E-07
SCF Iteration 166: Energy = -0.1140289945760986 dE = -1.72958E-07
SCF Iteration 167: Energy = -0.1140290985612937 dE = -1.03985E-07
SCF Iteration 168: Energy = -0.1140291616138231 dE = -6.30525E-08
SCF Iteration 169: Energy = -0.1140292001273187 dE = -3.85135E-08
SCF Iteration 170: Energy = -0.1140292237963840 dE = -2.36691E-08
SCF Iteration 171: Energy = -0.1140292384166814 dE = -1.46203E-08
SCF Iteration 172: Energy = -0.1140292474852540 dE = -9.06857E-09
SCF Iteration 173: Energy = -0.1140292531292975 dE = -5.64404E-09
SCF Iteration 174: Energy = -0.1140292566516079 dE = -3.52231E-09
SCF Iteration 175: Energy = -0.1140292588546044 dE = -2.20300E-09
SCF Iteration 176: Energy = -0.1140292602348607 dE = -1.38026E-09
SCF Iteration 177: Energy = -0.1140292611008409 dE = -8.65980E-10
SCF Iteration 178: Energy = -0.1140292616447685 dE = -5.43928E-10
SCF Iteration 179: Energy = -0.1140292619867100 dE = -3.41942E-10
SCF Iteration 180: Energy = -0.1140292622018131 dE = -2.15103E-10
SCF Iteration 181: Energy = -0.1140292623372061 dE = -1.35393E-10
SCF Iteration 182: Energy = -0.1140292624224641 dE = -8.52580E-11

SCF converged.
E_QED_HF          = -0.114029262422464
HF  (psi4)        = -1.013181104745060
Starting with the CCSD calculation:

Iter  Energy(CCSD)      E_diff    time(sec)
  1:  -0.1976984590  1.97698E-01   10.117
  2:  -0.2794263229  8.17279E-02   10.115
  3:  -0.2867783834  7.35206E-03   10.114
  4:  -0.2854231153  1.35527E-03   10.113
  5:  -0.2920198042  6.59669E-03   10.111
  6:  -0.2964142593  4.39446E-03   10.114
  7:  -0.3073258073  1.09115E-02   10.111
  8:  -0.3162741332  8.94833E-03   10.104
  9:  -0.3220722034  5.79807E-03   10.111
 10:  -0.3335919118  1.15197E-02   10.114
 11:  -0.3396783409  6.08643E-03   10.108
 12:  -0.3438664774  4.18814E-03   10.107
 13:  -0.3473272114  3.46073E-03   10.110
 14:  -0.3493054422  1.97823E-03   10.107
 15:  -0.3506312068  1.32576E-03   10.112
 16:  -0.3512919022  6.60695E-04   10.107
 17:  -0.3516182499  3.26348E-04   10.108
 18:  -0.3517923125  1.74063E-04   10.110
 19:  -0.3519498962  1.57584E-04   10.106
 20:  -0.3520366939  8.67977E-05   10.105
 21:  -0.3520873096  5.06156E-05   10.114
 22:  -0.3520972335  9.92389E-06   10.118
 23:  -0.3521213371  2.41036E-05   10.111
 24:  -0.3521236848  2.34771E-06   10.116
 25:  -0.3521312547  7.56988E-06   10.111
 26:  -0.3521286799  2.57472E-06   10.111
 27:  -0.3521269080  1.77194E-06   10.111
 28:  -0.3521282211  1.31312E-06   10.114
 29:  -0.3521299729  1.75180E-06   10.110
 30:  -0.3521299330  3.99470E-08   10.109
 31:  -0.3521297847  1.48301E-07   10.107
 32:  -0.3521301429  3.58218E-07   10.110
 33:  -0.3521310271  8.84210E-07   10.114
 34:  -0.3521312091  1.81956E-07   10.117
 35:  -0.3521309167  2.92363E-07   10.112
 36:  -0.3521301601  7.56594E-07   10.113
 37:  -0.3521296204  5.39658E-07   10.108
 38:  -0.3521296337  1.32777E-08   10.109
 39:  -0.3521318318  2.19804E-06   10.112
 40:  -0.3521317668  6.49789E-08   10.105
 41:  -0.3521319581  1.91326E-07   10.113
 42:  -0.3521323528  3.94730E-07   10.116
 43:  -0.3521322814  7.14502E-08   10.113
 44:  -0.3521325245  2.43101E-07   10.111
 45:  -0.3521321762  3.48337E-07   10.115
 46:  -0.3521319961  1.80049E-07   10.113
 47:  -0.3521320254  2.93085E-08   10.110
 48:  -0.3521318204  2.05055E-07   10.112
 49:  -0.3521316377  1.82628E-07   10.109
 50:  -0.3521313160  3.21773E-07   10.108
E_QED_CCSD  (Corr.)  = -0.352131315957882
E_QED_CCSD tot       = -0.466160578380346
E_CCSD_psi4 (Corr.)  = -0.060465507368234
E_CCSD_psi4 tot      = -1.073646612113293
