
  Memory set to  55.879 GiB by Python driver.
  Threads set to 1 by Python driver.
Settings:
	LOT = CCSD-S1-U21
	wc = 20.0 eV
	lambda = [0.969939 0.       0.      ] a.u.
	Equivalent A0 = LAMBDA / sqrt(2 wc) = [0.8 0.  0. ])
doing QED-CCSD-1 (or QED-CCSD-21)
Number of occupied orbitals:   1
Number of basis functions:  60
SCF Iteration   1: Energy = 1.0772353276168909 dE =  1.07724E+00
SCF Iteration   2: Energy = 2.0737439084323674 dE =  9.96509E-01
SCF Iteration   3: Energy = 1.2301925120276502 dE = -8.43551E-01
SCF Iteration   4: Energy = 2.0271129106371126 dE =  7.96920E-01
SCF Iteration   5: Energy = 1.2330977184912773 dE = -7.94015E-01
SCF Iteration   6: Energy = 2.0068474598792361 dE =  7.73750E-01
SCF Iteration   7: Energy = 1.2212388740633764 dE = -7.85609E-01
SCF Iteration   8: Energy = 1.9951321517322604 dE =  7.73893E-01
SCF Iteration   9: Energy = 1.2109653490452921 dE = -7.84167E-01
SCF Iteration  10: Energy = 1.9879598666908738 dE =  7.76995E-01
SCF Iteration  11: Energy = 1.2037033046221088 dE = -7.84257E-01
SCF Iteration  12: Energy = 1.9835155889343774 dE =  7.79812E-01
SCF Iteration  13: Energy = 1.1988932576596834 dE = -7.84622E-01
SCF Iteration  14: Energy = 1.9807700807724844 dE =  7.81877E-01
SCF Iteration  15: Energy = 1.1958127950568098 dE = -7.84957E-01
SCF Iteration  16: Energy = 1.9790844495443130 dE =  7.83272E-01
SCF Iteration  17: Energy = 1.1938804972792556 dE = -7.85204E-01
SCF Iteration  18: Energy = 1.9780553037924511 dE =  7.84175E-01
SCF Iteration  19: Energy = 1.1926846750947364 dE = -7.85371E-01
SCF Iteration  20: Energy = 1.9774296445210384 dE =  7.84745E-01
SCF Iteration  21: Energy = 1.1919512431143171 dE = -7.85478E-01
SCF Iteration  22: Energy = 1.9770504477887523 dE =  7.85099E-01
SCF Iteration  23: Energy = 1.1915041138807636 dE = -7.85546E-01
SCF Iteration  24: Energy = 1.9768211217261196 dE =  7.85317E-01
SCF Iteration  25: Energy = 1.1912326365268111 dE = -7.85588E-01
SCF Iteration  26: Energy = 1.9766826408823661 dE =  7.85450E-01
SCF Iteration  27: Energy = 1.1910682641548229 dE = -7.85614E-01
SCF Iteration  28: Energy = 1.9765991048197860 dE =  7.85531E-01
SCF Iteration  29: Energy = 1.1909689293323003 dE = -7.85630E-01
SCF Iteration  30: Energy = 1.9765487494404406 dE =  7.85580E-01
SCF Iteration  31: Energy = 1.1909089762578460 dE = -7.85640E-01
SCF Iteration  32: Energy = 1.9765184103893270 dE =  7.85609E-01
SCF Iteration  33: Energy = 1.1908728239826947 dE = -7.85646E-01
SCF Iteration  34: Energy = 1.9765001374165290 dE =  7.85627E-01
SCF Iteration  35: Energy = 1.1908510371041454 dE = -7.85649E-01
SCF Iteration  36: Energy = 1.9764891343515165 dE =  7.85638E-01
SCF Iteration  37: Energy = 1.1908379129158291 dE = -7.85651E-01
SCF Iteration  38: Energy = 1.9764825099404031 dE =  7.85645E-01
SCF Iteration  39: Energy = 1.1908300093186071 dE = -7.85653E-01
SCF Iteration  40: Energy = 1.9764785221530379 dE =  7.85649E-01
SCF Iteration  41: Energy = 1.1908252505882762 dE = -7.85653E-01
SCF Iteration  42: Energy = 1.9764761217564617 dE =  7.85651E-01
SCF Iteration  43: Energy = 1.1908223857627969 dE = -7.85654E-01
SCF Iteration  44: Energy = 1.9764746769463901 dE =  7.85652E-01
SCF Iteration  45: Energy = 1.1908206612576806 dE = -7.85654E-01
SCF Iteration  46: Energy = 1.9764738073404347 dE =  7.85653E-01
SCF Iteration  47: Energy = 1.1908196232447847 dE = -7.85654E-01
SCF Iteration  48: Energy = 1.9764732839531178 dE =  7.85654E-01
SCF Iteration  49: Energy = 1.1908189984726139 dE = -7.85654E-01
SCF Iteration  50: Energy = 1.9764729689489744 dE =  7.85654E-01
SCF Iteration  51: Energy = 1.1908186224384509 dE = -7.85654E-01
SCF Iteration  52: Energy = 1.9764727793639325 dE =  7.85654E-01
SCF Iteration  53: Energy = 1.1908183961180168 dE = -7.85654E-01
SCF Iteration  54: Energy = 1.9764726652632261 dE =  7.85654E-01
SCF Iteration  55: Energy = 1.1908182599064614 dE = -7.85654E-01
SCF Iteration  56: Energy = 1.9764725965927554 dE =  7.85654E-01
SCF Iteration  57: Energy = 1.1908181779280054 dE = -7.85654E-01
SCF Iteration  58: Energy = 1.9764725552642162 dE =  7.85654E-01
SCF Iteration  59: Energy = 1.1908181285898898 dE = -7.85654E-01
SCF Iteration  60: Energy = 1.9764725303911779 dE =  7.85654E-01
SCF Iteration  61: Energy = 1.1908180988962545 dE = -7.85654E-01
SCF Iteration  62: Energy = 1.9764725154216924 dE =  7.85654E-01
SCF Iteration  63: Energy = 1.1908180810255076 dE = -7.85654E-01
SCF Iteration  64: Energy = 1.9764725064125350 dE =  7.85654E-01
SCF Iteration  65: Energy = 1.1908180702702591 dE = -7.85654E-01
SCF Iteration  66: Energy = 1.9764725009905142 dE =  7.85654E-01
SCF Iteration  67: Energy = 1.1908180637973562 dE = -7.85654E-01
SCF Iteration  68: Energy = 1.9764724977273522 dE =  7.85654E-01
SCF Iteration  69: Energy = 1.1908180599017453 dE = -7.85654E-01
SCF Iteration  70: Energy = 1.9764724957634734 dE =  7.85654E-01
SCF Iteration  71: Energy = 1.1908180575572311 dE = -7.85654E-01
SCF Iteration  72: Energy = 1.9764724945815191 dE =  7.85654E-01
SCF Iteration  73: Energy = 1.1908180561462025 dE = -7.85654E-01
SCF Iteration  74: Energy = 1.9764724938701286 dE =  7.85654E-01
SCF Iteration  75: Energy = 1.1908180552969545 dE = -7.85654E-01
SCF Iteration  76: Energy = 1.9764724934418065 dE =  7.85654E-01
SCF Iteration  77: Energy = 1.1908180547857112 dE = -7.85654E-01
SCF Iteration  78: Energy = 1.9764724931835036 dE =  7.85654E-01
SCF Iteration  79: Energy = 1.1908180544776192 dE = -7.85654E-01
SCF Iteration  80: Energy = 1.9764724930264010 dE =  7.85654E-01
SCF Iteration  81: Energy = 1.1908180542908937 dE = -7.85654E-01
SCF Iteration  82: Energy = 1.9764724929267461 dE =  7.85654E-01
SCF Iteration  83: Energy = 1.1908180541745241 dE = -7.85654E-01
SCF Iteration  84: Energy = 1.9764724928509885 dE =  7.85654E-01
SCF Iteration  85: Energy = 1.1908180540921105 dE = -7.85654E-01
SCF Iteration  86: Energy = 1.9764724927565607 dE =  7.85654E-01
SCF Iteration  87: Energy = 1.1908180540042232 dE = -7.85654E-01
SCF Iteration  88: Energy = 1.9764724925486197 dE =  7.85654E-01
SCF Iteration  89: Energy = 1.1908180538328652 dE = -7.85654E-01
SCF Iteration  90: Energy = 1.9764724919559316 dE =  7.85654E-01
SCF Iteration  91: Energy = 1.1908180533631831 dE = -7.85654E-01
SCF Iteration  92: Energy = 1.9764724901525494 dE =  7.85654E-01
SCF Iteration  93: Energy = 1.1908180519463119 dE = -7.85654E-01
SCF Iteration  94: Energy = 1.9764724845909327 dE =  7.85654E-01
SCF Iteration  95: Energy = 1.1908180475841883 dE = -7.85654E-01
SCF Iteration  96: Energy = 1.9764724673933372 dE =  7.85654E-01
SCF Iteration  97: Energy = 1.1908180341002086 dE = -7.85654E-01
SCF Iteration  98: Energy = 1.9764724141875223 dE =  7.85654E-01
SCF Iteration  99: Energy = 1.1908179923862603 dE = -7.85654E-01
SCF Iteration 100: Energy = 1.9764722495631626 dE =  7.85654E-01
SCF Iteration 101: Energy = 1.1908178633205810 dE = -7.85654E-01
SCF Iteration 102: Energy = 1.9764717401883176 dE =  7.85654E-01
SCF Iteration 103: Energy = 1.1908174639711402 dE = -7.85654E-01
SCF Iteration 104: Energy = 1.9764701640936904 dE =  7.85653E-01
SCF Iteration 105: Energy = 1.1908162283151777 dE = -7.85654E-01
SCF Iteration 106: Energy = 1.9764652873881698 dE =  7.85649E-01
SCF Iteration 107: Energy = 1.1908124049877973 dE = -7.85653E-01
SCF Iteration 108: Energy = 1.9764501981201104 dE =  7.85638E-01
SCF Iteration 109: Energy = 1.1908005750560735 dE = -7.85650E-01
SCF Iteration 110: Energy = 1.9764035105176079 dE =  7.85603E-01
SCF Iteration 111: Energy = 1.1907639723743719 dE = -7.85640E-01
SCF Iteration 112: Energy = 1.9762590632155863 dE =  7.85495E-01
SCF Iteration 113: Energy = 1.1906507291259225 dE = -7.85608E-01
SCF Iteration 114: Energy = 1.9758122373704252 dE =  7.85162E-01
SCF Iteration 115: Energy = 1.1903004493719505 dE = -7.85512E-01
SCF Iteration 116: Energy = 1.9744308267981447 dE =  7.84130E-01
SCF Iteration 117: Energy = 1.1892177229958583 dE = -7.85213E-01
SCF Iteration 118: Energy = 1.9701674642799649 dE =  7.80950E-01
SCF Iteration 119: Energy = 1.1858780905260680 dE = -7.84289E-01
SCF Iteration 120: Energy = 1.9570799836731281 dE =  7.71202E-01
SCF Iteration 121: Energy = 1.1756443308884457 dE = -7.81436E-01
SCF Iteration 122: Energy = 1.9175559201110197 dE =  7.41912E-01
SCF Iteration 123: Energy = 1.1449037606088954 dE = -7.72652E-01
SCF Iteration 124: Energy = 1.8038481988029529 dE =  6.58944E-01
SCF Iteration 125: Energy = 1.0578402374179998 dE = -7.46008E-01
SCF Iteration 126: Energy = 1.5176092711945763 dE =  4.59769E-01
SCF Iteration 127: Energy = 0.8475376543970738 dE = -6.70072E-01
SCF Iteration 128: Energy = 0.9876676327806979 dE =  1.40130E-01
SCF Iteration 129: Energy = 0.4904828020834791 dE = -4.97185E-01
SCF Iteration 130: Energy = 0.4034962992988116 dE = -8.69865E-02
SCF Iteration 131: Energy = 0.1435110840689806 dE = -2.59985E-01
SCF Iteration 132: Energy = 0.0498542054364313 dE = -9.36569E-02
SCF Iteration 133: Energy = -0.0429478562276131 dE = -9.28021E-02
SCF Iteration 134: Energy = -0.0821353565070000 dE = -3.91875E-02
SCF Iteration 135: Energy = -0.1075958374704142 dE = -2.54605E-02
SCF Iteration 136: Energy = -0.1189414802819910 dE = -1.13456E-02
SCF Iteration 137: Energy = -0.1250419928650053 dE = -6.10051E-03
SCF Iteration 138: Energy = -0.1278344576999895 dE = -2.79246E-03
SCF Iteration 139: Energy = -0.1292234599979301 dE = -1.38900E-03
SCF Iteration 140: Energy = -0.1298753869976661 dE = -6.51927E-04
SCF Iteration 141: Energy = -0.1301951416484530 dE = -3.19755E-04
SCF Iteration 142: Energy = -0.1303510056544157 dE = -1.55864E-04
SCF Iteration 143: Energy = -0.1304296571873911 dE = -7.86515E-05
SCF Iteration 144: Energy = -0.1304701304678781 dE = -4.04733E-05
SCF Iteration 145: Energy = -0.1304916569539896 dE = -2.15265E-05
SCF Iteration 146: Energy = -0.1305034225599280 dE = -1.17656E-05
SCF Iteration 147: Energy = -0.1305100355775735 dE = -6.61302E-06
SCF Iteration 148: Energy = -0.1305138389698706 dE = -3.80339E-06
SCF Iteration 149: Energy = -0.1305160690886318 dE = -2.23012E-06
SCF Iteration 150: Energy = -0.1305173963991235 dE = -1.32731E-06
SCF Iteration 151: Energy = -0.1305181953661960 dE = -7.98967E-07
SCF Iteration 152: Energy = -0.1305186803215883 dE = -4.84955E-07
SCF Iteration 153: Energy = -0.1305189764415680 dE = -2.96120E-07
SCF Iteration 154: Energy = -0.1305191580287319 dE = -1.81587E-07
SCF Iteration 155: Energy = -0.1305192697134014 dE = -1.11685E-07
SCF Iteration 156: Energy = -0.1305193385481638 dE = -6.88348E-08
SCF Iteration 157: Energy = -0.1305193810340586 dE = -4.24859E-08
SCF Iteration 158: Energy = -0.1305194072831521 dE = -2.62491E-08
SCF Iteration 159: Energy = -0.1305194235116693 dE = -1.62285E-08
SCF Iteration 160: Energy = -0.1305194335496718 dE = -1.00380E-08
SCF Iteration 161: Energy = -0.1305194397605667 dE = -6.21089E-09
SCF Iteration 162: Energy = -0.1305194436043182 dE = -3.84375E-09
SCF Iteration 163: Energy = -0.1305194459834724 dE = -2.37915E-09
SCF Iteration 164: Energy = -0.1305194474562303 dE = -1.47276E-09
SCF Iteration 165: Energy = -0.1305194483679784 dE = -9.11748E-10
SCF Iteration 166: Energy = -0.1305194489324339 dE = -5.64456E-10
SCF Iteration 167: Energy = -0.1305194492819028 dE = -3.49469E-10
SCF Iteration 168: Energy = -0.1305194494982684 dE = -2.16366E-10
SCF Iteration 169: Energy = -0.1305194496322262 dE = -1.33958E-10
SCF Iteration 170: Energy = -0.1305194497151703 dE = -8.29441E-11

SCF converged.
E_QED_HF          = -0.130519449715170
HF  (psi4)        = -1.023229678594615
Starting with the CCSD calculation:

Iter  Energy(CCSD)      E_diff    time(sec)
  1:  -0.2118249288  2.11825E-01   10.107
  2:  -0.2997614952  8.79366E-02   10.114
  3:  -0.3054625667  5.70107E-03   10.113
  4:  -0.3000359238  5.42664E-03   10.108
  5:  -0.3049415762  4.90565E-03   10.109
  6:  -0.3087461563  3.80458E-03   10.111
  7:  -0.3210717055  1.23255E-02   10.102
  8:  -0.3303380232  9.26632E-03   10.107
  9:  -0.3369158341  6.57781E-03   10.098
 10:  -0.3479246626  1.10088E-02   10.099
 11:  -0.3539112420  5.98658E-03   10.109
 12:  -0.3581054657  4.19422E-03   10.099
 13:  -0.3611026770  2.99721E-03   10.103
 14:  -0.3626791867  1.57651E-03   10.105
 15:  -0.3637299428  1.05076E-03   10.106
 16:  -0.3642171945  4.87252E-04   10.101
 17:  -0.3644118184  1.94624E-04   10.103
 18:  -0.3645280051  1.16187E-04   10.100
 19:  -0.3646357519  1.07747E-04   10.106
 20:  -0.3647063524  7.06005E-05   10.101
 21:  -0.3647359560  2.96036E-05   10.105
 22:  -0.3647417463  5.79028E-06   10.110
 23:  -0.3647620713  2.03250E-05   10.106
 24:  -0.3647632269  1.15565E-06   10.102
 25:  -0.3647662630  3.03615E-06   10.111
 26:  -0.3647672482  9.85131E-07   10.106
 27:  -0.3647675869  3.38727E-07   10.104
 28:  -0.3647687987  1.21179E-06   10.109
 29:  -0.3647700263  1.22757E-06   10.107
 30:  -0.3647697647  2.61533E-07   10.104
 31:  -0.3647685448  1.21994E-06   10.105
 32:  -0.3647678477  6.97061E-07   10.105
 33:  -0.3647680413  1.93589E-07   10.104
 34:  -0.3647680834  4.20858E-08   10.105
 35:  -0.3647683818  2.98439E-07   10.105
 36:  -0.3647686119  2.30056E-07   10.106
 37:  -0.3647691575  5.45616E-07   10.108
 38:  -0.3647691648  7.30540E-09   10.108
E_QED_CCSD  (Corr.)  = -0.364769164821268
E_QED_CCSD tot       = -0.495288614536439
E_CCSD_psi4 (Corr.)  = -0.057989650473475
E_CCSD_psi4 tot      = -1.081219329068090
