
  Memory set to  55.879 GiB by Python driver.
  Threads set to 1 by Python driver.
Settings:
	LOT = CCSD-S1-U21
	wc = 20.0 eV
	lambda = [0.969939 0.       0.      ] a.u.
	Equivalent A0 = LAMBDA / sqrt(2 wc) = [0.8 0.  0. ])
doing QED-CCSD-1 (or QED-CCSD-21)
Number of occupied orbitals:   1
Number of basis functions:  60
SCF Iteration   1: Energy = 2.1499196331515380 dE =  2.14992E+00
SCF Iteration   2: Energy = 2.8497919119205055 dE =  6.99872E-01
SCF Iteration   3: Energy = 2.3289984718356753 dE = -5.20793E-01
SCF Iteration   4: Energy = 2.7854280362346855 dE =  4.56430E-01
SCF Iteration   5: Energy = 2.3599223509916638 dE = -4.25506E-01
SCF Iteration   6: Energy = 2.7615865054308251 dE =  4.01664E-01
SCF Iteration   7: Energy = 2.3588758103589078 dE = -4.02711E-01
SCF Iteration   8: Energy = 2.7468705245696321 dE =  3.87995E-01
SCF Iteration   9: Energy = 2.3510815581542501 dE = -3.95789E-01
SCF Iteration  10: Energy = 2.7362579209411355 dE =  3.85176E-01
SCF Iteration  11: Energy = 2.3426529231955802 dE = -3.93605E-01
SCF Iteration  12: Energy = 2.7282971955926434 dE =  3.85644E-01
SCF Iteration  13: Energy = 2.3352799349828040 dE = -3.93017E-01
SCF Iteration  14: Energy = 2.7223249359651986 dE =  3.87045E-01
SCF Iteration  15: Energy = 2.3293381361728942 dE = -3.92987E-01
SCF Iteration  16: Energy = 2.7178907552168501 dE =  3.88553E-01
SCF Iteration  17: Energy = 2.3247546208713095 dE = -3.93136E-01
SCF Iteration  18: Energy = 2.7146352113780980 dE =  3.89881E-01
SCF Iteration  19: Energy = 2.3213126866672957 dE = -3.93323E-01
SCF Iteration  20: Energy = 2.7122672855593017 dE =  3.90955E-01
SCF Iteration  21: Energy = 2.3187732869588165 dE = -3.93494E-01
SCF Iteration  22: Energy = 2.7105573060688477 dE =  3.91784E-01
SCF Iteration  23: Energy = 2.3169221499815427 dE = -3.93635E-01
SCF Iteration  24: Energy = 2.7093290207459080 dE =  3.92407E-01
SCF Iteration  25: Energy = 2.3155839380571730 dE = -3.93745E-01
SCF Iteration  26: Energy = 2.7084501636011233 dE =  3.92866E-01
SCF Iteration  27: Energy = 2.3146221724120424 dE = -3.93828E-01
SCF Iteration  28: Energy = 2.7078230980174536 dE =  3.93201E-01
SCF Iteration  29: Energy = 2.3139338134980130 dE = -3.93889E-01
SCF Iteration  30: Energy = 2.7073765963344649 dE =  3.93443E-01
SCF Iteration  31: Energy = 2.3134425880048894 dE = -3.93934E-01
SCF Iteration  32: Energy = 2.7070591319260928 dE =  3.93617E-01
SCF Iteration  33: Energy = 2.3130927775016823 dE = -3.93966E-01
SCF Iteration  34: Energy = 2.7068336525821088 dE =  3.93741E-01
SCF Iteration  35: Energy = 2.3128440463406967 dE = -3.93990E-01
SCF Iteration  36: Energy = 2.7066736280214920 dE =  3.93830E-01
SCF Iteration  37: Energy = 2.3126673783703455 dE = -3.94006E-01
SCF Iteration  38: Energy = 2.7065601198179192 dE =  3.93893E-01
SCF Iteration  39: Energy = 2.3125419927025663 dE = -3.94018E-01
SCF Iteration  40: Energy = 2.7064796384561127 dE =  3.93938E-01
SCF Iteration  41: Energy = 2.3124530531026211 dE = -3.94027E-01
SCF Iteration  42: Energy = 2.7064225906491814 dE =  3.93970E-01
SCF Iteration  43: Energy = 2.3123899911133861 dE = -3.94033E-01
SCF Iteration  44: Energy = 2.7063821616627926 dE =  3.93992E-01
SCF Iteration  45: Energy = 2.3123452904177872 dE = -3.94037E-01
SCF Iteration  46: Energy = 2.7063535144726441 dE =  3.94008E-01
SCF Iteration  47: Energy = 2.3123136115097789 dE = -3.94040E-01
SCF Iteration  48: Energy = 2.7063332178149517 dE =  3.94020E-01
SCF Iteration  49: Energy = 2.3122911643827924 dE = -3.94042E-01
SCF Iteration  50: Energy = 2.7063188386603279 dE =  3.94028E-01
SCF Iteration  51: Energy = 2.3122752604617354 dE = -3.94044E-01
SCF Iteration  52: Energy = 2.7063086523267263 dE =  3.94033E-01
SCF Iteration  53: Energy = 2.3122639933216207 dE = -3.94045E-01
SCF Iteration  54: Energy = 2.7063014365195395 dE =  3.94037E-01
SCF Iteration  55: Energy = 2.3122560115611162 dE = -3.94045E-01
SCF Iteration  56: Energy = 2.7062963251261123 dE =  3.94040E-01
SCF Iteration  57: Energy = 2.3122503574279452 dE = -3.94046E-01
SCF Iteration  58: Energy = 2.7062927044924368 dE =  3.94042E-01
SCF Iteration  59: Energy = 2.3122463522608157 dE = -3.94046E-01
SCF Iteration  60: Energy = 2.7062901398708612 dE =  3.94044E-01
SCF Iteration  61: Energy = 2.3122435152167999 dE = -3.94047E-01
SCF Iteration  62: Energy = 2.7062883232794550 dE =  3.94045E-01
SCF Iteration  63: Energy = 2.3122415056387147 dE = -3.94047E-01
SCF Iteration  64: Energy = 2.7062870365483547 dE =  3.94046E-01
SCF Iteration  65: Energy = 2.3122400821995117 dE = -3.94047E-01
SCF Iteration  66: Energy = 2.7062861251339849 dE =  3.94046E-01
SCF Iteration  67: Energy = 2.3122390739465213 dE = -3.94047E-01
SCF Iteration  68: Energy = 2.7062854795657159 dE =  3.94046E-01
SCF Iteration  69: Energy = 2.3122383597830551 dE = -3.94047E-01
SCF Iteration  70: Energy = 2.7062850223015329 dE =  3.94047E-01
SCF Iteration  71: Energy = 2.3122378539304917 dE = -3.94047E-01
SCF Iteration  72: Energy = 2.7062846984162072 dE =  3.94047E-01
SCF Iteration  73: Energy = 2.3122374956287022 dE = -3.94047E-01
SCF Iteration  74: Energy = 2.7062844690049634 dE =  3.94047E-01
SCF Iteration  75: Energy = 2.3122372418395223 dE = -3.94047E-01
SCF Iteration  76: Energy = 2.7062843065108417 dE =  3.94047E-01
SCF Iteration  77: Energy = 2.3122370620780894 dE = -3.94047E-01
SCF Iteration  78: Energy = 2.7062841914148383 dE =  3.94047E-01
SCF Iteration  79: Energy = 2.3122369347513936 dE = -3.94047E-01
SCF Iteration  80: Energy = 2.7062841098913868 dE =  3.94047E-01
SCF Iteration  81: Energy = 2.3122368445647861 dE = -3.94047E-01
SCF Iteration  82: Energy = 2.7062840521476677 dE =  3.94047E-01
SCF Iteration  83: Energy = 2.3122367806848518 dE = -3.94047E-01
SCF Iteration  84: Energy = 2.7062840112473379 dE =  3.94047E-01
SCF Iteration  85: Energy = 2.3122367354381930 dE = -3.94047E-01
SCF Iteration  86: Energy = 2.7062839822773226 dE =  3.94047E-01
SCF Iteration  87: Energy = 2.3122367033896194 dE = -3.94047E-01
SCF Iteration  88: Energy = 2.7062839617576411 dE =  3.94047E-01
SCF Iteration  89: Energy = 2.3122366806893777 dE = -3.94047E-01
SCF Iteration  90: Energy = 2.7062839472233953 dE =  3.94047E-01
SCF Iteration  91: Energy = 2.3122366646106136 dE = -3.94047E-01
SCF Iteration  92: Energy = 2.7062839369286871 dE =  3.94047E-01
SCF Iteration  93: Energy = 2.3122366532219241 dE = -3.94047E-01
SCF Iteration  94: Energy = 2.7062839296368737 dE =  3.94047E-01
SCF Iteration  95: Energy = 2.3122366451552185 dE = -3.94047E-01
SCF Iteration  96: Energy = 2.7062839244720176 dE =  3.94047E-01
SCF Iteration  97: Energy = 2.3122366394415121 dE = -3.94047E-01
SCF Iteration  98: Energy = 2.7062839208137177 dE =  3.94047E-01
SCF Iteration  99: Energy = 2.3122366353944503 dE = -3.94047E-01
SCF Iteration 100: Energy = 2.7062839182225251 dE =  3.94047E-01
SCF Iteration 101: Energy = 2.3122366325278922 dE = -3.94047E-01
SCF Iteration 102: Energy = 2.7062839163871448 dE =  3.94047E-01
SCF Iteration 103: Energy = 2.3122366304974835 dE = -3.94047E-01
SCF Iteration 104: Energy = 2.7062839150871452 dE =  3.94047E-01
SCF Iteration 105: Energy = 2.3122366290593375 dE = -3.94047E-01
SCF Iteration 106: Energy = 2.7062839141663448 dE =  3.94047E-01
SCF Iteration 107: Energy = 2.3122366280406759 dE = -3.94047E-01
SCF Iteration 108: Energy = 2.7062839135141332 dE =  3.94047E-01
SCF Iteration 109: Energy = 2.3122366273191575 dE = -3.94047E-01
SCF Iteration 110: Energy = 2.7062839130521708 dE =  3.94047E-01
SCF Iteration 111: Energy = 2.3122366268081023 dE = -3.94047E-01
SCF Iteration 112: Energy = 2.7062839127249574 dE =  3.94047E-01
SCF Iteration 113: Energy = 2.3122366264461189 dE = -3.94047E-01
SCF Iteration 114: Energy = 2.7062839124931872 dE =  3.94047E-01
SCF Iteration 115: Energy = 2.3122366261897196 dE = -3.94047E-01
SCF Iteration 116: Energy = 2.7062839123290270 dE =  3.94047E-01
SCF Iteration 117: Energy = 2.3122366260081111 dE = -3.94047E-01
SCF Iteration 118: Energy = 2.7062839122127440 dE =  3.94047E-01
SCF Iteration 119: Energy = 2.3122366258794709 dE = -3.94047E-01
SCF Iteration 120: Energy = 2.7062839121303841 dE =  3.94047E-01
SCF Iteration 121: Energy = 2.3122366257883646 dE = -3.94047E-01
SCF Iteration 122: Energy = 2.7062839120720525 dE =  3.94047E-01
SCF Iteration 123: Energy = 2.3122366257238309 dE = -3.94047E-01
SCF Iteration 124: Energy = 2.7062839120307309 dE =  3.94047E-01
SCF Iteration 125: Energy = 2.3122366256781191 dE = -3.94047E-01
SCF Iteration 126: Energy = 2.7062839120014619 dE =  3.94047E-01
SCF Iteration 127: Energy = 2.3122366256457396 dE = -3.94047E-01
SCF Iteration 128: Energy = 2.7062839119807305 dE =  3.94047E-01
SCF Iteration 129: Energy = 2.3122366256228015 dE = -3.94047E-01
SCF Iteration 130: Energy = 2.7062839119660427 dE =  3.94047E-01
SCF Iteration 131: Energy = 2.3122366256065590 dE = -3.94047E-01
SCF Iteration 132: Energy = 2.7062839119556474 dE =  3.94047E-01
SCF Iteration 133: Energy = 2.3122366255950513 dE = -3.94047E-01
SCF Iteration 134: Energy = 2.7062839119482756 dE =  3.94047E-01
SCF Iteration 135: Energy = 2.3122366255869005 dE = -3.94047E-01
SCF Iteration 136: Energy = 2.7062839119430593 dE =  3.94047E-01
SCF Iteration 137: Energy = 2.3122366255811309 dE = -3.94047E-01
SCF Iteration 138: Energy = 2.7062839119393636 dE =  3.94047E-01
SCF Iteration 139: Energy = 2.3122366255770457 dE = -3.94047E-01
SCF Iteration 140: Energy = 2.7062839119367497 dE =  3.94047E-01
SCF Iteration 141: Energy = 2.3122366255741502 dE = -3.94047E-01
SCF Iteration 142: Energy = 2.7062839119348951 dE =  3.94047E-01
SCF Iteration 143: Energy = 2.3122366255721007 dE = -3.94047E-01
SCF Iteration 144: Energy = 2.7062839119335842 dE =  3.94047E-01
SCF Iteration 145: Energy = 2.3122366255706481 dE = -3.94047E-01
SCF Iteration 146: Energy = 2.7062839119326534 dE =  3.94047E-01
SCF Iteration 147: Energy = 2.3122366255696201 dE = -3.94047E-01
SCF Iteration 148: Energy = 2.7062839119319912 dE =  3.94047E-01
SCF Iteration 149: Energy = 2.3122366255688864 dE = -3.94047E-01
SCF Iteration 150: Energy = 2.7062839119315214 dE =  3.94047E-01
SCF Iteration 151: Energy = 2.3122366255683660 dE = -3.94047E-01
SCF Iteration 152: Energy = 2.7062839119311959 dE =  3.94047E-01
SCF Iteration 153: Energy = 2.3122366255680005 dE = -3.94047E-01
SCF Iteration 154: Energy = 2.7062839119309574 dE =  3.94047E-01
SCF Iteration 155: Energy = 2.3122366255677385 dE = -3.94047E-01
SCF Iteration 156: Energy = 2.7062839119307931 dE =  3.94047E-01
SCF Iteration 157: Energy = 2.3122366255675537 dE = -3.94047E-01
SCF Iteration 158: Energy = 2.7062839119306710 dE =  3.94047E-01
SCF Iteration 159: Energy = 2.3122366255674254 dE = -3.94047E-01
SCF Iteration 160: Energy = 2.7062839119305893 dE =  3.94047E-01
SCF Iteration 161: Energy = 2.3122366255673357 dE = -3.94047E-01
SCF Iteration 162: Energy = 2.7062839119305346 dE =  3.94047E-01
SCF Iteration 163: Energy = 2.3122366255672753 dE = -3.94047E-01
SCF Iteration 164: Energy = 2.7062839119304898 dE =  3.94047E-01
SCF Iteration 165: Energy = 2.3122366255672220 dE = -3.94047E-01
SCF Iteration 166: Energy = 2.7062839119304587 dE =  3.94047E-01
SCF Iteration 167: Energy = 2.3122366255671882 dE = -3.94047E-01
SCF Iteration 168: Energy = 2.7062839119304383 dE =  3.94047E-01
SCF Iteration 169: Energy = 2.3122366255671727 dE = -3.94047E-01
SCF Iteration 170: Energy = 2.7062839119304360 dE =  3.94047E-01
SCF Iteration 171: Energy = 2.3122366255671598 dE = -3.94047E-01
SCF Iteration 172: Energy = 2.7062839119304125 dE =  3.94047E-01
SCF Iteration 173: Energy = 2.3122366255671398 dE = -3.94047E-01
SCF Iteration 174: Energy = 2.7062839119304107 dE =  3.94047E-01
SCF Iteration 175: Energy = 2.3122366255671372 dE = -3.94047E-01
SCF Iteration 176: Energy = 2.7062839119304045 dE =  3.94047E-01
SCF Iteration 177: Energy = 2.3122366255671318 dE = -3.94047E-01
SCF Iteration 178: Energy = 2.7062839119303965 dE =  3.94047E-01
SCF Iteration 179: Energy = 2.3122366255671261 dE = -3.94047E-01
SCF Iteration 180: Energy = 2.7062839119304036 dE =  3.94047E-01
SCF Iteration 181: Energy = 2.3122366255671341 dE = -3.94047E-01
SCF Iteration 182: Energy = 2.7062839119304054 dE =  3.94047E-01
SCF Iteration 183: Energy = 2.3122366255671301 dE = -3.94047E-01
SCF Iteration 184: Energy = 2.7062839119304019 dE =  3.94047E-01
SCF Iteration 185: Energy = 2.3122366255671278 dE = -3.94047E-01
SCF Iteration 186: Energy = 2.7062839119303939 dE =  3.94047E-01
SCF Iteration 187: Energy = 2.3122366255671292 dE = -3.94047E-01
SCF Iteration 188: Energy = 2.7062839119303934 dE =  3.94047E-01
SCF Iteration 189: Energy = 2.3122366255671203 dE = -3.94047E-01
SCF Iteration 190: Energy = 2.7062839119303947 dE =  3.94047E-01
SCF Iteration 191: Energy = 2.3122366255671261 dE = -3.94047E-01
SCF Iteration 192: Energy = 2.7062839119303961 dE =  3.94047E-01
SCF Iteration 193: Energy = 2.3122366255671216 dE = -3.94047E-01
SCF Iteration 194: Energy = 2.7062839119303939 dE =  3.94047E-01
SCF Iteration 195: Energy = 2.3122366255671198 dE = -3.94047E-01
SCF Iteration 196: Energy = 2.7062839119303992 dE =  3.94047E-01
SCF Iteration 197: Energy = 2.3122366255671203 dE = -3.94047E-01
SCF Iteration 198: Energy = 2.7062839119303939 dE =  3.94047E-01
SCF Iteration 199: Energy = 2.3122366255671145 dE = -3.94047E-01
SCF Iteration 200: Energy = 2.7062839119303894 dE =  3.94047E-01
SCF Iteration 201: Energy = 2.3122366255671181 dE = -3.94047E-01
SCF Iteration 202: Energy = 2.7062839119303956 dE =  3.94047E-01
SCF Iteration 203: Energy = 2.3122366255671225 dE = -3.94047E-01
SCF Iteration 204: Energy = 2.7062839119303908 dE =  3.94047E-01
SCF Iteration 205: Energy = 2.3122366255671118 dE = -3.94047E-01
SCF Iteration 206: Energy = 2.7062839119303934 dE =  3.94047E-01
SCF Iteration 207: Energy = 2.3122366255671154 dE = -3.94047E-01
SCF Iteration 208: Energy = 2.7062839119303930 dE =  3.94047E-01
SCF Iteration 209: Energy = 2.3122366255671136 dE = -3.94047E-01
SCF Iteration 210: Energy = 2.7062839119303903 dE =  3.94047E-01
SCF Iteration 211: Energy = 2.3122366255671158 dE = -3.94047E-01
SCF Iteration 212: Energy = 2.7062839119303899 dE =  3.94047E-01
SCF Iteration 213: Energy = 2.3122366255671212 dE = -3.94047E-01
SCF Iteration 214: Energy = 2.7062839119303921 dE =  3.94047E-01
SCF Iteration 215: Energy = 2.3122366255671207 dE = -3.94047E-01
SCF Iteration 216: Energy = 2.7062839119303983 dE =  3.94047E-01
SCF Iteration 217: Energy = 2.3122366255671252 dE = -3.94047E-01
SCF Iteration 218: Energy = 2.7062839119304010 dE =  3.94047E-01
SCF Iteration 219: Energy = 2.3122366255671229 dE = -3.94047E-01
SCF Iteration 220: Energy = 2.7062839119303934 dE =  3.94047E-01
SCF Iteration 221: Energy = 2.3122366255671261 dE = -3.94047E-01
SCF Iteration 222: Energy = 2.7062839119303903 dE =  3.94047E-01
SCF Iteration 223: Energy = 2.3122366255671212 dE = -3.94047E-01
SCF Iteration 224: Energy = 2.7062839119303965 dE =  3.94047E-01
SCF Iteration 225: Energy = 2.3122366255671172 dE = -3.94047E-01
SCF Iteration 226: Energy = 2.7062839119303930 dE =  3.94047E-01
SCF Iteration 227: Energy = 2.3122366255671181 dE = -3.94047E-01
SCF Iteration 228: Energy = 2.7062839119303956 dE =  3.94047E-01
SCF Iteration 229: Energy = 2.3122366255671176 dE = -3.94047E-01
SCF Iteration 230: Energy = 2.7062839119303916 dE =  3.94047E-01
SCF Iteration 231: Energy = 2.3122366255671190 dE = -3.94047E-01
SCF Iteration 232: Energy = 2.7062839119303894 dE =  3.94047E-01
SCF Iteration 233: Energy = 2.3122366255671145 dE = -3.94047E-01
SCF Iteration 234: Energy = 2.7062839119303876 dE =  3.94047E-01
SCF Iteration 235: Energy = 2.3122366255671105 dE = -3.94047E-01
SCF Iteration 236: Energy = 2.7062839119303881 dE =  3.94047E-01
SCF Iteration 237: Energy = 2.3122366255671198 dE = -3.94047E-01
SCF Iteration 238: Energy = 2.7062839119303845 dE =  3.94047E-01
SCF Iteration 239: Energy = 2.3122366255671176 dE = -3.94047E-01
SCF Iteration 240: Energy = 2.7062839119303899 dE =  3.94047E-01
SCF Iteration 241: Energy = 2.3122366255671172 dE = -3.94047E-01
SCF Iteration 242: Energy = 2.7062839119303868 dE =  3.94047E-01
SCF Iteration 243: Energy = 2.3122366255671176 dE = -3.94047E-01
SCF Iteration 244: Energy = 2.7062839119303908 dE =  3.94047E-01
SCF Iteration 245: Energy = 2.3122366255671198 dE = -3.94047E-01
SCF Iteration 246: Energy = 2.7062839119303916 dE =  3.94047E-01
SCF Iteration 247: Energy = 2.3122366255671150 dE = -3.94047E-01
SCF Iteration 248: Energy = 2.7062839119303903 dE =  3.94047E-01
SCF Iteration 249: Energy = 2.3122366255671176 dE = -3.94047E-01
SCF Iteration 250: Energy = 2.7062839119303876 dE =  3.94047E-01
SCF Iteration 251: Energy = 2.3122366255671181 dE = -3.94047E-01
SCF Iteration 252: Energy = 2.7062839119303876 dE =  3.94047E-01
SCF Iteration 253: Energy = 2.3122366255671141 dE = -3.94047E-01
SCF Iteration 254: Energy = 2.7062839119303859 dE =  3.94047E-01
SCF Iteration 255: Energy = 2.3122366255671190 dE = -3.94047E-01
SCF Iteration 256: Energy = 2.7062839119303912 dE =  3.94047E-01
SCF Iteration 257: Energy = 2.3122366255671185 dE = -3.94047E-01
SCF Iteration 258: Energy = 2.7062839119303872 dE =  3.94047E-01
SCF Iteration 259: Energy = 2.3122366255671136 dE = -3.94047E-01
SCF Iteration 260: Energy = 2.7062839119303832 dE =  3.94047E-01
SCF Iteration 261: Energy = 2.3122366255671141 dE = -3.94047E-01
SCF Iteration 262: Energy = 2.7062839119303841 dE =  3.94047E-01
SCF Iteration 263: Energy = 2.3122366255671110 dE = -3.94047E-01
SCF Iteration 264: Energy = 2.7062839119303841 dE =  3.94047E-01
SCF Iteration 265: Energy = 2.3122366255671185 dE = -3.94047E-01
SCF Iteration 266: Energy = 2.7062839119303912 dE =  3.94047E-01
SCF Iteration 267: Energy = 2.3122366255671163 dE = -3.94047E-01
SCF Iteration 268: Energy = 2.7062839119303841 dE =  3.94047E-01
SCF Iteration 269: Energy = 2.3122366255671096 dE = -3.94047E-01
SCF Iteration 270: Energy = 2.7062839119303810 dE =  3.94047E-01
SCF Iteration 271: Energy = 2.3122366255671096 dE = -3.94047E-01
SCF Iteration 272: Energy = 2.7062839119303788 dE =  3.94047E-01
SCF Iteration 273: Energy = 2.3122366255671087 dE = -3.94047E-01
SCF Iteration 274: Energy = 2.7062839119303765 dE =  3.94047E-01
SCF Iteration 275: Energy = 2.3122366255671047 dE = -3.94047E-01
SCF Iteration 276: Energy = 2.7062839119303717 dE =  3.94047E-01
SCF Iteration 277: Energy = 2.3122366255670941 dE = -3.94047E-01
SCF Iteration 278: Energy = 2.7062839119303650 dE =  3.94047E-01
SCF Iteration 279: Energy = 2.3122366255670896 dE = -3.94047E-01
SCF Iteration 280: Energy = 2.7062839119303592 dE =  3.94047E-01
SCF Iteration 281: Energy = 2.3122366255670936 dE = -3.94047E-01
SCF Iteration 282: Energy = 2.7062839119303583 dE =  3.94047E-01
SCF Iteration 283: Energy = 2.3122366255670852 dE = -3.94047E-01
SCF Iteration 284: Energy = 2.7062839119303508 dE =  3.94047E-01
SCF Iteration 285: Energy = 2.3122366255670808 dE = -3.94047E-01
SCF Iteration 286: Energy = 2.7062839119303432 dE =  3.94047E-01
SCF Iteration 287: Energy = 2.3122366255670670 dE = -3.94047E-01
SCF Iteration 288: Energy = 2.7062839119303277 dE =  3.94047E-01
SCF Iteration 289: Energy = 2.3122366255670577 dE = -3.94047E-01
SCF Iteration 290: Energy = 2.7062839119303050 dE =  3.94047E-01
SCF Iteration 291: Energy = 2.3122366255670377 dE = -3.94047E-01
SCF Iteration 292: Energy = 2.7062839119302895 dE =  3.94047E-01
SCF Iteration 293: Energy = 2.3122366255670301 dE = -3.94047E-01
SCF Iteration 294: Energy = 2.7062839119302575 dE =  3.94047E-01
SCF Iteration 295: Energy = 2.3122366255669995 dE = -3.94047E-01
SCF Iteration 296: Energy = 2.7062839119302273 dE =  3.94047E-01
SCF Iteration 297: Energy = 2.3122366255669724 dE = -3.94047E-01
SCF Iteration 298: Energy = 2.7062839119301816 dE =  3.94047E-01
SCF Iteration 299: Energy = 2.3122366255669293 dE = -3.94047E-01
SCF Iteration 300: Energy = 2.7062839119301283 dE =  3.94047E-01
SCF Iteration 301: Energy = 2.3122366255668778 dE = -3.94047E-01
SCF Iteration 302: Energy = 2.7062839119300599 dE =  3.94047E-01
SCF Iteration 303: Energy = 2.3122366255668134 dE = -3.94047E-01
SCF Iteration 304: Energy = 2.7062839119299786 dE =  3.94047E-01
SCF Iteration 305: Energy = 2.3122366255667388 dE = -3.94047E-01
SCF Iteration 306: Energy = 2.7062839119298663 dE =  3.94047E-01
SCF Iteration 307: Energy = 2.3122366255666424 dE = -3.94047E-01
SCF Iteration 308: Energy = 2.7062839119297295 dE =  3.94047E-01
SCF Iteration 309: Energy = 2.3122366255665159 dE = -3.94047E-01
SCF Iteration 310: Energy = 2.7062839119295652 dE =  3.94047E-01
SCF Iteration 311: Energy = 2.3122366255663636 dE = -3.94047E-01
SCF Iteration 312: Energy = 2.7062839119293574 dE =  3.94047E-01
SCF Iteration 313: Energy = 2.3122366255661797 dE = -3.94047E-01
SCF Iteration 314: Energy = 2.7062839119290958 dE =  3.94047E-01
SCF Iteration 315: Energy = 2.3122366255659328 dE = -3.94047E-01
SCF Iteration 316: Energy = 2.7062839119287654 dE =  3.94047E-01
SCF Iteration 317: Energy = 2.3122366255656375 dE = -3.94047E-01
SCF Iteration 318: Energy = 2.7062839119283484 dE =  3.94047E-01
SCF Iteration 319: Energy = 2.3122366255652600 dE = -3.94047E-01
SCF Iteration 320: Energy = 2.7062839119278341 dE =  3.94047E-01
SCF Iteration 321: Energy = 2.3122366255647875 dE = -3.94047E-01
SCF Iteration 322: Energy = 2.7062839119271787 dE =  3.94047E-01
SCF Iteration 323: Energy = 2.3122366255641911 dE = -3.94047E-01
SCF Iteration 324: Energy = 2.7062839119263673 dE =  3.94047E-01
SCF Iteration 325: Energy = 2.3122366255634548 dE = -3.94047E-01
SCF Iteration 326: Energy = 2.7062839119253450 dE =  3.94047E-01
SCF Iteration 327: Energy = 2.3122366255625288 dE = -3.94047E-01
SCF Iteration 328: Energy = 2.7062839119240656 dE =  3.94047E-01
SCF Iteration 329: Energy = 2.3122366255613591 dE = -3.94047E-01
SCF Iteration 330: Energy = 2.7062839119224651 dE =  3.94047E-01
SCF Iteration 331: Energy = 2.3122366255599012 dE = -3.94047E-01
SCF Iteration 332: Energy = 2.7062839119204596 dE =  3.94047E-01
SCF Iteration 333: Energy = 2.3122366255580777 dE = -3.94047E-01
SCF Iteration 334: Energy = 2.7062839119179505 dE =  3.94047E-01
SCF Iteration 335: Energy = 2.3122366255557911 dE = -3.94047E-01
SCF Iteration 336: Energy = 2.7062839119148037 dE =  3.94047E-01
SCF Iteration 337: Energy = 2.3122366255529196 dE = -3.94047E-01
SCF Iteration 338: Energy = 2.7062839119108504 dE =  3.94047E-01
SCF Iteration 339: Energy = 2.3122366255493296 dE = -3.94047E-01
SCF Iteration 340: Energy = 2.7062839119059006 dE =  3.94047E-01
SCF Iteration 341: Energy = 2.3122366255448226 dE = -3.94047E-01
SCF Iteration 342: Energy = 2.7062839118996984 dE =  3.94047E-01
SCF Iteration 343: Energy = 2.3122366255391742 dE = -3.94047E-01
SCF Iteration 344: Energy = 2.7062839118919251 dE =  3.94047E-01
SCF Iteration 345: Energy = 2.3122366255320901 dE = -3.94047E-01
SCF Iteration 346: Energy = 2.7062839118821782 dE =  3.94047E-01
SCF Iteration 347: Energy = 2.3122366255232167 dE = -3.94047E-01
SCF Iteration 348: Energy = 2.7062839118699653 dE =  3.94047E-01
SCF Iteration 349: Energy = 2.3122366255120999 dE = -3.94047E-01
SCF Iteration 350: Energy = 2.7062839118546611 dE =  3.94047E-01
SCF Iteration 351: Energy = 2.3122366254981652 dE = -3.94047E-01
SCF Iteration 352: Energy = 2.7062839118354720 dE =  3.94047E-01
SCF Iteration 353: Energy = 2.3122366254806925 dE = -3.94047E-01
SCF Iteration 354: Energy = 2.7062839118114370 dE =  3.94047E-01
SCF Iteration 355: Energy = 2.3122366254588083 dE = -3.94047E-01
SCF Iteration 356: Energy = 2.7062839117813065 dE =  3.94047E-01
SCF Iteration 357: Energy = 2.3122366254313733 dE = -3.94047E-01
SCF Iteration 358: Energy = 2.7062839117435407 dE =  3.94047E-01
SCF Iteration 359: Energy = 2.3122366253969786 dE = -3.94047E-01
SCF Iteration 360: Energy = 2.7062839116962110 dE =  3.94047E-01
SCF Iteration 361: Energy = 2.3122366253538851 dE = -3.94047E-01
SCF Iteration 362: Energy = 2.7062839116368962 dE =  3.94047E-01
SCF Iteration 363: Energy = 2.3122366252998749 dE = -3.94047E-01
SCF Iteration 364: Energy = 2.7062839115625632 dE =  3.94047E-01
SCF Iteration 365: Energy = 2.3122366252321975 dE = -3.94047E-01
SCF Iteration 366: Energy = 2.7062839114693946 dE =  3.94047E-01
SCF Iteration 367: Energy = 2.3122366251473618 dE = -3.94047E-01
SCF Iteration 368: Energy = 2.7062839113526267 dE =  3.94047E-01
SCF Iteration 369: Energy = 2.3122366250410402 dE = -3.94047E-01
SCF Iteration 370: Energy = 2.7062839112062891 dE =  3.94047E-01
SCF Iteration 371: Energy = 2.3122366249077979 dE = -3.94047E-01
SCF Iteration 372: Energy = 2.7062839110228856 dE =  3.94047E-01
SCF Iteration 373: Energy = 2.3122366247407955 dE = -3.94047E-01
SCF Iteration 374: Energy = 2.7062839107930241 dE =  3.94047E-01
SCF Iteration 375: Energy = 2.3122366245314891 dE = -3.94047E-01
SCF Iteration 376: Energy = 2.7062839105049359 dE =  3.94047E-01
SCF Iteration 377: Energy = 2.3122366242691776 dE = -3.94047E-01
SCF Iteration 378: Energy = 2.7062839101438922 dE =  3.94047E-01
SCF Iteration 379: Energy = 2.3122366239404335 dE = -3.94047E-01
SCF Iteration 380: Energy = 2.7062839096913947 dE =  3.94047E-01
SCF Iteration 381: Energy = 2.3122366235284129 dE = -3.94047E-01
SCF Iteration 382: Energy = 2.7062839091242856 dE =  3.94047E-01
SCF Iteration 383: Energy = 2.3122366230120401 dE = -3.94047E-01
SCF Iteration 384: Energy = 2.7062839084135333 dE =  3.94047E-01
SCF Iteration 385: Energy = 2.3122366223648689 dE = -3.94047E-01
SCF Iteration 386: Energy = 2.7062839075227560 dE =  3.94047E-01
SCF Iteration 387: Energy = 2.3122366215537822 dE = -3.94047E-01
SCF Iteration 388: Energy = 2.7062839064063682 dE =  3.94047E-01
SCF Iteration 389: Energy = 2.3122366205372598 dE = -3.94047E-01
SCF Iteration 390: Energy = 2.7062839050072043 dE =  3.94047E-01
SCF Iteration 391: Energy = 2.3122366192632575 dE = -3.94047E-01
SCF Iteration 392: Energy = 2.7062839032536514 dE =  3.94047E-01
SCF Iteration 393: Energy = 2.3122366176665778 dE = -3.94047E-01
SCF Iteration 394: Energy = 2.7062839010559436 dE =  3.94047E-01
SCF Iteration 395: Energy = 2.3122366156654688 dE = -3.94047E-01
SCF Iteration 396: Energy = 2.7062838983015864 dE =  3.94047E-01
SCF Iteration 397: Energy = 2.3122366131575101 dE = -3.94047E-01
SCF Iteration 398: Energy = 2.7062838948495869 dE =  3.94047E-01
SCF Iteration 399: Energy = 2.3122366100143208 dE = -3.94047E-01
SCF Iteration 400: Energy = 2.7062838905232387 dE =  3.94047E-01
SCF Iteration 401: Energy = 2.3122366060749906 dE = -3.94047E-01
SCF Iteration 402: Energy = 2.7062838851010809 dE =  3.94047E-01
SCF Iteration 403: Energy = 2.3122366011378901 dE = -3.94047E-01
SCF Iteration 404: Energy = 2.7062838783055692 dE =  3.94047E-01
SCF Iteration 405: Energy = 2.3122365949502837 dE = -3.94047E-01
SCF Iteration 406: Energy = 2.7062838697888414 dE =  3.94047E-01
SCF Iteration 407: Energy = 2.3122365871954362 dE = -3.94047E-01
SCF Iteration 408: Energy = 2.7062838591149405 dE =  3.94047E-01
SCF Iteration 409: Energy = 2.3122365774764031 dE = -3.94047E-01
SCF Iteration 410: Energy = 2.7062838457374792 dE =  3.94047E-01
SCF Iteration 411: Energy = 2.3122365652956436 dE = -3.94047E-01
SCF Iteration 412: Energy = 2.7062838289716815 dE =  3.94047E-01
SCF Iteration 413: Energy = 2.3122365500296715 dE = -3.94047E-01
SCF Iteration 414: Energy = 2.7062838079593230 dE =  3.94047E-01
SCF Iteration 415: Energy = 2.3122365308970263 dE = -3.94047E-01
SCF Iteration 416: Energy = 2.7062837816248102 dE =  3.94047E-01
SCF Iteration 417: Energy = 2.3122365069183264 dE = -3.94047E-01
SCF Iteration 418: Energy = 2.7062837486201126 dE =  3.94047E-01
SCF Iteration 419: Energy = 2.3122364768661425 dE = -3.94047E-01
SCF Iteration 420: Energy = 2.7062837072557580 dE =  3.94047E-01
SCF Iteration 421: Energy = 2.3122364392021333 dE = -3.94047E-01
SCF Iteration 422: Energy = 2.7062836554143472 dE =  3.94047E-01
SCF Iteration 423: Energy = 2.3122363919983151 dE = -3.94047E-01
SCF Iteration 424: Energy = 2.7062835904421938 dE =  3.94047E-01
SCF Iteration 425: Energy = 2.3122363328384012 dE = -3.94047E-01
SCF Iteration 426: Energy = 2.7062835090134389 dE =  3.94047E-01
SCF Iteration 427: Energy = 2.3122362586940479 dE = -3.94047E-01
SCF Iteration 428: Energy = 2.7062834069598565 dE =  3.94047E-01
SCF Iteration 429: Energy = 2.3122361657699080 dE = -3.94047E-01
SCF Iteration 430: Energy = 2.7062832790574429 dE =  3.94047E-01
SCF Iteration 431: Energy = 2.3122360493093130 dE = -3.94047E-01
SCF Iteration 432: Energy = 2.7062831187590368 dE =  3.94047E-01
SCF Iteration 433: Energy = 2.3122359033507780 dE = -3.94047E-01
SCF Iteration 434: Energy = 2.7062829178591565 dE =  3.94047E-01
SCF Iteration 435: Energy = 2.3122357204228767 dE = -3.94047E-01
SCF Iteration 436: Energy = 2.7062826660739869 dE =  3.94047E-01
SCF Iteration 437: Energy = 2.3122354911617502 dE = -3.94047E-01
SCF Iteration 438: Energy = 2.7062823505149800 dE =  3.94047E-01
SCF Iteration 439: Energy = 2.3122352038318259 dE = -3.94047E-01
SCF Iteration 440: Energy = 2.7062819550290658 dE =  3.94047E-01
SCF Iteration 441: Energy = 2.3122348437250615 dE = -3.94047E-01
SCF Iteration 442: Energy = 2.7062814593718687 dE =  3.94047E-01
SCF Iteration 443: Energy = 2.3122343924080733 dE = -3.94047E-01
SCF Iteration 444: Energy = 2.7062808381713483 dE =  3.94046E-01
SCF Iteration 445: Energy = 2.3122338267785718 dE = -3.94047E-01
SCF Iteration 446: Energy = 2.7062800596291465 dE =  3.94046E-01
SCF Iteration 447: Energy = 2.3122331178827782 dE = -3.94047E-01
SCF Iteration 448: Energy = 2.7062790838928112 dE =  3.94046E-01
SCF Iteration 449: Energy = 2.3122322294333726 dE = -3.94047E-01
SCF Iteration 450: Energy = 2.7062778610159053 dE =  3.94046E-01
SCF Iteration 451: Energy = 2.3122311159520281 dE = -3.94047E-01
SCF Iteration 452: Energy = 2.7062763284013531 dE =  3.94045E-01
SCF Iteration 453: Energy = 2.3122297204414730 dE = -3.94047E-01
SCF Iteration 454: Energy = 2.7062744075972649 dE =  3.94045E-01
SCF Iteration 455: Energy = 2.3122279714679963 dE = -3.94046E-01
SCF Iteration 456: Energy = 2.7062720002812677 dE =  3.94044E-01
SCF Iteration 457: Energy = 2.3122257795050101 dE = -3.94046E-01
SCF Iteration 458: Energy = 2.7062689832277655 dE =  3.94043E-01
SCF Iteration 459: Energy = 2.3122230323505386 dE = -3.94046E-01
SCF Iteration 460: Energy = 2.7062652020006168 dE =  3.94042E-01
SCF Iteration 461: Energy = 2.3122195893841835 dE = -3.94046E-01
SCF Iteration 462: Energy = 2.7062604630483453 dE =  3.94041E-01
SCF Iteration 463: Energy = 2.3122152743695370 dE = -3.94045E-01
SCF Iteration 464: Energy = 2.7062545237975733 dE =  3.94039E-01
SCF Iteration 465: Energy = 2.3122098664339128 dE = -3.94045E-01
SCF Iteration 466: Energy = 2.7062470802375991 dE =  3.94037E-01
SCF Iteration 467: Energy = 2.3122030887637677 dE = -3.94044E-01
SCF Iteration 468: Energy = 2.7062377513610429 dE =  3.94035E-01
SCF Iteration 469: Energy = 2.3121945944374356 dE = -3.94043E-01
SCF Iteration 470: Energy = 2.7062260596645866 dE =  3.94031E-01
SCF Iteration 471: Energy = 2.3121839486705920 dE = -3.94042E-01
SCF Iteration 472: Energy = 2.7062114067125527 dE =  3.94027E-01
SCF Iteration 473: Energy = 2.3121706065664998 dE = -3.94041E-01
SCF Iteration 474: Energy = 2.7061930425136813 dE =  3.94022E-01
SCF Iteration 475: Energy = 2.3121538852331365 dE = -3.94039E-01
SCF Iteration 476: Energy = 2.7061700271457729 dE =  3.94016E-01
SCF Iteration 477: Energy = 2.3121329288422090 dE = -3.94037E-01
SCF Iteration 478: Energy = 2.7061411826668347 dE =  3.94008E-01
SCF Iteration 479: Energy = 2.3121066648445820 dE = -3.94035E-01
SCF Iteration 480: Energy = 2.7061050328565495 dE =  3.93998E-01
SCF Iteration 481: Energy = 2.3120737491058021 dE = -3.94031E-01
SCF Iteration 482: Energy = 2.7060597277112750 dE =  3.93986E-01
SCF Iteration 483: Energy = 2.3120324971612307 dE = -3.94027E-01
SCF Iteration 484: Energy = 2.7060029488403803 dE =  3.93970E-01
SCF Iteration 485: Energy = 2.3119807980842113 dE = -3.94022E-01
SCF Iteration 486: Energy = 2.7059317909410896 dE =  3.93951E-01
SCF Iteration 487: Energy = 2.3119160065777127 dE = -3.94016E-01
SCF Iteration 488: Energy = 2.7058426133158289 dE =  3.93927E-01
SCF Iteration 489: Energy = 2.3118348077963371 dE = -3.94008E-01
SCF Iteration 490: Energy = 2.7057308538804454 dE =  3.93896E-01
SCF Iteration 491: Energy = 2.3117330480270448 dE = -3.93998E-01
SCF Iteration 492: Energy = 2.7055907962195103 dE =  3.93858E-01
SCF Iteration 493: Energy = 2.3116055226367624 dE = -3.93985E-01
SCF Iteration 494: Energy = 2.7054152778852898 dE =  3.93810E-01
SCF Iteration 495: Energy = 2.3114457105505508 dE = -3.93970E-01
SCF Iteration 496: Energy = 2.7051953251982068 dE =  3.93750E-01
SCF Iteration 497: Energy = 2.3112454418541626 dE = -3.93950E-01
SCF Iteration 498: Energy = 2.7049196961523152 dE =  3.93674E-01
SCF Iteration 499: Energy = 2.3109944817977985 dE = -3.93925E-01
SCF Iteration 500: Energy = 2.7045743084948337 dE =  3.93580E-01
