
  Memory set to  55.879 GiB by Python driver.
  Threads set to 1 by Python driver.
Settings:
	LOT = CCSD-S1-U21
	wc = 20.0 eV
	lambda = [0.969939 0.       0.      ] a.u.
	Equivalent A0 = LAMBDA / sqrt(2 wc) = [0.8 0.  0. ])
doing QED-CCSD-1 (or QED-CCSD-21)
Number of occupied orbitals:   1
Number of basis functions:  60
SCF Iteration   1: Energy = 1.5462301778767571 dE =  1.54623E+00
SCF Iteration   2: Energy = 2.3834331984001498 dE =  8.37203E-01
SCF Iteration   3: Energy = 1.7073740870712799 dE = -6.76059E-01
SCF Iteration   4: Energy = 2.3250084539322566 dE =  6.17634E-01
SCF Iteration   5: Energy = 1.7204109861973331 dE = -6.04597E-01
SCF Iteration   6: Energy = 2.3012170328332902 dE =  5.80806E-01
SCF Iteration   7: Energy = 1.7111690039266989 dE = -5.90048E-01
SCF Iteration   8: Energy = 2.2868269162520640 dE =  5.75658E-01
SCF Iteration   9: Energy = 1.7002705173037580 dE = -5.86556E-01
SCF Iteration  10: Energy = 2.2772559550802196 dE =  5.76985E-01
SCF Iteration  11: Energy = 1.6913082857516240 dE = -5.85948E-01
SCF Iteration  12: Energy = 2.2707516867445277 dE =  5.79443E-01
SCF Iteration  13: Energy = 1.6846340043435357 dE = -5.86118E-01
SCF Iteration  14: Energy = 2.2663401331487139 dE =  5.81706E-01
SCF Iteration  15: Energy = 1.6798909292427087 dE = -5.86449E-01
SCF Iteration  16: Energy = 2.2633707220440851 dE =  5.83480E-01
SCF Iteration  17: Energy = 1.6766119627385152 dE = -5.86759E-01
SCF Iteration  18: Energy = 2.2613869878932560 dE =  5.84775E-01
SCF Iteration  19: Energy = 1.6743850069319819 dE = -5.87002E-01
SCF Iteration  20: Energy = 2.2600696751741869 dE =  5.85685E-01
SCF Iteration  21: Energy = 1.6728903186794011 dE = -5.87179E-01
SCF Iteration  22: Energy = 2.2591987930545026 dE =  5.86308E-01
SCF Iteration  23: Energy = 1.6718951309025998 dE = -5.87304E-01
SCF Iteration  24: Energy = 2.2586248913550575 dE =  5.86730E-01
SCF Iteration  25: Energy = 1.6712361522971855 dE = -5.87389E-01
SCF Iteration  26: Energy = 2.2582475560980511 dE =  5.87011E-01
SCF Iteration  27: Energy = 1.6708014515893146 dE = -5.87446E-01
SCF Iteration  28: Energy = 2.2579998593772643 dE =  5.87198E-01
SCF Iteration  29: Energy = 1.6705154502122037 dE = -5.87484E-01
SCF Iteration  30: Energy = 2.2578374455447765 dE =  5.87322E-01
SCF Iteration  31: Energy = 1.6703276254993613 dE = -5.87510E-01
SCF Iteration  32: Energy = 2.2577310357427853 dE =  5.87403E-01
SCF Iteration  33: Energy = 1.6702044328309225 dE = -5.87527E-01
SCF Iteration  34: Energy = 2.2576613572434452 dE =  5.87457E-01
SCF Iteration  35: Energy = 1.6701237034641718 dE = -5.87538E-01
SCF Iteration  36: Energy = 2.2576157486607489 dE =  5.87492E-01
SCF Iteration  37: Energy = 1.6700708335007544 dE = -5.87545E-01
SCF Iteration  38: Energy = 2.2575859033851406 dE =  5.87515E-01
SCF Iteration  39: Energy = 1.6700362237652888 dE = -5.87550E-01
SCF Iteration  40: Energy = 2.2575663770233980 dE =  5.87530E-01
SCF Iteration  41: Energy = 1.6700135744061553 dE = -5.87553E-01
SCF Iteration  42: Energy = 2.2575536035597166 dE =  5.87540E-01
SCF Iteration  43: Energy = 1.6699987553191302 dE = -5.87555E-01
SCF Iteration  44: Energy = 2.2575452483936251 dE =  5.87546E-01
SCF Iteration  45: Energy = 1.6699890608840382 dE = -5.87556E-01
SCF Iteration  46: Energy = 2.2575397836121747 dE =  5.87551E-01
SCF Iteration  47: Energy = 1.6699827195821533 dE = -5.87557E-01
SCF Iteration  48: Energy = 2.2575362094817923 dE =  5.87553E-01
SCF Iteration  49: Energy = 1.6699785719259881 dE = -5.87558E-01
SCF Iteration  50: Energy = 2.2575338719696241 dE =  5.87555E-01
SCF Iteration  51: Energy = 1.6699758592062401 dE = -5.87558E-01
SCF Iteration  52: Energy = 2.2575323432512593 dE =  5.87556E-01
SCF Iteration  53: Energy = 1.6699740850510221 dE = -5.87558E-01
SCF Iteration  54: Energy = 2.2575313434949438 dE =  5.87557E-01
SCF Iteration  55: Energy = 1.6699729247586474 dE = -5.87558E-01
SCF Iteration  56: Energy = 2.2575306896782994 dE =  5.87558E-01
SCF Iteration  57: Energy = 1.6699721659440889 dE = -5.87559E-01
SCF Iteration  58: Energy = 2.2575302621012510 dE =  5.87558E-01
SCF Iteration  59: Energy = 1.6699716696963389 dE = -5.87559E-01
SCF Iteration  60: Energy = 2.2575299824798480 dE =  5.87558E-01
SCF Iteration  61: Energy = 1.6699713451641973 dE = -5.87559E-01
SCF Iteration  62: Energy = 2.2575297996173020 dE =  5.87558E-01
SCF Iteration  63: Energy = 1.6699711329305382 dE = -5.87559E-01
SCF Iteration  64: Energy = 2.2575296800319644 dE =  5.87559E-01
SCF Iteration  65: Energy = 1.6699709941370802 dE = -5.87559E-01
SCF Iteration  66: Energy = 2.2575296018277209 dE =  5.87559E-01
SCF Iteration  67: Energy = 1.6699709033712440 dE = -5.87559E-01
SCF Iteration  68: Energy = 2.2575295506852067 dE =  5.87559E-01
SCF Iteration  69: Energy = 1.6699708440138321 dE = -5.87559E-01
SCF Iteration  70: Energy = 2.2575295172400338 dE =  5.87559E-01
SCF Iteration  71: Energy = 1.6699708051963948 dE = -5.87559E-01
SCF Iteration  72: Energy = 2.2575294953682294 dE =  5.87559E-01
SCF Iteration  73: Energy = 1.6699707798113230 dE = -5.87559E-01
SCF Iteration  74: Energy = 2.2575294810649513 dE =  5.87559E-01
SCF Iteration  75: Energy = 1.6699707632105094 dE = -5.87559E-01
SCF Iteration  76: Energy = 2.2575294717111949 dE =  5.87559E-01
SCF Iteration  77: Energy = 1.6699707523542409 dE = -5.87559E-01
SCF Iteration  78: Energy = 2.2575294655942226 dE =  5.87559E-01
SCF Iteration  79: Energy = 1.6699707452546912 dE = -5.87559E-01
SCF Iteration  80: Energy = 2.2575294615939683 dE =  5.87559E-01
SCF Iteration  81: Energy = 1.6699707406118682 dE = -5.87559E-01
SCF Iteration  82: Energy = 2.2575294589779631 dE =  5.87559E-01
SCF Iteration  83: Energy = 1.6699707375756516 dE = -5.87559E-01
SCF Iteration  84: Energy = 2.2575294572672058 dE =  5.87559E-01
SCF Iteration  85: Energy = 1.6699707355900908 dE = -5.87559E-01
SCF Iteration  86: Energy = 2.2575294561484380 dE =  5.87559E-01
SCF Iteration  87: Energy = 1.6699707342916192 dE = -5.87559E-01
SCF Iteration  88: Energy = 2.2575294554168117 dE =  5.87559E-01
SCF Iteration  89: Energy = 1.6699707334424627 dE = -5.87559E-01
SCF Iteration  90: Energy = 2.2575294549383562 dE =  5.87559E-01
SCF Iteration  91: Energy = 1.6699707328871611 dE = -5.87559E-01
SCF Iteration  92: Energy = 2.2575294546254696 dE =  5.87559E-01
SCF Iteration  93: Energy = 1.6699707325240083 dE = -5.87559E-01
SCF Iteration  94: Energy = 2.2575294544208520 dE =  5.87559E-01
SCF Iteration  95: Energy = 1.6699707322865180 dE = -5.87559E-01
SCF Iteration  96: Energy = 2.2575294542870417 dE =  5.87559E-01
SCF Iteration  97: Energy = 1.6699707321312121 dE = -5.87559E-01
SCF Iteration  98: Energy = 2.2575294541995357 dE =  5.87559E-01
SCF Iteration  99: Energy = 1.6699707320296553 dE = -5.87559E-01
SCF Iteration 100: Energy = 2.2575294541423068 dE =  5.87559E-01
SCF Iteration 101: Energy = 1.6699707319632324 dE = -5.87559E-01
SCF Iteration 102: Energy = 2.2575294541048838 dE =  5.87559E-01
SCF Iteration 103: Energy = 1.6699707319197972 dE = -5.87559E-01
SCF Iteration 104: Energy = 2.2575294540804105 dE =  5.87559E-01
SCF Iteration 105: Energy = 1.6699707318913943 dE = -5.87559E-01
SCF Iteration 106: Energy = 2.2575294540644077 dE =  5.87559E-01
SCF Iteration 107: Energy = 1.6699707318728163 dE = -5.87559E-01
SCF Iteration 108: Energy = 2.2575294540539397 dE =  5.87559E-01
SCF Iteration 109: Energy = 1.6699707318606716 dE = -5.87559E-01
SCF Iteration 110: Energy = 2.2575294540470936 dE =  5.87559E-01
SCF Iteration 111: Energy = 1.6699707318527253 dE = -5.87559E-01
SCF Iteration 112: Energy = 2.2575294540426238 dE =  5.87559E-01
SCF Iteration 113: Energy = 1.6699707318475325 dE = -5.87559E-01
SCF Iteration 114: Energy = 2.2575294540396880 dE =  5.87559E-01
SCF Iteration 115: Energy = 1.6699707318441337 dE = -5.87559E-01
SCF Iteration 116: Energy = 2.2575294540377708 dE =  5.87559E-01
SCF Iteration 117: Energy = 1.6699707318419108 dE = -5.87559E-01
SCF Iteration 118: Energy = 2.2575294540365118 dE =  5.87559E-01
SCF Iteration 119: Energy = 1.6699707318404502 dE = -5.87559E-01
SCF Iteration 120: Energy = 2.2575294540356756 dE =  5.87559E-01
SCF Iteration 121: Energy = 1.6699707318394854 dE = -5.87559E-01
SCF Iteration 122: Energy = 2.2575294540351090 dE =  5.87559E-01
SCF Iteration 123: Energy = 1.6699707318388393 dE = -5.87559E-01
SCF Iteration 124: Energy = 2.2575294540347128 dE =  5.87559E-01
SCF Iteration 125: Energy = 1.6699707318383887 dE = -5.87559E-01
SCF Iteration 126: Energy = 2.2575294540343953 dE =  5.87559E-01
SCF Iteration 127: Energy = 1.6699707318380441 dE = -5.87559E-01
SCF Iteration 128: Energy = 2.2575294540340924 dE =  5.87559E-01
SCF Iteration 129: Energy = 1.6699707318377388 dE = -5.87559E-01
SCF Iteration 130: Energy = 2.2575294540337332 dE =  5.87559E-01
SCF Iteration 131: Energy = 1.6699707318374051 dE = -5.87559E-01
SCF Iteration 132: Energy = 2.2575294540332140 dE =  5.87559E-01
SCF Iteration 133: Energy = 1.6699707318369397 dE = -5.87559E-01
SCF Iteration 134: Energy = 2.2575294540323845 dE =  5.87559E-01
SCF Iteration 135: Energy = 1.6699707318362160 dE = -5.87559E-01
SCF Iteration 136: Energy = 2.2575294540309621 dE =  5.87559E-01
SCF Iteration 137: Energy = 1.6699707318349968 dE = -5.87559E-01
SCF Iteration 138: Energy = 2.2575294540285258 dE =  5.87559E-01
SCF Iteration 139: Energy = 1.6699707318329107 dE = -5.87559E-01
SCF Iteration 140: Energy = 2.2575294540242856 dE =  5.87559E-01
SCF Iteration 141: Energy = 1.6699707318292760 dE = -5.87559E-01
SCF Iteration 142: Energy = 2.2575294540168840 dE =  5.87559E-01
SCF Iteration 143: Energy = 1.6699707318229444 dE = -5.87559E-01
SCF Iteration 144: Energy = 2.2575294540039752 dE =  5.87559E-01
SCF Iteration 145: Energy = 1.6699707318119021 dE = -5.87559E-01
SCF Iteration 146: Energy = 2.2575294539814323 dE =  5.87559E-01
SCF Iteration 147: Energy = 1.6699707317926225 dE = -5.87559E-01
SCF Iteration 148: Energy = 2.2575294539420754 dE =  5.87559E-01
SCF Iteration 149: Energy = 1.6699707317589658 dE = -5.87559E-01
SCF Iteration 150: Energy = 2.2575294538733628 dE =  5.87559E-01
SCF Iteration 151: Energy = 1.6699707317001971 dE = -5.87559E-01
SCF Iteration 152: Energy = 2.2575294537533734 dE =  5.87559E-01
SCF Iteration 153: Energy = 1.6699707315975754 dE = -5.87559E-01
SCF Iteration 154: Energy = 2.2575294535438362 dE =  5.87559E-01
SCF Iteration 155: Energy = 1.6699707314183698 dE = -5.87559E-01
SCF Iteration 156: Energy = 2.2575294531779502 dE =  5.87559E-01
SCF Iteration 157: Energy = 1.6699707311054548 dE = -5.87559E-01
SCF Iteration 158: Energy = 2.2575294525390439 dE =  5.87559E-01
SCF Iteration 159: Energy = 1.6699707305590317 dE = -5.87559E-01
SCF Iteration 160: Energy = 2.2575294514233768 dE =  5.87559E-01
SCF Iteration 161: Energy = 1.6699707296048738 dE = -5.87559E-01
SCF Iteration 162: Energy = 2.2575294494751939 dE =  5.87559E-01
SCF Iteration 163: Energy = 1.6699707279387175 dE = -5.87559E-01
SCF Iteration 164: Energy = 2.2575294460732667 dE =  5.87559E-01
SCF Iteration 165: Energy = 1.6699707250292593 dE = -5.87559E-01
SCF Iteration 166: Energy = 2.2575294401327946 dE =  5.87559E-01
SCF Iteration 167: Energy = 1.6699707199487459 dE = -5.87559E-01
SCF Iteration 168: Energy = 2.2575294297595061 dE =  5.87559E-01
SCF Iteration 169: Energy = 1.6699707110771236 dE = -5.87559E-01
SCF Iteration 170: Energy = 2.2575294116456091 dE =  5.87559E-01
SCF Iteration 171: Energy = 1.6699706955854434 dE = -5.87559E-01
SCF Iteration 172: Energy = 2.2575293800150158 dE =  5.87559E-01
SCF Iteration 173: Energy = 1.6699706685337754 dE = -5.87559E-01
SCF Iteration 174: Energy = 2.2575293247814887 dE =  5.87559E-01
SCF Iteration 175: Energy = 1.6699706212959908 dE = -5.87559E-01
SCF Iteration 176: Energy = 2.2575292283323622 dE =  5.87559E-01
SCF Iteration 177: Energy = 1.6699705388090846 dE = -5.87559E-01
SCF Iteration 178: Energy = 2.2575290599123390 dE =  5.87559E-01
SCF Iteration 179: Energy = 1.6699703947699789 dE = -5.87559E-01
SCF Iteration 180: Energy = 2.2575287658163261 dE =  5.87558E-01
SCF Iteration 181: Energy = 1.6699701432480742 dE = -5.87559E-01
SCF Iteration 182: Energy = 2.2575282522642532 dE =  5.87558E-01
SCF Iteration 183: Energy = 1.6699697040391486 dE = -5.87559E-01
SCF Iteration 184: Energy = 2.2575273554969648 dE =  5.87558E-01
SCF Iteration 185: Energy = 1.6699689370903137 dE = -5.87558E-01
SCF Iteration 186: Energy = 2.2575257895579086 dE =  5.87557E-01
SCF Iteration 187: Energy = 1.6699675978409927 dE = -5.87558E-01
SCF Iteration 188: Energy = 2.2575230551098748 dE =  5.87555E-01
SCF Iteration 189: Energy = 1.6699652592398724 dE = -5.87558E-01
SCF Iteration 190: Energy = 2.2575182802130511 dE =  5.87553E-01
SCF Iteration 191: Energy = 1.6699611755730890 dE = -5.87557E-01
SCF Iteration 192: Energy = 2.2575099422984963 dE =  5.87549E-01
SCF Iteration 193: Energy = 1.6699540446879131 dE = -5.87556E-01
SCF Iteration 194: Energy = 2.2574953827009985 dE =  5.87541E-01
SCF Iteration 195: Energy = 1.6699415928102797 dE = -5.87554E-01
SCF Iteration 196: Energy = 2.2574699590074232 dE =  5.87528E-01
SCF Iteration 197: Energy = 1.6699198496234049 dE = -5.87550E-01
SCF Iteration 198: Energy = 2.2574255651083597 dE =  5.87506E-01
SCF Iteration 199: Energy = 1.6698818826277206 dE = -5.87544E-01
SCF Iteration 200: Energy = 2.2573480475924375 dE =  5.87466E-01
SCF Iteration 201: Energy = 1.6698155877493719 dE = -5.87532E-01
SCF Iteration 202: Energy = 2.2572126963391312 dE =  5.87397E-01
SCF Iteration 203: Energy = 1.6696998333508677 dE = -5.87513E-01
SCF Iteration 204: Energy = 2.2569763765682325 dE =  5.87277E-01
SCF Iteration 205: Energy = 1.6694977331685330 dE = -5.87479E-01
SCF Iteration 206: Energy = 2.2565638092917606 dE =  5.87066E-01
SCF Iteration 207: Energy = 1.6691449186409575 dE = -5.87419E-01
SCF Iteration 208: Energy = 2.2558436736028296 dE =  5.86699E-01
SCF Iteration 209: Energy = 1.6685291183526627 dE = -5.87315E-01
SCF Iteration 210: Energy = 2.2545870573042697 dE =  5.86058E-01
SCF Iteration 211: Energy = 1.6674546771839314 dE = -5.87132E-01
SCF Iteration 212: Energy = 2.2523954532751627 dE =  5.84941E-01
SCF Iteration 213: Energy = 1.6655811392735804 dE = -5.86814E-01
SCF Iteration 214: Energy = 2.2485766950250938 dE =  5.82996E-01
SCF Iteration 215: Energy = 1.6623176374760495 dE = -5.86259E-01
SCF Iteration 216: Energy = 2.2419333567369097 dE =  5.79616E-01
SCF Iteration 217: Energy = 1.6566434129687897 dE = -5.85290E-01
SCF Iteration 218: Energy = 2.2304083874301024 dE =  5.73765E-01
SCF Iteration 219: Energy = 1.6468091876839803 dE = -5.83599E-01
SCF Iteration 220: Energy = 2.2105111842357421 dE =  5.63702E-01
SCF Iteration 221: Energy = 1.6298593526591076 dE = -5.80652E-01
SCF Iteration 222: Energy = 2.1764456866704385 dE =  5.46586E-01
SCF Iteration 223: Energy = 1.6009234532382528 dE = -5.75522E-01
SCF Iteration 224: Energy = 2.1189524332002914 dE =  5.18029E-01
SCF Iteration 225: Energy = 1.5523266098691013 dE = -5.66626E-01
SCF Iteration 226: Energy = 2.0242416481455567 dE =  4.71915E-01
SCF Iteration 227: Energy = 1.4729258316828333 dE = -5.51316E-01
SCF Iteration 228: Energy = 1.8743478627029879 dE =  4.01422E-01
SCF Iteration 229: Energy = 1.3489276110516797 dE = -5.25420E-01
SCF Iteration 230: Energy = 1.6518086092514972 dE =  3.02881E-01
SCF Iteration 231: Energy = 1.1686009194253792 dE = -4.83208E-01
SCF Iteration 232: Energy = 1.3518163121304227 dE =  1.83215E-01
SCF Iteration 233: Energy = 0.9326519923092929 dE = -4.19164E-01
SCF Iteration 234: Energy = 0.9983566668346275 dE =  6.57047E-02
SCF Iteration 235: Energy = 0.6652209828577487 dE = -3.33136E-01
SCF Iteration 236: Energy = 0.6467060131198343 dE = -1.85150E-02
SCF Iteration 237: Energy = 0.4106113225764736 dE = -2.36095E-01
SCF Iteration 238: Energy = 0.3566458938539205 dE = -5.39654E-02
SCF Iteration 239: Energy = 0.2092977131017588 dE = -1.47348E-01
SCF Iteration 240: Energy = 0.1570436717769104 dE = -5.22540E-02
SCF Iteration 241: Energy = 0.0753618244163068 dE = -8.16818E-02
SCF Iteration 242: Energy = 0.0392105798386688 dE = -3.61512E-02
SCF Iteration 243: Energy = -0.0019897319178290 dE = -4.12003E-02
SCF Iteration 244: Energy = -0.0227724720810620 dE = -2.07827E-02
SCF Iteration 245: Energy = -0.0422193641276913 dE = -1.94469E-02
SCF Iteration 246: Energy = -0.0528897336402228 dE = -1.06704E-02
SCF Iteration 247: Energy = -0.0616840183243710 dE = -8.79428E-03
SCF Iteration 248: Energy = -0.0667885591513957 dE = -5.10454E-03
SCF Iteration 249: Energy = -0.0706620896008747 dE = -3.87353E-03
SCF Iteration 250: Energy = -0.0729974589976350 dE = -2.33537E-03
SCF Iteration 251: Energy = -0.0746765953127535 dE = -1.67914E-03
SCF Iteration 252: Energy = -0.0757151272699490 dE = -1.03853E-03
SCF Iteration 253: Energy = -0.0764359856524961 dE = -7.20858E-04
SCF Iteration 254: Energy = -0.0768894772461621 dE = -4.53492E-04
SCF Iteration 255: Energy = -0.0771970923345755 dE = -3.07615E-04
SCF Iteration 256: Energy = -0.0773927987088041 dE = -1.95706E-04
SCF Iteration 257: Energy = -0.0775235732993984 dE = -1.30775E-04
SCF Iteration 258: Energy = -0.0776073880891905 dE = -8.38148E-05
SCF Iteration 259: Energy = -0.0776628491775404 dE = -5.54611E-05
SCF Iteration 260: Energy = -0.0776985661691896 dE = -3.57170E-05
SCF Iteration 261: Energy = -0.0777220502932687 dE = -2.34841E-05
SCF Iteration 262: Energy = -0.0777372215355872 dE = -1.51712E-05
SCF Iteration 263: Energy = -0.0777471554469309 dE = -9.93391E-06
SCF Iteration 264: Energy = -0.0777535860559433 dE = -6.43061E-06
SCF Iteration 265: Energy = -0.0777577854106775 dE = -4.19935E-06
SCF Iteration 266: Energy = -0.0777605074289345 dE = -2.72202E-06
SCF Iteration 267: Energy = -0.0777622818840107 dE = -1.77446E-06
SCF Iteration 268: Energy = -0.0777634330838493 dE = -1.15120E-06
SCF Iteration 269: Energy = -0.0777641826970101 dE = -7.49613E-07
SCF Iteration 270: Energy = -0.0777646692964438 dE = -4.86599E-07
SCF Iteration 271: Energy = -0.0777649859221570 dE = -3.16626E-07
SCF Iteration 272: Energy = -0.0777651915332829 dE = -2.05611E-07
SCF Iteration 273: Energy = -0.0777653252617934 dE = -1.33729E-07
SCF Iteration 274: Energy = -0.0777654121253284 dE = -8.68635E-08
SCF Iteration 275: Energy = -0.0777654686050822 dE = -5.64798E-08
SCF Iteration 276: Energy = -0.0777655052982786 dE = -3.66932E-08
SCF Iteration 277: Energy = -0.0777655291526318 dE = -2.38544E-08
SCF Iteration 278: Energy = -0.0777655446521575 dE = -1.54995E-08
SCF Iteration 279: Energy = -0.0777655547275065 dE = -1.00753E-08
SCF Iteration 280: Energy = -0.0777655612746906 dE = -6.54718E-09
SCF Iteration 281: Energy = -0.0777655655304561 dE = -4.25577E-09
SCF Iteration 282: Energy = -0.0777655682961744 dE = -2.76572E-09
SCF Iteration 283: Energy = -0.0777655700939115 dE = -1.79774E-09
SCF Iteration 284: Energy = -0.0777655712622916 dE = -1.16838E-09
SCF Iteration 285: Energy = -0.0777655720217583 dE = -7.59467E-10
SCF Iteration 286: Energy = -0.0777655725153923 dE = -4.93634E-10
SCF Iteration 287: Energy = -0.0777655728362645 dE = -3.20872E-10
SCF Iteration 288: Energy = -0.0777655730448252 dE = -2.08561E-10
SCF Iteration 289: Energy = -0.0777655731804101 dE = -1.35585E-10
SCF Iteration 290: Energy = -0.0777655732685436 dE = -8.81335E-11

SCF converged.
E_QED_HF          = -0.077765573268544
HF  (psi4)        = -0.989203381512647
Starting with the CCSD calculation:

Iter  Energy(CCSD)      E_diff    time(sec)
  1:  -0.1711170776  1.71117E-01   10.108
  2:  -0.2419109816  7.07939E-02   10.110
  3:  -0.2543810994  1.24701E-02   10.113
  4:  -0.2601043789  5.72328E-03   10.111
  5:  -0.2692207145  9.11634E-03   10.113
  6:  -0.2745639763  5.34326E-03   10.115
  7:  -0.2836155564  9.05158E-03   10.117
  8:  -0.2912187989  7.60324E-03   10.112
  9:  -0.2962348523  5.01605E-03   10.103
 10:  -0.3067406903  1.05058E-02   10.103
 11:  -0.3127318461  5.99116E-03   10.103
 12:  -0.3163478065  3.61596E-03   10.103
 13:  -0.3196436598  3.29585E-03   10.108
 14:  -0.3219961349  2.35248E-03   10.104
 15:  -0.3235981153  1.60198E-03   10.109
 16:  -0.3245153972  9.17282E-04   10.106
 17:  -0.3251221102  6.06713E-04   10.107
 18:  -0.3254485134  3.26403E-04   10.106
 19:  -0.3257476269  2.99114E-04   10.104
 20:  -0.3258776137  1.29987E-04   10.104
 21:  -0.3259873916  1.09778E-04   10.117
 22:  -0.3260061725  1.87809E-05   10.108
 23:  -0.3260220009  1.58284E-05   10.105
 24:  -0.3260333845  1.13836E-05   10.111
 25:  -0.3260452632  1.18787E-05   10.109
 26:  -0.3260312157  1.40476E-05   10.109
 27:  -0.3260320817  8.66090E-07   10.110
 28:  -0.3260308420  1.23971E-06   10.108
 29:  -0.3260311050  2.62997E-07   10.107
 30:  -0.3260325758  1.47077E-06   10.111
 31:  -0.3260321451  4.30659E-07   10.107
 32:  -0.3260329239  7.78779E-07   10.109
 33:  -0.3260330514  1.27461E-07   10.113
 34:  -0.3260335541  5.02739E-07   10.106
 35:  -0.3260339324  3.78244E-07   10.112
 36:  -0.3260342487  3.16382E-07   10.112
 37:  -0.3260342631  1.43850E-08   10.109
 38:  -0.3260346015  3.38378E-07   10.108
 39:  -0.3260349511  3.49636E-07   10.110
 40:  -0.3260349482  2.96606E-09   10.102
E_QED_CCSD  (Corr.)  = -0.326034948180981
E_QED_CCSD tot       = -0.403800521449525
E_CCSD_psi4 (Corr.)  = -0.067434596672863
E_CCSD_psi4 tot      = -1.056637978185510
