
  Memory set to  55.879 GiB by Python driver.
  Threads set to 1 by Python driver.
Settings:
	LOT = CCSD-S1-U21
	wc = 20.0 eV
	lambda = [0.969939 0.       0.      ] a.u.
	Equivalent A0 = LAMBDA / sqrt(2 wc) = [0.8 0.  0. ])
doing QED-CCSD-1 (or QED-CCSD-21)
Number of occupied orbitals:   1
Number of basis functions:  60
SCF Iteration   1: Energy = 1.0145232353659646 dE =  1.01452E+00
SCF Iteration   2: Energy = 2.0371829363639704 dE =  1.02266E+00
SCF Iteration   3: Energy = 1.1669703318135838 dE = -8.70213E-01
SCF Iteration   4: Energy = 1.9925923425907821 dE =  8.25622E-01
SCF Iteration   5: Energy = 1.1689258373218230 dE = -8.23667E-01
SCF Iteration   6: Energy = 1.9730511062071430 dE =  8.04125E-01
SCF Iteration   7: Energy = 1.1570795859084744 dE = -8.15972E-01
SCF Iteration   8: Energy = 1.9618468192409804 dE =  8.04767E-01
SCF Iteration   9: Energy = 1.1471212429952995 dE = -8.14726E-01
SCF Iteration  10: Energy = 1.9550720299258828 dE =  8.07951E-01
SCF Iteration  11: Energy = 1.1402113581628379 dE = -8.14861E-01
SCF Iteration  12: Energy = 1.9509300548015622 dE =  8.10719E-01
SCF Iteration  13: Energy = 1.1357056888136057 dE = -8.15224E-01
SCF Iteration  14: Energy = 1.9484057807648782 dE =  8.12700E-01
SCF Iteration  15: Energy = 1.1328617582817506 dE = -8.15544E-01
SCF Iteration  16: Energy = 1.9468766568137010 dE =  8.14015E-01
SCF Iteration  17: Energy = 1.1311024674276875 dE = -8.15774E-01
SCF Iteration  18: Energy = 1.9459553462193262 dE =  8.14853E-01
SCF Iteration  19: Energy = 1.1300283237609559 dE = -8.15927E-01
SCF Iteration  20: Energy = 1.9454025176536527 dE =  8.15374E-01
SCF Iteration  21: Energy = 1.1293781856948013 dE = -8.16024E-01
SCF Iteration  22: Energy = 1.9450717681797345 dE =  8.15694E-01
SCF Iteration  23: Energy = 1.1289869742301564 dE = -8.16085E-01
SCF Iteration  24: Energy = 1.9448742924825382 dE =  8.15887E-01
SCF Iteration  25: Energy = 1.1287524954716175 dE = -8.16122E-01
SCF Iteration  26: Energy = 1.9447565569998060 dE =  8.16004E-01
SCF Iteration  27: Energy = 1.1286123329859856 dE = -8.16144E-01
SCF Iteration  28: Energy = 1.9446864321557036 dE =  8.16074E-01
SCF Iteration  29: Energy = 1.1285287019961989 dE = -8.16158E-01
SCF Iteration  30: Energy = 1.9446446933226074 dE =  8.16116E-01
SCF Iteration  31: Energy = 1.1284788639422898 dE = -8.16166E-01
SCF Iteration  32: Energy = 1.9446198617323120 dE =  8.16141E-01
SCF Iteration  33: Energy = 1.1284491893862441 dE = -8.16171E-01
SCF Iteration  34: Energy = 1.9446050935146664 dE =  8.16156E-01
SCF Iteration  35: Energy = 1.1284315309052864 dE = -8.16174E-01
SCF Iteration  36: Energy = 1.9445963122973478 dE =  8.16165E-01
SCF Iteration  37: Energy = 1.1284210270633630 dE = -8.16175E-01
SCF Iteration  38: Energy = 1.9445910917669875 dE =  8.16170E-01
SCF Iteration  39: Energy = 1.1284147807555851 dE = -8.16176E-01
SCF Iteration  40: Energy = 1.9445879884326183 dE =  8.16173E-01
SCF Iteration  41: Energy = 1.1284110669734955 dE = -8.16177E-01
SCF Iteration  42: Energy = 1.9445861437957774 dE =  8.16175E-01
SCF Iteration  43: Energy = 1.1284088592076942 dE = -8.16177E-01
SCF Iteration  44: Energy = 1.9445850473897894 dE =  8.16176E-01
SCF Iteration  45: Energy = 1.1284075468543233 dE = -8.16178E-01
SCF Iteration  46: Energy = 1.9445843957359765 dE =  8.16177E-01
SCF Iteration  47: Energy = 1.1284067668052575 dE = -8.16178E-01
SCF Iteration  48: Energy = 1.9445840084318176 dE =  8.16177E-01
SCF Iteration  49: Energy = 1.1284063031718585 dE = -8.16178E-01
SCF Iteration  50: Energy = 1.9445837782450832 dE =  8.16177E-01
SCF Iteration  51: Energy = 1.1284060276126489 dE = -8.16178E-01
SCF Iteration  52: Energy = 1.9445836414395665 dE =  8.16178E-01
SCF Iteration  53: Energy = 1.1284058638380599 dE = -8.16178E-01
SCF Iteration  54: Energy = 1.9445835601332708 dE =  8.16178E-01
SCF Iteration  55: Energy = 1.1284057665022769 dE = -8.16178E-01
SCF Iteration  56: Energy = 1.9445835118111965 dE =  8.16178E-01
SCF Iteration  57: Energy = 1.1284057086531945 dE = -8.16178E-01
SCF Iteration  58: Energy = 1.9445834830912110 dE =  8.16178E-01
SCF Iteration  59: Energy = 1.1284056742713047 dE = -8.16178E-01
SCF Iteration  60: Energy = 1.9445834660173238 dE =  8.16178E-01
SCF Iteration  61: Energy = 1.1284056538335812 dE = -8.16178E-01
SCF Iteration  62: Energy = 1.9445834558518031 dE =  8.16178E-01
SCF Iteration  63: Energy = 1.1284056416730284 dE = -8.16178E-01
SCF Iteration  64: Energy = 1.9445834497462371 dE =  8.16178E-01
SCF Iteration  65: Energy = 1.1284056343963782 dE = -8.16178E-01
SCF Iteration  66: Energy = 1.9445834458935629 dE =  8.16178E-01
SCF Iteration  67: Energy = 1.1284056298987355 dE = -8.16178E-01
SCF Iteration  68: Energy = 1.9445834428202540 dE =  8.16178E-01
SCF Iteration  69: Energy = 1.1284056266205831 dE = -8.16178E-01
SCF Iteration  70: Energy = 1.9445834382533678 dE =  8.16178E-01
SCF Iteration  71: Energy = 1.1284056225560657 dE = -8.16178E-01
SCF Iteration  72: Energy = 1.9445834259559214 dE =  8.16178E-01
SCF Iteration  73: Energy = 1.1284056127397408 dE = -8.16178E-01
SCF Iteration  74: Energy = 1.9445833851339696 dE =  8.16178E-01
SCF Iteration  75: Energy = 1.1284055810248743 dE = -8.16178E-01
SCF Iteration  76: Energy = 1.9445832436742407 dE =  8.16178E-01
SCF Iteration  77: Energy = 1.1284054716690735 dE = -8.16178E-01
SCF Iteration  78: Energy = 1.9445827497512198 dE =  8.16177E-01
SCF Iteration  79: Energy = 1.1284050901677056 dE = -8.16178E-01
SCF Iteration  80: Energy = 1.9445810229291089 dE =  8.16176E-01
SCF Iteration  81: Energy = 1.1284037565819871 dE = -8.16177E-01
SCF Iteration  82: Energy = 1.9445749844100377 dE =  8.16171E-01
SCF Iteration  83: Energy = 1.1283990932897545 dE = -8.16176E-01
SCF Iteration  84: Energy = 1.9445538677330705 dE =  8.16155E-01
SCF Iteration  85: Energy = 1.1283827858931779 dE = -8.16171E-01
SCF Iteration  86: Energy = 1.9444800246877163 dE =  8.16097E-01
SCF Iteration  87: Energy = 1.1283257610900668 dE = -8.16154E-01
SCF Iteration  88: Energy = 1.9442218310254824 dE =  8.15896E-01
SCF Iteration  89: Energy = 1.1281263800710879 dE = -8.16095E-01
SCF Iteration  90: Energy = 1.9433194041260149 dE =  8.15193E-01
SCF Iteration  91: Energy = 1.1274296017226817 dE = -8.15890E-01
SCF Iteration  92: Energy = 1.9401695820325211 dE =  8.12740E-01
SCF Iteration  93: Energy = 1.1249986604552862 dE = -8.15171E-01
SCF Iteration  94: Energy = 1.9292276028933295 dE =  8.04229E-01
SCF Iteration  95: Energy = 1.1165670811479329 dE = -8.12661E-01
SCF Iteration  96: Energy = 1.8918354124944221 dE =  7.75268E-01
SCF Iteration  97: Energy = 1.0879071262859656 dE = -8.03928E-01
SCF Iteration  98: Energy = 1.7708792758226006 dE =  6.82972E-01
SCF Iteration  99: Energy = 0.9968098975138718 dE = -7.74069E-01
SCF Iteration 100: Energy = 1.4397438604044934 dE =  4.42934E-01
SCF Iteration 101: Energy = 0.7597194568250365 dE = -6.80024E-01
SCF Iteration 102: Energy = 0.8326025387442344 dE =  7.28831E-02
SCF Iteration 103: Energy = 0.3696949726455532 dE = -4.62908E-01
SCF Iteration 104: Energy = 0.2514226885647242 dE = -1.18272E-01
SCF Iteration 105: Energy = 0.0479753686784856 dE = -2.03447E-01
SCF Iteration 106: Energy = -0.0303356661808709 dE = -7.83110E-02
SCF Iteration 107: Energy = -0.0896796307316858 dE = -5.93440E-02
SCF Iteration 108: Energy = -0.1145456311487383 dE = -2.48660E-02
SCF Iteration 109: Energy = -0.1281713402778255 dE = -1.36257E-02
SCF Iteration 110: Energy = -0.1340580541664056 dE = -5.88671E-03
SCF Iteration 111: Energy = -0.1368937964862444 dE = -2.83574E-03
SCF Iteration 112: Energy = -0.1381544980646001 dE = -1.26070E-03
SCF Iteration 113: Energy = -0.1387466440293230 dE = -5.92146E-04
SCF Iteration 114: Energy = -0.1390237237012268 dE = -2.77080E-04
SCF Iteration 115: Energy = -0.1391594879498710 dE = -1.35764E-04
SCF Iteration 116: Energy = -0.1392281553359171 dE = -6.86674E-05
SCF Iteration 117: Energy = -0.1392644502719262 dE = -3.62949E-05
SCF Iteration 118: Energy = -0.1392843492329239 dE = -1.98990E-05
SCF Iteration 119: Energy = -0.1392956212908096 dE = -1.12721E-05
SCF Iteration 120: Energy = -0.1393021679900233 dE = -6.54670E-06
SCF Iteration 121: Energy = -0.1393060409220035 dE = -3.87293E-06
SCF Iteration 122: Energy = -0.1393083619622069 dE = -2.32104E-06
SCF Iteration 123: Energy = -0.1393097651087591 dE = -1.40315E-06
SCF Iteration 124: Energy = -0.1393106183104333 dE = -8.53202E-07
SCF Iteration 125: Energy = -0.1393111390536004 dE = -5.20743E-07
SCF Iteration 126: Energy = -0.1393114576592007 dE = -3.18606E-07
SCF Iteration 127: Energy = -0.1393116528895100 dE = -1.95230E-07
SCF Iteration 128: Energy = -0.1393117726372031 dE = -1.19748E-07
SCF Iteration 129: Energy = -0.1393118461310161 dE = -7.34938E-08
SCF Iteration 130: Energy = -0.1393118912543920 dE = -4.51234E-08
SCF Iteration 131: Energy = -0.1393119189655299 dE = -2.77111E-08
SCF Iteration 132: Energy = -0.1393119359859931 dE = -1.70205E-08
SCF Iteration 133: Energy = -0.1393119464410497 dE = -1.04551E-08
SCF Iteration 134: Energy = -0.1393119528635660 dE = -6.42252E-09
SCF Iteration 135: Energy = -0.1393119568090291 dE = -3.94546E-09
SCF Iteration 136: Energy = -0.1393119592328396 dE = -2.42381E-09
SCF Iteration 137: Energy = -0.1393119607218645 dE = -1.48902E-09
SCF Iteration 138: Energy = -0.1393119616366323 dE = -9.14768E-10
SCF Iteration 139: Energy = -0.1393119621986072 dE = -5.61975E-10
SCF Iteration 140: Energy = -0.1393119625438497 dE = -3.45243E-10
SCF Iteration 141: Energy = -0.1393119627559500 dE = -2.12100E-10
SCF Iteration 142: Energy = -0.1393119628862545 dE = -1.30304E-10
SCF Iteration 143: Energy = -0.1393119629663053 dE = -8.00509E-11

SCF converged.
E_QED_HF          = -0.139311962966305
HF  (psi4)        = -1.028340630182641
Starting with the CCSD calculation:

Iter  Energy(CCSD)      E_diff    time(sec)
  1:  -0.2199599662  2.19960E-01   10.088
  2:  -0.3113873621  9.14274E-02   10.092
  3:  -0.3162680927  4.88073E-03   10.092
  4:  -0.3083227027  7.94539E-03   10.089
  5:  -0.3124017673  4.07906E-03   10.090
  6:  -0.3158498009  3.44803E-03   10.090
  7:  -0.3290937241  1.32439E-02   10.093
  8:  -0.3382055812  9.11186E-03   10.092
  9:  -0.3454603941  7.25481E-03   10.080
 10:  -0.3558067541  1.03464E-02   10.082
 11:  -0.3617259168  5.91916E-03   10.085
 12:  -0.3657825551  4.05664E-03   10.085
 13:  -0.3684152626  2.63271E-03   10.081
 14:  -0.3697619541  1.34669E-03   10.089
 15:  -0.3706657206  9.03766E-04   10.086
 16:  -0.3710608336  3.95113E-04   10.083
 17:  -0.3711979178  1.37084E-04   10.084
 18:  -0.3712933405  9.54226E-05   10.083
 19:  -0.3713809362  8.75957E-05   10.084
 20:  -0.3714438853  6.29491E-05   10.086
 21:  -0.3714653850  2.14997E-05   10.097
 22:  -0.3714688290  3.44404E-06   10.096
 23:  -0.3714863279  1.74989E-05   10.092
 24:  -0.3714872620  9.34100E-07   10.093
 25:  -0.3714893645  2.10251E-06   10.091
 26:  -0.3714913798  2.01524E-06   10.093
 27:  -0.3714924209  1.04112E-06   10.095
 28:  -0.3714933438  9.22943E-07   10.094
 29:  -0.3714944166  1.07283E-06   10.100
 30:  -0.3714941004  3.16247E-07   10.092
 31:  -0.3714930099  1.09047E-06   10.091
 32:  -0.3714927347  2.75227E-07   10.094
 33:  -0.3714930433  3.08580E-07   10.098
 34:  -0.3714927233  3.19942E-07   10.093
 35:  -0.3714931031  3.79773E-07   10.093
 36:  -0.3714932112  1.08097E-07   10.089
 37:  -0.3714932557  4.45378E-08   10.089
 38:  -0.3714934945  2.38775E-07   10.090
 39:  -0.3714936903  1.95785E-07   10.092
 40:  -0.3714940724  3.82095E-07   10.084
 41:  -0.3714940887  1.62556E-08   10.088
 42:  -0.3714941288  4.01580E-08   10.095
 43:  -0.3714943086  1.79771E-07   10.090
 44:  -0.3714943027  5.86346E-09   10.092
E_QED_CCSD  (Corr.)  = -0.371494302719218
E_QED_CCSD tot       = -0.510806265685523
E_CCSD_psi4 (Corr.)  = -0.056818268519588
E_CCSD_psi4 tot      = -1.085158898702229
