
  Memory set to  55.879 GiB by Python driver.
  Threads set to 1 by Python driver.
Settings:
	LOT = CCSD-S1-U21
	wc = 20.0 eV
	lambda = [0.969939 0.       0.      ] a.u.
	Equivalent A0 = LAMBDA / sqrt(2 wc) = [0.8 0.  0. ])
doing QED-CCSD-1 (or QED-CCSD-21)
Number of occupied orbitals:   1
Number of basis functions:  60
SCF Iteration   1: Energy = 4.2232065727441794 dE =  4.22321E+00
SCF Iteration   2: Energy = 4.7303190490392710 dE =  5.07112E-01
SCF Iteration   3: Energy = 4.4546751693360660 dE = -2.75644E-01
SCF Iteration   4: Energy = 4.6926717686369530 dE =  2.37997E-01
SCF Iteration   5: Energy = 4.5535069891130142 dE = -1.39165E-01
SCF Iteration   6: Energy = 4.6922340512239442 dE =  1.38727E-01
SCF Iteration   7: Energy = 4.5904052471691932 dE = -1.01829E-01
SCF Iteration   8: Energy = 4.6926132819632853 dE =  1.02208E-01
SCF Iteration   9: Energy = 4.6037781327327210 dE = -8.88351E-02
SCF Iteration  10: Energy = 4.6909333520227330 dE =  8.71552E-02
SCF Iteration  11: Energy = 4.6071985331286163 dE = -8.37348E-02
SCF Iteration  12: Energy = 4.6876385456604899 dE =  8.04400E-02
SCF Iteration  13: Energy = 4.6060811680343843 dE = -8.15574E-02
SCF Iteration  14: Energy = 4.6834557367392309 dE =  7.73746E-02
SCF Iteration  15: Energy = 4.6029108722853982 dE = -8.05449E-02
SCF Iteration  16: Energy = 4.6789696388125552 dE =  7.60588E-02
SCF Iteration  17: Energy = 4.5989455372839236 dE = -8.00241E-02
SCF Iteration  18: Energy = 4.6745724287783057 dE =  7.56269E-02
SCF Iteration  19: Energy = 4.5948478847583205 dE = -7.97245E-02
SCF Iteration  20: Energy = 4.6704936325399400 dE =  7.56457E-02
SCF Iteration  21: Energy = 4.5909607800613701 dE = -7.95329E-02
SCF Iteration  22: Energy = 4.6668455239312854 dE =  7.58847E-02
SCF Iteration  23: Energy = 4.5874463033203332 dE = -7.93992E-02
SCF Iteration  24: Energy = 4.6636638050960313 dE =  7.62175E-02
SCF Iteration  25: Energy = 4.5843634604720567 dE = -7.93003E-02
SCF Iteration  26: Energy = 4.6609382969094293 dE =  7.65748E-02
SCF Iteration  27: Energy = 4.5817139075238744 dE = -7.92244E-02
SCF Iteration  28: Energy = 4.6586340208143948 dE =  7.69201E-02
SCF Iteration  29: Energy = 4.5794692927156895 dE = -7.91647E-02
SCF Iteration  30: Energy = 4.6567047543662463 dE =  7.72355E-02
SCF Iteration  31: Energy = 4.5775874956864433 dE = -7.91173E-02
SCF Iteration  32: Energy = 4.6551012490594070 dE =  7.75138E-02
SCF Iteration  33: Energy = 4.5760220395611970 dE = -7.90792E-02
SCF Iteration  34: Energy = 4.6537758880302649 dE =  7.77538E-02
SCF Iteration  35: Energy = 4.5747273078490647 dE = -7.90486E-02
SCF Iteration  36: Energy = 4.6526850756642144 dE =  7.79578E-02
SCF Iteration  37: Energy = 4.5736612142964743 dE = -7.90239E-02
SCF Iteration  38: Energy = 4.6517902412720726 dE =  7.81290E-02
SCF Iteration  39: Energy = 4.5727863593225431 dE = -7.90039E-02
SCF Iteration  40: Energy = 4.6510580345721868 dE =  7.82717E-02
SCF Iteration  41: Energy = 4.5720703167759043 dE = -7.89877E-02
SCF Iteration  42: Energy = 4.6504600792173099 dE =  7.83898E-02
SCF Iteration  43: Energy = 4.5714854469364541 dE = -7.89746E-02
SCF Iteration  44: Energy = 4.6499725096028159 dE =  7.84871E-02
SCF Iteration  45: Energy = 4.5710084749259066 dE = -7.89640E-02
SCF Iteration  46: Energy = 4.6495754248759686 dE =  7.85669E-02
SCF Iteration  47: Energy = 4.5706199753595191 dE = -7.89554E-02
SCF Iteration  48: Energy = 4.6492523363072014 dE =  7.86324E-02
SCF Iteration  49: Energy = 4.5703038430818710 dE = -7.89485E-02
SCF Iteration  50: Energy = 4.6489896484630284 dE =  7.86858E-02
SCF Iteration  51: Energy = 4.5700467925531312 dE = -7.89429E-02
SCF Iteration  52: Energy = 4.6487761930759905 dE =  7.87294E-02
SCF Iteration  53: Energy = 4.5698379061140679 dE = -7.89383E-02
SCF Iteration  54: Energy = 4.6486028219253352 dE =  7.87649E-02
SCF Iteration  55: Energy = 4.5696682383418414 dE = -7.89346E-02
SCF Iteration  56: Energy = 4.6484620580298559 dE =  7.87938E-02
SCF Iteration  57: Energy = 4.5695304764399491 dE = -7.89316E-02
SCF Iteration  58: Energy = 4.6483478008393559 dE =  7.88173E-02
SCF Iteration  59: Energy = 4.5694186528264256 dE = -7.89291E-02
SCF Iteration  60: Energy = 4.6482550795182513 dE =  7.88364E-02
SCF Iteration  61: Energy = 4.5693279043794641 dE = -7.89272E-02
SCF Iteration  62: Energy = 4.6481798479842498 dE =  7.88519E-02
SCF Iteration  63: Energy = 4.5692542722892613 dE = -7.89256E-02
SCF Iteration  64: Energy = 4.6481188155723947 dE =  7.88645E-02
SCF Iteration  65: Energy = 4.5691945366117848 dE = -7.89243E-02
SCF Iteration  66: Energy = 4.6480693077177788 dE =  7.88748E-02
SCF Iteration  67: Energy = 4.5691460800972026 dE = -7.89232E-02
SCF Iteration  68: Energy = 4.6480291517033274 dE =  7.88831E-02
SCF Iteration  69: Energy = 4.5691067764831788 dE = -7.89224E-02
SCF Iteration  70: Energy = 4.6479965831952548 dE =  7.88898E-02
SCF Iteration  71: Energy = 4.5690748990910111 dE = -7.89217E-02
SCF Iteration  72: Energy = 4.6479701699309510 dE =  7.88953E-02
SCF Iteration  73: Energy = 4.5690490461822577 dE = -7.89211E-02
SCF Iteration  74: Energy = 4.6479487495044758 dE =  7.88997E-02
SCF Iteration  75: Energy = 4.5690280800958325 dE = -7.89207E-02
SCF Iteration  76: Energy = 4.6479313787047429 dE =  7.89033E-02
SCF Iteration  77: Energy = 4.5690110776812398 dE = -7.89203E-02
SCF Iteration  78: Energy = 4.6479172922985992 dE =  7.89062E-02
SCF Iteration  79: Energy = 4.5689972899689240 dE = -7.89200E-02
SCF Iteration  80: Energy = 4.6479058695220958 dE =  7.89086E-02
SCF Iteration  81: Energy = 4.5689861093805968 dE = -7.89198E-02
SCF Iteration  82: Energy = 4.6478966068537071 dE =  7.89105E-02
SCF Iteration  83: Energy = 4.5689770430851588 dE = -7.89196E-02
SCF Iteration  84: Energy = 4.6478890959014647 dE =  7.89121E-02
SCF Iteration  85: Energy = 4.5689696913582152 dE = -7.89194E-02
SCF Iteration  86: Energy = 4.6478830054497360 dE =  7.89133E-02
SCF Iteration  87: Energy = 4.5689637300117392 dE = -7.89193E-02
SCF Iteration  88: Energy = 4.6478780668872304 dE =  7.89143E-02
SCF Iteration  89: Energy = 4.5689588961324121 dE = -7.89192E-02
SCF Iteration  90: Energy = 4.6478740623819270 dE =  7.89152E-02
SCF Iteration  91: Energy = 4.5689549765081470 dE = -7.89191E-02
SCF Iteration  92: Energy = 4.6478708152865478 dE =  7.89158E-02
SCF Iteration  93: Energy = 4.5689517982376477 dE = -7.89190E-02
SCF Iteration  94: Energy = 4.6478681823553334 dE =  7.89164E-02
SCF Iteration  95: Energy = 4.5689492211124074 dE = -7.89190E-02
SCF Iteration  96: Energy = 4.6478660474302433 dE =  7.89168E-02
SCF Iteration  97: Energy = 4.5689471314370884 dE = -7.89189E-02
SCF Iteration  98: Energy = 4.6478643163200335 dE =  7.89172E-02
SCF Iteration  99: Energy = 4.5689454370173221 dE = -7.89189E-02
SCF Iteration 100: Energy = 4.6478629126470183 dE =  7.89175E-02
SCF Iteration 101: Energy = 4.5689440630944755 dE = -7.89188E-02
SCF Iteration 102: Energy = 4.6478617744786170 dE =  7.89177E-02
SCF Iteration 103: Energy = 4.5689429490487798 dE = -7.89188E-02
SCF Iteration 104: Energy = 4.6478608515957562 dE =  7.89179E-02
SCF Iteration 105: Energy = 4.5689420457256649 dE = -7.89188E-02
SCF Iteration 106: Energy = 4.6478601032777052 dE =  7.89181E-02
SCF Iteration 107: Energy = 4.5689413132675059 dE = -7.89188E-02
SCF Iteration 108: Energy = 4.6478594965056770 dE =  7.89182E-02
SCF Iteration 109: Energy = 4.5689407193554006 dE = -7.89188E-02
SCF Iteration 110: Energy = 4.6478590045062349 dE =  7.89183E-02
SCF Iteration 111: Energy = 4.5689402377833366 dE = -7.89188E-02
SCF Iteration 112: Energy = 4.6478586055700122 dE =  7.89184E-02
SCF Iteration 113: Energy = 4.5689398473021097 dE = -7.89188E-02
SCF Iteration 114: Energy = 4.6478582820939360 dE =  7.89184E-02
SCF Iteration 115: Energy = 4.5689395306817193 dE = -7.89188E-02
SCF Iteration 116: Energy = 4.6478580198045316 dE =  7.89185E-02
SCF Iteration 117: Energy = 4.5689392739512051 dE = -7.89187E-02
SCF Iteration 118: Energy = 4.6478578071281680 dE =  7.89185E-02
SCF Iteration 119: Energy = 4.5689390657822466 dE = -7.89187E-02
SCF Iteration 120: Energy = 4.6478576346803830 dE =  7.89186E-02
SCF Iteration 121: Energy = 4.5689388969892688 dE = -7.89187E-02
SCF Iteration 122: Energy = 4.6478574948518032 dE =  7.89186E-02
SCF Iteration 123: Energy = 4.5689387601241611 dE = -7.89187E-02
SCF Iteration 124: Energy = 4.6478573814723712 dE =  7.89186E-02
SCF Iteration 125: Energy = 4.5689386491476629 dE = -7.89187E-02
SCF Iteration 126: Energy = 4.6478572895391439 dE =  7.89186E-02
SCF Iteration 127: Energy = 4.5689385591628424 dE = -7.89187E-02
SCF Iteration 128: Energy = 4.6478572149954909 dE =  7.89187E-02
SCF Iteration 129: Energy = 4.5689384861990314 dE = -7.89187E-02
SCF Iteration 130: Energy = 4.6478571545520859 dE =  7.89187E-02
SCF Iteration 131: Energy = 4.5689384270366462 dE = -7.89187E-02
SCF Iteration 132: Energy = 4.6478571055418145 dE =  7.89187E-02
SCF Iteration 133: Energy = 4.5689383790650844 dE = -7.89187E-02
SCF Iteration 134: Energy = 4.6478570658020608 dE =  7.89187E-02
SCF Iteration 135: Energy = 4.5689383401675476 dE = -7.89187E-02
SCF Iteration 136: Energy = 4.6478570335792542 dE =  7.89187E-02
SCF Iteration 137: Energy = 4.5689383086276569 dE = -7.89187E-02
SCF Iteration 138: Energy = 4.6478570074515249 dE =  7.89187E-02
SCF Iteration 139: Energy = 4.5689382830536873 dE = -7.89187E-02
SCF Iteration 140: Energy = 4.6478569862659826 dE =  7.89187E-02
SCF Iteration 141: Energy = 4.5689382623171282 dE = -7.89187E-02
SCF Iteration 142: Energy = 4.6478569690877780 dE =  7.89187E-02
SCF Iteration 143: Energy = 4.5689382455029959 dE = -7.89187E-02
SCF Iteration 144: Energy = 4.6478569551589013 dE =  7.89187E-02
SCF Iteration 145: Energy = 4.5689382318693221 dE = -7.89187E-02
SCF Iteration 146: Energy = 4.6478569438647401 dE =  7.89187E-02
SCF Iteration 147: Energy = 4.5689382208145295 dE = -7.89187E-02
SCF Iteration 148: Energy = 4.6478569347069332 dE =  7.89187E-02
SCF Iteration 149: Energy = 4.5689382118507949 dE = -7.89187E-02
SCF Iteration 150: Energy = 4.6478569272813468 dE =  7.89187E-02
SCF Iteration 151: Energy = 4.5689382045826035 dE = -7.89187E-02
SCF Iteration 152: Energy = 4.6478569212603551 dE =  7.89187E-02
SCF Iteration 153: Energy = 4.5689381986892039 dE = -7.89187E-02
SCF Iteration 154: Energy = 4.6478569163782568 dE =  7.89187E-02
SCF Iteration 155: Energy = 4.5689381939105784 dE = -7.89187E-02
SCF Iteration 156: Energy = 4.6478569124196332 dE =  7.89187E-02
SCF Iteration 157: Energy = 4.5689381900358601 dE = -7.89187E-02
SCF Iteration 158: Energy = 4.6478569092097954 dE =  7.89187E-02
SCF Iteration 159: Energy = 4.5689381868940435 dE = -7.89187E-02
SCF Iteration 160: Energy = 4.6478569066071156 dE =  7.89187E-02
SCF Iteration 161: Energy = 4.5689381843465275 dE = -7.89187E-02
SCF Iteration 162: Energy = 4.6478569044967495 dE =  7.89187E-02
SCF Iteration 163: Energy = 4.5689381822808874 dE = -7.89187E-02
SCF Iteration 164: Energy = 4.6478569027855743 dE =  7.89187E-02
SCF Iteration 165: Energy = 4.5689381806059712 dE = -7.89187E-02
SCF Iteration 166: Energy = 4.6478569013980575 dE =  7.89187E-02
SCF Iteration 167: Energy = 4.5689381792478718 dE = -7.89187E-02
SCF Iteration 168: Energy = 4.6478569002730117 dE =  7.89187E-02
SCF Iteration 169: Energy = 4.5689381781466665 dE = -7.89187E-02
SCF Iteration 170: Energy = 4.6478568993607636 dE =  7.89187E-02
SCF Iteration 171: Energy = 4.5689381772537461 dE = -7.89187E-02
SCF Iteration 172: Energy = 4.6478568986210735 dE =  7.89187E-02
SCF Iteration 173: Energy = 4.5689381765297385 dE = -7.89187E-02
SCF Iteration 174: Energy = 4.6478568980212982 dE =  7.89187E-02
SCF Iteration 175: Energy = 4.5689381759426739 dE = -7.89187E-02
SCF Iteration 176: Energy = 4.6478568975349823 dE =  7.89187E-02
SCF Iteration 177: Energy = 4.5689381754666609 dE = -7.89187E-02
SCF Iteration 178: Energy = 4.6478568971406444 dE =  7.89187E-02
SCF Iteration 179: Energy = 4.5689381750806790 dE = -7.89187E-02
SCF Iteration 180: Energy = 4.6478568968209055 dE =  7.89187E-02
SCF Iteration 181: Energy = 4.5689381747677151 dE = -7.89187E-02
SCF Iteration 182: Energy = 4.6478568965616427 dE =  7.89187E-02
SCF Iteration 183: Energy = 4.5689381745139492 dE = -7.89187E-02
SCF Iteration 184: Energy = 4.6478568963514197 dE =  7.89187E-02
SCF Iteration 185: Energy = 4.5689381743081805 dE = -7.89187E-02
SCF Iteration 186: Energy = 4.6478568961809632 dE =  7.89187E-02
SCF Iteration 187: Energy = 4.5689381741413362 dE = -7.89187E-02
SCF Iteration 188: Energy = 4.6478568960427458 dE =  7.89187E-02
SCF Iteration 189: Energy = 4.5689381740060524 dE = -7.89187E-02
SCF Iteration 190: Energy = 4.6478568959306727 dE =  7.89187E-02
SCF Iteration 191: Energy = 4.5689381738963588 dE = -7.89187E-02
SCF Iteration 192: Energy = 4.6478568958398059 dE =  7.89187E-02
SCF Iteration 193: Energy = 4.5689381738074042 dE = -7.89187E-02
SCF Iteration 194: Energy = 4.6478568957661137 dE =  7.89187E-02
SCF Iteration 195: Energy = 4.5689381737352779 dE = -7.89187E-02
SCF Iteration 196: Energy = 4.6478568957063811 dE =  7.89187E-02
SCF Iteration 197: Energy = 4.5689381736768082 dE = -7.89187E-02
SCF Iteration 198: Energy = 4.6478568956579327 dE =  7.89187E-02
SCF Iteration 199: Energy = 4.5689381736293928 dE = -7.89187E-02
SCF Iteration 200: Energy = 4.6478568956186441 dE =  7.89187E-02
SCF Iteration 201: Energy = 4.5689381735909373 dE = -7.89187E-02
SCF Iteration 202: Energy = 4.6478568955867976 dE =  7.89187E-02
SCF Iteration 203: Energy = 4.5689381735597587 dE = -7.89187E-02
SCF Iteration 204: Energy = 4.6478568955609658 dE =  7.89187E-02
SCF Iteration 205: Energy = 4.5689381735344829 dE = -7.89187E-02
SCF Iteration 206: Energy = 4.6478568955400297 dE =  7.89187E-02
SCF Iteration 207: Energy = 4.5689381735139829 dE = -7.89187E-02
SCF Iteration 208: Energy = 4.6478568955230459 dE =  7.89187E-02
SCF Iteration 209: Energy = 4.5689381734973695 dE = -7.89187E-02
SCF Iteration 210: Energy = 4.6478568955092818 dE =  7.89187E-02
SCF Iteration 211: Energy = 4.5689381734838905 dE = -7.89187E-02
SCF Iteration 212: Energy = 4.6478568954981165 dE =  7.89187E-02
SCF Iteration 213: Energy = 4.5689381734729650 dE = -7.89187E-02
SCF Iteration 214: Energy = 4.6478568954890660 dE =  7.89187E-02
SCF Iteration 215: Energy = 4.5689381734641037 dE = -7.89187E-02
SCF Iteration 216: Energy = 4.6478568954817199 dE =  7.89187E-02
SCF Iteration 217: Energy = 4.5689381734569245 dE = -7.89187E-02
SCF Iteration 218: Energy = 4.6478568954757753 dE =  7.89187E-02
SCF Iteration 219: Energy = 4.5689381734510945 dE = -7.89187E-02
SCF Iteration 220: Energy = 4.6478568954709463 dE =  7.89187E-02
SCF Iteration 221: Energy = 4.5689381734463632 dE = -7.89187E-02
SCF Iteration 222: Energy = 4.6478568954670392 dE =  7.89187E-02
SCF Iteration 223: Energy = 4.5689381734425423 dE = -7.89187E-02
SCF Iteration 224: Energy = 4.6478568954638586 dE =  7.89187E-02
SCF Iteration 225: Energy = 4.5689381734394336 dE = -7.89187E-02
SCF Iteration 226: Energy = 4.6478568954612962 dE =  7.89187E-02
SCF Iteration 227: Energy = 4.5689381734369201 dE = -7.89187E-02
SCF Iteration 228: Energy = 4.6478568954592019 dE =  7.89187E-02
SCF Iteration 229: Energy = 4.5689381734348684 dE = -7.89187E-02
SCF Iteration 230: Energy = 4.6478568954575135 dE =  7.89187E-02
SCF Iteration 231: Energy = 4.5689381734332137 dE = -7.89187E-02
SCF Iteration 232: Energy = 4.6478568954561421 dE =  7.89187E-02
SCF Iteration 233: Energy = 4.5689381734318779 dE = -7.89187E-02
SCF Iteration 234: Energy = 4.6478568954550292 dE =  7.89187E-02
SCF Iteration 235: Energy = 4.5689381734307881 dE = -7.89187E-02
SCF Iteration 236: Energy = 4.6478568954541304 dE =  7.89187E-02
SCF Iteration 237: Energy = 4.5689381734299088 dE = -7.89187E-02
SCF Iteration 238: Energy = 4.6478568954533905 dE =  7.89187E-02
SCF Iteration 239: Energy = 4.5689381734291894 dE = -7.89187E-02
SCF Iteration 240: Energy = 4.6478568954528070 dE =  7.89187E-02
SCF Iteration 241: Energy = 4.5689381734286050 dE = -7.89187E-02
SCF Iteration 242: Energy = 4.6478568954523274 dE =  7.89187E-02
SCF Iteration 243: Energy = 4.5689381734281387 dE = -7.89187E-02
SCF Iteration 244: Energy = 4.6478568954519366 dE =  7.89187E-02
SCF Iteration 245: Energy = 4.5689381734277683 dE = -7.89187E-02
SCF Iteration 246: Energy = 4.6478568954516275 dE =  7.89187E-02
SCF Iteration 247: Energy = 4.5689381734274495 dE = -7.89187E-02
SCF Iteration 248: Energy = 4.6478568954513566 dE =  7.89187E-02
SCF Iteration 249: Energy = 4.5689381734272061 dE = -7.89187E-02
SCF Iteration 250: Energy = 4.6478568954511639 dE =  7.89187E-02
SCF Iteration 251: Energy = 4.5689381734270098 dE = -7.89187E-02
SCF Iteration 252: Energy = 4.6478568954509862 dE =  7.89187E-02
SCF Iteration 253: Energy = 4.5689381734268331 dE = -7.89187E-02
SCF Iteration 254: Energy = 4.6478568954508459 dE =  7.89187E-02
SCF Iteration 255: Energy = 4.5689381734266981 dE = -7.89187E-02
SCF Iteration 256: Energy = 4.6478568954507393 dE =  7.89187E-02
SCF Iteration 257: Energy = 4.5689381734265924 dE = -7.89187E-02
SCF Iteration 258: Energy = 4.6478568954506496 dE =  7.89187E-02
SCF Iteration 259: Energy = 4.5689381734265142 dE = -7.89187E-02
SCF Iteration 260: Energy = 4.6478568954505928 dE =  7.89187E-02
SCF Iteration 261: Energy = 4.5689381734264352 dE = -7.89187E-02
SCF Iteration 262: Energy = 4.6478568954505235 dE =  7.89187E-02
SCF Iteration 263: Energy = 4.5689381734263828 dE = -7.89187E-02
SCF Iteration 264: Energy = 4.6478568954504729 dE =  7.89187E-02
SCF Iteration 265: Energy = 4.5689381734263312 dE = -7.89187E-02
SCF Iteration 266: Energy = 4.6478568954504293 dE =  7.89187E-02
SCF Iteration 267: Energy = 4.5689381734262868 dE = -7.89187E-02
SCF Iteration 268: Energy = 4.6478568954503983 dE =  7.89187E-02
SCF Iteration 269: Energy = 4.5689381734262620 dE = -7.89187E-02
SCF Iteration 270: Energy = 4.6478568954503743 dE =  7.89187E-02
SCF Iteration 271: Energy = 4.5689381734262335 dE = -7.89187E-02
SCF Iteration 272: Energy = 4.6478568954503521 dE =  7.89187E-02
SCF Iteration 273: Energy = 4.5689381734262096 dE = -7.89187E-02
SCF Iteration 274: Energy = 4.6478568954503263 dE =  7.89187E-02
SCF Iteration 275: Energy = 4.5689381734261865 dE = -7.89187E-02
SCF Iteration 276: Energy = 4.6478568954503237 dE =  7.89187E-02
SCF Iteration 277: Energy = 4.5689381734261776 dE = -7.89187E-02
SCF Iteration 278: Energy = 4.6478568954503112 dE =  7.89187E-02
SCF Iteration 279: Energy = 4.5689381734261696 dE = -7.89187E-02
SCF Iteration 280: Energy = 4.6478568954502988 dE =  7.89187E-02
SCF Iteration 281: Energy = 4.5689381734261678 dE = -7.89187E-02
SCF Iteration 282: Energy = 4.6478568954502970 dE =  7.89187E-02
SCF Iteration 283: Energy = 4.5689381734261554 dE = -7.89187E-02
SCF Iteration 284: Energy = 4.6478568954502864 dE =  7.89187E-02
SCF Iteration 285: Energy = 4.5689381734261527 dE = -7.89187E-02
SCF Iteration 286: Energy = 4.6478568954502801 dE =  7.89187E-02
SCF Iteration 287: Energy = 4.5689381734261438 dE = -7.89187E-02
SCF Iteration 288: Energy = 4.6478568954502757 dE =  7.89187E-02
SCF Iteration 289: Energy = 4.5689381734261394 dE = -7.89187E-02
SCF Iteration 290: Energy = 4.6478568954502677 dE =  7.89187E-02
SCF Iteration 291: Energy = 4.5689381734261385 dE = -7.89187E-02
SCF Iteration 292: Energy = 4.6478568954502686 dE =  7.89187E-02
SCF Iteration 293: Energy = 4.5689381734261438 dE = -7.89187E-02
SCF Iteration 294: Energy = 4.6478568954502739 dE =  7.89187E-02
SCF Iteration 295: Energy = 4.5689381734261332 dE = -7.89187E-02
SCF Iteration 296: Energy = 4.6478568954502668 dE =  7.89187E-02
SCF Iteration 297: Energy = 4.5689381734261341 dE = -7.89187E-02
SCF Iteration 298: Energy = 4.6478568954502668 dE =  7.89187E-02
SCF Iteration 299: Energy = 4.5689381734261350 dE = -7.89187E-02
SCF Iteration 300: Energy = 4.6478568954502748 dE =  7.89187E-02
SCF Iteration 301: Energy = 4.5689381734261394 dE = -7.89187E-02
SCF Iteration 302: Energy = 4.6478568954502713 dE =  7.89187E-02
SCF Iteration 303: Energy = 4.5689381734261412 dE = -7.89187E-02
SCF Iteration 304: Energy = 4.6478568954502650 dE =  7.89187E-02
SCF Iteration 305: Energy = 4.5689381734261296 dE = -7.89187E-02
SCF Iteration 306: Energy = 4.6478568954502615 dE =  7.89187E-02
SCF Iteration 307: Energy = 4.5689381734261394 dE = -7.89187E-02
SCF Iteration 308: Energy = 4.6478568954502659 dE =  7.89187E-02
SCF Iteration 309: Energy = 4.5689381734261341 dE = -7.89187E-02
SCF Iteration 310: Energy = 4.6478568954502677 dE =  7.89187E-02
SCF Iteration 311: Energy = 4.5689381734261287 dE = -7.89187E-02
SCF Iteration 312: Energy = 4.6478568954502615 dE =  7.89187E-02
SCF Iteration 313: Energy = 4.5689381734261243 dE = -7.89187E-02
SCF Iteration 314: Energy = 4.6478568954502641 dE =  7.89187E-02
SCF Iteration 315: Energy = 4.5689381734261332 dE = -7.89187E-02
SCF Iteration 316: Energy = 4.6478568954502668 dE =  7.89187E-02
SCF Iteration 317: Energy = 4.5689381734261341 dE = -7.89187E-02
SCF Iteration 318: Energy = 4.6478568954502615 dE =  7.89187E-02
SCF Iteration 319: Energy = 4.5689381734261323 dE = -7.89187E-02
SCF Iteration 320: Energy = 4.6478568954502668 dE =  7.89187E-02
SCF Iteration 321: Energy = 4.5689381734261341 dE = -7.89187E-02
SCF Iteration 322: Energy = 4.6478568954502624 dE =  7.89187E-02
SCF Iteration 323: Energy = 4.5689381734261305 dE = -7.89187E-02
SCF Iteration 324: Energy = 4.6478568954502659 dE =  7.89187E-02
SCF Iteration 325: Energy = 4.5689381734261350 dE = -7.89187E-02
SCF Iteration 326: Energy = 4.6478568954502668 dE =  7.89187E-02
SCF Iteration 327: Energy = 4.5689381734261385 dE = -7.89187E-02
SCF Iteration 328: Energy = 4.6478568954502686 dE =  7.89187E-02
SCF Iteration 329: Energy = 4.5689381734261367 dE = -7.89187E-02
SCF Iteration 330: Energy = 4.6478568954502633 dE =  7.89187E-02
SCF Iteration 331: Energy = 4.5689381734261358 dE = -7.89187E-02
SCF Iteration 332: Energy = 4.6478568954502650 dE =  7.89187E-02
SCF Iteration 333: Energy = 4.5689381734261341 dE = -7.89187E-02
SCF Iteration 334: Energy = 4.6478568954502659 dE =  7.89187E-02
SCF Iteration 335: Energy = 4.5689381734261332 dE = -7.89187E-02
SCF Iteration 336: Energy = 4.6478568954502606 dE =  7.89187E-02
SCF Iteration 337: Energy = 4.5689381734261270 dE = -7.89187E-02
SCF Iteration 338: Energy = 4.6478568954502650 dE =  7.89187E-02
SCF Iteration 339: Energy = 4.5689381734261287 dE = -7.89187E-02
SCF Iteration 340: Energy = 4.6478568954502641 dE =  7.89187E-02
SCF Iteration 341: Energy = 4.5689381734261305 dE = -7.89187E-02
SCF Iteration 342: Energy = 4.6478568954502606 dE =  7.89187E-02
SCF Iteration 343: Energy = 4.5689381734261305 dE = -7.89187E-02
SCF Iteration 344: Energy = 4.6478568954502713 dE =  7.89187E-02
SCF Iteration 345: Energy = 4.5689381734261376 dE = -7.89187E-02
SCF Iteration 346: Energy = 4.6478568954502659 dE =  7.89187E-02
SCF Iteration 347: Energy = 4.5689381734261332 dE = -7.89187E-02
SCF Iteration 348: Energy = 4.6478568954502650 dE =  7.89187E-02
SCF Iteration 349: Energy = 4.5689381734261305 dE = -7.89187E-02
SCF Iteration 350: Energy = 4.6478568954502659 dE =  7.89187E-02
SCF Iteration 351: Energy = 4.5689381734261323 dE = -7.89187E-02
SCF Iteration 352: Energy = 4.6478568954502633 dE =  7.89187E-02
SCF Iteration 353: Energy = 4.5689381734261305 dE = -7.89187E-02
SCF Iteration 354: Energy = 4.6478568954502668 dE =  7.89187E-02
SCF Iteration 355: Energy = 4.5689381734261367 dE = -7.89187E-02
SCF Iteration 356: Energy = 4.6478568954502579 dE =  7.89187E-02
SCF Iteration 357: Energy = 4.5689381734261287 dE = -7.89187E-02
SCF Iteration 358: Energy = 4.6478568954502668 dE =  7.89187E-02
SCF Iteration 359: Energy = 4.5689381734261323 dE = -7.89187E-02
SCF Iteration 360: Energy = 4.6478568954502633 dE =  7.89187E-02
SCF Iteration 361: Energy = 4.5689381734261323 dE = -7.89187E-02
SCF Iteration 362: Energy = 4.6478568954502615 dE =  7.89187E-02
SCF Iteration 363: Energy = 4.5689381734261305 dE = -7.89187E-02
SCF Iteration 364: Energy = 4.6478568954502579 dE =  7.89187E-02
SCF Iteration 365: Energy = 4.5689381734261216 dE = -7.89187E-02
SCF Iteration 366: Energy = 4.6478568954502704 dE =  7.89187E-02
SCF Iteration 367: Energy = 4.5689381734261296 dE = -7.89187E-02
SCF Iteration 368: Energy = 4.6478568954502597 dE =  7.89187E-02
SCF Iteration 369: Energy = 4.5689381734261252 dE = -7.89187E-02
SCF Iteration 370: Energy = 4.6478568954502704 dE =  7.89187E-02
SCF Iteration 371: Energy = 4.5689381734261358 dE = -7.89187E-02
SCF Iteration 372: Energy = 4.6478568954502668 dE =  7.89187E-02
SCF Iteration 373: Energy = 4.5689381734261278 dE = -7.89187E-02
SCF Iteration 374: Energy = 4.6478568954502668 dE =  7.89187E-02
SCF Iteration 375: Energy = 4.5689381734261358 dE = -7.89187E-02
SCF Iteration 376: Energy = 4.6478568954502633 dE =  7.89187E-02
SCF Iteration 377: Energy = 4.5689381734261341 dE = -7.89187E-02
SCF Iteration 378: Energy = 4.6478568954502597 dE =  7.89187E-02
SCF Iteration 379: Energy = 4.5689381734261234 dE = -7.89187E-02
SCF Iteration 380: Energy = 4.6478568954502615 dE =  7.89187E-02
SCF Iteration 381: Energy = 4.5689381734261270 dE = -7.89187E-02
SCF Iteration 382: Energy = 4.6478568954502633 dE =  7.89187E-02
SCF Iteration 383: Energy = 4.5689381734261252 dE = -7.89187E-02
SCF Iteration 384: Energy = 4.6478568954502624 dE =  7.89187E-02
SCF Iteration 385: Energy = 4.5689381734261234 dE = -7.89187E-02
SCF Iteration 386: Energy = 4.6478568954502588 dE =  7.89187E-02
SCF Iteration 387: Energy = 4.5689381734261252 dE = -7.89187E-02
SCF Iteration 388: Energy = 4.6478568954502597 dE =  7.89187E-02
SCF Iteration 389: Energy = 4.5689381734261261 dE = -7.89187E-02
SCF Iteration 390: Energy = 4.6478568954502562 dE =  7.89187E-02
SCF Iteration 391: Energy = 4.5689381734261234 dE = -7.89187E-02
SCF Iteration 392: Energy = 4.6478568954502570 dE =  7.89187E-02
SCF Iteration 393: Energy = 4.5689381734261323 dE = -7.89187E-02
SCF Iteration 394: Energy = 4.6478568954502650 dE =  7.89187E-02
SCF Iteration 395: Energy = 4.5689381734261350 dE = -7.89187E-02
SCF Iteration 396: Energy = 4.6478568954502668 dE =  7.89187E-02
SCF Iteration 397: Energy = 4.5689381734261341 dE = -7.89187E-02
SCF Iteration 398: Energy = 4.6478568954502695 dE =  7.89187E-02
SCF Iteration 399: Energy = 4.5689381734261350 dE = -7.89187E-02
SCF Iteration 400: Energy = 4.6478568954502713 dE =  7.89187E-02
SCF Iteration 401: Energy = 4.5689381734261305 dE = -7.89187E-02
SCF Iteration 402: Energy = 4.6478568954502695 dE =  7.89187E-02
SCF Iteration 403: Energy = 4.5689381734261341 dE = -7.89187E-02
SCF Iteration 404: Energy = 4.6478568954502686 dE =  7.89187E-02
SCF Iteration 405: Energy = 4.5689381734261358 dE = -7.89187E-02
SCF Iteration 406: Energy = 4.6478568954502721 dE =  7.89187E-02
SCF Iteration 407: Energy = 4.5689381734261358 dE = -7.89187E-02
SCF Iteration 408: Energy = 4.6478568954502721 dE =  7.89187E-02
SCF Iteration 409: Energy = 4.5689381734261367 dE = -7.89187E-02
SCF Iteration 410: Energy = 4.6478568954502677 dE =  7.89187E-02
SCF Iteration 411: Energy = 4.5689381734261341 dE = -7.89187E-02
SCF Iteration 412: Energy = 4.6478568954502695 dE =  7.89187E-02
SCF Iteration 413: Energy = 4.5689381734261429 dE = -7.89187E-02
SCF Iteration 414: Energy = 4.6478568954502739 dE =  7.89187E-02
SCF Iteration 415: Energy = 4.5689381734261412 dE = -7.89187E-02
SCF Iteration 416: Energy = 4.6478568954502739 dE =  7.89187E-02
SCF Iteration 417: Energy = 4.5689381734261341 dE = -7.89187E-02
SCF Iteration 418: Energy = 4.6478568954502686 dE =  7.89187E-02
SCF Iteration 419: Energy = 4.5689381734261412 dE = -7.89187E-02
SCF Iteration 420: Energy = 4.6478568954502659 dE =  7.89187E-02
SCF Iteration 421: Energy = 4.5689381734261447 dE = -7.89187E-02
SCF Iteration 422: Energy = 4.6478568954502686 dE =  7.89187E-02
SCF Iteration 423: Energy = 4.5689381734261358 dE = -7.89187E-02
SCF Iteration 424: Energy = 4.6478568954502721 dE =  7.89187E-02
SCF Iteration 425: Energy = 4.5689381734261341 dE = -7.89187E-02
SCF Iteration 426: Energy = 4.6478568954502650 dE =  7.89187E-02
SCF Iteration 427: Energy = 4.5689381734261394 dE = -7.89187E-02
SCF Iteration 428: Energy = 4.6478568954502668 dE =  7.89187E-02
SCF Iteration 429: Energy = 4.5689381734261358 dE = -7.89187E-02
SCF Iteration 430: Energy = 4.6478568954502792 dE =  7.89187E-02
SCF Iteration 431: Energy = 4.5689381734261447 dE = -7.89187E-02
SCF Iteration 432: Energy = 4.6478568954502739 dE =  7.89187E-02
SCF Iteration 433: Energy = 4.5689381734261429 dE = -7.89187E-02
SCF Iteration 434: Energy = 4.6478568954502757 dE =  7.89187E-02
SCF Iteration 435: Energy = 4.5689381734261287 dE = -7.89187E-02
SCF Iteration 436: Energy = 4.6478568954502579 dE =  7.89187E-02
SCF Iteration 437: Energy = 4.5689381734261287 dE = -7.89187E-02
SCF Iteration 438: Energy = 4.6478568954502615 dE =  7.89187E-02
SCF Iteration 439: Energy = 4.5689381734261234 dE = -7.89187E-02
SCF Iteration 440: Energy = 4.6478568954502597 dE =  7.89187E-02
SCF Iteration 441: Energy = 4.5689381734261314 dE = -7.89187E-02
SCF Iteration 442: Energy = 4.6478568954502588 dE =  7.89187E-02
SCF Iteration 443: Energy = 4.5689381734261305 dE = -7.89187E-02
SCF Iteration 444: Energy = 4.6478568954502659 dE =  7.89187E-02
SCF Iteration 445: Energy = 4.5689381734261385 dE = -7.89187E-02
SCF Iteration 446: Energy = 4.6478568954502615 dE =  7.89187E-02
SCF Iteration 447: Energy = 4.5689381734261287 dE = -7.89187E-02
SCF Iteration 448: Energy = 4.6478568954502606 dE =  7.89187E-02
SCF Iteration 449: Energy = 4.5689381734261234 dE = -7.89187E-02
SCF Iteration 450: Energy = 4.6478568954502659 dE =  7.89187E-02
SCF Iteration 451: Energy = 4.5689381734261296 dE = -7.89187E-02
SCF Iteration 452: Energy = 4.6478568954502641 dE =  7.89187E-02
SCF Iteration 453: Energy = 4.5689381734261323 dE = -7.89187E-02
SCF Iteration 454: Energy = 4.6478568954502686 dE =  7.89187E-02
SCF Iteration 455: Energy = 4.5689381734261376 dE = -7.89187E-02
SCF Iteration 456: Energy = 4.6478568954502633 dE =  7.89187E-02
SCF Iteration 457: Energy = 4.5689381734261278 dE = -7.89187E-02
SCF Iteration 458: Energy = 4.6478568954502633 dE =  7.89187E-02
SCF Iteration 459: Energy = 4.5689381734261305 dE = -7.89187E-02
SCF Iteration 460: Energy = 4.6478568954502633 dE =  7.89187E-02
SCF Iteration 461: Energy = 4.5689381734261323 dE = -7.89187E-02
SCF Iteration 462: Energy = 4.6478568954502624 dE =  7.89187E-02
SCF Iteration 463: Energy = 4.5689381734261225 dE = -7.89187E-02
SCF Iteration 464: Energy = 4.6478568954502713 dE =  7.89187E-02
SCF Iteration 465: Energy = 4.5689381734261376 dE = -7.89187E-02
SCF Iteration 466: Energy = 4.6478568954502641 dE =  7.89187E-02
SCF Iteration 467: Energy = 4.5689381734261261 dE = -7.89187E-02
SCF Iteration 468: Energy = 4.6478568954502650 dE =  7.89187E-02
SCF Iteration 469: Energy = 4.5689381734261243 dE = -7.89187E-02
SCF Iteration 470: Energy = 4.6478568954502597 dE =  7.89187E-02
SCF Iteration 471: Energy = 4.5689381734261207 dE = -7.89187E-02
SCF Iteration 472: Energy = 4.6478568954502686 dE =  7.89187E-02
SCF Iteration 473: Energy = 4.5689381734261341 dE = -7.89187E-02
SCF Iteration 474: Energy = 4.6478568954502713 dE =  7.89187E-02
SCF Iteration 475: Energy = 4.5689381734261376 dE = -7.89187E-02
SCF Iteration 476: Energy = 4.6478568954502615 dE =  7.89187E-02
SCF Iteration 477: Energy = 4.5689381734261323 dE = -7.89187E-02
SCF Iteration 478: Energy = 4.6478568954502686 dE =  7.89187E-02
SCF Iteration 479: Energy = 4.5689381734261296 dE = -7.89187E-02
SCF Iteration 480: Energy = 4.6478568954502650 dE =  7.89187E-02
SCF Iteration 481: Energy = 4.5689381734261394 dE = -7.89187E-02
SCF Iteration 482: Energy = 4.6478568954502686 dE =  7.89187E-02
SCF Iteration 483: Energy = 4.5689381734261323 dE = -7.89187E-02
SCF Iteration 484: Energy = 4.6478568954502695 dE =  7.89187E-02
SCF Iteration 485: Energy = 4.5689381734261341 dE = -7.89187E-02
SCF Iteration 486: Energy = 4.6478568954502721 dE =  7.89187E-02
SCF Iteration 487: Energy = 4.5689381734261358 dE = -7.89187E-02
SCF Iteration 488: Energy = 4.6478568954502659 dE =  7.89187E-02
SCF Iteration 489: Energy = 4.5689381734261385 dE = -7.89187E-02
SCF Iteration 490: Energy = 4.6478568954502650 dE =  7.89187E-02
SCF Iteration 491: Energy = 4.5689381734261296 dE = -7.89187E-02
SCF Iteration 492: Energy = 4.6478568954502544 dE =  7.89187E-02
SCF Iteration 493: Energy = 4.5689381734261225 dE = -7.89187E-02
SCF Iteration 494: Energy = 4.6478568954502544 dE =  7.89187E-02
SCF Iteration 495: Energy = 4.5689381734261252 dE = -7.89187E-02
SCF Iteration 496: Energy = 4.6478568954502535 dE =  7.89187E-02
SCF Iteration 497: Energy = 4.5689381734261181 dE = -7.89187E-02
SCF Iteration 498: Energy = 4.6478568954502597 dE =  7.89187E-02
SCF Iteration 499: Energy = 4.5689381734261270 dE = -7.89187E-02
SCF Iteration 500: Energy = 4.6478568954502544 dE =  7.89187E-02
