
  Memory set to  55.879 GiB by Python driver.
  Threads set to 1 by Python driver.
Settings:
	LOT = CCSD-S1-U21
	wc = 20.0 eV
	lambda = [0.969939 0.       0.      ] a.u.
	Equivalent A0 = LAMBDA / sqrt(2 wc) = [0.8 0.  0. ])
doing QED-CCSD-1 (or QED-CCSD-21)
Number of occupied orbitals:   1
Number of basis functions:  60
SCF Iteration   1: Energy = 4.4437923221642741 dE =  4.44379E+00
SCF Iteration   2: Energy = 4.9431680459470737 dE =  4.99376E-01
SCF Iteration   3: Energy = 4.6767872234738332 dE = -2.66381E-01
SCF Iteration   4: Energy = 4.9081961298510066 dE =  2.31409E-01
SCF Iteration   5: Energy = 4.7810006359225863 dE = -1.27195E-01
SCF Iteration   6: Energy = 4.9103296615671859 dE =  1.29329E-01
SCF Iteration   7: Energy = 4.8213166752064200 dE = -8.90130E-02
SCF Iteration   8: Energy = 4.9124612033333515 dE =  9.11445E-02
SCF Iteration   9: Energy = 4.8366292602442149 dE = -7.58319E-02
SCF Iteration  10: Energy = 4.9118742464008864 dE =  7.52450E-02
SCF Iteration  11: Energy = 4.8411525532322255 dE = -7.07217E-02
SCF Iteration  12: Energy = 4.9092196879928842 dE =  6.80671E-02
SCF Iteration  13: Energy = 4.8406426016202708 dE = -6.85771E-02
SCF Iteration  14: Energy = 4.9053635585707500 dE =  6.47210E-02
SCF Iteration  15: Energy = 4.8377656671952769 dE = -6.75979E-02
SCF Iteration  16: Energy = 4.9009862445486903 dE =  6.32206E-02
SCF Iteration  17: Energy = 4.8338875886448358 dE = -6.70987E-02
SCF Iteration  18: Energy = 4.8965502528674776 dE =  6.26627E-02
SCF Iteration  19: Energy = 4.8297424906285045 dE = -6.68078E-02
SCF Iteration  20: Energy = 4.8923378773921797 dE =  6.25954E-02
SCF Iteration  21: Energy = 4.8257232786327009 dE = -6.66146E-02
SCF Iteration  22: Energy = 4.8885004011485798 dE =  6.27771E-02
SCF Iteration  23: Energy = 4.8220276327103804 dE = -6.64728E-02
SCF Iteration  24: Energy = 4.8851014909184984 dE =  6.30739E-02
SCF Iteration  25: Energy = 4.8187396009559968 dE = -6.63619E-02
SCF Iteration  26: Energy = 4.8821502560745804 dE =  6.34107E-02
SCF Iteration  27: Energy = 4.8158779836274181 dE = -6.62723E-02
SCF Iteration  28: Energy = 4.8796244150278323 dE =  6.37464E-02
SCF Iteration  29: Energy = 4.8134257028462084 dE = -6.61987E-02
SCF Iteration  30: Energy = 4.8774856009900738 dE =  6.40599E-02
SCF Iteration  31: Energy = 4.8113476308114702 dE = -6.61380E-02
SCF Iteration  32: Energy = 4.8756889784102011 dE =  6.43413E-02
SCF Iteration  33: Energy = 4.8096012360999971 dE = -6.60877E-02
SCF Iteration  34: Energy = 4.8741889733552384 dE =  6.45877E-02
SCF Iteration  35: Energy = 4.8081427392462572 dE = -6.60462E-02
SCF Iteration  36: Energy = 4.8729424589955546 dE =  6.47997E-02
SCF Iteration  37: Energy = 4.8069304800455468 dE = -6.60120E-02
SCF Iteration  38: Energy = 4.8719103336377856 dE =  6.49799E-02
SCF Iteration  39: Energy = 4.8059265804500377 dE = -6.59838E-02
SCF Iteration  40: Energy = 4.8710581205038253 dE =  6.51315E-02
SCF Iteration  41: Energy = 4.8050975908901963 dE = -6.59605E-02
SCF Iteration  42: Energy = 4.8703559989361356 dE =  6.52584E-02
SCF Iteration  43: Energy = 4.8044145526498614 dE = -6.59414E-02
SCF Iteration  44: Energy = 4.8697785268360558 dE =  6.53640E-02
SCF Iteration  45: Energy = 4.8038527447530424 dE = -6.59258E-02
SCF Iteration  46: Energy = 4.8693042147183299 dE =  6.54515E-02
SCF Iteration  47: Energy = 4.8033912788314641 dE = -6.59129E-02
SCF Iteration  48: Energy = 4.8689150472505895 dE =  6.55238E-02
SCF Iteration  49: Energy = 4.8030126388732377 dE = -6.59024E-02
SCF Iteration  50: Energy = 4.8685960070942018 dE =  6.55834E-02
SCF Iteration  51: Energy = 4.8027022210166539 dE = -6.58938E-02
SCF Iteration  52: Energy = 4.8683346302550987 dE =  6.56324E-02
SCF Iteration  53: Energy = 4.8024479027646017 dE = -6.58867E-02
SCF Iteration  54: Energy = 4.8681206065494864 dE =  6.56727E-02
SCF Iteration  55: Energy = 4.8022396553749687 dE = -6.58810E-02
SCF Iteration  56: Energy = 4.8679454295701117 dE =  6.57058E-02
SCF Iteration  57: Energy = 4.8020692039844155 dE = -6.58762E-02
SCF Iteration  58: Energy = 4.8678020953347882 dE =  6.57329E-02
SCF Iteration  59: Energy = 4.8019297348374295 dE = -6.58724E-02
SCF Iteration  60: Energy = 4.8676848460750382 dE =  6.57551E-02
SCF Iteration  61: Energy = 4.8018156462733979 dE = -6.58692E-02
SCF Iteration  62: Energy = 4.8675889543971529 dE =  6.57733E-02
SCF Iteration  63: Energy = 4.8017223388937404 dE = -6.58666E-02
SCF Iteration  64: Energy = 4.8675105427008454 dE =  6.57882E-02
SCF Iteration  65: Energy = 4.8016460399694720 dE = -6.58645E-02
SCF Iteration  66: Energy = 4.8674464328818061 dE =  6.58004E-02
SCF Iteration  67: Energy = 4.8015836572736807 dE = -6.58628E-02
SCF Iteration  68: Energy = 4.8673940217386971 dE =  6.58104E-02
SCF Iteration  69: Energy = 4.8015326578977060 dE = -6.58614E-02
SCF Iteration  70: Energy = 4.8673511780064560 dE =  6.58185E-02
SCF Iteration  71: Energy = 4.8014909680928017 dE = -6.58602E-02
SCF Iteration  72: Energy = 4.8673161574658721 dE =  6.58252E-02
SCF Iteration  73: Energy = 4.8014568906891064 dE = -6.58593E-02
SCF Iteration  74: Energy = 4.8672875330869987 dE =  6.58306E-02
SCF Iteration  75: Energy = 4.8014290371355317 dE = -6.58585E-02
SCF Iteration  76: Energy = 4.8672641376279131 dE =  6.58351E-02
SCF Iteration  77: Energy = 4.8014062716545034 dE = -6.58579E-02
SCF Iteration  78: Energy = 4.8672450165225944 dE =  6.58387E-02
SCF Iteration  79: Energy = 4.8013876654050094 dE = -6.58574E-02
SCF Iteration  80: Energy = 4.8672293892483349 dE =  6.58417E-02
SCF Iteration  81: Energy = 4.8013724588947255 dE = -6.58569E-02
SCF Iteration  82: Energy = 4.8672166176693619 dE =  6.58442E-02
SCF Iteration  83: Energy = 4.8013600311790547 dE = -6.58566E-02
SCF Iteration  84: Energy = 4.8672061801114923 dE =  6.58461E-02
SCF Iteration  85: Energy = 4.8013498746356209 dE = -6.58563E-02
SCF Iteration  86: Energy = 4.8671976501397038 dE =  6.58478E-02
SCF Iteration  87: Energy = 4.8013415743146393 dE = -6.58561E-02
SCF Iteration  88: Energy = 4.8671906791917774 dE =  6.58491E-02
SCF Iteration  89: Energy = 4.8013347910408974 dE = -6.58559E-02
SCF Iteration  90: Energy = 4.8671849823711577 dE =  6.58502E-02
SCF Iteration  91: Energy = 4.8013292475897895 dE = -6.58557E-02
SCF Iteration  92: Energy = 4.8671803268271248 dE =  6.58511E-02
SCF Iteration  93: Energy = 4.8013247173806137 dE = -6.58556E-02
SCF Iteration  94: Energy = 4.8671765222525893 dE =  6.58518E-02
SCF Iteration  95: Energy = 4.8013210152304637 dE = -6.58555E-02
SCF Iteration  96: Energy = 4.8671734131147364 dE =  6.58524E-02
SCF Iteration  97: Energy = 4.8013179897942191 dE = -6.58554E-02
SCF Iteration  98: Energy = 4.8671708723031983 dE =  6.58529E-02
SCF Iteration  99: Energy = 4.8013155173838804 dE = -6.58554E-02
SCF Iteration 100: Energy = 4.8671687959377179 dE =  6.58533E-02
SCF Iteration 101: Energy = 4.8013134969159257 dE = -6.58553E-02
SCF Iteration 102: Energy = 4.8671670991236464 dE =  6.58536E-02
SCF Iteration 103: Energy = 4.8013118457813473 dE = -6.58553E-02
SCF Iteration 104: Energy = 4.8671657124827483 dE =  6.58539E-02
SCF Iteration 105: Energy = 4.8013104964697328 dE = -6.58552E-02
SCF Iteration 106: Energy = 4.8671645793176506 dE =  6.58541E-02
SCF Iteration 107: Energy = 4.8013093938100813 dE = -6.58552E-02
SCF Iteration 108: Energy = 4.8671636532943214 dE =  6.58543E-02
SCF Iteration 109: Energy = 4.8013084927157852 dE = -6.58552E-02
SCF Iteration 110: Energy = 4.8671628965480283 dE =  6.58544E-02
SCF Iteration 111: Energy = 4.8013077563414424 dE = -6.58551E-02
SCF Iteration 112: Energy = 4.8671622781353179 dE =  6.58545E-02
SCF Iteration 113: Energy = 4.8013071545766621 dE = -6.58551E-02
SCF Iteration 114: Energy = 4.8671617727690286 dE =  6.58546E-02
SCF Iteration 115: Energy = 4.8013066628150307 dE = -6.58551E-02
SCF Iteration 116: Energy = 4.8671613597843226 dE =  6.58547E-02
SCF Iteration 117: Energy = 4.8013062609480244 dE = -6.58551E-02
SCF Iteration 118: Energy = 4.8671610222938524 dE =  6.58548E-02
SCF Iteration 119: Energy = 4.8013059325429168 dE = -6.58551E-02
SCF Iteration 120: Energy = 4.8671607464972340 dE =  6.58548E-02
SCF Iteration 121: Energy = 4.8013056641708332 dE = -6.58551E-02
SCF Iteration 122: Energy = 4.8671605211167615 dE =  6.58549E-02
SCF Iteration 123: Energy = 4.8013054448576629 dE = -6.58551E-02
SCF Iteration 124: Energy = 4.8671603369362906 dE =  6.58549E-02
SCF Iteration 125: Energy = 4.8013052656353832 dE = -6.58551E-02
SCF Iteration 126: Energy = 4.8671601864244067 dE =  6.58549E-02
SCF Iteration 127: Energy = 4.8013051191753178 dE = -6.58551E-02
SCF Iteration 128: Energy = 4.8671600634264367 dE =  6.58549E-02
SCF Iteration 129: Energy = 4.8013049994884875 dE = -6.58551E-02
SCF Iteration 130: Energy = 4.8671599629127762 dE =  6.58550E-02
SCF Iteration 131: Energy = 4.8013049016806910 dE = -6.58551E-02
SCF Iteration 132: Energy = 4.8671598807732437 dE =  6.58550E-02
SCF Iteration 133: Energy = 4.8013048217523764 dE = -6.58551E-02
SCF Iteration 134: Energy = 4.8671598136490335 dE =  6.58550E-02
SCF Iteration 135: Energy = 4.8013047564351528 dE = -6.58551E-02
SCF Iteration 136: Energy = 4.8671597587952871 dE =  6.58550E-02
SCF Iteration 137: Energy = 4.8013047030580855 dE = -6.58551E-02
SCF Iteration 138: Energy = 4.8671597139689222 dE =  6.58550E-02
SCF Iteration 139: Energy = 4.8013046594384754 dE = -6.58551E-02
SCF Iteration 140: Energy = 4.8671596773369359 dE =  6.58550E-02
SCF Iteration 141: Energy = 4.8013046237926300 dE = -6.58551E-02
SCF Iteration 142: Energy = 4.8671596474013796 dE =  6.58550E-02
SCF Iteration 143: Energy = 4.8013045946629296 dE = -6.58551E-02
SCF Iteration 144: Energy = 4.8671596229380993 dE =  6.58550E-02
SCF Iteration 145: Energy = 4.8013045708582069 dE = -6.58551E-02
SCF Iteration 146: Energy = 4.8671596029467814 dE =  6.58550E-02
SCF Iteration 147: Energy = 4.8013045514050674 dE = -6.58551E-02
SCF Iteration 148: Energy = 4.8671595866099242 dE =  6.58550E-02
SCF Iteration 149: Energy = 4.8013045355079980 dE = -6.58551E-02
SCF Iteration 150: Energy = 4.8671595732594799 dE =  6.58550E-02
SCF Iteration 151: Energy = 4.8013045225169613 dE = -6.58551E-02
SCF Iteration 152: Energy = 4.8671595623495438 dE =  6.58550E-02
SCF Iteration 153: Energy = 4.8013045119007103 dE = -6.58551E-02
SCF Iteration 154: Energy = 4.8671595534339591 dE =  6.58550E-02
SCF Iteration 155: Energy = 4.8013045032251407 dE = -6.58551E-02
SCF Iteration 156: Energy = 4.8671595461481711 dE =  6.58550E-02
SCF Iteration 157: Energy = 4.8013044961355025 dE = -6.58551E-02
SCF Iteration 158: Energy = 4.8671595401942405 dE =  6.58550E-02
SCF Iteration 159: Energy = 4.8013044903418471 dE = -6.58550E-02
SCF Iteration 160: Energy = 4.8671595353287183 dE =  6.58550E-02
SCF Iteration 161: Energy = 4.8013044856072948 dE = -6.58550E-02
SCF Iteration 162: Energy = 4.8671595313526099 dE =  6.58550E-02
SCF Iteration 163: Energy = 4.8013044817382351 dE = -6.58550E-02
SCF Iteration 164: Energy = 4.8671595281033522 dE =  6.58550E-02
SCF Iteration 165: Energy = 4.8013044785764460 dE = -6.58550E-02
SCF Iteration 166: Energy = 4.8671595254480646 dE =  6.58550E-02
SCF Iteration 167: Energy = 4.8013044759926231 dE = -6.58550E-02
SCF Iteration 168: Energy = 4.8671595232781630 dE =  6.58550E-02
SCF Iteration 169: Energy = 4.8013044738811432 dE = -6.58550E-02
SCF Iteration 170: Energy = 4.8671595215049415 dE =  6.58550E-02
SCF Iteration 171: Energy = 4.8013044721556586 dE = -6.58550E-02
SCF Iteration 172: Energy = 4.8671595200558606 dE =  6.58550E-02
SCF Iteration 173: Energy = 4.8013044707455874 dE = -6.58550E-02
SCF Iteration 174: Energy = 4.8671595188716701 dE =  6.58550E-02
SCF Iteration 175: Energy = 4.8013044695932781 dE = -6.58550E-02
SCF Iteration 176: Energy = 4.8671595179039597 dE =  6.58550E-02
SCF Iteration 177: Energy = 4.8013044686516180 dE = -6.58550E-02
SCF Iteration 178: Energy = 4.8671595171131514 dE =  6.58550E-02
SCF Iteration 179: Energy = 4.8013044678821082 dE = -6.58550E-02
SCF Iteration 180: Energy = 4.8671595164669030 dE =  6.58550E-02
SCF Iteration 181: Energy = 4.8013044672532441 dE = -6.58550E-02
SCF Iteration 182: Energy = 4.8671595159387859 dE =  6.58550E-02
SCF Iteration 183: Energy = 4.8013044667393396 dE = -6.58550E-02
SCF Iteration 184: Energy = 4.8671595155072174 dE =  6.58550E-02
SCF Iteration 185: Energy = 4.8013044663193911 dE = -6.58550E-02
SCF Iteration 186: Energy = 4.8671595151545315 dE =  6.58550E-02
SCF Iteration 187: Energy = 4.8013044659762141 dE = -6.58550E-02
SCF Iteration 188: Energy = 4.8671595148663265 dE =  6.58550E-02
SCF Iteration 189: Energy = 4.8013044656957522 dE = -6.58550E-02
SCF Iteration 190: Energy = 4.8671595146307922 dE =  6.58550E-02
SCF Iteration 191: Energy = 4.8013044654665693 dE = -6.58550E-02
SCF Iteration 192: Energy = 4.8671595144383257 dE =  6.58550E-02
SCF Iteration 193: Energy = 4.8013044652792756 dE = -6.58550E-02
SCF Iteration 194: Energy = 4.8671595142810347 dE =  6.58550E-02
SCF Iteration 195: Energy = 4.8013044651262353 dE = -6.58550E-02
SCF Iteration 196: Energy = 4.8671595141525117 dE =  6.58550E-02
SCF Iteration 197: Energy = 4.8013044650011558 dE = -6.58550E-02
SCF Iteration 198: Energy = 4.8671595140474695 dE =  6.58550E-02
SCF Iteration 199: Energy = 4.8013044648989442 dE = -6.58550E-02
SCF Iteration 200: Energy = 4.8671595139616377 dE =  6.58550E-02
SCF Iteration 201: Energy = 4.8013044648154279 dE = -6.58550E-02
SCF Iteration 202: Energy = 4.8671595138915009 dE =  6.58550E-02
SCF Iteration 203: Energy = 4.8013044647471661 dE = -6.58550E-02
SCF Iteration 204: Energy = 4.8671595138341672 dE =  6.58550E-02
SCF Iteration 205: Energy = 4.8013044646913769 dE = -6.58550E-02
SCF Iteration 206: Energy = 4.8671595137873185 dE =  6.58550E-02
SCF Iteration 207: Energy = 4.8013044646457939 dE = -6.58550E-02
SCF Iteration 208: Energy = 4.8671595137490273 dE =  6.58550E-02
SCF Iteration 209: Energy = 4.8013044646085454 dE = -6.58550E-02
SCF Iteration 210: Energy = 4.8671595137177555 dE =  6.58550E-02
SCF Iteration 211: Energy = 4.8013044645781147 dE = -6.58550E-02
SCF Iteration 212: Energy = 4.8671595136921981 dE =  6.58550E-02
SCF Iteration 213: Energy = 4.8013044645532421 dE = -6.58550E-02
SCF Iteration 214: Energy = 4.8671595136712984 dE =  6.58550E-02
SCF Iteration 215: Energy = 4.8013044645329011 dE = -6.58550E-02
SCF Iteration 216: Energy = 4.8671595136542471 dE =  6.58550E-02
SCF Iteration 217: Energy = 4.8013044645163019 dE = -6.58550E-02
SCF Iteration 218: Energy = 4.8671595136402859 dE =  6.58550E-02
SCF Iteration 219: Energy = 4.8013044645027234 dE = -6.58550E-02
SCF Iteration 220: Energy = 4.8671595136288879 dE =  6.58550E-02
SCF Iteration 221: Energy = 4.8013044644916256 dE = -6.58550E-02
SCF Iteration 222: Energy = 4.8671595136195638 dE =  6.58550E-02
SCF Iteration 223: Energy = 4.8013044644825591 dE = -6.58550E-02
SCF Iteration 224: Energy = 4.8671595136119503 dE =  6.58550E-02
SCF Iteration 225: Energy = 4.8013044644751570 dE = -6.58550E-02
SCF Iteration 226: Energy = 4.8671595136057402 dE =  6.58550E-02
SCF Iteration 227: Energy = 4.8013044644691067 dE = -6.58550E-02
SCF Iteration 228: Energy = 4.8671595136006545 dE =  6.58550E-02
SCF Iteration 229: Energy = 4.8013044644641543 dE = -6.58550E-02
SCF Iteration 230: Energy = 4.8671595135965013 dE =  6.58550E-02
SCF Iteration 231: Energy = 4.8013044644601148 dE = -6.58550E-02
SCF Iteration 232: Energy = 4.8671595135930934 dE =  6.58550E-02
SCF Iteration 233: Energy = 4.8013044644568090 dE = -6.58550E-02
SCF Iteration 234: Energy = 4.8671595135903249 dE =  6.58550E-02
SCF Iteration 235: Energy = 4.8013044644541054 dE = -6.58550E-02
SCF Iteration 236: Energy = 4.8671595135880619 dE =  6.58550E-02
SCF Iteration 237: Energy = 4.8013044644519054 dE = -6.58550E-02
SCF Iteration 238: Energy = 4.8671595135862082 dE =  6.58550E-02
SCF Iteration 239: Energy = 4.8013044644500980 dE = -6.58550E-02
SCF Iteration 240: Energy = 4.8671595135846939 dE =  6.58550E-02
SCF Iteration 241: Energy = 4.8013044644486200 dE = -6.58550E-02
SCF Iteration 242: Energy = 4.8671595135834504 dE =  6.58550E-02
SCF Iteration 243: Energy = 4.8013044644474210 dE = -6.58550E-02
SCF Iteration 244: Energy = 4.8671595135824326 dE =  6.58550E-02
SCF Iteration 245: Energy = 4.8013044644464333 dE = -6.58550E-02
SCF Iteration 246: Energy = 4.8671595135816066 dE =  6.58550E-02
SCF Iteration 247: Energy = 4.8013044644456269 dE = -6.58550E-02
SCF Iteration 248: Energy = 4.8671595135809351 dE =  6.58550E-02
SCF Iteration 249: Energy = 4.8013044644449696 dE = -6.58550E-02
SCF Iteration 250: Energy = 4.8671595135803774 dE =  6.58550E-02
SCF Iteration 251: Energy = 4.8013044644444367 dE = -6.58550E-02
SCF Iteration 252: Energy = 4.8671595135799297 dE =  6.58550E-02
SCF Iteration 253: Energy = 4.8013044644439997 dE = -6.58550E-02
SCF Iteration 254: Energy = 4.8671595135795638 dE =  6.58550E-02
SCF Iteration 255: Energy = 4.8013044644436382 dE = -6.58550E-02
SCF Iteration 256: Energy = 4.8671595135792654 dE =  6.58550E-02
SCF Iteration 257: Energy = 4.8013044644433460 dE = -6.58550E-02
SCF Iteration 258: Energy = 4.8671595135790167 dE =  6.58550E-02
SCF Iteration 259: Energy = 4.8013044644431009 dE = -6.58550E-02
SCF Iteration 260: Energy = 4.8671595135788159 dE =  6.58550E-02
SCF Iteration 261: Energy = 4.8013044644429028 dE = -6.58550E-02
SCF Iteration 262: Energy = 4.8671595135786525 dE =  6.58550E-02
SCF Iteration 263: Energy = 4.8013044644427456 dE = -6.58550E-02
SCF Iteration 264: Energy = 4.8671595135785051 dE =  6.58550E-02
SCF Iteration 265: Energy = 4.8013044644426088 dE = -6.58550E-02
SCF Iteration 266: Energy = 4.8671595135784091 dE =  6.58550E-02
SCF Iteration 267: Energy = 4.8013044644425058 dE = -6.58550E-02
SCF Iteration 268: Energy = 4.8671595135783203 dE =  6.58550E-02
SCF Iteration 269: Energy = 4.8013044644424241 dE = -6.58550E-02
SCF Iteration 270: Energy = 4.8671595135782475 dE =  6.58550E-02
SCF Iteration 271: Energy = 4.8013044644423513 dE = -6.58550E-02
SCF Iteration 272: Energy = 4.8671595135781871 dE =  6.58550E-02
SCF Iteration 273: Energy = 4.8013044644422989 dE = -6.58550E-02
SCF Iteration 274: Energy = 4.8671595135781320 dE =  6.58550E-02
SCF Iteration 275: Energy = 4.8013044644422465 dE = -6.58550E-02
SCF Iteration 276: Energy = 4.8671595135780992 dE =  6.58550E-02
SCF Iteration 277: Energy = 4.8013044644421994 dE = -6.58550E-02
SCF Iteration 278: Energy = 4.8671595135780610 dE =  6.58550E-02
SCF Iteration 279: Energy = 4.8013044644421727 dE = -6.58550E-02
SCF Iteration 280: Energy = 4.8671595135780361 dE =  6.58550E-02
SCF Iteration 281: Energy = 4.8013044644421514 dE = -6.58550E-02
SCF Iteration 282: Energy = 4.8671595135780183 dE =  6.58550E-02
SCF Iteration 283: Energy = 4.8013044644421301 dE = -6.58550E-02
SCF Iteration 284: Energy = 4.8671595135779988 dE =  6.58550E-02
SCF Iteration 285: Energy = 4.8013044644421212 dE = -6.58550E-02
SCF Iteration 286: Energy = 4.8671595135779846 dE =  6.58550E-02
SCF Iteration 287: Energy = 4.8013044644421026 dE = -6.58550E-02
SCF Iteration 288: Energy = 4.8671595135779793 dE =  6.58550E-02
SCF Iteration 289: Energy = 4.8013044644420901 dE = -6.58550E-02
SCF Iteration 290: Energy = 4.8671595135779633 dE =  6.58550E-02
SCF Iteration 291: Energy = 4.8013044644420830 dE = -6.58550E-02
SCF Iteration 292: Energy = 4.8671595135779562 dE =  6.58550E-02
SCF Iteration 293: Energy = 4.8013044644420653 dE = -6.58550E-02
SCF Iteration 294: Energy = 4.8671595135779508 dE =  6.58550E-02
SCF Iteration 295: Energy = 4.8013044644420724 dE = -6.58550E-02
SCF Iteration 296: Energy = 4.8671595135779420 dE =  6.58550E-02
SCF Iteration 297: Energy = 4.8013044644420626 dE = -6.58550E-02
SCF Iteration 298: Energy = 4.8671595135779402 dE =  6.58550E-02
SCF Iteration 299: Energy = 4.8013044644420528 dE = -6.58550E-02
SCF Iteration 300: Energy = 4.8671595135779393 dE =  6.58550E-02
SCF Iteration 301: Energy = 4.8013044644420511 dE = -6.58550E-02
SCF Iteration 302: Energy = 4.8671595135779322 dE =  6.58550E-02
SCF Iteration 303: Energy = 4.8013044644420440 dE = -6.58550E-02
SCF Iteration 304: Energy = 4.8671595135779313 dE =  6.58550E-02
SCF Iteration 305: Energy = 4.8013044644420386 dE = -6.58550E-02
SCF Iteration 306: Energy = 4.8671595135779215 dE =  6.58550E-02
SCF Iteration 307: Energy = 4.8013044644420448 dE = -6.58550E-02
SCF Iteration 308: Energy = 4.8671595135779206 dE =  6.58550E-02
SCF Iteration 309: Energy = 4.8013044644420457 dE = -6.58550E-02
SCF Iteration 310: Energy = 4.8671595135779260 dE =  6.58550E-02
SCF Iteration 311: Energy = 4.8013044644420440 dE = -6.58550E-02
SCF Iteration 312: Energy = 4.8671595135779242 dE =  6.58550E-02
SCF Iteration 313: Energy = 4.8013044644420297 dE = -6.58550E-02
SCF Iteration 314: Energy = 4.8671595135779215 dE =  6.58550E-02
SCF Iteration 315: Energy = 4.8013044644420351 dE = -6.58550E-02
SCF Iteration 316: Energy = 4.8671595135779135 dE =  6.58550E-02
SCF Iteration 317: Energy = 4.8013044644420368 dE = -6.58550E-02
SCF Iteration 318: Energy = 4.8671595135779082 dE =  6.58550E-02
SCF Iteration 319: Energy = 4.8013044644420342 dE = -6.58550E-02
SCF Iteration 320: Energy = 4.8671595135779118 dE =  6.58550E-02
SCF Iteration 321: Energy = 4.8013044644420377 dE = -6.58550E-02
SCF Iteration 322: Energy = 4.8671595135779171 dE =  6.58550E-02
SCF Iteration 323: Energy = 4.8013044644420315 dE = -6.58550E-02
SCF Iteration 324: Energy = 4.8671595135779189 dE =  6.58550E-02
SCF Iteration 325: Energy = 4.8013044644420306 dE = -6.58550E-02
SCF Iteration 326: Energy = 4.8671595135779189 dE =  6.58550E-02
SCF Iteration 327: Energy = 4.8013044644420422 dE = -6.58550E-02
SCF Iteration 328: Energy = 4.8671595135779215 dE =  6.58550E-02
SCF Iteration 329: Energy = 4.8013044644420315 dE = -6.58550E-02
SCF Iteration 330: Energy = 4.8671595135779109 dE =  6.58550E-02
SCF Iteration 331: Energy = 4.8013044644420226 dE = -6.58550E-02
SCF Iteration 332: Energy = 4.8671595135779118 dE =  6.58550E-02
SCF Iteration 333: Energy = 4.8013044644420253 dE = -6.58550E-02
SCF Iteration 334: Energy = 4.8671595135779011 dE =  6.58550E-02
SCF Iteration 335: Energy = 4.8013044644420271 dE = -6.58550E-02
SCF Iteration 336: Energy = 4.8671595135779047 dE =  6.58550E-02
SCF Iteration 337: Energy = 4.8013044644420315 dE = -6.58550E-02
SCF Iteration 338: Energy = 4.8671595135779162 dE =  6.58550E-02
SCF Iteration 339: Energy = 4.8013044644420368 dE = -6.58550E-02
SCF Iteration 340: Energy = 4.8671595135779135 dE =  6.58550E-02
SCF Iteration 341: Energy = 4.8013044644420404 dE = -6.58550E-02
SCF Iteration 342: Energy = 4.8671595135779198 dE =  6.58550E-02
SCF Iteration 343: Energy = 4.8013044644420333 dE = -6.58550E-02
SCF Iteration 344: Energy = 4.8671595135779082 dE =  6.58550E-02
SCF Iteration 345: Energy = 4.8013044644420280 dE = -6.58550E-02
SCF Iteration 346: Energy = 4.8671595135779100 dE =  6.58550E-02
SCF Iteration 347: Energy = 4.8013044644420226 dE = -6.58550E-02
SCF Iteration 348: Energy = 4.8671595135779082 dE =  6.58550E-02
SCF Iteration 349: Energy = 4.8013044644420244 dE = -6.58550E-02
SCF Iteration 350: Energy = 4.8671595135779118 dE =  6.58550E-02
SCF Iteration 351: Energy = 4.8013044644420235 dE = -6.58550E-02
SCF Iteration 352: Energy = 4.8671595135779073 dE =  6.58550E-02
SCF Iteration 353: Energy = 4.8013044644420315 dE = -6.58550E-02
SCF Iteration 354: Energy = 4.8671595135779082 dE =  6.58550E-02
SCF Iteration 355: Energy = 4.8013044644420315 dE = -6.58550E-02
SCF Iteration 356: Energy = 4.8671595135779109 dE =  6.58550E-02
SCF Iteration 357: Energy = 4.8013044644420413 dE = -6.58550E-02
SCF Iteration 358: Energy = 4.8671595135779162 dE =  6.58550E-02
SCF Iteration 359: Energy = 4.8013044644420333 dE = -6.58550E-02
SCF Iteration 360: Energy = 4.8671595135779180 dE =  6.58550E-02
SCF Iteration 361: Energy = 4.8013044644420324 dE = -6.58550E-02
SCF Iteration 362: Energy = 4.8671595135779082 dE =  6.58550E-02
SCF Iteration 363: Energy = 4.8013044644420280 dE = -6.58550E-02
SCF Iteration 364: Energy = 4.8671595135779082 dE =  6.58550E-02
SCF Iteration 365: Energy = 4.8013044644420306 dE = -6.58550E-02
SCF Iteration 366: Energy = 4.8671595135779100 dE =  6.58550E-02
SCF Iteration 367: Energy = 4.8013044644420315 dE = -6.58550E-02
SCF Iteration 368: Energy = 4.8671595135779153 dE =  6.58550E-02
SCF Iteration 369: Energy = 4.8013044644420271 dE = -6.58550E-02
SCF Iteration 370: Energy = 4.8671595135779082 dE =  6.58550E-02
SCF Iteration 371: Energy = 4.8013044644420297 dE = -6.58550E-02
SCF Iteration 372: Energy = 4.8671595135779118 dE =  6.58550E-02
SCF Iteration 373: Energy = 4.8013044644420306 dE = -6.58550E-02
SCF Iteration 374: Energy = 4.8671595135779118 dE =  6.58550E-02
SCF Iteration 375: Energy = 4.8013044644420368 dE = -6.58550E-02
SCF Iteration 376: Energy = 4.8671595135779153 dE =  6.58550E-02
SCF Iteration 377: Energy = 4.8013044644420351 dE = -6.58550E-02
SCF Iteration 378: Energy = 4.8671595135779153 dE =  6.58550E-02
SCF Iteration 379: Energy = 4.8013044644420262 dE = -6.58550E-02
SCF Iteration 380: Energy = 4.8671595135779100 dE =  6.58550E-02
SCF Iteration 381: Energy = 4.8013044644420297 dE = -6.58550E-02
SCF Iteration 382: Energy = 4.8671595135779144 dE =  6.58550E-02
SCF Iteration 383: Energy = 4.8013044644420324 dE = -6.58550E-02
SCF Iteration 384: Energy = 4.8671595135779189 dE =  6.58550E-02
SCF Iteration 385: Energy = 4.8013044644420315 dE = -6.58550E-02
SCF Iteration 386: Energy = 4.8671595135779144 dE =  6.58550E-02
SCF Iteration 387: Energy = 4.8013044644420324 dE = -6.58550E-02
SCF Iteration 388: Energy = 4.8671595135779189 dE =  6.58550E-02
SCF Iteration 389: Energy = 4.8013044644420315 dE = -6.58550E-02
SCF Iteration 390: Energy = 4.8671595135779144 dE =  6.58550E-02
SCF Iteration 391: Energy = 4.8013044644420297 dE = -6.58550E-02
SCF Iteration 392: Energy = 4.8671595135779118 dE =  6.58550E-02
SCF Iteration 393: Energy = 4.8013044644420280 dE = -6.58550E-02
SCF Iteration 394: Energy = 4.8671595135779180 dE =  6.58550E-02
SCF Iteration 395: Energy = 4.8013044644420315 dE = -6.58550E-02
SCF Iteration 396: Energy = 4.8671595135779198 dE =  6.58550E-02
SCF Iteration 397: Energy = 4.8013044644420368 dE = -6.58550E-02
SCF Iteration 398: Energy = 4.8671595135779127 dE =  6.58550E-02
SCF Iteration 399: Energy = 4.8013044644420368 dE = -6.58550E-02
SCF Iteration 400: Energy = 4.8671595135779198 dE =  6.58550E-02
SCF Iteration 401: Energy = 4.8013044644420395 dE = -6.58550E-02
SCF Iteration 402: Energy = 4.8671595135779189 dE =  6.58550E-02
SCF Iteration 403: Energy = 4.8013044644420333 dE = -6.58550E-02
SCF Iteration 404: Energy = 4.8671595135779153 dE =  6.58550E-02
SCF Iteration 405: Energy = 4.8013044644420342 dE = -6.58550E-02
SCF Iteration 406: Energy = 4.8671595135779118 dE =  6.58550E-02
SCF Iteration 407: Energy = 4.8013044644420306 dE = -6.58550E-02
SCF Iteration 408: Energy = 4.8671595135779127 dE =  6.58550E-02
SCF Iteration 409: Energy = 4.8013044644420306 dE = -6.58550E-02
SCF Iteration 410: Energy = 4.8671595135779127 dE =  6.58550E-02
SCF Iteration 411: Energy = 4.8013044644420360 dE = -6.58550E-02
SCF Iteration 412: Energy = 4.8671595135779029 dE =  6.58550E-02
SCF Iteration 413: Energy = 4.8013044644420262 dE = -6.58550E-02
SCF Iteration 414: Energy = 4.8671595135779153 dE =  6.58550E-02
SCF Iteration 415: Energy = 4.8013044644420271 dE = -6.58550E-02
SCF Iteration 416: Energy = 4.8671595135779091 dE =  6.58550E-02
SCF Iteration 417: Energy = 4.8013044644420244 dE = -6.58550E-02
SCF Iteration 418: Energy = 4.8671595135779073 dE =  6.58550E-02
SCF Iteration 419: Energy = 4.8013044644420297 dE = -6.58550E-02
SCF Iteration 420: Energy = 4.8671595135779073 dE =  6.58550E-02
SCF Iteration 421: Energy = 4.8013044644420306 dE = -6.58550E-02
SCF Iteration 422: Energy = 4.8671595135779082 dE =  6.58550E-02
SCF Iteration 423: Energy = 4.8013044644420351 dE = -6.58550E-02
SCF Iteration 424: Energy = 4.8671595135779171 dE =  6.58550E-02
SCF Iteration 425: Energy = 4.8013044644420360 dE = -6.58550E-02
SCF Iteration 426: Energy = 4.8671595135779171 dE =  6.58550E-02
SCF Iteration 427: Energy = 4.8013044644420395 dE = -6.58550E-02
SCF Iteration 428: Energy = 4.8671595135779118 dE =  6.58550E-02
SCF Iteration 429: Energy = 4.8013044644420413 dE = -6.58550E-02
SCF Iteration 430: Energy = 4.8671595135779278 dE =  6.58550E-02
SCF Iteration 431: Energy = 4.8013044644420386 dE = -6.58550E-02
SCF Iteration 432: Energy = 4.8671595135779206 dE =  6.58550E-02
SCF Iteration 433: Energy = 4.8013044644420315 dE = -6.58550E-02
SCF Iteration 434: Energy = 4.8671595135779135 dE =  6.58550E-02
SCF Iteration 435: Energy = 4.8013044644420244 dE = -6.58550E-02
SCF Iteration 436: Energy = 4.8671595135779047 dE =  6.58550E-02
SCF Iteration 437: Energy = 4.8013044644420297 dE = -6.58550E-02
SCF Iteration 438: Energy = 4.8671595135779100 dE =  6.58550E-02
SCF Iteration 439: Energy = 4.8013044644420315 dE = -6.58550E-02
SCF Iteration 440: Energy = 4.8671595135779260 dE =  6.58550E-02
SCF Iteration 441: Energy = 4.8013044644420368 dE = -6.58550E-02
SCF Iteration 442: Energy = 4.8671595135779144 dE =  6.58550E-02
SCF Iteration 443: Energy = 4.8013044644420342 dE = -6.58550E-02
SCF Iteration 444: Energy = 4.8671595135779118 dE =  6.58550E-02
SCF Iteration 445: Energy = 4.8013044644420368 dE = -6.58550E-02
SCF Iteration 446: Energy = 4.8671595135779171 dE =  6.58550E-02
SCF Iteration 447: Energy = 4.8013044644420395 dE = -6.58550E-02
SCF Iteration 448: Energy = 4.8671595135779144 dE =  6.58550E-02
SCF Iteration 449: Energy = 4.8013044644420333 dE = -6.58550E-02
SCF Iteration 450: Energy = 4.8671595135779118 dE =  6.58550E-02
SCF Iteration 451: Energy = 4.8013044644420315 dE = -6.58550E-02
SCF Iteration 452: Energy = 4.8671595135779198 dE =  6.58550E-02
SCF Iteration 453: Energy = 4.8013044644420386 dE = -6.58550E-02
SCF Iteration 454: Energy = 4.8671595135779144 dE =  6.58550E-02
SCF Iteration 455: Energy = 4.8013044644420386 dE = -6.58550E-02
SCF Iteration 456: Energy = 4.8671595135779206 dE =  6.58550E-02
SCF Iteration 457: Energy = 4.8013044644420342 dE = -6.58550E-02
SCF Iteration 458: Energy = 4.8671595135779144 dE =  6.58550E-02
SCF Iteration 459: Energy = 4.8013044644420280 dE = -6.58550E-02
SCF Iteration 460: Energy = 4.8671595135779100 dE =  6.58550E-02
SCF Iteration 461: Energy = 4.8013044644420324 dE = -6.58550E-02
SCF Iteration 462: Energy = 4.8671595135779064 dE =  6.58550E-02
SCF Iteration 463: Energy = 4.8013044644420368 dE = -6.58550E-02
SCF Iteration 464: Energy = 4.8671595135779082 dE =  6.58550E-02
SCF Iteration 465: Energy = 4.8013044644420262 dE = -6.58550E-02
SCF Iteration 466: Energy = 4.8671595135779118 dE =  6.58550E-02
SCF Iteration 467: Energy = 4.8013044644420280 dE = -6.58550E-02
SCF Iteration 468: Energy = 4.8671595135779153 dE =  6.58550E-02
SCF Iteration 469: Energy = 4.8013044644420315 dE = -6.58550E-02
SCF Iteration 470: Energy = 4.8671595135779171 dE =  6.58550E-02
SCF Iteration 471: Energy = 4.8013044644420368 dE = -6.58550E-02
SCF Iteration 472: Energy = 4.8671595135779082 dE =  6.58550E-02
SCF Iteration 473: Energy = 4.8013044644420324 dE = -6.58550E-02
SCF Iteration 474: Energy = 4.8671595135779144 dE =  6.58550E-02
SCF Iteration 475: Energy = 4.8013044644420377 dE = -6.58550E-02
SCF Iteration 476: Energy = 4.8671595135779109 dE =  6.58550E-02
SCF Iteration 477: Energy = 4.8013044644420386 dE = -6.58550E-02
SCF Iteration 478: Energy = 4.8671595135779127 dE =  6.58550E-02
SCF Iteration 479: Energy = 4.8013044644420226 dE = -6.58550E-02
SCF Iteration 480: Energy = 4.8671595135779100 dE =  6.58550E-02
SCF Iteration 481: Energy = 4.8013044644420280 dE = -6.58550E-02
SCF Iteration 482: Energy = 4.8671595135779135 dE =  6.58550E-02
SCF Iteration 483: Energy = 4.8013044644420244 dE = -6.58550E-02
SCF Iteration 484: Energy = 4.8671595135779082 dE =  6.58550E-02
SCF Iteration 485: Energy = 4.8013044644420262 dE = -6.58550E-02
SCF Iteration 486: Energy = 4.8671595135779055 dE =  6.58550E-02
SCF Iteration 487: Energy = 4.8013044644420342 dE = -6.58550E-02
SCF Iteration 488: Energy = 4.8671595135779047 dE =  6.58550E-02
SCF Iteration 489: Energy = 4.8013044644420297 dE = -6.58550E-02
SCF Iteration 490: Energy = 4.8671595135779011 dE =  6.58550E-02
SCF Iteration 491: Energy = 4.8013044644420244 dE = -6.58550E-02
SCF Iteration 492: Energy = 4.8671595135779047 dE =  6.58550E-02
SCF Iteration 493: Energy = 4.8013044644420173 dE = -6.58550E-02
SCF Iteration 494: Energy = 4.8671595135779064 dE =  6.58550E-02
SCF Iteration 495: Energy = 4.8013044644420200 dE = -6.58550E-02
SCF Iteration 496: Energy = 4.8671595135779064 dE =  6.58550E-02
SCF Iteration 497: Energy = 4.8013044644420244 dE = -6.58550E-02
SCF Iteration 498: Energy = 4.8671595135779038 dE =  6.58550E-02
SCF Iteration 499: Energy = 4.8013044644420315 dE = -6.58550E-02
SCF Iteration 500: Energy = 4.8671595135779100 dE =  6.58550E-02
