
  Memory set to  55.879 GiB by Python driver.
  Threads set to 1 by Python driver.
Settings:
	LOT = CCSD-S1-U21
	wc = 20.0 eV
	lambda = [0.606212 0.       0.      ] a.u.
	Equivalent A0 = LAMBDA / sqrt(2 wc) = [0.5 0.  0. ])
doing QED-CCSD-1 (or QED-CCSD-21)
Number of occupied orbitals:   1
Number of basis functions:  60
SCF Iteration   1: Energy = 2.0450824696536687 dE =  2.04508E+00
SCF Iteration   2: Energy = 2.3545293400357061 dE =  3.09447E-01
SCF Iteration   3: Energy = 2.2009639487623218 dE = -1.53565E-01
SCF Iteration   4: Energy = 2.3664298416727436 dE =  1.65466E-01
SCF Iteration   5: Energy = 2.2684105061585758 dE = -9.80193E-02
SCF Iteration   6: Energy = 2.3777488201205816 dE =  1.09338E-01
SCF Iteration   7: Energy = 2.2982936569610612 dE = -7.94552E-02
SCF Iteration   8: Energy = 2.3836033403253709 dE =  8.53097E-02
SCF Iteration   9: Energy = 2.3118916271339800 dE = -7.17117E-02
SCF Iteration  10: Energy = 2.3856609681032546 dE =  7.37693E-02
SCF Iteration  11: Energy = 2.3176022084667709 dE = -6.80588E-02
SCF Iteration  12: Energy = 2.3855090677928019 dE =  6.79069E-02
SCF Iteration  13: Energy = 2.3193579586549515 dE = -6.61511E-02
SCF Iteration  14: Energy = 2.3842613204201903 dE =  6.49034E-02
SCF Iteration  15: Energy = 2.3191973161109209 dE = -6.50640E-02
SCF Iteration  16: Energy = 2.3826047964425712 dE =  6.34075E-02
SCF Iteration  17: Energy = 2.3182045610721134 dE = -6.44002E-02
SCF Iteration  18: Energy = 2.3809186800339748 dE =  6.27141E-02
SCF Iteration  19: Energy = 2.3169448548933969 dE = -6.39738E-02
SCF Iteration  20: Energy = 2.3793863102876061 dE =  6.24415E-02
SCF Iteration  21: Energy = 2.3156965406755652 dE = -6.36898E-02
SCF Iteration  22: Energy = 2.3780774516002450 dE =  6.23809E-02
SCF Iteration  23: Energy = 2.3145819148248905 dE = -6.34955E-02
SCF Iteration  24: Energy = 2.3770014710122651 dE =  6.24196E-02
SCF Iteration  25: Energy = 2.3136413406290743 dE = -6.33601E-02
SCF Iteration  26: Energy = 2.3761390144424515 dE =  6.24977E-02
SCF Iteration  27: Energy = 2.3128746870834243 dE = -6.32643E-02
SCF Iteration  28: Energy = 2.3754596748097057 dE =  6.25850E-02
SCF Iteration  29: Energy = 2.3122639223107253 dE = -6.31958E-02
SCF Iteration  30: Energy = 2.3749311852242960 dE =  6.26673E-02
SCF Iteration  31: Energy = 2.3117849754457600 dE = -6.31462E-02
SCF Iteration  32: Energy = 2.3745237534853474 dE =  6.27388E-02
SCF Iteration  33: Energy = 2.3114136046363769 dE = -6.31101E-02
SCF Iteration  34: Energy = 2.3742117459925174 dE =  6.27981E-02
SCF Iteration  35: Energy = 2.3111280033978097 dE = -6.30837E-02
SCF Iteration  36: Energy = 2.3739740086926298 dE =  6.28460E-02
SCF Iteration  37: Energy = 2.3109096963378000 dE = -6.30643E-02
SCF Iteration  38: Energy = 2.3737935475868843 dE =  6.28839E-02
SCF Iteration  39: Energy = 2.3107435879316802 dE = -6.30500E-02
SCF Iteration  40: Energy = 2.3736569581712788 dE =  6.29134E-02
SCF Iteration  41: Energy = 2.3106176334061002 dE = -6.30393E-02
SCF Iteration  42: Energy = 2.3735538028384018 dE =  6.29362E-02
SCF Iteration  43: Energy = 2.3105223775917785 dE = -6.30314E-02
SCF Iteration  44: Energy = 2.3734760297243875 dE =  6.29537E-02
SCF Iteration  45: Energy = 2.3104504836228981 dE = -6.30255E-02
SCF Iteration  46: Energy = 2.3734174699768240 dE =  6.29670E-02
SCF Iteration  47: Energy = 2.3103963061092032 dE = -6.30212E-02
SCF Iteration  48: Energy = 2.3733734216108306 dE =  6.29771E-02
SCF Iteration  49: Energy = 2.3103555281571504 dE = -6.30179E-02
SCF Iteration  50: Energy = 2.3733403145710033 dE =  6.29848E-02
SCF Iteration  51: Energy = 2.3103248641147465 dE = -6.30155E-02
SCF Iteration  52: Energy = 2.3733154462109547 dE =  6.29906E-02
SCF Iteration  53: Energy = 2.3103018220344045 dE = -6.30136E-02
SCF Iteration  54: Energy = 2.3732967751442318 dE =  6.29950E-02
SCF Iteration  55: Energy = 2.3102845170137258 dE = -6.30123E-02
SCF Iteration  56: Energy = 2.3732827621181731 dE =  6.29982E-02
SCF Iteration  57: Energy = 2.3102715262489468 dE = -6.30112E-02
SCF Iteration  58: Energy = 2.3732722480468915 dE =  6.30007E-02
SCF Iteration  59: Energy = 2.3102617774458780 dE = -6.30105E-02
SCF Iteration  60: Energy = 2.3732643610157997 dE =  6.30026E-02
SCF Iteration  61: Energy = 2.3102544634570434 dE = -6.30099E-02
SCF Iteration  62: Energy = 2.3732584456558556 dE =  6.30040E-02
SCF Iteration  63: Energy = 2.3102489772917183 dE = -6.30095E-02
SCF Iteration  64: Energy = 2.3732540096676824 dE =  6.30050E-02
SCF Iteration  65: Energy = 2.3102448628144678 dE = -6.30091E-02
SCF Iteration  66: Energy = 2.3732506834239078 dE =  6.30058E-02
SCF Iteration  67: Energy = 2.3102417774474051 dE = -6.30089E-02
SCF Iteration  68: Energy = 2.3732481895050932 dE =  6.30064E-02
SCF Iteration  69: Energy = 2.3102394640126520 dE = -6.30087E-02
SCF Iteration  70: Energy = 2.3732463197577869 dE =  6.30069E-02
SCF Iteration  71: Energy = 2.3102377295093022 dE = -6.30086E-02
SCF Iteration  72: Energy = 2.3732449180354629 dE =  6.30072E-02
SCF Iteration  73: Energy = 2.3102364291371122 dE = -6.30085E-02
SCF Iteration  74: Energy = 2.3732438672252667 dE =  6.30074E-02
SCF Iteration  75: Energy = 2.3102354542811372 dE = -6.30084E-02
SCF Iteration  76: Energy = 2.3732430795023438 dE =  6.30076E-02
SCF Iteration  77: Energy = 2.3102347234823251 dE = -6.30084E-02
SCF Iteration  78: Energy = 2.3732424890124224 dE =  6.30078E-02
SCF Iteration  79: Energy = 2.3102341756556100 dE = -6.30083E-02
SCF Iteration  80: Energy = 2.3732420463796604 dE =  6.30079E-02
SCF Iteration  81: Energy = 2.3102337649986011 dE = -6.30083E-02
SCF Iteration  82: Energy = 2.3732417145857467 dE =  6.30079E-02
SCF Iteration  83: Energy = 2.3102334571707135 dE = -6.30083E-02
SCF Iteration  84: Energy = 2.3732414658785004 dE =  6.30080E-02
SCF Iteration  85: Energy = 2.3102332264264018 dE = -6.30082E-02
SCF Iteration  86: Energy = 2.3732412794532709 dE =  6.30081E-02
SCF Iteration  87: Energy = 2.3102330534648297 dE = -6.30082E-02
SCF Iteration  88: Energy = 2.3732411397141342 dE =  6.30081E-02
SCF Iteration  89: Energy = 2.3102329238171437 dE = -6.30082E-02
SCF Iteration  90: Energy = 2.3732410349701603 dE =  6.30081E-02
SCF Iteration  91: Energy = 2.3102328266370651 dE = -6.30082E-02
SCF Iteration  92: Energy = 2.3732409564577419 dE =  6.30081E-02
SCF Iteration  93: Energy = 2.3102327537940965 dE = -6.30082E-02
SCF Iteration  94: Energy = 2.3732408976077823 dE =  6.30081E-02
SCF Iteration  95: Energy = 2.3102326991936377 dE = -6.30082E-02
SCF Iteration  96: Energy = 2.3732408534961675 dE =  6.30082E-02
SCF Iteration  97: Energy = 2.3102326582672146 dE = -6.30082E-02
SCF Iteration  98: Energy = 2.3732408204318980 dE =  6.30082E-02
SCF Iteration  99: Energy = 2.3102326275903966 dE = -6.30082E-02
SCF Iteration 100: Energy = 2.3732407956483130 dE =  6.30082E-02
SCF Iteration 101: Energy = 2.3102326045963202 dE = -6.30082E-02
SCF Iteration 102: Energy = 2.3732407770716004 dE =  6.30082E-02
SCF Iteration 103: Energy = 2.3102325873609373 dE = -6.30082E-02
SCF Iteration 104: Energy = 2.3732407631473031 dE =  6.30082E-02
SCF Iteration 105: Energy = 2.3102325744420384 dE = -6.30082E-02
SCF Iteration 106: Energy = 2.3732407527102644 dE =  6.30082E-02
SCF Iteration 107: Energy = 2.3102325647585977 dE = -6.30082E-02
SCF Iteration 108: Energy = 2.3732407448871267 dE =  6.30082E-02
SCF Iteration 109: Energy = 2.3102325575003109 dE = -6.30082E-02
SCF Iteration 110: Energy = 2.3732407390232466 dE =  6.30082E-02
SCF Iteration 111: Energy = 2.3102325520598286 dE = -6.30082E-02
SCF Iteration 112: Energy = 2.3732407346279536 dE =  6.30082E-02
SCF Iteration 113: Energy = 2.3102325479818853 dE = -6.30082E-02
SCF Iteration 114: Energy = 2.3732407313334360 dE =  6.30082E-02
SCF Iteration 115: Energy = 2.3102325449252383 dE = -6.30082E-02
SCF Iteration 116: Energy = 2.3732407288640185 dE =  6.30082E-02
SCF Iteration 117: Energy = 2.3102325426341190 dE = -6.30082E-02
SCF Iteration 118: Energy = 2.3732407270130511 dE =  6.30082E-02
SCF Iteration 119: Energy = 2.3102325409167928 dE = -6.30082E-02
SCF Iteration 120: Energy = 2.3732407256256485 dE =  6.30082E-02
SCF Iteration 121: Energy = 2.3102325396295709 dE = -6.30082E-02
SCF Iteration 122: Energy = 2.3732407245857243 dE =  6.30082E-02
SCF Iteration 123: Energy = 2.3102325386647267 dE = -6.30082E-02
SCF Iteration 124: Energy = 2.3732407238062332 dE =  6.30082E-02
SCF Iteration 125: Energy = 2.3102325379415212 dE = -6.30082E-02
SCF Iteration 126: Energy = 2.3732407232219708 dE =  6.30082E-02
SCF Iteration 127: Energy = 2.3102325373994406 dE = -6.30082E-02
SCF Iteration 128: Energy = 2.3732407227840304 dE =  6.30082E-02
SCF Iteration 129: Energy = 2.3102325369931269 dE = -6.30082E-02
SCF Iteration 130: Energy = 2.3732407224557681 dE =  6.30082E-02
SCF Iteration 131: Energy = 2.3102325366885670 dE = -6.30082E-02
SCF Iteration 132: Energy = 2.3732407222097263 dE =  6.30082E-02
SCF Iteration 133: Energy = 2.3102325364602838 dE = -6.30082E-02
SCF Iteration 134: Energy = 2.3732407220252987 dE =  6.30082E-02
SCF Iteration 135: Energy = 2.3102325362891705 dE = -6.30082E-02
SCF Iteration 136: Energy = 2.3732407218870581 dE =  6.30082E-02
SCF Iteration 137: Energy = 2.3102325361609166 dE = -6.30082E-02
SCF Iteration 138: Energy = 2.3732407217834424 dE =  6.30082E-02
SCF Iteration 139: Energy = 2.3102325360647855 dE = -6.30082E-02
SCF Iteration 140: Energy = 2.3732407217057738 dE =  6.30082E-02
SCF Iteration 141: Energy = 2.3102325359927240 dE = -6.30082E-02
SCF Iteration 142: Energy = 2.3732407216475639 dE =  6.30082E-02
SCF Iteration 143: Energy = 2.3102325359387197 dE = -6.30082E-02
SCF Iteration 144: Energy = 2.3732407216039282 dE =  6.30082E-02
SCF Iteration 145: Energy = 2.3102325358982325 dE = -6.30082E-02
SCF Iteration 146: Energy = 2.3732407215712183 dE =  6.30082E-02
SCF Iteration 147: Energy = 2.3102325358678875 dE = -6.30082E-02
SCF Iteration 148: Energy = 2.3732407215467037 dE =  6.30082E-02
SCF Iteration 149: Energy = 2.3102325358451448 dE = -6.30082E-02
SCF Iteration 150: Energy = 2.3732407215283278 dE =  6.30082E-02
SCF Iteration 151: Energy = 2.3102325358280895 dE = -6.30082E-02
SCF Iteration 152: Energy = 2.3732407215145517 dE =  6.30082E-02
SCF Iteration 153: Energy = 2.3102325358153131 dE = -6.30082E-02
SCF Iteration 154: Energy = 2.3732407215042284 dE =  6.30082E-02
SCF Iteration 155: Energy = 2.3102325358057363 dE = -6.30082E-02
SCF Iteration 156: Energy = 2.3732407214964968 dE =  6.30082E-02
SCF Iteration 157: Energy = 2.3102325357985594 dE = -6.30082E-02
SCF Iteration 158: Energy = 2.3732407214906943 dE =  6.30082E-02
SCF Iteration 159: Energy = 2.3102325357931774 dE = -6.30082E-02
SCF Iteration 160: Energy = 2.3732407214863520 dE =  6.30082E-02
SCF Iteration 161: Energy = 2.3102325357891433 dE = -6.30082E-02
SCF Iteration 162: Energy = 2.3732407214830897 dE =  6.30082E-02
SCF Iteration 163: Energy = 2.3102325357861200 dE = -6.30082E-02
SCF Iteration 164: Energy = 2.3732407214806499 dE =  6.30082E-02
SCF Iteration 165: Energy = 2.3102325357838511 dE = -6.30082E-02
SCF Iteration 166: Energy = 2.3732407214788118 dE =  6.30082E-02
SCF Iteration 167: Energy = 2.3102325357821516 dE = -6.30082E-02
SCF Iteration 168: Energy = 2.3732407214774405 dE =  6.30082E-02
SCF Iteration 169: Energy = 2.3102325357808757 dE = -6.30082E-02
SCF Iteration 170: Energy = 2.3732407214764142 dE =  6.30082E-02
SCF Iteration 171: Energy = 2.3102325357799223 dE = -6.30082E-02
SCF Iteration 172: Energy = 2.3732407214756459 dE =  6.30082E-02
SCF Iteration 173: Energy = 2.3102325357792077 dE = -6.30082E-02
SCF Iteration 174: Energy = 2.3732407214750664 dE =  6.30082E-02
SCF Iteration 175: Energy = 2.3102325357786682 dE = -6.30082E-02
SCF Iteration 176: Energy = 2.3732407214746338 dE =  6.30082E-02
SCF Iteration 177: Energy = 2.3102325357782694 dE = -6.30082E-02
SCF Iteration 178: Energy = 2.3732407214743101 dE =  6.30082E-02
SCF Iteration 179: Energy = 2.3102325357779678 dE = -6.30082E-02
SCF Iteration 180: Energy = 2.3732407214740650 dE =  6.30082E-02
SCF Iteration 181: Energy = 2.3102325357777458 dE = -6.30082E-02
SCF Iteration 182: Energy = 2.3732407214738829 dE =  6.30082E-02
SCF Iteration 183: Energy = 2.3102325357775793 dE = -6.30082E-02
SCF Iteration 184: Energy = 2.3732407214737470 dE =  6.30082E-02
SCF Iteration 185: Energy = 2.3102325357774540 dE = -6.30082E-02
SCF Iteration 186: Energy = 2.3732407214736440 dE =  6.30082E-02
SCF Iteration 187: Energy = 2.3102325357773537 dE = -6.30082E-02
SCF Iteration 188: Energy = 2.3732407214735716 dE =  6.30082E-02
SCF Iteration 189: Energy = 2.3102325357772862 dE = -6.30082E-02
SCF Iteration 190: Energy = 2.3732407214735125 dE =  6.30082E-02
SCF Iteration 191: Energy = 2.3102325357772302 dE = -6.30082E-02
SCF Iteration 192: Energy = 2.3732407214734708 dE =  6.30082E-02
SCF Iteration 193: Energy = 2.3102325357771902 dE = -6.30082E-02
SCF Iteration 194: Energy = 2.3732407214734370 dE =  6.30082E-02
SCF Iteration 195: Energy = 2.3102325357771609 dE = -6.30082E-02
SCF Iteration 196: Energy = 2.3732407214734077 dE =  6.30082E-02
SCF Iteration 197: Energy = 2.3102325357771334 dE = -6.30082E-02
SCF Iteration 198: Energy = 2.3732407214733868 dE =  6.30082E-02
SCF Iteration 199: Energy = 2.3102325357771161 dE = -6.30082E-02
SCF Iteration 200: Energy = 2.3732407214733748 dE =  6.30082E-02
SCF Iteration 201: Energy = 2.3102325357771059 dE = -6.30082E-02
SCF Iteration 202: Energy = 2.3732407214733646 dE =  6.30082E-02
SCF Iteration 203: Energy = 2.3102325357770965 dE = -6.30082E-02
SCF Iteration 204: Energy = 2.3732407214733580 dE =  6.30082E-02
SCF Iteration 205: Energy = 2.3102325357770890 dE = -6.30082E-02
SCF Iteration 206: Energy = 2.3732407214733549 dE =  6.30082E-02
SCF Iteration 207: Energy = 2.3102325357770876 dE = -6.30082E-02
SCF Iteration 208: Energy = 2.3732407214733491 dE =  6.30082E-02
SCF Iteration 209: Energy = 2.3102325357770801 dE = -6.30082E-02
SCF Iteration 210: Energy = 2.3732407214733424 dE =  6.30082E-02
SCF Iteration 211: Energy = 2.3102325357770765 dE = -6.30082E-02
SCF Iteration 212: Energy = 2.3732407214733411 dE =  6.30082E-02
SCF Iteration 213: Energy = 2.3102325357770761 dE = -6.30082E-02
SCF Iteration 214: Energy = 2.3732407214733455 dE =  6.30082E-02
SCF Iteration 215: Energy = 2.3102325357770801 dE = -6.30082E-02
SCF Iteration 216: Energy = 2.3732407214733415 dE =  6.30082E-02
SCF Iteration 217: Energy = 2.3102325357770708 dE = -6.30082E-02
SCF Iteration 218: Energy = 2.3732407214733402 dE =  6.30082E-02
SCF Iteration 219: Energy = 2.3102325357770748 dE = -6.30082E-02
SCF Iteration 220: Energy = 2.3732407214733384 dE =  6.30082E-02
SCF Iteration 221: Energy = 2.3102325357770725 dE = -6.30082E-02
SCF Iteration 222: Energy = 2.3732407214733455 dE =  6.30082E-02
SCF Iteration 223: Energy = 2.3102325357770650 dE = -6.30082E-02
SCF Iteration 224: Energy = 2.3732407214733358 dE =  6.30082E-02
SCF Iteration 225: Energy = 2.3102325357770677 dE = -6.30082E-02
SCF Iteration 226: Energy = 2.3732407214733384 dE =  6.30082E-02
SCF Iteration 227: Energy = 2.3102325357770725 dE = -6.30082E-02
SCF Iteration 228: Energy = 2.3732407214733349 dE =  6.30082E-02
SCF Iteration 229: Energy = 2.3102325357770730 dE = -6.30082E-02
SCF Iteration 230: Energy = 2.3732407214733402 dE =  6.30082E-02
SCF Iteration 231: Energy = 2.3102325357770690 dE = -6.30082E-02
SCF Iteration 232: Energy = 2.3732407214733398 dE =  6.30082E-02
SCF Iteration 233: Energy = 2.3102325357770681 dE = -6.30082E-02
SCF Iteration 234: Energy = 2.3732407214733438 dE =  6.30082E-02
SCF Iteration 235: Energy = 2.3102325357770699 dE = -6.30082E-02
SCF Iteration 236: Energy = 2.3732407214733366 dE =  6.30082E-02
SCF Iteration 237: Energy = 2.3102325357770699 dE = -6.30082E-02
SCF Iteration 238: Energy = 2.3732407214733375 dE =  6.30082E-02
SCF Iteration 239: Energy = 2.3102325357770686 dE = -6.30082E-02
SCF Iteration 240: Energy = 2.3732407214733393 dE =  6.30082E-02
SCF Iteration 241: Energy = 2.3102325357770686 dE = -6.30082E-02
SCF Iteration 242: Energy = 2.3732407214733389 dE =  6.30082E-02
SCF Iteration 243: Energy = 2.3102325357770703 dE = -6.30082E-02
SCF Iteration 244: Energy = 2.3732407214733358 dE =  6.30082E-02
SCF Iteration 245: Energy = 2.3102325357770721 dE = -6.30082E-02
SCF Iteration 246: Energy = 2.3732407214733442 dE =  6.30082E-02
SCF Iteration 247: Energy = 2.3102325357770686 dE = -6.30082E-02
SCF Iteration 248: Energy = 2.3732407214733384 dE =  6.30082E-02
SCF Iteration 249: Energy = 2.3102325357770694 dE = -6.30082E-02
SCF Iteration 250: Energy = 2.3732407214733362 dE =  6.30082E-02
SCF Iteration 251: Energy = 2.3102325357770659 dE = -6.30082E-02
SCF Iteration 252: Energy = 2.3732407214733349 dE =  6.30082E-02
SCF Iteration 253: Energy = 2.3102325357770681 dE = -6.30082E-02
SCF Iteration 254: Energy = 2.3732407214733349 dE =  6.30082E-02
SCF Iteration 255: Energy = 2.3102325357770672 dE = -6.30082E-02
SCF Iteration 256: Energy = 2.3732407214733402 dE =  6.30082E-02
SCF Iteration 257: Energy = 2.3102325357770654 dE = -6.30082E-02
SCF Iteration 258: Energy = 2.3732407214733366 dE =  6.30082E-02
SCF Iteration 259: Energy = 2.3102325357770650 dE = -6.30082E-02
SCF Iteration 260: Energy = 2.3732407214733322 dE =  6.30082E-02
SCF Iteration 261: Energy = 2.3102325357770632 dE = -6.30082E-02
SCF Iteration 262: Energy = 2.3732407214733313 dE =  6.30082E-02
SCF Iteration 263: Energy = 2.3102325357770659 dE = -6.30082E-02
SCF Iteration 264: Energy = 2.3732407214733295 dE =  6.30082E-02
SCF Iteration 265: Energy = 2.3102325357770623 dE = -6.30082E-02
SCF Iteration 266: Energy = 2.3732407214733313 dE =  6.30082E-02
SCF Iteration 267: Energy = 2.3102325357770637 dE = -6.30082E-02
SCF Iteration 268: Energy = 2.3732407214733340 dE =  6.30082E-02
SCF Iteration 269: Energy = 2.3102325357770681 dE = -6.30082E-02
SCF Iteration 270: Energy = 2.3732407214733384 dE =  6.30082E-02
SCF Iteration 271: Energy = 2.3102325357770632 dE = -6.30082E-02
SCF Iteration 272: Energy = 2.3732407214733309 dE =  6.30082E-02
SCF Iteration 273: Energy = 2.3102325357770614 dE = -6.30082E-02
SCF Iteration 274: Energy = 2.3732407214733380 dE =  6.30082E-02
SCF Iteration 275: Energy = 2.3102325357770659 dE = -6.30082E-02
SCF Iteration 276: Energy = 2.3732407214733358 dE =  6.30082E-02
SCF Iteration 277: Energy = 2.3102325357770708 dE = -6.30082E-02
SCF Iteration 278: Energy = 2.3732407214733411 dE =  6.30082E-02
SCF Iteration 279: Energy = 2.3102325357770739 dE = -6.30082E-02
SCF Iteration 280: Energy = 2.3732407214733384 dE =  6.30082E-02
SCF Iteration 281: Energy = 2.3102325357770659 dE = -6.30082E-02
SCF Iteration 282: Energy = 2.3732407214733402 dE =  6.30082E-02
SCF Iteration 283: Energy = 2.3102325357770730 dE = -6.30082E-02
SCF Iteration 284: Energy = 2.3732407214733366 dE =  6.30082E-02
SCF Iteration 285: Energy = 2.3102325357770672 dE = -6.30082E-02
SCF Iteration 286: Energy = 2.3732407214733340 dE =  6.30082E-02
SCF Iteration 287: Energy = 2.3102325357770677 dE = -6.30082E-02
SCF Iteration 288: Energy = 2.3732407214733349 dE =  6.30082E-02
SCF Iteration 289: Energy = 2.3102325357770668 dE = -6.30082E-02
SCF Iteration 290: Energy = 2.3732407214733349 dE =  6.30082E-02
SCF Iteration 291: Energy = 2.3102325357770619 dE = -6.30082E-02
SCF Iteration 292: Energy = 2.3732407214733331 dE =  6.30082E-02
SCF Iteration 293: Energy = 2.3102325357770637 dE = -6.30082E-02
SCF Iteration 294: Energy = 2.3732407214733380 dE =  6.30082E-02
SCF Iteration 295: Energy = 2.3102325357770677 dE = -6.30082E-02
SCF Iteration 296: Energy = 2.3732407214733349 dE =  6.30082E-02
SCF Iteration 297: Energy = 2.3102325357770650 dE = -6.30082E-02
SCF Iteration 298: Energy = 2.3732407214733375 dE =  6.30082E-02
SCF Iteration 299: Energy = 2.3102325357770614 dE = -6.30082E-02
SCF Iteration 300: Energy = 2.3732407214733304 dE =  6.30082E-02
SCF Iteration 301: Energy = 2.3102325357770694 dE = -6.30082E-02
SCF Iteration 302: Energy = 2.3732407214733304 dE =  6.30082E-02
SCF Iteration 303: Energy = 2.3102325357770614 dE = -6.30082E-02
SCF Iteration 304: Energy = 2.3732407214733380 dE =  6.30082E-02
SCF Iteration 305: Energy = 2.3102325357770659 dE = -6.30082E-02
SCF Iteration 306: Energy = 2.3732407214733375 dE =  6.30082E-02
SCF Iteration 307: Energy = 2.3102325357770650 dE = -6.30082E-02
SCF Iteration 308: Energy = 2.3732407214733362 dE =  6.30082E-02
SCF Iteration 309: Energy = 2.3102325357770703 dE = -6.30082E-02
SCF Iteration 310: Energy = 2.3732407214733349 dE =  6.30082E-02
SCF Iteration 311: Energy = 2.3102325357770708 dE = -6.30082E-02
SCF Iteration 312: Energy = 2.3732407214733358 dE =  6.30082E-02
SCF Iteration 313: Energy = 2.3102325357770646 dE = -6.30082E-02
SCF Iteration 314: Energy = 2.3732407214733340 dE =  6.30082E-02
SCF Iteration 315: Energy = 2.3102325357770690 dE = -6.30082E-02
SCF Iteration 316: Energy = 2.3732407214733322 dE =  6.30082E-02
SCF Iteration 317: Energy = 2.3102325357770681 dE = -6.30082E-02
SCF Iteration 318: Energy = 2.3732407214733411 dE =  6.30082E-02
SCF Iteration 319: Energy = 2.3102325357770721 dE = -6.30082E-02
SCF Iteration 320: Energy = 2.3732407214733353 dE =  6.30082E-02
SCF Iteration 321: Energy = 2.3102325357770721 dE = -6.30082E-02
SCF Iteration 322: Energy = 2.3732407214733366 dE =  6.30082E-02
SCF Iteration 323: Energy = 2.3102325357770677 dE = -6.30082E-02
SCF Iteration 324: Energy = 2.3732407214733353 dE =  6.30082E-02
SCF Iteration 325: Energy = 2.3102325357770681 dE = -6.30082E-02
SCF Iteration 326: Energy = 2.3732407214733358 dE =  6.30082E-02
SCF Iteration 327: Energy = 2.3102325357770677 dE = -6.30082E-02
SCF Iteration 328: Energy = 2.3732407214733384 dE =  6.30082E-02
SCF Iteration 329: Energy = 2.3102325357770677 dE = -6.30082E-02
SCF Iteration 330: Energy = 2.3732407214733349 dE =  6.30082E-02
SCF Iteration 331: Energy = 2.3102325357770681 dE = -6.30082E-02
SCF Iteration 332: Energy = 2.3732407214733358 dE =  6.30082E-02
SCF Iteration 333: Energy = 2.3102325357770748 dE = -6.30082E-02
SCF Iteration 334: Energy = 2.3732407214733349 dE =  6.30082E-02
SCF Iteration 335: Energy = 2.3102325357770703 dE = -6.30082E-02
SCF Iteration 336: Energy = 2.3732407214733335 dE =  6.30082E-02
SCF Iteration 337: Energy = 2.3102325357770681 dE = -6.30082E-02
SCF Iteration 338: Energy = 2.3732407214733344 dE =  6.30082E-02
SCF Iteration 339: Energy = 2.3102325357770646 dE = -6.30082E-02
SCF Iteration 340: Energy = 2.3732407214733366 dE =  6.30082E-02
SCF Iteration 341: Energy = 2.3102325357770712 dE = -6.30082E-02
SCF Iteration 342: Energy = 2.3732407214733353 dE =  6.30082E-02
SCF Iteration 343: Energy = 2.3102325357770632 dE = -6.30082E-02
SCF Iteration 344: Energy = 2.3732407214733366 dE =  6.30082E-02
SCF Iteration 345: Energy = 2.3102325357770690 dE = -6.30082E-02
SCF Iteration 346: Energy = 2.3732407214733349 dE =  6.30082E-02
SCF Iteration 347: Energy = 2.3102325357770677 dE = -6.30082E-02
SCF Iteration 348: Energy = 2.3732407214733415 dE =  6.30082E-02
SCF Iteration 349: Energy = 2.3102325357770699 dE = -6.30082E-02
SCF Iteration 350: Energy = 2.3732407214733384 dE =  6.30082E-02
SCF Iteration 351: Energy = 2.3102325357770712 dE = -6.30082E-02
SCF Iteration 352: Energy = 2.3732407214733322 dE =  6.30082E-02
SCF Iteration 353: Energy = 2.3102325357770650 dE = -6.30082E-02
SCF Iteration 354: Energy = 2.3732407214733358 dE =  6.30082E-02
SCF Iteration 355: Energy = 2.3102325357770739 dE = -6.30082E-02
SCF Iteration 356: Energy = 2.3732407214733402 dE =  6.30082E-02
SCF Iteration 357: Energy = 2.3102325357770694 dE = -6.30082E-02
SCF Iteration 358: Energy = 2.3732407214733295 dE =  6.30082E-02
SCF Iteration 359: Energy = 2.3102325357770614 dE = -6.30082E-02
SCF Iteration 360: Energy = 2.3732407214733375 dE =  6.30082E-02
SCF Iteration 361: Energy = 2.3102325357770677 dE = -6.30082E-02
SCF Iteration 362: Energy = 2.3732407214733349 dE =  6.30082E-02
SCF Iteration 363: Energy = 2.3102325357770663 dE = -6.30082E-02
SCF Iteration 364: Energy = 2.3732407214733335 dE =  6.30082E-02
SCF Iteration 365: Energy = 2.3102325357770668 dE = -6.30082E-02
SCF Iteration 366: Energy = 2.3732407214733331 dE =  6.30082E-02
SCF Iteration 367: Energy = 2.3102325357770663 dE = -6.30082E-02
SCF Iteration 368: Energy = 2.3732407214733366 dE =  6.30082E-02
SCF Iteration 369: Energy = 2.3102325357770686 dE = -6.30082E-02
SCF Iteration 370: Energy = 2.3732407214733384 dE =  6.30082E-02
SCF Iteration 371: Energy = 2.3102325357770703 dE = -6.30082E-02
SCF Iteration 372: Energy = 2.3732407214733362 dE =  6.30082E-02
SCF Iteration 373: Energy = 2.3102325357770712 dE = -6.30082E-02
SCF Iteration 374: Energy = 2.3732407214733322 dE =  6.30082E-02
SCF Iteration 375: Energy = 2.3102325357770690 dE = -6.30082E-02
SCF Iteration 376: Energy = 2.3732407214733318 dE =  6.30082E-02
SCF Iteration 377: Energy = 2.3102325357770686 dE = -6.30082E-02
SCF Iteration 378: Energy = 2.3732407214733313 dE =  6.30082E-02
SCF Iteration 379: Energy = 2.3102325357770646 dE = -6.30082E-02
SCF Iteration 380: Energy = 2.3732407214733362 dE =  6.30082E-02
SCF Iteration 381: Energy = 2.3102325357770610 dE = -6.30082E-02
SCF Iteration 382: Energy = 2.3732407214733318 dE =  6.30082E-02
SCF Iteration 383: Energy = 2.3102325357770694 dE = -6.30082E-02
SCF Iteration 384: Energy = 2.3732407214733340 dE =  6.30082E-02
SCF Iteration 385: Energy = 2.3102325357770628 dE = -6.30082E-02
SCF Iteration 386: Energy = 2.3732407214733304 dE =  6.30082E-02
SCF Iteration 387: Energy = 2.3102325357770668 dE = -6.30082E-02
SCF Iteration 388: Energy = 2.3732407214733322 dE =  6.30082E-02
SCF Iteration 389: Energy = 2.3102325357770637 dE = -6.30082E-02
SCF Iteration 390: Energy = 2.3732407214733371 dE =  6.30082E-02
SCF Iteration 391: Energy = 2.3102325357770654 dE = -6.30082E-02
SCF Iteration 392: Energy = 2.3732407214733389 dE =  6.30082E-02
SCF Iteration 393: Energy = 2.3102325357770672 dE = -6.30082E-02
SCF Iteration 394: Energy = 2.3732407214733358 dE =  6.30082E-02
SCF Iteration 395: Energy = 2.3102325357770703 dE = -6.30082E-02
SCF Iteration 396: Energy = 2.3732407214733349 dE =  6.30082E-02
SCF Iteration 397: Energy = 2.3102325357770628 dE = -6.30082E-02
SCF Iteration 398: Energy = 2.3732407214733393 dE =  6.30082E-02
SCF Iteration 399: Energy = 2.3102325357770721 dE = -6.30082E-02
SCF Iteration 400: Energy = 2.3732407214733393 dE =  6.30082E-02
SCF Iteration 401: Energy = 2.3102325357770734 dE = -6.30082E-02
SCF Iteration 402: Energy = 2.3732407214733402 dE =  6.30082E-02
SCF Iteration 403: Energy = 2.3102325357770694 dE = -6.30082E-02
SCF Iteration 404: Energy = 2.3732407214733429 dE =  6.30082E-02
SCF Iteration 405: Energy = 2.3102325357770770 dE = -6.30082E-02
SCF Iteration 406: Energy = 2.3732407214733366 dE =  6.30082E-02
SCF Iteration 407: Energy = 2.3102325357770757 dE = -6.30082E-02
SCF Iteration 408: Energy = 2.3732407214733380 dE =  6.30082E-02
SCF Iteration 409: Energy = 2.3102325357770686 dE = -6.30082E-02
SCF Iteration 410: Energy = 2.3732407214733326 dE =  6.30082E-02
SCF Iteration 411: Energy = 2.3102325357770694 dE = -6.30082E-02
SCF Iteration 412: Energy = 2.3732407214733398 dE =  6.30082E-02
SCF Iteration 413: Energy = 2.3102325357770712 dE = -6.30082E-02
SCF Iteration 414: Energy = 2.3732407214733411 dE =  6.30082E-02
SCF Iteration 415: Energy = 2.3102325357770677 dE = -6.30082E-02
SCF Iteration 416: Energy = 2.3732407214733335 dE =  6.30082E-02
SCF Iteration 417: Energy = 2.3102325357770681 dE = -6.30082E-02
SCF Iteration 418: Energy = 2.3732407214733375 dE =  6.30082E-02
SCF Iteration 419: Energy = 2.3102325357770708 dE = -6.30082E-02
SCF Iteration 420: Energy = 2.3732407214733366 dE =  6.30082E-02
SCF Iteration 421: Energy = 2.3102325357770668 dE = -6.30082E-02
SCF Iteration 422: Energy = 2.3732407214733349 dE =  6.30082E-02
SCF Iteration 423: Energy = 2.3102325357770677 dE = -6.30082E-02
SCF Iteration 424: Energy = 2.3732407214733340 dE =  6.30082E-02
SCF Iteration 425: Energy = 2.3102325357770694 dE = -6.30082E-02
SCF Iteration 426: Energy = 2.3732407214733384 dE =  6.30082E-02
SCF Iteration 427: Energy = 2.3102325357770717 dE = -6.30082E-02
SCF Iteration 428: Energy = 2.3732407214733393 dE =  6.30082E-02
SCF Iteration 429: Energy = 2.3102325357770730 dE = -6.30082E-02
SCF Iteration 430: Energy = 2.3732407214733349 dE =  6.30082E-02
SCF Iteration 431: Energy = 2.3102325357770730 dE = -6.30082E-02
SCF Iteration 432: Energy = 2.3732407214733358 dE =  6.30082E-02
SCF Iteration 433: Energy = 2.3102325357770703 dE = -6.30082E-02
SCF Iteration 434: Energy = 2.3732407214733375 dE =  6.30082E-02
SCF Iteration 435: Energy = 2.3102325357770690 dE = -6.30082E-02
SCF Iteration 436: Energy = 2.3732407214733353 dE =  6.30082E-02
SCF Iteration 437: Energy = 2.3102325357770717 dE = -6.30082E-02
SCF Iteration 438: Energy = 2.3732407214733384 dE =  6.30082E-02
SCF Iteration 439: Energy = 2.3102325357770668 dE = -6.30082E-02
SCF Iteration 440: Energy = 2.3732407214733340 dE =  6.30082E-02
SCF Iteration 441: Energy = 2.3102325357770668 dE = -6.30082E-02
SCF Iteration 442: Energy = 2.3732407214733375 dE =  6.30082E-02
SCF Iteration 443: Energy = 2.3102325357770672 dE = -6.30082E-02
SCF Iteration 444: Energy = 2.3732407214733384 dE =  6.30082E-02
SCF Iteration 445: Energy = 2.3102325357770694 dE = -6.30082E-02
SCF Iteration 446: Energy = 2.3732407214733362 dE =  6.30082E-02
SCF Iteration 447: Energy = 2.3102325357770699 dE = -6.30082E-02
SCF Iteration 448: Energy = 2.3732407214733349 dE =  6.30082E-02
SCF Iteration 449: Energy = 2.3102325357770739 dE = -6.30082E-02
SCF Iteration 450: Energy = 2.3732407214733340 dE =  6.30082E-02
SCF Iteration 451: Energy = 2.3102325357770694 dE = -6.30082E-02
SCF Iteration 452: Energy = 2.3732407214733393 dE =  6.30082E-02
SCF Iteration 453: Energy = 2.3102325357770677 dE = -6.30082E-02
SCF Iteration 454: Energy = 2.3732407214733340 dE =  6.30082E-02
SCF Iteration 455: Energy = 2.3102325357770668 dE = -6.30082E-02
SCF Iteration 456: Energy = 2.3732407214733380 dE =  6.30082E-02
SCF Iteration 457: Energy = 2.3102325357770721 dE = -6.30082E-02
SCF Iteration 458: Energy = 2.3732407214733384 dE =  6.30082E-02
SCF Iteration 459: Energy = 2.3102325357770681 dE = -6.30082E-02
SCF Iteration 460: Energy = 2.3732407214733411 dE =  6.30082E-02
SCF Iteration 461: Energy = 2.3102325357770663 dE = -6.30082E-02
SCF Iteration 462: Energy = 2.3732407214733358 dE =  6.30082E-02
SCF Iteration 463: Energy = 2.3102325357770677 dE = -6.30082E-02
SCF Iteration 464: Energy = 2.3732407214733424 dE =  6.30082E-02
SCF Iteration 465: Energy = 2.3102325357770712 dE = -6.30082E-02
SCF Iteration 466: Energy = 2.3732407214733402 dE =  6.30082E-02
SCF Iteration 467: Energy = 2.3102325357770730 dE = -6.30082E-02
SCF Iteration 468: Energy = 2.3732407214733429 dE =  6.30082E-02
SCF Iteration 469: Energy = 2.3102325357770757 dE = -6.30082E-02
SCF Iteration 470: Energy = 2.3732407214733420 dE =  6.30082E-02
SCF Iteration 471: Energy = 2.3102325357770677 dE = -6.30082E-02
SCF Iteration 472: Energy = 2.3732407214733366 dE =  6.30082E-02
SCF Iteration 473: Energy = 2.3102325357770721 dE = -6.30082E-02
SCF Iteration 474: Energy = 2.3732407214733344 dE =  6.30082E-02
SCF Iteration 475: Energy = 2.3102325357770703 dE = -6.30082E-02
SCF Iteration 476: Energy = 2.3732407214733318 dE =  6.30082E-02
SCF Iteration 477: Energy = 2.3102325357770694 dE = -6.30082E-02
SCF Iteration 478: Energy = 2.3732407214733389 dE =  6.30082E-02
SCF Iteration 479: Energy = 2.3102325357770672 dE = -6.30082E-02
SCF Iteration 480: Energy = 2.3732407214733358 dE =  6.30082E-02
SCF Iteration 481: Energy = 2.3102325357770686 dE = -6.30082E-02
SCF Iteration 482: Energy = 2.3732407214733340 dE =  6.30082E-02
SCF Iteration 483: Energy = 2.3102325357770623 dE = -6.30082E-02
SCF Iteration 484: Energy = 2.3732407214733393 dE =  6.30082E-02
SCF Iteration 485: Energy = 2.3102325357770721 dE = -6.30082E-02
SCF Iteration 486: Energy = 2.3732407214733420 dE =  6.30082E-02
SCF Iteration 487: Energy = 2.3102325357770748 dE = -6.30082E-02
SCF Iteration 488: Energy = 2.3732407214733411 dE =  6.30082E-02
SCF Iteration 489: Energy = 2.3102325357770712 dE = -6.30082E-02
SCF Iteration 490: Energy = 2.3732407214733384 dE =  6.30082E-02
SCF Iteration 491: Energy = 2.3102325357770743 dE = -6.30082E-02
SCF Iteration 492: Energy = 2.3732407214733349 dE =  6.30082E-02
SCF Iteration 493: Energy = 2.3102325357770721 dE = -6.30082E-02
SCF Iteration 494: Energy = 2.3732407214733362 dE =  6.30082E-02
SCF Iteration 495: Energy = 2.3102325357770721 dE = -6.30082E-02
SCF Iteration 496: Energy = 2.3732407214733375 dE =  6.30082E-02
SCF Iteration 497: Energy = 2.3102325357770708 dE = -6.30082E-02
SCF Iteration 498: Energy = 2.3732407214733384 dE =  6.30082E-02
SCF Iteration 499: Energy = 2.3102325357770721 dE = -6.30082E-02
SCF Iteration 500: Energy = 2.3732407214733384 dE =  6.30082E-02
