
  Memory set to  55.879 GiB by Python driver.
  Threads set to 1 by Python driver.
Settings:
	LOT = CCSD-S1-U21
	wc = 20.0 eV
	lambda = [0.606212 0.       0.      ] a.u.
	Equivalent A0 = LAMBDA / sqrt(2 wc) = [0.5 0.  0. ])
doing QED-CCSD-1 (or QED-CCSD-21)
Number of occupied orbitals:   1
Number of basis functions:  60
SCF Iteration   1: Energy = 2.6117312599885691 dE =  2.61173E+00
SCF Iteration   2: Energy = 2.8836311250578404 dE =  2.71900E-01
SCF Iteration   3: Energy = 2.7415503714885379 dE = -1.42081E-01
SCF Iteration   4: Energy = 2.8888551650195629 dE =  1.47305E-01
SCF Iteration   5: Energy = 2.8073045550008615 dE = -8.15506E-02
SCF Iteration   6: Energy = 2.8992881258759042 dE =  9.19836E-02
SCF Iteration   7: Energy = 2.8394309752584443 dE = -5.98572E-02
SCF Iteration   8: Energy = 2.9055799471132797 dE =  6.61490E-02
SCF Iteration   9: Energy = 2.8549783299978850 dE = -5.06016E-02
SCF Iteration  10: Energy = 2.9079899095417443 dE =  5.30116E-02
SCF Iteration  11: Energy = 2.8618330333103619 dE = -4.61569E-02
SCF Iteration  12: Energy = 2.9078129796108083 dE =  4.59799E-02
SCF Iteration  13: Energy = 2.8640290587084700 dE = -4.37839E-02
SCF Iteration  14: Energy = 2.9061837752829192 dE =  4.21547E-02
SCF Iteration  15: Energy = 2.8637968622277761 dE = -4.23869E-02
SCF Iteration  16: Energy = 2.9038966720388100 dE =  4.00998E-02
SCF Iteration  17: Energy = 2.8624023496982103 dE = -4.14943E-02
SCF Iteration  18: Energy = 2.9014444506193722 dE =  3.90421E-02
SCF Iteration  19: Energy = 2.8605565031356526 dE = -4.08879E-02
SCF Iteration  20: Energy = 2.8991018868726153 dE =  3.85454E-02
SCF Iteration  21: Energy = 2.8586437309633101 dE = -4.04582E-02
SCF Iteration  22: Energy = 2.8970020707553790 dE =  3.83583E-02
SCF Iteration  23: Energy = 2.8568572597690967 dE = -4.01448E-02
SCF Iteration  24: Energy = 2.8951928716727102 dE =  3.83356E-02
SCF Iteration  25: Energy = 2.8552808066048225 dE = -3.99121E-02
SCF Iteration  26: Energy = 2.8936746485729712 dE =  3.83938E-02
SCF Iteration  27: Energy = 2.8539376450515723 dE = -3.97370E-02
SCF Iteration  28: Energy = 2.8924238249660519 dE =  3.84862E-02
SCF Iteration  29: Energy = 2.8528196478647194 dE = -3.96042E-02
SCF Iteration  30: Energy = 2.8914068515116296 dE =  3.85872E-02
SCF Iteration  31: Energy = 2.8519040887041029 dE = -3.95028E-02
SCF Iteration  32: Energy = 2.8905880187779971 dE =  3.86839E-02
SCF Iteration  33: Energy = 2.8511630473110614 dE = -3.94250E-02
SCF Iteration  34: Energy = 2.8899335061559488 dE =  3.87705E-02
SCF Iteration  35: Energy = 2.8505684166204759 dE = -3.93651E-02
SCF Iteration  36: Energy = 2.8894132168794386 dE =  3.88448E-02
SCF Iteration  37: Energy = 2.8500943489264197 dE = -3.93189E-02
SCF Iteration  38: Energy = 2.8890013670325088 dE =  3.89070E-02
SCF Iteration  39: Energy = 2.8497182526907112 dE = -3.92831E-02
SCF Iteration  40: Energy = 2.8886764141999182 dE =  3.89582E-02
SCF Iteration  41: Energy = 2.8494210026992324 dE = -3.92554E-02
SCF Iteration  42: Energy = 2.8884206695410755 dE =  3.89997E-02
SCF Iteration  43: Energy = 2.8491867514564815 dE = -3.92339E-02
SCF Iteration  44: Energy = 2.8882197880933678 dE =  3.90330E-02
SCF Iteration  45: Energy = 2.8490025633671934 dE = -3.92172E-02
SCF Iteration  46: Energy = 2.8880622424801023 dE =  3.90597E-02
SCF Iteration  47: Energy = 2.8488579938702614 dE = -3.92042E-02
SCF Iteration  48: Energy = 2.8879388325513395 dE =  3.90808E-02
SCF Iteration  49: Energy = 2.8487446772534835 dE = -3.91942E-02
SCF Iteration  50: Energy = 2.8878422534395174 dE =  3.90976E-02
SCF Iteration  51: Energy = 2.8486559532333224 dE = -3.91863E-02
SCF Iteration  52: Energy = 2.8877667280334514 dE =  3.91108E-02
SCF Iteration  53: Energy = 2.8485865435847071 dE = -3.91802E-02
SCF Iteration  54: Energy = 2.8877077013815136 dE =  3.91212E-02
SCF Iteration  55: Energy = 2.8485322800713759 dE = -3.91754E-02
SCF Iteration  56: Energy = 2.8876615906310406 dE =  3.91293E-02
SCF Iteration  57: Energy = 2.8484898799743097 dE = -3.91717E-02
SCF Iteration  58: Energy = 2.8876255827590986 dE =  3.91357E-02
SCF Iteration  59: Energy = 2.8484567634355313 dE = -3.91688E-02
SCF Iteration  60: Energy = 2.8875974723453819 dE =  3.91407E-02
SCF Iteration  61: Energy = 2.8484309063149365 dE = -3.91666E-02
SCF Iteration  62: Energy = 2.8875755322862258 dE =  3.91446E-02
SCF Iteration  63: Energy = 2.8484107225374560 dE = -3.91648E-02
SCF Iteration  64: Energy = 2.8875584112575488 dE =  3.91477E-02
SCF Iteration  65: Energy = 2.8483949705475835 dE = -3.91634E-02
SCF Iteration  66: Energy = 2.8875450526928863 dE =  3.91501E-02
SCF Iteration  67: Energy = 2.8483826792499447 dE = -3.91624E-02
SCF Iteration  68: Energy = 2.8875346309448657 dE =  3.91520E-02
SCF Iteration  69: Energy = 2.8483730895697970 dE = -3.91615E-02
SCF Iteration  70: Energy = 2.8875265010971916 dE =  3.91534E-02
SCF Iteration  71: Energy = 2.8483656084563860 dE = -3.91609E-02
SCF Iteration  72: Energy = 2.8875201595763853 dE =  3.91546E-02
SCF Iteration  73: Energy = 2.8483597727517624 dE = -3.91604E-02
SCF Iteration  74: Energy = 2.8875152132813331 dE =  3.91554E-02
SCF Iteration  75: Energy = 2.8483552208528451 dE = -3.91600E-02
SCF Iteration  76: Energy = 2.8875113554140848 dE =  3.91561E-02
SCF Iteration  77: Energy = 2.8483516705129537 dE = -3.91597E-02
SCF Iteration  78: Energy = 2.8875083465731803 dE =  3.91567E-02
SCF Iteration  79: Energy = 2.8483489014690275 dE = -3.91594E-02
SCF Iteration  80: Energy = 2.8875059999733708 dE =  3.91571E-02
SCF Iteration  81: Energy = 2.8483467418558588 dE = -3.91593E-02
SCF Iteration  82: Energy = 2.8875041698969373 dE =  3.91574E-02
SCF Iteration  83: Energy = 2.8483450575880020 dE = -3.91591E-02
SCF Iteration  84: Energy = 2.8875027426740241 dE =  3.91577E-02
SCF Iteration  85: Energy = 2.8483437440649437 dE = -3.91590E-02
SCF Iteration  86: Energy = 2.8875016296402096 dE =  3.91579E-02
SCF Iteration  87: Energy = 2.8483427196936812 dE = -3.91589E-02
SCF Iteration  88: Energy = 2.8875007616394086 dE =  3.91580E-02
SCF Iteration  89: Energy = 2.8483419208319143 dE = -3.91588E-02
SCF Iteration  90: Energy = 2.8875000847338024 dE =  3.91582E-02
SCF Iteration  91: Energy = 2.8483412978411864 dE = -3.91588E-02
SCF Iteration  92: Energy = 2.8874995568563779 dE =  3.91583E-02
SCF Iteration  93: Energy = 2.8483408120069322 dE = -3.91587E-02
SCF Iteration  94: Energy = 2.8874991451992074 dE =  3.91583E-02
SCF Iteration  95: Energy = 2.8483404331354105 dE = -3.91587E-02
SCF Iteration  96: Energy = 2.8874988241760082 dE =  3.91584E-02
SCF Iteration  97: Energy = 2.8483401376788331 dE = -3.91587E-02
SCF Iteration  98: Energy = 2.8874985738328949 dE =  3.91584E-02
SCF Iteration  99: Energy = 2.8483399072728908 dE = -3.91587E-02
SCF Iteration 100: Energy = 2.8874983786086768 dE =  3.91585E-02
SCF Iteration 101: Energy = 2.8483397275959517 dE = -3.91587E-02
SCF Iteration 102: Energy = 2.8874982263679567 dE =  3.91585E-02
SCF Iteration 103: Energy = 2.8483395874792485 dE = -3.91586E-02
SCF Iteration 104: Energy = 2.8874981076470618 dE =  3.91585E-02
SCF Iteration 105: Energy = 2.8483394782128326 dE = -3.91586E-02
SCF Iteration 106: Energy = 2.8874980150658343 dE =  3.91585E-02
SCF Iteration 107: Energy = 2.8483393930043648 dE = -3.91586E-02
SCF Iteration 108: Energy = 2.8874979428689729 dE =  3.91585E-02
SCF Iteration 109: Energy = 2.8483393265569168 dE = -3.91586E-02
SCF Iteration 110: Energy = 2.8874978865683545 dE =  3.91586E-02
SCF Iteration 111: Energy = 2.8483392747397787 dE = -3.91586E-02
SCF Iteration 112: Energy = 2.8874978426639730 dE =  3.91586E-02
SCF Iteration 113: Energy = 2.8483392343316920 dE = -3.91586E-02
SCF Iteration 114: Energy = 2.8874978084264562 dE =  3.91586E-02
SCF Iteration 115: Energy = 2.8483392028206458 dE = -3.91586E-02
SCF Iteration 116: Energy = 2.8874977817273573 dE =  3.91586E-02
SCF Iteration 117: Energy = 2.8483391782477021 dE = -3.91586E-02
SCF Iteration 118: Energy = 2.8874977609068848 dE =  3.91586E-02
SCF Iteration 119: Energy = 2.8483391590852389 dE = -3.91586E-02
SCF Iteration 120: Energy = 2.8874977446706764 dE =  3.91586E-02
SCF Iteration 121: Energy = 2.8483391441419865 dE = -3.91586E-02
SCF Iteration 122: Energy = 2.8874977320093729 dE =  3.91586E-02
SCF Iteration 123: Energy = 2.8483391324889444 dE = -3.91586E-02
SCF Iteration 124: Energy = 2.8874977221358353 dE =  3.91586E-02
SCF Iteration 125: Energy = 2.8483391234016793 dE = -3.91586E-02
SCF Iteration 126: Energy = 2.8874977144362699 dE =  3.91586E-02
SCF Iteration 127: Energy = 2.8483391163152487 dE = -3.91586E-02
SCF Iteration 128: Energy = 2.8874977084320079 dE =  3.91586E-02
SCF Iteration 129: Energy = 2.8483391107891221 dE = -3.91586E-02
SCF Iteration 130: Energy = 2.8874977037497822 dE =  3.91586E-02
SCF Iteration 131: Energy = 2.8483391064797479 dE = -3.91586E-02
SCF Iteration 132: Energy = 2.8874977000984781 dE =  3.91586E-02
SCF Iteration 133: Energy = 2.8483391031192196 dE = -3.91586E-02
SCF Iteration 134: Energy = 2.8874976972511304 dE =  3.91586E-02
SCF Iteration 135: Energy = 2.8483391004986194 dE = -3.91586E-02
SCF Iteration 136: Energy = 2.8874976950307145 dE =  3.91586E-02
SCF Iteration 137: Energy = 2.8483390984550212 dE = -3.91586E-02
SCF Iteration 138: Energy = 2.8874976932991947 dE =  3.91586E-02
SCF Iteration 139: Energy = 2.8483390968613884 dE = -3.91586E-02
SCF Iteration 140: Energy = 2.8874976919489290 dE =  3.91586E-02
SCF Iteration 141: Energy = 2.8483390956186483 dE = -3.91586E-02
SCF Iteration 142: Energy = 2.8874976908959624 dE =  3.91586E-02
SCF Iteration 143: Energy = 2.8483390946495235 dE = -3.91586E-02
SCF Iteration 144: Energy = 2.8874976900748326 dE =  3.91586E-02
SCF Iteration 145: Energy = 2.8483390938937934 dE = -3.91586E-02
SCF Iteration 146: Energy = 2.8874976894345066 dE =  3.91586E-02
SCF Iteration 147: Energy = 2.8483390933044563 dE = -3.91586E-02
SCF Iteration 148: Energy = 2.8874976889351665 dE =  3.91586E-02
SCF Iteration 149: Energy = 2.8483390928448822 dE = -3.91586E-02
SCF Iteration 150: Energy = 2.8874976885457704 dE =  3.91586E-02
SCF Iteration 151: Energy = 2.8483390924864960 dE = -3.91586E-02
SCF Iteration 152: Energy = 2.8874976882421213 dE =  3.91586E-02
SCF Iteration 153: Energy = 2.8483390922070146 dE = -3.91586E-02
SCF Iteration 154: Energy = 2.8874976880053156 dE =  3.91586E-02
SCF Iteration 155: Energy = 2.8483390919890743 dE = -3.91586E-02
SCF Iteration 156: Energy = 2.8874976878206691 dE =  3.91586E-02
SCF Iteration 157: Energy = 2.8483390918191200 dE = -3.91586E-02
SCF Iteration 158: Energy = 2.8874976876766580 dE =  3.91586E-02
SCF Iteration 159: Energy = 2.8483390916865878 dE = -3.91586E-02
SCF Iteration 160: Energy = 2.8874976875643696 dE =  3.91586E-02
SCF Iteration 161: Energy = 2.8483390915832434 dE = -3.91586E-02
SCF Iteration 162: Energy = 2.8874976874767961 dE =  3.91586E-02
SCF Iteration 163: Energy = 2.8483390915026421 dE = -3.91586E-02
SCF Iteration 164: Energy = 2.8874976874085081 dE =  3.91586E-02
SCF Iteration 165: Energy = 2.8483390914397928 dE = -3.91586E-02
SCF Iteration 166: Energy = 2.8874976873552529 dE =  3.91586E-02
SCF Iteration 167: Energy = 2.8483390913907769 dE = -3.91586E-02
SCF Iteration 168: Energy = 2.8874976873137248 dE =  3.91586E-02
SCF Iteration 169: Energy = 2.8483390913525621 dE = -3.91586E-02
SCF Iteration 170: Energy = 2.8874976872813454 dE =  3.91586E-02
SCF Iteration 171: Energy = 2.8483390913227562 dE = -3.91586E-02
SCF Iteration 172: Energy = 2.8874976872560905 dE =  3.91586E-02
SCF Iteration 173: Energy = 2.8483390912995121 dE = -3.91586E-02
SCF Iteration 174: Energy = 2.8874976872363973 dE =  3.91586E-02
SCF Iteration 175: Energy = 2.8483390912813960 dE = -3.91586E-02
SCF Iteration 176: Energy = 2.8874976872210460 dE =  3.91586E-02
SCF Iteration 177: Energy = 2.8483390912672508 dE = -3.91586E-02
SCF Iteration 178: Energy = 2.8874976872090672 dE =  3.91586E-02
SCF Iteration 179: Energy = 2.8483390912562343 dE = -3.91586E-02
SCF Iteration 180: Energy = 2.8874976871997289 dE =  3.91586E-02
SCF Iteration 181: Energy = 2.8483390912476416 dE = -3.91586E-02
SCF Iteration 182: Energy = 2.8874976871924503 dE =  3.91586E-02
SCF Iteration 183: Energy = 2.8483390912409337 dE = -3.91586E-02
SCF Iteration 184: Energy = 2.8874976871867721 dE =  3.91586E-02
SCF Iteration 185: Energy = 2.8483390912357107 dE = -3.91586E-02
SCF Iteration 186: Energy = 2.8874976871823432 dE =  3.91586E-02
SCF Iteration 187: Energy = 2.8483390912316358 dE = -3.91586E-02
SCF Iteration 188: Energy = 2.8874976871788949 dE =  3.91586E-02
SCF Iteration 189: Energy = 2.8483390912284641 dE = -3.91586E-02
SCF Iteration 190: Energy = 2.8874976871761993 dE =  3.91586E-02
SCF Iteration 191: Energy = 2.8483390912259852 dE = -3.91586E-02
SCF Iteration 192: Energy = 2.8874976871740916 dE =  3.91586E-02
SCF Iteration 193: Energy = 2.8483390912240405 dE = -3.91586E-02
SCF Iteration 194: Energy = 2.8874976871724543 dE =  3.91586E-02
SCF Iteration 195: Energy = 2.8483390912225421 dE = -3.91586E-02
SCF Iteration 196: Energy = 2.8874976871711846 dE =  3.91586E-02
SCF Iteration 197: Energy = 2.8483390912213635 dE = -3.91586E-02
SCF Iteration 198: Energy = 2.8874976871701818 dE =  3.91586E-02
SCF Iteration 199: Energy = 2.8483390912204389 dE = -3.91586E-02
SCF Iteration 200: Energy = 2.8874976871694047 dE =  3.91586E-02
SCF Iteration 201: Energy = 2.8483390912197271 dE = -3.91586E-02
SCF Iteration 202: Energy = 2.8874976871687976 dE =  3.91586E-02
SCF Iteration 203: Energy = 2.8483390912191697 dE = -3.91586E-02
SCF Iteration 204: Energy = 2.8874976871683247 dE =  3.91586E-02
SCF Iteration 205: Energy = 2.8483390912187394 dE = -3.91586E-02
SCF Iteration 206: Energy = 2.8874976871679552 dE =  3.91586E-02
SCF Iteration 207: Energy = 2.8483390912183921 dE = -3.91586E-02
SCF Iteration 208: Energy = 2.8874976871676643 dE =  3.91586E-02
SCF Iteration 209: Energy = 2.8483390912181257 dE = -3.91586E-02
SCF Iteration 210: Energy = 2.8874976871674365 dE =  3.91586E-02
SCF Iteration 211: Energy = 2.8483390912179241 dE = -3.91586E-02
SCF Iteration 212: Energy = 2.8874976871672624 dE =  3.91586E-02
SCF Iteration 213: Energy = 2.8483390912177580 dE = -3.91586E-02
SCF Iteration 214: Energy = 2.8874976871671354 dE =  3.91586E-02
SCF Iteration 215: Energy = 2.8483390912176398 dE = -3.91586E-02
SCF Iteration 216: Energy = 2.8874976871670226 dE =  3.91586E-02
SCF Iteration 217: Energy = 2.8483390912175399 dE = -3.91586E-02
SCF Iteration 218: Energy = 2.8874976871669382 dE =  3.91586E-02
SCF Iteration 219: Energy = 2.8483390912174591 dE = -3.91586E-02
SCF Iteration 220: Energy = 2.8874976871668792 dE =  3.91586E-02
SCF Iteration 221: Energy = 2.8483390912174036 dE = -3.91586E-02
SCF Iteration 222: Energy = 2.8874976871668219 dE =  3.91586E-02
SCF Iteration 223: Energy = 2.8483390912173538 dE = -3.91586E-02
SCF Iteration 224: Energy = 2.8874976871667863 dE =  3.91586E-02
SCF Iteration 225: Energy = 2.8483390912173165 dE = -3.91586E-02
SCF Iteration 226: Energy = 2.8874976871667570 dE =  3.91586E-02
SCF Iteration 227: Energy = 2.8483390912172952 dE = -3.91586E-02
SCF Iteration 228: Energy = 2.8874976871667291 dE =  3.91586E-02
SCF Iteration 229: Energy = 2.8483390912172686 dE = -3.91586E-02
SCF Iteration 230: Energy = 2.8874976871667144 dE =  3.91586E-02
SCF Iteration 231: Energy = 2.8483390912172575 dE = -3.91586E-02
SCF Iteration 232: Energy = 2.8874976871666975 dE =  3.91586E-02
SCF Iteration 233: Energy = 2.8483390912172415 dE = -3.91586E-02
SCF Iteration 234: Energy = 2.8874976871666833 dE =  3.91586E-02
SCF Iteration 235: Energy = 2.8483390912172304 dE = -3.91586E-02
SCF Iteration 236: Energy = 2.8874976871666842 dE =  3.91586E-02
SCF Iteration 237: Energy = 2.8483390912172215 dE = -3.91586E-02
SCF Iteration 238: Energy = 2.8874976871666762 dE =  3.91586E-02
SCF Iteration 239: Energy = 2.8483390912172206 dE = -3.91586E-02
SCF Iteration 240: Energy = 2.8874976871666735 dE =  3.91586E-02
SCF Iteration 241: Energy = 2.8483390912172144 dE = -3.91586E-02
SCF Iteration 242: Energy = 2.8874976871666731 dE =  3.91586E-02
SCF Iteration 243: Energy = 2.8483390912172113 dE = -3.91586E-02
SCF Iteration 244: Energy = 2.8874976871666611 dE =  3.91586E-02
SCF Iteration 245: Energy = 2.8483390912172029 dE = -3.91586E-02
SCF Iteration 246: Energy = 2.8874976871666602 dE =  3.91586E-02
SCF Iteration 247: Energy = 2.8483390912172015 dE = -3.91586E-02
SCF Iteration 248: Energy = 2.8874976871666584 dE =  3.91586E-02
SCF Iteration 249: Energy = 2.8483390912172002 dE = -3.91586E-02
SCF Iteration 250: Energy = 2.8874976871666567 dE =  3.91586E-02
SCF Iteration 251: Energy = 2.8483390912171944 dE = -3.91586E-02
SCF Iteration 252: Energy = 2.8874976871666553 dE =  3.91586E-02
SCF Iteration 253: Energy = 2.8483390912171931 dE = -3.91586E-02
SCF Iteration 254: Energy = 2.8874976871666580 dE =  3.91586E-02
SCF Iteration 255: Energy = 2.8483390912171931 dE = -3.91586E-02
SCF Iteration 256: Energy = 2.8874976871666589 dE =  3.91586E-02
SCF Iteration 257: Energy = 2.8483390912171949 dE = -3.91586E-02
SCF Iteration 258: Energy = 2.8874976871666496 dE =  3.91586E-02
SCF Iteration 259: Energy = 2.8483390912171926 dE = -3.91586E-02
SCF Iteration 260: Energy = 2.8874976871666558 dE =  3.91586E-02
SCF Iteration 261: Energy = 2.8483390912171962 dE = -3.91586E-02
SCF Iteration 262: Energy = 2.8874976871666522 dE =  3.91586E-02
SCF Iteration 263: Energy = 2.8483390912171922 dE = -3.91586E-02
SCF Iteration 264: Energy = 2.8874976871666513 dE =  3.91586E-02
SCF Iteration 265: Energy = 2.8483390912172024 dE = -3.91586E-02
SCF Iteration 266: Energy = 2.8874976871666580 dE =  3.91586E-02
SCF Iteration 267: Energy = 2.8483390912171975 dE = -3.91586E-02
SCF Iteration 268: Energy = 2.8874976871666531 dE =  3.91586E-02
SCF Iteration 269: Energy = 2.8483390912171940 dE = -3.91586E-02
SCF Iteration 270: Energy = 2.8874976871666536 dE =  3.91586E-02
SCF Iteration 271: Energy = 2.8483390912171958 dE = -3.91586E-02
SCF Iteration 272: Energy = 2.8874976871666491 dE =  3.91586E-02
SCF Iteration 273: Energy = 2.8483390912171980 dE = -3.91586E-02
SCF Iteration 274: Energy = 2.8874976871666553 dE =  3.91586E-02
SCF Iteration 275: Energy = 2.8483390912171909 dE = -3.91586E-02
SCF Iteration 276: Energy = 2.8874976871666522 dE =  3.91586E-02
SCF Iteration 277: Energy = 2.8483390912171909 dE = -3.91586E-02
SCF Iteration 278: Energy = 2.8874976871666540 dE =  3.91586E-02
SCF Iteration 279: Energy = 2.8483390912171913 dE = -3.91586E-02
SCF Iteration 280: Energy = 2.8874976871666584 dE =  3.91586E-02
SCF Iteration 281: Energy = 2.8483390912172037 dE = -3.91586E-02
SCF Iteration 282: Energy = 2.8874976871666522 dE =  3.91586E-02
SCF Iteration 283: Energy = 2.8483390912171935 dE = -3.91586E-02
SCF Iteration 284: Energy = 2.8874976871666531 dE =  3.91586E-02
SCF Iteration 285: Energy = 2.8483390912171931 dE = -3.91586E-02
SCF Iteration 286: Energy = 2.8874976871666527 dE =  3.91586E-02
SCF Iteration 287: Energy = 2.8483390912171940 dE = -3.91586E-02
SCF Iteration 288: Energy = 2.8874976871666536 dE =  3.91586E-02
SCF Iteration 289: Energy = 2.8483390912171962 dE = -3.91586E-02
SCF Iteration 290: Energy = 2.8874976871666416 dE =  3.91586E-02
SCF Iteration 291: Energy = 2.8483390912171935 dE = -3.91586E-02
SCF Iteration 292: Energy = 2.8874976871666518 dE =  3.91586E-02
SCF Iteration 293: Energy = 2.8483390912171913 dE = -3.91586E-02
SCF Iteration 294: Energy = 2.8874976871666522 dE =  3.91586E-02
SCF Iteration 295: Energy = 2.8483390912171926 dE = -3.91586E-02
SCF Iteration 296: Energy = 2.8874976871666496 dE =  3.91586E-02
SCF Iteration 297: Energy = 2.8483390912171993 dE = -3.91586E-02
SCF Iteration 298: Energy = 2.8874976871666416 dE =  3.91586E-02
SCF Iteration 299: Energy = 2.8483390912171922 dE = -3.91586E-02
SCF Iteration 300: Energy = 2.8874976871666513 dE =  3.91586E-02
SCF Iteration 301: Energy = 2.8483390912171966 dE = -3.91586E-02
SCF Iteration 302: Energy = 2.8874976871666553 dE =  3.91586E-02
SCF Iteration 303: Energy = 2.8483390912172024 dE = -3.91586E-02
SCF Iteration 304: Energy = 2.8874976871666505 dE =  3.91586E-02
SCF Iteration 305: Energy = 2.8483390912171958 dE = -3.91586E-02
SCF Iteration 306: Energy = 2.8874976871666496 dE =  3.91586E-02
SCF Iteration 307: Energy = 2.8483390912171886 dE = -3.91586E-02
SCF Iteration 308: Energy = 2.8874976871666487 dE =  3.91586E-02
SCF Iteration 309: Energy = 2.8483390912171984 dE = -3.91586E-02
SCF Iteration 310: Energy = 2.8874976871666522 dE =  3.91586E-02
SCF Iteration 311: Energy = 2.8483390912171940 dE = -3.91586E-02
SCF Iteration 312: Energy = 2.8874976871666442 dE =  3.91586E-02
SCF Iteration 313: Energy = 2.8483390912171958 dE = -3.91586E-02
SCF Iteration 314: Energy = 2.8874976871666491 dE =  3.91586E-02
SCF Iteration 315: Energy = 2.8483390912171958 dE = -3.91586E-02
SCF Iteration 316: Energy = 2.8874976871666505 dE =  3.91586E-02
SCF Iteration 317: Energy = 2.8483390912171953 dE = -3.91586E-02
SCF Iteration 318: Energy = 2.8874976871666567 dE =  3.91586E-02
SCF Iteration 319: Energy = 2.8483390912171984 dE = -3.91586E-02
SCF Iteration 320: Energy = 2.8874976871666531 dE =  3.91586E-02
SCF Iteration 321: Energy = 2.8483390912171926 dE = -3.91586E-02
SCF Iteration 322: Energy = 2.8874976871666491 dE =  3.91586E-02
SCF Iteration 323: Energy = 2.8483390912171962 dE = -3.91586E-02
SCF Iteration 324: Energy = 2.8874976871666513 dE =  3.91586E-02
SCF Iteration 325: Energy = 2.8483390912171926 dE = -3.91586E-02
SCF Iteration 326: Energy = 2.8874976871666531 dE =  3.91586E-02
SCF Iteration 327: Energy = 2.8483390912171984 dE = -3.91586E-02
SCF Iteration 328: Energy = 2.8874976871666487 dE =  3.91586E-02
SCF Iteration 329: Energy = 2.8483390912171949 dE = -3.91586E-02
SCF Iteration 330: Energy = 2.8874976871666496 dE =  3.91586E-02
SCF Iteration 331: Energy = 2.8483390912171958 dE = -3.91586E-02
SCF Iteration 332: Energy = 2.8874976871666584 dE =  3.91586E-02
SCF Iteration 333: Energy = 2.8483390912171949 dE = -3.91586E-02
SCF Iteration 334: Energy = 2.8874976871666531 dE =  3.91586E-02
SCF Iteration 335: Energy = 2.8483390912171931 dE = -3.91586E-02
SCF Iteration 336: Energy = 2.8874976871666567 dE =  3.91586E-02
SCF Iteration 337: Energy = 2.8483390912171993 dE = -3.91586E-02
SCF Iteration 338: Energy = 2.8874976871666620 dE =  3.91586E-02
SCF Iteration 339: Energy = 2.8483390912172020 dE = -3.91586E-02
SCF Iteration 340: Energy = 2.8874976871666553 dE =  3.91586E-02
SCF Iteration 341: Energy = 2.8483390912172037 dE = -3.91586E-02
SCF Iteration 342: Energy = 2.8874976871666576 dE =  3.91586E-02
SCF Iteration 343: Energy = 2.8483390912172020 dE = -3.91586E-02
SCF Iteration 344: Energy = 2.8874976871666567 dE =  3.91586E-02
SCF Iteration 345: Energy = 2.8483390912172020 dE = -3.91586E-02
SCF Iteration 346: Energy = 2.8874976871666607 dE =  3.91586E-02
SCF Iteration 347: Energy = 2.8483390912171962 dE = -3.91586E-02
SCF Iteration 348: Energy = 2.8874976871666584 dE =  3.91586E-02
SCF Iteration 349: Energy = 2.8483390912172033 dE = -3.91586E-02
SCF Iteration 350: Energy = 2.8874976871666584 dE =  3.91586E-02
SCF Iteration 351: Energy = 2.8483390912171953 dE = -3.91586E-02
SCF Iteration 352: Energy = 2.8874976871666531 dE =  3.91586E-02
SCF Iteration 353: Energy = 2.8483390912171940 dE = -3.91586E-02
SCF Iteration 354: Energy = 2.8874976871666451 dE =  3.91586E-02
SCF Iteration 355: Energy = 2.8483390912171891 dE = -3.91586E-02
SCF Iteration 356: Energy = 2.8874976871666469 dE =  3.91586E-02
SCF Iteration 357: Energy = 2.8483390912171940 dE = -3.91586E-02
SCF Iteration 358: Energy = 2.8874976871666433 dE =  3.91586E-02
SCF Iteration 359: Energy = 2.8483390912171913 dE = -3.91586E-02
SCF Iteration 360: Energy = 2.8874976871666482 dE =  3.91586E-02
SCF Iteration 361: Energy = 2.8483390912171975 dE = -3.91586E-02
SCF Iteration 362: Energy = 2.8874976871666513 dE =  3.91586E-02
SCF Iteration 363: Energy = 2.8483390912171922 dE = -3.91586E-02
SCF Iteration 364: Energy = 2.8874976871666473 dE =  3.91586E-02
SCF Iteration 365: Energy = 2.8483390912171931 dE = -3.91586E-02
SCF Iteration 366: Energy = 2.8874976871666518 dE =  3.91586E-02
SCF Iteration 367: Energy = 2.8483390912172002 dE = -3.91586E-02
SCF Iteration 368: Energy = 2.8874976871666518 dE =  3.91586E-02
SCF Iteration 369: Energy = 2.8483390912171971 dE = -3.91586E-02
SCF Iteration 370: Energy = 2.8874976871666500 dE =  3.91586E-02
SCF Iteration 371: Energy = 2.8483390912171980 dE = -3.91586E-02
SCF Iteration 372: Energy = 2.8874976871666522 dE =  3.91586E-02
SCF Iteration 373: Energy = 2.8483390912171904 dE = -3.91586E-02
SCF Iteration 374: Energy = 2.8874976871666460 dE =  3.91586E-02
SCF Iteration 375: Energy = 2.8483390912171895 dE = -3.91586E-02
SCF Iteration 376: Energy = 2.8874976871666496 dE =  3.91586E-02
SCF Iteration 377: Energy = 2.8483390912171931 dE = -3.91586E-02
SCF Iteration 378: Energy = 2.8874976871666549 dE =  3.91586E-02
SCF Iteration 379: Energy = 2.8483390912171931 dE = -3.91586E-02
SCF Iteration 380: Energy = 2.8874976871666536 dE =  3.91586E-02
SCF Iteration 381: Energy = 2.8483390912171931 dE = -3.91586E-02
SCF Iteration 382: Energy = 2.8874976871666500 dE =  3.91586E-02
SCF Iteration 383: Energy = 2.8483390912171940 dE = -3.91586E-02
SCF Iteration 384: Energy = 2.8874976871666531 dE =  3.91586E-02
SCF Iteration 385: Energy = 2.8483390912171904 dE = -3.91586E-02
SCF Iteration 386: Energy = 2.8874976871666496 dE =  3.91586E-02
SCF Iteration 387: Energy = 2.8483390912171913 dE = -3.91586E-02
SCF Iteration 388: Energy = 2.8874976871666540 dE =  3.91586E-02
SCF Iteration 389: Energy = 2.8483390912171975 dE = -3.91586E-02
SCF Iteration 390: Energy = 2.8874976871666513 dE =  3.91586E-02
SCF Iteration 391: Energy = 2.8483390912171909 dE = -3.91586E-02
SCF Iteration 392: Energy = 2.8874976871666478 dE =  3.91586E-02
SCF Iteration 393: Energy = 2.8483390912171904 dE = -3.91586E-02
SCF Iteration 394: Energy = 2.8874976871666438 dE =  3.91586E-02
SCF Iteration 395: Energy = 2.8483390912171918 dE = -3.91586E-02
SCF Iteration 396: Energy = 2.8874976871666513 dE =  3.91586E-02
SCF Iteration 397: Energy = 2.8483390912171966 dE = -3.91586E-02
SCF Iteration 398: Energy = 2.8874976871666425 dE =  3.91586E-02
SCF Iteration 399: Energy = 2.8483390912171913 dE = -3.91586E-02
SCF Iteration 400: Energy = 2.8874976871666478 dE =  3.91586E-02
SCF Iteration 401: Energy = 2.8483390912171944 dE = -3.91586E-02
SCF Iteration 402: Energy = 2.8874976871666442 dE =  3.91586E-02
SCF Iteration 403: Energy = 2.8483390912171909 dE = -3.91586E-02
SCF Iteration 404: Energy = 2.8874976871666576 dE =  3.91586E-02
SCF Iteration 405: Energy = 2.8483390912171931 dE = -3.91586E-02
SCF Iteration 406: Energy = 2.8874976871666518 dE =  3.91586E-02
SCF Iteration 407: Energy = 2.8483390912171966 dE = -3.91586E-02
SCF Iteration 408: Energy = 2.8874976871666553 dE =  3.91586E-02
SCF Iteration 409: Energy = 2.8483390912171895 dE = -3.91586E-02
SCF Iteration 410: Energy = 2.8874976871666496 dE =  3.91586E-02
SCF Iteration 411: Energy = 2.8483390912172006 dE = -3.91586E-02
SCF Iteration 412: Energy = 2.8874976871666540 dE =  3.91586E-02
SCF Iteration 413: Energy = 2.8483390912171993 dE = -3.91586E-02
SCF Iteration 414: Energy = 2.8874976871666567 dE =  3.91586E-02
SCF Iteration 415: Energy = 2.8483390912171962 dE = -3.91586E-02
SCF Iteration 416: Energy = 2.8874976871666496 dE =  3.91586E-02
SCF Iteration 417: Energy = 2.8483390912172015 dE = -3.91586E-02
SCF Iteration 418: Energy = 2.8874976871666522 dE =  3.91586E-02
SCF Iteration 419: Energy = 2.8483390912171993 dE = -3.91586E-02
SCF Iteration 420: Energy = 2.8874976871666567 dE =  3.91586E-02
SCF Iteration 421: Energy = 2.8483390912172029 dE = -3.91586E-02
SCF Iteration 422: Energy = 2.8874976871666580 dE =  3.91586E-02
SCF Iteration 423: Energy = 2.8483390912171984 dE = -3.91586E-02
SCF Iteration 424: Energy = 2.8874976871666518 dE =  3.91586E-02
SCF Iteration 425: Energy = 2.8483390912171966 dE = -3.91586E-02
SCF Iteration 426: Energy = 2.8874976871666549 dE =  3.91586E-02
SCF Iteration 427: Energy = 2.8483390912171931 dE = -3.91586E-02
SCF Iteration 428: Energy = 2.8874976871666460 dE =  3.91586E-02
SCF Iteration 429: Energy = 2.8483390912171953 dE = -3.91586E-02
SCF Iteration 430: Energy = 2.8874976871666544 dE =  3.91586E-02
SCF Iteration 431: Energy = 2.8483390912172020 dE = -3.91586E-02
SCF Iteration 432: Energy = 2.8874976871666451 dE =  3.91586E-02
SCF Iteration 433: Energy = 2.8483390912171935 dE = -3.91586E-02
SCF Iteration 434: Energy = 2.8874976871666522 dE =  3.91586E-02
SCF Iteration 435: Energy = 2.8483390912171944 dE = -3.91586E-02
SCF Iteration 436: Energy = 2.8874976871666496 dE =  3.91586E-02
SCF Iteration 437: Energy = 2.8483390912171958 dE = -3.91586E-02
SCF Iteration 438: Energy = 2.8874976871666531 dE =  3.91586E-02
SCF Iteration 439: Energy = 2.8483390912171989 dE = -3.91586E-02
SCF Iteration 440: Energy = 2.8874976871666602 dE =  3.91586E-02
SCF Iteration 441: Energy = 2.8483390912171966 dE = -3.91586E-02
SCF Iteration 442: Energy = 2.8874976871666531 dE =  3.91586E-02
SCF Iteration 443: Energy = 2.8483390912171922 dE = -3.91586E-02
SCF Iteration 444: Energy = 2.8874976871666505 dE =  3.91586E-02
SCF Iteration 445: Energy = 2.8483390912171958 dE = -3.91586E-02
SCF Iteration 446: Energy = 2.8874976871666531 dE =  3.91586E-02
SCF Iteration 447: Energy = 2.8483390912171900 dE = -3.91586E-02
SCF Iteration 448: Energy = 2.8874976871666540 dE =  3.91586E-02
SCF Iteration 449: Energy = 2.8483390912172020 dE = -3.91586E-02
SCF Iteration 450: Energy = 2.8874976871666513 dE =  3.91586E-02
SCF Iteration 451: Energy = 2.8483390912171922 dE = -3.91586E-02
SCF Iteration 452: Energy = 2.8874976871666536 dE =  3.91586E-02
SCF Iteration 453: Energy = 2.8483390912171958 dE = -3.91586E-02
SCF Iteration 454: Energy = 2.8874976871666544 dE =  3.91586E-02
SCF Iteration 455: Energy = 2.8483390912171966 dE = -3.91586E-02
SCF Iteration 456: Energy = 2.8874976871666531 dE =  3.91586E-02
SCF Iteration 457: Energy = 2.8483390912172020 dE = -3.91586E-02
SCF Iteration 458: Energy = 2.8874976871666522 dE =  3.91586E-02
SCF Iteration 459: Energy = 2.8483390912171966 dE = -3.91586E-02
SCF Iteration 460: Energy = 2.8874976871666496 dE =  3.91586E-02
SCF Iteration 461: Energy = 2.8483390912171931 dE = -3.91586E-02
SCF Iteration 462: Energy = 2.8874976871666531 dE =  3.91586E-02
SCF Iteration 463: Energy = 2.8483390912171949 dE = -3.91586E-02
SCF Iteration 464: Energy = 2.8874976871666505 dE =  3.91586E-02
SCF Iteration 465: Energy = 2.8483390912171962 dE = -3.91586E-02
SCF Iteration 466: Energy = 2.8874976871666549 dE =  3.91586E-02
SCF Iteration 467: Energy = 2.8483390912171944 dE = -3.91586E-02
SCF Iteration 468: Energy = 2.8874976871666584 dE =  3.91586E-02
SCF Iteration 469: Energy = 2.8483390912171895 dE = -3.91586E-02
SCF Iteration 470: Energy = 2.8874976871666505 dE =  3.91586E-02
SCF Iteration 471: Energy = 2.8483390912172015 dE = -3.91586E-02
SCF Iteration 472: Energy = 2.8874976871666518 dE =  3.91586E-02
SCF Iteration 473: Energy = 2.8483390912171966 dE = -3.91586E-02
SCF Iteration 474: Energy = 2.8874976871666478 dE =  3.91586E-02
SCF Iteration 475: Energy = 2.8483390912171989 dE = -3.91586E-02
SCF Iteration 476: Energy = 2.8874976871666505 dE =  3.91586E-02
SCF Iteration 477: Energy = 2.8483390912171958 dE = -3.91586E-02
SCF Iteration 478: Energy = 2.8874976871666522 dE =  3.91586E-02
SCF Iteration 479: Energy = 2.8483390912171878 dE = -3.91586E-02
SCF Iteration 480: Energy = 2.8874976871666496 dE =  3.91586E-02
SCF Iteration 481: Energy = 2.8483390912171895 dE = -3.91586E-02
SCF Iteration 482: Energy = 2.8874976871666469 dE =  3.91586E-02
SCF Iteration 483: Energy = 2.8483390912171909 dE = -3.91586E-02
SCF Iteration 484: Energy = 2.8874976871666469 dE =  3.91586E-02
SCF Iteration 485: Energy = 2.8483390912171878 dE = -3.91586E-02
SCF Iteration 486: Energy = 2.8874976871666544 dE =  3.91586E-02
SCF Iteration 487: Energy = 2.8483390912171966 dE = -3.91586E-02
SCF Iteration 488: Energy = 2.8874976871666505 dE =  3.91586E-02
SCF Iteration 489: Energy = 2.8483390912171895 dE = -3.91586E-02
SCF Iteration 490: Energy = 2.8874976871666553 dE =  3.91586E-02
SCF Iteration 491: Energy = 2.8483390912171958 dE = -3.91586E-02
SCF Iteration 492: Energy = 2.8874976871666527 dE =  3.91586E-02
SCF Iteration 493: Energy = 2.8483390912172073 dE = -3.91586E-02
SCF Iteration 494: Energy = 2.8874976871666540 dE =  3.91586E-02
SCF Iteration 495: Energy = 2.8483390912171993 dE = -3.91586E-02
SCF Iteration 496: Energy = 2.8874976871666527 dE =  3.91586E-02
SCF Iteration 497: Energy = 2.8483390912171909 dE = -3.91586E-02
SCF Iteration 498: Energy = 2.8874976871666549 dE =  3.91586E-02
SCF Iteration 499: Energy = 2.8483390912172029 dE = -3.91586E-02
SCF Iteration 500: Energy = 2.8874976871666584 dE =  3.91586E-02
