
  Memory set to  55.879 GiB by Python driver.
  Threads set to 1 by Python driver.
Settings:
	LOT = CCSD-S1-U21
	wc = 20.0 eV
	lambda = [0.606212 0.       0.      ] a.u.
	Equivalent A0 = LAMBDA / sqrt(2 wc) = [0.5 0.  0. ])
doing QED-CCSD-1 (or QED-CCSD-21)
Number of occupied orbitals:   1
Number of basis functions:  60
SCF Iteration   1: Energy = 1.2468391964786942 dE =  1.24684E+00
SCF Iteration   2: Energy = 1.6342481884971045 dE =  3.87409E-01
SCF Iteration   3: Energy = 1.4306541308243079 dE = -2.03594E-01
SCF Iteration   4: Energy = 1.6484781443504986 dE =  2.17824E-01
SCF Iteration   5: Energy = 1.4882637669434446 dE = -1.60214E-01
SCF Iteration   6: Energy = 1.6563822906084107 dE =  1.68119E-01
SCF Iteration   7: Energy = 1.5097141925256938 dE = -1.46668E-01
SCF Iteration   8: Energy = 1.6596472593354794 dE =  1.49933E-01
SCF Iteration   9: Energy = 1.5184608030931224 dE = -1.41186E-01
SCF Iteration  10: Energy = 1.6604987797707329 dE =  1.42038E-01
SCF Iteration  11: Energy = 1.5217805395332551 dE = -1.38718E-01
SCF Iteration  12: Energy = 1.6602052562556180 dE =  1.38425E-01
SCF Iteration  13: Energy = 1.5226909603320908 dE = -1.37514E-01
SCF Iteration  14: Energy = 1.6594863181001025 dE =  1.36795E-01
SCF Iteration  15: Energy = 1.5225955149737105 dE = -1.36891E-01
SCF Iteration  16: Energy = 1.6587031048395380 dE =  1.36108E-01
SCF Iteration  17: Energy = 1.5221494504420030 dE = -1.36554E-01
SCF Iteration  18: Energy = 1.6580081847869201 dE =  1.35859E-01
SCF Iteration  19: Energy = 1.5216428036723912 dE = -1.36365E-01
SCF Iteration  20: Energy = 1.6574472487031127 dE =  1.35804E-01
SCF Iteration  21: Energy = 1.5211897712713909 dE = -1.36257E-01
SCF Iteration  22: Energy = 1.6570178721152229 dE =  1.35828E-01
SCF Iteration  23: Energy = 1.5208236606551830 dE = -1.36194E-01
SCF Iteration  24: Energy = 1.6566998472789816 dE =  1.35876E-01
SCF Iteration  25: Energy = 1.5205435172535533 dE = -1.36156E-01
SCF Iteration  26: Energy = 1.6564693533694417 dE =  1.35926E-01
SCF Iteration  27: Energy = 1.5203361566775460 dE = -1.36133E-01
SCF Iteration  28: Energy = 1.6563047659802939 dE =  1.35969E-01
SCF Iteration  29: Energy = 1.5201859576262735 dE = -1.36119E-01
SCF Iteration  30: Energy = 1.6561884658773347 dE =  1.36003E-01
SCF Iteration  31: Energy = 1.5200787574866910 dE = -1.36110E-01
SCF Iteration  32: Energy = 1.6561069033469047 dE =  1.36028E-01
SCF Iteration  33: Energy = 1.5200030363757349 dE = -1.36104E-01
SCF Iteration  34: Energy = 1.6560500161253127 dE =  1.36047E-01
SCF Iteration  35: Energy = 1.5199499474143892 dE = -1.36100E-01
SCF Iteration  36: Energy = 1.6560104994901528 dE =  1.36061E-01
SCF Iteration  37: Energy = 1.5199129275482139 dE = -1.36098E-01
SCF Iteration  38: Energy = 1.6559831317620732 dE =  1.36070E-01
SCF Iteration  39: Energy = 1.5198872159305665 dE = -1.36096E-01
SCF Iteration  40: Energy = 1.6559642204637959 dE =  1.36077E-01
SCF Iteration  41: Energy = 1.5198694112299709 dE = -1.36095E-01
SCF Iteration  42: Energy = 1.6559511746469937 dE =  1.36082E-01
SCF Iteration  43: Energy = 1.5198571092023121 dE = -1.36094E-01
SCF Iteration  44: Energy = 1.6559421865144128 dE =  1.36085E-01
SCF Iteration  45: Energy = 1.5198486233430319 dE = -1.36094E-01
SCF Iteration  46: Energy = 1.6559359999273786 dE =  1.36087E-01
SCF Iteration  47: Energy = 1.5198427771842811 dE = -1.36093E-01
SCF Iteration  48: Energy = 1.6559317447495465 dE =  1.36089E-01
SCF Iteration  49: Energy = 1.5198387534022606 dE = -1.36093E-01
SCF Iteration  50: Energy = 1.6559288196163711 dE =  1.36090E-01
SCF Iteration  51: Energy = 1.5198359859032715 dE = -1.36093E-01
SCF Iteration  52: Energy = 1.6559268096324242 dE =  1.36091E-01
SCF Iteration  53: Energy = 1.5198340834891215 dE = -1.36093E-01
SCF Iteration  54: Energy = 1.6559254289233500 dE =  1.36091E-01
SCF Iteration  55: Energy = 1.5198327762828034 dE = -1.36093E-01
SCF Iteration  56: Energy = 1.6559244807069535 dE =  1.36092E-01
SCF Iteration  57: Energy = 1.5198318783419467 dE = -1.36093E-01
SCF Iteration  58: Energy = 1.6559238296282517 dE =  1.36092E-01
SCF Iteration  59: Energy = 1.5198312616781708 dE = -1.36093E-01
SCF Iteration  60: Energy = 1.6559233826367417 dE =  1.36092E-01
SCF Iteration  61: Energy = 1.5198308382585473 dE = -1.36093E-01
SCF Iteration  62: Energy = 1.6559230757915882 dE =  1.36092E-01
SCF Iteration  63: Energy = 1.5198305475658653 dE = -1.36093E-01
SCF Iteration  64: Energy = 1.6559228651692481 dE =  1.36092E-01
SCF Iteration  65: Energy = 1.5198303480157020 dE = -1.36093E-01
SCF Iteration  66: Energy = 1.6559227206042677 dE =  1.36092E-01
SCF Iteration  67: Energy = 1.5198302110424744 dE = -1.36093E-01
SCF Iteration  68: Energy = 1.6559226213837124 dE =  1.36092E-01
SCF Iteration  69: Energy = 1.5198301170283308 dE = -1.36093E-01
SCF Iteration  70: Energy = 1.6559225532871955 dE =  1.36092E-01
SCF Iteration  71: Energy = 1.5198300525029074 dE = -1.36093E-01
SCF Iteration  72: Energy = 1.6559225065528262 dE =  1.36092E-01
SCF Iteration  73: Energy = 1.5198300082182432 dE = -1.36092E-01
SCF Iteration  74: Energy = 1.6559224744798620 dE =  1.36092E-01
SCF Iteration  75: Energy = 1.5198299778258886 dE = -1.36092E-01
SCF Iteration  76: Energy = 1.6559224524691056 dE =  1.36092E-01
SCF Iteration  77: Energy = 1.5198299569681750 dE = -1.36092E-01
SCF Iteration  78: Energy = 1.6559224373639294 dE =  1.36092E-01
SCF Iteration  79: Energy = 1.5198299426541291 dE = -1.36092E-01
SCF Iteration  80: Energy = 1.6559224269978898 dE =  1.36092E-01
SCF Iteration  81: Energy = 1.5198299328309315 dE = -1.36092E-01
SCF Iteration  82: Energy = 1.6559224198841713 dE =  1.36092E-01
SCF Iteration  83: Energy = 1.5198299260896979 dE = -1.36092E-01
SCF Iteration  84: Energy = 1.6559224150023866 dE =  1.36092E-01
SCF Iteration  85: Energy = 1.5198299214635025 dE = -1.36092E-01
SCF Iteration  86: Energy = 1.6559224116522815 dE =  1.36092E-01
SCF Iteration  87: Energy = 1.5198299182887829 dE = -1.36092E-01
SCF Iteration  88: Energy = 1.6559224093532889 dE =  1.36092E-01
SCF Iteration  89: Energy = 1.5198299161101472 dE = -1.36092E-01
SCF Iteration  90: Energy = 1.6559224077756263 dE =  1.36092E-01
SCF Iteration  91: Energy = 1.5198299146150700 dE = -1.36092E-01
SCF Iteration  92: Energy = 1.6559224066929672 dE =  1.36092E-01
SCF Iteration  93: Energy = 1.5198299135890785 dE = -1.36092E-01
SCF Iteration  94: Energy = 1.6559224059500011 dE =  1.36092E-01
SCF Iteration  95: Energy = 1.5198299128850090 dE = -1.36092E-01
SCF Iteration  96: Energy = 1.6559224054401516 dE =  1.36092E-01
SCF Iteration  97: Energy = 1.5198299124018473 dE = -1.36092E-01
SCF Iteration  98: Energy = 1.6559224050902712 dE =  1.36092E-01
SCF Iteration  99: Energy = 1.5198299120702834 dE = -1.36092E-01
SCF Iteration 100: Energy = 1.6559224048501706 dE =  1.36092E-01
SCF Iteration 101: Energy = 1.5198299118427505 dE = -1.36092E-01
SCF Iteration 102: Energy = 1.6559224046854020 dE =  1.36092E-01
SCF Iteration 103: Energy = 1.5198299116866050 dE = -1.36092E-01
SCF Iteration 104: Energy = 1.6559224045723349 dE =  1.36092E-01
SCF Iteration 105: Energy = 1.5198299115794511 dE = -1.36092E-01
SCF Iteration 106: Energy = 1.6559224044947447 dE =  1.36092E-01
SCF Iteration 107: Energy = 1.5198299115059259 dE = -1.36092E-01
SCF Iteration 108: Energy = 1.6559224044414971 dE =  1.36092E-01
SCF Iteration 109: Energy = 1.5198299114554636 dE = -1.36092E-01
SCF Iteration 110: Energy = 1.6559224044049614 dE =  1.36092E-01
SCF Iteration 111: Energy = 1.5198299114208405 dE = -1.36092E-01
SCF Iteration 112: Energy = 1.6559224043798864 dE =  1.36092E-01
SCF Iteration 113: Energy = 1.5198299113970752 dE = -1.36092E-01
SCF Iteration 114: Energy = 1.6559224043626777 dE =  1.36092E-01
SCF Iteration 115: Energy = 1.5198299113807736 dE = -1.36092E-01
SCF Iteration 116: Energy = 1.6559224043508687 dE =  1.36092E-01
SCF Iteration 117: Energy = 1.5198299113695826 dE = -1.36092E-01
SCF Iteration 118: Energy = 1.6559224043427674 dE =  1.36092E-01
SCF Iteration 119: Energy = 1.5198299113619027 dE = -1.36092E-01
SCF Iteration 120: Energy = 1.6559224043372065 dE =  1.36092E-01
SCF Iteration 121: Energy = 1.5198299113566325 dE = -1.36092E-01
SCF Iteration 122: Energy = 1.6559224043333896 dE =  1.36092E-01
SCF Iteration 123: Energy = 1.5198299113530140 dE = -1.36092E-01
SCF Iteration 124: Energy = 1.6559224043307696 dE =  1.36092E-01
SCF Iteration 125: Energy = 1.5198299113505287 dE = -1.36092E-01
SCF Iteration 126: Energy = 1.6559224043289729 dE =  1.36092E-01
SCF Iteration 127: Energy = 1.5198299113488307 dE = -1.36092E-01
SCF Iteration 128: Energy = 1.6559224043277418 dE =  1.36092E-01
SCF Iteration 129: Energy = 1.5198299113476599 dE = -1.36092E-01
SCF Iteration 130: Energy = 1.6559224043268941 dE =  1.36092E-01
SCF Iteration 131: Energy = 1.5198299113468607 dE = -1.36092E-01
SCF Iteration 132: Energy = 1.6559224043263123 dE =  1.36092E-01
SCF Iteration 133: Energy = 1.5198299113463061 dE = -1.36092E-01
SCF Iteration 134: Energy = 1.6559224043259102 dE =  1.36092E-01
SCF Iteration 135: Energy = 1.5198299113459299 dE = -1.36092E-01
SCF Iteration 136: Energy = 1.6559224043256384 dE =  1.36092E-01
SCF Iteration 137: Energy = 1.5198299113456712 dE = -1.36092E-01
SCF Iteration 138: Energy = 1.6559224043254519 dE =  1.36092E-01
SCF Iteration 139: Energy = 1.5198299113454943 dE = -1.36092E-01
SCF Iteration 140: Energy = 1.6559224043253244 dE =  1.36092E-01
SCF Iteration 141: Energy = 1.5198299113453733 dE = -1.36092E-01
SCF Iteration 142: Energy = 1.6559224043252370 dE =  1.36092E-01
SCF Iteration 143: Energy = 1.5198299113452900 dE = -1.36092E-01
SCF Iteration 144: Energy = 1.6559224043251730 dE =  1.36092E-01
SCF Iteration 145: Energy = 1.5198299113452334 dE = -1.36092E-01
SCF Iteration 146: Energy = 1.6559224043251337 dE =  1.36092E-01
SCF Iteration 147: Energy = 1.5198299113451950 dE = -1.36092E-01
SCF Iteration 148: Energy = 1.6559224043251057 dE =  1.36092E-01
SCF Iteration 149: Energy = 1.5198299113451670 dE = -1.36092E-01
SCF Iteration 150: Energy = 1.6559224043250849 dE =  1.36092E-01
SCF Iteration 151: Energy = 1.5198299113451474 dE = -1.36092E-01
SCF Iteration 152: Energy = 1.6559224043250693 dE =  1.36092E-01
SCF Iteration 153: Energy = 1.5198299113451321 dE = -1.36092E-01
SCF Iteration 154: Energy = 1.6559224043250622 dE =  1.36092E-01
SCF Iteration 155: Energy = 1.5198299113451279 dE = -1.36092E-01
SCF Iteration 156: Energy = 1.6559224043250580 dE =  1.36092E-01
SCF Iteration 157: Energy = 1.5198299113451204 dE = -1.36092E-01
SCF Iteration 158: Energy = 1.6559224043250511 dE =  1.36092E-01
SCF Iteration 159: Energy = 1.5198299113451199 dE = -1.36092E-01
SCF Iteration 160: Energy = 1.6559224043250538 dE =  1.36092E-01
SCF Iteration 161: Energy = 1.5198299113451190 dE = -1.36092E-01
SCF Iteration 162: Energy = 1.6559224043250500 dE =  1.36092E-01
SCF Iteration 163: Energy = 1.5198299113451132 dE = -1.36092E-01
SCF Iteration 164: Energy = 1.6559224043250462 dE =  1.36092E-01
SCF Iteration 165: Energy = 1.5198299113451126 dE = -1.36092E-01
SCF Iteration 166: Energy = 1.6559224043250418 dE =  1.36092E-01
SCF Iteration 167: Energy = 1.5198299113451097 dE = -1.36092E-01
SCF Iteration 168: Energy = 1.6559224043250467 dE =  1.36092E-01
SCF Iteration 169: Energy = 1.5198299113451095 dE = -1.36092E-01
SCF Iteration 170: Energy = 1.6559224043250438 dE =  1.36092E-01
SCF Iteration 171: Energy = 1.5198299113451064 dE = -1.36092E-01
SCF Iteration 172: Energy = 1.6559224043250460 dE =  1.36092E-01
SCF Iteration 173: Energy = 1.5198299113451101 dE = -1.36092E-01
SCF Iteration 174: Energy = 1.6559224043250462 dE =  1.36092E-01
SCF Iteration 175: Energy = 1.5198299113451084 dE = -1.36092E-01
SCF Iteration 176: Energy = 1.6559224043250469 dE =  1.36092E-01
SCF Iteration 177: Energy = 1.5198299113451079 dE = -1.36092E-01
SCF Iteration 178: Energy = 1.6559224043250416 dE =  1.36092E-01
SCF Iteration 179: Energy = 1.5198299113451026 dE = -1.36092E-01
SCF Iteration 180: Energy = 1.6559224043250420 dE =  1.36092E-01
SCF Iteration 181: Energy = 1.5198299113451046 dE = -1.36092E-01
SCF Iteration 182: Energy = 1.6559224043250422 dE =  1.36092E-01
SCF Iteration 183: Energy = 1.5198299113451017 dE = -1.36092E-01
SCF Iteration 184: Energy = 1.6559224043250378 dE =  1.36092E-01
SCF Iteration 185: Energy = 1.5198299113451035 dE = -1.36092E-01
SCF Iteration 186: Energy = 1.6559224043250369 dE =  1.36092E-01
SCF Iteration 187: Energy = 1.5198299113451035 dE = -1.36092E-01
SCF Iteration 188: Energy = 1.6559224043250436 dE =  1.36092E-01
SCF Iteration 189: Energy = 1.5198299113451066 dE = -1.36092E-01
SCF Iteration 190: Energy = 1.6559224043250411 dE =  1.36092E-01
SCF Iteration 191: Energy = 1.5198299113451061 dE = -1.36092E-01
SCF Iteration 192: Energy = 1.6559224043250445 dE =  1.36092E-01
SCF Iteration 193: Energy = 1.5198299113451128 dE = -1.36092E-01
SCF Iteration 194: Energy = 1.6559224043250445 dE =  1.36092E-01
SCF Iteration 195: Energy = 1.5198299113451093 dE = -1.36092E-01
SCF Iteration 196: Energy = 1.6559224043250427 dE =  1.36092E-01
SCF Iteration 197: Energy = 1.5198299113451093 dE = -1.36092E-01
SCF Iteration 198: Energy = 1.6559224043250440 dE =  1.36092E-01
SCF Iteration 199: Energy = 1.5198299113451099 dE = -1.36092E-01
SCF Iteration 200: Energy = 1.6559224043250462 dE =  1.36092E-01
SCF Iteration 201: Energy = 1.5198299113451115 dE = -1.36092E-01
SCF Iteration 202: Energy = 1.6559224043250396 dE =  1.36092E-01
SCF Iteration 203: Energy = 1.5198299113451070 dE = -1.36092E-01
SCF Iteration 204: Energy = 1.6559224043250422 dE =  1.36092E-01
SCF Iteration 205: Energy = 1.5198299113451068 dE = -1.36092E-01
SCF Iteration 206: Energy = 1.6559224043250420 dE =  1.36092E-01
SCF Iteration 207: Energy = 1.5198299113451077 dE = -1.36092E-01
SCF Iteration 208: Energy = 1.6559224043250453 dE =  1.36092E-01
SCF Iteration 209: Energy = 1.5198299113451053 dE = -1.36092E-01
SCF Iteration 210: Energy = 1.6559224043250433 dE =  1.36092E-01
SCF Iteration 211: Energy = 1.5198299113451019 dE = -1.36092E-01
SCF Iteration 212: Energy = 1.6559224043250398 dE =  1.36092E-01
SCF Iteration 213: Energy = 1.5198299113451039 dE = -1.36092E-01
SCF Iteration 214: Energy = 1.6559224043250458 dE =  1.36092E-01
SCF Iteration 215: Energy = 1.5198299113451086 dE = -1.36092E-01
SCF Iteration 216: Energy = 1.6559224043250445 dE =  1.36092E-01
SCF Iteration 217: Energy = 1.5198299113451070 dE = -1.36092E-01
SCF Iteration 218: Energy = 1.6559224043250393 dE =  1.36092E-01
SCF Iteration 219: Energy = 1.5198299113451057 dE = -1.36092E-01
SCF Iteration 220: Energy = 1.6559224043250436 dE =  1.36092E-01
SCF Iteration 221: Energy = 1.5198299113451077 dE = -1.36092E-01
SCF Iteration 222: Energy = 1.6559224043250409 dE =  1.36092E-01
SCF Iteration 223: Energy = 1.5198299113451057 dE = -1.36092E-01
SCF Iteration 224: Energy = 1.6559224043250462 dE =  1.36092E-01
SCF Iteration 225: Energy = 1.5198299113451088 dE = -1.36092E-01
SCF Iteration 226: Energy = 1.6559224043250422 dE =  1.36092E-01
SCF Iteration 227: Energy = 1.5198299113451070 dE = -1.36092E-01
SCF Iteration 228: Energy = 1.6559224043250420 dE =  1.36092E-01
SCF Iteration 229: Energy = 1.5198299113451070 dE = -1.36092E-01
SCF Iteration 230: Energy = 1.6559224043250411 dE =  1.36092E-01
SCF Iteration 231: Energy = 1.5198299113451070 dE = -1.36092E-01
SCF Iteration 232: Energy = 1.6559224043250416 dE =  1.36092E-01
SCF Iteration 233: Energy = 1.5198299113451048 dE = -1.36092E-01
SCF Iteration 234: Energy = 1.6559224043250373 dE =  1.36092E-01
SCF Iteration 235: Energy = 1.5198299113451017 dE = -1.36092E-01
SCF Iteration 236: Energy = 1.6559224043250385 dE =  1.36092E-01
SCF Iteration 237: Energy = 1.5198299113451004 dE = -1.36092E-01
SCF Iteration 238: Energy = 1.6559224043250396 dE =  1.36092E-01
SCF Iteration 239: Energy = 1.5198299113451035 dE = -1.36092E-01
SCF Iteration 240: Energy = 1.6559224043250400 dE =  1.36092E-01
SCF Iteration 241: Energy = 1.5198299113451033 dE = -1.36092E-01
SCF Iteration 242: Energy = 1.6559224043250449 dE =  1.36092E-01
SCF Iteration 243: Energy = 1.5198299113451079 dE = -1.36092E-01
SCF Iteration 244: Energy = 1.6559224043250440 dE =  1.36092E-01
SCF Iteration 245: Energy = 1.5198299113451101 dE = -1.36092E-01
SCF Iteration 246: Energy = 1.6559224043250445 dE =  1.36092E-01
SCF Iteration 247: Energy = 1.5198299113451093 dE = -1.36092E-01
SCF Iteration 248: Energy = 1.6559224043250449 dE =  1.36092E-01
SCF Iteration 249: Energy = 1.5198299113451110 dE = -1.36092E-01
SCF Iteration 250: Energy = 1.6559224043250436 dE =  1.36092E-01
SCF Iteration 251: Energy = 1.5198299113451059 dE = -1.36092E-01
SCF Iteration 252: Energy = 1.6559224043250413 dE =  1.36092E-01
SCF Iteration 253: Energy = 1.5198299113451050 dE = -1.36092E-01
SCF Iteration 254: Energy = 1.6559224043250431 dE =  1.36092E-01
SCF Iteration 255: Energy = 1.5198299113451066 dE = -1.36092E-01
SCF Iteration 256: Energy = 1.6559224043250431 dE =  1.36092E-01
SCF Iteration 257: Energy = 1.5198299113451050 dE = -1.36092E-01
SCF Iteration 258: Energy = 1.6559224043250418 dE =  1.36092E-01
SCF Iteration 259: Energy = 1.5198299113451073 dE = -1.36092E-01
SCF Iteration 260: Energy = 1.6559224043250436 dE =  1.36092E-01
SCF Iteration 261: Energy = 1.5198299113451066 dE = -1.36092E-01
SCF Iteration 262: Energy = 1.6559224043250453 dE =  1.36092E-01
SCF Iteration 263: Energy = 1.5198299113451066 dE = -1.36092E-01
SCF Iteration 264: Energy = 1.6559224043250396 dE =  1.36092E-01
SCF Iteration 265: Energy = 1.5198299113451044 dE = -1.36092E-01
SCF Iteration 266: Energy = 1.6559224043250387 dE =  1.36092E-01
SCF Iteration 267: Energy = 1.5198299113451008 dE = -1.36092E-01
SCF Iteration 268: Energy = 1.6559224043250396 dE =  1.36092E-01
SCF Iteration 269: Energy = 1.5198299113451006 dE = -1.36092E-01
SCF Iteration 270: Energy = 1.6559224043250398 dE =  1.36092E-01
SCF Iteration 271: Energy = 1.5198299113451035 dE = -1.36092E-01
SCF Iteration 272: Energy = 1.6559224043250438 dE =  1.36092E-01
SCF Iteration 273: Energy = 1.5198299113451079 dE = -1.36092E-01
SCF Iteration 274: Energy = 1.6559224043250458 dE =  1.36092E-01
SCF Iteration 275: Energy = 1.5198299113451126 dE = -1.36092E-01
SCF Iteration 276: Energy = 1.6559224043250433 dE =  1.36092E-01
SCF Iteration 277: Energy = 1.5198299113451101 dE = -1.36092E-01
SCF Iteration 278: Energy = 1.6559224043250433 dE =  1.36092E-01
SCF Iteration 279: Energy = 1.5198299113451097 dE = -1.36092E-01
SCF Iteration 280: Energy = 1.6559224043250467 dE =  1.36092E-01
SCF Iteration 281: Energy = 1.5198299113451097 dE = -1.36092E-01
SCF Iteration 282: Energy = 1.6559224043250427 dE =  1.36092E-01
SCF Iteration 283: Energy = 1.5198299113451048 dE = -1.36092E-01
SCF Iteration 284: Energy = 1.6559224043250413 dE =  1.36092E-01
SCF Iteration 285: Energy = 1.5198299113451088 dE = -1.36092E-01
SCF Iteration 286: Energy = 1.6559224043250418 dE =  1.36092E-01
SCF Iteration 287: Energy = 1.5198299113451050 dE = -1.36092E-01
SCF Iteration 288: Energy = 1.6559224043250436 dE =  1.36092E-01
SCF Iteration 289: Energy = 1.5198299113451026 dE = -1.36092E-01
SCF Iteration 290: Energy = 1.6559224043250427 dE =  1.36092E-01
SCF Iteration 291: Energy = 1.5198299113451024 dE = -1.36092E-01
SCF Iteration 292: Energy = 1.6559224043250398 dE =  1.36092E-01
SCF Iteration 293: Energy = 1.5198299113451068 dE = -1.36092E-01
SCF Iteration 294: Energy = 1.6559224043250440 dE =  1.36092E-01
SCF Iteration 295: Energy = 1.5198299113451068 dE = -1.36092E-01
SCF Iteration 296: Energy = 1.6559224043250473 dE =  1.36092E-01
SCF Iteration 297: Energy = 1.5198299113451115 dE = -1.36092E-01
SCF Iteration 298: Energy = 1.6559224043250436 dE =  1.36092E-01
SCF Iteration 299: Energy = 1.5198299113451124 dE = -1.36092E-01
SCF Iteration 300: Energy = 1.6559224043250405 dE =  1.36092E-01
SCF Iteration 301: Energy = 1.5198299113451061 dE = -1.36092E-01
SCF Iteration 302: Energy = 1.6559224043250407 dE =  1.36092E-01
SCF Iteration 303: Energy = 1.5198299113451048 dE = -1.36092E-01
SCF Iteration 304: Energy = 1.6559224043250413 dE =  1.36092E-01
SCF Iteration 305: Energy = 1.5198299113451055 dE = -1.36092E-01
SCF Iteration 306: Energy = 1.6559224043250445 dE =  1.36092E-01
SCF Iteration 307: Energy = 1.5198299113451064 dE = -1.36092E-01
SCF Iteration 308: Energy = 1.6559224043250438 dE =  1.36092E-01
SCF Iteration 309: Energy = 1.5198299113451053 dE = -1.36092E-01
SCF Iteration 310: Energy = 1.6559224043250409 dE =  1.36092E-01
SCF Iteration 311: Energy = 1.5198299113451088 dE = -1.36092E-01
SCF Iteration 312: Energy = 1.6559224043250427 dE =  1.36092E-01
SCF Iteration 313: Energy = 1.5198299113451064 dE = -1.36092E-01
SCF Iteration 314: Energy = 1.6559224043250427 dE =  1.36092E-01
SCF Iteration 315: Energy = 1.5198299113451108 dE = -1.36092E-01
SCF Iteration 316: Energy = 1.6559224043250440 dE =  1.36092E-01
SCF Iteration 317: Energy = 1.5198299113451057 dE = -1.36092E-01
SCF Iteration 318: Energy = 1.6559224043250382 dE =  1.36092E-01
SCF Iteration 319: Energy = 1.5198299113451037 dE = -1.36092E-01
SCF Iteration 320: Energy = 1.6559224043250429 dE =  1.36092E-01
SCF Iteration 321: Energy = 1.5198299113451061 dE = -1.36092E-01
SCF Iteration 322: Energy = 1.6559224043250405 dE =  1.36092E-01
SCF Iteration 323: Energy = 1.5198299113451028 dE = -1.36092E-01
SCF Iteration 324: Energy = 1.6559224043250445 dE =  1.36092E-01
SCF Iteration 325: Energy = 1.5198299113451044 dE = -1.36092E-01
SCF Iteration 326: Energy = 1.6559224043250409 dE =  1.36092E-01
SCF Iteration 327: Energy = 1.5198299113451021 dE = -1.36092E-01
SCF Iteration 328: Energy = 1.6559224043250431 dE =  1.36092E-01
SCF Iteration 329: Energy = 1.5198299113451048 dE = -1.36092E-01
SCF Iteration 330: Energy = 1.6559224043250407 dE =  1.36092E-01
SCF Iteration 331: Energy = 1.5198299113451070 dE = -1.36092E-01
SCF Iteration 332: Energy = 1.6559224043250396 dE =  1.36092E-01
SCF Iteration 333: Energy = 1.5198299113451019 dE = -1.36092E-01
SCF Iteration 334: Energy = 1.6559224043250413 dE =  1.36092E-01
SCF Iteration 335: Energy = 1.5198299113451041 dE = -1.36092E-01
SCF Iteration 336: Energy = 1.6559224043250422 dE =  1.36092E-01
SCF Iteration 337: Energy = 1.5198299113451070 dE = -1.36092E-01
SCF Iteration 338: Energy = 1.6559224043250467 dE =  1.36092E-01
SCF Iteration 339: Energy = 1.5198299113451090 dE = -1.36092E-01
SCF Iteration 340: Energy = 1.6559224043250429 dE =  1.36092E-01
SCF Iteration 341: Energy = 1.5198299113451057 dE = -1.36092E-01
SCF Iteration 342: Energy = 1.6559224043250402 dE =  1.36092E-01
SCF Iteration 343: Energy = 1.5198299113451028 dE = -1.36092E-01
SCF Iteration 344: Energy = 1.6559224043250391 dE =  1.36092E-01
SCF Iteration 345: Energy = 1.5198299113451035 dE = -1.36092E-01
SCF Iteration 346: Energy = 1.6559224043250387 dE =  1.36092E-01
SCF Iteration 347: Energy = 1.5198299113451053 dE = -1.36092E-01
SCF Iteration 348: Energy = 1.6559224043250416 dE =  1.36092E-01
SCF Iteration 349: Energy = 1.5198299113451061 dE = -1.36092E-01
SCF Iteration 350: Energy = 1.6559224043250413 dE =  1.36092E-01
SCF Iteration 351: Energy = 1.5198299113451077 dE = -1.36092E-01
SCF Iteration 352: Energy = 1.6559224043250462 dE =  1.36092E-01
SCF Iteration 353: Energy = 1.5198299113451093 dE = -1.36092E-01
SCF Iteration 354: Energy = 1.6559224043250422 dE =  1.36092E-01
SCF Iteration 355: Energy = 1.5198299113451030 dE = -1.36092E-01
SCF Iteration 356: Energy = 1.6559224043250405 dE =  1.36092E-01
SCF Iteration 357: Energy = 1.5198299113450995 dE = -1.36092E-01
SCF Iteration 358: Energy = 1.6559224043250353 dE =  1.36092E-01
SCF Iteration 359: Energy = 1.5198299113451004 dE = -1.36092E-01
SCF Iteration 360: Energy = 1.6559224043250391 dE =  1.36092E-01
SCF Iteration 361: Energy = 1.5198299113451026 dE = -1.36092E-01
SCF Iteration 362: Energy = 1.6559224043250382 dE =  1.36092E-01
SCF Iteration 363: Energy = 1.5198299113451026 dE = -1.36092E-01
SCF Iteration 364: Energy = 1.6559224043250413 dE =  1.36092E-01
SCF Iteration 365: Energy = 1.5198299113451061 dE = -1.36092E-01
SCF Iteration 366: Energy = 1.6559224043250405 dE =  1.36092E-01
SCF Iteration 367: Energy = 1.5198299113451070 dE = -1.36092E-01
SCF Iteration 368: Energy = 1.6559224043250387 dE =  1.36092E-01
SCF Iteration 369: Energy = 1.5198299113451024 dE = -1.36092E-01
SCF Iteration 370: Energy = 1.6559224043250400 dE =  1.36092E-01
SCF Iteration 371: Energy = 1.5198299113451039 dE = -1.36092E-01
SCF Iteration 372: Energy = 1.6559224043250367 dE =  1.36092E-01
SCF Iteration 373: Energy = 1.5198299113450995 dE = -1.36092E-01
SCF Iteration 374: Energy = 1.6559224043250387 dE =  1.36092E-01
SCF Iteration 375: Energy = 1.5198299113450993 dE = -1.36092E-01
SCF Iteration 376: Energy = 1.6559224043250400 dE =  1.36092E-01
SCF Iteration 377: Energy = 1.5198299113451013 dE = -1.36092E-01
SCF Iteration 378: Energy = 1.6559224043250405 dE =  1.36092E-01
SCF Iteration 379: Energy = 1.5198299113451030 dE = -1.36092E-01
SCF Iteration 380: Energy = 1.6559224043250396 dE =  1.36092E-01
SCF Iteration 381: Energy = 1.5198299113451039 dE = -1.36092E-01
SCF Iteration 382: Energy = 1.6559224043250409 dE =  1.36092E-01
SCF Iteration 383: Energy = 1.5198299113451019 dE = -1.36092E-01
SCF Iteration 384: Energy = 1.6559224043250378 dE =  1.36092E-01
SCF Iteration 385: Energy = 1.5198299113451015 dE = -1.36092E-01
SCF Iteration 386: Energy = 1.6559224043250351 dE =  1.36092E-01
SCF Iteration 387: Energy = 1.5198299113451033 dE = -1.36092E-01
SCF Iteration 388: Energy = 1.6559224043250418 dE =  1.36092E-01
SCF Iteration 389: Energy = 1.5198299113451013 dE = -1.36092E-01
SCF Iteration 390: Energy = 1.6559224043250378 dE =  1.36092E-01
SCF Iteration 391: Energy = 1.5198299113450990 dE = -1.36092E-01
SCF Iteration 392: Energy = 1.6559224043250411 dE =  1.36092E-01
SCF Iteration 393: Energy = 1.5198299113451061 dE = -1.36092E-01
SCF Iteration 394: Energy = 1.6559224043250409 dE =  1.36092E-01
SCF Iteration 395: Energy = 1.5198299113451075 dE = -1.36092E-01
SCF Iteration 396: Energy = 1.6559224043250431 dE =  1.36092E-01
SCF Iteration 397: Energy = 1.5198299113451044 dE = -1.36092E-01
SCF Iteration 398: Energy = 1.6559224043250442 dE =  1.36092E-01
SCF Iteration 399: Energy = 1.5198299113451066 dE = -1.36092E-01
SCF Iteration 400: Energy = 1.6559224043250467 dE =  1.36092E-01
SCF Iteration 401: Energy = 1.5198299113451048 dE = -1.36092E-01
SCF Iteration 402: Energy = 1.6559224043250396 dE =  1.36092E-01
SCF Iteration 403: Energy = 1.5198299113451017 dE = -1.36092E-01
SCF Iteration 404: Energy = 1.6559224043250413 dE =  1.36092E-01
SCF Iteration 405: Energy = 1.5198299113451008 dE = -1.36092E-01
SCF Iteration 406: Energy = 1.6559224043250409 dE =  1.36092E-01
SCF Iteration 407: Energy = 1.5198299113451017 dE = -1.36092E-01
SCF Iteration 408: Energy = 1.6559224043250431 dE =  1.36092E-01
SCF Iteration 409: Energy = 1.5198299113451061 dE = -1.36092E-01
SCF Iteration 410: Energy = 1.6559224043250409 dE =  1.36092E-01
SCF Iteration 411: Energy = 1.5198299113451070 dE = -1.36092E-01
SCF Iteration 412: Energy = 1.6559224043250420 dE =  1.36092E-01
SCF Iteration 413: Energy = 1.5198299113451030 dE = -1.36092E-01
SCF Iteration 414: Energy = 1.6559224043250382 dE =  1.36092E-01
SCF Iteration 415: Energy = 1.5198299113451008 dE = -1.36092E-01
SCF Iteration 416: Energy = 1.6559224043250409 dE =  1.36092E-01
SCF Iteration 417: Energy = 1.5198299113451035 dE = -1.36092E-01
SCF Iteration 418: Energy = 1.6559224043250393 dE =  1.36092E-01
SCF Iteration 419: Energy = 1.5198299113451075 dE = -1.36092E-01
SCF Iteration 420: Energy = 1.6559224043250445 dE =  1.36092E-01
SCF Iteration 421: Energy = 1.5198299113451073 dE = -1.36092E-01
SCF Iteration 422: Energy = 1.6559224043250453 dE =  1.36092E-01
SCF Iteration 423: Energy = 1.5198299113451106 dE = -1.36092E-01
SCF Iteration 424: Energy = 1.6559224043250436 dE =  1.36092E-01
SCF Iteration 425: Energy = 1.5198299113451061 dE = -1.36092E-01
SCF Iteration 426: Energy = 1.6559224043250445 dE =  1.36092E-01
SCF Iteration 427: Energy = 1.5198299113451101 dE = -1.36092E-01
SCF Iteration 428: Energy = 1.6559224043250458 dE =  1.36092E-01
SCF Iteration 429: Energy = 1.5198299113451095 dE = -1.36092E-01
SCF Iteration 430: Energy = 1.6559224043250445 dE =  1.36092E-01
SCF Iteration 431: Energy = 1.5198299113451113 dE = -1.36092E-01
SCF Iteration 432: Energy = 1.6559224043250480 dE =  1.36092E-01
SCF Iteration 433: Energy = 1.5198299113451095 dE = -1.36092E-01
SCF Iteration 434: Energy = 1.6559224043250425 dE =  1.36092E-01
SCF Iteration 435: Energy = 1.5198299113451039 dE = -1.36092E-01
SCF Iteration 436: Energy = 1.6559224043250420 dE =  1.36092E-01
SCF Iteration 437: Energy = 1.5198299113451057 dE = -1.36092E-01
SCF Iteration 438: Energy = 1.6559224043250396 dE =  1.36092E-01
SCF Iteration 439: Energy = 1.5198299113451030 dE = -1.36092E-01
SCF Iteration 440: Energy = 1.6559224043250400 dE =  1.36092E-01
SCF Iteration 441: Energy = 1.5198299113451048 dE = -1.36092E-01
SCF Iteration 442: Energy = 1.6559224043250396 dE =  1.36092E-01
SCF Iteration 443: Energy = 1.5198299113451050 dE = -1.36092E-01
SCF Iteration 444: Energy = 1.6559224043250409 dE =  1.36092E-01
SCF Iteration 445: Energy = 1.5198299113451048 dE = -1.36092E-01
SCF Iteration 446: Energy = 1.6559224043250438 dE =  1.36092E-01
SCF Iteration 447: Energy = 1.5198299113451070 dE = -1.36092E-01
SCF Iteration 448: Energy = 1.6559224043250387 dE =  1.36092E-01
SCF Iteration 449: Energy = 1.5198299113451057 dE = -1.36092E-01
SCF Iteration 450: Energy = 1.6559224043250405 dE =  1.36092E-01
SCF Iteration 451: Energy = 1.5198299113451021 dE = -1.36092E-01
SCF Iteration 452: Energy = 1.6559224043250422 dE =  1.36092E-01
SCF Iteration 453: Energy = 1.5198299113451053 dE = -1.36092E-01
SCF Iteration 454: Energy = 1.6559224043250431 dE =  1.36092E-01
SCF Iteration 455: Energy = 1.5198299113451068 dE = -1.36092E-01
SCF Iteration 456: Energy = 1.6559224043250453 dE =  1.36092E-01
SCF Iteration 457: Energy = 1.5198299113451061 dE = -1.36092E-01
SCF Iteration 458: Energy = 1.6559224043250411 dE =  1.36092E-01
SCF Iteration 459: Energy = 1.5198299113451059 dE = -1.36092E-01
SCF Iteration 460: Energy = 1.6559224043250391 dE =  1.36092E-01
SCF Iteration 461: Energy = 1.5198299113451053 dE = -1.36092E-01
SCF Iteration 462: Energy = 1.6559224043250411 dE =  1.36092E-01
SCF Iteration 463: Energy = 1.5198299113451097 dE = -1.36092E-01
SCF Iteration 464: Energy = 1.6559224043250373 dE =  1.36092E-01
SCF Iteration 465: Energy = 1.5198299113451048 dE = -1.36092E-01
SCF Iteration 466: Energy = 1.6559224043250391 dE =  1.36092E-01
SCF Iteration 467: Energy = 1.5198299113451030 dE = -1.36092E-01
SCF Iteration 468: Energy = 1.6559224043250413 dE =  1.36092E-01
SCF Iteration 469: Energy = 1.5198299113451093 dE = -1.36092E-01
SCF Iteration 470: Energy = 1.6559224043250400 dE =  1.36092E-01
SCF Iteration 471: Energy = 1.5198299113451041 dE = -1.36092E-01
SCF Iteration 472: Energy = 1.6559224043250413 dE =  1.36092E-01
SCF Iteration 473: Energy = 1.5198299113451044 dE = -1.36092E-01
SCF Iteration 474: Energy = 1.6559224043250431 dE =  1.36092E-01
SCF Iteration 475: Energy = 1.5198299113451037 dE = -1.36092E-01
SCF Iteration 476: Energy = 1.6559224043250382 dE =  1.36092E-01
SCF Iteration 477: Energy = 1.5198299113451030 dE = -1.36092E-01
SCF Iteration 478: Energy = 1.6559224043250409 dE =  1.36092E-01
SCF Iteration 479: Energy = 1.5198299113451061 dE = -1.36092E-01
SCF Iteration 480: Energy = 1.6559224043250400 dE =  1.36092E-01
SCF Iteration 481: Energy = 1.5198299113451064 dE = -1.36092E-01
SCF Iteration 482: Energy = 1.6559224043250449 dE =  1.36092E-01
SCF Iteration 483: Energy = 1.5198299113451070 dE = -1.36092E-01
SCF Iteration 484: Energy = 1.6559224043250400 dE =  1.36092E-01
SCF Iteration 485: Energy = 1.5198299113451039 dE = -1.36092E-01
SCF Iteration 486: Energy = 1.6559224043250425 dE =  1.36092E-01
SCF Iteration 487: Energy = 1.5198299113451059 dE = -1.36092E-01
SCF Iteration 488: Energy = 1.6559224043250387 dE =  1.36092E-01
SCF Iteration 489: Energy = 1.5198299113451044 dE = -1.36092E-01
SCF Iteration 490: Energy = 1.6559224043250458 dE =  1.36092E-01
SCF Iteration 491: Energy = 1.5198299113451066 dE = -1.36092E-01
SCF Iteration 492: Energy = 1.6559224043250438 dE =  1.36092E-01
SCF Iteration 493: Energy = 1.5198299113451075 dE = -1.36092E-01
SCF Iteration 494: Energy = 1.6559224043250418 dE =  1.36092E-01
SCF Iteration 495: Energy = 1.5198299113451044 dE = -1.36092E-01
SCF Iteration 496: Energy = 1.6559224043250385 dE =  1.36092E-01
SCF Iteration 497: Energy = 1.5198299113451039 dE = -1.36092E-01
SCF Iteration 498: Energy = 1.6559224043250427 dE =  1.36092E-01
SCF Iteration 499: Energy = 1.5198299113451028 dE = -1.36092E-01
SCF Iteration 500: Energy = 1.6559224043250380 dE =  1.36092E-01
