
  Memory set to  55.879 GiB by Python driver.
  Threads set to 1 by Python driver.
Settings:
	LOT = CCSD-S1-U21
	wc = 20.0 eV
	lambda = [0.606212 0.       0.      ] a.u.
	Equivalent A0 = LAMBDA / sqrt(2 wc) = [0.5 0.  0. ])
doing QED-CCSD-1 (or QED-CCSD-21)
Number of occupied orbitals:   1
Number of basis functions:  60
SCF Iteration   1: Energy = 0.5053836022610102 dE =  5.05384E-01
SCF Iteration   2: Energy = 1.0305723780927223 dE =  5.25189E-01
SCF Iteration   3: Energy = 0.6804932725168862 dE = -3.50079E-01
SCF Iteration   4: Energy = 1.0385881001948860 dE =  3.58095E-01
SCF Iteration   5: Energy = 0.7163572185269236 dE = -3.22231E-01
SCF Iteration   6: Energy = 1.0416358895683169 dE =  3.25279E-01
SCF Iteration   7: Energy = 0.7273714440095440 dE = -3.14264E-01
SCF Iteration   8: Energy = 1.0425184014556603 dE =  3.15147E-01
SCF Iteration   9: Energy = 0.7311032534513329 dE = -3.11415E-01
SCF Iteration  10: Energy = 1.0425055579407365 dE =  3.11402E-01
SCF Iteration  11: Energy = 0.7322051637801597 dE = -3.10300E-01
SCF Iteration  12: Energy = 1.0422199604078515 dE =  3.10015E-01
SCF Iteration  13: Energy = 0.7323802650956874 dE = -3.09840E-01
SCF Iteration  14: Energy = 1.0419202518897863 dE =  3.09540E-01
SCF Iteration  15: Energy = 0.7322768598267473 dE = -3.09643E-01
SCF Iteration  16: Energy = 1.0416844109817558 dE =  3.09408E-01
SCF Iteration  17: Energy = 0.7321261512136485 dE = -3.09558E-01
SCF Iteration  18: Energy = 1.0415192707204863 dE =  3.09393E-01
SCF Iteration  19: Energy = 0.7319983877388427 dE = -3.09521E-01
SCF Iteration  20: Energy = 1.0414104776233708 dE =  3.09412E-01
SCF Iteration  21: Energy = 0.7319061885353819 dE = -3.09504E-01
SCF Iteration  22: Energy = 1.0413413322025515 dE =  3.09435E-01
SCF Iteration  23: Energy = 0.7318445004596050 dE = -3.09497E-01
SCF Iteration  24: Energy = 1.0412983686420978 dE =  3.09454E-01
SCF Iteration  25: Energy = 0.7318049368211266 dE = -3.09493E-01
SCF Iteration  26: Energy = 1.0412720680092535 dE =  3.09467E-01
SCF Iteration  27: Energy = 0.7317802131294882 dE = -3.09492E-01
SCF Iteration  28: Energy = 1.0412561296457050 dE =  3.09476E-01
SCF Iteration  29: Energy = 0.7317650210336653 dE = -3.09491E-01
SCF Iteration  30: Energy = 1.0412465381867595 dE =  3.09482E-01
SCF Iteration  31: Energy = 0.7317557908533243 dE = -3.09491E-01
SCF Iteration  32: Energy = 1.0412407944476865 dE =  3.09485E-01
SCF Iteration  33: Energy = 0.7317502263687965 dE = -3.09491E-01
SCF Iteration  34: Energy = 1.0412373668134405 dE =  3.09487E-01
SCF Iteration  35: Energy = 0.7317468899600881 dE = -3.09490E-01
SCF Iteration  36: Energy = 1.0412353264088572 dE =  3.09488E-01
SCF Iteration  37: Energy = 0.7317448971522587 dE = -3.09490E-01
SCF Iteration  38: Energy = 1.0412341139560932 dE =  3.09489E-01
SCF Iteration  39: Energy = 0.7317437101176907 dE = -3.09490E-01
SCF Iteration  40: Energy = 1.0412333944132934 dE =  3.09490E-01
SCF Iteration  41: Energy = 0.7317430044338942 dE = -3.09490E-01
SCF Iteration  42: Energy = 1.0412329677880336 dE =  3.09490E-01
SCF Iteration  43: Energy = 0.7317425855007111 dE = -3.09490E-01
SCF Iteration  44: Energy = 1.0412327150061975 dE =  3.09490E-01
SCF Iteration  45: Energy = 0.7317423370513905 dE = -3.09490E-01
SCF Iteration  46: Energy = 1.0412325653017518 dE =  3.09490E-01
SCF Iteration  47: Energy = 0.7317421898161697 dE = -3.09490E-01
SCF Iteration  48: Energy = 1.0412324766737471 dE =  3.09490E-01
SCF Iteration  49: Energy = 0.7317421026085187 dE = -3.09490E-01
SCF Iteration  50: Energy = 1.0412324242175781 dE =  3.09490E-01
SCF Iteration  51: Energy = 0.7317420509752048 dE = -3.09490E-01
SCF Iteration  52: Energy = 1.0412323931761440 dE =  3.09490E-01
SCF Iteration  53: Energy = 0.7317420204130491 dE = -3.09490E-01
SCF Iteration  54: Energy = 1.0412323748095458 dE =  3.09490E-01
SCF Iteration  55: Energy = 0.7317420023267427 dE = -3.09490E-01
SCF Iteration  56: Energy = 1.0412323639434546 dE =  3.09490E-01
SCF Iteration  57: Energy = 0.7317419916250665 dE = -3.09490E-01
SCF Iteration  58: Energy = 1.0412323575152902 dE =  3.09490E-01
SCF Iteration  59: Energy = 0.7317419852935592 dE = -3.09490E-01
SCF Iteration  60: Energy = 1.0412323537127068 dE =  3.09490E-01
SCF Iteration  61: Energy = 0.7317419815478954 dE = -3.09490E-01
SCF Iteration  62: Energy = 1.0412323514633735 dE =  3.09490E-01
SCF Iteration  63: Energy = 0.7317419793321180 dE = -3.09490E-01
SCF Iteration  64: Energy = 1.0412323501328680 dE =  3.09490E-01
SCF Iteration  65: Energy = 0.7317419780214105 dE = -3.09490E-01
SCF Iteration  66: Energy = 1.0412323493458719 dE =  3.09490E-01
SCF Iteration  67: Energy = 0.7317419772461069 dE = -3.09490E-01
SCF Iteration  68: Energy = 1.0412323488803701 dE =  3.09490E-01
SCF Iteration  69: Energy = 0.7317419767875095 dE = -3.09490E-01
SCF Iteration  70: Energy = 1.0412323486050314 dE =  3.09490E-01
SCF Iteration  71: Energy = 0.7317419765162529 dE = -3.09490E-01
SCF Iteration  72: Energy = 1.0412323484421759 dE =  3.09490E-01
SCF Iteration  73: Energy = 0.7317419763558104 dE = -3.09490E-01
SCF Iteration  74: Energy = 1.0412323483458483 dE =  3.09490E-01
SCF Iteration  75: Energy = 0.7317419762609085 dE = -3.09490E-01
SCF Iteration  76: Energy = 1.0412323482888759 dE =  3.09490E-01
SCF Iteration  77: Energy = 0.7317419762047790 dE = -3.09490E-01
SCF Iteration  78: Energy = 1.0412323482551762 dE =  3.09490E-01
SCF Iteration  79: Energy = 0.7317419761715775 dE = -3.09490E-01
SCF Iteration  80: Energy = 1.0412323482352446 dE =  3.09490E-01
SCF Iteration  81: Energy = 0.7317419761519410 dE = -3.09490E-01
SCF Iteration  82: Energy = 1.0412323482234529 dE =  3.09490E-01
SCF Iteration  83: Energy = 0.7317419761403244 dE = -3.09490E-01
SCF Iteration  84: Energy = 1.0412323482164823 dE =  3.09490E-01
SCF Iteration  85: Energy = 0.7317419761334574 dE = -3.09490E-01
SCF Iteration  86: Energy = 1.0412323482123598 dE =  3.09490E-01
SCF Iteration  87: Energy = 0.7317419761293957 dE = -3.09490E-01
SCF Iteration  88: Energy = 1.0412323482099202 dE =  3.09490E-01
SCF Iteration  89: Energy = 0.7317419761269901 dE = -3.09490E-01
SCF Iteration  90: Energy = 1.0412323482084753 dE =  3.09490E-01
SCF Iteration  91: Energy = 0.7317419761255675 dE = -3.09490E-01
SCF Iteration  92: Energy = 1.0412323482076233 dE =  3.09490E-01
SCF Iteration  93: Energy = 0.7317419761247257 dE = -3.09490E-01
SCF Iteration  94: Energy = 1.0412323482071171 dE =  3.09490E-01
SCF Iteration  95: Energy = 0.7317419761242299 dE = -3.09490E-01
SCF Iteration  96: Energy = 1.0412323482068193 dE =  3.09490E-01
SCF Iteration  97: Energy = 0.7317419761239359 dE = -3.09490E-01
SCF Iteration  98: Energy = 1.0412323482066417 dE =  3.09490E-01
SCF Iteration  99: Energy = 0.7317419761237606 dE = -3.09490E-01
SCF Iteration 100: Energy = 1.0412323482065364 dE =  3.09490E-01
SCF Iteration 101: Energy = 0.7317419761236570 dE = -3.09490E-01
SCF Iteration 102: Energy = 1.0412323482064729 dE =  3.09490E-01
SCF Iteration 103: Energy = 0.7317419761235963 dE = -3.09490E-01
SCF Iteration 104: Energy = 1.0412323482064378 dE =  3.09490E-01
SCF Iteration 105: Energy = 0.7317419761235622 dE = -3.09490E-01
SCF Iteration 106: Energy = 1.0412323482064167 dE =  3.09490E-01
SCF Iteration 107: Energy = 0.7317419761235386 dE = -3.09490E-01
SCF Iteration 108: Energy = 1.0412323482064041 dE =  3.09490E-01
SCF Iteration 109: Energy = 0.7317419761235245 dE = -3.09490E-01
SCF Iteration 110: Energy = 1.0412323482063959 dE =  3.09490E-01
SCF Iteration 111: Energy = 0.7317419761235165 dE = -3.09490E-01
SCF Iteration 112: Energy = 1.0412323482063901 dE =  3.09490E-01
SCF Iteration 113: Energy = 0.7317419761235133 dE = -3.09490E-01
SCF Iteration 114: Energy = 1.0412323482063870 dE =  3.09490E-01
SCF Iteration 115: Energy = 0.7317419761235114 dE = -3.09490E-01
SCF Iteration 116: Energy = 1.0412323482063846 dE =  3.09490E-01
SCF Iteration 117: Energy = 0.7317419761235093 dE = -3.09490E-01
SCF Iteration 118: Energy = 1.0412323482063854 dE =  3.09490E-01
SCF Iteration 119: Energy = 0.7317419761235099 dE = -3.09490E-01
SCF Iteration 120: Energy = 1.0412323482063865 dE =  3.09490E-01
SCF Iteration 121: Energy = 0.7317419761235061 dE = -3.09490E-01
SCF Iteration 122: Energy = 1.0412323482063852 dE =  3.09490E-01
SCF Iteration 123: Energy = 0.7317419761235100 dE = -3.09490E-01
SCF Iteration 124: Energy = 1.0412323482063841 dE =  3.09490E-01
SCF Iteration 125: Energy = 0.7317419761235100 dE = -3.09490E-01
SCF Iteration 126: Energy = 1.0412323482063868 dE =  3.09490E-01
SCF Iteration 127: Energy = 0.7317419761235097 dE = -3.09490E-01
SCF Iteration 128: Energy = 1.0412323482063826 dE =  3.09490E-01
SCF Iteration 129: Energy = 0.7317419761235064 dE = -3.09490E-01
SCF Iteration 130: Energy = 1.0412323482063803 dE =  3.09490E-01
SCF Iteration 131: Energy = 0.7317419761235060 dE = -3.09490E-01
SCF Iteration 132: Energy = 1.0412323482063748 dE =  3.09490E-01
SCF Iteration 133: Energy = 0.7317419761234992 dE = -3.09490E-01
SCF Iteration 134: Energy = 1.0412323482063655 dE =  3.09490E-01
SCF Iteration 135: Energy = 0.7317419761234913 dE = -3.09490E-01
SCF Iteration 136: Energy = 1.0412323482063539 dE =  3.09490E-01
SCF Iteration 137: Energy = 0.7317419761234799 dE = -3.09490E-01
SCF Iteration 138: Energy = 1.0412323482063350 dE =  3.09490E-01
SCF Iteration 139: Energy = 0.7317419761234667 dE = -3.09490E-01
SCF Iteration 140: Energy = 1.0412323482063075 dE =  3.09490E-01
SCF Iteration 141: Energy = 0.7317419761234393 dE = -3.09490E-01
SCF Iteration 142: Energy = 1.0412323482062606 dE =  3.09490E-01
SCF Iteration 143: Energy = 0.7317419761233979 dE = -3.09490E-01
SCF Iteration 144: Energy = 1.0412323482061865 dE =  3.09490E-01
SCF Iteration 145: Energy = 0.7317419761233366 dE = -3.09490E-01
SCF Iteration 146: Energy = 1.0412323482060710 dE =  3.09490E-01
SCF Iteration 147: Energy = 0.7317419761232331 dE = -3.09490E-01
SCF Iteration 148: Energy = 1.0412323482058810 dE =  3.09490E-01
SCF Iteration 149: Energy = 0.7317419761230679 dE = -3.09490E-01
SCF Iteration 150: Energy = 1.0412323482055741 dE =  3.09490E-01
SCF Iteration 151: Energy = 0.7317419761227989 dE = -3.09490E-01
SCF Iteration 152: Energy = 1.0412323482050876 dE =  3.09490E-01
SCF Iteration 153: Energy = 0.7317419761223741 dE = -3.09490E-01
SCF Iteration 154: Energy = 1.0412323482043093 dE =  3.09490E-01
SCF Iteration 155: Energy = 0.7317419761216948 dE = -3.09490E-01
SCF Iteration 156: Energy = 1.0412323482030681 dE =  3.09490E-01
SCF Iteration 157: Energy = 0.7317419761206082 dE = -3.09490E-01
SCF Iteration 158: Energy = 1.0412323482010815 dE =  3.09490E-01
SCF Iteration 159: Energy = 0.7317419761188717 dE = -3.09490E-01
SCF Iteration 160: Energy = 1.0412323481979009 dE =  3.09490E-01
SCF Iteration 161: Energy = 0.7317419761160899 dE = -3.09490E-01
SCF Iteration 162: Energy = 1.0412323481928241 dE =  3.09490E-01
SCF Iteration 163: Energy = 0.7317419761116537 dE = -3.09490E-01
SCF Iteration 164: Energy = 1.0412323481846975 dE =  3.09490E-01
SCF Iteration 165: Energy = 0.7317419761045508 dE = -3.09490E-01
SCF Iteration 166: Energy = 1.0412323481717098 dE =  3.09490E-01
SCF Iteration 167: Energy = 0.7317419760931934 dE = -3.09490E-01
SCF Iteration 168: Energy = 1.0412323481509422 dE =  3.09490E-01
SCF Iteration 169: Energy = 0.7317419760750393 dE = -3.09490E-01
SCF Iteration 170: Energy = 1.0412323481177441 dE =  3.09490E-01
SCF Iteration 171: Energy = 0.7317419760460168 dE = -3.09490E-01
SCF Iteration 172: Energy = 1.0412323480646632 dE =  3.09490E-01
SCF Iteration 173: Energy = 0.7317419759996143 dE = -3.09490E-01
SCF Iteration 174: Energy = 1.0412323479798034 dE =  3.09490E-01
SCF Iteration 175: Energy = 0.7317419759254267 dE = -3.09490E-01
SCF Iteration 176: Energy = 1.0412323478441223 dE =  3.09490E-01
SCF Iteration 177: Energy = 0.7317419758068124 dE = -3.09490E-01
SCF Iteration 178: Energy = 1.0412323476272010 dE =  3.09490E-01
SCF Iteration 179: Energy = 0.7317419756171775 dE = -3.09490E-01
SCF Iteration 180: Energy = 1.0412323472803902 dE =  3.09490E-01
SCF Iteration 181: Energy = 0.7317419753139869 dE = -3.09490E-01
SCF Iteration 182: Energy = 1.0412323467259121 dE =  3.09490E-01
SCF Iteration 183: Energy = 0.7317419748292533 dE = -3.09490E-01
SCF Iteration 184: Energy = 1.0412323458394170 dE =  3.09490E-01
SCF Iteration 185: Energy = 0.7317419740542671 dE = -3.09490E-01
SCF Iteration 186: Energy = 1.0412323444220972 dE =  3.09490E-01
SCF Iteration 187: Energy = 0.7317419728152222 dE = -3.09490E-01
SCF Iteration 188: Energy = 1.0412323421560976 dE =  3.09490E-01
SCF Iteration 189: Energy = 0.7317419708342475 dE = -3.09490E-01
SCF Iteration 190: Energy = 1.0412323385332392 dE =  3.09490E-01
SCF Iteration 191: Energy = 0.7317419676670849 dE = -3.09490E-01
SCF Iteration 192: Energy = 1.0412323327410407 dE =  3.09490E-01
SCF Iteration 193: Energy = 0.7317419626034518 dE = -3.09490E-01
SCF Iteration 194: Energy = 1.0412323234805239 dE =  3.09490E-01
SCF Iteration 195: Energy = 0.7317419545077564 dE = -3.09490E-01
SCF Iteration 196: Energy = 1.0412323086748942 dE =  3.09490E-01
SCF Iteration 197: Energy = 0.7317419415644321 dE = -3.09490E-01
SCF Iteration 198: Energy = 1.0412322850037747 dE =  3.09490E-01
SCF Iteration 199: Energy = 0.7317419208707507 dE = -3.09490E-01
SCF Iteration 200: Energy = 1.0412322471585889 dE =  3.09490E-01
SCF Iteration 201: Energy = 0.7317418877858701 dE = -3.09490E-01
SCF Iteration 202: Energy = 1.0412321866520340 dE =  3.09490E-01
SCF Iteration 203: Energy = 0.7317418348900492 dE = -3.09490E-01
SCF Iteration 204: Energy = 1.0412320899146741 dE =  3.09490E-01
SCF Iteration 205: Energy = 0.7317417503206646 dE = -3.09490E-01
SCF Iteration 206: Energy = 1.0412319352518313 dE =  3.09490E-01
SCF Iteration 207: Energy = 0.7317416151118823 dE = -3.09490E-01
SCF Iteration 208: Energy = 1.0412316879782566 dE =  3.09490E-01
SCF Iteration 209: Energy = 0.7317413989412876 dE = -3.09490E-01
SCF Iteration 210: Energy = 1.0412312926395098 dE =  3.09490E-01
SCF Iteration 211: Energy = 0.7317410533297199 dE = -3.09490E-01
SCF Iteration 212: Energy = 1.0412306605756618 dE =  3.09490E-01
SCF Iteration 213: Energy = 0.7317405007692633 dE = -3.09490E-01
SCF Iteration 214: Energy = 1.0412296500383069 dE =  3.09489E-01
SCF Iteration 215: Energy = 0.7317396173412464 dE = -3.09490E-01
SCF Iteration 216: Energy = 1.0412280344022040 dE =  3.09488E-01
SCF Iteration 217: Energy = 0.7317382049264533 dE = -3.09490E-01
SCF Iteration 218: Energy = 1.0412254513431196 dE =  3.09487E-01
SCF Iteration 219: Energy = 0.7317359467758368 dE = -3.09490E-01
SCF Iteration 220: Energy = 1.0412213215860029 dE =  3.09485E-01
SCF Iteration 221: Energy = 0.7317323364795104 dE = -3.09489E-01
SCF Iteration 222: Energy = 1.0412147190057413 dE =  3.09482E-01
SCF Iteration 223: Energy = 0.7317265644084959 dE = -3.09488E-01
SCF Iteration 224: Energy = 1.0412041629595110 dE =  3.09478E-01
SCF Iteration 225: Energy = 0.7317173361727597 dE = -3.09487E-01
SCF Iteration 226: Energy = 1.0411872863056140 dE =  3.09470E-01
SCF Iteration 227: Energy = 0.7317025824094004 dE = -3.09485E-01
SCF Iteration 228: Energy = 1.0411603047271045 dE =  3.09458E-01
SCF Iteration 229: Energy = 0.7316789948861676 dE = -3.09481E-01
SCF Iteration 230: Energy = 1.0411171685268241 dE =  3.09438E-01
SCF Iteration 231: Energy = 0.7316412850622463 dE = -3.09476E-01
SCF Iteration 232: Energy = 1.0410482071273699 dE =  3.09407E-01
SCF Iteration 233: Energy = 0.7315809992807190 dE = -3.09467E-01
SCF Iteration 234: Energy = 1.0409379634498028 dE =  3.09357E-01
SCF Iteration 235: Energy = 0.7314846260395931 dE = -3.09453E-01
SCF Iteration 236: Energy = 1.0407617354730008 dE =  3.09277E-01
SCF Iteration 237: Energy = 0.7313305738249568 dE = -3.09431E-01
SCF Iteration 238: Energy = 1.0404800569628976 dE =  3.09149E-01
SCF Iteration 239: Energy = 0.7310843492883377 dE = -3.09396E-01
SCF Iteration 240: Energy = 1.0400298989824792 dE =  3.08946E-01
SCF Iteration 241: Energy = 0.7306908736668835 dE = -3.09339E-01
SCF Iteration 242: Energy = 1.0393106684498974 dE =  3.08620E-01
SCF Iteration 243: Energy = 0.7300622634164353 dE = -3.09248E-01
SCF Iteration 244: Energy = 1.0381619897344005 dE =  3.08100E-01
SCF Iteration 245: Energy = 0.7290584598031365 dE = -3.09104E-01
SCF Iteration 246: Energy = 1.0363286069830484 dE =  3.07270E-01
SCF Iteration 247: Energy = 0.7274566813410662 dE = -3.08872E-01
SCF Iteration 248: Energy = 1.0334053486650452 dE =  3.05949E-01
SCF Iteration 249: Energy = 0.7249036537288387 dE = -3.08502E-01
SCF Iteration 250: Energy = 1.0287518624753382 dE =  3.03848E-01
SCF Iteration 251: Energy = 0.7208419328328344 dE = -3.07910E-01
SCF Iteration 252: Energy = 1.0213631331912520 dE =  3.00521E-01
SCF Iteration 253: Energy = 0.7143988624737692 dE = -3.06964E-01
SCF Iteration 254: Energy = 1.0096794412649857 dE =  2.95281E-01
SCF Iteration 255: Energy = 0.7042257297068149 dE = -3.05454E-01
SCF Iteration 256: Energy = 0.9913239042491364 dE =  2.87098E-01
SCF Iteration 257: Energy = 0.6882810199091252 dE = -3.03043E-01
SCF Iteration 258: Energy = 0.9627808354150813 dE =  2.74500E-01
SCF Iteration 259: Energy = 0.6635785335537230 dE = -2.99202E-01
SCF Iteration 260: Energy = 0.9191026364427788 dE =  2.55524E-01
SCF Iteration 261: Energy = 0.6259944320447713 dE = -2.93108E-01
SCF Iteration 262: Energy = 0.8539015250104066 dE =  2.27907E-01
SCF Iteration 263: Energy = 0.5703818207974241 dE = -2.83520E-01
SCF Iteration 264: Energy = 0.7601662237816367 dE =  1.89784E-01
SCF Iteration 265: Energy = 0.4914723312077851 dE = -2.68694E-01
SCF Iteration 266: Energy = 0.6326805789513923 dE =  1.41208E-01
SCF Iteration 267: Energy = 0.3861481089953089 dE = -2.46532E-01
SCF Iteration 268: Energy = 0.4723698805338075 dE =  8.62218E-02
SCF Iteration 269: Energy = 0.2570331164036677 dE = -2.15337E-01
SCF Iteration 270: Energy = 0.2907929375845768 dE =  3.37598E-02
SCF Iteration 271: Energy = 0.1153738117496754 dE = -1.75419E-01
SCF Iteration 272: Energy = 0.1100066732250611 dE = -5.36714E-03
SCF Iteration 273: Energy = -0.0207032155480977 dE = -1.30710E-01
SCF Iteration 274: Energy = -0.0457952695084773 dE = -2.50921E-02
SCF Iteration 275: Energy = -0.1339069850623551 dE = -8.81117E-02
SCF Iteration 276: Energy = -0.1619770136175931 dE = -2.80700E-02
SCF Iteration 277: Energy = -0.2158572934320975 dE = -5.38803E-02
SCF Iteration 278: Energy = -0.2381240057357239 dE = -2.22667E-02
SCF Iteration 279: Energy = -0.2684711922668519 dE = -3.03472E-02
SCF Iteration 280: Energy = -0.2831517728724906 dE = -1.46806E-02
SCF Iteration 281: Energy = -0.2992329129162858 dE = -1.60811E-02
SCF Iteration 282: Energy = -0.3078690782803832 dE = -8.63617E-03
SCF Iteration 283: Energy = -0.3160510943689476 dE = -8.18202E-03
SCF Iteration 284: Energy = -0.3207783863999198 dE = -4.72729E-03
SCF Iteration 285: Energy = -0.3248391014001679 dE = -4.06072E-03
SCF Iteration 286: Energy = -0.3273115111786544 dE = -2.47241E-03
SCF Iteration 287: Energy = -0.3292984201918436 dE = -1.98691E-03
SCF Iteration 288: Energy = -0.3305548482343021 dE = -1.25643E-03
SCF Iteration 289: Energy = -0.3315196615952893 dE = -9.64813E-04
SCF Iteration 290: Energy = -0.3321466514444311 dE = -6.26990E-04
SCF Iteration 291: Energy = -0.3326133619256502 dE = -4.66710E-04
SCF Iteration 292: Energy = -0.3329226602930166 dE = -3.09298E-04
SCF Iteration 293: Energy = -0.3331480298433065 dE = -2.25370E-04
SCF Iteration 294: Energy = -0.3332994927684139 dE = -1.51463E-04
SCF Iteration 295: Energy = -0.3334082502543514 dE = -1.08757E-04
SCF Iteration 296: Energy = -0.3334820737779363 dE = -7.38235E-05
SCF Iteration 297: Energy = -0.3335345511870478 dE = -5.24774E-05
SCF Iteration 298: Energy = -0.3335704245589359 dE = -3.58734E-05
SCF Iteration 299: Energy = -0.3335957489848838 dE = -2.53244E-05
SCF Iteration 300: Energy = -0.3336131471920782 dE = -1.73982E-05
SCF Iteration 301: Energy = -0.3336253708002905 dE = -1.22236E-05
SCF Iteration 302: Energy = -0.3336337981464270 dE = -8.42735E-06
SCF Iteration 303: Energy = -0.3336396995885171 dE = -5.90144E-06
SCF Iteration 304: Energy = -0.3336437783111563 dE = -4.07872E-06
SCF Iteration 305: Energy = -0.3336466280677453 dE = -2.84976E-06
SCF Iteration 306: Energy = -0.3336486010784148 dE = -1.97301E-06
SCF Iteration 307: Energy = -0.3336499774479220 dE = -1.37637E-06
SCF Iteration 308: Energy = -0.3336509315342306 dE = -9.54086E-07
SCF Iteration 309: Energy = -0.3336515963877891 dE = -6.64854E-07
SCF Iteration 310: Energy = -0.3336520576538682 dE = -4.61266E-07
SCF Iteration 311: Energy = -0.3336523788481807 dE = -3.21194E-07
SCF Iteration 312: Energy = -0.3336526018226906 dE = -2.22975E-07
SCF Iteration 313: Energy = -0.3336527570076822 dE = -1.55185E-07
SCF Iteration 314: Energy = -0.3336528647834074 dE = -1.07776E-07
SCF Iteration 315: Energy = -0.3336529397663912 dE = -7.49830E-08
SCF Iteration 316: Energy = -0.3336529918574431 dE = -5.20911E-08
SCF Iteration 317: Energy = -0.3336530280900689 dE = -3.62326E-08
SCF Iteration 318: Energy = -0.3336530532663144 dE = -2.51762E-08
SCF Iteration 319: Energy = -0.3336530707750707 dE = -1.75088E-08
SCF Iteration 320: Energy = -0.3336530829428264 dE = -1.21678E-08
SCF Iteration 321: Energy = -0.3336530914038924 dE = -8.46107E-09
SCF Iteration 322: Energy = -0.3336530972845382 dE = -5.88065E-09
SCF Iteration 323: Energy = -0.3336531013734323 dE = -4.08889E-09
SCF Iteration 324: Energy = -0.3336531042155193 dE = -2.84209E-09
SCF Iteration 325: Energy = -0.3336531061915586 dE = -1.97604E-09
SCF Iteration 326: Energy = -0.3336531075651208 dE = -1.37356E-09
SCF Iteration 327: Energy = -0.3336531085200964 dE = -9.54976E-10
SCF Iteration 328: Energy = -0.3336531091839281 dE = -6.63832E-10
SCF Iteration 329: Energy = -0.3336531096454487 dE = -4.61521E-10
SCF Iteration 330: Energy = -0.3336531099662796 dE = -3.20831E-10
SCF Iteration 331: Energy = -0.3336531101893261 dE = -2.23046E-10
SCF Iteration 332: Energy = -0.3336531103443812 dE = -1.55055E-10
SCF Iteration 333: Energy = -0.3336531104521745 dE = -1.07793E-10
SCF Iteration 334: Energy = -0.3336531105271110 dE = -7.49365E-11

SCF converged.
E_QED_HF          = -0.333653110527111
HF  (psi4)        = -0.928103769523726
Starting with the CCSD calculation:

Iter  Energy(CCSD)      E_diff    time(sec)
  1:  -0.1237598237  1.23760E-01   10.109
  2:  -0.1758048378  5.20450E-02   10.108
  3:  -0.1902967056  1.44919E-02   10.108
  4:  -0.1935100146  3.21331E-03   10.107
  5:  -0.2006578914  7.14788E-03   10.107
  6:  -0.2041151249  3.45723E-03   10.113
  7:  -0.2075218256  3.40670E-03   10.106
  8:  -0.2108014246  3.27960E-03   10.107
  9:  -0.2140033579  3.20193E-03   10.107
 10:  -0.2170526538  3.04930E-03   10.106
 11:  -0.2195277385  2.47508E-03   10.109
 12:  -0.2204732850  9.45547E-04   10.109
 13:  -0.2210406669  5.67382E-04   10.105
 14:  -0.2214611909  4.20524E-04   10.108
 15:  -0.2218162674  3.55077E-04   10.107
 16:  -0.2219773878  1.61120E-04   10.109
 17:  -0.2220721771  9.47893E-05   10.110
 18:  -0.2221017376  2.95605E-05   10.103
 19:  -0.2221284674  2.67298E-05   10.105
 20:  -0.2221394946  1.10272E-05   10.114
 21:  -0.2221471356  7.64105E-06   10.110
 22:  -0.2221479607  8.25049E-07   10.108
 23:  -0.2221513652  3.40448E-06   10.108
 24:  -0.2221520487  6.83528E-07   10.109
 25:  -0.2221520880  3.92717E-08   10.105
 26:  -0.2221526666  5.78658E-07   10.108
 27:  -0.2221528815  2.14842E-07   10.106
 28:  -0.2221529732  9.17359E-08   10.104
 29:  -0.2221526905  2.82664E-07   10.105
 30:  -0.2221533020  6.11489E-07   10.106
 31:  -0.2221540894  7.87364E-07   10.106
 32:  -0.2221543310  2.41638E-07   10.109
 33:  -0.2221542579  7.30888E-08   10.109
 34:  -0.2221542842  2.62610E-08   10.107
 35:  -0.2221543338  4.96344E-08   10.108
 36:  -0.2221542891  4.47788E-08   10.109
 37:  -0.2221542600  2.91002E-08   10.108
 38:  -0.2221542676  7.62441E-09   10.106
E_QED_CCSD  (Corr.)  = -0.222154267581717
E_QED_CCSD tot       = -0.555807378108828
E_CCSD_psi4 (Corr.)  = -0.094256007140910
E_CCSD_psi4 tot      = -1.022359776664636
