
  Memory set to  55.879 GiB by Python driver.
  Threads set to 1 by Python driver.
Settings:
	LOT = CCSD-S1-U21
	wc = 20.0 eV
	lambda = [0.606212 0.       0.      ] a.u.
	Equivalent A0 = LAMBDA / sqrt(2 wc) = [0.5 0.  0. ])
doing QED-CCSD-1 (or QED-CCSD-21)
Number of occupied orbitals:   1
Number of basis functions:  60
SCF Iteration   1: Energy = 2.6711666706883634 dE =  2.67117E+00
SCF Iteration   2: Energy = 2.9396021973986861 dE =  2.68436E-01
SCF Iteration   3: Energy = 2.7983233073077884 dE = -1.41279E-01
SCF Iteration   4: Energy = 2.9440736873339990 dE =  1.45750E-01
SCF Iteration   5: Energy = 2.8636378685621069 dE = -8.04358E-02
SCF Iteration   6: Energy = 2.9543060954746472 dE =  9.06682E-02
SCF Iteration   7: Energy = 2.8958435173183505 dE = -5.84626E-02
SCF Iteration   8: Energy = 2.9605837274900417 dE =  6.47402E-02
SCF Iteration   9: Energy = 2.9115232441773213 dE = -4.90605E-02
SCF Iteration  10: Energy = 2.9630073051161214 dE =  5.14841E-02
SCF Iteration  11: Energy = 2.9184698225996555 dE = -4.45375E-02
SCF Iteration  12: Energy = 2.9628242053624816 dE =  4.43544E-02
SCF Iteration  13: Energy = 2.9207053517056729 dE = -4.21189E-02
SCF Iteration  14: Energy = 2.9611599375405793 dE =  4.04546E-02
SCF Iteration  15: Energy = 2.9204681566079924 dE = -4.06918E-02
SCF Iteration  16: Energy = 2.9588135064658840 dE =  3.83453E-02
SCF Iteration  17: Energy = 2.9190365352861440 dE = -3.97770E-02
SCF Iteration  18: Energy = 2.9562862305978332 dE =  3.72497E-02
SCF Iteration  19: Energy = 2.9171334197274126 dE = -3.91528E-02
SCF Iteration  20: Energy = 2.9538611663485477 dE =  3.67277E-02
SCF Iteration  21: Energy = 2.9151529718763043 dE = -3.87082E-02
SCF Iteration  22: Energy = 2.9516779145417180 dE =  3.65249E-02
SCF Iteration  23: Energy = 2.9132955982915214 dE = -3.83823E-02
SCF Iteration  24: Energy = 2.9497888277359769 dE =  3.64932E-02
SCF Iteration  25: Energy = 2.9116498618037729 dE = -3.81390E-02
SCF Iteration  26: Energy = 2.9481969842823008 dE =  3.65471E-02
SCF Iteration  27: Energy = 2.9102420105788105 dE = -3.79550E-02
SCF Iteration  28: Energy = 2.9468801809488601 dE =  3.66382E-02
SCF Iteration  29: Energy = 2.9090655083476382 dE = -3.78147E-02
SCF Iteration  30: Energy = 2.9458053008739786 dE =  3.67398E-02
SCF Iteration  31: Energy = 2.9080982608111170 dE = -3.77070E-02
SCF Iteration  32: Energy = 2.9449364588243516 dE =  3.68382E-02
SCF Iteration  33: Energy = 2.9073123555512654 dE = -3.76241E-02
SCF Iteration  34: Energy = 2.9442392988978856 dE =  3.69269E-02
SCF Iteration  35: Energy = 2.9066793161566817 dE = -3.75600E-02
SCF Iteration  36: Energy = 2.9436830041747322 dE =  3.70037E-02
SCF Iteration  37: Energy = 2.9061727215617159 dE = -3.75103E-02
SCF Iteration  38: Energy = 2.9432410018037776 dE =  3.70683E-02
SCF Iteration  39: Energy = 2.9057693187446989 dE = -3.74717E-02
SCF Iteration  40: Energy = 2.9428909645516765 dE =  3.71216E-02
SCF Iteration  41: Energy = 2.9054493066897469 dE = -3.74417E-02
SCF Iteration  42: Energy = 2.9426144654372748 dE =  3.71652E-02
SCF Iteration  43: Energy = 2.9051961919331490 dE = -3.74183E-02
SCF Iteration  44: Energy = 2.9423964901304274 dE =  3.72003E-02
SCF Iteration  45: Energy = 2.9049964467505660 dE = -3.74000E-02
SCF Iteration  46: Energy = 2.9422249194930790 dE =  3.72285E-02
SCF Iteration  47: Energy = 2.9048390990986328 dE = -3.73858E-02
SCF Iteration  48: Energy = 2.9420900398482384 dE =  3.72509E-02
SCF Iteration  49: Energy = 2.9047153229446026 dE = -3.73747E-02
SCF Iteration  50: Energy = 2.9419841069011450 dE =  3.72688E-02
SCF Iteration  51: Energy = 2.9046180624308175 dE = -3.73660E-02
SCF Iteration  52: Energy = 2.9419009715885931 dE =  3.72829E-02
SCF Iteration  53: Energy = 2.9045417033989005 dE = -3.73593E-02
SCF Iteration  54: Energy = 2.9418357668194375 dE =  3.72941E-02
SCF Iteration  55: Energy = 2.9044817949722619 dE = -3.73540E-02
SCF Iteration  56: Energy = 2.9417846496048643 dE =  3.73029E-02
SCF Iteration  57: Energy = 2.9044348183970543 dE = -3.73498E-02
SCF Iteration  58: Energy = 2.9417445913493925 dE =  3.73098E-02
SCF Iteration  59: Energy = 2.9043979978927554 dE = -3.73466E-02
SCF Iteration  60: Energy = 2.9417132088251621 dE =  3.73152E-02
SCF Iteration  61: Energy = 2.9043691475032669 dE = -3.73441E-02
SCF Iteration  62: Energy = 2.9416886288450699 dE =  3.73195E-02
SCF Iteration  63: Energy = 2.9043465480629367 dE = -3.73421E-02
SCF Iteration  64: Energy = 2.9416693804641132 dE =  3.73228E-02
SCF Iteration  65: Energy = 2.9043288489363479 dE = -3.73405E-02
SCF Iteration  66: Energy = 2.9416543094424710 dE =  3.73255E-02
SCF Iteration  67: Energy = 2.9043149898949556 dE = -3.73393E-02
SCF Iteration  68: Energy = 2.9416425105760555 dE =  3.73275E-02
SCF Iteration  69: Energy = 2.9043041392179143 dE = -3.73384E-02
SCF Iteration  70: Energy = 2.9416332742871987 dE =  3.73291E-02
SCF Iteration  71: Energy = 2.9042956447785673 dE = -3.73376E-02
SCF Iteration  72: Energy = 2.9416260445466968 dE =  3.73304E-02
SCF Iteration  73: Energy = 2.9042889954727658 dE = -3.73370E-02
SCF Iteration  74: Energy = 2.9416203857706389 dE =  3.73314E-02
SCF Iteration  75: Energy = 2.9042837908519048 dE = -3.73366E-02
SCF Iteration  76: Energy = 2.9416159568066425 dE =  3.73322E-02
SCF Iteration  77: Energy = 2.9042797172456227 dE = -3.73362E-02
SCF Iteration  78: Energy = 2.9416124905094159 dE =  3.73328E-02
SCF Iteration  79: Energy = 2.9042765290065717 dE = -3.73360E-02
SCF Iteration  80: Energy = 2.9416097777157852 dE =  3.73332E-02
SCF Iteration  81: Energy = 2.9042740337895609 dE = -3.73357E-02
SCF Iteration  82: Energy = 2.9416076546783931 dE =  3.73336E-02
SCF Iteration  83: Energy = 2.9042720810048972 dE = -3.73356E-02
SCF Iteration  84: Energy = 2.9416059932159255 dE =  3.73339E-02
SCF Iteration  85: Energy = 2.9042705527657056 dE = -3.73354E-02
SCF Iteration  86: Energy = 2.9416046929951891 dE =  3.73341E-02
SCF Iteration  87: Energy = 2.9042693567933999 dE = -3.73353E-02
SCF Iteration  88: Energy = 2.9416036754853896 dE =  3.73343E-02
SCF Iteration  89: Energy = 2.9042684208594323 dE = -3.73353E-02
SCF Iteration  90: Energy = 2.9416028792231463 dE =  3.73345E-02
SCF Iteration  91: Energy = 2.9042676884317156 dE = -3.73352E-02
SCF Iteration  92: Energy = 2.9416022561049027 dE =  3.73346E-02
SCF Iteration  93: Energy = 2.9042671152653061 dE = -3.73351E-02
SCF Iteration  94: Energy = 2.9416017684840221 dE =  3.73347E-02
SCF Iteration  95: Energy = 2.9042666667328718 dE = -3.73351E-02
SCF Iteration  96: Energy = 2.9416013868982795 dE =  3.73347E-02
SCF Iteration  97: Energy = 2.9042663157348136 dE = -3.73351E-02
SCF Iteration  98: Energy = 2.9416010882910091 dE =  3.73348E-02
SCF Iteration  99: Energy = 2.9042660410632202 dE = -3.73350E-02
SCF Iteration 100: Energy = 2.9416008546186334 dE =  3.73348E-02
SCF Iteration 101: Energy = 2.9042658261211680 dE = -3.73350E-02
SCF Iteration 102: Energy = 2.9416006717608942 dE =  3.73348E-02
SCF Iteration 103: Energy = 2.9042656579204302 dE = -3.73350E-02
SCF Iteration 104: Energy = 2.9416005286678395 dE =  3.73349E-02
SCF Iteration 105: Energy = 2.9042655262969097 dE = -3.73350E-02
SCF Iteration 106: Energy = 2.9416004166923044 dE =  3.73349E-02
SCF Iteration 107: Energy = 2.9042654232966316 dE = -3.73350E-02
SCF Iteration 108: Energy = 2.9416003290674717 dE =  3.73349E-02
SCF Iteration 109: Energy = 2.9042653426952083 dE = -3.73350E-02
SCF Iteration 110: Energy = 2.9416002604979932 dE =  3.73349E-02
SCF Iteration 111: Energy = 2.9042652796217556 dE = -3.73350E-02
SCF Iteration 112: Energy = 2.9416002068400178 dE =  3.73349E-02
SCF Iteration 113: Energy = 2.9042652302646039 dE = -3.73350E-02
SCF Iteration 114: Energy = 2.9416001648508501 dE =  3.73349E-02
SCF Iteration 115: Energy = 2.9042651916409530 dE = -3.73350E-02
SCF Iteration 116: Energy = 2.9416001319929119 dE =  3.73349E-02
SCF Iteration 117: Energy = 2.9042651614166464 dE = -3.73350E-02
SCF Iteration 118: Energy = 2.9416001062804868 dE =  3.73349E-02
SCF Iteration 119: Energy = 2.9042651377651230 dE = -3.73350E-02
SCF Iteration 120: Energy = 2.9416000861596663 dE =  3.73349E-02
SCF Iteration 121: Energy = 2.9042651192570239 dE = -3.73350E-02
SCF Iteration 122: Energy = 2.9416000704144705 dE =  3.73350E-02
SCF Iteration 123: Energy = 2.9042651047738284 dE = -3.73350E-02
SCF Iteration 124: Energy = 2.9416000580933410 dE =  3.73350E-02
SCF Iteration 125: Energy = 2.9042650934402476 dE = -3.73350E-02
SCF Iteration 126: Energy = 2.9416000484516491 dE =  3.73350E-02
SCF Iteration 127: Energy = 2.9042650845713598 dE = -3.73350E-02
SCF Iteration 128: Energy = 2.9416000409067236 dE =  3.73350E-02
SCF Iteration 129: Energy = 2.9042650776311505 dE = -3.73350E-02
SCF Iteration 130: Energy = 2.9416000350025620 dE =  3.73350E-02
SCF Iteration 131: Energy = 2.9042650722002263 dE = -3.73350E-02
SCF Iteration 132: Energy = 2.9416000303823693 dE =  3.73350E-02
SCF Iteration 133: Energy = 2.9042650679503494 dE = -3.73350E-02
SCF Iteration 134: Energy = 2.9416000267669258 dE =  3.73350E-02
SCF Iteration 135: Energy = 2.9042650646246781 dE = -3.73350E-02
SCF Iteration 136: Energy = 2.9416000239377120 dE =  3.73350E-02
SCF Iteration 137: Energy = 2.9042650620222452 dE = -3.73350E-02
SCF Iteration 138: Energy = 2.9416000217237723 dE =  3.73350E-02
SCF Iteration 139: Energy = 2.9042650599857462 dE = -3.73350E-02
SCF Iteration 140: Energy = 2.9416000199912875 dE =  3.73350E-02
SCF Iteration 141: Energy = 2.9042650583921246 dE = -3.73350E-02
SCF Iteration 142: Energy = 2.9416000186355675 dE =  3.73350E-02
SCF Iteration 143: Energy = 2.9042650571450532 dE = -3.73350E-02
SCF Iteration 144: Energy = 2.9416000175746682 dE =  3.73350E-02
SCF Iteration 145: Energy = 2.9042650561691943 dE = -3.73350E-02
SCF Iteration 146: Energy = 2.9416000167444865 dE =  3.73350E-02
SCF Iteration 147: Energy = 2.9042650554055549 dE = -3.73350E-02
SCF Iteration 148: Energy = 2.9416000160948395 dE =  3.73350E-02
SCF Iteration 149: Energy = 2.9042650548079738 dE = -3.73350E-02
SCF Iteration 150: Energy = 2.9416000155864719 dE =  3.73350E-02
SCF Iteration 151: Energy = 2.9042650543403492 dE = -3.73350E-02
SCF Iteration 152: Energy = 2.9416000151886545 dE =  3.73350E-02
SCF Iteration 153: Energy = 2.9042650539744232 dE = -3.73350E-02
SCF Iteration 154: Energy = 2.9416000148773476 dE =  3.73350E-02
SCF Iteration 155: Energy = 2.9042650536880728 dE = -3.73350E-02
SCF Iteration 156: Energy = 2.9416000146337482 dE =  3.73350E-02
SCF Iteration 157: Energy = 2.9042650534639938 dE = -3.73350E-02
SCF Iteration 158: Energy = 2.9416000144431149 dE =  3.73350E-02
SCF Iteration 159: Energy = 2.9042650532886407 dE = -3.73350E-02
SCF Iteration 160: Energy = 2.9416000142939409 dE =  3.73350E-02
SCF Iteration 161: Energy = 2.9042650531514260 dE = -3.73350E-02
SCF Iteration 162: Energy = 2.9416000141772050 dE =  3.73350E-02
SCF Iteration 163: Energy = 2.9042650530440457 dE = -3.73350E-02
SCF Iteration 164: Energy = 2.9416000140858611 dE =  3.73350E-02
SCF Iteration 165: Energy = 2.9042650529600249 dE = -3.73350E-02
SCF Iteration 166: Energy = 2.9416000140143792 dE =  3.73350E-02
SCF Iteration 167: Energy = 2.9042650528942660 dE = -3.73350E-02
SCF Iteration 168: Energy = 2.9416000139584431 dE =  3.73350E-02
SCF Iteration 169: Energy = 2.9042650528428093 dE = -3.73350E-02
SCF Iteration 170: Energy = 2.9416000139146665 dE =  3.73350E-02
SCF Iteration 171: Energy = 2.9042650528025473 dE = -3.73350E-02
SCF Iteration 172: Energy = 2.9416000138804157 dE =  3.73350E-02
SCF Iteration 173: Energy = 2.9042650527710445 dE = -3.73350E-02
SCF Iteration 174: Energy = 2.9416000138536162 dE =  3.73350E-02
SCF Iteration 175: Energy = 2.9042650527463905 dE = -3.73350E-02
SCF Iteration 176: Energy = 2.9416000138326397 dE =  3.73350E-02
SCF Iteration 177: Energy = 2.9042650527270948 dE = -3.73350E-02
SCF Iteration 178: Energy = 2.9416000138162284 dE =  3.73350E-02
SCF Iteration 179: Energy = 2.9042650527119940 dE = -3.73350E-02
SCF Iteration 180: Energy = 2.9416000138033787 dE =  3.73350E-02
SCF Iteration 181: Energy = 2.9042650527001803 dE = -3.73350E-02
SCF Iteration 182: Energy = 2.9416000137933316 dE =  3.73350E-02
SCF Iteration 183: Energy = 2.9042650526909366 dE = -3.73350E-02
SCF Iteration 184: Energy = 2.9416000137854623 dE =  3.73350E-02
SCF Iteration 185: Energy = 2.9042650526837002 dE = -3.73350E-02
SCF Iteration 186: Energy = 2.9416000137793130 dE =  3.73350E-02
SCF Iteration 187: Energy = 2.9042650526780371 dE = -3.73350E-02
SCF Iteration 188: Energy = 2.9416000137744995 dE =  3.73350E-02
SCF Iteration 189: Energy = 2.9042650526736113 dE = -3.73350E-02
SCF Iteration 190: Energy = 2.9416000137707292 dE =  3.73350E-02
SCF Iteration 191: Energy = 2.9042650526701421 dE = -3.73350E-02
SCF Iteration 192: Energy = 2.9416000137677769 dE =  3.73350E-02
SCF Iteration 193: Energy = 2.9042650526674305 dE = -3.73350E-02
SCF Iteration 194: Energy = 2.9416000137654694 dE =  3.73350E-02
SCF Iteration 195: Energy = 2.9042650526653078 dE = -3.73350E-02
SCF Iteration 196: Energy = 2.9416000137636669 dE =  3.73350E-02
SCF Iteration 197: Energy = 2.9042650526636513 dE = -3.73350E-02
SCF Iteration 198: Energy = 2.9416000137622498 dE =  3.73350E-02
SCF Iteration 199: Energy = 2.9042650526623439 dE = -3.73350E-02
SCF Iteration 200: Energy = 2.9416000137611431 dE =  3.73350E-02
SCF Iteration 201: Energy = 2.9042650526613314 dE = -3.73350E-02
SCF Iteration 202: Energy = 2.9416000137602807 dE =  3.73350E-02
SCF Iteration 203: Energy = 2.9042650526605374 dE = -3.73350E-02
SCF Iteration 204: Energy = 2.9416000137596030 dE =  3.73350E-02
SCF Iteration 205: Energy = 2.9042650526599121 dE = -3.73350E-02
SCF Iteration 206: Energy = 2.9416000137590692 dE =  3.73350E-02
SCF Iteration 207: Energy = 2.9042650526594285 dE = -3.73350E-02
SCF Iteration 208: Energy = 2.9416000137586602 dE =  3.73350E-02
SCF Iteration 209: Energy = 2.9042650526590497 dE = -3.73350E-02
SCF Iteration 210: Energy = 2.9416000137583365 dE =  3.73350E-02
SCF Iteration 211: Energy = 2.9042650526587503 dE = -3.73350E-02
SCF Iteration 212: Energy = 2.9416000137580745 dE =  3.73350E-02
SCF Iteration 213: Energy = 2.9042650526585061 dE = -3.73350E-02
SCF Iteration 214: Energy = 2.9416000137578702 dE =  3.73350E-02
SCF Iteration 215: Energy = 2.9042650526583231 dE = -3.73350E-02
SCF Iteration 216: Energy = 2.9416000137577099 dE =  3.73350E-02
SCF Iteration 217: Energy = 2.9042650526581713 dE = -3.73350E-02
SCF Iteration 218: Energy = 2.9416000137575922 dE =  3.73350E-02
SCF Iteration 219: Energy = 2.9042650526580642 dE = -3.73350E-02
SCF Iteration 220: Energy = 2.9416000137574918 dE =  3.73350E-02
SCF Iteration 221: Energy = 2.9042650526579794 dE = -3.73350E-02
SCF Iteration 222: Energy = 2.9416000137574296 dE =  3.73350E-02
SCF Iteration 223: Energy = 2.9042650526579066 dE = -3.73350E-02
SCF Iteration 224: Energy = 2.9416000137573701 dE =  3.73350E-02
SCF Iteration 225: Energy = 2.9042650526578546 dE = -3.73350E-02
SCF Iteration 226: Energy = 2.9416000137573235 dE =  3.73350E-02
SCF Iteration 227: Energy = 2.9042650526578164 dE = -3.73350E-02
SCF Iteration 228: Energy = 2.9416000137572831 dE =  3.73350E-02
SCF Iteration 229: Energy = 2.9042650526577836 dE = -3.73350E-02
SCF Iteration 230: Energy = 2.9416000137572591 dE =  3.73350E-02
SCF Iteration 231: Energy = 2.9042650526577529 dE = -3.73350E-02
SCF Iteration 232: Energy = 2.9416000137572382 dE =  3.73350E-02
SCF Iteration 233: Energy = 2.9042650526577325 dE = -3.73350E-02
SCF Iteration 234: Energy = 2.9416000137572209 dE =  3.73350E-02
SCF Iteration 235: Energy = 2.9042650526577223 dE = -3.73350E-02
SCF Iteration 236: Energy = 2.9416000137572080 dE =  3.73350E-02
SCF Iteration 237: Energy = 2.9042650526577032 dE = -3.73350E-02
SCF Iteration 238: Energy = 2.9416000137571956 dE =  3.73350E-02
SCF Iteration 239: Energy = 2.9042650526576961 dE = -3.73350E-02
SCF Iteration 240: Energy = 2.9416000137571894 dE =  3.73350E-02
SCF Iteration 241: Energy = 2.9042650526576872 dE = -3.73350E-02
SCF Iteration 242: Energy = 2.9416000137571836 dE =  3.73350E-02
SCF Iteration 243: Energy = 2.9042650526576836 dE = -3.73350E-02
SCF Iteration 244: Energy = 2.9416000137571765 dE =  3.73350E-02
SCF Iteration 245: Energy = 2.9042650526576743 dE = -3.73350E-02
SCF Iteration 246: Energy = 2.9416000137571654 dE =  3.73350E-02
SCF Iteration 247: Energy = 2.9042650526576765 dE = -3.73350E-02
SCF Iteration 248: Energy = 2.9416000137571658 dE =  3.73350E-02
SCF Iteration 249: Energy = 2.9042650526576725 dE = -3.73350E-02
SCF Iteration 250: Energy = 2.9416000137571721 dE =  3.73350E-02
SCF Iteration 251: Energy = 2.9042650526576765 dE = -3.73350E-02
SCF Iteration 252: Energy = 2.9416000137571676 dE =  3.73350E-02
SCF Iteration 253: Energy = 2.9042650526576734 dE = -3.73350E-02
SCF Iteration 254: Energy = 2.9416000137571676 dE =  3.73350E-02
SCF Iteration 255: Energy = 2.9042650526576739 dE = -3.73350E-02
SCF Iteration 256: Energy = 2.9416000137571601 dE =  3.73350E-02
SCF Iteration 257: Energy = 2.9042650526576708 dE = -3.73350E-02
SCF Iteration 258: Energy = 2.9416000137571663 dE =  3.73350E-02
SCF Iteration 259: Energy = 2.9042650526576663 dE = -3.73350E-02
SCF Iteration 260: Energy = 2.9416000137571650 dE =  3.73350E-02
SCF Iteration 261: Energy = 2.9042650526576756 dE = -3.73350E-02
SCF Iteration 262: Energy = 2.9416000137571694 dE =  3.73350E-02
SCF Iteration 263: Energy = 2.9042650526576712 dE = -3.73350E-02
SCF Iteration 264: Energy = 2.9416000137571601 dE =  3.73350E-02
SCF Iteration 265: Energy = 2.9042650526576703 dE = -3.73350E-02
SCF Iteration 266: Energy = 2.9416000137571605 dE =  3.73350E-02
SCF Iteration 267: Energy = 2.9042650526576672 dE = -3.73350E-02
SCF Iteration 268: Energy = 2.9416000137571650 dE =  3.73350E-02
SCF Iteration 269: Energy = 2.9042650526576685 dE = -3.73350E-02
SCF Iteration 270: Energy = 2.9416000137571681 dE =  3.73350E-02
SCF Iteration 271: Energy = 2.9042650526576685 dE = -3.73350E-02
SCF Iteration 272: Energy = 2.9416000137571605 dE =  3.73350E-02
SCF Iteration 273: Energy = 2.9042650526576677 dE = -3.73350E-02
SCF Iteration 274: Energy = 2.9416000137571605 dE =  3.73350E-02
SCF Iteration 275: Energy = 2.9042650526576606 dE = -3.73350E-02
SCF Iteration 276: Energy = 2.9416000137571592 dE =  3.73350E-02
SCF Iteration 277: Energy = 2.9042650526576641 dE = -3.73350E-02
SCF Iteration 278: Energy = 2.9416000137571650 dE =  3.73350E-02
SCF Iteration 279: Energy = 2.9042650526576708 dE = -3.73350E-02
SCF Iteration 280: Energy = 2.9416000137571605 dE =  3.73350E-02
SCF Iteration 281: Energy = 2.9042650526576659 dE = -3.73350E-02
SCF Iteration 282: Energy = 2.9416000137571570 dE =  3.73350E-02
SCF Iteration 283: Energy = 2.9042650526576606 dE = -3.73350E-02
SCF Iteration 284: Energy = 2.9416000137571561 dE =  3.73350E-02
SCF Iteration 285: Energy = 2.9042650526576641 dE = -3.73350E-02
SCF Iteration 286: Energy = 2.9416000137571578 dE =  3.73350E-02
SCF Iteration 287: Energy = 2.9042650526576668 dE = -3.73350E-02
SCF Iteration 288: Energy = 2.9416000137571539 dE =  3.73350E-02
SCF Iteration 289: Energy = 2.9042650526576628 dE = -3.73350E-02
SCF Iteration 290: Energy = 2.9416000137571583 dE =  3.73350E-02
SCF Iteration 291: Energy = 2.9042650526576623 dE = -3.73350E-02
SCF Iteration 292: Energy = 2.9416000137571561 dE =  3.73350E-02
SCF Iteration 293: Energy = 2.9042650526576623 dE = -3.73350E-02
SCF Iteration 294: Energy = 2.9416000137571516 dE =  3.73350E-02
SCF Iteration 295: Energy = 2.9042650526576645 dE = -3.73350E-02
SCF Iteration 296: Energy = 2.9416000137571570 dE =  3.73350E-02
SCF Iteration 297: Energy = 2.9042650526576632 dE = -3.73350E-02
SCF Iteration 298: Energy = 2.9416000137571507 dE =  3.73350E-02
SCF Iteration 299: Energy = 2.9042650526576623 dE = -3.73350E-02
SCF Iteration 300: Energy = 2.9416000137571565 dE =  3.73350E-02
SCF Iteration 301: Energy = 2.9042650526576650 dE = -3.73350E-02
SCF Iteration 302: Energy = 2.9416000137571605 dE =  3.73350E-02
SCF Iteration 303: Energy = 2.9042650526576614 dE = -3.73350E-02
SCF Iteration 304: Energy = 2.9416000137571552 dE =  3.73350E-02
SCF Iteration 305: Energy = 2.9042650526576628 dE = -3.73350E-02
SCF Iteration 306: Energy = 2.9416000137571623 dE =  3.73350E-02
SCF Iteration 307: Energy = 2.9042650526576641 dE = -3.73350E-02
SCF Iteration 308: Energy = 2.9416000137571614 dE =  3.73350E-02
SCF Iteration 309: Energy = 2.9042650526576694 dE = -3.73350E-02
SCF Iteration 310: Energy = 2.9416000137571650 dE =  3.73350E-02
SCF Iteration 311: Energy = 2.9042650526576659 dE = -3.73350E-02
SCF Iteration 312: Energy = 2.9416000137571632 dE =  3.73350E-02
SCF Iteration 313: Energy = 2.9042650526576685 dE = -3.73350E-02
SCF Iteration 314: Energy = 2.9416000137571645 dE =  3.73350E-02
SCF Iteration 315: Energy = 2.9042650526576685 dE = -3.73350E-02
SCF Iteration 316: Energy = 2.9416000137571605 dE =  3.73350E-02
SCF Iteration 317: Energy = 2.9042650526576645 dE = -3.73350E-02
SCF Iteration 318: Energy = 2.9416000137571632 dE =  3.73350E-02
SCF Iteration 319: Energy = 2.9042650526576721 dE = -3.73350E-02
SCF Iteration 320: Energy = 2.9416000137571610 dE =  3.73350E-02
SCF Iteration 321: Energy = 2.9042650526576645 dE = -3.73350E-02
SCF Iteration 322: Energy = 2.9416000137571570 dE =  3.73350E-02
SCF Iteration 323: Energy = 2.9042650526576694 dE = -3.73350E-02
SCF Iteration 324: Energy = 2.9416000137571605 dE =  3.73350E-02
SCF Iteration 325: Energy = 2.9042650526576668 dE = -3.73350E-02
SCF Iteration 326: Energy = 2.9416000137571605 dE =  3.73350E-02
SCF Iteration 327: Energy = 2.9042650526576717 dE = -3.73350E-02
SCF Iteration 328: Energy = 2.9416000137571596 dE =  3.73350E-02
SCF Iteration 329: Energy = 2.9042650526576725 dE = -3.73350E-02
SCF Iteration 330: Energy = 2.9416000137571658 dE =  3.73350E-02
SCF Iteration 331: Energy = 2.9042650526576730 dE = -3.73350E-02
SCF Iteration 332: Energy = 2.9416000137571654 dE =  3.73350E-02
SCF Iteration 333: Energy = 2.9042650526576801 dE = -3.73350E-02
SCF Iteration 334: Energy = 2.9416000137571694 dE =  3.73350E-02
SCF Iteration 335: Energy = 2.9042650526576748 dE = -3.73350E-02
SCF Iteration 336: Energy = 2.9416000137571605 dE =  3.73350E-02
SCF Iteration 337: Energy = 2.9042650526576654 dE = -3.73350E-02
SCF Iteration 338: Energy = 2.9416000137571650 dE =  3.73350E-02
SCF Iteration 339: Energy = 2.9042650526576650 dE = -3.73350E-02
SCF Iteration 340: Energy = 2.9416000137571632 dE =  3.73350E-02
SCF Iteration 341: Energy = 2.9042650526576668 dE = -3.73350E-02
SCF Iteration 342: Energy = 2.9416000137571578 dE =  3.73350E-02
SCF Iteration 343: Energy = 2.9042650526576703 dE = -3.73350E-02
SCF Iteration 344: Energy = 2.9416000137571578 dE =  3.73350E-02
SCF Iteration 345: Energy = 2.9042650526576623 dE = -3.73350E-02
SCF Iteration 346: Energy = 2.9416000137571547 dE =  3.73350E-02
SCF Iteration 347: Energy = 2.9042650526576583 dE = -3.73350E-02
SCF Iteration 348: Energy = 2.9416000137571610 dE =  3.73350E-02
SCF Iteration 349: Energy = 2.9042650526576694 dE = -3.73350E-02
SCF Iteration 350: Energy = 2.9416000137571583 dE =  3.73350E-02
SCF Iteration 351: Energy = 2.9042650526576685 dE = -3.73350E-02
SCF Iteration 352: Energy = 2.9416000137571570 dE =  3.73350E-02
SCF Iteration 353: Energy = 2.9042650526576685 dE = -3.73350E-02
SCF Iteration 354: Energy = 2.9416000137571561 dE =  3.73350E-02
SCF Iteration 355: Energy = 2.9042650526576677 dE = -3.73350E-02
SCF Iteration 356: Energy = 2.9416000137571618 dE =  3.73350E-02
SCF Iteration 357: Energy = 2.9042650526576694 dE = -3.73350E-02
SCF Iteration 358: Energy = 2.9416000137571614 dE =  3.73350E-02
SCF Iteration 359: Energy = 2.9042650526576685 dE = -3.73350E-02
SCF Iteration 360: Energy = 2.9416000137571614 dE =  3.73350E-02
SCF Iteration 361: Energy = 2.9042650526576677 dE = -3.73350E-02
SCF Iteration 362: Energy = 2.9416000137571632 dE =  3.73350E-02
SCF Iteration 363: Energy = 2.9042650526576730 dE = -3.73350E-02
SCF Iteration 364: Energy = 2.9416000137571601 dE =  3.73350E-02
SCF Iteration 365: Energy = 2.9042650526576694 dE = -3.73350E-02
SCF Iteration 366: Energy = 2.9416000137571570 dE =  3.73350E-02
SCF Iteration 367: Energy = 2.9042650526576703 dE = -3.73350E-02
SCF Iteration 368: Energy = 2.9416000137571552 dE =  3.73350E-02
SCF Iteration 369: Energy = 2.9042650526576619 dE = -3.73350E-02
SCF Iteration 370: Energy = 2.9416000137571605 dE =  3.73350E-02
SCF Iteration 371: Energy = 2.9042650526576712 dE = -3.73350E-02
SCF Iteration 372: Energy = 2.9416000137571570 dE =  3.73350E-02
SCF Iteration 373: Energy = 2.9042650526576734 dE = -3.73350E-02
SCF Iteration 374: Energy = 2.9416000137571552 dE =  3.73350E-02
SCF Iteration 375: Energy = 2.9042650526576619 dE = -3.73350E-02
SCF Iteration 376: Energy = 2.9416000137571543 dE =  3.73350E-02
SCF Iteration 377: Energy = 2.9042650526576632 dE = -3.73350E-02
SCF Iteration 378: Energy = 2.9416000137571618 dE =  3.73350E-02
SCF Iteration 379: Energy = 2.9042650526576717 dE = -3.73350E-02
SCF Iteration 380: Energy = 2.9416000137571525 dE =  3.73350E-02
SCF Iteration 381: Energy = 2.9042650526576654 dE = -3.73350E-02
SCF Iteration 382: Energy = 2.9416000137571596 dE =  3.73350E-02
SCF Iteration 383: Energy = 2.9042650526576659 dE = -3.73350E-02
SCF Iteration 384: Energy = 2.9416000137571610 dE =  3.73350E-02
SCF Iteration 385: Energy = 2.9042650526576654 dE = -3.73350E-02
SCF Iteration 386: Energy = 2.9416000137571543 dE =  3.73350E-02
SCF Iteration 387: Energy = 2.9042650526576606 dE = -3.73350E-02
SCF Iteration 388: Energy = 2.9416000137571587 dE =  3.73350E-02
SCF Iteration 389: Energy = 2.9042650526576677 dE = -3.73350E-02
SCF Iteration 390: Energy = 2.9416000137571561 dE =  3.73350E-02
SCF Iteration 391: Energy = 2.9042650526576606 dE = -3.73350E-02
SCF Iteration 392: Energy = 2.9416000137571645 dE =  3.73350E-02
SCF Iteration 393: Energy = 2.9042650526576663 dE = -3.73350E-02
SCF Iteration 394: Energy = 2.9416000137571596 dE =  3.73350E-02
SCF Iteration 395: Energy = 2.9042650526576663 dE = -3.73350E-02
SCF Iteration 396: Energy = 2.9416000137571570 dE =  3.73350E-02
SCF Iteration 397: Energy = 2.9042650526576703 dE = -3.73350E-02
SCF Iteration 398: Energy = 2.9416000137571578 dE =  3.73350E-02
SCF Iteration 399: Energy = 2.9042650526576712 dE = -3.73350E-02
SCF Iteration 400: Energy = 2.9416000137571601 dE =  3.73350E-02
SCF Iteration 401: Energy = 2.9042650526576672 dE = -3.73350E-02
SCF Iteration 402: Energy = 2.9416000137571605 dE =  3.73350E-02
SCF Iteration 403: Energy = 2.9042650526576623 dE = -3.73350E-02
SCF Iteration 404: Energy = 2.9416000137571658 dE =  3.73350E-02
SCF Iteration 405: Energy = 2.9042650526576672 dE = -3.73350E-02
SCF Iteration 406: Energy = 2.9416000137571632 dE =  3.73350E-02
SCF Iteration 407: Energy = 2.9042650526576677 dE = -3.73350E-02
SCF Iteration 408: Energy = 2.9416000137571601 dE =  3.73350E-02
SCF Iteration 409: Energy = 2.9042650526576734 dE = -3.73350E-02
SCF Iteration 410: Energy = 2.9416000137571587 dE =  3.73350E-02
SCF Iteration 411: Energy = 2.9042650526576694 dE = -3.73350E-02
SCF Iteration 412: Energy = 2.9416000137571654 dE =  3.73350E-02
SCF Iteration 413: Energy = 2.9042650526576650 dE = -3.73350E-02
SCF Iteration 414: Energy = 2.9416000137571587 dE =  3.73350E-02
SCF Iteration 415: Energy = 2.9042650526576677 dE = -3.73350E-02
SCF Iteration 416: Energy = 2.9416000137571587 dE =  3.73350E-02
SCF Iteration 417: Energy = 2.9042650526576694 dE = -3.73350E-02
SCF Iteration 418: Energy = 2.9416000137571570 dE =  3.73350E-02
SCF Iteration 419: Energy = 2.9042650526576699 dE = -3.73350E-02
SCF Iteration 420: Energy = 2.9416000137571534 dE =  3.73350E-02
SCF Iteration 421: Energy = 2.9042650526576650 dE = -3.73350E-02
SCF Iteration 422: Energy = 2.9416000137571561 dE =  3.73350E-02
SCF Iteration 423: Energy = 2.9042650526576632 dE = -3.73350E-02
SCF Iteration 424: Energy = 2.9416000137571618 dE =  3.73350E-02
SCF Iteration 425: Energy = 2.9042650526576628 dE = -3.73350E-02
SCF Iteration 426: Energy = 2.9416000137571547 dE =  3.73350E-02
SCF Iteration 427: Energy = 2.9042650526576637 dE = -3.73350E-02
SCF Iteration 428: Energy = 2.9416000137571596 dE =  3.73350E-02
SCF Iteration 429: Energy = 2.9042650526576659 dE = -3.73350E-02
SCF Iteration 430: Energy = 2.9416000137571565 dE =  3.73350E-02
SCF Iteration 431: Energy = 2.9042650526576681 dE = -3.73350E-02
SCF Iteration 432: Energy = 2.9416000137571574 dE =  3.73350E-02
SCF Iteration 433: Energy = 2.9042650526576614 dE = -3.73350E-02
SCF Iteration 434: Energy = 2.9416000137571641 dE =  3.73350E-02
SCF Iteration 435: Energy = 2.9042650526576685 dE = -3.73350E-02
SCF Iteration 436: Energy = 2.9416000137571614 dE =  3.73350E-02
SCF Iteration 437: Energy = 2.9042650526576694 dE = -3.73350E-02
SCF Iteration 438: Energy = 2.9416000137571694 dE =  3.73350E-02
SCF Iteration 439: Energy = 2.9042650526576641 dE = -3.73350E-02
SCF Iteration 440: Energy = 2.9416000137571596 dE =  3.73350E-02
SCF Iteration 441: Energy = 2.9042650526576748 dE = -3.73350E-02
SCF Iteration 442: Energy = 2.9416000137571627 dE =  3.73350E-02
SCF Iteration 443: Energy = 2.9042650526576681 dE = -3.73350E-02
SCF Iteration 444: Energy = 2.9416000137571592 dE =  3.73350E-02
SCF Iteration 445: Energy = 2.9042650526576694 dE = -3.73350E-02
SCF Iteration 446: Energy = 2.9416000137571596 dE =  3.73350E-02
SCF Iteration 447: Energy = 2.9042650526576641 dE = -3.73350E-02
SCF Iteration 448: Energy = 2.9416000137571623 dE =  3.73350E-02
SCF Iteration 449: Energy = 2.9042650526576614 dE = -3.73350E-02
SCF Iteration 450: Energy = 2.9416000137571552 dE =  3.73350E-02
SCF Iteration 451: Energy = 2.9042650526576694 dE = -3.73350E-02
SCF Iteration 452: Energy = 2.9416000137571578 dE =  3.73350E-02
SCF Iteration 453: Energy = 2.9042650526576712 dE = -3.73350E-02
SCF Iteration 454: Energy = 2.9416000137571605 dE =  3.73350E-02
SCF Iteration 455: Energy = 2.9042650526576681 dE = -3.73350E-02
SCF Iteration 456: Energy = 2.9416000137571596 dE =  3.73350E-02
SCF Iteration 457: Energy = 2.9042650526576601 dE = -3.73350E-02
SCF Iteration 458: Energy = 2.9416000137571605 dE =  3.73350E-02
SCF Iteration 459: Energy = 2.9042650526576677 dE = -3.73350E-02
SCF Iteration 460: Energy = 2.9416000137571614 dE =  3.73350E-02
SCF Iteration 461: Energy = 2.9042650526576685 dE = -3.73350E-02
SCF Iteration 462: Energy = 2.9416000137571587 dE =  3.73350E-02
SCF Iteration 463: Energy = 2.9042650526576677 dE = -3.73350E-02
SCF Iteration 464: Energy = 2.9416000137571641 dE =  3.73350E-02
SCF Iteration 465: Energy = 2.9042650526576690 dE = -3.73350E-02
SCF Iteration 466: Energy = 2.9416000137571658 dE =  3.73350E-02
SCF Iteration 467: Energy = 2.9042650526576703 dE = -3.73350E-02
SCF Iteration 468: Energy = 2.9416000137571672 dE =  3.73350E-02
SCF Iteration 469: Energy = 2.9042650526576717 dE = -3.73350E-02
SCF Iteration 470: Energy = 2.9416000137571632 dE =  3.73350E-02
SCF Iteration 471: Energy = 2.9042650526576677 dE = -3.73350E-02
SCF Iteration 472: Energy = 2.9416000137571516 dE =  3.73350E-02
SCF Iteration 473: Energy = 2.9042650526576699 dE = -3.73350E-02
SCF Iteration 474: Energy = 2.9416000137571596 dE =  3.73350E-02
SCF Iteration 475: Energy = 2.9042650526576650 dE = -3.73350E-02
SCF Iteration 476: Energy = 2.9416000137571570 dE =  3.73350E-02
SCF Iteration 477: Energy = 2.9042650526576592 dE = -3.73350E-02
SCF Iteration 478: Energy = 2.9416000137571472 dE =  3.73350E-02
SCF Iteration 479: Energy = 2.9042650526576623 dE = -3.73350E-02
SCF Iteration 480: Energy = 2.9416000137571530 dE =  3.73350E-02
SCF Iteration 481: Energy = 2.9042650526576645 dE = -3.73350E-02
SCF Iteration 482: Energy = 2.9416000137571587 dE =  3.73350E-02
SCF Iteration 483: Energy = 2.9042650526576654 dE = -3.73350E-02
SCF Iteration 484: Energy = 2.9416000137571578 dE =  3.73350E-02
SCF Iteration 485: Energy = 2.9042650526576632 dE = -3.73350E-02
SCF Iteration 486: Energy = 2.9416000137571570 dE =  3.73350E-02
SCF Iteration 487: Energy = 2.9042650526576606 dE = -3.73350E-02
SCF Iteration 488: Energy = 2.9416000137571552 dE =  3.73350E-02
SCF Iteration 489: Energy = 2.9042650526576588 dE = -3.73350E-02
SCF Iteration 490: Energy = 2.9416000137571596 dE =  3.73350E-02
SCF Iteration 491: Energy = 2.9042650526576614 dE = -3.73350E-02
SCF Iteration 492: Energy = 2.9416000137571574 dE =  3.73350E-02
SCF Iteration 493: Energy = 2.9042650526576606 dE = -3.73350E-02
SCF Iteration 494: Energy = 2.9416000137571561 dE =  3.73350E-02
SCF Iteration 495: Energy = 2.9042650526576659 dE = -3.73350E-02
SCF Iteration 496: Energy = 2.9416000137571601 dE =  3.73350E-02
SCF Iteration 497: Energy = 2.9042650526576619 dE = -3.73350E-02
SCF Iteration 498: Energy = 2.9416000137571614 dE =  3.73350E-02
SCF Iteration 499: Energy = 2.9042650526576685 dE = -3.73350E-02
SCF Iteration 500: Energy = 2.9416000137571605 dE =  3.73350E-02
