
  Memory set to  55.879 GiB by Python driver.
  Threads set to 1 by Python driver.
Settings:
	LOT = CCSD-S1-U21
	wc = 20.0 eV
	lambda = [0.606212 0.       0.      ] a.u.
	Equivalent A0 = LAMBDA / sqrt(2 wc) = [0.5 0.  0. ])
doing QED-CCSD-1 (or QED-CCSD-21)
Number of occupied orbitals:   1
Number of basis functions:  60
SCF Iteration   1: Energy = 0.0012003526194387 dE =  1.20035E-03
SCF Iteration   2: Energy = 0.7156204995285604 dE =  7.14420E-01
SCF Iteration   3: Energy = 0.1520566327872969 dE = -5.63564E-01
SCF Iteration   4: Energy = 0.7259890352302918 dE =  5.73932E-01
SCF Iteration   5: Energy = 0.1764502416915397 dE = -5.49539E-01
SCF Iteration   6: Energy = 0.7297914617868246 dE =  5.53341E-01
SCF Iteration   7: Energy = 0.1836416974064088 dE = -5.46150E-01
SCF Iteration   8: Energy = 0.7311685986739112 dE =  5.47527E-01
SCF Iteration   9: Energy = 0.1860219116826295 dE = -5.45147E-01
SCF Iteration  10: Energy = 0.7316319909544327 dE =  5.45610E-01
SCF Iteration  11: Energy = 0.1868090963213583 dE = -5.44823E-01
SCF Iteration  12: Energy = 0.7317781998286342 dE =  5.44969E-01
SCF Iteration  13: Energy = 0.1870640344395081 dE = -5.44714E-01
SCF Iteration  14: Energy = 0.7318209054049344 dE =  5.44757E-01
SCF Iteration  15: Energy = 0.1871438035055819 dE = -5.44677E-01
SCF Iteration  16: Energy = 0.7318317194507004 dE =  5.44688E-01
SCF Iteration  17: Energy = 0.1871673171858275 dE = -5.44664E-01
SCF Iteration  18: Energy = 0.7318335099495979 dE =  5.44666E-01
SCF Iteration  19: Energy = 0.1871734658774609 dE = -5.44660E-01
SCF Iteration  20: Energy = 0.7318331709182956 dE =  5.44660E-01
SCF Iteration  21: Energy = 0.1871746227462363 dE = -5.44659E-01
SCF Iteration  22: Energy = 0.7318325821967755 dE =  5.44658E-01
SCF Iteration  23: Energy = 0.1871745472586655 dE = -5.44658E-01
SCF Iteration  24: Energy = 0.7318321463285005 dE =  5.44658E-01
SCF Iteration  25: Energy = 0.1871742873296044 dE = -5.44658E-01
SCF Iteration  26: Energy = 0.7318318810465151 dE =  5.44658E-01
SCF Iteration  27: Energy = 0.1871740822824279 dE = -5.44658E-01
SCF Iteration  28: Energy = 0.7318317327727590 dE =  5.44658E-01
SCF Iteration  29: Energy = 0.1871739545915192 dE = -5.44658E-01
SCF Iteration  30: Energy = 0.7318316535805705 dE =  5.44658E-01
SCF Iteration  31: Energy = 0.1871738824132115 dE = -5.44658E-01
SCF Iteration  32: Energy = 0.7318316124020391 dE =  5.44658E-01
SCF Iteration  33: Energy = 0.1871738436155635 dE = -5.44658E-01
SCF Iteration  34: Energy = 0.7318315913201909 dE =  5.44658E-01
SCF Iteration  35: Energy = 0.1871738233428523 dE = -5.44658E-01
SCF Iteration  36: Energy = 0.7318315803584631 dE =  5.44658E-01
SCF Iteration  37: Energy = 0.1871738127166289 dE = -5.44658E-01
SCF Iteration  38: Energy = 0.7318315716026117 dE =  5.44658E-01
SCF Iteration  39: Energy = 0.1871738047773889 dE = -5.44658E-01
SCF Iteration  40: Energy = 0.7318315319174689 dE =  5.44658E-01
SCF Iteration  41: Energy = 0.1871737730251148 dE = -5.44658E-01
SCF Iteration  42: Energy = 0.7318311287612804 dE =  5.44657E-01
SCF Iteration  43: Energy = 0.1871734556881983 dE = -5.44658E-01
SCF Iteration  44: Energy = 0.7318267658398457 dE =  5.44653E-01
SCF Iteration  45: Energy = 0.1871700243413250 dE = -5.44657E-01
SCF Iteration  46: Energy = 0.7317794106351218 dE =  5.44609E-01
SCF Iteration  47: Energy = 0.1871327825869417 dE = -5.44647E-01
SCF Iteration  48: Energy = 0.7312656120314204 dE =  5.44133E-01
SCF Iteration  49: Energy = 0.1867287961068393 dE = -5.44537E-01
SCF Iteration  50: Energy = 0.7257220855826159 dE =  5.38993E-01
SCF Iteration  51: Energy = 0.1823795566640211 dE = -5.43343E-01
SCF Iteration  52: Energy = 0.6693182808798694 dE =  4.86939E-01
SCF Iteration  53: Energy = 0.1390998042168895 dE = -5.30218E-01
SCF Iteration  54: Energy = 0.3089873692401800 dE =  1.69888E-01
SCF Iteration  55: Energy = -0.0994476204516854 dE = -4.08435E-01
SCF Iteration  56: Energy = -0.2329146898445251 dE = -1.33467E-01
SCF Iteration  57: Energy = -0.3558784009710100 dE = -1.22964E-01
SCF Iteration  58: Energy = -0.3969160905931033 dE = -4.10377E-02
SCF Iteration  59: Energy = -0.4126278695582228 dE = -1.57118E-02
SCF Iteration  60: Energy = -0.4175984381051960 dE = -4.97057E-03
SCF Iteration  61: Energy = -0.4193107863019836 dE = -1.71235E-03
SCF Iteration  62: Energy = -0.4199571194926062 dE = -6.46333E-04
SCF Iteration  63: Energy = -0.4202398071504646 dE = -2.82688E-04
SCF Iteration  64: Energy = -0.4203796932113646 dE = -1.39886E-04
SCF Iteration  65: Energy = -0.4204542234215888 dE = -7.45302E-05
SCF Iteration  66: Energy = -0.4204954903795635 dE = -4.12670E-05
SCF Iteration  67: Energy = -0.4205187096536750 dE = -2.32193E-05
SCF Iteration  68: Energy = -0.4205318672601273 dE = -1.31576E-05
SCF Iteration  69: Energy = -0.4205393427790556 dE = -7.47552E-06
SCF Iteration  70: Energy = -0.4205435948259267 dE = -4.25205E-06
SCF Iteration  71: Energy = -0.4205460143429487 dE = -2.41952E-06
SCF Iteration  72: Energy = -0.4205473913623621 dE = -1.37702E-06
SCF Iteration  73: Energy = -0.4205481751202158 dE = -7.83758E-07
SCF Iteration  74: Energy = -0.4205486212290198 dE = -4.46109E-07
SCF Iteration  75: Energy = -0.4205488751555057 dE = -2.53926E-07
SCF Iteration  76: Energy = -0.4205490196931597 dE = -1.44538E-07
SCF Iteration  77: Energy = -0.4205491019662321 dE = -8.22731E-08
SCF Iteration  78: Energy = -0.4205491487976458 dE = -4.68314E-08
SCF Iteration  79: Energy = -0.4205491754551066 dE = -2.66575E-08
SCF Iteration  80: Energy = -0.4205491906291760 dE = -1.51741E-08
SCF Iteration  81: Energy = -0.4205491992666438 dE = -8.63747E-09
SCF Iteration  82: Energy = -0.4205492041833165 dE = -4.91667E-09
SCF Iteration  83: Energy = -0.4205492069820236 dE = -2.79871E-09
SCF Iteration  84: Energy = -0.4205492085751308 dE = -1.59311E-09
SCF Iteration  85: Energy = -0.4205492094819644 dE = -9.06834E-10
SCF Iteration  86: Energy = -0.4205492099981678 dE = -5.16203E-10
SCF Iteration  87: Energy = -0.4205492102920037 dE = -2.93836E-10
SCF Iteration  88: Energy = -0.4205492104592659 dE = -1.67262E-10
SCF Iteration  89: Energy = -0.4205492105544717 dE = -9.52058E-11

SCF converged.
E_QED_HF          = -0.420549210554472
HF  (psi4)        = -0.989203381512647
Starting with the CCSD calculation:

Iter  Energy(CCSD)      E_diff    time(sec)
  1:  -0.1955000700  1.95500E-01   10.123
  2:  -0.2979495547  1.02449E-01   10.127
  3:  -0.3269345459  2.89850E-02   10.126
  4:  -0.2806537969  4.62807E-02   10.125
  5:  -0.2901296558  9.47586E-03   10.128
  6:  -0.3017326156  1.16030E-02   10.123
  7:  -0.3011176628  6.14953E-04   10.126
  8:  -0.3104456111  9.32795E-03   10.128
  9:  -0.3172364906  6.79088E-03   10.126
 10:  -0.3239716271  6.73514E-03   10.121
 11:  -0.3253140783  1.34245E-03   10.120
 12:  -0.3258874419  5.73364E-04   10.121
 13:  -0.3257168571  1.70585E-04   10.122
 14:  -0.3259530804  2.36223E-04   10.121
 15:  -0.3259103506  4.27298E-05   10.119
 16:  -0.3260446718  1.34321E-04   10.123
 17:  -0.3260308534  1.38184E-05   10.124
 18:  -0.3260464590  1.56056E-05   10.121
 19:  -0.3260404267  6.03234E-06   10.119
 20:  -0.3260447838  4.35710E-06   10.123
 21:  -0.3260447833  4.27896E-10   10.130
E_QED_CCSD  (Corr.)  = -0.326044783330509
E_QED_CCSD tot       = -0.746593993884981
E_CCSD_psi4 (Corr.)  = -0.067434596672862
E_CCSD_psi4 tot      = -1.056637978185510
