
  Memory set to  55.879 GiB by Python driver.
  Threads set to 1 by Python driver.
Settings:
	LOT = CCSD-S1-U21
	wc = 20.0 eV
	lambda = [0. 0. 0.] a.u.
	Equivalent A0 = LAMBDA / sqrt(2 wc) = [0. 0. 0.])
doing QED-CCSD-1 (or QED-CCSD-21)
Number of occupied orbitals:   1
Number of basis functions:  60
SCF Iteration   1: Energy = -1.1062957923328043 dE = -1.10630E+00
SCF Iteration   2: Energy = -1.1062957923328829 dE = -7.86038E-14

SCF converged.
E_QED_HF          = -1.106295792332883
HF  (psi4)        = -1.106295792322933
Starting with the CCSD calculation:

Iter  Energy(CCSD)      E_diff    time(sec)
  1:  -0.0344258473  3.44258E-02   10.874
  2:  -0.0403614541  5.93561E-03   10.875
  3:  -0.0432598277  2.89837E-03   10.874
  4:  -0.0441285951  8.68767E-04   10.869
  5:  -0.0441724925  4.38974E-05   10.870
  6:  -0.0441772520  4.75945E-06   10.872
  7:  -0.0441757319  1.52007E-06   10.874
  8:  -0.0441758491  1.17221E-07   10.871
  9:  -0.0441758471  1.98084E-09   10.869
E_QED_CCSD  (Corr.)  = -0.044175847125862
E_QED_CCSD tot       = -1.150471639458745
E_CCSD_psi4 (Corr.)  = -0.044175843177433
E_CCSD_psi4 tot      = -1.150471635500366
