
  Memory set to  55.879 GiB by Python driver.
  Threads set to 1 by Python driver.
Settings:
	LOT = CCSD-S1-U21
	wc = 20.0 eV
	lambda = [0. 0. 0.] a.u.
	Equivalent A0 = LAMBDA / sqrt(2 wc) = [0. 0. 0.])
doing QED-CCSD-1 (or QED-CCSD-21)
Number of occupied orbitals:   1
Number of basis functions:  60
SCF Iteration   1: Energy = -1.0598976436362046 dE = -1.05990E+00
SCF Iteration   2: Energy = -1.0598976436362473 dE = -4.26326E-14

SCF converged.
E_QED_HF          = -1.059897643636247
HF  (psi4)        = -1.059897643626315
Starting with the CCSD calculation:

Iter  Energy(CCSD)      E_diff    time(sec)
  1:  -0.0367883976  3.67884E-02   10.840
  2:  -0.0443468185  7.55842E-03   10.841
  3:  -0.0488650610  4.51824E-03   10.840
  4:  -0.0506005960  1.73554E-03   10.846
  5:  -0.0506820122  8.14162E-05   10.839
  6:  -0.0507005310  1.85187E-05   10.838
  7:  -0.0506951226  5.40840E-06   10.835
  8:  -0.0506956704  5.47825E-07   10.841
  9:  -0.0506956249  4.55023E-08   10.837
 10:  -0.0506956247  2.08243E-10   10.840
E_QED_CCSD  (Corr.)  = -0.050695624680159
E_QED_CCSD tot       = -1.110593268316406
E_CCSD_psi4 (Corr.)  = -0.050695621858031
E_CCSD_psi4 tot      = -1.110593265484346
