
  Memory set to  55.879 GiB by Python driver.
  Threads set to 1 by Python driver.
Settings:
	LOT = CCSD-S1-U21
	wc = 20.0 eV
	lambda = [0. 0. 0.] a.u.
	Equivalent A0 = LAMBDA / sqrt(2 wc) = [0. 0. 0.])
doing QED-CCSD-1 (or QED-CCSD-21)
Number of occupied orbitals:   1
Number of basis functions:  60
SCF Iteration   1: Energy = -0.3091648829985219 dE = -3.09165E-01
SCF Iteration   2: Energy = -0.3091648829982536 dE =  2.68230E-13

SCF converged.
E_QED_HF          = -0.309164882998254
HF  (psi4)        = -0.309164882997216
Starting with the CCSD calculation:

Iter  Energy(CCSD)      E_diff    time(sec)
  1:  -0.0337391066  3.37391E-02   10.850
  2:  -0.0378340202  4.09491E-03   10.855
  3:  -0.0389441352  1.11012E-03   10.861
  4:  -0.0390875143  1.43379E-04   10.854
  5:  -0.0390905553  3.04099E-06   10.852
  6:  -0.0390904122  1.43094E-07   10.857
  7:  -0.0390903992  1.30301E-08   10.857
  8:  -0.0390904000  7.90733E-10   10.855
E_QED_CCSD  (Corr.)  = -0.039090399969189
E_QED_CCSD tot       = -0.348255282967443
E_CCSD_psi4 (Corr.)  = -0.039090400340840
E_CCSD_psi4 tot      = -0.348255283338056
