
  Memory set to  55.879 GiB by Python driver.
  Threads set to 1 by Python driver.
Settings:
	LOT = CCSD-S1-U21
	wc = 20.0 eV
	lambda = [0. 0. 0.] a.u.
	Equivalent A0 = LAMBDA / sqrt(2 wc) = [0. 0. 0.])
doing QED-CCSD-1 (or QED-CCSD-21)
Number of occupied orbitals:   1
Number of basis functions:  60
SCF Iteration   1: Energy = -0.9363287105896054 dE = -9.36329E-01
SCF Iteration   2: Energy = -0.9363287105896205 dE = -1.50990E-14

SCF converged.
E_QED_HF          = -0.936328710589621
HF  (psi4)        = -0.936328710587714
Starting with the CCSD calculation:

Iter  Energy(CCSD)      E_diff    time(sec)
  1:  -0.0330519124  3.30519E-02   10.865
  2:  -0.0371839085  4.13200E-03   10.866
  3:  -0.0384180954  1.23419E-03   10.868
  4:  -0.0386005797  1.82484E-04   10.863
  5:  -0.0386042257  3.64601E-06   10.865
  6:  -0.0386042836  5.78896E-08   10.861
  7:  -0.0386042574  2.61876E-08   10.860
  8:  -0.0386042580  6.00385E-10   10.859
E_QED_CCSD  (Corr.)  = -0.038604257992605
E_QED_CCSD tot       = -0.974932968582226
E_CCSD_psi4 (Corr.)  = -0.038604258970326
E_CCSD_psi4 tot      = -0.974932969558040
