
  Memory set to  55.879 GiB by Python driver.
  Threads set to 1 by Python driver.
Settings:
	LOT = CCSD-S2-U22
	wc = 20.0 eV
	lambda = [0.848697 0.       0.      ] a.u.
	Equivalent A0 = LAMBDA / sqrt(2 wc) = [0.7 0.  0. ])
doing QED-CCSD-Full (or QED-CCSD-22)
Number of occupied orbitals:   1
Number of basis functions:  60
SCF Iteration   1: Energy = 4.3072042173721172 dE =  4.30720E+00
SCF Iteration   2: Energy = 4.7302879477250368 dE =  4.23084E-01
SCF Iteration   3: Energy = 4.5173676809971628 dE = -2.12920E-01
SCF Iteration   4: Energy = 4.7194189272083218 dE =  2.02051E-01
SCF Iteration   5: Energy = 4.6234621779143978 dE = -9.59567E-02
SCF Iteration   6: Energy = 4.7315904062706373 dE =  1.08128E-01
SCF Iteration   7: Energy = 4.6707954154705895 dE = -6.07950E-02
SCF Iteration   8: Energy = 4.7399042403581699 dE =  6.91088E-02
SCF Iteration   9: Energy = 4.6918394140464024 dE = -4.80648E-02
SCF Iteration  10: Energy = 4.7432740847122155 dE =  5.14347E-02
SCF Iteration  11: Energy = 4.7003483100610097 dE = -4.29258E-02
SCF Iteration  12: Energy = 4.7431238311088038 dE =  4.27755E-02
SCF Iteration  13: Energy = 4.7024503435407752 dE = -4.06735E-02
SCF Iteration  14: Energy = 4.7407851771279059 dE =  3.83348E-02
SCF Iteration  15: Energy = 4.7011984155530531 dE = -3.95868E-02
SCF Iteration  16: Energy = 4.7372480131338435 dE =  3.60496E-02
SCF Iteration  17: Energy = 4.6982582365860868 dE = -3.89898E-02
SCF Iteration  18: Energy = 4.7331924372788681 dE =  3.49342E-02
SCF Iteration  19: Energy = 4.6945834302792395 dE = -3.86090E-02
SCF Iteration  20: Energy = 4.7290566279345914 dE =  3.44732E-02
SCF Iteration  21: Energy = 4.6907243577615665 dE = -3.83323E-02
SCF Iteration  22: Energy = 4.7251030696473899 dE =  3.43787E-02
SCF Iteration  23: Energy = 4.6869900937166413 dE = -3.81130E-02
SCF Iteration  24: Energy = 4.7214735211924861 dE =  3.44834E-02
SCF Iteration  25: Energy = 4.6835423677301158 dE = -3.79312E-02
SCF Iteration  26: Energy = 4.7182307577493994 dE =  3.46884E-02
SCF Iteration  27: Energy = 4.6804532437132336 dE = -3.77775E-02
SCF Iteration  28: Energy = 4.7153884084618642 dE =  3.49352E-02
SCF Iteration  29: Energy = 4.6777414140482234 dE = -3.76470E-02
SCF Iteration  30: Energy = 4.7129313400819264 dE =  3.51899E-02
SCF Iteration  31: Energy = 4.6753951374407468 dE = -3.75362E-02
SCF Iteration  32: Energy = 4.7108290665729413 dE =  3.54339E-02
SCF Iteration  33: Energy = 4.6733866164740396 dE = -3.74425E-02
SCF Iteration  34: Energy = 4.7090442580550045 dE =  3.56576E-02
SCF Iteration  35: Energy = 4.6716808480334979 dE = -3.73634E-02
SCF Iteration  36: Energy = 4.7075379254510477 dE =  3.58571E-02
SCF Iteration  37: Energy = 4.6702409154261497 dE = -3.72970E-02
SCF Iteration  38: Energy = 4.7062724137647187 dE =  3.60315E-02
SCF Iteration  39: Energy = 4.6690310109482578 dE = -3.72414E-02
SCF Iteration  40: Energy = 4.7052129886098379 dE =  3.61820E-02
SCF Iteration  41: Energy = 4.6680180318918847 dE = -3.71950E-02
SCF Iteration  42: Energy = 4.7043285449844641 dE =  3.63105E-02
SCF Iteration  43: Energy = 4.6671722983274542 dE = -3.71562E-02
SCF Iteration  44: Energy = 4.7035917872973254 dE =  3.64195E-02
SCF Iteration  45: Energy = 4.6664677462229580 dE = -3.71240E-02
SCF Iteration  46: Energy = 4.7029791064000603 dE =  3.65114E-02
SCF Iteration  47: Energy = 4.6658818212173063 dE = -3.70973E-02
SCF Iteration  48: Energy = 4.7024702966725727 dE =  3.65885E-02
SCF Iteration  49: Energy = 4.6653952144422988 dE = -3.70751E-02
SCF Iteration  50: Energy = 4.7020482016155336 dE =  3.66530E-02
SCF Iteration  51: Energy = 4.6649915272874107 dE = -3.70567E-02
SCF Iteration  52: Energy = 4.7016983409029436 dE =  3.67068E-02
SCF Iteration  53: Energy = 4.6646569169376928 dE = -3.70414E-02
SCF Iteration  54: Energy = 4.7014085491118767 dE =  3.67516E-02
SCF Iteration  55: Energy = 4.6643797522179602 dE = -3.70288E-02
SCF Iteration  56: Energy = 4.7011686420409600 dE =  3.67889E-02
SCF Iteration  57: Energy = 4.6641502953109786 dE = -3.70183E-02
SCF Iteration  58: Energy = 4.7009701177269525 dE =  3.68198E-02
SCF Iteration  59: Energy = 4.6639604163488837 dE = -3.70097E-02
SCF Iteration  60: Energy = 4.7008058940179742 dE =  3.68455E-02
SCF Iteration  61: Energy = 4.6638033427731909 dE = -3.70026E-02
SCF Iteration  62: Energy = 4.7006700815728584 dE =  3.68667E-02
SCF Iteration  63: Energy = 4.6636734424532955 dE = -3.69966E-02
SCF Iteration  64: Energy = 4.7005577895857824 dE =  3.68843E-02
SCF Iteration  65: Energy = 4.6635660380245962 dE = -3.69918E-02
SCF Iteration  66: Energy = 4.7004649608331004 dE =  3.68989E-02
SCF Iteration  67: Energy = 4.6634772492194365 dE = -3.69877E-02
SCF Iteration  68: Energy = 4.7003882324567368 dE =  3.69110E-02
SCF Iteration  69: Energy = 4.6634038597793301 dE = -3.69844E-02
SCF Iteration  70: Energy = 4.7003248190086673 dE =  3.69210E-02
SCF Iteration  71: Energy = 4.6633432056360604 dE = -3.69816E-02
SCF Iteration  72: Energy = 4.7002724145464256 dE =  3.69292E-02
SCF Iteration  73: Energy = 4.6632930812992708 dE = -3.69793E-02
SCF Iteration  74: Energy = 4.7002291109035914 dE =  3.69360E-02
SCF Iteration  75: Energy = 4.6632516617044573 dE = -3.69774E-02
SCF Iteration  76: Energy = 4.7001933296109399 dE =  3.69417E-02
SCF Iteration  77: Energy = 4.6632174371108643 dE = -3.69759E-02
SCF Iteration  78: Energy = 4.7001637652852750 dE =  3.69463E-02
SCF Iteration  79: Energy = 4.6631891589630623 dE = -3.69746E-02
SCF Iteration  80: Energy = 4.7001393386176638 dE =  3.69502E-02
SCF Iteration  81: Energy = 4.6631657949312322 dE = -3.69735E-02
SCF Iteration  82: Energy = 4.7001191573748571 dE =  3.69534E-02
SCF Iteration  83: Energy = 4.6631464916136185 dE = -3.69727E-02
SCF Iteration  84: Energy = 4.7001024840755221 dE =  3.69560E-02
SCF Iteration  85: Energy = 4.6631305436221906 dE = -3.69719E-02
SCF Iteration  86: Energy = 4.7000887092168675 dE =  3.69582E-02
SCF Iteration  87: Energy = 4.6631173679759534 dE = -3.69713E-02
SCF Iteration  88: Energy = 4.7000773291103579 dE =  3.69600E-02
SCF Iteration  89: Energy = 4.6631064829022897 dE = -3.69708E-02
SCF Iteration  90: Energy = 4.7000679275408768 dE =  3.69614E-02
SCF Iteration  91: Energy = 4.6630974902949900 dE = -3.69704E-02
SCF Iteration  92: Energy = 4.7000601605950223 dE =  3.69627E-02
SCF Iteration  93: Energy = 4.6630900612030910 dE = -3.69701E-02
SCF Iteration  94: Energy = 4.7000537441141823 dE =  3.69637E-02
SCF Iteration  95: Energy = 4.6630839238302677 dE = -3.69698E-02
SCF Iteration  96: Energy = 4.7000484433206164 dE =  3.69645E-02
SCF Iteration  97: Energy = 4.6630788536123982 dE = -3.69696E-02
SCF Iteration  98: Energy = 4.7000440642417294 dE =  3.69652E-02
SCF Iteration  99: Energy = 4.6630746650151336 dE = -3.69694E-02
SCF Iteration 100: Energy = 4.7000404466216033 dE =  3.69658E-02
SCF Iteration 101: Energy = 4.6630712047539520 dE = -3.69692E-02
SCF Iteration 102: Energy = 4.7000374580628304 dE =  3.69663E-02
SCF Iteration 103: Energy = 4.6630683461908147 dE = -3.69691E-02
SCF Iteration 104: Energy = 4.7000349891852355 dE =  3.69666E-02
SCF Iteration 105: Energy = 4.6630659847035520 dE = -3.69690E-02
SCF Iteration 106: Energy = 4.7000329496254221 dE =  3.69670E-02
SCF Iteration 107: Energy = 4.6630640338595484 dE = -3.69689E-02
SCF Iteration 108: Energy = 4.7000312647311944 dE =  3.69672E-02
SCF Iteration 109: Energy = 4.6630624222539039 dE = -3.69688E-02
SCF Iteration 110: Energy = 4.7000298728304060 dE =  3.69675E-02
SCF Iteration 111: Energy = 4.6630610908971182 dE = -3.69688E-02
SCF Iteration 112: Energy = 4.7000287229743432 dE =  3.69676E-02
SCF Iteration 113: Energy = 4.6630599910567128 dE = -3.69687E-02
SCF Iteration 114: Energy = 4.7000277730734128 dE =  3.69678E-02
SCF Iteration 115: Energy = 4.6630590824738682 dE = -3.69687E-02
SCF Iteration 116: Energy = 4.7000269883567620 dE =  3.69679E-02
SCF Iteration 117: Energy = 4.6630583318902179 dE = -3.69687E-02
SCF Iteration 118: Energy = 4.7000263400997966 dE =  3.69680E-02
SCF Iteration 119: Energy = 4.6630577118306018 dE = -3.69686E-02
SCF Iteration 120: Energy = 4.7000258045728440 dE =  3.69681E-02
SCF Iteration 121: Energy = 4.6630571995975467 dE = -3.69686E-02
SCF Iteration 122: Energy = 4.7000253621726387 dE =  3.69682E-02
SCF Iteration 123: Energy = 4.6630567764404889 dE = -3.69686E-02
SCF Iteration 124: Energy = 4.7000249967047854 dE =  3.69682E-02
SCF Iteration 125: Energy = 4.6630564268694155 dE = -3.69686E-02
SCF Iteration 126: Energy = 4.7000246947909714 dE =  3.69683E-02
SCF Iteration 127: Energy = 4.6630561380879811 dE = -3.69686E-02
SCF Iteration 128: Energy = 4.7000244453793494 dE =  3.69683E-02
SCF Iteration 129: Energy = 4.6630558995250553 dE = -3.69685E-02
SCF Iteration 130: Energy = 4.7000242393399301 dE =  3.69683E-02
SCF Iteration 131: Energy = 4.6630557024477435 dE = -3.69685E-02
SCF Iteration 132: Energy = 4.7000240691303929 dE =  3.69684E-02
SCF Iteration 133: Energy = 4.6630555396418103 dE = -3.69685E-02
SCF Iteration 134: Energy = 4.7000239285199807 dE =  3.69684E-02
SCF Iteration 135: Energy = 4.6630554051475475 dE = -3.69685E-02
SCF Iteration 136: Energy = 4.7000238123614837 dE =  3.69684E-02
SCF Iteration 137: Energy = 4.6630552940415999 dE = -3.69685E-02
SCF Iteration 138: Energy = 4.7000237164027503 dE =  3.69684E-02
SCF Iteration 139: Energy = 4.6630552022567890 dE = -3.69685E-02
SCF Iteration 140: Energy = 4.7000236371310891 dE =  3.69684E-02
SCF Iteration 141: Energy = 4.6630551264332043 dE = -3.69685E-02
SCF Iteration 142: Energy = 4.7000235716446443 dE =  3.69684E-02
SCF Iteration 143: Energy = 4.6630550637952268 dE = -3.69685E-02
SCF Iteration 144: Energy = 4.7000235175461818 dE =  3.69685E-02
SCF Iteration 145: Energy = 4.6630550120498846 dE = -3.69685E-02
SCF Iteration 146: Energy = 4.7000234728553529 dE =  3.69685E-02
SCF Iteration 147: Energy = 4.6630549693029799 dE = -3.69685E-02
SCF Iteration 148: Energy = 4.7000234359362079 dE =  3.69685E-02
SCF Iteration 149: Energy = 4.6630549339897112 dE = -3.69685E-02
SCF Iteration 150: Energy = 4.7000234054372356 dE =  3.69685E-02
SCF Iteration 151: Energy = 4.6630549048173515 dE = -3.69685E-02
SCF Iteration 152: Energy = 4.7000233802419880 dE =  3.69685E-02
SCF Iteration 153: Energy = 4.6630548807180263 dE = -3.69685E-02
SCF Iteration 154: Energy = 4.7000233594281564 dE =  3.69685E-02
SCF Iteration 155: Energy = 4.6630548608095399 dE = -3.69685E-02
SCF Iteration 156: Energy = 4.7000233422338198 dE =  3.69685E-02
SCF Iteration 157: Energy = 4.6630548443630992 dE = -3.69685E-02
SCF Iteration 158: Energy = 4.7000233280295589 dE =  3.69685E-02
SCF Iteration 159: Energy = 4.6630548307766819 dE = -3.69685E-02
SCF Iteration 160: Energy = 4.7000233162953942 dE =  3.69685E-02
SCF Iteration 161: Energy = 4.6630548195529071 dE = -3.69685E-02
SCF Iteration 162: Energy = 4.7000233066017776 dE =  3.69685E-02
SCF Iteration 163: Energy = 4.6630548102809382 dE = -3.69685E-02
SCF Iteration 164: Energy = 4.7000232985938695 dE =  3.69685E-02
SCF Iteration 165: Energy = 4.6630548026213479 dE = -3.69685E-02
SCF Iteration 166: Energy = 4.7000232919785194 dE =  3.69685E-02
SCF Iteration 167: Energy = 4.6630547962937605 dE = -3.69685E-02
SCF Iteration 168: Energy = 4.7000232865135771 dE =  3.69685E-02
SCF Iteration 169: Energy = 4.6630547910665232 dE = -3.69685E-02
SCF Iteration 170: Energy = 4.7000232819989840 dE =  3.69685E-02
SCF Iteration 171: Energy = 4.6630547867482930 dE = -3.69685E-02
SCF Iteration 172: Energy = 4.7000232782694660 dE =  3.69685E-02
SCF Iteration 173: Energy = 4.6630547831809981 dE = -3.69685E-02
SCF Iteration 174: Energy = 4.7000232751885047 dE =  3.69685E-02
SCF Iteration 175: Energy = 4.6630547802340612 dE = -3.69685E-02
SCF Iteration 176: Energy = 4.7000232726433158 dE =  3.69685E-02
SCF Iteration 177: Energy = 4.6630547777995748 dE = -3.69685E-02
SCF Iteration 178: Energy = 4.7000232705407381 dE =  3.69685E-02
SCF Iteration 179: Energy = 4.6630547757884555 dE = -3.69685E-02
SCF Iteration 180: Energy = 4.7000232688038004 dE =  3.69685E-02
SCF Iteration 181: Energy = 4.6630547741270600 dE = -3.69685E-02
SCF Iteration 182: Energy = 4.7000232673688922 dE =  3.69685E-02
SCF Iteration 183: Energy = 4.6630547727545810 dE = -3.69685E-02
SCF Iteration 184: Energy = 4.7000232661835266 dE =  3.69685E-02
SCF Iteration 185: Energy = 4.6630547716207698 dE = -3.69685E-02
SCF Iteration 186: Energy = 4.7000232652043001 dE =  3.69685E-02
SCF Iteration 187: Energy = 4.6630547706841288 dE = -3.69685E-02
SCF Iteration 188: Energy = 4.7000232643953570 dE =  3.69685E-02
SCF Iteration 189: Energy = 4.6630547699103762 dE = -3.69685E-02
SCF Iteration 190: Energy = 4.7000232637270791 dE =  3.69685E-02
SCF Iteration 191: Energy = 4.6630547692711701 dE = -3.69685E-02
SCF Iteration 192: Energy = 4.7000232631750372 dE =  3.69685E-02
SCF Iteration 193: Energy = 4.6630547687431285 dE = -3.69685E-02
SCF Iteration 194: Energy = 4.7000232627189646 dE =  3.69685E-02
SCF Iteration 195: Energy = 4.6630547683069015 dE = -3.69685E-02
SCF Iteration 196: Energy = 4.7000232623422145 dE =  3.69685E-02
SCF Iteration 197: Energy = 4.6630547679465479 dE = -3.69685E-02
SCF Iteration 198: Energy = 4.7000232620309790 dE =  3.69685E-02
SCF Iteration 199: Energy = 4.6630547676488501 dE = -3.69685E-02
SCF Iteration 200: Energy = 4.7000232617738646 dE =  3.69685E-02
SCF Iteration 201: Energy = 4.6630547674029170 dE = -3.69685E-02
SCF Iteration 202: Energy = 4.7000232615614674 dE =  3.69685E-02
SCF Iteration 203: Energy = 4.6630547671997515 dE = -3.69685E-02
SCF Iteration 204: Energy = 4.7000232613860105 dE =  3.69685E-02
SCF Iteration 205: Energy = 4.6630547670319267 dE = -3.69685E-02
SCF Iteration 206: Energy = 4.7000232612410588 dE =  3.69685E-02
SCF Iteration 207: Energy = 4.6630547668932785 dE = -3.69685E-02
SCF Iteration 208: Energy = 4.7000232611213022 dE =  3.69685E-02
SCF Iteration 209: Energy = 4.6630547667787496 dE = -3.69685E-02
SCF Iteration 210: Energy = 4.7000232610223884 dE =  3.69685E-02
SCF Iteration 211: Energy = 4.6630547666841222 dE = -3.69685E-02
SCF Iteration 212: Energy = 4.7000232609406716 dE =  3.69685E-02
SCF Iteration 213: Energy = 4.6630547666059723 dE = -3.69685E-02
SCF Iteration 214: Energy = 4.7000232608731647 dE =  3.69685E-02
SCF Iteration 215: Energy = 4.6630547665413919 dE = -3.69685E-02
SCF Iteration 216: Energy = 4.7000232608173960 dE =  3.69685E-02
SCF Iteration 217: Energy = 4.6630547664880515 dE = -3.69685E-02
SCF Iteration 218: Energy = 4.7000232607713279 dE =  3.69685E-02
SCF Iteration 219: Energy = 4.6630547664439845 dE = -3.69685E-02
SCF Iteration 220: Energy = 4.7000232607332784 dE =  3.69685E-02
SCF Iteration 221: Energy = 4.6630547664075834 dE = -3.69685E-02
SCF Iteration 222: Energy = 4.7000232607018226 dE =  3.69685E-02
SCF Iteration 223: Energy = 4.6630547663775079 dE = -3.69685E-02
SCF Iteration 224: Energy = 4.7000232606758665 dE =  3.69685E-02
SCF Iteration 225: Energy = 4.6630547663526727 dE = -3.69685E-02
SCF Iteration 226: Energy = 4.7000232606543992 dE =  3.69685E-02
SCF Iteration 227: Energy = 4.6630547663321451 dE = -3.69685E-02
SCF Iteration 228: Energy = 4.7000232606366792 dE =  3.69685E-02
SCF Iteration 229: Energy = 4.6630547663151933 dE = -3.69685E-02
SCF Iteration 230: Energy = 4.7000232606220322 dE =  3.69685E-02
SCF Iteration 231: Energy = 4.6630547663011779 dE = -3.69685E-02
SCF Iteration 232: Energy = 4.7000232606099459 dE =  3.69685E-02
SCF Iteration 233: Energy = 4.6630547662896156 dE = -3.69685E-02
SCF Iteration 234: Energy = 4.7000232605999503 dE =  3.69685E-02
SCF Iteration 235: Energy = 4.6630547662800579 dE = -3.69685E-02
SCF Iteration 236: Energy = 4.7000232605916903 dE =  3.69685E-02
SCF Iteration 237: Energy = 4.6630547662721558 dE = -3.69685E-02
SCF Iteration 238: Energy = 4.7000232605848682 dE =  3.69685E-02
SCF Iteration 239: Energy = 4.6630547662656374 dE = -3.69685E-02
SCF Iteration 240: Energy = 4.7000232605792354 dE =  3.69685E-02
SCF Iteration 241: Energy = 4.6630547662602524 dE = -3.69685E-02
SCF Iteration 242: Energy = 4.7000232605745875 dE =  3.69685E-02
SCF Iteration 243: Energy = 4.6630547662557911 dE = -3.69685E-02
SCF Iteration 244: Energy = 4.7000232605707346 dE =  3.69685E-02
SCF Iteration 245: Energy = 4.6630547662521211 dE = -3.69685E-02
SCF Iteration 246: Energy = 4.7000232605675665 dE =  3.69685E-02
SCF Iteration 247: Energy = 4.6630547662490809 dE = -3.69685E-02
SCF Iteration 248: Energy = 4.7000232605649419 dE =  3.69685E-02
SCF Iteration 249: Energy = 4.6630547662465798 dE = -3.69685E-02
SCF Iteration 250: Energy = 4.7000232605627712 dE =  3.69685E-02
SCF Iteration 251: Energy = 4.6630547662444890 dE = -3.69685E-02
SCF Iteration 252: Energy = 4.7000232605609895 dE =  3.69685E-02
SCF Iteration 253: Energy = 4.6630547662427855 dE = -3.69685E-02
SCF Iteration 254: Energy = 4.7000232605595098 dE =  3.69685E-02
SCF Iteration 255: Energy = 4.6630547662413733 dE = -3.69685E-02
SCF Iteration 256: Energy = 4.7000232605582699 dE =  3.69685E-02
SCF Iteration 257: Energy = 4.6630547662401991 dE = -3.69685E-02
SCF Iteration 258: Energy = 4.7000232605572654 dE =  3.69685E-02
SCF Iteration 259: Energy = 4.6630547662392301 dE = -3.69685E-02
SCF Iteration 260: Energy = 4.7000232605564349 dE =  3.69685E-02
SCF Iteration 261: Energy = 4.6630547662384387 dE = -3.69685E-02
SCF Iteration 262: Energy = 4.7000232605557510 dE =  3.69685E-02
SCF Iteration 263: Energy = 4.6630547662377850 dE = -3.69685E-02
SCF Iteration 264: Energy = 4.7000232605551862 dE =  3.69685E-02
SCF Iteration 265: Energy = 4.6630547662372450 dE = -3.69685E-02
SCF Iteration 266: Energy = 4.7000232605547083 dE =  3.69685E-02
SCF Iteration 267: Energy = 4.6630547662367947 dE = -3.69685E-02
SCF Iteration 268: Energy = 4.7000232605543193 dE =  3.69685E-02
SCF Iteration 269: Energy = 4.6630547662364092 dE = -3.69685E-02
SCF Iteration 270: Energy = 4.7000232605539942 dE =  3.69685E-02
SCF Iteration 271: Energy = 4.6630547662361064 dE = -3.69685E-02
SCF Iteration 272: Energy = 4.7000232605537269 dE =  3.69685E-02
SCF Iteration 273: Energy = 4.6630547662358479 dE = -3.69685E-02
SCF Iteration 274: Energy = 4.7000232605535155 dE =  3.69685E-02
SCF Iteration 275: Energy = 4.6630547662356463 dE = -3.69685E-02
SCF Iteration 276: Energy = 4.7000232605533414 dE =  3.69685E-02
SCF Iteration 277: Energy = 4.6630547662354722 dE = -3.69685E-02
SCF Iteration 278: Energy = 4.7000232605531842 dE =  3.69685E-02
SCF Iteration 279: Energy = 4.6630547662353319 dE = -3.69685E-02
SCF Iteration 280: Energy = 4.7000232605530616 dE =  3.69685E-02
SCF Iteration 281: Energy = 4.6630547662352111 dE = -3.69685E-02
SCF Iteration 282: Energy = 4.7000232605529568 dE =  3.69685E-02
SCF Iteration 283: Energy = 4.6630547662351178 dE = -3.69685E-02
SCF Iteration 284: Energy = 4.7000232605528698 dE =  3.69685E-02
SCF Iteration 285: Energy = 4.6630547662350210 dE = -3.69685E-02
SCF Iteration 286: Energy = 4.7000232605527952 dE =  3.69685E-02
SCF Iteration 287: Energy = 4.6630547662349588 dE = -3.69685E-02
SCF Iteration 288: Energy = 4.7000232605527410 dE =  3.69685E-02
SCF Iteration 289: Energy = 4.6630547662349091 dE = -3.69685E-02
SCF Iteration 290: Energy = 4.7000232605527019 dE =  3.69685E-02
SCF Iteration 291: Energy = 4.6630547662348674 dE = -3.69685E-02
SCF Iteration 292: Energy = 4.7000232605526620 dE =  3.69685E-02
SCF Iteration 293: Energy = 4.6630547662348247 dE = -3.69685E-02
SCF Iteration 294: Energy = 4.7000232605526264 dE =  3.69685E-02
SCF Iteration 295: Energy = 4.6630547662347990 dE = -3.69685E-02
SCF Iteration 296: Energy = 4.7000232605525980 dE =  3.69685E-02
SCF Iteration 297: Energy = 4.6630547662347643 dE = -3.69685E-02
SCF Iteration 298: Energy = 4.7000232605525802 dE =  3.69685E-02
SCF Iteration 299: Energy = 4.6630547662347501 dE = -3.69685E-02
SCF Iteration 300: Energy = 4.7000232605525518 dE =  3.69685E-02
SCF Iteration 301: Energy = 4.6630547662347270 dE = -3.69685E-02
SCF Iteration 302: Energy = 4.7000232605525412 dE =  3.69685E-02
SCF Iteration 303: Energy = 4.6630547662347057 dE = -3.69685E-02
SCF Iteration 304: Energy = 4.7000232605525198 dE =  3.69685E-02
SCF Iteration 305: Energy = 4.6630547662346995 dE = -3.69685E-02
SCF Iteration 306: Energy = 4.7000232605525127 dE =  3.69685E-02
SCF Iteration 307: Energy = 4.6630547662346826 dE = -3.69685E-02
SCF Iteration 308: Energy = 4.7000232605525056 dE =  3.69685E-02
SCF Iteration 309: Energy = 4.6630547662346835 dE = -3.69685E-02
SCF Iteration 310: Energy = 4.7000232605524985 dE =  3.69685E-02
SCF Iteration 311: Energy = 4.6630547662346675 dE = -3.69685E-02
SCF Iteration 312: Energy = 4.7000232605524888 dE =  3.69685E-02
SCF Iteration 313: Energy = 4.6630547662346640 dE = -3.69685E-02
SCF Iteration 314: Energy = 4.7000232605524834 dE =  3.69685E-02
SCF Iteration 315: Energy = 4.6630547662346586 dE = -3.69685E-02
SCF Iteration 316: Energy = 4.7000232605524852 dE =  3.69685E-02
SCF Iteration 317: Energy = 4.6630547662346524 dE = -3.69685E-02
SCF Iteration 318: Energy = 4.7000232605524772 dE =  3.69685E-02
SCF Iteration 319: Energy = 4.6630547662346533 dE = -3.69685E-02
SCF Iteration 320: Energy = 4.7000232605524790 dE =  3.69685E-02
SCF Iteration 321: Energy = 4.6630547662346453 dE = -3.69685E-02
SCF Iteration 322: Energy = 4.7000232605524737 dE =  3.69685E-02
SCF Iteration 323: Energy = 4.6630547662346418 dE = -3.69685E-02
SCF Iteration 324: Energy = 4.7000232605524754 dE =  3.69685E-02
SCF Iteration 325: Energy = 4.6630547662346480 dE = -3.69685E-02
SCF Iteration 326: Energy = 4.7000232605524710 dE =  3.69685E-02
SCF Iteration 327: Energy = 4.6630547662346435 dE = -3.69685E-02
SCF Iteration 328: Energy = 4.7000232605524648 dE =  3.69685E-02
SCF Iteration 329: Energy = 4.6630547662346444 dE = -3.69685E-02
SCF Iteration 330: Energy = 4.7000232605524683 dE =  3.69685E-02
SCF Iteration 331: Energy = 4.6630547662346462 dE = -3.69685E-02
SCF Iteration 332: Energy = 4.7000232605524683 dE =  3.69685E-02
SCF Iteration 333: Energy = 4.6630547662346515 dE = -3.69685E-02
SCF Iteration 334: Energy = 4.7000232605524683 dE =  3.69685E-02
SCF Iteration 335: Energy = 4.6630547662346409 dE = -3.69685E-02
SCF Iteration 336: Energy = 4.7000232605524666 dE =  3.69685E-02
SCF Iteration 337: Energy = 4.6630547662346373 dE = -3.69685E-02
SCF Iteration 338: Energy = 4.7000232605524630 dE =  3.69685E-02
SCF Iteration 339: Energy = 4.6630547662346453 dE = -3.69685E-02
SCF Iteration 340: Energy = 4.7000232605524683 dE =  3.69685E-02
SCF Iteration 341: Energy = 4.6630547662346418 dE = -3.69685E-02
SCF Iteration 342: Energy = 4.7000232605524568 dE =  3.69685E-02
SCF Iteration 343: Energy = 4.6630547662346480 dE = -3.69685E-02
SCF Iteration 344: Energy = 4.7000232605524674 dE =  3.69685E-02
SCF Iteration 345: Energy = 4.6630547662346427 dE = -3.69685E-02
SCF Iteration 346: Energy = 4.7000232605524559 dE =  3.69685E-02
SCF Iteration 347: Energy = 4.6630547662346356 dE = -3.69685E-02
SCF Iteration 348: Energy = 4.7000232605524594 dE =  3.69685E-02
SCF Iteration 349: Energy = 4.6630547662346400 dE = -3.69685E-02
SCF Iteration 350: Energy = 4.7000232605524648 dE =  3.69685E-02
SCF Iteration 351: Energy = 4.6630547662346427 dE = -3.69685E-02
SCF Iteration 352: Energy = 4.7000232605524666 dE =  3.69685E-02
SCF Iteration 353: Energy = 4.6630547662346373 dE = -3.69685E-02
SCF Iteration 354: Energy = 4.7000232605524568 dE =  3.69685E-02
SCF Iteration 355: Energy = 4.6630547662346391 dE = -3.69685E-02
SCF Iteration 356: Energy = 4.7000232605524559 dE =  3.69685E-02
SCF Iteration 357: Energy = 4.6630547662346293 dE = -3.69685E-02
SCF Iteration 358: Energy = 4.7000232605524532 dE =  3.69685E-02
SCF Iteration 359: Energy = 4.6630547662346196 dE = -3.69685E-02
SCF Iteration 360: Energy = 4.7000232605524594 dE =  3.69685E-02
SCF Iteration 361: Energy = 4.6630547662346284 dE = -3.69685E-02
SCF Iteration 362: Energy = 4.7000232605524559 dE =  3.69685E-02
SCF Iteration 363: Energy = 4.6630547662346302 dE = -3.69685E-02
SCF Iteration 364: Energy = 4.7000232605524550 dE =  3.69685E-02
SCF Iteration 365: Energy = 4.6630547662346320 dE = -3.69685E-02
SCF Iteration 366: Energy = 4.7000232605524648 dE =  3.69685E-02
SCF Iteration 367: Energy = 4.6630547662346311 dE = -3.69685E-02
SCF Iteration 368: Energy = 4.7000232605524657 dE =  3.69685E-02
SCF Iteration 369: Energy = 4.6630547662346409 dE = -3.69685E-02
SCF Iteration 370: Energy = 4.7000232605524692 dE =  3.69685E-02
SCF Iteration 371: Energy = 4.6630547662346409 dE = -3.69685E-02
SCF Iteration 372: Energy = 4.7000232605524639 dE =  3.69685E-02
SCF Iteration 373: Energy = 4.6630547662346427 dE = -3.69685E-02
SCF Iteration 374: Energy = 4.7000232605524630 dE =  3.69685E-02
SCF Iteration 375: Energy = 4.6630547662346418 dE = -3.69685E-02
SCF Iteration 376: Energy = 4.7000232605524683 dE =  3.69685E-02
SCF Iteration 377: Energy = 4.6630547662346462 dE = -3.69685E-02
SCF Iteration 378: Energy = 4.7000232605524719 dE =  3.69685E-02
SCF Iteration 379: Energy = 4.6630547662346471 dE = -3.69685E-02
SCF Iteration 380: Energy = 4.7000232605524683 dE =  3.69685E-02
SCF Iteration 381: Energy = 4.6630547662346338 dE = -3.69685E-02
SCF Iteration 382: Energy = 4.7000232605524603 dE =  3.69685E-02
SCF Iteration 383: Energy = 4.6630547662346382 dE = -3.69685E-02
SCF Iteration 384: Energy = 4.7000232605524639 dE =  3.69685E-02
SCF Iteration 385: Energy = 4.6630547662346338 dE = -3.69685E-02
SCF Iteration 386: Energy = 4.7000232605524648 dE =  3.69685E-02
SCF Iteration 387: Energy = 4.6630547662346347 dE = -3.69685E-02
SCF Iteration 388: Energy = 4.7000232605524683 dE =  3.69685E-02
SCF Iteration 389: Energy = 4.6630547662346391 dE = -3.69685E-02
SCF Iteration 390: Energy = 4.7000232605524710 dE =  3.69685E-02
SCF Iteration 391: Energy = 4.6630547662346480 dE = -3.69685E-02
SCF Iteration 392: Energy = 4.7000232605524666 dE =  3.69685E-02
SCF Iteration 393: Energy = 4.6630547662346480 dE = -3.69685E-02
SCF Iteration 394: Energy = 4.7000232605524683 dE =  3.69685E-02
SCF Iteration 395: Energy = 4.6630547662346480 dE = -3.69685E-02
SCF Iteration 396: Energy = 4.7000232605524648 dE =  3.69685E-02
SCF Iteration 397: Energy = 4.6630547662346453 dE = -3.69685E-02
SCF Iteration 398: Energy = 4.7000232605524666 dE =  3.69685E-02
SCF Iteration 399: Energy = 4.6630547662346364 dE = -3.69685E-02
SCF Iteration 400: Energy = 4.7000232605524683 dE =  3.69685E-02
SCF Iteration 401: Energy = 4.6630547662346444 dE = -3.69685E-02
SCF Iteration 402: Energy = 4.7000232605524666 dE =  3.69685E-02
SCF Iteration 403: Energy = 4.6630547662346515 dE = -3.69685E-02
SCF Iteration 404: Energy = 4.7000232605524612 dE =  3.69685E-02
SCF Iteration 405: Energy = 4.6630547662346391 dE = -3.69685E-02
SCF Iteration 406: Energy = 4.7000232605524594 dE =  3.69685E-02
SCF Iteration 407: Energy = 4.6630547662346364 dE = -3.69685E-02
SCF Iteration 408: Energy = 4.7000232605524577 dE =  3.69685E-02
SCF Iteration 409: Energy = 4.6630547662346320 dE = -3.69685E-02
SCF Iteration 410: Energy = 4.7000232605524497 dE =  3.69685E-02
SCF Iteration 411: Energy = 4.6630547662346356 dE = -3.69685E-02
SCF Iteration 412: Energy = 4.7000232605524523 dE =  3.69685E-02
SCF Iteration 413: Energy = 4.6630547662346356 dE = -3.69685E-02
SCF Iteration 414: Energy = 4.7000232605524559 dE =  3.69685E-02
SCF Iteration 415: Energy = 4.6630547662346320 dE = -3.69685E-02
SCF Iteration 416: Energy = 4.7000232605524603 dE =  3.69685E-02
SCF Iteration 417: Energy = 4.6630547662346338 dE = -3.69685E-02
SCF Iteration 418: Energy = 4.7000232605524648 dE =  3.69685E-02
SCF Iteration 419: Energy = 4.6630547662346409 dE = -3.69685E-02
SCF Iteration 420: Energy = 4.7000232605524630 dE =  3.69685E-02
SCF Iteration 421: Energy = 4.6630547662346373 dE = -3.69685E-02
SCF Iteration 422: Energy = 4.7000232605524594 dE =  3.69685E-02
SCF Iteration 423: Energy = 4.6630547662346356 dE = -3.69685E-02
SCF Iteration 424: Energy = 4.7000232605524630 dE =  3.69685E-02
SCF Iteration 425: Energy = 4.6630547662346320 dE = -3.69685E-02
SCF Iteration 426: Energy = 4.7000232605524594 dE =  3.69685E-02
SCF Iteration 427: Energy = 4.6630547662346320 dE = -3.69685E-02
SCF Iteration 428: Energy = 4.7000232605524612 dE =  3.69685E-02
SCF Iteration 429: Energy = 4.6630547662346320 dE = -3.69685E-02
SCF Iteration 430: Energy = 4.7000232605524586 dE =  3.69685E-02
SCF Iteration 431: Energy = 4.6630547662346364 dE = -3.69685E-02
SCF Iteration 432: Energy = 4.7000232605524612 dE =  3.69685E-02
SCF Iteration 433: Energy = 4.6630547662346320 dE = -3.69685E-02
SCF Iteration 434: Energy = 4.7000232605524559 dE =  3.69685E-02
SCF Iteration 435: Energy = 4.6630547662346302 dE = -3.69685E-02
SCF Iteration 436: Energy = 4.7000232605524586 dE =  3.69685E-02
SCF Iteration 437: Energy = 4.6630547662346347 dE = -3.69685E-02
SCF Iteration 438: Energy = 4.7000232605524559 dE =  3.69685E-02
SCF Iteration 439: Energy = 4.6630547662346320 dE = -3.69685E-02
SCF Iteration 440: Energy = 4.7000232605524737 dE =  3.69685E-02
SCF Iteration 441: Energy = 4.6630547662346364 dE = -3.69685E-02
SCF Iteration 442: Energy = 4.7000232605524594 dE =  3.69685E-02
SCF Iteration 443: Energy = 4.6630547662346338 dE = -3.69685E-02
SCF Iteration 444: Energy = 4.7000232605524657 dE =  3.69685E-02
SCF Iteration 445: Energy = 4.6630547662346329 dE = -3.69685E-02
SCF Iteration 446: Energy = 4.7000232605524577 dE =  3.69685E-02
SCF Iteration 447: Energy = 4.6630547662346338 dE = -3.69685E-02
SCF Iteration 448: Energy = 4.7000232605524666 dE =  3.69685E-02
SCF Iteration 449: Energy = 4.6630547662346338 dE = -3.69685E-02
SCF Iteration 450: Energy = 4.7000232605524692 dE =  3.69685E-02
SCF Iteration 451: Energy = 4.6630547662346382 dE = -3.69685E-02
SCF Iteration 452: Energy = 4.7000232605524630 dE =  3.69685E-02
SCF Iteration 453: Energy = 4.6630547662346373 dE = -3.69685E-02
SCF Iteration 454: Energy = 4.7000232605524683 dE =  3.69685E-02
SCF Iteration 455: Energy = 4.6630547662346506 dE = -3.69685E-02
SCF Iteration 456: Energy = 4.7000232605524657 dE =  3.69685E-02
SCF Iteration 457: Energy = 4.6630547662346444 dE = -3.69685E-02
SCF Iteration 458: Energy = 4.7000232605524683 dE =  3.69685E-02
SCF Iteration 459: Energy = 4.6630547662346498 dE = -3.69685E-02
SCF Iteration 460: Energy = 4.7000232605524612 dE =  3.69685E-02
SCF Iteration 461: Energy = 4.6630547662346373 dE = -3.69685E-02
SCF Iteration 462: Energy = 4.7000232605524701 dE =  3.69685E-02
SCF Iteration 463: Energy = 4.6630547662346400 dE = -3.69685E-02
SCF Iteration 464: Energy = 4.7000232605524630 dE =  3.69685E-02
SCF Iteration 465: Energy = 4.6630547662346427 dE = -3.69685E-02
SCF Iteration 466: Energy = 4.7000232605524612 dE =  3.69685E-02
SCF Iteration 467: Energy = 4.6630547662346382 dE = -3.69685E-02
SCF Iteration 468: Energy = 4.7000232605524710 dE =  3.69685E-02
SCF Iteration 469: Energy = 4.6630547662346364 dE = -3.69685E-02
SCF Iteration 470: Energy = 4.7000232605524648 dE =  3.69685E-02
SCF Iteration 471: Energy = 4.6630547662346329 dE = -3.69685E-02
SCF Iteration 472: Energy = 4.7000232605524523 dE =  3.69685E-02
SCF Iteration 473: Energy = 4.6630547662346302 dE = -3.69685E-02
SCF Iteration 474: Energy = 4.7000232605524612 dE =  3.69685E-02
SCF Iteration 475: Energy = 4.6630547662346391 dE = -3.69685E-02
SCF Iteration 476: Energy = 4.7000232605524630 dE =  3.69685E-02
SCF Iteration 477: Energy = 4.6630547662346444 dE = -3.69685E-02
SCF Iteration 478: Energy = 4.7000232605524630 dE =  3.69685E-02
SCF Iteration 479: Energy = 4.6630547662346400 dE = -3.69685E-02
SCF Iteration 480: Energy = 4.7000232605524657 dE =  3.69685E-02
SCF Iteration 481: Energy = 4.6630547662346338 dE = -3.69685E-02
SCF Iteration 482: Energy = 4.7000232605524594 dE =  3.69685E-02
SCF Iteration 483: Energy = 4.6630547662346302 dE = -3.69685E-02
SCF Iteration 484: Energy = 4.7000232605524612 dE =  3.69685E-02
SCF Iteration 485: Energy = 4.6630547662346373 dE = -3.69685E-02
SCF Iteration 486: Energy = 4.7000232605524506 dE =  3.69685E-02
SCF Iteration 487: Energy = 4.6630547662346320 dE = -3.69685E-02
SCF Iteration 488: Energy = 4.7000232605524541 dE =  3.69685E-02
SCF Iteration 489: Energy = 4.6630547662346284 dE = -3.69685E-02
SCF Iteration 490: Energy = 4.7000232605524550 dE =  3.69685E-02
SCF Iteration 491: Energy = 4.6630547662346373 dE = -3.69685E-02
SCF Iteration 492: Energy = 4.7000232605524586 dE =  3.69685E-02
SCF Iteration 493: Energy = 4.6630547662346302 dE = -3.69685E-02
SCF Iteration 494: Energy = 4.7000232605524559 dE =  3.69685E-02
SCF Iteration 495: Energy = 4.6630547662346320 dE = -3.69685E-02
SCF Iteration 496: Energy = 4.7000232605524674 dE =  3.69685E-02
SCF Iteration 497: Energy = 4.6630547662346356 dE = -3.69685E-02
SCF Iteration 498: Energy = 4.7000232605524639 dE =  3.69685E-02
SCF Iteration 499: Energy = 4.6630547662346338 dE = -3.69685E-02
SCF Iteration 500: Energy = 4.7000232605524506 dE =  3.69685E-02
