
  Memory set to  55.879 GiB by Python driver.
  Threads set to 1 by Python driver.
Settings:
	LOT = CCSD-S2-U22
	wc = 20.0 eV
	lambda = [0.848697 0.       0.      ] a.u.
	Equivalent A0 = LAMBDA / sqrt(2 wc) = [0.7 0.  0. ])
doing QED-CCSD-Full (or QED-CCSD-22)
Number of occupied orbitals:   1
Number of basis functions:  60
SCF Iteration   1: Energy = 5.9107680136802552 dE =  5.91077E+00
SCF Iteration   2: Energy = 6.2966816059275752 dE =  3.85914E-01
SCF Iteration   3: Energy = 6.0794952279392263 dE = -2.17186E-01
SCF Iteration   4: Energy = 6.2733177087306045 dE =  1.93822E-01
SCF Iteration   5: Energy = 6.1856400785399481 dE = -8.76776E-02
SCF Iteration   6: Energy = 6.2844624730764496 dE =  9.88224E-02
SCF Iteration   7: Energy = 6.2408530378017568 dE = -4.36094E-02
SCF Iteration   8: Energy = 6.2952022926562146 dE =  5.43493E-02
SCF Iteration   9: Energy = 6.2678521801322669 dE = -2.73501E-02
SCF Iteration  10: Energy = 6.3005228124744432 dE =  3.26706E-02
SCF Iteration  11: Energy = 6.2795727251515538 dE = -2.09501E-02
SCF Iteration  12: Energy = 6.3010613219645384 dE =  2.14886E-02
SCF Iteration  13: Energy = 6.2827828516038116 dE = -1.82785E-02
SCF Iteration  14: Energy = 6.2982362378115795 dE =  1.54534E-02
SCF Iteration  15: Energy = 6.2811711811694435 dE = -1.70651E-02
SCF Iteration  16: Energy = 6.2932950754381780 dE =  1.21239E-02
SCF Iteration  17: Energy = 6.2768718977834963 dE = -1.64232E-02
SCF Iteration  18: Energy = 6.2871774101797078 dE =  1.03055E-02
SCF Iteration  19: Energy = 6.2711775115639314 dE = -1.59999E-02
SCF Iteration  20: Energy = 6.2805464634407189 dE =  9.36895E-03
SCF Iteration  21: Energy = 6.2648889071253357 dE = -1.56576E-02
SCF Iteration  22: Energy = 6.2738489346649144 dE =  8.96003E-03
SCF Iteration  23: Energy = 6.2585025155676171 dE = -1.53464E-02
SCF Iteration  24: Energy = 6.2673711363775730 dE =  8.86862E-03
SCF Iteration  25: Energy = 6.2523193016044205 dE = -1.50518E-02
SCF Iteration  26: Energy = 6.2612846663487352 dE =  8.96536E-03
SCF Iteration  27: Energy = 6.2465125953926037 dE = -1.47721E-02
SCF Iteration  28: Energy = 6.2556814021089044 dE =  9.16881E-03
SCF Iteration  29: Energy = 6.2411721958145288 dE = -1.45092E-02
SCF Iteration  30: Energy = 6.2505993835488054 dE =  9.42719E-03
SCF Iteration  31: Energy = 6.2363337606962270 dE = -1.42656E-02
SCF Iteration  32: Energy = 6.2460414776177631 dE =  9.70772E-03
SCF Iteration  33: Energy = 6.2319986097516011 dE = -1.40429E-02
SCF Iteration  34: Energy = 6.2419885601933709 dE =  9.98995E-03
SCF Iteration  35: Energy = 6.2281470901289735 dE = -1.38415E-02
SCF Iteration  36: Energy = 6.2384086467175761 dE =  1.02616E-02
SCF Iteration  37: Energy = 6.2247475496707390 dE = -1.36611E-02
SCF Iteration  38: Energy = 6.2352630894040457 dE =  1.05155E-02
SCF Iteration  39: Energy = 6.2217622925689220 dE = -1.35008E-02
SCF Iteration  40: Energy = 6.2325106846088687 dE =  1.07484E-02
SCF Iteration  41: Energy = 6.2191514600085762 dE = -1.33592E-02
SCF Iteration  42: Energy = 6.2301103125007762 dE =  1.09589E-02
SCF Iteration  43: Energy = 6.2168754887469797 dE = -1.32348E-02
SCF Iteration  44: Energy = 6.2280225602118700 dE =  1.11471E-02
SCF Iteration  45: Energy = 6.2148966018140088 dE = -1.31260E-02
SCF Iteration  46: Energy = 6.2262106514124103 dE =  1.13140E-02
SCF Iteration  47: Energy = 6.2131796473517324 dE = -1.30310E-02
SCF Iteration  48: Energy = 6.2246409109251237 dE =  1.14613E-02
SCF Iteration  49: Energy = 6.2116925049547742 dE = -1.29484E-02
SCF Iteration  50: Energy = 6.2232829245809240 dE =  1.15904E-02
SCF Iteration  51: Energy = 6.2104062110964575 dE = -1.28767E-02
SCF Iteration  52: Energy = 6.2221095054315922 dE =  1.17033E-02
SCF Iteration  53: Energy = 6.2092949077041029 dE = -1.28146E-02
SCF Iteration  54: Energy = 6.2210965425235978 dE =  1.18016E-02
SCF Iteration  55: Energy = 6.2083356846874596 dE = -1.27609E-02
SCF Iteration  56: Energy = 6.2202227837999038 dE =  1.18871E-02
SCF Iteration  57: Energy = 6.2075083640188629 dE = -1.27144E-02
SCF Iteration  58: Energy = 6.2194695874360351 dE =  1.19612E-02
SCF Iteration  59: Energy = 6.2067952568412990 dE = -1.26743E-02
SCF Iteration  60: Energy = 6.2188206639203907 dE =  1.20254E-02
SCF Iteration  61: Energy = 6.2061809139457660 dE = -1.26397E-02
SCF Iteration  62: Energy = 6.2182618229199882 dE =  1.20809E-02
SCF Iteration  63: Energy = 6.2056518823234681 dE = -1.26099E-02
SCF Iteration  64: Energy = 6.2177807333358022 dE =  1.21289E-02
SCF Iteration  65: Energy = 6.2051964753144553 dE = -1.25843E-02
SCF Iteration  66: Energy = 6.2173667011556821 dE =  1.21702E-02
SCF Iteration  67: Energy = 6.2048045603988440 dE = -1.25621E-02
SCF Iteration  68: Energy = 6.2170104672030932 dE =  1.22059E-02
SCF Iteration  69: Energy = 6.2044673663877346 dE = -1.25431E-02
SCF Iteration  70: Energy = 6.2167040252576102 dE =  1.22367E-02
SCF Iteration  71: Energy = 6.2041773103005653 dE = -1.25267E-02
SCF Iteration  72: Energy = 6.2164404600117900 dE =  1.22631E-02
SCF Iteration  73: Energy = 6.2039278433044585 dE = -1.25126E-02
SCF Iteration  74: Energy = 6.2162138037320576 dE =  1.22860E-02
SCF Iteration  75: Energy = 6.2037133145600851 dE = -1.25005E-02
SCF Iteration  76: Energy = 6.2160189101720373 dE =  1.23056E-02
SCF Iteration  77: Energy = 6.2035288515408151 dE = -1.24901E-02
SCF Iteration  78: Energy = 6.2158513441506749 dE =  1.23225E-02
SCF Iteration  79: Energy = 6.2033702552797498 dE = -1.24811E-02
SCF Iteration  80: Energy = 6.2157072851883983 dE =  1.23370E-02
SCF Iteration  81: Energy = 6.2032339089946102 dE = -1.24734E-02
SCF Iteration  82: Energy = 6.2155834436488400 dE =  1.23495E-02
SCF Iteration  83: Energy = 6.2031166985990813 dE = -1.24667E-02
SCF Iteration  84: Energy = 6.2154769879289340 dE =  1.23603E-02
SCF Iteration  85: Energy = 6.2030159437071699 dE = -1.24610E-02
SCF Iteration  86: Energy = 6.2153854813584086 dE =  1.23695E-02
SCF Iteration  87: Energy = 6.2029293378521189 dE = -1.24561E-02
SCF Iteration  88: Energy = 6.2153068275959500 dE =  1.23775E-02
SCF Iteration  89: Energy = 6.2028548967650421 dE = -1.24519E-02
SCF Iteration  90: Energy = 6.2152392234358009 dE =  1.23843E-02
SCF Iteration  91: Energy = 6.2027909136794666 dE = -1.24483E-02
SCF Iteration  92: Energy = 6.2151811180597809 dE =  1.23902E-02
SCF Iteration  93: Energy = 6.2027359207451758 dE = -1.24452E-02
SCF Iteration  94: Energy = 6.2151311778836336 dE =  1.23953E-02
SCF Iteration  95: Energy = 6.2026886557429473 dE = -1.24425E-02
SCF Iteration  96: Energy = 6.2150882562498646 dE =  1.23996E-02
SCF Iteration  97: Energy = 6.2026480333903882 dE = -1.24402E-02
SCF Iteration  98: Energy = 6.2150513673134542 dE =  1.24033E-02
SCF Iteration  99: Energy = 6.2026131206194863 dE = -1.24382E-02
SCF Iteration 100: Energy = 6.2150196635508008 dE =  1.24065E-02
SCF Iteration 101: Energy = 6.2025831152851607 dE = -1.24365E-02
SCF Iteration 102: Energy = 6.2149924163962273 dE =  1.24093E-02
SCF Iteration 103: Energy = 6.2025573278355930 dE = -1.24351E-02
SCF Iteration 104: Energy = 6.2149689995765760 dE =  1.24117E-02
SCF Iteration 105: Energy = 6.2025351655370509 dE = -1.24338E-02
SCF Iteration 106: Energy = 6.2149488747713297 dE =  1.24137E-02
SCF Iteration 107: Energy = 6.2025161189005447 dE = -1.24328E-02
SCF Iteration 108: Energy = 6.2149315792767892 dE =  1.24155E-02
SCF Iteration 109: Energy = 6.2024997500055390 dE = -1.24318E-02
SCF Iteration 110: Energy = 6.2149167153955398 dE =  1.24170E-02
SCF Iteration 111: Energy = 6.2024856824571151 dE = -1.24310E-02
SCF Iteration 112: Energy = 6.2149039413117446 dE =  1.24183E-02
SCF Iteration 113: Energy = 6.2024735927493806 dE = -1.24303E-02
SCF Iteration 114: Energy = 6.2148929632448153 dE =  1.24194E-02
SCF Iteration 115: Energy = 6.2024632028392030 dE = -1.24298E-02
SCF Iteration 116: Energy = 6.2148835287031252 dE =  1.24203E-02
SCF Iteration 117: Energy = 6.2024542737609725 dE = -1.24293E-02
SCF Iteration 118: Energy = 6.2148754206840744 dE =  1.24211E-02
SCF Iteration 119: Energy = 6.2024466001372636 dE = -1.24288E-02
SCF Iteration 120: Energy = 6.2148684526880293 dE =  1.24219E-02
SCF Iteration 121: Energy = 6.2024400054596383 dE = -1.24284E-02
SCF Iteration 122: Energy = 6.2148624644321044 dE =  1.24225E-02
SCF Iteration 123: Energy = 6.2024343380321199 dE = -1.24281E-02
SCF Iteration 124: Energy = 6.2148573181659472 dE =  1.24230E-02
SCF Iteration 125: Energy = 6.2024294674841460 dE = -1.24279E-02
SCF Iteration 126: Energy = 6.2148528955048210 dE =  1.24234E-02
SCF Iteration 127: Energy = 6.2024252817734320 dE = -1.24276E-02
SCF Iteration 128: Energy = 6.2148490947076462 dE =  1.24238E-02
SCF Iteration 129: Energy = 6.2024216846096563 dE = -1.24274E-02
SCF Iteration 130: Energy = 6.2148458283375163 dE =  1.24241E-02
SCF Iteration 131: Energy = 6.2024185932403215 dE = -1.24272E-02
SCF Iteration 132: Energy = 6.2148430212508101 dE =  1.24244E-02
SCF Iteration 133: Energy = 6.2024159365477205 dE = -1.24271E-02
SCF Iteration 134: Energy = 6.2148406088690793 dE =  1.24247E-02
SCF Iteration 135: Energy = 6.2024136534132275 dE = -1.24270E-02
SCF Iteration 136: Energy = 6.2148385356936906 dE =  1.24249E-02
SCF Iteration 137: Energy = 6.2024116913115686 dE = -1.24268E-02
SCF Iteration 138: Energy = 6.2148367540292888 dE =  1.24251E-02
SCF Iteration 139: Energy = 6.2024100051027844 dE = -1.24267E-02
SCF Iteration 140: Energy = 6.2148352228867223 dE =  1.24252E-02
SCF Iteration 141: Energy = 6.2024085559937463 dE = -1.24267E-02
SCF Iteration 142: Energy = 6.2148339070401688 dE =  1.24254E-02
SCF Iteration 143: Energy = 6.2024073106458850 dE = -1.24266E-02
SCF Iteration 144: Energy = 6.2148327762168298 dE =  1.24255E-02
SCF Iteration 145: Energy = 6.2024062404082896 dE = -1.24265E-02
SCF Iteration 146: Energy = 6.2148318044004212 dE =  1.24256E-02
SCF Iteration 147: Energy = 6.2024053206586238 dE = -1.24265E-02
SCF Iteration 148: Energy = 6.2148309692328985 dE =  1.24256E-02
SCF Iteration 149: Energy = 6.2024045302366178 dE = -1.24264E-02
SCF Iteration 150: Energy = 6.2148302514998948 dE =  1.24257E-02
SCF Iteration 151: Energy = 6.2024038509573591 dE = -1.24264E-02
SCF Iteration 152: Energy = 6.2148296346887255 dE =  1.24258E-02
SCF Iteration 153: Energy = 6.2024032671929232 dE = -1.24264E-02
SCF Iteration 154: Energy = 6.2148291046086781 dE =  1.24258E-02
SCF Iteration 155: Energy = 6.2024027655128169 dE = -1.24263E-02
SCF Iteration 156: Energy = 6.2148286490643070 dE =  1.24259E-02
SCF Iteration 157: Energy = 6.2024023343750203 dE = -1.24263E-02
SCF Iteration 158: Energy = 6.2148282575750260 dE =  1.24259E-02
SCF Iteration 159: Energy = 6.2024019638604511 dE = -1.24263E-02
SCF Iteration 160: Energy = 6.2148279211339350 dE =  1.24260E-02
SCF Iteration 161: Energy = 6.2024016454447670 dE = -1.24263E-02
SCF Iteration 162: Energy = 6.2148276320005893 dE =  1.24260E-02
SCF Iteration 163: Energy = 6.2024013718022326 dE = -1.24263E-02
SCF Iteration 164: Energy = 6.2148273835229224 dE =  1.24260E-02
SCF Iteration 165: Energy = 6.2024011366372074 dE = -1.24262E-02
SCF Iteration 166: Energy = 6.2148271699843241 dE =  1.24260E-02
SCF Iteration 167: Energy = 6.2024009345392841 dE = -1.24262E-02
SCF Iteration 168: Energy = 6.2148269864718531 dE =  1.24261E-02
SCF Iteration 169: Energy = 6.2024007608588088 dE = -1.24262E-02
SCF Iteration 170: Energy = 6.2148268287635222 dE =  1.24261E-02
SCF Iteration 171: Energy = 6.2024006115999777 dE = -1.24262E-02
SCF Iteration 172: Energy = 6.2148266932309255 dE =  1.24261E-02
SCF Iteration 173: Energy = 6.2024004833287725 dE = -1.24262E-02
SCF Iteration 174: Energy = 6.2148265767558977 dE =  1.24261E-02
SCF Iteration 175: Energy = 6.2024003730940871 dE = -1.24262E-02
SCF Iteration 176: Energy = 6.2148264766586996 dE =  1.24261E-02
SCF Iteration 177: Energy = 6.2024002783597627 dE = -1.24262E-02
SCF Iteration 178: Energy = 6.2148263906363992 dE =  1.24261E-02
SCF Iteration 179: Energy = 6.2024001969462645 dE = -1.24262E-02
SCF Iteration 180: Energy = 6.2148263167099076 dE =  1.24261E-02
SCF Iteration 181: Energy = 6.2024001269805238 dE = -1.24262E-02
SCF Iteration 182: Energy = 6.2148262531784182 dE =  1.24261E-02
SCF Iteration 183: Energy = 6.2024000668528361 dE = -1.24262E-02
SCF Iteration 184: Energy = 6.2148261985802238 dE =  1.24261E-02
SCF Iteration 185: Energy = 6.2024000151798333 dE = -1.24262E-02
SCF Iteration 186: Energy = 6.2148261516592287 dE =  1.24261E-02
SCF Iteration 187: Energy = 6.2023999707727073 dE = -1.24262E-02
SCF Iteration 188: Energy = 6.2148261113358876 dE =  1.24261E-02
SCF Iteration 189: Energy = 6.2023999326097670 dE = -1.24262E-02
SCF Iteration 190: Energy = 6.2148260766825372 dE =  1.24261E-02
SCF Iteration 191: Energy = 6.2023998998130310 dE = -1.24262E-02
SCF Iteration 192: Energy = 6.2148260469018739 dE =  1.24261E-02
SCF Iteration 193: Energy = 6.2023998716279003 dE = -1.24262E-02
SCF Iteration 194: Energy = 6.2148260213087338 dE =  1.24261E-02
SCF Iteration 195: Energy = 6.2023998474059674 dE = -1.24262E-02
SCF Iteration 196: Energy = 6.2148259993143151 dE =  1.24262E-02
SCF Iteration 197: Energy = 6.2023998265899269 dE = -1.24262E-02
SCF Iteration 198: Energy = 6.2148259804125798 dE =  1.24262E-02
SCF Iteration 199: Energy = 6.2023998087009007 dE = -1.24262E-02
SCF Iteration 200: Energy = 6.2148259641686714 dE =  1.24262E-02
SCF Iteration 201: Energy = 6.2023997933272881 dE = -1.24262E-02
SCF Iteration 202: Energy = 6.2148259502088550 dE =  1.24262E-02
SCF Iteration 203: Energy = 6.2023997801153854 dE = -1.24262E-02
SCF Iteration 204: Energy = 6.2148259382119599 dE =  1.24262E-02
SCF Iteration 205: Energy = 6.2023997687612455 dE = -1.24262E-02
SCF Iteration 206: Energy = 6.2148259279019848 dE =  1.24262E-02
SCF Iteration 207: Energy = 6.2023997590036348 dE = -1.24262E-02
SCF Iteration 208: Energy = 6.2148259190417177 dE =  1.24262E-02
SCF Iteration 209: Energy = 6.2023997506180821 dE = -1.24262E-02
SCF Iteration 210: Energy = 6.2148259114273108 dE =  1.24262E-02
SCF Iteration 211: Energy = 6.2023997434116209 dE = -1.24262E-02
SCF Iteration 212: Energy = 6.2148259048835675 dE =  1.24262E-02
SCF Iteration 213: Energy = 6.2023997372184896 dE = -1.24262E-02
SCF Iteration 214: Energy = 6.2148258992599734 dE =  1.24262E-02
SCF Iteration 215: Energy = 6.2023997318961888 dE = -1.24262E-02
SCF Iteration 216: Energy = 6.2148258944271344 dE =  1.24262E-02
SCF Iteration 217: Energy = 6.2023997273222671 dE = -1.24262E-02
SCF Iteration 218: Energy = 6.2148258902738407 dE =  1.24262E-02
SCF Iteration 219: Energy = 6.2023997233914860 dE = -1.24262E-02
SCF Iteration 220: Energy = 6.2148258867045731 dE =  1.24262E-02
SCF Iteration 221: Energy = 6.2023997200134415 dE = -1.24262E-02
SCF Iteration 222: Energy = 6.2148258836371681 dE =  1.24262E-02
SCF Iteration 223: Energy = 6.2023997171103842 dE = -1.24262E-02
SCF Iteration 224: Energy = 6.2148258810010750 dE =  1.24262E-02
SCF Iteration 225: Energy = 6.2023997146155283 dE = -1.24262E-02
SCF Iteration 226: Energy = 6.2148258787356623 dE =  1.24262E-02
SCF Iteration 227: Energy = 6.2023997124714842 dE = -1.24262E-02
SCF Iteration 228: Energy = 6.2148258767887876 dE =  1.24262E-02
SCF Iteration 229: Energy = 6.2023997106289084 dE = -1.24262E-02
SCF Iteration 230: Energy = 6.2148258751156700 dE =  1.24262E-02
SCF Iteration 231: Energy = 6.2023997090454470 dE = -1.24262E-02
SCF Iteration 232: Energy = 6.2148258736778024 dE =  1.24262E-02
SCF Iteration 233: Energy = 6.2023997076846298 dE = -1.24262E-02
SCF Iteration 234: Energy = 6.2148258724421366 dE =  1.24262E-02
SCF Iteration 235: Energy = 6.2023997065151493 dE = -1.24262E-02
SCF Iteration 236: Energy = 6.2148258713802020 dE =  1.24262E-02
SCF Iteration 237: Energy = 6.2023997055101159 dE = -1.24262E-02
SCF Iteration 238: Energy = 6.2148258704676005 dE =  1.24262E-02
SCF Iteration 239: Energy = 6.2023997046463988 dE = -1.24262E-02
SCF Iteration 240: Energy = 6.2148258696833176 dE =  1.24262E-02
SCF Iteration 241: Energy = 6.2023997039041436 dE = -1.24262E-02
SCF Iteration 242: Energy = 6.2148258690093297 dE =  1.24262E-02
SCF Iteration 243: Energy = 6.2023997032662601 dE = -1.24262E-02
SCF Iteration 244: Energy = 6.2148258684300908 dE =  1.24262E-02
SCF Iteration 245: Energy = 6.2023997027180631 dE = -1.24262E-02
SCF Iteration 246: Energy = 6.2148258679323112 dE =  1.24262E-02
SCF Iteration 247: Energy = 6.2023997022469430 dE = -1.24262E-02
SCF Iteration 248: Energy = 6.2148258675045183 dE =  1.24262E-02
SCF Iteration 249: Energy = 6.2023997018420802 dE = -1.24262E-02
SCF Iteration 250: Energy = 6.2148258671368781 dE =  1.24262E-02
SCF Iteration 251: Energy = 6.2023997014941337 dE = -1.24262E-02
SCF Iteration 252: Energy = 6.2148258668209388 dE =  1.24262E-02
SCF Iteration 253: Energy = 6.2023997011951133 dE = -1.24262E-02
SCF Iteration 254: Energy = 6.2148258665494369 dE =  1.24262E-02
SCF Iteration 255: Energy = 6.2023997009381544 dE = -1.24262E-02
SCF Iteration 256: Energy = 6.2148258663160894 dE =  1.24262E-02
SCF Iteration 257: Energy = 6.2023997007173293 dE = -1.24262E-02
SCF Iteration 258: Energy = 6.2148258661155609 dE =  1.24262E-02
SCF Iteration 259: Energy = 6.2023997005275264 dE = -1.24262E-02
SCF Iteration 260: Energy = 6.2148258659432312 dE =  1.24262E-02
SCF Iteration 261: Energy = 6.2023997003644338 dE = -1.24262E-02
SCF Iteration 262: Energy = 6.2148258657951265 dE =  1.24262E-02
SCF Iteration 263: Energy = 6.2023997002242686 dE = -1.24262E-02
SCF Iteration 264: Energy = 6.2148258656678479 dE =  1.24262E-02
SCF Iteration 265: Energy = 6.2023997001038138 dE = -1.24262E-02
SCF Iteration 266: Energy = 6.2148258655584820 dE =  1.24262E-02
SCF Iteration 267: Energy = 6.2023997000002966 dE = -1.24262E-02
SCF Iteration 268: Energy = 6.2148258654644790 dE =  1.24262E-02
SCF Iteration 269: Energy = 6.2023996999113438 dE = -1.24262E-02
SCF Iteration 270: Energy = 6.2148258653837063 dE =  1.24262E-02
SCF Iteration 271: Energy = 6.2023996998348911 dE = -1.24262E-02
SCF Iteration 272: Energy = 6.2148258653142738 dE =  1.24262E-02
SCF Iteration 273: Energy = 6.2023996997691873 dE = -1.24262E-02
SCF Iteration 274: Energy = 6.2148258652546184 dE =  1.24262E-02
SCF Iteration 275: Energy = 6.2023996997127240 dE = -1.24262E-02
SCF Iteration 276: Energy = 6.2148258652033546 dE =  1.24262E-02
SCF Iteration 277: Energy = 6.2023996996641992 dE = -1.24262E-02
SCF Iteration 278: Energy = 6.2148258651592991 dE =  1.24262E-02
SCF Iteration 279: Energy = 6.2023996996225099 dE = -1.24262E-02
SCF Iteration 280: Energy = 6.2148258651214299 dE =  1.24262E-02
SCF Iteration 281: Energy = 6.2023996995866542 dE = -1.24262E-02
SCF Iteration 282: Energy = 6.2148258650888897 dE =  1.24262E-02
SCF Iteration 283: Energy = 6.2023996995558681 dE = -1.24262E-02
SCF Iteration 284: Energy = 6.2148258650609192 dE =  1.24262E-02
SCF Iteration 285: Energy = 6.2023996995293951 dE = -1.24262E-02
SCF Iteration 286: Energy = 6.2148258650368851 dE =  1.24262E-02
SCF Iteration 287: Energy = 6.2023996995066506 dE = -1.24262E-02
SCF Iteration 288: Energy = 6.2148258650162340 dE =  1.24262E-02
SCF Iteration 289: Energy = 6.2023996994871053 dE = -1.24262E-02
SCF Iteration 290: Energy = 6.2148258649984749 dE =  1.24262E-02
SCF Iteration 291: Energy = 6.2023996994703046 dE = -1.24262E-02
SCF Iteration 292: Energy = 6.2148258649832400 dE =  1.24262E-02
SCF Iteration 293: Energy = 6.2023996994558610 dE = -1.24262E-02
SCF Iteration 294: Energy = 6.2148258649701216 dE =  1.24262E-02
SCF Iteration 295: Energy = 6.2023996994434620 dE = -1.24262E-02
SCF Iteration 296: Energy = 6.2148258649588524 dE =  1.24262E-02
SCF Iteration 297: Energy = 6.2023996994327897 dE = -1.24262E-02
SCF Iteration 298: Energy = 6.2148258649491677 dE =  1.24262E-02
SCF Iteration 299: Energy = 6.2023996994236290 dE = -1.24262E-02
SCF Iteration 300: Energy = 6.2148258649408472 dE =  1.24262E-02
SCF Iteration 301: Energy = 6.2023996994157606 dE = -1.24262E-02
SCF Iteration 302: Energy = 6.2148258649336929 dE =  1.24262E-02
SCF Iteration 303: Energy = 6.2023996994089918 dE = -1.24262E-02
SCF Iteration 304: Energy = 6.2148258649275450 dE =  1.24262E-02
SCF Iteration 305: Energy = 6.2023996994031751 dE = -1.24262E-02
SCF Iteration 306: Energy = 6.2148258649222701 dE =  1.24262E-02
SCF Iteration 307: Energy = 6.2023996993981738 dE = -1.24262E-02
SCF Iteration 308: Energy = 6.2148258649177279 dE =  1.24262E-02
SCF Iteration 309: Energy = 6.2023996993938848 dE = -1.24262E-02
SCF Iteration 310: Energy = 6.2148258649138279 dE =  1.24262E-02
SCF Iteration 311: Energy = 6.2023996993901784 dE = -1.24262E-02
SCF Iteration 312: Energy = 6.2148258649104635 dE =  1.24262E-02
SCF Iteration 313: Energy = 6.2023996993870041 dE = -1.24262E-02
SCF Iteration 314: Energy = 6.2148258649075885 dE =  1.24262E-02
SCF Iteration 315: Energy = 6.2023996993842898 dE = -1.24262E-02
SCF Iteration 316: Energy = 6.2148258649051167 dE =  1.24262E-02
SCF Iteration 317: Energy = 6.2023996993819432 dE = -1.24262E-02
SCF Iteration 318: Energy = 6.2148258649029993 dE =  1.24262E-02
SCF Iteration 319: Energy = 6.2023996993799271 dE = -1.24262E-02
SCF Iteration 320: Energy = 6.2148258649011661 dE =  1.24262E-02
SCF Iteration 321: Energy = 6.2023996993781996 dE = -1.24262E-02
SCF Iteration 322: Energy = 6.2148258648995940 dE =  1.24262E-02
SCF Iteration 323: Energy = 6.2023996993767065 dE = -1.24262E-02
SCF Iteration 324: Energy = 6.2148258648982351 dE =  1.24262E-02
SCF Iteration 325: Energy = 6.2023996993754240 dE = -1.24262E-02
SCF Iteration 326: Energy = 6.2148258648970769 dE =  1.24262E-02
SCF Iteration 327: Energy = 6.2023996993743298 dE = -1.24262E-02
SCF Iteration 328: Energy = 6.2148258648960804 dE =  1.24262E-02
SCF Iteration 329: Energy = 6.2023996993733830 dE = -1.24262E-02
SCF Iteration 330: Energy = 6.2148258648952224 dE =  1.24262E-02
SCF Iteration 331: Energy = 6.2023996993725676 dE = -1.24262E-02
SCF Iteration 332: Energy = 6.2148258648944879 dE =  1.24262E-02
SCF Iteration 333: Energy = 6.2023996993718802 dE = -1.24262E-02
SCF Iteration 334: Energy = 6.2148258648938528 dE =  1.24262E-02
SCF Iteration 335: Energy = 6.2023996993712815 dE = -1.24262E-02
SCF Iteration 336: Energy = 6.2148258648933101 dE =  1.24262E-02
SCF Iteration 337: Energy = 6.2023996993707717 dE = -1.24262E-02
SCF Iteration 338: Energy = 6.2148258648928625 dE =  1.24262E-02
SCF Iteration 339: Energy = 6.2023996993703339 dE = -1.24262E-02
SCF Iteration 340: Energy = 6.2148258648924424 dE =  1.24262E-02
SCF Iteration 341: Energy = 6.2023996993699440 dE = -1.24262E-02
SCF Iteration 342: Energy = 6.2148258648920978 dE =  1.24262E-02
SCF Iteration 343: Energy = 6.2023996993696269 dE = -1.24262E-02
SCF Iteration 344: Energy = 6.2148258648918029 dE =  1.24262E-02
SCF Iteration 345: Energy = 6.2023996993693418 dE = -1.24262E-02
SCF Iteration 346: Energy = 6.2148258648915373 dE =  1.24262E-02
SCF Iteration 347: Energy = 6.2023996993690895 dE = -1.24262E-02
SCF Iteration 348: Energy = 6.2148258648913357 dE =  1.24262E-02
SCF Iteration 349: Energy = 6.2023996993688977 dE = -1.24262E-02
SCF Iteration 350: Energy = 6.2148258648911403 dE =  1.24262E-02
SCF Iteration 351: Energy = 6.2023996993687076 dE = -1.24262E-02
SCF Iteration 352: Energy = 6.2148258648909804 dE =  1.24262E-02
SCF Iteration 353: Energy = 6.2023996993685602 dE = -1.24262E-02
SCF Iteration 354: Energy = 6.2148258648908223 dE =  1.24262E-02
SCF Iteration 355: Energy = 6.2023996993684234 dE = -1.24262E-02
SCF Iteration 356: Energy = 6.2148258648907158 dE =  1.24262E-02
SCF Iteration 357: Energy = 6.2023996993683062 dE = -1.24262E-02
SCF Iteration 358: Energy = 6.2148258648906092 dE =  1.24262E-02
SCF Iteration 359: Energy = 6.2023996993682138 dE = -1.24262E-02
SCF Iteration 360: Energy = 6.2148258648905275 dE =  1.24262E-02
SCF Iteration 361: Energy = 6.2023996993681196 dE = -1.24262E-02
SCF Iteration 362: Energy = 6.2148258648904475 dE =  1.24262E-02
SCF Iteration 363: Energy = 6.2023996993680486 dE = -1.24262E-02
SCF Iteration 364: Energy = 6.2148258648903854 dE =  1.24262E-02
SCF Iteration 365: Energy = 6.2023996993679900 dE = -1.24262E-02
SCF Iteration 366: Energy = 6.2148258648903285 dE =  1.24262E-02
SCF Iteration 367: Energy = 6.2023996993679491 dE = -1.24262E-02
SCF Iteration 368: Energy = 6.2148258648902752 dE =  1.24262E-02
SCF Iteration 369: Energy = 6.2023996993678905 dE = -1.24262E-02
SCF Iteration 370: Energy = 6.2148258648902344 dE =  1.24262E-02
SCF Iteration 371: Energy = 6.2023996993678514 dE = -1.24262E-02
SCF Iteration 372: Energy = 6.2148258648902095 dE =  1.24262E-02
SCF Iteration 373: Energy = 6.2023996993678221 dE = -1.24262E-02
SCF Iteration 374: Energy = 6.2148258648901740 dE =  1.24262E-02
SCF Iteration 375: Energy = 6.2023996993677981 dE = -1.24262E-02
SCF Iteration 376: Energy = 6.2148258648901340 dE =  1.24262E-02
SCF Iteration 377: Energy = 6.2023996993677644 dE = -1.24262E-02
SCF Iteration 378: Energy = 6.2148258648901189 dE =  1.24262E-02
SCF Iteration 379: Energy = 6.2023996993677510 dE = -1.24262E-02
SCF Iteration 380: Energy = 6.2148258648901029 dE =  1.24262E-02
SCF Iteration 381: Energy = 6.2023996993677306 dE = -1.24262E-02
SCF Iteration 382: Energy = 6.2148258648900923 dE =  1.24262E-02
SCF Iteration 383: Energy = 6.2023996993677217 dE = -1.24262E-02
SCF Iteration 384: Energy = 6.2148258648900709 dE =  1.24262E-02
SCF Iteration 385: Energy = 6.2023996993677004 dE = -1.24262E-02
SCF Iteration 386: Energy = 6.2148258648900621 dE =  1.24262E-02
SCF Iteration 387: Energy = 6.2023996993676809 dE = -1.24262E-02
SCF Iteration 388: Energy = 6.2148258648900478 dE =  1.24262E-02
SCF Iteration 389: Energy = 6.2023996993676782 dE = -1.24262E-02
SCF Iteration 390: Energy = 6.2148258648900390 dE =  1.24262E-02
SCF Iteration 391: Energy = 6.2023996993676613 dE = -1.24262E-02
SCF Iteration 392: Energy = 6.2148258648900301 dE =  1.24262E-02
SCF Iteration 393: Energy = 6.2023996993676631 dE = -1.24262E-02
SCF Iteration 394: Energy = 6.2148258648900319 dE =  1.24262E-02
SCF Iteration 395: Energy = 6.2023996993676578 dE = -1.24262E-02
SCF Iteration 396: Energy = 6.2148258648900221 dE =  1.24262E-02
SCF Iteration 397: Energy = 6.2023996993676480 dE = -1.24262E-02
SCF Iteration 398: Energy = 6.2148258648900088 dE =  1.24262E-02
SCF Iteration 399: Energy = 6.2023996993676560 dE = -1.24262E-02
SCF Iteration 400: Energy = 6.2148258648900034 dE =  1.24262E-02
SCF Iteration 401: Energy = 6.2023996993676338 dE = -1.24262E-02
SCF Iteration 402: Energy = 6.2148258648900088 dE =  1.24262E-02
SCF Iteration 403: Energy = 6.2023996993676276 dE = -1.24262E-02
SCF Iteration 404: Energy = 6.2148258648899999 dE =  1.24262E-02
SCF Iteration 405: Energy = 6.2023996993676436 dE = -1.24262E-02
SCF Iteration 406: Energy = 6.2148258648900017 dE =  1.24262E-02
SCF Iteration 407: Energy = 6.2023996993676338 dE = -1.24262E-02
SCF Iteration 408: Energy = 6.2148258648899946 dE =  1.24262E-02
SCF Iteration 409: Energy = 6.2023996993676391 dE = -1.24262E-02
SCF Iteration 410: Energy = 6.2148258648899981 dE =  1.24262E-02
SCF Iteration 411: Energy = 6.2023996993676258 dE = -1.24262E-02
SCF Iteration 412: Energy = 6.2148258648899999 dE =  1.24262E-02
SCF Iteration 413: Energy = 6.2023996993676365 dE = -1.24262E-02
SCF Iteration 414: Energy = 6.2148258648899892 dE =  1.24262E-02
SCF Iteration 415: Energy = 6.2023996993676285 dE = -1.24262E-02
SCF Iteration 416: Energy = 6.2148258648899946 dE =  1.24262E-02
SCF Iteration 417: Energy = 6.2023996993676276 dE = -1.24262E-02
SCF Iteration 418: Energy = 6.2148258648899901 dE =  1.24262E-02
SCF Iteration 419: Energy = 6.2023996993676196 dE = -1.24262E-02
SCF Iteration 420: Energy = 6.2148258648899946 dE =  1.24262E-02
SCF Iteration 421: Energy = 6.2023996993676311 dE = -1.24262E-02
SCF Iteration 422: Energy = 6.2148258648899981 dE =  1.24262E-02
SCF Iteration 423: Energy = 6.2023996993676294 dE = -1.24262E-02
SCF Iteration 424: Energy = 6.2148258648899875 dE =  1.24262E-02
SCF Iteration 425: Energy = 6.2023996993676267 dE = -1.24262E-02
SCF Iteration 426: Energy = 6.2148258648899875 dE =  1.24262E-02
SCF Iteration 427: Energy = 6.2023996993676187 dE = -1.24262E-02
SCF Iteration 428: Energy = 6.2148258648899741 dE =  1.24262E-02
SCF Iteration 429: Energy = 6.2023996993676338 dE = -1.24262E-02
SCF Iteration 430: Energy = 6.2148258648899875 dE =  1.24262E-02
SCF Iteration 431: Energy = 6.2023996993676240 dE = -1.24262E-02
SCF Iteration 432: Energy = 6.2148258648899821 dE =  1.24262E-02
SCF Iteration 433: Energy = 6.2023996993676240 dE = -1.24262E-02
SCF Iteration 434: Energy = 6.2148258648899830 dE =  1.24262E-02
SCF Iteration 435: Energy = 6.2023996993676240 dE = -1.24262E-02
SCF Iteration 436: Energy = 6.2148258648899812 dE =  1.24262E-02
SCF Iteration 437: Energy = 6.2023996993676205 dE = -1.24262E-02
SCF Iteration 438: Energy = 6.2148258648899803 dE =  1.24262E-02
SCF Iteration 439: Energy = 6.2023996993676240 dE = -1.24262E-02
SCF Iteration 440: Energy = 6.2148258648899830 dE =  1.24262E-02
SCF Iteration 441: Energy = 6.2023996993676098 dE = -1.24262E-02
SCF Iteration 442: Energy = 6.2148258648899857 dE =  1.24262E-02
SCF Iteration 443: Energy = 6.2023996993676143 dE = -1.24262E-02
SCF Iteration 444: Energy = 6.2148258648899786 dE =  1.24262E-02
SCF Iteration 445: Energy = 6.2023996993676143 dE = -1.24262E-02
SCF Iteration 446: Energy = 6.2148258648899786 dE =  1.24262E-02
SCF Iteration 447: Energy = 6.2023996993676160 dE = -1.24262E-02
SCF Iteration 448: Energy = 6.2148258648899768 dE =  1.24262E-02
SCF Iteration 449: Energy = 6.2023996993676311 dE = -1.24262E-02
SCF Iteration 450: Energy = 6.2148258648899892 dE =  1.24262E-02
SCF Iteration 451: Energy = 6.2023996993676223 dE = -1.24262E-02
SCF Iteration 452: Energy = 6.2148258648899919 dE =  1.24262E-02
SCF Iteration 453: Energy = 6.2023996993676258 dE = -1.24262E-02
SCF Iteration 454: Energy = 6.2148258648899875 dE =  1.24262E-02
SCF Iteration 455: Energy = 6.2023996993676169 dE = -1.24262E-02
SCF Iteration 456: Energy = 6.2148258648899866 dE =  1.24262E-02
SCF Iteration 457: Energy = 6.2023996993676134 dE = -1.24262E-02
SCF Iteration 458: Energy = 6.2148258648899848 dE =  1.24262E-02
SCF Iteration 459: Energy = 6.2023996993676223 dE = -1.24262E-02
SCF Iteration 460: Energy = 6.2148258648899839 dE =  1.24262E-02
SCF Iteration 461: Energy = 6.2023996993676214 dE = -1.24262E-02
SCF Iteration 462: Energy = 6.2148258648899972 dE =  1.24262E-02
SCF Iteration 463: Energy = 6.2023996993676214 dE = -1.24262E-02
SCF Iteration 464: Energy = 6.2148258648899910 dE =  1.24262E-02
SCF Iteration 465: Energy = 6.2023996993676134 dE = -1.24262E-02
SCF Iteration 466: Energy = 6.2148258648899875 dE =  1.24262E-02
SCF Iteration 467: Energy = 6.2023996993676311 dE = -1.24262E-02
SCF Iteration 468: Energy = 6.2148258648899786 dE =  1.24262E-02
SCF Iteration 469: Energy = 6.2023996993676223 dE = -1.24262E-02
SCF Iteration 470: Energy = 6.2148258648899732 dE =  1.24262E-02
SCF Iteration 471: Energy = 6.2023996993676063 dE = -1.24262E-02
SCF Iteration 472: Energy = 6.2148258648899697 dE =  1.24262E-02
SCF Iteration 473: Energy = 6.2023996993676009 dE = -1.24262E-02
SCF Iteration 474: Energy = 6.2148258648899724 dE =  1.24262E-02
SCF Iteration 475: Energy = 6.2023996993676027 dE = -1.24262E-02
SCF Iteration 476: Energy = 6.2148258648899626 dE =  1.24262E-02
SCF Iteration 477: Energy = 6.2023996993676089 dE = -1.24262E-02
SCF Iteration 478: Energy = 6.2148258648899724 dE =  1.24262E-02
SCF Iteration 479: Energy = 6.2023996993676018 dE = -1.24262E-02
SCF Iteration 480: Energy = 6.2148258648899679 dE =  1.24262E-02
SCF Iteration 481: Energy = 6.2023996993676098 dE = -1.24262E-02
SCF Iteration 482: Energy = 6.2148258648899644 dE =  1.24262E-02
SCF Iteration 483: Energy = 6.2023996993676258 dE = -1.24262E-02
SCF Iteration 484: Energy = 6.2148258648899697 dE =  1.24262E-02
SCF Iteration 485: Energy = 6.2023996993676178 dE = -1.24262E-02
SCF Iteration 486: Energy = 6.2148258648899750 dE =  1.24262E-02
SCF Iteration 487: Energy = 6.2023996993676160 dE = -1.24262E-02
SCF Iteration 488: Energy = 6.2148258648899830 dE =  1.24262E-02
SCF Iteration 489: Energy = 6.2023996993676258 dE = -1.24262E-02
SCF Iteration 490: Energy = 6.2148258648899786 dE =  1.24262E-02
SCF Iteration 491: Energy = 6.2023996993676151 dE = -1.24262E-02
SCF Iteration 492: Energy = 6.2148258648899857 dE =  1.24262E-02
SCF Iteration 493: Energy = 6.2023996993676169 dE = -1.24262E-02
SCF Iteration 494: Energy = 6.2148258648899750 dE =  1.24262E-02
SCF Iteration 495: Energy = 6.2023996993676169 dE = -1.24262E-02
SCF Iteration 496: Energy = 6.2148258648899688 dE =  1.24262E-02
SCF Iteration 497: Energy = 6.2023996993676231 dE = -1.24262E-02
SCF Iteration 498: Energy = 6.2148258648899821 dE =  1.24262E-02
SCF Iteration 499: Energy = 6.2023996993676169 dE = -1.24262E-02
SCF Iteration 500: Energy = 6.2148258648899830 dE =  1.24262E-02
