
  Memory set to  55.879 GiB by Python driver.
  Threads set to 1 by Python driver.
Settings:
	LOT = CCSD-S2-U22
	wc = 20.0 eV
	lambda = [0.848697 0.       0.      ] a.u.
	Equivalent A0 = LAMBDA / sqrt(2 wc) = [0.7 0.  0. ])
doing QED-CCSD-Full (or QED-CCSD-22)
Number of occupied orbitals:   1
Number of basis functions:  60
SCF Iteration   1: Energy = 0.8970854193488182 dE =  8.97085E-01
SCF Iteration   2: Energy = 1.7220452552604577 dE =  8.24960E-01
SCF Iteration   3: Energy = 1.0629370911113114 dE = -6.59108E-01
SCF Iteration   4: Energy = 1.6937065502971711 dE =  6.30769E-01
SCF Iteration   5: Energy = 1.0787838853382128 dE = -6.14923E-01
SCF Iteration   6: Energy = 1.6814718497053698 dE =  6.02688E-01
SCF Iteration   7: Energy = 1.0758260808892792 dE = -6.05646E-01
SCF Iteration   8: Energy = 1.6741992159640948 dE =  5.98373E-01
SCF Iteration   9: Energy = 1.0709469691912374 dE = -6.03252E-01
SCF Iteration  10: Energy = 1.6695383654014535 dE =  5.98591E-01
SCF Iteration  11: Energy = 1.0668420633673423 dE = -6.02696E-01
SCF Iteration  12: Energy = 1.6665194414496103 dE =  5.99677E-01
SCF Iteration  13: Energy = 1.0638627129494238 dE = -6.02657E-01
SCF Iteration  14: Energy = 1.6645847135847125 dE =  6.00722E-01
SCF Iteration  15: Energy = 1.0618405414336529 dE = -6.02744E-01
SCF Iteration  16: Energy = 1.6633609382288150 dE =  6.01520E-01
SCF Iteration  17: Energy = 1.0605190190445608 dE = -6.02842E-01
SCF Iteration  18: Energy = 1.6625950269512830 dE =  6.02076E-01
SCF Iteration  19: Energy = 1.0596752217453735 dE = -6.02920E-01
SCF Iteration  20: Energy = 1.6621193456392376 dE =  6.02444E-01
SCF Iteration  21: Energy = 1.0591444051432006 dE = -6.02975E-01
SCF Iteration  22: Energy = 1.6618254990046357 dE =  6.02681E-01
SCF Iteration  23: Energy = 1.0588137185694824 dE = -6.03012E-01
SCF Iteration  24: Energy = 1.6616446504258400 dE =  6.02831E-01
SCF Iteration  25: Energy = 1.0586090428219523 dE = -6.03036E-01
SCF Iteration  26: Energy = 1.6615336303577783 dE =  6.02925E-01
SCF Iteration  27: Energy = 1.0584829141163219 dE = -6.03051E-01
SCF Iteration  28: Energy = 1.6614655964531346 dE =  6.02983E-01
SCF Iteration  29: Energy = 1.0584054199024320 dE = -6.03060E-01
SCF Iteration  30: Energy = 1.6614239551755854 dE =  6.03019E-01
SCF Iteration  31: Energy = 1.0583579036670139 dE = -6.03066E-01
SCF Iteration  32: Energy = 1.6613984891925693 dE =  6.03041E-01
SCF Iteration  33: Energy = 1.0583288092492569 dE = -6.03070E-01
SCF Iteration  34: Energy = 1.6613829242764715 dE =  6.03054E-01
SCF Iteration  35: Energy = 1.0583110116525827 dE = -6.03072E-01
SCF Iteration  36: Energy = 1.6613734147173806 dE =  6.03062E-01
SCF Iteration  37: Energy = 1.0583001317103049 dE = -6.03073E-01
SCF Iteration  38: Energy = 1.6613676063431586 dE =  6.03067E-01
SCF Iteration  39: Energy = 1.0582934836600792 dE = -6.03074E-01
SCF Iteration  40: Energy = 1.6613640593017935 dE =  6.03071E-01
SCF Iteration  41: Energy = 1.0582894227285979 dE = -6.03075E-01
SCF Iteration  42: Energy = 1.6613618934894077 dE =  6.03072E-01
SCF Iteration  43: Energy = 1.0582869426646382 dE = -6.03075E-01
SCF Iteration  44: Energy = 1.6613605711713397 dE =  6.03074E-01
SCF Iteration  45: Energy = 1.0582854282839853 dE = -6.03075E-01
SCF Iteration  46: Energy = 1.6613597638922206 dE =  6.03074E-01
SCF Iteration  47: Energy = 1.0582845036661348 dE = -6.03075E-01
SCF Iteration  48: Energy = 1.6613592710673419 dE =  6.03075E-01
SCF Iteration  49: Energy = 1.0582839391733292 dE = -6.03075E-01
SCF Iteration  50: Energy = 1.6613589702184310 dE =  6.03075E-01
SCF Iteration  51: Energy = 1.0582835945592117 dE = -6.03075E-01
SCF Iteration  52: Energy = 1.6613587865666082 dE =  6.03075E-01
SCF Iteration  53: Energy = 1.0582833841848172 dE = -6.03075E-01
SCF Iteration  54: Energy = 1.6613586744588180 dE =  6.03075E-01
SCF Iteration  55: Energy = 1.0582832557619344 dE = -6.03075E-01
SCF Iteration  56: Energy = 1.6613586060248129 dE =  6.03075E-01
SCF Iteration  57: Energy = 1.0582831773675769 dE = -6.03075E-01
SCF Iteration  58: Energy = 1.6613585642508948 dE =  6.03075E-01
SCF Iteration  59: Energy = 1.0582831295131288 dE = -6.03075E-01
SCF Iteration  60: Energy = 1.6613585387511240 dE =  6.03075E-01
SCF Iteration  61: Energy = 1.0582831003014508 dE = -6.03075E-01
SCF Iteration  62: Energy = 1.6613585231855186 dE =  6.03075E-01
SCF Iteration  63: Energy = 1.0582830824699385 dE = -6.03075E-01
SCF Iteration  64: Energy = 1.6613585136839597 dE =  6.03075E-01
SCF Iteration  65: Energy = 1.0582830715851941 dE = -6.03075E-01
SCF Iteration  66: Energy = 1.6613585078840316 dE =  6.03075E-01
SCF Iteration  67: Energy = 1.0582830649409187 dE = -6.03075E-01
SCF Iteration  68: Energy = 1.6613585043436458 dE =  6.03075E-01
SCF Iteration  69: Energy = 1.0582830608851281 dE = -6.03075E-01
SCF Iteration  70: Energy = 1.6613585021825303 dE =  6.03075E-01
SCF Iteration  71: Energy = 1.0582830584093976 dE = -6.03075E-01
SCF Iteration  72: Energy = 1.6613585008633429 dE =  6.03075E-01
SCF Iteration  73: Energy = 1.0582830568981620 dE = -6.03075E-01
SCF Iteration  74: Energy = 1.6613585000580839 dE =  6.03075E-01
SCF Iteration  75: Energy = 1.0582830559756773 dE = -6.03075E-01
SCF Iteration  76: Energy = 1.6613584995665105 dE =  6.03075E-01
SCF Iteration  77: Energy = 1.0582830554125517 dE = -6.03075E-01
SCF Iteration  78: Energy = 1.6613584992663935 dE =  6.03075E-01
SCF Iteration  79: Energy = 1.0582830550687585 dE = -6.03075E-01
SCF Iteration  80: Energy = 1.6613584990830526 dE =  6.03075E-01
SCF Iteration  81: Energy = 1.0582830548587914 dE = -6.03075E-01
SCF Iteration  82: Energy = 1.6613584989707901 dE =  6.03075E-01
SCF Iteration  83: Energy = 1.0582830547303352 dE = -6.03075E-01
SCF Iteration  84: Energy = 1.6613584989014072 dE =  6.03075E-01
SCF Iteration  85: Energy = 1.0582830546512123 dE = -6.03075E-01
SCF Iteration  86: Energy = 1.6613584988569252 dE =  6.03075E-01
SCF Iteration  87: Energy = 1.0582830546011526 dE = -6.03075E-01
SCF Iteration  88: Energy = 1.6613584988244989 dE =  6.03075E-01
SCF Iteration  89: Energy = 1.0582830545662401 dE = -6.03075E-01
SCF Iteration  90: Energy = 1.6613584987916556 dE =  6.03075E-01
SCF Iteration  91: Energy = 1.0582830545341284 dE = -6.03075E-01
SCF Iteration  92: Energy = 1.6613584987392858 dE =  6.03075E-01
SCF Iteration  93: Energy = 1.0582830544878037 dE = -6.03075E-01
SCF Iteration  94: Energy = 1.6613584986273204 dE =  6.03075E-01
SCF Iteration  95: Energy = 1.0582830543933601 dE = -6.03075E-01
SCF Iteration  96: Energy = 1.6613584983608982 dE =  6.03075E-01
SCF Iteration  97: Energy = 1.0582830541719148 dE = -6.03075E-01
SCF Iteration  98: Energy = 1.6613584977078943 dE =  6.03075E-01
SCF Iteration  99: Energy = 1.0582830536311960 dE = -6.03075E-01
SCF Iteration 100: Energy = 1.6613584960952015 dE =  6.03075E-01
SCF Iteration 101: Energy = 1.0582830522971036 dE = -6.03075E-01
SCF Iteration 102: Energy = 1.6613584921049525 dE =  6.03075E-01
SCF Iteration 103: Energy = 1.0582830489969610 dE = -6.03075E-01
SCF Iteration 104: Energy = 1.6613584822274470 dE =  6.03075E-01
SCF Iteration 105: Energy = 1.0582830408282311 dE = -6.03075E-01
SCF Iteration 106: Energy = 1.6613584577737330 dE =  6.03075E-01
SCF Iteration 107: Energy = 1.0582830206052165 dE = -6.03075E-01
SCF Iteration 108: Energy = 1.6613583972320138 dE =  6.03075E-01
SCF Iteration 109: Energy = 1.0582829705379186 dE = -6.03075E-01
SCF Iteration 110: Energy = 1.6613582473437800 dE =  6.03075E-01
SCF Iteration 111: Energy = 1.0582828465821839 dE = -6.03075E-01
SCF Iteration 112: Energy = 1.6613578762522474 dE =  6.03075E-01
SCF Iteration 113: Energy = 1.0582825396941178 dE = -6.03075E-01
SCF Iteration 114: Energy = 1.6613569575081859 dE =  6.03074E-01
SCF Iteration 115: Energy = 1.0582817799043833 dE = -6.03075E-01
SCF Iteration 116: Energy = 1.6613546828942225 dE =  6.03073E-01
SCF Iteration 117: Energy = 1.0582798988280302 dE = -6.03075E-01
SCF Iteration 118: Energy = 1.6613490514490517 dE =  6.03069E-01
SCF Iteration 119: Energy = 1.0582752416994614 dE = -6.03074E-01
SCF Iteration 120: Energy = 1.6613351093055535 dE =  6.03060E-01
SCF Iteration 121: Energy = 1.0582637117598075 dE = -6.03071E-01
SCF Iteration 122: Energy = 1.6613005923004256 dE =  6.03037E-01
SCF Iteration 123: Energy = 1.0582351668673069 dE = -6.03065E-01
SCF Iteration 124: Energy = 1.6612151404464803 dE =  6.02980E-01
SCF Iteration 125: Energy = 1.0581645007231903 dE = -6.03051E-01
SCF Iteration 126: Energy = 1.6610036102847339 dE =  6.02839E-01
SCF Iteration 127: Energy = 1.0579895769486656 dE = -6.03014E-01
SCF Iteration 128: Energy = 1.6604800940970244 dE =  6.02491E-01
SCF Iteration 129: Energy = 1.0575566909194234 dE = -6.02923E-01
SCF Iteration 130: Energy = 1.6591851297889906 dE =  6.01628E-01
SCF Iteration 131: Energy = 1.0564861102412977 dE = -6.02699E-01
SCF Iteration 132: Energy = 1.6559861136876974 dE =  5.99500E-01
SCF Iteration 133: Energy = 1.0538426320974899 dE = -6.02143E-01
SCF Iteration 134: Energy = 1.6481089394408182 dE =  5.94266E-01
SCF Iteration 135: Energy = 1.0473408712891425 dE = -6.00768E-01
SCF Iteration 136: Energy = 1.6288659367374525 dE =  5.81525E-01
SCF Iteration 137: Energy = 1.0315024731549376 dE = -5.97363E-01
SCF Iteration 138: Energy = 1.5827570849338892 dE =  5.51255E-01
SCF Iteration 139: Energy = 0.9938084559998026 dE = -5.88949E-01
SCF Iteration 140: Energy = 1.4772178048217568 dE =  4.83409E-01
SCF Iteration 141: Energy = 0.9088853958949326 dE = -5.68332E-01
SCF Iteration 142: Energy = 1.2591556415751737 dE =  3.50270E-01
SCF Iteration 143: Energy = 0.7393111322029016 dE = -5.19845E-01
SCF Iteration 144: Energy = 0.8916607681271065 dE =  1.52350E-01
SCF Iteration 145: Energy = 0.4710685324926907 dE = -4.20592E-01
SCF Iteration 146: Energy = 0.4479374142810661 dE = -2.31311E-02
SCF Iteration 147: Energy = 0.1757087051713875 dE = -2.72229E-01
SCF Iteration 148: Energy = 0.0961178715636288 dE = -7.95908E-02
SCF Iteration 149: Energy = -0.0365713176149967 dE = -1.32689E-01
SCF Iteration 150: Energy = -0.0906861416381535 dE = -5.41148E-02
SCF Iteration 151: Energy = -0.1411962272363003 dE = -5.05101E-02
SCF Iteration 152: Energy = -0.1644826524442595 dE = -2.32864E-02
SCF Iteration 153: Energy = -0.1808532768270386 dE = -1.63706E-02
SCF Iteration 154: Energy = -0.1888521835782209 dE = -7.99891E-03
SCF Iteration 155: Energy = -0.1937082229511109 dE = -4.85604E-03
SCF Iteration 156: Energy = -0.1961550348300274 dE = -2.44681E-03
SCF Iteration 157: Energy = -0.1975321091545696 dE = -1.37707E-03
SCF Iteration 158: Energy = -0.1982380837117872 dE = -7.05975E-04
SCF Iteration 159: Energy = -0.1986209380675121 dE = -3.82854E-04
SCF Iteration 160: Energy = -0.1988195323862105 dE = -1.98594E-04
SCF Iteration 161: Energy = -0.1989256448459833 dE = -1.06112E-04
SCF Iteration 162: Energy = -0.1989812990086208 dE = -5.56542E-05
SCF Iteration 163: Energy = -0.1990110069264204 dE = -2.97079E-05
SCF Iteration 164: Energy = -0.1990267933098187 dE = -1.57864E-05
SCF Iteration 165: Energy = -0.1990352909983302 dE = -8.49769E-06
SCF Iteration 166: Energy = -0.1990398805218012 dE = -4.58952E-06
SCF Iteration 167: Energy = -0.1990423881598575 dE = -2.50764E-06
SCF Iteration 168: Energy = -0.1990437688503706 dE = -1.38069E-06
SCF Iteration 169: Energy = -0.1990445377329211 dE = -7.68883E-07
SCF Iteration 170: Energy = -0.1990449700837811 dE = -4.32351E-07
SCF Iteration 171: Energy = -0.1990452158906941 dE = -2.45807E-07
SCF Iteration 172: Energy = -0.1990453570479240 dE = -1.41157E-07
SCF Iteration 173: Energy = -0.1990454389288625 dE = -8.18809E-08
SCF Iteration 174: Energy = -0.1990454868621394 dE = -4.79333E-08
SCF Iteration 175: Energy = -0.1990455151638924 dE = -2.83018E-08
SCF Iteration 176: Energy = -0.1990455320025108 dE = -1.68386E-08
SCF Iteration 177: Energy = -0.1990455420896189 dE = -1.00871E-08
SCF Iteration 178: Energy = -0.1990455481683187 dE = -6.07870E-09
SCF Iteration 179: Energy = -0.1990455518504097 dE = -3.68209E-09
SCF Iteration 180: Energy = -0.1990455540906293 dE = -2.24022E-09
SCF Iteration 181: Energy = -0.1990455554586945 dE = -1.36807E-09
SCF Iteration 182: Energy = -0.1990455562967766 dE = -8.38082E-10
SCF Iteration 183: Energy = -0.1990455568115417 dE = -5.14765E-10
SCF Iteration 184: Energy = -0.1990455571283980 dE = -3.16856E-10
SCF Iteration 185: Energy = -0.1990455573238012 dE = -1.95403E-10
SCF Iteration 186: Energy = -0.1990455574444741 dE = -1.20673E-10
SCF Iteration 187: Energy = -0.1990455575190859 dE = -7.46119E-11

SCF converged.
E_QED_HF          = -0.199045557519086
HF  (psi4)        = -0.993860079024075
Starting with the CCSD calculation:

Iter  Energy(CCSD)      E_diff    time(sec)
  1:  -0.1776113647  1.77611E-01   19.088
  2:  -0.2716186234  9.40073E-02   19.081
  3:  -0.3187196196  4.71010E-02   19.081
  4:  -0.3595781129  4.08585E-02   19.087
  5:  -0.3950407461  3.54626E-02   19.081
  6:  -0.4309073203  3.58666E-02   19.093
  7:  -0.4529762861  2.20690E-02   19.074
  8:  -0.4718402681  1.88640E-02   19.078
  9:  -0.4823033829  1.04631E-02   19.079
 10:  -0.4866107157  4.30733E-03   19.089
 11:  -0.4930413286  6.43061E-03   19.081
 12:  -0.4937933331  7.52005E-04   23.927
 13:  -0.4997600095  5.96668E-03   24.332
 14:  -0.5102005572  1.04405E-02   24.383
 15:  -0.5161533767  5.95282E-03   24.167
 16:  -0.5235578844  7.40451E-03   22.925
 17:  -0.5290209417  5.46306E-03   22.470
 18:  -0.5342269736  5.20603E-03   22.487
 19:  -0.5381417832  3.91481E-03   21.988
 20:  -0.5400285030  1.88672E-03   22.128
 21:  -0.5407648457  7.36343E-04   22.154
 22:  -0.5404064989  3.58347E-04   22.149
 23:  -0.5396924762  7.14023E-04   21.468
 24:  -0.5389441597  7.48316E-04   20.513
 25:  -0.5385319497  4.12210E-04   19.449
 26:  -0.5384028987  1.29051E-04   19.283
 27:  -0.5381808075  2.22091E-04   19.286
 28:  -0.5380460841  1.34723E-04   19.032
 29:  -0.5379809719  6.51122E-05   18.850
 30:  -0.5379236437  5.73282E-05   18.858
 31:  -0.5378572550  6.63887E-05   18.862
 32:  -0.5378014807  5.57743E-05   18.859
 33:  -0.5377687843  3.26964E-05   18.855
 34:  -0.5377236341  4.51503E-05   18.857
 35:  -0.5377007852  2.28488E-05   18.854
 36:  -0.5377182499  1.74646E-05   18.855
 37:  -0.5377595240  4.12741E-05   18.861
 38:  -0.5378223275  6.28035E-05   18.857
 39:  -0.5378539770  3.16495E-05   18.859
 40:  -0.5378678717  1.38947E-05   18.855
 41:  -0.5378775544  9.68266E-06   18.863
 42:  -0.5378903306  1.27762E-05   18.861
 43:  -0.5379006500  1.03194E-05   18.854
 44:  -0.5379138935  1.32435E-05   18.854
 45:  -0.5379265121  1.26186E-05   18.865
 46:  -0.5379335808  7.06867E-06   18.859
 47:  -0.5379373684  3.78765E-06   21.570
 48:  -0.5379431564  5.78796E-06   24.356
 49:  -0.5379492492  6.09285E-06   24.381
 50:  -0.5379535108  4.26157E-06   23.078
E_QED_CCSD  (Corr.)  = -0.537953510811211
E_QED_CCSD tot       = -0.736999068330297
E_CCSD_psi4 (Corr.)  = -0.065952267224479
E_CCSD_psi4 tot      = -1.059812346248554
