
  Memory set to  55.879 GiB by Python driver.
  Threads set to 1 by Python driver.
Settings:
	LOT = CCSD-S2-U22
	wc = 20.0 eV
	lambda = [0.848697 0.       0.      ] a.u.
	Equivalent A0 = LAMBDA / sqrt(2 wc) = [0.7 0.  0. ])
doing QED-CCSD-Full (or QED-CCSD-22)
Number of occupied orbitals:   1
Number of basis functions:  60
SCF Iteration   1: Energy = 3.1967246684293054 dE =  3.19672E+00
SCF Iteration   2: Energy = 3.6646003158241998 dE =  4.67876E-01
SCF Iteration   3: Energy = 3.4215324751768943 dE = -2.43068E-01
SCF Iteration   4: Energy = 3.6502829401246069 dE =  2.28750E-01
SCF Iteration   5: Energy = 3.5099738260203628 dE = -1.40309E-01
SCF Iteration   6: Energy = 3.6539015183351546 dE =  1.43928E-01
SCF Iteration   7: Energy = 3.5431495300787899 dE = -1.10752E-01
SCF Iteration   8: Energy = 3.6555532059743703 dE =  1.12404E-01
SCF Iteration   9: Energy = 3.5558430575239743 dE = -9.97101E-02
SCF Iteration  10: Energy = 3.6548784483409826 dE =  9.90354E-02
SCF Iteration  11: Energy = 3.5598225601911704 dE = -9.50559E-02
SCF Iteration  12: Energy = 3.6526805162133860 dE =  9.28580E-02
SCF Iteration  13: Energy = 3.5597634313716462 dE = -9.29171E-02
SCF Iteration  14: Energy = 3.6497000582760561 dE =  8.99366E-02
SCF Iteration  15: Energy = 3.5578509358124135 dE = -9.18491E-02
SCF Iteration  16: Energy = 3.6464772976708417 dE =  8.86264E-02
SCF Iteration  17: Energy = 3.5552070231083808 dE = -9.12703E-02
SCF Iteration  18: Energy = 3.6433521390484875 dE =  8.81451E-02
SCF Iteration  19: Energy = 3.5524201324977627 dE = -9.09320E-02
SCF Iteration  20: Energy = 3.6405081453164447 dE =  8.80880E-02
SCF Iteration  21: Energy = 3.5497867995141643 dE = -9.07213E-02
SCF Iteration  22: Energy = 3.6380230920157852 dE =  8.82363E-02
SCF Iteration  23: Energy = 3.5474397559436843 dE = -9.05833E-02
SCF Iteration  24: Energy = 3.6359104354548748 dE =  8.84707E-02
SCF Iteration  25: Energy = 3.5454211285252066 dE = -9.04893E-02
SCF Iteration  26: Energy = 3.6341484830256503 dE =  8.87274E-02
SCF Iteration  27: Energy = 3.5437252071808958 dE = -9.04233E-02
SCF Iteration  28: Energy = 3.6326990634753833 dE =  8.89739E-02
SCF Iteration  29: Energy = 3.5423232645607587 dE = -9.03758E-02
SCF Iteration  30: Energy = 3.6315186237484163 dE =  8.91954E-02
SCF Iteration  31: Energy = 3.5411776056190249 dE = -9.03410E-02
SCF Iteration  32: Energy = 3.6305643389373925 dE =  8.93867E-02
SCF Iteration  33: Energy = 3.5402491859524687 dE = -9.03152E-02
SCF Iteration  34: Energy = 3.6297971351016414 dE =  8.95479E-02
SCF Iteration  35: Energy = 3.5395014517628756 dE = -9.02957E-02
SCF Iteration  36: Energy = 3.6291828985078585 dE =  8.96814E-02
SCF Iteration  37: Energy = 3.5389020152680581 dE = -9.02809E-02
SCF Iteration  38: Energy = 3.6286926783126332 dE =  8.97907E-02
SCF Iteration  39: Energy = 3.5384231351134110 dE = -9.02695E-02
SCF Iteration  40: Energy = 3.6283023730589288 dE =  8.98792E-02
SCF Iteration  41: Energy = 3.5380415743437146 dE = -9.02608E-02
SCF Iteration  42: Energy = 3.6279921877177470 dE =  8.99506E-02
SCF Iteration  43: Energy = 3.5377381665137300 dE = -9.02540E-02
SCF Iteration  44: Energy = 3.6277460217712321 dE =  9.00079E-02
SCF Iteration  45: Energy = 3.5374972749438141 dE = -9.02487E-02
SCF Iteration  46: Energy = 3.6275508728802732 dE =  9.00536E-02
SCF Iteration  47: Energy = 3.5373062439041520 dE = -9.02446E-02
SCF Iteration  48: Energy = 3.6273962962982917 dE =  9.00901E-02
SCF Iteration  49: Energy = 3.5371548904239720 dE = -9.02414E-02
SCF Iteration  50: Energy = 3.6272739351377448 dE =  9.01190E-02
SCF Iteration  51: Energy = 3.5370350570797133 dE = -9.02389E-02
SCF Iteration  52: Energy = 3.6271771231157848 dE =  9.01421E-02
SCF Iteration  53: Energy = 3.5369402306852011 dE = -9.02369E-02
SCF Iteration  54: Energy = 3.6271005546977064 dE =  9.01603E-02
SCF Iteration  55: Energy = 3.5368652239131531 dE = -9.02353E-02
SCF Iteration  56: Energy = 3.6270400147037130 dE =  9.01748E-02
SCF Iteration  57: Energy = 3.5368059132911531 dE = -9.02341E-02
SCF Iteration  58: Energy = 3.6269921587027634 dE =  9.01862E-02
SCF Iteration  59: Energy = 3.5367590258094275 dE = -9.02331E-02
SCF Iteration  60: Energy = 3.6269543358607033 dE =  9.01953E-02
SCF Iteration  61: Energy = 3.5367219664262954 dE = -9.02324E-02
SCF Iteration  62: Energy = 3.6269244467543409 dE =  9.02025E-02
SCF Iteration  63: Energy = 3.5366926794073530 dE = -9.02318E-02
SCF Iteration  64: Energy = 3.6269008296809631 dE =  9.02082E-02
SCF Iteration  65: Energy = 3.5366695373258099 dE = -9.02313E-02
SCF Iteration  66: Energy = 3.6268821700121192 dE =  9.02126E-02
SCF Iteration  67: Energy = 3.5366512524844369 dE = -9.02309E-02
SCF Iteration  68: Energy = 3.6268674280776807 dE =  9.02162E-02
SCF Iteration  69: Energy = 3.5366368063981470 dE = -9.02306E-02
SCF Iteration  70: Energy = 3.6268557818873211 dE =  9.02190E-02
SCF Iteration  71: Energy = 3.5366253937566898 dE = -9.02304E-02
SCF Iteration  72: Energy = 3.6268465816943189 dE =  9.02212E-02
SCF Iteration  73: Energy = 3.5366163779558275 dE = -9.02302E-02
SCF Iteration  74: Energy = 3.6268393139886284 dE =  9.02229E-02
SCF Iteration  75: Energy = 3.5366092558463378 dE = -9.02301E-02
SCF Iteration  76: Energy = 3.6268335729835925 dE =  9.02243E-02
SCF Iteration  77: Energy = 3.5366036298130865 dE = -9.02299E-02
SCF Iteration  78: Energy = 3.6268290380499542 dE =  9.02254E-02
SCF Iteration  79: Energy = 3.5365991856736754 dE = -9.02299E-02
SCF Iteration  80: Energy = 3.6268254558644313 dE =  9.02263E-02
SCF Iteration  81: Energy = 3.5365956751924994 dE = -9.02298E-02
SCF Iteration  82: Energy = 3.6268226262929684 dE =  9.02270E-02
SCF Iteration  83: Energy = 3.5365929022512725 dE = -9.02297E-02
SCF Iteration  84: Energy = 3.6268203912301171 dE =  9.02275E-02
SCF Iteration  85: Energy = 3.5365907119147639 dE = -9.02297E-02
SCF Iteration  86: Energy = 3.6268186257774140 dE =  9.02279E-02
SCF Iteration  87: Energy = 3.5365889817875251 dE = -9.02296E-02
SCF Iteration  88: Energy = 3.6268172312716196 dE =  9.02282E-02
SCF Iteration  89: Energy = 3.5365876151827047 dE = -9.02296E-02
SCF Iteration  90: Energy = 3.6268161297756047 dE =  9.02285E-02
SCF Iteration  91: Energy = 3.5365865357239112 dE = -9.02296E-02
SCF Iteration  92: Energy = 3.6268152597254932 dE =  9.02287E-02
SCF Iteration  93: Energy = 3.5365856830797808 dE = -9.02296E-02
SCF Iteration  94: Energy = 3.6268145724915053 dE =  9.02289E-02
SCF Iteration  95: Energy = 3.5365850095939217 dE = -9.02296E-02
SCF Iteration  96: Energy = 3.6268140296610136 dE =  9.02290E-02
SCF Iteration  97: Energy = 3.5365844776224780 dE = -9.02296E-02
SCF Iteration  98: Energy = 3.6268136008921381 dE =  9.02291E-02
SCF Iteration  99: Energy = 3.5365840574307250 dE = -9.02295E-02
SCF Iteration 100: Energy = 3.6268132622181763 dE =  9.02292E-02
SCF Iteration 101: Energy = 3.5365837255315133 dE = -9.02295E-02
SCF Iteration 102: Energy = 3.6268129947081862 dE =  9.02293E-02
SCF Iteration 103: Energy = 3.5365834633726507 dE = -9.02295E-02
SCF Iteration 104: Energy = 3.6268127834089352 dE =  9.02293E-02
SCF Iteration 105: Energy = 3.5365832563000819 dE = -9.02295E-02
SCF Iteration 106: Energy = 3.6268126165091901 dE =  9.02294E-02
SCF Iteration 107: Energy = 3.5365830927388417 dE = -9.02295E-02
SCF Iteration 108: Energy = 3.6268124846794945 dE =  9.02294E-02
SCF Iteration 109: Energy = 3.5365829635461488 dE = -9.02295E-02
SCF Iteration 110: Energy = 3.6268123805507426 dE =  9.02294E-02
SCF Iteration 111: Energy = 3.5365828615002695 dE = -9.02295E-02
SCF Iteration 112: Energy = 3.6268122983022333 dE =  9.02294E-02
SCF Iteration 113: Energy = 3.5365827808969685 dE = -9.02295E-02
SCF Iteration 114: Energy = 3.6268122333363757 dE =  9.02295E-02
SCF Iteration 115: Energy = 3.5365827172306084 dE = -9.02295E-02
SCF Iteration 116: Energy = 3.6268121820215908 dE =  9.02295E-02
SCF Iteration 117: Energy = 3.5365826669422651 dE = -9.02295E-02
SCF Iteration 118: Energy = 3.6268121414894416 dE =  9.02295E-02
SCF Iteration 119: Energy = 3.5365826272208607 dE = -9.02295E-02
SCF Iteration 120: Energy = 3.6268121094741987 dE =  9.02295E-02
SCF Iteration 121: Energy = 3.5365825958460260 dE = -9.02295E-02
SCF Iteration 122: Energy = 3.6268120841862426 dE =  9.02295E-02
SCF Iteration 123: Energy = 3.5365825710638852 dE = -9.02295E-02
SCF Iteration 124: Energy = 3.6268120642119719 dE =  9.02295E-02
SCF Iteration 125: Energy = 3.5365825514891416 dE = -9.02295E-02
SCF Iteration 126: Energy = 3.6268120484348403 dE =  9.02295E-02
SCF Iteration 127: Energy = 3.5365825360276011 dE = -9.02295E-02
SCF Iteration 128: Energy = 3.6268120359729172 dE =  9.02295E-02
SCF Iteration 129: Energy = 3.5365825238149537 dE = -9.02295E-02
SCF Iteration 130: Energy = 3.6268120261296035 dE =  9.02295E-02
SCF Iteration 131: Energy = 3.5365825141685292 dE = -9.02295E-02
SCF Iteration 132: Energy = 3.6268120183546215 dE =  9.02295E-02
SCF Iteration 133: Energy = 3.5365825065490650 dE = -9.02295E-02
SCF Iteration 134: Energy = 3.6268120122133820 dE =  9.02295E-02
SCF Iteration 135: Energy = 3.5365825005306659 dE = -9.02295E-02
SCF Iteration 136: Energy = 3.6268120073625894 dE =  9.02295E-02
SCF Iteration 137: Energy = 3.5365824957769059 dE = -9.02295E-02
SCF Iteration 138: Energy = 3.6268120035310774 dE =  9.02295E-02
SCF Iteration 139: Energy = 3.5365824920220286 dE = -9.02295E-02
SCF Iteration 140: Energy = 3.6268120005046631 dE =  9.02295E-02
SCF Iteration 141: Energy = 3.5365824890561459 dE = -9.02295E-02
SCF Iteration 142: Energy = 3.6268119981141851 dE =  9.02295E-02
SCF Iteration 143: Energy = 3.5365824867134901 dE = -9.02295E-02
SCF Iteration 144: Energy = 3.6268119962260195 dE =  9.02295E-02
SCF Iteration 145: Energy = 3.5365824848630965 dE = -9.02295E-02
SCF Iteration 146: Energy = 3.6268119947346040 dE =  9.02295E-02
SCF Iteration 147: Energy = 3.5365824834015172 dE = -9.02295E-02
SCF Iteration 148: Energy = 3.6268119935565748 dE =  9.02295E-02
SCF Iteration 149: Energy = 3.5365824822470451 dE = -9.02295E-02
SCF Iteration 150: Energy = 3.6268119926260791 dE =  9.02295E-02
SCF Iteration 151: Energy = 3.5365824813351638 dE = -9.02295E-02
SCF Iteration 152: Energy = 3.6268119918911150 dE =  9.02295E-02
SCF Iteration 153: Energy = 3.5365824806149000 dE = -9.02295E-02
SCF Iteration 154: Energy = 3.6268119913105865 dE =  9.02295E-02
SCF Iteration 155: Energy = 3.5365824800459791 dE = -9.02295E-02
SCF Iteration 156: Energy = 3.6268119908520249 dE =  9.02295E-02
SCF Iteration 157: Energy = 3.5365824795966061 dE = -9.02295E-02
SCF Iteration 158: Energy = 3.6268119904898448 dE =  9.02295E-02
SCF Iteration 159: Energy = 3.5365824792416616 dE = -9.02295E-02
SCF Iteration 160: Energy = 3.6268119902037546 dE =  9.02295E-02
SCF Iteration 161: Energy = 3.5365824789612863 dE = -9.02295E-02
SCF Iteration 162: Energy = 3.6268119899777851 dE =  9.02295E-02
SCF Iteration 163: Energy = 3.5365824787398412 dE = -9.02295E-02
SCF Iteration 164: Energy = 3.6268119897993021 dE =  9.02295E-02
SCF Iteration 165: Energy = 3.5365824785649238 dE = -9.02295E-02
SCF Iteration 166: Energy = 3.6268119896583189 dE =  9.02295E-02
SCF Iteration 167: Energy = 3.5365824784267641 dE = -9.02295E-02
SCF Iteration 168: Energy = 3.6268119895469679 dE =  9.02295E-02
SCF Iteration 169: Energy = 3.5365824783176301 dE = -9.02295E-02
SCF Iteration 170: Energy = 3.6268119894590063 dE =  9.02295E-02
SCF Iteration 171: Energy = 3.5365824782314323 dE = -9.02295E-02
SCF Iteration 172: Energy = 3.6268119893895179 dE =  9.02295E-02
SCF Iteration 173: Energy = 3.5365824781633437 dE = -9.02295E-02
SCF Iteration 174: Energy = 3.6268119893346391 dE =  9.02295E-02
SCF Iteration 175: Energy = 3.5365824781095485 dE = -9.02295E-02
SCF Iteration 176: Energy = 3.6268119892912978 dE =  9.02295E-02
SCF Iteration 177: Energy = 3.5365824780670798 dE = -9.02295E-02
SCF Iteration 178: Energy = 3.6268119892570554 dE =  9.02295E-02
SCF Iteration 179: Energy = 3.5365824780335284 dE = -9.02295E-02
SCF Iteration 180: Energy = 3.6268119892300166 dE =  9.02295E-02
SCF Iteration 181: Energy = 3.5365824780070314 dE = -9.02295E-02
SCF Iteration 182: Energy = 3.6268119892086683 dE =  9.02295E-02
SCF Iteration 183: Energy = 3.5365824779861015 dE = -9.02295E-02
SCF Iteration 184: Energy = 3.6268119891917943 dE =  9.02295E-02
SCF Iteration 185: Energy = 3.5365824779695649 dE = -9.02295E-02
SCF Iteration 186: Energy = 3.6268119891784649 dE =  9.02295E-02
SCF Iteration 187: Energy = 3.5365824779565123 dE = -9.02295E-02
SCF Iteration 188: Energy = 3.6268119891679369 dE =  9.02295E-02
SCF Iteration 189: Energy = 3.5365824779461934 dE = -9.02295E-02
SCF Iteration 190: Energy = 3.6268119891596209 dE =  9.02295E-02
SCF Iteration 191: Energy = 3.5365824779380346 dE = -9.02295E-02
SCF Iteration 192: Energy = 3.6268119891530386 dE =  9.02295E-02
SCF Iteration 193: Energy = 3.5365824779316011 dE = -9.02295E-02
SCF Iteration 194: Energy = 3.6268119891478641 dE =  9.02295E-02
SCF Iteration 195: Energy = 3.5365824779265203 dE = -9.02295E-02
SCF Iteration 196: Energy = 3.6268119891437673 dE =  9.02295E-02
SCF Iteration 197: Energy = 3.5365824779225008 dE = -9.02295E-02
SCF Iteration 198: Energy = 3.6268119891405313 dE =  9.02295E-02
SCF Iteration 199: Energy = 3.5365824779193380 dE = -9.02295E-02
SCF Iteration 200: Energy = 3.6268119891379764 dE =  9.02295E-02
SCF Iteration 201: Energy = 3.5365824779168280 dE = -9.02295E-02
SCF Iteration 202: Energy = 3.6268119891359598 dE =  9.02295E-02
SCF Iteration 203: Energy = 3.5365824779148491 dE = -9.02295E-02
SCF Iteration 204: Energy = 3.6268119891343602 dE =  9.02295E-02
SCF Iteration 205: Energy = 3.5365824779132855 dE = -9.02295E-02
SCF Iteration 206: Energy = 3.6268119891331008 dE =  9.02295E-02
SCF Iteration 207: Energy = 3.5365824779120532 dE = -9.02295E-02
SCF Iteration 208: Energy = 3.6268119891321051 dE =  9.02295E-02
SCF Iteration 209: Energy = 3.5365824779110797 dE = -9.02295E-02
SCF Iteration 210: Energy = 3.6268119891313186 dE =  9.02295E-02
SCF Iteration 211: Energy = 3.5365824779103061 dE = -9.02295E-02
SCF Iteration 212: Energy = 3.6268119891307000 dE =  9.02295E-02
SCF Iteration 213: Energy = 3.5365824779096986 dE = -9.02295E-02
SCF Iteration 214: Energy = 3.6268119891302169 dE =  9.02295E-02
SCF Iteration 215: Energy = 3.5365824779092283 dE = -9.02295E-02
SCF Iteration 216: Energy = 3.6268119891298269 dE =  9.02295E-02
SCF Iteration 217: Energy = 3.5365824779088437 dE = -9.02295E-02
SCF Iteration 218: Energy = 3.6268119891295210 dE =  9.02295E-02
SCF Iteration 219: Energy = 3.5365824779085395 dE = -9.02295E-02
SCF Iteration 220: Energy = 3.6268119891292758 dE =  9.02295E-02
SCF Iteration 221: Energy = 3.5365824779083015 dE = -9.02295E-02
SCF Iteration 222: Energy = 3.6268119891290800 dE =  9.02295E-02
SCF Iteration 223: Energy = 3.5365824779081128 dE = -9.02295E-02
SCF Iteration 224: Energy = 3.6268119891289272 dE =  9.02295E-02
SCF Iteration 225: Energy = 3.5365824779079644 dE = -9.02295E-02
SCF Iteration 226: Energy = 3.6268119891288100 dE =  9.02295E-02
SCF Iteration 227: Energy = 3.5365824779078405 dE = -9.02295E-02
SCF Iteration 228: Energy = 3.6268119891287220 dE =  9.02295E-02
SCF Iteration 229: Energy = 3.5365824779077526 dE = -9.02295E-02
SCF Iteration 230: Energy = 3.6268119891286430 dE =  9.02295E-02
SCF Iteration 231: Energy = 3.5365824779076895 dE = -9.02295E-02
SCF Iteration 232: Energy = 3.6268119891285817 dE =  9.02295E-02
SCF Iteration 233: Energy = 3.5365824779076211 dE = -9.02295E-02
SCF Iteration 234: Energy = 3.6268119891285382 dE =  9.02295E-02
SCF Iteration 235: Energy = 3.5365824779075812 dE = -9.02295E-02
SCF Iteration 236: Energy = 3.6268119891284978 dE =  9.02295E-02
SCF Iteration 237: Energy = 3.5365824779075381 dE = -9.02295E-02
SCF Iteration 238: Energy = 3.6268119891284711 dE =  9.02295E-02
SCF Iteration 239: Energy = 3.5365824779075172 dE = -9.02295E-02
SCF Iteration 240: Energy = 3.6268119891284538 dE =  9.02295E-02
SCF Iteration 241: Energy = 3.5365824779074946 dE = -9.02295E-02
SCF Iteration 242: Energy = 3.6268119891284307 dE =  9.02295E-02
SCF Iteration 243: Energy = 3.5365824779074799 dE = -9.02295E-02
SCF Iteration 244: Energy = 3.6268119891284192 dE =  9.02295E-02
SCF Iteration 245: Energy = 3.5365824779074622 dE = -9.02295E-02
SCF Iteration 246: Energy = 3.6268119891284019 dE =  9.02295E-02
SCF Iteration 247: Energy = 3.5365824779074426 dE = -9.02295E-02
SCF Iteration 248: Energy = 3.6268119891284005 dE =  9.02295E-02
SCF Iteration 249: Energy = 3.5365824779074435 dE = -9.02295E-02
SCF Iteration 250: Energy = 3.6268119891283939 dE =  9.02295E-02
SCF Iteration 251: Energy = 3.5365824779074373 dE = -9.02295E-02
SCF Iteration 252: Energy = 3.6268119891283828 dE =  9.02295E-02
SCF Iteration 253: Energy = 3.5365824779074289 dE = -9.02295E-02
SCF Iteration 254: Energy = 3.6268119891283783 dE =  9.02295E-02
SCF Iteration 255: Energy = 3.5365824779074186 dE = -9.02295E-02
SCF Iteration 256: Energy = 3.6268119891283774 dE =  9.02295E-02
SCF Iteration 257: Energy = 3.5365824779074257 dE = -9.02295E-02
SCF Iteration 258: Energy = 3.6268119891283774 dE =  9.02295E-02
SCF Iteration 259: Energy = 3.5365824779074195 dE = -9.02295E-02
SCF Iteration 260: Energy = 3.6268119891283805 dE =  9.02295E-02
SCF Iteration 261: Energy = 3.5365824779074280 dE = -9.02295E-02
SCF Iteration 262: Energy = 3.6268119891283703 dE =  9.02295E-02
SCF Iteration 263: Energy = 3.5365824779074213 dE = -9.02295E-02
SCF Iteration 264: Energy = 3.6268119891283686 dE =  9.02295E-02
SCF Iteration 265: Energy = 3.5365824779074164 dE = -9.02295E-02
SCF Iteration 266: Energy = 3.6268119891283659 dE =  9.02295E-02
SCF Iteration 267: Energy = 3.5365824779074169 dE = -9.02295E-02
SCF Iteration 268: Energy = 3.6268119891283690 dE =  9.02295E-02
SCF Iteration 269: Energy = 3.5365824779074151 dE = -9.02295E-02
SCF Iteration 270: Energy = 3.6268119891283730 dE =  9.02295E-02
SCF Iteration 271: Energy = 3.5365824779074071 dE = -9.02295E-02
SCF Iteration 272: Energy = 3.6268119891283668 dE =  9.02295E-02
SCF Iteration 273: Energy = 3.5365824779074098 dE = -9.02295E-02
SCF Iteration 274: Energy = 3.6268119891283637 dE =  9.02295E-02
SCF Iteration 275: Energy = 3.5365824779074084 dE = -9.02295E-02
SCF Iteration 276: Energy = 3.6268119891283690 dE =  9.02295E-02
SCF Iteration 277: Energy = 3.5365824779074133 dE = -9.02295E-02
SCF Iteration 278: Energy = 3.6268119891283686 dE =  9.02295E-02
SCF Iteration 279: Energy = 3.5365824779074093 dE = -9.02295E-02
SCF Iteration 280: Energy = 3.6268119891283628 dE =  9.02295E-02
SCF Iteration 281: Energy = 3.5365824779074053 dE = -9.02295E-02
SCF Iteration 282: Energy = 3.6268119891283614 dE =  9.02295E-02
SCF Iteration 283: Energy = 3.5365824779074106 dE = -9.02295E-02
SCF Iteration 284: Energy = 3.6268119891283646 dE =  9.02295E-02
SCF Iteration 285: Energy = 3.5365824779074146 dE = -9.02295E-02
SCF Iteration 286: Energy = 3.6268119891283623 dE =  9.02295E-02
SCF Iteration 287: Energy = 3.5365824779074106 dE = -9.02295E-02
SCF Iteration 288: Energy = 3.6268119891283646 dE =  9.02295E-02
SCF Iteration 289: Energy = 3.5365824779074160 dE = -9.02295E-02
SCF Iteration 290: Energy = 3.6268119891283686 dE =  9.02295E-02
SCF Iteration 291: Energy = 3.5365824779074146 dE = -9.02295E-02
SCF Iteration 292: Energy = 3.6268119891283632 dE =  9.02295E-02
SCF Iteration 293: Energy = 3.5365824779074080 dE = -9.02295E-02
SCF Iteration 294: Energy = 3.6268119891283668 dE =  9.02295E-02
SCF Iteration 295: Energy = 3.5365824779074138 dE = -9.02295E-02
SCF Iteration 296: Energy = 3.6268119891283743 dE =  9.02295E-02
SCF Iteration 297: Energy = 3.5365824779074222 dE = -9.02295E-02
SCF Iteration 298: Energy = 3.6268119891283588 dE =  9.02295E-02
SCF Iteration 299: Energy = 3.5365824779074080 dE = -9.02295E-02
SCF Iteration 300: Energy = 3.6268119891283694 dE =  9.02295E-02
SCF Iteration 301: Energy = 3.5365824779074098 dE = -9.02295E-02
SCF Iteration 302: Energy = 3.6268119891283681 dE =  9.02295E-02
SCF Iteration 303: Energy = 3.5365824779074071 dE = -9.02295E-02
SCF Iteration 304: Energy = 3.6268119891283668 dE =  9.02295E-02
SCF Iteration 305: Energy = 3.5365824779074018 dE = -9.02295E-02
SCF Iteration 306: Energy = 3.6268119891283650 dE =  9.02295E-02
SCF Iteration 307: Energy = 3.5365824779074071 dE = -9.02295E-02
SCF Iteration 308: Energy = 3.6268119891283690 dE =  9.02295E-02
SCF Iteration 309: Energy = 3.5365824779074080 dE = -9.02295E-02
SCF Iteration 310: Energy = 3.6268119891283668 dE =  9.02295E-02
SCF Iteration 311: Energy = 3.5365824779074164 dE = -9.02295E-02
SCF Iteration 312: Energy = 3.6268119891283668 dE =  9.02295E-02
SCF Iteration 313: Energy = 3.5365824779074124 dE = -9.02295E-02
SCF Iteration 314: Energy = 3.6268119891283650 dE =  9.02295E-02
SCF Iteration 315: Energy = 3.5365824779074093 dE = -9.02295E-02
SCF Iteration 316: Energy = 3.6268119891283623 dE =  9.02295E-02
SCF Iteration 317: Energy = 3.5365824779073982 dE = -9.02295E-02
SCF Iteration 318: Energy = 3.6268119891283672 dE =  9.02295E-02
SCF Iteration 319: Energy = 3.5365824779074080 dE = -9.02295E-02
SCF Iteration 320: Energy = 3.6268119891283703 dE =  9.02295E-02
SCF Iteration 321: Energy = 3.5365824779074142 dE = -9.02295E-02
SCF Iteration 322: Energy = 3.6268119891283659 dE =  9.02295E-02
SCF Iteration 323: Energy = 3.5365824779074169 dE = -9.02295E-02
SCF Iteration 324: Energy = 3.6268119891283681 dE =  9.02295E-02
SCF Iteration 325: Energy = 3.5365824779074146 dE = -9.02295E-02
SCF Iteration 326: Energy = 3.6268119891283694 dE =  9.02295E-02
SCF Iteration 327: Energy = 3.5365824779074080 dE = -9.02295E-02
SCF Iteration 328: Energy = 3.6268119891283668 dE =  9.02295E-02
SCF Iteration 329: Energy = 3.5365824779074098 dE = -9.02295E-02
SCF Iteration 330: Energy = 3.6268119891283748 dE =  9.02295E-02
SCF Iteration 331: Energy = 3.5365824779074120 dE = -9.02295E-02
SCF Iteration 332: Energy = 3.6268119891283650 dE =  9.02295E-02
SCF Iteration 333: Energy = 3.5365824779074133 dE = -9.02295E-02
SCF Iteration 334: Energy = 3.6268119891283690 dE =  9.02295E-02
SCF Iteration 335: Energy = 3.5365824779074106 dE = -9.02295E-02
SCF Iteration 336: Energy = 3.6268119891283668 dE =  9.02295E-02
SCF Iteration 337: Energy = 3.5365824779074040 dE = -9.02295E-02
SCF Iteration 338: Energy = 3.6268119891283668 dE =  9.02295E-02
SCF Iteration 339: Energy = 3.5365824779074106 dE = -9.02295E-02
SCF Iteration 340: Energy = 3.6268119891283668 dE =  9.02295E-02
SCF Iteration 341: Energy = 3.5365824779074053 dE = -9.02295E-02
SCF Iteration 342: Energy = 3.6268119891283694 dE =  9.02295E-02
SCF Iteration 343: Energy = 3.5365824779074106 dE = -9.02295E-02
SCF Iteration 344: Energy = 3.6268119891283681 dE =  9.02295E-02
SCF Iteration 345: Energy = 3.5365824779074142 dE = -9.02295E-02
SCF Iteration 346: Energy = 3.6268119891283686 dE =  9.02295E-02
SCF Iteration 347: Energy = 3.5365824779074213 dE = -9.02295E-02
SCF Iteration 348: Energy = 3.6268119891283765 dE =  9.02295E-02
SCF Iteration 349: Energy = 3.5365824779074195 dE = -9.02295E-02
SCF Iteration 350: Energy = 3.6268119891283823 dE =  9.02295E-02
SCF Iteration 351: Energy = 3.5365824779074231 dE = -9.02295E-02
SCF Iteration 352: Energy = 3.6268119891283703 dE =  9.02295E-02
SCF Iteration 353: Energy = 3.5365824779074173 dE = -9.02295E-02
SCF Iteration 354: Energy = 3.6268119891283672 dE =  9.02295E-02
SCF Iteration 355: Energy = 3.5365824779074120 dE = -9.02295E-02
SCF Iteration 356: Energy = 3.6268119891283632 dE =  9.02295E-02
SCF Iteration 357: Energy = 3.5365824779074138 dE = -9.02295E-02
SCF Iteration 358: Energy = 3.6268119891283677 dE =  9.02295E-02
SCF Iteration 359: Energy = 3.5365824779074115 dE = -9.02295E-02
SCF Iteration 360: Energy = 3.6268119891283654 dE =  9.02295E-02
SCF Iteration 361: Energy = 3.5365824779074111 dE = -9.02295E-02
SCF Iteration 362: Energy = 3.6268119891283663 dE =  9.02295E-02
SCF Iteration 363: Energy = 3.5365824779074115 dE = -9.02295E-02
SCF Iteration 364: Energy = 3.6268119891283623 dE =  9.02295E-02
SCF Iteration 365: Energy = 3.5365824779074138 dE = -9.02295E-02
SCF Iteration 366: Energy = 3.6268119891283686 dE =  9.02295E-02
SCF Iteration 367: Energy = 3.5365824779074204 dE = -9.02295E-02
SCF Iteration 368: Energy = 3.6268119891283668 dE =  9.02295E-02
SCF Iteration 369: Energy = 3.5365824779074151 dE = -9.02295E-02
SCF Iteration 370: Energy = 3.6268119891283694 dE =  9.02295E-02
SCF Iteration 371: Energy = 3.5365824779074204 dE = -9.02295E-02
SCF Iteration 372: Energy = 3.6268119891283712 dE =  9.02295E-02
SCF Iteration 373: Energy = 3.5365824779074186 dE = -9.02295E-02
SCF Iteration 374: Energy = 3.6268119891283686 dE =  9.02295E-02
SCF Iteration 375: Energy = 3.5365824779074106 dE = -9.02295E-02
SCF Iteration 376: Energy = 3.6268119891283757 dE =  9.02295E-02
SCF Iteration 377: Energy = 3.5365824779074204 dE = -9.02295E-02
SCF Iteration 378: Energy = 3.6268119891283761 dE =  9.02295E-02
SCF Iteration 379: Energy = 3.5365824779074160 dE = -9.02295E-02
SCF Iteration 380: Energy = 3.6268119891283730 dE =  9.02295E-02
SCF Iteration 381: Energy = 3.5365824779074169 dE = -9.02295E-02
SCF Iteration 382: Energy = 3.6268119891283739 dE =  9.02295E-02
SCF Iteration 383: Energy = 3.5365824779074240 dE = -9.02295E-02
SCF Iteration 384: Energy = 3.6268119891283712 dE =  9.02295E-02
SCF Iteration 385: Energy = 3.5365824779074204 dE = -9.02295E-02
SCF Iteration 386: Energy = 3.6268119891283712 dE =  9.02295E-02
SCF Iteration 387: Energy = 3.5365824779074151 dE = -9.02295E-02
SCF Iteration 388: Energy = 3.6268119891283712 dE =  9.02295E-02
SCF Iteration 389: Energy = 3.5365824779074182 dE = -9.02295E-02
SCF Iteration 390: Energy = 3.6268119891283703 dE =  9.02295E-02
SCF Iteration 391: Energy = 3.5365824779074173 dE = -9.02295E-02
SCF Iteration 392: Energy = 3.6268119891283783 dE =  9.02295E-02
SCF Iteration 393: Energy = 3.5365824779074146 dE = -9.02295E-02
SCF Iteration 394: Energy = 3.6268119891283668 dE =  9.02295E-02
SCF Iteration 395: Energy = 3.5365824779074142 dE = -9.02295E-02
SCF Iteration 396: Energy = 3.6268119891283668 dE =  9.02295E-02
SCF Iteration 397: Energy = 3.5365824779074115 dE = -9.02295E-02
SCF Iteration 398: Energy = 3.6268119891283686 dE =  9.02295E-02
SCF Iteration 399: Energy = 3.5365824779074151 dE = -9.02295E-02
SCF Iteration 400: Energy = 3.6268119891283730 dE =  9.02295E-02
SCF Iteration 401: Energy = 3.5365824779074222 dE = -9.02295E-02
SCF Iteration 402: Energy = 3.6268119891283708 dE =  9.02295E-02
SCF Iteration 403: Energy = 3.5365824779074186 dE = -9.02295E-02
SCF Iteration 404: Energy = 3.6268119891283690 dE =  9.02295E-02
SCF Iteration 405: Energy = 3.5365824779074138 dE = -9.02295E-02
SCF Iteration 406: Energy = 3.6268119891283659 dE =  9.02295E-02
SCF Iteration 407: Energy = 3.5365824779074062 dE = -9.02295E-02
SCF Iteration 408: Energy = 3.6268119891283659 dE =  9.02295E-02
SCF Iteration 409: Energy = 3.5365824779074151 dE = -9.02295E-02
SCF Iteration 410: Energy = 3.6268119891283712 dE =  9.02295E-02
SCF Iteration 411: Energy = 3.5365824779074080 dE = -9.02295E-02
SCF Iteration 412: Energy = 3.6268119891283686 dE =  9.02295E-02
SCF Iteration 413: Energy = 3.5365824779074133 dE = -9.02295E-02
SCF Iteration 414: Energy = 3.6268119891283597 dE =  9.02295E-02
SCF Iteration 415: Energy = 3.5365824779074142 dE = -9.02295E-02
SCF Iteration 416: Energy = 3.6268119891283597 dE =  9.02295E-02
SCF Iteration 417: Energy = 3.5365824779074133 dE = -9.02295E-02
SCF Iteration 418: Energy = 3.6268119891283672 dE =  9.02295E-02
SCF Iteration 419: Energy = 3.5365824779074186 dE = -9.02295E-02
SCF Iteration 420: Energy = 3.6268119891283641 dE =  9.02295E-02
SCF Iteration 421: Energy = 3.5365824779074080 dE = -9.02295E-02
SCF Iteration 422: Energy = 3.6268119891283672 dE =  9.02295E-02
SCF Iteration 423: Energy = 3.5365824779074133 dE = -9.02295E-02
SCF Iteration 424: Energy = 3.6268119891283694 dE =  9.02295E-02
SCF Iteration 425: Energy = 3.5365824779074115 dE = -9.02295E-02
SCF Iteration 426: Energy = 3.6268119891283659 dE =  9.02295E-02
SCF Iteration 427: Energy = 3.5365824779074027 dE = -9.02295E-02
SCF Iteration 428: Energy = 3.6268119891283641 dE =  9.02295E-02
SCF Iteration 429: Energy = 3.5365824779074115 dE = -9.02295E-02
SCF Iteration 430: Energy = 3.6268119891283694 dE =  9.02295E-02
SCF Iteration 431: Energy = 3.5365824779074089 dE = -9.02295E-02
SCF Iteration 432: Energy = 3.6268119891283712 dE =  9.02295E-02
SCF Iteration 433: Energy = 3.5365824779074106 dE = -9.02295E-02
SCF Iteration 434: Energy = 3.6268119891283650 dE =  9.02295E-02
SCF Iteration 435: Energy = 3.5365824779074142 dE = -9.02295E-02
SCF Iteration 436: Energy = 3.6268119891283681 dE =  9.02295E-02
SCF Iteration 437: Energy = 3.5365824779074204 dE = -9.02295E-02
SCF Iteration 438: Energy = 3.6268119891283783 dE =  9.02295E-02
SCF Iteration 439: Energy = 3.5365824779074195 dE = -9.02295E-02
SCF Iteration 440: Energy = 3.6268119891283721 dE =  9.02295E-02
SCF Iteration 441: Energy = 3.5365824779074213 dE = -9.02295E-02
SCF Iteration 442: Energy = 3.6268119891283730 dE =  9.02295E-02
SCF Iteration 443: Energy = 3.5365824779074142 dE = -9.02295E-02
SCF Iteration 444: Energy = 3.6268119891283619 dE =  9.02295E-02
SCF Iteration 445: Energy = 3.5365824779074071 dE = -9.02295E-02
SCF Iteration 446: Energy = 3.6268119891283650 dE =  9.02295E-02
SCF Iteration 447: Energy = 3.5365824779074133 dE = -9.02295E-02
SCF Iteration 448: Energy = 3.6268119891283672 dE =  9.02295E-02
SCF Iteration 449: Energy = 3.5365824779074186 dE = -9.02295E-02
SCF Iteration 450: Energy = 3.6268119891283694 dE =  9.02295E-02
SCF Iteration 451: Energy = 3.5365824779074115 dE = -9.02295E-02
SCF Iteration 452: Energy = 3.6268119891283730 dE =  9.02295E-02
SCF Iteration 453: Energy = 3.5365824779074098 dE = -9.02295E-02
SCF Iteration 454: Energy = 3.6268119891283668 dE =  9.02295E-02
SCF Iteration 455: Energy = 3.5365824779074178 dE = -9.02295E-02
SCF Iteration 456: Energy = 3.6268119891283708 dE =  9.02295E-02
SCF Iteration 457: Energy = 3.5365824779074142 dE = -9.02295E-02
SCF Iteration 458: Energy = 3.6268119891283717 dE =  9.02295E-02
SCF Iteration 459: Energy = 3.5365824779074195 dE = -9.02295E-02
SCF Iteration 460: Energy = 3.6268119891283712 dE =  9.02295E-02
SCF Iteration 461: Energy = 3.5365824779074138 dE = -9.02295E-02
SCF Iteration 462: Energy = 3.6268119891283774 dE =  9.02295E-02
SCF Iteration 463: Energy = 3.5365824779074218 dE = -9.02295E-02
SCF Iteration 464: Energy = 3.6268119891283712 dE =  9.02295E-02
SCF Iteration 465: Energy = 3.5365824779074098 dE = -9.02295E-02
SCF Iteration 466: Energy = 3.6268119891283650 dE =  9.02295E-02
SCF Iteration 467: Energy = 3.5365824779074178 dE = -9.02295E-02
SCF Iteration 468: Energy = 3.6268119891283712 dE =  9.02295E-02
SCF Iteration 469: Energy = 3.5365824779074133 dE = -9.02295E-02
SCF Iteration 470: Energy = 3.6268119891283614 dE =  9.02295E-02
SCF Iteration 471: Energy = 3.5365824779074098 dE = -9.02295E-02
SCF Iteration 472: Energy = 3.6268119891283699 dE =  9.02295E-02
SCF Iteration 473: Energy = 3.5365824779074160 dE = -9.02295E-02
SCF Iteration 474: Energy = 3.6268119891283610 dE =  9.02295E-02
SCF Iteration 475: Energy = 3.5365824779074173 dE = -9.02295E-02
SCF Iteration 476: Energy = 3.6268119891283619 dE =  9.02295E-02
SCF Iteration 477: Energy = 3.5365824779074098 dE = -9.02295E-02
SCF Iteration 478: Energy = 3.6268119891283686 dE =  9.02295E-02
SCF Iteration 479: Energy = 3.5365824779074133 dE = -9.02295E-02
SCF Iteration 480: Energy = 3.6268119891283606 dE =  9.02295E-02
SCF Iteration 481: Energy = 3.5365824779074053 dE = -9.02295E-02
SCF Iteration 482: Energy = 3.6268119891283579 dE =  9.02295E-02
SCF Iteration 483: Energy = 3.5365824779074106 dE = -9.02295E-02
SCF Iteration 484: Energy = 3.6268119891283654 dE =  9.02295E-02
SCF Iteration 485: Energy = 3.5365824779074129 dE = -9.02295E-02
SCF Iteration 486: Energy = 3.6268119891283637 dE =  9.02295E-02
SCF Iteration 487: Energy = 3.5365824779074151 dE = -9.02295E-02
SCF Iteration 488: Energy = 3.6268119891283668 dE =  9.02295E-02
SCF Iteration 489: Energy = 3.5365824779074133 dE = -9.02295E-02
SCF Iteration 490: Energy = 3.6268119891283659 dE =  9.02295E-02
SCF Iteration 491: Energy = 3.5365824779074133 dE = -9.02295E-02
SCF Iteration 492: Energy = 3.6268119891283703 dE =  9.02295E-02
SCF Iteration 493: Energy = 3.5365824779074169 dE = -9.02295E-02
SCF Iteration 494: Energy = 3.6268119891283677 dE =  9.02295E-02
SCF Iteration 495: Energy = 3.5365824779074124 dE = -9.02295E-02
SCF Iteration 496: Energy = 3.6268119891283641 dE =  9.02295E-02
SCF Iteration 497: Energy = 3.5365824779074106 dE = -9.02295E-02
SCF Iteration 498: Energy = 3.6268119891283686 dE =  9.02295E-02
SCF Iteration 499: Energy = 3.5365824779074080 dE = -9.02295E-02
SCF Iteration 500: Energy = 3.6268119891283659 dE =  9.02295E-02
