
  Memory set to  55.879 GiB by Python driver.
  Threads set to 1 by Python driver.
Settings:
	LOT = CCSD-S2-U22
	wc = 20.0 eV
	lambda = [0.848697 0.       0.      ] a.u.
	Equivalent A0 = LAMBDA / sqrt(2 wc) = [0.7 0.  0. ])
doing QED-CCSD-Full (or QED-CCSD-22)
Number of occupied orbitals:   1
Number of basis functions:  60
SCF Iteration   1: Energy = 2.7793588852739117 dE =  2.77936E+00
SCF Iteration   2: Energy = 3.2745141923490593 dE =  4.95155E-01
SCF Iteration   3: Energy = 3.0025302569916188 dE = -2.71984E-01
SCF Iteration   4: Energy = 3.2549707022365024 dE =  2.52440E-01
SCF Iteration   5: Energy = 3.0794317443002019 dE = -1.75539E-01
SCF Iteration   6: Energy = 3.2534257992384261 dE =  1.73994E-01
SCF Iteration   7: Energy = 3.1053575209822779 dE = -1.48068E-01
SCF Iteration   8: Energy = 3.2517166512376936 dE =  1.46359E-01
SCF Iteration   9: Energy = 3.1139499671855133 dE = -1.37767E-01
SCF Iteration  10: Energy = 3.2490360996528738 dE =  1.35086E-01
SCF Iteration  11: Energy = 3.1156180201827519 dE = -1.33418E-01
SCF Iteration  12: Energy = 3.2457443656797484 dE =  1.30126E-01
SCF Iteration  13: Energy = 3.1143194817155408 dE = -1.31425E-01
SCF Iteration  14: Energy = 3.2422884259453042 dE =  1.27969E-01
SCF Iteration  15: Energy = 3.1118435786005239 dE = -1.30445E-01
SCF Iteration  16: Energy = 3.2389981813892255 dE =  1.27155E-01
SCF Iteration  17: Energy = 3.1090643439313639 dE = -1.29934E-01
SCF Iteration  18: Energy = 3.2360580863766049 dE =  1.26994E-01
SCF Iteration  19: Energy = 3.1064032142030298 dE = -1.29655E-01
SCF Iteration  20: Energy = 3.2335399617029177 dE =  1.27137E-01
SCF Iteration  21: Energy = 3.1040426734515569 dE = -1.29497E-01
SCF Iteration  22: Energy = 3.2314451282283523 dE =  1.27402E-01
SCF Iteration  23: Energy = 3.1020391264568814 dE = -1.29406E-01
SCF Iteration  24: Energy = 3.2297376394611015 dE =  1.27699E-01
SCF Iteration  25: Energy = 3.1003855443305643 dE = -1.29352E-01
SCF Iteration  26: Energy = 3.2283659838890530 dE =  1.27980E-01
SCF Iteration  27: Energy = 3.0990462293834664 dE = -1.29320E-01
SCF Iteration  28: Energy = 3.2272756446041844 dE =  1.28229E-01
SCF Iteration  29: Energy = 3.0979755730385117 dE = -1.29300E-01
SCF Iteration  30: Energy = 3.2264155697501522 dE =  1.28440E-01
SCF Iteration  31: Energy = 3.0971276489962061 dE = -1.29288E-01
SCF Iteration  32: Energy = 3.2257409714337073 dE =  1.28613E-01
SCF Iteration  33: Energy = 3.0964606642824197 dE = -1.29280E-01
SCF Iteration  34: Energy = 3.2252140786326917 dE =  1.28753E-01
SCF Iteration  35: Energy = 3.0959386190190057 dE = -1.29275E-01
SCF Iteration  36: Energy = 3.2248038458160306 dE =  1.28865E-01
SCF Iteration  37: Energy = 3.0955315260284659 dE = -1.29272E-01
SCF Iteration  38: Energy = 3.2244851978276148 dE =  1.28954E-01
SCF Iteration  39: Energy = 3.0952149489216443 dE = -1.29270E-01
SCF Iteration  40: Energy = 3.2242381288181208 dE =  1.29023E-01
SCF Iteration  41: Energy = 3.0949692714299704 dE = -1.29269E-01
SCF Iteration  42: Energy = 3.2240468172855139 dE =  1.29078E-01
SCF Iteration  43: Energy = 3.0947789124136551 dE = -1.29268E-01
SCF Iteration  44: Energy = 3.2238988308291607 dE =  1.29120E-01
SCF Iteration  45: Energy = 3.0946315897106009 dE = -1.29267E-01
SCF Iteration  46: Energy = 3.2237844461739562 dE =  1.29153E-01
SCF Iteration  47: Energy = 3.0945176753351662 dE = -1.29267E-01
SCF Iteration  48: Energy = 3.2236960854335148 dE =  1.29178E-01
SCF Iteration  49: Energy = 3.0944296528242883 dE = -1.29266E-01
SCF Iteration  50: Energy = 3.2236278581874260 dE =  1.29198E-01
SCF Iteration  51: Energy = 3.0943616720480747 dE = -1.29266E-01
SCF Iteration  52: Energy = 3.2235751947043174 dE =  1.29214E-01
SCF Iteration  53: Energy = 3.0943091901909878 dE = -1.29266E-01
SCF Iteration  54: Energy = 3.2235345550777645 dE =  1.29225E-01
SCF Iteration  55: Energy = 3.0942686856629584 dE = -1.29266E-01
SCF Iteration  56: Energy = 3.2235032002136399 dE =  1.29235E-01
SCF Iteration  57: Energy = 3.0942374320612522 dE = -1.29266E-01
SCF Iteration  58: Energy = 3.2234790124613513 dE =  1.29242E-01
SCF Iteration  59: Energy = 3.0942133206800979 dE = -1.29266E-01
SCF Iteration  60: Energy = 3.2234603556721839 dE =  1.29247E-01
SCF Iteration  61: Energy = 3.0941947217736003 dE = -1.29266E-01
SCF Iteration  62: Energy = 3.2234459663334571 dE =  1.29251E-01
SCF Iteration  63: Energy = 3.0941803764757072 dE = -1.29266E-01
SCF Iteration  64: Energy = 3.2234348690611765 dE =  1.29254E-01
SCF Iteration  65: Energy = 3.0941693128146208 dE = -1.29266E-01
SCF Iteration  66: Energy = 3.2234263111076809 dE =  1.29257E-01
SCF Iteration  67: Energy = 3.0941607805734033 dE = -1.29266E-01
SCF Iteration  68: Energy = 3.2234197116681571 dE =  1.29259E-01
SCF Iteration  69: Energy = 3.0941542008396885 dE = -1.29266E-01
SCF Iteration  70: Energy = 3.2234146226783760 dE =  1.29260E-01
SCF Iteration  71: Energy = 3.0941491269737300 dE = -1.29265E-01
SCF Iteration  72: Energy = 3.2234106985202167 dE =  1.29262E-01
SCF Iteration  73: Energy = 3.0941452144354957 dE = -1.29265E-01
SCF Iteration  74: Energy = 3.2234076726234360 dE =  1.29262E-01
SCF Iteration  75: Energy = 3.0941421974739574 dE = -1.29265E-01
SCF Iteration  76: Energy = 3.2234053394009954 dE =  1.29263E-01
SCF Iteration  77: Energy = 3.0941398711267780 dE = -1.29265E-01
SCF Iteration  78: Energy = 3.2234035403066801 dE =  1.29264E-01
SCF Iteration  79: Energy = 3.0941380773252498 dE = -1.29265E-01
SCF Iteration  80: Energy = 3.2234021530766332 dE =  1.29264E-01
SCF Iteration  81: Energy = 3.0941366941712856 dE = -1.29265E-01
SCF Iteration  82: Energy = 3.2234010834293967 dE =  1.29264E-01
SCF Iteration  83: Energy = 3.0941356276640239 dE = -1.29265E-01
SCF Iteration  84: Energy = 3.2234002586633341 dE =  1.29265E-01
SCF Iteration  85: Energy = 3.0941348053173425 dE = -1.29265E-01
SCF Iteration  86: Energy = 3.2233996227183321 dE =  1.29265E-01
SCF Iteration  87: Energy = 3.0941341712368065 dE = -1.29265E-01
SCF Iteration  88: Energy = 3.2233991323671218 dE =  1.29265E-01
SCF Iteration  89: Energy = 3.0941336823226044 dE = -1.29265E-01
SCF Iteration  90: Energy = 3.2233987542780658 dE =  1.29265E-01
SCF Iteration  91: Energy = 3.0941333053412134 dE = -1.29265E-01
SCF Iteration  92: Energy = 3.2233984627500232 dE =  1.29265E-01
SCF Iteration  93: Energy = 3.0941330146670381 dE = -1.29265E-01
SCF Iteration  94: Energy = 3.2233982379656774 dE =  1.29265E-01
SCF Iteration  95: Energy = 3.0941327905409399 dE = -1.29265E-01
SCF Iteration  96: Energy = 3.2233980646445617 dE =  1.29265E-01
SCF Iteration  97: Energy = 3.0941326177273072 dE = -1.29265E-01
SCF Iteration  98: Energy = 3.2233979310045342 dE =  1.29265E-01
SCF Iteration  99: Energy = 3.0941324844785352 dE = -1.29265E-01
SCF Iteration 100: Energy = 3.2233978279608442 dE =  1.29265E-01
SCF Iteration 101: Energy = 3.0941323817365043 dE = -1.29265E-01
SCF Iteration 102: Energy = 3.2233977485086061 dE =  1.29265E-01
SCF Iteration 103: Energy = 3.0941323025168290 dE = -1.29265E-01
SCF Iteration 104: Energy = 3.2233976872466674 dE =  1.29265E-01
SCF Iteration 105: Energy = 3.0941322414342154 dE = -1.29265E-01
SCF Iteration 106: Energy = 3.2233976400104338 dE =  1.29265E-01
SCF Iteration 107: Energy = 3.0941321943362410 dE = -1.29265E-01
SCF Iteration 108: Energy = 3.2233976035887801 dE =  1.29265E-01
SCF Iteration 109: Energy = 3.0941321580211860 dE = -1.29265E-01
SCF Iteration 110: Energy = 3.2233975755057398 dE =  1.29265E-01
SCF Iteration 111: Energy = 3.0941321300203399 dE = -1.29265E-01
SCF Iteration 112: Energy = 3.2233975538522190 dE =  1.29265E-01
SCF Iteration 113: Energy = 3.0941321084302005 dE = -1.29265E-01
SCF Iteration 114: Energy = 3.2233975371562082 dE =  1.29265E-01
SCF Iteration 115: Energy = 3.0941320917830510 dE = -1.29265E-01
SCF Iteration 116: Energy = 3.2233975242827042 dE =  1.29265E-01
SCF Iteration 117: Energy = 3.0941320789472160 dE = -1.29265E-01
SCF Iteration 118: Energy = 3.2233975143565448 dE =  1.29265E-01
SCF Iteration 119: Energy = 3.0941320690501102 dE = -1.29265E-01
SCF Iteration 120: Energy = 3.2233975067029523 dE =  1.29265E-01
SCF Iteration 121: Energy = 3.0941320614189149 dE = -1.29265E-01
SCF Iteration 122: Energy = 3.2233975008016236 dE =  1.29265E-01
SCF Iteration 123: Energy = 3.0941320555348564 dE = -1.29265E-01
SCF Iteration 124: Energy = 3.2233974962513803 dE =  1.29265E-01
SCF Iteration 125: Energy = 3.0941320509979442 dE = -1.29265E-01
SCF Iteration 126: Energy = 3.2233974927429165 dE =  1.29265E-01
SCF Iteration 127: Energy = 3.0941320474997416 dE = -1.29265E-01
SCF Iteration 128: Energy = 3.2233974900376992 dE =  1.29265E-01
SCF Iteration 129: Energy = 3.0941320448024379 dE = -1.29265E-01
SCF Iteration 130: Energy = 3.2233974879518263 dE =  1.29265E-01
SCF Iteration 131: Energy = 3.0941320427226762 dE = -1.29265E-01
SCF Iteration 132: Energy = 3.2233974863435164 dE =  1.29265E-01
SCF Iteration 133: Energy = 3.0941320411190820 dE = -1.29265E-01
SCF Iteration 134: Energy = 3.2233974851034302 dE =  1.29265E-01
SCF Iteration 135: Energy = 3.0941320398826111 dE = -1.29265E-01
SCF Iteration 136: Energy = 3.2233974841472484 dE =  1.29265E-01
SCF Iteration 137: Energy = 3.0941320389292293 dE = -1.29265E-01
SCF Iteration 138: Energy = 3.2233974834099803 dE =  1.29265E-01
SCF Iteration 139: Energy = 3.0941320381941266 dE = -1.29265E-01
SCF Iteration 140: Energy = 3.2233974828415115 dE =  1.29265E-01
SCF Iteration 141: Energy = 3.0941320376273200 dE = -1.29265E-01
SCF Iteration 142: Energy = 3.2233974824031959 dE =  1.29265E-01
SCF Iteration 143: Energy = 3.0941320371902816 dE = -1.29265E-01
SCF Iteration 144: Energy = 3.2233974820652276 dE =  1.29265E-01
SCF Iteration 145: Energy = 3.0941320368533032 dE = -1.29265E-01
SCF Iteration 146: Energy = 3.2233974818046343 dE =  1.29265E-01
SCF Iteration 147: Energy = 3.0941320365934719 dE = -1.29265E-01
SCF Iteration 148: Energy = 3.2233974816036977 dE =  1.29265E-01
SCF Iteration 149: Energy = 3.0941320363931148 dE = -1.29265E-01
SCF Iteration 150: Energy = 3.2233974814487656 dE =  1.29265E-01
SCF Iteration 151: Energy = 3.0941320362386509 dE = -1.29265E-01
SCF Iteration 152: Energy = 3.2233974813293123 dE =  1.29265E-01
SCF Iteration 153: Energy = 3.0941320361195439 dE = -1.29265E-01
SCF Iteration 154: Energy = 3.2233974812372059 dE =  1.29265E-01
SCF Iteration 155: Energy = 3.0941320360277071 dE = -1.29265E-01
SCF Iteration 156: Energy = 3.2233974811661819 dE =  1.29265E-01
SCF Iteration 157: Energy = 3.0941320359568851 dE = -1.29265E-01
SCF Iteration 158: Energy = 3.2233974811114146 dE =  1.29265E-01
SCF Iteration 159: Energy = 3.0941320359022861 dE = -1.29265E-01
SCF Iteration 160: Energy = 3.2233974810691985 dE =  1.29265E-01
SCF Iteration 161: Energy = 3.0941320358601905 dE = -1.29265E-01
SCF Iteration 162: Energy = 3.2233974810366446 dE =  1.29265E-01
SCF Iteration 163: Energy = 3.0941320358277244 dE = -1.29265E-01
SCF Iteration 164: Energy = 3.2233974810115402 dE =  1.29265E-01
SCF Iteration 165: Energy = 3.0941320358026903 dE = -1.29265E-01
SCF Iteration 166: Energy = 3.2233974809921833 dE =  1.29265E-01
SCF Iteration 167: Energy = 3.0941320357834021 dE = -1.29265E-01
SCF Iteration 168: Energy = 3.2233974809772614 dE =  1.29265E-01
SCF Iteration 169: Energy = 3.0941320357685189 dE = -1.29265E-01
SCF Iteration 170: Energy = 3.2233974809657568 dE =  1.29265E-01
SCF Iteration 171: Energy = 3.0941320357570512 dE = -1.29265E-01
SCF Iteration 172: Energy = 3.2233974809568831 dE =  1.29265E-01
SCF Iteration 173: Energy = 3.0941320357482014 dE = -1.29265E-01
SCF Iteration 174: Energy = 3.2233974809500441 dE =  1.29265E-01
SCF Iteration 175: Energy = 3.0941320357413802 dE = -1.29265E-01
SCF Iteration 176: Energy = 3.2233974809447647 dE =  1.29265E-01
SCF Iteration 177: Energy = 3.0941320357361195 dE = -1.29265E-01
SCF Iteration 178: Energy = 3.2233974809407009 dE =  1.29265E-01
SCF Iteration 179: Energy = 3.0941320357320570 dE = -1.29265E-01
SCF Iteration 180: Energy = 3.2233974809375594 dE =  1.29265E-01
SCF Iteration 181: Energy = 3.0941320357289310 dE = -1.29265E-01
SCF Iteration 182: Energy = 3.2233974809351391 dE =  1.29265E-01
SCF Iteration 183: Energy = 3.0941320357265178 dE = -1.29265E-01
SCF Iteration 184: Energy = 3.2233974809332762 dE =  1.29265E-01
SCF Iteration 185: Energy = 3.0941320357246602 dE = -1.29265E-01
SCF Iteration 186: Energy = 3.2233974809318418 dE =  1.29265E-01
SCF Iteration 187: Energy = 3.0941320357232320 dE = -1.29265E-01
SCF Iteration 188: Energy = 3.2233974809307404 dE =  1.29265E-01
SCF Iteration 189: Energy = 3.0941320357221227 dE = -1.29265E-01
SCF Iteration 190: Energy = 3.2233974809298762 dE =  1.29265E-01
SCF Iteration 191: Energy = 3.0941320357212687 dE = -1.29265E-01
SCF Iteration 192: Energy = 3.2233974809292154 dE =  1.29265E-01
SCF Iteration 193: Energy = 3.0941320357206137 dE = -1.29265E-01
SCF Iteration 194: Energy = 3.2233974809287100 dE =  1.29265E-01
SCF Iteration 195: Energy = 3.0941320357201065 dE = -1.29265E-01
SCF Iteration 196: Energy = 3.2233974809283157 dE =  1.29265E-01
SCF Iteration 197: Energy = 3.0941320357197193 dE = -1.29265E-01
SCF Iteration 198: Energy = 3.2233974809280075 dE =  1.29265E-01
SCF Iteration 199: Energy = 3.0941320357194111 dE = -1.29265E-01
SCF Iteration 200: Energy = 3.2233974809277819 dE =  1.29265E-01
SCF Iteration 201: Energy = 3.0941320357191842 dE = -1.29265E-01
SCF Iteration 202: Energy = 3.2233974809276069 dE =  1.29265E-01
SCF Iteration 203: Energy = 3.0941320357190123 dE = -1.29265E-01
SCF Iteration 204: Energy = 3.2233974809274706 dE =  1.29265E-01
SCF Iteration 205: Energy = 3.0941320357188773 dE = -1.29265E-01
SCF Iteration 206: Energy = 3.2233974809273662 dE =  1.29265E-01
SCF Iteration 207: Energy = 3.0941320357187680 dE = -1.29265E-01
SCF Iteration 208: Energy = 3.2233974809272872 dE =  1.29265E-01
SCF Iteration 209: Energy = 3.0941320357186921 dE = -1.29265E-01
SCF Iteration 210: Energy = 3.2233974809272259 dE =  1.29265E-01
SCF Iteration 211: Energy = 3.0941320357186290 dE = -1.29265E-01
SCF Iteration 212: Energy = 3.2233974809271753 dE =  1.29265E-01
SCF Iteration 213: Energy = 3.0941320357185766 dE = -1.29265E-01
SCF Iteration 214: Energy = 3.2233974809271353 dE =  1.29265E-01
SCF Iteration 215: Energy = 3.0941320357185487 dE = -1.29265E-01
SCF Iteration 216: Energy = 3.2233974809271060 dE =  1.29265E-01
SCF Iteration 217: Energy = 3.0941320357185118 dE = -1.29265E-01
SCF Iteration 218: Energy = 3.2233974809270887 dE =  1.29265E-01
SCF Iteration 219: Energy = 3.0941320357184865 dE = -1.29265E-01
SCF Iteration 220: Energy = 3.2233974809270642 dE =  1.29265E-01
SCF Iteration 221: Energy = 3.0941320357184727 dE = -1.29265E-01
SCF Iteration 222: Energy = 3.2233974809270478 dE =  1.29265E-01
SCF Iteration 223: Energy = 3.0941320357184581 dE = -1.29265E-01
SCF Iteration 224: Energy = 3.2233974809270394 dE =  1.29265E-01
SCF Iteration 225: Energy = 3.0941320357184474 dE = -1.29265E-01
SCF Iteration 226: Energy = 3.2233974809270247 dE =  1.29265E-01
SCF Iteration 227: Energy = 3.0941320357184319 dE = -1.29265E-01
SCF Iteration 228: Energy = 3.2233974809270181 dE =  1.29265E-01
SCF Iteration 229: Energy = 3.0941320357184243 dE = -1.29265E-01
SCF Iteration 230: Energy = 3.2233974809270154 dE =  1.29265E-01
SCF Iteration 231: Energy = 3.0941320357184199 dE = -1.29265E-01
SCF Iteration 232: Energy = 3.2233974809270127 dE =  1.29265E-01
SCF Iteration 233: Energy = 3.0941320357184261 dE = -1.29265E-01
SCF Iteration 234: Energy = 3.2233974809270101 dE =  1.29265E-01
SCF Iteration 235: Energy = 3.0941320357184101 dE = -1.29265E-01
SCF Iteration 236: Energy = 3.2233974809270101 dE =  1.29265E-01
SCF Iteration 237: Energy = 3.0941320357184119 dE = -1.29265E-01
SCF Iteration 238: Energy = 3.2233974809270012 dE =  1.29265E-01
SCF Iteration 239: Energy = 3.0941320357184088 dE = -1.29265E-01
SCF Iteration 240: Energy = 3.2233974809270007 dE =  1.29265E-01
SCF Iteration 241: Energy = 3.0941320357184083 dE = -1.29265E-01
SCF Iteration 242: Energy = 3.2233974809270030 dE =  1.29265E-01
SCF Iteration 243: Energy = 3.0941320357184039 dE = -1.29265E-01
SCF Iteration 244: Energy = 3.2233974809270030 dE =  1.29265E-01
SCF Iteration 245: Energy = 3.0941320357184035 dE = -1.29265E-01
SCF Iteration 246: Energy = 3.2233974809270038 dE =  1.29265E-01
SCF Iteration 247: Energy = 3.0941320357184123 dE = -1.29265E-01
SCF Iteration 248: Energy = 3.2233974809269985 dE =  1.29265E-01
SCF Iteration 249: Energy = 3.0941320357183999 dE = -1.29265E-01
SCF Iteration 250: Energy = 3.2233974809269985 dE =  1.29265E-01
SCF Iteration 251: Energy = 3.0941320357184092 dE = -1.29265E-01
SCF Iteration 252: Energy = 3.2233974809270012 dE =  1.29265E-01
SCF Iteration 253: Energy = 3.0941320357184048 dE = -1.29265E-01
SCF Iteration 254: Energy = 3.2233974809269976 dE =  1.29265E-01
SCF Iteration 255: Energy = 3.0941320357184030 dE = -1.29265E-01
SCF Iteration 256: Energy = 3.2233974809269923 dE =  1.29265E-01
SCF Iteration 257: Energy = 3.0941320357184017 dE = -1.29265E-01
SCF Iteration 258: Energy = 3.2233974809269959 dE =  1.29265E-01
SCF Iteration 259: Energy = 3.0941320357184101 dE = -1.29265E-01
SCF Iteration 260: Energy = 3.2233974809269994 dE =  1.29265E-01
SCF Iteration 261: Energy = 3.0941320357184021 dE = -1.29265E-01
SCF Iteration 262: Energy = 3.2233974809269981 dE =  1.29265E-01
SCF Iteration 263: Energy = 3.0941320357183986 dE = -1.29265E-01
SCF Iteration 264: Energy = 3.2233974809269994 dE =  1.29265E-01
SCF Iteration 265: Energy = 3.0941320357184030 dE = -1.29265E-01
SCF Iteration 266: Energy = 3.2233974809269959 dE =  1.29265E-01
SCF Iteration 267: Energy = 3.0941320357184003 dE = -1.29265E-01
SCF Iteration 268: Energy = 3.2233974809269959 dE =  1.29265E-01
SCF Iteration 269: Energy = 3.0941320357184030 dE = -1.29265E-01
SCF Iteration 270: Energy = 3.2233974809269981 dE =  1.29265E-01
SCF Iteration 271: Energy = 3.0941320357184074 dE = -1.29265E-01
SCF Iteration 272: Energy = 3.2233974809269985 dE =  1.29265E-01
SCF Iteration 273: Energy = 3.0941320357183959 dE = -1.29265E-01
SCF Iteration 274: Energy = 3.2233974809269936 dE =  1.29265E-01
SCF Iteration 275: Energy = 3.0941320357184008 dE = -1.29265E-01
SCF Iteration 276: Energy = 3.2233974809269914 dE =  1.29265E-01
SCF Iteration 277: Energy = 3.0941320357184039 dE = -1.29265E-01
SCF Iteration 278: Energy = 3.2233974809269950 dE =  1.29265E-01
SCF Iteration 279: Energy = 3.0941320357184074 dE = -1.29265E-01
SCF Iteration 280: Energy = 3.2233974809269959 dE =  1.29265E-01
SCF Iteration 281: Energy = 3.0941320357184039 dE = -1.29265E-01
SCF Iteration 282: Energy = 3.2233974809269950 dE =  1.29265E-01
SCF Iteration 283: Energy = 3.0941320357184048 dE = -1.29265E-01
SCF Iteration 284: Energy = 3.2233974809269985 dE =  1.29265E-01
SCF Iteration 285: Energy = 3.0941320357184083 dE = -1.29265E-01
SCF Iteration 286: Energy = 3.2233974809270003 dE =  1.29265E-01
SCF Iteration 287: Energy = 3.0941320357184057 dE = -1.29265E-01
SCF Iteration 288: Energy = 3.2233974809270003 dE =  1.29265E-01
SCF Iteration 289: Energy = 3.0941320357184057 dE = -1.29265E-01
SCF Iteration 290: Energy = 3.2233974809269985 dE =  1.29265E-01
SCF Iteration 291: Energy = 3.0941320357184035 dE = -1.29265E-01
SCF Iteration 292: Energy = 3.2233974809269905 dE =  1.29265E-01
SCF Iteration 293: Energy = 3.0941320357184021 dE = -1.29265E-01
SCF Iteration 294: Energy = 3.2233974809269994 dE =  1.29265E-01
SCF Iteration 295: Energy = 3.0941320357184017 dE = -1.29265E-01
SCF Iteration 296: Energy = 3.2233974809269959 dE =  1.29265E-01
SCF Iteration 297: Energy = 3.0941320357184026 dE = -1.29265E-01
SCF Iteration 298: Energy = 3.2233974809269950 dE =  1.29265E-01
SCF Iteration 299: Energy = 3.0941320357184030 dE = -1.29265E-01
SCF Iteration 300: Energy = 3.2233974809269959 dE =  1.29265E-01
SCF Iteration 301: Energy = 3.0941320357184048 dE = -1.29265E-01
SCF Iteration 302: Energy = 3.2233974809269967 dE =  1.29265E-01
SCF Iteration 303: Energy = 3.0941320357183959 dE = -1.29265E-01
SCF Iteration 304: Energy = 3.2233974809269985 dE =  1.29265E-01
SCF Iteration 305: Energy = 3.0941320357184070 dE = -1.29265E-01
SCF Iteration 306: Energy = 3.2233974809269967 dE =  1.29265E-01
SCF Iteration 307: Energy = 3.0941320357184039 dE = -1.29265E-01
SCF Iteration 308: Energy = 3.2233974809269936 dE =  1.29265E-01
SCF Iteration 309: Energy = 3.0941320357184066 dE = -1.29265E-01
SCF Iteration 310: Energy = 3.2233974809269941 dE =  1.29265E-01
SCF Iteration 311: Energy = 3.0941320357183995 dE = -1.29265E-01
SCF Iteration 312: Energy = 3.2233974809269967 dE =  1.29265E-01
SCF Iteration 313: Energy = 3.0941320357184012 dE = -1.29265E-01
SCF Iteration 314: Energy = 3.2233974809269936 dE =  1.29265E-01
SCF Iteration 315: Energy = 3.0941320357183986 dE = -1.29265E-01
SCF Iteration 316: Energy = 3.2233974809269959 dE =  1.29265E-01
SCF Iteration 317: Energy = 3.0941320357183995 dE = -1.29265E-01
SCF Iteration 318: Energy = 3.2233974809269950 dE =  1.29265E-01
SCF Iteration 319: Energy = 3.0941320357184057 dE = -1.29265E-01
SCF Iteration 320: Energy = 3.2233974809269976 dE =  1.29265E-01
SCF Iteration 321: Energy = 3.0941320357184030 dE = -1.29265E-01
SCF Iteration 322: Energy = 3.2233974809269976 dE =  1.29265E-01
SCF Iteration 323: Energy = 3.0941320357184043 dE = -1.29265E-01
SCF Iteration 324: Energy = 3.2233974809270030 dE =  1.29265E-01
SCF Iteration 325: Energy = 3.0941320357184070 dE = -1.29265E-01
SCF Iteration 326: Energy = 3.2233974809269972 dE =  1.29265E-01
SCF Iteration 327: Energy = 3.0941320357184021 dE = -1.29265E-01
SCF Iteration 328: Energy = 3.2233974809270012 dE =  1.29265E-01
SCF Iteration 329: Energy = 3.0941320357184074 dE = -1.29265E-01
SCF Iteration 330: Energy = 3.2233974809269959 dE =  1.29265E-01
SCF Iteration 331: Energy = 3.0941320357184017 dE = -1.29265E-01
SCF Iteration 332: Energy = 3.2233974809270047 dE =  1.29265E-01
SCF Iteration 333: Energy = 3.0941320357184030 dE = -1.29265E-01
SCF Iteration 334: Energy = 3.2233974809270012 dE =  1.29265E-01
SCF Iteration 335: Energy = 3.0941320357184035 dE = -1.29265E-01
SCF Iteration 336: Energy = 3.2233974809270021 dE =  1.29265E-01
SCF Iteration 337: Energy = 3.0941320357184079 dE = -1.29265E-01
SCF Iteration 338: Energy = 3.2233974809269976 dE =  1.29265E-01
SCF Iteration 339: Energy = 3.0941320357184048 dE = -1.29265E-01
SCF Iteration 340: Energy = 3.2233974809270012 dE =  1.29265E-01
SCF Iteration 341: Energy = 3.0941320357184190 dE = -1.29265E-01
SCF Iteration 342: Energy = 3.2233974809270025 dE =  1.29265E-01
SCF Iteration 343: Energy = 3.0941320357184128 dE = -1.29265E-01
SCF Iteration 344: Energy = 3.2233974809270038 dE =  1.29265E-01
SCF Iteration 345: Energy = 3.0941320357183995 dE = -1.29265E-01
SCF Iteration 346: Energy = 3.2233974809270003 dE =  1.29265E-01
SCF Iteration 347: Energy = 3.0941320357184083 dE = -1.29265E-01
SCF Iteration 348: Energy = 3.2233974809269941 dE =  1.29265E-01
SCF Iteration 349: Energy = 3.0941320357184052 dE = -1.29265E-01
SCF Iteration 350: Energy = 3.2233974809270021 dE =  1.29265E-01
SCF Iteration 351: Energy = 3.0941320357184057 dE = -1.29265E-01
SCF Iteration 352: Energy = 3.2233974809269981 dE =  1.29265E-01
SCF Iteration 353: Energy = 3.0941320357184039 dE = -1.29265E-01
SCF Iteration 354: Energy = 3.2233974809270003 dE =  1.29265E-01
SCF Iteration 355: Energy = 3.0941320357184057 dE = -1.29265E-01
SCF Iteration 356: Energy = 3.2233974809269967 dE =  1.29265E-01
SCF Iteration 357: Energy = 3.0941320357184048 dE = -1.29265E-01
SCF Iteration 358: Energy = 3.2233974809269923 dE =  1.29265E-01
SCF Iteration 359: Energy = 3.0941320357184052 dE = -1.29265E-01
SCF Iteration 360: Energy = 3.2233974809269994 dE =  1.29265E-01
SCF Iteration 361: Energy = 3.0941320357184048 dE = -1.29265E-01
SCF Iteration 362: Energy = 3.2233974809270003 dE =  1.29265E-01
SCF Iteration 363: Energy = 3.0941320357184070 dE = -1.29265E-01
SCF Iteration 364: Energy = 3.2233974809269981 dE =  1.29265E-01
SCF Iteration 365: Energy = 3.0941320357184057 dE = -1.29265E-01
SCF Iteration 366: Energy = 3.2233974809269994 dE =  1.29265E-01
SCF Iteration 367: Energy = 3.0941320357184074 dE = -1.29265E-01
SCF Iteration 368: Energy = 3.2233974809269972 dE =  1.29265E-01
SCF Iteration 369: Energy = 3.0941320357184097 dE = -1.29265E-01
SCF Iteration 370: Energy = 3.2233974809269985 dE =  1.29265E-01
SCF Iteration 371: Energy = 3.0941320357184048 dE = -1.29265E-01
SCF Iteration 372: Energy = 3.2233974809269941 dE =  1.29265E-01
SCF Iteration 373: Energy = 3.0941320357183995 dE = -1.29265E-01
SCF Iteration 374: Energy = 3.2233974809270003 dE =  1.29265E-01
SCF Iteration 375: Energy = 3.0941320357184066 dE = -1.29265E-01
SCF Iteration 376: Energy = 3.2233974809270021 dE =  1.29265E-01
SCF Iteration 377: Energy = 3.0941320357184070 dE = -1.29265E-01
SCF Iteration 378: Energy = 3.2233974809269990 dE =  1.29265E-01
SCF Iteration 379: Energy = 3.0941320357184012 dE = -1.29265E-01
SCF Iteration 380: Energy = 3.2233974809269985 dE =  1.29265E-01
SCF Iteration 381: Energy = 3.0941320357184079 dE = -1.29265E-01
SCF Iteration 382: Energy = 3.2233974809270038 dE =  1.29265E-01
SCF Iteration 383: Energy = 3.0941320357184074 dE = -1.29265E-01
SCF Iteration 384: Energy = 3.2233974809270061 dE =  1.29265E-01
SCF Iteration 385: Energy = 3.0941320357184146 dE = -1.29265E-01
SCF Iteration 386: Energy = 3.2233974809270101 dE =  1.29265E-01
SCF Iteration 387: Energy = 3.0941320357184083 dE = -1.29265E-01
SCF Iteration 388: Energy = 3.2233974809270012 dE =  1.29265E-01
SCF Iteration 389: Energy = 3.0941320357184114 dE = -1.29265E-01
SCF Iteration 390: Energy = 3.2233974809270065 dE =  1.29265E-01
SCF Iteration 391: Energy = 3.0941320357184083 dE = -1.29265E-01
SCF Iteration 392: Energy = 3.2233974809269994 dE =  1.29265E-01
SCF Iteration 393: Energy = 3.0941320357184026 dE = -1.29265E-01
SCF Iteration 394: Energy = 3.2233974809270043 dE =  1.29265E-01
SCF Iteration 395: Energy = 3.0941320357184039 dE = -1.29265E-01
SCF Iteration 396: Energy = 3.2233974809270012 dE =  1.29265E-01
SCF Iteration 397: Energy = 3.0941320357184066 dE = -1.29265E-01
SCF Iteration 398: Energy = 3.2233974809270038 dE =  1.29265E-01
SCF Iteration 399: Energy = 3.0941320357184092 dE = -1.29265E-01
SCF Iteration 400: Energy = 3.2233974809269981 dE =  1.29265E-01
SCF Iteration 401: Energy = 3.0941320357184052 dE = -1.29265E-01
SCF Iteration 402: Energy = 3.2233974809270003 dE =  1.29265E-01
SCF Iteration 403: Energy = 3.0941320357184057 dE = -1.29265E-01
SCF Iteration 404: Energy = 3.2233974809270003 dE =  1.29265E-01
SCF Iteration 405: Energy = 3.0941320357184021 dE = -1.29265E-01
SCF Iteration 406: Energy = 3.2233974809269985 dE =  1.29265E-01
SCF Iteration 407: Energy = 3.0941320357184101 dE = -1.29265E-01
SCF Iteration 408: Energy = 3.2233974809269994 dE =  1.29265E-01
SCF Iteration 409: Energy = 3.0941320357183986 dE = -1.29265E-01
SCF Iteration 410: Energy = 3.2233974809269932 dE =  1.29265E-01
SCF Iteration 411: Energy = 3.0941320357184017 dE = -1.29265E-01
SCF Iteration 412: Energy = 3.2233974809269959 dE =  1.29265E-01
SCF Iteration 413: Energy = 3.0941320357184017 dE = -1.29265E-01
SCF Iteration 414: Energy = 3.2233974809270003 dE =  1.29265E-01
SCF Iteration 415: Energy = 3.0941320357184074 dE = -1.29265E-01
SCF Iteration 416: Energy = 3.2233974809269976 dE =  1.29265E-01
SCF Iteration 417: Energy = 3.0941320357184066 dE = -1.29265E-01
SCF Iteration 418: Energy = 3.2233974809269927 dE =  1.29265E-01
SCF Iteration 419: Energy = 3.0941320357184070 dE = -1.29265E-01
SCF Iteration 420: Energy = 3.2233974809269923 dE =  1.29265E-01
SCF Iteration 421: Energy = 3.0941320357184008 dE = -1.29265E-01
SCF Iteration 422: Energy = 3.2233974809269976 dE =  1.29265E-01
SCF Iteration 423: Energy = 3.0941320357183968 dE = -1.29265E-01
SCF Iteration 424: Energy = 3.2233974809269914 dE =  1.29265E-01
SCF Iteration 425: Energy = 3.0941320357184057 dE = -1.29265E-01
SCF Iteration 426: Energy = 3.2233974809269932 dE =  1.29265E-01
SCF Iteration 427: Energy = 3.0941320357184017 dE = -1.29265E-01
SCF Iteration 428: Energy = 3.2233974809269932 dE =  1.29265E-01
SCF Iteration 429: Energy = 3.0941320357184021 dE = -1.29265E-01
SCF Iteration 430: Energy = 3.2233974809269994 dE =  1.29265E-01
SCF Iteration 431: Energy = 3.0941320357184012 dE = -1.29265E-01
SCF Iteration 432: Energy = 3.2233974809269959 dE =  1.29265E-01
SCF Iteration 433: Energy = 3.0941320357184043 dE = -1.29265E-01
SCF Iteration 434: Energy = 3.2233974809269941 dE =  1.29265E-01
SCF Iteration 435: Energy = 3.0941320357184083 dE = -1.29265E-01
SCF Iteration 436: Energy = 3.2233974809269981 dE =  1.29265E-01
SCF Iteration 437: Energy = 3.0941320357184048 dE = -1.29265E-01
SCF Iteration 438: Energy = 3.2233974809269963 dE =  1.29265E-01
SCF Iteration 439: Energy = 3.0941320357183995 dE = -1.29265E-01
SCF Iteration 440: Energy = 3.2233974809269967 dE =  1.29265E-01
SCF Iteration 441: Energy = 3.0941320357184035 dE = -1.29265E-01
SCF Iteration 442: Energy = 3.2233974809269976 dE =  1.29265E-01
SCF Iteration 443: Energy = 3.0941320357184021 dE = -1.29265E-01
SCF Iteration 444: Energy = 3.2233974809269976 dE =  1.29265E-01
SCF Iteration 445: Energy = 3.0941320357184012 dE = -1.29265E-01
SCF Iteration 446: Energy = 3.2233974809269910 dE =  1.29265E-01
SCF Iteration 447: Energy = 3.0941320357184021 dE = -1.29265E-01
SCF Iteration 448: Energy = 3.2233974809269959 dE =  1.29265E-01
SCF Iteration 449: Energy = 3.0941320357184008 dE = -1.29265E-01
SCF Iteration 450: Energy = 3.2233974809269950 dE =  1.29265E-01
SCF Iteration 451: Energy = 3.0941320357184039 dE = -1.29265E-01
SCF Iteration 452: Energy = 3.2233974809269972 dE =  1.29265E-01
SCF Iteration 453: Energy = 3.0941320357184083 dE = -1.29265E-01
SCF Iteration 454: Energy = 3.2233974809269914 dE =  1.29265E-01
SCF Iteration 455: Energy = 3.0941320357183968 dE = -1.29265E-01
SCF Iteration 456: Energy = 3.2233974809269985 dE =  1.29265E-01
SCF Iteration 457: Energy = 3.0941320357184012 dE = -1.29265E-01
SCF Iteration 458: Energy = 3.2233974809269950 dE =  1.29265E-01
SCF Iteration 459: Energy = 3.0941320357184030 dE = -1.29265E-01
SCF Iteration 460: Energy = 3.2233974809269932 dE =  1.29265E-01
SCF Iteration 461: Energy = 3.0941320357183999 dE = -1.29265E-01
SCF Iteration 462: Energy = 3.2233974809269954 dE =  1.29265E-01
SCF Iteration 463: Energy = 3.0941320357184039 dE = -1.29265E-01
SCF Iteration 464: Energy = 3.2233974809269994 dE =  1.29265E-01
SCF Iteration 465: Energy = 3.0941320357184132 dE = -1.29265E-01
SCF Iteration 466: Energy = 3.2233974809269959 dE =  1.29265E-01
SCF Iteration 467: Energy = 3.0941320357184083 dE = -1.29265E-01
SCF Iteration 468: Energy = 3.2233974809269994 dE =  1.29265E-01
SCF Iteration 469: Energy = 3.0941320357184012 dE = -1.29265E-01
SCF Iteration 470: Energy = 3.2233974809269985 dE =  1.29265E-01
SCF Iteration 471: Energy = 3.0941320357184106 dE = -1.29265E-01
SCF Iteration 472: Energy = 3.2233974809269950 dE =  1.29265E-01
SCF Iteration 473: Energy = 3.0941320357184097 dE = -1.29265E-01
SCF Iteration 474: Energy = 3.2233974809270012 dE =  1.29265E-01
SCF Iteration 475: Energy = 3.0941320357184101 dE = -1.29265E-01
SCF Iteration 476: Energy = 3.2233974809270012 dE =  1.29265E-01
SCF Iteration 477: Energy = 3.0941320357184092 dE = -1.29265E-01
SCF Iteration 478: Energy = 3.2233974809270038 dE =  1.29265E-01
SCF Iteration 479: Energy = 3.0941320357184048 dE = -1.29265E-01
SCF Iteration 480: Energy = 3.2233974809270003 dE =  1.29265E-01
SCF Iteration 481: Energy = 3.0941320357184079 dE = -1.29265E-01
SCF Iteration 482: Energy = 3.2233974809270052 dE =  1.29265E-01
SCF Iteration 483: Energy = 3.0941320357184035 dE = -1.29265E-01
SCF Iteration 484: Energy = 3.2233974809269985 dE =  1.29265E-01
SCF Iteration 485: Energy = 3.0941320357184079 dE = -1.29265E-01
SCF Iteration 486: Energy = 3.2233974809269932 dE =  1.29265E-01
SCF Iteration 487: Energy = 3.0941320357184026 dE = -1.29265E-01
SCF Iteration 488: Energy = 3.2233974809270012 dE =  1.29265E-01
SCF Iteration 489: Energy = 3.0941320357184061 dE = -1.29265E-01
SCF Iteration 490: Energy = 3.2233974809269972 dE =  1.29265E-01
SCF Iteration 491: Energy = 3.0941320357184048 dE = -1.29265E-01
SCF Iteration 492: Energy = 3.2233974809269972 dE =  1.29265E-01
SCF Iteration 493: Energy = 3.0941320357184039 dE = -1.29265E-01
SCF Iteration 494: Energy = 3.2233974809269981 dE =  1.29265E-01
SCF Iteration 495: Energy = 3.0941320357184030 dE = -1.29265E-01
SCF Iteration 496: Energy = 3.2233974809270003 dE =  1.29265E-01
SCF Iteration 497: Energy = 3.0941320357184057 dE = -1.29265E-01
SCF Iteration 498: Energy = 3.2233974809270007 dE =  1.29265E-01
SCF Iteration 499: Energy = 3.0941320357184026 dE = -1.29265E-01
SCF Iteration 500: Energy = 3.2233974809269932 dE =  1.29265E-01
