
  Memory set to  55.879 GiB by Python driver.
  Threads set to 1 by Python driver.
Settings:
	LOT = CCSD-S2-U22
	wc = 20.0 eV
	lambda = [0.848697 0.       0.      ] a.u.
	Equivalent A0 = LAMBDA / sqrt(2 wc) = [0.7 0.  0. ])
doing QED-CCSD-Full (or QED-CCSD-22)
Number of occupied orbitals:   1
Number of basis functions:  60
SCF Iteration   1: Energy = 3.5496679941956373 dE =  3.54967E+00
SCF Iteration   2: Energy = 3.9999175736950878 dE =  4.50250E-01
SCF Iteration   3: Energy = 3.7723421690883372 dE = -2.27575E-01
SCF Iteration   4: Energy = 3.9883846416321056 dE =  2.16042E-01
SCF Iteration   5: Energy = 3.8684394219995086 dE = -1.19945E-01
SCF Iteration   6: Energy = 3.9956771698681530 dE =  1.27238E-01
SCF Iteration   7: Energy = 3.9069824838263827 dE = -8.86947E-02
SCF Iteration   8: Energy = 3.9999020832074295 dE =  9.29196E-02
SCF Iteration   9: Energy = 3.9227642038324531 dE = -7.71379E-02
SCF Iteration  10: Energy = 4.0007741720905345 dE =  7.80100E-02
SCF Iteration  11: Energy = 3.9284541282555105 dE = -7.23200E-02
SCF Iteration  12: Energy = 3.9994018530028068 dE =  7.09477E-02
SCF Iteration  13: Energy = 3.9292723736875801 dE = -7.01295E-02
SCF Iteration  14: Energy = 3.9967520932126384 dE =  6.74797E-02
SCF Iteration  15: Energy = 3.9277122796002368 dE = -6.90398E-02
SCF Iteration  16: Energy = 3.9935282143854218 dE =  6.58159E-02
SCF Iteration  17: Energy = 3.9250868606837388 dE = -6.84414E-02
SCF Iteration  18: Energy = 3.9901913567885527 dE =  6.51045E-02
SCF Iteration  19: Energy = 3.9221127281275745 dE = -6.80786E-02
SCF Iteration  20: Energy = 3.9870141736659566 dE =  6.49014E-02
SCF Iteration  21: Energy = 3.9191748886755109 dE = -6.78393E-02
SCF Iteration  22: Energy = 3.9841374790462178 dE =  6.49626E-02
SCF Iteration  23: Energy = 3.9164666129710568 dE = -6.76709E-02
SCF Iteration  24: Energy = 3.9816171821765645 dE =  6.51506E-02
SCF Iteration  25: Energy = 3.9140701947134815 dE = -6.75470E-02
SCF Iteration  26: Energy = 3.9794585196408305 dE =  6.53883E-02
SCF Iteration  27: Energy = 3.9120053249752167 dE = -6.74532E-02
SCF Iteration  28: Energy = 3.9776390779324222 dE =  6.56338E-02
SCF Iteration  29: Energy = 3.9102582277280327 dE = -6.73809E-02
SCF Iteration  30: Energy = 3.9761233663225215 dE =  6.58651E-02
SCF Iteration  31: Energy = 3.9087989901794629 dE = -6.73244E-02
SCF Iteration  32: Energy = 3.9748715471402591 dE =  6.60726E-02
SCF Iteration  33: Energy = 3.9075916067295124 dE = -6.72799E-02
SCF Iteration  34: Energy = 3.9738443474555858 dE =  6.62527E-02
SCF Iteration  35: Energy = 3.9065995594626015 dE = -6.72448E-02
SCF Iteration  36: Energy = 3.9730055808743066 dE =  6.64060E-02
SCF Iteration  37: Energy = 3.9057887066593482 dE = -6.72169E-02
SCF Iteration  38: Energy = 3.9723232325816014 dE =  6.65345E-02
SCF Iteration  39: Energy = 3.9051285845389057 dE = -6.71946E-02
SCF Iteration  40: Energy = 3.9717697192365691 dE =  6.66411E-02
SCF Iteration  41: Energy = 3.9045928042273026 dE = -6.71769E-02
SCF Iteration  42: Energy = 3.9713217040758151 dE =  6.67289E-02
SCF Iteration  43: Energy = 3.9041589586283321 dE = -6.71627E-02
SCF Iteration  44: Energy = 3.9709596967927498 dE =  6.68007E-02
SCF Iteration  45: Energy = 3.9038082865228771 dE = -6.71514E-02
SCF Iteration  46: Energy = 3.9706675720840456 dE =  6.68593E-02
SCF Iteration  47: Energy = 3.9035252375823379 dE = -6.71423E-02
SCF Iteration  48: Energy = 3.9704320814319187 dE =  6.69068E-02
SCF Iteration  49: Energy = 3.9032970186145532 dE = -6.71351E-02
SCF Iteration  50: Energy = 3.9702423967357134 dE =  6.69454E-02
SCF Iteration  51: Energy = 3.9031131632309668 dE = -6.71292E-02
SCF Iteration  52: Energy = 3.9700897031798368 dE =  6.69765E-02
SCF Iteration  53: Energy = 3.9029651446554197 dE = -6.71246E-02
SCF Iteration  54: Energy = 3.9699668466206983 dE =  6.70017E-02
SCF Iteration  55: Energy = 3.9028460385448174 dE = -6.71208E-02
SCF Iteration  56: Energy = 3.9698680342246706 dE =  6.70220E-02
SCF Iteration  57: Energy = 3.9027502356685151 dE = -6.71178E-02
SCF Iteration  58: Energy = 3.9697885838488336 dE =  6.70383E-02
SCF Iteration  59: Energy = 3.9026732007423561 dE = -6.71154E-02
SCF Iteration  60: Energy = 3.9697247163371063 dE =  6.70515E-02
SCF Iteration  61: Energy = 3.9026112721825736 dE = -6.71134E-02
SCF Iteration  62: Energy = 3.9696733846591767 dE =  6.70621E-02
SCF Iteration  63: Energy = 3.9025614971503799 dE = -6.71119E-02
SCF Iteration  64: Energy = 3.9696321341360070 dE =  6.70706E-02
SCF Iteration  65: Energy = 3.9025214964682924 dE = -6.71106E-02
SCF Iteration  66: Energy = 3.9695989885753669 dE =  6.70775E-02
SCF Iteration  67: Energy = 3.9024893544901724 dE = -6.71096E-02
SCF Iteration  68: Energy = 3.9695723578104438 dE =  6.70830E-02
SCF Iteration  69: Energy = 3.9024635296186467 dE = -6.71088E-02
SCF Iteration  70: Energy = 3.9695509628024555 dE =  6.70874E-02
SCF Iteration  71: Energy = 3.9024427817872431 dE = -6.71082E-02
SCF Iteration  72: Energy = 3.9695337750851412 dE =  6.70910E-02
SCF Iteration  73: Energy = 3.9024261138076715 dE = -6.71077E-02
SCF Iteration  74: Energy = 3.9695199678762516 dE =  6.70939E-02
SCF Iteration  75: Energy = 3.9024127240047015 dE = -6.71072E-02
SCF Iteration  76: Energy = 3.9695088766529536 dE =  6.70962E-02
SCF Iteration  77: Energy = 3.9024019680115449 dE = -6.71069E-02
SCF Iteration  78: Energy = 3.9694999673868612 dE =  6.70980E-02
SCF Iteration  79: Energy = 3.9023933279829208 dE = -6.71066E-02
SCF Iteration  80: Energy = 3.9694928109681831 dE =  6.70995E-02
SCF Iteration  81: Energy = 3.9023863878033813 dE = -6.71064E-02
SCF Iteration  82: Energy = 3.9694870626240526 dE =  6.71007E-02
SCF Iteration  83: Energy = 3.9023808131345286 dE = -6.71062E-02
SCF Iteration  84: Energy = 3.9694824453626798 dE =  6.71016E-02
SCF Iteration  85: Energy = 3.9023763353640066 dE = -6.71061E-02
SCF Iteration  86: Energy = 3.9694787366602222 dE =  6.71024E-02
SCF Iteration  87: Energy = 3.9023727386972613 dE = -6.71060E-02
SCF Iteration  88: Energy = 3.9694757577579090 dE =  6.71030E-02
SCF Iteration  89: Energy = 3.9023698497798640 dE = -6.71059E-02
SCF Iteration  90: Energy = 3.9694733650594287 dE =  6.71035E-02
SCF Iteration  91: Energy = 3.9023675293558391 dE = -6.71058E-02
SCF Iteration  92: Energy = 3.9694714432174263 dE =  6.71039E-02
SCF Iteration  93: Energy = 3.9023656655637406 dE = -6.71058E-02
SCF Iteration  94: Energy = 3.9694698995781330 dE =  6.71042E-02
SCF Iteration  95: Energy = 3.9023641685495187 dE = -6.71057E-02
SCF Iteration  96: Energy = 3.9694686597178999 dE =  6.71045E-02
SCF Iteration  97: Energy = 3.9023629661381181 dE = -6.71057E-02
SCF Iteration  98: Energy = 3.9694676638570039 dE =  6.71047E-02
SCF Iteration  99: Energy = 3.9023620003558372 dE = -6.71057E-02
SCF Iteration 100: Energy = 3.9694668639787904 dE =  6.71049E-02
SCF Iteration 101: Energy = 3.9023612246365751 dE = -6.71056E-02
SCF Iteration 102: Energy = 3.9694662215152747 dE =  6.71050E-02
SCF Iteration 103: Energy = 3.9023606015773962 dE = -6.71056E-02
SCF Iteration 104: Energy = 3.9694657054880569 dE =  6.71051E-02
SCF Iteration 105: Energy = 3.9023601011356512 dE = -6.71056E-02
SCF Iteration 106: Energy = 3.9694652910149282 dE =  6.71052E-02
SCF Iteration 107: Energy = 3.9023596991806944 dE = -6.71056E-02
SCF Iteration 108: Energy = 3.9694649581102670 dE =  6.71053E-02
SCF Iteration 109: Energy = 3.9023593763305895 dE = -6.71056E-02
SCF Iteration 110: Energy = 3.9694646907215096 dE =  6.71053E-02
SCF Iteration 111: Energy = 3.9023591170176184 dE = -6.71056E-02
SCF Iteration 112: Energy = 3.9694644759551667 dE =  6.71054E-02
SCF Iteration 113: Energy = 3.9023589087377091 dE = -6.71056E-02
SCF Iteration 114: Energy = 3.9694643034551422 dE =  6.71054E-02
SCF Iteration 115: Energy = 3.9023587414475713 dE = -6.71056E-02
SCF Iteration 116: Energy = 3.9694641649033922 dE =  6.71054E-02
SCF Iteration 117: Energy = 3.9023586070803988 dE = -6.71056E-02
SCF Iteration 118: Energy = 3.9694640536188679 dE =  6.71054E-02
SCF Iteration 119: Energy = 3.9023584991568980 dE = -6.71056E-02
SCF Iteration 120: Energy = 3.9694639642353491 dE =  6.71055E-02
SCF Iteration 121: Energy = 3.9023584124729442 dE = -6.71056E-02
SCF Iteration 122: Energy = 3.9694638924426693 dE =  6.71055E-02
SCF Iteration 123: Energy = 3.9023583428485669 dE = -6.71055E-02
SCF Iteration 124: Energy = 3.9694638347789413 dE =  6.71055E-02
SCF Iteration 125: Energy = 3.9023582869263951 dE = -6.71055E-02
SCF Iteration 126: Energy = 3.9694637884635595 dE =  6.71055E-02
SCF Iteration 127: Energy = 3.9023582420098366 dE = -6.71055E-02
SCF Iteration 128: Energy = 3.9694637512631390 dE =  6.71055E-02
SCF Iteration 129: Energy = 3.9023582059329507 dE = -6.71055E-02
SCF Iteration 130: Energy = 3.9694637213838417 dE =  6.71055E-02
SCF Iteration 131: Energy = 3.9023581769560653 dE = -6.71055E-02
SCF Iteration 132: Energy = 3.9694636973848585 dE =  6.71055E-02
SCF Iteration 133: Energy = 3.9023581536818845 dE = -6.71055E-02
SCF Iteration 134: Energy = 3.9694636781089172 dE =  6.71055E-02
SCF Iteration 135: Energy = 3.9023581349881327 dE = -6.71055E-02
SCF Iteration 136: Energy = 3.9694636626265383 dE =  6.71055E-02
SCF Iteration 137: Energy = 3.9023581199733384 dE = -6.71055E-02
SCF Iteration 138: Energy = 3.9694636501911207 dE =  6.71055E-02
SCF Iteration 139: Energy = 3.9023581079135008 dE = -6.71055E-02
SCF Iteration 140: Energy = 3.9694636402030086 dE =  6.71055E-02
SCF Iteration 141: Energy = 3.9023580982270505 dE = -6.71055E-02
SCF Iteration 142: Energy = 3.9694636321805978 dE =  6.71055E-02
SCF Iteration 143: Energy = 3.9023580904469339 dE = -6.71055E-02
SCF Iteration 144: Energy = 3.9694636257370108 dE =  6.71055E-02
SCF Iteration 145: Energy = 3.9023580841979553 dE = -6.71055E-02
SCF Iteration 146: Energy = 3.9694636205615339 dE =  6.71055E-02
SCF Iteration 147: Energy = 3.9023580791787946 dE = -6.71055E-02
SCF Iteration 148: Energy = 3.9694636164046080 dE =  6.71055E-02
SCF Iteration 149: Energy = 3.9023580751474154 dE = -6.71055E-02
SCF Iteration 150: Energy = 3.9694636130657690 dE =  6.71055E-02
SCF Iteration 151: Energy = 3.9023580719094189 dE = -6.71055E-02
SCF Iteration 152: Energy = 3.9694636103840226 dE =  6.71055E-02
SCF Iteration 153: Energy = 3.9023580693086588 dE = -6.71055E-02
SCF Iteration 154: Energy = 3.9694636082300501 dE =  6.71055E-02
SCF Iteration 155: Energy = 3.9023580672197431 dE = -6.71055E-02
SCF Iteration 156: Energy = 3.9694636064999771 dE =  6.71055E-02
SCF Iteration 157: Energy = 3.9023580655419252 dE = -6.71055E-02
SCF Iteration 158: Energy = 3.9694636051104029 dE =  6.71055E-02
SCF Iteration 159: Energy = 3.9023580641943179 dE = -6.71055E-02
SCF Iteration 160: Energy = 3.9694636039942961 dE =  6.71055E-02
SCF Iteration 161: Energy = 3.9023580631119161 dE = -6.71055E-02
SCF Iteration 162: Energy = 3.9694636030978390 dE =  6.71055E-02
SCF Iteration 163: Energy = 3.9023580622425271 dE = -6.71055E-02
SCF Iteration 164: Energy = 3.9694636023777967 dE =  6.71055E-02
SCF Iteration 165: Energy = 3.9023580615442324 dE = -6.71055E-02
SCF Iteration 166: Energy = 3.9694636017994664 dE =  6.71055E-02
SCF Iteration 167: Energy = 3.9023580609833726 dE = -6.71055E-02
SCF Iteration 168: Energy = 3.9694636013349540 dE =  6.71055E-02
SCF Iteration 169: Energy = 3.9023580605328947 dE = -6.71055E-02
SCF Iteration 170: Energy = 3.9694636009618551 dE =  6.71055E-02
SCF Iteration 171: Energy = 3.9023580601710637 dE = -6.71055E-02
SCF Iteration 172: Energy = 3.9694636006621895 dE =  6.71055E-02
SCF Iteration 173: Energy = 3.9023580598804442 dE = -6.71055E-02
SCF Iteration 174: Energy = 3.9694636004215056 dE =  6.71055E-02
SCF Iteration 175: Energy = 3.9023580596470282 dE = -6.71055E-02
SCF Iteration 176: Energy = 3.9694636002281802 dE =  6.71055E-02
SCF Iteration 177: Energy = 3.9023580594595391 dE = -6.71055E-02
SCF Iteration 178: Energy = 3.9694636000729009 dE =  6.71055E-02
SCF Iteration 179: Energy = 3.9023580593089475 dE = -6.71055E-02
SCF Iteration 180: Energy = 3.9694635999481775 dE =  6.71055E-02
SCF Iteration 181: Energy = 3.9023580591879883 dE = -6.71055E-02
SCF Iteration 182: Energy = 3.9694635998479995 dE =  6.71055E-02
SCF Iteration 183: Energy = 3.9023580590908487 dE = -6.71055E-02
SCF Iteration 184: Energy = 3.9694635997675434 dE =  6.71055E-02
SCF Iteration 185: Energy = 3.9023580590128129 dE = -6.71055E-02
SCF Iteration 186: Energy = 3.9694635997029186 dE =  6.71055E-02
SCF Iteration 187: Energy = 3.9023580589501465 dE = -6.71055E-02
SCF Iteration 188: Energy = 3.9694635996510077 dE =  6.71055E-02
SCF Iteration 189: Energy = 3.9023580588998046 dE = -6.71055E-02
SCF Iteration 190: Energy = 3.9694635996093206 dE =  6.71055E-02
SCF Iteration 191: Energy = 3.9023580588593707 dE = -6.71055E-02
SCF Iteration 192: Energy = 3.9694635995758314 dE =  6.71055E-02
SCF Iteration 193: Energy = 3.9023580588269042 dE = -6.71055E-02
SCF Iteration 194: Energy = 3.9694635995489382 dE =  6.71055E-02
SCF Iteration 195: Energy = 3.9023580588008153 dE = -6.71055E-02
SCF Iteration 196: Energy = 3.9694635995273337 dE =  6.71055E-02
SCF Iteration 197: Energy = 3.9023580587798623 dE = -6.71055E-02
SCF Iteration 198: Energy = 3.9694635995099787 dE =  6.71055E-02
SCF Iteration 199: Energy = 3.9023580587630189 dE = -6.71055E-02
SCF Iteration 200: Energy = 3.9694635994960406 dE =  6.71055E-02
SCF Iteration 201: Energy = 3.9023580587495204 dE = -6.71055E-02
SCF Iteration 202: Energy = 3.9694635994848442 dE =  6.71055E-02
SCF Iteration 203: Energy = 3.9023580587386646 dE = -6.71055E-02
SCF Iteration 204: Energy = 3.9694635994758647 dE =  6.71055E-02
SCF Iteration 205: Energy = 3.9023580587299493 dE = -6.71055E-02
SCF Iteration 206: Energy = 3.9694635994686451 dE =  6.71055E-02
SCF Iteration 207: Energy = 3.9023580587229496 dE = -6.71055E-02
SCF Iteration 208: Energy = 3.9694635994628449 dE =  6.71055E-02
SCF Iteration 209: Energy = 3.9023580587173230 dE = -6.71055E-02
SCF Iteration 210: Energy = 3.9694635994581771 dE =  6.71055E-02
SCF Iteration 211: Energy = 3.9023580587128004 dE = -6.71055E-02
SCF Iteration 212: Energy = 3.9694635994544423 dE =  6.71055E-02
SCF Iteration 213: Energy = 3.9023580587091757 dE = -6.71055E-02
SCF Iteration 214: Energy = 3.9694635994514358 dE =  6.71055E-02
SCF Iteration 215: Energy = 3.9023580587062581 dE = -6.71055E-02
SCF Iteration 216: Energy = 3.9694635994490284 dE =  6.71055E-02
SCF Iteration 217: Energy = 3.9023580587039266 dE = -6.71055E-02
SCF Iteration 218: Energy = 3.9694635994470837 dE =  6.71055E-02
SCF Iteration 219: Energy = 3.9023580587020374 dE = -6.71055E-02
SCF Iteration 220: Energy = 3.9694635994455183 dE =  6.71055E-02
SCF Iteration 221: Energy = 3.9023580587005253 dE = -6.71055E-02
SCF Iteration 222: Energy = 3.9694635994442704 dE =  6.71055E-02
SCF Iteration 223: Energy = 3.9023580586993121 dE = -6.71055E-02
SCF Iteration 224: Energy = 3.9694635994432659 dE =  6.71055E-02
SCF Iteration 225: Energy = 3.9023580586983297 dE = -6.71055E-02
SCF Iteration 226: Energy = 3.9694635994424581 dE =  6.71055E-02
SCF Iteration 227: Energy = 3.9023580586975504 dE = -6.71055E-02
SCF Iteration 228: Energy = 3.9694635994418084 dE =  6.71055E-02
SCF Iteration 229: Energy = 3.9023580586969295 dE = -6.71055E-02
SCF Iteration 230: Energy = 3.9694635994412932 dE =  6.71055E-02
SCF Iteration 231: Energy = 3.9023580586964202 dE = -6.71055E-02
SCF Iteration 232: Energy = 3.9694635994408709 dE =  6.71055E-02
SCF Iteration 233: Energy = 3.9023580586960156 dE = -6.71055E-02
SCF Iteration 234: Energy = 3.9694635994405365 dE =  6.71055E-02
SCF Iteration 235: Energy = 3.9023580586956825 dE = -6.71055E-02
SCF Iteration 236: Energy = 3.9694635994402598 dE =  6.71055E-02
SCF Iteration 237: Energy = 3.9023580586954294 dE = -6.71055E-02
SCF Iteration 238: Energy = 3.9694635994400587 dE =  6.71055E-02
SCF Iteration 239: Energy = 3.9023580586952069 dE = -6.71055E-02
SCF Iteration 240: Energy = 3.9694635994398668 dE =  6.71055E-02
SCF Iteration 241: Energy = 3.9023580586950448 dE = -6.71055E-02
SCF Iteration 242: Energy = 3.9694635994397283 dE =  6.71055E-02
SCF Iteration 243: Energy = 3.9023580586949063 dE = -6.71055E-02
SCF Iteration 244: Energy = 3.9694635994396172 dE =  6.71055E-02
SCF Iteration 245: Energy = 3.9023580586947948 dE = -6.71055E-02
SCF Iteration 246: Energy = 3.9694635994395302 dE =  6.71055E-02
SCF Iteration 247: Energy = 3.9023580586947220 dE = -6.71055E-02
SCF Iteration 248: Energy = 3.9694635994394627 dE =  6.71055E-02
SCF Iteration 249: Energy = 3.9023580586946429 dE = -6.71055E-02
SCF Iteration 250: Energy = 3.9694635994394032 dE =  6.71055E-02
SCF Iteration 251: Energy = 3.9023580586945874 dE = -6.71055E-02
SCF Iteration 252: Energy = 3.9694635994393499 dE =  6.71055E-02
SCF Iteration 253: Energy = 3.9023580586945346 dE = -6.71055E-02
SCF Iteration 254: Energy = 3.9694635994393157 dE =  6.71055E-02
SCF Iteration 255: Energy = 3.9023580586944990 dE = -6.71055E-02
SCF Iteration 256: Energy = 3.9694635994392904 dE =  6.71055E-02
SCF Iteration 257: Energy = 3.9023580586944777 dE = -6.71055E-02
SCF Iteration 258: Energy = 3.9694635994392637 dE =  6.71055E-02
SCF Iteration 259: Energy = 3.9023580586944537 dE = -6.71055E-02
SCF Iteration 260: Energy = 3.9694635994392469 dE =  6.71055E-02
SCF Iteration 261: Energy = 3.9023580586944391 dE = -6.71055E-02
SCF Iteration 262: Energy = 3.9694635994392335 dE =  6.71055E-02
SCF Iteration 263: Energy = 3.9023580586944222 dE = -6.71055E-02
SCF Iteration 264: Energy = 3.9694635994392171 dE =  6.71055E-02
SCF Iteration 265: Energy = 3.9023580586944000 dE = -6.71055E-02
SCF Iteration 266: Energy = 3.9694635994392073 dE =  6.71055E-02
SCF Iteration 267: Energy = 3.9023580586943982 dE = -6.71055E-02
SCF Iteration 268: Energy = 3.9694635994391998 dE =  6.71055E-02
SCF Iteration 269: Energy = 3.9023580586943898 dE = -6.71055E-02
SCF Iteration 270: Energy = 3.9694635994391905 dE =  6.71055E-02
SCF Iteration 271: Energy = 3.9023580586943778 dE = -6.71055E-02
SCF Iteration 272: Energy = 3.9694635994391847 dE =  6.71055E-02
SCF Iteration 273: Energy = 3.9023580586943774 dE = -6.71055E-02
SCF Iteration 274: Energy = 3.9694635994391798 dE =  6.71055E-02
SCF Iteration 275: Energy = 3.9023580586943774 dE = -6.71055E-02
SCF Iteration 276: Energy = 3.9694635994391798 dE =  6.71055E-02
SCF Iteration 277: Energy = 3.9023580586943734 dE = -6.71055E-02
SCF Iteration 278: Energy = 3.9694635994391794 dE =  6.71055E-02
SCF Iteration 279: Energy = 3.9023580586943667 dE = -6.71055E-02
SCF Iteration 280: Energy = 3.9694635994391705 dE =  6.71055E-02
SCF Iteration 281: Energy = 3.9023580586943574 dE = -6.71055E-02
SCF Iteration 282: Energy = 3.9694635994391723 dE =  6.71055E-02
SCF Iteration 283: Energy = 3.9023580586943614 dE = -6.71055E-02
SCF Iteration 284: Energy = 3.9694635994391709 dE =  6.71055E-02
SCF Iteration 285: Energy = 3.9023580586943618 dE = -6.71055E-02
SCF Iteration 286: Energy = 3.9694635994391669 dE =  6.71055E-02
SCF Iteration 287: Energy = 3.9023580586943583 dE = -6.71055E-02
SCF Iteration 288: Energy = 3.9694635994391718 dE =  6.71055E-02
SCF Iteration 289: Energy = 3.9023580586943538 dE = -6.71055E-02
SCF Iteration 290: Energy = 3.9694635994391652 dE =  6.71055E-02
SCF Iteration 291: Energy = 3.9023580586943636 dE = -6.71055E-02
SCF Iteration 292: Energy = 3.9694635994391714 dE =  6.71055E-02
SCF Iteration 293: Energy = 3.9023580586943654 dE = -6.71055E-02
SCF Iteration 294: Energy = 3.9694635994391674 dE =  6.71055E-02
SCF Iteration 295: Energy = 3.9023580586943618 dE = -6.71055E-02
SCF Iteration 296: Energy = 3.9694635994391687 dE =  6.71055E-02
SCF Iteration 297: Energy = 3.9023580586943658 dE = -6.71055E-02
SCF Iteration 298: Energy = 3.9694635994391745 dE =  6.71055E-02
SCF Iteration 299: Energy = 3.9023580586943569 dE = -6.71055E-02
SCF Iteration 300: Energy = 3.9694635994391669 dE =  6.71055E-02
SCF Iteration 301: Energy = 3.9023580586943609 dE = -6.71055E-02
SCF Iteration 302: Energy = 3.9694635994391678 dE =  6.71055E-02
SCF Iteration 303: Energy = 3.9023580586943738 dE = -6.71055E-02
SCF Iteration 304: Energy = 3.9694635994391732 dE =  6.71055E-02
SCF Iteration 305: Energy = 3.9023580586943716 dE = -6.71055E-02
SCF Iteration 306: Energy = 3.9694635994391674 dE =  6.71055E-02
SCF Iteration 307: Energy = 3.9023580586943627 dE = -6.71055E-02
SCF Iteration 308: Energy = 3.9694635994391723 dE =  6.71055E-02
SCF Iteration 309: Energy = 3.9023580586943618 dE = -6.71055E-02
SCF Iteration 310: Energy = 3.9694635994391692 dE =  6.71055E-02
SCF Iteration 311: Energy = 3.9023580586943662 dE = -6.71055E-02
SCF Iteration 312: Energy = 3.9694635994391714 dE =  6.71055E-02
SCF Iteration 313: Energy = 3.9023580586943618 dE = -6.71055E-02
SCF Iteration 314: Energy = 3.9694635994391705 dE =  6.71055E-02
SCF Iteration 315: Energy = 3.9023580586943583 dE = -6.71055E-02
SCF Iteration 316: Energy = 3.9694635994391665 dE =  6.71055E-02
SCF Iteration 317: Energy = 3.9023580586943618 dE = -6.71055E-02
SCF Iteration 318: Energy = 3.9694635994391723 dE =  6.71055E-02
SCF Iteration 319: Energy = 3.9023580586943609 dE = -6.71055E-02
SCF Iteration 320: Energy = 3.9694635994391683 dE =  6.71055E-02
SCF Iteration 321: Energy = 3.9023580586943538 dE = -6.71055E-02
SCF Iteration 322: Energy = 3.9694635994391625 dE =  6.71055E-02
SCF Iteration 323: Energy = 3.9023580586943547 dE = -6.71055E-02
SCF Iteration 324: Energy = 3.9694635994391678 dE =  6.71055E-02
SCF Iteration 325: Energy = 3.9023580586943476 dE = -6.71055E-02
SCF Iteration 326: Energy = 3.9694635994391674 dE =  6.71055E-02
SCF Iteration 327: Energy = 3.9023580586943649 dE = -6.71055E-02
SCF Iteration 328: Energy = 3.9694635994391625 dE =  6.71055E-02
SCF Iteration 329: Energy = 3.9023580586943507 dE = -6.71055E-02
SCF Iteration 330: Energy = 3.9694635994391643 dE =  6.71055E-02
SCF Iteration 331: Energy = 3.9023580586943583 dE = -6.71055E-02
SCF Iteration 332: Energy = 3.9694635994391652 dE =  6.71055E-02
SCF Iteration 333: Energy = 3.9023580586943600 dE = -6.71055E-02
SCF Iteration 334: Energy = 3.9694635994391665 dE =  6.71055E-02
SCF Iteration 335: Energy = 3.9023580586943627 dE = -6.71055E-02
SCF Iteration 336: Energy = 3.9694635994391638 dE =  6.71055E-02
SCF Iteration 337: Energy = 3.9023580586943560 dE = -6.71055E-02
SCF Iteration 338: Energy = 3.9694635994391625 dE =  6.71055E-02
SCF Iteration 339: Energy = 3.9023580586943556 dE = -6.71055E-02
SCF Iteration 340: Energy = 3.9694635994391643 dE =  6.71055E-02
SCF Iteration 341: Energy = 3.9023580586943618 dE = -6.71055E-02
SCF Iteration 342: Energy = 3.9694635994391643 dE =  6.71055E-02
SCF Iteration 343: Energy = 3.9023580586943658 dE = -6.71055E-02
SCF Iteration 344: Energy = 3.9694635994391652 dE =  6.71055E-02
SCF Iteration 345: Energy = 3.9023580586943569 dE = -6.71055E-02
SCF Iteration 346: Energy = 3.9694635994391536 dE =  6.71055E-02
SCF Iteration 347: Energy = 3.9023580586943609 dE = -6.71055E-02
SCF Iteration 348: Energy = 3.9694635994391625 dE =  6.71055E-02
SCF Iteration 349: Energy = 3.9023580586943538 dE = -6.71055E-02
SCF Iteration 350: Energy = 3.9694635994391709 dE =  6.71055E-02
SCF Iteration 351: Energy = 3.9023580586943591 dE = -6.71055E-02
SCF Iteration 352: Energy = 3.9694635994391634 dE =  6.71055E-02
SCF Iteration 353: Energy = 3.9023580586943627 dE = -6.71055E-02
SCF Iteration 354: Energy = 3.9694635994391643 dE =  6.71055E-02
SCF Iteration 355: Energy = 3.9023580586943645 dE = -6.71055E-02
SCF Iteration 356: Energy = 3.9694635994391687 dE =  6.71055E-02
SCF Iteration 357: Energy = 3.9023580586943600 dE = -6.71055E-02
SCF Iteration 358: Energy = 3.9694635994391598 dE =  6.71055E-02
SCF Iteration 359: Energy = 3.9023580586943574 dE = -6.71055E-02
SCF Iteration 360: Energy = 3.9694635994391607 dE =  6.71055E-02
SCF Iteration 361: Energy = 3.9023580586943520 dE = -6.71055E-02
SCF Iteration 362: Energy = 3.9694635994391687 dE =  6.71055E-02
SCF Iteration 363: Energy = 3.9023580586943609 dE = -6.71055E-02
SCF Iteration 364: Energy = 3.9694635994391643 dE =  6.71055E-02
SCF Iteration 365: Energy = 3.9023580586943591 dE = -6.71055E-02
SCF Iteration 366: Energy = 3.9694635994391683 dE =  6.71055E-02
SCF Iteration 367: Energy = 3.9023580586943614 dE = -6.71055E-02
SCF Iteration 368: Energy = 3.9694635994391634 dE =  6.71055E-02
SCF Iteration 369: Energy = 3.9023580586943645 dE = -6.71055E-02
SCF Iteration 370: Energy = 3.9694635994391692 dE =  6.71055E-02
SCF Iteration 371: Energy = 3.9023580586943591 dE = -6.71055E-02
SCF Iteration 372: Energy = 3.9694635994391616 dE =  6.71055E-02
SCF Iteration 373: Energy = 3.9023580586943512 dE = -6.71055E-02
SCF Iteration 374: Energy = 3.9694635994391656 dE =  6.71055E-02
SCF Iteration 375: Energy = 3.9023580586943574 dE = -6.71055E-02
SCF Iteration 376: Energy = 3.9694635994391634 dE =  6.71055E-02
SCF Iteration 377: Energy = 3.9023580586943627 dE = -6.71055E-02
SCF Iteration 378: Energy = 3.9694635994391714 dE =  6.71055E-02
SCF Iteration 379: Energy = 3.9023580586943565 dE = -6.71055E-02
SCF Iteration 380: Energy = 3.9694635994391683 dE =  6.71055E-02
SCF Iteration 381: Energy = 3.9023580586943618 dE = -6.71055E-02
SCF Iteration 382: Energy = 3.9694635994391705 dE =  6.71055E-02
SCF Iteration 383: Energy = 3.9023580586943591 dE = -6.71055E-02
SCF Iteration 384: Energy = 3.9694635994391714 dE =  6.71055E-02
SCF Iteration 385: Energy = 3.9023580586943556 dE = -6.71055E-02
SCF Iteration 386: Energy = 3.9694635994391678 dE =  6.71055E-02
SCF Iteration 387: Energy = 3.9023580586943529 dE = -6.71055E-02
SCF Iteration 388: Energy = 3.9694635994391709 dE =  6.71055E-02
SCF Iteration 389: Energy = 3.9023580586943565 dE = -6.71055E-02
SCF Iteration 390: Energy = 3.9694635994391634 dE =  6.71055E-02
SCF Iteration 391: Energy = 3.9023580586943689 dE = -6.71055E-02
SCF Iteration 392: Energy = 3.9694635994391678 dE =  6.71055E-02
SCF Iteration 393: Energy = 3.9023580586943636 dE = -6.71055E-02
SCF Iteration 394: Energy = 3.9694635994391714 dE =  6.71055E-02
SCF Iteration 395: Energy = 3.9023580586943583 dE = -6.71055E-02
SCF Iteration 396: Energy = 3.9694635994391678 dE =  6.71055E-02
SCF Iteration 397: Energy = 3.9023580586943680 dE = -6.71055E-02
SCF Iteration 398: Energy = 3.9694635994391669 dE =  6.71055E-02
SCF Iteration 399: Energy = 3.9023580586943698 dE = -6.71055E-02
SCF Iteration 400: Energy = 3.9694635994391714 dE =  6.71055E-02
SCF Iteration 401: Energy = 3.9023580586943694 dE = -6.71055E-02
SCF Iteration 402: Energy = 3.9694635994391656 dE =  6.71055E-02
SCF Iteration 403: Energy = 3.9023580586943627 dE = -6.71055E-02
SCF Iteration 404: Energy = 3.9694635994391678 dE =  6.71055E-02
SCF Iteration 405: Energy = 3.9023580586943658 dE = -6.71055E-02
SCF Iteration 406: Energy = 3.9694635994391696 dE =  6.71055E-02
SCF Iteration 407: Energy = 3.9023580586943738 dE = -6.71055E-02
SCF Iteration 408: Energy = 3.9694635994391727 dE =  6.71055E-02
SCF Iteration 409: Energy = 3.9023580586943636 dE = -6.71055E-02
SCF Iteration 410: Energy = 3.9694635994391696 dE =  6.71055E-02
SCF Iteration 411: Energy = 3.9023580586943591 dE = -6.71055E-02
SCF Iteration 412: Energy = 3.9694635994391687 dE =  6.71055E-02
SCF Iteration 413: Energy = 3.9023580586943578 dE = -6.71055E-02
SCF Iteration 414: Energy = 3.9694635994391732 dE =  6.71055E-02
SCF Iteration 415: Energy = 3.9023580586943591 dE = -6.71055E-02
SCF Iteration 416: Energy = 3.9694635994391652 dE =  6.71055E-02
SCF Iteration 417: Energy = 3.9023580586943609 dE = -6.71055E-02
SCF Iteration 418: Energy = 3.9694635994391678 dE =  6.71055E-02
SCF Iteration 419: Energy = 3.9023580586943654 dE = -6.71055E-02
SCF Iteration 420: Energy = 3.9694635994391700 dE =  6.71055E-02
SCF Iteration 421: Energy = 3.9023580586943671 dE = -6.71055E-02
SCF Iteration 422: Energy = 3.9694635994391718 dE =  6.71055E-02
SCF Iteration 423: Energy = 3.9023580586943640 dE = -6.71055E-02
SCF Iteration 424: Energy = 3.9694635994391700 dE =  6.71055E-02
SCF Iteration 425: Energy = 3.9023580586943605 dE = -6.71055E-02
SCF Iteration 426: Energy = 3.9694635994391687 dE =  6.71055E-02
SCF Iteration 427: Energy = 3.9023580586943627 dE = -6.71055E-02
SCF Iteration 428: Energy = 3.9694635994391692 dE =  6.71055E-02
SCF Iteration 429: Energy = 3.9023580586943609 dE = -6.71055E-02
SCF Iteration 430: Energy = 3.9694635994391683 dE =  6.71055E-02
SCF Iteration 431: Energy = 3.9023580586943565 dE = -6.71055E-02
SCF Iteration 432: Energy = 3.9694635994391647 dE =  6.71055E-02
SCF Iteration 433: Energy = 3.9023580586943556 dE = -6.71055E-02
SCF Iteration 434: Energy = 3.9694635994391612 dE =  6.71055E-02
SCF Iteration 435: Energy = 3.9023580586943538 dE = -6.71055E-02
SCF Iteration 436: Energy = 3.9694635994391603 dE =  6.71055E-02
SCF Iteration 437: Energy = 3.9023580586943600 dE = -6.71055E-02
SCF Iteration 438: Energy = 3.9694635994391616 dE =  6.71055E-02
SCF Iteration 439: Energy = 3.9023580586943485 dE = -6.71055E-02
SCF Iteration 440: Energy = 3.9694635994391585 dE =  6.71055E-02
SCF Iteration 441: Energy = 3.9023580586943591 dE = -6.71055E-02
SCF Iteration 442: Energy = 3.9694635994391643 dE =  6.71055E-02
SCF Iteration 443: Energy = 3.9023580586943583 dE = -6.71055E-02
SCF Iteration 444: Energy = 3.9694635994391660 dE =  6.71055E-02
SCF Iteration 445: Energy = 3.9023580586943587 dE = -6.71055E-02
SCF Iteration 446: Energy = 3.9694635994391638 dE =  6.71055E-02
SCF Iteration 447: Energy = 3.9023580586943525 dE = -6.71055E-02
SCF Iteration 448: Energy = 3.9694635994391629 dE =  6.71055E-02
SCF Iteration 449: Energy = 3.9023580586943565 dE = -6.71055E-02
SCF Iteration 450: Energy = 3.9694635994391652 dE =  6.71055E-02
SCF Iteration 451: Energy = 3.9023580586943618 dE = -6.71055E-02
SCF Iteration 452: Energy = 3.9694635994391625 dE =  6.71055E-02
SCF Iteration 453: Energy = 3.9023580586943627 dE = -6.71055E-02
SCF Iteration 454: Energy = 3.9694635994391652 dE =  6.71055E-02
SCF Iteration 455: Energy = 3.9023580586943591 dE = -6.71055E-02
SCF Iteration 456: Energy = 3.9694635994391732 dE =  6.71055E-02
SCF Iteration 457: Energy = 3.9023580586943636 dE = -6.71055E-02
SCF Iteration 458: Energy = 3.9694635994391669 dE =  6.71055E-02
SCF Iteration 459: Energy = 3.9023580586943658 dE = -6.71055E-02
SCF Iteration 460: Energy = 3.9694635994391647 dE =  6.71055E-02
SCF Iteration 461: Energy = 3.9023580586943556 dE = -6.71055E-02
SCF Iteration 462: Energy = 3.9694635994391700 dE =  6.71055E-02
SCF Iteration 463: Energy = 3.9023580586943631 dE = -6.71055E-02
SCF Iteration 464: Energy = 3.9694635994391696 dE =  6.71055E-02
SCF Iteration 465: Energy = 3.9023580586943609 dE = -6.71055E-02
SCF Iteration 466: Energy = 3.9694635994391625 dE =  6.71055E-02
SCF Iteration 467: Energy = 3.9023580586943614 dE = -6.71055E-02
SCF Iteration 468: Energy = 3.9694635994391643 dE =  6.71055E-02
SCF Iteration 469: Energy = 3.9023580586943596 dE = -6.71055E-02
SCF Iteration 470: Energy = 3.9694635994391572 dE =  6.71055E-02
SCF Iteration 471: Energy = 3.9023580586943565 dE = -6.71055E-02
SCF Iteration 472: Energy = 3.9694635994391581 dE =  6.71055E-02
SCF Iteration 473: Energy = 3.9023580586943547 dE = -6.71055E-02
SCF Iteration 474: Energy = 3.9694635994391692 dE =  6.71055E-02
SCF Iteration 475: Energy = 3.9023580586943507 dE = -6.71055E-02
SCF Iteration 476: Energy = 3.9694635994391572 dE =  6.71055E-02
SCF Iteration 477: Energy = 3.9023580586943467 dE = -6.71055E-02
SCF Iteration 478: Energy = 3.9694635994391607 dE =  6.71055E-02
SCF Iteration 479: Energy = 3.9023580586943516 dE = -6.71055E-02
SCF Iteration 480: Energy = 3.9694635994391665 dE =  6.71055E-02
SCF Iteration 481: Energy = 3.9023580586943631 dE = -6.71055E-02
SCF Iteration 482: Energy = 3.9694635994391687 dE =  6.71055E-02
SCF Iteration 483: Energy = 3.9023580586943565 dE = -6.71055E-02
SCF Iteration 484: Energy = 3.9694635994391665 dE =  6.71055E-02
SCF Iteration 485: Energy = 3.9023580586943529 dE = -6.71055E-02
SCF Iteration 486: Energy = 3.9694635994391594 dE =  6.71055E-02
SCF Iteration 487: Energy = 3.9023580586943538 dE = -6.71055E-02
SCF Iteration 488: Energy = 3.9694635994391612 dE =  6.71055E-02
SCF Iteration 489: Energy = 3.9023580586943574 dE = -6.71055E-02
SCF Iteration 490: Energy = 3.9694635994391656 dE =  6.71055E-02
SCF Iteration 491: Energy = 3.9023580586943503 dE = -6.71055E-02
SCF Iteration 492: Energy = 3.9694635994391620 dE =  6.71055E-02
SCF Iteration 493: Energy = 3.9023580586943556 dE = -6.71055E-02
SCF Iteration 494: Energy = 3.9694635994391696 dE =  6.71055E-02
SCF Iteration 495: Energy = 3.9023580586943525 dE = -6.71055E-02
SCF Iteration 496: Energy = 3.9694635994391612 dE =  6.71055E-02
SCF Iteration 497: Energy = 3.9023580586943649 dE = -6.71055E-02
SCF Iteration 498: Energy = 3.9694635994391652 dE =  6.71055E-02
SCF Iteration 499: Energy = 3.9023580586943503 dE = -6.71055E-02
SCF Iteration 500: Energy = 3.9694635994391594 dE =  6.71055E-02
