
  Memory set to  55.879 GiB by Python driver.
  Threads set to 1 by Python driver.
Settings:
	LOT = CCSD-S2-U22
	wc = 20.0 eV
	lambda = [0.848697 0.       0.      ] a.u.
	Equivalent A0 = LAMBDA / sqrt(2 wc) = [0.7 0.  0. ])
doing QED-CCSD-Full (or QED-CCSD-22)
Number of occupied orbitals:   1
Number of basis functions:  60
SCF Iteration   1: Energy = 1.6134916739475234 dE =  1.61349E+00
SCF Iteration   2: Energy = 2.2520968061492446 dE =  6.38605E-01
SCF Iteration   3: Energy = 1.8064079882754167 dE = -4.45689E-01
SCF Iteration   4: Energy = 2.2178002428430776 dE =  4.11392E-01
SCF Iteration   5: Energy = 1.8427499181913882 dE = -3.75050E-01
SCF Iteration   6: Energy = 2.2043001620680043 dE =  3.61550E-01
SCF Iteration   7: Energy = 1.8473615994229760 dE = -3.56939E-01
SCF Iteration   8: Energy = 2.1956291640078733 dE =  3.48268E-01
SCF Iteration   9: Energy = 1.8446988335528203 dE = -3.50930E-01
SCF Iteration  10: Energy = 2.1892525539376209 dE =  3.44554E-01
SCF Iteration  11: Energy = 1.8404679624741647 dE = -3.48785E-01
SCF Iteration  12: Energy = 2.1844172961638550 dE =  3.43949E-01
SCF Iteration  13: Energy = 1.8363924632187256 dE = -3.48025E-01
SCF Iteration  14: Energy = 2.1807871607155032 dE =  3.44395E-01
SCF Iteration  15: Energy = 1.8329951519069190 dE = -3.47792E-01
SCF Iteration  16: Energy = 2.1781125248362936 dE =  3.45117E-01
SCF Iteration  17: Energy = 1.8303529573145654 dE = -3.47760E-01
SCF Iteration  18: Energy = 2.1761752598179647 dE =  3.45822E-01
SCF Iteration  19: Energy = 1.8283785033646422 dE = -3.47797E-01
SCF Iteration  20: Energy = 2.1747905173782591 dE =  3.46412E-01
SCF Iteration  21: Energy = 1.8269395211659161 dE = -3.47851E-01
SCF Iteration  22: Energy = 2.1738102608475769 dE =  3.46871E-01
SCF Iteration  23: Energy = 1.8259078839986387 dE = -3.47902E-01
SCF Iteration  24: Energy = 2.1731211502516521 dE =  3.47213E-01
SCF Iteration  25: Energy = 1.8251764394289105 dE = -3.47945E-01
SCF Iteration  26: Energy = 2.1726391091606452 dE =  3.47463E-01
SCF Iteration  27: Energy = 1.8246617749595364 dE = -3.47977E-01
SCF Iteration  28: Energy = 2.1723031042121650 dE =  3.47641E-01
SCF Iteration  29: Energy = 1.8243015603157011 dE = -3.48002E-01
SCF Iteration  30: Energy = 2.1720694817016288 dE =  3.47768E-01
SCF Iteration  31: Energy = 1.8240503837565831 dE = -3.48019E-01
SCF Iteration  32: Energy = 2.1719073364906607 dE =  3.47857E-01
SCF Iteration  33: Energy = 1.8238757001390979 dE = -3.48032E-01
SCF Iteration  34: Energy = 2.1717949442022273 dE =  3.47919E-01
SCF Iteration  35: Energy = 1.8237544415539140 dE = -3.48041E-01
SCF Iteration  36: Energy = 2.1717171100244581 dE =  3.47963E-01
SCF Iteration  37: Energy = 1.8236703806863219 dE = -3.48047E-01
SCF Iteration  38: Energy = 2.1716632435303533 dE =  3.47993E-01
SCF Iteration  39: Energy = 1.8236121620706043 dE = -3.48051E-01
SCF Iteration  40: Energy = 2.1716259818479284 dE =  3.48014E-01
SCF Iteration  41: Energy = 1.8235718686397124 dE = -3.48054E-01
SCF Iteration  42: Energy = 2.1716002151095073 dE =  3.48028E-01
SCF Iteration  43: Energy = 1.8235439949197381 dE = -3.48056E-01
SCF Iteration  44: Energy = 2.1715824015328753 dE =  3.48038E-01
SCF Iteration  45: Energy = 1.8235247194972444 dE = -3.48058E-01
SCF Iteration  46: Energy = 2.1715700884383944 dE =  3.48045E-01
SCF Iteration  47: Energy = 1.8235113933660667 dE = -3.48059E-01
SCF Iteration  48: Energy = 2.1715615784488964 dE =  3.48050E-01
SCF Iteration  49: Energy = 1.8235021819540433 dE = -3.48059E-01
SCF Iteration  50: Energy = 2.1715556974396453 dE =  3.48054E-01
SCF Iteration  51: Energy = 1.8234958155775804 dE = -3.48060E-01
SCF Iteration  52: Energy = 2.1715516335050360 dE =  3.48056E-01
SCF Iteration  53: Energy = 1.8234914159267337 dE = -3.48060E-01
SCF Iteration  54: Energy = 2.1715488253475792 dE =  3.48057E-01
SCF Iteration  55: Energy = 1.8234883756351383 dE = -3.48060E-01
SCF Iteration  56: Energy = 2.1715468849900539 dE =  3.48059E-01
SCF Iteration  57: Energy = 1.8234862748021037 dE = -3.48061E-01
SCF Iteration  58: Energy = 2.1715455442897973 dE =  3.48059E-01
SCF Iteration  59: Energy = 1.8234848231820813 dE = -3.48061E-01
SCF Iteration  60: Energy = 2.1715446179417786 dE =  3.48060E-01
SCF Iteration  61: Energy = 1.8234838201757566 dE = -3.48061E-01
SCF Iteration  62: Energy = 2.1715439778956118 dE =  3.48060E-01
SCF Iteration  63: Energy = 1.8234831271542453 dE = -3.48061E-01
SCF Iteration  64: Energy = 2.1715435356692887 dE =  3.48060E-01
SCF Iteration  65: Energy = 1.8234826483210416 dE = -3.48061E-01
SCF Iteration  66: Energy = 2.1715432301243380 dE =  3.48061E-01
SCF Iteration  67: Energy = 1.8234823174811878 dE = -3.48061E-01
SCF Iteration  68: Energy = 2.1715430190168457 dE =  3.48061E-01
SCF Iteration  69: Energy = 1.8234820888957564 dE = -3.48061E-01
SCF Iteration  70: Energy = 2.1715428731586766 dE =  3.48061E-01
SCF Iteration  71: Energy = 1.8234819309611798 dE = -3.48061E-01
SCF Iteration  72: Energy = 2.1715427723827427 dE =  3.48061E-01
SCF Iteration  73: Energy = 1.8234818218411535 dE = -3.48061E-01
SCF Iteration  74: Energy = 2.1715427027550125 dE =  3.48061E-01
SCF Iteration  75: Energy = 1.8234817464482242 dE = -3.48061E-01
SCF Iteration  76: Energy = 2.1715426546481540 dE =  3.48061E-01
SCF Iteration  77: Energy = 1.8234816943580281 dE = -3.48061E-01
SCF Iteration  78: Energy = 2.1715426214104170 dE =  3.48061E-01
SCF Iteration  79: Energy = 1.8234816583681104 dE = -3.48061E-01
SCF Iteration  80: Energy = 2.1715425984459920 dE =  3.48061E-01
SCF Iteration  81: Energy = 1.8234816335021464 dE = -3.48061E-01
SCF Iteration  82: Energy = 2.1715425825795522 dE =  3.48061E-01
SCF Iteration  83: Energy = 1.8234816163218976 dE = -3.48061E-01
SCF Iteration  84: Energy = 2.1715425716172061 dE =  3.48061E-01
SCF Iteration  85: Energy = 1.8234816044518185 dE = -3.48061E-01
SCF Iteration  86: Energy = 2.1715425640431754 dE =  3.48061E-01
SCF Iteration  87: Energy = 1.8234815962506201 dE = -3.48061E-01
SCF Iteration  88: Energy = 2.1715425588101711 dE =  3.48061E-01
SCF Iteration  89: Energy = 1.8234815905842976 dE = -3.48061E-01
SCF Iteration  90: Energy = 2.1715425551946193 dE =  3.48061E-01
SCF Iteration  91: Energy = 1.8234815866693634 dE = -3.48061E-01
SCF Iteration  92: Energy = 2.1715425526965828 dE =  3.48061E-01
SCF Iteration  93: Energy = 1.8234815839644747 dE = -3.48061E-01
SCF Iteration  94: Energy = 2.1715425509706607 dE =  3.48061E-01
SCF Iteration  95: Energy = 1.8234815820956363 dE = -3.48061E-01
SCF Iteration  96: Energy = 2.1715425497781911 dE =  3.48061E-01
SCF Iteration  97: Energy = 1.8234815808044273 dE = -3.48061E-01
SCF Iteration  98: Energy = 2.1715425489543065 dE =  3.48061E-01
SCF Iteration  99: Energy = 1.8234815799123143 dE = -3.48061E-01
SCF Iteration 100: Energy = 2.1715425483850694 dE =  3.48061E-01
SCF Iteration 101: Energy = 1.8234815792959420 dE = -3.48061E-01
SCF Iteration 102: Energy = 2.1715425479917765 dE =  3.48061E-01
SCF Iteration 103: Energy = 1.8234815788700840 dE = -3.48061E-01
SCF Iteration 104: Energy = 2.1715425477200418 dE =  3.48061E-01
SCF Iteration 105: Energy = 1.8234815785758500 dE = -3.48061E-01
SCF Iteration 106: Energy = 2.1715425475322987 dE =  3.48061E-01
SCF Iteration 107: Energy = 1.8234815783725664 dE = -3.48061E-01
SCF Iteration 108: Energy = 2.1715425474025900 dE =  3.48061E-01
SCF Iteration 109: Energy = 1.8234815782321108 dE = -3.48061E-01
SCF Iteration 110: Energy = 2.1715425473129679 dE =  3.48061E-01
SCF Iteration 111: Energy = 1.8234815781350675 dE = -3.48061E-01
SCF Iteration 112: Energy = 2.1715425472510486 dE =  3.48061E-01
SCF Iteration 113: Energy = 1.8234815780680189 dE = -3.48061E-01
SCF Iteration 114: Energy = 2.1715425472082672 dE =  3.48061E-01
SCF Iteration 115: Energy = 1.8234815780216964 dE = -3.48061E-01
SCF Iteration 116: Energy = 2.1715425471787073 dE =  3.48061E-01
SCF Iteration 117: Energy = 1.8234815779896865 dE = -3.48061E-01
SCF Iteration 118: Energy = 2.1715425471582863 dE =  3.48061E-01
SCF Iteration 119: Energy = 1.8234815779675784 dE = -3.48061E-01
SCF Iteration 120: Energy = 2.1715425471441754 dE =  3.48061E-01
SCF Iteration 121: Energy = 1.8234815779522973 dE = -3.48061E-01
SCF Iteration 122: Energy = 2.1715425471344267 dE =  3.48061E-01
SCF Iteration 123: Energy = 1.8234815779417404 dE = -3.48061E-01
SCF Iteration 124: Energy = 2.1715425471276926 dE =  3.48061E-01
SCF Iteration 125: Energy = 1.8234815779344498 dE = -3.48061E-01
SCF Iteration 126: Energy = 2.1715425471230425 dE =  3.48061E-01
SCF Iteration 127: Energy = 1.8234815779294093 dE = -3.48061E-01
SCF Iteration 128: Energy = 2.1715425471198189 dE =  3.48061E-01
SCF Iteration 129: Energy = 1.8234815779259228 dE = -3.48061E-01
SCF Iteration 130: Energy = 2.1715425471175980 dE =  3.48061E-01
SCF Iteration 131: Energy = 1.8234815779235229 dE = -3.48061E-01
SCF Iteration 132: Energy = 2.1715425471160681 dE =  3.48061E-01
SCF Iteration 133: Energy = 1.8234815779218625 dE = -3.48061E-01
SCF Iteration 134: Energy = 2.1715425471150067 dE =  3.48061E-01
SCF Iteration 135: Energy = 1.8234815779207132 dE = -3.48061E-01
SCF Iteration 136: Energy = 2.1715425471142744 dE =  3.48061E-01
SCF Iteration 137: Energy = 1.8234815779199214 dE = -3.48061E-01
SCF Iteration 138: Energy = 2.1715425471137704 dE =  3.48061E-01
SCF Iteration 139: Energy = 1.8234815779193734 dE = -3.48061E-01
SCF Iteration 140: Energy = 2.1715425471134200 dE =  3.48061E-01
SCF Iteration 141: Energy = 1.8234815779189950 dE = -3.48061E-01
SCF Iteration 142: Energy = 2.1715425471131793 dE =  3.48061E-01
SCF Iteration 143: Energy = 1.8234815779187330 dE = -3.48061E-01
SCF Iteration 144: Energy = 2.1715425471130119 dE =  3.48061E-01
SCF Iteration 145: Energy = 1.8234815779185536 dE = -3.48061E-01
SCF Iteration 146: Energy = 2.1715425471128955 dE =  3.48061E-01
SCF Iteration 147: Energy = 1.8234815779184270 dE = -3.48061E-01
SCF Iteration 148: Energy = 2.1715425471128156 dE =  3.48061E-01
SCF Iteration 149: Energy = 1.8234815779183382 dE = -3.48061E-01
SCF Iteration 150: Energy = 2.1715425471127587 dE =  3.48061E-01
SCF Iteration 151: Energy = 1.8234815779182836 dE = -3.48061E-01
SCF Iteration 152: Energy = 2.1715425471127241 dE =  3.48061E-01
SCF Iteration 153: Energy = 1.8234815779182401 dE = -3.48061E-01
SCF Iteration 154: Energy = 2.1715425471126948 dE =  3.48061E-01
SCF Iteration 155: Energy = 1.8234815779182125 dE = -3.48061E-01
SCF Iteration 156: Energy = 2.1715425471126735 dE =  3.48061E-01
SCF Iteration 157: Energy = 1.8234815779181908 dE = -3.48061E-01
SCF Iteration 158: Energy = 2.1715425471126668 dE =  3.48061E-01
SCF Iteration 159: Energy = 1.8234815779181739 dE = -3.48061E-01
SCF Iteration 160: Energy = 2.1715425471126566 dE =  3.48061E-01
SCF Iteration 161: Energy = 1.8234815779181699 dE = -3.48061E-01
SCF Iteration 162: Energy = 2.1715425471126504 dE =  3.48061E-01
SCF Iteration 163: Energy = 1.8234815779181592 dE = -3.48061E-01
SCF Iteration 164: Energy = 2.1715425471126490 dE =  3.48061E-01
SCF Iteration 165: Energy = 1.8234815779181619 dE = -3.48061E-01
SCF Iteration 166: Energy = 2.1715425471126393 dE =  3.48061E-01
SCF Iteration 167: Energy = 1.8234815779181517 dE = -3.48061E-01
SCF Iteration 168: Energy = 2.1715425471126375 dE =  3.48061E-01
SCF Iteration 169: Energy = 1.8234815779181530 dE = -3.48061E-01
SCF Iteration 170: Energy = 2.1715425471126459 dE =  3.48061E-01
SCF Iteration 171: Energy = 1.8234815779181552 dE = -3.48061E-01
SCF Iteration 172: Energy = 2.1715425471126388 dE =  3.48061E-01
SCF Iteration 173: Energy = 1.8234815779181504 dE = -3.48061E-01
SCF Iteration 174: Energy = 2.1715425471126415 dE =  3.48061E-01
SCF Iteration 175: Energy = 1.8234815779181486 dE = -3.48061E-01
SCF Iteration 176: Energy = 2.1715425471126375 dE =  3.48061E-01
SCF Iteration 177: Energy = 1.8234815779181450 dE = -3.48061E-01
SCF Iteration 178: Energy = 2.1715425471126331 dE =  3.48061E-01
SCF Iteration 179: Energy = 1.8234815779181424 dE = -3.48061E-01
SCF Iteration 180: Energy = 2.1715425471126339 dE =  3.48061E-01
SCF Iteration 181: Energy = 1.8234815779181428 dE = -3.48061E-01
SCF Iteration 182: Energy = 2.1715425471126362 dE =  3.48061E-01
SCF Iteration 183: Energy = 1.8234815779181455 dE = -3.48061E-01
SCF Iteration 184: Energy = 2.1715425471126331 dE =  3.48061E-01
SCF Iteration 185: Energy = 1.8234815779181446 dE = -3.48061E-01
SCF Iteration 186: Energy = 2.1715425471126339 dE =  3.48061E-01
SCF Iteration 187: Energy = 1.8234815779181468 dE = -3.48061E-01
SCF Iteration 188: Energy = 2.1715425471126393 dE =  3.48061E-01
SCF Iteration 189: Energy = 1.8234815779181481 dE = -3.48061E-01
SCF Iteration 190: Energy = 2.1715425471126384 dE =  3.48061E-01
SCF Iteration 191: Energy = 1.8234815779181450 dE = -3.48061E-01
SCF Iteration 192: Energy = 2.1715425471126322 dE =  3.48061E-01
SCF Iteration 193: Energy = 1.8234815779181441 dE = -3.48061E-01
SCF Iteration 194: Energy = 2.1715425471126322 dE =  3.48061E-01
SCF Iteration 195: Energy = 1.8234815779181424 dE = -3.48061E-01
SCF Iteration 196: Energy = 2.1715425471126326 dE =  3.48061E-01
SCF Iteration 197: Energy = 1.8234815779181441 dE = -3.48061E-01
SCF Iteration 198: Energy = 2.1715425471126344 dE =  3.48061E-01
SCF Iteration 199: Energy = 1.8234815779181459 dE = -3.48061E-01
SCF Iteration 200: Energy = 2.1715425471126353 dE =  3.48061E-01
SCF Iteration 201: Energy = 1.8234815779181446 dE = -3.48061E-01
SCF Iteration 202: Energy = 2.1715425471126357 dE =  3.48061E-01
SCF Iteration 203: Energy = 1.8234815779181450 dE = -3.48061E-01
SCF Iteration 204: Energy = 2.1715425471126357 dE =  3.48061E-01
SCF Iteration 205: Energy = 1.8234815779181450 dE = -3.48061E-01
SCF Iteration 206: Energy = 2.1715425471126402 dE =  3.48061E-01
SCF Iteration 207: Energy = 1.8234815779181472 dE = -3.48061E-01
SCF Iteration 208: Energy = 2.1715425471126397 dE =  3.48061E-01
SCF Iteration 209: Energy = 1.8234815779181490 dE = -3.48061E-01
SCF Iteration 210: Energy = 2.1715425471126397 dE =  3.48061E-01
SCF Iteration 211: Energy = 1.8234815779181504 dE = -3.48061E-01
SCF Iteration 212: Energy = 2.1715425471126406 dE =  3.48061E-01
SCF Iteration 213: Energy = 1.8234815779181504 dE = -3.48061E-01
SCF Iteration 214: Energy = 2.1715425471126379 dE =  3.48061E-01
SCF Iteration 215: Energy = 1.8234815779181512 dE = -3.48061E-01
SCF Iteration 216: Energy = 2.1715425471126406 dE =  3.48061E-01
SCF Iteration 217: Energy = 1.8234815779181521 dE = -3.48061E-01
SCF Iteration 218: Energy = 2.1715425471126393 dE =  3.48061E-01
SCF Iteration 219: Energy = 1.8234815779181461 dE = -3.48061E-01
SCF Iteration 220: Energy = 2.1715425471126384 dE =  3.48061E-01
SCF Iteration 221: Energy = 1.8234815779181497 dE = -3.48061E-01
SCF Iteration 222: Energy = 2.1715425471126402 dE =  3.48061E-01
SCF Iteration 223: Energy = 1.8234815779181501 dE = -3.48061E-01
SCF Iteration 224: Energy = 2.1715425471126379 dE =  3.48061E-01
SCF Iteration 225: Energy = 1.8234815779181479 dE = -3.48061E-01
SCF Iteration 226: Energy = 2.1715425471126428 dE =  3.48061E-01
SCF Iteration 227: Energy = 1.8234815779181519 dE = -3.48061E-01
SCF Iteration 228: Energy = 2.1715425471126428 dE =  3.48061E-01
SCF Iteration 229: Energy = 1.8234815779181526 dE = -3.48061E-01
SCF Iteration 230: Energy = 2.1715425471126402 dE =  3.48061E-01
SCF Iteration 231: Energy = 1.8234815779181490 dE = -3.48061E-01
SCF Iteration 232: Energy = 2.1715425471126406 dE =  3.48061E-01
SCF Iteration 233: Energy = 1.8234815779181519 dE = -3.48061E-01
SCF Iteration 234: Energy = 2.1715425471126424 dE =  3.48061E-01
SCF Iteration 235: Energy = 1.8234815779181539 dE = -3.48061E-01
SCF Iteration 236: Energy = 2.1715425471126384 dE =  3.48061E-01
SCF Iteration 237: Energy = 1.8234815779181515 dE = -3.48061E-01
SCF Iteration 238: Energy = 2.1715425471126415 dE =  3.48061E-01
SCF Iteration 239: Energy = 1.8234815779181504 dE = -3.48061E-01
SCF Iteration 240: Energy = 2.1715425471126424 dE =  3.48061E-01
SCF Iteration 241: Energy = 1.8234815779181512 dE = -3.48061E-01
SCF Iteration 242: Energy = 2.1715425471126406 dE =  3.48061E-01
SCF Iteration 243: Energy = 1.8234815779181495 dE = -3.48061E-01
SCF Iteration 244: Energy = 2.1715425471126384 dE =  3.48061E-01
SCF Iteration 245: Energy = 1.8234815779181477 dE = -3.48061E-01
SCF Iteration 246: Energy = 2.1715425471126335 dE =  3.48061E-01
SCF Iteration 247: Energy = 1.8234815779181441 dE = -3.48061E-01
SCF Iteration 248: Energy = 2.1715425471126326 dE =  3.48061E-01
SCF Iteration 249: Energy = 1.8234815779181437 dE = -3.48061E-01
SCF Iteration 250: Energy = 2.1715425471126282 dE =  3.48061E-01
SCF Iteration 251: Energy = 1.8234815779181406 dE = -3.48061E-01
SCF Iteration 252: Energy = 2.1715425471126335 dE =  3.48061E-01
SCF Iteration 253: Energy = 1.8234815779181479 dE = -3.48061E-01
SCF Iteration 254: Energy = 2.1715425471126326 dE =  3.48061E-01
SCF Iteration 255: Energy = 1.8234815779181459 dE = -3.48061E-01
SCF Iteration 256: Energy = 2.1715425471126304 dE =  3.48061E-01
SCF Iteration 257: Energy = 1.8234815779181377 dE = -3.48061E-01
SCF Iteration 258: Energy = 2.1715425471126295 dE =  3.48061E-01
SCF Iteration 259: Energy = 1.8234815779181415 dE = -3.48061E-01
SCF Iteration 260: Energy = 2.1715425471126282 dE =  3.48061E-01
SCF Iteration 261: Energy = 1.8234815779181417 dE = -3.48061E-01
SCF Iteration 262: Energy = 2.1715425471126251 dE =  3.48061E-01
SCF Iteration 263: Energy = 1.8234815779181364 dE = -3.48061E-01
SCF Iteration 264: Energy = 2.1715425471126202 dE =  3.48061E-01
SCF Iteration 265: Energy = 1.8234815779181328 dE = -3.48061E-01
SCF Iteration 266: Energy = 2.1715425471126157 dE =  3.48061E-01
SCF Iteration 267: Energy = 1.8234815779181335 dE = -3.48061E-01
SCF Iteration 268: Energy = 2.1715425471126126 dE =  3.48061E-01
SCF Iteration 269: Energy = 1.8234815779181286 dE = -3.48061E-01
SCF Iteration 270: Energy = 2.1715425471126037 dE =  3.48061E-01
SCF Iteration 271: Energy = 1.8234815779181177 dE = -3.48061E-01
SCF Iteration 272: Energy = 2.1715425471125926 dE =  3.48061E-01
SCF Iteration 273: Energy = 1.8234815779181097 dE = -3.48061E-01
SCF Iteration 274: Energy = 2.1715425471125749 dE =  3.48061E-01
SCF Iteration 275: Energy = 1.8234815779180902 dE = -3.48061E-01
SCF Iteration 276: Energy = 2.1715425471125607 dE =  3.48061E-01
SCF Iteration 277: Energy = 1.8234815779180766 dE = -3.48061E-01
SCF Iteration 278: Energy = 2.1715425471125371 dE =  3.48061E-01
SCF Iteration 279: Energy = 1.8234815779180560 dE = -3.48061E-01
SCF Iteration 280: Energy = 2.1715425471125127 dE =  3.48061E-01
SCF Iteration 281: Energy = 1.8234815779180324 dE = -3.48061E-01
SCF Iteration 282: Energy = 2.1715425471124763 dE =  3.48061E-01
SCF Iteration 283: Energy = 1.8234815779180029 dE = -3.48061E-01
SCF Iteration 284: Energy = 2.1715425471124328 dE =  3.48061E-01
SCF Iteration 285: Energy = 1.8234815779179618 dE = -3.48061E-01
SCF Iteration 286: Energy = 2.1715425471123759 dE =  3.48061E-01
SCF Iteration 287: Energy = 1.8234815779179065 dE = -3.48061E-01
SCF Iteration 288: Energy = 2.1715425471123009 dE =  3.48061E-01
SCF Iteration 289: Energy = 1.8234815779178393 dE = -3.48061E-01
SCF Iteration 290: Energy = 2.1715425471122032 dE =  3.48061E-01
SCF Iteration 291: Energy = 1.8234815779177538 dE = -3.48061E-01
SCF Iteration 292: Energy = 2.1715425471120828 dE =  3.48061E-01
SCF Iteration 293: Energy = 1.8234815779176465 dE = -3.48061E-01
SCF Iteration 294: Energy = 2.1715425471119323 dE =  3.48061E-01
SCF Iteration 295: Energy = 1.8234815779175062 dE = -3.48061E-01
SCF Iteration 296: Energy = 2.1715425471117356 dE =  3.48061E-01
SCF Iteration 297: Energy = 1.8234815779173308 dE = -3.48061E-01
SCF Iteration 298: Energy = 2.1715425471114984 dE =  3.48061E-01
SCF Iteration 299: Energy = 1.8234815779171132 dE = -3.48061E-01
SCF Iteration 300: Energy = 2.1715425471111853 dE =  3.48061E-01
SCF Iteration 301: Energy = 1.8234815779168281 dE = -3.48061E-01
SCF Iteration 302: Energy = 2.1715425471107848 dE =  3.48061E-01
SCF Iteration 303: Energy = 1.8234815779164648 dE = -3.48061E-01
SCF Iteration 304: Energy = 2.1715425471102745 dE =  3.48061E-01
SCF Iteration 305: Energy = 1.8234815779160007 dE = -3.48061E-01
SCF Iteration 306: Energy = 2.1715425471096248 dE =  3.48061E-01
SCF Iteration 307: Energy = 1.8234815779154121 dE = -3.48061E-01
SCF Iteration 308: Energy = 2.1715425471088001 dE =  3.48061E-01
SCF Iteration 309: Energy = 1.8234815779146598 dE = -3.48061E-01
SCF Iteration 310: Energy = 2.1715425471077441 dE =  3.48061E-01
SCF Iteration 311: Energy = 1.8234815779137092 dE = -3.48061E-01
SCF Iteration 312: Energy = 2.1715425471063945 dE =  3.48061E-01
SCF Iteration 313: Energy = 1.8234815779124833 dE = -3.48061E-01
SCF Iteration 314: Energy = 2.1715425471046799 dE =  3.48061E-01
SCF Iteration 315: Energy = 1.8234815779109286 dE = -3.48061E-01
SCF Iteration 316: Energy = 2.1715425471024927 dE =  3.48061E-01
SCF Iteration 317: Energy = 1.8234815779089446 dE = -3.48061E-01
SCF Iteration 318: Energy = 2.1715425470997127 dE =  3.48061E-01
SCF Iteration 319: Energy = 1.8234815779064211 dE = -3.48061E-01
SCF Iteration 320: Energy = 2.1715425470961622 dE =  3.48061E-01
SCF Iteration 321: Energy = 1.8234815779031994 dE = -3.48061E-01
SCF Iteration 322: Energy = 2.1715425470916330 dE =  3.48061E-01
SCF Iteration 323: Energy = 1.8234815778990896 dE = -3.48061E-01
SCF Iteration 324: Energy = 2.1715425470858567 dE =  3.48061E-01
SCF Iteration 325: Energy = 1.8234815778938471 dE = -3.48061E-01
SCF Iteration 326: Energy = 2.1715425470785017 dE =  3.48061E-01
SCF Iteration 327: Energy = 1.8234815778871771 dE = -3.48061E-01
SCF Iteration 328: Energy = 2.1715425470691172 dE =  3.48061E-01
SCF Iteration 329: Energy = 1.8234815778786599 dE = -3.48061E-01
SCF Iteration 330: Energy = 2.1715425470571534 dE =  3.48061E-01
SCF Iteration 331: Energy = 1.8234815778678048 dE = -3.48061E-01
SCF Iteration 332: Energy = 2.1715425470419096 dE =  3.48061E-01
SCF Iteration 333: Energy = 1.8234815778539752 dE = -3.48061E-01
SCF Iteration 334: Energy = 2.1715425470224763 dE =  3.48061E-01
SCF Iteration 335: Energy = 1.8234815778363473 dE = -3.48061E-01
SCF Iteration 336: Energy = 2.1715425469977028 dE =  3.48061E-01
SCF Iteration 337: Energy = 1.8234815778138653 dE = -3.48061E-01
SCF Iteration 338: Energy = 2.1715425469661218 dE =  3.48061E-01
SCF Iteration 339: Energy = 1.8234815777852051 dE = -3.48061E-01
SCF Iteration 340: Energy = 2.1715425469258589 dE =  3.48061E-01
SCF Iteration 341: Energy = 1.8234815777486764 dE = -3.48061E-01
SCF Iteration 342: Energy = 2.1715425468745302 dE =  3.48061E-01
SCF Iteration 343: Energy = 1.8234815777021087 dE = -3.48061E-01
SCF Iteration 344: Energy = 2.1715425468091043 dE =  3.48061E-01
SCF Iteration 345: Energy = 1.8234815776427447 dE = -3.48061E-01
SCF Iteration 346: Energy = 2.1715425467257008 dE =  3.48061E-01
SCF Iteration 347: Energy = 1.8234815775670663 dE = -3.48061E-01
SCF Iteration 348: Energy = 2.1715425466193738 dE =  3.48061E-01
SCF Iteration 349: Energy = 1.8234815774705921 dE = -3.48061E-01
SCF Iteration 350: Energy = 2.1715425464838338 dE =  3.48061E-01
SCF Iteration 351: Energy = 1.8234815773476096 dE = -3.48061E-01
SCF Iteration 352: Energy = 2.1715425463110476 dE =  3.48061E-01
SCF Iteration 353: Energy = 1.8234815771908355 dE = -3.48061E-01
SCF Iteration 354: Energy = 2.1715425460907785 dE =  3.48061E-01
SCF Iteration 355: Energy = 1.8234815769909765 dE = -3.48061E-01
SCF Iteration 356: Energy = 2.1715425458099924 dE =  3.48061E-01
SCF Iteration 357: Energy = 1.8234815767362007 dE = -3.48061E-01
SCF Iteration 358: Energy = 2.1715425454520445 dE =  3.48061E-01
SCF Iteration 359: Energy = 1.8234815764114249 dE = -3.48061E-01
SCF Iteration 360: Energy = 2.1715425449957380 dE =  3.48061E-01
SCF Iteration 361: Energy = 1.8234815759973966 dE = -3.48061E-01
SCF Iteration 362: Energy = 2.1715425444140406 dE =  3.48061E-01
SCF Iteration 363: Energy = 1.8234815754696052 dE = -3.48061E-01
SCF Iteration 364: Energy = 2.1715425436725146 dE =  3.48061E-01
SCF Iteration 365: Energy = 1.8234815747967887 dE = -3.48061E-01
SCF Iteration 366: Energy = 2.1715425427272335 dE =  3.48061E-01
SCF Iteration 367: Energy = 1.8234815739390979 dE = -3.48061E-01
SCF Iteration 368: Energy = 2.1715425415221974 dE =  3.48061E-01
SCF Iteration 369: Energy = 1.8234815728457139 dE = -3.48061E-01
SCF Iteration 370: Energy = 2.1715425399860351 dE =  3.48061E-01
SCF Iteration 371: Energy = 1.8234815714518910 dE = -3.48061E-01
SCF Iteration 372: Energy = 2.1715425380277584 dE =  3.48061E-01
SCF Iteration 373: Energy = 1.8234815696750695 dE = -3.48061E-01
SCF Iteration 374: Energy = 2.1715425355313842 dE =  3.48061E-01
SCF Iteration 375: Energy = 1.8234815674100071 dE = -3.48061E-01
SCF Iteration 376: Energy = 2.1715425323490432 dE =  3.48061E-01
SCF Iteration 377: Energy = 1.8234815645225386 dE = -3.48061E-01
SCF Iteration 378: Energy = 2.1715425282922451 dE =  3.48061E-01
SCF Iteration 379: Energy = 1.8234815608416439 dE = -3.48061E-01
SCF Iteration 380: Energy = 2.1715425231207153 dE =  3.48061E-01
SCF Iteration 381: Energy = 1.8234815561493085 dE = -3.48061E-01
SCF Iteration 382: Energy = 2.1715425165281239 dE =  3.48061E-01
SCF Iteration 383: Energy = 1.8234815501675863 dE = -3.48061E-01
SCF Iteration 384: Energy = 2.1715425081240065 dE =  3.48061E-01
SCF Iteration 385: Energy = 1.8234815425421889 dE = -3.48061E-01
SCF Iteration 386: Energy = 2.1715424974105755 dE =  3.48061E-01
SCF Iteration 387: Energy = 1.8234815328214562 dE = -3.48061E-01
SCF Iteration 388: Energy = 2.1715424837532566 dE =  3.48061E-01
SCF Iteration 389: Energy = 1.8234815204296249 dE = -3.48061E-01
SCF Iteration 390: Energy = 2.1715424663431442 dE =  3.48061E-01
SCF Iteration 391: Energy = 1.8234815046327271 dE = -3.48061E-01
SCF Iteration 392: Energy = 2.1715424441490034 dE =  3.48061E-01
SCF Iteration 393: Energy = 1.8234814844950911 dE = -3.48061E-01
SCF Iteration 394: Energy = 2.1715424158562850 dE =  3.48061E-01
SCF Iteration 395: Energy = 1.8234814588239656 dE = -3.48061E-01
SCF Iteration 396: Energy = 2.1715423797891966 dE =  3.48061E-01
SCF Iteration 397: Energy = 1.8234814260988363 dE = -3.48061E-01
SCF Iteration 398: Energy = 2.1715423338114594 dE =  3.48061E-01
SCF Iteration 399: Energy = 1.8234813843813873 dE = -3.48061E-01
SCF Iteration 400: Energy = 2.1715422751997977 dE =  3.48061E-01
SCF Iteration 401: Energy = 1.8234813312006624 dE = -3.48061E-01
SCF Iteration 402: Energy = 2.1715422004826128 dE =  3.48061E-01
SCF Iteration 403: Energy = 1.8234812634067483 dE = -3.48061E-01
SCF Iteration 404: Energy = 2.1715421052343746 dE =  3.48061E-01
SCF Iteration 405: Energy = 1.8234811769841812 dE = -3.48061E-01
SCF Iteration 406: Energy = 2.1715419838134915 dE =  3.48061E-01
SCF Iteration 407: Energy = 1.8234810668141190 dE = -3.48061E-01
SCF Iteration 408: Energy = 2.1715418290281594 dE =  3.48061E-01
SCF Iteration 409: Energy = 1.8234809263711504 dE = -3.48061E-01
SCF Iteration 410: Energy = 2.1715416317103649 dE =  3.48061E-01
SCF Iteration 411: Energy = 1.8234807473367591 dE = -3.48061E-01
SCF Iteration 412: Energy = 2.1715413801729060 dE =  3.48061E-01
SCF Iteration 413: Energy = 1.8234805191066974 dE = -3.48061E-01
SCF Iteration 414: Energy = 2.1715410595171445 dE =  3.48061E-01
SCF Iteration 415: Energy = 1.8234802281627991 dE = -3.48061E-01
SCF Iteration 416: Energy = 2.1715406507505128 dE =  3.48060E-01
SCF Iteration 417: Energy = 1.8234798572723863 dE = -3.48061E-01
SCF Iteration 418: Energy = 2.1715401296616648 dE =  3.48060E-01
SCF Iteration 419: Energy = 1.8234793844675037 dE = -3.48061E-01
SCF Iteration 420: Energy = 2.1715394653863767 dE =  3.48060E-01
SCF Iteration 421: Energy = 1.8234787817438192 dE = -3.48061E-01
SCF Iteration 422: Energy = 2.1715386185795071 dE =  3.48060E-01
SCF Iteration 423: Energy = 1.8234780134019228 dE = -3.48061E-01
SCF Iteration 424: Energy = 2.1715375390846030 dE =  3.48060E-01
SCF Iteration 425: Energy = 1.8234770339328739 dE = -3.48061E-01
SCF Iteration 426: Energy = 2.1715361629632173 dE =  3.48059E-01
SCF Iteration 427: Energy = 1.8234757853227808 dE = -3.48060E-01
SCF Iteration 428: Energy = 2.1715344087078612 dE =  3.48059E-01
SCF Iteration 429: Energy = 1.8234741936167060 dE = -3.48060E-01
SCF Iteration 430: Energy = 2.1715321724145515 dE =  3.48058E-01
SCF Iteration 431: Energy = 1.8234721645385061 dE = -3.48060E-01
SCF Iteration 432: Energy = 2.1715293216288298 dE =  3.48057E-01
SCF Iteration 433: Energy = 1.8234695779071255 dE = -3.48060E-01
SCF Iteration 434: Energy = 2.1715256875009477 dE =  3.48056E-01
SCF Iteration 435: Energy = 1.8234662805187418 dE = -3.48059E-01
SCF Iteration 436: Energy = 2.1715210547857242 dE =  3.48055E-01
SCF Iteration 437: Energy = 1.8234620770732963 dE = -3.48059E-01
SCF Iteration 438: Energy = 2.1715151490948648 dE =  3.48053E-01
SCF Iteration 439: Energy = 1.8234567186081774 dE = -3.48058E-01
SCF Iteration 440: Energy = 2.1715076206471391 dE =  3.48051E-01
SCF Iteration 441: Energy = 1.8234498877542895 dE = -3.48058E-01
SCF Iteration 442: Energy = 2.1714980235544168 dE =  3.48048E-01
SCF Iteration 443: Energy = 1.8234411799418671 dE = -3.48057E-01
SCF Iteration 444: Energy = 2.1714857894176256 dE =  3.48045E-01
SCF Iteration 445: Energy = 1.8234300794435490 dE = -3.48056E-01
SCF Iteration 446: Energy = 2.1714701936700807 dE =  3.48040E-01
SCF Iteration 447: Energy = 1.8234159288373633 dE = -3.48054E-01
SCF Iteration 448: Energy = 2.1714503126771918 dE =  3.48034E-01
SCF Iteration 449: Energy = 1.8233978900831125 dE = -3.48052E-01
SCF Iteration 450: Energy = 2.1714249690553329 dE =  3.48027E-01
SCF Iteration 451: Energy = 1.8233748949105808 dE = -3.48050E-01
SCF Iteration 452: Energy = 2.1713926619773596 dE =  3.48018E-01
SCF Iteration 453: Energy = 1.8233455815870681 dE = -3.48047E-01
SCF Iteration 454: Energy = 2.1713514783470220 dE =  3.48006E-01
SCF Iteration 455: Energy = 1.8233082143292079 dE = -3.48043E-01
SCF Iteration 456: Energy = 2.1712989795977036 dE =  3.47991E-01
SCF Iteration 457: Energy = 1.8232605806019149 dE = -3.48038E-01
SCF Iteration 458: Energy = 2.1712320574374027 dE =  3.47971E-01
SCF Iteration 459: Energy = 1.8231998602480022 dE = -3.48032E-01
SCF Iteration 460: Energy = 2.1711467500397088 dE =  3.47947E-01
SCF Iteration 461: Energy = 1.8231224587399770 dE = -3.48024E-01
SCF Iteration 462: Energy = 2.1710380078646687 dE =  3.47916E-01
SCF Iteration 463: Energy = 1.8230237947473740 dE = -3.48014E-01
SCF Iteration 464: Energy = 2.1708993953550406 dE =  3.47876E-01
SCF Iteration 465: Energy = 1.8228980295507400 dE = -3.48001E-01
SCF Iteration 466: Energy = 2.1707227110269702 dE =  3.47825E-01
SCF Iteration 467: Energy = 1.8227377224597912 dE = -3.47985E-01
SCF Iteration 468: Energy = 2.1704975037585310 dE =  3.47760E-01
SCF Iteration 469: Energy = 1.8225333921257931 dE = -3.47964E-01
SCF Iteration 470: Energy = 2.1702104571214034 dE =  3.47677E-01
SCF Iteration 471: Energy = 1.8222729582510944 dE = -3.47937E-01
SCF Iteration 472: Energy = 2.1698446060948511 dE =  3.47572E-01
SCF Iteration 473: Energy = 1.8219410314182123 dE = -3.47904E-01
SCF Iteration 474: Energy = 2.1693783410747862 dE =  3.47437E-01
SCF Iteration 475: Energy = 1.8215180102574071 dE = -3.47860E-01
SCF Iteration 476: Energy = 2.1687841423065244 dE =  3.47266E-01
SCF Iteration 477: Energy = 1.8209789345588743 dE = -3.47805E-01
SCF Iteration 478: Energy = 2.1680269732232329 dE =  3.47048E-01
SCF Iteration 479: Energy = 1.8202920297750824 dE = -3.47735E-01
SCF Iteration 480: Energy = 2.1670622431081119 dE =  3.46770E-01
SCF Iteration 481: Energy = 1.8194168621769720 dE = -3.47645E-01
SCF Iteration 482: Energy = 2.1658332274530587 dE =  3.46416E-01
SCF Iteration 483: Energy = 1.8183020042612699 dE = -3.47531E-01
SCF Iteration 484: Energy = 2.1642678078682667 dE =  3.45966E-01
SCF Iteration 485: Energy = 1.8168820864861259 dE = -3.47386E-01
SCF Iteration 486: Energy = 2.1622743621429628 dE =  3.45392E-01
SCF Iteration 487: Energy = 1.8150740839236243 dE = -3.47200E-01
SCF Iteration 488: Energy = 2.1597365993127284 dE =  3.44663E-01
SCF Iteration 489: Energy = 1.8127726553774575 dE = -3.46964E-01
SCF Iteration 490: Energy = 2.1565070955809427 dE =  3.43734E-01
SCF Iteration 491: Energy = 1.8098443193398890 dE = -3.46663E-01
SCF Iteration 492: Energy = 2.1523992476664584 dE =  3.42555E-01
SCF Iteration 493: Energy = 1.8061202190463153 dE = -3.46279E-01
SCF Iteration 494: Energy = 2.1471773266477205 dE =  3.41057E-01
SCF Iteration 495: Energy = 1.8013872040287322 dE = -3.45790E-01
SCF Iteration 496: Energy = 2.1405442987207950 dE =  3.39157E-01
SCF Iteration 497: Energy = 1.7953769491005191 dE = -3.45167E-01
SCF Iteration 498: Energy = 2.1321270986499830 dE =  3.36750E-01
SCF Iteration 499: Energy = 1.7877528625752035 dE = -3.44374E-01
SCF Iteration 500: Energy = 2.1214591287758413 dE =  3.33706E-01
