
  Memory set to  55.879 GiB by Python driver.
  Threads set to 1 by Python driver.
Settings:
	LOT = CCSD-S2-U22
	wc = 20.0 eV
	lambda = [0.848697 0.       0.      ] a.u.
	Equivalent A0 = LAMBDA / sqrt(2 wc) = [0.7 0.  0. ])
doing QED-CCSD-Full (or QED-CCSD-22)
Number of occupied orbitals:   1
Number of basis functions:  60
SCF Iteration   1: Energy = 2.3125214923281958 dE =  2.31252E+00
SCF Iteration   2: Energy = 2.8501147026636624 dE =  5.37593E-01
SCF Iteration   3: Energy = 2.5278328326105330 dE = -3.22282E-01
SCF Iteration   4: Energy = 2.8233645369959040 dE =  2.95532E-01
SCF Iteration   5: Energy = 2.5891957533236827 dE = -2.34169E-01
SCF Iteration   6: Energy = 2.8158665473068765 dE =  2.26671E-01
SCF Iteration   7: Energy = 2.6063024072688301 dE = -2.09564E-01
SCF Iteration   8: Energy = 2.8105168149076936 dE =  2.04214E-01
SCF Iteration   9: Energy = 2.6100165236308990 dE = -2.00500E-01
SCF Iteration  10: Energy = 2.8057209366226972 dE =  1.95704E-01
SCF Iteration  11: Energy = 2.6089504516473272 dE = -1.96770E-01
SCF Iteration  12: Energy = 2.8013228421718881 dE =  1.92372E-01
SCF Iteration  13: Energy = 2.6061975303450806 dE = -1.95125E-01
SCF Iteration  14: Energy = 2.7974335718890222 dE =  1.91236E-01
SCF Iteration  15: Energy = 2.6030664954240206 dE = -1.94367E-01
SCF Iteration  16: Energy = 2.7941367348011417 dE =  1.91070E-01
SCF Iteration  17: Energy = 2.6001250310133948 dE = -1.94012E-01
SCF Iteration  18: Energy = 2.7914372517757009 dE =  1.91312E-01
SCF Iteration  19: Energy = 2.5975896089369601 dE = -1.93848E-01
SCF Iteration  20: Energy = 2.7892833299885784 dE =  1.91694E-01
SCF Iteration  21: Energy = 2.5955069253278733 dE = -1.93776E-01
SCF Iteration  22: Energy = 2.7875966785080490 dE =  1.92090E-01
SCF Iteration  23: Energy = 2.5938465923671181 dE = -1.93750E-01
SCF Iteration  24: Energy = 2.7862936902379922 dE =  1.92447E-01
SCF Iteration  25: Energy = 2.5925488512676820 dE = -1.93745E-01
SCF Iteration  26: Energy = 2.7852968893313466 dE =  1.92748E-01
SCF Iteration  27: Energy = 2.5915481445055355 dE = -1.93749E-01
SCF Iteration  28: Energy = 2.7845397159607046 dE =  1.92992E-01
SCF Iteration  29: Energy = 2.5907837732628867 dE = -1.93756E-01
SCF Iteration  30: Energy = 2.7839675312781087 dE =  1.93184E-01
SCF Iteration  31: Energy = 2.5902038621566139 dE = -1.93764E-01
SCF Iteration  32: Energy = 2.7835367743501536 dE =  1.93333E-01
SCF Iteration  33: Energy = 2.5897660422204218 dE = -1.93771E-01
SCF Iteration  34: Energy = 2.7832133900441201 dE =  1.93447E-01
SCF Iteration  35: Energy = 2.5894366725001228 dE = -1.93777E-01
SCF Iteration  36: Energy = 2.7829711123017664 dE =  1.93534E-01
SCF Iteration  37: Energy = 2.5891895348167595 dE = -1.93782E-01
SCF Iteration  38: Energy = 2.7827898746877859 dE =  1.93600E-01
SCF Iteration  39: Energy = 2.5890044544518305 dE = -1.93785E-01
SCF Iteration  40: Energy = 2.7826544511297269 dE =  1.93650E-01
SCF Iteration  41: Energy = 2.5888660449976002 dE = -1.93788E-01
SCF Iteration  42: Energy = 2.7825533450680928 dE =  1.93687E-01
SCF Iteration  43: Energy = 2.5887626463052382 dE = -1.93791E-01
SCF Iteration  44: Energy = 2.7824779070150512 dE =  1.93715E-01
SCF Iteration  45: Energy = 2.5886854625411719 dE = -1.93792E-01
SCF Iteration  46: Energy = 2.7824216465730180 dE =  1.93736E-01
SCF Iteration  47: Energy = 2.5886278807093484 dE = -1.93794E-01
SCF Iteration  48: Energy = 2.7823797028974782 dE =  1.93752E-01
SCF Iteration  49: Energy = 2.5885849411036594 dE = -1.93795E-01
SCF Iteration  50: Energy = 2.7823484407633448 dE =  1.93763E-01
SCF Iteration  51: Energy = 2.5885529306747634 dE = -1.93796E-01
SCF Iteration  52: Energy = 2.7823251444121531 dE =  1.93772E-01
SCF Iteration  53: Energy = 2.5885290733728885 dE = -1.93796E-01
SCF Iteration  54: Energy = 2.7823077865818262 dE =  1.93779E-01
SCF Iteration  55: Energy = 2.5885112957384280 dE = -1.93796E-01
SCF Iteration  56: Energy = 2.7822948548424304 dE =  1.93784E-01
SCF Iteration  57: Energy = 2.5884980502158519 dE = -1.93797E-01
SCF Iteration  58: Energy = 2.7822852213417648 dE =  1.93787E-01
SCF Iteration  59: Energy = 2.5884881823929664 dE = -1.93797E-01
SCF Iteration  60: Energy = 2.7822780452872107 dE =  1.93790E-01
SCF Iteration  61: Energy = 2.5884808314741039 dE = -1.93797E-01
SCF Iteration  62: Energy = 2.7822727000344121 dE =  1.93792E-01
SCF Iteration  63: Energy = 2.5884753557938707 dE = -1.93797E-01
SCF Iteration  64: Energy = 2.7822687186277615 dE =  1.93793E-01
SCF Iteration  65: Energy = 2.5884712771409064 dE = -1.93797E-01
SCF Iteration  66: Energy = 2.7822657531531445 dE =  1.93794E-01
SCF Iteration  67: Energy = 2.5884682391800431 dE = -1.93798E-01
SCF Iteration  68: Energy = 2.7822635444163240 dE =  1.93795E-01
SCF Iteration  69: Energy = 2.5884659764241098 dE = -1.93798E-01
SCF Iteration  70: Energy = 2.7822618993332902 dE =  1.93796E-01
SCF Iteration  71: Energy = 2.5884642910905193 dE = -1.93798E-01
SCF Iteration  72: Energy = 2.7822606740760514 dE =  1.93796E-01
SCF Iteration  73: Energy = 2.5884630358454044 dE = -1.93798E-01
SCF Iteration  74: Energy = 2.7822597615118307 dE =  1.93797E-01
SCF Iteration  75: Energy = 2.5884621009412272 dE = -1.93798E-01
SCF Iteration  76: Energy = 2.7822590818433022 dE =  1.93797E-01
SCF Iteration  77: Energy = 2.5884614046312664 dE = -1.93798E-01
SCF Iteration  78: Energy = 2.7822585756352516 dE =  1.93797E-01
SCF Iteration  79: Energy = 2.5884608860273040 dE = -1.93798E-01
SCF Iteration  80: Energy = 2.7822581986194330 dE =  1.93797E-01
SCF Iteration  81: Energy = 2.5884604997783183 dE = -1.93798E-01
SCF Iteration  82: Energy = 2.7822579178246092 dE =  1.93797E-01
SCF Iteration  83: Energy = 2.5884602121063041 dE = -1.93798E-01
SCF Iteration  84: Energy = 2.7822577086938920 dE =  1.93797E-01
SCF Iteration  85: Energy = 2.5884599978533136 dE = -1.93798E-01
SCF Iteration  86: Energy = 2.7822575529374491 dE =  1.93798E-01
SCF Iteration  87: Energy = 2.5884598382817416 dE = -1.93798E-01
SCF Iteration  88: Energy = 2.7822574369332291 dE =  1.93798E-01
SCF Iteration  89: Energy = 2.5884597194360164 dE = -1.93798E-01
SCF Iteration  90: Energy = 2.7822573505357244 dE =  1.93798E-01
SCF Iteration  91: Energy = 2.5884596309221664 dE = -1.93798E-01
SCF Iteration  92: Energy = 2.7822572861887025 dE =  1.93798E-01
SCF Iteration  93: Energy = 2.5884595649989106 dE = -1.93798E-01
SCF Iteration  94: Energy = 2.7822572382644424 dE =  1.93798E-01
SCF Iteration  95: Energy = 2.5884595159006891 dE = -1.93798E-01
SCF Iteration  96: Energy = 2.7822572025715000 dE =  1.93798E-01
SCF Iteration  97: Energy = 2.5884594793334021 dE = -1.93798E-01
SCF Iteration  98: Energy = 2.7822571759881778 dE =  1.93798E-01
SCF Iteration  99: Energy = 2.5884594520988742 dE = -1.93798E-01
SCF Iteration 100: Energy = 2.7822571561895058 dE =  1.93798E-01
SCF Iteration 101: Energy = 2.5884594318152039 dE = -1.93798E-01
SCF Iteration 102: Energy = 2.7822571414438957 dE =  1.93798E-01
SCF Iteration 103: Energy = 2.5884594167083779 dE = -1.93798E-01
SCF Iteration 104: Energy = 2.7822571304617028 dE =  1.93798E-01
SCF Iteration 105: Energy = 2.5884594054571504 dE = -1.93798E-01
SCF Iteration 106: Energy = 2.7822571222824064 dE =  1.93798E-01
SCF Iteration 107: Energy = 2.5884593970774925 dE = -1.93798E-01
SCF Iteration 108: Energy = 2.7822571161906517 dE =  1.93798E-01
SCF Iteration 109: Energy = 2.5884593908365101 dE = -1.93798E-01
SCF Iteration 110: Energy = 2.7822571116536525 dE =  1.93798E-01
SCF Iteration 111: Energy = 2.5884593861883691 dE = -1.93798E-01
SCF Iteration 112: Energy = 2.7822571082745893 dE =  1.93798E-01
SCF Iteration 113: Energy = 2.5884593827265285 dE = -1.93798E-01
SCF Iteration 114: Energy = 2.7822571057579393 dE =  1.93798E-01
SCF Iteration 115: Energy = 2.5884593801482274 dE = -1.93798E-01
SCF Iteration 116: Energy = 2.7822571038836048 dE =  1.93798E-01
SCF Iteration 117: Energy = 2.5884593782279715 dE = -1.93798E-01
SCF Iteration 118: Energy = 2.7822571024876397 dE =  1.93798E-01
SCF Iteration 119: Energy = 2.5884593767978070 dE = -1.93798E-01
SCF Iteration 120: Energy = 2.7822571014479514 dE =  1.93798E-01
SCF Iteration 121: Energy = 2.5884593757326528 dE = -1.93798E-01
SCF Iteration 122: Energy = 2.7822571006736210 dE =  1.93798E-01
SCF Iteration 123: Energy = 2.5884593749393576 dE = -1.93798E-01
SCF Iteration 124: Energy = 2.7822571000969125 dE =  1.93798E-01
SCF Iteration 125: Energy = 2.5884593743485254 dE = -1.93798E-01
SCF Iteration 126: Energy = 2.7822570996673899 dE =  1.93798E-01
SCF Iteration 127: Energy = 2.5884593739084756 dE = -1.93798E-01
SCF Iteration 128: Energy = 2.7822570993474902 dE =  1.93798E-01
SCF Iteration 129: Energy = 2.5884593735807506 dE = -1.93798E-01
SCF Iteration 130: Energy = 2.7822570991092479 dE =  1.93798E-01
SCF Iteration 131: Energy = 2.5884593733366597 dE = -1.93798E-01
SCF Iteration 132: Energy = 2.7822570989317987 dE =  1.93798E-01
SCF Iteration 133: Energy = 2.5884593731548655 dE = -1.93798E-01
SCF Iteration 134: Energy = 2.7822570987996440 dE =  1.93798E-01
SCF Iteration 135: Energy = 2.5884593730194743 dE = -1.93798E-01
SCF Iteration 136: Energy = 2.7822570987012125 dE =  1.93798E-01
SCF Iteration 137: Energy = 2.5884593729186354 dE = -1.93798E-01
SCF Iteration 138: Energy = 2.7822570986279045 dE =  1.93798E-01
SCF Iteration 139: Energy = 2.5884593728435328 dE = -1.93798E-01
SCF Iteration 140: Energy = 2.7822570985733059 dE =  1.93798E-01
SCF Iteration 141: Energy = 2.5884593727875984 dE = -1.93798E-01
SCF Iteration 142: Energy = 2.7822570985326558 dE =  1.93798E-01
SCF Iteration 143: Energy = 2.5884593727459539 dE = -1.93798E-01
SCF Iteration 144: Energy = 2.7822570985023671 dE =  1.93798E-01
SCF Iteration 145: Energy = 2.5884593727149166 dE = -1.93798E-01
SCF Iteration 146: Energy = 2.7822570984798110 dE =  1.93798E-01
SCF Iteration 147: Energy = 2.5884593726918110 dE = -1.93798E-01
SCF Iteration 148: Energy = 2.7822570984630124 dE =  1.93798E-01
SCF Iteration 149: Energy = 2.5884593726746012 dE = -1.93798E-01
SCF Iteration 150: Energy = 2.7822570984505117 dE =  1.93798E-01
SCF Iteration 151: Energy = 2.5884593726617831 dE = -1.93798E-01
SCF Iteration 152: Energy = 2.7822570984411863 dE =  1.93798E-01
SCF Iteration 153: Energy = 2.5884593726522334 dE = -1.93798E-01
SCF Iteration 154: Energy = 2.7822570984342474 dE =  1.93798E-01
SCF Iteration 155: Energy = 2.5884593726451306 dE = -1.93798E-01
SCF Iteration 156: Energy = 2.7822570984290791 dE =  1.93798E-01
SCF Iteration 157: Energy = 2.5884593726398353 dE = -1.93798E-01
SCF Iteration 158: Energy = 2.7822570984252284 dE =  1.93798E-01
SCF Iteration 159: Energy = 2.5884593726358935 dE = -1.93798E-01
SCF Iteration 160: Energy = 2.7822570984223671 dE =  1.93798E-01
SCF Iteration 161: Energy = 2.5884593726329581 dE = -1.93798E-01
SCF Iteration 162: Energy = 2.7822570984202315 dE =  1.93798E-01
SCF Iteration 163: Energy = 2.5884593726307679 dE = -1.93798E-01
SCF Iteration 164: Energy = 2.7822570984186377 dE =  1.93798E-01
SCF Iteration 165: Energy = 2.5884593726291407 dE = -1.93798E-01
SCF Iteration 166: Energy = 2.7822570984174582 dE =  1.93798E-01
SCF Iteration 167: Energy = 2.5884593726279275 dE = -1.93798E-01
SCF Iteration 168: Energy = 2.7822570984165744 dE =  1.93798E-01
SCF Iteration 169: Energy = 2.5884593726270171 dE = -1.93798E-01
SCF Iteration 170: Energy = 2.7822570984159136 dE =  1.93798E-01
SCF Iteration 171: Energy = 2.5884593726263492 dE = -1.93798E-01
SCF Iteration 172: Energy = 2.7822570984154313 dE =  1.93798E-01
SCF Iteration 173: Energy = 2.5884593726258434 dE = -1.93798E-01
SCF Iteration 174: Energy = 2.7822570984150596 dE =  1.93798E-01
SCF Iteration 175: Energy = 2.5884593726254734 dE = -1.93798E-01
SCF Iteration 176: Energy = 2.7822570984147901 dE =  1.93798E-01
SCF Iteration 177: Energy = 2.5884593726251968 dE = -1.93798E-01
SCF Iteration 178: Energy = 2.7822570984145911 dE =  1.93798E-01
SCF Iteration 179: Energy = 2.5884593726249920 dE = -1.93798E-01
SCF Iteration 180: Energy = 2.7822570984144419 dE =  1.93798E-01
SCF Iteration 181: Energy = 2.5884593726248357 dE = -1.93798E-01
SCF Iteration 182: Energy = 2.7822570984143229 dE =  1.93798E-01
SCF Iteration 183: Energy = 2.5884593726247140 dE = -1.93798E-01
SCF Iteration 184: Energy = 2.7822570984142430 dE =  1.93798E-01
SCF Iteration 185: Energy = 2.5884593726246341 dE = -1.93798E-01
SCF Iteration 186: Energy = 2.7822570984141803 dE =  1.93798E-01
SCF Iteration 187: Energy = 2.5884593726245666 dE = -1.93798E-01
SCF Iteration 188: Energy = 2.7822570984141324 dE =  1.93798E-01
SCF Iteration 189: Energy = 2.5884593726245160 dE = -1.93798E-01
SCF Iteration 190: Energy = 2.7822570984140995 dE =  1.93798E-01
SCF Iteration 191: Energy = 2.5884593726244884 dE = -1.93798E-01
SCF Iteration 192: Energy = 2.7822570984140724 dE =  1.93798E-01
SCF Iteration 193: Energy = 2.5884593726244556 dE = -1.93798E-01
SCF Iteration 194: Energy = 2.7822570984140520 dE =  1.93798E-01
SCF Iteration 195: Energy = 2.5884593726244391 dE = -1.93798E-01
SCF Iteration 196: Energy = 2.7822570984140405 dE =  1.93798E-01
SCF Iteration 197: Energy = 2.5884593726244245 dE = -1.93798E-01
SCF Iteration 198: Energy = 2.7822570984140307 dE =  1.93798E-01
SCF Iteration 199: Energy = 2.5884593726244129 dE = -1.93798E-01
SCF Iteration 200: Energy = 2.7822570984140218 dE =  1.93798E-01
SCF Iteration 201: Energy = 2.5884593726244094 dE = -1.93798E-01
SCF Iteration 202: Energy = 2.7822570984140156 dE =  1.93798E-01
SCF Iteration 203: Energy = 2.5884593726243961 dE = -1.93798E-01
SCF Iteration 204: Energy = 2.7822570984140165 dE =  1.93798E-01
SCF Iteration 205: Energy = 2.5884593726243974 dE = -1.93798E-01
SCF Iteration 206: Energy = 2.7822570984140080 dE =  1.93798E-01
SCF Iteration 207: Energy = 2.5884593726243961 dE = -1.93798E-01
SCF Iteration 208: Energy = 2.7822570984140085 dE =  1.93798E-01
SCF Iteration 209: Energy = 2.5884593726243961 dE = -1.93798E-01
SCF Iteration 210: Energy = 2.7822570984140094 dE =  1.93798E-01
SCF Iteration 211: Energy = 2.5884593726243916 dE = -1.93798E-01
SCF Iteration 212: Energy = 2.7822570984140103 dE =  1.93798E-01
SCF Iteration 213: Energy = 2.5884593726243943 dE = -1.93798E-01
SCF Iteration 214: Energy = 2.7822570984140076 dE =  1.93798E-01
SCF Iteration 215: Energy = 2.5884593726243903 dE = -1.93798E-01
SCF Iteration 216: Energy = 2.7822570984140018 dE =  1.93798E-01
SCF Iteration 217: Energy = 2.5884593726243827 dE = -1.93798E-01
SCF Iteration 218: Energy = 2.7822570984139960 dE =  1.93798E-01
SCF Iteration 219: Energy = 2.5884593726243783 dE = -1.93798E-01
SCF Iteration 220: Energy = 2.7822570984139996 dE =  1.93798E-01
SCF Iteration 221: Energy = 2.5884593726243841 dE = -1.93798E-01
SCF Iteration 222: Energy = 2.7822570984140023 dE =  1.93798E-01
SCF Iteration 223: Energy = 2.5884593726243850 dE = -1.93798E-01
SCF Iteration 224: Energy = 2.7822570984140031 dE =  1.93798E-01
SCF Iteration 225: Energy = 2.5884593726243863 dE = -1.93798E-01
SCF Iteration 226: Energy = 2.7822570984139983 dE =  1.93798E-01
SCF Iteration 227: Energy = 2.5884593726243823 dE = -1.93798E-01
SCF Iteration 228: Energy = 2.7822570984140000 dE =  1.93798E-01
SCF Iteration 229: Energy = 2.5884593726243872 dE = -1.93798E-01
SCF Iteration 230: Energy = 2.7822570984139952 dE =  1.93798E-01
SCF Iteration 231: Energy = 2.5884593726243756 dE = -1.93798E-01
SCF Iteration 232: Energy = 2.7822570984139925 dE =  1.93798E-01
SCF Iteration 233: Energy = 2.5884593726243792 dE = -1.93798E-01
SCF Iteration 234: Energy = 2.7822570984139907 dE =  1.93798E-01
SCF Iteration 235: Energy = 2.5884593726243854 dE = -1.93798E-01
SCF Iteration 236: Energy = 2.7822570984139929 dE =  1.93798E-01
SCF Iteration 237: Energy = 2.5884593726243805 dE = -1.93798E-01
SCF Iteration 238: Energy = 2.7822570984139987 dE =  1.93798E-01
SCF Iteration 239: Energy = 2.5884593726243792 dE = -1.93798E-01
SCF Iteration 240: Energy = 2.7822570984139987 dE =  1.93798E-01
SCF Iteration 241: Energy = 2.5884593726243743 dE = -1.93798E-01
SCF Iteration 242: Energy = 2.7822570984139925 dE =  1.93798E-01
SCF Iteration 243: Energy = 2.5884593726243716 dE = -1.93798E-01
SCF Iteration 244: Energy = 2.7822570984139934 dE =  1.93798E-01
SCF Iteration 245: Energy = 2.5884593726243779 dE = -1.93798E-01
SCF Iteration 246: Energy = 2.7822570984139916 dE =  1.93798E-01
SCF Iteration 247: Energy = 2.5884593726243792 dE = -1.93798E-01
SCF Iteration 248: Energy = 2.7822570984139934 dE =  1.93798E-01
SCF Iteration 249: Energy = 2.5884593726243739 dE = -1.93798E-01
SCF Iteration 250: Energy = 2.7822570984139934 dE =  1.93798E-01
SCF Iteration 251: Energy = 2.5884593726243792 dE = -1.93798E-01
SCF Iteration 252: Energy = 2.7822570984139992 dE =  1.93798E-01
SCF Iteration 253: Energy = 2.5884593726243783 dE = -1.93798E-01
SCF Iteration 254: Energy = 2.7822570984139960 dE =  1.93798E-01
SCF Iteration 255: Energy = 2.5884593726243805 dE = -1.93798E-01
SCF Iteration 256: Energy = 2.7822570984139952 dE =  1.93798E-01
SCF Iteration 257: Energy = 2.5884593726243765 dE = -1.93798E-01
SCF Iteration 258: Energy = 2.7822570984140005 dE =  1.93798E-01
SCF Iteration 259: Energy = 2.5884593726243881 dE = -1.93798E-01
SCF Iteration 260: Energy = 2.7822570984140023 dE =  1.93798E-01
SCF Iteration 261: Energy = 2.5884593726243827 dE = -1.93798E-01
SCF Iteration 262: Energy = 2.7822570984140023 dE =  1.93798E-01
SCF Iteration 263: Energy = 2.5884593726243805 dE = -1.93798E-01
SCF Iteration 264: Energy = 2.7822570984140018 dE =  1.93798E-01
SCF Iteration 265: Energy = 2.5884593726243823 dE = -1.93798E-01
SCF Iteration 266: Energy = 2.7822570984139996 dE =  1.93798E-01
SCF Iteration 267: Energy = 2.5884593726243854 dE = -1.93798E-01
SCF Iteration 268: Energy = 2.7822570984140036 dE =  1.93798E-01
SCF Iteration 269: Energy = 2.5884593726243819 dE = -1.93798E-01
SCF Iteration 270: Energy = 2.7822570984139978 dE =  1.93798E-01
SCF Iteration 271: Energy = 2.5884593726243814 dE = -1.93798E-01
SCF Iteration 272: Energy = 2.7822570984139965 dE =  1.93798E-01
SCF Iteration 273: Energy = 2.5884593726243792 dE = -1.93798E-01
SCF Iteration 274: Energy = 2.7822570984139996 dE =  1.93798E-01
SCF Iteration 275: Energy = 2.5884593726243814 dE = -1.93798E-01
SCF Iteration 276: Energy = 2.7822570984139987 dE =  1.93798E-01
SCF Iteration 277: Energy = 2.5884593726243774 dE = -1.93798E-01
SCF Iteration 278: Energy = 2.7822570984139978 dE =  1.93798E-01
SCF Iteration 279: Energy = 2.5884593726243805 dE = -1.93798E-01
SCF Iteration 280: Energy = 2.7822570984139978 dE =  1.93798E-01
SCF Iteration 281: Energy = 2.5884593726243801 dE = -1.93798E-01
SCF Iteration 282: Energy = 2.7822570984139952 dE =  1.93798E-01
SCF Iteration 283: Energy = 2.5884593726243827 dE = -1.93798E-01
SCF Iteration 284: Energy = 2.7822570984139965 dE =  1.93798E-01
SCF Iteration 285: Energy = 2.5884593726243819 dE = -1.93798E-01
SCF Iteration 286: Energy = 2.7822570984140023 dE =  1.93798E-01
SCF Iteration 287: Energy = 2.5884593726243845 dE = -1.93798E-01
SCF Iteration 288: Energy = 2.7822570984139969 dE =  1.93798E-01
SCF Iteration 289: Energy = 2.5884593726243827 dE = -1.93798E-01
SCF Iteration 290: Energy = 2.7822570984140036 dE =  1.93798E-01
SCF Iteration 291: Energy = 2.5884593726243854 dE = -1.93798E-01
SCF Iteration 292: Energy = 2.7822570984139978 dE =  1.93798E-01
SCF Iteration 293: Energy = 2.5884593726243827 dE = -1.93798E-01
SCF Iteration 294: Energy = 2.7822570984139947 dE =  1.93798E-01
SCF Iteration 295: Energy = 2.5884593726243823 dE = -1.93798E-01
SCF Iteration 296: Energy = 2.7822570984139952 dE =  1.93798E-01
SCF Iteration 297: Energy = 2.5884593726243792 dE = -1.93798E-01
SCF Iteration 298: Energy = 2.7822570984139934 dE =  1.93798E-01
SCF Iteration 299: Energy = 2.5884593726243774 dE = -1.93798E-01
SCF Iteration 300: Energy = 2.7822570984139956 dE =  1.93798E-01
SCF Iteration 301: Energy = 2.5884593726243810 dE = -1.93798E-01
SCF Iteration 302: Energy = 2.7822570984139934 dE =  1.93798E-01
SCF Iteration 303: Energy = 2.5884593726243788 dE = -1.93798E-01
SCF Iteration 304: Energy = 2.7822570984139952 dE =  1.93798E-01
SCF Iteration 305: Energy = 2.5884593726243854 dE = -1.93798E-01
SCF Iteration 306: Energy = 2.7822570984140014 dE =  1.93798E-01
SCF Iteration 307: Energy = 2.5884593726243792 dE = -1.93798E-01
SCF Iteration 308: Energy = 2.7822570984139996 dE =  1.93798E-01
SCF Iteration 309: Energy = 2.5884593726243827 dE = -1.93798E-01
SCF Iteration 310: Energy = 2.7822570984139987 dE =  1.93798E-01
SCF Iteration 311: Energy = 2.5884593726243823 dE = -1.93798E-01
SCF Iteration 312: Energy = 2.7822570984140023 dE =  1.93798E-01
SCF Iteration 313: Energy = 2.5884593726243819 dE = -1.93798E-01
SCF Iteration 314: Energy = 2.7822570984140031 dE =  1.93798E-01
SCF Iteration 315: Energy = 2.5884593726243907 dE = -1.93798E-01
SCF Iteration 316: Energy = 2.7822570984140031 dE =  1.93798E-01
SCF Iteration 317: Energy = 2.5884593726243881 dE = -1.93798E-01
SCF Iteration 318: Energy = 2.7822570984140089 dE =  1.93798E-01
SCF Iteration 319: Energy = 2.5884593726243850 dE = -1.93798E-01
SCF Iteration 320: Energy = 2.7822570984139996 dE =  1.93798E-01
SCF Iteration 321: Energy = 2.5884593726243859 dE = -1.93798E-01
SCF Iteration 322: Energy = 2.7822570984139965 dE =  1.93798E-01
SCF Iteration 323: Energy = 2.5884593726243836 dE = -1.93798E-01
SCF Iteration 324: Energy = 2.7822570984140040 dE =  1.93798E-01
SCF Iteration 325: Energy = 2.5884593726243827 dE = -1.93798E-01
SCF Iteration 326: Energy = 2.7822570984139943 dE =  1.93798E-01
SCF Iteration 327: Energy = 2.5884593726243788 dE = -1.93798E-01
SCF Iteration 328: Energy = 2.7822570984139987 dE =  1.93798E-01
SCF Iteration 329: Energy = 2.5884593726243867 dE = -1.93798E-01
SCF Iteration 330: Energy = 2.7822570984139983 dE =  1.93798E-01
SCF Iteration 331: Energy = 2.5884593726243810 dE = -1.93798E-01
SCF Iteration 332: Energy = 2.7822570984139934 dE =  1.93798E-01
SCF Iteration 333: Energy = 2.5884593726243801 dE = -1.93798E-01
SCF Iteration 334: Energy = 2.7822570984139969 dE =  1.93798E-01
SCF Iteration 335: Energy = 2.5884593726243805 dE = -1.93798E-01
SCF Iteration 336: Energy = 2.7822570984139996 dE =  1.93798E-01
SCF Iteration 337: Energy = 2.5884593726243810 dE = -1.93798E-01
SCF Iteration 338: Energy = 2.7822570984139960 dE =  1.93798E-01
SCF Iteration 339: Energy = 2.5884593726243721 dE = -1.93798E-01
SCF Iteration 340: Energy = 2.7822570984139925 dE =  1.93798E-01
SCF Iteration 341: Energy = 2.5884593726243792 dE = -1.93798E-01
SCF Iteration 342: Energy = 2.7822570984139916 dE =  1.93798E-01
SCF Iteration 343: Energy = 2.5884593726243801 dE = -1.93798E-01
SCF Iteration 344: Energy = 2.7822570984139960 dE =  1.93798E-01
SCF Iteration 345: Energy = 2.5884593726243783 dE = -1.93798E-01
SCF Iteration 346: Energy = 2.7822570984139960 dE =  1.93798E-01
SCF Iteration 347: Energy = 2.5884593726243792 dE = -1.93798E-01
SCF Iteration 348: Energy = 2.7822570984139934 dE =  1.93798E-01
SCF Iteration 349: Energy = 2.5884593726243739 dE = -1.93798E-01
SCF Iteration 350: Energy = 2.7822570984139889 dE =  1.93798E-01
SCF Iteration 351: Energy = 2.5884593726243774 dE = -1.93798E-01
SCF Iteration 352: Energy = 2.7822570984139978 dE =  1.93798E-01
SCF Iteration 353: Energy = 2.5884593726243783 dE = -1.93798E-01
SCF Iteration 354: Energy = 2.7822570984139952 dE =  1.93798E-01
SCF Iteration 355: Energy = 2.5884593726243765 dE = -1.93798E-01
SCF Iteration 356: Energy = 2.7822570984139996 dE =  1.93798E-01
SCF Iteration 357: Energy = 2.5884593726243805 dE = -1.93798E-01
SCF Iteration 358: Energy = 2.7822570984139947 dE =  1.93798E-01
SCF Iteration 359: Energy = 2.5884593726243756 dE = -1.93798E-01
SCF Iteration 360: Energy = 2.7822570984140049 dE =  1.93798E-01
SCF Iteration 361: Energy = 2.5884593726243872 dE = -1.93798E-01
SCF Iteration 362: Energy = 2.7822570984140071 dE =  1.93798E-01
SCF Iteration 363: Energy = 2.5884593726243899 dE = -1.93798E-01
SCF Iteration 364: Energy = 2.7822570984140000 dE =  1.93798E-01
SCF Iteration 365: Energy = 2.5884593726243872 dE = -1.93798E-01
SCF Iteration 366: Energy = 2.7822570984140027 dE =  1.93798E-01
SCF Iteration 367: Energy = 2.5884593726243823 dE = -1.93798E-01
SCF Iteration 368: Energy = 2.7822570984139969 dE =  1.93798E-01
SCF Iteration 369: Energy = 2.5884593726243854 dE = -1.93798E-01
SCF Iteration 370: Energy = 2.7822570984139978 dE =  1.93798E-01
SCF Iteration 371: Energy = 2.5884593726243819 dE = -1.93798E-01
SCF Iteration 372: Energy = 2.7822570984140000 dE =  1.93798E-01
SCF Iteration 373: Energy = 2.5884593726243859 dE = -1.93798E-01
SCF Iteration 374: Energy = 2.7822570984139978 dE =  1.93798E-01
SCF Iteration 375: Energy = 2.5884593726243845 dE = -1.93798E-01
SCF Iteration 376: Energy = 2.7822570984140045 dE =  1.93798E-01
SCF Iteration 377: Energy = 2.5884593726243872 dE = -1.93798E-01
SCF Iteration 378: Energy = 2.7822570984139969 dE =  1.93798E-01
SCF Iteration 379: Energy = 2.5884593726243845 dE = -1.93798E-01
SCF Iteration 380: Energy = 2.7822570984139960 dE =  1.93798E-01
SCF Iteration 381: Energy = 2.5884593726243823 dE = -1.93798E-01
SCF Iteration 382: Energy = 2.7822570984139925 dE =  1.93798E-01
SCF Iteration 383: Energy = 2.5884593726243783 dE = -1.93798E-01
SCF Iteration 384: Energy = 2.7822570984139889 dE =  1.93798E-01
SCF Iteration 385: Energy = 2.5884593726243730 dE = -1.93798E-01
SCF Iteration 386: Energy = 2.7822570984139978 dE =  1.93798E-01
SCF Iteration 387: Energy = 2.5884593726243792 dE = -1.93798E-01
SCF Iteration 388: Energy = 2.7822570984139996 dE =  1.93798E-01
SCF Iteration 389: Energy = 2.5884593726243863 dE = -1.93798E-01
SCF Iteration 390: Energy = 2.7822570984140009 dE =  1.93798E-01
SCF Iteration 391: Energy = 2.5884593726243819 dE = -1.93798E-01
SCF Iteration 392: Energy = 2.7822570984139934 dE =  1.93798E-01
SCF Iteration 393: Energy = 2.5884593726243801 dE = -1.93798E-01
SCF Iteration 394: Energy = 2.7822570984139960 dE =  1.93798E-01
SCF Iteration 395: Energy = 2.5884593726243827 dE = -1.93798E-01
SCF Iteration 396: Energy = 2.7822570984140005 dE =  1.93798E-01
SCF Iteration 397: Energy = 2.5884593726243881 dE = -1.93798E-01
SCF Iteration 398: Energy = 2.7822570984140063 dE =  1.93798E-01
SCF Iteration 399: Energy = 2.5884593726243850 dE = -1.93798E-01
SCF Iteration 400: Energy = 2.7822570984140031 dE =  1.93798E-01
SCF Iteration 401: Energy = 2.5884593726243921 dE = -1.93798E-01
SCF Iteration 402: Energy = 2.7822570984140045 dE =  1.93798E-01
SCF Iteration 403: Energy = 2.5884593726243859 dE = -1.93798E-01
SCF Iteration 404: Energy = 2.7822570984140023 dE =  1.93798E-01
SCF Iteration 405: Energy = 2.5884593726243836 dE = -1.93798E-01
SCF Iteration 406: Energy = 2.7822570984140023 dE =  1.93798E-01
SCF Iteration 407: Energy = 2.5884593726243863 dE = -1.93798E-01
SCF Iteration 408: Energy = 2.7822570984139983 dE =  1.93798E-01
SCF Iteration 409: Energy = 2.5884593726243792 dE = -1.93798E-01
SCF Iteration 410: Energy = 2.7822570984139992 dE =  1.93798E-01
SCF Iteration 411: Energy = 2.5884593726243770 dE = -1.93798E-01
SCF Iteration 412: Energy = 2.7822570984139920 dE =  1.93798E-01
SCF Iteration 413: Energy = 2.5884593726243761 dE = -1.93798E-01
SCF Iteration 414: Energy = 2.7822570984139978 dE =  1.93798E-01
SCF Iteration 415: Energy = 2.5884593726243792 dE = -1.93798E-01
SCF Iteration 416: Energy = 2.7822570984139987 dE =  1.93798E-01
SCF Iteration 417: Energy = 2.5884593726243863 dE = -1.93798E-01
SCF Iteration 418: Energy = 2.7822570984139965 dE =  1.93798E-01
SCF Iteration 419: Energy = 2.5884593726243814 dE = -1.93798E-01
SCF Iteration 420: Energy = 2.7822570984139996 dE =  1.93798E-01
SCF Iteration 421: Energy = 2.5884593726243881 dE = -1.93798E-01
SCF Iteration 422: Energy = 2.7822570984139952 dE =  1.93798E-01
SCF Iteration 423: Energy = 2.5884593726243814 dE = -1.93798E-01
SCF Iteration 424: Energy = 2.7822570984140031 dE =  1.93798E-01
SCF Iteration 425: Energy = 2.5884593726243916 dE = -1.93798E-01
SCF Iteration 426: Energy = 2.7822570984140058 dE =  1.93798E-01
SCF Iteration 427: Energy = 2.5884593726243872 dE = -1.93798E-01
SCF Iteration 428: Energy = 2.7822570984140027 dE =  1.93798E-01
SCF Iteration 429: Energy = 2.5884593726243863 dE = -1.93798E-01
SCF Iteration 430: Energy = 2.7822570984140040 dE =  1.93798E-01
SCF Iteration 431: Energy = 2.5884593726243881 dE = -1.93798E-01
SCF Iteration 432: Energy = 2.7822570984140014 dE =  1.93798E-01
SCF Iteration 433: Energy = 2.5884593726243792 dE = -1.93798E-01
SCF Iteration 434: Energy = 2.7822570984140023 dE =  1.93798E-01
SCF Iteration 435: Energy = 2.5884593726243827 dE = -1.93798E-01
SCF Iteration 436: Energy = 2.7822570984140049 dE =  1.93798E-01
SCF Iteration 437: Energy = 2.5884593726243836 dE = -1.93798E-01
SCF Iteration 438: Energy = 2.7822570984140023 dE =  1.93798E-01
SCF Iteration 439: Energy = 2.5884593726243912 dE = -1.93798E-01
SCF Iteration 440: Energy = 2.7822570984139996 dE =  1.93798E-01
SCF Iteration 441: Energy = 2.5884593726243836 dE = -1.93798E-01
SCF Iteration 442: Energy = 2.7822570984140045 dE =  1.93798E-01
SCF Iteration 443: Energy = 2.5884593726243872 dE = -1.93798E-01
SCF Iteration 444: Energy = 2.7822570984140023 dE =  1.93798E-01
SCF Iteration 445: Energy = 2.5884593726243859 dE = -1.93798E-01
SCF Iteration 446: Energy = 2.7822570984140040 dE =  1.93798E-01
SCF Iteration 447: Energy = 2.5884593726243881 dE = -1.93798E-01
SCF Iteration 448: Energy = 2.7822570984140009 dE =  1.93798E-01
SCF Iteration 449: Energy = 2.5884593726243836 dE = -1.93798E-01
SCF Iteration 450: Energy = 2.7822570984140031 dE =  1.93798E-01
SCF Iteration 451: Energy = 2.5884593726243819 dE = -1.93798E-01
SCF Iteration 452: Energy = 2.7822570984140045 dE =  1.93798E-01
SCF Iteration 453: Energy = 2.5884593726243890 dE = -1.93798E-01
SCF Iteration 454: Energy = 2.7822570984140031 dE =  1.93798E-01
SCF Iteration 455: Energy = 2.5884593726243854 dE = -1.93798E-01
SCF Iteration 456: Energy = 2.7822570984140058 dE =  1.93798E-01
SCF Iteration 457: Energy = 2.5884593726243930 dE = -1.93798E-01
SCF Iteration 458: Energy = 2.7822570984140125 dE =  1.93798E-01
SCF Iteration 459: Energy = 2.5884593726243925 dE = -1.93798E-01
SCF Iteration 460: Energy = 2.7822570984140049 dE =  1.93798E-01
SCF Iteration 461: Energy = 2.5884593726243925 dE = -1.93798E-01
SCF Iteration 462: Energy = 2.7822570984140120 dE =  1.93798E-01
SCF Iteration 463: Energy = 2.5884593726243907 dE = -1.93798E-01
SCF Iteration 464: Energy = 2.7822570984140094 dE =  1.93798E-01
SCF Iteration 465: Energy = 2.5884593726243907 dE = -1.93798E-01
SCF Iteration 466: Energy = 2.7822570984140049 dE =  1.93798E-01
SCF Iteration 467: Energy = 2.5884593726243956 dE = -1.93798E-01
SCF Iteration 468: Energy = 2.7822570984140040 dE =  1.93798E-01
SCF Iteration 469: Energy = 2.5884593726243832 dE = -1.93798E-01
SCF Iteration 470: Energy = 2.7822570984140049 dE =  1.93798E-01
SCF Iteration 471: Energy = 2.5884593726243867 dE = -1.93798E-01
SCF Iteration 472: Energy = 2.7822570984140076 dE =  1.93798E-01
SCF Iteration 473: Energy = 2.5884593726243885 dE = -1.93798E-01
SCF Iteration 474: Energy = 2.7822570984140103 dE =  1.93798E-01
SCF Iteration 475: Energy = 2.5884593726243881 dE = -1.93798E-01
SCF Iteration 476: Energy = 2.7822570984140014 dE =  1.93798E-01
SCF Iteration 477: Energy = 2.5884593726243894 dE = -1.93798E-01
SCF Iteration 478: Energy = 2.7822570984140036 dE =  1.93798E-01
SCF Iteration 479: Energy = 2.5884593726243894 dE = -1.93798E-01
SCF Iteration 480: Energy = 2.7822570984140018 dE =  1.93798E-01
SCF Iteration 481: Energy = 2.5884593726243885 dE = -1.93798E-01
SCF Iteration 482: Energy = 2.7822570984140031 dE =  1.93798E-01
SCF Iteration 483: Energy = 2.5884593726243859 dE = -1.93798E-01
SCF Iteration 484: Energy = 2.7822570984140067 dE =  1.93798E-01
SCF Iteration 485: Energy = 2.5884593726243788 dE = -1.93798E-01
SCF Iteration 486: Energy = 2.7822570984140049 dE =  1.93798E-01
SCF Iteration 487: Energy = 2.5884593726243850 dE = -1.93798E-01
SCF Iteration 488: Energy = 2.7822570984140000 dE =  1.93798E-01
SCF Iteration 489: Energy = 2.5884593726243845 dE = -1.93798E-01
SCF Iteration 490: Energy = 2.7822570984140058 dE =  1.93798E-01
SCF Iteration 491: Energy = 2.5884593726243854 dE = -1.93798E-01
SCF Iteration 492: Energy = 2.7822570984140049 dE =  1.93798E-01
SCF Iteration 493: Energy = 2.5884593726243881 dE = -1.93798E-01
SCF Iteration 494: Energy = 2.7822570984140058 dE =  1.93798E-01
SCF Iteration 495: Energy = 2.5884593726243903 dE = -1.93798E-01
SCF Iteration 496: Energy = 2.7822570984140049 dE =  1.93798E-01
SCF Iteration 497: Energy = 2.5884593726243899 dE = -1.93798E-01
SCF Iteration 498: Energy = 2.7822570984140054 dE =  1.93798E-01
SCF Iteration 499: Energy = 2.5884593726243916 dE = -1.93798E-01
SCF Iteration 500: Energy = 2.7822570984140049 dE =  1.93798E-01
