
  Memory set to  55.879 GiB by Python driver.
  Threads set to 1 by Python driver.
Settings:
	LOT = CCSD-S2-U22
	wc = 20.0 eV
	lambda = [0.848697 0.       0.      ] a.u.
	Equivalent A0 = LAMBDA / sqrt(2 wc) = [0.7 0.  0. ])
doing QED-CCSD-Full (or QED-CCSD-22)
Number of occupied orbitals:   1
Number of basis functions:  60
SCF Iteration   1: Energy = 3.1111511025629675 dE =  3.11115E+00
SCF Iteration   2: Energy = 3.5839764022622989 dE =  4.72825E-01
SCF Iteration   3: Energy = 3.3360152596915498 dE = -2.47961E-01
SCF Iteration   4: Energy = 3.5687431799631302 dE =  2.32728E-01
SCF Iteration   5: Energy = 3.4223035922491745 dE = -1.46440E-01
SCF Iteration   6: Energy = 3.5713597449429573 dE =  1.49056E-01
SCF Iteration   7: Energy = 3.4540651614603002 dE = -1.17295E-01
SCF Iteration   8: Energy = 3.5723406433124101 dE =  1.18275E-01
SCF Iteration   9: Energy = 3.4659531622866941 dE = -1.06387E-01
SCF Iteration  10: Energy = 3.5712639070848566 dE =  1.05311E-01
SCF Iteration  11: Energy = 3.4694811687570519 dE = -1.01783E-01
SCF Iteration  12: Energy = 3.5688474235039029 dE =  9.93663E-02
SCF Iteration  13: Energy = 3.4691831087335485 dE = -9.96643E-02
SCF Iteration  14: Energy = 3.5657733192796446 dE =  9.65902E-02
SCF Iteration  15: Energy = 3.4671657075161764 dE = -9.86076E-02
SCF Iteration  16: Energy = 3.5625400180533959 dE =  9.53743E-02
SCF Iteration  17: Energy = 3.4645020531110546 dE = -9.80380E-02
SCF Iteration  18: Energy = 3.5594564636295467 dE =  9.49544E-02
SCF Iteration  19: Energy = 3.4617477195701349 dE = -9.77087E-02
SCF Iteration  20: Energy = 3.5566837185637583 dE =  9.49360E-02
SCF Iteration  21: Energy = 3.4591766616195168 dE = -9.75071E-02
SCF Iteration  22: Energy = 3.5542839098298717 dE =  9.51072E-02
SCF Iteration  23: Energy = 3.4569063265813034 dE = -9.73776E-02
SCF Iteration  24: Energy = 3.5522601782412773 dE =  9.53539E-02
SCF Iteration  25: Energy = 3.4549688514142494 dE = -9.72913E-02
SCF Iteration  26: Energy = 3.5505844523440477 dE =  9.56156E-02
SCF Iteration  27: Energy = 3.4533523226215257 dE = -9.72321E-02
SCF Iteration  28: Energy = 3.5492149478880828 dE =  9.58626E-02
SCF Iteration  29: Energy = 3.4520244415914254 dE = -9.71905E-02
SCF Iteration  30: Energy = 3.5481063558689576 dE =  9.60819E-02
SCF Iteration  31: Energy = 3.4509457112701520 dE = -9.71606E-02
SCF Iteration  32: Energy = 3.5472152864261677 dE =  9.62696E-02
SCF Iteration  33: Energy = 3.4500764295880595 dE = -9.71389E-02
SCF Iteration  34: Energy = 3.5465028245093868 dE =  9.64264E-02
SCF Iteration  35: Energy = 3.4493800908673133 dE = -9.71227E-02
SCF Iteration  36: Energy = 3.5459354232038294 dE =  9.65553E-02
SCF Iteration  37: Energy = 3.4488247625449429 dE = -9.71107E-02
SCF Iteration  38: Energy = 3.5454848999175850 dE =  9.66601E-02
SCF Iteration  39: Energy = 3.4483833681934430 dE = -9.71015E-02
SCF Iteration  40: Energy = 3.5451279927483821 dE =  9.67446E-02
SCF Iteration  41: Energy = 3.4480334193248199 dE = -9.70946E-02
SCF Iteration  42: Energy = 3.5448457391818979 dE =  9.68123E-02
SCF Iteration  43: Energy = 3.4477565041423053 dE = -9.70892E-02
SCF Iteration  44: Energy = 3.5446228200570369 dE =  9.68663E-02
SCF Iteration  45: Energy = 3.4475377020916600 dE = -9.70851E-02
SCF Iteration  46: Energy = 3.5444469411503303 dE =  9.69092E-02
SCF Iteration  47: Energy = 3.4473650116529679 dE = -9.70819E-02
SCF Iteration  48: Energy = 3.5443082842664309 dE =  9.69433E-02
SCF Iteration  49: Energy = 3.4472288322759232 dE = -9.70795E-02
SCF Iteration  50: Energy = 3.5441990374358010 dE =  9.69702E-02
SCF Iteration  51: Energy = 3.4471215155612178 dE = -9.70775E-02
SCF Iteration  52: Energy = 3.5441130022525567 dE =  9.69915E-02
SCF Iteration  53: Energy = 3.4470369871379294 dE = -9.70760E-02
SCF Iteration  54: Energy = 3.5440452709757433 dE =  9.70083E-02
SCF Iteration  55: Energy = 3.4469704340178886 dE = -9.70748E-02
SCF Iteration  56: Energy = 3.5439919640321076 dE =  9.70215E-02
SCF Iteration  57: Energy = 3.4469180494485623 dE = -9.70739E-02
SCF Iteration  58: Energy = 3.5439500183869468 dE =  9.70320E-02
SCF Iteration  59: Energy = 3.4468768266328524 dE = -9.70732E-02
SCF Iteration  60: Energy = 3.5439170179640760 dE =  9.70402E-02
SCF Iteration  61: Energy = 3.4468443930944388 dE = -9.70726E-02
SCF Iteration  62: Energy = 3.5438910583758867 dE =  9.70467E-02
SCF Iteration  63: Energy = 3.4468188783520883 dE = -9.70722E-02
SCF Iteration  64: Energy = 3.5438706393889232 dE =  9.70518E-02
SCF Iteration  65: Energy = 3.4467988086045755 dE = -9.70718E-02
SCF Iteration  66: Energy = 3.5438545796579390 dE =  9.70558E-02
SCF Iteration  67: Energy = 3.4467830231516499 dE = -9.70716E-02
SCF Iteration  68: Energy = 3.5438419492491016 dE =  9.70589E-02
SCF Iteration  69: Energy = 3.4467706082085341 dE = -9.70713E-02
SCF Iteration  70: Energy = 3.5438320163204491 dE =  9.70614E-02
SCF Iteration  71: Energy = 3.4467608445801599 dE = -9.70712E-02
SCF Iteration  72: Energy = 3.5438242050373043 dE =  9.70634E-02
SCF Iteration  73: Energy = 3.4467531663450703 dE = -9.70710E-02
SCF Iteration  74: Energy = 3.5438180623841355 dE =  9.70649E-02
SCF Iteration  75: Energy = 3.4467471282637607 dE = -9.70709E-02
SCF Iteration  76: Energy = 3.5438132320100157 dE =  9.70661E-02
SCF Iteration  77: Energy = 3.4467423800881205 dE = -9.70709E-02
SCF Iteration  78: Energy = 3.5438094336272812 dE =  9.70671E-02
SCF Iteration  79: Energy = 3.4467386463222534 dE = -9.70708E-02
SCF Iteration  80: Energy = 3.5438064467910300 dE =  9.70678E-02
SCF Iteration  81: Energy = 3.4467357102848180 dE = -9.70707E-02
SCF Iteration  82: Energy = 3.5438040981316226 dE =  9.70684E-02
SCF Iteration  83: Energy = 3.4467334015629194 dE = -9.70707E-02
SCF Iteration  84: Energy = 3.5438022513075222 dE =  9.70688E-02
SCF Iteration  85: Energy = 3.4467315861383891 dE = -9.70707E-02
SCF Iteration  86: Energy = 3.5438007991002620 dE =  9.70692E-02
SCF Iteration  87: Energy = 3.4467301586186805 dE = -9.70706E-02
SCF Iteration  88: Energy = 3.5437996571956933 dE =  9.70695E-02
SCF Iteration  89: Energy = 3.4467290361248515 dE = -9.70706E-02
SCF Iteration  90: Energy = 3.5437987592923808 dE =  9.70697E-02
SCF Iteration  91: Energy = 3.4467281534835861 dE = -9.70706E-02
SCF Iteration  92: Energy = 3.5437980532541395 dE =  9.70699E-02
SCF Iteration  93: Energy = 3.4467274594455635 dE = -9.70706E-02
SCF Iteration  94: Energy = 3.5437974980841234 dE =  9.70700E-02
SCF Iteration  95: Energy = 3.4467269137111360 dE = -9.70706E-02
SCF Iteration  96: Energy = 3.5437970615450354 dE =  9.70701E-02
SCF Iteration  97: Energy = 3.4467264845911796 dE = -9.70706E-02
SCF Iteration  98: Energy = 3.5437967182877528 dE =  9.70702E-02
SCF Iteration  99: Energy = 3.4467261471675399 dE = -9.70706E-02
SCF Iteration 100: Energy = 3.5437964483796227 dE =  9.70703E-02
SCF Iteration 101: Energy = 3.4467258818463984 dE = -9.70706E-02
SCF Iteration 102: Energy = 3.5437962361471227 dE =  9.70704E-02
SCF Iteration 103: Energy = 3.4467256732206528 dE = -9.70706E-02
SCF Iteration 104: Energy = 3.5437960692658690 dE =  9.70704E-02
SCF Iteration 105: Energy = 3.4467255091754141 dE = -9.70706E-02
SCF Iteration 106: Energy = 3.5437959380449571 dE =  9.70704E-02
SCF Iteration 107: Energy = 3.4467253801844739 dE = -9.70706E-02
SCF Iteration 108: Energy = 3.5437958348642691 dE =  9.70705E-02
SCF Iteration 109: Energy = 3.4467252787572340 dE = -9.70706E-02
SCF Iteration 110: Energy = 3.5437957537319940 dE =  9.70705E-02
SCF Iteration 111: Energy = 3.4467251990037058 dE = -9.70706E-02
SCF Iteration 112: Energy = 3.5437956899366601 dE =  9.70705E-02
SCF Iteration 113: Energy = 3.4467251362925042 dE = -9.70706E-02
SCF Iteration 114: Energy = 3.5437956397736192 dE =  9.70705E-02
SCF Iteration 115: Energy = 3.4467250869819130 dE = -9.70706E-02
SCF Iteration 116: Energy = 3.5437956003297972 dE =  9.70705E-02
SCF Iteration 117: Energy = 3.4467250482083882 dE = -9.70706E-02
SCF Iteration 118: Energy = 3.5437955693146312 dE =  9.70705E-02
SCF Iteration 119: Energy = 3.4467250177202873 dE = -9.70706E-02
SCF Iteration 120: Energy = 3.5437955449270397 dE =  9.70705E-02
SCF Iteration 121: Energy = 3.4467249937471411 dE = -9.70706E-02
SCF Iteration 122: Energy = 3.5437955257507823 dE =  9.70705E-02
SCF Iteration 123: Energy = 3.4467249748967541 dE = -9.70706E-02
SCF Iteration 124: Energy = 3.5437955106722612 dE =  9.70705E-02
SCF Iteration 125: Energy = 3.4467249600744596 dE = -9.70706E-02
SCF Iteration 126: Energy = 3.5437954988158396 dE =  9.70705E-02
SCF Iteration 127: Energy = 3.4467249484195293 dE = -9.70706E-02
SCF Iteration 128: Energy = 3.5437954894929868 dE =  9.70705E-02
SCF Iteration 129: Energy = 3.4467249392551111 dE = -9.70706E-02
SCF Iteration 130: Energy = 3.5437954821623174 dE =  9.70705E-02
SCF Iteration 131: Energy = 3.4467249320490136 dE = -9.70706E-02
SCF Iteration 132: Energy = 3.5437954763981323 dE =  9.70705E-02
SCF Iteration 133: Energy = 3.4467249263827715 dE = -9.70706E-02
SCF Iteration 134: Energy = 3.5437954718656739 dE =  9.70705E-02
SCF Iteration 135: Energy = 3.4467249219273342 dE = -9.70705E-02
SCF Iteration 136: Energy = 3.5437954683017550 dE =  9.70705E-02
SCF Iteration 137: Energy = 3.4467249184239828 dE = -9.70705E-02
SCF Iteration 138: Energy = 3.5437954654994011 dE =  9.70705E-02
SCF Iteration 139: Energy = 3.4467249156692512 dE = -9.70705E-02
SCF Iteration 140: Energy = 3.5437954632958748 dE =  9.70705E-02
SCF Iteration 141: Energy = 3.4467249135031652 dE = -9.70705E-02
SCF Iteration 142: Energy = 3.5437954615632119 dE =  9.70705E-02
SCF Iteration 143: Energy = 3.4467249117999601 dE = -9.70705E-02
SCF Iteration 144: Energy = 3.5437954602007986 dE =  9.70705E-02
SCF Iteration 145: Energy = 3.4467249104606958 dE = -9.70705E-02
SCF Iteration 146: Energy = 3.5437954591295213 dE =  9.70705E-02
SCF Iteration 147: Energy = 3.4467249094076173 dE = -9.70705E-02
SCF Iteration 148: Energy = 3.5437954582871587 dE =  9.70705E-02
SCF Iteration 149: Energy = 3.4467249085795739 dE = -9.70705E-02
SCF Iteration 150: Energy = 3.5437954576247979 dE =  9.70705E-02
SCF Iteration 151: Energy = 3.4467249079284690 dE = -9.70705E-02
SCF Iteration 152: Energy = 3.5437954571039878 dE =  9.70705E-02
SCF Iteration 153: Energy = 3.4467249074165025 dE = -9.70705E-02
SCF Iteration 154: Energy = 3.5437954566944541 dE =  9.70705E-02
SCF Iteration 155: Energy = 3.4467249070139294 dE = -9.70705E-02
SCF Iteration 156: Energy = 3.5437954563724361 dE =  9.70705E-02
SCF Iteration 157: Energy = 3.4467249066973888 dE = -9.70705E-02
SCF Iteration 158: Energy = 3.5437954561192329 dE =  9.70705E-02
SCF Iteration 159: Energy = 3.4467249064484848 dE = -9.70705E-02
SCF Iteration 160: Energy = 3.5437954559201330 dE =  9.70705E-02
SCF Iteration 161: Energy = 3.4467249062527667 dE = -9.70705E-02
SCF Iteration 162: Energy = 3.5437954557635818 dE =  9.70705E-02
SCF Iteration 163: Energy = 3.4467249060988756 dE = -9.70705E-02
SCF Iteration 164: Energy = 3.5437954556404838 dE =  9.70705E-02
SCF Iteration 165: Energy = 3.4467249059778724 dE = -9.70705E-02
SCF Iteration 166: Energy = 3.5437954555436932 dE =  9.70705E-02
SCF Iteration 167: Energy = 3.4467249058827214 dE = -9.70705E-02
SCF Iteration 168: Energy = 3.5437954554675799 dE =  9.70705E-02
SCF Iteration 169: Energy = 3.4467249058079021 dE = -9.70705E-02
SCF Iteration 170: Energy = 3.5437954554077282 dE =  9.70705E-02
SCF Iteration 171: Energy = 3.4467249057490728 dE = -9.70705E-02
SCF Iteration 172: Energy = 3.5437954553606783 dE =  9.70705E-02
SCF Iteration 173: Energy = 3.4467249057028173 dE = -9.70705E-02
SCF Iteration 174: Energy = 3.5437954553236688 dE =  9.70705E-02
SCF Iteration 175: Energy = 3.4467249056664420 dE = -9.70705E-02
SCF Iteration 176: Energy = 3.5437954552945743 dE =  9.70705E-02
SCF Iteration 177: Energy = 3.4467249056378355 dE = -9.70705E-02
SCF Iteration 178: Energy = 3.5437954552716953 dE =  9.70705E-02
SCF Iteration 179: Energy = 3.4467249056153424 dE = -9.70705E-02
SCF Iteration 180: Energy = 3.5437954552537070 dE =  9.70705E-02
SCF Iteration 181: Energy = 3.4467249055976668 dE = -9.70705E-02
SCF Iteration 182: Energy = 3.5437954552395605 dE =  9.70705E-02
SCF Iteration 183: Energy = 3.4467249055837628 dE = -9.70705E-02
SCF Iteration 184: Energy = 3.5437954552284356 dE =  9.70705E-02
SCF Iteration 185: Energy = 3.4467249055728275 dE = -9.70705E-02
SCF Iteration 186: Energy = 3.5437954552196920 dE =  9.70705E-02
SCF Iteration 187: Energy = 3.4467249055642366 dE = -9.70705E-02
SCF Iteration 188: Energy = 3.5437954552128224 dE =  9.70705E-02
SCF Iteration 189: Energy = 3.4467249055574785 dE = -9.70705E-02
SCF Iteration 190: Energy = 3.5437954552074151 dE =  9.70705E-02
SCF Iteration 191: Energy = 3.4467249055521583 dE = -9.70705E-02
SCF Iteration 192: Energy = 3.5437954552031585 dE =  9.70705E-02
SCF Iteration 193: Energy = 3.4467249055479838 dE = -9.70705E-02
SCF Iteration 194: Energy = 3.5437954551998123 dE =  9.70705E-02
SCF Iteration 195: Energy = 3.4467249055446953 dE = -9.70705E-02
SCF Iteration 196: Energy = 3.5437954551971949 dE =  9.70705E-02
SCF Iteration 197: Energy = 3.4467249055421059 dE = -9.70705E-02
SCF Iteration 198: Energy = 3.5437954551951156 dE =  9.70705E-02
SCF Iteration 199: Energy = 3.4467249055400728 dE = -9.70705E-02
SCF Iteration 200: Energy = 3.5437954551934907 dE =  9.70705E-02
SCF Iteration 201: Energy = 3.4467249055384750 dE = -9.70705E-02
SCF Iteration 202: Energy = 3.5437954551922140 dE =  9.70705E-02
SCF Iteration 203: Energy = 3.4467249055372204 dE = -9.70705E-02
SCF Iteration 204: Energy = 3.5437954551912076 dE =  9.70705E-02
SCF Iteration 205: Energy = 3.4467249055362279 dE = -9.70705E-02
SCF Iteration 206: Energy = 3.5437954551904194 dE =  9.70705E-02
SCF Iteration 207: Energy = 3.4467249055354579 dE = -9.70705E-02
SCF Iteration 208: Energy = 3.5437954551897972 dE =  9.70705E-02
SCF Iteration 209: Energy = 3.4467249055348437 dE = -9.70705E-02
SCF Iteration 210: Energy = 3.5437954551893132 dE =  9.70705E-02
SCF Iteration 211: Energy = 3.4467249055343725 dE = -9.70705E-02
SCF Iteration 212: Energy = 3.5437954551889286 dE =  9.70705E-02
SCF Iteration 213: Energy = 3.4467249055339906 dE = -9.70705E-02
SCF Iteration 214: Energy = 3.5437954551886248 dE =  9.70705E-02
SCF Iteration 215: Energy = 3.4467249055336993 dE = -9.70705E-02
SCF Iteration 216: Energy = 3.5437954551883895 dE =  9.70705E-02
SCF Iteration 217: Energy = 3.4467249055334657 dE = -9.70705E-02
SCF Iteration 218: Energy = 3.5437954551882043 dE =  9.70705E-02
SCF Iteration 219: Energy = 3.4467249055332845 dE = -9.70705E-02
SCF Iteration 220: Energy = 3.5437954551880595 dE =  9.70705E-02
SCF Iteration 221: Energy = 3.4467249055331406 dE = -9.70705E-02
SCF Iteration 222: Energy = 3.5437954551879525 dE =  9.70705E-02
SCF Iteration 223: Energy = 3.4467249055330189 dE = -9.70705E-02
SCF Iteration 224: Energy = 3.5437954551878543 dE =  9.70705E-02
SCF Iteration 225: Energy = 3.4467249055329399 dE = -9.70705E-02
SCF Iteration 226: Energy = 3.5437954551877864 dE =  9.70705E-02
SCF Iteration 227: Energy = 3.4467249055328653 dE = -9.70705E-02
SCF Iteration 228: Energy = 3.5437954551877295 dE =  9.70705E-02
SCF Iteration 229: Energy = 3.4467249055328120 dE = -9.70705E-02
SCF Iteration 230: Energy = 3.5437954551876851 dE =  9.70705E-02
SCF Iteration 231: Energy = 3.4467249055327676 dE = -9.70705E-02
SCF Iteration 232: Energy = 3.5437954551876460 dE =  9.70705E-02
SCF Iteration 233: Energy = 3.4467249055327263 dE = -9.70705E-02
SCF Iteration 234: Energy = 3.5437954551876194 dE =  9.70705E-02
SCF Iteration 235: Energy = 3.4467249055327018 dE = -9.70705E-02
SCF Iteration 236: Energy = 3.5437954551875990 dE =  9.70705E-02
SCF Iteration 237: Energy = 3.4467249055326787 dE = -9.70705E-02
SCF Iteration 238: Energy = 3.5437954551875768 dE =  9.70705E-02
SCF Iteration 239: Energy = 3.4467249055326592 dE = -9.70705E-02
SCF Iteration 240: Energy = 3.5437954551875537 dE =  9.70705E-02
SCF Iteration 241: Energy = 3.4467249055326450 dE = -9.70705E-02
SCF Iteration 242: Energy = 3.5437954551875448 dE =  9.70705E-02
SCF Iteration 243: Energy = 3.4467249055326361 dE = -9.70705E-02
SCF Iteration 244: Energy = 3.5437954551875390 dE =  9.70705E-02
SCF Iteration 245: Energy = 3.4467249055326294 dE = -9.70705E-02
SCF Iteration 246: Energy = 3.5437954551875364 dE =  9.70705E-02
SCF Iteration 247: Energy = 3.4467249055326192 dE = -9.70705E-02
SCF Iteration 248: Energy = 3.5437954551875324 dE =  9.70705E-02
SCF Iteration 249: Energy = 3.4467249055326152 dE = -9.70705E-02
SCF Iteration 250: Energy = 3.5437954551875275 dE =  9.70705E-02
SCF Iteration 251: Energy = 3.4467249055326121 dE = -9.70705E-02
SCF Iteration 252: Energy = 3.5437954551875235 dE =  9.70705E-02
SCF Iteration 253: Energy = 3.4467249055326015 dE = -9.70705E-02
SCF Iteration 254: Energy = 3.5437954551875146 dE =  9.70705E-02
SCF Iteration 255: Energy = 3.4467249055326015 dE = -9.70705E-02
SCF Iteration 256: Energy = 3.5437954551875115 dE =  9.70705E-02
SCF Iteration 257: Energy = 3.4467249055326055 dE = -9.70705E-02
SCF Iteration 258: Energy = 3.5437954551875208 dE =  9.70705E-02
SCF Iteration 259: Energy = 3.4467249055326015 dE = -9.70705E-02
SCF Iteration 260: Energy = 3.5437954551875190 dE =  9.70705E-02
SCF Iteration 261: Energy = 3.4467249055326015 dE = -9.70705E-02
SCF Iteration 262: Energy = 3.5437954551875110 dE =  9.70705E-02
SCF Iteration 263: Energy = 3.4467249055325979 dE = -9.70705E-02
SCF Iteration 264: Energy = 3.5437954551875119 dE =  9.70705E-02
SCF Iteration 265: Energy = 3.4467249055326001 dE = -9.70705E-02
SCF Iteration 266: Energy = 3.5437954551875146 dE =  9.70705E-02
SCF Iteration 267: Energy = 3.4467249055326059 dE = -9.70705E-02
SCF Iteration 268: Energy = 3.5437954551875159 dE =  9.70705E-02
SCF Iteration 269: Energy = 3.4467249055326086 dE = -9.70705E-02
SCF Iteration 270: Energy = 3.5437954551875208 dE =  9.70705E-02
SCF Iteration 271: Energy = 3.4467249055326077 dE = -9.70705E-02
SCF Iteration 272: Energy = 3.5437954551875217 dE =  9.70705E-02
SCF Iteration 273: Energy = 3.4467249055326041 dE = -9.70705E-02
SCF Iteration 274: Energy = 3.5437954551875155 dE =  9.70705E-02
SCF Iteration 275: Energy = 3.4467249055326046 dE = -9.70705E-02
SCF Iteration 276: Energy = 3.5437954551875159 dE =  9.70705E-02
SCF Iteration 277: Energy = 3.4467249055326037 dE = -9.70705E-02
SCF Iteration 278: Energy = 3.5437954551875115 dE =  9.70705E-02
SCF Iteration 279: Energy = 3.4467249055326001 dE = -9.70705E-02
SCF Iteration 280: Energy = 3.5437954551875137 dE =  9.70705E-02
SCF Iteration 281: Energy = 3.4467249055326032 dE = -9.70705E-02
SCF Iteration 282: Energy = 3.5437954551875066 dE =  9.70705E-02
SCF Iteration 283: Energy = 3.4467249055325979 dE = -9.70705E-02
SCF Iteration 284: Energy = 3.5437954551875110 dE =  9.70705E-02
SCF Iteration 285: Energy = 3.4467249055326024 dE = -9.70705E-02
SCF Iteration 286: Energy = 3.5437954551875164 dE =  9.70705E-02
SCF Iteration 287: Energy = 3.4467249055326015 dE = -9.70705E-02
SCF Iteration 288: Energy = 3.5437954551875110 dE =  9.70705E-02
SCF Iteration 289: Energy = 3.4467249055325961 dE = -9.70705E-02
SCF Iteration 290: Energy = 3.5437954551875102 dE =  9.70705E-02
SCF Iteration 291: Energy = 3.4467249055326032 dE = -9.70705E-02
SCF Iteration 292: Energy = 3.5437954551875159 dE =  9.70705E-02
SCF Iteration 293: Energy = 3.4467249055326104 dE = -9.70705E-02
SCF Iteration 294: Energy = 3.5437954551875084 dE =  9.70705E-02
SCF Iteration 295: Energy = 3.4467249055326072 dE = -9.70705E-02
SCF Iteration 296: Energy = 3.5437954551875164 dE =  9.70705E-02
SCF Iteration 297: Energy = 3.4467249055325953 dE = -9.70705E-02
SCF Iteration 298: Energy = 3.5437954551875093 dE =  9.70705E-02
SCF Iteration 299: Energy = 3.4467249055325953 dE = -9.70705E-02
SCF Iteration 300: Energy = 3.5437954551875119 dE =  9.70705E-02
SCF Iteration 301: Energy = 3.4467249055326032 dE = -9.70705E-02
SCF Iteration 302: Energy = 3.5437954551875093 dE =  9.70705E-02
SCF Iteration 303: Energy = 3.4467249055326104 dE = -9.70705E-02
SCF Iteration 304: Energy = 3.5437954551875146 dE =  9.70705E-02
SCF Iteration 305: Energy = 3.4467249055325997 dE = -9.70705E-02
SCF Iteration 306: Energy = 3.5437954551875137 dE =  9.70705E-02
SCF Iteration 307: Energy = 3.4467249055326001 dE = -9.70705E-02
SCF Iteration 308: Energy = 3.5437954551875093 dE =  9.70705E-02
SCF Iteration 309: Energy = 3.4467249055325961 dE = -9.70705E-02
SCF Iteration 310: Energy = 3.5437954551875102 dE =  9.70705E-02
SCF Iteration 311: Energy = 3.4467249055325939 dE = -9.70705E-02
SCF Iteration 312: Energy = 3.5437954551875110 dE =  9.70705E-02
SCF Iteration 313: Energy = 3.4467249055325913 dE = -9.70705E-02
SCF Iteration 314: Energy = 3.5437954551875110 dE =  9.70705E-02
SCF Iteration 315: Energy = 3.4467249055325908 dE = -9.70705E-02
SCF Iteration 316: Energy = 3.5437954551875053 dE =  9.70705E-02
SCF Iteration 317: Energy = 3.4467249055325961 dE = -9.70705E-02
SCF Iteration 318: Energy = 3.5437954551875084 dE =  9.70705E-02
SCF Iteration 319: Energy = 3.4467249055326015 dE = -9.70705E-02
SCF Iteration 320: Energy = 3.5437954551875133 dE =  9.70705E-02
SCF Iteration 321: Energy = 3.4467249055326015 dE = -9.70705E-02
SCF Iteration 322: Energy = 3.5437954551875124 dE =  9.70705E-02
SCF Iteration 323: Energy = 3.4467249055325979 dE = -9.70705E-02
SCF Iteration 324: Energy = 3.5437954551875146 dE =  9.70705E-02
SCF Iteration 325: Energy = 3.4467249055325997 dE = -9.70705E-02
SCF Iteration 326: Energy = 3.5437954551875093 dE =  9.70705E-02
SCF Iteration 327: Energy = 3.4467249055325926 dE = -9.70705E-02
SCF Iteration 328: Energy = 3.5437954551875146 dE =  9.70705E-02
SCF Iteration 329: Energy = 3.4467249055325944 dE = -9.70705E-02
SCF Iteration 330: Energy = 3.5437954551875110 dE =  9.70705E-02
SCF Iteration 331: Energy = 3.4467249055326032 dE = -9.70705E-02
SCF Iteration 332: Energy = 3.5437954551875164 dE =  9.70705E-02
SCF Iteration 333: Energy = 3.4467249055325970 dE = -9.70705E-02
SCF Iteration 334: Energy = 3.5437954551875173 dE =  9.70705E-02
SCF Iteration 335: Energy = 3.4467249055326050 dE = -9.70705E-02
SCF Iteration 336: Energy = 3.5437954551875115 dE =  9.70705E-02
SCF Iteration 337: Energy = 3.4467249055325961 dE = -9.70705E-02
SCF Iteration 338: Energy = 3.5437954551875106 dE =  9.70705E-02
SCF Iteration 339: Energy = 3.4467249055325979 dE = -9.70705E-02
SCF Iteration 340: Energy = 3.5437954551875110 dE =  9.70705E-02
SCF Iteration 341: Energy = 3.4467249055325988 dE = -9.70705E-02
SCF Iteration 342: Energy = 3.5437954551875079 dE =  9.70705E-02
SCF Iteration 343: Energy = 3.4467249055325997 dE = -9.70705E-02
SCF Iteration 344: Energy = 3.5437954551875097 dE =  9.70705E-02
SCF Iteration 345: Energy = 3.4467249055325970 dE = -9.70705E-02
SCF Iteration 346: Energy = 3.5437954551875066 dE =  9.70705E-02
SCF Iteration 347: Energy = 3.4467249055326015 dE = -9.70705E-02
SCF Iteration 348: Energy = 3.5437954551875190 dE =  9.70705E-02
SCF Iteration 349: Energy = 3.4467249055326032 dE = -9.70705E-02
SCF Iteration 350: Energy = 3.5437954551875137 dE =  9.70705E-02
SCF Iteration 351: Energy = 3.4467249055325961 dE = -9.70705E-02
SCF Iteration 352: Energy = 3.5437954551875159 dE =  9.70705E-02
SCF Iteration 353: Energy = 3.4467249055325988 dE = -9.70705E-02
SCF Iteration 354: Energy = 3.5437954551875182 dE =  9.70705E-02
SCF Iteration 355: Energy = 3.4467249055325997 dE = -9.70705E-02
SCF Iteration 356: Energy = 3.5437954551875159 dE =  9.70705E-02
SCF Iteration 357: Energy = 3.4467249055326015 dE = -9.70705E-02
SCF Iteration 358: Energy = 3.5437954551875142 dE =  9.70705E-02
SCF Iteration 359: Energy = 3.4467249055326077 dE = -9.70705E-02
SCF Iteration 360: Energy = 3.5437954551875182 dE =  9.70705E-02
SCF Iteration 361: Energy = 3.4467249055326015 dE = -9.70705E-02
SCF Iteration 362: Energy = 3.5437954551875155 dE =  9.70705E-02
SCF Iteration 363: Energy = 3.4467249055326104 dE = -9.70705E-02
SCF Iteration 364: Energy = 3.5437954551875208 dE =  9.70705E-02
SCF Iteration 365: Energy = 3.4467249055326077 dE = -9.70705E-02
SCF Iteration 366: Energy = 3.5437954551875155 dE =  9.70705E-02
SCF Iteration 367: Energy = 3.4467249055326037 dE = -9.70705E-02
SCF Iteration 368: Energy = 3.5437954551875084 dE =  9.70705E-02
SCF Iteration 369: Energy = 3.4467249055326006 dE = -9.70705E-02
SCF Iteration 370: Energy = 3.5437954551875155 dE =  9.70705E-02
SCF Iteration 371: Energy = 3.4467249055326024 dE = -9.70705E-02
SCF Iteration 372: Energy = 3.5437954551875137 dE =  9.70705E-02
SCF Iteration 373: Energy = 3.4467249055325988 dE = -9.70705E-02
SCF Iteration 374: Energy = 3.5437954551875128 dE =  9.70705E-02
SCF Iteration 375: Energy = 3.4467249055325970 dE = -9.70705E-02
SCF Iteration 376: Energy = 3.5437954551875182 dE =  9.70705E-02
SCF Iteration 377: Energy = 3.4467249055326024 dE = -9.70705E-02
SCF Iteration 378: Energy = 3.5437954551875177 dE =  9.70705E-02
SCF Iteration 379: Energy = 3.4467249055326081 dE = -9.70705E-02
SCF Iteration 380: Energy = 3.5437954551875119 dE =  9.70705E-02
SCF Iteration 381: Energy = 3.4467249055326046 dE = -9.70705E-02
SCF Iteration 382: Energy = 3.5437954551875168 dE =  9.70705E-02
SCF Iteration 383: Energy = 3.4467249055326041 dE = -9.70705E-02
SCF Iteration 384: Energy = 3.5437954551875119 dE =  9.70705E-02
SCF Iteration 385: Energy = 3.4467249055325961 dE = -9.70705E-02
SCF Iteration 386: Energy = 3.5437954551875137 dE =  9.70705E-02
SCF Iteration 387: Energy = 3.4467249055326015 dE = -9.70705E-02
SCF Iteration 388: Energy = 3.5437954551875093 dE =  9.70705E-02
SCF Iteration 389: Energy = 3.4467249055325970 dE = -9.70705E-02
SCF Iteration 390: Energy = 3.5437954551875137 dE =  9.70705E-02
SCF Iteration 391: Energy = 3.4467249055325997 dE = -9.70705E-02
SCF Iteration 392: Energy = 3.5437954551875110 dE =  9.70705E-02
SCF Iteration 393: Energy = 3.4467249055325997 dE = -9.70705E-02
SCF Iteration 394: Energy = 3.5437954551875128 dE =  9.70705E-02
SCF Iteration 395: Energy = 3.4467249055325979 dE = -9.70705E-02
SCF Iteration 396: Energy = 3.5437954551875057 dE =  9.70705E-02
SCF Iteration 397: Energy = 3.4467249055325895 dE = -9.70705E-02
SCF Iteration 398: Energy = 3.5437954551875128 dE =  9.70705E-02
SCF Iteration 399: Energy = 3.4467249055325970 dE = -9.70705E-02
SCF Iteration 400: Energy = 3.5437954551875155 dE =  9.70705E-02
SCF Iteration 401: Energy = 3.4467249055325997 dE = -9.70705E-02
SCF Iteration 402: Energy = 3.5437954551875182 dE =  9.70705E-02
SCF Iteration 403: Energy = 3.4467249055326006 dE = -9.70705E-02
SCF Iteration 404: Energy = 3.5437954551875128 dE =  9.70705E-02
SCF Iteration 405: Energy = 3.4467249055326032 dE = -9.70705E-02
SCF Iteration 406: Energy = 3.5437954551875137 dE =  9.70705E-02
SCF Iteration 407: Energy = 3.4467249055326046 dE = -9.70705E-02
SCF Iteration 408: Energy = 3.5437954551875124 dE =  9.70705E-02
SCF Iteration 409: Energy = 3.4467249055325997 dE = -9.70705E-02
SCF Iteration 410: Energy = 3.5437954551875142 dE =  9.70705E-02
SCF Iteration 411: Energy = 3.4467249055325979 dE = -9.70705E-02
SCF Iteration 412: Energy = 3.5437954551875119 dE =  9.70705E-02
SCF Iteration 413: Energy = 3.4467249055326001 dE = -9.70705E-02
SCF Iteration 414: Energy = 3.5437954551875142 dE =  9.70705E-02
SCF Iteration 415: Energy = 3.4467249055325975 dE = -9.70705E-02
SCF Iteration 416: Energy = 3.5437954551875110 dE =  9.70705E-02
SCF Iteration 417: Energy = 3.4467249055326032 dE = -9.70705E-02
SCF Iteration 418: Energy = 3.5437954551875173 dE =  9.70705E-02
SCF Iteration 419: Energy = 3.4467249055326059 dE = -9.70705E-02
SCF Iteration 420: Energy = 3.5437954551875182 dE =  9.70705E-02
SCF Iteration 421: Energy = 3.4467249055326006 dE = -9.70705E-02
SCF Iteration 422: Energy = 3.5437954551875195 dE =  9.70705E-02
SCF Iteration 423: Energy = 3.4467249055326139 dE = -9.70705E-02
SCF Iteration 424: Energy = 3.5437954551875190 dE =  9.70705E-02
SCF Iteration 425: Energy = 3.4467249055326090 dE = -9.70705E-02
SCF Iteration 426: Energy = 3.5437954551875190 dE =  9.70705E-02
SCF Iteration 427: Energy = 3.4467249055326068 dE = -9.70705E-02
SCF Iteration 428: Energy = 3.5437954551875221 dE =  9.70705E-02
SCF Iteration 429: Energy = 3.4467249055326032 dE = -9.70705E-02
SCF Iteration 430: Energy = 3.5437954551875190 dE =  9.70705E-02
SCF Iteration 431: Energy = 3.4467249055326019 dE = -9.70705E-02
SCF Iteration 432: Energy = 3.5437954551875084 dE =  9.70705E-02
SCF Iteration 433: Energy = 3.4467249055326010 dE = -9.70705E-02
SCF Iteration 434: Energy = 3.5437954551875182 dE =  9.70705E-02
SCF Iteration 435: Energy = 3.4467249055326037 dE = -9.70705E-02
SCF Iteration 436: Energy = 3.5437954551875164 dE =  9.70705E-02
SCF Iteration 437: Energy = 3.4467249055326006 dE = -9.70705E-02
SCF Iteration 438: Energy = 3.5437954551875106 dE =  9.70705E-02
SCF Iteration 439: Energy = 3.4467249055325988 dE = -9.70705E-02
SCF Iteration 440: Energy = 3.5437954551875133 dE =  9.70705E-02
SCF Iteration 441: Energy = 3.4467249055326015 dE = -9.70705E-02
SCF Iteration 442: Energy = 3.5437954551875173 dE =  9.70705E-02
SCF Iteration 443: Energy = 3.4467249055325957 dE = -9.70705E-02
SCF Iteration 444: Energy = 3.5437954551875226 dE =  9.70705E-02
SCF Iteration 445: Energy = 3.4467249055326068 dE = -9.70705E-02
SCF Iteration 446: Energy = 3.5437954551875155 dE =  9.70705E-02
SCF Iteration 447: Energy = 3.4467249055326050 dE = -9.70705E-02
SCF Iteration 448: Energy = 3.5437954551875137 dE =  9.70705E-02
SCF Iteration 449: Energy = 3.4467249055326010 dE = -9.70705E-02
SCF Iteration 450: Energy = 3.5437954551875057 dE =  9.70705E-02
SCF Iteration 451: Energy = 3.4467249055325988 dE = -9.70705E-02
SCF Iteration 452: Energy = 3.5437954551875066 dE =  9.70705E-02
SCF Iteration 453: Energy = 3.4467249055325970 dE = -9.70705E-02
SCF Iteration 454: Energy = 3.5437954551875102 dE =  9.70705E-02
SCF Iteration 455: Energy = 3.4467249055325984 dE = -9.70705E-02
SCF Iteration 456: Energy = 3.5437954551875084 dE =  9.70705E-02
SCF Iteration 457: Energy = 3.4467249055326086 dE = -9.70705E-02
SCF Iteration 458: Energy = 3.5437954551875190 dE =  9.70705E-02
SCF Iteration 459: Energy = 3.4467249055326024 dE = -9.70705E-02
SCF Iteration 460: Energy = 3.5437954551875124 dE =  9.70705E-02
SCF Iteration 461: Energy = 3.4467249055326041 dE = -9.70705E-02
SCF Iteration 462: Energy = 3.5437954551875119 dE =  9.70705E-02
SCF Iteration 463: Energy = 3.4467249055325992 dE = -9.70705E-02
SCF Iteration 464: Energy = 3.5437954551875137 dE =  9.70705E-02
SCF Iteration 465: Energy = 3.4467249055326024 dE = -9.70705E-02
SCF Iteration 466: Energy = 3.5437954551875155 dE =  9.70705E-02
SCF Iteration 467: Energy = 3.4467249055326050 dE = -9.70705E-02
SCF Iteration 468: Energy = 3.5437954551875137 dE =  9.70705E-02
SCF Iteration 469: Energy = 3.4467249055326050 dE = -9.70705E-02
SCF Iteration 470: Energy = 3.5437954551875235 dE =  9.70705E-02
SCF Iteration 471: Energy = 3.4467249055326086 dE = -9.70705E-02
SCF Iteration 472: Energy = 3.5437954551875102 dE =  9.70705E-02
SCF Iteration 473: Energy = 3.4467249055326024 dE = -9.70705E-02
SCF Iteration 474: Energy = 3.5437954551875155 dE =  9.70705E-02
SCF Iteration 475: Energy = 3.4467249055326024 dE = -9.70705E-02
SCF Iteration 476: Energy = 3.5437954551875106 dE =  9.70705E-02
SCF Iteration 477: Energy = 3.4467249055325935 dE = -9.70705E-02
SCF Iteration 478: Energy = 3.5437954551875119 dE =  9.70705E-02
SCF Iteration 479: Energy = 3.4467249055325979 dE = -9.70705E-02
SCF Iteration 480: Energy = 3.5437954551875048 dE =  9.70705E-02
SCF Iteration 481: Energy = 3.4467249055325970 dE = -9.70705E-02
SCF Iteration 482: Energy = 3.5437954551875106 dE =  9.70705E-02
SCF Iteration 483: Energy = 3.4467249055325992 dE = -9.70705E-02
SCF Iteration 484: Energy = 3.5437954551875164 dE =  9.70705E-02
SCF Iteration 485: Energy = 3.4467249055326015 dE = -9.70705E-02
SCF Iteration 486: Energy = 3.5437954551875208 dE =  9.70705E-02
SCF Iteration 487: Energy = 3.4467249055326050 dE = -9.70705E-02
SCF Iteration 488: Energy = 3.5437954551875164 dE =  9.70705E-02
SCF Iteration 489: Energy = 3.4467249055325988 dE = -9.70705E-02
SCF Iteration 490: Energy = 3.5437954551875213 dE =  9.70705E-02
SCF Iteration 491: Energy = 3.4467249055326037 dE = -9.70705E-02
SCF Iteration 492: Energy = 3.5437954551875146 dE =  9.70705E-02
SCF Iteration 493: Energy = 3.4467249055325970 dE = -9.70705E-02
SCF Iteration 494: Energy = 3.5437954551875097 dE =  9.70705E-02
SCF Iteration 495: Energy = 3.4467249055325935 dE = -9.70705E-02
SCF Iteration 496: Energy = 3.5437954551875142 dE =  9.70705E-02
SCF Iteration 497: Energy = 3.4467249055326037 dE = -9.70705E-02
SCF Iteration 498: Energy = 3.5437954551875119 dE =  9.70705E-02
SCF Iteration 499: Energy = 3.4467249055325979 dE = -9.70705E-02
SCF Iteration 500: Energy = 3.5437954551875070 dE =  9.70705E-02
