
  Memory set to  55.879 GiB by Python driver.
  Threads set to 1 by Python driver.
Settings:
	LOT = CCSD-S2-U22
	wc = 20.0 eV
	lambda = [0.848697 0.       0.      ] a.u.
	Equivalent A0 = LAMBDA / sqrt(2 wc) = [0.7 0.  0. ])
doing QED-CCSD-Full (or QED-CCSD-22)
Number of occupied orbitals:   1
Number of basis functions:  60
SCF Iteration   1: Energy = 0.6857474482481098 dE =  6.85747E-01
SCF Iteration   2: Energy = 1.5929419910546543 dE =  9.07195E-01
SCF Iteration   3: Energy = 0.8453098784433404 dE = -7.47632E-01
SCF Iteration   4: Energy = 1.5695741473309914 dE =  7.24264E-01
SCF Iteration   5: Energy = 0.8573270994788627 dE = -7.12247E-01
SCF Iteration   6: Energy = 1.5592574568572273 dE =  7.01930E-01
SCF Iteration   7: Energy = 0.8539370275692855 dE = -7.05320E-01
SCF Iteration   8: Energy = 1.5533197716602529 dE =  6.99383E-01
SCF Iteration   9: Energy = 0.8496328962703346 dE = -7.03687E-01
SCF Iteration  10: Energy = 1.5496917245270618 dE =  7.00059E-01
SCF Iteration  11: Energy = 0.8463156027689087 dE = -7.03376E-01
SCF Iteration  12: Energy = 1.5474631953202627 dE =  7.01148E-01
SCF Iteration  13: Energy = 0.8440630163313567 dE = -7.03400E-01
SCF Iteration  14: Energy = 1.5461101825542884 dE =  7.02047E-01
SCF Iteration  15: Energy = 0.8426226537264807 dE = -7.03488E-01
SCF Iteration  16: Energy = 1.5452989453676975 dE =  7.02676E-01
SCF Iteration  17: Energy = 0.8417327780194996 dE = -7.03566E-01
SCF Iteration  18: Energy = 1.5448172376410756 dE =  7.03084E-01
SCF Iteration  19: Energy = 0.8411944965046316 dE = -7.03623E-01
SCF Iteration  20: Energy = 1.5445331589584097 dE =  7.03339E-01
SCF Iteration  21: Energy = 0.8408732515622013 dE = -7.03660E-01
SCF Iteration  22: Energy = 1.5443664180030054 dE =  7.03493E-01
SCF Iteration  23: Energy = 0.8406832126081856 dE = -7.03683E-01
SCF Iteration  24: Energy = 1.5442688639436641 dE =  7.03586E-01
SCF Iteration  25: Energy = 0.8405714449359726 dE = -7.03697E-01
SCF Iteration  26: Energy = 1.5442119140142385 dE =  7.03640E-01
SCF Iteration  27: Energy = 0.8405059673475099 dE = -7.03706E-01
SCF Iteration  28: Energy = 1.5441787177733082 dE =  7.03673E-01
SCF Iteration  29: Energy = 0.8404677092330083 dE = -7.03711E-01
SCF Iteration  30: Energy = 1.5441593874638626 dE =  7.03692E-01
SCF Iteration  31: Energy = 0.8404453952441682 dE = -7.03714E-01
SCF Iteration  32: Energy = 1.5441481392501448 dE =  7.03703E-01
SCF Iteration  33: Energy = 0.8404323964914635 dE = -7.03716E-01
SCF Iteration  34: Energy = 1.5441415971187171 dE =  7.03709E-01
SCF Iteration  35: Energy = 0.8404248305148649 dE = -7.03717E-01
SCF Iteration  36: Energy = 1.5441377933713647 dE =  7.03713E-01
SCF Iteration  37: Energy = 0.8404204292104451 dE = -7.03717E-01
SCF Iteration  38: Energy = 1.5441355822846294 dE =  7.03715E-01
SCF Iteration  39: Energy = 0.8404178698653545 dE = -7.03718E-01
SCF Iteration  40: Energy = 1.5441342971977834 dE =  7.03716E-01
SCF Iteration  41: Energy = 0.8404163820105593 dE = -7.03718E-01
SCF Iteration  42: Energy = 1.5441335503829858 dE =  7.03717E-01
SCF Iteration  43: Energy = 0.8404155172160330 dE = -7.03718E-01
SCF Iteration  44: Energy = 1.5441331164110859 dE =  7.03718E-01
SCF Iteration  45: Energy = 0.8404150146293861 dE = -7.03718E-01
SCF Iteration  46: Energy = 1.5441328642439285 dE =  7.03718E-01
SCF Iteration  47: Energy = 0.8404147225696710 dE = -7.03718E-01
SCF Iteration  48: Energy = 1.5441327177226878 dE =  7.03718E-01
SCF Iteration  49: Energy = 0.8404145528598933 dE = -7.03718E-01
SCF Iteration  50: Energy = 1.5441326325887224 dE =  7.03718E-01
SCF Iteration  51: Energy = 0.8404144542490057 dE = -7.03718E-01
SCF Iteration  52: Energy = 1.5441325831233392 dE =  7.03718E-01
SCF Iteration  53: Energy = 0.8404143969518499 dE = -7.03718E-01
SCF Iteration  54: Energy = 1.5441325543813094 dE =  7.03718E-01
SCF Iteration  55: Energy = 0.8404143636592148 dE = -7.03718E-01
SCF Iteration  56: Energy = 1.5441325376750092 dE =  7.03718E-01
SCF Iteration  57: Energy = 0.8404143443101635 dE = -7.03718E-01
SCF Iteration  58: Energy = 1.5441325279419857 dE =  7.03718E-01
SCF Iteration  59: Energy = 0.8404143330472285 dE = -7.03718E-01
SCF Iteration  60: Energy = 1.5441325221835305 dE =  7.03718E-01
SCF Iteration  61: Energy = 0.8404143264218977 dE = -7.03718E-01
SCF Iteration  62: Energy = 1.5441325184333685 dE =  7.03718E-01
SCF Iteration  63: Energy = 0.8404143222542455 dE = -7.03718E-01
SCF Iteration  64: Energy = 1.5441325146738842 dE =  7.03718E-01
SCF Iteration  65: Energy = 0.8404143185889968 dE = -7.03718E-01
SCF Iteration  66: Energy = 1.5441325063125084 dE =  7.03718E-01
SCF Iteration  67: Energy = 0.8404143115986261 dE = -7.03718E-01
SCF Iteration  68: Energy = 1.5441324773141445 dE =  7.03718E-01
SCF Iteration  69: Energy = 0.8404142885408341 dE = -7.03718E-01
SCF Iteration  70: Energy = 1.5441323661245201 dE =  7.03718E-01
SCF Iteration  71: Energy = 0.8404142009056684 dE = -7.03718E-01
SCF Iteration  72: Energy = 1.5441319328329055 dE =  7.03718E-01
SCF Iteration  73: Energy = 0.8404138598624840 dE = -7.03718E-01
SCF Iteration  74: Energy = 1.5441302402358301 dE =  7.03716E-01
SCF Iteration  75: Energy = 0.8404125278901050 dE = -7.03718E-01
SCF Iteration  76: Energy = 1.5441236259505857 dE =  7.03711E-01
SCF Iteration  77: Energy = 0.8404073230063551 dE = -7.03716E-01
SCF Iteration  78: Energy = 1.5440977777827580 dE =  7.03690E-01
SCF Iteration  79: Energy = 0.8403869828690140 dE = -7.03711E-01
SCF Iteration  80: Energy = 1.5439967695044412 dE =  7.03610E-01
SCF Iteration  81: Energy = 0.8403075001484908 dE = -7.03689E-01
SCF Iteration  82: Energy = 1.5436021356544003 dE =  7.03295E-01
SCF Iteration  83: Energy = 0.8399969880683429 dE = -7.03605E-01
SCF Iteration  84: Energy = 1.5420615747190354 dE =  7.02065E-01
SCF Iteration  85: Energy = 0.8387851631763197 dE = -7.03276E-01
SCF Iteration  86: Energy = 1.5360665963524334 dE =  6.97281E-01
SCF Iteration  87: Energy = 0.8340746421295924 dE = -7.01992E-01
SCF Iteration  88: Energy = 1.5130219748940825 dE =  6.78947E-01
SCF Iteration  89: Energy = 0.8160443850072985 dE = -6.96978E-01
SCF Iteration  90: Energy = 1.4284431499476740 dE =  6.12399E-01
SCF Iteration  91: Energy = 0.7509065695543244 dE = -6.77537E-01
SCF Iteration  92: Energy = 1.1637187366545394 dE =  4.12812E-01
SCF Iteration  93: Energy = 0.5572760294911598 dE = -6.06443E-01
SCF Iteration  94: Energy = 0.6229204669108657 dE =  6.56444E-02
SCF Iteration  95: Energy = 0.2071039960316796 dE = -4.15816E-01
SCF Iteration  96: Energy = 0.0922136951408199 dE = -1.14890E-01
SCF Iteration  97: Energy = -0.0813945787621666 dE = -1.73608E-01
SCF Iteration  98: Energy = -0.1487765437406607 dE = -6.73820E-02
SCF Iteration  99: Energy = -0.1945545195533476 dE = -4.57780E-02
SCF Iteration 100: Energy = -0.2132688422526212 dE = -1.87143E-02
SCF Iteration 101: Energy = -0.2226760185262244 dE = -9.40718E-03
SCF Iteration 102: Energy = -0.2266009539376277 dE = -3.92494E-03
SCF Iteration 103: Energy = -0.2283793202740574 dE = -1.77837E-03
SCF Iteration 104: Energy = -0.2291481505104329 dE = -7.68830E-04
SCF Iteration 105: Energy = -0.2294980869375982 dE = -3.49936E-04
SCF Iteration 106: Energy = -0.2296605893522368 dE = -1.62502E-04
SCF Iteration 107: Energy = -0.2297400465396804 dE = -7.94572E-05
SCF Iteration 108: Energy = -0.2297806212104729 dE = -4.05747E-05
SCF Iteration 109: Energy = -0.2298022803345836 dE = -2.16591E-05
SCF Iteration 110: Energy = -0.2298142565686421 dE = -1.19762E-05
SCF Iteration 111: Energy = -0.2298210593161554 dE = -6.80275E-06
SCF Iteration 112: Energy = -0.2298249976186184 dE = -3.93830E-06
SCF Iteration 113: Energy = -0.2298273066680188 dE = -2.30905E-06
SCF Iteration 114: Energy = -0.2298286717954274 dE = -1.36513E-06
SCF Iteration 115: Energy = -0.2298294830733367 dE = -8.11278E-07
SCF Iteration 116: Energy = -0.2298299667940127 dE = -4.83721E-07
SCF Iteration 117: Energy = -0.2298302557843401 dE = -2.88990E-07
SCF Iteration 118: Energy = -0.2298304286493256 dE = -1.72865E-07
SCF Iteration 119: Energy = -0.2298305321272567 dE = -1.03478E-07
SCF Iteration 120: Energy = -0.2298305940972489 dE = -6.19700E-08
SCF Iteration 121: Energy = -0.2298306312188869 dE = -3.71216E-08
SCF Iteration 122: Energy = -0.2298306534591412 dE = -2.22403E-08
SCF Iteration 123: Energy = -0.2298306667848229 dE = -1.33257E-08
SCF Iteration 124: Energy = -0.2298306747695664 dE = -7.98474E-09
SCF Iteration 125: Energy = -0.2298306795541436 dE = -4.78458E-09
SCF Iteration 126: Energy = -0.2298306824211755 dE = -2.86703E-09
SCF Iteration 127: Energy = -0.2298306841391822 dE = -1.71801E-09
SCF Iteration 128: Energy = -0.2298306851686573 dE = -1.02948E-09
SCF Iteration 129: Energy = -0.2298306857855514 dE = -6.16894E-10
SCF Iteration 130: Energy = -0.2298306861552049 dE = -3.69653E-10
SCF Iteration 131: Energy = -0.2298306863767150 dE = -2.21510E-10
SCF Iteration 132: Energy = -0.2298306865094515 dE = -1.32736E-10
SCF Iteration 133: Energy = -0.2298306865889921 dE = -7.95406E-11

SCF converged.
E_QED_HF          = -0.229830686588992
HF  (psi4)        = -1.013181104745059
Starting with the CCSD calculation:

Iter  Energy(CCSD)      E_diff    time(sec)
  1:  -0.2031683903  2.03168E-01   19.099
  2:  -0.3104582167  1.07290E-01   19.106
  3:  -0.3667751541  5.63169E-02   19.102
  4:  -0.4182135907  5.14384E-02   19.098
  5:  -0.4554752889  3.72617E-02   19.088
  6:  -0.4874678232  3.19925E-02   19.090
  7:  -0.5037124955  1.62447E-02   19.096
  8:  -0.5175016869  1.37892E-02   19.092
  9:  -0.5304898866  1.29882E-02   19.090
 10:  -0.5429828241  1.24929E-02   19.093
 11:  -0.5487445933  5.76177E-03   19.090
 12:  -0.5500763454  1.33175E-03   19.085
 13:  -0.5505444314  4.68086E-04   19.098
 14:  -0.5506256165  8.11851E-05   19.088
 15:  -0.5500880739  5.37543E-04   19.089
 16:  -0.5504050796  3.17006E-04   19.087
 17:  -0.5501442078  2.60872E-04   19.089
 18:  -0.5498820761  2.62132E-04   19.087
 19:  -0.5495953463  2.86730E-04   19.090
 20:  -0.5494704721  1.24874E-04   19.096
 21:  -0.5493911934  7.92787E-05   19.088
 22:  -0.5492886894  1.02504E-04   19.085
 23:  -0.5492193241  6.93653E-05   19.087
 24:  -0.5491879322  3.13920E-05   19.095
 25:  -0.5491721655  1.57667E-05   19.093
 26:  -0.5492380646  6.58992E-05   19.097
 27:  -0.5492643181  2.62534E-05   19.104
 28:  -0.5492817928  1.74748E-05   19.103
 29:  -0.5492838435  2.05070E-06   19.110
 30:  -0.5492966910  1.28475E-05   19.109
 31:  -0.5493107419  1.40509E-05   19.103
 32:  -0.5493174269  6.68500E-06   19.106
 33:  -0.5493088642  8.56267E-06   19.109
 34:  -0.5493056969  3.16729E-06   19.099
 35:  -0.5493000564  5.64057E-06   19.108
 36:  -0.5492985561  1.50025E-06   19.106
 37:  -0.5492979073  6.48837E-07   19.108
 38:  -0.5492985997  6.92393E-07   19.103
 39:  -0.5492993967  7.96979E-07   19.102
 40:  -0.5493009438  1.54719E-06   19.105
 41:  -0.5493039120  2.96818E-06   19.108
 42:  -0.5493050445  1.13250E-06   19.103
 43:  -0.5493062677  1.22315E-06   19.100
 44:  -0.5493045352  1.73248E-06   19.101
 45:  -0.5493032372  1.29796E-06   19.088
 46:  -0.5493024808  7.56427E-07   19.099
 47:  -0.5493014376  1.04327E-06   19.105
 48:  -0.5493005219  9.15669E-07   19.107
 49:  -0.5492997598  7.62060E-07   19.111
 50:  -0.5492985949  1.16489E-06   19.106
E_QED_CCSD  (Corr.)  = -0.549298594927155
E_QED_CCSD tot       = -0.779129281516147
E_CCSD_psi4 (Corr.)  = -0.060465507368239
E_CCSD_psi4 tot      = -1.073646612113297
