
  Memory set to  55.879 GiB by Python driver.
  Threads set to 1 by Python driver.
Settings:
	LOT = CCSD-S2-U22
	wc = 20.0 eV
	lambda = [0.848697 0.       0.      ] a.u.
	Equivalent A0 = LAMBDA / sqrt(2 wc) = [0.7 0.  0. ])
doing QED-CCSD-Full (or QED-CCSD-22)
Number of occupied orbitals:   1
Number of basis functions:  60
SCF Iteration   1: Energy = 0.5357270168759191 dE =  5.35727E-01
SCF Iteration   2: Energy = 1.5126168369999906 dE =  9.76890E-01
SCF Iteration   3: Energy = 0.6919459762183755 dE = -8.20671E-01
SCF Iteration   4: Energy = 1.4936207645555424 dE =  8.01675E-01
SCF Iteration   5: Energy = 0.7022095101563809 dE = -7.91411E-01
SCF Iteration   6: Energy = 1.4850724094958907 dE =  7.82863E-01
SCF Iteration   7: Energy = 0.6991573509254210 dE = -7.85915E-01
SCF Iteration   8: Energy = 1.4802738448557449 dE =  7.81116E-01
SCF Iteration   9: Energy = 0.6955911303548028 dE = -7.84683E-01
SCF Iteration  10: Energy = 1.4774425011289973 dE =  7.81851E-01
SCF Iteration  11: Energy = 0.6929692438336865 dE = -7.84473E-01
SCF Iteration  12: Energy = 1.4757698513660253 dE =  7.82801E-01
SCF Iteration  13: Energy = 0.6912638024110317 dE = -7.84506E-01
SCF Iteration  14: Energy = 1.4747944572857712 dE =  7.83531E-01
SCF Iteration  15: Energy = 0.6902179279118594 dE = -7.84577E-01
SCF Iteration  16: Energy = 1.4742328205701853 dE =  7.84015E-01
SCF Iteration  17: Energy = 0.6895977739830845 dE = -7.84635E-01
SCF Iteration  18: Energy = 1.4739124774985195 dE =  7.84315E-01
SCF Iteration  19: Energy = 0.6892375521918819 dE = -7.84675E-01
SCF Iteration  20: Energy = 1.4737309629371471 dE =  7.84493E-01
SCF Iteration  21: Energy = 0.6890310345190367 dE = -7.84700E-01
SCF Iteration  22: Energy = 1.4736285731632564 dE =  7.84598E-01
SCF Iteration  23: Energy = 0.6889136395796600 dE = -7.84715E-01
SCF Iteration  24: Energy = 1.4735709922496865 dE =  7.84657E-01
SCF Iteration  25: Energy = 0.6888472804509349 dE = -7.84724E-01
SCF Iteration  26: Energy = 1.4735386773578869 dE =  7.84691E-01
SCF Iteration  27: Energy = 0.6888099105377050 dE = -7.84729E-01
SCF Iteration  28: Energy = 1.4735205674349694 dE =  7.84711E-01
SCF Iteration  29: Energy = 0.6887889188636682 dE = -7.84732E-01
SCF Iteration  30: Energy = 1.4735104279710056 dE =  7.84722E-01
SCF Iteration  31: Energy = 0.6887771473921340 dE = -7.84733E-01
SCF Iteration  32: Energy = 1.4735047547445221 dE =  7.84728E-01
SCF Iteration  33: Energy = 0.6887705539603860 dE = -7.84734E-01
SCF Iteration  34: Energy = 1.4735015818769377 dE =  7.84731E-01
SCF Iteration  35: Energy = 0.6887668637572720 dE = -7.84735E-01
SCF Iteration  36: Energy = 1.4734998079252553 dE =  7.84733E-01
SCF Iteration  37: Energy = 0.6887647995368026 dE = -7.84735E-01
SCF Iteration  38: Energy = 1.4734988163139804 dE =  7.84734E-01
SCF Iteration  39: Energy = 0.6887636452783796 dE = -7.84735E-01
SCF Iteration  40: Energy = 1.4734982620973573 dE =  7.84735E-01
SCF Iteration  41: Energy = 0.6887630000081086 dE = -7.84735E-01
SCF Iteration  42: Energy = 1.4734979523727307 dE =  7.84735E-01
SCF Iteration  43: Energy = 0.6887626393411176 dE = -7.84735E-01
SCF Iteration  44: Energy = 1.4734977792932296 dE =  7.84735E-01
SCF Iteration  45: Energy = 0.6887624377728382 dE = -7.84735E-01
SCF Iteration  46: Energy = 1.4734976825712820 dE =  7.84735E-01
SCF Iteration  47: Energy = 0.6887623251251344 dE = -7.84735E-01
SCF Iteration  48: Energy = 1.4734976284787262 dE =  7.84735E-01
SCF Iteration  49: Energy = 0.6887622621421964 dE = -7.84735E-01
SCF Iteration  50: Energy = 1.4734975979419358 dE =  7.84735E-01
SCF Iteration  51: Energy = 0.6887622267137681 dE = -7.84735E-01
SCF Iteration  52: Energy = 1.4734975788121585 dE =  7.84735E-01
SCF Iteration  53: Energy = 0.6887622053614345 dE = -7.84735E-01
SCF Iteration  54: Energy = 1.4734975544281170 dE =  7.84735E-01
SCF Iteration  55: Energy = 0.6887621831213657 dE = -7.84735E-01
SCF Iteration  56: Energy = 1.4734974500760107 dE =  7.84735E-01
SCF Iteration  57: Energy = 0.6887621023982597 dE = -7.84735E-01
SCF Iteration  58: Energy = 1.4734967907256673 dE =  7.84735E-01
SCF Iteration  59: Energy = 0.6887616048502979 dE = -7.84735E-01
SCF Iteration  60: Energy = 1.4734924405884080 dE =  7.84731E-01
SCF Iteration  61: Energy = 0.6887583295492770 dE = -7.84734E-01
SCF Iteration  62: Energy = 1.4734636327794022 dE =  7.84705E-01
SCF Iteration  63: Energy = 0.6887366438434905 dE = -7.84727E-01
SCF Iteration  64: Energy = 1.4732728216642375 dE =  7.84536E-01
SCF Iteration  65: Energy = 0.6885930147123259 dE = -7.84680E-01
SCF Iteration  66: Energy = 1.4720099251369516 dE =  7.83417E-01
SCF Iteration  67: Energy = 0.6876426505684347 dE = -7.84367E-01
SCF Iteration  68: Energy = 1.4636945476337035 dE =  7.76052E-01
SCF Iteration  69: Energy = 0.6813961055232871 dE = -7.82298E-01
SCF Iteration  70: Energy = 1.4107502534219047 dE =  7.29354E-01
SCF Iteration  71: Energy = 0.6420692485016327 dE = -7.68681E-01
SCF Iteration  72: Energy = 1.1331501959365657 dE =  4.91081E-01
SCF Iteration  73: Energy = 0.4480315728472878 dE = -6.85119E-01
SCF Iteration  74: Energy = 0.4267755928681563 dE = -2.12560E-02
SCF Iteration  75: Energy = 0.0379554590434168 dE = -3.88820E-01
SCF Iteration  76: Energy = -0.0972040221491024 dE = -1.35159E-01
SCF Iteration  77: Energy = -0.1966714629779927 dE = -9.94674E-02
SCF Iteration  78: Energy = -0.2323578053145183 dE = -3.56863E-02
SCF Iteration  79: Energy = -0.2476663608819418 dE = -1.53086E-02
SCF Iteration  80: Energy = -0.2531799745367425 dE = -5.51361E-03
SCF Iteration  81: Energy = -0.2553358417109886 dE = -2.15587E-03
SCF Iteration  82: Energy = -0.2562123586186948 dE = -8.76517E-04
SCF Iteration  83: Energy = -0.2566088722600399 dE = -3.96514E-04
SCF Iteration  84: Energy = -0.2568064758093860 dE = -1.97604E-04
SCF Iteration  85: Energy = -0.2569126422750401 dE = -1.06166E-04
SCF Iteration  86: Energy = -0.2569724780073894 dE = -5.98357E-05
SCF Iteration  87: Energy = -0.2570070600290908 dE = -3.45820E-05
SCF Iteration  88: Energy = -0.2570273108275281 dE = -2.02508E-05
SCF Iteration  89: Energy = -0.2570392394886831 dE = -1.19287E-05
SCF Iteration  90: Energy = -0.2570462861153724 dE = -7.04663E-06
SCF Iteration  91: Energy = -0.2570504536440066 dE = -4.16753E-06
SCF Iteration  92: Energy = -0.2570529197440983 dE = -2.46610E-06
SCF Iteration  93: Energy = -0.2570543793188698 dE = -1.45957E-06
SCF Iteration  94: Energy = -0.2570552432438300 dE = -8.63925E-07
SCF Iteration  95: Energy = -0.2570557546095578 dE = -5.11366E-07
SCF Iteration  96: Energy = -0.2570560572913414 dE = -3.02682E-07
SCF Iteration  97: Energy = -0.2570562364493030 dE = -1.79158E-07
SCF Iteration  98: Energy = -0.2570563424921242 dE = -1.06043E-07
SCF Iteration  99: Energy = -0.2570564052577748 dE = -6.27657E-08
SCF Iteration 100: Energy = -0.2570564424078090 dE = -3.71500E-08
SCF Iteration 101: Energy = -0.2570564643962046 dE = -2.19884E-08
SCF Iteration 102: Energy = -0.2570564774106578 dE = -1.30145E-08
SCF Iteration 103: Energy = -0.2570564851135848 dE = -7.70293E-09
SCF Iteration 104: Energy = -0.2570564896727494 dE = -4.55916E-09
SCF Iteration 105: Energy = -0.2570564923711867 dE = -2.69844E-09
SCF Iteration 106: Energy = -0.2570564939683209 dE = -1.59713E-09
SCF Iteration 107: Energy = -0.2570564949136114 dE = -9.45291E-10
SCF Iteration 108: Energy = -0.2570564954731063 dE = -5.59495E-10
SCF Iteration 109: Energy = -0.2570564958042487 dE = -3.31142E-10
SCF Iteration 110: Energy = -0.2570564960002448 dE = -1.95996E-10
SCF Iteration 111: Energy = -0.2570564961162456 dE = -1.16001E-10
SCF Iteration 112: Energy = -0.2570564961849078 dE = -6.86622E-11

SCF converged.
E_QED_HF          = -0.257056496184908
HF  (psi4)        = -1.028340630182644
Starting with the CCSD calculation:

Iter  Energy(CCSD)      E_diff    time(sec)
  1:  -0.2306461344  2.30646E-01   19.087
  2:  -0.3478748838  1.17229E-01   19.086
  3:  -0.4136066710  6.57318E-02   19.078
  4:  -0.4635813542  4.99747E-02   19.087
  5:  -0.4955769787  3.19956E-02   19.073
  6:  -0.5112586849  1.56817E-02   19.069
  7:  -0.5125378889  1.27920E-03   19.074
  8:  -0.5191220388  6.58415E-03   19.078
  9:  -0.5294412569  1.03192E-02   19.076
 10:  -0.5403607066  1.09194E-02   19.067
 11:  -0.5454309955  5.07029E-03   19.069
 12:  -0.5465307974  1.09980E-03   19.078
 13:  -0.5467594943  2.28697E-04   19.072
 14:  -0.5464660880  2.93406E-04   19.069
 15:  -0.5469250533  4.58965E-04   19.075
 16:  -0.5461708536  7.54200E-04   19.068
 17:  -0.5454018757  7.68978E-04   19.077
 18:  -0.5450095113  3.92364E-04   19.077
 19:  -0.5449487787  6.07326E-05   19.074
 20:  -0.5452164495  2.67671E-04   19.068
 21:  -0.5453743871  1.57938E-04   19.077
 22:  -0.5454968919  1.22505E-04   19.075
 23:  -0.5455199944  2.31025E-05   19.093
 24:  -0.5455142178  5.77661E-06   19.085
 25:  -0.5455143176  9.98878E-08   19.075
 26:  -0.5455179639  3.64630E-06   19.087
 27:  -0.5455194711  1.50715E-06   19.084
 28:  -0.5455113603  8.11079E-06   19.081
 29:  -0.5455135345  2.17422E-06   19.082
 30:  -0.5455151799  1.64538E-06   19.086
 31:  -0.5455161692  9.89253E-07   19.084
 32:  -0.5455133000  2.86920E-06   19.083
 33:  -0.5455121451  1.15483E-06   19.083
 34:  -0.5455124095  2.64415E-07   19.081
 35:  -0.5455151003  2.69079E-06   19.082
 36:  -0.5455142108  8.89568E-07   19.082
 37:  -0.5455135745  6.36311E-07   19.084
 38:  -0.5455139115  3.37023E-07   19.085
 39:  -0.5455137103  2.01234E-07   19.089
 40:  -0.5455135580  1.52276E-07   19.085
 41:  -0.5455132162  3.41781E-07   19.080
 42:  -0.5455123993  8.16875E-07   19.081
 43:  -0.5455115268  8.72541E-07   19.077
 44:  -0.5455107457  7.81068E-07   19.080
 45:  -0.5455098924  8.53296E-07   19.083
 46:  -0.5455097176  1.74860E-07   19.085
 47:  -0.5455094510  2.66589E-07   19.075
 48:  -0.5455090593  3.91665E-07   19.082
 49:  -0.5455088483  2.11028E-07   19.081
 50:  -0.5455087009  1.47416E-07   19.082
E_QED_CCSD  (Corr.)  = -0.545508700857376
E_QED_CCSD tot       = -0.802565197042283
E_CCSD_psi4 (Corr.)  = -0.056818268519589
E_CCSD_psi4 tot      = -1.085158898702234
