
  Memory set to  55.879 GiB by Python driver.
  Threads set to 1 by Python driver.
Settings:
	LOT = CCSD-S2-U22
	wc = 20.0 eV
	lambda = [0.848697 0.       0.      ] a.u.
	Equivalent A0 = LAMBDA / sqrt(2 wc) = [0.7 0.  0. ])
doing QED-CCSD-Full (or QED-CCSD-22)
Number of occupied orbitals:   1
Number of basis functions:  60
SCF Iteration   1: Energy = 2.5413775880216800 dE =  2.54138E+00
SCF Iteration   2: Energy = 3.0562813555486139 dE =  5.14904E-01
SCF Iteration   3: Energy = 2.7613517702482415 dE = -2.94930E-01
SCF Iteration   4: Energy = 3.0331183355959017 dE =  2.71767E-01
SCF Iteration   5: Energy = 2.8306120693867536 dE = -2.02506E-01
SCF Iteration   6: Energy = 3.0284811838584211 dE =  1.97869E-01
SCF Iteration   7: Energy = 2.8520906068978231 dE = -1.76391E-01
SCF Iteration   8: Energy = 3.0248529444467067 dE =  1.72762E-01
SCF Iteration   9: Energy = 2.8582041961264393 dE = -1.66649E-01
SCF Iteration  10: Energy = 3.0210440293182352 dE =  1.62840E-01
SCF Iteration  11: Energy = 2.8584732750160682 dE = -1.62571E-01
SCF Iteration  12: Energy = 3.0171476088771376 dE =  1.58674E-01
SCF Iteration  13: Energy = 2.8564211474479166 dE = -1.60726E-01
SCF Iteration  14: Energy = 3.0134385241153465 dE =  1.57017E-01
SCF Iteration  15: Energy = 2.8535970415461893 dE = -1.59841E-01
SCF Iteration  16: Energy = 3.0101215115306204 dE =  1.56524E-01
SCF Iteration  17: Energy = 2.8507225978210986 dE = -1.59399E-01
SCF Iteration  18: Energy = 3.0072891935923467 dE =  1.56567E-01
SCF Iteration  19: Energy = 2.8481167649957007 dE = -1.59172E-01
SCF Iteration  20: Energy = 3.0049491964070270 dE =  1.56832E-01
SCF Iteration  21: Energy = 2.8458933076312585 dE = -1.59056E-01
SCF Iteration  22: Energy = 3.0030606465010701 dE =  1.57167E-01
SCF Iteration  23: Energy = 2.8440639773346033 dE = -1.58997E-01
SCF Iteration  24: Energy = 3.0015616690900386 dE =  1.57498E-01
SCF Iteration  25: Energy = 2.8425940514201127 dE = -1.58968E-01
SCF Iteration  26: Energy = 3.0003860940930691 dE =  1.57792E-01
SCF Iteration  27: Energy = 2.8414317169919570 dE = -1.58954E-01
SCF Iteration  28: Energy = 2.9994721369454296 dE =  1.58040E-01
SCF Iteration  29: Energy = 2.8405228688443271 dE = -1.58949E-01
SCF Iteration  30: Energy = 2.9987660815789168 dE =  1.58243E-01
SCF Iteration  31: Energy = 2.8398179001681436 dE = -1.58948E-01
SCF Iteration  32: Energy = 2.9982231822524463 dE =  1.58405E-01
SCF Iteration  33: Energy = 2.8392742420200805 dE = -1.58949E-01
SCF Iteration  34: Energy = 2.9978071791401595 dE =  1.58533E-01
SCF Iteration  35: Energy = 2.8388567621223104 dE = -1.58950E-01
SCF Iteration  36: Energy = 2.9974892303886236 dE =  1.58632E-01
SCF Iteration  37: Energy = 2.8385371793176901 dE = -1.58952E-01
SCF Iteration  38: Energy = 2.9972466893509342 dE =  1.58710E-01
SCF Iteration  39: Energy = 2.8382931054977885 dE = -1.58954E-01
SCF Iteration  40: Energy = 2.9970619364973397 dE =  1.58769E-01
SCF Iteration  41: Energy = 2.8381070224720459 dE = -1.58955E-01
SCF Iteration  42: Energy = 2.9969213540580029 dE =  1.58814E-01
SCF Iteration  43: Energy = 2.8379653353572607 dE = -1.58956E-01
SCF Iteration  44: Energy = 2.9968144679149047 dE =  1.58849E-01
SCF Iteration  45: Energy = 2.8378575566023700 dE = -1.58957E-01
SCF Iteration  46: Energy = 2.9967332505005007 dE =  1.58876E-01
SCF Iteration  47: Energy = 2.8377756308693938 dE = -1.58958E-01
SCF Iteration  48: Energy = 2.9966715655099114 dE =  1.58896E-01
SCF Iteration  49: Energy = 2.8377133907455652 dE = -1.58958E-01
SCF Iteration  50: Energy = 2.9966247315020382 dE =  1.58911E-01
SCF Iteration  51: Energy = 2.8376661254545192 dE = -1.58959E-01
SCF Iteration  52: Energy = 2.9965891821782003 dE =  1.58923E-01
SCF Iteration  53: Energy = 2.8376302431657958 dE = -1.58959E-01
SCF Iteration  54: Energy = 2.9965622037172812 dE =  1.58932E-01
SCF Iteration  55: Energy = 2.8376030088169042 dE = -1.58959E-01
SCF Iteration  56: Energy = 2.9965417326931449 dE =  1.58939E-01
SCF Iteration  57: Energy = 2.8375823417978463 dE = -1.58959E-01
SCF Iteration  58: Energy = 2.9965262011652696 dE =  1.58944E-01
SCF Iteration  59: Energy = 2.8375666605212144 dE = -1.58960E-01
SCF Iteration  60: Energy = 2.9965144182494723 dE =  1.58948E-01
SCF Iteration  61: Energy = 2.8375547634012337 dE = -1.58960E-01
SCF Iteration  62: Energy = 2.9965054797581812 dE =  1.58951E-01
SCF Iteration  63: Energy = 2.8375457379329467 dE = -1.58960E-01
SCF Iteration  64: Energy = 2.9964986993598837 dE =  1.58953E-01
SCF Iteration  65: Energy = 2.8375388913616360 dE = -1.58960E-01
SCF Iteration  66: Energy = 2.9964935561912727 dE =  1.58955E-01
SCF Iteration  67: Energy = 2.8375336978866290 dE = -1.58960E-01
SCF Iteration  68: Energy = 2.9964896550229492 dE =  1.58956E-01
SCF Iteration  69: Energy = 2.8375297584961849 dE = -1.58960E-01
SCF Iteration  70: Energy = 2.9964866959896832 dE =  1.58957E-01
SCF Iteration  71: Energy = 2.8375267704348799 dE = -1.58960E-01
SCF Iteration  72: Energy = 2.9964844515993327 dE =  1.58958E-01
SCF Iteration  73: Energy = 2.8375245040061912 dE = -1.58960E-01
SCF Iteration  74: Energy = 2.9964827492763848 dE =  1.58958E-01
SCF Iteration  75: Energy = 2.8375227849556506 dE = -1.58960E-01
SCF Iteration  76: Energy = 2.9964814581113535 dE =  1.58959E-01
SCF Iteration  77: Energy = 2.8375214810963487 dE = -1.58960E-01
SCF Iteration  78: Energy = 2.9964804788046582 dE =  1.58959E-01
SCF Iteration  79: Energy = 2.8375204921575401 dE = -1.58960E-01
SCF Iteration  80: Energy = 2.9964797360360231 dE =  1.58959E-01
SCF Iteration  81: Energy = 2.8375197420810689 dE = -1.58960E-01
SCF Iteration  82: Energy = 2.9964791726750328 dE =  1.58959E-01
SCF Iteration  83: Energy = 2.8375191731760818 dE = -1.58960E-01
SCF Iteration  84: Energy = 2.9964787453889170 dE =  1.58960E-01
SCF Iteration  85: Energy = 2.8375187416843390 dE = -1.58960E-01
SCF Iteration  86: Energy = 2.9964784213106861 dE =  1.58960E-01
SCF Iteration  87: Energy = 2.8375184144158991 dE = -1.58960E-01
SCF Iteration  88: Energy = 2.9964781755116050 dE =  1.58960E-01
SCF Iteration  89: Energy = 2.8375181661969391 dE = -1.58960E-01
SCF Iteration  90: Energy = 2.9964779890840343 dE =  1.58960E-01
SCF Iteration  91: Energy = 2.8375179779338691 dE = -1.58960E-01
SCF Iteration  92: Energy = 2.9964778476872227 dE =  1.58960E-01
SCF Iteration  93: Energy = 2.8375178351448400 dE = -1.58960E-01
SCF Iteration  94: Energy = 2.9964777404442606 dE =  1.58960E-01
SCF Iteration  95: Energy = 2.8375177268458911 dE = -1.58960E-01
SCF Iteration  96: Energy = 2.9964776591054623 dE =  1.58960E-01
SCF Iteration  97: Energy = 2.8375176447061512 dE = -1.58960E-01
SCF Iteration  98: Energy = 2.9964775974137874 dE =  1.58960E-01
SCF Iteration  99: Energy = 2.8375175824069983 dE = -1.58960E-01
SCF Iteration 100: Energy = 2.9964775506235544 dE =  1.58960E-01
SCF Iteration 101: Energy = 2.8375175351559978 dE = -1.58960E-01
SCF Iteration 102: Energy = 2.9964775151353660 dE =  1.58960E-01
SCF Iteration 103: Energy = 2.8375174993183467 dE = -1.58960E-01
SCF Iteration 104: Energy = 2.9964774882192646 dE =  1.58960E-01
SCF Iteration 105: Energy = 2.8375174721371801 dE = -1.58960E-01
SCF Iteration 106: Energy = 2.9964774678046693 dE =  1.58960E-01
SCF Iteration 107: Energy = 2.8375174515215495 dE = -1.58960E-01
SCF Iteration 108: Energy = 2.9964774523211632 dE =  1.58960E-01
SCF Iteration 109: Energy = 2.8375174358855686 dE = -1.58960E-01
SCF Iteration 110: Energy = 2.9964774405776713 dE =  1.58960E-01
SCF Iteration 111: Energy = 2.8375174240264260 dE = -1.58960E-01
SCF Iteration 112: Energy = 2.9964774316707774 dE =  1.58960E-01
SCF Iteration 113: Energy = 2.8375174150318196 dE = -1.58960E-01
SCF Iteration 114: Energy = 2.9964774249153310 dE =  1.58960E-01
SCF Iteration 115: Energy = 2.8375174082098438 dE = -1.58960E-01
SCF Iteration 116: Energy = 2.9964774197916491 dE =  1.58960E-01
SCF Iteration 117: Energy = 2.8375174030357146 dE = -1.58960E-01
SCF Iteration 118: Energy = 2.9964774159055825 dE =  1.58960E-01
SCF Iteration 119: Energy = 2.8375173991113658 dE = -1.58960E-01
SCF Iteration 120: Energy = 2.9964774129581775 dE =  1.58960E-01
SCF Iteration 121: Energy = 2.8375173961349414 dE = -1.58960E-01
SCF Iteration 122: Energy = 2.9964774107227150 dE =  1.58960E-01
SCF Iteration 123: Energy = 2.8375173938774645 dE = -1.58960E-01
SCF Iteration 124: Energy = 2.9964774090272250 dE =  1.58960E-01
SCF Iteration 125: Energy = 2.8375173921652728 dE = -1.58960E-01
SCF Iteration 126: Energy = 2.9964774077412728 dE =  1.58960E-01
SCF Iteration 127: Energy = 2.8375173908666511 dE = -1.58960E-01
SCF Iteration 128: Energy = 2.9964774067659397 dE =  1.58960E-01
SCF Iteration 129: Energy = 2.8375173898817261 dE = -1.58960E-01
SCF Iteration 130: Energy = 2.9964774060261998 dE =  1.58960E-01
SCF Iteration 131: Energy = 2.8375173891346943 dE = -1.58960E-01
SCF Iteration 132: Energy = 2.9964774054651397 dE =  1.58960E-01
SCF Iteration 133: Energy = 2.8375173885681155 dE = -1.58960E-01
SCF Iteration 134: Energy = 2.9964774050396077 dE =  1.58960E-01
SCF Iteration 135: Energy = 2.8375173881383970 dE = -1.58960E-01
SCF Iteration 136: Energy = 2.9964774047168570 dE =  1.58960E-01
SCF Iteration 137: Energy = 2.8375173878124622 dE = -1.58960E-01
SCF Iteration 138: Energy = 2.9964774044720670 dE =  1.58960E-01
SCF Iteration 139: Energy = 2.8375173875652595 dE = -1.58960E-01
SCF Iteration 140: Energy = 2.9964774042864066 dE =  1.58960E-01
SCF Iteration 141: Energy = 2.8375173873777646 dE = -1.58960E-01
SCF Iteration 142: Energy = 2.9964774041455846 dE =  1.58960E-01
SCF Iteration 143: Energy = 2.8375173872355632 dE = -1.58960E-01
SCF Iteration 144: Energy = 2.9964774040387860 dE =  1.58960E-01
SCF Iteration 145: Energy = 2.8375173871277100 dE = -1.58960E-01
SCF Iteration 146: Energy = 2.9964774039577762 dE =  1.58960E-01
SCF Iteration 147: Energy = 2.8375173870459092 dE = -1.58960E-01
SCF Iteration 148: Energy = 2.9964774038963413 dE =  1.58960E-01
SCF Iteration 149: Energy = 2.8375173869838584 dE = -1.58960E-01
SCF Iteration 150: Energy = 2.9964774038497408 dE =  1.58960E-01
SCF Iteration 151: Energy = 2.8375173869368080 dE = -1.58960E-01
SCF Iteration 152: Energy = 2.9964774038144029 dE =  1.58960E-01
SCF Iteration 153: Energy = 2.8375173869011117 dE = -1.58960E-01
SCF Iteration 154: Energy = 2.9964774037875919 dE =  1.58960E-01
SCF Iteration 155: Energy = 2.8375173868740422 dE = -1.58960E-01
SCF Iteration 156: Energy = 2.9964774037672619 dE =  1.58960E-01
SCF Iteration 157: Energy = 2.8375173868535128 dE = -1.58960E-01
SCF Iteration 158: Energy = 2.9964774037518427 dE =  1.58960E-01
SCF Iteration 159: Energy = 2.8375173868379338 dE = -1.58960E-01
SCF Iteration 160: Energy = 2.9964774037401471 dE =  1.58960E-01
SCF Iteration 161: Energy = 2.8375173868261303 dE = -1.58960E-01
SCF Iteration 162: Energy = 2.9964774037312809 dE =  1.58960E-01
SCF Iteration 163: Energy = 2.8375173868171739 dE = -1.58960E-01
SCF Iteration 164: Energy = 2.9964774037245467 dE =  1.58960E-01
SCF Iteration 165: Energy = 2.8375173868103785 dE = -1.58960E-01
SCF Iteration 166: Energy = 2.9964774037194513 dE =  1.58960E-01
SCF Iteration 167: Energy = 2.8375173868052315 dE = -1.58960E-01
SCF Iteration 168: Energy = 2.9964774037155779 dE =  1.58960E-01
SCF Iteration 169: Energy = 2.8375173868013182 dE = -1.58960E-01
SCF Iteration 170: Energy = 2.9964774037126443 dE =  1.58960E-01
SCF Iteration 171: Energy = 2.8375173867983534 dE = -1.58960E-01
SCF Iteration 172: Energy = 2.9964774037104149 dE =  1.58960E-01
SCF Iteration 173: Energy = 2.8375173867960983 dE = -1.58960E-01
SCF Iteration 174: Energy = 2.9964774037087247 dE =  1.58960E-01
SCF Iteration 175: Energy = 2.8375173867943966 dE = -1.58960E-01
SCF Iteration 176: Energy = 2.9964774037074453 dE =  1.58960E-01
SCF Iteration 177: Energy = 2.8375173867931016 dE = -1.58960E-01
SCF Iteration 178: Energy = 2.9964774037064736 dE =  1.58960E-01
SCF Iteration 179: Energy = 2.8375173867921273 dE = -1.58960E-01
SCF Iteration 180: Energy = 2.9964774037057382 dE =  1.58960E-01
SCF Iteration 181: Energy = 2.8375173867913852 dE = -1.58960E-01
SCF Iteration 182: Energy = 2.9964774037051809 dE =  1.58960E-01
SCF Iteration 183: Energy = 2.8375173867908212 dE = -1.58960E-01
SCF Iteration 184: Energy = 2.9964774037047599 dE =  1.58960E-01
SCF Iteration 185: Energy = 2.8375173867903944 dE = -1.58960E-01
SCF Iteration 186: Energy = 2.9964774037044357 dE =  1.58960E-01
SCF Iteration 187: Energy = 2.8375173867900751 dE = -1.58960E-01
SCF Iteration 188: Energy = 2.9964774037041915 dE =  1.58960E-01
SCF Iteration 189: Energy = 2.8375173867898216 dE = -1.58960E-01
SCF Iteration 190: Energy = 2.9964774037040058 dE =  1.58960E-01
SCF Iteration 191: Energy = 2.8375173867896306 dE = -1.58960E-01
SCF Iteration 192: Energy = 2.9964774037038651 dE =  1.58960E-01
SCF Iteration 193: Energy = 2.8375173867894947 dE = -1.58960E-01
SCF Iteration 194: Energy = 2.9964774037037603 dE =  1.58960E-01
SCF Iteration 195: Energy = 2.8375173867893868 dE = -1.58960E-01
SCF Iteration 196: Energy = 2.9964774037036768 dE =  1.58960E-01
SCF Iteration 197: Energy = 2.8375173867892993 dE = -1.58960E-01
SCF Iteration 198: Energy = 2.9964774037036150 dE =  1.58960E-01
SCF Iteration 199: Energy = 2.8375173867892398 dE = -1.58960E-01
SCF Iteration 200: Energy = 2.9964774037035706 dE =  1.58960E-01
SCF Iteration 201: Energy = 2.8375173867891945 dE = -1.58960E-01
SCF Iteration 202: Energy = 2.9964774037035373 dE =  1.58960E-01
SCF Iteration 203: Energy = 2.8375173867891670 dE = -1.58960E-01
SCF Iteration 204: Energy = 2.9964774037035147 dE =  1.58960E-01
SCF Iteration 205: Energy = 2.8375173867891359 dE = -1.58960E-01
SCF Iteration 206: Energy = 2.9964774037034907 dE =  1.58960E-01
SCF Iteration 207: Energy = 2.8375173867891137 dE = -1.58960E-01
SCF Iteration 208: Energy = 2.9964774037034783 dE =  1.58960E-01
SCF Iteration 209: Energy = 2.8375173867890986 dE = -1.58960E-01
SCF Iteration 210: Energy = 2.9964774037034632 dE =  1.58960E-01
SCF Iteration 211: Energy = 2.8375173867890870 dE = -1.58960E-01
SCF Iteration 212: Energy = 2.9964774037034587 dE =  1.58960E-01
SCF Iteration 213: Energy = 2.8375173867890804 dE = -1.58960E-01
SCF Iteration 214: Energy = 2.9964774037034481 dE =  1.58960E-01
SCF Iteration 215: Energy = 2.8375173867890684 dE = -1.58960E-01
SCF Iteration 216: Energy = 2.9964774037034418 dE =  1.58960E-01
SCF Iteration 217: Energy = 2.8375173867890688 dE = -1.58960E-01
SCF Iteration 218: Energy = 2.9964774037034401 dE =  1.58960E-01
SCF Iteration 219: Energy = 2.8375173867890640 dE = -1.58960E-01
SCF Iteration 220: Energy = 2.9964774037034410 dE =  1.58960E-01
SCF Iteration 221: Energy = 2.8375173867890635 dE = -1.58960E-01
SCF Iteration 222: Energy = 2.9964774037034330 dE =  1.58960E-01
SCF Iteration 223: Energy = 2.8375173867890533 dE = -1.58960E-01
SCF Iteration 224: Energy = 2.9964774037034285 dE =  1.58960E-01
SCF Iteration 225: Energy = 2.8375173867890551 dE = -1.58960E-01
SCF Iteration 226: Energy = 2.9964774037034267 dE =  1.58960E-01
SCF Iteration 227: Energy = 2.8375173867890471 dE = -1.58960E-01
SCF Iteration 228: Energy = 2.9964774037034272 dE =  1.58960E-01
SCF Iteration 229: Energy = 2.8375173867890497 dE = -1.58960E-01
SCF Iteration 230: Energy = 2.9964774037034267 dE =  1.58960E-01
SCF Iteration 231: Energy = 2.8375173867890560 dE = -1.58960E-01
SCF Iteration 232: Energy = 2.9964774037034307 dE =  1.58960E-01
SCF Iteration 233: Energy = 2.8375173867890533 dE = -1.58960E-01
SCF Iteration 234: Energy = 2.9964774037034290 dE =  1.58960E-01
SCF Iteration 235: Energy = 2.8375173867890537 dE = -1.58960E-01
SCF Iteration 236: Energy = 2.9964774037034245 dE =  1.58960E-01
SCF Iteration 237: Energy = 2.8375173867890475 dE = -1.58960E-01
SCF Iteration 238: Energy = 2.9964774037034294 dE =  1.58960E-01
SCF Iteration 239: Energy = 2.8375173867890453 dE = -1.58960E-01
SCF Iteration 240: Energy = 2.9964774037034214 dE =  1.58960E-01
SCF Iteration 241: Energy = 2.8375173867890466 dE = -1.58960E-01
SCF Iteration 242: Energy = 2.9964774037034267 dE =  1.58960E-01
SCF Iteration 243: Energy = 2.8375173867890471 dE = -1.58960E-01
SCF Iteration 244: Energy = 2.9964774037034179 dE =  1.58960E-01
SCF Iteration 245: Energy = 2.8375173867890466 dE = -1.58960E-01
SCF Iteration 246: Energy = 2.9964774037034205 dE =  1.58960E-01
SCF Iteration 247: Energy = 2.8375173867890413 dE = -1.58960E-01
SCF Iteration 248: Energy = 2.9964774037034232 dE =  1.58960E-01
SCF Iteration 249: Energy = 2.8375173867890480 dE = -1.58960E-01
SCF Iteration 250: Energy = 2.9964774037034245 dE =  1.58960E-01
SCF Iteration 251: Energy = 2.8375173867890426 dE = -1.58960E-01
SCF Iteration 252: Energy = 2.9964774037034232 dE =  1.58960E-01
SCF Iteration 253: Energy = 2.8375173867890453 dE = -1.58960E-01
SCF Iteration 254: Energy = 2.9964774037034227 dE =  1.58960E-01
SCF Iteration 255: Energy = 2.8375173867890524 dE = -1.58960E-01
SCF Iteration 256: Energy = 2.9964774037034245 dE =  1.58960E-01
SCF Iteration 257: Energy = 2.8375173867890515 dE = -1.58960E-01
SCF Iteration 258: Energy = 2.9964774037034250 dE =  1.58960E-01
SCF Iteration 259: Energy = 2.8375173867890440 dE = -1.58960E-01
SCF Iteration 260: Energy = 2.9964774037034219 dE =  1.58960E-01
SCF Iteration 261: Energy = 2.8375173867890506 dE = -1.58960E-01
SCF Iteration 262: Energy = 2.9964774037034201 dE =  1.58960E-01
SCF Iteration 263: Energy = 2.8375173867890462 dE = -1.58960E-01
SCF Iteration 264: Energy = 2.9964774037034232 dE =  1.58960E-01
SCF Iteration 265: Energy = 2.8375173867890471 dE = -1.58960E-01
SCF Iteration 266: Energy = 2.9964774037034250 dE =  1.58960E-01
SCF Iteration 267: Energy = 2.8375173867890462 dE = -1.58960E-01
SCF Iteration 268: Energy = 2.9964774037034241 dE =  1.58960E-01
SCF Iteration 269: Energy = 2.8375173867890462 dE = -1.58960E-01
SCF Iteration 270: Energy = 2.9964774037034210 dE =  1.58960E-01
SCF Iteration 271: Energy = 2.8375173867890426 dE = -1.58960E-01
SCF Iteration 272: Energy = 2.9964774037034267 dE =  1.58960E-01
SCF Iteration 273: Energy = 2.8375173867890435 dE = -1.58960E-01
SCF Iteration 274: Energy = 2.9964774037034227 dE =  1.58960E-01
SCF Iteration 275: Energy = 2.8375173867890395 dE = -1.58960E-01
SCF Iteration 276: Energy = 2.9964774037034259 dE =  1.58960E-01
SCF Iteration 277: Energy = 2.8375173867890462 dE = -1.58960E-01
SCF Iteration 278: Energy = 2.9964774037034312 dE =  1.58960E-01
SCF Iteration 279: Energy = 2.8375173867890440 dE = -1.58960E-01
SCF Iteration 280: Energy = 2.9964774037034214 dE =  1.58960E-01
SCF Iteration 281: Energy = 2.8375173867890480 dE = -1.58960E-01
SCF Iteration 282: Energy = 2.9964774037034201 dE =  1.58960E-01
SCF Iteration 283: Energy = 2.8375173867890462 dE = -1.58960E-01
SCF Iteration 284: Energy = 2.9964774037034241 dE =  1.58960E-01
SCF Iteration 285: Energy = 2.8375173867890524 dE = -1.58960E-01
SCF Iteration 286: Energy = 2.9964774037034272 dE =  1.58960E-01
SCF Iteration 287: Energy = 2.8375173867890533 dE = -1.58960E-01
SCF Iteration 288: Energy = 2.9964774037034259 dE =  1.58960E-01
SCF Iteration 289: Energy = 2.8375173867890515 dE = -1.58960E-01
SCF Iteration 290: Energy = 2.9964774037034276 dE =  1.58960E-01
SCF Iteration 291: Energy = 2.8375173867890502 dE = -1.58960E-01
SCF Iteration 292: Energy = 2.9964774037034276 dE =  1.58960E-01
SCF Iteration 293: Energy = 2.8375173867890511 dE = -1.58960E-01
SCF Iteration 294: Energy = 2.9964774037034290 dE =  1.58960E-01
SCF Iteration 295: Energy = 2.8375173867890453 dE = -1.58960E-01
SCF Iteration 296: Energy = 2.9964774037034307 dE =  1.58960E-01
SCF Iteration 297: Energy = 2.8375173867890497 dE = -1.58960E-01
SCF Iteration 298: Energy = 2.9964774037034294 dE =  1.58960E-01
SCF Iteration 299: Energy = 2.8375173867890462 dE = -1.58960E-01
SCF Iteration 300: Energy = 2.9964774037034259 dE =  1.58960E-01
SCF Iteration 301: Energy = 2.8375173867890542 dE = -1.58960E-01
SCF Iteration 302: Energy = 2.9964774037034161 dE =  1.58960E-01
SCF Iteration 303: Energy = 2.8375173867890489 dE = -1.58960E-01
SCF Iteration 304: Energy = 2.9964774037034250 dE =  1.58960E-01
SCF Iteration 305: Energy = 2.8375173867890462 dE = -1.58960E-01
SCF Iteration 306: Energy = 2.9964774037034232 dE =  1.58960E-01
SCF Iteration 307: Energy = 2.8375173867890529 dE = -1.58960E-01
SCF Iteration 308: Energy = 2.9964774037034223 dE =  1.58960E-01
SCF Iteration 309: Energy = 2.8375173867890502 dE = -1.58960E-01
SCF Iteration 310: Energy = 2.9964774037034241 dE =  1.58960E-01
SCF Iteration 311: Energy = 2.8375173867890484 dE = -1.58960E-01
SCF Iteration 312: Energy = 2.9964774037034276 dE =  1.58960E-01
SCF Iteration 313: Energy = 2.8375173867890475 dE = -1.58960E-01
SCF Iteration 314: Energy = 2.9964774037034236 dE =  1.58960E-01
SCF Iteration 315: Energy = 2.8375173867890440 dE = -1.58960E-01
SCF Iteration 316: Energy = 2.9964774037034241 dE =  1.58960E-01
SCF Iteration 317: Energy = 2.8375173867890582 dE = -1.58960E-01
SCF Iteration 318: Energy = 2.9964774037034285 dE =  1.58960E-01
SCF Iteration 319: Energy = 2.8375173867890542 dE = -1.58960E-01
SCF Iteration 320: Energy = 2.9964774037034285 dE =  1.58960E-01
SCF Iteration 321: Energy = 2.8375173867890506 dE = -1.58960E-01
SCF Iteration 322: Energy = 2.9964774037034312 dE =  1.58960E-01
SCF Iteration 323: Energy = 2.8375173867890511 dE = -1.58960E-01
SCF Iteration 324: Energy = 2.9964774037034303 dE =  1.58960E-01
SCF Iteration 325: Energy = 2.8375173867890524 dE = -1.58960E-01
SCF Iteration 326: Energy = 2.9964774037034294 dE =  1.58960E-01
SCF Iteration 327: Energy = 2.8375173867890604 dE = -1.58960E-01
SCF Iteration 328: Energy = 2.9964774037034285 dE =  1.58960E-01
SCF Iteration 329: Energy = 2.8375173867890533 dE = -1.58960E-01
SCF Iteration 330: Energy = 2.9964774037034303 dE =  1.58960E-01
SCF Iteration 331: Energy = 2.8375173867890533 dE = -1.58960E-01
SCF Iteration 332: Energy = 2.9964774037034299 dE =  1.58960E-01
SCF Iteration 333: Energy = 2.8375173867890502 dE = -1.58960E-01
SCF Iteration 334: Energy = 2.9964774037034281 dE =  1.58960E-01
SCF Iteration 335: Energy = 2.8375173867890506 dE = -1.58960E-01
SCF Iteration 336: Energy = 2.9964774037034276 dE =  1.58960E-01
SCF Iteration 337: Energy = 2.8375173867890515 dE = -1.58960E-01
SCF Iteration 338: Energy = 2.9964774037034205 dE =  1.58960E-01
SCF Iteration 339: Energy = 2.8375173867890497 dE = -1.58960E-01
SCF Iteration 340: Energy = 2.9964774037034267 dE =  1.58960E-01
SCF Iteration 341: Energy = 2.8375173867890506 dE = -1.58960E-01
SCF Iteration 342: Energy = 2.9964774037034267 dE =  1.58960E-01
SCF Iteration 343: Energy = 2.8375173867890484 dE = -1.58960E-01
SCF Iteration 344: Energy = 2.9964774037034259 dE =  1.58960E-01
SCF Iteration 345: Energy = 2.8375173867890471 dE = -1.58960E-01
SCF Iteration 346: Energy = 2.9964774037034232 dE =  1.58960E-01
SCF Iteration 347: Energy = 2.8375173867890542 dE = -1.58960E-01
SCF Iteration 348: Energy = 2.9964774037034223 dE =  1.58960E-01
SCF Iteration 349: Energy = 2.8375173867890497 dE = -1.58960E-01
SCF Iteration 350: Energy = 2.9964774037034214 dE =  1.58960E-01
SCF Iteration 351: Energy = 2.8375173867890497 dE = -1.58960E-01
SCF Iteration 352: Energy = 2.9964774037034254 dE =  1.58960E-01
SCF Iteration 353: Energy = 2.8375173867890453 dE = -1.58960E-01
SCF Iteration 354: Energy = 2.9964774037034259 dE =  1.58960E-01
SCF Iteration 355: Energy = 2.8375173867890533 dE = -1.58960E-01
SCF Iteration 356: Energy = 2.9964774037034223 dE =  1.58960E-01
SCF Iteration 357: Energy = 2.8375173867890524 dE = -1.58960E-01
SCF Iteration 358: Energy = 2.9964774037034294 dE =  1.58960E-01
SCF Iteration 359: Energy = 2.8375173867890497 dE = -1.58960E-01
SCF Iteration 360: Energy = 2.9964774037034285 dE =  1.58960E-01
SCF Iteration 361: Energy = 2.8375173867890471 dE = -1.58960E-01
SCF Iteration 362: Energy = 2.9964774037034285 dE =  1.58960E-01
SCF Iteration 363: Energy = 2.8375173867890537 dE = -1.58960E-01
SCF Iteration 364: Energy = 2.9964774037034263 dE =  1.58960E-01
SCF Iteration 365: Energy = 2.8375173867890489 dE = -1.58960E-01
SCF Iteration 366: Energy = 2.9964774037034263 dE =  1.58960E-01
SCF Iteration 367: Energy = 2.8375173867890533 dE = -1.58960E-01
SCF Iteration 368: Energy = 2.9964774037034294 dE =  1.58960E-01
SCF Iteration 369: Energy = 2.8375173867890542 dE = -1.58960E-01
SCF Iteration 370: Energy = 2.9964774037034272 dE =  1.58960E-01
SCF Iteration 371: Energy = 2.8375173867890546 dE = -1.58960E-01
SCF Iteration 372: Energy = 2.9964774037034263 dE =  1.58960E-01
SCF Iteration 373: Energy = 2.8375173867890506 dE = -1.58960E-01
SCF Iteration 374: Energy = 2.9964774037034267 dE =  1.58960E-01
SCF Iteration 375: Energy = 2.8375173867890546 dE = -1.58960E-01
SCF Iteration 376: Energy = 2.9964774037034259 dE =  1.58960E-01
SCF Iteration 377: Energy = 2.8375173867890462 dE = -1.58960E-01
SCF Iteration 378: Energy = 2.9964774037034272 dE =  1.58960E-01
SCF Iteration 379: Energy = 2.8375173867890533 dE = -1.58960E-01
SCF Iteration 380: Energy = 2.9964774037034312 dE =  1.58960E-01
SCF Iteration 381: Energy = 2.8375173867890480 dE = -1.58960E-01
SCF Iteration 382: Energy = 2.9964774037034294 dE =  1.58960E-01
SCF Iteration 383: Energy = 2.8375173867890533 dE = -1.58960E-01
SCF Iteration 384: Energy = 2.9964774037034267 dE =  1.58960E-01
SCF Iteration 385: Energy = 2.8375173867890533 dE = -1.58960E-01
SCF Iteration 386: Energy = 2.9964774037034236 dE =  1.58960E-01
SCF Iteration 387: Energy = 2.8375173867890529 dE = -1.58960E-01
SCF Iteration 388: Energy = 2.9964774037034267 dE =  1.58960E-01
SCF Iteration 389: Energy = 2.8375173867890600 dE = -1.58960E-01
SCF Iteration 390: Energy = 2.9964774037034303 dE =  1.58960E-01
SCF Iteration 391: Energy = 2.8375173867890533 dE = -1.58960E-01
SCF Iteration 392: Energy = 2.9964774037034272 dE =  1.58960E-01
SCF Iteration 393: Energy = 2.8375173867890480 dE = -1.58960E-01
SCF Iteration 394: Energy = 2.9964774037034201 dE =  1.58960E-01
SCF Iteration 395: Energy = 2.8375173867890471 dE = -1.58960E-01
SCF Iteration 396: Energy = 2.9964774037034192 dE =  1.58960E-01
SCF Iteration 397: Energy = 2.8375173867890489 dE = -1.58960E-01
SCF Iteration 398: Energy = 2.9964774037034267 dE =  1.58960E-01
SCF Iteration 399: Energy = 2.8375173867890502 dE = -1.58960E-01
SCF Iteration 400: Energy = 2.9964774037034321 dE =  1.58960E-01
SCF Iteration 401: Energy = 2.8375173867890502 dE = -1.58960E-01
SCF Iteration 402: Energy = 2.9964774037034294 dE =  1.58960E-01
SCF Iteration 403: Energy = 2.8375173867890653 dE = -1.58960E-01
SCF Iteration 404: Energy = 2.9964774037034365 dE =  1.58960E-01
SCF Iteration 405: Energy = 2.8375173867890644 dE = -1.58960E-01
SCF Iteration 406: Energy = 2.9964774037034352 dE =  1.58960E-01
SCF Iteration 407: Energy = 2.8375173867890635 dE = -1.58960E-01
SCF Iteration 408: Energy = 2.9964774037034276 dE =  1.58960E-01
SCF Iteration 409: Energy = 2.8375173867890497 dE = -1.58960E-01
SCF Iteration 410: Energy = 2.9964774037034303 dE =  1.58960E-01
SCF Iteration 411: Energy = 2.8375173867890524 dE = -1.58960E-01
SCF Iteration 412: Energy = 2.9964774037034294 dE =  1.58960E-01
SCF Iteration 413: Energy = 2.8375173867890497 dE = -1.58960E-01
SCF Iteration 414: Energy = 2.9964774037034374 dE =  1.58960E-01
SCF Iteration 415: Energy = 2.8375173867890569 dE = -1.58960E-01
SCF Iteration 416: Energy = 2.9964774037034267 dE =  1.58960E-01
SCF Iteration 417: Energy = 2.8375173867890489 dE = -1.58960E-01
SCF Iteration 418: Energy = 2.9964774037034294 dE =  1.58960E-01
SCF Iteration 419: Energy = 2.8375173867890524 dE = -1.58960E-01
SCF Iteration 420: Energy = 2.9964774037034254 dE =  1.58960E-01
SCF Iteration 421: Energy = 2.8375173867890497 dE = -1.58960E-01
SCF Iteration 422: Energy = 2.9964774037034263 dE =  1.58960E-01
SCF Iteration 423: Energy = 2.8375173867890515 dE = -1.58960E-01
SCF Iteration 424: Energy = 2.9964774037034272 dE =  1.58960E-01
SCF Iteration 425: Energy = 2.8375173867890569 dE = -1.58960E-01
SCF Iteration 426: Energy = 2.9964774037034241 dE =  1.58960E-01
SCF Iteration 427: Energy = 2.8375173867890466 dE = -1.58960E-01
SCF Iteration 428: Energy = 2.9964774037034285 dE =  1.58960E-01
SCF Iteration 429: Energy = 2.8375173867890457 dE = -1.58960E-01
SCF Iteration 430: Energy = 2.9964774037034285 dE =  1.58960E-01
SCF Iteration 431: Energy = 2.8375173867890533 dE = -1.58960E-01
SCF Iteration 432: Energy = 2.9964774037034285 dE =  1.58960E-01
SCF Iteration 433: Energy = 2.8375173867890551 dE = -1.58960E-01
SCF Iteration 434: Energy = 2.9964774037034303 dE =  1.58960E-01
SCF Iteration 435: Energy = 2.8375173867890560 dE = -1.58960E-01
SCF Iteration 436: Energy = 2.9964774037034276 dE =  1.58960E-01
SCF Iteration 437: Energy = 2.8375173867890524 dE = -1.58960E-01
SCF Iteration 438: Energy = 2.9964774037034192 dE =  1.58960E-01
SCF Iteration 439: Energy = 2.8375173867890444 dE = -1.58960E-01
SCF Iteration 440: Energy = 2.9964774037034210 dE =  1.58960E-01
SCF Iteration 441: Energy = 2.8375173867890426 dE = -1.58960E-01
SCF Iteration 442: Energy = 2.9964774037034276 dE =  1.58960E-01
SCF Iteration 443: Energy = 2.8375173867890457 dE = -1.58960E-01
SCF Iteration 444: Energy = 2.9964774037034263 dE =  1.58960E-01
SCF Iteration 445: Energy = 2.8375173867890462 dE = -1.58960E-01
SCF Iteration 446: Energy = 2.9964774037034259 dE =  1.58960E-01
SCF Iteration 447: Energy = 2.8375173867890515 dE = -1.58960E-01
SCF Iteration 448: Energy = 2.9964774037034267 dE =  1.58960E-01
SCF Iteration 449: Energy = 2.8375173867890533 dE = -1.58960E-01
SCF Iteration 450: Energy = 2.9964774037034294 dE =  1.58960E-01
SCF Iteration 451: Energy = 2.8375173867890418 dE = -1.58960E-01
SCF Iteration 452: Energy = 2.9964774037034223 dE =  1.58960E-01
SCF Iteration 453: Energy = 2.8375173867890435 dE = -1.58960E-01
SCF Iteration 454: Energy = 2.9964774037034232 dE =  1.58960E-01
SCF Iteration 455: Energy = 2.8375173867890462 dE = -1.58960E-01
SCF Iteration 456: Energy = 2.9964774037034196 dE =  1.58960E-01
SCF Iteration 457: Energy = 2.8375173867890409 dE = -1.58960E-01
SCF Iteration 458: Energy = 2.9964774037034205 dE =  1.58960E-01
SCF Iteration 459: Energy = 2.8375173867890453 dE = -1.58960E-01
SCF Iteration 460: Energy = 2.9964774037034250 dE =  1.58960E-01
SCF Iteration 461: Energy = 2.8375173867890484 dE = -1.58960E-01
SCF Iteration 462: Energy = 2.9964774037034245 dE =  1.58960E-01
SCF Iteration 463: Energy = 2.8375173867890466 dE = -1.58960E-01
SCF Iteration 464: Energy = 2.9964774037034241 dE =  1.58960E-01
SCF Iteration 465: Energy = 2.8375173867890497 dE = -1.58960E-01
SCF Iteration 466: Energy = 2.9964774037034210 dE =  1.58960E-01
SCF Iteration 467: Energy = 2.8375173867890511 dE = -1.58960E-01
SCF Iteration 468: Energy = 2.9964774037034201 dE =  1.58960E-01
SCF Iteration 469: Energy = 2.8375173867890449 dE = -1.58960E-01
SCF Iteration 470: Energy = 2.9964774037034223 dE =  1.58960E-01
SCF Iteration 471: Energy = 2.8375173867890409 dE = -1.58960E-01
SCF Iteration 472: Energy = 2.9964774037034223 dE =  1.58960E-01
SCF Iteration 473: Energy = 2.8375173867890435 dE = -1.58960E-01
SCF Iteration 474: Energy = 2.9964774037034303 dE =  1.58960E-01
SCF Iteration 475: Energy = 2.8375173867890471 dE = -1.58960E-01
SCF Iteration 476: Energy = 2.9964774037034285 dE =  1.58960E-01
SCF Iteration 477: Energy = 2.8375173867890471 dE = -1.58960E-01
SCF Iteration 478: Energy = 2.9964774037034334 dE =  1.58960E-01
SCF Iteration 479: Energy = 2.8375173867890515 dE = -1.58960E-01
SCF Iteration 480: Energy = 2.9964774037034276 dE =  1.58960E-01
SCF Iteration 481: Energy = 2.8375173867890569 dE = -1.58960E-01
SCF Iteration 482: Energy = 2.9964774037034285 dE =  1.58960E-01
SCF Iteration 483: Energy = 2.8375173867890533 dE = -1.58960E-01
SCF Iteration 484: Energy = 2.9964774037034254 dE =  1.58960E-01
SCF Iteration 485: Energy = 2.8375173867890515 dE = -1.58960E-01
SCF Iteration 486: Energy = 2.9964774037034294 dE =  1.58960E-01
SCF Iteration 487: Energy = 2.8375173867890560 dE = -1.58960E-01
SCF Iteration 488: Energy = 2.9964774037034267 dE =  1.58960E-01
SCF Iteration 489: Energy = 2.8375173867890533 dE = -1.58960E-01
SCF Iteration 490: Energy = 2.9964774037034250 dE =  1.58960E-01
SCF Iteration 491: Energy = 2.8375173867890418 dE = -1.58960E-01
SCF Iteration 492: Energy = 2.9964774037034179 dE =  1.58960E-01
SCF Iteration 493: Energy = 2.8375173867890440 dE = -1.58960E-01
SCF Iteration 494: Energy = 2.9964774037034250 dE =  1.58960E-01
SCF Iteration 495: Energy = 2.8375173867890484 dE = -1.58960E-01
SCF Iteration 496: Energy = 2.9964774037034267 dE =  1.58960E-01
SCF Iteration 497: Energy = 2.8375173867890480 dE = -1.58960E-01
SCF Iteration 498: Energy = 2.9964774037034223 dE =  1.58960E-01
SCF Iteration 499: Energy = 2.8375173867890426 dE = -1.58960E-01
SCF Iteration 500: Energy = 2.9964774037034245 dE =  1.58960E-01
