
  Memory set to  55.879 GiB by Python driver.
  Threads set to 1 by Python driver.
Settings:
	LOT = CCSD-S2-U22
	wc = 20.0 eV
	lambda = [0.848697 0.       0.      ] a.u.
	Equivalent A0 = LAMBDA / sqrt(2 wc) = [0.7 0.  0. ])
doing QED-CCSD-Full (or QED-CCSD-22)
Number of occupied orbitals:   1
Number of basis functions:  60
SCF Iteration   1: Energy = 4.6090336372196203 dE =  4.60903E+00
SCF Iteration   2: Energy = 5.0238456064610828 dE =  4.14812E-01
SCF Iteration   3: Energy = 4.8122478387829117 dE = -2.11598E-01
SCF Iteration   4: Energy = 5.0115879095053515 dE =  1.99340E-01
SCF Iteration   5: Energy = 4.9201745861103419 dE = -9.14133E-02
SCF Iteration   6: Energy = 5.0245646406576645 dE =  1.04390E-01
SCF Iteration   7: Energy = 4.9699971986826279 dE = -5.45674E-02
SCF Iteration   8: Energy = 5.0339192826207739 dE =  6.39221E-02
SCF Iteration   9: Energy = 4.9926420697637477 dE = -4.12772E-02
SCF Iteration  10: Energy = 5.0379586549147186 dE =  4.53166E-02
SCF Iteration  11: Energy = 5.0019885809081286 dE = -3.59701E-02
SCF Iteration  12: Energy = 5.0380918497197689 dE =  3.61033E-02
SCF Iteration  13: Energy = 5.0044152243740330 dE = -3.36766E-02
SCF Iteration  14: Energy = 5.0357384207701825 dE =  3.13232E-02
SCF Iteration  15: Energy = 5.0031530677970517 dE = -3.25854E-02
SCF Iteration  16: Energy = 5.0319741096571198 dE =  2.88210E-02
SCF Iteration  17: Energy = 4.9999854814702047 dE = -3.19886E-02
SCF Iteration  18: Energy = 5.0275492243262550 dE =  2.75637E-02
SCF Iteration  19: Energy = 4.9959466122745839 dE = -3.16026E-02
SCF Iteration  20: Energy = 5.0229572329794943 dE =  2.70106E-02
SCF Iteration  21: Energy = 4.9916439762721643 dE = -3.13133E-02
SCF Iteration  22: Energy = 5.0185029350505319 dE =  2.68590E-02
SCF Iteration  23: Energy = 4.9874276902714332 dE = -3.10752E-02
SCF Iteration  24: Energy = 5.0143593256226913 dE =  2.69316E-02
SCF Iteration  25: Energy = 4.9834886046013844 dE = -3.08707E-02
SCF Iteration  26: Energy = 5.0106112280343638 dE =  2.71226E-02
SCF Iteration  27: Energy = 4.9799188193038768 dE = -3.06924E-02
SCF Iteration  28: Energy = 5.0072869736321977 dE =  2.73682E-02
SCF Iteration  29: Energy = 4.9767501416675941 dE = -3.05368E-02
SCF Iteration  30: Energy = 5.0043804748390164 dE =  2.76303E-02
SCF Iteration  31: Energy = 4.9739787576289780 dE = -3.04017E-02
SCF Iteration  32: Energy = 5.0018660923702294 dE =  2.78873E-02
SCF Iteration  33: Energy = 4.9715810032725942 dE = -3.02851E-02
SCF Iteration  34: Energy = 4.9997083392334867 dE =  2.81273E-02
SCF Iteration  35: Energy = 4.9695233176363578 dE = -3.01850E-02
SCF Iteration  36: Energy = 4.9978680055210241 dE =  2.83447E-02
SCF Iteration  37: Energy = 4.9677683866354725 dE = -3.00996E-02
SCF Iteration  38: Energy = 4.9963058664201876 dE =  2.85375E-02
SCF Iteration  39: Energy = 4.9662788078229205 dE = -3.00271E-02
SCF Iteration  40: Energy = 4.9949847960883060 dE =  2.87060E-02
SCF Iteration  41: Energy = 4.9650191587017387 dE = -2.99656E-02
SCF Iteration  42: Energy = 4.9938708546664499 dE =  2.88517E-02
SCF Iteration  43: Energy = 4.9639570530879826 dE = -2.99138E-02
SCF Iteration  44: Energy = 4.9929337317442783 dE =  2.89767E-02
SCF Iteration  45: Energy = 4.9630635702148345 dE = -2.98702E-02
SCF Iteration  46: Energy = 4.9921468007482384 dE =  2.90832E-02
SCF Iteration  47: Energy = 4.9623133075473289 dE = -2.98335E-02
SCF Iteration  48: Energy = 4.9914869502885901 dE =  2.91736E-02
SCF Iteration  49: Energy = 4.9616842191345656 dE = -2.98027E-02
SCF Iteration  50: Energy = 4.9909342987434249 dE =  2.92501E-02
SCF Iteration  51: Energy = 4.9611573422399520 dE = -2.97770E-02
SCF Iteration  52: Energy = 4.9904718585202188 dE =  2.93145E-02
SCF Iteration  53: Energy = 4.9607164761027587 dE = -2.97554E-02
SCF Iteration  54: Energy = 4.9900851902186538 dE =  2.93687E-02
SCF Iteration  55: Energy = 4.9603478513181454 dE = -2.97373E-02
SCF Iteration  56: Energy = 4.9897620699029979 dE =  2.94142E-02
SCF Iteration  57: Energy = 4.9600398119603941 dE = -2.97223E-02
SCF Iteration  58: Energy = 4.9894921818295073 dE =  2.94524E-02
SCF Iteration  59: Energy = 4.9597825221739358 dE = -2.97097E-02
SCF Iteration  60: Energy = 4.9892668421827597 dE =  2.94843E-02
SCF Iteration  61: Energy = 4.9595677024767788 dE = -2.96991E-02
SCF Iteration  62: Energy = 4.9890787552528462 dE =  2.95111E-02
SCF Iteration  63: Energy = 4.9593883970983565 dE = -2.96904E-02
SCF Iteration  64: Energy = 4.9889218010901493 dE =  2.95334E-02
SCF Iteration  65: Energy = 4.9592387714001598 dE = -2.96830E-02
SCF Iteration  66: Energy = 4.9887908523826843 dE =  2.95521E-02
SCF Iteration  67: Energy = 4.9591139372056263 dE = -2.96769E-02
SCF Iteration  68: Energy = 4.9886816176980515 dE =  2.95677E-02
SCF Iteration  69: Energy = 4.9590098032977892 dE = -2.96718E-02
SCF Iteration  70: Energy = 4.9885905080505388 dE =  2.95807E-02
SCF Iteration  71: Energy = 4.9589229481756396 dE = -2.96676E-02
SCF Iteration  72: Energy = 4.9885145238176536 dE =  2.95916E-02
SCF Iteration  73: Energy = 4.9588505122244717 dE = -2.96640E-02
SCF Iteration  74: Energy = 4.9884511592276830 dE =  2.96006E-02
SCF Iteration  75: Energy = 4.9587901066465827 dE = -2.96611E-02
SCF Iteration  76: Energy = 4.9883983219036550 dE =  2.96082E-02
SCF Iteration  77: Energy = 4.9587397367515420 dE = -2.96586E-02
SCF Iteration  78: Energy = 4.9883542652324655 dE =  2.96145E-02
SCF Iteration  79: Energy = 4.9586977374766841 dE = -2.96565E-02
SCF Iteration  80: Energy = 4.9883175316095238 dE =  2.96198E-02
SCF Iteration  81: Energy = 4.9586627192778847 dE = -2.96548E-02
SCF Iteration  82: Energy = 4.9882869048732390 dE =  2.96242E-02
SCF Iteration  83: Energy = 4.9586335227827396 dE = -2.96534E-02
SCF Iteration  84: Energy = 4.9882613704833814 dE =  2.96278E-02
SCF Iteration  85: Energy = 4.9586091808268078 dE = -2.96522E-02
SCF Iteration  86: Energy = 4.9882400822104058 dE =  2.96309E-02
SCF Iteration  87: Energy = 4.9585888866976893 dE = -2.96512E-02
SCF Iteration  88: Energy = 4.9882223342904526 dE =  2.96334E-02
SCF Iteration  89: Energy = 4.9585719675896867 dE = -2.96504E-02
SCF Iteration  90: Energy = 4.9882075381613049 dE =  2.96356E-02
SCF Iteration  91: Energy = 4.9585578624258648 dE = -2.96497E-02
SCF Iteration  92: Energy = 4.9881952030343681 dE =  2.96373E-02
SCF Iteration  93: Energy = 4.9585461033371132 dE = -2.96491E-02
SCF Iteration  94: Energy = 4.9881849196756027 dE =  2.96388E-02
SCF Iteration  95: Energy = 4.9585363002004046 dE = -2.96486E-02
SCF Iteration  96: Energy = 4.9881763468693281 dE =  2.96400E-02
SCF Iteration  97: Energy = 4.9585281277346924 dE = -2.96482E-02
SCF Iteration  98: Energy = 4.9881692001234956 dE =  2.96411E-02
SCF Iteration  99: Energy = 4.9585213147335852 dE = -2.96479E-02
SCF Iteration 100: Energy = 4.9881632422470981 dE =  2.96419E-02
SCF Iteration 101: Energy = 4.9585156350827519 dE = -2.96476E-02
SCF Iteration 102: Energy = 4.9881582754903597 dE =  2.96426E-02
SCF Iteration 103: Energy = 4.9585109002672700 dE = -2.96474E-02
SCF Iteration 104: Energy = 4.9881541349895597 dE =  2.96432E-02
SCF Iteration 105: Energy = 4.9585069531224084 dE = -2.96472E-02
SCF Iteration 106: Energy = 4.9881506833000939 dE =  2.96437E-02
SCF Iteration 107: Energy = 4.9585036626221548 dE = -2.96470E-02
SCF Iteration 108: Energy = 4.9881478058378077 dE =  2.96441E-02
SCF Iteration 109: Energy = 4.9585009195333623 dE = -2.96469E-02
SCF Iteration 110: Energy = 4.9881454070776892 dE =  2.96445E-02
SCF Iteration 111: Energy = 4.9584986327919225 dE = -2.96468E-02
SCF Iteration 112: Energy = 4.9881434073843600 dE =  2.96448E-02
SCF Iteration 113: Energy = 4.9584967264813526 dE = -2.96467E-02
SCF Iteration 114: Energy = 4.9881417403694224 dE =  2.96450E-02
SCF Iteration 115: Energy = 4.9584951373135420 dE = -2.96466E-02
SCF Iteration 116: Energy = 4.9881403506881785 dE =  2.96452E-02
SCF Iteration 117: Energy = 4.9584938125283218 dE = -2.96465E-02
SCF Iteration 118: Energy = 4.9881391922027305 dE =  2.96454E-02
SCF Iteration 119: Energy = 4.9584927081423755 dE = -2.96465E-02
SCF Iteration 120: Energy = 4.9881382264505083 dE =  2.96455E-02
SCF Iteration 121: Energy = 4.9584917874892929 dE = -2.96464E-02
SCF Iteration 122: Energy = 4.9881374213675418 dE =  2.96456E-02
SCF Iteration 123: Energy = 4.9584910200024419 dE = -2.96464E-02
SCF Iteration 124: Energy = 4.9881367502240064 dE =  2.96457E-02
SCF Iteration 125: Energy = 4.9584903802002538 dE = -2.96464E-02
SCF Iteration 126: Energy = 4.9881361907369701 dE =  2.96458E-02
SCF Iteration 127: Energy = 4.9584898468403802 dE = -2.96463E-02
SCF Iteration 128: Energy = 4.9881357243305224 dE =  2.96459E-02
SCF Iteration 129: Energy = 4.9584894022143722 dE = -2.96463E-02
SCF Iteration 130: Energy = 4.9881353355191376 dE =  2.96459E-02
SCF Iteration 131: Energy = 4.9584890315598535 dE = -2.96463E-02
SCF Iteration 132: Energy = 4.9881350113935445 dE =  2.96460E-02
SCF Iteration 133: Energy = 4.9584887225704053 dE = -2.96463E-02
SCF Iteration 134: Energy = 4.9881347411921162 dE =  2.96460E-02
SCF Iteration 135: Energy = 4.9584884649869450 dE = -2.96463E-02
SCF Iteration 136: Energy = 4.9881345159436368 dE =  2.96461E-02
SCF Iteration 137: Energy = 4.9584882502571919 dE = -2.96463E-02
SCF Iteration 138: Energy = 4.9881343281693633 dE =  2.96461E-02
SCF Iteration 139: Energy = 4.9584880712516766 dE = -2.96463E-02
SCF Iteration 140: Energy = 4.9881341716347825 dE =  2.96461E-02
SCF Iteration 141: Energy = 4.9584879220270004 dE = -2.96462E-02
SCF Iteration 142: Energy = 4.9881340411426018 dE =  2.96461E-02
SCF Iteration 143: Energy = 4.9584877976286021 dE = -2.96462E-02
SCF Iteration 144: Energy = 4.9881339323602303 dE =  2.96461E-02
SCF Iteration 145: Energy = 4.9584876939261786 dE = -2.96462E-02
SCF Iteration 146: Energy = 4.9881338416757917 dE =  2.96461E-02
SCF Iteration 147: Energy = 4.9584876074765782 dE = -2.96462E-02
SCF Iteration 148: Energy = 4.9881337660783975 dE =  2.96462E-02
SCF Iteration 149: Energy = 4.9584875354094526 dE = -2.96462E-02
SCF Iteration 150: Energy = 4.9881337030580264 dE =  2.96462E-02
SCF Iteration 151: Energy = 4.9584874753320252 dE = -2.96462E-02
SCF Iteration 152: Energy = 4.9881336505222755 dE =  2.96462E-02
SCF Iteration 153: Energy = 4.9584874252495936 dE = -2.96462E-02
SCF Iteration 154: Energy = 4.9881336067268096 dE =  2.96462E-02
SCF Iteration 155: Energy = 4.9584873834993166 dE = -2.96462E-02
SCF Iteration 156: Energy = 4.9881335702175322 dE =  2.96462E-02
SCF Iteration 157: Energy = 4.9584873486949670 dE = -2.96462E-02
SCF Iteration 158: Energy = 4.9881335397822619 dE =  2.96462E-02
SCF Iteration 159: Energy = 4.9584873196809722 dE = -2.96462E-02
SCF Iteration 160: Energy = 4.9881335144104586 dE =  2.96462E-02
SCF Iteration 161: Energy = 4.9584872954939820 dE = -2.96462E-02
SCF Iteration 162: Energy = 4.9881334932597268 dE =  2.96462E-02
SCF Iteration 163: Energy = 4.9584872753309410 dE = -2.96462E-02
SCF Iteration 164: Energy = 4.9881334756277989 dE =  2.96462E-02
SCF Iteration 165: Energy = 4.9584872585224113 dE = -2.96462E-02
SCF Iteration 166: Energy = 4.9881334609292818 dE =  2.96462E-02
SCF Iteration 167: Energy = 4.9584872445103008 dE = -2.96462E-02
SCF Iteration 168: Energy = 4.9881334486761428 dE =  2.96462E-02
SCF Iteration 169: Energy = 4.9584872328293406 dE = -2.96462E-02
SCF Iteration 170: Energy = 4.9881334384615288 dE =  2.96462E-02
SCF Iteration 171: Energy = 4.9584872230917556 dE = -2.96462E-02
SCF Iteration 172: Energy = 4.9881334299463198 dE =  2.96462E-02
SCF Iteration 173: Energy = 4.9584872149741885 dE = -2.96462E-02
SCF Iteration 174: Energy = 4.9881334228477652 dE =  2.96462E-02
SCF Iteration 175: Energy = 4.9584872082071216 dE = -2.96462E-02
SCF Iteration 176: Energy = 4.9881334169301939 dE =  2.96462E-02
SCF Iteration 177: Energy = 4.9584872025658839 dE = -2.96462E-02
SCF Iteration 178: Energy = 4.9881334119971168 dE =  2.96462E-02
SCF Iteration 179: Energy = 4.9584871978631737 dE = -2.96462E-02
SCF Iteration 180: Energy = 4.9881334078847539 dE =  2.96462E-02
SCF Iteration 181: Energy = 4.9584871939428536 dE = -2.96462E-02
SCF Iteration 182: Energy = 4.9881334044565540 dE =  2.96462E-02
SCF Iteration 183: Energy = 4.9584871906747461 dE = -2.96462E-02
SCF Iteration 184: Energy = 4.9881334015986942 dE =  2.96462E-02
SCF Iteration 185: Energy = 4.9584871879503494 dE = -2.96462E-02
SCF Iteration 186: Energy = 4.9881333992163013 dE =  2.96462E-02
SCF Iteration 187: Energy = 4.9584871856792088 dE = -2.96462E-02
SCF Iteration 188: Energy = 4.9881333972302722 dE =  2.96462E-02
SCF Iteration 189: Energy = 4.9584871837859170 dE = -2.96462E-02
SCF Iteration 190: Energy = 4.9881333955746401 dE =  2.96462E-02
SCF Iteration 191: Energy = 4.9584871822076027 dE = -2.96462E-02
SCF Iteration 192: Energy = 4.9881333941944570 dE =  2.96462E-02
SCF Iteration 193: Energy = 4.9584871808918756 dE = -2.96462E-02
SCF Iteration 194: Energy = 4.9881333930438982 dE =  2.96462E-02
SCF Iteration 195: Energy = 4.9584871797950418 dE = -2.96462E-02
SCF Iteration 196: Energy = 4.9881333920847490 dE =  2.96462E-02
SCF Iteration 197: Energy = 4.9584871788806781 dE = -2.96462E-02
SCF Iteration 198: Energy = 4.9881333912851700 dE =  2.96462E-02
SCF Iteration 199: Energy = 4.9584871781184505 dE = -2.96462E-02
SCF Iteration 200: Energy = 4.9881333906186258 dE =  2.96462E-02
SCF Iteration 201: Energy = 4.9584871774830352 dE = -2.96462E-02
SCF Iteration 202: Energy = 4.9881333900629707 dE =  2.96462E-02
SCF Iteration 203: Energy = 4.9584871769533159 dE = -2.96462E-02
SCF Iteration 204: Energy = 4.9881333895997626 dE =  2.96462E-02
SCF Iteration 205: Energy = 4.9584871765117411 dE = -2.96462E-02
SCF Iteration 206: Energy = 4.9881333892136057 dE =  2.96462E-02
SCF Iteration 207: Energy = 4.9584871761436213 dE = -2.96462E-02
SCF Iteration 208: Energy = 4.9881333888917014 dE =  2.96462E-02
SCF Iteration 209: Energy = 4.9584871758367477 dE = -2.96462E-02
SCF Iteration 210: Energy = 4.9881333886233490 dE =  2.96462E-02
SCF Iteration 211: Energy = 4.9584871755809354 dE = -2.96462E-02
SCF Iteration 212: Energy = 4.9881333883996399 dE =  2.96462E-02
SCF Iteration 213: Energy = 4.9584871753676678 dE = -2.96462E-02
SCF Iteration 214: Energy = 4.9881333882131527 dE =  2.96462E-02
SCF Iteration 215: Energy = 4.9584871751898856 dE = -2.96462E-02
SCF Iteration 216: Energy = 4.9881333880576904 dE =  2.96462E-02
SCF Iteration 217: Energy = 4.9584871750416886 dE = -2.96462E-02
SCF Iteration 218: Energy = 4.9881333879280980 dE =  2.96462E-02
SCF Iteration 219: Energy = 4.9584871749181527 dE = -2.96462E-02
SCF Iteration 220: Energy = 4.9881333878200591 dE =  2.96462E-02
SCF Iteration 221: Energy = 4.9584871748151578 dE = -2.96462E-02
SCF Iteration 222: Energy = 4.9881333877300023 dE =  2.96462E-02
SCF Iteration 223: Energy = 4.9584871747292913 dE = -2.96462E-02
SCF Iteration 224: Energy = 4.9881333876549183 dE =  2.96462E-02
SCF Iteration 225: Energy = 4.9584871746577175 dE = -2.96462E-02
SCF Iteration 226: Energy = 4.9881333875923231 dE =  2.96462E-02
SCF Iteration 227: Energy = 4.9584871745980417 dE = -2.96462E-02
SCF Iteration 228: Energy = 4.9881333875401461 dE =  2.96462E-02
SCF Iteration 229: Energy = 4.9584871745483126 dE = -2.96462E-02
SCF Iteration 230: Energy = 4.9881333874966609 dE =  2.96462E-02
SCF Iteration 231: Energy = 4.9584871745068488 dE = -2.96462E-02
SCF Iteration 232: Energy = 4.9881333874604081 dE =  2.96462E-02
SCF Iteration 233: Energy = 4.9584871744722960 dE = -2.96462E-02
SCF Iteration 234: Energy = 4.9881333874301745 dE =  2.96462E-02
SCF Iteration 235: Energy = 4.9584871744434738 dE = -2.96462E-02
SCF Iteration 236: Energy = 4.9881333874049876 dE =  2.96462E-02
SCF Iteration 237: Energy = 4.9584871744194601 dE = -2.96462E-02
SCF Iteration 238: Energy = 4.9881333873839777 dE =  2.96462E-02
SCF Iteration 239: Energy = 4.9584871743994405 dE = -2.96462E-02
SCF Iteration 240: Energy = 4.9881333873664691 dE =  2.96462E-02
SCF Iteration 241: Energy = 4.9584871743827472 dE = -2.96462E-02
SCF Iteration 242: Energy = 4.9881333873518621 dE =  2.96462E-02
SCF Iteration 243: Energy = 4.9584871743688188 dE = -2.96462E-02
SCF Iteration 244: Energy = 4.9881333873396869 dE =  2.96462E-02
SCF Iteration 245: Energy = 4.9584871743572130 dE = -2.96462E-02
SCF Iteration 246: Energy = 4.9881333873295475 dE =  2.96462E-02
SCF Iteration 247: Energy = 4.9584871743475345 dE = -2.96462E-02
SCF Iteration 248: Energy = 4.9881333873210840 dE =  2.96462E-02
SCF Iteration 249: Energy = 4.9584871743394787 dE = -2.96462E-02
SCF Iteration 250: Energy = 4.9881333873140354 dE =  2.96462E-02
SCF Iteration 251: Energy = 4.9584871743327641 dE = -2.96462E-02
SCF Iteration 252: Energy = 4.9881333873081681 dE =  2.96462E-02
SCF Iteration 253: Energy = 4.9584871743271659 dE = -2.96462E-02
SCF Iteration 254: Energy = 4.9881333873032654 dE =  2.96462E-02
SCF Iteration 255: Energy = 4.9584871743224816 dE = -2.96462E-02
SCF Iteration 256: Energy = 4.9881333872991727 dE =  2.96462E-02
SCF Iteration 257: Energy = 4.9584871743185950 dE = -2.96462E-02
SCF Iteration 258: Energy = 4.9881333872957780 dE =  2.96462E-02
SCF Iteration 259: Energy = 4.9584871743153469 dE = -2.96462E-02
SCF Iteration 260: Energy = 4.9881333872929421 dE =  2.96462E-02
SCF Iteration 261: Energy = 4.9584871743126424 dE = -2.96462E-02
SCF Iteration 262: Energy = 4.9881333872905662 dE =  2.96462E-02
SCF Iteration 263: Energy = 4.9584871743103944 dE = -2.96462E-02
SCF Iteration 264: Energy = 4.9881333872885962 dE =  2.96462E-02
SCF Iteration 265: Energy = 4.9584871743085097 dE = -2.96462E-02
SCF Iteration 266: Energy = 4.9881333872869504 dE =  2.96462E-02
SCF Iteration 267: Energy = 4.9584871743069368 dE = -2.96462E-02
SCF Iteration 268: Energy = 4.9881333872855729 dE =  2.96462E-02
SCF Iteration 269: Energy = 4.9584871743056267 dE = -2.96462E-02
SCF Iteration 270: Energy = 4.9881333872844298 dE =  2.96462E-02
SCF Iteration 271: Energy = 4.9584871743045342 dE = -2.96462E-02
SCF Iteration 272: Energy = 4.9881333872834785 dE =  2.96462E-02
SCF Iteration 273: Energy = 4.9584871743036265 dE = -2.96462E-02
SCF Iteration 274: Energy = 4.9881333872826916 dE =  2.96462E-02
SCF Iteration 275: Energy = 4.9584871743028707 dE = -2.96462E-02
SCF Iteration 276: Energy = 4.9881333872820273 dE =  2.96462E-02
SCF Iteration 277: Energy = 4.9584871743022472 dE = -2.96462E-02
SCF Iteration 278: Energy = 4.9881333872814873 dE =  2.96462E-02
SCF Iteration 279: Energy = 4.9584871743017223 dE = -2.96462E-02
SCF Iteration 280: Energy = 4.9881333872810174 dE =  2.96462E-02
SCF Iteration 281: Energy = 4.9584871743012853 dE = -2.96462E-02
SCF Iteration 282: Energy = 4.9881333872806408 dE =  2.96462E-02
SCF Iteration 283: Energy = 4.9584871743009158 dE = -2.96462E-02
SCF Iteration 284: Energy = 4.9881333872803157 dE =  2.96462E-02
SCF Iteration 285: Energy = 4.9584871743006103 dE = -2.96462E-02
SCF Iteration 286: Energy = 4.9881333872800520 dE =  2.96462E-02
SCF Iteration 287: Energy = 4.9584871743003598 dE = -2.96462E-02
SCF Iteration 288: Energy = 4.9881333872798281 dE =  2.96462E-02
SCF Iteration 289: Energy = 4.9584871743001475 dE = -2.96462E-02
SCF Iteration 290: Energy = 4.9881333872796487 dE =  2.96462E-02
SCF Iteration 291: Energy = 4.9584871742999725 dE = -2.96462E-02
SCF Iteration 292: Energy = 4.9881333872794871 dE =  2.96462E-02
SCF Iteration 293: Energy = 4.9584871742998251 dE = -2.96462E-02
SCF Iteration 294: Energy = 4.9881333872793574 dE =  2.96462E-02
SCF Iteration 295: Energy = 4.9584871742997034 dE = -2.96462E-02
SCF Iteration 296: Energy = 4.9881333872792579 dE =  2.96462E-02
SCF Iteration 297: Energy = 4.9584871742995942 dE = -2.96462E-02
SCF Iteration 298: Energy = 4.9881333872791656 dE =  2.96462E-02
SCF Iteration 299: Energy = 4.9584871742995071 dE = -2.96462E-02
SCF Iteration 300: Energy = 4.9881333872790856 dE =  2.96462E-02
SCF Iteration 301: Energy = 4.9584871742994387 dE = -2.96462E-02
SCF Iteration 302: Energy = 4.9881333872790234 dE =  2.96462E-02
SCF Iteration 303: Energy = 4.9584871742993828 dE = -2.96462E-02
SCF Iteration 304: Energy = 4.9881333872789773 dE =  2.96462E-02
SCF Iteration 305: Energy = 4.9584871742993357 dE = -2.96462E-02
SCF Iteration 306: Energy = 4.9881333872789382 dE =  2.96462E-02
SCF Iteration 307: Energy = 4.9584871742992993 dE = -2.96462E-02
SCF Iteration 308: Energy = 4.9881333872788973 dE =  2.96462E-02
SCF Iteration 309: Energy = 4.9584871742992602 dE = -2.96462E-02
SCF Iteration 310: Energy = 4.9881333872788618 dE =  2.96462E-02
SCF Iteration 311: Energy = 4.9584871742992185 dE = -2.96462E-02
SCF Iteration 312: Energy = 4.9881333872788458 dE =  2.96462E-02
SCF Iteration 313: Energy = 4.9584871742992016 dE = -2.96462E-02
SCF Iteration 314: Energy = 4.9881333872788227 dE =  2.96462E-02
SCF Iteration 315: Energy = 4.9584871742991803 dE = -2.96462E-02
SCF Iteration 316: Energy = 4.9881333872788032 dE =  2.96462E-02
SCF Iteration 317: Energy = 4.9584871742991714 dE = -2.96462E-02
SCF Iteration 318: Energy = 4.9881333872787916 dE =  2.96462E-02
SCF Iteration 319: Energy = 4.9584871742991519 dE = -2.96462E-02
SCF Iteration 320: Energy = 4.9881333872787721 dE =  2.96462E-02
SCF Iteration 321: Energy = 4.9584871742991377 dE = -2.96462E-02
SCF Iteration 322: Energy = 4.9881333872787641 dE =  2.96462E-02
SCF Iteration 323: Energy = 4.9584871742991359 dE = -2.96462E-02
SCF Iteration 324: Energy = 4.9881333872787605 dE =  2.96462E-02
SCF Iteration 325: Energy = 4.9584871742991199 dE = -2.96462E-02
SCF Iteration 326: Energy = 4.9881333872787481 dE =  2.96462E-02
SCF Iteration 327: Energy = 4.9584871742991181 dE = -2.96462E-02
SCF Iteration 328: Energy = 4.9881333872787375 dE =  2.96462E-02
SCF Iteration 329: Energy = 4.9584871742991092 dE = -2.96462E-02
SCF Iteration 330: Energy = 4.9881333872787268 dE =  2.96462E-02
SCF Iteration 331: Energy = 4.9584871742990924 dE = -2.96462E-02
SCF Iteration 332: Energy = 4.9881333872787295 dE =  2.96462E-02
SCF Iteration 333: Energy = 4.9584871742990941 dE = -2.96462E-02
SCF Iteration 334: Energy = 4.9881333872787303 dE =  2.96462E-02
SCF Iteration 335: Energy = 4.9584871742990995 dE = -2.96462E-02
SCF Iteration 336: Energy = 4.9881333872787268 dE =  2.96462E-02
SCF Iteration 337: Energy = 4.9584871742990968 dE = -2.96462E-02
SCF Iteration 338: Energy = 4.9881333872787232 dE =  2.96462E-02
SCF Iteration 339: Energy = 4.9584871742990879 dE = -2.96462E-02
SCF Iteration 340: Energy = 4.9881333872787144 dE =  2.96462E-02
SCF Iteration 341: Energy = 4.9584871742990844 dE = -2.96462E-02
SCF Iteration 342: Energy = 4.9881333872787152 dE =  2.96462E-02
SCF Iteration 343: Energy = 4.9584871742990844 dE = -2.96462E-02
SCF Iteration 344: Energy = 4.9881333872787179 dE =  2.96462E-02
SCF Iteration 345: Energy = 4.9584871742990826 dE = -2.96462E-02
SCF Iteration 346: Energy = 4.9881333872787073 dE =  2.96462E-02
SCF Iteration 347: Energy = 4.9584871742990853 dE = -2.96462E-02
SCF Iteration 348: Energy = 4.9881333872787108 dE =  2.96462E-02
SCF Iteration 349: Energy = 4.9584871742990808 dE = -2.96462E-02
SCF Iteration 350: Energy = 4.9881333872787161 dE =  2.96462E-02
SCF Iteration 351: Energy = 4.9584871742990844 dE = -2.96462E-02
SCF Iteration 352: Energy = 4.9881333872787179 dE =  2.96462E-02
SCF Iteration 353: Energy = 4.9584871742990844 dE = -2.96462E-02
SCF Iteration 354: Energy = 4.9881333872787108 dE =  2.96462E-02
SCF Iteration 355: Energy = 4.9584871742990826 dE = -2.96462E-02
SCF Iteration 356: Energy = 4.9881333872787108 dE =  2.96462E-02
SCF Iteration 357: Energy = 4.9584871742990755 dE = -2.96462E-02
SCF Iteration 358: Energy = 4.9881333872787064 dE =  2.96462E-02
SCF Iteration 359: Energy = 4.9584871742990719 dE = -2.96462E-02
SCF Iteration 360: Energy = 4.9881333872787135 dE =  2.96462E-02
SCF Iteration 361: Energy = 4.9584871742990773 dE = -2.96462E-02
SCF Iteration 362: Energy = 4.9881333872787152 dE =  2.96462E-02
SCF Iteration 363: Energy = 4.9584871742990808 dE = -2.96462E-02
SCF Iteration 364: Energy = 4.9881333872787108 dE =  2.96462E-02
SCF Iteration 365: Energy = 4.9584871742990826 dE = -2.96462E-02
SCF Iteration 366: Energy = 4.9881333872787144 dE =  2.96462E-02
SCF Iteration 367: Energy = 4.9584871742990844 dE = -2.96462E-02
SCF Iteration 368: Energy = 4.9881333872787215 dE =  2.96462E-02
SCF Iteration 369: Energy = 4.9584871742990853 dE = -2.96462E-02
SCF Iteration 370: Energy = 4.9881333872787152 dE =  2.96462E-02
SCF Iteration 371: Energy = 4.9584871742990808 dE = -2.96462E-02
SCF Iteration 372: Energy = 4.9881333872787161 dE =  2.96462E-02
SCF Iteration 373: Energy = 4.9584871742990790 dE = -2.96462E-02
SCF Iteration 374: Energy = 4.9881333872787215 dE =  2.96462E-02
SCF Iteration 375: Energy = 4.9584871742990844 dE = -2.96462E-02
SCF Iteration 376: Energy = 4.9881333872787188 dE =  2.96462E-02
SCF Iteration 377: Energy = 4.9584871742990755 dE = -2.96462E-02
SCF Iteration 378: Energy = 4.9881333872787081 dE =  2.96462E-02
SCF Iteration 379: Energy = 4.9584871742990835 dE = -2.96462E-02
SCF Iteration 380: Energy = 4.9881333872787126 dE =  2.96462E-02
SCF Iteration 381: Energy = 4.9584871742990888 dE = -2.96462E-02
SCF Iteration 382: Energy = 4.9881333872787179 dE =  2.96462E-02
SCF Iteration 383: Energy = 4.9584871742990773 dE = -2.96462E-02
SCF Iteration 384: Energy = 4.9881333872787117 dE =  2.96462E-02
SCF Iteration 385: Energy = 4.9584871742990808 dE = -2.96462E-02
SCF Iteration 386: Energy = 4.9881333872787090 dE =  2.96462E-02
SCF Iteration 387: Energy = 4.9584871742990773 dE = -2.96462E-02
SCF Iteration 388: Energy = 4.9881333872787108 dE =  2.96462E-02
SCF Iteration 389: Energy = 4.9584871742990755 dE = -2.96462E-02
SCF Iteration 390: Energy = 4.9881333872787073 dE =  2.96462E-02
SCF Iteration 391: Energy = 4.9584871742990808 dE = -2.96462E-02
SCF Iteration 392: Energy = 4.9881333872787135 dE =  2.96462E-02
SCF Iteration 393: Energy = 4.9584871742990773 dE = -2.96462E-02
SCF Iteration 394: Energy = 4.9881333872787073 dE =  2.96462E-02
SCF Iteration 395: Energy = 4.9584871742990702 dE = -2.96462E-02
SCF Iteration 396: Energy = 4.9881333872787010 dE =  2.96462E-02
SCF Iteration 397: Energy = 4.9584871742990719 dE = -2.96462E-02
SCF Iteration 398: Energy = 4.9881333872787037 dE =  2.96462E-02
SCF Iteration 399: Energy = 4.9584871742990702 dE = -2.96462E-02
SCF Iteration 400: Energy = 4.9881333872787019 dE =  2.96462E-02
SCF Iteration 401: Energy = 4.9584871742990737 dE = -2.96462E-02
SCF Iteration 402: Energy = 4.9881333872787090 dE =  2.96462E-02
SCF Iteration 403: Energy = 4.9584871742990781 dE = -2.96462E-02
SCF Iteration 404: Energy = 4.9881333872787126 dE =  2.96462E-02
SCF Iteration 405: Energy = 4.9584871742990808 dE = -2.96462E-02
SCF Iteration 406: Energy = 4.9881333872787161 dE =  2.96462E-02
SCF Iteration 407: Energy = 4.9584871742990737 dE = -2.96462E-02
SCF Iteration 408: Energy = 4.9881333872787161 dE =  2.96462E-02
SCF Iteration 409: Energy = 4.9584871742990835 dE = -2.96462E-02
SCF Iteration 410: Energy = 4.9881333872787161 dE =  2.96462E-02
SCF Iteration 411: Energy = 4.9584871742990808 dE = -2.96462E-02
SCF Iteration 412: Energy = 4.9881333872787152 dE =  2.96462E-02
SCF Iteration 413: Energy = 4.9584871742990844 dE = -2.96462E-02
SCF Iteration 414: Energy = 4.9881333872787152 dE =  2.96462E-02
SCF Iteration 415: Energy = 4.9584871742990737 dE = -2.96462E-02
SCF Iteration 416: Energy = 4.9881333872787108 dE =  2.96462E-02
SCF Iteration 417: Energy = 4.9584871742990844 dE = -2.96462E-02
SCF Iteration 418: Energy = 4.9881333872787090 dE =  2.96462E-02
SCF Iteration 419: Energy = 4.9584871742990808 dE = -2.96462E-02
SCF Iteration 420: Energy = 4.9881333872787046 dE =  2.96462E-02
SCF Iteration 421: Energy = 4.9584871742990799 dE = -2.96462E-02
SCF Iteration 422: Energy = 4.9881333872787090 dE =  2.96462E-02
SCF Iteration 423: Energy = 4.9584871742990737 dE = -2.96462E-02
SCF Iteration 424: Energy = 4.9881333872787073 dE =  2.96462E-02
SCF Iteration 425: Energy = 4.9584871742990861 dE = -2.96462E-02
SCF Iteration 426: Energy = 4.9881333872787081 dE =  2.96462E-02
SCF Iteration 427: Energy = 4.9584871742990790 dE = -2.96462E-02
SCF Iteration 428: Energy = 4.9881333872787161 dE =  2.96462E-02
SCF Iteration 429: Energy = 4.9584871742990773 dE = -2.96462E-02
SCF Iteration 430: Energy = 4.9881333872787179 dE =  2.96462E-02
SCF Iteration 431: Energy = 4.9584871742990879 dE = -2.96462E-02
SCF Iteration 432: Energy = 4.9881333872787090 dE =  2.96462E-02
SCF Iteration 433: Energy = 4.9584871742990897 dE = -2.96462E-02
SCF Iteration 434: Energy = 4.9881333872787188 dE =  2.96462E-02
SCF Iteration 435: Energy = 4.9584871742990835 dE = -2.96462E-02
SCF Iteration 436: Energy = 4.9881333872787250 dE =  2.96462E-02
SCF Iteration 437: Energy = 4.9584871742990861 dE = -2.96462E-02
SCF Iteration 438: Energy = 4.9881333872787232 dE =  2.96462E-02
SCF Iteration 439: Energy = 4.9584871742990861 dE = -2.96462E-02
SCF Iteration 440: Energy = 4.9881333872787117 dE =  2.96462E-02
SCF Iteration 441: Energy = 4.9584871742990764 dE = -2.96462E-02
SCF Iteration 442: Energy = 4.9881333872787064 dE =  2.96462E-02
SCF Iteration 443: Energy = 4.9584871742990799 dE = -2.96462E-02
SCF Iteration 444: Energy = 4.9881333872787108 dE =  2.96462E-02
SCF Iteration 445: Energy = 4.9584871742990790 dE = -2.96462E-02
SCF Iteration 446: Energy = 4.9881333872787188 dE =  2.96462E-02
SCF Iteration 447: Energy = 4.9584871742990808 dE = -2.96462E-02
SCF Iteration 448: Energy = 4.9881333872787152 dE =  2.96462E-02
SCF Iteration 449: Energy = 4.9584871742990844 dE = -2.96462E-02
SCF Iteration 450: Energy = 4.9881333872787055 dE =  2.96462E-02
SCF Iteration 451: Energy = 4.9584871742990817 dE = -2.96462E-02
SCF Iteration 452: Energy = 4.9881333872787135 dE =  2.96462E-02
SCF Iteration 453: Energy = 4.9584871742990844 dE = -2.96462E-02
SCF Iteration 454: Energy = 4.9881333872787144 dE =  2.96462E-02
SCF Iteration 455: Energy = 4.9584871742990790 dE = -2.96462E-02
SCF Iteration 456: Energy = 4.9881333872787126 dE =  2.96462E-02
SCF Iteration 457: Energy = 4.9584871742990844 dE = -2.96462E-02
SCF Iteration 458: Energy = 4.9881333872787152 dE =  2.96462E-02
SCF Iteration 459: Energy = 4.9584871742990844 dE = -2.96462E-02
SCF Iteration 460: Energy = 4.9881333872787197 dE =  2.96462E-02
SCF Iteration 461: Energy = 4.9584871742990861 dE = -2.96462E-02
SCF Iteration 462: Energy = 4.9881333872787250 dE =  2.96462E-02
SCF Iteration 463: Energy = 4.9584871742990861 dE = -2.96462E-02
SCF Iteration 464: Energy = 4.9881333872787197 dE =  2.96462E-02
SCF Iteration 465: Energy = 4.9584871742990897 dE = -2.96462E-02
SCF Iteration 466: Energy = 4.9881333872787108 dE =  2.96462E-02
SCF Iteration 467: Energy = 4.9584871742990808 dE = -2.96462E-02
SCF Iteration 468: Energy = 4.9881333872787152 dE =  2.96462E-02
SCF Iteration 469: Energy = 4.9584871742990915 dE = -2.96462E-02
SCF Iteration 470: Energy = 4.9881333872787179 dE =  2.96462E-02
SCF Iteration 471: Energy = 4.9584871742990844 dE = -2.96462E-02
SCF Iteration 472: Energy = 4.9881333872787126 dE =  2.96462E-02
SCF Iteration 473: Energy = 4.9584871742990808 dE = -2.96462E-02
SCF Iteration 474: Energy = 4.9881333872787135 dE =  2.96462E-02
SCF Iteration 475: Energy = 4.9584871742990808 dE = -2.96462E-02
SCF Iteration 476: Energy = 4.9881333872787073 dE =  2.96462E-02
SCF Iteration 477: Energy = 4.9584871742990746 dE = -2.96462E-02
SCF Iteration 478: Energy = 4.9881333872787037 dE =  2.96462E-02
SCF Iteration 479: Energy = 4.9584871742990737 dE = -2.96462E-02
SCF Iteration 480: Energy = 4.9881333872787108 dE =  2.96462E-02
SCF Iteration 481: Energy = 4.9584871742990764 dE = -2.96462E-02
SCF Iteration 482: Energy = 4.9881333872787126 dE =  2.96462E-02
SCF Iteration 483: Energy = 4.9584871742990799 dE = -2.96462E-02
SCF Iteration 484: Energy = 4.9881333872787108 dE =  2.96462E-02
SCF Iteration 485: Energy = 4.9584871742990888 dE = -2.96462E-02
SCF Iteration 486: Energy = 4.9881333872787144 dE =  2.96462E-02
SCF Iteration 487: Energy = 4.9584871742990808 dE = -2.96462E-02
SCF Iteration 488: Energy = 4.9881333872787152 dE =  2.96462E-02
SCF Iteration 489: Energy = 4.9584871742990844 dE = -2.96462E-02
SCF Iteration 490: Energy = 4.9881333872787055 dE =  2.96462E-02
SCF Iteration 491: Energy = 4.9584871742990844 dE = -2.96462E-02
SCF Iteration 492: Energy = 4.9881333872787170 dE =  2.96462E-02
SCF Iteration 493: Energy = 4.9584871742990870 dE = -2.96462E-02
SCF Iteration 494: Energy = 4.9881333872787117 dE =  2.96462E-02
SCF Iteration 495: Energy = 4.9584871742990853 dE = -2.96462E-02
SCF Iteration 496: Energy = 4.9881333872787179 dE =  2.96462E-02
SCF Iteration 497: Energy = 4.9584871742990861 dE = -2.96462E-02
SCF Iteration 498: Energy = 4.9881333872787144 dE =  2.96462E-02
SCF Iteration 499: Energy = 4.9584871742990897 dE = -2.96462E-02
SCF Iteration 500: Energy = 4.9881333872787126 dE =  2.96462E-02
