
  Memory set to  55.879 GiB by Python driver.
  Threads set to 1 by Python driver.
Settings:
	LOT = CCSD-S2-U22
	wc = 20.0 eV
	lambda = [0.848697 0.       0.      ] a.u.
	Equivalent A0 = LAMBDA / sqrt(2 wc) = [0.7 0.  0. ])
doing QED-CCSD-Full (or QED-CCSD-22)
Number of occupied orbitals:   1
Number of basis functions:  60
SCF Iteration   1: Energy = 4.9204345345622409 dE =  4.92043E+00
SCF Iteration   2: Energy = 5.3276177199620127 dE =  4.07183E-01
SCF Iteration   3: Energy = 5.1158189384314676 dE = -2.11799E-01
SCF Iteration   4: Energy = 5.3132474865726689 dE =  1.97429E-01
SCF Iteration   5: Energy = 5.2245840499617122 dE = -8.86634E-02
SCF Iteration   6: Energy = 5.3264714842807015 dE =  1.01887E-01
SCF Iteration   7: Energy = 5.2764293284336192 dE = -5.00422E-02
SCF Iteration   8: Energy = 5.3365766774913252 dE =  6.01473E-02
SCF Iteration   9: Energy = 5.3004644641747918 dE = -3.61122E-02
SCF Iteration  10: Energy = 5.3411357752330106 dE =  4.06713E-02
SCF Iteration  11: Energy = 5.3105394540705610 dE = -3.05963E-02
SCF Iteration  12: Energy = 5.3414657904261693 dE =  3.09263E-02
SCF Iteration  13: Energy = 5.3132238464287047 dE = -2.82419E-02
SCF Iteration  14: Energy = 5.3390403053229063 dE =  2.58165E-02
SCF Iteration  15: Energy = 5.3119037709536814 dE = -2.71365E-02
SCF Iteration  16: Energy = 5.3350053657429424 dE =  2.31016E-02
SCF Iteration  17: Energy = 5.3084696899282298 dE = -2.65357E-02
SCF Iteration  18: Energy = 5.3301732518181124 dE =  2.17036E-02
SCF Iteration  19: Energy = 5.3040306238238228 dE = -2.61426E-02
SCF Iteration  20: Energy = 5.3250880785314747 dE =  2.10575E-02
SCF Iteration  21: Energy = 5.2992480991855055 dE = -2.58400E-02
SCF Iteration  22: Energy = 5.3200945333661904 dE =  2.08464E-02
SCF Iteration  23: Energy = 5.2945117132825636 dE = -2.55828E-02
SCF Iteration  24: Energy = 5.3153959001174824 dE =  2.08842E-02
SCF Iteration  25: Energy = 5.2900409410377227 dE = -2.53550E-02
SCF Iteration  26: Energy = 5.3110990534420246 dE =  2.10581E-02
SCF Iteration  27: Energy = 5.2859481073318788 dE = -2.51509E-02
SCF Iteration  28: Energy = 5.3072475783668756 dE =  2.12995E-02
SCF Iteration  29: Energy = 5.2822787132277371 dE = -2.49689E-02
SCF Iteration  30: Energy = 5.3038452410231729 dE =  2.15665E-02
SCF Iteration  31: Energy = 5.2790376240195718 dE = -2.48076E-02
SCF Iteration  32: Energy = 5.3008721182346425 dE =  2.18345E-02
SCF Iteration  33: Energy = 5.2762060875837822 dE = -2.46660E-02
SCF Iteration  34: Energy = 5.2982953781833642 dE =  2.20893E-02
SCF Iteration  35: Energy = 5.2737526995569093 dE = -2.45427E-02
SCF Iteration  36: Energy = 5.2960762830096906 dE =  2.23236E-02
SCF Iteration  37: Energy = 5.2716403517114552 dE = -2.44359E-02
SCF Iteration  38: Energy = 5.2941745869897785 dE =  2.25342E-02
SCF Iteration  39: Energy = 5.2698305209250824 dE = -2.43441E-02
SCF Iteration  40: Energy = 5.2925511766934656 dE =  2.27207E-02
SCF Iteration  41: Energy = 5.2682858104300569 dE = -2.42654E-02
SCF Iteration  42: Energy = 5.2911695484158248 dE =  2.28837E-02
SCF Iteration  43: Energy = 5.2669713560399698 dE = -2.41982E-02
SCF Iteration  44: Energy = 5.2899965335972619 dE =  2.30252E-02
SCF Iteration  45: Energy = 5.2658555076805147 dE = -2.41410E-02
SCF Iteration  46: Energy = 5.2890025510625795 dE =  2.31470E-02
SCF Iteration  47: Energy = 5.2649100592960574 dE = -2.40925E-02
SCF Iteration  48: Energy = 5.2881615725431583 dE =  2.32515E-02
SCF Iteration  49: Energy = 5.2641102072633901 dE = -2.40514E-02
SCF Iteration  50: Energy = 5.2874509242312211 dE =  2.33407E-02
SCF Iteration  51: Energy = 5.2634343547492142 dE = -2.40166E-02
SCF Iteration  52: Energy = 5.2868510037111669 dE =  2.34166E-02
SCF Iteration  53: Energy = 5.2628638373771448 dE = -2.39872E-02
SCF Iteration  54: Energy = 5.2863449623794301 dE =  2.34811E-02
SCF Iteration  55: Energy = 5.2623826175290960 dE = -2.39623E-02
SCF Iteration  56: Energy = 5.2859183840000732 dE =  2.35358E-02
SCF Iteration  57: Energy = 5.2619769760732078 dE = -2.39414E-02
SCF Iteration  58: Energy = 5.2855589772475362 dE =  2.35820E-02
SCF Iteration  59: Energy = 5.2616352181940327 dE = -2.39238E-02
SCF Iteration  60: Energy = 5.2852562918053350 dE =  2.36211E-02
SCF Iteration  61: Energy = 5.2613474021914577 dE = -2.39089E-02
SCF Iteration  62: Energy = 5.2850014623347983 dE =  2.36541E-02
SCF Iteration  63: Energy = 5.2611050951783094 dE = -2.38964E-02
SCF Iteration  64: Energy = 5.2847869813854063 dE =  2.36819E-02
SCF Iteration  65: Energy = 5.2609011565729071 dE = -2.38858E-02
SCF Iteration  66: Energy = 5.2846065004001650 dE =  2.37053E-02
SCF Iteration  67: Energy = 5.2607295484943224 dE = -2.38770E-02
SCF Iteration  68: Energy = 5.2844546569093964 dE =  2.37251E-02
SCF Iteration  69: Energy = 5.2605851711875262 dE = -2.38695E-02
SCF Iteration  70: Energy = 5.2843269254939313 dE =  2.37418E-02
SCF Iteration  71: Energy = 5.2604637211366629 dE = -2.38632E-02
SCF Iteration  72: Energy = 5.2842194899274153 dE =  2.37558E-02
SCF Iteration  73: Energy = 5.2603615693751253 dE = -2.38579E-02
SCF Iteration  74: Energy = 5.2841291339389782 dE =  2.37676E-02
SCF Iteration  75: Energy = 5.2602756575402791 dE = -2.38535E-02
SCF Iteration  76: Energy = 5.2840531481866542 dE =  2.37775E-02
SCF Iteration  77: Energy = 5.2602034093685281 dE = -2.38497E-02
SCF Iteration  78: Energy = 5.2839892512380340 dE =  2.37858E-02
SCF Iteration  79: Energy = 5.2601426555266979 dE = -2.38466E-02
SCF Iteration  80: Energy = 5.2839355225855682 dE =  2.37929E-02
SCF Iteration  81: Energy = 5.2600915698982416 dE = -2.38440E-02
SCF Iteration  82: Energy = 5.2838903459554372 dE =  2.37988E-02
SCF Iteration  83: Energy = 5.2600486156649380 dE = -2.38417E-02
SCF Iteration  84: Energy = 5.2838523613905739 dE =  2.38037E-02
SCF Iteration  85: Energy = 5.2600124997362867 dE = -2.38399E-02
SCF Iteration  86: Energy = 5.2838204247917444 dE =  2.38079E-02
SCF Iteration  87: Energy = 5.2599821342738773 dE = -2.38383E-02
SCF Iteration  88: Energy = 5.2837935737845845 dE =  2.38114E-02
SCF Iteration  89: Energy = 5.2599566042329906 dE = -2.38370E-02
SCF Iteration  90: Energy = 5.2837709989429706 dE =  2.38144E-02
SCF Iteration  91: Energy = 5.2599351399983814 dE = -2.38359E-02
SCF Iteration  92: Energy = 5.2837520195410415 dE =  2.38169E-02
SCF Iteration  93: Energy = 5.2599170943273341 dE = -2.38349E-02
SCF Iteration  94: Energy = 5.2837360631305170 dE =  2.38190E-02
SCF Iteration  95: Energy = 5.2599019229302000 dE = -2.38341E-02
SCF Iteration  96: Energy = 5.2837226483456954 dE =  2.38207E-02
SCF Iteration  97: Energy = 5.2598891681205746 dE = -2.38335E-02
SCF Iteration  98: Energy = 5.2837113704302414 dE =  2.38222E-02
SCF Iteration  99: Energy = 5.2598784450534355 dE = -2.38329E-02
SCF Iteration 100: Energy = 5.2837018890577827 dE =  2.38234E-02
SCF Iteration 101: Energy = 5.2598694301446010 dE = -2.38325E-02
SCF Iteration 102: Energy = 5.2836939180846825 dE =  2.38245E-02
SCF Iteration 103: Energy = 5.2598618513274031 dE = -2.38321E-02
SCF Iteration 104: Energy = 5.2836872169296667 dE =  2.38254E-02
SCF Iteration 105: Energy = 5.2598554798562640 dE = -2.38317E-02
SCF Iteration 106: Energy = 5.2836815833231787 dE =  2.38261E-02
SCF Iteration 107: Energy = 5.2598501234126038 dE = -2.38315E-02
SCF Iteration 108: Energy = 5.2836768472091320 dE =  2.38267E-02
SCF Iteration 109: Energy = 5.2598456203066393 dE = -2.38312E-02
SCF Iteration 110: Energy = 5.2836728656165644 dE =  2.38272E-02
SCF Iteration 111: Energy = 5.2598418346011506 dE = -2.38310E-02
SCF Iteration 112: Energy = 5.2836695183469891 dE =  2.38277E-02
SCF Iteration 113: Energy = 5.2598386520111804 dE = -2.38309E-02
SCF Iteration 114: Energy = 5.2836667043481151 dE =  2.38281E-02
SCF Iteration 115: Energy = 5.2598359764559950 dE = -2.38307E-02
SCF Iteration 116: Energy = 5.2836643386647157 dE =  2.38284E-02
SCF Iteration 117: Energy = 5.2598337271599833 dE = -2.38306E-02
SCF Iteration 118: Energy = 5.2836623498748665 dE =  2.38286E-02
SCF Iteration 119: Energy = 5.2598318362150289 dE = -2.38305E-02
SCF Iteration 120: Energy = 5.2836606779343418 dE =  2.38288E-02
SCF Iteration 121: Energy = 5.2598302465309912 dE = -2.38304E-02
SCF Iteration 122: Energy = 5.2836592723643889 dE =  2.38290E-02
SCF Iteration 123: Energy = 5.2598289101125504 dE = -2.38304E-02
SCF Iteration 124: Energy = 5.2836580907279407 dE =  2.38292E-02
SCF Iteration 125: Energy = 5.2598277866104981 dE = -2.38303E-02
SCF Iteration 126: Energy = 5.2836570973486472 dE =  2.38293E-02
SCF Iteration 127: Energy = 5.2598268421036716 dE = -2.38303E-02
SCF Iteration 128: Energy = 5.2836562622338556 dE =  2.38294E-02
SCF Iteration 129: Energy = 5.2598260480750163 dE = -2.38302E-02
SCF Iteration 130: Energy = 5.2836555601691755 dE =  2.38295E-02
SCF Iteration 131: Energy = 5.2598253805506596 dE = -2.38302E-02
SCF Iteration 132: Energy = 5.2836549699572579 dE =  2.38296E-02
SCF Iteration 133: Energy = 5.2598248193761190 dE = -2.38302E-02
SCF Iteration 134: Energy = 5.2836544737778501 dE =  2.38297E-02
SCF Iteration 135: Energy = 5.2598243476078315 dE = -2.38301E-02
SCF Iteration 136: Energy = 5.2836540566497954 dE =  2.38297E-02
SCF Iteration 137: Energy = 5.2598239510017004 dE = -2.38301E-02
SCF Iteration 138: Energy = 5.2836537059786011 dE =  2.38298E-02
SCF Iteration 139: Energy = 5.2598236175828950 dE = -2.38301E-02
SCF Iteration 140: Energy = 5.2836534111764424 dE =  2.38298E-02
SCF Iteration 141: Energy = 5.2598233372844714 dE = -2.38301E-02
SCF Iteration 142: Energy = 5.2836531633422501 dE =  2.38298E-02
SCF Iteration 143: Energy = 5.2598231016432662 dE = -2.38301E-02
SCF Iteration 144: Energy = 5.2836529549930988 dE =  2.38299E-02
SCF Iteration 145: Energy = 5.2598229035445145 dE = -2.38301E-02
SCF Iteration 146: Energy = 5.2836527798382038 dE =  2.38299E-02
SCF Iteration 147: Energy = 5.2598227370069326 dE = -2.38300E-02
SCF Iteration 148: Energy = 5.2836526325890860 dE =  2.38299E-02
SCF Iteration 149: Energy = 5.2598225970021923 dE = -2.38300E-02
SCF Iteration 150: Energy = 5.2836525087997588 dE =  2.38299E-02
SCF Iteration 151: Energy = 5.2598224793030619 dE = -2.38300E-02
SCF Iteration 152: Energy = 5.2836524047325932 dE =  2.38299E-02
SCF Iteration 153: Energy = 5.2598223803558364 dE = -2.38300E-02
SCF Iteration 154: Energy = 5.2836523172454868 dE =  2.38299E-02
SCF Iteration 155: Energy = 5.2598222971729092 dE = -2.38300E-02
SCF Iteration 156: Energy = 5.2836522436968600 dE =  2.38299E-02
SCF Iteration 157: Energy = 5.2598222272427462 dE = -2.38300E-02
SCF Iteration 158: Energy = 5.2836521818660573 dE =  2.38300E-02
SCF Iteration 159: Energy = 5.2598221684538986 dE = -2.38300E-02
SCF Iteration 160: Energy = 5.2836521298861543 dE =  2.38300E-02
SCF Iteration 161: Energy = 5.2598221190313099 dE = -2.38300E-02
SCF Iteration 162: Energy = 5.2836520861877219 dE =  2.38300E-02
SCF Iteration 163: Energy = 5.2598220774827720 dE = -2.38300E-02
SCF Iteration 164: Energy = 5.2836520494513479 dE =  2.38300E-02
SCF Iteration 165: Energy = 5.2598220425537638 dE = -2.38300E-02
SCF Iteration 166: Energy = 5.2836520185678451 dE =  2.38300E-02
SCF Iteration 167: Energy = 5.2598220131896634 dE = -2.38300E-02
SCF Iteration 168: Energy = 5.2836519926047218 dE =  2.38300E-02
SCF Iteration 169: Energy = 5.2598219885038793 dE = -2.38300E-02
SCF Iteration 170: Energy = 5.2836519707780445 dE =  2.38300E-02
SCF Iteration 171: Energy = 5.2598219677510345 dE = -2.38300E-02
SCF Iteration 172: Energy = 5.2836519524288086 dE =  2.38300E-02
SCF Iteration 173: Energy = 5.2598219503045511 dE = -2.38300E-02
SCF Iteration 174: Energy = 5.2836519370029977 dE =  2.38300E-02
SCF Iteration 175: Energy = 5.2598219356376532 dE = -2.38300E-02
SCF Iteration 176: Energy = 5.2836519240348201 dE =  2.38300E-02
SCF Iteration 177: Energy = 5.2598219233074976 dE = -2.38300E-02
SCF Iteration 178: Energy = 5.2836519131327506 dE =  2.38300E-02
SCF Iteration 179: Energy = 5.2598219129417849 dE = -2.38300E-02
SCF Iteration 180: Energy = 5.2836519039676055 dE =  2.38300E-02
SCF Iteration 181: Energy = 5.2598219042275529 dE = -2.38300E-02
SCF Iteration 182: Energy = 5.2836518962626604 dE =  2.38300E-02
SCF Iteration 183: Energy = 5.2598218969016663 dE = -2.38300E-02
SCF Iteration 184: Energy = 5.2836518897852578 dE =  2.38300E-02
SCF Iteration 185: Energy = 5.2598218907429457 dE = -2.38300E-02
SCF Iteration 186: Energy = 5.2836518843398466 dE =  2.38300E-02
SCF Iteration 187: Energy = 5.2598218855654428 dE = -2.38300E-02
SCF Iteration 188: Energy = 5.2836518797620107 dE =  2.38300E-02
SCF Iteration 189: Energy = 5.2598218812128135 dE = -2.38300E-02
SCF Iteration 190: Energy = 5.2836518759135069 dE =  2.38300E-02
SCF Iteration 191: Energy = 5.2598218775536596 dE = -2.38300E-02
SCF Iteration 192: Energy = 5.2836518726781376 dE =  2.38300E-02
SCF Iteration 193: Energy = 5.2598218744774723 dE = -2.38300E-02
SCF Iteration 194: Energy = 5.2836518699582475 dE =  2.38300E-02
SCF Iteration 195: Energy = 5.2598218718913783 dE = -2.38300E-02
SCF Iteration 196: Energy = 5.2836518676716873 dE =  2.38300E-02
SCF Iteration 197: Energy = 5.2598218697173236 dE = -2.38300E-02
SCF Iteration 198: Energy = 5.2836518657494294 dE =  2.38300E-02
SCF Iteration 199: Energy = 5.2598218678896407 dE = -2.38300E-02
SCF Iteration 200: Energy = 5.2836518641334207 dE =  2.38300E-02
SCF Iteration 201: Energy = 5.2598218663531346 dE = -2.38300E-02
SCF Iteration 202: Energy = 5.2836518627748825 dE =  2.38300E-02
SCF Iteration 203: Energy = 5.2598218650614390 dE = -2.38300E-02
SCF Iteration 204: Energy = 5.2836518616327810 dE =  2.38300E-02
SCF Iteration 205: Energy = 5.2598218639755272 dE = -2.38300E-02
SCF Iteration 206: Energy = 5.2836518606726530 dE =  2.38300E-02
SCF Iteration 207: Energy = 5.2598218630626112 dE = -2.38300E-02
SCF Iteration 208: Energy = 5.2836518598654871 dE =  2.38300E-02
SCF Iteration 209: Energy = 5.2598218622951602 dE = -2.38300E-02
SCF Iteration 210: Energy = 5.2836518591869073 dE =  2.38300E-02
SCF Iteration 211: Energy = 5.2598218616499803 dE = -2.38300E-02
SCF Iteration 212: Energy = 5.2836518586164472 dE =  2.38300E-02
SCF Iteration 213: Energy = 5.2598218611075751 dE = -2.38300E-02
SCF Iteration 214: Energy = 5.2836518581368646 dE =  2.38300E-02
SCF Iteration 215: Energy = 5.2598218606516030 dE = -2.38300E-02
SCF Iteration 216: Energy = 5.2836518577337097 dE =  2.38300E-02
SCF Iteration 217: Energy = 5.2598218602682634 dE = -2.38300E-02
SCF Iteration 218: Energy = 5.2836518573947737 dE =  2.38300E-02
SCF Iteration 219: Energy = 5.2598218599460118 dE = -2.38300E-02
SCF Iteration 220: Energy = 5.2836518571098336 dE =  2.38300E-02
SCF Iteration 221: Energy = 5.2598218596750943 dE = -2.38300E-02
SCF Iteration 222: Energy = 5.2836518568702973 dE =  2.38300E-02
SCF Iteration 223: Energy = 5.2598218594473405 dE = -2.38300E-02
SCF Iteration 224: Energy = 5.2836518566689286 dE =  2.38300E-02
SCF Iteration 225: Energy = 5.2598218592558696 dE = -2.38300E-02
SCF Iteration 226: Energy = 5.2836518564996249 dE =  2.38300E-02
SCF Iteration 227: Energy = 5.2598218590949086 dE = -2.38300E-02
SCF Iteration 228: Energy = 5.2836518563572863 dE =  2.38300E-02
SCF Iteration 229: Energy = 5.2598218589595689 dE = -2.38300E-02
SCF Iteration 230: Energy = 5.2836518562376469 dE =  2.38300E-02
SCF Iteration 231: Energy = 5.2598218588458172 dE = -2.38300E-02
SCF Iteration 232: Energy = 5.2836518561370562 dE =  2.38300E-02
SCF Iteration 233: Energy = 5.2598218587501782 dE = -2.38300E-02
SCF Iteration 234: Energy = 5.2836518560524990 dE =  2.38300E-02
SCF Iteration 235: Energy = 5.2598218586697794 dE = -2.38300E-02
SCF Iteration 236: Energy = 5.2836518559814190 dE =  2.38300E-02
SCF Iteration 237: Energy = 5.2598218586021881 dE = -2.38300E-02
SCF Iteration 238: Energy = 5.2836518559216605 dE =  2.38300E-02
SCF Iteration 239: Energy = 5.2598218585453616 dE = -2.38300E-02
SCF Iteration 240: Energy = 5.2836518558714181 dE =  2.38300E-02
SCF Iteration 241: Energy = 5.2598218584975989 dE = -2.38300E-02
SCF Iteration 242: Energy = 5.2836518558291781 dE =  2.38300E-02
SCF Iteration 243: Energy = 5.2598218584574505 dE = -2.38300E-02
SCF Iteration 244: Energy = 5.2836518557936731 dE =  2.38300E-02
SCF Iteration 245: Energy = 5.2598218584236838 dE = -2.38300E-02
SCF Iteration 246: Energy = 5.2836518557638286 dE =  2.38300E-02
SCF Iteration 247: Energy = 5.2598218583953011 dE = -2.38300E-02
SCF Iteration 248: Energy = 5.2836518557387295 dE =  2.38300E-02
SCF Iteration 249: Energy = 5.2598218583714518 dE = -2.38300E-02
SCF Iteration 250: Energy = 5.2836518557176388 dE =  2.38300E-02
SCF Iteration 251: Energy = 5.2598218583513967 dE = -2.38300E-02
SCF Iteration 252: Energy = 5.2836518556999055 dE =  2.38300E-02
SCF Iteration 253: Energy = 5.2598218583345284 dE = -2.38300E-02
SCF Iteration 254: Energy = 5.2836518556849983 dE =  2.38300E-02
SCF Iteration 255: Energy = 5.2598218583203620 dE = -2.38300E-02
SCF Iteration 256: Energy = 5.2836518556724741 dE =  2.38300E-02
SCF Iteration 257: Energy = 5.2598218583084346 dE = -2.38300E-02
SCF Iteration 258: Energy = 5.2836518556619181 dE =  2.38300E-02
SCF Iteration 259: Energy = 5.2598218582984115 dE = -2.38300E-02
SCF Iteration 260: Energy = 5.2836518556530629 dE =  2.38300E-02
SCF Iteration 261: Energy = 5.2598218582899854 dE = -2.38300E-02
SCF Iteration 262: Energy = 5.2836518556456209 dE =  2.38300E-02
SCF Iteration 263: Energy = 5.2598218582829137 dE = -2.38300E-02
SCF Iteration 264: Energy = 5.2836518556393548 dE =  2.38300E-02
SCF Iteration 265: Energy = 5.2598218582769585 dE = -2.38300E-02
SCF Iteration 266: Energy = 5.2836518556340906 dE =  2.38300E-02
SCF Iteration 267: Energy = 5.2598218582719598 dE = -2.38300E-02
SCF Iteration 268: Energy = 5.2836518556296683 dE =  2.38300E-02
SCF Iteration 269: Energy = 5.2598218582677481 dE = -2.38300E-02
SCF Iteration 270: Energy = 5.2836518556259451 dE =  2.38300E-02
SCF Iteration 271: Energy = 5.2598218582642255 dE = -2.38300E-02
SCF Iteration 272: Energy = 5.2836518556228116 dE =  2.38300E-02
SCF Iteration 273: Energy = 5.2598218582612422 dE = -2.38300E-02
SCF Iteration 274: Energy = 5.2836518556201888 dE =  2.38300E-02
SCF Iteration 275: Energy = 5.2598218582587410 dE = -2.38300E-02
SCF Iteration 276: Energy = 5.2836518556179861 dE =  2.38300E-02
SCF Iteration 277: Energy = 5.2598218582566387 dE = -2.38300E-02
SCF Iteration 278: Energy = 5.2836518556161289 dE =  2.38300E-02
SCF Iteration 279: Energy = 5.2598218582548739 dE = -2.38300E-02
SCF Iteration 280: Energy = 5.2836518556145684 dE =  2.38300E-02
SCF Iteration 281: Energy = 5.2598218582533933 dE = -2.38300E-02
SCF Iteration 282: Energy = 5.2836518556132566 dE =  2.38300E-02
SCF Iteration 283: Energy = 5.2598218582521428 dE = -2.38300E-02
SCF Iteration 284: Energy = 5.2836518556121552 dE =  2.38300E-02
SCF Iteration 285: Energy = 5.2598218582510903 dE = -2.38300E-02
SCF Iteration 286: Energy = 5.2836518556112244 dE =  2.38300E-02
SCF Iteration 287: Energy = 5.2598218582502092 dE = -2.38300E-02
SCF Iteration 288: Energy = 5.2836518556104553 dE =  2.38300E-02
SCF Iteration 289: Energy = 5.2598218582494765 dE = -2.38300E-02
SCF Iteration 290: Energy = 5.2836518556097927 dE =  2.38300E-02
SCF Iteration 291: Energy = 5.2598218582488485 dE = -2.38300E-02
SCF Iteration 292: Energy = 5.2836518556092402 dE =  2.38300E-02
SCF Iteration 293: Energy = 5.2598218582483360 dE = -2.38300E-02
SCF Iteration 294: Energy = 5.2836518556087828 dE =  2.38300E-02
SCF Iteration 295: Energy = 5.2598218582478795 dE = -2.38300E-02
SCF Iteration 296: Energy = 5.2836518556083920 dE =  2.38300E-02
SCF Iteration 297: Energy = 5.2598218582475109 dE = -2.38300E-02
SCF Iteration 298: Energy = 5.2836518556080518 dE =  2.38300E-02
SCF Iteration 299: Energy = 5.2598218582472009 dE = -2.38300E-02
SCF Iteration 300: Energy = 5.2836518556077801 dE =  2.38300E-02
SCF Iteration 301: Energy = 5.2598218582469327 dE = -2.38300E-02
SCF Iteration 302: Energy = 5.2836518556075438 dE =  2.38300E-02
SCF Iteration 303: Energy = 5.2598218582467249 dE = -2.38300E-02
SCF Iteration 304: Energy = 5.2836518556073502 dE =  2.38300E-02
SCF Iteration 305: Energy = 5.2598218582465348 dE = -2.38300E-02
SCF Iteration 306: Energy = 5.2836518556071868 dE =  2.38300E-02
SCF Iteration 307: Energy = 5.2598218582463732 dE = -2.38300E-02
SCF Iteration 308: Energy = 5.2836518556070464 dE =  2.38300E-02
SCF Iteration 309: Energy = 5.2598218582462399 dE = -2.38300E-02
SCF Iteration 310: Energy = 5.2836518556069345 dE =  2.38300E-02
SCF Iteration 311: Energy = 5.2598218582461325 dE = -2.38300E-02
SCF Iteration 312: Energy = 5.2836518556068386 dE =  2.38300E-02
SCF Iteration 313: Energy = 5.2598218582460339 dE = -2.38300E-02
SCF Iteration 314: Energy = 5.2836518556067515 dE =  2.38300E-02
SCF Iteration 315: Energy = 5.2598218582459584 dE = -2.38300E-02
SCF Iteration 316: Energy = 5.2836518556066840 dE =  2.38300E-02
SCF Iteration 317: Energy = 5.2598218582458864 dE = -2.38300E-02
SCF Iteration 318: Energy = 5.2836518556066219 dE =  2.38300E-02
SCF Iteration 319: Energy = 5.2598218582458456 dE = -2.38300E-02
SCF Iteration 320: Energy = 5.2836518556065775 dE =  2.38300E-02
SCF Iteration 321: Energy = 5.2598218582457941 dE = -2.38300E-02
SCF Iteration 322: Energy = 5.2836518556065402 dE =  2.38300E-02
SCF Iteration 323: Energy = 5.2598218582457577 dE = -2.38300E-02
SCF Iteration 324: Energy = 5.2836518556065046 dE =  2.38300E-02
SCF Iteration 325: Energy = 5.2598218582457212 dE = -2.38300E-02
SCF Iteration 326: Energy = 5.2836518556064656 dE =  2.38300E-02
SCF Iteration 327: Energy = 5.2598218582456857 dE = -2.38300E-02
SCF Iteration 328: Energy = 5.2836518556064460 dE =  2.38300E-02
SCF Iteration 329: Energy = 5.2598218582456679 dE = -2.38300E-02
SCF Iteration 330: Energy = 5.2836518556064274 dE =  2.38300E-02
SCF Iteration 331: Energy = 5.2598218582456502 dE = -2.38300E-02
SCF Iteration 332: Energy = 5.2836518556064194 dE =  2.38300E-02
SCF Iteration 333: Energy = 5.2598218582456271 dE = -2.38300E-02
SCF Iteration 334: Energy = 5.2836518556063963 dE =  2.38300E-02
SCF Iteration 335: Energy = 5.2598218582456164 dE = -2.38300E-02
SCF Iteration 336: Energy = 5.2836518556063723 dE =  2.38300E-02
SCF Iteration 337: Energy = 5.2598218582456076 dE = -2.38300E-02
SCF Iteration 338: Energy = 5.2836518556063750 dE =  2.38300E-02
SCF Iteration 339: Energy = 5.2598218582456022 dE = -2.38300E-02
SCF Iteration 340: Energy = 5.2836518556063661 dE =  2.38300E-02
SCF Iteration 341: Energy = 5.2598218582456040 dE = -2.38300E-02
SCF Iteration 342: Energy = 5.2836518556063590 dE =  2.38300E-02
SCF Iteration 343: Energy = 5.2598218582455853 dE = -2.38300E-02
SCF Iteration 344: Energy = 5.2836518556063590 dE =  2.38300E-02
SCF Iteration 345: Energy = 5.2598218582455818 dE = -2.38300E-02
SCF Iteration 346: Energy = 5.2836518556063501 dE =  2.38300E-02
SCF Iteration 347: Energy = 5.2598218582455685 dE = -2.38300E-02
SCF Iteration 348: Energy = 5.2836518556063456 dE =  2.38300E-02
SCF Iteration 349: Energy = 5.2598218582455631 dE = -2.38300E-02
SCF Iteration 350: Energy = 5.2836518556063439 dE =  2.38300E-02
SCF Iteration 351: Energy = 5.2598218582455667 dE = -2.38300E-02
SCF Iteration 352: Energy = 5.2836518556063377 dE =  2.38300E-02
SCF Iteration 353: Energy = 5.2598218582455614 dE = -2.38300E-02
SCF Iteration 354: Energy = 5.2836518556063270 dE =  2.38300E-02
SCF Iteration 355: Energy = 5.2598218582455489 dE = -2.38300E-02
SCF Iteration 356: Energy = 5.2836518556063305 dE =  2.38300E-02
SCF Iteration 357: Energy = 5.2598218582455472 dE = -2.38300E-02
SCF Iteration 358: Energy = 5.2836518556063181 dE =  2.38300E-02
SCF Iteration 359: Energy = 5.2598218582455472 dE = -2.38300E-02
SCF Iteration 360: Energy = 5.2836518556063119 dE =  2.38300E-02
SCF Iteration 361: Energy = 5.2598218582455356 dE = -2.38300E-02
SCF Iteration 362: Energy = 5.2836518556063004 dE =  2.38300E-02
SCF Iteration 363: Energy = 5.2598218582455365 dE = -2.38300E-02
SCF Iteration 364: Energy = 5.2836518556063066 dE =  2.38300E-02
SCF Iteration 365: Energy = 5.2598218582455489 dE = -2.38300E-02
SCF Iteration 366: Energy = 5.2836518556063146 dE =  2.38300E-02
SCF Iteration 367: Energy = 5.2598218582455365 dE = -2.38300E-02
SCF Iteration 368: Energy = 5.2836518556063075 dE =  2.38300E-02
SCF Iteration 369: Energy = 5.2598218582455418 dE = -2.38300E-02
SCF Iteration 370: Energy = 5.2836518556063146 dE =  2.38300E-02
SCF Iteration 371: Energy = 5.2598218582455285 dE = -2.38300E-02
SCF Iteration 372: Energy = 5.2836518556063181 dE =  2.38300E-02
SCF Iteration 373: Energy = 5.2598218582455321 dE = -2.38300E-02
SCF Iteration 374: Energy = 5.2836518556063083 dE =  2.38300E-02
SCF Iteration 375: Energy = 5.2598218582455329 dE = -2.38300E-02
SCF Iteration 376: Energy = 5.2836518556063110 dE =  2.38300E-02
SCF Iteration 377: Energy = 5.2598218582455463 dE = -2.38300E-02
SCF Iteration 378: Energy = 5.2836518556063163 dE =  2.38300E-02
SCF Iteration 379: Energy = 5.2598218582455400 dE = -2.38300E-02
SCF Iteration 380: Energy = 5.2836518556063101 dE =  2.38300E-02
SCF Iteration 381: Energy = 5.2598218582455365 dE = -2.38300E-02
SCF Iteration 382: Energy = 5.2836518556063128 dE =  2.38300E-02
SCF Iteration 383: Energy = 5.2598218582455347 dE = -2.38300E-02
SCF Iteration 384: Energy = 5.2836518556063092 dE =  2.38300E-02
SCF Iteration 385: Energy = 5.2598218582455418 dE = -2.38300E-02
SCF Iteration 386: Energy = 5.2836518556063137 dE =  2.38300E-02
SCF Iteration 387: Energy = 5.2598218582455400 dE = -2.38300E-02
SCF Iteration 388: Energy = 5.2836518556063155 dE =  2.38300E-02
SCF Iteration 389: Energy = 5.2598218582455365 dE = -2.38300E-02
SCF Iteration 390: Energy = 5.2836518556063092 dE =  2.38300E-02
SCF Iteration 391: Energy = 5.2598218582455472 dE = -2.38300E-02
SCF Iteration 392: Energy = 5.2836518556063172 dE =  2.38300E-02
SCF Iteration 393: Energy = 5.2598218582455436 dE = -2.38300E-02
SCF Iteration 394: Energy = 5.2836518556063181 dE =  2.38300E-02
SCF Iteration 395: Energy = 5.2598218582455507 dE = -2.38300E-02
SCF Iteration 396: Energy = 5.2836518556063163 dE =  2.38300E-02
SCF Iteration 397: Energy = 5.2598218582455463 dE = -2.38300E-02
SCF Iteration 398: Energy = 5.2836518556063199 dE =  2.38300E-02
SCF Iteration 399: Energy = 5.2598218582455303 dE = -2.38300E-02
SCF Iteration 400: Energy = 5.2836518556063110 dE =  2.38300E-02
SCF Iteration 401: Energy = 5.2598218582455329 dE = -2.38300E-02
SCF Iteration 402: Energy = 5.2836518556063137 dE =  2.38300E-02
SCF Iteration 403: Energy = 5.2598218582455383 dE = -2.38300E-02
SCF Iteration 404: Energy = 5.2836518556063110 dE =  2.38300E-02
SCF Iteration 405: Energy = 5.2598218582455365 dE = -2.38300E-02
SCF Iteration 406: Energy = 5.2836518556063199 dE =  2.38300E-02
SCF Iteration 407: Energy = 5.2598218582455365 dE = -2.38300E-02
SCF Iteration 408: Energy = 5.2836518556063199 dE =  2.38300E-02
SCF Iteration 409: Energy = 5.2598218582455400 dE = -2.38300E-02
SCF Iteration 410: Energy = 5.2836518556063039 dE =  2.38300E-02
SCF Iteration 411: Energy = 5.2598218582455329 dE = -2.38300E-02
SCF Iteration 412: Energy = 5.2836518556063110 dE =  2.38300E-02
SCF Iteration 413: Energy = 5.2598218582455267 dE = -2.38300E-02
SCF Iteration 414: Energy = 5.2836518556063039 dE =  2.38300E-02
SCF Iteration 415: Energy = 5.2598218582455347 dE = -2.38300E-02
SCF Iteration 416: Energy = 5.2836518556063075 dE =  2.38300E-02
SCF Iteration 417: Energy = 5.2598218582455321 dE = -2.38300E-02
SCF Iteration 418: Energy = 5.2836518556063101 dE =  2.38300E-02
SCF Iteration 419: Energy = 5.2598218582455338 dE = -2.38300E-02
SCF Iteration 420: Energy = 5.2836518556063163 dE =  2.38300E-02
SCF Iteration 421: Energy = 5.2598218582455276 dE = -2.38300E-02
SCF Iteration 422: Energy = 5.2836518556063021 dE =  2.38300E-02
SCF Iteration 423: Energy = 5.2598218582455347 dE = -2.38300E-02
SCF Iteration 424: Energy = 5.2836518556063083 dE =  2.38300E-02
SCF Iteration 425: Energy = 5.2598218582455418 dE = -2.38300E-02
SCF Iteration 426: Energy = 5.2836518556063137 dE =  2.38300E-02
SCF Iteration 427: Energy = 5.2598218582455321 dE = -2.38300E-02
SCF Iteration 428: Energy = 5.2836518556063066 dE =  2.38300E-02
SCF Iteration 429: Energy = 5.2598218582455338 dE = -2.38300E-02
SCF Iteration 430: Energy = 5.2836518556063172 dE =  2.38300E-02
SCF Iteration 431: Energy = 5.2598218582455418 dE = -2.38300E-02
SCF Iteration 432: Energy = 5.2836518556063101 dE =  2.38300E-02
SCF Iteration 433: Energy = 5.2598218582455418 dE = -2.38300E-02
SCF Iteration 434: Energy = 5.2836518556063163 dE =  2.38300E-02
SCF Iteration 435: Energy = 5.2598218582455312 dE = -2.38300E-02
SCF Iteration 436: Energy = 5.2836518556063092 dE =  2.38300E-02
SCF Iteration 437: Energy = 5.2598218582455392 dE = -2.38300E-02
SCF Iteration 438: Energy = 5.2836518556063092 dE =  2.38300E-02
SCF Iteration 439: Energy = 5.2598218582455365 dE = -2.38300E-02
SCF Iteration 440: Energy = 5.2836518556063101 dE =  2.38300E-02
SCF Iteration 441: Energy = 5.2598218582455329 dE = -2.38300E-02
SCF Iteration 442: Energy = 5.2836518556063057 dE =  2.38300E-02
SCF Iteration 443: Energy = 5.2598218582455241 dE = -2.38300E-02
SCF Iteration 444: Energy = 5.2836518556063146 dE =  2.38300E-02
SCF Iteration 445: Energy = 5.2598218582455329 dE = -2.38300E-02
SCF Iteration 446: Energy = 5.2836518556063110 dE =  2.38300E-02
SCF Iteration 447: Energy = 5.2598218582455409 dE = -2.38300E-02
SCF Iteration 448: Energy = 5.2836518556063110 dE =  2.38300E-02
SCF Iteration 449: Energy = 5.2598218582455400 dE = -2.38300E-02
SCF Iteration 450: Energy = 5.2836518556063075 dE =  2.38300E-02
SCF Iteration 451: Energy = 5.2598218582455392 dE = -2.38300E-02
SCF Iteration 452: Energy = 5.2836518556063119 dE =  2.38300E-02
SCF Iteration 453: Energy = 5.2598218582455383 dE = -2.38300E-02
SCF Iteration 454: Energy = 5.2836518556063163 dE =  2.38300E-02
SCF Iteration 455: Energy = 5.2598218582455338 dE = -2.38300E-02
SCF Iteration 456: Energy = 5.2836518556063172 dE =  2.38300E-02
SCF Iteration 457: Energy = 5.2598218582455436 dE = -2.38300E-02
SCF Iteration 458: Energy = 5.2836518556063155 dE =  2.38300E-02
SCF Iteration 459: Energy = 5.2598218582455347 dE = -2.38300E-02
SCF Iteration 460: Energy = 5.2836518556063092 dE =  2.38300E-02
SCF Iteration 461: Energy = 5.2598218582455489 dE = -2.38300E-02
SCF Iteration 462: Energy = 5.2836518556063172 dE =  2.38300E-02
SCF Iteration 463: Energy = 5.2598218582455454 dE = -2.38300E-02
SCF Iteration 464: Energy = 5.2836518556063199 dE =  2.38300E-02
SCF Iteration 465: Energy = 5.2598218582455383 dE = -2.38300E-02
SCF Iteration 466: Energy = 5.2836518556063199 dE =  2.38300E-02
SCF Iteration 467: Energy = 5.2598218582455418 dE = -2.38300E-02
SCF Iteration 468: Energy = 5.2836518556063155 dE =  2.38300E-02
SCF Iteration 469: Energy = 5.2598218582455463 dE = -2.38300E-02
SCF Iteration 470: Energy = 5.2836518556063217 dE =  2.38300E-02
SCF Iteration 471: Energy = 5.2598218582455400 dE = -2.38300E-02
SCF Iteration 472: Energy = 5.2836518556063137 dE =  2.38300E-02
SCF Iteration 473: Energy = 5.2598218582455329 dE = -2.38300E-02
SCF Iteration 474: Energy = 5.2836518556063146 dE =  2.38300E-02
SCF Iteration 475: Energy = 5.2598218582455409 dE = -2.38300E-02
SCF Iteration 476: Energy = 5.2836518556063075 dE =  2.38300E-02
SCF Iteration 477: Energy = 5.2598218582455409 dE = -2.38300E-02
SCF Iteration 478: Energy = 5.2836518556063181 dE =  2.38300E-02
SCF Iteration 479: Energy = 5.2598218582455480 dE = -2.38300E-02
SCF Iteration 480: Energy = 5.2836518556063128 dE =  2.38300E-02
SCF Iteration 481: Energy = 5.2598218582455507 dE = -2.38300E-02
SCF Iteration 482: Energy = 5.2836518556063243 dE =  2.38300E-02
SCF Iteration 483: Energy = 5.2598218582455534 dE = -2.38300E-02
SCF Iteration 484: Energy = 5.2836518556063217 dE =  2.38300E-02
SCF Iteration 485: Energy = 5.2598218582455498 dE = -2.38300E-02
SCF Iteration 486: Energy = 5.2836518556063252 dE =  2.38300E-02
SCF Iteration 487: Energy = 5.2598218582455454 dE = -2.38300E-02
SCF Iteration 488: Energy = 5.2836518556063163 dE =  2.38300E-02
SCF Iteration 489: Energy = 5.2598218582455525 dE = -2.38300E-02
SCF Iteration 490: Energy = 5.2836518556063332 dE =  2.38300E-02
SCF Iteration 491: Energy = 5.2598218582455560 dE = -2.38300E-02
SCF Iteration 492: Energy = 5.2836518556063226 dE =  2.38300E-02
SCF Iteration 493: Energy = 5.2598218582455534 dE = -2.38300E-02
SCF Iteration 494: Energy = 5.2836518556063199 dE =  2.38300E-02
SCF Iteration 495: Energy = 5.2598218582455507 dE = -2.38300E-02
SCF Iteration 496: Energy = 5.2836518556063332 dE =  2.38300E-02
SCF Iteration 497: Energy = 5.2598218582455418 dE = -2.38300E-02
SCF Iteration 498: Energy = 5.2836518556063226 dE =  2.38300E-02
SCF Iteration 499: Energy = 5.2598218582455525 dE = -2.38300E-02
SCF Iteration 500: Energy = 5.2836518556063234 dE =  2.38300E-02
