
  Memory set to  55.879 GiB by Python driver.
  Threads set to 1 by Python driver.
Settings:
	LOT = CCSD-S2-U22
	wc = 20.0 eV
	lambda = [0.848697 0.       0.      ] a.u.
	Equivalent A0 = LAMBDA / sqrt(2 wc) = [0.7 0.  0. ])
doing QED-CCSD-Full (or QED-CCSD-22)
Number of occupied orbitals:   1
Number of basis functions:  60
SCF Iteration   1: Energy = 1.7456148256191157 dE =  1.74561E+00
SCF Iteration   2: Energy = 2.3605510721679437 dE =  6.14936E-01
SCF Iteration   3: Energy = 1.9434781145071942 dE = -4.17073E-01
SCF Iteration   4: Energy = 2.3269322088534174 dE =  3.83454E-01
SCF Iteration   5: Energy = 1.9844188203347557 dE = -3.42513E-01
SCF Iteration   6: Energy = 2.3140978728589277 dE =  3.29679E-01
SCF Iteration   7: Energy = 1.9911595460970548 dE = -3.22938E-01
SCF Iteration   8: Energy = 2.3057431798360160 dE =  3.14584E-01
SCF Iteration   9: Energy = 1.9894915227952550 dE = -3.16252E-01
SCF Iteration  10: Energy = 2.2994387127270475 dE =  3.09947E-01
SCF Iteration  11: Energy = 1.9856748049830517 dE = -3.13764E-01
SCF Iteration  12: Energy = 2.2945188138407424 dE =  3.08844E-01
SCF Iteration  13: Energy = 1.9816978616198704 dE = -3.12821E-01
SCF Iteration  14: Energy = 2.2907217491428353 dE =  3.09024E-01
SCF Iteration  15: Energy = 1.9782354918157925 dE = -3.12486E-01
SCF Iteration  16: Energy = 2.2878519811992586 dE =  3.09616E-01
SCF Iteration  17: Energy = 1.9754554102106823 dE = -3.12397E-01
SCF Iteration  18: Energy = 2.2857240748075727 dE =  3.10269E-01
SCF Iteration  19: Energy = 1.9733221028344923 dE = -3.12402E-01
SCF Iteration  20: Energy = 2.2841695066914278 dE =  3.10847E-01
SCF Iteration  21: Energy = 1.9717304080317271 dE = -3.12439E-01
SCF Iteration  22: Energy = 2.2830461423673629 dE =  3.11316E-01
SCF Iteration  23: Energy = 1.9705643911135029 dE = -3.12482E-01
SCF Iteration  24: Energy = 2.2822407494177952 dE =  3.11676E-01
SCF Iteration  25: Energy = 1.9697207056860104 dE = -3.12520E-01
SCF Iteration  26: Energy = 2.2816665779054528 dE =  3.11946E-01
SCF Iteration  27: Energy = 1.9691154223800158 dE = -3.12551E-01
SCF Iteration  28: Energy = 2.2812588980918012 dE =  3.12143E-01
SCF Iteration  29: Energy = 1.9686837501349743 dE = -3.12575E-01
SCF Iteration  30: Energy = 2.2809702702732846 dE =  3.12287E-01
SCF Iteration  31: Energy = 1.9683771816688187 dE = -3.12593E-01
SCF Iteration  32: Energy = 2.2807663531682092 dE =  3.12389E-01
SCF Iteration  33: Energy = 1.9681601084537366 dE = -3.12606E-01
SCF Iteration  34: Energy = 2.2806225000135321 dE =  3.12462E-01
SCF Iteration  35: Energy = 1.9680067313676541 dE = -3.12616E-01
SCF Iteration  36: Energy = 2.2805211282099593 dE =  3.12514E-01
SCF Iteration  37: Energy = 1.9678985251853469 dE = -3.12623E-01
SCF Iteration  38: Energy = 2.2804497480499153 dE =  3.12551E-01
SCF Iteration  39: Energy = 1.9678222703399115 dE = -3.12627E-01
SCF Iteration  40: Energy = 2.2803995144501545 dE =  3.12577E-01
SCF Iteration  41: Energy = 1.9677685745894036 dE = -3.12631E-01
SCF Iteration  42: Energy = 2.2803641770042491 dE =  3.12596E-01
SCF Iteration  43: Energy = 1.9677307856115831 dE = -3.12633E-01
SCF Iteration  44: Energy = 2.2803393257182707 dE =  3.12609E-01
SCF Iteration  45: Energy = 1.9677042021262670 dE = -3.12635E-01
SCF Iteration  46: Energy = 2.2803218525905571 dE =  3.12618E-01
SCF Iteration  47: Energy = 1.9676855069398231 dE = -3.12636E-01
SCF Iteration  48: Energy = 2.2803095689824362 dE =  3.12624E-01
SCF Iteration  49: Energy = 1.9676723621231624 dE = -3.12637E-01
SCF Iteration  50: Energy = 2.2803009345625762 dE =  3.12629E-01
SCF Iteration  51: Energy = 1.9676631212730800 dE = -3.12638E-01
SCF Iteration  52: Energy = 2.2802948657240920 dE =  3.12632E-01
SCF Iteration  53: Energy = 1.9676566256529677 dE = -3.12638E-01
SCF Iteration  54: Energy = 2.2802906003922994 dE =  3.12634E-01
SCF Iteration  55: Energy = 1.9676520600926051 dE = -3.12639E-01
SCF Iteration  56: Energy = 2.2802876027359495 dE =  3.12636E-01
SCF Iteration  57: Energy = 1.9676488512967809 dE = -3.12639E-01
SCF Iteration  58: Energy = 2.2802854960602499 dE =  3.12637E-01
SCF Iteration  59: Energy = 1.9676465961664809 dE = -3.12639E-01
SCF Iteration  60: Energy = 2.2802840155753472 dE =  3.12637E-01
SCF Iteration  61: Energy = 1.9676450113175894 dE = -3.12639E-01
SCF Iteration  62: Energy = 2.2802829751680749 dE =  3.12638E-01
SCF Iteration  63: Energy = 1.9676438975503621 dE = -3.12639E-01
SCF Iteration  64: Energy = 2.2802822440327359 dE =  3.12638E-01
SCF Iteration  65: Energy = 1.9676431148527238 dE = -3.12639E-01
SCF Iteration  66: Energy = 2.2802817302392828 dE =  3.12639E-01
SCF Iteration  67: Energy = 1.9676425648199503 dE = -3.12639E-01
SCF Iteration  68: Energy = 2.2802813691814903 dE =  3.12639E-01
SCF Iteration  69: Energy = 1.9676421782933045 dE = -3.12639E-01
SCF Iteration  70: Energy = 2.2802811154566447 dE =  3.12639E-01
SCF Iteration  71: Energy = 1.9676419066695912 dE = -3.12639E-01
SCF Iteration  72: Energy = 2.2802809371580572 dE =  3.12639E-01
SCF Iteration  73: Energy = 1.9676417157924138 dE = -3.12639E-01
SCF Iteration  74: Energy = 2.2802808118636149 dE =  3.12639E-01
SCF Iteration  75: Energy = 1.9676415816583990 dE = -3.12639E-01
SCF Iteration  76: Energy = 2.2802807238165324 dE =  3.12639E-01
SCF Iteration  77: Energy = 1.9676414873993897 dE = -3.12639E-01
SCF Iteration  78: Energy = 2.2802806619440315 dE =  3.12639E-01
SCF Iteration  79: Energy = 1.9676414211615656 dE = -3.12639E-01
SCF Iteration  80: Energy = 2.2802806184649906 dE =  3.12639E-01
SCF Iteration  81: Energy = 1.9676413746148764 dE = -3.12639E-01
SCF Iteration  82: Energy = 2.2802805879114212 dE =  3.12639E-01
SCF Iteration  83: Energy = 1.9676413419055916 dE = -3.12639E-01
SCF Iteration  84: Energy = 2.2802805664408385 dE =  3.12639E-01
SCF Iteration  85: Energy = 1.9676413189201389 dE = -3.12639E-01
SCF Iteration  86: Energy = 2.2802805513530533 dE =  3.12639E-01
SCF Iteration  87: Energy = 1.9676413027678163 dE = -3.12639E-01
SCF Iteration  88: Energy = 2.2802805407505797 dE =  3.12639E-01
SCF Iteration  89: Energy = 1.9676412914172723 dE = -3.12639E-01
SCF Iteration  90: Energy = 2.2802805333000258 dE =  3.12639E-01
SCF Iteration  91: Energy = 1.9676412834410297 dE = -3.12639E-01
SCF Iteration  92: Energy = 2.2802805280643863 dE =  3.12639E-01
SCF Iteration  93: Energy = 1.9676412778359758 dE = -3.12639E-01
SCF Iteration  94: Energy = 2.2802805243852013 dE =  3.12639E-01
SCF Iteration  95: Energy = 1.9676412738972033 dE = -3.12639E-01
SCF Iteration  96: Energy = 2.2802805217997690 dE =  3.12639E-01
SCF Iteration  97: Energy = 1.9676412711293494 dE = -3.12639E-01
SCF Iteration  98: Energy = 2.2802805199829344 dE =  3.12639E-01
SCF Iteration  99: Energy = 1.9676412691843306 dE = -3.12639E-01
SCF Iteration 100: Energy = 2.2802805187062196 dE =  3.12639E-01
SCF Iteration 101: Energy = 1.9676412678175330 dE = -3.12639E-01
SCF Iteration 102: Energy = 2.2802805178090439 dE =  3.12639E-01
SCF Iteration 103: Energy = 1.9676412668570522 dE = -3.12639E-01
SCF Iteration 104: Energy = 2.2802805171785820 dE =  3.12639E-01
SCF Iteration 105: Energy = 1.9676412661821070 dE = -3.12639E-01
SCF Iteration 106: Energy = 2.2802805167355444 dE =  3.12639E-01
SCF Iteration 107: Energy = 1.9676412657078084 dE = -3.12639E-01
SCF Iteration 108: Energy = 2.2802805164242130 dE =  3.12639E-01
SCF Iteration 109: Energy = 1.9676412653745128 dE = -3.12639E-01
SCF Iteration 110: Energy = 2.2802805162054360 dE =  3.12639E-01
SCF Iteration 111: Energy = 1.9676412651403015 dE = -3.12639E-01
SCF Iteration 112: Energy = 2.2802805160517048 dE =  3.12639E-01
SCF Iteration 113: Energy = 1.9676412649757189 dE = -3.12639E-01
SCF Iteration 114: Energy = 2.2802805159436641 dE =  3.12639E-01
SCF Iteration 115: Energy = 1.9676412648600550 dE = -3.12639E-01
SCF Iteration 116: Energy = 2.2802805158677453 dE =  3.12639E-01
SCF Iteration 117: Energy = 1.9676412647787831 dE = -3.12639E-01
SCF Iteration 118: Energy = 2.2802805158143986 dE =  3.12639E-01
SCF Iteration 119: Energy = 1.9676412647216686 dE = -3.12639E-01
SCF Iteration 120: Energy = 2.2802805157769077 dE =  3.12639E-01
SCF Iteration 121: Energy = 1.9676412646815413 dE = -3.12639E-01
SCF Iteration 122: Energy = 2.2802805157505688 dE =  3.12639E-01
SCF Iteration 123: Energy = 1.9676412646533381 dE = -3.12639E-01
SCF Iteration 124: Energy = 2.2802805157320529 dE =  3.12639E-01
SCF Iteration 125: Energy = 1.9676412646335193 dE = -3.12639E-01
SCF Iteration 126: Energy = 2.2802805157190491 dE =  3.12639E-01
SCF Iteration 127: Energy = 1.9676412646195924 dE = -3.12639E-01
SCF Iteration 128: Energy = 2.2802805157099071 dE =  3.12639E-01
SCF Iteration 129: Energy = 1.9676412646098027 dE = -3.12639E-01
SCF Iteration 130: Energy = 2.2802805157034847 dE =  3.12639E-01
SCF Iteration 131: Energy = 1.9676412646029344 dE = -3.12639E-01
SCF Iteration 132: Energy = 2.2802805156989683 dE =  3.12639E-01
SCF Iteration 133: Energy = 1.9676412645980978 dE = -3.12639E-01
SCF Iteration 134: Energy = 2.2802805156957966 dE =  3.12639E-01
SCF Iteration 135: Energy = 1.9676412645946981 dE = -3.12639E-01
SCF Iteration 136: Energy = 2.2802805156935664 dE =  3.12639E-01
SCF Iteration 137: Energy = 1.9676412645923109 dE = -3.12639E-01
SCF Iteration 138: Energy = 2.2802805156919979 dE =  3.12639E-01
SCF Iteration 139: Energy = 1.9676412645906316 dE = -3.12639E-01
SCF Iteration 140: Energy = 2.2802805156908947 dE =  3.12639E-01
SCF Iteration 141: Energy = 1.9676412645894563 dE = -3.12639E-01
SCF Iteration 142: Energy = 2.2802805156901220 dE =  3.12639E-01
SCF Iteration 143: Energy = 1.9676412645886276 dE = -3.12639E-01
SCF Iteration 144: Energy = 2.2802805156895785 dE =  3.12639E-01
SCF Iteration 145: Energy = 1.9676412645880463 dE = -3.12639E-01
SCF Iteration 146: Energy = 2.2802805156891974 dE =  3.12639E-01
SCF Iteration 147: Energy = 1.9676412645876391 dE = -3.12639E-01
SCF Iteration 148: Energy = 2.2802805156889292 dE =  3.12639E-01
SCF Iteration 149: Energy = 1.9676412645873482 dE = -3.12639E-01
SCF Iteration 150: Energy = 2.2802805156887480 dE =  3.12639E-01
SCF Iteration 151: Energy = 1.9676412645871484 dE = -3.12639E-01
SCF Iteration 152: Energy = 2.2802805156886103 dE =  3.12639E-01
SCF Iteration 153: Energy = 1.9676412645870072 dE = -3.12639E-01
SCF Iteration 154: Energy = 2.2802805156885153 dE =  3.12639E-01
SCF Iteration 155: Energy = 1.9676412645869092 dE = -3.12639E-01
SCF Iteration 156: Energy = 2.2802805156884549 dE =  3.12639E-01
SCF Iteration 157: Energy = 1.9676412645868375 dE = -3.12639E-01
SCF Iteration 158: Energy = 2.2802805156884016 dE =  3.12639E-01
SCF Iteration 159: Energy = 1.9676412645867847 dE = -3.12639E-01
SCF Iteration 160: Energy = 2.2802805156883688 dE =  3.12639E-01
SCF Iteration 161: Energy = 1.9676412645867452 dE = -3.12639E-01
SCF Iteration 162: Energy = 2.2802805156883466 dE =  3.12639E-01
SCF Iteration 163: Energy = 1.9676412645867234 dE = -3.12639E-01
SCF Iteration 164: Energy = 2.2802805156883270 dE =  3.12639E-01
SCF Iteration 165: Energy = 1.9676412645867043 dE = -3.12639E-01
SCF Iteration 166: Energy = 2.2802805156883199 dE =  3.12639E-01
SCF Iteration 167: Energy = 1.9676412645866936 dE = -3.12639E-01
SCF Iteration 168: Energy = 2.2802805156883066 dE =  3.12639E-01
SCF Iteration 169: Energy = 1.9676412645866843 dE = -3.12639E-01
SCF Iteration 170: Energy = 2.2802805156883004 dE =  3.12639E-01
SCF Iteration 171: Energy = 1.9676412645866781 dE = -3.12639E-01
SCF Iteration 172: Energy = 2.2802805156883021 dE =  3.12639E-01
SCF Iteration 173: Energy = 1.9676412645866816 dE = -3.12639E-01
SCF Iteration 174: Energy = 2.2802805156883030 dE =  3.12639E-01
SCF Iteration 175: Energy = 1.9676412645866777 dE = -3.12639E-01
SCF Iteration 176: Energy = 2.2802805156883004 dE =  3.12639E-01
SCF Iteration 177: Energy = 1.9676412645866779 dE = -3.12639E-01
SCF Iteration 178: Energy = 2.2802805156883021 dE =  3.12639E-01
SCF Iteration 179: Energy = 1.9676412645866759 dE = -3.12639E-01
SCF Iteration 180: Energy = 2.2802805156883013 dE =  3.12639E-01
SCF Iteration 181: Energy = 1.9676412645866732 dE = -3.12639E-01
SCF Iteration 182: Energy = 2.2802805156882959 dE =  3.12639E-01
SCF Iteration 183: Energy = 1.9676412645866710 dE = -3.12639E-01
SCF Iteration 184: Energy = 2.2802805156882959 dE =  3.12639E-01
SCF Iteration 185: Energy = 1.9676412645866679 dE = -3.12639E-01
SCF Iteration 186: Energy = 2.2802805156882915 dE =  3.12639E-01
SCF Iteration 187: Energy = 1.9676412645866692 dE = -3.12639E-01
SCF Iteration 188: Energy = 2.2802805156882915 dE =  3.12639E-01
SCF Iteration 189: Energy = 1.9676412645866643 dE = -3.12639E-01
SCF Iteration 190: Energy = 2.2802805156882915 dE =  3.12639E-01
SCF Iteration 191: Energy = 1.9676412645866634 dE = -3.12639E-01
SCF Iteration 192: Energy = 2.2802805156882915 dE =  3.12639E-01
SCF Iteration 193: Energy = 1.9676412645866630 dE = -3.12639E-01
SCF Iteration 194: Energy = 2.2802805156882879 dE =  3.12639E-01
SCF Iteration 195: Energy = 1.9676412645866626 dE = -3.12639E-01
SCF Iteration 196: Energy = 2.2802805156882933 dE =  3.12639E-01
SCF Iteration 197: Energy = 1.9676412645866701 dE = -3.12639E-01
SCF Iteration 198: Energy = 2.2802805156882906 dE =  3.12639E-01
SCF Iteration 199: Energy = 1.9676412645866701 dE = -3.12639E-01
SCF Iteration 200: Energy = 2.2802805156882906 dE =  3.12639E-01
SCF Iteration 201: Energy = 1.9676412645866639 dE = -3.12639E-01
SCF Iteration 202: Energy = 2.2802805156882862 dE =  3.12639E-01
SCF Iteration 203: Energy = 1.9676412645866626 dE = -3.12639E-01
SCF Iteration 204: Energy = 2.2802805156882888 dE =  3.12639E-01
SCF Iteration 205: Energy = 1.9676412645866670 dE = -3.12639E-01
SCF Iteration 206: Energy = 2.2802805156882915 dE =  3.12639E-01
SCF Iteration 207: Energy = 1.9676412645866679 dE = -3.12639E-01
SCF Iteration 208: Energy = 2.2802805156882933 dE =  3.12639E-01
SCF Iteration 209: Energy = 1.9676412645866670 dE = -3.12639E-01
SCF Iteration 210: Energy = 2.2802805156882933 dE =  3.12639E-01
SCF Iteration 211: Energy = 1.9676412645866674 dE = -3.12639E-01
SCF Iteration 212: Energy = 2.2802805156882888 dE =  3.12639E-01
SCF Iteration 213: Energy = 1.9676412645866657 dE = -3.12639E-01
SCF Iteration 214: Energy = 2.2802805156882933 dE =  3.12639E-01
SCF Iteration 215: Energy = 1.9676412645866712 dE = -3.12639E-01
SCF Iteration 216: Energy = 2.2802805156882924 dE =  3.12639E-01
SCF Iteration 217: Energy = 1.9676412645866690 dE = -3.12639E-01
SCF Iteration 218: Energy = 2.2802805156882933 dE =  3.12639E-01
SCF Iteration 219: Energy = 1.9676412645866670 dE = -3.12639E-01
SCF Iteration 220: Energy = 2.2802805156882870 dE =  3.12639E-01
SCF Iteration 221: Energy = 1.9676412645866665 dE = -3.12639E-01
SCF Iteration 222: Energy = 2.2802805156882897 dE =  3.12639E-01
SCF Iteration 223: Energy = 1.9676412645866688 dE = -3.12639E-01
SCF Iteration 224: Energy = 2.2802805156882933 dE =  3.12639E-01
SCF Iteration 225: Energy = 1.9676412645866665 dE = -3.12639E-01
SCF Iteration 226: Energy = 2.2802805156882959 dE =  3.12639E-01
SCF Iteration 227: Energy = 1.9676412645866697 dE = -3.12639E-01
SCF Iteration 228: Energy = 2.2802805156882942 dE =  3.12639E-01
SCF Iteration 229: Energy = 1.9676412645866754 dE = -3.12639E-01
SCF Iteration 230: Energy = 2.2802805156882986 dE =  3.12639E-01
SCF Iteration 231: Energy = 1.9676412645866683 dE = -3.12639E-01
SCF Iteration 232: Energy = 2.2802805156882915 dE =  3.12639E-01
SCF Iteration 233: Energy = 1.9676412645866677 dE = -3.12639E-01
SCF Iteration 234: Energy = 2.2802805156882959 dE =  3.12639E-01
SCF Iteration 235: Energy = 1.9676412645866728 dE = -3.12639E-01
SCF Iteration 236: Energy = 2.2802805156882906 dE =  3.12639E-01
SCF Iteration 237: Energy = 1.9676412645866648 dE = -3.12639E-01
SCF Iteration 238: Energy = 2.2802805156882906 dE =  3.12639E-01
SCF Iteration 239: Energy = 1.9676412645866679 dE = -3.12639E-01
SCF Iteration 240: Energy = 2.2802805156882897 dE =  3.12639E-01
SCF Iteration 241: Energy = 1.9676412645866679 dE = -3.12639E-01
SCF Iteration 242: Energy = 2.2802805156882995 dE =  3.12639E-01
SCF Iteration 243: Energy = 1.9676412645866759 dE = -3.12639E-01
SCF Iteration 244: Energy = 2.2802805156882950 dE =  3.12639E-01
SCF Iteration 245: Energy = 1.9676412645866717 dE = -3.12639E-01
SCF Iteration 246: Energy = 2.2802805156882959 dE =  3.12639E-01
SCF Iteration 247: Energy = 1.9676412645866732 dE = -3.12639E-01
SCF Iteration 248: Energy = 2.2802805156882986 dE =  3.12639E-01
SCF Iteration 249: Energy = 1.9676412645866701 dE = -3.12639E-01
SCF Iteration 250: Energy = 2.2802805156882968 dE =  3.12639E-01
SCF Iteration 251: Energy = 1.9676412645866677 dE = -3.12639E-01
SCF Iteration 252: Energy = 2.2802805156882924 dE =  3.12639E-01
SCF Iteration 253: Energy = 1.9676412645866679 dE = -3.12639E-01
SCF Iteration 254: Energy = 2.2802805156882897 dE =  3.12639E-01
SCF Iteration 255: Energy = 1.9676412645866661 dE = -3.12639E-01
SCF Iteration 256: Energy = 2.2802805156882924 dE =  3.12639E-01
SCF Iteration 257: Energy = 1.9676412645866663 dE = -3.12639E-01
SCF Iteration 258: Energy = 2.2802805156882950 dE =  3.12639E-01
SCF Iteration 259: Energy = 1.9676412645866665 dE = -3.12639E-01
SCF Iteration 260: Energy = 2.2802805156882906 dE =  3.12639E-01
SCF Iteration 261: Energy = 1.9676412645866701 dE = -3.12639E-01
SCF Iteration 262: Energy = 2.2802805156882933 dE =  3.12639E-01
SCF Iteration 263: Energy = 1.9676412645866643 dE = -3.12639E-01
SCF Iteration 264: Energy = 2.2802805156882906 dE =  3.12639E-01
SCF Iteration 265: Energy = 1.9676412645866679 dE = -3.12639E-01
SCF Iteration 266: Energy = 2.2802805156882933 dE =  3.12639E-01
SCF Iteration 267: Energy = 1.9676412645866710 dE = -3.12639E-01
SCF Iteration 268: Energy = 2.2802805156882968 dE =  3.12639E-01
SCF Iteration 269: Energy = 1.9676412645866688 dE = -3.12639E-01
SCF Iteration 270: Energy = 2.2802805156882950 dE =  3.12639E-01
SCF Iteration 271: Energy = 1.9676412645866705 dE = -3.12639E-01
SCF Iteration 272: Energy = 2.2802805156882870 dE =  3.12639E-01
SCF Iteration 273: Energy = 1.9676412645866699 dE = -3.12639E-01
SCF Iteration 274: Energy = 2.2802805156882924 dE =  3.12639E-01
SCF Iteration 275: Energy = 1.9676412645866639 dE = -3.12639E-01
SCF Iteration 276: Energy = 2.2802805156882853 dE =  3.12639E-01
SCF Iteration 277: Energy = 1.9676412645866628 dE = -3.12639E-01
SCF Iteration 278: Energy = 2.2802805156882853 dE =  3.12639E-01
SCF Iteration 279: Energy = 1.9676412645866610 dE = -3.12639E-01
SCF Iteration 280: Energy = 2.2802805156882902 dE =  3.12639E-01
SCF Iteration 281: Energy = 1.9676412645866654 dE = -3.12639E-01
SCF Iteration 282: Energy = 2.2802805156882910 dE =  3.12639E-01
SCF Iteration 283: Energy = 1.9676412645866663 dE = -3.12639E-01
SCF Iteration 284: Energy = 2.2802805156882893 dE =  3.12639E-01
SCF Iteration 285: Energy = 1.9676412645866586 dE = -3.12639E-01
SCF Iteration 286: Energy = 2.2802805156882857 dE =  3.12639E-01
SCF Iteration 287: Energy = 1.9676412645866628 dE = -3.12639E-01
SCF Iteration 288: Energy = 2.2802805156882893 dE =  3.12639E-01
SCF Iteration 289: Energy = 1.9676412645866672 dE = -3.12639E-01
SCF Iteration 290: Energy = 2.2802805156882928 dE =  3.12639E-01
SCF Iteration 291: Energy = 1.9676412645866728 dE = -3.12639E-01
SCF Iteration 292: Energy = 2.2802805156882950 dE =  3.12639E-01
SCF Iteration 293: Energy = 1.9676412645866694 dE = -3.12639E-01
SCF Iteration 294: Energy = 2.2802805156882950 dE =  3.12639E-01
SCF Iteration 295: Energy = 1.9676412645866697 dE = -3.12639E-01
SCF Iteration 296: Energy = 2.2802805156882973 dE =  3.12639E-01
SCF Iteration 297: Energy = 1.9676412645866730 dE = -3.12639E-01
SCF Iteration 298: Energy = 2.2802805156882910 dE =  3.12639E-01
SCF Iteration 299: Energy = 1.9676412645866737 dE = -3.12639E-01
SCF Iteration 300: Energy = 2.2802805156882977 dE =  3.12639E-01
SCF Iteration 301: Energy = 1.9676412645866737 dE = -3.12639E-01
SCF Iteration 302: Energy = 2.2802805156882933 dE =  3.12639E-01
SCF Iteration 303: Energy = 1.9676412645866721 dE = -3.12639E-01
SCF Iteration 304: Energy = 2.2802805156882981 dE =  3.12639E-01
SCF Iteration 305: Energy = 1.9676412645866750 dE = -3.12639E-01
SCF Iteration 306: Energy = 2.2802805156882897 dE =  3.12639E-01
SCF Iteration 307: Energy = 1.9676412645866648 dE = -3.12639E-01
SCF Iteration 308: Energy = 2.2802805156882897 dE =  3.12639E-01
SCF Iteration 309: Energy = 1.9676412645866683 dE = -3.12639E-01
SCF Iteration 310: Energy = 2.2802805156882919 dE =  3.12639E-01
SCF Iteration 311: Energy = 1.9676412645866723 dE = -3.12639E-01
SCF Iteration 312: Energy = 2.2802805156882893 dE =  3.12639E-01
SCF Iteration 313: Energy = 1.9676412645866650 dE = -3.12639E-01
SCF Iteration 314: Energy = 2.2802805156882946 dE =  3.12639E-01
SCF Iteration 315: Energy = 1.9676412645866732 dE = -3.12639E-01
SCF Iteration 316: Energy = 2.2802805156882942 dE =  3.12639E-01
SCF Iteration 317: Energy = 1.9676412645866683 dE = -3.12639E-01
SCF Iteration 318: Energy = 2.2802805156882884 dE =  3.12639E-01
SCF Iteration 319: Energy = 1.9676412645866663 dE = -3.12639E-01
SCF Iteration 320: Energy = 2.2802805156882919 dE =  3.12639E-01
SCF Iteration 321: Energy = 1.9676412645866652 dE = -3.12639E-01
SCF Iteration 322: Energy = 2.2802805156882866 dE =  3.12639E-01
SCF Iteration 323: Energy = 1.9676412645866586 dE = -3.12639E-01
SCF Iteration 324: Energy = 2.2802805156882866 dE =  3.12639E-01
SCF Iteration 325: Energy = 1.9676412645866634 dE = -3.12639E-01
SCF Iteration 326: Energy = 2.2802805156882826 dE =  3.12639E-01
SCF Iteration 327: Energy = 1.9676412645866619 dE = -3.12639E-01
SCF Iteration 328: Energy = 2.2802805156882835 dE =  3.12639E-01
SCF Iteration 329: Energy = 1.9676412645866632 dE = -3.12639E-01
SCF Iteration 330: Energy = 2.2802805156882830 dE =  3.12639E-01
SCF Iteration 331: Energy = 1.9676412645866630 dE = -3.12639E-01
SCF Iteration 332: Energy = 2.2802805156882742 dE =  3.12639E-01
SCF Iteration 333: Energy = 1.9676412645866534 dE = -3.12639E-01
SCF Iteration 334: Energy = 2.2802805156882688 dE =  3.12639E-01
SCF Iteration 335: Energy = 1.9676412645866446 dE = -3.12639E-01
SCF Iteration 336: Energy = 2.2802805156882653 dE =  3.12639E-01
SCF Iteration 337: Energy = 1.9676412645866435 dE = -3.12639E-01
SCF Iteration 338: Energy = 2.2802805156882617 dE =  3.12639E-01
SCF Iteration 339: Energy = 1.9676412645866355 dE = -3.12639E-01
SCF Iteration 340: Energy = 2.2802805156882546 dE =  3.12639E-01
SCF Iteration 341: Energy = 1.9676412645866352 dE = -3.12639E-01
SCF Iteration 342: Energy = 2.2802805156882480 dE =  3.12639E-01
SCF Iteration 343: Energy = 1.9676412645866266 dE = -3.12639E-01
SCF Iteration 344: Energy = 2.2802805156882360 dE =  3.12639E-01
SCF Iteration 345: Energy = 1.9676412645866197 dE = -3.12639E-01
SCF Iteration 346: Energy = 2.2802805156882271 dE =  3.12639E-01
SCF Iteration 347: Energy = 1.9676412645866124 dE = -3.12639E-01
SCF Iteration 348: Energy = 2.2802805156882173 dE =  3.12639E-01
SCF Iteration 349: Energy = 1.9676412645865964 dE = -3.12639E-01
SCF Iteration 350: Energy = 2.2802805156882022 dE =  3.12639E-01
SCF Iteration 351: Energy = 1.9676412645865866 dE = -3.12639E-01
SCF Iteration 352: Energy = 2.2802805156881867 dE =  3.12639E-01
SCF Iteration 353: Energy = 1.9676412645865686 dE = -3.12639E-01
SCF Iteration 354: Energy = 2.2802805156881694 dE =  3.12639E-01
SCF Iteration 355: Energy = 1.9676412645865542 dE = -3.12639E-01
SCF Iteration 356: Energy = 2.2802805156881361 dE =  3.12639E-01
SCF Iteration 357: Energy = 1.9676412645865344 dE = -3.12639E-01
SCF Iteration 358: Energy = 2.2802805156881081 dE =  3.12639E-01
SCF Iteration 359: Energy = 1.9676412645864980 dE = -3.12639E-01
SCF Iteration 360: Energy = 2.2802805156880694 dE =  3.12639E-01
SCF Iteration 361: Energy = 1.9676412645864647 dE = -3.12639E-01
SCF Iteration 362: Energy = 2.2802805156880250 dE =  3.12639E-01
SCF Iteration 363: Energy = 1.9676412645864194 dE = -3.12639E-01
SCF Iteration 364: Energy = 2.2802805156879709 dE =  3.12639E-01
SCF Iteration 365: Energy = 1.9676412645863754 dE = -3.12639E-01
SCF Iteration 366: Energy = 2.2802805156879060 dE =  3.12639E-01
SCF Iteration 367: Energy = 1.9676412645863177 dE = -3.12639E-01
SCF Iteration 368: Energy = 2.2802805156878336 dE =  3.12639E-01
SCF Iteration 369: Energy = 1.9676412645862458 dE = -3.12639E-01
SCF Iteration 370: Energy = 2.2802805156877399 dE =  3.12639E-01
SCF Iteration 371: Energy = 1.9676412645861596 dE = -3.12639E-01
SCF Iteration 372: Energy = 2.2802805156876294 dE =  3.12639E-01
SCF Iteration 373: Energy = 1.9676412645860630 dE = -3.12639E-01
SCF Iteration 374: Energy = 2.2802805156874983 dE =  3.12639E-01
SCF Iteration 375: Energy = 1.9676412645859431 dE = -3.12639E-01
SCF Iteration 376: Energy = 2.2802805156873394 dE =  3.12639E-01
SCF Iteration 377: Energy = 1.9676412645858006 dE = -3.12639E-01
SCF Iteration 378: Energy = 2.2802805156871511 dE =  3.12639E-01
SCF Iteration 379: Energy = 1.9676412645856256 dE = -3.12639E-01
SCF Iteration 380: Energy = 2.2802805156869246 dE =  3.12639E-01
SCF Iteration 381: Energy = 1.9676412645854122 dE = -3.12639E-01
SCF Iteration 382: Energy = 2.2802805156866404 dE =  3.12639E-01
SCF Iteration 383: Energy = 1.9676412645851566 dE = -3.12639E-01
SCF Iteration 384: Energy = 2.2802805156863095 dE =  3.12639E-01
SCF Iteration 385: Energy = 1.9676412645848556 dE = -3.12639E-01
SCF Iteration 386: Energy = 2.2802805156859116 dE =  3.12639E-01
SCF Iteration 387: Energy = 1.9676412645844870 dE = -3.12639E-01
SCF Iteration 388: Energy = 2.2802805156854276 dE =  3.12639E-01
SCF Iteration 389: Energy = 1.9676412645840438 dE = -3.12639E-01
SCF Iteration 390: Energy = 2.2802805156848422 dE =  3.12639E-01
SCF Iteration 391: Energy = 1.9676412645835120 dE = -3.12639E-01
SCF Iteration 392: Energy = 2.2802805156841481 dE =  3.12639E-01
SCF Iteration 393: Energy = 1.9676412645828765 dE = -3.12639E-01
SCF Iteration 394: Energy = 2.2802805156833195 dE =  3.12639E-01
SCF Iteration 395: Energy = 1.9676412645821166 dE = -3.12639E-01
SCF Iteration 396: Energy = 2.2802805156823251 dE =  3.12639E-01
SCF Iteration 397: Energy = 1.9676412645812056 dE = -3.12639E-01
SCF Iteration 398: Energy = 2.2802805156811128 dE =  3.12639E-01
SCF Iteration 399: Energy = 1.9676412645800991 dE = -3.12639E-01
SCF Iteration 400: Energy = 2.2802805156796633 dE =  3.12639E-01
SCF Iteration 401: Energy = 1.9676412645787722 dE = -3.12639E-01
SCF Iteration 402: Energy = 2.2802805156779260 dE =  3.12639E-01
SCF Iteration 403: Energy = 1.9676412645771844 dE = -3.12639E-01
SCF Iteration 404: Energy = 2.2802805156758352 dE =  3.12639E-01
SCF Iteration 405: Energy = 1.9676412645752652 dE = -3.12639E-01
SCF Iteration 406: Energy = 2.2802805156733217 dE =  3.12639E-01
SCF Iteration 407: Energy = 1.9676412645729717 dE = -3.12639E-01
SCF Iteration 408: Energy = 2.2802805156703041 dE =  3.12639E-01
SCF Iteration 409: Energy = 1.9676412645702024 dE = -3.12639E-01
SCF Iteration 410: Energy = 2.2802805156666728 dE =  3.12639E-01
SCF Iteration 411: Energy = 1.9676412645668868 dE = -3.12639E-01
SCF Iteration 412: Energy = 2.2802805156623198 dE =  3.12639E-01
SCF Iteration 413: Energy = 1.9676412645629018 dE = -3.12639E-01
SCF Iteration 414: Energy = 2.2802805156570853 dE =  3.12639E-01
SCF Iteration 415: Energy = 1.9676412645581043 dE = -3.12639E-01
SCF Iteration 416: Energy = 2.2802805156507855 dE =  3.12639E-01
SCF Iteration 417: Energy = 1.9676412645523411 dE = -3.12639E-01
SCF Iteration 418: Energy = 2.2802805156432284 dE =  3.12639E-01
SCF Iteration 419: Energy = 1.9676412645454233 dE = -3.12639E-01
SCF Iteration 420: Energy = 2.2802805156341432 dE =  3.12639E-01
SCF Iteration 421: Energy = 1.9676412645371124 dE = -3.12639E-01
SCF Iteration 422: Energy = 2.2802805156232266 dE =  3.12639E-01
SCF Iteration 423: Energy = 1.9676412645271157 dE = -3.12639E-01
SCF Iteration 424: Energy = 2.2802805156101020 dE =  3.12639E-01
SCF Iteration 425: Energy = 1.9676412645151053 dE = -3.12639E-01
SCF Iteration 426: Energy = 2.2802805155943369 dE =  3.12639E-01
SCF Iteration 427: Energy = 1.9676412645006767 dE = -3.12639E-01
SCF Iteration 428: Energy = 2.2802805155753982 dE =  3.12639E-01
SCF Iteration 429: Energy = 1.9676412644833394 dE = -3.12639E-01
SCF Iteration 430: Energy = 2.2802805155526253 dE =  3.12639E-01
SCF Iteration 431: Energy = 1.9676412644625019 dE = -3.12639E-01
SCF Iteration 432: Energy = 2.2802805155252721 dE =  3.12639E-01
SCF Iteration 433: Energy = 1.9676412644374606 dE = -3.12639E-01
SCF Iteration 434: Energy = 2.2802805154924011 dE =  3.12639E-01
SCF Iteration 435: Energy = 1.9676412644073789 dE = -3.12639E-01
SCF Iteration 436: Energy = 2.2802805154529002 dE =  3.12639E-01
SCF Iteration 437: Energy = 1.9676412643712204 dE = -3.12639E-01
SCF Iteration 438: Energy = 2.2802805154054351 dE =  3.12639E-01
SCF Iteration 439: Energy = 1.9676412643277850 dE = -3.12639E-01
SCF Iteration 440: Energy = 2.2802805153484025 dE =  3.12639E-01
SCF Iteration 441: Energy = 1.9676412642755776 dE = -3.12639E-01
SCF Iteration 442: Energy = 2.2802805152798586 dE =  3.12639E-01
SCF Iteration 443: Energy = 1.9676412642128431 dE = -3.12639E-01
SCF Iteration 444: Energy = 2.2802805151974930 dE =  3.12639E-01
SCF Iteration 445: Energy = 1.9676412641374599 dE = -3.12639E-01
SCF Iteration 446: Energy = 2.2802805150985308 dE =  3.12639E-01
SCF Iteration 447: Energy = 1.9676412640468814 dE = -3.12639E-01
SCF Iteration 448: Energy = 2.2802805149796113 dE =  3.12639E-01
SCF Iteration 449: Energy = 1.9676412639380372 dE = -3.12639E-01
SCF Iteration 450: Energy = 2.2802805148367087 dE =  3.12639E-01
SCF Iteration 451: Energy = 1.9676412638072462 dE = -3.12639E-01
SCF Iteration 452: Energy = 2.2802805146650020 dE =  3.12639E-01
SCF Iteration 453: Energy = 1.9676412636500826 dE = -3.12639E-01
SCF Iteration 454: Energy = 2.2802805144586618 dE =  3.12639E-01
SCF Iteration 455: Energy = 1.9676412634612230 dE = -3.12639E-01
SCF Iteration 456: Energy = 2.2802805142107156 dE =  3.12639E-01
SCF Iteration 457: Energy = 1.9676412632342868 dE = -3.12639E-01
SCF Iteration 458: Energy = 2.2802805139127771 dE =  3.12639E-01
SCF Iteration 459: Energy = 1.9676412629615900 dE = -3.12639E-01
SCF Iteration 460: Energy = 2.2802805135547564 dE =  3.12639E-01
SCF Iteration 461: Energy = 1.9676412626339130 dE = -3.12639E-01
SCF Iteration 462: Energy = 2.2802805131245574 dE =  3.12639E-01
SCF Iteration 463: Energy = 1.9676412622401582 dE = -3.12639E-01
SCF Iteration 464: Energy = 2.2802805126075976 dE =  3.12639E-01
SCF Iteration 465: Energy = 1.9676412617670032 dE = -3.12639E-01
SCF Iteration 466: Energy = 2.2802805119864087 dE =  3.12639E-01
SCF Iteration 467: Energy = 1.9676412611984495 dE = -3.12639E-01
SCF Iteration 468: Energy = 2.2802805112399547 dE =  3.12639E-01
SCF Iteration 469: Energy = 1.9676412605152438 dE = -3.12639E-01
SCF Iteration 470: Energy = 2.2802805103429935 dE =  3.12639E-01
SCF Iteration 471: Energy = 1.9676412596942809 dE = -3.12639E-01
SCF Iteration 472: Energy = 2.2802805092651530 dE =  3.12639E-01
SCF Iteration 473: Energy = 1.9676412587077672 dE = -3.12639E-01
SCF Iteration 474: Energy = 2.2802805079699811 dE =  3.12639E-01
SCF Iteration 475: Energy = 1.9676412575223328 dE = -3.12639E-01
SCF Iteration 476: Energy = 2.2802805064136602 dE =  3.12639E-01
SCF Iteration 477: Energy = 1.9676412560978855 dE = -3.12639E-01
SCF Iteration 478: Energy = 2.2802805045435153 dE =  3.12639E-01
SCF Iteration 479: Energy = 1.9676412543861961 dE = -3.12639E-01
SCF Iteration 480: Energy = 2.2802805022962747 dE =  3.12639E-01
SCF Iteration 481: Energy = 1.9676412523293654 dE = -3.12639E-01
SCF Iteration 482: Energy = 2.2802804995958939 dE =  3.12639E-01
SCF Iteration 483: Energy = 1.9676412498577940 dE = -3.12639E-01
SCF Iteration 484: Energy = 2.2802804963510130 dE =  3.12639E-01
SCF Iteration 485: Energy = 1.9676412468878486 dE = -3.12639E-01
SCF Iteration 486: Energy = 2.2802804924518298 dE =  3.12639E-01
SCF Iteration 487: Energy = 1.9676412433190460 dE = -3.12639E-01
SCF Iteration 488: Energy = 2.2802804877664054 dE =  3.12639E-01
SCF Iteration 489: Energy = 1.9676412390306188 dE = -3.12639E-01
SCF Iteration 490: Energy = 2.2802804821362113 dE =  3.12639E-01
SCF Iteration 491: Energy = 1.9676412338774711 dE = -3.12639E-01
SCF Iteration 492: Energy = 2.2802804753707386 dE =  3.12639E-01
SCF Iteration 493: Energy = 1.9676412276852469 dE = -3.12639E-01
SCF Iteration 494: Energy = 2.2802804672410706 dE =  3.12639E-01
SCF Iteration 495: Energy = 1.9676412202444120 dE = -3.12639E-01
SCF Iteration 496: Energy = 2.2802804574721351 dE =  3.12639E-01
SCF Iteration 497: Energy = 1.9676412113031996 dE = -3.12639E-01
SCF Iteration 498: Energy = 2.2802804457333736 dE =  3.12639E-01
SCF Iteration 499: Energy = 1.9676412005590704 dE = -3.12639E-01
SCF Iteration 500: Energy = 2.2802804316276100 dE =  3.12639E-01
