
  Memory set to  55.879 GiB by Python driver.
  Threads set to 1 by Python driver.
Settings:
	LOT = CCSD-S2-U22
	wc = 20.0 eV
	lambda = [0.848697 0.       0.      ] a.u.
	Equivalent A0 = LAMBDA / sqrt(2 wc) = [0.7 0.  0. ])
doing QED-CCSD-Full (or QED-CCSD-22)
Number of occupied orbitals:   1
Number of basis functions:  60
SCF Iteration   1: Energy = 1.0643316103921232 dE =  1.06433E+00
SCF Iteration   2: Energy = 1.8348170564417612 dE =  7.70485E-01
SCF Iteration   3: Energy = 1.2360407011381038 dE = -5.98776E-01
SCF Iteration   4: Energy = 1.8035557950151966 dE =  5.67515E-01
SCF Iteration   5: Energy = 1.2557853913502703 dE = -5.47770E-01
SCF Iteration   6: Energy = 1.7902880668729204 dE =  5.34503E-01
SCF Iteration   7: Energy = 1.2538408210713012 dE = -5.36447E-01
SCF Iteration   8: Energy = 1.7822286149878321 dE =  5.28388E-01
SCF Iteration   9: Energy = 1.2489186638278942 dE = -5.33310E-01
SCF Iteration  10: Energy = 1.7768798241574739 dE =  5.27961E-01
SCF Iteration  11: Energy = 1.2444078777895222 dE = -5.32472E-01
SCF Iteration  12: Energy = 1.7732759509303873 dE =  5.28868E-01
SCF Iteration  13: Energy = 1.2409453449884127 dE = -5.32331E-01
SCF Iteration  14: Energy = 1.7708721157905685 dE =  5.29927E-01
SCF Iteration  15: Energy = 1.2384825760180704 dE = -5.32390E-01
SCF Iteration  16: Energy = 1.7692908579653910 dE =  5.30808E-01
SCF Iteration  17: Energy = 1.2368032832172116 dE = -5.32488E-01
SCF Iteration  18: Energy = 1.7682627422299628 dE =  5.31459E-01
SCF Iteration  19: Energy = 1.2356873430691535 dE = -5.32575E-01
SCF Iteration  20: Energy = 1.7676000003482164 dE =  5.31913E-01
SCF Iteration  21: Energy = 1.2349578930455434 dE = -5.32642E-01
SCF Iteration  22: Energy = 1.7671753776935808 dE =  5.32217E-01
SCF Iteration  23: Energy = 1.2344862195936397 dE = -5.32689E-01
SCF Iteration  24: Energy = 1.7669044710001702 dE =  5.32418E-01
SCF Iteration  25: Energy = 1.2341834339879632 dE = -5.32721E-01
SCF Iteration  26: Energy = 1.7667321419890922 dE =  5.32549E-01
SCF Iteration  27: Energy = 1.2339900175907195 dE = -5.32742E-01
SCF Iteration  28: Energy = 1.7666227435777695 dE =  5.32633E-01
SCF Iteration  29: Energy = 1.2338668796095424 dE = -5.32756E-01
SCF Iteration  30: Energy = 1.7665533932055162 dE =  5.32687E-01
SCF Iteration  31: Energy = 1.2337886650301879 dE = -5.32765E-01
SCF Iteration  32: Energy = 1.7665094734954070 dE =  5.32721E-01
SCF Iteration  33: Energy = 1.2337390639552570 dE = -5.32770E-01
SCF Iteration  34: Energy = 1.7664816780823087 dE =  5.32743E-01
SCF Iteration  35: Energy = 1.2337076433003089 dE = -5.32774E-01
SCF Iteration  36: Energy = 1.7664640956030770 dE =  5.32756E-01
SCF Iteration  37: Energy = 1.2336877545742020 dE = -5.32776E-01
SCF Iteration  38: Energy = 1.7664529771806734 dE =  5.32765E-01
SCF Iteration  39: Energy = 1.2336751720493679 dE = -5.32778E-01
SCF Iteration  40: Energy = 1.7664459479796162 dE =  5.32771E-01
SCF Iteration  41: Energy = 1.2336672147065462 dE = -5.32779E-01
SCF Iteration  42: Energy = 1.7664415047485709 dE =  5.32774E-01
SCF Iteration  43: Energy = 1.2336621836798440 dE = -5.32779E-01
SCF Iteration  44: Energy = 1.7664386964509355 dE =  5.32777E-01
SCF Iteration  45: Energy = 1.2336590033849006 dE = -5.32780E-01
SCF Iteration  46: Energy = 1.7664369216345621 dE =  5.32778E-01
SCF Iteration  47: Energy = 1.2336569932555324 dE = -5.32780E-01
SCF Iteration  48: Energy = 1.7664358000292446 dE =  5.32779E-01
SCF Iteration  49: Energy = 1.2336557228484963 dE = -5.32780E-01
SCF Iteration  50: Energy = 1.7664350912513016 dE =  5.32779E-01
SCF Iteration  51: Energy = 1.2336549199965186 dE = -5.32780E-01
SCF Iteration  52: Energy = 1.7664346433639206 dE =  5.32780E-01
SCF Iteration  53: Energy = 1.2336544126440732 dE = -5.32780E-01
SCF Iteration  54: Energy = 1.7664343603424095 dE =  5.32780E-01
SCF Iteration  55: Energy = 1.2336540920383516 dE = -5.32780E-01
SCF Iteration  56: Energy = 1.7664341815024871 dE =  5.32780E-01
SCF Iteration  57: Energy = 1.2336538894456117 dE = -5.32780E-01
SCF Iteration  58: Energy = 1.7664340684954194 dE =  5.32780E-01
SCF Iteration  59: Energy = 1.2336537614278220 dE = -5.32780E-01
SCF Iteration  60: Energy = 1.7664339970878853 dE =  5.32780E-01
SCF Iteration  61: Energy = 1.2336536805345504 dE = -5.32780E-01
SCF Iteration  62: Energy = 1.7664339519666941 dE =  5.32780E-01
SCF Iteration  63: Energy = 1.2336536294191840 dE = -5.32780E-01
SCF Iteration  64: Energy = 1.7664339234554829 dE =  5.32780E-01
SCF Iteration  65: Energy = 1.2336535971202296 dE = -5.32780E-01
SCF Iteration  66: Energy = 1.7664339054398348 dE =  5.32780E-01
SCF Iteration  67: Energy = 1.2336535767111270 dE = -5.32780E-01
SCF Iteration  68: Energy = 1.7664338940561297 dE =  5.32780E-01
SCF Iteration  69: Energy = 1.2336535638150243 dE = -5.32780E-01
SCF Iteration  70: Energy = 1.7664338868630187 dE =  5.32780E-01
SCF Iteration  71: Energy = 1.2336535556662485 dE = -5.32780E-01
SCF Iteration  72: Energy = 1.7664338823178451 dE =  5.32780E-01
SCF Iteration  73: Energy = 1.2336535505172144 dE = -5.32780E-01
SCF Iteration  74: Energy = 1.7664338794458603 dE =  5.32780E-01
SCF Iteration  75: Energy = 1.2336535472636592 dE = -5.32780E-01
SCF Iteration  76: Energy = 1.7664338776311195 dE =  5.32780E-01
SCF Iteration  77: Energy = 1.2336535452078077 dE = -5.32780E-01
SCF Iteration  78: Energy = 1.7664338764844350 dE =  5.32780E-01
SCF Iteration  79: Energy = 1.2336535439087704 dE = -5.32780E-01
SCF Iteration  80: Energy = 1.7664338757598617 dE =  5.32780E-01
SCF Iteration  81: Energy = 1.2336535430879323 dE = -5.32780E-01
SCF Iteration  82: Energy = 1.7664338753020221 dE =  5.32780E-01
SCF Iteration  83: Energy = 1.2336535425692658 dE = -5.32780E-01
SCF Iteration  84: Energy = 1.7664338750127309 dE =  5.32780E-01
SCF Iteration  85: Energy = 1.2336535422415316 dE = -5.32780E-01
SCF Iteration  86: Energy = 1.7664338748299251 dE =  5.32780E-01
SCF Iteration  87: Energy = 1.2336535420344419 dE = -5.32780E-01
SCF Iteration  88: Energy = 1.7664338747144197 dE =  5.32780E-01
SCF Iteration  89: Energy = 1.2336535419035877 dE = -5.32780E-01
SCF Iteration  90: Energy = 1.7664338746414350 dE =  5.32780E-01
SCF Iteration  91: Energy = 1.2336535418209067 dE = -5.32780E-01
SCF Iteration  92: Energy = 1.7664338745953154 dE =  5.32780E-01
SCF Iteration  93: Energy = 1.2336535417686618 dE = -5.32780E-01
SCF Iteration  94: Energy = 1.7664338745661667 dE =  5.32780E-01
SCF Iteration  95: Energy = 1.2336535417356420 dE = -5.32780E-01
SCF Iteration  96: Energy = 1.7664338745477541 dE =  5.32780E-01
SCF Iteration  97: Energy = 1.2336535417147820 dE = -5.32780E-01
SCF Iteration  98: Energy = 1.7664338745361201 dE =  5.32780E-01
SCF Iteration  99: Energy = 1.2336535417016077 dE = -5.32780E-01
SCF Iteration 100: Energy = 1.7664338745287698 dE =  5.32780E-01
SCF Iteration 101: Energy = 1.2336535416932761 dE = -5.32780E-01
SCF Iteration 102: Energy = 1.7664338745241310 dE =  5.32780E-01
SCF Iteration 103: Energy = 1.2336535416880170 dE = -5.32780E-01
SCF Iteration 104: Energy = 1.7664338745211974 dE =  5.32780E-01
SCF Iteration 105: Energy = 1.2336535416846925 dE = -5.32780E-01
SCF Iteration 106: Energy = 1.7664338745193371 dE =  5.32780E-01
SCF Iteration 107: Energy = 1.2336535416825896 dE = -5.32780E-01
SCF Iteration 108: Energy = 1.7664338745181567 dE =  5.32780E-01
SCF Iteration 109: Energy = 1.2336535416812537 dE = -5.32780E-01
SCF Iteration 110: Energy = 1.7664338745174133 dE =  5.32780E-01
SCF Iteration 111: Energy = 1.2336535416804129 dE = -5.32780E-01
SCF Iteration 112: Energy = 1.7664338745169328 dE =  5.32780E-01
SCF Iteration 113: Energy = 1.2336535416798735 dE = -5.32780E-01
SCF Iteration 114: Energy = 1.7664338745166153 dE =  5.32780E-01
SCF Iteration 115: Energy = 1.2336535416795191 dE = -5.32780E-01
SCF Iteration 116: Energy = 1.7664338745163914 dE =  5.32780E-01
SCF Iteration 117: Energy = 1.2336535416792762 dE = -5.32780E-01
SCF Iteration 118: Energy = 1.7664338745161920 dE =  5.32780E-01
SCF Iteration 119: Energy = 1.2336535416790697 dE = -5.32780E-01
SCF Iteration 120: Energy = 1.7664338745159545 dE =  5.32780E-01
SCF Iteration 121: Energy = 1.2336535416788466 dE = -5.32780E-01
SCF Iteration 122: Energy = 1.7664338745155888 dE =  5.32780E-01
SCF Iteration 123: Energy = 1.2336535416785259 dE = -5.32780E-01
SCF Iteration 124: Energy = 1.7664338745149379 dE =  5.32780E-01
SCF Iteration 125: Energy = 1.2336535416779610 dE = -5.32780E-01
SCF Iteration 126: Energy = 1.7664338745137271 dE =  5.32780E-01
SCF Iteration 127: Energy = 1.2336535416769223 dE = -5.32780E-01
SCF Iteration 128: Energy = 1.7664338745113659 dE =  5.32780E-01
SCF Iteration 129: Energy = 1.2336535416749062 dE = -5.32780E-01
SCF Iteration 130: Energy = 1.7664338745067762 dE =  5.32780E-01
SCF Iteration 131: Energy = 1.2336535416709939 dE = -5.32780E-01
SCF Iteration 132: Energy = 1.7664338744978194 dE =  5.32780E-01
SCF Iteration 133: Energy = 1.2336535416633572 dE = -5.32780E-01
SCF Iteration 134: Energy = 1.7664338744803421 dE =  5.32780E-01
SCF Iteration 135: Energy = 1.2336535416484473 dE = -5.32780E-01
SCF Iteration 136: Energy = 1.7664338744461898 dE =  5.32780E-01
SCF Iteration 137: Energy = 1.2336535416193319 dE = -5.32780E-01
SCF Iteration 138: Energy = 1.7664338743794830 dE =  5.32780E-01
SCF Iteration 139: Energy = 1.2336535415624479 dE = -5.32780E-01
SCF Iteration 140: Energy = 1.7664338742491870 dE =  5.32780E-01
SCF Iteration 141: Energy = 1.2336535414513574 dE = -5.32780E-01
SCF Iteration 142: Energy = 1.7664338739946843 dE =  5.32780E-01
SCF Iteration 143: Energy = 1.2336535412343594 dE = -5.32780E-01
SCF Iteration 144: Energy = 1.7664338734975533 dE =  5.32780E-01
SCF Iteration 145: Energy = 1.2336535408104869 dE = -5.32780E-01
SCF Iteration 146: Energy = 1.7664338725265116 dE =  5.32780E-01
SCF Iteration 147: Energy = 1.2336535399825452 dE = -5.32780E-01
SCF Iteration 148: Energy = 1.7664338706297376 dE =  5.32780E-01
SCF Iteration 149: Energy = 1.2336535383652869 dE = -5.32780E-01
SCF Iteration 150: Energy = 1.7664338669247344 dE =  5.32780E-01
SCF Iteration 151: Energy = 1.2336535352062663 dE = -5.32780E-01
SCF Iteration 152: Energy = 1.7664338596876696 dE =  5.32780E-01
SCF Iteration 153: Energy = 1.2336535290356927 dE = -5.32780E-01
SCF Iteration 154: Energy = 1.7664338455513813 dE =  5.32780E-01
SCF Iteration 155: Energy = 1.2336535169825855 dE = -5.32780E-01
SCF Iteration 156: Energy = 1.7664338179386805 dE =  5.32780E-01
SCF Iteration 157: Energy = 1.2336534934390055 dE = -5.32780E-01
SCF Iteration 158: Energy = 1.7664337640022367 dE =  5.32780E-01
SCF Iteration 159: Energy = 1.2336534474508729 dE = -5.32780E-01
SCF Iteration 160: Energy = 1.7664336586471134 dE =  5.32780E-01
SCF Iteration 161: Energy = 1.2336533576213293 dE = -5.32780E-01
SCF Iteration 162: Energy = 1.7664334528548578 dE =  5.32780E-01
SCF Iteration 163: Energy = 1.2336531821555103 dE = -5.32780E-01
SCF Iteration 164: Energy = 1.7664330508768158 dE =  5.32780E-01
SCF Iteration 165: Energy = 1.2336528394147088 dE = -5.32780E-01
SCF Iteration 166: Energy = 1.7664322656854410 dE =  5.32779E-01
SCF Iteration 167: Energy = 1.2336521699326206 dE = -5.32780E-01
SCF Iteration 168: Energy = 1.7664307319569075 dE =  5.32779E-01
SCF Iteration 169: Energy = 1.2336508622213698 dE = -5.32780E-01
SCF Iteration 170: Energy = 1.7664277361001122 dE =  5.32777E-01
SCF Iteration 171: Energy = 1.2336483078486917 dE = -5.32779E-01
SCF Iteration 172: Energy = 1.7664218842556065 dE =  5.32774E-01
SCF Iteration 173: Energy = 1.2336433183640216 dE = -5.32779E-01
SCF Iteration 174: Energy = 1.7664104538170333 dE =  5.32767E-01
SCF Iteration 175: Energy = 1.2336335723904484 dE = -5.32777E-01
SCF Iteration 176: Energy = 1.7663881268432367 dE =  5.32755E-01
SCF Iteration 177: Energy = 1.2336145357167179 dE = -5.32774E-01
SCF Iteration 178: Energy = 1.7663445163816771 dE =  5.32730E-01
SCF Iteration 179: Energy = 1.2335773522672040 dE = -5.32767E-01
SCF Iteration 180: Energy = 1.7662593360172172 dE =  5.32682E-01
SCF Iteration 181: Energy = 1.2335047259251442 dE = -5.32755E-01
SCF Iteration 182: Energy = 1.7660929699126178 dE =  5.32588E-01
SCF Iteration 183: Energy = 1.2333628818848967 dE = -5.32730E-01
SCF Iteration 184: Energy = 1.7657680738948167 dE =  5.32405E-01
SCF Iteration 185: Energy = 1.2330858854582762 dE = -5.32682E-01
SCF Iteration 186: Energy = 1.7651337158366300 dE =  5.32048E-01
SCF Iteration 187: Energy = 1.2325450911850533 dE = -5.32589E-01
SCF Iteration 188: Energy = 1.7638956325707542 dE =  5.31351E-01
SCF Iteration 189: Energy = 1.2314897698812783 dE = -5.32406E-01
SCF Iteration 190: Energy = 1.7614811485207968 dE =  5.29991E-01
SCF Iteration 191: Energy = 1.2294322846517862 dE = -5.32049E-01
SCF Iteration 192: Energy = 1.7567796741249291 dE =  5.27347E-01
SCF Iteration 193: Energy = 1.2254281580551438 dE = -5.31352E-01
SCF Iteration 194: Energy = 1.7476522194908564 dE =  5.22224E-01
SCF Iteration 195: Energy = 1.2176628384788581 dE = -5.29989E-01
SCF Iteration 196: Energy = 1.7300343296502643 dE =  5.12371E-01
SCF Iteration 197: Energy = 1.2027051320997562 dE = -5.27329E-01
SCF Iteration 198: Energy = 1.6964053110010193 dE =  4.93700E-01
SCF Iteration 199: Energy = 1.1742670792231877 dE = -5.22138E-01
SCF Iteration 200: Energy = 1.6335646979949532 dE =  4.59298E-01
SCF Iteration 201: Energy = 1.1215241361221291 dE = -5.12041E-01
SCF Iteration 202: Energy = 1.5207034486926907 dE =  3.99179E-01
SCF Iteration 203: Energy = 1.0280953292211628 dE = -4.92608E-01
SCF Iteration 204: Energy = 1.3319145486672455 dE =  3.03819E-01
SCF Iteration 205: Energy = 0.8755213968039197 dE = -4.56393E-01
SCF Iteration 206: Energy = 1.0515883441718823 dE =  1.76067E-01
SCF Iteration 207: Energy = 0.6574890479279544 dE = -3.94099E-01
SCF Iteration 208: Energy = 0.7038841111820557 dE =  4.63951E-02
SCF Iteration 209: Energy = 0.4011406920786957 dE = -3.02743E-01
SCF Iteration 210: Energy = 0.3630955229366339 dE = -3.80452E-02
SCF Iteration 211: Energy = 0.1650637378260633 dE = -1.98032E-01
SCF Iteration 212: Energy = 0.1054366856745297 dE = -5.96271E-02
SCF Iteration 213: Energy = -0.0033273655870443 dE = -1.08764E-01
SCF Iteration 214: Energy = -0.0480381064763105 dE = -4.47107E-02
SCF Iteration 215: Energy = -0.0994212496527869 dE = -5.13831E-02
SCF Iteration 216: Energy = -0.1240256935481376 dE = -2.46044E-02
SCF Iteration 217: Energy = -0.1458335695174484 dE = -2.18079E-02
SCF Iteration 218: Energy = -0.1572277350757130 dE = -1.13942E-02
SCF Iteration 219: Energy = -0.1658836530539882 dE = -8.65592E-03
SCF Iteration 220: Energy = -0.1706557012476217 dE = -4.77205E-03
SCF Iteration 221: Energy = -0.1739592510833998 dE = -3.30355E-03
SCF Iteration 222: Energy = -0.1758427686155586 dE = -1.88352E-03
SCF Iteration 223: Energy = -0.1770753955478619 dE = -1.23263E-03
SCF Iteration 224: Energy = -0.1777929739820654 dE = -7.17578E-04
SCF Iteration 225: Energy = -0.1782468779718953 dE = -4.53904E-04
SCF Iteration 226: Energy = -0.1785145084492537 dE = -2.67630E-04
SCF Iteration 227: Energy = -0.1786803627640312 dE = -1.65854E-04
SCF Iteration 228: Energy = -0.1787789134949875 dE = -9.85507E-05
SCF Iteration 229: Energy = -0.1788392419764793 dE = -6.03285E-05
SCF Iteration 230: Energy = -0.1788752593173233 dE = -3.60173E-05
SCF Iteration 231: Energy = -0.1788971485922137 dE = -2.18893E-05
SCF Iteration 232: Energy = -0.1789102559215014 dE = -1.31073E-05
SCF Iteration 233: Energy = -0.1789181888548104 dE = -7.93293E-06
SCF Iteration 234: Energy = -0.1789229485466914 dE = -4.75969E-06
SCF Iteration 235: Energy = -0.1789258228292581 dE = -2.87428E-06
SCF Iteration 236: Energy = -0.1789275498752643 dE = -1.72705E-06
SCF Iteration 237: Energy = -0.1789285917295018 dE = -1.04185E-06
SCF Iteration 238: Energy = -0.1789292184817377 dE = -6.26752E-07
SCF Iteration 239: Energy = -0.1789295964765008 dE = -3.77995E-07
SCF Iteration 240: Energy = -0.1789298241140957 dE = -2.27638E-07
SCF Iteration 241: Energy = -0.1789299614369484 dE = -1.37323E-07
SCF Iteration 242: Energy = -0.1789300442247721 dE = -8.27878E-08
SCF Iteration 243: Energy = -0.1789300941970735 dE = -4.99723E-08
SCF Iteration 244: Energy = -0.1789301243576515 dE = -3.01606E-08
SCF Iteration 245: Energy = -0.1789301425790675 dE = -1.82214E-08
SCF Iteration 246: Energy = -0.1789301535897758 dE = -1.10107E-08
SCF Iteration 247: Energy = -0.1789301602491018 dE = -6.65933E-09
SCF Iteration 248: Energy = -0.1789301642784245 dE = -4.02932E-09
SCF Iteration 249: Energy = -0.1789301667184779 dE = -2.44005E-09
SCF Iteration 250: Energy = -0.1789301681969802 dE = -1.47850E-09
SCF Iteration 251: Energy = -0.1789301690936029 dE = -8.96623E-10
SCF Iteration 252: Energy = -0.1789301696377494 dE = -5.44147E-10
SCF Iteration 253: Energy = -0.1789301699682611 dE = -3.30512E-10
SCF Iteration 254: Energy = -0.1789301701691834 dE = -2.00922E-10
SCF Iteration 255: Energy = -0.1789301702914332 dE = -1.22250E-10
SCF Iteration 256: Energy = -0.1789301703658905 dE = -7.44573E-11

SCF converged.
E_QED_HF          = -0.178930170365891
HF  (psi4)        = -0.980106832868534
Starting with the CCSD calculation:

Iter  Energy(CCSD)      E_diff    time(sec)
  1:  -0.1635390230  1.63539E-01   18.847
  2:  -0.2494892411  8.59502E-02   18.853
  3:  -0.2932960172  4.38068E-02   18.851
  4:  -0.3254493639  3.21533E-02   18.847
  5:  -0.3568406597  3.13913E-02   18.847
  6:  -0.3873247987  3.04841E-02   18.856
  7:  -0.4038920011  1.65672E-02   18.836
  8:  -0.4207692254  1.68772E-02   18.842
  9:  -0.4346431944  1.38740E-02   18.842
 10:  -0.4531157488  1.84726E-02   18.846
 11:  -0.4685844345  1.54687E-02   22.751
 12:  -0.4858188299  1.72344E-02   24.319
 13:  -0.4879687651  2.14994E-03   24.304
 14:  -0.4977554825  9.78672E-03   23.881
 15:  -0.4988133390  1.05786E-03   23.762
 16:  -0.5058195374  7.00620E-03   22.904
 17:  -0.5105195807  4.70004E-03   21.466
 18:  -0.5139702244  3.45064E-03   21.099
 19:  -0.5157447849  1.77456E-03   20.355
 20:  -0.5167293195  9.84535E-04   19.188
 21:  -0.5173070405  5.77721E-04   19.086
 22:  -0.5167212214  5.85819E-04   19.107
 23:  -0.5161955164  5.25705E-04   19.085
 24:  -0.5160864653  1.09051E-04   19.084
 25:  -0.5158658977  2.20568E-04   19.085
 26:  -0.5156555502  2.10348E-04   19.077
 27:  -0.5153520260  3.03524E-04   19.074
 28:  -0.5151189807  2.33045E-04   19.079
 29:  -0.5149308186  1.88162E-04   19.078
 30:  -0.5148225840  1.08235E-04   19.098
 31:  -0.5147357997  8.67842E-05   19.087
 32:  -0.5146766726  5.91271E-05   19.079
 33:  -0.5146612913  1.53813E-05   19.076
 34:  -0.5146642951  3.00377E-06   19.080
 35:  -0.5146521600  1.21351E-05   19.075
 36:  -0.5146337369  1.84230E-05   19.077
 37:  -0.5146534296  1.96927E-05   19.075
 38:  -0.5146585517  5.12209E-06   19.077
 39:  -0.5146606380  2.08624E-06   19.109
 40:  -0.5146855948  2.49569E-05   19.078
 41:  -0.5146946871  9.09230E-06   19.076
 42:  -0.5146990512  4.36412E-06   19.076
 43:  -0.5147225012  2.34499E-05   19.076
 44:  -0.5147394018  1.69006E-05   19.119
 45:  -0.5147444586  5.05680E-06   19.088
 46:  -0.5147487753  4.31672E-06   19.078
 47:  -0.5147591973  1.04220E-05   19.080
 48:  -0.5147614123  2.21498E-06   19.078
 49:  -0.5147677452  6.33286E-06   19.075
 50:  -0.5147712506  3.50541E-06   19.075
E_QED_CCSD  (Corr.)  = -0.514771250574339
E_QED_CCSD tot       = -0.693701420940230
E_CCSD_psi4 (Corr.)  = -0.070528957273875
E_CCSD_psi4 tot      = -1.050635790142409
