
  Memory set to  55.879 GiB by Python driver.
  Threads set to 1 by Python driver.
Settings:
	LOT = CCSD-S2-U22
	wc = 20.0 eV
	lambda = [0.48497 0.      0.     ] a.u.
	Equivalent A0 = LAMBDA / sqrt(2 wc) = [0.4 0.  0. ])
doing QED-CCSD-Full (or QED-CCSD-22)
Number of occupied orbitals:   1
Number of basis functions:  60
SCF Iteration   1: Energy = -0.1318043673918965 dE = -1.31804E-01
SCF Iteration   2: Energy = 0.3941363341627027 dE =  5.25941E-01
SCF Iteration   3: Energy = 0.0070241770632145 dE = -3.87112E-01
SCF Iteration   4: Energy = 0.4112677098723528 dE =  4.04244E-01
SCF Iteration   5: Energy = 0.0321307093831958 dE = -3.79137E-01
SCF Iteration   6: Energy = 0.4169816436911119 dE =  3.84851E-01
SCF Iteration   7: Energy = 0.0396420548704961 dE = -3.77340E-01
SCF Iteration   8: Energy = 0.4189554296349981 dE =  3.79313E-01
SCF Iteration   9: Energy = 0.0420920753526389 dE = -3.76863E-01
SCF Iteration  10: Energy = 0.4196331209646791 dE =  3.77541E-01
SCF Iteration  11: Energy = 0.0429056909322287 dE = -3.76727E-01
SCF Iteration  12: Energy = 0.4198679661850053 dE =  3.76962E-01
SCF Iteration  13: Energy = 0.0431800752920087 dE = -3.76688E-01
SCF Iteration  14: Energy = 0.4199510535230089 dE =  3.76771E-01
SCF Iteration  15: Energy = 0.0432744351950473 dE = -3.76677E-01
SCF Iteration  16: Energy = 0.4199812534084395 dE =  3.76707E-01
SCF Iteration  17: Energy = 0.0433076721371376 dE = -3.76674E-01
SCF Iteration  18: Energy = 0.4199925666299617 dE =  3.76685E-01
SCF Iteration  19: Energy = 0.0433197087196089 dE = -3.76673E-01
SCF Iteration  20: Energy = 0.4199969384823635 dE =  3.76677E-01
SCF Iteration  21: Energy = 0.0433242018777493 dE = -3.76673E-01
SCF Iteration  22: Energy = 0.4199986792428428 dE =  3.76674E-01
SCF Iteration  23: Energy = 0.0433259322662493 dE = -3.76673E-01
SCF Iteration  24: Energy = 0.4199993914179348 dE =  3.76673E-01
SCF Iteration  25: Energy = 0.0433266190737844 dE = -3.76673E-01
SCF Iteration  26: Energy = 0.4199996896411247 dE =  3.76673E-01
SCF Iteration  27: Energy = 0.0433268992715087 dE = -3.76673E-01
SCF Iteration  28: Energy = 0.4199998169262844 dE =  3.76673E-01
SCF Iteration  29: Energy = 0.0433270163285361 dE = -3.76673E-01
SCF Iteration  30: Energy = 0.4199998720762978 dE =  3.76673E-01
SCF Iteration  31: Energy = 0.0433270661954583 dE = -3.76673E-01
SCF Iteration  32: Energy = 0.4199998962481961 dE =  3.76673E-01
SCF Iteration  33: Energy = 0.0433270877700527 dE = -3.76673E-01
SCF Iteration  34: Energy = 0.4199999069340926 dE =  3.76673E-01
SCF Iteration  35: Energy = 0.0433270972155659 dE = -3.76673E-01
SCF Iteration  36: Energy = 0.4199999116880315 dE =  3.76673E-01
SCF Iteration  37: Energy = 0.0433271013877905 dE = -3.76673E-01
SCF Iteration  38: Energy = 0.4199999138126070 dE =  3.76673E-01
SCF Iteration  39: Energy = 0.0433271032427636 dE = -3.76673E-01
SCF Iteration  40: Energy = 0.4199999147648611 dE =  3.76673E-01
SCF Iteration  41: Energy = 0.0433271040711097 dE = -3.76673E-01
SCF Iteration  42: Energy = 0.4199999151905521 dE =  3.76673E-01
SCF Iteration  43: Energy = 0.0433271044405430 dE = -3.76673E-01
SCF Iteration  44: Energy = 0.4199999153689817 dE =  3.76673E-01
SCF Iteration  45: Energy = 0.0433271045957468 dE = -3.76673E-01
SCF Iteration  46: Energy = 0.4199999153733704 dE =  3.76673E-01
SCF Iteration  47: Energy = 0.0433271046034592 dE = -3.76673E-01
SCF Iteration  48: Energy = 0.4199999149378882 dE =  3.76673E-01
SCF Iteration  49: Energy = 0.0433271042493932 dE = -3.76673E-01
SCF Iteration  50: Energy = 0.4199999122243960 dE =  3.76673E-01
SCF Iteration  51: Energy = 0.0433271020326048 dE = -3.76673E-01
SCF Iteration  52: Energy = 0.4199998965177419 dE =  3.76673E-01
SCF Iteration  53: Energy = 0.0433270891966965 dE = -3.76673E-01
SCF Iteration  54: Energy = 0.4199998061027109 dE =  3.76673E-01
SCF Iteration  55: Energy = 0.0433270153051222 dE = -3.76673E-01
SCF Iteration  56: Energy = 0.4199992858554221 dE =  3.76672E-01
SCF Iteration  57: Energy = 0.0433265901328867 dE = -3.76673E-01
SCF Iteration  58: Energy = 0.4199962924688777 dE =  3.76670E-01
SCF Iteration  59: Energy = 0.0433241437899667 dE = -3.76672E-01
SCF Iteration  60: Energy = 0.4199790695785261 dE =  3.76655E-01
SCF Iteration  61: Energy = 0.0433100685086490 dE = -3.76669E-01
SCF Iteration  62: Energy = 0.4198799864319961 dE =  3.76570E-01
SCF Iteration  63: Energy = 0.0432290972756315 dE = -3.76651E-01
SCF Iteration  64: Energy = 0.4193103346301078 dE =  3.76081E-01
SCF Iteration  65: Energy = 0.0427636987973697 dE = -3.76547E-01
SCF Iteration  66: Energy = 0.4160475463265706 dE =  3.73284E-01
SCF Iteration  67: Energy = 0.0401020995684972 dE = -3.75945E-01
SCF Iteration  68: Energy = 0.3977529375379509 dE =  3.57651E-01
SCF Iteration  69: Energy = 0.0253056612638581 dE = -3.72447E-01
SCF Iteration  70: Energy = 0.3061554730847532 dE =  2.80850E-01
SCF Iteration  71: Energy = -0.0456200607466900 dE = -3.51776E-01
SCF Iteration  72: Energy = 0.0167143337937142 dE =  6.23344E-02
SCF Iteration  73: Energy = -0.2382241399246094 dE = -2.54938E-01
SCF Iteration  74: Energy = -0.3163345798636854 dE = -7.81104E-02
SCF Iteration  75: Energy = -0.4083219074284401 dE = -9.19873E-02
SCF Iteration  76: Energy = -0.4419791787646103 dE = -3.36573E-02
SCF Iteration  77: Energy = -0.4592212601348231 dE = -1.72421E-02
SCF Iteration  78: Energy = -0.4653591612013339 dE = -6.13790E-03
SCF Iteration  79: Energy = -0.4677901119581056 dE = -2.43095E-03
SCF Iteration  80: Energy = -0.4686603214641276 dE = -8.70210E-04
SCF Iteration  81: Energy = -0.4689881313297983 dE = -3.27810E-04
SCF Iteration  82: Energy = -0.4691122095574946 dE = -1.24078E-04
SCF Iteration  83: Energy = -0.4691618968742626 dE = -4.96873E-05
SCF Iteration  84: Energy = -0.4691828755027011 dE = -2.09786E-05
SCF Iteration  85: Energy = -0.4691923023428817 dE = -9.42684E-06
SCF Iteration  86: Energy = -0.4691967734504213 dE = -4.47111E-06
SCF Iteration  87: Energy = -0.4691989878997503 dE = -2.21445E-06
SCF Iteration  88: Energy = -0.4692001193100344 dE = -1.13141E-06
SCF Iteration  89: Energy = -0.4692007094274885 dE = -5.90117E-07
SCF Iteration  90: Energy = -0.4692010213185510 dE = -3.11891E-07
SCF Iteration  91: Energy = -0.4692011874961971 dE = -1.66178E-07
SCF Iteration  92: Energy = -0.4692012764729718 dE = -8.89768E-08
SCF Iteration  93: Energy = -0.4692013242522153 dE = -4.77792E-08
SCF Iteration  94: Energy = -0.4692013499533267 dE = -2.57011E-08
SCF Iteration  95: Energy = -0.4692013637922078 dE = -1.38389E-08
SCF Iteration  96: Energy = -0.4692013712482338 dE = -7.45603E-09
SCF Iteration  97: Energy = -0.4692013752667228 dE = -4.01849E-09
SCF Iteration  98: Energy = -0.4692013774329563 dE = -2.16623E-09
SCF Iteration  99: Energy = -0.4692013786008354 dE = -1.16788E-09
SCF Iteration 100: Energy = -0.4692013792305184 dE = -6.29683E-10
SCF Iteration 101: Energy = -0.4692013795700342 dE = -3.39516E-10
SCF Iteration 102: Energy = -0.4692013797530984 dE = -1.83064E-10
SCF Iteration 103: Energy = -0.4692013798518082 dE = -9.87098E-11

SCF converged.
E_QED_HF          = -0.469201379851808
HF  (psi4)        = -0.946660433450524
Starting with the CCSD calculation:

Iter  Energy(CCSD)      E_diff    time(sec)
  1:  -0.1466737633  1.46674E-01   19.025
  2:  -0.2376673915  9.09936E-02   19.034
  3:  -0.2176065125  2.00609E-02   19.033
  4:  -0.2991295887  8.15231E-02   19.035
  5:  -0.3490534750  4.99239E-02   19.016
  6:  -0.3663873361  1.73339E-02   19.010
  7:  -0.4425914405  7.62041E-02   19.013
  8:  -0.4839140025  4.13226E-02   19.013
  9:  -0.5042101621  2.02962E-02   19.010
 10:  -0.5161831815  1.19730E-02   19.017
 11:  -0.5218474569  5.66428E-03   19.018
 12:  -0.5244846696  2.63721E-03   19.018
 13:  -0.5421836428  1.76990E-02   19.020
 14:  -0.5491454703  6.96183E-03   19.022
 15:  -0.5486130431  5.32427E-04   19.016
 16:  -0.5141706788  3.44424E-02   19.017
 17:  -0.4769383052  3.72324E-02   19.013
 18:  -0.4544233944  2.25149E-02   19.014
 19:  -0.4208418890  3.35815E-02   19.017
 20:  -0.4351140323  1.42721E-02   19.020
 21:  -0.4762442138  4.11302E-02   19.023
 22:  -0.5024066476  2.61624E-02   19.017
 23:  -0.5118757243  9.46908E-03   19.027
 24:  -0.5176785904  5.80287E-03   19.027
 25:  -0.5017906448  1.58879E-02   19.019
 26:  -0.4705398732  3.12508E-02   19.036
 27:  -0.4515374832  1.90024E-02   19.024
 28:  -0.4380193182  1.35182E-02   19.024
 29:  -0.4296969791  8.32234E-03   19.021
 30:  -0.4231090719  6.58791E-03   19.025
 31:  -0.4120640477  1.10450E-02   19.019
 32:  -0.4059205630  6.14348E-03   19.026
 33:  -0.4064108385  4.90275E-04   19.026
 34:  -0.4033306944  3.08014E-03   19.018
 35:  -0.4027566070  5.74087E-04   19.024
 36:  -0.4027171930  3.94140E-05   19.026
 37:  -0.4029325049  2.15312E-04   19.022
 38:  -0.4029399372  7.43232E-06   19.026
 39:  -0.4023367138  6.03223E-04   19.019
 40:  -0.4017448310  5.91883E-04   19.017
 41:  -0.4015153829  2.29448E-04   19.025
 42:  -0.4011007746  4.14608E-04   19.016
 43:  -0.4057874628  4.68669E-03   19.023
 44:  -0.4077467774  1.95931E-03   19.020
 45:  -0.4098911042  2.14433E-03   19.023
 46:  -0.4109819936  1.09089E-03   19.017
 47:  -0.4136169180  2.63492E-03   19.022
 48:  -0.4204680555  6.85114E-03   19.025
 49:  -0.4433262506  2.28582E-02   19.020
 50:  -0.4599780061  1.66518E-02   19.022
E_QED_CCSD  (Corr.)  = -0.459978006144468
E_QED_CCSD tot       = -0.929179385996276
E_CCSD_psi4 (Corr.)  = -0.084491925054623
E_CCSD_psi4 tot      = -1.031152358505146
