
  Memory set to  55.879 GiB by Python driver.
  Threads set to 1 by Python driver.
Settings:
	LOT = CCSD-S2-U22
	wc = 20.0 eV
	lambda = [0.48497 0.      0.     ] a.u.
	Equivalent A0 = LAMBDA / sqrt(2 wc) = [0.4 0.  0. ])
doing QED-CCSD-Full (or QED-CCSD-22)
Number of occupied orbitals:   1
Number of basis functions:  60
SCF Iteration   1: Energy = 1.1864470973829280 dE =  1.18645E+00
SCF Iteration   2: Energy = 1.4277180080648548 dE =  2.41271E-01
SCF Iteration   3: Energy = 1.3042182853204762 dE = -1.23500E-01
SCF Iteration   4: Energy = 1.4430603689377952 dE =  1.38842E-01
SCF Iteration   5: Energy = 1.3514051026178187 dE = -9.16553E-02
SCF Iteration   6: Energy = 1.4522273537555075 dE =  1.00822E-01
SCF Iteration   7: Energy = 1.3713923769824807 dE = -8.08350E-02
SCF Iteration   8: Energy = 1.4560997765375443 dE =  8.47074E-02
SCF Iteration   9: Energy = 1.3798550776840688 dE = -7.62447E-02
SCF Iteration  10: Energy = 1.4570809725284299 dE =  7.72259E-02
SCF Iteration  11: Energy = 1.3830582376807994 dE = -7.40227E-02
SCF Iteration  12: Energy = 1.4567348778290887 dE =  7.36766E-02
SCF Iteration  13: Energy = 1.3839000398641899 dE = -7.28348E-02
SCF Iteration  14: Energy = 1.4559212881766703 dE =  7.20212E-02
SCF Iteration  15: Energy = 1.3837668554699019 dE = -7.21544E-02
SCF Iteration  16: Energy = 1.4550518315239558 dE =  7.12850E-02
SCF Iteration  17: Energy = 1.3833050516473586 dE = -7.17468E-02
SCF Iteration  18: Energy = 1.4542921202973178 dE =  7.09871E-02
SCF Iteration  19: Energy = 1.3827968633322938 dE = -7.14953E-02
SCF Iteration  20: Energy = 1.4536872936125322 dE =  7.08904E-02
SCF Iteration  21: Energy = 1.3823503790643465 dE = -7.13369E-02
SCF Iteration  22: Energy = 1.4532304301001921 dE =  7.08801E-02
SCF Iteration  23: Energy = 1.3819946627786337 dE = -7.12358E-02
SCF Iteration  24: Energy = 1.4528965064193293 dE =  7.09018E-02
SCF Iteration  25: Energy = 1.3817260730889309 dE = -7.11704E-02
SCF Iteration  26: Energy = 1.4526577375879730 dE =  7.09317E-02
SCF Iteration  27: Energy = 1.3815298756697374 dE = -7.11279E-02
SCF Iteration  28: Energy = 1.4524895921343077 dE =  7.09597E-02
SCF Iteration  29: Energy = 1.3813896635342058 dE = -7.10999E-02
SCF Iteration  30: Energy = 1.4523724656877921 dE =  7.09828E-02
SCF Iteration  31: Energy = 1.3812909682086543 dE = -7.10815E-02
SCF Iteration  32: Energy = 1.4522915254945186 dE =  7.10006E-02
SCF Iteration  33: Energy = 1.3812222438455983 dE = -7.10693E-02
SCF Iteration  34: Energy = 1.4522359214252700 dE =  7.10137E-02
SCF Iteration  35: Energy = 1.3811747651782647 dE = -7.10612E-02
SCF Iteration  36: Energy = 1.4521978917315272 dE =  7.10231E-02
SCF Iteration  37: Energy = 1.3811421554943493 dE = -7.10557E-02
SCF Iteration  38: Energy = 1.4521719689708295 dE =  7.10298E-02
SCF Iteration  39: Energy = 1.3811198562696536 dE = -7.10521E-02
SCF Iteration  40: Energy = 1.4521543439776694 dE =  7.10345E-02
SCF Iteration  41: Energy = 1.3811046580924287 dE = -7.10497E-02
SCF Iteration  42: Energy = 1.4521423841165568 dE =  7.10377E-02
SCF Iteration  43: Energy = 1.3810943258354758 dE = -7.10481E-02
SCF Iteration  44: Energy = 1.4521342806750117 dE =  7.10400E-02
SCF Iteration  45: Energy = 1.3810873151874621 dE = -7.10470E-02
SCF Iteration  46: Energy = 1.4521287965318652 dE =  7.10415E-02
SCF Iteration  47: Energy = 1.3810825653920134 dE = -7.10462E-02
SCF Iteration  48: Energy = 1.4521250883714301 dE =  7.10425E-02
SCF Iteration  49: Energy = 1.3810793510398724 dE = -7.10457E-02
SCF Iteration  50: Energy = 1.4521225828005784 dE =  7.10432E-02
SCF Iteration  51: Energy = 1.3810771777030890 dE = -7.10454E-02
SCF Iteration  52: Energy = 1.4521208907198133 dE =  7.10437E-02
SCF Iteration  53: Energy = 1.3810757092414365 dE = -7.10452E-02
SCF Iteration  54: Energy = 1.4521197484884458 dE =  7.10440E-02
SCF Iteration  55: Energy = 1.3810747175713958 dE = -7.10450E-02
SCF Iteration  56: Energy = 1.4521189776805030 dE =  7.10443E-02
SCF Iteration  57: Energy = 1.3810740481608843 dE = -7.10449E-02
SCF Iteration  58: Energy = 1.4521184576500359 dE =  7.10444E-02
SCF Iteration  59: Energy = 1.3810735964311753 dE = -7.10449E-02
SCF Iteration  60: Energy = 1.4521181068769577 dE =  7.10445E-02
SCF Iteration  61: Energy = 1.3810732916721318 dE = -7.10448E-02
SCF Iteration  62: Energy = 1.4521178703081310 dE =  7.10446E-02
SCF Iteration  63: Energy = 1.3810730861065308 dE = -7.10448E-02
SCF Iteration  64: Energy = 1.4521177107800136 dE =  7.10446E-02
SCF Iteration  65: Energy = 1.3810729474696213 dE = -7.10448E-02
SCF Iteration  66: Energy = 1.4521176032135525 dE =  7.10447E-02
SCF Iteration  67: Energy = 1.3810728539815089 dE = -7.10447E-02
SCF Iteration  68: Energy = 1.4521175306889607 dE =  7.10447E-02
SCF Iteration  69: Energy = 1.3810727909446874 dE = -7.10447E-02
SCF Iteration  70: Energy = 1.4521174817933988 dE =  7.10447E-02
SCF Iteration  71: Energy = 1.3810727484434719 dE = -7.10447E-02
SCF Iteration  72: Energy = 1.4521174488297988 dE =  7.10447E-02
SCF Iteration  73: Energy = 1.3810727197895234 dE = -7.10447E-02
SCF Iteration  74: Energy = 1.4521174266076990 dE =  7.10447E-02
SCF Iteration  75: Energy = 1.3810727004721179 dE = -7.10447E-02
SCF Iteration  76: Energy = 1.4521174116272728 dE =  7.10447E-02
SCF Iteration  77: Energy = 1.3810726874494861 dE = -7.10447E-02
SCF Iteration  78: Energy = 1.4521174015288321 dE =  7.10447E-02
SCF Iteration  79: Energy = 1.3810726786706435 dE = -7.10447E-02
SCF Iteration  80: Energy = 1.4521173947214929 dE =  7.10447E-02
SCF Iteration  81: Energy = 1.3810726727527560 dE = -7.10447E-02
SCF Iteration  82: Energy = 1.4521173901327395 dE =  7.10447E-02
SCF Iteration  83: Energy = 1.3810726687635173 dE = -7.10447E-02
SCF Iteration  84: Energy = 1.4521173870395339 dE =  7.10447E-02
SCF Iteration  85: Energy = 1.3810726660744155 dE = -7.10447E-02
SCF Iteration  86: Energy = 1.4521173849544724 dE =  7.10447E-02
SCF Iteration  87: Energy = 1.3810726642617350 dE = -7.10447E-02
SCF Iteration  88: Energy = 1.4521173835489878 dE =  7.10447E-02
SCF Iteration  89: Energy = 1.3810726630398527 dE = -7.10447E-02
SCF Iteration  90: Energy = 1.4521173826015903 dE =  7.10447E-02
SCF Iteration  91: Energy = 1.3810726622162111 dE = -7.10447E-02
SCF Iteration  92: Energy = 1.4521173819629818 dE =  7.10447E-02
SCF Iteration  93: Energy = 1.3810726616610194 dE = -7.10447E-02
SCF Iteration  94: Energy = 1.4521173815325139 dE =  7.10447E-02
SCF Iteration  95: Energy = 1.3810726612867823 dE = -7.10447E-02
SCF Iteration  96: Energy = 1.4521173812423502 dE =  7.10447E-02
SCF Iteration  97: Energy = 1.3810726610345203 dE = -7.10447E-02
SCF Iteration  98: Energy = 1.4521173810467629 dE =  7.10447E-02
SCF Iteration  99: Energy = 1.3810726608644799 dE = -7.10447E-02
SCF Iteration 100: Energy = 1.4521173809149241 dE =  7.10447E-02
SCF Iteration 101: Energy = 1.3810726607498645 dE = -7.10447E-02
SCF Iteration 102: Energy = 1.4521173808260570 dE =  7.10447E-02
SCF Iteration 103: Energy = 1.3810726606726018 dE = -7.10447E-02
SCF Iteration 104: Energy = 1.4521173807661547 dE =  7.10447E-02
SCF Iteration 105: Energy = 1.3810726606205226 dE = -7.10447E-02
SCF Iteration 106: Energy = 1.4521173807257772 dE =  7.10447E-02
SCF Iteration 107: Energy = 1.3810726605854231 dE = -7.10447E-02
SCF Iteration 108: Energy = 1.4521173806985634 dE =  7.10447E-02
SCF Iteration 109: Energy = 1.3810726605617607 dE = -7.10447E-02
SCF Iteration 110: Energy = 1.4521173806802141 dE =  7.10447E-02
SCF Iteration 111: Energy = 1.3810726605458106 dE = -7.10447E-02
SCF Iteration 112: Energy = 1.4521173806678498 dE =  7.10447E-02
SCF Iteration 113: Energy = 1.3810726605350581 dE = -7.10447E-02
SCF Iteration 114: Energy = 1.4521173806595089 dE =  7.10447E-02
SCF Iteration 115: Energy = 1.3810726605278076 dE = -7.10447E-02
SCF Iteration 116: Energy = 1.4521173806538956 dE =  7.10447E-02
SCF Iteration 117: Energy = 1.3810726605229247 dE = -7.10447E-02
SCF Iteration 118: Energy = 1.4521173806501044 dE =  7.10447E-02
SCF Iteration 119: Energy = 1.3810726605196295 dE = -7.10447E-02
SCF Iteration 120: Energy = 1.4521173806475487 dE =  7.10447E-02
SCF Iteration 121: Energy = 1.3810726605174113 dE = -7.10447E-02
SCF Iteration 122: Energy = 1.4521173806458316 dE =  7.10447E-02
SCF Iteration 123: Energy = 1.3810726605159156 dE = -7.10447E-02
SCF Iteration 124: Energy = 1.4521173806446694 dE =  7.10447E-02
SCF Iteration 125: Energy = 1.3810726605149060 dE = -7.10447E-02
SCF Iteration 126: Energy = 1.4521173806438867 dE =  7.10447E-02
SCF Iteration 127: Energy = 1.3810726605142267 dE = -7.10447E-02
SCF Iteration 128: Energy = 1.4521173806433614 dE =  7.10447E-02
SCF Iteration 129: Energy = 1.3810726605137693 dE = -7.10447E-02
SCF Iteration 130: Energy = 1.4521173806430046 dE =  7.10447E-02
SCF Iteration 131: Energy = 1.3810726605134589 dE = -7.10447E-02
SCF Iteration 132: Energy = 1.4521173806427683 dE =  7.10447E-02
SCF Iteration 133: Energy = 1.3810726605132515 dE = -7.10447E-02
SCF Iteration 134: Energy = 1.4521173806426038 dE =  7.10447E-02
SCF Iteration 135: Energy = 1.3810726605131134 dE = -7.10447E-02
SCF Iteration 136: Energy = 1.4521173806424958 dE =  7.10447E-02
SCF Iteration 137: Energy = 1.3810726605130135 dE = -7.10447E-02
SCF Iteration 138: Energy = 1.4521173806424224 dE =  7.10447E-02
SCF Iteration 139: Energy = 1.3810726605129535 dE = -7.10447E-02
SCF Iteration 140: Energy = 1.4521173806423737 dE =  7.10447E-02
SCF Iteration 141: Energy = 1.3810726605129111 dE = -7.10447E-02
SCF Iteration 142: Energy = 1.4521173806423411 dE =  7.10447E-02
SCF Iteration 143: Energy = 1.3810726605128825 dE = -7.10447E-02
SCF Iteration 144: Energy = 1.4521173806423182 dE =  7.10447E-02
SCF Iteration 145: Energy = 1.3810726605128620 dE = -7.10447E-02
SCF Iteration 146: Energy = 1.4521173806423024 dE =  7.10447E-02
SCF Iteration 147: Energy = 1.3810726605128476 dE = -7.10447E-02
SCF Iteration 148: Energy = 1.4521173806422931 dE =  7.10447E-02
SCF Iteration 149: Energy = 1.3810726605128389 dE = -7.10447E-02
SCF Iteration 150: Energy = 1.4521173806422867 dE =  7.10447E-02
SCF Iteration 151: Energy = 1.3810726605128354 dE = -7.10447E-02
SCF Iteration 152: Energy = 1.4521173806422814 dE =  7.10447E-02
SCF Iteration 153: Energy = 1.3810726605128272 dE = -7.10447E-02
SCF Iteration 154: Energy = 1.4521173806422769 dE =  7.10447E-02
SCF Iteration 155: Energy = 1.3810726605128270 dE = -7.10447E-02
SCF Iteration 156: Energy = 1.4521173806422725 dE =  7.10447E-02
SCF Iteration 157: Energy = 1.3810726605128252 dE = -7.10447E-02
SCF Iteration 158: Energy = 1.4521173806422738 dE =  7.10447E-02
SCF Iteration 159: Energy = 1.3810726605128252 dE = -7.10447E-02
SCF Iteration 160: Energy = 1.4521173806422742 dE =  7.10447E-02
SCF Iteration 161: Energy = 1.3810726605128225 dE = -7.10447E-02
SCF Iteration 162: Energy = 1.4521173806422756 dE =  7.10447E-02
SCF Iteration 163: Energy = 1.3810726605128221 dE = -7.10447E-02
SCF Iteration 164: Energy = 1.4521173806422745 dE =  7.10447E-02
SCF Iteration 165: Energy = 1.3810726605128230 dE = -7.10447E-02
SCF Iteration 166: Energy = 1.4521173806422749 dE =  7.10447E-02
SCF Iteration 167: Energy = 1.3810726605128243 dE = -7.10447E-02
SCF Iteration 168: Energy = 1.4521173806422754 dE =  7.10447E-02
SCF Iteration 169: Energy = 1.3810726605128252 dE = -7.10447E-02
SCF Iteration 170: Energy = 1.4521173806422703 dE =  7.10447E-02
SCF Iteration 171: Energy = 1.3810726605128238 dE = -7.10447E-02
SCF Iteration 172: Energy = 1.4521173806422725 dE =  7.10447E-02
SCF Iteration 173: Energy = 1.3810726605128201 dE = -7.10447E-02
SCF Iteration 174: Energy = 1.4521173806422714 dE =  7.10447E-02
SCF Iteration 175: Energy = 1.3810726605128227 dE = -7.10447E-02
SCF Iteration 176: Energy = 1.4521173806422725 dE =  7.10447E-02
SCF Iteration 177: Energy = 1.3810726605128218 dE = -7.10447E-02
SCF Iteration 178: Energy = 1.4521173806422691 dE =  7.10447E-02
SCF Iteration 179: Energy = 1.3810726605128163 dE = -7.10447E-02
SCF Iteration 180: Energy = 1.4521173806422698 dE =  7.10447E-02
SCF Iteration 181: Energy = 1.3810726605128216 dE = -7.10447E-02
SCF Iteration 182: Energy = 1.4521173806422725 dE =  7.10447E-02
SCF Iteration 183: Energy = 1.3810726605128223 dE = -7.10447E-02
SCF Iteration 184: Energy = 1.4521173806422707 dE =  7.10447E-02
SCF Iteration 185: Energy = 1.3810726605128232 dE = -7.10447E-02
SCF Iteration 186: Energy = 1.4521173806422729 dE =  7.10447E-02
SCF Iteration 187: Energy = 1.3810726605128245 dE = -7.10447E-02
SCF Iteration 188: Energy = 1.4521173806422747 dE =  7.10447E-02
SCF Iteration 189: Energy = 1.3810726605128238 dE = -7.10447E-02
SCF Iteration 190: Energy = 1.4521173806422727 dE =  7.10447E-02
SCF Iteration 191: Energy = 1.3810726605128207 dE = -7.10447E-02
SCF Iteration 192: Energy = 1.4521173806422725 dE =  7.10447E-02
SCF Iteration 193: Energy = 1.3810726605128243 dE = -7.10447E-02
SCF Iteration 194: Energy = 1.4521173806422720 dE =  7.10447E-02
SCF Iteration 195: Energy = 1.3810726605128230 dE = -7.10447E-02
SCF Iteration 196: Energy = 1.4521173806422705 dE =  7.10447E-02
SCF Iteration 197: Energy = 1.3810726605128154 dE = -7.10447E-02
SCF Iteration 198: Energy = 1.4521173806422698 dE =  7.10447E-02
SCF Iteration 199: Energy = 1.3810726605128194 dE = -7.10447E-02
SCF Iteration 200: Energy = 1.4521173806422720 dE =  7.10447E-02
SCF Iteration 201: Energy = 1.3810726605128225 dE = -7.10447E-02
SCF Iteration 202: Energy = 1.4521173806422747 dE =  7.10447E-02
SCF Iteration 203: Energy = 1.3810726605128221 dE = -7.10447E-02
SCF Iteration 204: Energy = 1.4521173806422747 dE =  7.10447E-02
SCF Iteration 205: Energy = 1.3810726605128221 dE = -7.10447E-02
SCF Iteration 206: Energy = 1.4521173806422729 dE =  7.10447E-02
SCF Iteration 207: Energy = 1.3810726605128250 dE = -7.10447E-02
SCF Iteration 208: Energy = 1.4521173806422729 dE =  7.10447E-02
SCF Iteration 209: Energy = 1.3810726605128234 dE = -7.10447E-02
SCF Iteration 210: Energy = 1.4521173806422731 dE =  7.10447E-02
SCF Iteration 211: Energy = 1.3810726605128254 dE = -7.10447E-02
SCF Iteration 212: Energy = 1.4521173806422731 dE =  7.10447E-02
SCF Iteration 213: Energy = 1.3810726605128270 dE = -7.10447E-02
SCF Iteration 214: Energy = 1.4521173806422738 dE =  7.10447E-02
SCF Iteration 215: Energy = 1.3810726605128247 dE = -7.10447E-02
SCF Iteration 216: Energy = 1.4521173806422727 dE =  7.10447E-02
SCF Iteration 217: Energy = 1.3810726605128234 dE = -7.10447E-02
SCF Iteration 218: Energy = 1.4521173806422762 dE =  7.10447E-02
SCF Iteration 219: Energy = 1.3810726605128261 dE = -7.10447E-02
SCF Iteration 220: Energy = 1.4521173806422738 dE =  7.10447E-02
SCF Iteration 221: Energy = 1.3810726605128247 dE = -7.10447E-02
SCF Iteration 222: Energy = 1.4521173806422765 dE =  7.10447E-02
SCF Iteration 223: Energy = 1.3810726605128232 dE = -7.10447E-02
SCF Iteration 224: Energy = 1.4521173806422738 dE =  7.10447E-02
SCF Iteration 225: Energy = 1.3810726605128230 dE = -7.10447E-02
SCF Iteration 226: Energy = 1.4521173806422731 dE =  7.10447E-02
SCF Iteration 227: Energy = 1.3810726605128205 dE = -7.10447E-02
SCF Iteration 228: Energy = 1.4521173806422760 dE =  7.10447E-02
SCF Iteration 229: Energy = 1.3810726605128252 dE = -7.10447E-02
SCF Iteration 230: Energy = 1.4521173806422765 dE =  7.10447E-02
SCF Iteration 231: Energy = 1.3810726605128298 dE = -7.10447E-02
SCF Iteration 232: Energy = 1.4521173806422736 dE =  7.10447E-02
SCF Iteration 233: Energy = 1.3810726605128223 dE = -7.10447E-02
SCF Iteration 234: Energy = 1.4521173806422734 dE =  7.10447E-02
SCF Iteration 235: Energy = 1.3810726605128265 dE = -7.10447E-02
SCF Iteration 236: Energy = 1.4521173806422720 dE =  7.10447E-02
SCF Iteration 237: Energy = 1.3810726605128225 dE = -7.10447E-02
SCF Iteration 238: Energy = 1.4521173806422738 dE =  7.10447E-02
SCF Iteration 239: Energy = 1.3810726605128207 dE = -7.10447E-02
SCF Iteration 240: Energy = 1.4521173806422729 dE =  7.10447E-02
SCF Iteration 241: Energy = 1.3810726605128236 dE = -7.10447E-02
SCF Iteration 242: Energy = 1.4521173806422787 dE =  7.10447E-02
SCF Iteration 243: Energy = 1.3810726605128256 dE = -7.10447E-02
SCF Iteration 244: Energy = 1.4521173806422751 dE =  7.10447E-02
SCF Iteration 245: Energy = 1.3810726605128283 dE = -7.10447E-02
SCF Iteration 246: Energy = 1.4521173806422729 dE =  7.10447E-02
SCF Iteration 247: Energy = 1.3810726605128221 dE = -7.10447E-02
SCF Iteration 248: Energy = 1.4521173806422729 dE =  7.10447E-02
SCF Iteration 249: Energy = 1.3810726605128247 dE = -7.10447E-02
SCF Iteration 250: Energy = 1.4521173806422767 dE =  7.10447E-02
SCF Iteration 251: Energy = 1.3810726605128252 dE = -7.10447E-02
SCF Iteration 252: Energy = 1.4521173806422749 dE =  7.10447E-02
SCF Iteration 253: Energy = 1.3810726605128241 dE = -7.10447E-02
SCF Iteration 254: Energy = 1.4521173806422742 dE =  7.10447E-02
SCF Iteration 255: Energy = 1.3810726605128221 dE = -7.10447E-02
SCF Iteration 256: Energy = 1.4521173806422685 dE =  7.10447E-02
SCF Iteration 257: Energy = 1.3810726605128230 dE = -7.10447E-02
SCF Iteration 258: Energy = 1.4521173806422725 dE =  7.10447E-02
SCF Iteration 259: Energy = 1.3810726605128254 dE = -7.10447E-02
SCF Iteration 260: Energy = 1.4521173806422700 dE =  7.10447E-02
SCF Iteration 261: Energy = 1.3810726605128196 dE = -7.10447E-02
SCF Iteration 262: Energy = 1.4521173806422760 dE =  7.10447E-02
SCF Iteration 263: Energy = 1.3810726605128230 dE = -7.10447E-02
SCF Iteration 264: Energy = 1.4521173806422767 dE =  7.10447E-02
SCF Iteration 265: Energy = 1.3810726605128276 dE = -7.10447E-02
SCF Iteration 266: Energy = 1.4521173806422756 dE =  7.10447E-02
SCF Iteration 267: Energy = 1.3810726605128270 dE = -7.10447E-02
SCF Iteration 268: Energy = 1.4521173806422769 dE =  7.10447E-02
SCF Iteration 269: Energy = 1.3810726605128270 dE = -7.10447E-02
SCF Iteration 270: Energy = 1.4521173806422767 dE =  7.10447E-02
SCF Iteration 271: Energy = 1.3810726605128267 dE = -7.10447E-02
SCF Iteration 272: Energy = 1.4521173806422785 dE =  7.10447E-02
SCF Iteration 273: Energy = 1.3810726605128243 dE = -7.10447E-02
SCF Iteration 274: Energy = 1.4521173806422756 dE =  7.10447E-02
SCF Iteration 275: Energy = 1.3810726605128283 dE = -7.10447E-02
SCF Iteration 276: Energy = 1.4521173806422738 dE =  7.10447E-02
SCF Iteration 277: Energy = 1.3810726605128252 dE = -7.10447E-02
SCF Iteration 278: Energy = 1.4521173806422734 dE =  7.10447E-02
SCF Iteration 279: Energy = 1.3810726605128256 dE = -7.10447E-02
SCF Iteration 280: Energy = 1.4521173806422725 dE =  7.10447E-02
SCF Iteration 281: Energy = 1.3810726605128267 dE = -7.10447E-02
SCF Iteration 282: Energy = 1.4521173806422707 dE =  7.10447E-02
SCF Iteration 283: Energy = 1.3810726605128250 dE = -7.10447E-02
SCF Iteration 284: Energy = 1.4521173806422718 dE =  7.10447E-02
SCF Iteration 285: Energy = 1.3810726605128225 dE = -7.10447E-02
SCF Iteration 286: Energy = 1.4521173806422760 dE =  7.10447E-02
SCF Iteration 287: Energy = 1.3810726605128243 dE = -7.10447E-02
SCF Iteration 288: Energy = 1.4521173806422722 dE =  7.10447E-02
SCF Iteration 289: Energy = 1.3810726605128243 dE = -7.10447E-02
SCF Iteration 290: Energy = 1.4521173806422718 dE =  7.10447E-02
SCF Iteration 291: Energy = 1.3810726605128234 dE = -7.10447E-02
SCF Iteration 292: Energy = 1.4521173806422738 dE =  7.10447E-02
SCF Iteration 293: Energy = 1.3810726605128210 dE = -7.10447E-02
SCF Iteration 294: Energy = 1.4521173806422729 dE =  7.10447E-02
SCF Iteration 295: Energy = 1.3810726605128245 dE = -7.10447E-02
SCF Iteration 296: Energy = 1.4521173806422749 dE =  7.10447E-02
SCF Iteration 297: Energy = 1.3810726605128252 dE = -7.10447E-02
SCF Iteration 298: Energy = 1.4521173806422751 dE =  7.10447E-02
SCF Iteration 299: Energy = 1.3810726605128221 dE = -7.10447E-02
SCF Iteration 300: Energy = 1.4521173806422725 dE =  7.10447E-02
SCF Iteration 301: Energy = 1.3810726605128234 dE = -7.10447E-02
SCF Iteration 302: Energy = 1.4521173806422707 dE =  7.10447E-02
SCF Iteration 303: Energy = 1.3810726605128187 dE = -7.10447E-02
SCF Iteration 304: Energy = 1.4521173806422716 dE =  7.10447E-02
SCF Iteration 305: Energy = 1.3810726605128190 dE = -7.10447E-02
SCF Iteration 306: Energy = 1.4521173806422729 dE =  7.10447E-02
SCF Iteration 307: Energy = 1.3810726605128190 dE = -7.10447E-02
SCF Iteration 308: Energy = 1.4521173806422742 dE =  7.10447E-02
SCF Iteration 309: Energy = 1.3810726605128210 dE = -7.10447E-02
SCF Iteration 310: Energy = 1.4521173806422725 dE =  7.10447E-02
SCF Iteration 311: Energy = 1.3810726605128221 dE = -7.10447E-02
SCF Iteration 312: Energy = 1.4521173806422736 dE =  7.10447E-02
SCF Iteration 313: Energy = 1.3810726605128261 dE = -7.10447E-02
SCF Iteration 314: Energy = 1.4521173806422720 dE =  7.10447E-02
SCF Iteration 315: Energy = 1.3810726605128230 dE = -7.10447E-02
SCF Iteration 316: Energy = 1.4521173806422720 dE =  7.10447E-02
SCF Iteration 317: Energy = 1.3810726605128216 dE = -7.10447E-02
SCF Iteration 318: Energy = 1.4521173806422725 dE =  7.10447E-02
SCF Iteration 319: Energy = 1.3810726605128212 dE = -7.10447E-02
SCF Iteration 320: Energy = 1.4521173806422703 dE =  7.10447E-02
SCF Iteration 321: Energy = 1.3810726605128194 dE = -7.10447E-02
SCF Iteration 322: Energy = 1.4521173806422725 dE =  7.10447E-02
SCF Iteration 323: Energy = 1.3810726605128221 dE = -7.10447E-02
SCF Iteration 324: Energy = 1.4521173806422729 dE =  7.10447E-02
SCF Iteration 325: Energy = 1.3810726605128210 dE = -7.10447E-02
SCF Iteration 326: Energy = 1.4521173806422729 dE =  7.10447E-02
SCF Iteration 327: Energy = 1.3810726605128221 dE = -7.10447E-02
SCF Iteration 328: Energy = 1.4521173806422714 dE =  7.10447E-02
SCF Iteration 329: Energy = 1.3810726605128236 dE = -7.10447E-02
SCF Iteration 330: Energy = 1.4521173806422765 dE =  7.10447E-02
SCF Iteration 331: Energy = 1.3810726605128238 dE = -7.10447E-02
SCF Iteration 332: Energy = 1.4521173806422747 dE =  7.10447E-02
SCF Iteration 333: Energy = 1.3810726605128230 dE = -7.10447E-02
SCF Iteration 334: Energy = 1.4521173806422738 dE =  7.10447E-02
SCF Iteration 335: Energy = 1.3810726605128254 dE = -7.10447E-02
SCF Iteration 336: Energy = 1.4521173806422703 dE =  7.10447E-02
SCF Iteration 337: Energy = 1.3810726605128223 dE = -7.10447E-02
SCF Iteration 338: Energy = 1.4521173806422747 dE =  7.10447E-02
SCF Iteration 339: Energy = 1.3810726605128223 dE = -7.10447E-02
SCF Iteration 340: Energy = 1.4521173806422711 dE =  7.10447E-02
SCF Iteration 341: Energy = 1.3810726605128252 dE = -7.10447E-02
SCF Iteration 342: Energy = 1.4521173806422740 dE =  7.10447E-02
SCF Iteration 343: Energy = 1.3810726605128236 dE = -7.10447E-02
SCF Iteration 344: Energy = 1.4521173806422754 dE =  7.10447E-02
SCF Iteration 345: Energy = 1.3810726605128245 dE = -7.10447E-02
SCF Iteration 346: Energy = 1.4521173806422751 dE =  7.10447E-02
SCF Iteration 347: Energy = 1.3810726605128250 dE = -7.10447E-02
SCF Iteration 348: Energy = 1.4521173806422749 dE =  7.10447E-02
SCF Iteration 349: Energy = 1.3810726605128252 dE = -7.10447E-02
SCF Iteration 350: Energy = 1.4521173806422765 dE =  7.10447E-02
SCF Iteration 351: Energy = 1.3810726605128230 dE = -7.10447E-02
SCF Iteration 352: Energy = 1.4521173806422751 dE =  7.10447E-02
SCF Iteration 353: Energy = 1.3810726605128236 dE = -7.10447E-02
SCF Iteration 354: Energy = 1.4521173806422738 dE =  7.10447E-02
SCF Iteration 355: Energy = 1.3810726605128265 dE = -7.10447E-02
SCF Iteration 356: Energy = 1.4521173806422749 dE =  7.10447E-02
SCF Iteration 357: Energy = 1.3810726605128245 dE = -7.10447E-02
SCF Iteration 358: Energy = 1.4521173806422767 dE =  7.10447E-02
SCF Iteration 359: Energy = 1.3810726605128238 dE = -7.10447E-02
SCF Iteration 360: Energy = 1.4521173806422720 dE =  7.10447E-02
SCF Iteration 361: Energy = 1.3810726605128256 dE = -7.10447E-02
SCF Iteration 362: Energy = 1.4521173806422742 dE =  7.10447E-02
SCF Iteration 363: Energy = 1.3810726605128216 dE = -7.10447E-02
SCF Iteration 364: Energy = 1.4521173806422747 dE =  7.10447E-02
SCF Iteration 365: Energy = 1.3810726605128238 dE = -7.10447E-02
SCF Iteration 366: Energy = 1.4521173806422720 dE =  7.10447E-02
SCF Iteration 367: Energy = 1.3810726605128230 dE = -7.10447E-02
SCF Iteration 368: Energy = 1.4521173806422725 dE =  7.10447E-02
SCF Iteration 369: Energy = 1.3810726605128227 dE = -7.10447E-02
SCF Iteration 370: Energy = 1.4521173806422725 dE =  7.10447E-02
SCF Iteration 371: Energy = 1.3810726605128216 dE = -7.10447E-02
SCF Iteration 372: Energy = 1.4521173806422694 dE =  7.10447E-02
SCF Iteration 373: Energy = 1.3810726605128227 dE = -7.10447E-02
SCF Iteration 374: Energy = 1.4521173806422720 dE =  7.10447E-02
SCF Iteration 375: Energy = 1.3810726605128254 dE = -7.10447E-02
SCF Iteration 376: Energy = 1.4521173806422751 dE =  7.10447E-02
SCF Iteration 377: Energy = 1.3810726605128247 dE = -7.10447E-02
SCF Iteration 378: Energy = 1.4521173806422674 dE =  7.10447E-02
SCF Iteration 379: Energy = 1.3810726605128218 dE = -7.10447E-02
SCF Iteration 380: Energy = 1.4521173806422714 dE =  7.10447E-02
SCF Iteration 381: Energy = 1.3810726605128203 dE = -7.10447E-02
SCF Iteration 382: Energy = 1.4521173806422729 dE =  7.10447E-02
SCF Iteration 383: Energy = 1.3810726605128243 dE = -7.10447E-02
SCF Iteration 384: Energy = 1.4521173806422729 dE =  7.10447E-02
SCF Iteration 385: Energy = 1.3810726605128185 dE = -7.10447E-02
SCF Iteration 386: Energy = 1.4521173806422711 dE =  7.10447E-02
SCF Iteration 387: Energy = 1.3810726605128216 dE = -7.10447E-02
SCF Iteration 388: Energy = 1.4521173806422740 dE =  7.10447E-02
SCF Iteration 389: Energy = 1.3810726605128207 dE = -7.10447E-02
SCF Iteration 390: Energy = 1.4521173806422727 dE =  7.10447E-02
SCF Iteration 391: Energy = 1.3810726605128243 dE = -7.10447E-02
SCF Iteration 392: Energy = 1.4521173806422760 dE =  7.10447E-02
SCF Iteration 393: Energy = 1.3810726605128198 dE = -7.10447E-02
SCF Iteration 394: Energy = 1.4521173806422707 dE =  7.10447E-02
SCF Iteration 395: Energy = 1.3810726605128221 dE = -7.10447E-02
SCF Iteration 396: Energy = 1.4521173806422718 dE =  7.10447E-02
SCF Iteration 397: Energy = 1.3810726605128241 dE = -7.10447E-02
SCF Iteration 398: Energy = 1.4521173806422711 dE =  7.10447E-02
SCF Iteration 399: Energy = 1.3810726605128194 dE = -7.10447E-02
SCF Iteration 400: Energy = 1.4521173806422689 dE =  7.10447E-02
SCF Iteration 401: Energy = 1.3810726605128185 dE = -7.10447E-02
SCF Iteration 402: Energy = 1.4521173806422689 dE =  7.10447E-02
SCF Iteration 403: Energy = 1.3810726605128212 dE = -7.10447E-02
SCF Iteration 404: Energy = 1.4521173806422714 dE =  7.10447E-02
SCF Iteration 405: Energy = 1.3810726605128218 dE = -7.10447E-02
SCF Iteration 406: Energy = 1.4521173806422725 dE =  7.10447E-02
SCF Iteration 407: Energy = 1.3810726605128218 dE = -7.10447E-02
SCF Iteration 408: Energy = 1.4521173806422711 dE =  7.10447E-02
SCF Iteration 409: Energy = 1.3810726605128243 dE = -7.10447E-02
SCF Iteration 410: Energy = 1.4521173806422736 dE =  7.10447E-02
SCF Iteration 411: Energy = 1.3810726605128212 dE = -7.10447E-02
SCF Iteration 412: Energy = 1.4521173806422729 dE =  7.10447E-02
SCF Iteration 413: Energy = 1.3810726605128238 dE = -7.10447E-02
SCF Iteration 414: Energy = 1.4521173806422716 dE =  7.10447E-02
SCF Iteration 415: Energy = 1.3810726605128238 dE = -7.10447E-02
SCF Iteration 416: Energy = 1.4521173806422711 dE =  7.10447E-02
SCF Iteration 417: Energy = 1.3810726605128243 dE = -7.10447E-02
SCF Iteration 418: Energy = 1.4521173806422734 dE =  7.10447E-02
SCF Iteration 419: Energy = 1.3810726605128234 dE = -7.10447E-02
SCF Iteration 420: Energy = 1.4521173806422774 dE =  7.10447E-02
SCF Iteration 421: Energy = 1.3810726605128270 dE = -7.10447E-02
SCF Iteration 422: Energy = 1.4521173806422742 dE =  7.10447E-02
SCF Iteration 423: Energy = 1.3810726605128250 dE = -7.10447E-02
SCF Iteration 424: Energy = 1.4521173806422751 dE =  7.10447E-02
SCF Iteration 425: Energy = 1.3810726605128214 dE = -7.10447E-02
SCF Iteration 426: Energy = 1.4521173806422709 dE =  7.10447E-02
SCF Iteration 427: Energy = 1.3810726605128216 dE = -7.10447E-02
SCF Iteration 428: Energy = 1.4521173806422711 dE =  7.10447E-02
SCF Iteration 429: Energy = 1.3810726605128221 dE = -7.10447E-02
SCF Iteration 430: Energy = 1.4521173806422725 dE =  7.10447E-02
SCF Iteration 431: Energy = 1.3810726605128203 dE = -7.10447E-02
SCF Iteration 432: Energy = 1.4521173806422758 dE =  7.10447E-02
SCF Iteration 433: Energy = 1.3810726605128263 dE = -7.10447E-02
SCF Iteration 434: Energy = 1.4521173806422729 dE =  7.10447E-02
SCF Iteration 435: Energy = 1.3810726605128221 dE = -7.10447E-02
SCF Iteration 436: Energy = 1.4521173806422734 dE =  7.10447E-02
SCF Iteration 437: Energy = 1.3810726605128212 dE = -7.10447E-02
SCF Iteration 438: Energy = 1.4521173806422756 dE =  7.10447E-02
SCF Iteration 439: Energy = 1.3810726605128216 dE = -7.10447E-02
SCF Iteration 440: Energy = 1.4521173806422734 dE =  7.10447E-02
SCF Iteration 441: Energy = 1.3810726605128234 dE = -7.10447E-02
SCF Iteration 442: Energy = 1.4521173806422691 dE =  7.10447E-02
SCF Iteration 443: Energy = 1.3810726605128205 dE = -7.10447E-02
SCF Iteration 444: Energy = 1.4521173806422716 dE =  7.10447E-02
SCF Iteration 445: Energy = 1.3810726605128227 dE = -7.10447E-02
SCF Iteration 446: Energy = 1.4521173806422678 dE =  7.10447E-02
SCF Iteration 447: Energy = 1.3810726605128227 dE = -7.10447E-02
SCF Iteration 448: Energy = 1.4521173806422727 dE =  7.10447E-02
SCF Iteration 449: Energy = 1.3810726605128232 dE = -7.10447E-02
SCF Iteration 450: Energy = 1.4521173806422734 dE =  7.10447E-02
SCF Iteration 451: Energy = 1.3810726605128225 dE = -7.10447E-02
SCF Iteration 452: Energy = 1.4521173806422729 dE =  7.10447E-02
SCF Iteration 453: Energy = 1.3810726605128194 dE = -7.10447E-02
SCF Iteration 454: Energy = 1.4521173806422698 dE =  7.10447E-02
SCF Iteration 455: Energy = 1.3810726605128216 dE = -7.10447E-02
SCF Iteration 456: Energy = 1.4521173806422734 dE =  7.10447E-02
SCF Iteration 457: Energy = 1.3810726605128241 dE = -7.10447E-02
SCF Iteration 458: Energy = 1.4521173806422738 dE =  7.10447E-02
SCF Iteration 459: Energy = 1.3810726605128218 dE = -7.10447E-02
SCF Iteration 460: Energy = 1.4521173806422714 dE =  7.10447E-02
SCF Iteration 461: Energy = 1.3810726605128207 dE = -7.10447E-02
SCF Iteration 462: Energy = 1.4521173806422700 dE =  7.10447E-02
SCF Iteration 463: Energy = 1.3810726605128221 dE = -7.10447E-02
SCF Iteration 464: Energy = 1.4521173806422703 dE =  7.10447E-02
SCF Iteration 465: Energy = 1.3810726605128214 dE = -7.10447E-02
SCF Iteration 466: Energy = 1.4521173806422729 dE =  7.10447E-02
SCF Iteration 467: Energy = 1.3810726605128225 dE = -7.10447E-02
SCF Iteration 468: Energy = 1.4521173806422727 dE =  7.10447E-02
SCF Iteration 469: Energy = 1.3810726605128261 dE = -7.10447E-02
SCF Iteration 470: Energy = 1.4521173806422738 dE =  7.10447E-02
SCF Iteration 471: Energy = 1.3810726605128234 dE = -7.10447E-02
SCF Iteration 472: Energy = 1.4521173806422716 dE =  7.10447E-02
SCF Iteration 473: Energy = 1.3810726605128221 dE = -7.10447E-02
SCF Iteration 474: Energy = 1.4521173806422738 dE =  7.10447E-02
SCF Iteration 475: Energy = 1.3810726605128230 dE = -7.10447E-02
SCF Iteration 476: Energy = 1.4521173806422729 dE =  7.10447E-02
SCF Iteration 477: Energy = 1.3810726605128243 dE = -7.10447E-02
SCF Iteration 478: Energy = 1.4521173806422711 dE =  7.10447E-02
SCF Iteration 479: Energy = 1.3810726605128230 dE = -7.10447E-02
SCF Iteration 480: Energy = 1.4521173806422760 dE =  7.10447E-02
SCF Iteration 481: Energy = 1.3810726605128281 dE = -7.10447E-02
SCF Iteration 482: Energy = 1.4521173806422756 dE =  7.10447E-02
SCF Iteration 483: Energy = 1.3810726605128294 dE = -7.10447E-02
SCF Iteration 484: Energy = 1.4521173806422796 dE =  7.10447E-02
SCF Iteration 485: Energy = 1.3810726605128265 dE = -7.10447E-02
SCF Iteration 486: Energy = 1.4521173806422727 dE =  7.10447E-02
SCF Iteration 487: Energy = 1.3810726605128241 dE = -7.10447E-02
SCF Iteration 488: Energy = 1.4521173806422765 dE =  7.10447E-02
SCF Iteration 489: Energy = 1.3810726605128252 dE = -7.10447E-02
SCF Iteration 490: Energy = 1.4521173806422747 dE =  7.10447E-02
SCF Iteration 491: Energy = 1.3810726605128223 dE = -7.10447E-02
SCF Iteration 492: Energy = 1.4521173806422738 dE =  7.10447E-02
SCF Iteration 493: Energy = 1.3810726605128256 dE = -7.10447E-02
SCF Iteration 494: Energy = 1.4521173806422756 dE =  7.10447E-02
SCF Iteration 495: Energy = 1.3810726605128285 dE = -7.10447E-02
SCF Iteration 496: Energy = 1.4521173806422740 dE =  7.10447E-02
SCF Iteration 497: Energy = 1.3810726605128232 dE = -7.10447E-02
SCF Iteration 498: Energy = 1.4521173806422742 dE =  7.10447E-02
SCF Iteration 499: Energy = 1.3810726605128230 dE = -7.10447E-02
SCF Iteration 500: Energy = 1.4521173806422754 dE =  7.10447E-02
