
  Memory set to  55.879 GiB by Python driver.
  Threads set to 1 by Python driver.
Settings:
	LOT = CCSD-S2-U22
	wc = 20.0 eV
	lambda = [0.48497 0.      0.     ] a.u.
	Equivalent A0 = LAMBDA / sqrt(2 wc) = [0.4 0.  0. ])
doing QED-CCSD-Full (or QED-CCSD-22)
Number of occupied orbitals:   1
Number of basis functions:  60
SCF Iteration   1: Energy = 0.3079626190389953 dE =  3.07963E-01
SCF Iteration   2: Energy = 0.6874217746656179 dE =  3.79459E-01
SCF Iteration   3: Energy = 0.4596491062633414 dE = -2.27773E-01
SCF Iteration   4: Energy = 0.7064361914563781 dE =  2.46787E-01
SCF Iteration   5: Energy = 0.4958129813080601 dE = -2.10623E-01
SCF Iteration   6: Energy = 0.7134782226775253 dE =  2.17665E-01
SCF Iteration   7: Energy = 0.5077622988657908 dE = -2.05716E-01
SCF Iteration   8: Energy = 0.7159865252291532 dE =  2.08224E-01
SCF Iteration   9: Energy = 0.5120329144617741 dE = -2.03954E-01
SCF Iteration  10: Energy = 0.7167420017770167 dE =  2.04709E-01
SCF Iteration  11: Energy = 0.5134911589282158 dE = -2.03251E-01
SCF Iteration  12: Energy = 0.7168796546173724 dE =  2.03388E-01
SCF Iteration  13: Energy = 0.5139290737781272 dE = -2.02951E-01
SCF Iteration  14: Energy = 0.7168369716282682 dE =  2.02908E-01
SCF Iteration  15: Energy = 0.5140204535492452 dE = -2.02817E-01
SCF Iteration  16: Energy = 0.7167642421925984 dE =  2.02744E-01
SCF Iteration  17: Energy = 0.5140095025216084 dE = -2.02755E-01
SCF Iteration  18: Energy = 0.7167039790010736 dE =  2.02694E-01
SCF Iteration  19: Energy = 0.5139784642236195 dE = -2.02726E-01
SCF Iteration  20: Energy = 0.7166625418259732 dE =  2.02684E-01
SCF Iteration  21: Energy = 0.5139511822269671 dE = -2.02711E-01
SCF Iteration  22: Energy = 0.7166363662077667 dE =  2.02685E-01
SCF Iteration  23: Energy = 0.5139320123285021 dE = -2.02704E-01
SCF Iteration  24: Energy = 0.7166205897570990 dE =  2.02689E-01
SCF Iteration  25: Energy = 0.5139197712035543 dE = -2.02701E-01
SCF Iteration  26: Energy = 0.7166113509075425 dE =  2.02692E-01
SCF Iteration  27: Energy = 0.5139123470050455 dE = -2.02699E-01
SCF Iteration  28: Energy = 0.7166060410825299 dE =  2.02694E-01
SCF Iteration  29: Energy = 0.5139079821844986 dE = -2.02698E-01
SCF Iteration  30: Energy = 0.7166030279125957 dE =  2.02695E-01
SCF Iteration  31: Energy = 0.5139054670560953 dE = -2.02698E-01
SCF Iteration  32: Energy = 0.7166013330734023 dE =  2.02696E-01
SCF Iteration  33: Energy = 0.5139040372447177 dE = -2.02697E-01
SCF Iteration  34: Energy = 0.7166003857146270 dE =  2.02696E-01
SCF Iteration  35: Energy = 0.5139032320016440 dE = -2.02697E-01
SCF Iteration  36: Energy = 0.7165998585458161 dE =  2.02697E-01
SCF Iteration  37: Energy = 0.5139027814962466 dE = -2.02697E-01
SCF Iteration  38: Energy = 0.7165995661492037 dE =  2.02697E-01
SCF Iteration  39: Energy = 0.5139025306463055 dE = -2.02697E-01
SCF Iteration  40: Energy = 0.7165994043541524 dE =  2.02697E-01
SCF Iteration  41: Energy = 0.5139023914463535 dE = -2.02697E-01
SCF Iteration  42: Energy = 0.7165993149816653 dE =  2.02697E-01
SCF Iteration  43: Energy = 0.5139023143950724 dE = -2.02697E-01
SCF Iteration  44: Energy = 0.7165992656770068 dE =  2.02697E-01
SCF Iteration  45: Energy = 0.5139022718227872 dE = -2.02697E-01
SCF Iteration  46: Energy = 0.7165992385023942 dE =  2.02697E-01
SCF Iteration  47: Energy = 0.5139022483323595 dE = -2.02697E-01
SCF Iteration  48: Energy = 0.7165992235353139 dE =  2.02697E-01
SCF Iteration  49: Energy = 0.5139022353836863 dE = -2.02697E-01
SCF Iteration  50: Energy = 0.7165992152960682 dE =  2.02697E-01
SCF Iteration  51: Energy = 0.5139022282511767 dE = -2.02697E-01
SCF Iteration  52: Energy = 0.7165992107621614 dE =  2.02697E-01
SCF Iteration  53: Energy = 0.5139022243245014 dE = -2.02697E-01
SCF Iteration  54: Energy = 0.7165992082679347 dE =  2.02697E-01
SCF Iteration  55: Energy = 0.5139022221636028 dE = -2.02697E-01
SCF Iteration  56: Energy = 0.7165992068960809 dE =  2.02697E-01
SCF Iteration  57: Energy = 0.5139022209747859 dE = -2.02697E-01
SCF Iteration  58: Energy = 0.7165992061416617 dE =  2.02697E-01
SCF Iteration  59: Energy = 0.5139022203209037 dE = -2.02697E-01
SCF Iteration  60: Energy = 0.7165992057268336 dE =  2.02697E-01
SCF Iteration  61: Energy = 0.5139022199613056 dE = -2.02697E-01
SCF Iteration  62: Energy = 0.7165992054987542 dE =  2.02697E-01
SCF Iteration  63: Energy = 0.5139022197635748 dE = -2.02697E-01
SCF Iteration  64: Energy = 0.7165992053733596 dE =  2.02697E-01
SCF Iteration  65: Energy = 0.5139022196548543 dE = -2.02697E-01
SCF Iteration  66: Energy = 0.7165992053044227 dE =  2.02697E-01
SCF Iteration  67: Energy = 0.5139022195950831 dE = -2.02697E-01
SCF Iteration  68: Energy = 0.7165992052665271 dE =  2.02697E-01
SCF Iteration  69: Energy = 0.5139022195622250 dE = -2.02697E-01
SCF Iteration  70: Energy = 0.7165992052456976 dE =  2.02697E-01
SCF Iteration  71: Energy = 0.5139022195441624 dE = -2.02697E-01
SCF Iteration  72: Energy = 0.7165992052342444 dE =  2.02697E-01
SCF Iteration  73: Energy = 0.5139022195342324 dE = -2.02697E-01
SCF Iteration  74: Energy = 0.7165992052279486 dE =  2.02697E-01
SCF Iteration  75: Energy = 0.5139022195287718 dE = -2.02697E-01
SCF Iteration  76: Energy = 0.7165992052244887 dE =  2.02697E-01
SCF Iteration  77: Energy = 0.5139022195257734 dE = -2.02697E-01
SCF Iteration  78: Energy = 0.7165992052225881 dE =  2.02697E-01
SCF Iteration  79: Energy = 0.5139022195241234 dE = -2.02697E-01
SCF Iteration  80: Energy = 0.7165992052215405 dE =  2.02697E-01
SCF Iteration  81: Energy = 0.5139022195232159 dE = -2.02697E-01
SCF Iteration  82: Energy = 0.7165992052209662 dE =  2.02697E-01
SCF Iteration  83: Energy = 0.5139022195227183 dE = -2.02697E-01
SCF Iteration  84: Energy = 0.7165992052206508 dE =  2.02697E-01
SCF Iteration  85: Energy = 0.5139022195224455 dE = -2.02697E-01
SCF Iteration  86: Energy = 0.7165992052204766 dE =  2.02697E-01
SCF Iteration  87: Energy = 0.5139022195222945 dE = -2.02697E-01
SCF Iteration  88: Energy = 0.7165992052203816 dE =  2.02697E-01
SCF Iteration  89: Energy = 0.5139022195222113 dE = -2.02697E-01
SCF Iteration  90: Energy = 0.7165992052203303 dE =  2.02697E-01
SCF Iteration  91: Energy = 0.5139022195221675 dE = -2.02697E-01
SCF Iteration  92: Energy = 0.7165992052203012 dE =  2.02697E-01
SCF Iteration  93: Energy = 0.5139022195221403 dE = -2.02697E-01
SCF Iteration  94: Energy = 0.7165992052202832 dE =  2.02697E-01
SCF Iteration  95: Energy = 0.5139022195221252 dE = -2.02697E-01
SCF Iteration  96: Energy = 0.7165992052202742 dE =  2.02697E-01
SCF Iteration  97: Energy = 0.5139022195221188 dE = -2.02697E-01
SCF Iteration  98: Energy = 0.7165992052202705 dE =  2.02697E-01
SCF Iteration  99: Energy = 0.5139022195221145 dE = -2.02697E-01
SCF Iteration 100: Energy = 0.7165992052202668 dE =  2.02697E-01
SCF Iteration 101: Energy = 0.5139022195221110 dE = -2.02697E-01
SCF Iteration 102: Energy = 0.7165992052202662 dE =  2.02697E-01
SCF Iteration 103: Energy = 0.5139022195221101 dE = -2.02697E-01
SCF Iteration 104: Energy = 0.7165992052202664 dE =  2.02697E-01
SCF Iteration 105: Energy = 0.5139022195221121 dE = -2.02697E-01
SCF Iteration 106: Energy = 0.7165992052202645 dE =  2.02697E-01
SCF Iteration 107: Energy = 0.5139022195221097 dE = -2.02697E-01
SCF Iteration 108: Energy = 0.7165992052202633 dE =  2.02697E-01
SCF Iteration 109: Energy = 0.5139022195221097 dE = -2.02697E-01
SCF Iteration 110: Energy = 0.7165992052202649 dE =  2.02697E-01
SCF Iteration 111: Energy = 0.5139022195221085 dE = -2.02697E-01
SCF Iteration 112: Energy = 0.7165992052202654 dE =  2.02697E-01
SCF Iteration 113: Energy = 0.5139022195221098 dE = -2.02697E-01
SCF Iteration 114: Energy = 0.7165992052202648 dE =  2.02697E-01
SCF Iteration 115: Energy = 0.5139022195221088 dE = -2.02697E-01
SCF Iteration 116: Energy = 0.7165992052202644 dE =  2.02697E-01
SCF Iteration 117: Energy = 0.5139022195221087 dE = -2.02697E-01
SCF Iteration 118: Energy = 0.7165992052202635 dE =  2.02697E-01
SCF Iteration 119: Energy = 0.5139022195221070 dE = -2.02697E-01
SCF Iteration 120: Energy = 0.7165992052202629 dE =  2.02697E-01
SCF Iteration 121: Energy = 0.5139022195221080 dE = -2.02697E-01
SCF Iteration 122: Energy = 0.7165992052202641 dE =  2.02697E-01
SCF Iteration 123: Energy = 0.5139022195221093 dE = -2.02697E-01
SCF Iteration 124: Energy = 0.7165992052202629 dE =  2.02697E-01
SCF Iteration 125: Energy = 0.5139022195221095 dE = -2.02697E-01
SCF Iteration 126: Energy = 0.7165992052202653 dE =  2.02697E-01
SCF Iteration 127: Energy = 0.5139022195221106 dE = -2.02697E-01
SCF Iteration 128: Energy = 0.7165992052202645 dE =  2.02697E-01
SCF Iteration 129: Energy = 0.5139022195221097 dE = -2.02697E-01
SCF Iteration 130: Energy = 0.7165992052202635 dE =  2.02697E-01
SCF Iteration 131: Energy = 0.5139022195221088 dE = -2.02697E-01
SCF Iteration 132: Energy = 0.7165992052202647 dE =  2.02697E-01
SCF Iteration 133: Energy = 0.5139022195221105 dE = -2.02697E-01
SCF Iteration 134: Energy = 0.7165992052202658 dE =  2.02697E-01
SCF Iteration 135: Energy = 0.5139022195221097 dE = -2.02697E-01
SCF Iteration 136: Energy = 0.7165992052202642 dE =  2.02697E-01
SCF Iteration 137: Energy = 0.5139022195221088 dE = -2.02697E-01
SCF Iteration 138: Energy = 0.7165992052202652 dE =  2.02697E-01
SCF Iteration 139: Energy = 0.5139022195221111 dE = -2.02697E-01
SCF Iteration 140: Energy = 0.7165992052202655 dE =  2.02697E-01
SCF Iteration 141: Energy = 0.5139022195221101 dE = -2.02697E-01
SCF Iteration 142: Energy = 0.7165992052202641 dE =  2.02697E-01
SCF Iteration 143: Energy = 0.5139022195221076 dE = -2.02697E-01
SCF Iteration 144: Energy = 0.7165992052202652 dE =  2.02697E-01
SCF Iteration 145: Energy = 0.5139022195221105 dE = -2.02697E-01
SCF Iteration 146: Energy = 0.7165992052202662 dE =  2.02697E-01
SCF Iteration 147: Energy = 0.5139022195221106 dE = -2.02697E-01
SCF Iteration 148: Energy = 0.7165992052202655 dE =  2.02697E-01
SCF Iteration 149: Energy = 0.5139022195221100 dE = -2.02697E-01
SCF Iteration 150: Energy = 0.7165992052202639 dE =  2.02697E-01
SCF Iteration 151: Energy = 0.5139022195221095 dE = -2.02697E-01
SCF Iteration 152: Energy = 0.7165992052202647 dE =  2.02697E-01
SCF Iteration 153: Energy = 0.5139022195221078 dE = -2.02697E-01
SCF Iteration 154: Energy = 0.7165992052202632 dE =  2.02697E-01
SCF Iteration 155: Energy = 0.5139022195221075 dE = -2.02697E-01
SCF Iteration 156: Energy = 0.7165992052202652 dE =  2.02697E-01
SCF Iteration 157: Energy = 0.5139022195221090 dE = -2.02697E-01
SCF Iteration 158: Energy = 0.7165992052202637 dE =  2.02697E-01
SCF Iteration 159: Energy = 0.5139022195221090 dE = -2.02697E-01
SCF Iteration 160: Energy = 0.7165992052202634 dE =  2.02697E-01
SCF Iteration 161: Energy = 0.5139022195221078 dE = -2.02697E-01
SCF Iteration 162: Energy = 0.7165992052202643 dE =  2.02697E-01
SCF Iteration 163: Energy = 0.5139022195221092 dE = -2.02697E-01
SCF Iteration 164: Energy = 0.7165992052202643 dE =  2.02697E-01
SCF Iteration 165: Energy = 0.5139022195221090 dE = -2.02697E-01
SCF Iteration 166: Energy = 0.7165992052202635 dE =  2.02697E-01
SCF Iteration 167: Energy = 0.5139022195221078 dE = -2.02697E-01
SCF Iteration 168: Energy = 0.7165992052202634 dE =  2.02697E-01
SCF Iteration 169: Energy = 0.5139022195221082 dE = -2.02697E-01
SCF Iteration 170: Energy = 0.7165992052202634 dE =  2.02697E-01
SCF Iteration 171: Energy = 0.5139022195221089 dE = -2.02697E-01
SCF Iteration 172: Energy = 0.7165992052202650 dE =  2.02697E-01
SCF Iteration 173: Energy = 0.5139022195221103 dE = -2.02697E-01
SCF Iteration 174: Energy = 0.7165992052202635 dE =  2.02697E-01
SCF Iteration 175: Energy = 0.5139022195221089 dE = -2.02697E-01
SCF Iteration 176: Energy = 0.7165992052202633 dE =  2.02697E-01
SCF Iteration 177: Energy = 0.5139022195221079 dE = -2.02697E-01
SCF Iteration 178: Energy = 0.7165992052202628 dE =  2.02697E-01
SCF Iteration 179: Energy = 0.5139022195221064 dE = -2.02697E-01
SCF Iteration 180: Energy = 0.7165992052202640 dE =  2.02697E-01
SCF Iteration 181: Energy = 0.5139022195221075 dE = -2.02697E-01
SCF Iteration 182: Energy = 0.7165992052202638 dE =  2.02697E-01
SCF Iteration 183: Energy = 0.5139022195221100 dE = -2.02697E-01
SCF Iteration 184: Energy = 0.7165992052202650 dE =  2.02697E-01
SCF Iteration 185: Energy = 0.5139022195221088 dE = -2.02697E-01
SCF Iteration 186: Energy = 0.7165992052202654 dE =  2.02697E-01
SCF Iteration 187: Energy = 0.5139022195221089 dE = -2.02697E-01
SCF Iteration 188: Energy = 0.7165992052202625 dE =  2.02697E-01
SCF Iteration 189: Energy = 0.5139022195221078 dE = -2.02697E-01
SCF Iteration 190: Energy = 0.7165992052202634 dE =  2.02697E-01
SCF Iteration 191: Energy = 0.5139022195221086 dE = -2.02697E-01
SCF Iteration 192: Energy = 0.7165992052202659 dE =  2.02697E-01
SCF Iteration 193: Energy = 0.5139022195221112 dE = -2.02697E-01
SCF Iteration 194: Energy = 0.7165992052202657 dE =  2.02697E-01
SCF Iteration 195: Energy = 0.5139022195221119 dE = -2.02697E-01
SCF Iteration 196: Energy = 0.7165992052202671 dE =  2.02697E-01
SCF Iteration 197: Energy = 0.5139022195221102 dE = -2.02697E-01
SCF Iteration 198: Energy = 0.7165992052202644 dE =  2.02697E-01
SCF Iteration 199: Energy = 0.5139022195221085 dE = -2.02697E-01
SCF Iteration 200: Energy = 0.7165992052202642 dE =  2.02697E-01
SCF Iteration 201: Energy = 0.5139022195221089 dE = -2.02697E-01
SCF Iteration 202: Energy = 0.7165992052202657 dE =  2.02697E-01
SCF Iteration 203: Energy = 0.5139022195221115 dE = -2.02697E-01
SCF Iteration 204: Energy = 0.7165992052202657 dE =  2.02697E-01
SCF Iteration 205: Energy = 0.5139022195221102 dE = -2.02697E-01
SCF Iteration 206: Energy = 0.7165992052202654 dE =  2.02697E-01
SCF Iteration 207: Energy = 0.5139022195221110 dE = -2.02697E-01
SCF Iteration 208: Energy = 0.7165992052202665 dE =  2.02697E-01
SCF Iteration 209: Energy = 0.5139022195221122 dE = -2.02697E-01
SCF Iteration 210: Energy = 0.7165992052202672 dE =  2.02697E-01
SCF Iteration 211: Energy = 0.5139022195221116 dE = -2.02697E-01
SCF Iteration 212: Energy = 0.7165992052202667 dE =  2.02697E-01
SCF Iteration 213: Energy = 0.5139022195221115 dE = -2.02697E-01
SCF Iteration 214: Energy = 0.7165992052202658 dE =  2.02697E-01
SCF Iteration 215: Energy = 0.5139022195221106 dE = -2.02697E-01
SCF Iteration 216: Energy = 0.7165992052202654 dE =  2.02697E-01
SCF Iteration 217: Energy = 0.5139022195221103 dE = -2.02697E-01
SCF Iteration 218: Energy = 0.7165992052202654 dE =  2.02697E-01
SCF Iteration 219: Energy = 0.5139022195221100 dE = -2.02697E-01
SCF Iteration 220: Energy = 0.7165992052202654 dE =  2.02697E-01
SCF Iteration 221: Energy = 0.5139022195221089 dE = -2.02697E-01
SCF Iteration 222: Energy = 0.7165992052202651 dE =  2.02697E-01
SCF Iteration 223: Energy = 0.5139022195221100 dE = -2.02697E-01
SCF Iteration 224: Energy = 0.7165992052202652 dE =  2.02697E-01
SCF Iteration 225: Energy = 0.5139022195221118 dE = -2.02697E-01
SCF Iteration 226: Energy = 0.7165992052202665 dE =  2.02697E-01
SCF Iteration 227: Energy = 0.5139022195221091 dE = -2.02697E-01
SCF Iteration 228: Energy = 0.7165992052202655 dE =  2.02697E-01
SCF Iteration 229: Energy = 0.5139022195221092 dE = -2.02697E-01
SCF Iteration 230: Energy = 0.7165992052202650 dE =  2.02697E-01
SCF Iteration 231: Energy = 0.5139022195221092 dE = -2.02697E-01
SCF Iteration 232: Energy = 0.7165992052202642 dE =  2.02697E-01
SCF Iteration 233: Energy = 0.5139022195221080 dE = -2.02697E-01
SCF Iteration 234: Energy = 0.7165992052202639 dE =  2.02697E-01
SCF Iteration 235: Energy = 0.5139022195221076 dE = -2.02697E-01
SCF Iteration 236: Energy = 0.7165992052202640 dE =  2.02697E-01
SCF Iteration 237: Energy = 0.5139022195221087 dE = -2.02697E-01
SCF Iteration 238: Energy = 0.7165992052202635 dE =  2.02697E-01
SCF Iteration 239: Energy = 0.5139022195221075 dE = -2.02697E-01
SCF Iteration 240: Energy = 0.7165992052202615 dE =  2.02697E-01
SCF Iteration 241: Energy = 0.5139022195221066 dE = -2.02697E-01
SCF Iteration 242: Energy = 0.7165992052202635 dE =  2.02697E-01
SCF Iteration 243: Energy = 0.5139022195221077 dE = -2.02697E-01
SCF Iteration 244: Energy = 0.7165992052202621 dE =  2.02697E-01
SCF Iteration 245: Energy = 0.5139022195221074 dE = -2.02697E-01
SCF Iteration 246: Energy = 0.7165992052202629 dE =  2.02697E-01
SCF Iteration 247: Energy = 0.5139022195221089 dE = -2.02697E-01
SCF Iteration 248: Energy = 0.7165992052202645 dE =  2.02697E-01
SCF Iteration 249: Energy = 0.5139022195221088 dE = -2.02697E-01
SCF Iteration 250: Energy = 0.7165992052202644 dE =  2.02697E-01
SCF Iteration 251: Energy = 0.5139022195221095 dE = -2.02697E-01
SCF Iteration 252: Energy = 0.7165992052202640 dE =  2.02697E-01
SCF Iteration 253: Energy = 0.5139022195221096 dE = -2.02697E-01
SCF Iteration 254: Energy = 0.7165992052202652 dE =  2.02697E-01
SCF Iteration 255: Energy = 0.5139022195221086 dE = -2.02697E-01
SCF Iteration 256: Energy = 0.7165992052202645 dE =  2.02697E-01
SCF Iteration 257: Energy = 0.5139022195221076 dE = -2.02697E-01
SCF Iteration 258: Energy = 0.7165992052202641 dE =  2.02697E-01
SCF Iteration 259: Energy = 0.5139022195221086 dE = -2.02697E-01
SCF Iteration 260: Energy = 0.7165992052202633 dE =  2.02697E-01
SCF Iteration 261: Energy = 0.5139022195221093 dE = -2.02697E-01
SCF Iteration 262: Energy = 0.7165992052202651 dE =  2.02697E-01
SCF Iteration 263: Energy = 0.5139022195221100 dE = -2.02697E-01
SCF Iteration 264: Energy = 0.7165992052202638 dE =  2.02697E-01
SCF Iteration 265: Energy = 0.5139022195221097 dE = -2.02697E-01
SCF Iteration 266: Energy = 0.7165992052202628 dE =  2.02697E-01
SCF Iteration 267: Energy = 0.5139022195221085 dE = -2.02697E-01
SCF Iteration 268: Energy = 0.7165992052202618 dE =  2.02697E-01
SCF Iteration 269: Energy = 0.5139022195221074 dE = -2.02697E-01
SCF Iteration 270: Energy = 0.7165992052202603 dE =  2.02697E-01
SCF Iteration 271: Energy = 0.5139022195221072 dE = -2.02697E-01
SCF Iteration 272: Energy = 0.7165992052202595 dE =  2.02697E-01
SCF Iteration 273: Energy = 0.5139022195221052 dE = -2.02697E-01
SCF Iteration 274: Energy = 0.7165992052202581 dE =  2.02697E-01
SCF Iteration 275: Energy = 0.5139022195221045 dE = -2.02697E-01
SCF Iteration 276: Energy = 0.7165992052202574 dE =  2.02697E-01
SCF Iteration 277: Energy = 0.5139022195221025 dE = -2.02697E-01
SCF Iteration 278: Energy = 0.7165992052202570 dE =  2.02697E-01
SCF Iteration 279: Energy = 0.5139022195221016 dE = -2.02697E-01
SCF Iteration 280: Energy = 0.7165992052202546 dE =  2.02697E-01
SCF Iteration 281: Energy = 0.5139022195220995 dE = -2.02697E-01
SCF Iteration 282: Energy = 0.7165992052202516 dE =  2.02697E-01
SCF Iteration 283: Energy = 0.5139022195220979 dE = -2.02697E-01
SCF Iteration 284: Energy = 0.7165992052202476 dE =  2.02697E-01
SCF Iteration 285: Energy = 0.5139022195220944 dE = -2.02697E-01
SCF Iteration 286: Energy = 0.7165992052202423 dE =  2.02697E-01
SCF Iteration 287: Energy = 0.5139022195220897 dE = -2.02697E-01
SCF Iteration 288: Energy = 0.7165992052202381 dE =  2.02697E-01
SCF Iteration 289: Energy = 0.5139022195220858 dE = -2.02697E-01
SCF Iteration 290: Energy = 0.7165992052202323 dE =  2.02697E-01
SCF Iteration 291: Energy = 0.5139022195220819 dE = -2.02697E-01
SCF Iteration 292: Energy = 0.7165992052202240 dE =  2.02697E-01
SCF Iteration 293: Energy = 0.5139022195220742 dE = -2.02697E-01
SCF Iteration 294: Energy = 0.7165992052202130 dE =  2.02697E-01
SCF Iteration 295: Energy = 0.5139022195220655 dE = -2.02697E-01
SCF Iteration 296: Energy = 0.7165992052202016 dE =  2.02697E-01
SCF Iteration 297: Energy = 0.5139022195220551 dE = -2.02697E-01
SCF Iteration 298: Energy = 0.7165992052201858 dE =  2.02697E-01
SCF Iteration 299: Energy = 0.5139022195220422 dE = -2.02697E-01
SCF Iteration 300: Energy = 0.7165992052201635 dE =  2.02697E-01
SCF Iteration 301: Energy = 0.5139022195220216 dE = -2.02697E-01
SCF Iteration 302: Energy = 0.7165992052201361 dE =  2.02697E-01
SCF Iteration 303: Energy = 0.5139022195220003 dE = -2.02697E-01
SCF Iteration 304: Energy = 0.7165992052201026 dE =  2.02697E-01
SCF Iteration 305: Energy = 0.5139022195219710 dE = -2.02697E-01
SCF Iteration 306: Energy = 0.7165992052200609 dE =  2.02697E-01
SCF Iteration 307: Energy = 0.5139022195219347 dE = -2.02697E-01
SCF Iteration 308: Energy = 0.7165992052200073 dE =  2.02697E-01
SCF Iteration 309: Energy = 0.5139022195218873 dE = -2.02697E-01
SCF Iteration 310: Energy = 0.7165992052199375 dE =  2.02697E-01
SCF Iteration 311: Energy = 0.5139022195218297 dE = -2.02697E-01
SCF Iteration 312: Energy = 0.7165992052198498 dE =  2.02697E-01
SCF Iteration 313: Energy = 0.5139022195217532 dE = -2.02697E-01
SCF Iteration 314: Energy = 0.7165992052197381 dE =  2.02697E-01
SCF Iteration 315: Energy = 0.5139022195216555 dE = -2.02697E-01
SCF Iteration 316: Energy = 0.7165992052195953 dE =  2.02697E-01
SCF Iteration 317: Energy = 0.5139022195215357 dE = -2.02697E-01
SCF Iteration 318: Energy = 0.7165992052194203 dE =  2.02697E-01
SCF Iteration 319: Energy = 0.5139022195213838 dE = -2.02697E-01
SCF Iteration 320: Energy = 0.7165992052191973 dE =  2.02697E-01
SCF Iteration 321: Energy = 0.5139022195211924 dE = -2.02697E-01
SCF Iteration 322: Energy = 0.7165992052189144 dE =  2.02697E-01
SCF Iteration 323: Energy = 0.5139022195209499 dE = -2.02697E-01
SCF Iteration 324: Energy = 0.7165992052185586 dE =  2.02697E-01
SCF Iteration 325: Energy = 0.5139022195206453 dE = -2.02697E-01
SCF Iteration 326: Energy = 0.7165992052181075 dE =  2.02697E-01
SCF Iteration 327: Energy = 0.5139022195202562 dE = -2.02697E-01
SCF Iteration 328: Energy = 0.7165992052175347 dE =  2.02697E-01
SCF Iteration 329: Energy = 0.5139022195197638 dE = -2.02697E-01
SCF Iteration 330: Energy = 0.7165992052168091 dE =  2.02697E-01
SCF Iteration 331: Energy = 0.5139022195191404 dE = -2.02697E-01
SCF Iteration 332: Energy = 0.7165992052158919 dE =  2.02697E-01
SCF Iteration 333: Energy = 0.5139022195183557 dE = -2.02697E-01
SCF Iteration 334: Energy = 0.7165992052147339 dE =  2.02697E-01
SCF Iteration 335: Energy = 0.5139022195173604 dE = -2.02697E-01
SCF Iteration 336: Energy = 0.7165992052132686 dE =  2.02697E-01
SCF Iteration 337: Energy = 0.5139022195161029 dE = -2.02697E-01
SCF Iteration 338: Energy = 0.7165992052114135 dE =  2.02697E-01
SCF Iteration 339: Energy = 0.5139022195145112 dE = -2.02697E-01
SCF Iteration 340: Energy = 0.7165992052090665 dE =  2.02697E-01
SCF Iteration 341: Energy = 0.5139022195124959 dE = -2.02697E-01
SCF Iteration 342: Energy = 0.7165992052060978 dE =  2.02697E-01
SCF Iteration 343: Energy = 0.5139022195099476 dE = -2.02697E-01
SCF Iteration 344: Energy = 0.7165992052023410 dE =  2.02697E-01
SCF Iteration 345: Energy = 0.5139022195067223 dE = -2.02697E-01
SCF Iteration 346: Energy = 0.7165992051975898 dE =  2.02697E-01
SCF Iteration 347: Energy = 0.5139022195026430 dE = -2.02697E-01
SCF Iteration 348: Energy = 0.7165992051915793 dE =  2.02697E-01
SCF Iteration 349: Energy = 0.5139022194974853 dE = -2.02697E-01
SCF Iteration 350: Energy = 0.7165992051839761 dE =  2.02697E-01
SCF Iteration 351: Energy = 0.5139022194909567 dE = -2.02697E-01
SCF Iteration 352: Energy = 0.7165992051743590 dE =  2.02697E-01
SCF Iteration 353: Energy = 0.5139022194827024 dE = -2.02697E-01
SCF Iteration 354: Energy = 0.7165992051621912 dE =  2.02697E-01
SCF Iteration 355: Energy = 0.5139022194722573 dE = -2.02697E-01
SCF Iteration 356: Energy = 0.7165992051467968 dE =  2.02697E-01
SCF Iteration 357: Energy = 0.5139022194590404 dE = -2.02697E-01
SCF Iteration 358: Energy = 0.7165992051273226 dE =  2.02697E-01
SCF Iteration 359: Energy = 0.5139022194423239 dE = -2.02697E-01
SCF Iteration 360: Energy = 0.7165992051026869 dE =  2.02697E-01
SCF Iteration 361: Energy = 0.5139022194211756 dE = -2.02697E-01
SCF Iteration 362: Energy = 0.7165992050715212 dE =  2.02697E-01
SCF Iteration 363: Energy = 0.5139022193944189 dE = -2.02697E-01
SCF Iteration 364: Energy = 0.7165992050320935 dE =  2.02697E-01
SCF Iteration 365: Energy = 0.5139022193605741 dE = -2.02697E-01
SCF Iteration 366: Energy = 0.7165992049822182 dE =  2.02697E-01
SCF Iteration 367: Energy = 0.5139022193177607 dE = -2.02697E-01
SCF Iteration 368: Energy = 0.7165992049191200 dE =  2.02697E-01
SCF Iteration 369: Energy = 0.5139022192635946 dE = -2.02697E-01
SCF Iteration 370: Energy = 0.7165992048392957 dE =  2.02697E-01
SCF Iteration 371: Energy = 0.5139022191950710 dE = -2.02697E-01
SCF Iteration 372: Energy = 0.7165992047383170 dE =  2.02697E-01
SCF Iteration 373: Energy = 0.5139022191083862 dE = -2.02697E-01
SCF Iteration 374: Energy = 0.7165992046105678 dE =  2.02697E-01
SCF Iteration 375: Energy = 0.5139022189987215 dE = -2.02697E-01
SCF Iteration 376: Energy = 0.7165992044489561 dE =  2.02697E-01
SCF Iteration 377: Energy = 0.5139022188599882 dE = -2.02697E-01
SCF Iteration 378: Energy = 0.7165992042445088 dE =  2.02697E-01
SCF Iteration 379: Energy = 0.5139022186844802 dE = -2.02697E-01
SCF Iteration 380: Energy = 0.7165992039858681 dE =  2.02697E-01
SCF Iteration 381: Energy = 0.5139022184624541 dE = -2.02697E-01
SCF Iteration 382: Energy = 0.7165992036586690 dE =  2.02697E-01
SCF Iteration 383: Energy = 0.5139022181815752 dE = -2.02697E-01
SCF Iteration 384: Energy = 0.7165992032447442 dE =  2.02697E-01
SCF Iteration 385: Energy = 0.5139022178262477 dE = -2.02697E-01
SCF Iteration 386: Energy = 0.7165992027211034 dE =  2.02697E-01
SCF Iteration 387: Energy = 0.5139022173767310 dE = -2.02697E-01
SCF Iteration 388: Energy = 0.7165992020586591 dE =  2.02697E-01
SCF Iteration 389: Energy = 0.5139022168080630 dE = -2.02697E-01
SCF Iteration 390: Energy = 0.7165992012206239 dE =  2.02697E-01
SCF Iteration 391: Energy = 0.5139022160886612 dE = -2.02697E-01
SCF Iteration 392: Energy = 0.7165992001604538 dE =  2.02697E-01
SCF Iteration 393: Energy = 0.5139022151785706 dE = -2.02697E-01
SCF Iteration 394: Energy = 0.7165991988192693 dE =  2.02697E-01
SCF Iteration 395: Energy = 0.5139022140272460 dE = -2.02697E-01
SCF Iteration 396: Energy = 0.7165991971225814 dE =  2.02697E-01
SCF Iteration 397: Energy = 0.5139022125707426 dE = -2.02697E-01
SCF Iteration 398: Energy = 0.7165991949761569 dE =  2.02697E-01
SCF Iteration 399: Energy = 0.5139022107281687 dE = -2.02697E-01
SCF Iteration 400: Energy = 0.7165991922607896 dE =  2.02697E-01
SCF Iteration 401: Energy = 0.5139022083971918 dE = -2.02697E-01
SCF Iteration 402: Energy = 0.7165991888256705 dE =  2.02697E-01
SCF Iteration 403: Energy = 0.5139022054483554 dE = -2.02697E-01
SCF Iteration 404: Energy = 0.7165991844800194 dE =  2.02697E-01
SCF Iteration 405: Energy = 0.5139022017178793 dE = -2.02697E-01
SCF Iteration 406: Energy = 0.7165991789824813 dE =  2.02697E-01
SCF Iteration 407: Energy = 0.5139021969985772 dE = -2.02697E-01
SCF Iteration 408: Energy = 0.7165991720277297 dE =  2.02697E-01
SCF Iteration 409: Energy = 0.5139021910283472 dE = -2.02697E-01
SCF Iteration 410: Energy = 0.7165991632295088 dE =  2.02697E-01
SCF Iteration 411: Energy = 0.5139021834756133 dE = -2.02697E-01
SCF Iteration 412: Energy = 0.7165991520991762 dE =  2.02697E-01
SCF Iteration 413: Energy = 0.5139021739209045 dE = -2.02697E-01
SCF Iteration 414: Energy = 0.7165991380185734 dE =  2.02697E-01
SCF Iteration 415: Energy = 0.5139021618335670 dE = -2.02697E-01
SCF Iteration 416: Energy = 0.7165991202056711 dE =  2.02697E-01
SCF Iteration 417: Energy = 0.5139021465422811 dE = -2.02697E-01
SCF Iteration 418: Energy = 0.7165990976711746 dE =  2.02697E-01
SCF Iteration 419: Energy = 0.5139021271977946 dE = -2.02697E-01
SCF Iteration 420: Energy = 0.7165990691635451 dE =  2.02697E-01
SCF Iteration 421: Energy = 0.5139021027257382 dE = -2.02697E-01
SCF Iteration 422: Energy = 0.7165990330995046 dE =  2.02697E-01
SCF Iteration 423: Energy = 0.5139020717669655 dE = -2.02697E-01
SCF Iteration 424: Energy = 0.7165989874761054 dE =  2.02697E-01
SCF Iteration 425: Energy = 0.5139020326020700 dE = -2.02697E-01
SCF Iteration 426: Energy = 0.7165989297594896 dE =  2.02697E-01
SCF Iteration 427: Energy = 0.5139019830558869 dE = -2.02697E-01
SCF Iteration 428: Energy = 0.7165988567441524 dE =  2.02697E-01
SCF Iteration 429: Energy = 0.5139019203766881 dE = -2.02697E-01
SCF Iteration 430: Energy = 0.7165987643749225 dE =  2.02697E-01
SCF Iteration 431: Energy = 0.5139018410833562 dE = -2.02697E-01
SCF Iteration 432: Energy = 0.7165986475217416 dE =  2.02697E-01
SCF Iteration 433: Energy = 0.5139017407720518 dE = -2.02697E-01
SCF Iteration 434: Energy = 0.7165984996947490 dE =  2.02697E-01
SCF Iteration 435: Energy = 0.5139016138716282 dE = -2.02697E-01
SCF Iteration 436: Energy = 0.7165983126838480 dE =  2.02697E-01
SCF Iteration 437: Energy = 0.5139014533342176 dE = -2.02697E-01
SCF Iteration 438: Energy = 0.7165980761027253 dE =  2.02697E-01
SCF Iteration 439: Energy = 0.5139012502438101 dE = -2.02697E-01
SCF Iteration 440: Energy = 0.7165977768120251 dE =  2.02697E-01
SCF Iteration 441: Energy = 0.5139009933210765 dE = -2.02697E-01
SCF Iteration 442: Energy = 0.7165973981896093 dE =  2.02696E-01
SCF Iteration 443: Energy = 0.5139006682969263 dE = -2.02697E-01
SCF Iteration 444: Energy = 0.7165969192074015 dE =  2.02696E-01
SCF Iteration 445: Energy = 0.5139002571200598 dE = -2.02697E-01
SCF Iteration 446: Energy = 0.7165963132635557 dE =  2.02696E-01
SCF Iteration 447: Energy = 0.5138997369544255 dE = -2.02697E-01
SCF Iteration 448: Energy = 0.7165955467050424 dE =  2.02696E-01
SCF Iteration 449: Energy = 0.5138990789109786 dE = -2.02696E-01
SCF Iteration 450: Energy = 0.7165945769586974 dE =  2.02695E-01
SCF Iteration 451: Energy = 0.5138982464432948 dE = -2.02696E-01
SCF Iteration 452: Energy = 0.7165933501668520 dE =  2.02695E-01
SCF Iteration 453: Energy = 0.5138971933179107 dE = -2.02696E-01
SCF Iteration 454: Energy = 0.7165917981963303 dE =  2.02695E-01
SCF Iteration 455: Energy = 0.5138958610467483 dE = -2.02696E-01
SCF Iteration 456: Energy = 0.7165898348547102 dE =  2.02694E-01
SCF Iteration 457: Energy = 0.5138941756390110 dE = -2.02696E-01
SCF Iteration 458: Energy = 0.7165873511037277 dE =  2.02693E-01
SCF Iteration 459: Energy = 0.5138920434922427 dE = -2.02695E-01
SCF Iteration 460: Energy = 0.7165842090041695 dE =  2.02692E-01
SCF Iteration 461: Energy = 0.5138893461943996 dE = -2.02695E-01
SCF Iteration 462: Energy = 0.7165802340560292 dE =  2.02691E-01
SCF Iteration 463: Energy = 0.5138859339484466 dE = -2.02694E-01
SCF Iteration 464: Energy = 0.7165752055088371 dE =  2.02689E-01
SCF Iteration 465: Energy = 0.5138816172544810 dE = -2.02694E-01
SCF Iteration 466: Energy = 0.7165688441043674 dE =  2.02687E-01
SCF Iteration 467: Energy = 0.5138761563877844 dE = -2.02693E-01
SCF Iteration 468: Energy = 0.7165607965716512 dE =  2.02685E-01
SCF Iteration 469: Energy = 0.5138692480890775 dE = -2.02692E-01
SCF Iteration 470: Energy = 0.7165506160142403 dE =  2.02681E-01
SCF Iteration 471: Energy = 0.5138605087286617 dE = -2.02690E-01
SCF Iteration 472: Energy = 0.7165377371020627 dE =  2.02677E-01
SCF Iteration 473: Energy = 0.5138494530109546 dE = -2.02688E-01
SCF Iteration 474: Energy = 0.7165214446928090 dE =  2.02672E-01
SCF Iteration 475: Energy = 0.5138354670391709 dE = -2.02686E-01
SCF Iteration 476: Energy = 0.7165008341443950 dE =  2.02665E-01
SCF Iteration 477: Energy = 0.5138177742480330 dE = -2.02683E-01
SCF Iteration 478: Energy = 0.7164747611211645 dE =  2.02657E-01
SCF Iteration 479: Energy = 0.5137953923187744 dE = -2.02679E-01
SCF Iteration 480: Energy = 0.7164417781171509 dE =  2.02646E-01
SCF Iteration 481: Energy = 0.5137670786934947 dE = -2.02675E-01
SCF Iteration 482: Energy = 0.7164000541885600 dE =  2.02633E-01
SCF Iteration 483: Energy = 0.5137312616788495 dE = -2.02669E-01
SCF Iteration 484: Energy = 0.7163472734657048 dE =  2.02616E-01
SCF Iteration 485: Energy = 0.5136859533382251 dE = -2.02661E-01
SCF Iteration 486: Energy = 0.7162805068528908 dE =  2.02595E-01
SCF Iteration 487: Energy = 0.5136286393755164 dE = -2.02652E-01
SCF Iteration 488: Energy = 0.7161960498627291 dE =  2.02567E-01
SCF Iteration 489: Energy = 0.5135561399603206 dE = -2.02640E-01
SCF Iteration 490: Energy = 0.7160892176936970 dE =  2.02533E-01
SCF Iteration 491: Energy = 0.5134644338697719 dE = -2.02625E-01
SCF Iteration 492: Energy = 0.7159540863542236 dE =  2.02490E-01
SCF Iteration 493: Energy = 0.5133484363477213 dE = -2.02606E-01
SCF Iteration 494: Energy = 0.7157831657506752 dE =  2.02435E-01
SCF Iteration 495: Energy = 0.5132017186120336 dE = -2.02581E-01
SCF Iteration 496: Energy = 0.7155669870545937 dE =  2.02365E-01
SCF Iteration 497: Energy = 0.5130161538604837 dE = -2.02551E-01
SCF Iteration 498: Energy = 0.7152935821862335 dE =  2.02277E-01
SCF Iteration 499: Energy = 0.5127814708003390 dE = -2.02512E-01
SCF Iteration 500: Energy = 0.7149478277108148 dE =  2.02166E-01
