
  Memory set to  55.879 GiB by Python driver.
  Threads set to 1 by Python driver.
Settings:
	LOT = CCSD-S2-U22
	wc = 20.0 eV
	lambda = [0.48497 0.      0.     ] a.u.
	Equivalent A0 = LAMBDA / sqrt(2 wc) = [0.4 0.  0. ])
doing QED-CCSD-Full (or QED-CCSD-22)
Number of occupied orbitals:   1
Number of basis functions:  60
SCF Iteration   1: Energy = 0.1702285776425330 dE =  1.70229E-01
SCF Iteration   2: Energy = 0.5859257180975921 dE =  4.15697E-01
SCF Iteration   3: Energy = 0.3202473049610456 dE = -2.65678E-01
SCF Iteration   4: Energy = 0.6040215742249038 dE =  2.83774E-01
SCF Iteration   5: Energy = 0.3527253580977773 dE = -2.51296E-01
SCF Iteration   6: Energy = 0.6104384080792968 dE =  2.57713E-01
SCF Iteration   7: Energy = 0.3630912353530530 dE = -2.47347E-01
SCF Iteration   8: Energy = 0.6127019204545840 dE =  2.49611E-01
SCF Iteration   9: Energy = 0.3666905729208205 dE = -2.46011E-01
SCF Iteration  10: Energy = 0.6134179459996920 dE =  2.46727E-01
SCF Iteration  11: Energy = 0.3679052927395758 dE = -2.45513E-01
SCF Iteration  12: Energy = 0.6135991953829263 dE =  2.45694E-01
SCF Iteration  13: Energy = 0.3682846515684802 dE = -2.45315E-01
SCF Iteration  14: Energy = 0.6136175206172209 dE =  2.45333E-01
SCF Iteration  15: Energy = 0.3683848026610971 dE = -2.45233E-01
SCF Iteration  16: Energy = 0.6135974809908884 dE =  2.45213E-01
SCF Iteration  17: Energy = 0.3683995596833608 dE = -2.45198E-01
SCF Iteration  18: Energy = 0.6135756330925313 dE =  2.45176E-01
SCF Iteration  19: Energy = 0.3683928993312169 dE = -2.45183E-01
SCF Iteration  20: Energy = 0.6135598648185459 dE =  2.45167E-01
SCF Iteration  21: Energy = 0.3683839283108659 dE = -2.45176E-01
SCF Iteration  22: Energy = 0.6135499642777853 dE =  2.45166E-01
SCF Iteration  23: Energy = 0.3683771446062190 dE = -2.45173E-01
SCF Iteration  24: Energy = 0.6135441579812868 dE =  2.45167E-01
SCF Iteration  25: Energy = 0.3683728004577085 dE = -2.45171E-01
SCF Iteration  26: Energy = 0.6135408832571277 dE =  2.45168E-01
SCF Iteration  27: Energy = 0.3683702259253789 dE = -2.45171E-01
SCF Iteration  28: Energy = 0.6135390807413887 dE =  2.45169E-01
SCF Iteration  29: Energy = 0.3683687647818706 dE = -2.45170E-01
SCF Iteration  30: Energy = 0.6135381042975263 dE =  2.45169E-01
SCF Iteration  31: Energy = 0.3683679572969585 dE = -2.45170E-01
SCF Iteration  32: Energy = 0.6135375810470526 dE =  2.45170E-01
SCF Iteration  33: Energy = 0.3683675187048295 dE = -2.45170E-01
SCF Iteration  34: Energy = 0.6135373027513504 dE =  2.45170E-01
SCF Iteration  35: Energy = 0.3683672832446847 dE = -2.45170E-01
SCF Iteration  36: Energy = 0.6135371555194625 dE =  2.45170E-01
SCF Iteration  37: Energy = 0.3683671578527926 dE = -2.45170E-01
SCF Iteration  38: Energy = 0.6135370779202499 dE =  2.45170E-01
SCF Iteration  39: Energy = 0.3683670914543182 dE = -2.45170E-01
SCF Iteration  40: Energy = 0.6135370371319950 dE =  2.45170E-01
SCF Iteration  41: Energy = 0.3683670564360355 dE = -2.45170E-01
SCF Iteration  42: Energy = 0.6135370157345184 dE =  2.45170E-01
SCF Iteration  43: Energy = 0.3683670380208927 dE = -2.45170E-01
SCF Iteration  44: Energy = 0.6135370045253522 dE =  2.45170E-01
SCF Iteration  45: Energy = 0.3683670283570682 dE = -2.45170E-01
SCF Iteration  46: Energy = 0.6135369986594374 dE =  2.45170E-01
SCF Iteration  47: Energy = 0.3683670232933888 dE = -2.45170E-01
SCF Iteration  48: Energy = 0.6135369955920261 dE =  2.45170E-01
SCF Iteration  49: Energy = 0.3683670206430220 dE = -2.45170E-01
SCF Iteration  50: Energy = 0.6135369939888977 dE =  2.45170E-01
SCF Iteration  51: Energy = 0.3683670192569098 dE = -2.45170E-01
SCF Iteration  52: Energy = 0.6135369931513819 dE =  2.45170E-01
SCF Iteration  53: Energy = 0.3683670185324119 dE = -2.45170E-01
SCF Iteration  54: Energy = 0.6135369927139717 dE =  2.45170E-01
SCF Iteration  55: Energy = 0.3683670181538883 dE = -2.45170E-01
SCF Iteration  56: Energy = 0.6135369924855730 dE =  2.45170E-01
SCF Iteration  57: Energy = 0.3683670179561876 dE = -2.45170E-01
SCF Iteration  58: Energy = 0.6135369923663310 dE =  2.45170E-01
SCF Iteration  59: Energy = 0.3683670178529519 dE = -2.45170E-01
SCF Iteration  60: Energy = 0.6135369923040856 dE =  2.45170E-01
SCF Iteration  61: Energy = 0.3683670177990549 dE = -2.45170E-01
SCF Iteration  62: Energy = 0.6135369922715981 dE =  2.45170E-01
SCF Iteration  63: Energy = 0.3683670177709196 dE = -2.45170E-01
SCF Iteration  64: Energy = 0.6135369922546381 dE =  2.45170E-01
SCF Iteration  65: Energy = 0.3683670177562322 dE = -2.45170E-01
SCF Iteration  66: Energy = 0.6135369922457888 dE =  2.45170E-01
SCF Iteration  67: Energy = 0.3683670177485667 dE = -2.45170E-01
SCF Iteration  68: Energy = 0.6135369922411684 dE =  2.45170E-01
SCF Iteration  69: Energy = 0.3683670177445665 dE = -2.45170E-01
SCF Iteration  70: Energy = 0.6135369922387579 dE =  2.45170E-01
SCF Iteration  71: Energy = 0.3683670177424774 dE = -2.45170E-01
SCF Iteration  72: Energy = 0.6135369922374985 dE =  2.45170E-01
SCF Iteration  73: Energy = 0.3683670177413861 dE = -2.45170E-01
SCF Iteration  74: Energy = 0.6135369922368417 dE =  2.45170E-01
SCF Iteration  75: Energy = 0.3683670177408171 dE = -2.45170E-01
SCF Iteration  76: Energy = 0.6135369922364990 dE =  2.45170E-01
SCF Iteration  77: Energy = 0.3683670177405209 dE = -2.45170E-01
SCF Iteration  78: Energy = 0.6135369922363201 dE =  2.45170E-01
SCF Iteration  79: Energy = 0.3683670177403663 dE = -2.45170E-01
SCF Iteration  80: Energy = 0.6135369922362270 dE =  2.45170E-01
SCF Iteration  81: Energy = 0.3683670177402869 dE = -2.45170E-01
SCF Iteration  82: Energy = 0.6135369922361782 dE =  2.45170E-01
SCF Iteration  83: Energy = 0.3683670177402448 dE = -2.45170E-01
SCF Iteration  84: Energy = 0.6135369922361524 dE =  2.45170E-01
SCF Iteration  85: Energy = 0.3683670177402209 dE = -2.45170E-01
SCF Iteration  86: Energy = 0.6135369922361402 dE =  2.45170E-01
SCF Iteration  87: Energy = 0.3683670177402108 dE = -2.45170E-01
SCF Iteration  88: Energy = 0.6135369922361325 dE =  2.45170E-01
SCF Iteration  89: Energy = 0.3683670177402031 dE = -2.45170E-01
SCF Iteration  90: Energy = 0.6135369922361302 dE =  2.45170E-01
SCF Iteration  91: Energy = 0.3683670177402015 dE = -2.45170E-01
SCF Iteration  92: Energy = 0.6135369922361278 dE =  2.45170E-01
SCF Iteration  93: Energy = 0.3683670177402003 dE = -2.45170E-01
SCF Iteration  94: Energy = 0.6135369922361280 dE =  2.45170E-01
SCF Iteration  95: Energy = 0.3683670177401998 dE = -2.45170E-01
SCF Iteration  96: Energy = 0.6135369922361262 dE =  2.45170E-01
SCF Iteration  97: Energy = 0.3683670177401986 dE = -2.45170E-01
SCF Iteration  98: Energy = 0.6135369922361249 dE =  2.45170E-01
SCF Iteration  99: Energy = 0.3683670177401986 dE = -2.45170E-01
SCF Iteration 100: Energy = 0.6135369922361260 dE =  2.45170E-01
SCF Iteration 101: Energy = 0.3683670177401979 dE = -2.45170E-01
SCF Iteration 102: Energy = 0.6135369922361247 dE =  2.45170E-01
SCF Iteration 103: Energy = 0.3683670177401969 dE = -2.45170E-01
SCF Iteration 104: Energy = 0.6135369922361247 dE =  2.45170E-01
SCF Iteration 105: Energy = 0.3683670177401971 dE = -2.45170E-01
SCF Iteration 106: Energy = 0.6135369922361245 dE =  2.45170E-01
SCF Iteration 107: Energy = 0.3683670177401980 dE = -2.45170E-01
SCF Iteration 108: Energy = 0.6135369922361261 dE =  2.45170E-01
SCF Iteration 109: Energy = 0.3683670177401980 dE = -2.45170E-01
SCF Iteration 110: Energy = 0.6135369922361256 dE =  2.45170E-01
SCF Iteration 111: Energy = 0.3683670177401974 dE = -2.45170E-01
SCF Iteration 112: Energy = 0.6135369922361260 dE =  2.45170E-01
SCF Iteration 113: Energy = 0.3683670177401982 dE = -2.45170E-01
SCF Iteration 114: Energy = 0.6135369922361259 dE =  2.45170E-01
SCF Iteration 115: Energy = 0.3683670177401989 dE = -2.45170E-01
SCF Iteration 116: Energy = 0.6135369922361256 dE =  2.45170E-01
SCF Iteration 117: Energy = 0.3683670177401969 dE = -2.45170E-01
SCF Iteration 118: Energy = 0.6135369922361248 dE =  2.45170E-01
SCF Iteration 119: Energy = 0.3683670177401972 dE = -2.45170E-01
SCF Iteration 120: Energy = 0.6135369922361245 dE =  2.45170E-01
SCF Iteration 121: Energy = 0.3683670177401958 dE = -2.45170E-01
SCF Iteration 122: Energy = 0.6135369922361248 dE =  2.45170E-01
SCF Iteration 123: Energy = 0.3683670177401970 dE = -2.45170E-01
SCF Iteration 124: Energy = 0.6135369922361256 dE =  2.45170E-01
SCF Iteration 125: Energy = 0.3683670177401979 dE = -2.45170E-01
SCF Iteration 126: Energy = 0.6135369922361272 dE =  2.45170E-01
SCF Iteration 127: Energy = 0.3683670177401982 dE = -2.45170E-01
SCF Iteration 128: Energy = 0.6135369922361263 dE =  2.45170E-01
SCF Iteration 129: Energy = 0.3683670177401981 dE = -2.45170E-01
SCF Iteration 130: Energy = 0.6135369922361243 dE =  2.45170E-01
SCF Iteration 131: Energy = 0.3683670177401979 dE = -2.45170E-01
SCF Iteration 132: Energy = 0.6135369922361236 dE =  2.45170E-01
SCF Iteration 133: Energy = 0.3683670177401959 dE = -2.45170E-01
SCF Iteration 134: Energy = 0.6135369922361229 dE =  2.45170E-01
SCF Iteration 135: Energy = 0.3683670177401959 dE = -2.45170E-01
SCF Iteration 136: Energy = 0.6135369922361203 dE =  2.45170E-01
SCF Iteration 137: Energy = 0.3683670177401935 dE = -2.45170E-01
SCF Iteration 138: Energy = 0.6135369922361193 dE =  2.45170E-01
SCF Iteration 139: Energy = 0.3683670177401939 dE = -2.45170E-01
SCF Iteration 140: Energy = 0.6135369922361154 dE =  2.45170E-01
SCF Iteration 141: Energy = 0.3683670177401895 dE = -2.45170E-01
SCF Iteration 142: Energy = 0.6135369922361101 dE =  2.45170E-01
SCF Iteration 143: Energy = 0.3683670177401840 dE = -2.45170E-01
SCF Iteration 144: Energy = 0.6135369922361007 dE =  2.45170E-01
SCF Iteration 145: Energy = 0.3683670177401765 dE = -2.45170E-01
SCF Iteration 146: Energy = 0.6135369922360830 dE =  2.45170E-01
SCF Iteration 147: Energy = 0.3683670177401627 dE = -2.45170E-01
SCF Iteration 148: Energy = 0.6135369922360582 dE =  2.45170E-01
SCF Iteration 149: Energy = 0.3683670177401404 dE = -2.45170E-01
SCF Iteration 150: Energy = 0.6135369922360161 dE =  2.45170E-01
SCF Iteration 151: Energy = 0.3683670177401038 dE = -2.45170E-01
SCF Iteration 152: Energy = 0.6135369922359498 dE =  2.45170E-01
SCF Iteration 153: Energy = 0.3683670177400470 dE = -2.45170E-01
SCF Iteration 154: Energy = 0.6135369922358455 dE =  2.45170E-01
SCF Iteration 155: Energy = 0.3683670177399595 dE = -2.45170E-01
SCF Iteration 156: Energy = 0.6135369922356800 dE =  2.45170E-01
SCF Iteration 157: Energy = 0.3683670177398172 dE = -2.45170E-01
SCF Iteration 158: Energy = 0.6135369922354107 dE =  2.45170E-01
SCF Iteration 159: Energy = 0.3683670177395892 dE = -2.45170E-01
SCF Iteration 160: Energy = 0.6135369922349847 dE =  2.45170E-01
SCF Iteration 161: Energy = 0.3683670177392239 dE = -2.45170E-01
SCF Iteration 162: Energy = 0.6135369922342970 dE =  2.45170E-01
SCF Iteration 163: Energy = 0.3683670177386379 dE = -2.45170E-01
SCF Iteration 164: Energy = 0.6135369922331981 dE =  2.45170E-01
SCF Iteration 165: Energy = 0.3683670177376989 dE = -2.45170E-01
SCF Iteration 166: Energy = 0.6135369922314388 dE =  2.45170E-01
SCF Iteration 167: Energy = 0.3683670177361987 dE = -2.45170E-01
SCF Iteration 168: Energy = 0.6135369922286249 dE =  2.45170E-01
SCF Iteration 169: Energy = 0.3683670177337994 dE = -2.45170E-01
SCF Iteration 170: Energy = 0.6135369922241229 dE =  2.45170E-01
SCF Iteration 171: Energy = 0.3683670177299569 dE = -2.45170E-01
SCF Iteration 172: Energy = 0.6135369922169155 dE =  2.45170E-01
SCF Iteration 173: Energy = 0.3683670177238081 dE = -2.45170E-01
SCF Iteration 174: Energy = 0.6135369922053810 dE =  2.45170E-01
SCF Iteration 175: Energy = 0.3683670177139667 dE = -2.45170E-01
SCF Iteration 176: Energy = 0.6135369921869176 dE =  2.45170E-01
SCF Iteration 177: Energy = 0.3683670176982143 dE = -2.45170E-01
SCF Iteration 178: Energy = 0.6135369921573693 dE =  2.45170E-01
SCF Iteration 179: Energy = 0.3683670176730010 dE = -2.45170E-01
SCF Iteration 180: Energy = 0.6135369921100728 dE =  2.45170E-01
SCF Iteration 181: Energy = 0.3683670176326469 dE = -2.45170E-01
SCF Iteration 182: Energy = 0.6135369920343737 dE =  2.45170E-01
SCF Iteration 183: Energy = 0.3683670175680591 dE = -2.45170E-01
SCF Iteration 184: Energy = 0.6135369919132141 dE =  2.45170E-01
SCF Iteration 185: Energy = 0.3683670174646798 dE = -2.45170E-01
SCF Iteration 186: Energy = 0.6135369917192962 dE =  2.45170E-01
SCF Iteration 187: Energy = 0.3683670172992247 dE = -2.45170E-01
SCF Iteration 188: Energy = 0.6135369914089233 dE =  2.45170E-01
SCF Iteration 189: Energy = 0.3683670170344039 dE = -2.45170E-01
SCF Iteration 190: Energy = 0.6135369909121585 dE =  2.45170E-01
SCF Iteration 191: Energy = 0.3683670166105502 dE = -2.45170E-01
SCF Iteration 192: Energy = 0.6135369901170725 dE =  2.45170E-01
SCF Iteration 193: Energy = 0.3683670159321589 dE = -2.45170E-01
SCF Iteration 194: Energy = 0.6135369888445095 dE =  2.45170E-01
SCF Iteration 195: Energy = 0.3683670148463714 dE = -2.45170E-01
SCF Iteration 196: Energy = 0.6135369868077287 dE =  2.45170E-01
SCF Iteration 197: Energy = 0.3683670131085303 dE = -2.45170E-01
SCF Iteration 198: Energy = 0.6135369835477903 dE =  2.45170E-01
SCF Iteration 199: Energy = 0.3683670103270539 dE = -2.45170E-01
SCF Iteration 200: Energy = 0.6135369783301521 dE =  2.45170E-01
SCF Iteration 201: Energy = 0.3683670058752125 dE = -2.45170E-01
SCF Iteration 202: Energy = 0.6135369699791462 dE =  2.45170E-01
SCF Iteration 203: Energy = 0.3683669987498877 dE = -2.45170E-01
SCF Iteration 204: Energy = 0.6135369566130789 dE =  2.45170E-01
SCF Iteration 205: Energy = 0.3683669873455659 dE = -2.45170E-01
SCF Iteration 206: Energy = 0.6135369352202350 dE =  2.45170E-01
SCF Iteration 207: Energy = 0.3683669690925613 dE = -2.45170E-01
SCF Iteration 208: Energy = 0.6135369009802668 dE =  2.45170E-01
SCF Iteration 209: Energy = 0.3683669398780126 dE = -2.45170E-01
SCF Iteration 210: Energy = 0.6135368461780403 dE =  2.45170E-01
SCF Iteration 211: Energy = 0.3683668931191399 dE = -2.45170E-01
SCF Iteration 212: Energy = 0.6135367584652298 dE =  2.45170E-01
SCF Iteration 213: Energy = 0.3683668182799917 dE = -2.45170E-01
SCF Iteration 214: Energy = 0.6135366180779418 dE =  2.45170E-01
SCF Iteration 215: Energy = 0.3683666984974275 dE = -2.45170E-01
SCF Iteration 216: Energy = 0.6135363933833908 dE =  2.45170E-01
SCF Iteration 217: Energy = 0.3683665067814378 dE = -2.45170E-01
SCF Iteration 218: Energy = 0.6135360337523209 dE =  2.45170E-01
SCF Iteration 219: Energy = 0.3683661999336634 dE = -2.45170E-01
SCF Iteration 220: Energy = 0.6135354581510277 dE =  2.45169E-01
SCF Iteration 221: Energy = 0.3683657088138073 dE = -2.45170E-01
SCF Iteration 222: Energy = 0.6135345368827219 dE =  2.45169E-01
SCF Iteration 223: Energy = 0.3683649227608607 dE = -2.45170E-01
SCF Iteration 224: Energy = 0.6135330623642883 dE =  2.45168E-01
SCF Iteration 225: Energy = 0.3683636646590843 dE = -2.45169E-01
SCF Iteration 226: Energy = 0.6135307023544606 dE =  2.45167E-01
SCF Iteration 227: Energy = 0.3683616510311905 dE = -2.45169E-01
SCF Iteration 228: Energy = 0.6135269250963490 dE =  2.45165E-01
SCF Iteration 229: Energy = 0.3683584281684322 dE = -2.45168E-01
SCF Iteration 230: Energy = 0.6135208795116780 dE =  2.45162E-01
SCF Iteration 231: Energy = 0.3683532699106157 dE = -2.45168E-01
SCF Iteration 232: Energy = 0.6135112034634770 dE =  2.45158E-01
SCF Iteration 233: Energy = 0.3683450140548107 dE = -2.45166E-01
SCF Iteration 234: Energy = 0.6134957169145682 dE =  2.45151E-01
SCF Iteration 235: Energy = 0.3683318005609650 dE = -2.45164E-01
SCF Iteration 236: Energy = 0.6134709309212187 dE =  2.45139E-01
SCF Iteration 237: Energy = 0.3683106526411871 dE = -2.45160E-01
SCF Iteration 238: Energy = 0.6134312620269763 dE =  2.45121E-01
SCF Iteration 239: Energy = 0.3682768065351246 dE = -2.45154E-01
SCF Iteration 240: Energy = 0.6133677755549257 dE =  2.45091E-01
SCF Iteration 241: Energy = 0.3682226394489583 dE = -2.45145E-01
SCF Iteration 242: Energy = 0.6132661759496809 dE =  2.45044E-01
SCF Iteration 243: Energy = 0.3681359553656048 dE = -2.45130E-01
SCF Iteration 244: Energy = 0.6131035947202501 dE =  2.44968E-01
SCF Iteration 245: Energy = 0.3679972457276350 dE = -2.45106E-01
SCF Iteration 246: Energy = 0.6128434608714752 dE =  2.44846E-01
SCF Iteration 247: Energy = 0.3677753160767386 dE = -2.45068E-01
SCF Iteration 248: Energy = 0.6124273201166327 dE =  2.44652E-01
SCF Iteration 249: Energy = 0.3674203145022003 dE = -2.45007E-01
SCF Iteration 250: Energy = 0.6117618160480088 dE =  2.44342E-01
SCF Iteration 251: Energy = 0.3668526454009780 dE = -2.44909E-01
SCF Iteration 252: Energy = 0.6106980440167742 dE =  2.43845E-01
SCF Iteration 253: Energy = 0.3659454092180040 dE = -2.44753E-01
SCF Iteration 254: Energy = 0.6089989928280461 dE =  2.43054E-01
SCF Iteration 255: Energy = 0.3644967642000991 dE = -2.44502E-01
SCF Iteration 256: Energy = 0.6062886694979158 dE =  2.41792E-01
SCF Iteration 257: Energy = 0.3621868763715029 dE = -2.44102E-01
SCF Iteration 258: Energy = 0.6019737923754612 dE =  2.39787E-01
SCF Iteration 259: Energy = 0.3585120066993987 dE = -2.43462E-01
SCF Iteration 260: Energy = 0.5951262744290163 dE =  2.36614E-01
SCF Iteration 261: Energy = 0.3526864827491644 dE = -2.42440E-01
SCF Iteration 262: Energy = 0.5843144438086061 dE =  2.31628E-01
SCF Iteration 263: Energy = 0.3435041622926067 dE = -2.40810E-01
SCF Iteration 264: Energy = 0.5673795657907396 dE =  2.23875E-01
SCF Iteration 265: Energy = 0.3291607263899188 dE = -2.38219E-01
SCF Iteration 266: Energy = 0.5411868834555005 dE =  2.12026E-01
SCF Iteration 267: Energy = 0.3070705400616015 dE = -2.34116E-01
SCF Iteration 268: Energy = 0.5014656616812964 dE =  1.94395E-01
SCF Iteration 269: Energy = 0.2737909704860668 dE = -2.27675E-01
SCF Iteration 270: Energy = 0.4430247459391964 dE =  1.69234E-01
SCF Iteration 271: Energy = 0.2253148114263626 dE = -2.17710E-01
SCF Iteration 272: Energy = 0.3608651622283581 dE =  1.35550E-01
SCF Iteration 273: Energy = 0.1581596410883259 dE = -2.02706E-01
SCF Iteration 274: Energy = 0.2527427213001419 dE =  9.45831E-02
SCF Iteration 275: Energy = 0.0715910087410154 dE = -1.81152E-01
SCF Iteration 276: Energy = 0.1228681442499768 dE =  5.12771E-02
SCF Iteration 277: Energy = -0.0296090124640693 dE = -1.52477E-01
SCF Iteration 278: Energy = -0.0157855328647936 dE =  1.38235E-02
SCF Iteration 279: Energy = -0.1342015769187963 dE = -1.18416E-01
SCF Iteration 280: Energy = -0.1445573816063190 dE = -1.03558E-02
SCF Iteration 281: Energy = -0.2280744041033669 dE = -8.35170E-02
SCF Iteration 282: Energy = -0.2477017971574069 dE = -1.96274E-02
SCF Iteration 283: Energy = -0.3009878469728708 dE = -5.32860E-02
SCF Iteration 284: Energy = -0.3195668722365634 dE = -1.85790E-02
SCF Iteration 285: Energy = -0.3506493797228012 dE = -3.10825E-02
SCF Iteration 286: Energy = -0.3641436488585639 dE = -1.34943E-02
SCF Iteration 287: Energy = -0.3810610738062714 dE = -1.69174E-02
SCF Iteration 288: Energy = -0.3895044238415268 dE = -8.44335E-03
SCF Iteration 289: Energy = -0.3982901645987846 dE = -8.78574E-03
SCF Iteration 290: Energy = -0.4031157230826821 dE = -4.82556E-03
SCF Iteration 291: Energy = -0.4075510770504434 dE = -4.43535E-03
SCF Iteration 292: Energy = -0.4101598295514071 dE = -2.60875E-03
SCF Iteration 293: Energy = -0.4123648431107292 dE = -2.20501E-03
SCF Iteration 294: Energy = -0.4137278837360368 dE = -1.36304E-03
SCF Iteration 295: Energy = -0.4148160204340505 dE = -1.08814E-03
SCF Iteration 296: Energy = -0.4155134433268290 dE = -6.97423E-04
SCF Iteration 297: Energy = -0.4160488314767752 dE = -5.35388E-04
SCF Iteration 298: Energy = -0.4164011044435594 dE = -3.52273E-04
SCF Iteration 299: Energy = -0.4166643394998570 dE = -2.63235E-04
SCF Iteration 300: Energy = -0.4168408531153704 dE = -1.76514E-04
SCF Iteration 301: Energy = -0.4169703174511903 dE = -1.29464E-04
SCF Iteration 302: Energy = -0.4170583185847061 dE = -8.80011E-05
SCF Iteration 303: Energy = -0.4171220347828752 dE = -6.37162E-05
SCF Iteration 304: Energy = -0.4171657675843361 dE = -4.37328E-05
SCF Iteration 305: Energy = -0.4171971487898758 dE = -3.13812E-05
SCF Iteration 306: Energy = -0.4172188374030434 dE = -2.16886E-05
SCF Iteration 307: Energy = -0.4172343034200487 dE = -1.54660E-05
SCF Iteration 308: Energy = -0.4172450451515513 dE = -1.07417E-05
SCF Iteration 309: Energy = -0.4172526716729821 dE = -7.62652E-06
SCF Iteration 310: Energy = -0.4172579870493784 dE = -5.31538E-06
SCF Iteration 311: Energy = -0.4172617494299444 dE = -3.76238E-06
SCF Iteration 312: Energy = -0.4172643781204439 dE = -2.62869E-06
SCF Iteration 313: Energy = -0.4172662348236647 dE = -1.85670E-06
SCF Iteration 314: Energy = -0.4172675343180803 dE = -1.29949E-06
SCF Iteration 315: Energy = -0.4172684508116720 dE = -9.16494E-07
SCF Iteration 316: Energy = -0.4172690930470073 dE = -6.42235E-07
SCF Iteration 317: Energy = -0.4172695455226512 dE = -4.52476E-07
SCF Iteration 318: Energy = -0.4172698628705389 dE = -3.17348E-07
SCF Iteration 319: Energy = -0.4172700862886336 dE = -2.23418E-07
SCF Iteration 320: Energy = -0.4172702430804516 dE = -1.56792E-07
SCF Iteration 321: Energy = -0.4172703534077280 dE = -1.10327E-07
SCF Iteration 322: Energy = -0.4172704308671564 dE = -7.74594E-08
SCF Iteration 323: Energy = -0.4172704853521798 dE = -5.44850E-08
SCF Iteration 324: Energy = -0.4172705236170007 dE = -3.82648E-08
SCF Iteration 325: Energy = -0.4172705505256953 dE = -2.69087E-08
SCF Iteration 326: Energy = -0.4172705694276808 dE = -1.89020E-08
SCF Iteration 327: Energy = -0.4172705827176248 dE = -1.32899E-08
SCF Iteration 328: Energy = -0.4172705920545310 dE = -9.33691E-09
SCF Iteration 329: Energy = -0.4172705986184670 dE = -6.56394E-09
SCF Iteration 330: Energy = -0.4172706032304720 dE = -4.61201E-09
SCF Iteration 331: Energy = -0.4172706064724758 dE = -3.24200E-09
SCF Iteration 332: Energy = -0.4172706087505651 dE = -2.27809E-09
SCF Iteration 333: Energy = -0.4172706103518447 dE = -1.60128E-09
SCF Iteration 334: Energy = -0.4172706114770917 dE = -1.12525E-09
SCF Iteration 335: Energy = -0.4172706122679988 dE = -7.90907E-10
SCF Iteration 336: Energy = -0.4172706128238013 dE = -5.55803E-10
SCF Iteration 337: Energy = -0.4172706132144497 dE = -3.90648E-10
SCF Iteration 338: Energy = -0.4172706134889823 dE = -2.74533E-10
SCF Iteration 339: Energy = -0.4172706136819357 dE = -1.92953E-10
SCF Iteration 340: Energy = -0.4172706138175351 dE = -1.35599E-10
SCF Iteration 341: Energy = -0.4172706139128404 dE = -9.53053E-11

SCF converged.
E_QED_HF          = -0.417270613912840
HF  (psi4)        = -0.904959157552005
Starting with the CCSD calculation:

Iter  Energy(CCSD)      E_diff    time(sec)
  1:  -0.1074063619  1.07406E-01   19.036
  2:  -0.1626694260  5.52631E-02   19.044
  3:  -0.1685345232  5.86510E-03   19.022
  4:  -0.1473951727  2.11394E-02   19.031
  5:  -0.1564739149  9.07874E-03   19.034
  6:  -0.1327062340  2.37677E-02   19.047
  7:  -0.1322287766  4.77457E-04   19.031
  8:  -0.1461428870  1.39141E-02   19.041
  9:  -0.1664445422  2.03017E-02   19.030
 10:  -0.1233437150  4.31008E-02   19.040
 11:  -0.0502715968  7.30721E-02   19.035
 12:  -0.1121476985  6.18761E-02   19.041
 13:  -0.0936732374  1.84745E-02   19.033
 14:  -0.1434747813  4.98015E-02   19.029
 15:  -0.1607995984  1.73248E-02   19.055
 16:  -0.1713150864  1.05155E-02   19.035
 17:  -0.1656429508  5.67214E-03   19.034
 18:  -0.2117499049  4.61070E-02   19.038
 19:  -0.2589206010  4.71707E-02   19.038
 20:  -0.2843824468  2.54618E-02   19.037
 21:  -0.2851824579  8.00011E-04   19.042
 22:  -0.2834519451  1.73051E-03   19.040
 23:  -0.3088079836  2.53560E-02   19.039
 24:  -0.3203012181  1.14932E-02   19.044
 25:  -0.3207535101  4.52292E-04   19.040
 26:  -0.2856841931  3.50693E-02   19.054
 27:  -0.2923919711  6.70778E-03   19.049
 28:  -0.2907872137  1.60476E-03   19.049
 29:  -0.3002913146  9.50410E-03   19.044
 30:  -0.3144687516  1.41774E-02   19.047
 31:  -0.3068032179  7.66553E-03   19.039
 32:  -0.2375547383  6.92485E-02   19.045
 33:  -0.2548645579  1.73098E-02   19.042
 34:  -0.2542370821  6.27476E-04   19.055
 35:  -0.2479353823  6.30170E-03   19.048
 36:  -0.2606698731  1.27345E-02   19.037
 37:  -0.2943956109  3.37257E-02   19.064
 38:  -0.3027431748  8.34756E-03   19.048
 39:  -0.3096831719  6.94000E-03   19.041
 40:  -0.3118513221  2.16815E-03   19.047
 41:  -0.3162180192  4.36670E-03   19.046
 42:  -0.3220900283  5.87201E-03   19.039
 43:  -0.3241382452  2.04822E-03   19.050
 44:  -0.3037833851  2.03549E-02   19.043
 45:  -0.3028658931  9.17492E-04   19.041
 46:  -0.2911913617  1.16745E-02   19.045
 47:  -0.2870448033  4.14656E-03   19.043
 48:  -0.2852763402  1.76846E-03   19.046
 49:  -0.2807274860  4.54885E-03   19.045
 50:  -0.2785215933  2.20589E-03   19.049
E_QED_CCSD  (Corr.)  = -0.278521593298091
E_QED_CCSD tot       = -0.695792207210931
E_CCSD_psi4 (Corr.)  = -0.108673974913536
E_CCSD_psi4 tot      = -1.013633132465541
