
  Memory set to  55.879 GiB by Python driver.
  Threads set to 1 by Python driver.
Settings:
	LOT = CCSD-S2-U22
	wc = 20.0 eV
	lambda = [0.48497 0.      0.     ] a.u.
	Equivalent A0 = LAMBDA / sqrt(2 wc) = [0.4 0.  0. ])
doing QED-CCSD-Full (or QED-CCSD-22)
Number of occupied orbitals:   1
Number of basis functions:  60
SCF Iteration   1: Energy = 0.8676560956844304 dE =  8.67656E-01
SCF Iteration   2: Energy = 1.1469692847042303 dE =  2.79313E-01
SCF Iteration   3: Energy = 1.0031404297450459 dE = -1.43829E-01
SCF Iteration   4: Energy = 1.1658262212517905 dE =  1.62686E-01
SCF Iteration   5: Energy = 1.0494608634390385 dE = -1.16365E-01
SCF Iteration   6: Energy = 1.1750251040203556 dE =  1.25564E-01
SCF Iteration   7: Energy = 1.0674056696354612 dE = -1.07619E-01
SCF Iteration   8: Energy = 1.1786055057485598 dE =  1.11200E-01
SCF Iteration   9: Energy = 1.0745480035189645 dE = -1.04058E-01
SCF Iteration  10: Energy = 1.1795343254118893 dE =  1.04986E-01
SCF Iteration  11: Energy = 1.0771263808051263 dE = -1.02408E-01
SCF Iteration  12: Energy = 1.1793737595979334 dE =  1.02247E-01
SCF Iteration  13: Energy = 1.0778032687009582 dE = -1.01570E-01
SCF Iteration  14: Energy = 1.1788747355847495 dE =  1.01071E-01
SCF Iteration  15: Energy = 1.0777562774945706 dE = -1.01118E-01
SCF Iteration  16: Energy = 1.1783542291201103 dE =  1.00598E-01
SCF Iteration  17: Energy = 1.0774897382041677 dE = -1.00864E-01
SCF Iteration  18: Energy = 1.1779209475769803 dE =  1.00431E-01
SCF Iteration  19: Energy = 1.0772031223619463 dE = -1.00718E-01
SCF Iteration  20: Energy = 1.1775943177743076 dE =  1.00391E-01
SCF Iteration  21: Energy = 1.0769629297087404 dE = -1.00631E-01
SCF Iteration  22: Energy = 1.1773611444916965 dE =  1.00398E-01
SCF Iteration  23: Energy = 1.0767815147258415 dE = -1.00580E-01
SCF Iteration  24: Energy = 1.1772001682579267 dE =  1.00419E-01
SCF Iteration  25: Energy = 1.0766519321559389 dE = -1.00548E-01
SCF Iteration  26: Energy = 1.1770914514733659 dE =  1.00440E-01
SCF Iteration  27: Energy = 1.0765624578399997 dE = -1.00529E-01
SCF Iteration  28: Energy = 1.1770191271898771 dE =  1.00457E-01
SCF Iteration  29: Energy = 1.0765020292912431 dE = -1.00517E-01
SCF Iteration  30: Energy = 1.1769715228241298 dE =  1.00469E-01
SCF Iteration  31: Energy = 1.0764618298875552 dE = -1.00510E-01
SCF Iteration  32: Energy = 1.1769404290851939 dE =  1.00479E-01
SCF Iteration  33: Energy = 1.0764353712531682 dE = -1.00505E-01
SCF Iteration  34: Energy = 1.1769202335615232 dE =  1.00485E-01
SCF Iteration  35: Energy = 1.0764180898495390 dE = -1.00502E-01
SCF Iteration  36: Energy = 1.1769071710446957 dE =  1.00489E-01
SCF Iteration  37: Energy = 1.0764068658292363 dE = -1.00500E-01
SCF Iteration  38: Energy = 1.1768987484424112 dE =  1.00492E-01
SCF Iteration  39: Energy = 1.0763996062809447 dE = -1.00499E-01
SCF Iteration  40: Energy = 1.1768933303139979 dE =  1.00494E-01
SCF Iteration  41: Energy = 1.0763949254769631 dE = -1.00498E-01
SCF Iteration  42: Energy = 1.1768898510712202 dE =  1.00495E-01
SCF Iteration  43: Energy = 1.0763919144363487 dE = -1.00498E-01
SCF Iteration  44: Energy = 1.1768876198712446 dE =  1.00496E-01
SCF Iteration  45: Energy = 1.0763899809253410 dE = -1.00498E-01
SCF Iteration  46: Energy = 1.1768861904828032 dE =  1.00496E-01
SCF Iteration  47: Energy = 1.0763887409981943 dE = -1.00497E-01
SCF Iteration  48: Energy = 1.1768852754735248 dE =  1.00497E-01
SCF Iteration  49: Energy = 1.0763879466615056 dE = -1.00497E-01
SCF Iteration  50: Energy = 1.1768846900851579 dE =  1.00497E-01
SCF Iteration  51: Energy = 1.0763874381775331 dE = -1.00497E-01
SCF Iteration  52: Energy = 1.1768843157447237 dE =  1.00497E-01
SCF Iteration  53: Energy = 1.0763871128701976 dE = -1.00497E-01
SCF Iteration  54: Energy = 1.1768840764463995 dE =  1.00497E-01
SCF Iteration  55: Energy = 1.0763869048454702 dE = -1.00497E-01
SCF Iteration  56: Energy = 1.1768839235144997 dE =  1.00497E-01
SCF Iteration  57: Energy = 1.0763867718653655 dE = -1.00497E-01
SCF Iteration  58: Energy = 1.1768838257977767 dE =  1.00497E-01
SCF Iteration  59: Energy = 1.0763866868799985 dE = -1.00497E-01
SCF Iteration  60: Energy = 1.1768837633707512 dE =  1.00497E-01
SCF Iteration  61: Energy = 1.0763866325781937 dE = -1.00497E-01
SCF Iteration  62: Energy = 1.1768837234935130 dE =  1.00497E-01
SCF Iteration  63: Energy = 1.0763865978871405 dE = -1.00497E-01
SCF Iteration  64: Energy = 1.1768836980229729 dE =  1.00497E-01
SCF Iteration  65: Energy = 1.0763865757271571 dE = -1.00497E-01
SCF Iteration  66: Energy = 1.1768836817554582 dE =  1.00497E-01
SCF Iteration  67: Energy = 1.0763865615730543 dE = -1.00497E-01
SCF Iteration  68: Energy = 1.1768836713662802 dE =  1.00497E-01
SCF Iteration  69: Energy = 1.0763865525331211 dE = -1.00497E-01
SCF Iteration  70: Energy = 1.1768836647315497 dE =  1.00497E-01
SCF Iteration  71: Energy = 1.0763865467598173 dE = -1.00497E-01
SCF Iteration  72: Energy = 1.1768836604946129 dE =  1.00497E-01
SCF Iteration  73: Energy = 1.0763865430728699 dE = -1.00497E-01
SCF Iteration  74: Energy = 1.1768836577889683 dE =  1.00497E-01
SCF Iteration  75: Energy = 1.0763865407183888 dE = -1.00497E-01
SCF Iteration  76: Energy = 1.1768836560612217 dE =  1.00497E-01
SCF Iteration  77: Energy = 1.0763865392148562 dE = -1.00497E-01
SCF Iteration  78: Energy = 1.1768836549579424 dE =  1.00497E-01
SCF Iteration  79: Energy = 1.0763865382547384 dE = -1.00497E-01
SCF Iteration  80: Energy = 1.1768836542534378 dE =  1.00497E-01
SCF Iteration  81: Energy = 1.0763865376416444 dE = -1.00497E-01
SCF Iteration  82: Energy = 1.1768836538035732 dE =  1.00497E-01
SCF Iteration  83: Energy = 1.0763865372501460 dE = -1.00497E-01
SCF Iteration  84: Energy = 1.1768836535163145 dE =  1.00497E-01
SCF Iteration  85: Energy = 1.0763865370001562 dE = -1.00497E-01
SCF Iteration  86: Energy = 1.1768836533328841 dE =  1.00497E-01
SCF Iteration  87: Energy = 1.0763865368405205 dE = -1.00497E-01
SCF Iteration  88: Energy = 1.1768836532157581 dE =  1.00497E-01
SCF Iteration  89: Energy = 1.0763865367385892 dE = -1.00497E-01
SCF Iteration  90: Energy = 1.1768836531409672 dE =  1.00497E-01
SCF Iteration  91: Energy = 1.0763865366735039 dE = -1.00497E-01
SCF Iteration  92: Energy = 1.1768836530932099 dE =  1.00497E-01
SCF Iteration  93: Energy = 1.0763865366319398 dE = -1.00497E-01
SCF Iteration  94: Energy = 1.1768836530627169 dE =  1.00497E-01
SCF Iteration  95: Energy = 1.0763865366054035 dE = -1.00497E-01
SCF Iteration  96: Energy = 1.1768836530432467 dE =  1.00497E-01
SCF Iteration  97: Energy = 1.0763865365884600 dE = -1.00497E-01
SCF Iteration  98: Energy = 1.1768836530308153 dE =  1.00497E-01
SCF Iteration  99: Energy = 1.0763865365776353 dE = -1.00497E-01
SCF Iteration 100: Energy = 1.1768836530228723 dE =  1.00497E-01
SCF Iteration 101: Energy = 1.0763865365707275 dE = -1.00497E-01
SCF Iteration 102: Energy = 1.1768836530178035 dE =  1.00497E-01
SCF Iteration 103: Energy = 1.0763865365663154 dE = -1.00497E-01
SCF Iteration 104: Energy = 1.1768836530145674 dE =  1.00497E-01
SCF Iteration 105: Energy = 1.0763865365635019 dE = -1.00497E-01
SCF Iteration 106: Energy = 1.1768836530125026 dE =  1.00497E-01
SCF Iteration 107: Energy = 1.0763865365617007 dE = -1.00497E-01
SCF Iteration 108: Energy = 1.1768836530111813 dE =  1.00497E-01
SCF Iteration 109: Energy = 1.0763865365605514 dE = -1.00497E-01
SCF Iteration 110: Energy = 1.1768836530103368 dE =  1.00497E-01
SCF Iteration 111: Energy = 1.0763865365598193 dE = -1.00497E-01
SCF Iteration 112: Energy = 1.1768836530098024 dE =  1.00497E-01
SCF Iteration 113: Energy = 1.0763865365593519 dE = -1.00497E-01
SCF Iteration 114: Energy = 1.1768836530094564 dE =  1.00497E-01
SCF Iteration 115: Energy = 1.0763865365590517 dE = -1.00497E-01
SCF Iteration 116: Energy = 1.1768836530092368 dE =  1.00497E-01
SCF Iteration 117: Energy = 1.0763865365588587 dE = -1.00497E-01
SCF Iteration 118: Energy = 1.1768836530090963 dE =  1.00497E-01
SCF Iteration 119: Energy = 1.0763865365587379 dE = -1.00497E-01
SCF Iteration 120: Energy = 1.1768836530090063 dE =  1.00497E-01
SCF Iteration 121: Energy = 1.0763865365586596 dE = -1.00497E-01
SCF Iteration 122: Energy = 1.1768836530089493 dE =  1.00497E-01
SCF Iteration 123: Energy = 1.0763865365586112 dE = -1.00497E-01
SCF Iteration 124: Energy = 1.1768836530089122 dE =  1.00497E-01
SCF Iteration 125: Energy = 1.0763865365585781 dE = -1.00497E-01
SCF Iteration 126: Energy = 1.1768836530088904 dE =  1.00497E-01
SCF Iteration 127: Energy = 1.0763865365585592 dE = -1.00497E-01
SCF Iteration 128: Energy = 1.1768836530088747 dE =  1.00497E-01
SCF Iteration 129: Energy = 1.0763865365585439 dE = -1.00497E-01
SCF Iteration 130: Energy = 1.1768836530088644 dE =  1.00497E-01
SCF Iteration 131: Energy = 1.0763865365585370 dE = -1.00497E-01
SCF Iteration 132: Energy = 1.1768836530088587 dE =  1.00497E-01
SCF Iteration 133: Energy = 1.0763865365585308 dE = -1.00497E-01
SCF Iteration 134: Energy = 1.1768836530088536 dE =  1.00497E-01
SCF Iteration 135: Energy = 1.0763865365585270 dE = -1.00497E-01
SCF Iteration 136: Energy = 1.1768836530088527 dE =  1.00497E-01
SCF Iteration 137: Energy = 1.0763865365585259 dE = -1.00497E-01
SCF Iteration 138: Energy = 1.1768836530088516 dE =  1.00497E-01
SCF Iteration 139: Energy = 1.0763865365585250 dE = -1.00497E-01
SCF Iteration 140: Energy = 1.1768836530088498 dE =  1.00497E-01
SCF Iteration 141: Energy = 1.0763865365585255 dE = -1.00497E-01
SCF Iteration 142: Energy = 1.1768836530088487 dE =  1.00497E-01
SCF Iteration 143: Energy = 1.0763865365585230 dE = -1.00497E-01
SCF Iteration 144: Energy = 1.1768836530088509 dE =  1.00497E-01
SCF Iteration 145: Energy = 1.0763865365585219 dE = -1.00497E-01
SCF Iteration 146: Energy = 1.1768836530088478 dE =  1.00497E-01
SCF Iteration 147: Energy = 1.0763865365585219 dE = -1.00497E-01
SCF Iteration 148: Energy = 1.1768836530088491 dE =  1.00497E-01
SCF Iteration 149: Energy = 1.0763865365585257 dE = -1.00497E-01
SCF Iteration 150: Energy = 1.1768836530088487 dE =  1.00497E-01
SCF Iteration 151: Energy = 1.0763865365585248 dE = -1.00497E-01
SCF Iteration 152: Energy = 1.1768836530088524 dE =  1.00497E-01
SCF Iteration 153: Energy = 1.0763865365585248 dE = -1.00497E-01
SCF Iteration 154: Energy = 1.1768836530088509 dE =  1.00497E-01
SCF Iteration 155: Energy = 1.0763865365585246 dE = -1.00497E-01
SCF Iteration 156: Energy = 1.1768836530088500 dE =  1.00497E-01
SCF Iteration 157: Energy = 1.0763865365585210 dE = -1.00497E-01
SCF Iteration 158: Energy = 1.1768836530088471 dE =  1.00497E-01
SCF Iteration 159: Energy = 1.0763865365585230 dE = -1.00497E-01
SCF Iteration 160: Energy = 1.1768836530088498 dE =  1.00497E-01
SCF Iteration 161: Energy = 1.0763865365585230 dE = -1.00497E-01
SCF Iteration 162: Energy = 1.1768836530088480 dE =  1.00497E-01
SCF Iteration 163: Energy = 1.0763865365585248 dE = -1.00497E-01
SCF Iteration 164: Energy = 1.1768836530088491 dE =  1.00497E-01
SCF Iteration 165: Energy = 1.0763865365585223 dE = -1.00497E-01
SCF Iteration 166: Energy = 1.1768836530088482 dE =  1.00497E-01
SCF Iteration 167: Energy = 1.0763865365585241 dE = -1.00497E-01
SCF Iteration 168: Energy = 1.1768836530088504 dE =  1.00497E-01
SCF Iteration 169: Energy = 1.0763865365585246 dE = -1.00497E-01
SCF Iteration 170: Energy = 1.1768836530088504 dE =  1.00497E-01
SCF Iteration 171: Energy = 1.0763865365585252 dE = -1.00497E-01
SCF Iteration 172: Energy = 1.1768836530088527 dE =  1.00497E-01
SCF Iteration 173: Energy = 1.0763865365585230 dE = -1.00497E-01
SCF Iteration 174: Energy = 1.1768836530088520 dE =  1.00497E-01
SCF Iteration 175: Energy = 1.0763865365585261 dE = -1.00497E-01
SCF Iteration 176: Energy = 1.1768836530088516 dE =  1.00497E-01
SCF Iteration 177: Energy = 1.0763865365585243 dE = -1.00497E-01
SCF Iteration 178: Energy = 1.1768836530088511 dE =  1.00497E-01
SCF Iteration 179: Energy = 1.0763865365585250 dE = -1.00497E-01
SCF Iteration 180: Energy = 1.1768836530088516 dE =  1.00497E-01
SCF Iteration 181: Energy = 1.0763865365585239 dE = -1.00497E-01
SCF Iteration 182: Energy = 1.1768836530088500 dE =  1.00497E-01
SCF Iteration 183: Energy = 1.0763865365585230 dE = -1.00497E-01
SCF Iteration 184: Energy = 1.1768836530088500 dE =  1.00497E-01
SCF Iteration 185: Energy = 1.0763865365585241 dE = -1.00497E-01
SCF Iteration 186: Energy = 1.1768836530088507 dE =  1.00497E-01
SCF Iteration 187: Energy = 1.0763865365585237 dE = -1.00497E-01
SCF Iteration 188: Energy = 1.1768836530088502 dE =  1.00497E-01
SCF Iteration 189: Energy = 1.0763865365585257 dE = -1.00497E-01
SCF Iteration 190: Energy = 1.1768836530088502 dE =  1.00497E-01
SCF Iteration 191: Energy = 1.0763865365585246 dE = -1.00497E-01
SCF Iteration 192: Energy = 1.1768836530088500 dE =  1.00497E-01
SCF Iteration 193: Energy = 1.0763865365585255 dE = -1.00497E-01
SCF Iteration 194: Energy = 1.1768836530088489 dE =  1.00497E-01
SCF Iteration 195: Energy = 1.0763865365585230 dE = -1.00497E-01
SCF Iteration 196: Energy = 1.1768836530088476 dE =  1.00497E-01
SCF Iteration 197: Energy = 1.0763865365585226 dE = -1.00497E-01
SCF Iteration 198: Energy = 1.1768836530088471 dE =  1.00497E-01
SCF Iteration 199: Energy = 1.0763865365585221 dE = -1.00497E-01
SCF Iteration 200: Energy = 1.1768836530088485 dE =  1.00497E-01
SCF Iteration 201: Energy = 1.0763865365585243 dE = -1.00497E-01
SCF Iteration 202: Energy = 1.1768836530088496 dE =  1.00497E-01
SCF Iteration 203: Energy = 1.0763865365585219 dE = -1.00497E-01
SCF Iteration 204: Energy = 1.1768836530088498 dE =  1.00497E-01
SCF Iteration 205: Energy = 1.0763865365585230 dE = -1.00497E-01
SCF Iteration 206: Energy = 1.1768836530088496 dE =  1.00497E-01
SCF Iteration 207: Energy = 1.0763865365585232 dE = -1.00497E-01
SCF Iteration 208: Energy = 1.1768836530088471 dE =  1.00497E-01
SCF Iteration 209: Energy = 1.0763865365585221 dE = -1.00497E-01
SCF Iteration 210: Energy = 1.1768836530088478 dE =  1.00497E-01
SCF Iteration 211: Energy = 1.0763865365585232 dE = -1.00497E-01
SCF Iteration 212: Energy = 1.1768836530088504 dE =  1.00497E-01
SCF Iteration 213: Energy = 1.0763865365585261 dE = -1.00497E-01
SCF Iteration 214: Energy = 1.1768836530088502 dE =  1.00497E-01
SCF Iteration 215: Energy = 1.0763865365585239 dE = -1.00497E-01
SCF Iteration 216: Energy = 1.1768836530088498 dE =  1.00497E-01
SCF Iteration 217: Energy = 1.0763865365585223 dE = -1.00497E-01
SCF Iteration 218: Energy = 1.1768836530088491 dE =  1.00497E-01
SCF Iteration 219: Energy = 1.0763865365585226 dE = -1.00497E-01
SCF Iteration 220: Energy = 1.1768836530088482 dE =  1.00497E-01
SCF Iteration 221: Energy = 1.0763865365585215 dE = -1.00497E-01
SCF Iteration 222: Energy = 1.1768836530088489 dE =  1.00497E-01
SCF Iteration 223: Energy = 1.0763865365585221 dE = -1.00497E-01
SCF Iteration 224: Energy = 1.1768836530088491 dE =  1.00497E-01
SCF Iteration 225: Energy = 1.0763865365585228 dE = -1.00497E-01
SCF Iteration 226: Energy = 1.1768836530088487 dE =  1.00497E-01
SCF Iteration 227: Energy = 1.0763865365585252 dE = -1.00497E-01
SCF Iteration 228: Energy = 1.1768836530088511 dE =  1.00497E-01
SCF Iteration 229: Energy = 1.0763865365585261 dE = -1.00497E-01
SCF Iteration 230: Energy = 1.1768836530088493 dE =  1.00497E-01
SCF Iteration 231: Energy = 1.0763865365585241 dE = -1.00497E-01
SCF Iteration 232: Energy = 1.1768836530088471 dE =  1.00497E-01
SCF Iteration 233: Energy = 1.0763865365585199 dE = -1.00497E-01
SCF Iteration 234: Energy = 1.1768836530088509 dE =  1.00497E-01
SCF Iteration 235: Energy = 1.0763865365585228 dE = -1.00497E-01
SCF Iteration 236: Energy = 1.1768836530088467 dE =  1.00497E-01
SCF Iteration 237: Energy = 1.0763865365585197 dE = -1.00497E-01
SCF Iteration 238: Energy = 1.1768836530088471 dE =  1.00497E-01
SCF Iteration 239: Energy = 1.0763865365585228 dE = -1.00497E-01
SCF Iteration 240: Energy = 1.1768836530088502 dE =  1.00497E-01
SCF Iteration 241: Energy = 1.0763865365585235 dE = -1.00497E-01
SCF Iteration 242: Energy = 1.1768836530088493 dE =  1.00497E-01
SCF Iteration 243: Energy = 1.0763865365585223 dE = -1.00497E-01
SCF Iteration 244: Energy = 1.1768836530088496 dE =  1.00497E-01
SCF Iteration 245: Energy = 1.0763865365585252 dE = -1.00497E-01
SCF Iteration 246: Energy = 1.1768836530088498 dE =  1.00497E-01
SCF Iteration 247: Energy = 1.0763865365585243 dE = -1.00497E-01
SCF Iteration 248: Energy = 1.1768836530088489 dE =  1.00497E-01
SCF Iteration 249: Energy = 1.0763865365585228 dE = -1.00497E-01
SCF Iteration 250: Energy = 1.1768836530088502 dE =  1.00497E-01
SCF Iteration 251: Energy = 1.0763865365585239 dE = -1.00497E-01
SCF Iteration 252: Energy = 1.1768836530088513 dE =  1.00497E-01
SCF Iteration 253: Energy = 1.0763865365585237 dE = -1.00497E-01
SCF Iteration 254: Energy = 1.1768836530088493 dE =  1.00497E-01
SCF Iteration 255: Energy = 1.0763865365585223 dE = -1.00497E-01
SCF Iteration 256: Energy = 1.1768836530088489 dE =  1.00497E-01
SCF Iteration 257: Energy = 1.0763865365585210 dE = -1.00497E-01
SCF Iteration 258: Energy = 1.1768836530088500 dE =  1.00497E-01
SCF Iteration 259: Energy = 1.0763865365585221 dE = -1.00497E-01
SCF Iteration 260: Energy = 1.1768836530088482 dE =  1.00497E-01
SCF Iteration 261: Energy = 1.0763865365585212 dE = -1.00497E-01
SCF Iteration 262: Energy = 1.1768836530088458 dE =  1.00497E-01
SCF Iteration 263: Energy = 1.0763865365585230 dE = -1.00497E-01
SCF Iteration 264: Energy = 1.1768836530088482 dE =  1.00497E-01
SCF Iteration 265: Energy = 1.0763865365585243 dE = -1.00497E-01
SCF Iteration 266: Energy = 1.1768836530088498 dE =  1.00497E-01
SCF Iteration 267: Energy = 1.0763865365585230 dE = -1.00497E-01
SCF Iteration 268: Energy = 1.1768836530088504 dE =  1.00497E-01
SCF Iteration 269: Energy = 1.0763865365585226 dE = -1.00497E-01
SCF Iteration 270: Energy = 1.1768836530088511 dE =  1.00497E-01
SCF Iteration 271: Energy = 1.0763865365585255 dE = -1.00497E-01
SCF Iteration 272: Energy = 1.1768836530088507 dE =  1.00497E-01
SCF Iteration 273: Energy = 1.0763865365585232 dE = -1.00497E-01
SCF Iteration 274: Energy = 1.1768836530088500 dE =  1.00497E-01
SCF Iteration 275: Energy = 1.0763865365585246 dE = -1.00497E-01
SCF Iteration 276: Energy = 1.1768836530088538 dE =  1.00497E-01
SCF Iteration 277: Energy = 1.0763865365585266 dE = -1.00497E-01
SCF Iteration 278: Energy = 1.1768836530088511 dE =  1.00497E-01
SCF Iteration 279: Energy = 1.0763865365585223 dE = -1.00497E-01
SCF Iteration 280: Energy = 1.1768836530088507 dE =  1.00497E-01
SCF Iteration 281: Energy = 1.0763865365585230 dE = -1.00497E-01
SCF Iteration 282: Energy = 1.1768836530088467 dE =  1.00497E-01
SCF Iteration 283: Energy = 1.0763865365585212 dE = -1.00497E-01
SCF Iteration 284: Energy = 1.1768836530088491 dE =  1.00497E-01
SCF Iteration 285: Energy = 1.0763865365585221 dE = -1.00497E-01
SCF Iteration 286: Energy = 1.1768836530088487 dE =  1.00497E-01
SCF Iteration 287: Energy = 1.0763865365585201 dE = -1.00497E-01
SCF Iteration 288: Energy = 1.1768836530088482 dE =  1.00497E-01
SCF Iteration 289: Energy = 1.0763865365585223 dE = -1.00497E-01
SCF Iteration 290: Energy = 1.1768836530088482 dE =  1.00497E-01
SCF Iteration 291: Energy = 1.0763865365585226 dE = -1.00497E-01
SCF Iteration 292: Energy = 1.1768836530088469 dE =  1.00497E-01
SCF Iteration 293: Energy = 1.0763865365585212 dE = -1.00497E-01
SCF Iteration 294: Energy = 1.1768836530088482 dE =  1.00497E-01
SCF Iteration 295: Energy = 1.0763865365585232 dE = -1.00497E-01
SCF Iteration 296: Energy = 1.1768836530088480 dE =  1.00497E-01
SCF Iteration 297: Energy = 1.0763865365585232 dE = -1.00497E-01
SCF Iteration 298: Energy = 1.1768836530088500 dE =  1.00497E-01
SCF Iteration 299: Energy = 1.0763865365585250 dE = -1.00497E-01
SCF Iteration 300: Energy = 1.1768836530088491 dE =  1.00497E-01
SCF Iteration 301: Energy = 1.0763865365585270 dE = -1.00497E-01
SCF Iteration 302: Energy = 1.1768836530088498 dE =  1.00497E-01
SCF Iteration 303: Energy = 1.0763865365585223 dE = -1.00497E-01
SCF Iteration 304: Energy = 1.1768836530088485 dE =  1.00497E-01
SCF Iteration 305: Energy = 1.0763865365585230 dE = -1.00497E-01
SCF Iteration 306: Energy = 1.1768836530088478 dE =  1.00497E-01
SCF Iteration 307: Energy = 1.0763865365585219 dE = -1.00497E-01
SCF Iteration 308: Energy = 1.1768836530088473 dE =  1.00497E-01
SCF Iteration 309: Energy = 1.0763865365585215 dE = -1.00497E-01
SCF Iteration 310: Energy = 1.1768836530088487 dE =  1.00497E-01
SCF Iteration 311: Energy = 1.0763865365585232 dE = -1.00497E-01
SCF Iteration 312: Energy = 1.1768836530088491 dE =  1.00497E-01
SCF Iteration 313: Energy = 1.0763865365585237 dE = -1.00497E-01
SCF Iteration 314: Energy = 1.1768836530088493 dE =  1.00497E-01
SCF Iteration 315: Energy = 1.0763865365585239 dE = -1.00497E-01
SCF Iteration 316: Energy = 1.1768836530088507 dE =  1.00497E-01
SCF Iteration 317: Energy = 1.0763865365585232 dE = -1.00497E-01
SCF Iteration 318: Energy = 1.1768836530088478 dE =  1.00497E-01
SCF Iteration 319: Energy = 1.0763865365585219 dE = -1.00497E-01
SCF Iteration 320: Energy = 1.1768836530088467 dE =  1.00497E-01
SCF Iteration 321: Energy = 1.0763865365585219 dE = -1.00497E-01
SCF Iteration 322: Energy = 1.1768836530088489 dE =  1.00497E-01
SCF Iteration 323: Energy = 1.0763865365585232 dE = -1.00497E-01
SCF Iteration 324: Energy = 1.1768836530088509 dE =  1.00497E-01
SCF Iteration 325: Energy = 1.0763865365585230 dE = -1.00497E-01
SCF Iteration 326: Energy = 1.1768836530088500 dE =  1.00497E-01
SCF Iteration 327: Energy = 1.0763865365585212 dE = -1.00497E-01
SCF Iteration 328: Energy = 1.1768836530088482 dE =  1.00497E-01
SCF Iteration 329: Energy = 1.0763865365585197 dE = -1.00497E-01
SCF Iteration 330: Energy = 1.1768836530088485 dE =  1.00497E-01
SCF Iteration 331: Energy = 1.0763865365585237 dE = -1.00497E-01
SCF Iteration 332: Energy = 1.1768836530088504 dE =  1.00497E-01
SCF Iteration 333: Energy = 1.0763865365585243 dE = -1.00497E-01
SCF Iteration 334: Energy = 1.1768836530088498 dE =  1.00497E-01
SCF Iteration 335: Energy = 1.0763865365585246 dE = -1.00497E-01
SCF Iteration 336: Energy = 1.1768836530088507 dE =  1.00497E-01
SCF Iteration 337: Energy = 1.0763865365585248 dE = -1.00497E-01
SCF Iteration 338: Energy = 1.1768836530088524 dE =  1.00497E-01
SCF Iteration 339: Energy = 1.0763865365585263 dE = -1.00497E-01
SCF Iteration 340: Energy = 1.1768836530088500 dE =  1.00497E-01
SCF Iteration 341: Energy = 1.0763865365585259 dE = -1.00497E-01
SCF Iteration 342: Energy = 1.1768836530088487 dE =  1.00497E-01
SCF Iteration 343: Energy = 1.0763865365585243 dE = -1.00497E-01
SCF Iteration 344: Energy = 1.1768836530088496 dE =  1.00497E-01
SCF Iteration 345: Energy = 1.0763865365585230 dE = -1.00497E-01
SCF Iteration 346: Energy = 1.1768836530088509 dE =  1.00497E-01
SCF Iteration 347: Energy = 1.0763865365585252 dE = -1.00497E-01
SCF Iteration 348: Energy = 1.1768836530088487 dE =  1.00497E-01
SCF Iteration 349: Energy = 1.0763865365585239 dE = -1.00497E-01
SCF Iteration 350: Energy = 1.1768836530088458 dE =  1.00497E-01
SCF Iteration 351: Energy = 1.0763865365585230 dE = -1.00497E-01
SCF Iteration 352: Energy = 1.1768836530088493 dE =  1.00497E-01
SCF Iteration 353: Energy = 1.0763865365585241 dE = -1.00497E-01
SCF Iteration 354: Energy = 1.1768836530088500 dE =  1.00497E-01
SCF Iteration 355: Energy = 1.0763865365585230 dE = -1.00497E-01
SCF Iteration 356: Energy = 1.1768836530088507 dE =  1.00497E-01
SCF Iteration 357: Energy = 1.0763865365585230 dE = -1.00497E-01
SCF Iteration 358: Energy = 1.1768836530088511 dE =  1.00497E-01
SCF Iteration 359: Energy = 1.0763865365585266 dE = -1.00497E-01
SCF Iteration 360: Energy = 1.1768836530088504 dE =  1.00497E-01
SCF Iteration 361: Energy = 1.0763865365585248 dE = -1.00497E-01
SCF Iteration 362: Energy = 1.1768836530088516 dE =  1.00497E-01
SCF Iteration 363: Energy = 1.0763865365585246 dE = -1.00497E-01
SCF Iteration 364: Energy = 1.1768836530088520 dE =  1.00497E-01
SCF Iteration 365: Energy = 1.0763865365585261 dE = -1.00497E-01
SCF Iteration 366: Energy = 1.1768836530088504 dE =  1.00497E-01
SCF Iteration 367: Energy = 1.0763865365585241 dE = -1.00497E-01
SCF Iteration 368: Energy = 1.1768836530088493 dE =  1.00497E-01
SCF Iteration 369: Energy = 1.0763865365585215 dE = -1.00497E-01
SCF Iteration 370: Energy = 1.1768836530088480 dE =  1.00497E-01
SCF Iteration 371: Energy = 1.0763865365585217 dE = -1.00497E-01
SCF Iteration 372: Energy = 1.1768836530088471 dE =  1.00497E-01
SCF Iteration 373: Energy = 1.0763865365585186 dE = -1.00497E-01
SCF Iteration 374: Energy = 1.1768836530088445 dE =  1.00497E-01
SCF Iteration 375: Energy = 1.0763865365585208 dE = -1.00497E-01
SCF Iteration 376: Energy = 1.1768836530088482 dE =  1.00497E-01
SCF Iteration 377: Energy = 1.0763865365585219 dE = -1.00497E-01
SCF Iteration 378: Energy = 1.1768836530088500 dE =  1.00497E-01
SCF Iteration 379: Energy = 1.0763865365585223 dE = -1.00497E-01
SCF Iteration 380: Energy = 1.1768836530088518 dE =  1.00497E-01
SCF Iteration 381: Energy = 1.0763865365585248 dE = -1.00497E-01
SCF Iteration 382: Energy = 1.1768836530088513 dE =  1.00497E-01
SCF Iteration 383: Energy = 1.0763865365585255 dE = -1.00497E-01
SCF Iteration 384: Energy = 1.1768836530088504 dE =  1.00497E-01
SCF Iteration 385: Energy = 1.0763865365585255 dE = -1.00497E-01
SCF Iteration 386: Energy = 1.1768836530088504 dE =  1.00497E-01
SCF Iteration 387: Energy = 1.0763865365585268 dE = -1.00497E-01
SCF Iteration 388: Energy = 1.1768836530088509 dE =  1.00497E-01
SCF Iteration 389: Energy = 1.0763865365585248 dE = -1.00497E-01
SCF Iteration 390: Energy = 1.1768836530088518 dE =  1.00497E-01
SCF Iteration 391: Energy = 1.0763865365585243 dE = -1.00497E-01
SCF Iteration 392: Energy = 1.1768836530088489 dE =  1.00497E-01
SCF Iteration 393: Energy = 1.0763865365585219 dE = -1.00497E-01
SCF Iteration 394: Energy = 1.1768836530088485 dE =  1.00497E-01
SCF Iteration 395: Energy = 1.0763865365585243 dE = -1.00497E-01
SCF Iteration 396: Energy = 1.1768836530088491 dE =  1.00497E-01
SCF Iteration 397: Energy = 1.0763865365585235 dE = -1.00497E-01
SCF Iteration 398: Energy = 1.1768836530088493 dE =  1.00497E-01
SCF Iteration 399: Energy = 1.0763865365585243 dE = -1.00497E-01
SCF Iteration 400: Energy = 1.1768836530088502 dE =  1.00497E-01
SCF Iteration 401: Energy = 1.0763865365585255 dE = -1.00497E-01
SCF Iteration 402: Energy = 1.1768836530088522 dE =  1.00497E-01
SCF Iteration 403: Energy = 1.0763865365585241 dE = -1.00497E-01
SCF Iteration 404: Energy = 1.1768836530088513 dE =  1.00497E-01
SCF Iteration 405: Energy = 1.0763865365585237 dE = -1.00497E-01
SCF Iteration 406: Energy = 1.1768836530088507 dE =  1.00497E-01
SCF Iteration 407: Energy = 1.0763865365585232 dE = -1.00497E-01
SCF Iteration 408: Energy = 1.1768836530088504 dE =  1.00497E-01
SCF Iteration 409: Energy = 1.0763865365585255 dE = -1.00497E-01
SCF Iteration 410: Energy = 1.1768836530088513 dE =  1.00497E-01
SCF Iteration 411: Energy = 1.0763865365585246 dE = -1.00497E-01
SCF Iteration 412: Energy = 1.1768836530088480 dE =  1.00497E-01
SCF Iteration 413: Energy = 1.0763865365585215 dE = -1.00497E-01
SCF Iteration 414: Energy = 1.1768836530088471 dE =  1.00497E-01
SCF Iteration 415: Energy = 1.0763865365585226 dE = -1.00497E-01
SCF Iteration 416: Energy = 1.1768836530088485 dE =  1.00497E-01
SCF Iteration 417: Energy = 1.0763865365585230 dE = -1.00497E-01
SCF Iteration 418: Energy = 1.1768836530088473 dE =  1.00497E-01
SCF Iteration 419: Energy = 1.0763865365585201 dE = -1.00497E-01
SCF Iteration 420: Energy = 1.1768836530088511 dE =  1.00497E-01
SCF Iteration 421: Energy = 1.0763865365585219 dE = -1.00497E-01
SCF Iteration 422: Energy = 1.1768836530088504 dE =  1.00497E-01
SCF Iteration 423: Energy = 1.0763865365585237 dE = -1.00497E-01
SCF Iteration 424: Energy = 1.1768836530088511 dE =  1.00497E-01
SCF Iteration 425: Energy = 1.0763865365585241 dE = -1.00497E-01
SCF Iteration 426: Energy = 1.1768836530088509 dE =  1.00497E-01
SCF Iteration 427: Energy = 1.0763865365585219 dE = -1.00497E-01
SCF Iteration 428: Energy = 1.1768836530088480 dE =  1.00497E-01
SCF Iteration 429: Energy = 1.0763865365585223 dE = -1.00497E-01
SCF Iteration 430: Energy = 1.1768836530088478 dE =  1.00497E-01
SCF Iteration 431: Energy = 1.0763865365585217 dE = -1.00497E-01
SCF Iteration 432: Energy = 1.1768836530088502 dE =  1.00497E-01
SCF Iteration 433: Energy = 1.0763865365585255 dE = -1.00497E-01
SCF Iteration 434: Energy = 1.1768836530088493 dE =  1.00497E-01
SCF Iteration 435: Energy = 1.0763865365585243 dE = -1.00497E-01
SCF Iteration 436: Energy = 1.1768836530088498 dE =  1.00497E-01
SCF Iteration 437: Energy = 1.0763865365585250 dE = -1.00497E-01
SCF Iteration 438: Energy = 1.1768836530088507 dE =  1.00497E-01
SCF Iteration 439: Energy = 1.0763865365585235 dE = -1.00497E-01
SCF Iteration 440: Energy = 1.1768836530088516 dE =  1.00497E-01
SCF Iteration 441: Energy = 1.0763865365585259 dE = -1.00497E-01
SCF Iteration 442: Energy = 1.1768836530088511 dE =  1.00497E-01
SCF Iteration 443: Energy = 1.0763865365585255 dE = -1.00497E-01
SCF Iteration 444: Energy = 1.1768836530088502 dE =  1.00497E-01
SCF Iteration 445: Energy = 1.0763865365585255 dE = -1.00497E-01
SCF Iteration 446: Energy = 1.1768836530088482 dE =  1.00497E-01
SCF Iteration 447: Energy = 1.0763865365585219 dE = -1.00497E-01
SCF Iteration 448: Energy = 1.1768836530088458 dE =  1.00497E-01
SCF Iteration 449: Energy = 1.0763865365585228 dE = -1.00497E-01
SCF Iteration 450: Energy = 1.1768836530088478 dE =  1.00497E-01
SCF Iteration 451: Energy = 1.0763865365585228 dE = -1.00497E-01
SCF Iteration 452: Energy = 1.1768836530088473 dE =  1.00497E-01
SCF Iteration 453: Energy = 1.0763865365585223 dE = -1.00497E-01
SCF Iteration 454: Energy = 1.1768836530088496 dE =  1.00497E-01
SCF Iteration 455: Energy = 1.0763865365585237 dE = -1.00497E-01
SCF Iteration 456: Energy = 1.1768836530088509 dE =  1.00497E-01
SCF Iteration 457: Energy = 1.0763865365585239 dE = -1.00497E-01
SCF Iteration 458: Energy = 1.1768836530088507 dE =  1.00497E-01
SCF Iteration 459: Energy = 1.0763865365585250 dE = -1.00497E-01
SCF Iteration 460: Energy = 1.1768836530088509 dE =  1.00497E-01
SCF Iteration 461: Energy = 1.0763865365585270 dE = -1.00497E-01
SCF Iteration 462: Energy = 1.1768836530088507 dE =  1.00497E-01
SCF Iteration 463: Energy = 1.0763865365585237 dE = -1.00497E-01
SCF Iteration 464: Energy = 1.1768836530088493 dE =  1.00497E-01
SCF Iteration 465: Energy = 1.0763865365585239 dE = -1.00497E-01
SCF Iteration 466: Energy = 1.1768836530088485 dE =  1.00497E-01
SCF Iteration 467: Energy = 1.0763865365585208 dE = -1.00497E-01
SCF Iteration 468: Energy = 1.1768836530088487 dE =  1.00497E-01
SCF Iteration 469: Energy = 1.0763865365585203 dE = -1.00497E-01
SCF Iteration 470: Energy = 1.1768836530088500 dE =  1.00497E-01
SCF Iteration 471: Energy = 1.0763865365585252 dE = -1.00497E-01
SCF Iteration 472: Energy = 1.1768836530088491 dE =  1.00497E-01
SCF Iteration 473: Energy = 1.0763865365585241 dE = -1.00497E-01
SCF Iteration 474: Energy = 1.1768836530088507 dE =  1.00497E-01
SCF Iteration 475: Energy = 1.0763865365585232 dE = -1.00497E-01
SCF Iteration 476: Energy = 1.1768836530088507 dE =  1.00497E-01
SCF Iteration 477: Energy = 1.0763865365585239 dE = -1.00497E-01
SCF Iteration 478: Energy = 1.1768836530088482 dE =  1.00497E-01
SCF Iteration 479: Energy = 1.0763865365585221 dE = -1.00497E-01
SCF Iteration 480: Energy = 1.1768836530088507 dE =  1.00497E-01
SCF Iteration 481: Energy = 1.0763865365585239 dE = -1.00497E-01
SCF Iteration 482: Energy = 1.1768836530088485 dE =  1.00497E-01
SCF Iteration 483: Energy = 1.0763865365585255 dE = -1.00497E-01
SCF Iteration 484: Energy = 1.1768836530088489 dE =  1.00497E-01
SCF Iteration 485: Energy = 1.0763865365585250 dE = -1.00497E-01
SCF Iteration 486: Energy = 1.1768836530088498 dE =  1.00497E-01
SCF Iteration 487: Energy = 1.0763865365585237 dE = -1.00497E-01
SCF Iteration 488: Energy = 1.1768836530088509 dE =  1.00497E-01
SCF Iteration 489: Energy = 1.0763865365585237 dE = -1.00497E-01
SCF Iteration 490: Energy = 1.1768836530088496 dE =  1.00497E-01
SCF Iteration 491: Energy = 1.0763865365585237 dE = -1.00497E-01
SCF Iteration 492: Energy = 1.1768836530088502 dE =  1.00497E-01
SCF Iteration 493: Energy = 1.0763865365585237 dE = -1.00497E-01
SCF Iteration 494: Energy = 1.1768836530088496 dE =  1.00497E-01
SCF Iteration 495: Energy = 1.0763865365585241 dE = -1.00497E-01
SCF Iteration 496: Energy = 1.1768836530088511 dE =  1.00497E-01
SCF Iteration 497: Energy = 1.0763865365585232 dE = -1.00497E-01
SCF Iteration 498: Energy = 1.1768836530088502 dE =  1.00497E-01
SCF Iteration 499: Energy = 1.0763865365585232 dE = -1.00497E-01
SCF Iteration 500: Energy = 1.1768836530088496 dE =  1.00497E-01
