
  Memory set to  55.879 GiB by Python driver.
  Threads set to 1 by Python driver.
Settings:
	LOT = CCSD-S2-U22
	wc = 20.0 eV
	lambda = [0. 0. 0.] a.u.
	Equivalent A0 = LAMBDA / sqrt(2 wc) = [0. 0. 0.])
doing QED-CCSD-Full (or QED-CCSD-22)
Number of occupied orbitals:   1
Number of basis functions:  60
SCF Iteration   1: Energy = -1.0439663989482852 dE = -1.04397E+00
SCF Iteration   2: Energy = -1.0439663989483141 dE = -2.88658E-14

SCF converged.
E_QED_HF          = -1.043966398948314
HF  (psi4)        = -1.043966398938815
Starting with the CCSD calculation:

Iter  Energy(CCSD)      E_diff    time(sec)
  1:  -0.0378224532  3.78225E-02   20.376
  2:  -0.0460614161  8.23896E-03   20.372
  3:  -0.0513036865  5.24227E-03   20.370
  4:  -0.0534558623  2.15218E-03   20.372
  5:  -0.0535450114  8.91491E-05   20.371
  6:  -0.0535733897  2.83784E-05   20.354
  7:  -0.0535652584  8.13138E-06   20.359
  8:  -0.0535661815  9.23134E-07   20.362
  9:  -0.0535660865  9.49882E-08   20.350
 10:  -0.0535660891  2.59962E-09   20.359
E_QED_CCSD  (Corr.)  = -0.053566089097174
E_QED_CCSD tot       = -1.097532488045488
E_CCSD_psi4 (Corr.)  = -0.053566086903490
E_CCSD_psi4 tot      = -1.097532485842305
