
  Memory set to  55.879 GiB by Python driver.
  Threads set to 1 by Python driver.
Settings:
	LOT = CCSD-S2-U22
	wc = 20.0 eV
	lambda = [0. 0. 0.] a.u.
	Equivalent A0 = LAMBDA / sqrt(2 wc) = [0. 0. 0.])
doing QED-CCSD-Full (or QED-CCSD-22)
Number of occupied orbitals:   1
Number of basis functions:  60
SCF Iteration   1: Energy = -0.8139395975761679 dE = -8.13940E-01
SCF Iteration   2: Energy = -0.8139395975761776 dE = -9.76996E-15

SCF converged.
E_QED_HF          = -0.813939597576178
HF  (psi4)        = -0.813939597574630
Starting with the CCSD calculation:

Iter  Energy(CCSD)      E_diff    time(sec)
  1:  -0.0332328947  3.32329E-02   20.433
  2:  -0.0373333912  4.10050E-03   20.425
  3:  -0.0385157274  1.18234E-03   20.425
  4:  -0.0386821378  1.66410E-04   20.429
  5:  -0.0386854290  3.29120E-06   21.017
  6:  -0.0386854195  9.43602E-09   20.395
E_QED_CCSD  (Corr.)  = -0.038685419543161
E_QED_CCSD tot       = -0.852625017119339
E_CCSD_psi4 (Corr.)  = -0.038685402024145
E_CCSD_psi4 tot      = -0.852624999598774
