
  Memory set to  55.879 GiB by Python driver.
  Threads set to 1 by Python driver.
Settings:
	LOT = CCSD-S2-U22
	wc = 20.0 eV
	lambda = [0.606212 0.       0.      ] a.u.
	Equivalent A0 = LAMBDA / sqrt(2 wc) = [0.5 0.  0. ])
doing QED-CCSD-Full (or QED-CCSD-22)
Number of occupied orbitals:   1
Number of basis functions:  60
SCF Iteration   1: Energy = 0.8563366415564381 dE =  8.56337E-01
SCF Iteration   2: Energy = 1.3036519676527902 dE =  4.47315E-01
SCF Iteration   3: Energy = 1.0409902033359377 dE = -2.62662E-01
SCF Iteration   4: Energy = 1.3145618701482802 dE =  2.73572E-01
SCF Iteration   5: Energy = 1.0877492347275926 dE = -2.26813E-01
SCF Iteration   6: Energy = 1.3194252515212459 dE =  2.31676E-01
SCF Iteration   7: Energy = 1.1034811506790489 dE = -2.15944E-01
SCF Iteration   8: Energy = 1.3211101741410043 dE =  2.17629E-01
SCF Iteration   9: Energy = 1.1093762724741512 dE = -2.11734E-01
SCF Iteration  10: Energy = 1.3213183972433478 dE =  2.11942E-01
SCF Iteration  11: Energy = 1.1113792851650861 dE = -2.09939E-01
SCF Iteration  12: Energy = 1.3209401196354826 dE =  2.09561E-01
SCF Iteration  13: Energy = 1.1118188871569887 dE = -2.09121E-01
SCF Iteration  14: Energy = 1.3204228486819156 dE =  2.08604E-01
SCF Iteration  15: Energy = 1.1116911987953644 dE = -2.08732E-01
SCF Iteration  16: Energy = 1.3199514860192425 dE =  2.08260E-01
SCF Iteration  17: Energy = 1.1114109830143462 dE = -2.08541E-01
SCF Iteration  18: Energy = 1.3195802004880892 dE =  2.08169E-01
SCF Iteration  19: Energy = 1.1111355823291860 dE = -2.08445E-01
SCF Iteration  20: Energy = 1.3193084778771431 dE =  2.08173E-01
SCF Iteration  21: Energy = 1.1109129003069333 dE = -2.08396E-01
SCF Iteration  22: Energy = 1.3191179536119071 dE =  2.08205E-01
SCF Iteration  23: Energy = 1.1107479437180896 dE = -2.08370E-01
SCF Iteration  24: Energy = 1.3189879198046290 dE =  2.08240E-01
SCF Iteration  25: Energy = 1.1106315094199077 dE = -2.08356E-01
SCF Iteration  26: Energy = 1.3189007434362185 dE =  2.08269E-01
SCF Iteration  27: Energy = 1.1105517201559219 dE = -2.08349E-01
SCF Iteration  28: Energy = 1.3188430106530946 dE =  2.08291E-01
SCF Iteration  29: Energy = 1.1104980873111086 dE = -2.08345E-01
SCF Iteration  30: Energy = 1.3188051039497963 dE =  2.08307E-01
SCF Iteration  31: Energy = 1.1104625052061994 dE = -2.08343E-01
SCF Iteration  32: Energy = 1.3187803668122824 dE =  2.08318E-01
SCF Iteration  33: Energy = 1.1104391131671374 dE = -2.08341E-01
SCF Iteration  34: Energy = 1.3187642950718950 dE =  2.08325E-01
SCF Iteration  35: Energy = 1.1104238344097122 dE = -2.08340E-01
SCF Iteration  36: Energy = 1.3187538868053581 dE =  2.08330E-01
SCF Iteration  37: Energy = 1.1104139014135668 dE = -2.08340E-01
SCF Iteration  38: Energy = 1.3187471621590070 dE =  2.08333E-01
SCF Iteration  39: Energy = 1.1104074656712710 dE = -2.08340E-01
SCF Iteration  40: Energy = 1.3187428249914239 dE =  2.08335E-01
SCF Iteration  41: Energy = 1.1104033061982974 dE = -2.08340E-01
SCF Iteration  42: Energy = 1.3187400312536370 dE =  2.08337E-01
SCF Iteration  43: Energy = 1.1104006228043202 dE = -2.08339E-01
SCF Iteration  44: Energy = 1.3187382334086755 dE =  2.08338E-01
SCF Iteration  45: Energy = 1.1103988940046965 dE = -2.08339E-01
SCF Iteration  46: Energy = 1.3187370772633416 dE =  2.08338E-01
SCF Iteration  47: Energy = 1.1103977813226789 dE = -2.08339E-01
SCF Iteration  48: Energy = 1.3187363341674052 dE =  2.08339E-01
SCF Iteration  49: Energy = 1.1103970657139475 dE = -2.08339E-01
SCF Iteration  50: Energy = 1.3187358567393770 dE =  2.08339E-01
SCF Iteration  51: Energy = 1.1103966057317192 dE = -2.08339E-01
SCF Iteration  52: Energy = 1.3187355500881142 dE =  2.08339E-01
SCF Iteration  53: Energy = 1.1103963101833358 dE = -2.08339E-01
SCF Iteration  54: Energy = 1.3187353531691133 dE =  2.08339E-01
SCF Iteration  55: Energy = 1.1103961203450965 dE = -2.08339E-01
SCF Iteration  56: Energy = 1.3187352267361196 dE =  2.08339E-01
SCF Iteration  57: Energy = 1.1103959984348695 dE = -2.08339E-01
SCF Iteration  58: Energy = 1.3187351455688390 dE =  2.08339E-01
SCF Iteration  59: Energy = 1.1103959201598679 dE = -2.08339E-01
SCF Iteration  60: Energy = 1.3187350934658599 dE =  2.08339E-01
SCF Iteration  61: Energy = 1.1103958699081236 dE = -2.08339E-01
SCF Iteration  62: Energy = 1.3187350600220999 dE =  2.08339E-01
SCF Iteration  63: Energy = 1.1103958376500540 dE = -2.08339E-01
SCF Iteration  64: Energy = 1.3187350385563561 dE =  2.08339E-01
SCF Iteration  65: Energy = 1.1103958169441104 dE = -2.08339E-01
SCF Iteration  66: Energy = 1.3187350247791634 dE =  2.08339E-01
SCF Iteration  67: Energy = 1.1103958036539807 dE = -2.08339E-01
SCF Iteration  68: Energy = 1.3187350159369085 dE =  2.08339E-01
SCF Iteration  69: Energy = 1.1103957951240397 dE = -2.08339E-01
SCF Iteration  70: Energy = 1.3187350102620261 dE =  2.08339E-01
SCF Iteration  71: Energy = 1.1103957896494647 dE = -2.08339E-01
SCF Iteration  72: Energy = 1.3187350066199939 dE =  2.08339E-01
SCF Iteration  73: Energy = 1.1103957861359235 dE = -2.08339E-01
SCF Iteration  74: Energy = 1.3187350042826353 dE =  2.08339E-01
SCF Iteration  75: Energy = 1.1103957838809910 dE = -2.08339E-01
SCF Iteration  76: Energy = 1.3187350027825930 dE =  2.08339E-01
SCF Iteration  77: Energy = 1.1103957824338337 dE = -2.08339E-01
SCF Iteration  78: Energy = 1.3187350018199195 dE =  2.08339E-01
SCF Iteration  79: Energy = 1.1103957815050951 dE = -2.08339E-01
SCF Iteration  80: Energy = 1.3187350012021124 dE =  2.08339E-01
SCF Iteration  81: Energy = 1.1103957809090625 dE = -2.08339E-01
SCF Iteration  82: Energy = 1.3187350008056273 dE =  2.08339E-01
SCF Iteration  83: Energy = 1.1103957805265481 dE = -2.08339E-01
SCF Iteration  84: Energy = 1.3187350005511784 dE =  2.08339E-01
SCF Iteration  85: Energy = 1.1103957802810633 dE = -2.08339E-01
SCF Iteration  86: Energy = 1.3187350003878882 dE =  2.08339E-01
SCF Iteration  87: Energy = 1.1103957801235282 dE = -2.08339E-01
SCF Iteration  88: Energy = 1.3187350002830933 dE =  2.08339E-01
SCF Iteration  89: Energy = 1.1103957800224260 dE = -2.08339E-01
SCF Iteration  90: Energy = 1.3187350002158402 dE =  2.08339E-01
SCF Iteration  91: Energy = 1.1103957799575430 dE = -2.08339E-01
SCF Iteration  92: Energy = 1.3187350001726821 dE =  2.08339E-01
SCF Iteration  93: Energy = 1.1103957799159014 dE = -2.08339E-01
SCF Iteration  94: Energy = 1.3187350001449853 dE =  2.08339E-01
SCF Iteration  95: Energy = 1.1103957798891821 dE = -2.08339E-01
SCF Iteration  96: Energy = 1.3187350001272071 dE =  2.08339E-01
SCF Iteration  97: Energy = 1.1103957798720323 dE = -2.08339E-01
SCF Iteration  98: Energy = 1.3187350001158042 dE =  2.08339E-01
SCF Iteration  99: Energy = 1.1103957798610302 dE = -2.08339E-01
SCF Iteration 100: Energy = 1.3187350001084832 dE =  2.08339E-01
SCF Iteration 101: Energy = 1.1103957798539672 dE = -2.08339E-01
SCF Iteration 102: Energy = 1.3187350001037823 dE =  2.08339E-01
SCF Iteration 103: Energy = 1.1103957798494299 dE = -2.08339E-01
SCF Iteration 104: Energy = 1.3187350001007685 dE =  2.08339E-01
SCF Iteration 105: Energy = 1.1103957798465249 dE = -2.08339E-01
SCF Iteration 106: Energy = 1.3187350000988367 dE =  2.08339E-01
SCF Iteration 107: Energy = 1.1103957798446615 dE = -2.08339E-01
SCF Iteration 108: Energy = 1.3187350000975973 dE =  2.08339E-01
SCF Iteration 109: Energy = 1.1103957798434612 dE = -2.08339E-01
SCF Iteration 110: Energy = 1.3187350000967948 dE =  2.08339E-01
SCF Iteration 111: Energy = 1.1103957798426931 dE = -2.08339E-01
SCF Iteration 112: Energy = 1.3187350000962881 dE =  2.08339E-01
SCF Iteration 113: Energy = 1.1103957798421993 dE = -2.08339E-01
SCF Iteration 114: Energy = 1.3187350000959577 dE =  2.08339E-01
SCF Iteration 115: Energy = 1.1103957798418818 dE = -2.08339E-01
SCF Iteration 116: Energy = 1.3187350000957432 dE =  2.08339E-01
SCF Iteration 117: Energy = 1.1103957798416730 dE = -2.08339E-01
SCF Iteration 118: Energy = 1.3187350000956073 dE =  2.08339E-01
SCF Iteration 119: Energy = 1.1103957798415431 dE = -2.08339E-01
SCF Iteration 120: Energy = 1.3187350000955216 dE =  2.08339E-01
SCF Iteration 121: Energy = 1.1103957798414612 dE = -2.08339E-01
SCF Iteration 122: Energy = 1.3187350000954667 dE =  2.08339E-01
SCF Iteration 123: Energy = 1.1103957798414106 dE = -2.08339E-01
SCF Iteration 124: Energy = 1.3187350000954337 dE =  2.08339E-01
SCF Iteration 125: Energy = 1.1103957798413766 dE = -2.08339E-01
SCF Iteration 126: Energy = 1.3187350000954101 dE =  2.08339E-01
SCF Iteration 127: Energy = 1.1103957798413571 dE = -2.08339E-01
SCF Iteration 128: Energy = 1.3187350000953919 dE =  2.08339E-01
SCF Iteration 129: Energy = 1.1103957798413417 dE = -2.08339E-01
SCF Iteration 130: Energy = 1.3187350000953859 dE =  2.08339E-01
SCF Iteration 131: Energy = 1.1103957798413342 dE = -2.08339E-01
SCF Iteration 132: Energy = 1.3187350000953750 dE =  2.08339E-01
SCF Iteration 133: Energy = 1.1103957798413258 dE = -2.08339E-01
SCF Iteration 134: Energy = 1.3187350000953755 dE =  2.08339E-01
SCF Iteration 135: Energy = 1.1103957798413207 dE = -2.08339E-01
SCF Iteration 136: Energy = 1.3187350000953739 dE =  2.08339E-01
SCF Iteration 137: Energy = 1.1103957798413180 dE = -2.08339E-01
SCF Iteration 138: Energy = 1.3187350000953764 dE =  2.08339E-01
SCF Iteration 139: Energy = 1.1103957798413222 dE = -2.08339E-01
SCF Iteration 140: Energy = 1.3187350000953739 dE =  2.08339E-01
SCF Iteration 141: Energy = 1.1103957798413215 dE = -2.08339E-01
SCF Iteration 142: Energy = 1.3187350000953733 dE =  2.08339E-01
SCF Iteration 143: Energy = 1.1103957798413209 dE = -2.08339E-01
SCF Iteration 144: Energy = 1.3187350000953757 dE =  2.08339E-01
SCF Iteration 145: Energy = 1.1103957798413229 dE = -2.08339E-01
SCF Iteration 146: Energy = 1.3187350000953737 dE =  2.08339E-01
SCF Iteration 147: Energy = 1.1103957798413195 dE = -2.08339E-01
SCF Iteration 148: Energy = 1.3187350000953741 dE =  2.08339E-01
SCF Iteration 149: Energy = 1.1103957798413171 dE = -2.08339E-01
SCF Iteration 150: Energy = 1.3187350000953748 dE =  2.08339E-01
SCF Iteration 151: Energy = 1.1103957798413213 dE = -2.08339E-01
SCF Iteration 152: Energy = 1.3187350000953737 dE =  2.08339E-01
SCF Iteration 153: Energy = 1.1103957798413209 dE = -2.08339E-01
SCF Iteration 154: Energy = 1.3187350000953710 dE =  2.08339E-01
SCF Iteration 155: Energy = 1.1103957798413180 dE = -2.08339E-01
SCF Iteration 156: Energy = 1.3187350000953733 dE =  2.08339E-01
SCF Iteration 157: Energy = 1.1103957798413155 dE = -2.08339E-01
SCF Iteration 158: Energy = 1.3187350000953737 dE =  2.08339E-01
SCF Iteration 159: Energy = 1.1103957798413204 dE = -2.08339E-01
SCF Iteration 160: Energy = 1.3187350000953733 dE =  2.08339E-01
SCF Iteration 161: Energy = 1.1103957798413224 dE = -2.08339E-01
SCF Iteration 162: Energy = 1.3187350000953708 dE =  2.08339E-01
SCF Iteration 163: Energy = 1.1103957798413151 dE = -2.08339E-01
SCF Iteration 164: Energy = 1.3187350000953684 dE =  2.08339E-01
SCF Iteration 165: Energy = 1.1103957798413182 dE = -2.08339E-01
SCF Iteration 166: Energy = 1.3187350000953719 dE =  2.08339E-01
SCF Iteration 167: Energy = 1.1103957798413193 dE = -2.08339E-01
SCF Iteration 168: Energy = 1.3187350000953746 dE =  2.08339E-01
SCF Iteration 169: Energy = 1.1103957798413207 dE = -2.08339E-01
SCF Iteration 170: Energy = 1.3187350000953724 dE =  2.08339E-01
SCF Iteration 171: Energy = 1.1103957798413180 dE = -2.08339E-01
SCF Iteration 172: Energy = 1.3187350000953704 dE =  2.08339E-01
SCF Iteration 173: Energy = 1.1103957798413193 dE = -2.08339E-01
SCF Iteration 174: Energy = 1.3187350000953684 dE =  2.08339E-01
SCF Iteration 175: Energy = 1.1103957798413158 dE = -2.08339E-01
SCF Iteration 176: Energy = 1.3187350000953715 dE =  2.08339E-01
SCF Iteration 177: Energy = 1.1103957798413187 dE = -2.08339E-01
SCF Iteration 178: Energy = 1.3187350000953686 dE =  2.08339E-01
SCF Iteration 179: Energy = 1.1103957798413180 dE = -2.08339E-01
SCF Iteration 180: Energy = 1.3187350000953701 dE =  2.08339E-01
SCF Iteration 181: Energy = 1.1103957798413149 dE = -2.08339E-01
SCF Iteration 182: Energy = 1.3187350000953661 dE =  2.08339E-01
SCF Iteration 183: Energy = 1.1103957798413164 dE = -2.08339E-01
SCF Iteration 184: Energy = 1.3187350000953670 dE =  2.08339E-01
SCF Iteration 185: Energy = 1.1103957798413155 dE = -2.08339E-01
SCF Iteration 186: Energy = 1.3187350000953684 dE =  2.08339E-01
SCF Iteration 187: Energy = 1.1103957798413155 dE = -2.08339E-01
SCF Iteration 188: Energy = 1.3187350000953713 dE =  2.08339E-01
SCF Iteration 189: Energy = 1.1103957798413189 dE = -2.08339E-01
SCF Iteration 190: Energy = 1.3187350000953693 dE =  2.08339E-01
SCF Iteration 191: Energy = 1.1103957798413175 dE = -2.08339E-01
SCF Iteration 192: Energy = 1.3187350000953688 dE =  2.08339E-01
SCF Iteration 193: Energy = 1.1103957798413151 dE = -2.08339E-01
SCF Iteration 194: Energy = 1.3187350000953677 dE =  2.08339E-01
SCF Iteration 195: Energy = 1.1103957798413140 dE = -2.08339E-01
SCF Iteration 196: Energy = 1.3187350000953706 dE =  2.08339E-01
SCF Iteration 197: Energy = 1.1103957798413167 dE = -2.08339E-01
SCF Iteration 198: Energy = 1.3187350000953724 dE =  2.08339E-01
SCF Iteration 199: Energy = 1.1103957798413195 dE = -2.08339E-01
SCF Iteration 200: Energy = 1.3187350000953706 dE =  2.08339E-01
SCF Iteration 201: Energy = 1.1103957798413193 dE = -2.08339E-01
SCF Iteration 202: Energy = 1.3187350000953721 dE =  2.08339E-01
SCF Iteration 203: Energy = 1.1103957798413193 dE = -2.08339E-01
SCF Iteration 204: Energy = 1.3187350000953715 dE =  2.08339E-01
SCF Iteration 205: Energy = 1.1103957798413162 dE = -2.08339E-01
SCF Iteration 206: Energy = 1.3187350000953697 dE =  2.08339E-01
SCF Iteration 207: Energy = 1.1103957798413180 dE = -2.08339E-01
SCF Iteration 208: Energy = 1.3187350000953684 dE =  2.08339E-01
SCF Iteration 209: Energy = 1.1103957798413178 dE = -2.08339E-01
SCF Iteration 210: Energy = 1.3187350000953728 dE =  2.08339E-01
SCF Iteration 211: Energy = 1.1103957798413187 dE = -2.08339E-01
SCF Iteration 212: Energy = 1.3187350000953704 dE =  2.08339E-01
SCF Iteration 213: Energy = 1.1103957798413169 dE = -2.08339E-01
SCF Iteration 214: Energy = 1.3187350000953710 dE =  2.08339E-01
SCF Iteration 215: Energy = 1.1103957798413149 dE = -2.08339E-01
SCF Iteration 216: Energy = 1.3187350000953657 dE =  2.08339E-01
SCF Iteration 217: Energy = 1.1103957798413120 dE = -2.08339E-01
SCF Iteration 218: Energy = 1.3187350000953661 dE =  2.08339E-01
SCF Iteration 219: Energy = 1.1103957798413120 dE = -2.08339E-01
SCF Iteration 220: Energy = 1.3187350000953657 dE =  2.08339E-01
SCF Iteration 221: Energy = 1.1103957798413102 dE = -2.08339E-01
SCF Iteration 222: Energy = 1.3187350000953679 dE =  2.08339E-01
SCF Iteration 223: Energy = 1.1103957798413109 dE = -2.08339E-01
SCF Iteration 224: Energy = 1.3187350000953675 dE =  2.08339E-01
SCF Iteration 225: Energy = 1.1103957798413151 dE = -2.08339E-01
SCF Iteration 226: Energy = 1.3187350000953701 dE =  2.08339E-01
SCF Iteration 227: Energy = 1.1103957798413158 dE = -2.08339E-01
SCF Iteration 228: Energy = 1.3187350000953657 dE =  2.08339E-01
SCF Iteration 229: Energy = 1.1103957798413122 dE = -2.08339E-01
SCF Iteration 230: Energy = 1.3187350000953657 dE =  2.08339E-01
SCF Iteration 231: Energy = 1.1103957798413127 dE = -2.08339E-01
SCF Iteration 232: Energy = 1.3187350000953710 dE =  2.08339E-01
SCF Iteration 233: Energy = 1.1103957798413180 dE = -2.08339E-01
SCF Iteration 234: Energy = 1.3187350000953697 dE =  2.08339E-01
SCF Iteration 235: Energy = 1.1103957798413184 dE = -2.08339E-01
SCF Iteration 236: Energy = 1.3187350000953704 dE =  2.08339E-01
SCF Iteration 237: Energy = 1.1103957798413180 dE = -2.08339E-01
SCF Iteration 238: Energy = 1.3187350000953701 dE =  2.08339E-01
SCF Iteration 239: Energy = 1.1103957798413167 dE = -2.08339E-01
SCF Iteration 240: Energy = 1.3187350000953708 dE =  2.08339E-01
SCF Iteration 241: Energy = 1.1103957798413175 dE = -2.08339E-01
SCF Iteration 242: Energy = 1.3187350000953690 dE =  2.08339E-01
SCF Iteration 243: Energy = 1.1103957798413178 dE = -2.08339E-01
SCF Iteration 244: Energy = 1.3187350000953697 dE =  2.08339E-01
SCF Iteration 245: Energy = 1.1103957798413158 dE = -2.08339E-01
SCF Iteration 246: Energy = 1.3187350000953677 dE =  2.08339E-01
SCF Iteration 247: Energy = 1.1103957798413142 dE = -2.08339E-01
SCF Iteration 248: Energy = 1.3187350000953695 dE =  2.08339E-01
SCF Iteration 249: Energy = 1.1103957798413167 dE = -2.08339E-01
SCF Iteration 250: Energy = 1.3187350000953693 dE =  2.08339E-01
SCF Iteration 251: Energy = 1.1103957798413135 dE = -2.08339E-01
SCF Iteration 252: Energy = 1.3187350000953693 dE =  2.08339E-01
SCF Iteration 253: Energy = 1.1103957798413171 dE = -2.08339E-01
SCF Iteration 254: Energy = 1.3187350000953706 dE =  2.08339E-01
SCF Iteration 255: Energy = 1.1103957798413171 dE = -2.08339E-01
SCF Iteration 256: Energy = 1.3187350000953713 dE =  2.08339E-01
SCF Iteration 257: Energy = 1.1103957798413162 dE = -2.08339E-01
SCF Iteration 258: Energy = 1.3187350000953717 dE =  2.08339E-01
SCF Iteration 259: Energy = 1.1103957798413187 dE = -2.08339E-01
SCF Iteration 260: Energy = 1.3187350000953706 dE =  2.08339E-01
SCF Iteration 261: Energy = 1.1103957798413175 dE = -2.08339E-01
SCF Iteration 262: Energy = 1.3187350000953697 dE =  2.08339E-01
SCF Iteration 263: Energy = 1.1103957798413169 dE = -2.08339E-01
SCF Iteration 264: Energy = 1.3187350000953733 dE =  2.08339E-01
SCF Iteration 265: Energy = 1.1103957798413182 dE = -2.08339E-01
SCF Iteration 266: Energy = 1.3187350000953724 dE =  2.08339E-01
SCF Iteration 267: Energy = 1.1103957798413184 dE = -2.08339E-01
SCF Iteration 268: Energy = 1.3187350000953706 dE =  2.08339E-01
SCF Iteration 269: Energy = 1.1103957798413149 dE = -2.08339E-01
SCF Iteration 270: Energy = 1.3187350000953670 dE =  2.08339E-01
SCF Iteration 271: Energy = 1.1103957798413133 dE = -2.08339E-01
SCF Iteration 272: Energy = 1.3187350000953668 dE =  2.08339E-01
SCF Iteration 273: Energy = 1.1103957798413133 dE = -2.08339E-01
SCF Iteration 274: Energy = 1.3187350000953666 dE =  2.08339E-01
SCF Iteration 275: Energy = 1.1103957798413127 dE = -2.08339E-01
SCF Iteration 276: Energy = 1.3187350000953673 dE =  2.08339E-01
SCF Iteration 277: Energy = 1.1103957798413153 dE = -2.08339E-01
SCF Iteration 278: Energy = 1.3187350000953688 dE =  2.08339E-01
SCF Iteration 279: Energy = 1.1103957798413160 dE = -2.08339E-01
SCF Iteration 280: Energy = 1.3187350000953704 dE =  2.08339E-01
SCF Iteration 281: Energy = 1.1103957798413149 dE = -2.08339E-01
SCF Iteration 282: Energy = 1.3187350000953715 dE =  2.08339E-01
SCF Iteration 283: Energy = 1.1103957798413180 dE = -2.08339E-01
SCF Iteration 284: Energy = 1.3187350000953701 dE =  2.08339E-01
SCF Iteration 285: Energy = 1.1103957798413153 dE = -2.08339E-01
SCF Iteration 286: Energy = 1.3187350000953706 dE =  2.08339E-01
SCF Iteration 287: Energy = 1.1103957798413189 dE = -2.08339E-01
SCF Iteration 288: Energy = 1.3187350000953697 dE =  2.08339E-01
SCF Iteration 289: Energy = 1.1103957798413182 dE = -2.08339E-01
SCF Iteration 290: Energy = 1.3187350000953684 dE =  2.08339E-01
SCF Iteration 291: Energy = 1.1103957798413138 dE = -2.08339E-01
SCF Iteration 292: Energy = 1.3187350000953701 dE =  2.08339E-01
SCF Iteration 293: Energy = 1.1103957798413164 dE = -2.08339E-01
SCF Iteration 294: Energy = 1.3187350000953719 dE =  2.08339E-01
SCF Iteration 295: Energy = 1.1103957798413162 dE = -2.08339E-01
SCF Iteration 296: Energy = 1.3187350000953713 dE =  2.08339E-01
SCF Iteration 297: Energy = 1.1103957798413155 dE = -2.08339E-01
SCF Iteration 298: Energy = 1.3187350000953670 dE =  2.08339E-01
SCF Iteration 299: Energy = 1.1103957798413147 dE = -2.08339E-01
SCF Iteration 300: Energy = 1.3187350000953706 dE =  2.08339E-01
SCF Iteration 301: Energy = 1.1103957798413173 dE = -2.08339E-01
SCF Iteration 302: Energy = 1.3187350000953693 dE =  2.08339E-01
SCF Iteration 303: Energy = 1.1103957798413164 dE = -2.08339E-01
SCF Iteration 304: Energy = 1.3187350000953710 dE =  2.08339E-01
SCF Iteration 305: Energy = 1.1103957798413135 dE = -2.08339E-01
SCF Iteration 306: Energy = 1.3187350000953708 dE =  2.08339E-01
SCF Iteration 307: Energy = 1.1103957798413149 dE = -2.08339E-01
SCF Iteration 308: Energy = 1.3187350000953697 dE =  2.08339E-01
SCF Iteration 309: Energy = 1.1103957798413153 dE = -2.08339E-01
SCF Iteration 310: Energy = 1.3187350000953701 dE =  2.08339E-01
SCF Iteration 311: Energy = 1.1103957798413164 dE = -2.08339E-01
SCF Iteration 312: Energy = 1.3187350000953710 dE =  2.08339E-01
SCF Iteration 313: Energy = 1.1103957798413149 dE = -2.08339E-01
SCF Iteration 314: Energy = 1.3187350000953675 dE =  2.08339E-01
SCF Iteration 315: Energy = 1.1103957798413129 dE = -2.08339E-01
SCF Iteration 316: Energy = 1.3187350000953688 dE =  2.08339E-01
SCF Iteration 317: Energy = 1.1103957798413158 dE = -2.08339E-01
SCF Iteration 318: Energy = 1.3187350000953701 dE =  2.08339E-01
SCF Iteration 319: Energy = 1.1103957798413151 dE = -2.08339E-01
SCF Iteration 320: Energy = 1.3187350000953706 dE =  2.08339E-01
SCF Iteration 321: Energy = 1.1103957798413162 dE = -2.08339E-01
SCF Iteration 322: Energy = 1.3187350000953684 dE =  2.08339E-01
SCF Iteration 323: Energy = 1.1103957798413158 dE = -2.08339E-01
SCF Iteration 324: Energy = 1.3187350000953706 dE =  2.08339E-01
SCF Iteration 325: Energy = 1.1103957798413149 dE = -2.08339E-01
SCF Iteration 326: Energy = 1.3187350000953710 dE =  2.08339E-01
SCF Iteration 327: Energy = 1.1103957798413142 dE = -2.08339E-01
SCF Iteration 328: Energy = 1.3187350000953715 dE =  2.08339E-01
SCF Iteration 329: Energy = 1.1103957798413142 dE = -2.08339E-01
SCF Iteration 330: Energy = 1.3187350000953686 dE =  2.08339E-01
SCF Iteration 331: Energy = 1.1103957798413138 dE = -2.08339E-01
SCF Iteration 332: Energy = 1.3187350000953668 dE =  2.08339E-01
SCF Iteration 333: Energy = 1.1103957798413140 dE = -2.08339E-01
SCF Iteration 334: Energy = 1.3187350000953724 dE =  2.08339E-01
SCF Iteration 335: Energy = 1.1103957798413142 dE = -2.08339E-01
SCF Iteration 336: Energy = 1.3187350000953675 dE =  2.08339E-01
SCF Iteration 337: Energy = 1.1103957798413164 dE = -2.08339E-01
SCF Iteration 338: Energy = 1.3187350000953688 dE =  2.08339E-01
SCF Iteration 339: Energy = 1.1103957798413153 dE = -2.08339E-01
SCF Iteration 340: Energy = 1.3187350000953688 dE =  2.08339E-01
SCF Iteration 341: Energy = 1.1103957798413167 dE = -2.08339E-01
SCF Iteration 342: Energy = 1.3187350000953706 dE =  2.08339E-01
SCF Iteration 343: Energy = 1.1103957798413198 dE = -2.08339E-01
SCF Iteration 344: Energy = 1.3187350000953748 dE =  2.08339E-01
SCF Iteration 345: Energy = 1.1103957798413209 dE = -2.08339E-01
SCF Iteration 346: Energy = 1.3187350000953733 dE =  2.08339E-01
SCF Iteration 347: Energy = 1.1103957798413173 dE = -2.08339E-01
SCF Iteration 348: Energy = 1.3187350000953730 dE =  2.08339E-01
SCF Iteration 349: Energy = 1.1103957798413207 dE = -2.08339E-01
SCF Iteration 350: Energy = 1.3187350000953724 dE =  2.08339E-01
SCF Iteration 351: Energy = 1.1103957798413187 dE = -2.08339E-01
SCF Iteration 352: Energy = 1.3187350000953746 dE =  2.08339E-01
SCF Iteration 353: Energy = 1.1103957798413189 dE = -2.08339E-01
SCF Iteration 354: Energy = 1.3187350000953710 dE =  2.08339E-01
SCF Iteration 355: Energy = 1.1103957798413149 dE = -2.08339E-01
SCF Iteration 356: Energy = 1.3187350000953728 dE =  2.08339E-01
SCF Iteration 357: Energy = 1.1103957798413178 dE = -2.08339E-01
SCF Iteration 358: Energy = 1.3187350000953690 dE =  2.08339E-01
SCF Iteration 359: Energy = 1.1103957798413162 dE = -2.08339E-01
SCF Iteration 360: Energy = 1.3187350000953733 dE =  2.08339E-01
SCF Iteration 361: Energy = 1.1103957798413213 dE = -2.08339E-01
SCF Iteration 362: Energy = 1.3187350000953715 dE =  2.08339E-01
SCF Iteration 363: Energy = 1.1103957798413155 dE = -2.08339E-01
SCF Iteration 364: Energy = 1.3187350000953706 dE =  2.08339E-01
SCF Iteration 365: Energy = 1.1103957798413182 dE = -2.08339E-01
SCF Iteration 366: Energy = 1.3187350000953690 dE =  2.08339E-01
SCF Iteration 367: Energy = 1.1103957798413135 dE = -2.08339E-01
SCF Iteration 368: Energy = 1.3187350000953686 dE =  2.08339E-01
SCF Iteration 369: Energy = 1.1103957798413144 dE = -2.08339E-01
SCF Iteration 370: Energy = 1.3187350000953706 dE =  2.08339E-01
SCF Iteration 371: Energy = 1.1103957798413162 dE = -2.08339E-01
SCF Iteration 372: Energy = 1.3187350000953724 dE =  2.08339E-01
SCF Iteration 373: Energy = 1.1103957798413173 dE = -2.08339E-01
SCF Iteration 374: Energy = 1.3187350000953697 dE =  2.08339E-01
SCF Iteration 375: Energy = 1.1103957798413198 dE = -2.08339E-01
SCF Iteration 376: Energy = 1.3187350000953737 dE =  2.08339E-01
SCF Iteration 377: Energy = 1.1103957798413193 dE = -2.08339E-01
SCF Iteration 378: Energy = 1.3187350000953733 dE =  2.08339E-01
SCF Iteration 379: Energy = 1.1103957798413195 dE = -2.08339E-01
SCF Iteration 380: Energy = 1.3187350000953739 dE =  2.08339E-01
SCF Iteration 381: Energy = 1.1103957798413195 dE = -2.08339E-01
SCF Iteration 382: Energy = 1.3187350000953708 dE =  2.08339E-01
SCF Iteration 383: Energy = 1.1103957798413193 dE = -2.08339E-01
SCF Iteration 384: Energy = 1.3187350000953710 dE =  2.08339E-01
SCF Iteration 385: Energy = 1.1103957798413173 dE = -2.08339E-01
SCF Iteration 386: Energy = 1.3187350000953717 dE =  2.08339E-01
SCF Iteration 387: Energy = 1.1103957798413173 dE = -2.08339E-01
SCF Iteration 388: Energy = 1.3187350000953710 dE =  2.08339E-01
SCF Iteration 389: Energy = 1.1103957798413167 dE = -2.08339E-01
SCF Iteration 390: Energy = 1.3187350000953708 dE =  2.08339E-01
SCF Iteration 391: Energy = 1.1103957798413162 dE = -2.08339E-01
SCF Iteration 392: Energy = 1.3187350000953715 dE =  2.08339E-01
SCF Iteration 393: Energy = 1.1103957798413162 dE = -2.08339E-01
SCF Iteration 394: Energy = 1.3187350000953710 dE =  2.08339E-01
SCF Iteration 395: Energy = 1.1103957798413171 dE = -2.08339E-01
SCF Iteration 396: Energy = 1.3187350000953724 dE =  2.08339E-01
SCF Iteration 397: Energy = 1.1103957798413198 dE = -2.08339E-01
SCF Iteration 398: Energy = 1.3187350000953750 dE =  2.08339E-01
SCF Iteration 399: Energy = 1.1103957798413182 dE = -2.08339E-01
SCF Iteration 400: Energy = 1.3187350000953730 dE =  2.08339E-01
SCF Iteration 401: Energy = 1.1103957798413173 dE = -2.08339E-01
SCF Iteration 402: Energy = 1.3187350000953701 dE =  2.08339E-01
SCF Iteration 403: Energy = 1.1103957798413182 dE = -2.08339E-01
SCF Iteration 404: Energy = 1.3187350000953715 dE =  2.08339E-01
SCF Iteration 405: Energy = 1.1103957798413158 dE = -2.08339E-01
SCF Iteration 406: Energy = 1.3187350000953710 dE =  2.08339E-01
SCF Iteration 407: Energy = 1.1103957798413164 dE = -2.08339E-01
SCF Iteration 408: Energy = 1.3187350000953684 dE =  2.08339E-01
SCF Iteration 409: Energy = 1.1103957798413153 dE = -2.08339E-01
SCF Iteration 410: Energy = 1.3187350000953684 dE =  2.08339E-01
SCF Iteration 411: Energy = 1.1103957798413140 dE = -2.08339E-01
SCF Iteration 412: Energy = 1.3187350000953679 dE =  2.08339E-01
SCF Iteration 413: Energy = 1.1103957798413131 dE = -2.08339E-01
SCF Iteration 414: Energy = 1.3187350000953670 dE =  2.08339E-01
SCF Iteration 415: Energy = 1.1103957798413167 dE = -2.08339E-01
SCF Iteration 416: Energy = 1.3187350000953704 dE =  2.08339E-01
SCF Iteration 417: Energy = 1.1103957798413171 dE = -2.08339E-01
SCF Iteration 418: Energy = 1.3187350000953710 dE =  2.08339E-01
SCF Iteration 419: Energy = 1.1103957798413147 dE = -2.08339E-01
SCF Iteration 420: Energy = 1.3187350000953686 dE =  2.08339E-01
SCF Iteration 421: Energy = 1.1103957798413171 dE = -2.08339E-01
SCF Iteration 422: Energy = 1.3187350000953728 dE =  2.08339E-01
SCF Iteration 423: Energy = 1.1103957798413182 dE = -2.08339E-01
SCF Iteration 424: Energy = 1.3187350000953728 dE =  2.08339E-01
SCF Iteration 425: Energy = 1.1103957798413182 dE = -2.08339E-01
SCF Iteration 426: Energy = 1.3187350000953719 dE =  2.08339E-01
SCF Iteration 427: Energy = 1.1103957798413191 dE = -2.08339E-01
SCF Iteration 428: Energy = 1.3187350000953724 dE =  2.08339E-01
SCF Iteration 429: Energy = 1.1103957798413180 dE = -2.08339E-01
SCF Iteration 430: Energy = 1.3187350000953679 dE =  2.08339E-01
SCF Iteration 431: Energy = 1.1103957798413135 dE = -2.08339E-01
SCF Iteration 432: Energy = 1.3187350000953701 dE =  2.08339E-01
SCF Iteration 433: Energy = 1.1103957798413178 dE = -2.08339E-01
SCF Iteration 434: Energy = 1.3187350000953715 dE =  2.08339E-01
SCF Iteration 435: Energy = 1.1103957798413133 dE = -2.08339E-01
SCF Iteration 436: Energy = 1.3187350000953697 dE =  2.08339E-01
SCF Iteration 437: Energy = 1.1103957798413142 dE = -2.08339E-01
SCF Iteration 438: Energy = 1.3187350000953693 dE =  2.08339E-01
SCF Iteration 439: Energy = 1.1103957798413138 dE = -2.08339E-01
SCF Iteration 440: Energy = 1.3187350000953706 dE =  2.08339E-01
SCF Iteration 441: Energy = 1.1103957798413149 dE = -2.08339E-01
SCF Iteration 442: Energy = 1.3187350000953704 dE =  2.08339E-01
SCF Iteration 443: Energy = 1.1103957798413167 dE = -2.08339E-01
SCF Iteration 444: Energy = 1.3187350000953699 dE =  2.08339E-01
SCF Iteration 445: Energy = 1.1103957798413164 dE = -2.08339E-01
SCF Iteration 446: Energy = 1.3187350000953724 dE =  2.08339E-01
SCF Iteration 447: Energy = 1.1103957798413189 dE = -2.08339E-01
SCF Iteration 448: Energy = 1.3187350000953737 dE =  2.08339E-01
SCF Iteration 449: Energy = 1.1103957798413175 dE = -2.08339E-01
SCF Iteration 450: Energy = 1.3187350000953701 dE =  2.08339E-01
SCF Iteration 451: Energy = 1.1103957798413178 dE = -2.08339E-01
SCF Iteration 452: Energy = 1.3187350000953741 dE =  2.08339E-01
SCF Iteration 453: Energy = 1.1103957798413207 dE = -2.08339E-01
SCF Iteration 454: Energy = 1.3187350000953737 dE =  2.08339E-01
SCF Iteration 455: Energy = 1.1103957798413151 dE = -2.08339E-01
SCF Iteration 456: Energy = 1.3187350000953721 dE =  2.08339E-01
SCF Iteration 457: Energy = 1.1103957798413167 dE = -2.08339E-01
SCF Iteration 458: Energy = 1.3187350000953741 dE =  2.08339E-01
SCF Iteration 459: Energy = 1.1103957798413175 dE = -2.08339E-01
SCF Iteration 460: Energy = 1.3187350000953728 dE =  2.08339E-01
SCF Iteration 461: Energy = 1.1103957798413180 dE = -2.08339E-01
SCF Iteration 462: Energy = 1.3187350000953750 dE =  2.08339E-01
SCF Iteration 463: Energy = 1.1103957798413198 dE = -2.08339E-01
SCF Iteration 464: Energy = 1.3187350000953761 dE =  2.08339E-01
SCF Iteration 465: Energy = 1.1103957798413211 dE = -2.08339E-01
SCF Iteration 466: Energy = 1.3187350000953728 dE =  2.08339E-01
SCF Iteration 467: Energy = 1.1103957798413180 dE = -2.08339E-01
SCF Iteration 468: Energy = 1.3187350000953739 dE =  2.08339E-01
SCF Iteration 469: Energy = 1.1103957798413211 dE = -2.08339E-01
SCF Iteration 470: Energy = 1.3187350000953721 dE =  2.08339E-01
SCF Iteration 471: Energy = 1.1103957798413171 dE = -2.08339E-01
SCF Iteration 472: Energy = 1.3187350000953679 dE =  2.08339E-01
SCF Iteration 473: Energy = 1.1103957798413164 dE = -2.08339E-01
SCF Iteration 474: Energy = 1.3187350000953735 dE =  2.08339E-01
SCF Iteration 475: Energy = 1.1103957798413178 dE = -2.08339E-01
SCF Iteration 476: Energy = 1.3187350000953708 dE =  2.08339E-01
SCF Iteration 477: Energy = 1.1103957798413164 dE = -2.08339E-01
SCF Iteration 478: Energy = 1.3187350000953724 dE =  2.08339E-01
SCF Iteration 479: Energy = 1.1103957798413191 dE = -2.08339E-01
SCF Iteration 480: Energy = 1.3187350000953717 dE =  2.08339E-01
SCF Iteration 481: Energy = 1.1103957798413180 dE = -2.08339E-01
SCF Iteration 482: Energy = 1.3187350000953735 dE =  2.08339E-01
SCF Iteration 483: Energy = 1.1103957798413167 dE = -2.08339E-01
SCF Iteration 484: Energy = 1.3187350000953713 dE =  2.08339E-01
SCF Iteration 485: Energy = 1.1103957798413193 dE = -2.08339E-01
SCF Iteration 486: Energy = 1.3187350000953737 dE =  2.08339E-01
SCF Iteration 487: Energy = 1.1103957798413187 dE = -2.08339E-01
SCF Iteration 488: Energy = 1.3187350000953750 dE =  2.08339E-01
SCF Iteration 489: Energy = 1.1103957798413169 dE = -2.08339E-01
SCF Iteration 490: Energy = 1.3187350000953693 dE =  2.08339E-01
SCF Iteration 491: Energy = 1.1103957798413164 dE = -2.08339E-01
SCF Iteration 492: Energy = 1.3187350000953719 dE =  2.08339E-01
SCF Iteration 493: Energy = 1.1103957798413164 dE = -2.08339E-01
SCF Iteration 494: Energy = 1.3187350000953717 dE =  2.08339E-01
SCF Iteration 495: Energy = 1.1103957798413182 dE = -2.08339E-01
SCF Iteration 496: Energy = 1.3187350000953739 dE =  2.08339E-01
SCF Iteration 497: Energy = 1.1103957798413189 dE = -2.08339E-01
SCF Iteration 498: Energy = 1.3187350000953728 dE =  2.08339E-01
SCF Iteration 499: Energy = 1.1103957798413173 dE = -2.08339E-01
SCF Iteration 500: Energy = 1.3187350000953759 dE =  2.08339E-01
