
  Memory set to  55.879 GiB by Python driver.
  Threads set to 1 by Python driver.
Settings:
	LOT = CCSD-S2-U22
	wc = 20.0 eV
	lambda = [0.606212 0.       0.      ] a.u.
	Equivalent A0 = LAMBDA / sqrt(2 wc) = [0.5 0.  0. ])
doing QED-CCSD-Full (or QED-CCSD-22)
Number of occupied orbitals:   1
Number of basis functions:  60
SCF Iteration   1: Energy = 2.4943511989353828 dE =  2.49435E+00
SCF Iteration   2: Energy = 2.7733124705376477 dE =  2.78961E-01
SCF Iteration   3: Energy = 2.6295026498180025 dE = -1.43810E-01
SCF Iteration   4: Energy = 2.7800215519822826 dE =  1.50519E-01
SCF Iteration   5: Energy = 2.6960052890656163 dE = -8.40163E-02
SCF Iteration   6: Energy = 2.7908027986956752 dE =  9.47975E-02
SCF Iteration   7: Energy = 2.7278958681676508 dE = -6.29069E-02
SCF Iteration   8: Energy = 2.7970926535219816 dE =  6.91968E-02
SCF Iteration   9: Energy = 2.7431432136120879 dE = -5.39494E-02
SCF Iteration  10: Energy = 2.7994635813331299 dE =  5.63204E-02
SCF Iteration  11: Energy = 2.7498008851989506 dE = -4.96627E-02
SCF Iteration  12: Energy = 2.7992972089552945 dE =  4.94963E-02
SCF Iteration  13: Energy = 2.7519151010798288 dE = -4.73821E-02
SCF Iteration  14: Energy = 2.7977404934638956 dE =  4.58254E-02
SCF Iteration  15: Energy = 2.7516943299488608 dE = -4.60462E-02
SCF Iteration  16: Energy = 2.7955751128194426 dE =  4.38808E-02
SCF Iteration  17: Energy = 2.7503763573070499 dE = -4.51988E-02
SCF Iteration  18: Energy = 2.7932750492425296 dE =  4.28987E-02
SCF Iteration  19: Energy = 2.7486466381793404 dE = -4.46284E-02
SCF Iteration  20: Energy = 2.7910978827382178 dE =  4.24512E-02
SCF Iteration  21: Energy = 2.7468694529277968 dE = -4.42284E-02
SCF Iteration  22: Energy = 2.7891636636677255 dE =  4.22942E-02
SCF Iteration  23: Energy = 2.7452236064205389 dE = -4.39401E-02
SCF Iteration  24: Energy = 2.7875115752407860 dE =  4.22880E-02
SCF Iteration  25: Energy = 2.7437833374769567 dE = -4.37282E-02
SCF Iteration  26: Energy = 2.7861369206719910 dE =  4.23536E-02
SCF Iteration  27: Energy = 2.7425662868374414 dE = -4.35706E-02
SCF Iteration  28: Energy = 2.7850137561209412 dE =  4.24475E-02
SCF Iteration  29: Energy = 2.7415614685409260 dE = -4.34523E-02
SCF Iteration  30: Energy = 2.7841079923929390 dE =  4.25465E-02
SCF Iteration  31: Energy = 2.7407451751366088 dE = -4.33628E-02
SCF Iteration  32: Energy = 2.7833845258879628 dE =  4.26394E-02
SCF Iteration  33: Energy = 2.7400896956648899 dE = -4.32948E-02
SCF Iteration  34: Energy = 2.7828107908877402 dE =  4.27211E-02
SCF Iteration  35: Energy = 2.7395678273026833 dE = -4.32430E-02
SCF Iteration  36: Energy = 2.7823582544484600 dE =  4.27904E-02
SCF Iteration  37: Energy = 2.7391549817064047 dE = -4.32033E-02
SCF Iteration  38: Energy = 2.7820027850988565 dE =  4.28478E-02
SCF Iteration  39: Energy = 2.7388299596031600 dE = -4.31728E-02
SCF Iteration  40: Energy = 2.7817244474106575 dE =  4.28945E-02
SCF Iteration  41: Energy = 2.7385750232406987 dE = -4.31494E-02
SCF Iteration  42: Energy = 2.7815070392325891 dE =  4.29320E-02
SCF Iteration  43: Energy = 2.7383756284092926 dE = -4.31314E-02
SCF Iteration  44: Energy = 2.7813375462136163 dE =  4.29619E-02
SCF Iteration  45: Energy = 2.7382200180584402 dE = -4.31175E-02
SCF Iteration  46: Energy = 2.7812056043989877 dE =  4.29856E-02
SCF Iteration  47: Energy = 2.7380987857014571 dE = -4.31068E-02
SCF Iteration  48: Energy = 2.7811030135257875 dE =  4.30042E-02
SCF Iteration  49: Energy = 2.7380044626627607 dE = -4.30986E-02
SCF Iteration  50: Energy = 2.7810233169010758 dE =  4.30189E-02
SCF Iteration  51: Energy = 2.7379311527499879 dE = -4.30922E-02
SCF Iteration  52: Energy = 2.7809614496048880 dE =  4.30303E-02
SCF Iteration  53: Energy = 2.7378742213923708 dE = -4.30872E-02
SCF Iteration  54: Energy = 2.7809134498770098 dE =  4.30392E-02
SCF Iteration  55: Energy = 2.7378300378182576 dE = -4.30834E-02
SCF Iteration  56: Energy = 2.7808762257232189 dE =  4.30462E-02
SCF Iteration  57: Energy = 2.7377957649516502 dE = -4.30805E-02
SCF Iteration  58: Energy = 2.7808473681320374 dE =  4.30516E-02
SCF Iteration  59: Energy = 2.7377691903265036 dE = -4.30782E-02
SCF Iteration  60: Energy = 2.7808250027399311 dE =  4.30558E-02
SCF Iteration  61: Energy = 2.7377485912501465 dE = -4.30764E-02
SCF Iteration  62: Energy = 2.7808076727096189 dE =  4.30591E-02
SCF Iteration  63: Energy = 2.7377326280078544 dE = -4.30750E-02
SCF Iteration  64: Energy = 2.7807942466583553 dE =  4.30616E-02
SCF Iteration  65: Energy = 2.7377202597101249 dE = -4.30740E-02
SCF Iteration  66: Energy = 2.7807838465216030 dE =  4.30636E-02
SCF Iteration  67: Energy = 2.7377106782411325 dE = -4.30732E-02
SCF Iteration  68: Energy = 2.7807757911818816 dE =  4.30651E-02
SCF Iteration  69: Energy = 2.7377032565702830 dE = -4.30725E-02
SCF Iteration  70: Energy = 2.7807695525059888 dE =  4.30663E-02
SCF Iteration  71: Energy = 2.7376975083976927 dE = -4.30720E-02
SCF Iteration  72: Energy = 2.7807647211128343 dE =  4.30672E-02
SCF Iteration  73: Energy = 2.7376930567049889 dE = -4.30717E-02
SCF Iteration  74: Energy = 2.7807609797506121 dE =  4.30679E-02
SCF Iteration  75: Energy = 2.7376896092808178 dE = -4.30714E-02
SCF Iteration  76: Energy = 2.7807580826117526 dE =  4.30685E-02
SCF Iteration  77: Energy = 2.7376869396950383 dE = -4.30711E-02
SCF Iteration  78: Energy = 2.7807558392733291 dE =  4.30689E-02
SCF Iteration  79: Energy = 2.7376848725214749 dE = -4.30710E-02
SCF Iteration  80: Energy = 2.7807541022359210 dE =  4.30692E-02
SCF Iteration  81: Energy = 2.7376832718680744 dE = -4.30708E-02
SCF Iteration  82: Energy = 2.7807527572591644 dE =  4.30695E-02
SCF Iteration  83: Energy = 2.7376820324790958 dE = -4.30707E-02
SCF Iteration  84: Energy = 2.7807517158690245 dE =  4.30697E-02
SCF Iteration  85: Energy = 2.7376810728353460 dE = -4.30706E-02
SCF Iteration  86: Energy = 2.7807509095504130 dE =  4.30698E-02
SCF Iteration  87: Energy = 2.7376803298056078 dE = -4.30706E-02
SCF Iteration  88: Energy = 2.7807502852471733 dE =  4.30700E-02
SCF Iteration  89: Energy = 2.7376797545015630 dE = -4.30705E-02
SCF Iteration  90: Energy = 2.7807498018756318 dE =  4.30700E-02
SCF Iteration  91: Energy = 2.7376793090661393 dE = -4.30705E-02
SCF Iteration  92: Energy = 2.7807494276238431 dE =  4.30701E-02
SCF Iteration  93: Energy = 2.7376789641853501 dE = -4.30705E-02
SCF Iteration  94: Energy = 2.7807491378597504 dE =  4.30702E-02
SCF Iteration  95: Energy = 2.7376786971610301 dE = -4.30704E-02
SCF Iteration  96: Energy = 2.7807489135110481 dE =  4.30702E-02
SCF Iteration  97: Energy = 2.7376784904180758 dE = -4.30704E-02
SCF Iteration  98: Energy = 2.7807487398104831 dE =  4.30702E-02
SCF Iteration  99: Energy = 2.7376783303483823 dE = -4.30704E-02
SCF Iteration 100: Energy = 2.7807486053242352 dE =  4.30703E-02
SCF Iteration 101: Energy = 2.7376782064155698 dE = -4.30704E-02
SCF Iteration 102: Energy = 2.7807485011995507 dE =  4.30703E-02
SCF Iteration 103: Energy = 2.7376781104616796 dE = -4.30704E-02
SCF Iteration 104: Energy = 2.7807484205821429 dE =  4.30703E-02
SCF Iteration 105: Energy = 2.7376780361703581 dE = -4.30704E-02
SCF Iteration 106: Energy = 2.7807483581650567 dE =  4.30703E-02
SCF Iteration 107: Energy = 2.7376779786511478 dE = -4.30704E-02
SCF Iteration 108: Energy = 2.7807483098394030 dE =  4.30703E-02
SCF Iteration 109: Energy = 2.7376779341175781 dE = -4.30704E-02
SCF Iteration 110: Energy = 2.7807482724238985 dE =  4.30703E-02
SCF Iteration 111: Energy = 2.7376778996380340 dE = -4.30704E-02
SCF Iteration 112: Energy = 2.7807482434554420 dE =  4.30703E-02
SCF Iteration 113: Energy = 2.7376778729426992 dE = -4.30704E-02
SCF Iteration 114: Energy = 2.7807482210270189 dE =  4.30703E-02
SCF Iteration 115: Energy = 2.7376778522742025 dE = -4.30704E-02
SCF Iteration 116: Energy = 2.7807482036621280 dE =  4.30704E-02
SCF Iteration 117: Energy = 2.7376778362719056 dE = -4.30704E-02
SCF Iteration 118: Energy = 2.7807481902176114 dE =  4.30704E-02
SCF Iteration 119: Energy = 2.7376778238823567 dE = -4.30704E-02
SCF Iteration 120: Energy = 2.7807481798083877 dE =  4.30704E-02
SCF Iteration 121: Energy = 2.7376778142899330 dE = -4.30704E-02
SCF Iteration 122: Energy = 2.7807481717492015 dE =  4.30704E-02
SCF Iteration 123: Energy = 2.7376778068631316 dE = -4.30704E-02
SCF Iteration 124: Energy = 2.7807481655094977 dE =  4.30704E-02
SCF Iteration 125: Energy = 2.7376778011130405 dE = -4.30704E-02
SCF Iteration 126: Energy = 2.7807481606784963 dE =  4.30704E-02
SCF Iteration 127: Energy = 2.7376777966611225 dE = -4.30704E-02
SCF Iteration 128: Energy = 2.7807481569381651 dE =  4.30704E-02
SCF Iteration 129: Energy = 2.7376777932142939 dE = -4.30704E-02
SCF Iteration 130: Energy = 2.7807481540422709 dE =  4.30704E-02
SCF Iteration 131: Energy = 2.7376777905456287 dE = -4.30704E-02
SCF Iteration 132: Energy = 2.7807481518001671 dE =  4.30704E-02
SCF Iteration 133: Energy = 2.7376777884794503 dE = -4.30704E-02
SCF Iteration 134: Energy = 2.7807481500642504 dE =  4.30704E-02
SCF Iteration 135: Energy = 2.7376777868797522 dE = -4.30704E-02
SCF Iteration 136: Energy = 2.7807481487202441 dE =  4.30704E-02
SCF Iteration 137: Energy = 2.7376777856412025 dE = -4.30704E-02
SCF Iteration 138: Energy = 2.7807481476796676 dE =  4.30704E-02
SCF Iteration 139: Energy = 2.7376777846822837 dE = -4.30704E-02
SCF Iteration 140: Energy = 2.7807481468740169 dE =  4.30704E-02
SCF Iteration 141: Energy = 2.7376777839398478 dE = -4.30704E-02
SCF Iteration 142: Energy = 2.7807481462502563 dE =  4.30704E-02
SCF Iteration 143: Energy = 2.7376777833650316 dE = -4.30704E-02
SCF Iteration 144: Energy = 2.7807481457673076 dE =  4.30704E-02
SCF Iteration 145: Energy = 2.7376777829199836 dE = -4.30704E-02
SCF Iteration 146: Energy = 2.7807481453934049 dE =  4.30704E-02
SCF Iteration 147: Energy = 2.7376777825754095 dE = -4.30704E-02
SCF Iteration 148: Energy = 2.7807481451039062 dE =  4.30704E-02
SCF Iteration 149: Energy = 2.7376777823086393 dE = -4.30704E-02
SCF Iteration 150: Energy = 2.7807481448797775 dE =  4.30704E-02
SCF Iteration 151: Energy = 2.7376777821020939 dE = -4.30704E-02
SCF Iteration 152: Energy = 2.7807481447062457 dE =  4.30704E-02
SCF Iteration 153: Energy = 2.7376777819421783 dE = -4.30704E-02
SCF Iteration 154: Energy = 2.7807481445718918 dE =  4.30704E-02
SCF Iteration 155: Energy = 2.7376777818183600 dE = -4.30704E-02
SCF Iteration 156: Energy = 2.7807481444678643 dE =  4.30704E-02
SCF Iteration 157: Energy = 2.7376777817225064 dE = -4.30704E-02
SCF Iteration 158: Energy = 2.7807481443873305 dE =  4.30704E-02
SCF Iteration 159: Energy = 2.7376777816482813 dE = -4.30704E-02
SCF Iteration 160: Energy = 2.7807481443249751 dE =  4.30704E-02
SCF Iteration 161: Energy = 2.7376777815908220 dE = -4.30704E-02
SCF Iteration 162: Energy = 2.7807481442766941 dE =  4.30704E-02
SCF Iteration 163: Energy = 2.7376777815463349 dE = -4.30704E-02
SCF Iteration 164: Energy = 2.7807481442393125 dE =  4.30704E-02
SCF Iteration 165: Energy = 2.7376777815118891 dE = -4.30704E-02
SCF Iteration 166: Energy = 2.7807481442103694 dE =  4.30704E-02
SCF Iteration 167: Energy = 2.7376777814852211 dE = -4.30704E-02
SCF Iteration 168: Energy = 2.7807481441879673 dE =  4.30704E-02
SCF Iteration 169: Energy = 2.7376777814645719 dE = -4.30704E-02
SCF Iteration 170: Energy = 2.7807481441706194 dE =  4.30704E-02
SCF Iteration 171: Energy = 2.7376777814485873 dE = -4.30704E-02
SCF Iteration 172: Energy = 2.7807481441571920 dE =  4.30704E-02
SCF Iteration 173: Energy = 2.7376777814362101 dE = -4.30704E-02
SCF Iteration 174: Energy = 2.7807481441467932 dE =  4.30704E-02
SCF Iteration 175: Energy = 2.7376777814266315 dE = -4.30704E-02
SCF Iteration 176: Energy = 2.7807481441387432 dE =  4.30704E-02
SCF Iteration 177: Energy = 2.7376777814192090 dE = -4.30704E-02
SCF Iteration 178: Energy = 2.7807481441325068 dE =  4.30704E-02
SCF Iteration 179: Energy = 2.7376777814134536 dE = -4.30704E-02
SCF Iteration 180: Energy = 2.7807481441276831 dE =  4.30704E-02
SCF Iteration 181: Energy = 2.7376777814090145 dE = -4.30704E-02
SCF Iteration 182: Energy = 2.7807481441239386 dE =  4.30704E-02
SCF Iteration 183: Energy = 2.7376777814055666 dE = -4.30704E-02
SCF Iteration 184: Energy = 2.7807481441210511 dE =  4.30704E-02
SCF Iteration 185: Energy = 2.7376777814029025 dE = -4.30704E-02
SCF Iteration 186: Energy = 2.7807481441188058 dE =  4.30704E-02
SCF Iteration 187: Energy = 2.7376777814008366 dE = -4.30704E-02
SCF Iteration 188: Energy = 2.7807481441170756 dE =  4.30704E-02
SCF Iteration 189: Energy = 2.7376777813992423 dE = -4.30704E-02
SCF Iteration 190: Energy = 2.7807481441157291 dE =  4.30704E-02
SCF Iteration 191: Energy = 2.7376777813979971 dE = -4.30704E-02
SCF Iteration 192: Energy = 2.7807481441146922 dE =  4.30704E-02
SCF Iteration 193: Energy = 2.7376777813970401 dE = -4.30704E-02
SCF Iteration 194: Energy = 2.7807481441138862 dE =  4.30704E-02
SCF Iteration 195: Energy = 2.7376777813962994 dE = -4.30704E-02
SCF Iteration 196: Energy = 2.7807481441132609 dE =  4.30704E-02
SCF Iteration 197: Energy = 2.7376777813957265 dE = -4.30704E-02
SCF Iteration 198: Energy = 2.7807481441127813 dE =  4.30704E-02
SCF Iteration 199: Energy = 2.7376777813952868 dE = -4.30704E-02
SCF Iteration 200: Energy = 2.7807481441124100 dE =  4.30704E-02
SCF Iteration 201: Energy = 2.7376777813949404 dE = -4.30704E-02
SCF Iteration 202: Energy = 2.7807481441121205 dE =  4.30704E-02
SCF Iteration 203: Energy = 2.7376777813946687 dE = -4.30704E-02
SCF Iteration 204: Energy = 2.7807481441118989 dE =  4.30704E-02
SCF Iteration 205: Energy = 2.7376777813944728 dE = -4.30704E-02
SCF Iteration 206: Energy = 2.7807481441117252 dE =  4.30704E-02
SCF Iteration 207: Energy = 2.7376777813943147 dE = -4.30704E-02
SCF Iteration 208: Energy = 2.7807481441115858 dE =  4.30704E-02
SCF Iteration 209: Energy = 2.7376777813941784 dE = -4.30704E-02
SCF Iteration 210: Energy = 2.7807481441114814 dE =  4.30704E-02
SCF Iteration 211: Energy = 2.7376777813940842 dE = -4.30704E-02
SCF Iteration 212: Energy = 2.7807481441114001 dE =  4.30704E-02
SCF Iteration 213: Energy = 2.7376777813940074 dE = -4.30704E-02
SCF Iteration 214: Energy = 2.7807481441113380 dE =  4.30704E-02
SCF Iteration 215: Energy = 2.7376777813939528 dE = -4.30704E-02
SCF Iteration 216: Energy = 2.7807481441112976 dE =  4.30704E-02
SCF Iteration 217: Energy = 2.7376777813939075 dE = -4.30704E-02
SCF Iteration 218: Energy = 2.7807481441112527 dE =  4.30704E-02
SCF Iteration 219: Energy = 2.7376777813938737 dE = -4.30704E-02
SCF Iteration 220: Energy = 2.7807481441112238 dE =  4.30704E-02
SCF Iteration 221: Energy = 2.7376777813938524 dE = -4.30704E-02
SCF Iteration 222: Energy = 2.7807481441112016 dE =  4.30704E-02
SCF Iteration 223: Energy = 2.7376777813938293 dE = -4.30704E-02
SCF Iteration 224: Energy = 2.7807481441111914 dE =  4.30704E-02
SCF Iteration 225: Energy = 2.7376777813938191 dE = -4.30704E-02
SCF Iteration 226: Energy = 2.7807481441111817 dE =  4.30704E-02
SCF Iteration 227: Energy = 2.7376777813938054 dE = -4.30704E-02
SCF Iteration 228: Energy = 2.7807481441111683 dE =  4.30704E-02
SCF Iteration 229: Energy = 2.7376777813937947 dE = -4.30704E-02
SCF Iteration 230: Energy = 2.7807481441111612 dE =  4.30704E-02
SCF Iteration 231: Energy = 2.7376777813937929 dE = -4.30704E-02
SCF Iteration 232: Energy = 2.7807481441111568 dE =  4.30704E-02
SCF Iteration 233: Energy = 2.7376777813937836 dE = -4.30704E-02
SCF Iteration 234: Energy = 2.7807481441111439 dE =  4.30704E-02
SCF Iteration 235: Energy = 2.7376777813937725 dE = -4.30704E-02
SCF Iteration 236: Energy = 2.7807481441111452 dE =  4.30704E-02
SCF Iteration 237: Energy = 2.7376777813937698 dE = -4.30704E-02
SCF Iteration 238: Energy = 2.7807481441111448 dE =  4.30704E-02
SCF Iteration 239: Energy = 2.7376777813937778 dE = -4.30704E-02
SCF Iteration 240: Energy = 2.7807481441111461 dE =  4.30704E-02
SCF Iteration 241: Energy = 2.7376777813937716 dE = -4.30704E-02
SCF Iteration 242: Energy = 2.7807481441111435 dE =  4.30704E-02
SCF Iteration 243: Energy = 2.7376777813937681 dE = -4.30704E-02
SCF Iteration 244: Energy = 2.7807481441111386 dE =  4.30704E-02
SCF Iteration 245: Energy = 2.7376777813937663 dE = -4.30704E-02
SCF Iteration 246: Energy = 2.7807481441111359 dE =  4.30704E-02
SCF Iteration 247: Energy = 2.7376777813937645 dE = -4.30704E-02
SCF Iteration 248: Energy = 2.7807481441111332 dE =  4.30704E-02
SCF Iteration 249: Energy = 2.7376777813937627 dE = -4.30704E-02
SCF Iteration 250: Energy = 2.7807481441111301 dE =  4.30704E-02
SCF Iteration 251: Energy = 2.7376777813937654 dE = -4.30704E-02
SCF Iteration 252: Energy = 2.7807481441111359 dE =  4.30704E-02
SCF Iteration 253: Energy = 2.7376777813937681 dE = -4.30704E-02
SCF Iteration 254: Energy = 2.7807481441111332 dE =  4.30704E-02
SCF Iteration 255: Energy = 2.7376777813937707 dE = -4.30704E-02
SCF Iteration 256: Energy = 2.7807481441111364 dE =  4.30704E-02
SCF Iteration 257: Energy = 2.7376777813937605 dE = -4.30704E-02
SCF Iteration 258: Energy = 2.7807481441111328 dE =  4.30704E-02
SCF Iteration 259: Energy = 2.7376777813937672 dE = -4.30704E-02
SCF Iteration 260: Energy = 2.7807481441111319 dE =  4.30704E-02
SCF Iteration 261: Energy = 2.7376777813937609 dE = -4.30704E-02
SCF Iteration 262: Energy = 2.7807481441111381 dE =  4.30704E-02
SCF Iteration 263: Energy = 2.7376777813937609 dE = -4.30704E-02
SCF Iteration 264: Energy = 2.7807481441111284 dE =  4.30704E-02
SCF Iteration 265: Energy = 2.7376777813937627 dE = -4.30704E-02
SCF Iteration 266: Energy = 2.7807481441111275 dE =  4.30704E-02
SCF Iteration 267: Energy = 2.7376777813937538 dE = -4.30704E-02
SCF Iteration 268: Energy = 2.7807481441111275 dE =  4.30704E-02
SCF Iteration 269: Energy = 2.7376777813937614 dE = -4.30704E-02
SCF Iteration 270: Energy = 2.7807481441111292 dE =  4.30704E-02
SCF Iteration 271: Energy = 2.7376777813937609 dE = -4.30704E-02
SCF Iteration 272: Energy = 2.7807481441111350 dE =  4.30704E-02
SCF Iteration 273: Energy = 2.7376777813937614 dE = -4.30704E-02
SCF Iteration 274: Energy = 2.7807481441111292 dE =  4.30704E-02
SCF Iteration 275: Energy = 2.7376777813937636 dE = -4.30704E-02
SCF Iteration 276: Energy = 2.7807481441111332 dE =  4.30704E-02
SCF Iteration 277: Energy = 2.7376777813937596 dE = -4.30704E-02
SCF Iteration 278: Energy = 2.7807481441111319 dE =  4.30704E-02
SCF Iteration 279: Energy = 2.7376777813937649 dE = -4.30704E-02
SCF Iteration 280: Energy = 2.7807481441111310 dE =  4.30704E-02
SCF Iteration 281: Energy = 2.7376777813937636 dE = -4.30704E-02
SCF Iteration 282: Energy = 2.7807481441111381 dE =  4.30704E-02
SCF Iteration 283: Energy = 2.7376777813937627 dE = -4.30704E-02
SCF Iteration 284: Energy = 2.7807481441111337 dE =  4.30704E-02
SCF Iteration 285: Energy = 2.7376777813937681 dE = -4.30704E-02
SCF Iteration 286: Energy = 2.7807481441111288 dE =  4.30704E-02
SCF Iteration 287: Energy = 2.7376777813937663 dE = -4.30704E-02
SCF Iteration 288: Energy = 2.7807481441111328 dE =  4.30704E-02
SCF Iteration 289: Energy = 2.7376777813937627 dE = -4.30704E-02
SCF Iteration 290: Energy = 2.7807481441111381 dE =  4.30704E-02
SCF Iteration 291: Energy = 2.7376777813937632 dE = -4.30704E-02
SCF Iteration 292: Energy = 2.7807481441111319 dE =  4.30704E-02
SCF Iteration 293: Energy = 2.7376777813937614 dE = -4.30704E-02
SCF Iteration 294: Energy = 2.7807481441111292 dE =  4.30704E-02
SCF Iteration 295: Energy = 2.7376777813937618 dE = -4.30704E-02
SCF Iteration 296: Energy = 2.7807481441111288 dE =  4.30704E-02
SCF Iteration 297: Energy = 2.7376777813937601 dE = -4.30704E-02
SCF Iteration 298: Energy = 2.7807481441111328 dE =  4.30704E-02
SCF Iteration 299: Energy = 2.7376777813937672 dE = -4.30704E-02
SCF Iteration 300: Energy = 2.7807481441111310 dE =  4.30704E-02
SCF Iteration 301: Energy = 2.7376777813937641 dE = -4.30704E-02
SCF Iteration 302: Energy = 2.7807481441111257 dE =  4.30704E-02
SCF Iteration 303: Energy = 2.7376777813937601 dE = -4.30704E-02
SCF Iteration 304: Energy = 2.7807481441111310 dE =  4.30704E-02
SCF Iteration 305: Energy = 2.7376777813937632 dE = -4.30704E-02
SCF Iteration 306: Energy = 2.7807481441111328 dE =  4.30704E-02
SCF Iteration 307: Energy = 2.7376777813937636 dE = -4.30704E-02
SCF Iteration 308: Energy = 2.7807481441111319 dE =  4.30704E-02
SCF Iteration 309: Energy = 2.7376777813937627 dE = -4.30704E-02
SCF Iteration 310: Energy = 2.7807481441111284 dE =  4.30704E-02
SCF Iteration 311: Energy = 2.7376777813937618 dE = -4.30704E-02
SCF Iteration 312: Energy = 2.7807481441111301 dE =  4.30704E-02
SCF Iteration 313: Energy = 2.7376777813937641 dE = -4.30704E-02
SCF Iteration 314: Energy = 2.7807481441111359 dE =  4.30704E-02
SCF Iteration 315: Energy = 2.7376777813937601 dE = -4.30704E-02
SCF Iteration 316: Energy = 2.7807481441111337 dE =  4.30704E-02
SCF Iteration 317: Energy = 2.7376777813937672 dE = -4.30704E-02
SCF Iteration 318: Energy = 2.7807481441111337 dE =  4.30704E-02
SCF Iteration 319: Energy = 2.7376777813937627 dE = -4.30704E-02
SCF Iteration 320: Energy = 2.7807481441111328 dE =  4.30704E-02
SCF Iteration 321: Energy = 2.7376777813937592 dE = -4.30704E-02
SCF Iteration 322: Energy = 2.7807481441111310 dE =  4.30704E-02
SCF Iteration 323: Energy = 2.7376777813937632 dE = -4.30704E-02
SCF Iteration 324: Energy = 2.7807481441111301 dE =  4.30704E-02
SCF Iteration 325: Energy = 2.7376777813937592 dE = -4.30704E-02
SCF Iteration 326: Energy = 2.7807481441111288 dE =  4.30704E-02
SCF Iteration 327: Energy = 2.7376777813937569 dE = -4.30704E-02
SCF Iteration 328: Energy = 2.7807481441111292 dE =  4.30704E-02
SCF Iteration 329: Energy = 2.7376777813937641 dE = -4.30704E-02
SCF Iteration 330: Energy = 2.7807481441111279 dE =  4.30704E-02
SCF Iteration 331: Energy = 2.7376777813937618 dE = -4.30704E-02
SCF Iteration 332: Energy = 2.7807481441111244 dE =  4.30704E-02
SCF Iteration 333: Energy = 2.7376777813937592 dE = -4.30704E-02
SCF Iteration 334: Energy = 2.7807481441111301 dE =  4.30704E-02
SCF Iteration 335: Energy = 2.7376777813937592 dE = -4.30704E-02
SCF Iteration 336: Energy = 2.7807481441111324 dE =  4.30704E-02
SCF Iteration 337: Energy = 2.7376777813937614 dE = -4.30704E-02
SCF Iteration 338: Energy = 2.7807481441111346 dE =  4.30704E-02
SCF Iteration 339: Energy = 2.7376777813937601 dE = -4.30704E-02
SCF Iteration 340: Energy = 2.7807481441111257 dE =  4.30704E-02
SCF Iteration 341: Energy = 2.7376777813937614 dE = -4.30704E-02
SCF Iteration 342: Energy = 2.7807481441111261 dE =  4.30704E-02
SCF Iteration 343: Energy = 2.7376777813937627 dE = -4.30704E-02
SCF Iteration 344: Energy = 2.7807481441111297 dE =  4.30704E-02
SCF Iteration 345: Energy = 2.7376777813937618 dE = -4.30704E-02
SCF Iteration 346: Energy = 2.7807481441111341 dE =  4.30704E-02
SCF Iteration 347: Energy = 2.7376777813937636 dE = -4.30704E-02
SCF Iteration 348: Energy = 2.7807481441111292 dE =  4.30704E-02
SCF Iteration 349: Energy = 2.7376777813937681 dE = -4.30704E-02
SCF Iteration 350: Energy = 2.7807481441111310 dE =  4.30704E-02
SCF Iteration 351: Energy = 2.7376777813937654 dE = -4.30704E-02
SCF Iteration 352: Energy = 2.7807481441111346 dE =  4.30704E-02
SCF Iteration 353: Energy = 2.7376777813937605 dE = -4.30704E-02
SCF Iteration 354: Energy = 2.7807481441111328 dE =  4.30704E-02
SCF Iteration 355: Energy = 2.7376777813937583 dE = -4.30704E-02
SCF Iteration 356: Energy = 2.7807481441111292 dE =  4.30704E-02
SCF Iteration 357: Energy = 2.7376777813937601 dE = -4.30704E-02
SCF Iteration 358: Energy = 2.7807481441111310 dE =  4.30704E-02
SCF Iteration 359: Energy = 2.7376777813937636 dE = -4.30704E-02
SCF Iteration 360: Energy = 2.7807481441111328 dE =  4.30704E-02
SCF Iteration 361: Energy = 2.7376777813937649 dE = -4.30704E-02
SCF Iteration 362: Energy = 2.7807481441111328 dE =  4.30704E-02
SCF Iteration 363: Energy = 2.7376777813937641 dE = -4.30704E-02
SCF Iteration 364: Energy = 2.7807481441111301 dE =  4.30704E-02
SCF Iteration 365: Energy = 2.7376777813937654 dE = -4.30704E-02
SCF Iteration 366: Energy = 2.7807481441111266 dE =  4.30704E-02
SCF Iteration 367: Energy = 2.7376777813937578 dE = -4.30704E-02
SCF Iteration 368: Energy = 2.7807481441111266 dE =  4.30704E-02
SCF Iteration 369: Energy = 2.7376777813937569 dE = -4.30704E-02
SCF Iteration 370: Energy = 2.7807481441111257 dE =  4.30704E-02
SCF Iteration 371: Energy = 2.7376777813937636 dE = -4.30704E-02
SCF Iteration 372: Energy = 2.7807481441111292 dE =  4.30704E-02
SCF Iteration 373: Energy = 2.7376777813937627 dE = -4.30704E-02
SCF Iteration 374: Energy = 2.7807481441111270 dE =  4.30704E-02
SCF Iteration 375: Energy = 2.7376777813937623 dE = -4.30704E-02
SCF Iteration 376: Energy = 2.7807481441111284 dE =  4.30704E-02
SCF Iteration 377: Energy = 2.7376777813937636 dE = -4.30704E-02
SCF Iteration 378: Energy = 2.7807481441111364 dE =  4.30704E-02
SCF Iteration 379: Energy = 2.7376777813937601 dE = -4.30704E-02
SCF Iteration 380: Energy = 2.7807481441111292 dE =  4.30704E-02
SCF Iteration 381: Energy = 2.7376777813937627 dE = -4.30704E-02
SCF Iteration 382: Energy = 2.7807481441111319 dE =  4.30704E-02
SCF Iteration 383: Energy = 2.7376777813937636 dE = -4.30704E-02
SCF Iteration 384: Energy = 2.7807481441111328 dE =  4.30704E-02
SCF Iteration 385: Energy = 2.7376777813937672 dE = -4.30704E-02
SCF Iteration 386: Energy = 2.7807481441111239 dE =  4.30704E-02
SCF Iteration 387: Energy = 2.7376777813937578 dE = -4.30704E-02
SCF Iteration 388: Energy = 2.7807481441111319 dE =  4.30704E-02
SCF Iteration 389: Energy = 2.7376777813937583 dE = -4.30704E-02
SCF Iteration 390: Energy = 2.7807481441111310 dE =  4.30704E-02
SCF Iteration 391: Energy = 2.7376777813937609 dE = -4.30704E-02
SCF Iteration 392: Energy = 2.7807481441111301 dE =  4.30704E-02
SCF Iteration 393: Energy = 2.7376777813937614 dE = -4.30704E-02
SCF Iteration 394: Energy = 2.7807481441111239 dE =  4.30704E-02
SCF Iteration 395: Energy = 2.7376777813937632 dE = -4.30704E-02
SCF Iteration 396: Energy = 2.7807481441111310 dE =  4.30704E-02
SCF Iteration 397: Energy = 2.7376777813937583 dE = -4.30704E-02
SCF Iteration 398: Energy = 2.7807481441111239 dE =  4.30704E-02
SCF Iteration 399: Energy = 2.7376777813937561 dE = -4.30704E-02
SCF Iteration 400: Energy = 2.7807481441111213 dE =  4.30704E-02
SCF Iteration 401: Energy = 2.7376777813937636 dE = -4.30704E-02
SCF Iteration 402: Energy = 2.7807481441111257 dE =  4.30704E-02
SCF Iteration 403: Energy = 2.7376777813937561 dE = -4.30704E-02
SCF Iteration 404: Energy = 2.7807481441111248 dE =  4.30704E-02
SCF Iteration 405: Energy = 2.7376777813937583 dE = -4.30704E-02
SCF Iteration 406: Energy = 2.7807481441111195 dE =  4.30704E-02
SCF Iteration 407: Energy = 2.7376777813937556 dE = -4.30704E-02
SCF Iteration 408: Energy = 2.7807481441111284 dE =  4.30704E-02
SCF Iteration 409: Energy = 2.7376777813937623 dE = -4.30704E-02
SCF Iteration 410: Energy = 2.7807481441111319 dE =  4.30704E-02
SCF Iteration 411: Energy = 2.7376777813937605 dE = -4.30704E-02
SCF Iteration 412: Energy = 2.7807481441111319 dE =  4.30704E-02
SCF Iteration 413: Energy = 2.7376777813937658 dE = -4.30704E-02
SCF Iteration 414: Energy = 2.7807481441111350 dE =  4.30704E-02
SCF Iteration 415: Energy = 2.7376777813937672 dE = -4.30704E-02
SCF Iteration 416: Energy = 2.7807481441111337 dE =  4.30704E-02
SCF Iteration 417: Energy = 2.7376777813937658 dE = -4.30704E-02
SCF Iteration 418: Energy = 2.7807481441111381 dE =  4.30704E-02
SCF Iteration 419: Energy = 2.7376777813937720 dE = -4.30704E-02
SCF Iteration 420: Energy = 2.7807481441111381 dE =  4.30704E-02
SCF Iteration 421: Energy = 2.7376777813937689 dE = -4.30704E-02
SCF Iteration 422: Energy = 2.7807481441111346 dE =  4.30704E-02
SCF Iteration 423: Energy = 2.7376777813937649 dE = -4.30704E-02
SCF Iteration 424: Energy = 2.7807481441111386 dE =  4.30704E-02
SCF Iteration 425: Energy = 2.7376777813937632 dE = -4.30704E-02
SCF Iteration 426: Energy = 2.7807481441111284 dE =  4.30704E-02
SCF Iteration 427: Energy = 2.7376777813937663 dE = -4.30704E-02
SCF Iteration 428: Energy = 2.7807481441111359 dE =  4.30704E-02
SCF Iteration 429: Energy = 2.7376777813937636 dE = -4.30704E-02
SCF Iteration 430: Energy = 2.7807481441111355 dE =  4.30704E-02
SCF Iteration 431: Energy = 2.7376777813937641 dE = -4.30704E-02
SCF Iteration 432: Energy = 2.7807481441111319 dE =  4.30704E-02
SCF Iteration 433: Energy = 2.7376777813937654 dE = -4.30704E-02
SCF Iteration 434: Energy = 2.7807481441111332 dE =  4.30704E-02
SCF Iteration 435: Energy = 2.7376777813937618 dE = -4.30704E-02
SCF Iteration 436: Energy = 2.7807481441111364 dE =  4.30704E-02
SCF Iteration 437: Energy = 2.7376777813937574 dE = -4.30704E-02
SCF Iteration 438: Energy = 2.7807481441111306 dE =  4.30704E-02
SCF Iteration 439: Energy = 2.7376777813937645 dE = -4.30704E-02
SCF Iteration 440: Energy = 2.7807481441111301 dE =  4.30704E-02
SCF Iteration 441: Energy = 2.7376777813937574 dE = -4.30704E-02
SCF Iteration 442: Energy = 2.7807481441111195 dE =  4.30704E-02
SCF Iteration 443: Energy = 2.7376777813937521 dE = -4.30704E-02
SCF Iteration 444: Energy = 2.7807481441111266 dE =  4.30704E-02
SCF Iteration 445: Energy = 2.7376777813937583 dE = -4.30704E-02
SCF Iteration 446: Energy = 2.7807481441111266 dE =  4.30704E-02
SCF Iteration 447: Energy = 2.7376777813937663 dE = -4.30704E-02
SCF Iteration 448: Energy = 2.7807481441111292 dE =  4.30704E-02
SCF Iteration 449: Energy = 2.7376777813937583 dE = -4.30704E-02
SCF Iteration 450: Energy = 2.7807481441111288 dE =  4.30704E-02
SCF Iteration 451: Energy = 2.7376777813937636 dE = -4.30704E-02
SCF Iteration 452: Energy = 2.7807481441111270 dE =  4.30704E-02
SCF Iteration 453: Energy = 2.7376777813937556 dE = -4.30704E-02
SCF Iteration 454: Energy = 2.7807481441111239 dE =  4.30704E-02
SCF Iteration 455: Energy = 2.7376777813937592 dE = -4.30704E-02
SCF Iteration 456: Energy = 2.7807481441111319 dE =  4.30704E-02
SCF Iteration 457: Energy = 2.7376777813937547 dE = -4.30704E-02
SCF Iteration 458: Energy = 2.7807481441111319 dE =  4.30704E-02
SCF Iteration 459: Energy = 2.7376777813937601 dE = -4.30704E-02
SCF Iteration 460: Energy = 2.7807481441111328 dE =  4.30704E-02
SCF Iteration 461: Energy = 2.7376777813937636 dE = -4.30704E-02
SCF Iteration 462: Energy = 2.7807481441111319 dE =  4.30704E-02
SCF Iteration 463: Energy = 2.7376777813937583 dE = -4.30704E-02
SCF Iteration 464: Energy = 2.7807481441111315 dE =  4.30704E-02
SCF Iteration 465: Energy = 2.7376777813937592 dE = -4.30704E-02
SCF Iteration 466: Energy = 2.7807481441111253 dE =  4.30704E-02
SCF Iteration 467: Energy = 2.7376777813937574 dE = -4.30704E-02
SCF Iteration 468: Energy = 2.7807481441111266 dE =  4.30704E-02
SCF Iteration 469: Energy = 2.7376777813937601 dE = -4.30704E-02
SCF Iteration 470: Energy = 2.7807481441111235 dE =  4.30704E-02
SCF Iteration 471: Energy = 2.7376777813937547 dE = -4.30704E-02
SCF Iteration 472: Energy = 2.7807481441111257 dE =  4.30704E-02
SCF Iteration 473: Energy = 2.7376777813937516 dE = -4.30704E-02
SCF Iteration 474: Energy = 2.7807481441111266 dE =  4.30704E-02
SCF Iteration 475: Energy = 2.7376777813937601 dE = -4.30704E-02
SCF Iteration 476: Energy = 2.7807481441111297 dE =  4.30704E-02
SCF Iteration 477: Energy = 2.7376777813937614 dE = -4.30704E-02
SCF Iteration 478: Energy = 2.7807481441111284 dE =  4.30704E-02
SCF Iteration 479: Energy = 2.7376777813937627 dE = -4.30704E-02
SCF Iteration 480: Energy = 2.7807481441111244 dE =  4.30704E-02
SCF Iteration 481: Energy = 2.7376777813937627 dE = -4.30704E-02
SCF Iteration 482: Energy = 2.7807481441111328 dE =  4.30704E-02
SCF Iteration 483: Energy = 2.7376777813937672 dE = -4.30704E-02
SCF Iteration 484: Energy = 2.7807481441111315 dE =  4.30704E-02
SCF Iteration 485: Energy = 2.7376777813937645 dE = -4.30704E-02
SCF Iteration 486: Energy = 2.7807481441111346 dE =  4.30704E-02
SCF Iteration 487: Energy = 2.7376777813937618 dE = -4.30704E-02
SCF Iteration 488: Energy = 2.7807481441111372 dE =  4.30704E-02
SCF Iteration 489: Energy = 2.7376777813937694 dE = -4.30704E-02
SCF Iteration 490: Energy = 2.7807481441111324 dE =  4.30704E-02
SCF Iteration 491: Energy = 2.7376777813937658 dE = -4.30704E-02
SCF Iteration 492: Energy = 2.7807481441111355 dE =  4.30704E-02
SCF Iteration 493: Energy = 2.7376777813937627 dE = -4.30704E-02
SCF Iteration 494: Energy = 2.7807481441111346 dE =  4.30704E-02
SCF Iteration 495: Energy = 2.7376777813937609 dE = -4.30704E-02
SCF Iteration 496: Energy = 2.7807481441111266 dE =  4.30704E-02
SCF Iteration 497: Energy = 2.7376777813937627 dE = -4.30704E-02
SCF Iteration 498: Energy = 2.7807481441111297 dE =  4.30704E-02
SCF Iteration 499: Energy = 2.7376777813937609 dE = -4.30704E-02
SCF Iteration 500: Energy = 2.7807481441111279 dE =  4.30704E-02
