
  Memory set to  55.879 GiB by Python driver.
  Threads set to 1 by Python driver.
Settings:
	LOT = CCSD-S2-U22
	wc = 20.0 eV
	lambda = [0.606212 0.       0.      ] a.u.
	Equivalent A0 = LAMBDA / sqrt(2 wc) = [0.5 0.  0. ])
doing QED-CCSD-Full (or QED-CCSD-22)
Number of occupied orbitals:   1
Number of basis functions:  60
SCF Iteration   1: Energy = 0.4687180579084865 dE =  4.68718E-01
SCF Iteration   2: Energy = 1.0039450888259673 dE =  5.35227E-01
SCF Iteration   3: Energy = 0.6423406148396266 dE = -3.61604E-01
SCF Iteration   4: Energy = 1.0118187693425313 dE =  3.69478E-01
SCF Iteration   5: Energy = 0.6771356880633553 dE = -3.34683E-01
SCF Iteration   6: Energy = 1.0147844889373685 dE =  3.37649E-01
SCF Iteration   7: Energy = 0.6877339754891812 dE = -3.27051E-01
SCF Iteration   8: Energy = 1.0156405077288224 dE =  3.27907E-01
SCF Iteration   9: Energy = 0.6912900872659008 dE = -3.24350E-01
SCF Iteration  10: Energy = 1.0156351876091034 dE =  3.24345E-01
SCF Iteration  11: Energy = 0.6923292049887587 dE = -3.23306E-01
SCF Iteration  12: Energy = 1.0153732908773647 dE =  3.23044E-01
SCF Iteration  13: Energy = 0.6924935353409625 dE = -3.22880E-01
SCF Iteration  14: Energy = 1.0151002230809554 dE =  3.22607E-01
SCF Iteration  15: Energy = 0.6923995494939774 dE = -3.22701E-01
SCF Iteration  16: Energy = 1.0148875427891983 dE =  3.22488E-01
SCF Iteration  17: Energy = 0.6922633517342325 dE = -3.22624E-01
SCF Iteration  18: Energy = 1.0147402308457627 dE =  3.22477E-01
SCF Iteration  19: Energy = 0.6921490694822087 dE = -3.22591E-01
SCF Iteration  20: Energy = 1.0146442375892781 dE =  3.22495E-01
SCF Iteration  21: Energy = 0.6920674834094134 dE = -3.22577E-01
SCF Iteration  22: Energy = 1.0145838857443379 dE =  3.22516E-01
SCF Iteration  23: Energy = 0.6920134850467343 dE = -3.22570E-01
SCF Iteration  24: Energy = 1.0145467868837668 dE =  3.22533E-01
SCF Iteration  25: Energy = 0.6919792250083171 dE = -3.22568E-01
SCF Iteration  26: Energy = 1.0145243168002449 dE =  3.22545E-01
SCF Iteration  27: Energy = 0.6919580437057671 dE = -3.22566E-01
SCF Iteration  28: Energy = 1.0145108426562299 dE =  3.22553E-01
SCF Iteration  29: Energy = 0.6919451658712752 dE = -3.22566E-01
SCF Iteration  30: Energy = 1.0145028185500156 dE =  3.22558E-01
SCF Iteration  31: Energy = 0.6919374237936280 dE = -3.22565E-01
SCF Iteration  32: Energy = 1.0144980631004175 dE =  3.22561E-01
SCF Iteration  33: Energy = 0.6919328050122531 dE = -3.22565E-01
SCF Iteration  34: Energy = 1.0144952544239634 dE =  3.22562E-01
SCF Iteration  35: Energy = 0.6919300642856310 dE = -3.22565E-01
SCF Iteration  36: Energy = 1.0144935995877684 dE =  3.22564E-01
SCF Iteration  37: Energy = 0.6919284441154150 dE = -3.22565E-01
SCF Iteration  38: Energy = 1.0144926262751639 dE =  3.22564E-01
SCF Iteration  39: Energy = 0.6919274889289140 dE = -3.22565E-01
SCF Iteration  40: Energy = 1.0144920545240526 dE =  3.22565E-01
SCF Iteration  41: Energy = 0.6919269268699908 dE = -3.22565E-01
SCF Iteration  42: Energy = 1.0144917189633100 dE =  3.22565E-01
SCF Iteration  43: Energy = 0.6919265965935885 dE = -3.22565E-01
SCF Iteration  44: Energy = 1.0144915221503443 dE =  3.22565E-01
SCF Iteration  45: Energy = 0.6919264027090392 dE = -3.22565E-01
SCF Iteration  46: Energy = 1.0144914067697042 dE =  3.22565E-01
SCF Iteration  47: Energy = 0.6919262889727730 dE = -3.22565E-01
SCF Iteration  48: Energy = 1.0144913391512360 dE =  3.22565E-01
SCF Iteration  49: Energy = 0.6919262222873215 dE = -3.22565E-01
SCF Iteration  50: Energy = 1.0144912995333348 dE =  3.22565E-01
SCF Iteration  51: Energy = 0.6919261832030817 dE = -3.22565E-01
SCF Iteration  52: Energy = 1.0144912763251739 dE =  3.22565E-01
SCF Iteration  53: Energy = 0.6919261603020292 dE = -3.22565E-01
SCF Iteration  54: Energy = 1.0144912627315787 dE =  3.22565E-01
SCF Iteration  55: Energy = 0.6919261468859794 dE = -3.22565E-01
SCF Iteration  56: Energy = 1.0144912547702107 dE =  3.22565E-01
SCF Iteration  57: Energy = 0.6919261390276062 dE = -3.22565E-01
SCF Iteration  58: Energy = 1.0144912501077825 dE =  3.22565E-01
SCF Iteration  59: Energy = 0.6919261344250743 dE = -3.22565E-01
SCF Iteration  60: Energy = 1.0144912473774546 dE =  3.22565E-01
SCF Iteration  61: Energy = 0.6919261317296416 dE = -3.22565E-01
SCF Iteration  62: Energy = 1.0144912457786193 dE =  3.22565E-01
SCF Iteration  63: Energy = 0.6919261301511697 dE = -3.22565E-01
SCF Iteration  64: Energy = 1.0144912448423926 dE =  3.22565E-01
SCF Iteration  65: Energy = 0.6919261292268306 dE = -3.22565E-01
SCF Iteration  66: Energy = 1.0144912442941836 dE =  3.22565E-01
SCF Iteration  67: Energy = 0.6919261286855687 dE = -3.22565E-01
SCF Iteration  68: Energy = 1.0144912439731786 dE =  3.22565E-01
SCF Iteration  69: Energy = 0.6919261283686262 dE = -3.22565E-01
SCF Iteration  70: Energy = 1.0144912437852156 dE =  3.22565E-01
SCF Iteration  71: Energy = 0.6919261281830407 dE = -3.22565E-01
SCF Iteration  72: Energy = 1.0144912436751552 dE =  3.22565E-01
SCF Iteration  73: Energy = 0.6919261280743716 dE = -3.22565E-01
SCF Iteration  74: Energy = 1.0144912436107161 dE =  3.22565E-01
SCF Iteration  75: Energy = 0.6919261280107450 dE = -3.22565E-01
SCF Iteration  76: Energy = 1.0144912435729803 dE =  3.22565E-01
SCF Iteration  77: Energy = 0.6919261279734887 dE = -3.22565E-01
SCF Iteration  78: Energy = 1.0144912435508884 dE =  3.22565E-01
SCF Iteration  79: Energy = 0.6919261279516699 dE = -3.22565E-01
SCF Iteration  80: Energy = 1.0144912435379476 dE =  3.22565E-01
SCF Iteration  81: Energy = 0.6919261279388966 dE = -3.22565E-01
SCF Iteration  82: Energy = 1.0144912435303723 dE =  3.22565E-01
SCF Iteration  83: Energy = 0.6919261279314178 dE = -3.22565E-01
SCF Iteration  84: Energy = 1.0144912435259386 dE =  3.22565E-01
SCF Iteration  85: Energy = 0.6919261279270394 dE = -3.22565E-01
SCF Iteration  86: Energy = 1.0144912435233415 dE =  3.22565E-01
SCF Iteration  87: Energy = 0.6919261279244749 dE = -3.22565E-01
SCF Iteration  88: Energy = 1.0144912435218194 dE =  3.22565E-01
SCF Iteration  89: Energy = 0.6919261279229714 dE = -3.22565E-01
SCF Iteration  90: Energy = 1.0144912435209299 dE =  3.22565E-01
SCF Iteration  91: Energy = 0.6919261279220930 dE = -3.22565E-01
SCF Iteration  92: Energy = 1.0144912435204092 dE =  3.22565E-01
SCF Iteration  93: Energy = 0.6919261279215771 dE = -3.22565E-01
SCF Iteration  94: Energy = 1.0144912435201023 dE =  3.22565E-01
SCF Iteration  95: Energy = 0.6919261279212767 dE = -3.22565E-01
SCF Iteration  96: Energy = 1.0144912435199234 dE =  3.22565E-01
SCF Iteration  97: Energy = 0.6919261279210998 dE = -3.22565E-01
SCF Iteration  98: Energy = 1.0144912435198188 dE =  3.22565E-01
SCF Iteration  99: Energy = 0.6919261279209969 dE = -3.22565E-01
SCF Iteration 100: Energy = 1.0144912435197586 dE =  3.22565E-01
SCF Iteration 101: Energy = 0.6919261279209371 dE = -3.22565E-01
SCF Iteration 102: Energy = 1.0144912435197255 dE =  3.22565E-01
SCF Iteration 103: Energy = 0.6919261279209027 dE = -3.22565E-01
SCF Iteration 104: Energy = 1.0144912435197038 dE =  3.22565E-01
SCF Iteration 105: Energy = 0.6919261279208819 dE = -3.22565E-01
SCF Iteration 106: Energy = 1.0144912435196882 dE =  3.22565E-01
SCF Iteration 107: Energy = 0.6919261279208696 dE = -3.22565E-01
SCF Iteration 108: Energy = 1.0144912435196829 dE =  3.22565E-01
SCF Iteration 109: Energy = 0.6919261279208629 dE = -3.22565E-01
SCF Iteration 110: Energy = 1.0144912435196787 dE =  3.22565E-01
SCF Iteration 111: Energy = 0.6919261279208577 dE = -3.22565E-01
SCF Iteration 112: Energy = 1.0144912435196749 dE =  3.22565E-01
SCF Iteration 113: Energy = 0.6919261279208547 dE = -3.22565E-01
SCF Iteration 114: Energy = 1.0144912435196725 dE =  3.22565E-01
SCF Iteration 115: Energy = 0.6919261279208513 dE = -3.22565E-01
SCF Iteration 116: Energy = 1.0144912435196694 dE =  3.22565E-01
SCF Iteration 117: Energy = 0.6919261279208493 dE = -3.22565E-01
SCF Iteration 118: Energy = 1.0144912435196685 dE =  3.22565E-01
SCF Iteration 119: Energy = 0.6919261279208460 dE = -3.22565E-01
SCF Iteration 120: Energy = 1.0144912435196638 dE =  3.22565E-01
SCF Iteration 121: Energy = 0.6919261279208441 dE = -3.22565E-01
SCF Iteration 122: Energy = 1.0144912435196616 dE =  3.22565E-01
SCF Iteration 123: Energy = 0.6919261279208423 dE = -3.22565E-01
SCF Iteration 124: Energy = 1.0144912435196529 dE =  3.22565E-01
SCF Iteration 125: Energy = 0.6919261279208351 dE = -3.22565E-01
SCF Iteration 126: Energy = 1.0144912435196385 dE =  3.22565E-01
SCF Iteration 127: Energy = 0.6919261279208234 dE = -3.22565E-01
SCF Iteration 128: Energy = 1.0144912435196154 dE =  3.22565E-01
SCF Iteration 129: Energy = 0.6919261279208020 dE = -3.22565E-01
SCF Iteration 130: Energy = 1.0144912435195763 dE =  3.22565E-01
SCF Iteration 131: Energy = 0.6919261279207652 dE = -3.22565E-01
SCF Iteration 132: Energy = 1.0144912435195097 dE =  3.22565E-01
SCF Iteration 133: Energy = 0.6919261279207082 dE = -3.22565E-01
SCF Iteration 134: Energy = 1.0144912435193967 dE =  3.22565E-01
SCF Iteration 135: Energy = 0.6919261279206119 dE = -3.22565E-01
SCF Iteration 136: Energy = 1.0144912435192077 dE =  3.22565E-01
SCF Iteration 137: Energy = 0.6919261279204464 dE = -3.22565E-01
SCF Iteration 138: Energy = 1.0144912435188924 dE =  3.22565E-01
SCF Iteration 139: Energy = 0.6919261279201734 dE = -3.22565E-01
SCF Iteration 140: Energy = 1.0144912435183535 dE =  3.22565E-01
SCF Iteration 141: Energy = 0.6919261279197025 dE = -3.22565E-01
SCF Iteration 142: Energy = 1.0144912435174411 dE =  3.22565E-01
SCF Iteration 143: Energy = 0.6919261279189074 dE = -3.22565E-01
SCF Iteration 144: Energy = 1.0144912435158995 dE =  3.22565E-01
SCF Iteration 145: Energy = 0.6919261279175646 dE = -3.22565E-01
SCF Iteration 146: Energy = 1.0144912435132858 dE =  3.22565E-01
SCF Iteration 147: Energy = 0.6919261279152893 dE = -3.22565E-01
SCF Iteration 148: Energy = 1.0144912435088678 dE =  3.22565E-01
SCF Iteration 149: Energy = 0.6919261279114434 dE = -3.22565E-01
SCF Iteration 150: Energy = 1.0144912435013969 dE =  3.22565E-01
SCF Iteration 151: Energy = 0.6919261279049351 dE = -3.22565E-01
SCF Iteration 152: Energy = 1.0144912434887561 dE =  3.22565E-01
SCF Iteration 153: Energy = 0.6919261278939279 dE = -3.22565E-01
SCF Iteration 154: Energy = 1.0144912434673761 dE =  3.22565E-01
SCF Iteration 155: Energy = 0.6919261278753074 dE = -3.22565E-01
SCF Iteration 156: Energy = 1.0144912434312086 dE =  3.22565E-01
SCF Iteration 157: Energy = 0.6919261278438096 dE = -3.22565E-01
SCF Iteration 158: Energy = 1.0144912433700297 dE =  3.22565E-01
SCF Iteration 159: Energy = 0.6919261277905305 dE = -3.22565E-01
SCF Iteration 160: Energy = 1.0144912432665365 dE =  3.22565E-01
SCF Iteration 161: Energy = 0.6919261277003965 dE = -3.22565E-01
SCF Iteration 162: Energy = 1.0144912430914710 dE =  3.22565E-01
SCF Iteration 163: Energy = 0.6919261275479346 dE = -3.22565E-01
SCF Iteration 164: Energy = 1.0144912427953350 dE =  3.22565E-01
SCF Iteration 165: Energy = 0.6919261272900333 dE = -3.22565E-01
SCF Iteration 166: Energy = 1.0144912422944024 dE =  3.22565E-01
SCF Iteration 167: Energy = 0.6919261268537795 dE = -3.22565E-01
SCF Iteration 168: Energy = 1.0144912414470380 dE =  3.22565E-01
SCF Iteration 169: Energy = 0.6919261261158199 dE = -3.22565E-01
SCF Iteration 170: Energy = 1.0144912400136463 dE =  3.22565E-01
SCF Iteration 171: Energy = 0.6919261248674964 dE = -3.22565E-01
SCF Iteration 172: Energy = 1.0144912375889563 dE =  3.22565E-01
SCF Iteration 173: Energy = 0.6919261227558641 dE = -3.22565E-01
SCF Iteration 174: Energy = 1.0144912334873981 dE =  3.22565E-01
SCF Iteration 175: Energy = 0.6919261191838710 dE = -3.22565E-01
SCF Iteration 176: Energy = 1.0144912265492945 dE =  3.22565E-01
SCF Iteration 177: Energy = 0.6919261131415659 dE = -3.22565E-01
SCF Iteration 178: Energy = 1.0144912148129419 dE =  3.22565E-01
SCF Iteration 179: Energy = 0.6919261029205267 dE = -3.22565E-01
SCF Iteration 180: Energy = 1.0144911949599846 dE =  3.22565E-01
SCF Iteration 181: Energy = 0.6919260856308412 dE = -3.22565E-01
SCF Iteration 182: Energy = 1.0144911613771477 dE =  3.22565E-01
SCF Iteration 183: Energy = 0.6919260563839837 dE = -3.22565E-01
SCF Iteration 184: Energy = 1.0144911045691452 dE =  3.22565E-01
SCF Iteration 185: Energy = 0.6919260069106253 dE = -3.22565E-01
SCF Iteration 186: Energy = 1.0144910084739556 dE =  3.22565E-01
SCF Iteration 187: Energy = 0.6919259232225575 dE = -3.22565E-01
SCF Iteration 188: Energy = 1.0144908459214088 dE =  3.22565E-01
SCF Iteration 189: Energy = 0.6919257816576430 dE = -3.22565E-01
SCF Iteration 190: Energy = 1.0144905709510865 dE =  3.22565E-01
SCF Iteration 191: Energy = 0.6919255421895434 dE = -3.22565E-01
SCF Iteration 192: Energy = 1.0144901058173852 dE =  3.22565E-01
SCF Iteration 193: Energy = 0.6919251371106445 dE = -3.22565E-01
SCF Iteration 194: Energy = 1.0144893190077771 dE =  3.22564E-01
SCF Iteration 195: Energy = 0.6919244518884488 dE = -3.22565E-01
SCF Iteration 196: Energy = 1.0144879880591868 dE =  3.22564E-01
SCF Iteration 197: Energy = 0.6919232927829525 dE = -3.22565E-01
SCF Iteration 198: Energy = 1.0144857366598643 dE =  3.22562E-01
SCF Iteration 199: Energy = 0.6919213320697314 dE = -3.22564E-01
SCF Iteration 200: Energy = 1.0144819282547020 dE =  3.22561E-01
SCF Iteration 201: Energy = 0.6919180153829830 dE = -3.22564E-01
SCF Iteration 202: Energy = 1.0144754860772962 dE =  3.22557E-01
SCF Iteration 203: Energy = 0.6919124049859871 dE = -3.22563E-01
SCF Iteration 204: Energy = 1.0144645887400030 dE =  3.22552E-01
SCF Iteration 205: Energy = 0.6919029146708496 dE = -3.22562E-01
SCF Iteration 206: Energy = 1.0144461553579947 dE =  3.22543E-01
SCF Iteration 207: Energy = 0.6918868613780643 dE = -3.22559E-01
SCF Iteration 208: Energy = 1.0144149747601334 dE =  3.22528E-01
SCF Iteration 209: Energy = 0.6918597068901426 dE = -3.22555E-01
SCF Iteration 210: Energy = 1.0143622329499820 dE =  3.22503E-01
SCF Iteration 211: Energy = 0.6918137755670613 dE = -3.22548E-01
SCF Iteration 212: Energy = 1.0142730235327955 dE =  3.22459E-01
SCF Iteration 213: Energy = 0.6917360866403430 dE = -3.22537E-01
SCF Iteration 214: Energy = 1.0141221402470539 dE =  3.22386E-01
SCF Iteration 215: Energy = 0.6916046912161637 dE = -3.22517E-01
SCF Iteration 216: Energy = 1.0138669706818322 dE =  3.22262E-01
SCF Iteration 217: Energy = 0.6913824870314440 dE = -3.22484E-01
SCF Iteration 218: Energy = 1.0134355068311858 dE =  3.22053E-01
SCF Iteration 219: Energy = 0.6910067870765033 dE = -3.22429E-01
SCF Iteration 220: Energy = 1.0127061536724289 dE =  3.21699E-01
SCF Iteration 221: Energy = 0.6903717639137276 dE = -3.22334E-01
SCF Iteration 222: Energy = 1.0114738296335659 dE =  3.21102E-01
SCF Iteration 223: Energy = 0.6892990090118545 dE = -3.22175E-01
SCF Iteration 224: Energy = 1.0093933514085449 dE =  3.20094E-01
SCF Iteration 225: Energy = 0.6874884604217453 dE = -3.21905E-01
SCF Iteration 226: Energy = 1.0058857325424497 dE =  3.18397E-01
SCF Iteration 227: Energy = 0.6844374591069486 dE = -3.21448E-01
SCF Iteration 228: Energy = 0.9999855147817882 dE =  3.15548E-01
SCF Iteration 229: Energy = 0.6793096443197061 dE = -3.20676E-01
SCF Iteration 230: Energy = 0.9900988236112347 dE =  3.10789E-01
SCF Iteration 231: Energy = 0.6707293818925377 dE = -3.19369E-01
SCF Iteration 232: Energy = 0.9736389299552670 dE =  3.02910E-01
SCF Iteration 233: Energy = 0.6564782960593437 dE = -3.17161E-01
SCF Iteration 234: Energy = 0.9465296027794803 dE =  2.90051E-01
SCF Iteration 235: Energy = 0.6330990372973536 dE = -3.13431E-01
SCF Iteration 236: Energy = 0.9026701217277741 dE =  2.69571E-01
SCF Iteration 237: Energy = 0.5955178331103747 dE = -3.07152E-01
SCF Iteration 238: Energy = 0.8337436909410114 dE =  2.38226E-01
SCF Iteration 239: Energy = 0.5370683928559423 dE = -2.96675E-01
SCF Iteration 240: Energy = 0.7303178179718168 dE =  1.93249E-01
SCF Iteration 241: Energy = 0.4507720797871089 dE = -2.79546E-01
SCF Iteration 242: Energy = 0.5857381652329215 dE =  1.34966E-01
SCF Iteration 243: Energy = 0.3329984530843613 dE = -2.52740E-01
SCF Iteration 244: Energy = 0.4033426898403343 dE =  7.03442E-02
SCF Iteration 245: Energy = 0.1892449867807101 dE = -2.14098E-01
SCF Iteration 246: Energy = 0.2027813580013034 dE =  1.35364E-02
SCF Iteration 247: Energy = 0.0375057598859352 dE = -1.65276E-01
SCF Iteration 248: Energy = 0.0159681881492311 dE = -2.15376E-02
SCF Iteration 249: Energy = -0.0977350424853303 dE = -1.13703E-01
SCF Iteration 250: Energy = -0.1297892846463307 dE = -3.20542E-02
SCF Iteration 251: Energy = -0.1990997086866921 dE = -6.93104E-02
SCF Iteration 252: Energy = -0.2261939885565258 dE = -2.70943E-02
SCF Iteration 253: Energy = -0.2641573279482090 dE = -3.79633E-02
SCF Iteration 254: Energy = -0.2819160833967671 dE = -1.77588E-02
SCF Iteration 255: Energy = -0.3010944129834749 dE = -1.91783E-02
SCF Iteration 256: Energy = -0.3111283148854134 dE = -1.00339E-02
SCF Iteration 257: Energy = -0.3203099300221994 dE = -9.18162E-03
SCF Iteration 258: Energy = -0.3254884540980254 dE = -5.17852E-03
SCF Iteration 259: Energy = -0.3297440011847350 dE = -4.25555E-03
SCF Iteration 260: Energy = -0.3322726467346668 dE = -2.52865E-03
SCF Iteration 261: Energy = -0.3342094219904161 dE = -1.93678E-03
SCF Iteration 262: Energy = -0.3354030309120373 dE = -1.19361E-03
SCF Iteration 263: Energy = -0.3362759524133023 dE = -8.72922E-04
SCF Iteration 264: Energy = -0.3368277997871285 dE = -5.51847E-04
SCF Iteration 265: Energy = -0.3372192767492175 dE = -3.91477E-04
SCF Iteration 266: Energy = -0.3374711715810803 dE = -2.51895E-04
SCF Iteration 267: Energy = -0.3376463090222248 dE = -1.75137E-04
SCF Iteration 268: Energy = -0.3377603801377578 dE = -1.14071E-04
SCF Iteration 269: Energy = -0.3378386454343598 dE = -7.82653E-05
SCF Iteration 270: Energy = -0.3378900482724849 dE = -5.14028E-05
SCF Iteration 271: Energy = -0.3379250079812948 dE = -3.49597E-05
SCF Iteration 272: Energy = -0.3379480997894249 dE = -2.30918E-05
SCF Iteration 273: Energy = -0.3379637138651104 dE = -1.56141E-05
SCF Iteration 274: Energy = -0.3379740674291420 dE = -1.03536E-05
SCF Iteration 275: Energy = -0.3379810413877455 dE = -6.97396E-06
SCF Iteration 276: Energy = -0.3379856779644062 dE = -4.63658E-06
SCF Iteration 277: Energy = -0.3379887931438743 dE = -3.11518E-06
SCF Iteration 278: Energy = -0.3379908679552901 dE = -2.07481E-06
SCF Iteration 279: Energy = -0.3379922596198925 dE = -1.39166E-06
SCF Iteration 280: Energy = -0.3379931876419178 dE = -9.28022E-07
SCF Iteration 281: Energy = -0.3379938094157704 dE = -6.21774E-07
SCF Iteration 282: Energy = -0.3379942243843106 dE = -4.14969E-07
SCF Iteration 283: Energy = -0.3379945022096063 dE = -2.77825E-07
SCF Iteration 284: Energy = -0.3379946877330846 dE = -1.85523E-07
SCF Iteration 285: Energy = -0.3379948118830736 dE = -1.24150E-07
SCF Iteration 286: Energy = -0.3379948948185769 dE = -8.29355E-08
SCF Iteration 287: Energy = -0.3379949503004920 dE = -5.54819E-08
SCF Iteration 288: Energy = -0.3379949873736265 dE = -3.70731E-08
SCF Iteration 289: Energy = -0.3379950121695934 dE = -2.47960E-08
SCF Iteration 290: Energy = -0.3379950287412992 dE = -1.65717E-08
SCF Iteration 291: Energy = -0.3379950398236309 dE = -1.10823E-08
SCF Iteration 292: Energy = -0.3379950472311295 dE = -7.40750E-09
SCF Iteration 293: Energy = -0.3379950521844695 dE = -4.95334E-09
SCF Iteration 294: Energy = -0.3379950554955984 dE = -3.31113E-09
SCF Iteration 295: Energy = -0.3379950577096080 dE = -2.21401E-09
SCF Iteration 296: Energy = -0.3379950591896819 dE = -1.48007E-09
SCF Iteration 297: Energy = -0.3379950601793100 dE = -9.89628E-10
SCF Iteration 298: Energy = -0.3379950608409081 dE = -6.61598E-10
SCF Iteration 299: Energy = -0.3379950612832605 dE = -4.42352E-10
SCF Iteration 300: Energy = -0.3379950615790051 dE = -2.95745E-10
SCF Iteration 301: Energy = -0.3379950617767420 dE = -1.97737E-10
SCF Iteration 302: Energy = -0.3379950619089416 dE = -1.32200E-10
SCF Iteration 303: Energy = -0.3379950619973320 dE = -8.83904E-11

SCF converged.
E_QED_HF          = -0.337995061997332
HF  (psi4)        = -0.931675455382290
Starting with the CCSD calculation:

Iter  Energy(CCSD)      E_diff    time(sec)
  1:  -0.1261024479  1.26102E-01   19.096
  2:  -0.1919431959  6.58407E-02   19.101
  3:  -0.2107006036  1.87574E-02   19.108
  4:  -0.2472579015  3.65573E-02   19.102
  5:  -0.2877057812  4.04479E-02   19.098
  6:  -0.3216885126  3.39827E-02   19.096
  7:  -0.3411982849  1.95098E-02   19.095
  8:  -0.3280718474  1.31264E-02   19.088
  9:  -0.3565165792  2.84447E-02   19.087
 10:  -0.3822662722  2.57497E-02   19.080
 11:  -0.4036172154  2.13509E-02   19.084
 12:  -0.4236128958  1.99957E-02   19.088
 13:  -0.4367685820  1.31557E-02   19.088
 14:  -0.4499781952  1.32096E-02   19.080
 15:  -0.4594557391  9.47754E-03   19.088
 16:  -0.4676965004  8.24076E-03   19.079
 17:  -0.4678195033  1.23003E-04   19.084
 18:  -0.4673160345  5.03469E-04   19.083
 19:  -0.4678330952  5.17061E-04   19.090
 20:  -0.4650732144  2.75988E-03   19.082
 21:  -0.4650737130  4.98592E-07   19.108
 22:  -0.4652446478  1.70935E-04   19.103
 23:  -0.4654621530  2.17505E-04   19.106
 24:  -0.4659469554  4.84802E-04   19.110
 25:  -0.4660681105  1.21155E-04   19.109
 26:  -0.4662136760  1.45565E-04   19.109
 27:  -0.4663084529  9.47770E-05   19.109
 28:  -0.4663862029  7.77500E-05   19.106
 29:  -0.4664328839  4.66809E-05   19.098
 30:  -0.4664935689  6.06850E-05   19.096
 31:  -0.4665650475  7.14786E-05   19.097
 32:  -0.4666522897  8.72423E-05   19.104
 33:  -0.4667236388  7.13490E-05   19.102
 34:  -0.4667757585  5.21198E-05   19.101
 35:  -0.4667743186  1.43989E-06   19.103
 36:  -0.4667597403  1.45784E-05   19.097
 37:  -0.4667549189  4.82133E-06   19.099
 38:  -0.4667661504  1.12314E-05   19.101
 39:  -0.4667830174  1.68671E-05   19.101
 40:  -0.4667950450  1.20276E-05   19.087
 41:  -0.4668063178  1.12728E-05   19.101
 42:  -0.4668187513  1.24335E-05   19.109
 43:  -0.4668297473  1.09960E-05   19.107
 44:  -0.4668396716  9.92426E-06   19.102
 45:  -0.4668459852  6.31362E-06   19.098
 46:  -0.4668472876  1.30240E-06   19.105
 47:  -0.4668513769  4.08934E-06   19.102
 48:  -0.4668552461  3.86913E-06   19.111
 49:  -0.4668570476  1.80152E-06   19.101
 50:  -0.4668573494  3.01823E-07   19.106
E_QED_CCSD  (Corr.)  = -0.466857349406283
E_QED_CCSD tot       = -0.804852411403615
E_CCSD_psi4 (Corr.)  = -0.092255150017862
E_CCSD_psi4 tot      = -1.023930605400152
