
  Memory set to  55.879 GiB by Python driver.
  Threads set to 1 by Python driver.
Settings:
	LOT = CCSD-S2-U22
	wc = 20.0 eV
	lambda = [0.242485 0.       0.      ] a.u.
	Equivalent A0 = LAMBDA / sqrt(2 wc) = [0.2 0.  0. ])
doing QED-CCSD-Full (or QED-CCSD-22)
Number of occupied orbitals:   1
Number of basis functions:  60
SCF Iteration   1: Energy = -0.4192850293389987 dE = -4.19285E-01
SCF Iteration   2: Energy = -0.2443189340522380 dE =  1.74966E-01
SCF Iteration   3: Energy = -0.3653422600260050 dE = -1.21023E-01
SCF Iteration   4: Energy = -0.2351065842833270 dE =  1.30236E-01
SCF Iteration   5: Energy = -0.3580395194178717 dE = -1.22933E-01
SCF Iteration   6: Energy = -0.2336153316633430 dE =  1.24424E-01
SCF Iteration   7: Energy = -0.3569087235762520 dE = -1.23293E-01
SCF Iteration   8: Energy = -0.2333829423064928 dE =  1.23526E-01
SCF Iteration   9: Energy = -0.3567300485330682 dE = -1.23347E-01
SCF Iteration  10: Energy = -0.2333480396586957 dE =  1.23382E-01
SCF Iteration  11: Energy = -0.3567022371116850 dE = -1.23354E-01
SCF Iteration  12: Energy = -0.2333431380675937 dE =  1.23359E-01
SCF Iteration  13: Energy = -0.3566980540552600 dE = -1.23355E-01
SCF Iteration  14: Energy = -0.2333425441940221 dE =  1.23356E-01
SCF Iteration  15: Energy = -0.3566974648821367 dE = -1.23355E-01
SCF Iteration  16: Energy = -0.2333425002804284 dE =  1.23355E-01
SCF Iteration  17: Energy = -0.3566973930006956 dE = -1.23355E-01
SCF Iteration  18: Energy = -0.2333425066746427 dE =  1.23355E-01
SCF Iteration  19: Energy = -0.3566973875152512 dE = -1.23355E-01
SCF Iteration  20: Energy = -0.2333425111753206 dE =  1.23355E-01
SCF Iteration  21: Energy = -0.3566973882181257 dE = -1.23355E-01
SCF Iteration  22: Energy = -0.2333425127891771 dE =  1.23355E-01
SCF Iteration  23: Energy = -0.3566973887402829 dE = -1.23355E-01
SCF Iteration  24: Energy = -0.2333425132758989 dE =  1.23355E-01
SCF Iteration  25: Energy = -0.3566973889291427 dE = -1.23355E-01
SCF Iteration  26: Energy = -0.2333425134120037 dE =  1.23355E-01
SCF Iteration  27: Energy = -0.3566973889862892 dE = -1.23355E-01
SCF Iteration  28: Energy = -0.2333425134485869 dE =  1.23355E-01
SCF Iteration  29: Energy = -0.3566973890022959 dE = -1.23355E-01
SCF Iteration  30: Energy = -0.2333425134581999 dE =  1.23355E-01
SCF Iteration  31: Energy = -0.3566973890066012 dE = -1.23355E-01
SCF Iteration  32: Energy = -0.2333425134606923 dE =  1.23355E-01
SCF Iteration  33: Energy = -0.3566973890077343 dE = -1.23355E-01
SCF Iteration  34: Energy = -0.2333425134613328 dE =  1.23355E-01
SCF Iteration  35: Energy = -0.3566973890080275 dE = -1.23355E-01
SCF Iteration  36: Energy = -0.2333425134614966 dE =  1.23355E-01
SCF Iteration  37: Energy = -0.3566973890081031 dE = -1.23355E-01
SCF Iteration  38: Energy = -0.2333425134615384 dE =  1.23355E-01
SCF Iteration  39: Energy = -0.3566973890081218 dE = -1.23355E-01
SCF Iteration  40: Energy = -0.2333425134615491 dE =  1.23355E-01
SCF Iteration  41: Energy = -0.3566973890081262 dE = -1.23355E-01
SCF Iteration  42: Energy = -0.2333425134615517 dE =  1.23355E-01
SCF Iteration  43: Energy = -0.3566973890081282 dE = -1.23355E-01
SCF Iteration  44: Energy = -0.2333425134615520 dE =  1.23355E-01
SCF Iteration  45: Energy = -0.3566973890081290 dE = -1.23355E-01
SCF Iteration  46: Energy = -0.2333425134615519 dE =  1.23355E-01
SCF Iteration  47: Energy = -0.3566973890081293 dE = -1.23355E-01
SCF Iteration  48: Energy = -0.2333425134615526 dE =  1.23355E-01
SCF Iteration  49: Energy = -0.3566973890081283 dE = -1.23355E-01
SCF Iteration  50: Energy = -0.2333425134615530 dE =  1.23355E-01
SCF Iteration  51: Energy = -0.3566973890081274 dE = -1.23355E-01
SCF Iteration  52: Energy = -0.2333425134615522 dE =  1.23355E-01
SCF Iteration  53: Energy = -0.3566973890081282 dE = -1.23355E-01
SCF Iteration  54: Energy = -0.2333425134615522 dE =  1.23355E-01
SCF Iteration  55: Energy = -0.3566973890081280 dE = -1.23355E-01
SCF Iteration  56: Energy = -0.2333425134615527 dE =  1.23355E-01
SCF Iteration  57: Energy = -0.3566973890081292 dE = -1.23355E-01
SCF Iteration  58: Energy = -0.2333425134615523 dE =  1.23355E-01
SCF Iteration  59: Energy = -0.3566973890081292 dE = -1.23355E-01
SCF Iteration  60: Energy = -0.2333425134615521 dE =  1.23355E-01
SCF Iteration  61: Energy = -0.3566973890081278 dE = -1.23355E-01
SCF Iteration  62: Energy = -0.2333425134615522 dE =  1.23355E-01
SCF Iteration  63: Energy = -0.3566973890081276 dE = -1.23355E-01
SCF Iteration  64: Energy = -0.2333425134615529 dE =  1.23355E-01
SCF Iteration  65: Energy = -0.3566973890081286 dE = -1.23355E-01
SCF Iteration  66: Energy = -0.2333425134615534 dE =  1.23355E-01
SCF Iteration  67: Energy = -0.3566973890081282 dE = -1.23355E-01
SCF Iteration  68: Energy = -0.2333425134615526 dE =  1.23355E-01
SCF Iteration  69: Energy = -0.3566973890081280 dE = -1.23355E-01
SCF Iteration  70: Energy = -0.2333425134615530 dE =  1.23355E-01
SCF Iteration  71: Energy = -0.3566973890081283 dE = -1.23355E-01
SCF Iteration  72: Energy = -0.2333425134615521 dE =  1.23355E-01
SCF Iteration  73: Energy = -0.3566973890081278 dE = -1.23355E-01
SCF Iteration  74: Energy = -0.2333425134615524 dE =  1.23355E-01
SCF Iteration  75: Energy = -0.3566973890081291 dE = -1.23355E-01
SCF Iteration  76: Energy = -0.2333425134615527 dE =  1.23355E-01
SCF Iteration  77: Energy = -0.3566973890081289 dE = -1.23355E-01
SCF Iteration  78: Energy = -0.2333425134615528 dE =  1.23355E-01
SCF Iteration  79: Energy = -0.3566973890081289 dE = -1.23355E-01
SCF Iteration  80: Energy = -0.2333425134615529 dE =  1.23355E-01
SCF Iteration  81: Energy = -0.3566973890081286 dE = -1.23355E-01
SCF Iteration  82: Energy = -0.2333425134615522 dE =  1.23355E-01
SCF Iteration  83: Energy = -0.3566973890081287 dE = -1.23355E-01
SCF Iteration  84: Energy = -0.2333425134615532 dE =  1.23355E-01
SCF Iteration  85: Energy = -0.3566973890081297 dE = -1.23355E-01
SCF Iteration  86: Energy = -0.2333425134615528 dE =  1.23355E-01
SCF Iteration  87: Energy = -0.3566973890081283 dE = -1.23355E-01
SCF Iteration  88: Energy = -0.2333425134615527 dE =  1.23355E-01
SCF Iteration  89: Energy = -0.3566973890081295 dE = -1.23355E-01
SCF Iteration  90: Energy = -0.2333425134615529 dE =  1.23355E-01
SCF Iteration  91: Energy = -0.3566973890081291 dE = -1.23355E-01
SCF Iteration  92: Energy = -0.2333425134615529 dE =  1.23355E-01
SCF Iteration  93: Energy = -0.3566973890081290 dE = -1.23355E-01
SCF Iteration  94: Energy = -0.2333425134615531 dE =  1.23355E-01
SCF Iteration  95: Energy = -0.3566973890081292 dE = -1.23355E-01
SCF Iteration  96: Energy = -0.2333425134615542 dE =  1.23355E-01
SCF Iteration  97: Energy = -0.3566973890081297 dE = -1.23355E-01
SCF Iteration  98: Energy = -0.2333425134615552 dE =  1.23355E-01
SCF Iteration  99: Energy = -0.3566973890081305 dE = -1.23355E-01
SCF Iteration 100: Energy = -0.2333425134615561 dE =  1.23355E-01
SCF Iteration 101: Energy = -0.3566973890081304 dE = -1.23355E-01
SCF Iteration 102: Energy = -0.2333425134615597 dE =  1.23355E-01
SCF Iteration 103: Energy = -0.3566973890081335 dE = -1.23355E-01
SCF Iteration 104: Energy = -0.2333425134615651 dE =  1.23355E-01
SCF Iteration 105: Energy = -0.3566973890081358 dE = -1.23355E-01
SCF Iteration 106: Energy = -0.2333425134615733 dE =  1.23355E-01
SCF Iteration 107: Energy = -0.3566973890081427 dE = -1.23355E-01
SCF Iteration 108: Energy = -0.2333425134615889 dE =  1.23355E-01
SCF Iteration 109: Energy = -0.3566973890081527 dE = -1.23355E-01
SCF Iteration 110: Energy = -0.2333425134616162 dE =  1.23355E-01
SCF Iteration 111: Energy = -0.3566973890081714 dE = -1.23355E-01
SCF Iteration 112: Energy = -0.2333425134616652 dE =  1.23355E-01
SCF Iteration 113: Energy = -0.3566973890082031 dE = -1.23355E-01
SCF Iteration 114: Energy = -0.2333425134617504 dE =  1.23355E-01
SCF Iteration 115: Energy = -0.3566973890082609 dE = -1.23355E-01
SCF Iteration 116: Energy = -0.2333425134619008 dE =  1.23355E-01
SCF Iteration 117: Energy = -0.3566973890083607 dE = -1.23355E-01
SCF Iteration 118: Energy = -0.2333425134621644 dE =  1.23355E-01
SCF Iteration 119: Energy = -0.3566973890085352 dE = -1.23355E-01
SCF Iteration 120: Energy = -0.2333425134626290 dE =  1.23355E-01
SCF Iteration 121: Energy = -0.3566973890088448 dE = -1.23355E-01
SCF Iteration 122: Energy = -0.2333425134634453 dE =  1.23355E-01
SCF Iteration 123: Energy = -0.3566973890093891 dE = -1.23355E-01
SCF Iteration 124: Energy = -0.2333425134648796 dE =  1.23355E-01
SCF Iteration 125: Energy = -0.3566973890103459 dE = -1.23355E-01
SCF Iteration 126: Energy = -0.2333425134674053 dE =  1.23355E-01
SCF Iteration 127: Energy = -0.3566973890120276 dE = -1.23355E-01
SCF Iteration 128: Energy = -0.2333425134718461 dE =  1.23355E-01
SCF Iteration 129: Energy = -0.3566973890149844 dE = -1.23355E-01
SCF Iteration 130: Energy = -0.2333425134796546 dE =  1.23355E-01
SCF Iteration 131: Energy = -0.3566973890201874 dE = -1.23355E-01
SCF Iteration 132: Energy = -0.2333425134933895 dE =  1.23355E-01
SCF Iteration 133: Energy = -0.3566973890293377 dE = -1.23355E-01
SCF Iteration 134: Energy = -0.2333425135175445 dE =  1.23355E-01
SCF Iteration 135: Energy = -0.3566973890454286 dE = -1.23355E-01
SCF Iteration 136: Energy = -0.2333425135600263 dE =  1.23355E-01
SCF Iteration 137: Energy = -0.3566973890737297 dE = -1.23355E-01
SCF Iteration 138: Energy = -0.2333425136347401 dE =  1.23355E-01
SCF Iteration 139: Energy = -0.3566973891235009 dE = -1.23355E-01
SCF Iteration 140: Energy = -0.2333425137661390 dE =  1.23355E-01
SCF Iteration 141: Energy = -0.3566973892110359 dE = -1.23355E-01
SCF Iteration 142: Energy = -0.2333425139972320 dE =  1.23355E-01
SCF Iteration 143: Energy = -0.3566973893649836 dE = -1.23355E-01
SCF Iteration 144: Energy = -0.2333425144036585 dE =  1.23355E-01
SCF Iteration 145: Energy = -0.3566973896357357 dE = -1.23355E-01
SCF Iteration 146: Energy = -0.2333425151184446 dE =  1.23355E-01
SCF Iteration 147: Energy = -0.3566973901119069 dE = -1.23355E-01
SCF Iteration 148: Energy = -0.2333425163755460 dE =  1.23355E-01
SCF Iteration 149: Energy = -0.3566973909493570 dE = -1.23355E-01
SCF Iteration 150: Energy = -0.2333425185864263 dE =  1.23355E-01
SCF Iteration 151: Energy = -0.3566973924221891 dE = -1.23355E-01
SCF Iteration 152: Energy = -0.2333425224747231 dE =  1.23355E-01
SCF Iteration 153: Energy = -0.3566973950124745 dE = -1.23355E-01
SCF Iteration 154: Energy = -0.2333425293131147 dE =  1.23355E-01
SCF Iteration 155: Energy = -0.3566973995680369 dE = -1.23355E-01
SCF Iteration 156: Energy = -0.2333425413398697 dE =  1.23355E-01
SCF Iteration 157: Energy = -0.3566974075799563 dE = -1.23355E-01
SCF Iteration 158: Energy = -0.2333425624914532 dE =  1.23355E-01
SCF Iteration 159: Energy = -0.3566974216706043 dE = -1.23355E-01
SCF Iteration 160: Energy = -0.2333425996909742 dE =  1.23355E-01
SCF Iteration 161: Energy = -0.3566974464519810 dE = -1.23355E-01
SCF Iteration 162: Energy = -0.2333426651141657 dE =  1.23355E-01
SCF Iteration 163: Energy = -0.3566974900352504 dE = -1.23355E-01
SCF Iteration 164: Energy = -0.2333427801746082 dE =  1.23355E-01
SCF Iteration 165: Energy = -0.3566975666855980 dE = -1.23355E-01
SCF Iteration 166: Energy = -0.2333429825325391 dE =  1.23355E-01
SCF Iteration 167: Energy = -0.3566977014913095 dE = -1.23355E-01
SCF Iteration 168: Energy = -0.2333433384212308 dE =  1.23354E-01
SCF Iteration 169: Energy = -0.3566979385753060 dE = -1.23355E-01
SCF Iteration 170: Energy = -0.2333439643252581 dE =  1.23354E-01
SCF Iteration 171: Energy = -0.3566983555366218 dE = -1.23354E-01
SCF Iteration 172: Energy = -0.2333450651054271 dE =  1.23353E-01
SCF Iteration 173: Energy = -0.3566990888482295 dE = -1.23354E-01
SCF Iteration 174: Energy = -0.2333470010468220 dE =  1.23352E-01
SCF Iteration 175: Energy = -0.3567003785226073 dE = -1.23353E-01
SCF Iteration 176: Energy = -0.2333504057686171 dE =  1.23350E-01
SCF Iteration 177: Energy = -0.3567026466598257 dE = -1.23352E-01
SCF Iteration 178: Energy = -0.2333563935676237 dE =  1.23346E-01
SCF Iteration 179: Energy = -0.3567066355732157 dE = -1.23350E-01
SCF Iteration 180: Energy = -0.2333669239960557 dE =  1.23340E-01
SCF Iteration 181: Energy = -0.3567136506576720 dE = -1.23347E-01
SCF Iteration 182: Energy = -0.2333854428022188 dE =  1.23328E-01
SCF Iteration 183: Energy = -0.3567259873552179 dE = -1.23341E-01
SCF Iteration 184: Energy = -0.2334180083985612 dE =  1.23308E-01
SCF Iteration 185: Energy = -0.3567476815396508 dE = -1.23330E-01
SCF Iteration 186: Energy = -0.2334752706392897 dE =  1.23272E-01
SCF Iteration 187: Energy = -0.3567858276049962 dE = -1.23311E-01
SCF Iteration 188: Energy = -0.2335759436424825 dE =  1.23210E-01
SCF Iteration 189: Energy = -0.3568528915911405 dE = -1.23277E-01
SCF Iteration 190: Energy = -0.2337528910060900 dE =  1.23100E-01
SCF Iteration 191: Energy = -0.3569707638248023 dE = -1.23218E-01
SCF Iteration 192: Energy = -0.2340637585940863 dE =  1.22907E-01
SCF Iteration 193: Energy = -0.3571778385804534 dE = -1.23114E-01
SCF Iteration 194: Energy = -0.2346094609239954 dE =  1.22568E-01
SCF Iteration 195: Energy = -0.3575413180358522 dE = -1.22932E-01
SCF Iteration 196: Energy = -0.2355660375088960 dE =  1.21975E-01
SCF Iteration 197: Energy = -0.3581783996342681 dE = -1.22612E-01
SCF Iteration 198: Energy = -0.2372386763969923 dE =  1.20940E-01
SCF Iteration 199: Energy = -0.3592921591698433 dE = -1.22053E-01
SCF Iteration 200: Energy = -0.2401506716194704 dE =  1.19141E-01
SCF Iteration 201: Energy = -0.3612304882185031 dE = -1.21080E-01
SCF Iteration 202: Energy = -0.2451818861904804 dE =  1.16049E-01
SCF Iteration 203: Energy = -0.3645773563673196 dE = -1.19395E-01
SCF Iteration 204: Energy = -0.2537604605442854 dE =  1.10817E-01
SCF Iteration 205: Energy = -0.3702776250885638 dE = -1.16517E-01
SCF Iteration 206: Energy = -0.2680588449891970 dE =  1.02219E-01
SCF Iteration 207: Energy = -0.3797593935144308 dE = -1.11701E-01
SCF Iteration 208: Energy = -0.2909916344774408 dE =  8.87678E-02
SCF Iteration 209: Energy = -0.3949109656679597 dE = -1.03919E-01
SCF Iteration 210: Energy = -0.3255146902198287 dE =  6.93963E-02
SCF Iteration 211: Energy = -0.4175671610284785 dE = -9.20525E-02
SCF Iteration 212: Energy = -0.3725387792632660 dE =  4.50284E-02
SCF Iteration 213: Energy = -0.4480604138839095 dE = -7.55216E-02
SCF Iteration 214: Energy = -0.4277853785763440 dE =  2.02750E-02
SCF Iteration 215: Energy = -0.4831906742912273 dE = -5.54053E-02
SCF Iteration 216: Energy = -0.4810003318836713 dE =  2.19034E-03
SCF Iteration 217: Energy = -0.5161216083567786 dE = -3.51213E-02
SCF Iteration 218: Energy = -0.5215887320482705 dE = -5.46712E-03
SCF Iteration 219: Energy = -0.5405301385757275 dE = -1.89414E-02
SCF Iteration 220: Energy = -0.5461722690619459 dE = -5.64213E-03
SCF Iteration 221: Energy = -0.5550324240659140 dE = -8.86016E-03
SCF Iteration 222: Energy = -0.5585416978613756 dE = -3.50927E-03
SCF Iteration 223: Energy = -0.5623056597153610 dE = -3.76396E-03
SCF Iteration 224: Energy = -0.5640601839927256 dE = -1.75452E-03
SCF Iteration 225: Energy = -0.5655818131068360 dE = -1.52163E-03
SCF Iteration 226: Energy = -0.5663694297060832 dE = -7.87617E-04
SCF Iteration 227: Energy = -0.5669731091948058 dE = -6.03679E-04
SCF Iteration 228: Energy = -0.5673081597829306 dE = -3.35051E-04
SCF Iteration 229: Energy = -0.5675467503360603 dE = -2.38591E-04
SCF Iteration 230: Energy = -0.5676854528627299 dE = -1.38703E-04
SCF Iteration 231: Energy = -0.5677799151318565 dE = -9.44623E-05
SCF Iteration 232: Energy = -0.5678365258523931 dE = -5.66107E-05
SCF Iteration 233: Energy = -0.5678740376379311 dE = -3.75118E-05
SCF Iteration 234: Energy = -0.5678969662885788 dE = -2.29287E-05
SCF Iteration 235: Energy = -0.5679119030862312 dE = -1.49368E-05
SCF Iteration 236: Energy = -0.5679211496863398 dE = -9.24660E-06
SCF Iteration 237: Energy = -0.5679271096335097 dE = -5.95995E-06
SCF Iteration 238: Energy = -0.5679308292138143 dE = -3.71958E-06
SCF Iteration 239: Energy = -0.5679332107358449 dE = -2.38152E-06
SCF Iteration 240: Energy = -0.5679347047464175 dE = -1.49401E-06
SCF Iteration 241: Energy = -0.5679356572979759 dE = -9.52552E-07
SCF Iteration 242: Energy = -0.5679362568354301 dE = -5.99537E-07
SCF Iteration 243: Energy = -0.5679366380761317 dE = -3.81241E-07
SCF Iteration 244: Energy = -0.5679368785312010 dE = -2.40455E-07
SCF Iteration 245: Energy = -0.5679370311785633 dE = -1.52647E-07
SCF Iteration 246: Energy = -0.5679371275834387 dE = -9.64049E-08
SCF Iteration 247: Energy = -0.5679371887190751 dE = -6.11356E-08
SCF Iteration 248: Energy = -0.5679372273618674 dE = -3.86428E-08
SCF Iteration 249: Energy = -0.5679372518509810 dE = -2.44891E-08
SCF Iteration 250: Energy = -0.5679372673383591 dE = -1.54874E-08
SCF Iteration 251: Energy = -0.5679372771490248 dE = -9.81067E-09
SCF Iteration 252: Energy = -0.5679372833555643 dE = -6.20654E-09
SCF Iteration 253: Energy = -0.5679372872861167 dE = -3.93055E-09
SCF Iteration 254: Energy = -0.5679372897732406 dE = -2.48712E-09
SCF Iteration 255: Energy = -0.5679372913480473 dE = -1.57481E-09
SCF Iteration 256: Energy = -0.5679372923446676 dE = -9.96620E-10
SCF Iteration 257: Energy = -0.5679372929756457 dE = -6.30978E-10
SCF Iteration 258: Energy = -0.5679372933749945 dE = -3.99349E-10
SCF Iteration 259: Energy = -0.5679372936278112 dE = -2.52817E-10
SCF Iteration 260: Energy = -0.5679372937878288 dE = -1.60018E-10
SCF Iteration 261: Energy = -0.5679372938891283 dE = -1.01300E-10
SCF Iteration 262: Energy = -0.5679372939532481 dE = -6.41198E-11

SCF converged.
E_QED_HF          = -0.567937293953248
HF  (psi4)        = -0.848265404302284
Starting with the CCSD calculation:

Iter  Energy(CCSD)      E_diff    time(sec)
  1:  -0.0686533951  6.86534E-02   19.104
  2:  -0.1223318350  5.36784E-02   19.108
  3:  -0.1114392574  1.08926E-02   19.101
  4:  -0.1071717509  4.26751E-03   19.102
  5:  -0.0855450364  2.16267E-02   19.106
  6:  -0.0794473119  6.09772E-03   19.114
  7:  -0.0590736050  2.03737E-02   19.104
  8:  -0.0669134279  7.83982E-03   19.104
  9:  -0.0645388983  2.37453E-03   19.109
 10:  -0.0690399332  4.50103E-03   19.108
 11:  -0.0698711176  8.31184E-04   19.101
 12:  -0.0701222745  2.51157E-04   19.108
 13:  -0.0716056456  1.48337E-03   19.109
 14:  -0.0715167170  8.89286E-05   19.106
 15:  -0.0716433287  1.26612E-04   19.104
 16:  -0.0717636901  1.20361E-04   19.115
 17:  -0.0717775739  1.38838E-05   19.101
 18:  -0.0717411817  3.63922E-05   19.111
 19:  -0.0716848296  5.63521E-05   19.111
 20:  -0.0716582205  2.66092E-05   19.106
 21:  -0.0716354142  2.28063E-05   19.124
 22:  -0.0716503273  1.49131E-05   19.122
 23:  -0.0716672953  1.69681E-05   19.122
 24:  -0.0716578588  9.43654E-06   19.121
 25:  -0.0716697698  1.19110E-05   19.121
 26:  -0.0716738345  4.06477E-06   19.112
 27:  -0.0716734145  4.20086E-07   19.108
 28:  -0.0716759658  2.55134E-06   19.112
 29:  -0.0716758805  8.53064E-08   19.108
 30:  -0.0716758751  5.40816E-09   19.102
E_QED_CCSD  (Corr.)  = -0.071675875092202
E_QED_CCSD tot       = -0.639613169045450
E_CCSD_psi4 (Corr.)  = -0.153978253311093
E_CCSD_psi4 tot      = -1.002243657613377
