
  Memory set to  55.879 GiB by Python driver.
  Threads set to 1 by Python driver.
Settings:
	LOT = CCSD-S2-U22
	wc = 20.0 eV
	lambda = [0.242485 0.       0.      ] a.u.
	Equivalent A0 = LAMBDA / sqrt(2 wc) = [0.2 0.  0. ])
doing QED-CCSD-Full (or QED-CCSD-22)
Number of occupied orbitals:   1
Number of basis functions:  60
SCF Iteration   1: Energy = -0.4683726303743361 dE = -4.68373E-01
SCF Iteration   2: Energy = -0.2733776959463126 dE =  1.94995E-01
SCF Iteration   3: Energy = -0.4124719226159176 dE = -1.39094E-01
SCF Iteration   4: Energy = -0.2641352863590345 dE =  1.48337E-01
SCF Iteration   5: Energy = -0.4057633166228781 dE = -1.41628E-01
SCF Iteration   6: Energy = -0.2627196634383767 dE =  1.43044E-01
SCF Iteration   7: Energy = -0.4047913134088543 dE = -1.42072E-01
SCF Iteration   8: Energy = -0.2625010325646972 dE =  1.42290E-01
SCF Iteration   9: Energy = -0.4046439728694344 dE = -1.42143E-01
SCF Iteration  10: Energy = -0.2624665398153657 dE =  1.42177E-01
SCF Iteration  11: Energy = -0.4046211956169919 dE = -1.42155E-01
SCF Iteration  12: Energy = -0.2624609388526082 dE =  1.42160E-01
SCF Iteration  13: Energy = -0.4046175974029279 dE = -1.42157E-01
SCF Iteration  14: Energy = -0.2624599948103753 dE =  1.42158E-01
SCF Iteration  15: Energy = -0.4046170122930184 dE = -1.42157E-01
SCF Iteration  16: Energy = -0.2624598283476504 dE =  1.42157E-01
SCF Iteration  17: Energy = -0.4046169135076753 dE = -1.42157E-01
SCF Iteration  18: Energy = -0.2624597974885189 dE =  1.42157E-01
SCF Iteration  19: Energy = -0.4046168960554871 dE = -1.42157E-01
SCF Iteration  20: Energy = -0.2624597914721867 dE =  1.42157E-01
SCF Iteration  21: Energy = -0.4046168928136386 dE = -1.42157E-01
SCF Iteration  22: Energy = -0.2624597902440659 dE =  1.42157E-01
SCF Iteration  23: Energy = -0.4046168921803862 dE = -1.42157E-01
SCF Iteration  24: Energy = -0.2624597899835787 dE =  1.42157E-01
SCF Iteration  25: Energy = -0.4046168920509032 dE = -1.42157E-01
SCF Iteration  26: Energy = -0.2624597899266691 dE =  1.42157E-01
SCF Iteration  27: Energy = -0.4046168920234030 dE = -1.42157E-01
SCF Iteration  28: Energy = -0.2624597899139653 dE =  1.42157E-01
SCF Iteration  29: Energy = -0.4046168920173887 dE = -1.42157E-01
SCF Iteration  30: Energy = -0.2624597899110867 dE =  1.42157E-01
SCF Iteration  31: Energy = -0.4046168920160454 dE = -1.42157E-01
SCF Iteration  32: Energy = -0.2624597899104281 dE =  1.42157E-01
SCF Iteration  33: Energy = -0.4046168920157408 dE = -1.42157E-01
SCF Iteration  34: Energy = -0.2624597899102753 dE =  1.42157E-01
SCF Iteration  35: Energy = -0.4046168920156701 dE = -1.42157E-01
SCF Iteration  36: Energy = -0.2624597899102407 dE =  1.42157E-01
SCF Iteration  37: Energy = -0.4046168920156549 dE = -1.42157E-01
SCF Iteration  38: Energy = -0.2624597899102326 dE =  1.42157E-01
SCF Iteration  39: Energy = -0.4046168920156515 dE = -1.42157E-01
SCF Iteration  40: Energy = -0.2624597899102302 dE =  1.42157E-01
SCF Iteration  41: Energy = -0.4046168920156508 dE = -1.42157E-01
SCF Iteration  42: Energy = -0.2624597899102301 dE =  1.42157E-01
SCF Iteration  43: Energy = -0.4046168920156503 dE = -1.42157E-01
SCF Iteration  44: Energy = -0.2624597899102300 dE =  1.42157E-01
SCF Iteration  45: Energy = -0.4046168920156500 dE = -1.42157E-01
SCF Iteration  46: Energy = -0.2624597899102297 dE =  1.42157E-01
SCF Iteration  47: Energy = -0.4046168920156502 dE = -1.42157E-01
SCF Iteration  48: Energy = -0.2624597899102299 dE =  1.42157E-01
SCF Iteration  49: Energy = -0.4046168920156497 dE = -1.42157E-01
SCF Iteration  50: Energy = -0.2624597899102289 dE =  1.42157E-01
SCF Iteration  51: Energy = -0.4046168920156499 dE = -1.42157E-01
SCF Iteration  52: Energy = -0.2624597899102296 dE =  1.42157E-01
SCF Iteration  53: Energy = -0.4046168920156505 dE = -1.42157E-01
SCF Iteration  54: Energy = -0.2624597899102312 dE =  1.42157E-01
SCF Iteration  55: Energy = -0.4046168920156514 dE = -1.42157E-01
SCF Iteration  56: Energy = -0.2624597899102375 dE =  1.42157E-01
SCF Iteration  57: Energy = -0.4046168920156553 dE = -1.42157E-01
SCF Iteration  58: Energy = -0.2624597899102559 dE =  1.42157E-01
SCF Iteration  59: Energy = -0.4046168920156686 dE = -1.42157E-01
SCF Iteration  60: Energy = -0.2624597899103250 dE =  1.42157E-01
SCF Iteration  61: Energy = -0.4046168920157142 dE = -1.42157E-01
SCF Iteration  62: Energy = -0.2624597899105696 dE =  1.42157E-01
SCF Iteration  63: Energy = -0.4046168920158784 dE = -1.42157E-01
SCF Iteration  64: Energy = -0.2624597899114312 dE =  1.42157E-01
SCF Iteration  65: Energy = -0.4046168920164554 dE = -1.42157E-01
SCF Iteration  66: Energy = -0.2624597899144780 dE =  1.42157E-01
SCF Iteration  67: Energy = -0.4046168920184977 dE = -1.42157E-01
SCF Iteration  68: Energy = -0.2624597899252446 dE =  1.42157E-01
SCF Iteration  69: Energy = -0.4046168920257163 dE = -1.42157E-01
SCF Iteration  70: Energy = -0.2624597899632928 dE =  1.42157E-01
SCF Iteration  71: Energy = -0.4046168920512224 dE = -1.42157E-01
SCF Iteration  72: Energy = -0.2624597900977512 dE =  1.42157E-01
SCF Iteration  73: Energy = -0.4046168921413637 dE = -1.42157E-01
SCF Iteration  74: Energy = -0.2624597905729132 dE =  1.42157E-01
SCF Iteration  75: Energy = -0.4046168924599109 dE = -1.42157E-01
SCF Iteration  76: Energy = -0.2624597922520980 dE =  1.42157E-01
SCF Iteration  77: Energy = -0.4046168935856319 dE = -1.42157E-01
SCF Iteration  78: Energy = -0.2624597981861949 dE =  1.42157E-01
SCF Iteration  79: Energy = -0.4046168975638314 dE = -1.42157E-01
SCF Iteration  80: Energy = -0.2624598191567867 dE =  1.42157E-01
SCF Iteration  81: Energy = -0.4046169116224513 dE = -1.42157E-01
SCF Iteration  82: Energy = -0.2624598932650521 dE =  1.42157E-01
SCF Iteration  83: Energy = -0.4046169613043976 dE = -1.42157E-01
SCF Iteration  84: Energy = -0.2624601551571020 dE =  1.42157E-01
SCF Iteration  85: Energy = -0.4046171368759819 dE = -1.42157E-01
SCF Iteration  86: Energy = -0.2624610806581920 dE =  1.42156E-01
SCF Iteration  87: Energy = -0.4046177573286132 dE = -1.42157E-01
SCF Iteration  88: Energy = -0.2624643512612080 dE =  1.42153E-01
SCF Iteration  89: Energy = -0.4046199499254273 dE = -1.42156E-01
SCF Iteration  90: Energy = -0.2624759088059498 dE =  1.42144E-01
SCF Iteration  91: Energy = -0.4046276980015340 dE = -1.42152E-01
SCF Iteration  92: Energy = -0.2625167460923524 dE =  1.42111E-01
SCF Iteration  93: Energy = -0.4046550743677131 dE = -1.42138E-01
SCF Iteration  94: Energy = -0.2626609855348952 dE =  1.41994E-01
SCF Iteration  95: Energy = -0.4047517617624730 dE = -1.42091E-01
SCF Iteration  96: Energy = -0.2631697675298661 dE =  1.41582E-01
SCF Iteration  97: Energy = -0.4050927195982353 dE = -1.41923E-01
SCF Iteration  98: Energy = -0.2649560032843045 dE =  1.40137E-01
SCF Iteration  99: Energy = -0.4062886224624955 dE = -1.41333E-01
SCF Iteration 100: Energy = -0.2711251009724542 dE =  1.35164E-01
SCF Iteration 101: Energy = -0.4104052223361229 dE = -1.39280E-01
SCF Iteration 102: Energy = -0.2912789410493755 dE =  1.19126E-01
SCF Iteration 103: Energy = -0.4237026054540685 dE = -1.32424E-01
SCF Iteration 104: Energy = -0.3467213009580467 dE =  7.69813E-02
SCF Iteration 105: Energy = -0.4590066589678532 dE = -1.12285E-01
SCF Iteration 106: Energy = -0.4466253603001615 dE =  1.23813E-02
SCF Iteration 107: Energy = -0.5171266944232592 dE = -7.05013E-02
SCF Iteration 108: Energy = -0.5348940044389536 dE = -1.77673E-02
SCF Iteration 109: Energy = -0.5610698897910366 dE = -2.61759E-02
SCF Iteration 110: Energy = -0.5703206053833807 dE = -9.25072E-03
SCF Iteration 111: Energy = -0.5761759216626449 dE = -5.85532E-03
SCF Iteration 112: Energy = -0.5783419038897661 dE = -2.16598E-03
SCF Iteration 113: Energy = -0.5793568033526114 dE = -1.01490E-03
SCF Iteration 114: Energy = -0.5797438799500351 dE = -3.87077E-04
SCF Iteration 115: Energy = -0.5799073115086374 dE = -1.63432E-04
SCF Iteration 116: Energy = -0.5799710785235358 dE = -6.37670E-05
SCF Iteration 117: Energy = -0.5799970519699685 dE = -2.59734E-05
SCF Iteration 118: Energy = -0.5800073126843830 dE = -1.02607E-05
SCF Iteration 119: Energy = -0.5800114388570378 dE = -4.12617E-06
SCF Iteration 120: Energy = -0.5800130783891215 dE = -1.63953E-06
SCF Iteration 121: Energy = -0.5800137346010174 dE = -6.56212E-07
SCF Iteration 122: Energy = -0.5800139960128015 dE = -2.61412E-07
SCF Iteration 123: Energy = -0.5800141004573642 dE = -1.04445E-07
SCF Iteration 124: Energy = -0.5800141421100622 dE = -4.16527E-08
SCF Iteration 125: Energy = -0.5800141587411395 dE = -1.66311E-08
SCF Iteration 126: Energy = -0.5800141653767853 dE = -6.63565E-09
SCF Iteration 127: Energy = -0.5800141680256412 dE = -2.64886E-09
SCF Iteration 128: Energy = -0.5800141690827333 dE = -1.05709E-09
SCF Iteration 129: Energy = -0.5800141695046751 dE = -4.21942E-10
SCF Iteration 130: Energy = -0.5800141696730782 dE = -1.68403E-10
SCF Iteration 131: Energy = -0.5800141697402962 dE = -6.72180E-11

SCF converged.
E_QED_HF          = -0.580014169740296
HF  (psi4)        = -0.858432773771431
Starting with the CCSD calculation:

Iter  Energy(CCSD)      E_diff    time(sec)
  1:  -0.0817332619  8.17333E-02   19.110
  2:  -0.1666625735  8.49293E-02   19.105
  3:  -0.1422595349  2.44030E-02   19.110
  4:  -0.1452321951  2.97266E-03   19.101
  5:  -0.0992909285  4.59413E-02   19.101
  6:  -0.0844500749  1.48409E-02   19.097
  7:  -0.0627691292  2.16809E-02   19.087
  8:  -0.0744838233  1.17147E-02   19.085
  9:  -0.0644531615  1.00307E-02   19.085
 10:  -0.0630697999  1.38336E-03   19.096
 11:  -0.0636419945  5.72195E-04   19.093
 12:  -0.0628018428  8.40152E-04   19.090
 13:  -0.0631610951  3.59252E-04   19.082
 14:  -0.0650975302  1.93644E-03   19.091
 15:  -0.0666290232  1.53149E-03   19.090
 16:  -0.0673277238  6.98701E-04   19.091
 17:  -0.0675155829  1.87859E-04   19.089
 18:  -0.0675015683  1.40147E-05   19.096
 19:  -0.0672970312  2.04537E-04   19.084
 20:  -0.0671430239  1.54007E-04   19.091
 21:  -0.0671020905  4.09334E-05   19.095
 22:  -0.0672067024  1.04612E-04   19.103
 23:  -0.0671329016  7.38008E-05   19.094
 24:  -0.0671045365  2.83651E-05   19.096
 25:  -0.0671068898  2.35331E-06   19.102
 26:  -0.0671135952  6.70537E-06   19.096
 27:  -0.0671326828  1.90876E-05   19.100
 28:  -0.0671158242  1.68586E-05   19.096
 29:  -0.0671282631  1.24390E-05   19.097
 30:  -0.0671268449  1.41822E-06   19.094
 31:  -0.0671251596  1.68528E-06   19.095
 32:  -0.0671275798  2.42022E-06   19.093
 33:  -0.0671277382  1.58316E-07   19.108
 34:  -0.0671287903  1.05212E-06   19.094
 35:  -0.0671289040  1.13692E-07   19.092
 36:  -0.0671288233  8.06329E-08   19.095
 37:  -0.0671290779  2.54548E-07   19.101
 38:  -0.0671290566  2.12665E-08   19.093
 39:  -0.0671290244  3.22457E-08   19.095
 40:  -0.0671291950  1.70628E-07   19.088
 41:  -0.0671294539  2.58892E-07   19.089
 42:  -0.0671294309  2.30314E-08   19.089
 43:  -0.0671296761  2.45280E-07   19.093
 44:  -0.0671296854  9.29575E-09   19.097
E_QED_CCSD  (Corr.)  = -0.067129685437868
E_QED_CCSD tot       = -0.647143855178164
E_CCSD_psi4 (Corr.)  = -0.144954100478754
E_CCSD_psi4 tot      = -1.003386874250185
